

Starting up round ID 1203. 22:27:04
---------------------
[22:47:10]PDA: Blazikenowen/(Making The Music) (PDA: PDA) sent "I made you a super gargle blaster" to Pull-Up-Wit-A-Choppa-Let-It-Eat (Chaplain) (126,144,2)
[22:47:53]PDA: Gracefuljohnnynguyen/(Pull-Up-Wit-A-Choppa-Let-It-Eat) (PDA: chaplain PDA) sent "what" to Making The Music (Assistant) (95,139,2)
[22:48:13]PDA: Blazikenowen/(Making The Music) (PDA: PDA) sent "has chocolate in it and other alchohols and is gargle blaster" to Pull-Up-Wit-A-Choppa-Let-It-Eat (Chaplain) (126,144,2)
[23:13:50]PDA: AzlanonPc/(Jetra Norlan) (PDA: research director PDA) sent "skiddadle skidoodle a plasma cutter firefighter awaits you" to J.J. Jones (Shaft Miner) (135,120,2)
[23:14:02]PDA: AstronautCat/(J.J. Jones) (PDA: shaft miner PDA) sent "awesome!" to Jetra Norlan (Research Director) (110,133,2)
[23:15:53]PDA: AstronautCat/(J.J. Jones) (PDA: shaft miner PDA) sent "yo cap, you alive?" to Jhonson Lutherfield (Captain) (138,158,2)
[23:16:37]PDA: Pudgems/(Black Geezus) (PDA: chief medical officer PDA) sent "mommy help, nathan is gonna beat me with his red stick" to Helps-The-Station (Bartender) (130,131,2)
[23:16:50]PDA: GreenTea98/(Helps-The-Station) (PDA: bartender PDA) sent "i&#39;m not your mom, nerd, but where?" to Black Geezus (Chief Medical Officer) (119,132,2)
[23:17:09]PDA: Pudgems/(Black Geezus) (PDA: chief medical officer PDA) sent "i&#39;ll get his location" to Helps-The-Station (Bartender) (130,131,2)
[23:17:13]PDA: Pudgems/(Black Geezus) (PDA: chief medical officer PDA) sent "and yes you are" to Helps-The-Station (Bartender) (130,131,2)
[23:17:20]PDA: GreenTea98/(Helps-The-Station) (PDA: bartender PDA) sent "Come to sec, there&#39;s fucking knight armor if you want it" to Black Geezus (Chief Medical Officer) (112,157,2)
[23:18:27]PDA: Pudgems/(Black Geezus) (PDA: chief medical officer PDA) sent "i&#39;m at sec, which is also where I last saw him" to Helps-The-Station (Bartender) (83,173,2)
[23:18:37]PDA: GreenTea98/(Helps-The-Station) (PDA: bartender PDA) sent "Nu, come to the lobby, by the clown cutout" to Black Geezus (Chief Medical Officer) (100,166,2)
[23:20:50]PDA: AzlanonPc/(Jetra Norlan) (PDA: research director PDA) sent "when youre done raping nathan, the parts are complete" to Black Geezus (Chief Medical Officer) (171,123,2)
[23:31:37]PDA: AzlanonPc/(Jetra Norlan) (PDA: research director PDA) sent "alive?" to J.J. Jones (Shaft Miner) (146,127,2)
[23:32:03]PDA: AstronautCat/(J.J. Jones) (PDA: shaft miner PDA) sent "yes" to Jetra Norlan (Research Director) (64,37,5)
[23:32:08]PDA: AzlanonPc/(Jetra Norlan) (PDA: research director PDA) sent "nice" to J.J. Jones (Shaft Miner) (144,126,2)
[23:32:18]PDA: AstronautCat/(J.J. Jones) (PDA: shaft miner PDA) sent "need anything?" to Jetra Norlan (Research Director) (64,37,5)
[23:32:27]PDA: AzlanonPc/(Jetra Norlan) (PDA: research director PDA) sent "i got you two new more parts, when the miner comes back you get more" to Pull-Up-Wit-A-Choppa-Let-It-Eat (Chaplain) (143,124,2)
[23:33:07]PDA: AzlanonPc/(Jetra Norlan) (PDA: research director PDA) sent "nah, just wanting to know. i could make some stuff, but no rush" to J.J. Jones (Shaft Miner) (142,123,2)
[23:33:22]PDA: AstronautCat/(J.J. Jones) (PDA: shaft miner PDA) sent "okay" to Jetra Norlan (Research Director) (62,37,5)
[23:56:03]PDA: AzlanonPc/(Jetra Norlan) (PDA: research director PDA) sent "better get your ass here, we are calling shuttle" to J.J. Jones (Shaft Miner) (151,120,2)
[23:56:25]PDA: AstronautCat/(J.J. Jones) (PDA: shaft miner PDA) sent "sure" to Jetra Norlan (Research Director) (149,146,2)
