[2018-08-27 06:30:12.165] Starting up round ID 2097.
[2018-08-27 06:30:12.165] -------------------------
[2018-08-27 06:30:13.616] Initialized Database subsystem within 0 seconds!
[2018-08-27 06:30:13.616] Initialized Blackbox subsystem within 0 seconds!
[2018-08-27 06:30:13.616] Initialized Server Tasks subsystem within 0 seconds!
[2018-08-27 06:30:13.617] Initialized Input subsystem within 0 seconds!
[2018-08-27 06:30:13.650] Initialized Research subsystem within 0 seconds!
[2018-08-27 06:30:13.655] Initialized Events subsystem within 0 seconds!
[2018-08-27 06:30:13.658] Initialized Jobs subsystem within 0 seconds!
[2018-08-27 06:30:13.659] Initialized Quirks subsystem within 0 seconds!
[2018-08-27 06:30:13.667] Initialized Ticker subsystem within 0 seconds!
[2018-08-27 06:30:13.668] Loading Box Station...
[2018-08-27 06:30:17.785] Loaded Station in 4.1s!
[2018-08-27 06:30:22.530] Loaded Lavaland in 4.5s!
[2018-08-27 06:30:34.169] Ruin loader finished with 0 left to spend.
[2018-08-27 06:30:36.707] Ruin loader finished with 0 left to spend.
[2018-08-27 06:30:38.177] Initialized Mapping subsystem within 24.5 seconds!
[2018-08-27 06:30:38.245] Initialized Networks subsystem within 0 seconds!
[2018-08-27 06:31:29.684] Initialized Atoms subsystem within 51.4 seconds!
[2018-08-27 06:31:30.259] Initialized Language subsystem within 0 seconds!
[2018-08-27 06:31:30.679] Initialized Machines subsystem within 0.4 seconds!
[2018-08-27 06:31:30.731] Initialized Circuit subsystem within 0.1 seconds!
[2018-08-27 06:31:30.732] Initialized Disease subsystem within 0 seconds!
[2018-08-27 06:31:30.732] Initialized Medals subsystem within 0 seconds!
[2018-08-27 06:31:30.732] Initialized Night Shift subsystem within 0 seconds!
[2018-08-27 06:31:30.732] Initialized Parallax subsystem within 0 seconds!
[2018-08-27 06:31:30.875] Initialized Traumas subsystem within 0.1 seconds!
[2018-08-27 06:31:30.877] Initialized Weather subsystem within 0 seconds!
[2018-08-27 06:31:39.520] Initialized Atmospherics subsystem within 8.7 seconds!
[2018-08-27 06:31:39.537] Initialized Minimap subsystem within 0 seconds!
[2018-08-27 06:31:41.641] Initialized Assets subsystem within 2.1 seconds!
[2018-08-27 06:31:51.147] Initialized Icon Smoothing subsystem within 9.5 seconds!
[2018-08-27 06:31:53.762] Initialized Overlay subsystem within 2.6 seconds!
[2018-08-27 06:31:53.762] Initialized XKeyScore subsystem within 0 seconds!
[2018-08-27 06:31:53.763] Initialized Sticky Ban subsystem within 0 seconds!
[2018-08-27 06:32:14.695] Initialized Lighting subsystem within 20.9 seconds!
[2018-08-27 06:32:21.612] Initialized Shuttle subsystem within 7 seconds!
[2018-08-27 06:32:21.648] Initialized Squeak subsystem within 0 seconds!
[2018-08-27 06:32:21.649] Initialized Pathfinder subsystem within 0 seconds!
[2018-08-27 06:32:21.700] Loaded 21 engraved messages on map Box Station
[2018-08-27 06:32:21.739] Initialized Persistence subsystem within 0.1 seconds!
[2018-08-27 06:32:21.739] Initializations complete within 128.1 seconds!
[2018-08-27 06:53:43.614] Game start took 0.9s
[2018-08-27 08:53:41.422] runtime error: Invalid individual logging type: 1536. Defaulting to 4096 (LOG_GAME).
[2018-08-27 08:53:41.422] proc name: stack trace (/datum/proc/stack_trace)
[2018-08-27 08:53:41.422]   source file: unsorted.dm,1169
[2018-08-27 08:53:41.422]   usr: (src)
[2018-08-27 08:53:41.422]   src: Eva (/mob/living/carbon/human)
[2018-08-27 08:53:41.422]   src.loc: the floor (120,76,2) (/turf/open/floor/plasteel)
[2018-08-27 08:53:41.422]   call stack:
[2018-08-27 08:53:41.422] Eva (/mob/living/carbon/human): stack trace("Invalid individual logging typ...")
[2018-08-27 08:53:41.422] Eva (/mob/living/carbon/human): log message("(LOCAL): wiki", 1536, null, 1)
[2018-08-27 08:53:41.422] Eva (/mob/living/carbon/human): log message("(LOCAL): wiki", 1536, null, 1)
[2018-08-27 08:53:41.422] Mayhem88 (/client): LOOC("wiki")
[2018-08-27 08:53:41.422] 
[2018-08-27 08:53:54.783] runtime error: Invalid individual logging type: 1536. Defaulting to 4096 (LOG_GAME).
[2018-08-27 08:53:54.783] proc name: stack trace (/datum/proc/stack_trace)
[2018-08-27 08:53:54.784]   source file: unsorted.dm,1169
[2018-08-27 08:53:54.784]   usr: (src)
[2018-08-27 08:53:54.784]   src: Unknown (/mob/living/carbon/human)
[2018-08-27 08:53:54.784]   src.loc: the floor (116,75,2) (/turf/open/floor/plasteel)
[2018-08-27 08:53:54.784]   call stack:
[2018-08-27 08:53:54.784] Unknown (/mob/living/carbon/human): stack trace("Invalid individual logging typ...")
[2018-08-27 08:53:54.784] Unknown (/mob/living/carbon/human): log message("(LOCAL): dude ik, im rping", 1536, null, 1)
[2018-08-27 08:53:54.784] Unknown (/mob/living/carbon/human): log message("(LOCAL): dude ik, im rping", 1536, null, 1)
[2018-08-27 08:53:54.784] Arrfur (/client): LOOC("dude ik, im rping")
[2018-08-27 08:53:54.784] 
[2018-08-27 08:54:09.960] runtime error: Invalid individual logging type: 1536. Defaulting to 4096 (LOG_GAME).
[2018-08-27 08:54:09.960] proc name: stack trace (/datum/proc/stack_trace)
[2018-08-27 08:54:09.960]   source file: unsorted.dm,1169
[2018-08-27 08:54:09.960]   usr: (src)
[2018-08-27 08:54:09.960]   src: Unknown (/mob/living/carbon/human)
[2018-08-27 08:54:09.960]   src.loc: the floor (116,75,2) (/turf/open/floor/plasteel)
[2018-08-27 08:54:09.960]   call stack:
[2018-08-27 08:54:09.960] Unknown (/mob/living/carbon/human): stack trace("Invalid individual logging typ...")
[2018-08-27 08:54:09.960] Unknown (/mob/living/carbon/human): log message("(LOCAL): a bartender dosent kn...", 1536, null, 1)
[2018-08-27 08:54:09.960] Unknown (/mob/living/carbon/human): log message("(LOCAL): a bartender dosent kn...", 1536, null, 1)
[2018-08-27 08:54:09.960] Arrfur (/client): LOOC("a bartender dosent know how to...")
[2018-08-27 08:54:09.960] 
[2018-08-27 08:54:12.270] runtime error: Invalid individual logging type: 1536. Defaulting to 4096 (LOG_GAME).
[2018-08-27 08:54:12.270] proc name: stack trace (/datum/proc/stack_trace)
[2018-08-27 08:54:12.270]   source file: unsorted.dm,1169
[2018-08-27 08:54:12.270]   usr: (src)
[2018-08-27 08:54:12.270]   src: Eva (/mob/living/carbon/human)
[2018-08-27 08:54:12.270]   src.loc: the floor (111,76,2) (/turf/open/floor/plasteel/yellow/side)
[2018-08-27 08:54:12.270]   call stack:
[2018-08-27 08:54:12.270] Eva (/mob/living/carbon/human): stack trace("Invalid individual logging typ...")
[2018-08-27 08:54:12.270] Eva (/mob/living/carbon/human): log message("(LOCAL): and im bullshitin", 1536, null, 1)
[2018-08-27 08:54:12.270] Eva (/mob/living/carbon/human): log message("(LOCAL): and im bullshitin", 1536, null, 1)
[2018-08-27 08:54:12.270] Mayhem88 (/client): LOOC("and im bullshitin")
[2018-08-27 08:54:12.270] 
[2018-08-27 08:54:15.877] runtime error: Invalid individual logging type: 1536. Defaulting to 4096 (LOG_GAME).
[2018-08-27 08:54:15.877] proc name: stack trace (/datum/proc/stack_trace)
[2018-08-27 08:54:15.877]   source file: unsorted.dm,1169
[2018-08-27 08:54:15.877]   usr: (src)
[2018-08-27 08:54:15.877]   src: Eva (/mob/living/carbon/human)
[2018-08-27 08:54:15.877]   src.loc: the floor (111,76,2) (/turf/open/floor/plasteel/yellow/side)
[2018-08-27 08:54:15.877]   call stack:
[2018-08-27 08:54:15.877] Eva (/mob/living/carbon/human): stack trace("Invalid individual logging typ...")
[2018-08-27 08:54:15.877] Eva (/mob/living/carbon/human): log message("(LOCAL): like i do with bugs", 1536, null, 1)
[2018-08-27 08:54:15.877] Eva (/mob/living/carbon/human): log message("(LOCAL): like i do with bugs", 1536, null, 1)
[2018-08-27 08:54:15.877] Mayhem88 (/client): LOOC("like i do with bugs")
[2018-08-27 08:54:15.877] 
[2018-08-27 09:39:16.090] runtime error: undefined proc or verb /client/log talk().
[2018-08-27 09:39:16.090] 
[2018-08-27 09:39:16.090] proc name: log directed talk (/proc/log_directed_talk)
[2018-08-27 09:39:16.090]   source file: atoms.dm,637
[2018-08-27 09:39:16.090]   usr: Nitrogen XX (/mob/dead/observer)
[2018-08-27 09:39:16.090]   src: null
[2018-08-27 09:39:16.090]   usr.loc: the floor (119,128,2) (/turf/open/floor/wood)
[2018-08-27 09:39:16.090]   call stack:
[2018-08-27 09:39:16.090] log directed talk(Arrfur (/client), Eva (/mob/living/carbon/human), "Scans show your SM is function...", 1024, "reply")
[2018-08-27 09:39:16.090] Arrfur (/client): admin headset message(Eva (/mob/living/carbon/human), "CentCom")
[2018-08-27 09:39:16.090] arrfur\'s admin datum (TrialAd... (/datum/admins): Topic("_src_=holder;admin_token=63458...", /list (/list))
[2018-08-27 09:39:16.090] Arrfur (/client): Topic("_src_=holder;admin_token=63458...", /list (/list), arrfur\'s admin datum (TrialAd... (/datum/admins))
[2018-08-27 09:39:16.090] Arrfur (/client): Topic("_src_=holder;admin_token=63458...", /list (/list))
[2018-08-27 09:39:16.090] 
[2018-08-27 10:52:28.481] runtime error: Invalid individual logging type: . Defaulting to 4096 (LOG_GAME).
[2018-08-27 10:52:28.481] proc name: stack trace (/datum/proc/stack_trace)
[2018-08-27 10:52:28.482]   source file: unsorted.dm,1169
[2018-08-27 10:52:28.482]   usr: null
[2018-08-27 10:52:28.482]   src: Eva (/mob/living/carbon/human)
[2018-08-27 10:52:28.482]   src.loc: the shuttle floor (204,144,2) (/turf/open/floor/mineral/titanium)
[2018-08-27 10:52:28.482]   call stack:
[2018-08-27 10:52:28.482] Eva (/mob/living/carbon/human): stack trace("Invalid individual logging typ...")
[2018-08-27 10:52:28.482] Eva (/mob/living/carbon/human): log message(" attacked someone due to a Mus...", null, null, 1)
[2018-08-27 10:52:28.482] Eva (/mob/living/carbon/human): log message(" attacked someone due to a Mus...", null, null, 1)
[2018-08-27 10:52:28.482] Muscle Spasms (/datum/brain_trauma/mild/muscle_spasms): on life()
[2018-08-27 10:52:28.482] Eva (/mob/living/carbon/human): handle brain damage()
[2018-08-27 10:52:28.482] Eva (/mob/living/carbon/human): Life(2, 5570)
[2018-08-27 10:52:28.482] Eva (/mob/living/carbon/human): Life(2, 5570)
[2018-08-27 10:52:28.482] Mobs (/datum/controller/subsystem/mobs): fire(0)
[2018-08-27 10:52:28.482] Mobs (/datum/controller/subsystem/mobs): ignite(0)
[2018-08-27 10:52:28.482] Master (/datum/controller/master): RunQueue()
[2018-08-27 10:52:28.482] Master (/datum/controller/master): Loop()
[2018-08-27 10:52:28.482] Master (/datum/controller/master): StartProcessing(0)
[2018-08-27 10:52:28.482] 
[2018-08-27 10:55:19.395] Saved 21 engraved messages on map Box Station
[2018-08-27 10:56:27.110] runtime error: Invalid individual logging type: . Defaulting to 4096 (LOG_GAME).
[2018-08-27 10:56:27.110] proc name: stack trace (/datum/proc/stack_trace)
[2018-08-27 10:56:27.110]   source file: unsorted.dm,1169
[2018-08-27 10:56:27.110]   usr: null
[2018-08-27 10:56:27.110]   src: Eva (/mob/living/carbon/human)
[2018-08-27 10:56:27.110]   src.loc: the floor (191,82,1) (/turf/open/floor/plasteel/neutral)
[2018-08-27 10:56:27.110]   call stack:
[2018-08-27 10:56:27.110] Eva (/mob/living/carbon/human): stack trace("Invalid individual logging typ...")
[2018-08-27 10:56:27.110] Eva (/mob/living/carbon/human): log message(" attacked someone due to a Mus...", null, null, 1)
[2018-08-27 10:56:27.110] Eva (/mob/living/carbon/human): log message(" attacked someone due to a Mus...", null, null, 1)
[2018-08-27 10:56:27.110] Muscle Spasms (/datum/brain_trauma/mild/muscle_spasms): on life()
[2018-08-27 10:56:27.110] Eva (/mob/living/carbon/human): handle brain damage()
[2018-08-27 10:56:27.110] Eva (/mob/living/carbon/human): Life(2, 5688)
[2018-08-27 10:56:27.110] Eva (/mob/living/carbon/human): Life(2, 5688)
[2018-08-27 10:56:27.110] Mobs (/datum/controller/subsystem/mobs): fire(0)
[2018-08-27 10:56:27.110] Mobs (/datum/controller/subsystem/mobs): ignite(0)
[2018-08-27 10:56:27.110] Master (/datum/controller/master): RunQueue()
[2018-08-27 10:56:27.110] Master (/datum/controller/master): Loop()
[2018-08-27 10:56:27.110] Master (/datum/controller/master): StartProcessing(0)
[2018-08-27 10:56:27.110] 
[2018-08-27 10:56:54.358] Shutting down Persistence subsystem...
[2018-08-27 10:56:54.359] Shutting down Pathfinder subsystem...
[2018-08-27 10:56:54.359] Shutting down Squeak subsystem...
[2018-08-27 10:56:54.359] Shutting down Shuttle subsystem...
[2018-08-27 10:56:54.359] Shutting down Lighting subsystem...
[2018-08-27 10:56:54.359] Shutting down XKeyScore subsystem...
[2018-08-27 10:56:54.359] Shutting down Sticky Ban subsystem...
[2018-08-27 10:56:54.359] Shutting down Overlay subsystem...
[2018-08-27 10:56:54.396] Shutting down Icon Smoothing subsystem...
[2018-08-27 10:56:54.396] Shutting down Assets subsystem...
[2018-08-27 10:56:54.396] Shutting down Minimap subsystem...
[2018-08-27 10:56:54.396] Shutting down Atmospherics subsystem...
[2018-08-27 10:56:54.396] Shutting down Wet floors subsystem...
[2018-08-27 10:56:54.396] Shutting down Weather subsystem...
[2018-08-27 10:56:54.396] Shutting down Vote subsystem...
[2018-08-27 10:56:54.396] Shutting down Traumas subsystem...
[2018-08-27 10:56:54.396] Shutting down Title Screen subsystem...
[2018-08-27 10:56:54.397] Shutting down Time Tracking subsystem...
[2018-08-27 10:56:54.397] Shutting down Throwing subsystem...
[2018-08-27 10:56:54.397] Shutting down tgui subsystem...
[2018-08-27 10:56:54.397] Shutting down Sun subsystem...
[2018-08-27 10:56:54.397] Shutting down Space Drift subsystem...
[2018-08-27 10:56:54.397] Shutting down Religion subsystem...
[2018-08-27 10:56:54.397] Shutting down Radio subsystem...
[2018-08-27 10:56:54.397] Shutting down Radiation subsystem...
[2018-08-27 10:56:54.397] Shutting down Projectiles subsystem...
[2018-08-27 10:56:54.397] Shutting down Processing subsystem...
[2018-08-27 10:56:54.397] Shutting down Ping subsystem...
[2018-08-27 10:56:54.397] Shutting down Parallax subsystem...
[2018-08-27 10:56:54.397] Shutting down pAI subsystem...
[2018-08-27 10:56:54.397] Shutting down Orbits subsystem...
[2018-08-27 10:56:54.397] Shutting down Objects subsystem...
[2018-08-27 10:56:54.397] Shutting down NPC Pool subsystem...
[2018-08-27 10:56:54.397] Shutting down Night Shift subsystem...
[2018-08-27 10:56:54.397] Shutting down Nanites subsystem...
[2018-08-27 10:56:54.397] Shutting down Mood subsystem...
[2018-08-27 10:56:54.397] Shutting down Mobs subsystem...
[2018-08-27 10:56:54.397] Shutting down Medals subsystem...
[2018-08-27 10:56:54.397] Shutting down Idling NPC Pool subsystem...
[2018-08-27 10:56:54.397] Shutting down Fire Burning subsystem...
[2018-08-27 10:56:54.397] Shutting down Fields subsystem...
[2018-08-27 10:56:54.397] Shutting down Fast Processing subsystem...
[2018-08-27 10:56:54.397] Shutting down Disease subsystem...
[2018-08-27 10:56:54.397] Shutting down Datum Component System subsystem...
[2018-08-27 10:56:54.397] Shutting down Communications subsystem...
[2018-08-27 10:56:54.397] Shutting down Augury subsystem...
[2018-08-27 10:56:54.398] Shutting down Acid subsystem...
[2018-08-27 10:56:54.398] Shutting down Timer subsystem...
[2018-08-27 10:56:54.398] Shutting down Circuit subsystem...
[2018-08-27 10:56:54.398] Shutting down Machines subsystem...
[2018-08-27 10:56:54.398] Shutting down Language subsystem...
[2018-08-27 10:56:54.398] Shutting down Atoms subsystem...
[2018-08-27 10:56:54.398] Shutting down Networks subsystem...
[2018-08-27 10:56:54.398] Shutting down Mapping subsystem...
[2018-08-27 10:56:54.398] Shutting down Ticker subsystem...
[2018-08-27 10:56:54.645] Shutting down Quirks subsystem...
[2018-08-27 10:56:54.645] Shutting down Jobs subsystem...
[2018-08-27 10:56:54.645] Shutting down Events subsystem...
[2018-08-27 10:56:54.645] Shutting down Research subsystem...
[2018-08-27 10:56:54.645] Shutting down Input subsystem...
[2018-08-27 10:56:54.645] Shutting down Server Tasks subsystem...
[2018-08-27 10:56:54.646] Shutting down Blackbox subsystem...
[2018-08-27 10:56:54.857] Shutting down Database subsystem...
[2018-08-27 10:56:54.895] Shutting down Garbage subsystem...
[2018-08-27 10:56:54.945] Shutdown complete
[2018-08-27 10:56:54.945] World rebooted at 10:56:54
