[2018-07-30 10:05:33.319] runtime error: bad index
[2018-07-30 10:05:33.319] proc name: Get (/datum/controller/configuration/proc/Get)
[2018-07-30 10:05:33.319]   source file: configuration.dm,178
[2018-07-30 10:05:33.319]   usr: null
[2018-07-30 10:05:33.319]   src: Configuration (/datum/controller/configuration)
[2018-07-30 10:05:33.319]   call stack:
[2018-07-30 10:05:33.319] Configuration (/datum/controller/configuration): Get(/datum/config_entry/flag/log_w... (/datum/config_entry/flag/log_world_topic))
[2018-07-30 10:05:33.319] world: Topic("status", "212.237.9.101", null, null)
[2018-07-30 10:05:33.319] 
[2018-07-30 10:05:33.319] runtime error: bad index
[2018-07-30 10:05:33.319] proc name: Get (/datum/controller/configuration/proc/Get)
[2018-07-30 10:05:33.319]   source file: configuration.dm,178
[2018-07-30 10:05:33.319]   usr: null
[2018-07-30 10:05:33.319]   src: Configuration (/datum/controller/configuration)
[2018-07-30 10:05:33.319]   call stack:
[2018-07-30 10:05:33.320] Configuration (/datum/controller/configuration): Get(/datum/config_entry/string/com... (/datum/config_entry/string/comms_key))
[2018-07-30 10:05:33.320] /datum/world_topic/status (/datum/world_topic/status): TryRun(/list (/list))
[2018-07-30 10:05:33.320] world: Topic("status", "212.237.9.101", null, null)
[2018-07-30 10:05:33.320] 
[2018-07-30 10:05:33.320] runtime error: bad index
[2018-07-30 10:05:33.320] proc name: Get (/datum/controller/configuration/proc/Get)
[2018-07-30 10:05:33.320]   source file: configuration.dm,178
[2018-07-30 10:05:33.320]   usr: null
[2018-07-30 10:05:33.320]   src: Configuration (/datum/controller/configuration)
[2018-07-30 10:05:33.320]   call stack:
[2018-07-30 10:05:33.320] Configuration (/datum/controller/configuration): Get(/datum/config_entry/flag/nores... (/datum/config_entry/flag/norespawn))
[2018-07-30 10:05:33.320] /datum/world_topic/status (/datum/world_topic/status): Run(/list (/list))
[2018-07-30 10:05:33.320] /datum/world_topic/status (/datum/world_topic/status): TryRun(/list (/list))
[2018-07-30 10:05:33.320] world: Topic("status", "212.237.9.101", null, null)
[2018-07-30 10:05:33.320] 
[2018-07-30 10:05:33.321] runtime error: bad index
[2018-07-30 10:05:33.321] proc name: Get (/datum/controller/configuration/proc/Get)
[2018-07-30 10:05:33.321]   source file: configuration.dm,178
[2018-07-30 10:05:33.321]   usr: null
[2018-07-30 10:05:33.321]   src: Configuration (/datum/controller/configuration)
[2018-07-30 10:05:33.321]   call stack:
[2018-07-30 10:05:33.321] Configuration (/datum/controller/configuration): Get(/datum/config_entry/flag/allow... (/datum/config_entry/flag/allow_vote_mode))
[2018-07-30 10:05:33.321] /datum/world_topic/status (/datum/world_topic/status): Run(/list (/list))
[2018-07-30 10:05:33.321] /datum/world_topic/status (/datum/world_topic/status): TryRun(/list (/list))
[2018-07-30 10:05:33.321] world: Topic("status", "212.237.9.101", null, null)
[2018-07-30 10:05:33.321] 
[2018-07-30 10:05:33.322] runtime error: bad index
[2018-07-30 10:05:33.322] proc name: Get (/datum/controller/configuration/proc/Get)
[2018-07-30 10:05:33.322]   source file: configuration.dm,178
[2018-07-30 10:05:33.322]   usr: null
[2018-07-30 10:05:33.322]   src: Configuration (/datum/controller/configuration)
[2018-07-30 10:05:33.322]   call stack:
[2018-07-30 10:05:33.322] Configuration (/datum/controller/configuration): Get(/datum/config_entry/flag/allow... (/datum/config_entry/flag/allow_ai))
[2018-07-30 10:05:33.322] /datum/world_topic/status (/datum/world_topic/status): Run(/list (/list))
[2018-07-30 10:05:33.322] /datum/world_topic/status (/datum/world_topic/status): TryRun(/list (/list))
[2018-07-30 10:05:33.322] world: Topic("status", "212.237.9.101", null, null)
[2018-07-30 10:05:33.322] 
[2018-07-30 10:05:33.322] runtime error: Cannot read null.commit
[2018-07-30 10:05:33.322] proc name: Run (/datum/world_topic/status/Run)
[2018-07-30 10:05:33.322]   source file: world_topic.dm,151
[2018-07-30 10:05:33.322]   usr: null
[2018-07-30 10:05:33.322]   src: /datum/world_topic/status (/datum/world_topic/status)
[2018-07-30 10:05:33.322]   call stack:
[2018-07-30 10:05:33.322] /datum/world_topic/status (/datum/world_topic/status): Run(/list (/list))
[2018-07-30 10:05:33.322] /datum/world_topic/status (/datum/world_topic/status): TryRun(/list (/list))
[2018-07-30 10:05:33.322] world: Topic("status", "212.237.9.101", null, null)
[2018-07-30 10:05:33.322] 
[2018-07-30 10:05:33.323] runtime error: bad index
[2018-07-30 10:05:33.323] proc name: Get (/datum/controller/configuration/proc/Get)
[2018-07-30 10:05:33.323]   source file: configuration.dm,178
[2018-07-30 10:05:33.323]   usr: null
[2018-07-30 10:05:33.323]   src: Configuration (/datum/controller/configuration)
[2018-07-30 10:05:33.323]   call stack:
[2018-07-30 10:05:33.323] Configuration (/datum/controller/configuration): Get(/datum/config_entry/flag/log_w... (/datum/config_entry/flag/log_world_topic))
[2018-07-30 10:05:33.323] world: Topic("status", "212.237.9.101", null, null)
[2018-07-30 10:05:33.323] 
[2018-07-30 10:05:33.323] runtime error: bad index
[2018-07-30 10:05:33.323] proc name: Get (/datum/controller/configuration/proc/Get)
[2018-07-30 10:05:33.323]   source file: configuration.dm,178
[2018-07-30 10:05:33.323]   usr: null
[2018-07-30 10:05:33.323]   src: Configuration (/datum/controller/configuration)
[2018-07-30 10:05:33.323]   call stack:
[2018-07-30 10:05:33.323] Configuration (/datum/controller/configuration): Get(/datum/config_entry/string/com... (/datum/config_entry/string/comms_key))
[2018-07-30 10:05:33.323] /datum/world_topic/status (/datum/world_topic/status): TryRun(/list (/list))
[2018-07-30 10:05:33.323] world: Topic("status", "212.237.9.101", null, null)
[2018-07-30 10:05:33.323] 
[2018-07-30 10:05:33.324] runtime error: bad index
[2018-07-30 10:05:33.324] proc name: Get (/datum/controller/configuration/proc/Get)
[2018-07-30 10:05:33.324]   source file: configuration.dm,178
[2018-07-30 10:05:33.324]   usr: null
[2018-07-30 10:05:33.324]   src: Configuration (/datum/controller/configuration)
[2018-07-30 10:05:33.324]   call stack:
[2018-07-30 10:05:33.324] Configuration (/datum/controller/configuration): Get(/datum/config_entry/flag/nores... (/datum/config_entry/flag/norespawn))
[2018-07-30 10:05:33.324] /datum/world_topic/status (/datum/world_topic/status): Run(/list (/list))
[2018-07-30 10:05:33.324] /datum/world_topic/status (/datum/world_topic/status): TryRun(/list (/list))
[2018-07-30 10:05:33.324] world: Topic("status", "212.237.9.101", null, null)
[2018-07-30 10:05:33.324] 
[2018-07-30 10:05:33.324] runtime error: bad index
[2018-07-30 10:05:33.324] proc name: Get (/datum/controller/configuration/proc/Get)
[2018-07-30 10:05:33.324]   source file: configuration.dm,178
[2018-07-30 10:05:33.324]   usr: null
[2018-07-30 10:05:33.324]   src: Configuration (/datum/controller/configuration)
[2018-07-30 10:05:33.324]   call stack:
[2018-07-30 10:05:33.324] Configuration (/datum/controller/configuration): Get(/datum/config_entry/flag/allow... (/datum/config_entry/flag/allow_vote_mode))
[2018-07-30 10:05:33.324] /datum/world_topic/status (/datum/world_topic/status): Run(/list (/list))
[2018-07-30 10:05:33.324] /datum/world_topic/status (/datum/world_topic/status): TryRun(/list (/list))
[2018-07-30 10:05:33.324] world: Topic("status", "212.237.9.101", null, null)
[2018-07-30 10:05:33.324] 
[2018-07-30 10:05:33.325] runtime error: bad index
[2018-07-30 10:05:33.325] proc name: Get (/datum/controller/configuration/proc/Get)
[2018-07-30 10:05:33.325]   source file: configuration.dm,178
[2018-07-30 10:05:33.325] 
[2018-07-30 10:05:33.325] runtime error: Cannot read null.commit
[2018-07-30 10:05:33.325] proc name: Run (/datum/world_topic/status/Run)
[2018-07-30 10:05:33.325]   source file: world_topic.dm,151
[2018-07-30 10:05:33.325] 
[2018-07-30 10:05:33.419] Running /tg/ revision:
[2018-07-30 10:05:33.420] 85ac69a5ed4fb4775a41e633b69d4e33da2ea21b: 2018-07-28
[2018-07-30 10:05:33.421] runtime error: list index out of bounds
[2018-07-30 10:05:33.421] proc name: New (/datum/getrev/New)
[2018-07-30 10:05:33.421]   source file: getrev.dm,23
[2018-07-30 10:05:33.421] 
[2018-07-30 10:05:33.434] Loading config file config.txt...
[2018-07-30 10:05:33.436] Loading config file game_options.txt...
[2018-07-30 10:05:33.437] Unknown setting in configuration: 'w##'
[2018-07-30 10:05:33.442] Failed to validate setting "DOUBLE_AGENTS 20" for min_pop
[2018-07-30 10:05:33.442] Failed to validate setting "DOUBLE_AGENTS -1" for max_pop
[2018-07-30 10:05:33.449] Loading config file dbconfig.txt...
[2018-07-30 10:05:33.450] Loading config file comms.txt...
[2018-07-30 10:05:33.457] Loading config file maps.txt...
[2018-07-30 10:05:33.673] Database connection established.
[2018-07-30 10:05:33.707] SQL: Could not get schema version from database
