

Starting up round ID 497. 15:38:33
---------------------
Initialized Database subsystem within 0 seconds!
Initialized Blackbox subsystem within 0 seconds!
Initialized Server Tasks subsystem within 0 seconds!
Initialized Input subsystem within 0 seconds!
Initialized Research subsystem within 0 seconds!
Initialized Events subsystem within 0 seconds!
Initialized Jobs subsystem within 0 seconds!
Initialized Traits subsystem within 0 seconds!
Initialized Ticker subsystem within 0 seconds!
Loading Box Station...
Loaded Station in 9.1s!
Loaded Lavaland in 6.5s!
Loaded Reebe in 4.5s!
Ruin loader finished with 0 left to spend.
Ruin loader finished with 0 left to spend.
Initialized Mapping subsystem within 28.9 seconds!
Initialized Networks subsystem within 0 seconds!
Initialized Atoms subsystem within 43.4 seconds!
Initialized Language subsystem within 0.1 seconds!
Initialized Machines subsystem within 0.3 seconds!
Initialized Circuit subsystem within 0 seconds!
Initialized Disease subsystem within 0 seconds!
Initialized Medals subsystem within 0 seconds!
Initialized Night Shift subsystem within 0 seconds!
Initialized Parallax subsystem within 0 seconds!
Initialized Traumas subsystem within 0.2 seconds!
Initialized Weather subsystem within 0 seconds!
Initialized Atmospherics subsystem within 12.6 seconds!
Initialized Minimap subsystem within 0 seconds!
Initialized Assets subsystem within 0.9 seconds!
Initialized Icon Smoothing subsystem within 5.2 seconds!
Initialized Overlay subsystem within 26 seconds!
Initialized XKeyScore subsystem within 0 seconds!
Initialized Sticky Ban subsystem within 0 seconds!
Initialized Lighting subsystem within 11.6 seconds!
Initialized Shuttle subsystem within 22.8 seconds!
Initialized Squeak subsystem within 0 seconds!
Initialized pathfinder subsystem within 0 seconds!
Loaded 99 engraved messages on map Box Station
Initialized Persistence subsystem within 0.1 seconds!
Initializations complete within 152.2 seconds!
Game start took 11.5s
runtime error: 
[15:43:18]nothing to animate
[15:43:18]proc name: shake camera (/proc/shake_camera)
[15:43:18]  source file: mob_helpers.dm,270
[15:43:18]  usr: (src)
[15:43:18]  src: null
[15:43:18]  call stack:
[15:43:18]shake camera(Percivel Naasch (/mob/living/carbon/human), 0.75, 1)
[15:43:18]Percivel Naasch (/mob/living/carbon/human): afterShuttleMove(space (17,20,13) (/turf/open/space/transit/west), /list (/list), 8, 8, 8, 0)
[15:43:18]Percivel Naasch (/mob/living/carbon/human): afterShuttleMove(space (17,20,13) (/turf/open/space/transit/west), /list (/list), 8, 8, 8, 0)
[15:43:18]the arrivals shuttle (/obj/docking_port/mobile/arrivals): cleanup runway(the arrivals (/obj/docking_port/stationary), /list (/list), /list (/list), /list (/list), /list (/list), 0, 8, Space (/area/space), /turf/open/space/transit/west (/turf/open/space/transit/west), /turf/open/space (/turf/open/space))
[15:43:18]the arrivals shuttle (/obj/docking_port/mobile/arrivals): initiate docking(the arrivals (/obj/docking_port/stationary), 8, 0)
[15:43:18]the arrivals shuttle (/obj/docking_port/mobile/arrivals): initiate docking(the arrivals (/obj/docking_port/stationary), 8)
[15:43:18]the arrivals shuttle (/obj/docking_port/mobile/arrivals): check()
[15:43:18]the arrivals shuttle (/obj/docking_port/mobile/arrivals): check()
[15:43:18]Shuttle (/datum/controller/subsystem/shuttle): fire(0)
[15:43:18]Shuttle (/datum/controller/subsystem/shuttle): ignite(0)
runtime error: 
[15:51:33]nothing to animate
[15:51:33]proc name: shake camera (/proc/shake_camera)
[15:51:33]  source file: mob_helpers.dm,270
[15:51:33]  usr: (src)
[15:51:33]  src: null
[15:51:33]  call stack:
[15:51:33]shake camera(Stanly Law (/mob/living/carbon/human), 0.75, 1)
[15:51:33]Stanly Law (/mob/living/carbon/human): afterShuttleMove(space (23,19,13) (/turf/open/space/transit/west), /list (/list), 8, 8, 8, 0)
[15:51:33]Stanly Law (/mob/living/carbon/human): afterShuttleMove(space (23,19,13) (/turf/open/space/transit/west), /list (/list), 8, 8, 8, 0)
[15:51:33]the arrivals shuttle (/obj/docking_port/mobile/arrivals): cleanup runway(the arrivals (/obj/docking_port/stationary), /list (/list), /list (/list), /list (/list), /list (/list), 0, 8, Space (/area/space), /turf/open/space/transit/west (/turf/open/space/transit/west), /turf/open/space (/turf/open/space))
[15:51:33]the arrivals shuttle (/obj/docking_port/mobile/arrivals): initiate docking(the arrivals (/obj/docking_port/stationary), 8, 0)
[15:51:33]the arrivals shuttle (/obj/docking_port/mobile/arrivals): initiate docking(the arrivals (/obj/docking_port/stationary), 8)
[15:51:33]the arrivals shuttle (/obj/docking_port/mobile/arrivals): check()
[15:51:33]the arrivals shuttle (/obj/docking_port/mobile/arrivals): check()
[15:51:33]Shuttle (/datum/controller/subsystem/shuttle): fire(0)
[15:51:33]Shuttle (/datum/controller/subsystem/shuttle): ignite(0)
runtime error: 
[15:53:26]nothing to animate
[15:53:26]proc name: shake camera (/proc/shake_camera)
[15:53:26]  source file: mob_helpers.dm,270
[15:53:26]  usr: (src)
[15:53:26]  src: null
[15:53:26]  call stack:
[15:53:26]shake camera(Hen Rey (/mob/living/carbon/human), 0.75, 1)
[15:53:26]Hen Rey (/mob/living/carbon/human): afterShuttleMove(space (50,20,13) (/turf/open/space/transit/north), /list (/list), 8, 1, 1, 0)
[15:53:26]Hen Rey (/mob/living/carbon/human): afterShuttleMove(space (50,20,13) (/turf/open/space/transit/north), /list (/list), 8, 1, 1, 0)
[15:53:26]the mining shuttle (/obj/docking_port/mobile): cleanup runway(the lavaland mine (/obj/docking_port/stationary), /list (/list), /list (/list), /list (/list), /list (/list), 0, 1, Space (/area/space), /turf/open/space/transit/north (/turf/open/space/transit/north), /turf/open/space (/turf/open/space))
[15:53:26]the mining shuttle (/obj/docking_port/mobile): initiate docking(the lavaland mine (/obj/docking_port/stationary), 1, 0)
[15:53:26]the mining shuttle (/obj/docking_port/mobile): check()
[15:53:26]Shuttle (/datum/controller/subsystem/shuttle): fire(0)
[15:53:26]Shuttle (/datum/controller/subsystem/shuttle): ignite(0)
runtime error: 
[15:53:41]list index out of bounds
[15:53:41]proc name: tick (/datum/round_event/aurora_caelus/tick)
[15:53:41]  source file: aurora_caelus.dm,39
[15:53:41]  usr: null
[15:53:41]  src: /datum/round_event/aurora_cael... (/datum/round_event/aurora_caelus)
[15:53:41]  call stack:
[15:53:41]/datum/round_event/aurora_cael... (/datum/round_event/aurora_caelus): tick()
[15:53:41]/datum/round_event/aurora_cael... (/datum/round_event/aurora_caelus): process()
[15:53:41]Events (/datum/controller/subsystem/events): fire(0)
[15:53:41]Events (/datum/controller/subsystem/events): ignite(0)
[15:53:41]Master (/datum/controller/master): RunQueue()
[15:53:41]Master (/datum/controller/master): Loop()
[15:53:41]Master (/datum/controller/master): StartProcessing(0)
[2018-04-22 15:55:44] Client: Catmanpop triggered JS error: Error: The URI to be decoded is not a valid encoding | url: http://127.0.0.1:51663/tmp11688/browserOutput.js | line: 116 | column: 2 | error: URIError: The URI to be decoded is not a valid encoding | user agent: Mozilla/4.0 (compatible; MSIE 7.0; Windows NT 6.2; WOW64; Trident/7.0; .NET4.0C; .NET4.0E; .NET CLR 2.0.50727; .NET CLR 3.0.30729; .NET CLR 3.5.30729; Tablet PC 2.0)
[2018-04-22 15:55:44] Client: Infinitys true end triggered JS error: Error: The URI to be decoded is not a valid encoding | url: http://127.0.0.1:50497/tmp13652/browserOutput.js | line: 116 | column: 2 | error: URIError: The URI to be decoded is not a valid encoding | user agent: Mozilla/4.0 (compatible; MSIE 7.0; Windows NT 6.2; WOW64; Trident/7.0; .NET4.0C; .NET4.0E; .NET CLR 2.0.50727; .NET CLR 3.0.30729; .NET CLR 3.5.30729; Tablet PC 2.0)
[2018-04-22 15:55:44] Client: Lorenzo Heinz triggered JS error: Error: El identificador URI para descodificar no tiene una codificación válida | url: http://127.0.0.1:54831/browserOutput.js | line: 116 | column: 2 | error: URIError: El identificador URI para descodificar no tiene una codificación válida | user agent: Mozilla/4.0 (compatible; MSIE 7.0; Windows NT 6.1; WOW64; Trident/7.0; SLCC2; .NET CLR 2.0.50727; .NET CLR 3.5.30729; .NET CLR 3.0.30729; Media Center PC 6.0; .NET4.0C; .NET4.0E; InfoPath.3; GWX:DOWNLOADED)
[2018-04-22 15:55:44] Client: Jesteroz triggered JS error: Error: The URI to be decoded is not a valid encoding | url: http://127.0.0.1:57587/tmp484/browserOutput.js | line: 116 | column: 2 | error: URIError: The URI to be decoded is not a valid encoding | user agent: Mozilla/4.0 (compatible; MSIE 7.0; Windows NT 6.2; WOW64; Trident/7.0; .NET4.0C; .NET4.0E; .NET CLR 2.0.50727; .NET CLR 3.0.30729; .NET CLR 3.5.30729; Tablet PC 2.0)
runtime error: 
[15:56:02]nothing to animate
[15:56:02]proc name: shake camera (/proc/shake_camera)
[15:56:02]  source file: mob_helpers.dm,270
[15:56:02]  usr: (src)
[15:56:02]  src: null
[15:56:02]  call stack:
[15:56:02]shake camera(Pantomime (/mob/living/carbon/human), 0.75, 1)
[15:56:02]Pantomime (/mob/living/carbon/human): afterShuttleMove(space (17,20,13) (/turf/open/space/transit/west), /list (/list), 8, 8, 8, 0)
[15:56:02]Pantomime (/mob/living/carbon/human): afterShuttleMove(space (17,20,13) (/turf/open/space/transit/west), /list (/list), 8, 8, 8, 0)
[15:56:02]the arrivals shuttle (/obj/docking_port/mobile/arrivals): cleanup runway(the arrivals (/obj/docking_port/stationary), /list (/list), /list (/list), /list (/list), /list (/list), 0, 8, Space (/area/space), /turf/open/space/transit/west (/turf/open/space/transit/west), /turf/open/space (/turf/open/space))
[15:56:02]the arrivals shuttle (/obj/docking_port/mobile/arrivals): initiate docking(the arrivals (/obj/docking_port/stationary), 8, 0)
[15:56:02]the arrivals shuttle (/obj/docking_port/mobile/arrivals): initiate docking(the arrivals (/obj/docking_port/stationary), 8)
[15:56:02]the arrivals shuttle (/obj/docking_port/mobile/arrivals): check()
[15:56:02]the arrivals shuttle (/obj/docking_port/mobile/arrivals): check()
[15:56:02]Shuttle (/datum/controller/subsystem/shuttle): fire(0)
[15:56:02]Shuttle (/datum/controller/subsystem/shuttle): ignite(0)
runtime error: 
[15:57:53]nothing to animate
[15:57:53]proc name: shake camera (/proc/shake_camera)
[15:57:53]  source file: mob_helpers.dm,270
[15:57:53]  usr: (src)
[15:57:53]  src: null
[15:57:53]  call stack:
[15:57:53]shake camera(Hen Rey (/mob/living/carbon/human), 0.75, 1)
[15:57:53]Hen Rey (/mob/living/carbon/human): afterShuttleMove(space (18,20,13) (/turf/open/space/transit/north), /list (/list), 8, 1, 1, 0)
[15:57:53]Hen Rey (/mob/living/carbon/human): afterShuttleMove(space (18,20,13) (/turf/open/space/transit/north), /list (/list), 8, 1, 1, 0)
[15:57:53]the mining shuttle (/obj/docking_port/mobile): cleanup runway(the mining shuttle bay (/obj/docking_port/stationary), /list (/list), /list (/list), /list (/list), /list (/list), 0, 1, Space (/area/space), /turf/open/space/transit/north (/turf/open/space/transit/north), /turf/open/space (/turf/open/space))
[15:57:53]the mining shuttle (/obj/docking_port/mobile): initiate docking(the mining shuttle bay (/obj/docking_port/stationary), 1, 0)
[15:57:53]the mining shuttle (/obj/docking_port/mobile): check()
[15:57:53]Shuttle (/datum/controller/subsystem/shuttle): fire(0)
[15:57:53]Shuttle (/datum/controller/subsystem/shuttle): ignite(0)
runtime error: 
[16:07:29]nothing to animate
[16:07:29]proc name: shake camera (/proc/shake_camera)
[16:07:29]  source file: mob_helpers.dm,270
[16:07:29]  usr: (src)
[16:07:29]  src: null
[16:07:29]  call stack:
[16:07:29]shake camera(Hen Rey (/mob/living/carbon/human), 0.75, 1)
[16:07:29]Hen Rey (/mob/living/carbon/human): afterShuttleMove(space (50,20,13) (/turf/open/space/transit/north), /list (/list), 8, 1, 1, 0)
[16:07:29]Hen Rey (/mob/living/carbon/human): afterShuttleMove(space (50,20,13) (/turf/open/space/transit/north), /list (/list), 8, 1, 1, 0)
[16:07:29]the mining shuttle (/obj/docking_port/mobile): cleanup runway(the lavaland mine (/obj/docking_port/stationary), /list (/list), /list (/list), /list (/list), /list (/list), 0, 1, Space (/area/space), /turf/open/space/transit/north (/turf/open/space/transit/north), /turf/open/space (/turf/open/space))
[16:07:29]the mining shuttle (/obj/docking_port/mobile): initiate docking(the lavaland mine (/obj/docking_port/stationary), 1, 0)
[16:07:29]the mining shuttle (/obj/docking_port/mobile): check()
[16:07:29]Shuttle (/datum/controller/subsystem/shuttle): fire(0)
[16:07:29]Shuttle (/datum/controller/subsystem/shuttle): ignite(0)
runtime error: 
[16:13:49]nothing to animate
[16:13:49]proc name: shake camera (/proc/shake_camera)
[16:13:49]  source file: mob_helpers.dm,270
[16:13:49]  usr: (src)
[16:13:49]  src: null
[16:13:49]  call stack:
[16:13:49]shake camera(Jermaine Ramos (/mob/living/carbon/human), 0.75, 1)
[16:13:49]Jermaine Ramos (/mob/living/carbon/human): afterShuttleMove(space (27,18,13) (/turf/open/space/transit/west), /list (/list), 8, 8, 8, 0)
[16:13:49]Jermaine Ramos (/mob/living/carbon/human): afterShuttleMove(space (27,18,13) (/turf/open/space/transit/west), /list (/list), 8, 8, 8, 0)
[16:13:49]the arrivals shuttle (/obj/docking_port/mobile/arrivals): cleanup runway(the arrivals (/obj/docking_port/stationary), /list (/list), /list (/list), /list (/list), /list (/list), 0, 8, Space (/area/space), /turf/open/space/transit/west (/turf/open/space/transit/west), /turf/open/space (/turf/open/space))
[16:13:49]the arrivals shuttle (/obj/docking_port/mobile/arrivals): initiate docking(the arrivals (/obj/docking_port/stationary), 8, 0)
[16:13:49]the arrivals shuttle (/obj/docking_port/mobile/arrivals): initiate docking(the arrivals (/obj/docking_port/stationary), 8)
[16:13:49]the arrivals shuttle (/obj/docking_port/mobile/arrivals): check()
[16:13:49]the arrivals shuttle (/obj/docking_port/mobile/arrivals): check()
[16:13:49]Shuttle (/datum/controller/subsystem/shuttle): fire(0)
[16:13:49]Shuttle (/datum/controller/subsystem/shuttle): ignite(0)
runtime error: 
[16:14:14]undefined proc or verb /turf/closed/wall/high pressure movements().

[16:14:14]proc name: process high pressure delta (/datum/controller/subsystem/air/proc/process_high_pressure_delta)
[16:14:14]  source file: air.dm,205
[16:14:14]  usr: null
[16:14:14]  src: Atmospherics (/datum/controller/subsystem/air)
[16:14:14]  call stack:
[16:14:14]Atmospherics (/datum/controller/subsystem/air): process high pressure delta(0)
[16:14:14]Atmospherics (/datum/controller/subsystem/air): fire(0)
[16:14:14]Atmospherics (/datum/controller/subsystem/air): ignite(1)
[16:14:14]Master (/datum/controller/master): RunQueue()
[16:14:14]Master (/datum/controller/master): Loop()
[16:14:14]Master (/datum/controller/master): StartProcessing(0)
runtime error: 
[16:17:10]nothing to animate
[16:17:10]proc name: shake camera (/proc/shake_camera)
[16:17:10]  source file: mob_helpers.dm,270
[16:17:10]  usr: (src)
[16:17:10]  src: null
[16:17:10]  call stack:
[16:17:10]shake camera(Hen Rey (/mob/living/carbon/human), 0.75, 1)
[16:17:10]Hen Rey (/mob/living/carbon/human): afterShuttleMove(space (50,20,13) (/turf/open/space/transit/north), /list (/list), 8, 1, 1, 0)
[16:17:10]Hen Rey (/mob/living/carbon/human): afterShuttleMove(space (50,20,13) (/turf/open/space/transit/north), /list (/list), 8, 1, 1, 0)
[16:17:10]the mining shuttle (/obj/docking_port/mobile): cleanup runway(the mining shuttle bay (/obj/docking_port/stationary), /list (/list), /list (/list), /list (/list), /list (/list), 0, 1, Space (/area/space), /turf/open/space/transit/north (/turf/open/space/transit/north), /turf/open/space (/turf/open/space))
[16:17:10]the mining shuttle (/obj/docking_port/mobile): initiate docking(the mining shuttle bay (/obj/docking_port/stationary), 1, 0)
[16:17:10]the mining shuttle (/obj/docking_port/mobile): check()
[16:17:10]Shuttle (/datum/controller/subsystem/shuttle): fire(0)
[16:17:10]Shuttle (/datum/controller/subsystem/shuttle): ignite(0)
runtime error: 
[16:20:10]A ref was requested of an object with DF_USE_TAG set but no tag: Speakerfox v1.0.2
[16:20:10]proc name: stack trace (/proc/stack_trace)
[16:20:10]  source file: unsorted.dm,1254
[16:20:10]  usr: Speakerfox v1.0.2 (/mob/living/silicon/pai)
[16:20:10]  src: null
[16:20:10]  usr.loc: null
[16:20:10]  call stack:
[16:20:10]stack trace("A ref was requested of an obje...")
[16:20:10]REF(Speakerfox v1.0.2 (/mob/living/silicon/pai))
[16:20:10]Speakerfox v1.0.2 (/mob/living/silicon/pai): softwareMenu()
[16:20:10]Speakerfox v1.0.2 (/mob/living/silicon/pai): paiInterface()
[16:20:10]Speakerfox v1.0.2 (/mob/living/silicon/pai): Topic("src=\[mob_319];software=image", /list (/list))
[16:20:10]Catmanpop (/client): Topic("src=\[mob_319];software=image", /list (/list), Speakerfox v1.0.2 (/mob/living/silicon/pai))
[16:20:10]Catmanpop (/client): Topic("src=\[mob_319];software=image", /list (/list), Speakerfox v1.0.2 (/mob/living/silicon/pai))
[2018-04-22 16:24:44] Client: JaxonMaxx triggered JS error: Error: The URI to be decoded is not a valid encoding | url: http://127.0.0.1:63567/tmp16684/browserOutput.js | line: 116 | column: 2 | error: URIError: The URI to be decoded is not a valid encoding | user agent: Mozilla/4.0 (compatible; MSIE 7.0; Windows NT 6.2; WOW64; Trident/7.0; .NET4.0C; .NET4.0E; .NET CLR 2.0.50727; .NET CLR 3.0.30729; .NET CLR 3.5.30729)
[2018-04-22 16:24:44] Client: SilentNoob57 triggered JS error: Error: L'URI à décoder contient un caractère incorrect | url: http://127.0.0.1:50512/tmp4760/browserOutput.js | line: 116 | column: 2 | error: URIError: L'URI à décoder contient un caractère incorrect | user agent: Mozilla/4.0 (compatible; MSIE 7.0; Windows NT 6.2; WOW64; Trident/7.0; .NET4.0C; .NET4.0E)
[2018-04-22 16:24:44] Client: Catmanpop triggered JS error: Error: The URI to be decoded is not a valid encoding | url: http://127.0.0.1:51663/tmp11688/browserOutput.js | line: 116 | column: 2 | error: URIError: The URI to be decoded is not a valid encoding | user agent: Mozilla/4.0 (compatible; MSIE 7.0; Windows NT 6.2; WOW64; Trident/7.0; .NET4.0C; .NET4.0E; .NET CLR 2.0.50727; .NET CLR 3.0.30729; .NET CLR 3.5.30729; Tablet PC 2.0)
[2018-04-22 16:24:44] Client: Infinitys true end triggered JS error: Error: The URI to be decoded is not a valid encoding | url: http://127.0.0.1:50497/tmp13652/browserOutput.js | line: 116 | column: 2 | error: URIError: The URI to be decoded is not a valid encoding | user agent: Mozilla/4.0 (compatible; MSIE 7.0; Windows NT 6.2; WOW64; Trident/7.0; .NET4.0C; .NET4.0E; .NET CLR 2.0.50727; .NET CLR 3.0.30729; .NET CLR 3.5.30729; Tablet PC 2.0)
[2018-04-22 16:24:44] Client: Xahrov triggered JS error: Error: Der zu entschlüsselnde URI hat keine gültige Verschlüsselung. | url: http://127.0.0.1:52050/tmp10368/browserOutput.js | line: 116 | column: 2 | error: URIError: Der zu entschlüsselnde URI hat keine gültige Verschlüsselung. | user agent: Mozilla/4.0 (compatible; MSIE 7.0; Windows NT 6.2; WOW64; Trident/7.0; .NET4.0C; .NET4.0E; .NET CLR 2.0.50727; .NET CLR 3.0.30729; .NET CLR 3.5.30729)
[2018-04-22 16:24:44] Client: Swatblack triggered JS error: Error: Обнаружена недопустимая кодировка при попытке декодирования URI | url: http://127.0.0.1:50156/browserOutput.js | line: 116 | column: 2 | error: URIError: Обнаружена недопустимая кодировка при попытке декодирования URI | user agent: Mozilla/4.0 (compatible; MSIE 7.0; Windows NT 6.2; WOW64; Trident/7.0; .NET4.0C; .NET4.0E)
runtime error: 
[16:28:39]nothing to animate
[16:28:39]proc name: shake camera (/proc/shake_camera)
[16:28:39]  source file: mob_helpers.dm,270
[16:28:39]  usr: (src)
[16:28:39]  src: null
[16:28:39]  call stack:
[16:28:39]shake camera(Peter Petrograd (/mob/living/carbon/human), 0.75, 1)
[16:28:39]Peter Petrograd (/mob/living/carbon/human): afterShuttleMove(space (23,19,13) (/turf/open/space/transit/west), /list (/list), 8, 8, 8, 0)
[16:28:39]Peter Petrograd (/mob/living/carbon/human): afterShuttleMove(space (23,19,13) (/turf/open/space/transit/west), /list (/list), 8, 8, 8, 0)
[16:28:39]the arrivals shuttle (/obj/docking_port/mobile/arrivals): cleanup runway(the arrivals (/obj/docking_port/stationary), /list (/list), /list (/list), /list (/list), /list (/list), 0, 8, Space (/area/space), /turf/open/space/transit/west (/turf/open/space/transit/west), /turf/open/space (/turf/open/space))
[16:28:39]the arrivals shuttle (/obj/docking_port/mobile/arrivals): initiate docking(the arrivals (/obj/docking_port/stationary), 8, 0)
[16:28:39]the arrivals shuttle (/obj/docking_port/mobile/arrivals): initiate docking(the arrivals (/obj/docking_port/stationary), 8)
[16:28:39]the arrivals shuttle (/obj/docking_port/mobile/arrivals): check()
[16:28:39]the arrivals shuttle (/obj/docking_port/mobile/arrivals): check()
[16:28:39]Shuttle (/datum/controller/subsystem/shuttle): fire(0)
[16:28:39]Shuttle (/datum/controller/subsystem/shuttle): ignite(0)
runtime error: 
[16:29:36]nothing to animate
[16:29:36]proc name: shake camera (/proc/shake_camera)
[16:29:36]  source file: mob_helpers.dm,270
[16:29:36]  usr: (src)
[16:29:36]  src: null
[16:29:36]  call stack:
[16:29:36]shake camera(Astra Void (/mob/living/carbon/human), 0.75, 1)
[16:29:36]Astra Void (/mob/living/carbon/human): afterShuttleMove(space (17,20,13) (/turf/open/space/transit/west), /list (/list), 8, 8, 8, 0)
[16:29:36]Astra Void (/mob/living/carbon/human): afterShuttleMove(space (17,20,13) (/turf/open/space/transit/west), /list (/list), 8, 8, 8, 0)
[16:29:36]the arrivals shuttle (/obj/docking_port/mobile/arrivals): cleanup runway(the arrivals (/obj/docking_port/stationary), /list (/list), /list (/list), /list (/list), /list (/list), 0, 8, Space (/area/space), /turf/open/space/transit/west (/turf/open/space/transit/west), /turf/open/space (/turf/open/space))
[16:29:36]the arrivals shuttle (/obj/docking_port/mobile/arrivals): initiate docking(the arrivals (/obj/docking_port/stationary), 8, 0)
[16:29:36]the arrivals shuttle (/obj/docking_port/mobile/arrivals): initiate docking(the arrivals (/obj/docking_port/stationary), 8)
[16:29:36]the arrivals shuttle (/obj/docking_port/mobile/arrivals): check()
[16:29:36]the arrivals shuttle (/obj/docking_port/mobile/arrivals): check()
[16:29:36]Shuttle (/datum/controller/subsystem/shuttle): fire(0)
[16:29:36]Shuttle (/datum/controller/subsystem/shuttle): ignite(0)
runtime error: 
[16:33:30]nothing to animate
[16:33:30]proc name: shake camera (/proc/shake_camera)
[16:33:30]  source file: mob_helpers.dm,270
[16:33:30]  usr: (src)
[16:33:30]  src: null
[16:33:30]  call stack:
[16:33:30]shake camera(Hen Rey (/mob/living/carbon/human), 0.75, 1)
[16:33:30]Hen Rey (/mob/living/carbon/human): afterShuttleMove(space (18,20,13) (/turf/open/space/transit/north), /list (/list), 8, 1, 1, 0)
[16:33:30]Hen Rey (/mob/living/carbon/human): afterShuttleMove(space (18,20,13) (/turf/open/space/transit/north), /list (/list), 8, 1, 1, 0)
[16:33:30]the mining shuttle (/obj/docking_port/mobile): cleanup runway(the lavaland mine (/obj/docking_port/stationary), /list (/list), /list (/list), /list (/list), /list (/list), 0, 1, Space (/area/space), /turf/open/space/transit/north (/turf/open/space/transit/north), /turf/open/space (/turf/open/space))
[16:33:30]the mining shuttle (/obj/docking_port/mobile): initiate docking(the lavaland mine (/obj/docking_port/stationary), 1, 0)
[16:33:30]the mining shuttle (/obj/docking_port/mobile): check()
[16:33:30]Shuttle (/datum/controller/subsystem/shuttle): fire(0)
[16:33:30]Shuttle (/datum/controller/subsystem/shuttle): ignite(0)
runtime error: 
[16:33:40]Cannot read null.species
[16:33:40]proc name: Life (/mob/living/carbon/human/Life)
[16:33:40]  source file: life.dm,58
[16:33:40]  usr: null
[16:33:40]  src: Unknown (/mob/living/carbon/human)
[16:33:40]  src.loc: null
[16:33:40]  call stack:
[16:33:40]Unknown (/mob/living/carbon/human): Life(2, 1467)
[16:33:40]Mobs (/datum/controller/subsystem/mobs): fire(1)
[16:33:40]Mobs (/datum/controller/subsystem/mobs): ignite(1)
[16:33:40]Master (/datum/controller/master): RunQueue()
[16:33:40]Master (/datum/controller/master): Loop()
[16:33:40]Master (/datum/controller/master): StartProcessing(0)
runtime error: 
[16:34:36]Cannot read null.species
[16:34:36]proc name: Life (/mob/living/carbon/human/Life)
[16:34:36]  source file: life.dm,58
[16:34:36]  usr: null
[16:34:36]  src: Unknown (/mob/living/carbon/human)
[16:34:36]  src.loc: null
[16:34:36]  call stack:
[16:34:36]Unknown (/mob/living/carbon/human): Life(2, 1495)
[16:34:36]Mobs (/datum/controller/subsystem/mobs): fire(1)
[16:34:36]Mobs (/datum/controller/subsystem/mobs): ignite(1)
[16:34:36]Master (/datum/controller/master): RunQueue()
[16:34:36]Master (/datum/controller/master): Loop()
[16:34:36]Master (/datum/controller/master): StartProcessing(0)
runtime error: 
[16:41:39]Cannot read null.client
[16:41:39]proc name: onclose (/proc/onclose)
[16:41:39]  source file: browser.dm,433
[16:41:39]  usr: (src)
[16:41:39]  src: null
[16:41:39]  call stack:
[16:41:39]onclose(null, "pai", null)
[16:41:39]Speakerfox v1.0.2 (/mob/living/silicon/pai): paiInterface()
[16:41:39]Speakerfox v1.0.2 (/mob/living/silicon/pai): process hack()
[16:41:39]Speakerfox v1.0.2 (/mob/living/silicon/pai): Life(2, 1704)
[16:41:39]Speakerfox v1.0.2 (/mob/living/silicon/pai): Life(2, 1704)
[16:41:39]Mobs (/datum/controller/subsystem/mobs): fire(0)
[16:41:39]Mobs (/datum/controller/subsystem/mobs): ignite(0)
[16:41:39]Master (/datum/controller/master): RunQueue()
[16:41:39]Master (/datum/controller/master): Loop()
[16:41:39]Master (/datum/controller/master): StartProcessing(0)
runtime error: 
[16:41:41]Cannot read null.client
[16:41:41]proc name: onclose (/proc/onclose)
[16:41:41]  source file: browser.dm,433
[16:41:41]  usr: (src)
[16:41:41]  src: null
[16:41:41]  call stack:
[16:41:41]onclose(null, "pai", null)
[16:41:41]Speakerfox v1.0.2 (/mob/living/silicon/pai): paiInterface()
[16:41:41]Speakerfox v1.0.2 (/mob/living/silicon/pai): process hack()
[16:41:41]Speakerfox v1.0.2 (/mob/living/silicon/pai): Life(2, 1705)
[16:41:41]Speakerfox v1.0.2 (/mob/living/silicon/pai): Life(2, 1705)
[16:41:41]Mobs (/datum/controller/subsystem/mobs): fire(0)
[16:41:41]Mobs (/datum/controller/subsystem/mobs): ignite(0)
[16:41:41]Master (/datum/controller/master): RunQueue()
[16:41:41]Master (/datum/controller/master): Loop()
[16:41:41]Master (/datum/controller/master): StartProcessing(0)
runtime error: 
[16:41:43]Cannot read null.client
[16:41:43]proc name: onclose (/proc/onclose)
[16:41:43]  source file: browser.dm,433
runtime error: 
[16:41:45]Cannot read null.client
[16:41:45]proc name: onclose (/proc/onclose)
[16:41:45]  source file: browser.dm,433
runtime error: 
[16:41:47]Cannot read null.client
[16:41:47]proc name: onclose (/proc/onclose)
[16:41:47]  source file: browser.dm,433
runtime error: 
[16:41:49]Cannot read null.client
[16:41:49]proc name: onclose (/proc/onclose)
[16:41:49]  source file: browser.dm,433
runtime error: 
[16:41:51]Cannot read null.client
[16:41:51]proc name: onclose (/proc/onclose)
[16:41:51]  source file: browser.dm,433
runtime error: 
[16:41:54]Cannot read null.client
[16:41:54]proc name: onclose (/proc/onclose)
[16:41:54]  source file: browser.dm,433
runtime error: 
[16:41:57]Cannot read null.client
[16:41:57]proc name: onclose (/proc/onclose)
[16:41:57]  source file: browser.dm,433
runtime error: 
[16:42:04]Cannot read null.client
[16:42:04]proc name: onclose (/proc/onclose)
[16:42:04]  source file: browser.dm,433
runtime error: 
[16:42:06]Cannot read null.client
[16:42:06]proc name: onclose (/proc/onclose)
[16:42:06]  source file: browser.dm,433
runtime error: 
[16:42:08]Cannot read null.client
[16:42:08]proc name: onclose (/proc/onclose)
[16:42:08]  source file: browser.dm,433
runtime error: 
[16:42:12]Cannot read null.client
[16:42:12]proc name: onclose (/proc/onclose)
[16:42:12]  source file: browser.dm,433
runtime error: 
[16:42:14]Cannot read null.client
[16:42:14]proc name: onclose (/proc/onclose)
[16:42:14]  source file: browser.dm,433
runtime error: 
[16:42:16]Cannot read null.client
[16:42:16]proc name: onclose (/proc/onclose)
[16:42:16]  source file: browser.dm,433
runtime error: 
[16:42:18]Cannot read null.client
[16:42:18]proc name: onclose (/proc/onclose)
[16:42:18]  source file: browser.dm,433
runtime error: 
[16:42:21]Cannot read null.client
[16:42:21]proc name: onclose (/proc/onclose)
[16:42:21]  source file: browser.dm,433
runtime error: 
[16:42:23]Cannot read null.client
[16:42:23]proc name: onclose (/proc/onclose)
[16:42:23]  source file: browser.dm,433
runtime error: 
[16:42:25]Cannot read null.client
[16:42:25]proc name: onclose (/proc/onclose)
[16:42:25]  source file: browser.dm,433
runtime error: 
[16:42:29]Cannot read null.client
[16:42:29]proc name: onclose (/proc/onclose)
[16:42:29]  source file: browser.dm,433
runtime error: 
[16:43:39]nothing to animate
[16:43:39]proc name: shake camera (/proc/shake_camera)
[16:43:39]  source file: mob_helpers.dm,270
runtime error: 
[16:44:05]Cannot read null.client
[16:44:05]proc name: onclose (/proc/onclose)
[16:44:05]  source file: browser.dm,433
runtime error: 
[16:44:07]Cannot read null.client
[16:44:07]proc name: onclose (/proc/onclose)
[16:44:07]  source file: browser.dm,433
runtime error: 
[16:44:09]Cannot read null.client
[16:44:09]proc name: onclose (/proc/onclose)
[16:44:09]  source file: browser.dm,433
runtime error: 
[16:44:11]Cannot read null.client
[16:44:11]proc name: onclose (/proc/onclose)
[16:44:11]  source file: browser.dm,433
runtime error: 
[16:44:15]Cannot read null.client
[16:44:15]proc name: onclose (/proc/onclose)
[16:44:15]  source file: browser.dm,433
runtime error: 
[16:44:17]Cannot read null.client
[16:44:17]proc name: onclose (/proc/onclose)
[16:44:17]  source file: browser.dm,433
runtime error: 
[16:44:19]Cannot read null.client
[16:44:19]proc name: onclose (/proc/onclose)
[16:44:19]  source file: browser.dm,433
runtime error: 
[16:44:21]Cannot read null.client
[16:44:21]proc name: onclose (/proc/onclose)
[16:44:21]  source file: browser.dm,433
runtime error: 
[16:44:23]Cannot read null.client
[16:44:23]proc name: onclose (/proc/onclose)
[16:44:23]  source file: browser.dm,433
runtime error: 
[16:44:25]Cannot read null.client
[16:44:25]proc name: onclose (/proc/onclose)
[16:44:25]  source file: browser.dm,433
runtime error: 
[16:44:27]Cannot read null.client
[16:44:27]proc name: onclose (/proc/onclose)
[16:44:27]  source file: browser.dm,433
runtime error: 
[16:44:29]Cannot read null.client
[16:44:29]proc name: onclose (/proc/onclose)
[16:44:29]  source file: browser.dm,433
runtime error: 
[16:44:31]Cannot read null.client
[16:44:31]proc name: onclose (/proc/onclose)
[16:44:31]  source file: browser.dm,433
runtime error: 
[16:44:33]Cannot read null.client
[16:44:33]proc name: onclose (/proc/onclose)
[16:44:33]  source file: browser.dm,433
runtime error: 
[16:44:35]Cannot read null.client
[16:44:35]proc name: onclose (/proc/onclose)
[16:44:35]  source file: browser.dm,433
runtime error: 
[16:44:37]Cannot read null.client
[16:44:37]proc name: onclose (/proc/onclose)
[16:44:37]  source file: browser.dm,433
runtime error: 
[16:44:39]Cannot read null.client
[16:44:39]proc name: onclose (/proc/onclose)
[16:44:39]  source file: browser.dm,433
runtime error: 
[16:44:41]Cannot read null.client
[16:44:41]proc name: onclose (/proc/onclose)
[16:44:41]  source file: browser.dm,433
runtime error: 
[16:44:43]Cannot read null.client
[16:44:43]proc name: onclose (/proc/onclose)
[16:44:43]  source file: browser.dm,433
runtime error: 
[16:44:45]Cannot read null.client
[16:44:45]proc name: onclose (/proc/onclose)
[16:44:45]  source file: browser.dm,433
runtime error: 
[16:44:47]Cannot read null.client
[16:44:47]proc name: onclose (/proc/onclose)
[16:44:47]  source file: browser.dm,433
runtime error: 
[16:44:49]Cannot read null.client
[16:44:49]proc name: onclose (/proc/onclose)
[16:44:49]  source file: browser.dm,433
runtime error: 
[16:44:51]Cannot read null.client
[16:44:51]proc name: onclose (/proc/onclose)
[16:44:51]  source file: browser.dm,433
runtime error: 
[16:44:53]Cannot read null.client
[16:44:53]proc name: onclose (/proc/onclose)
[16:44:53]  source file: browser.dm,433
runtime error: 
[16:45:07]Cannot execute null.archive().
[16:45:07]proc name: archive (/turf/open/archive)
[16:45:07]  source file: LINDA_turf_tile.dm,91
runtime error: 
[16:45:07]Cannot read null.gases
[16:45:07]proc name: compare (/datum/gas_mixture/compare)
[16:45:07]  source file: gas_mixture.dm,387
runtime error: 
[16:45:07]Cannot execute null.archive().
[16:45:07]proc name: archive (/turf/open/archive)
[16:45:07]  source file: LINDA_turf_tile.dm,91
runtime error: 
[16:45:07]Cannot read null.gases
[16:45:07]proc name: compare (/datum/gas_mixture/compare)
[16:45:07]  source file: gas_mixture.dm,387
runtime error: 
[16:45:07]Cannot execute null.archive().
[16:45:07]proc name: archive (/turf/open/archive)
[16:45:07]  source file: LINDA_turf_tile.dm,91
runtime error: 
[16:45:07]Cannot read null.gases
[16:45:07]proc name: compare (/datum/gas_mixture/compare)
[16:45:07]  source file: gas_mixture.dm,387
runtime error: 
[16:45:07]Cannot execute null.archive().
[16:45:07]proc name: archive (/turf/open/archive)
[16:45:07]  source file: LINDA_turf_tile.dm,91
runtime error: 
[16:45:07]Cannot read null.gases
[16:45:07]proc name: compare (/datum/gas_mixture/compare)
[16:45:07]  source file: gas_mixture.dm,387
runtime error: 
[16:45:07]undefined variable /turf/closed/wall/mineral/titanium/interior/var/air
[16:45:07]proc name: process cell (/turf/open/process_cell)
[16:45:07]  source file: LINDA_turf_tile.dm,184
runtime error: 
[16:45:07]Cannot execute null.archive().
[16:45:07]proc name: archive (/turf/open/archive)
[16:45:07]  source file: LINDA_turf_tile.dm,91
runtime error: 
[16:45:07]Cannot read null.gases
[16:45:07]proc name: compare (/datum/gas_mixture/compare)
[16:45:07]  source file: gas_mixture.dm,387
runtime error: 
[16:45:07]Cannot execute null.archive().
[16:45:07]proc name: archive (/turf/open/archive)
[16:45:07]  source file: LINDA_turf_tile.dm,91
runtime error: 
[16:45:07]Cannot read null.gases
[16:45:07]proc name: compare (/datum/gas_mixture/compare)
[16:45:07]  source file: gas_mixture.dm,387
runtime error: 
[16:45:07]Cannot execute null.archive().
[16:45:07]proc name: archive (/turf/open/archive)
[16:45:07]  source file: LINDA_turf_tile.dm,91
runtime error: 
[16:45:07]Cannot read null.gases
[16:45:07]proc name: compare (/datum/gas_mixture/compare)
[16:45:07]  source file: gas_mixture.dm,387
runtime error: 
[16:45:07]undefined variable /turf/closed/wall/mineral/titanium/var/air
[16:45:07]proc name: process cell (/turf/open/process_cell)
[16:45:07]  source file: LINDA_turf_tile.dm,184
runtime error: 
[16:45:07]undefined variable /turf/closed/wall/mineral/titanium/var/air
[16:45:07]proc name: process cell (/turf/open/process_cell)
[16:45:07]  source file: LINDA_turf_tile.dm,184
runtime error: 
[16:45:07]Cannot execute null.archive().
[16:45:07]proc name: archive (/turf/open/archive)
[16:45:07]  source file: LINDA_turf_tile.dm,91
runtime error: 
[16:45:07]Cannot read null.gases
[16:45:07]proc name: compare (/datum/gas_mixture/compare)
[16:45:07]  source file: gas_mixture.dm,387
runtime error: 
[16:45:07]Cannot execute null.archive().
[16:45:07]proc name: archive (/turf/open/archive)
[16:45:07]  source file: LINDA_turf_tile.dm,91
runtime error: 
[16:45:07]Cannot read null.gases
[16:45:07]proc name: compare (/datum/gas_mixture/compare)
[16:45:07]  source file: gas_mixture.dm,387
runtime error: 
[16:45:07]Cannot execute null.archive().
[16:45:07]proc name: archive (/turf/open/archive)
[16:45:07]  source file: LINDA_turf_tile.dm,91
runtime error: 
[16:45:07]Cannot read null.gases
[16:45:07]proc name: compare (/datum/gas_mixture/compare)
[16:45:07]  source file: gas_mixture.dm,387
runtime error: 
[16:45:07]Cannot execute null.archive().
[16:45:07]proc name: archive (/turf/open/archive)
[16:45:07]  source file: LINDA_turf_tile.dm,91
runtime error: 
[16:45:07]Cannot read null.gases
[16:45:07]proc name: compare (/datum/gas_mixture/compare)
[16:45:07]  source file: gas_mixture.dm,387
runtime error: 
[16:45:07]Cannot execute null.archive().
[16:45:07]proc name: archive (/turf/open/archive)
[16:45:07]  source file: LINDA_turf_tile.dm,91
runtime error: 
[16:45:07]Cannot read null.gases
[16:45:07]proc name: compare (/datum/gas_mixture/compare)
[16:45:07]  source file: gas_mixture.dm,387
runtime error: 
[16:45:07]undefined variable /turf/closed/wall/mineral/titanium/var/air
[16:45:07]proc name: process cell (/turf/open/process_cell)
[16:45:07]  source file: LINDA_turf_tile.dm,184
runtime error: 
[16:45:07]Cannot execute null.archive().
[16:45:07]proc name: archive (/turf/open/archive)
[16:45:07]  source file: LINDA_turf_tile.dm,91
runtime error: 
[16:45:07]Cannot read null.gases
[16:45:07]proc name: compare (/datum/gas_mixture/compare)
[16:45:07]  source file: gas_mixture.dm,387
runtime error: 
[16:45:07]Cannot execute null.archive().
[16:45:07]proc name: archive (/turf/open/archive)
[16:45:07]  source file: LINDA_turf_tile.dm,91
runtime error: 
[16:45:07]Cannot read null.gases
[16:45:07]proc name: compare (/datum/gas_mixture/compare)
[16:45:07]  source file: gas_mixture.dm,387
runtime error: 
[16:45:07]undefined variable /turf/closed/wall/mineral/titanium/var/air
[16:45:07]proc name: process cell (/turf/open/process_cell)
[16:45:07]  source file: LINDA_turf_tile.dm,184
runtime error: 
[16:45:07]Cannot execute null.archive().
[16:45:07]proc name: archive (/turf/open/archive)
[16:45:07]  source file: LINDA_turf_tile.dm,91
runtime error: 
[16:45:07]Cannot read null.gases
[16:45:07]proc name: compare (/datum/gas_mixture/compare)
[16:45:07]  source file: gas_mixture.dm,387
runtime error: 
[16:45:07]undefined variable /turf/closed/wall/mineral/titanium/var/air
[16:45:07]proc name: process cell (/turf/open/process_cell)
[16:45:07]  source file: LINDA_turf_tile.dm,184
runtime error: 
[16:45:07]undefined variable /turf/closed/wall/mineral/titanium/var/air
[16:45:07]proc name: process cell (/turf/open/process_cell)
[16:45:07]  source file: LINDA_turf_tile.dm,184
runtime error: 
[16:45:07]undefined variable /turf/closed/wall/mineral/titanium/var/air
[16:45:07]Warning: further proc crash messages are being suppressed to prevent overload...
runtime error: 
[16:45:07]undefined variable /turf/closed/wall/mineral/titanium/var/air
runtime error: 
[16:45:07]undefined variable /turf/closed/wall/mineral/titanium/var/air
runtime error: 
[16:45:07]Cannot execute null.archive().
runtime error: 
[16:45:07]Cannot read null.gases
runtime error: 
[16:45:07]Cannot execute null.archive().
runtime error: 
[16:45:07]Cannot read null.gases
runtime error: 
[16:45:07]undefined variable /turf/closed/wall/mineral/titanium/var/air
runtime error: 
[16:45:07]Cannot execute null.archive().
runtime error: 
[16:45:07]Cannot read null.gases
runtime error: 
[16:45:07]Cannot execute null.archive().
runtime error: 
[16:45:07]Cannot read null.gases
runtime error: 
[16:45:07]Cannot execute null.archive().
runtime error: 
[16:45:07]Cannot read null.gases
runtime error: 
[16:45:07]undefined variable /turf/closed/wall/mineral/titanium/var/air
runtime error: 
[16:45:07]undefined variable /turf/closed/wall/mineral/titanium/var/air
runtime error: 
[16:45:07]undefined variable /turf/closed/wall/mineral/titanium/var/air
runtime error: 
[16:45:07]undefined variable /turf/closed/wall/mineral/titanium/var/air
runtime error: 
[16:45:07]undefined variable /turf/closed/wall/mineral/titanium/var/air
runtime error: 
[16:45:07]undefined variable /turf/closed/wall/mineral/titanium/var/air
runtime error: 
[16:45:07]undefined variable /turf/closed/wall/mineral/titanium/var/air
runtime error: 
[16:45:07]undefined variable /turf/closed/wall/mineral/titanium/var/air
runtime error: 
[16:45:07]undefined variable /turf/closed/wall/mineral/titanium/var/air
runtime error: 
[16:45:07]undefined variable /turf/closed/wall/mineral/titanium/var/air
runtime error: 
[16:45:07]Cannot execute null.archive().
runtime error: 
[16:45:07]Cannot read null.gases
runtime error: 
[16:45:07]undefined variable /turf/closed/wall/mineral/titanium/var/air
runtime error: 
[16:45:07]Cannot execute null.archive().
runtime error: 
[16:45:07]Cannot read null.gases
runtime error: 
[16:45:07]Cannot execute null.archive().
runtime error: 
[16:45:07]Cannot read null.gases
runtime error: 
[16:45:07]Cannot execute null.archive().
runtime error: 
[16:45:07]Cannot read null.gases
runtime error: 
[16:45:07]undefined variable /turf/closed/wall/mineral/titanium/var/air
runtime error: 
[16:45:07]Cannot execute null.archive().
runtime error: 
[16:45:07]Cannot read null.gases
runtime error: 
[16:45:07]undefined variable /turf/closed/wall/mineral/titanium/var/air
runtime error: 
[16:45:07]undefined variable /turf/closed/wall/mineral/titanium/var/air
runtime error: 
[16:45:07]undefined variable /turf/closed/wall/mineral/titanium/var/air
runtime error: 
[16:45:07]Cannot execute null.archive().
runtime error: 
[16:45:07]Cannot read null.gases
runtime error: 
[16:45:07]Cannot execute null.archive().
runtime error: 
[16:45:07]Cannot read null.gases
runtime error: 
[16:45:07]Cannot execute null.archive().
runtime error: 
[16:45:07]Cannot read null.gases
runtime error: 
[16:45:07]Cannot execute null.archive().
runtime error: 
[16:45:07]Cannot read null.gases
runtime error: 
[16:45:07]Cannot execute null.archive().
runtime error: 
[16:45:07]Cannot read null.gases
runtime error: 
[16:45:07]undefined variable /turf/closed/wall/mineral/titanium/var/air
runtime error: 
[16:45:07]undefined variable /turf/closed/wall/mineral/titanium/var/air
runtime error: 
[16:45:07]undefined variable /turf/closed/wall/mineral/titanium/var/air
runtime error: 
[16:45:07]undefined variable /turf/closed/wall/mineral/titanium/var/air
runtime error: 
[16:45:07]undefined variable /turf/closed/wall/mineral/titanium/var/air
runtime error: 
[16:45:07]undefined variable /turf/closed/wall/mineral/titanium/var/air
runtime error: 
[16:45:07]undefined variable /turf/closed/wall/mineral/titanium/var/air
runtime error: 
[16:45:07]undefined variable /turf/closed/wall/mineral/titanium/var/air
runtime error: 
[16:45:07]undefined variable /turf/closed/wall/mineral/titanium/var/air
runtime error: 
[16:45:07]undefined variable /turf/closed/wall/mineral/titanium/var/air
runtime error: 
[16:45:07]undefined variable /turf/closed/wall/mineral/titanium/var/air
runtime error: 
[16:45:07]Cannot execute null.archive().
runtime error: 
[16:45:07]Cannot read null.gases
runtime error: 
[16:45:07]Cannot execute null.archive().
runtime error: 
[16:45:07]Cannot read null.gases
runtime error: 
[16:45:07]undefined variable /turf/closed/wall/mineral/titanium/var/air
runtime error: 
[16:45:07]undefined variable /turf/closed/wall/mineral/titanium/var/air
runtime error: 
[16:45:07]undefined variable /turf/closed/wall/mineral/titanium/var/air
runtime error: 
[16:45:07]undefined variable /turf/closed/wall/mineral/titanium/var/air
runtime error: 
[16:45:07]undefined variable /turf/closed/wall/mineral/titanium/var/air
runtime error: 
[16:45:07]undefined variable /turf/closed/wall/mineral/titanium/var/air
runtime error: 
[16:45:07]undefined variable /turf/closed/wall/mineral/titanium/var/air
runtime error: 
[16:45:07]undefined variable /turf/closed/wall/mineral/titanium/var/air
runtime error: 
[16:45:07]undefined variable /turf/closed/wall/mineral/titanium/var/air
runtime error: 
[16:45:07]Cannot execute null.archive().
runtime error: 
[16:45:07]Cannot read null.gases
runtime error: 
[16:45:07]Cannot execute null.archive().
runtime error: 
[16:45:07]Cannot read null.gases
runtime error: 
[16:45:07]undefined variable /turf/closed/wall/mineral/titanium/var/air
runtime error: 
[16:45:07]Cannot execute null.archive().
runtime error: 
[16:45:07]Cannot read null.gases
runtime error: 
[16:45:07]undefined variable /turf/closed/wall/mineral/titanium/var/air
runtime error: 
[16:45:07]Cannot execute null.archive().
runtime error: 
[16:45:07]Cannot read null.gases
runtime error: 
[16:45:07]Cannot execute null.archive().
runtime error: 
[16:45:07]Cannot read null.gases
runtime error: 
[16:45:07]Cannot execute null.archive().
runtime error: 
[16:45:07]Cannot read null.gases
runtime error: 
[16:45:07]Cannot execute null.archive().
runtime error: 
[16:45:07]Cannot read null.gases
runtime error: 
[16:45:07]Cannot execute null.archive().
runtime error: 
[16:45:07]Cannot read null.gases
runtime error: 
[16:45:07]Cannot execute null.archive().
runtime error: 
[16:45:07]Cannot read null.gases
runtime error: 
[16:45:07]Cannot execute null.archive().
runtime error: 
[16:45:07]Cannot read null.gases
runtime error: 
[16:45:07]Cannot execute null.archive().
runtime error: 
[16:45:07]Cannot read null.gases
runtime error: 
[16:45:07]Cannot execute null.archive().
runtime error: 
[16:45:07]Cannot read null.gases
runtime error: 
[16:45:07]Cannot execute null.archive().
runtime error: 
[16:45:07]Cannot read null.gases
runtime error: 
[16:45:07]undefined variable /turf/closed/wall/mineral/titanium/var/air
runtime error: 
[16:45:08]Cannot execute null.archive().
runtime error: 
[16:45:08]Cannot read null.gases
runtime error: 
[16:45:08]Cannot execute null.archive().
runtime error: 
[16:45:08]Cannot read null.gases
runtime error: 
[16:45:08]Cannot execute null.archive().
runtime error: 
[16:45:08]Cannot read null.gases
runtime error: 
[16:45:08]Cannot execute null.archive().
runtime error: 
[16:45:08]Cannot read null.gases
runtime error: 
[16:45:08]Cannot execute null.archive().
runtime error: 
[16:45:08]Cannot read null.gases
runtime error: 
[16:45:08]Cannot execute null.archive().
runtime error: 
[16:45:08]Cannot read null.gases
runtime error: 
[16:45:10]undefined variable /turf/closed/wall/mineral/titanium/var/air
runtime error: 
[16:45:10]undefined variable /turf/closed/wall/mineral/titanium/var/air
runtime error: 
[16:50:24]Cannot read null.client
runtime error: 
[16:50:28]Cannot read null.client
runtime error: 
[16:50:30]Cannot read null.client
runtime error: 
[16:50:32]Cannot read null.client
runtime error: 
[16:50:34]Cannot read null.client
runtime error: 
[16:50:36]Cannot read null.client
runtime error: 
[16:50:38]Cannot read null.client
runtime error: 
[16:50:40]Cannot read null.client
runtime error: 
[16:50:42]Cannot read null.client
runtime error: 
[16:50:44]Cannot read null.client
runtime error: 
[16:50:46]Cannot read null.client
runtime error: 
[16:50:48]Cannot read null.client
runtime error: 
[16:50:50]Cannot read null.client
runtime error: 
[16:50:52]Cannot read null.client
runtime error: 
[16:50:54]Cannot read null.client
runtime error: 
[16:50:58]Cannot read null.client
runtime error: 
[16:51:20]Cannot read null.loc
runtime error: 
[16:52:29]nothing to animate
runtime error: 
[17:00:11]Cannot read null.loc
runtime error: 
[17:00:24]Cannot read null.body_part
runtime error: 
[17:00:26]Cannot read null.body_part
runtime error: 
[17:00:27]Cannot read null.body_part
runtime error: 
[17:00:28]Cannot read null.body_part
runtime error: 
[17:00:31]Cannot read null.body_part
runtime error: 
[17:00:32]Cannot read null.body_part
runtime error: 
[17:00:33]Cannot read null.body_part
runtime error: 
[17:00:34]Cannot read null.body_part
runtime error: 
[17:00:36]Cannot read null.body_part
runtime error: 
[17:00:38]Cannot read null.body_part
runtime error: 
[17:00:40]Cannot read null.body_part
runtime error: 
[17:00:42]Cannot read null.body_part
Saved 99 engraved messages on map Box Station
runtime error: 
[17:01:25]Cannot read null.body_part
runtime error: 
[17:01:27]Cannot read null.body_part
runtime error: 
[17:01:44]Cannot read null.loc
runtime error: 
[17:01:52]addtimer called with a callback assigned to a qdeleted object
runtime error: 
[17:01:56]Cannot read null.loc
runtime error: 
[17:02:00]Cannot read null.client
runtime error: 
[17:02:29]Cannot read null.loc
Shutting down Persistence subsystem...
Shutting down pathfinder subsystem...
Shutting down Squeak subsystem...
Shutting down Shuttle subsystem...
Shutting down Lighting subsystem...
Shutting down XKeyScore subsystem...
Shutting down Sticky Ban subsystem...
Shutting down Overlay subsystem...
Shutting down Icon Smoothing subsystem...
Shutting down Assets subsystem...
Shutting down Minimap subsystem...
Shutting down Atmospherics subsystem...
Shutting down Wet floors subsystem...
Shutting down Weather subsystem...
Shutting down Vote subsystem...
Shutting down Traumas subsystem...
Shutting down Title Screen subsystem...
Shutting down Time Tracking subsystem...
Shutting down Throwing subsystem...
Shutting down tgui subsystem...
Shutting down Sun subsystem...
Shutting down Space Drift subsystem...
Shutting down Religion subsystem...
Shutting down Radio subsystem...
Shutting down Radiation subsystem...
Shutting down Projectiles subsystem...
Shutting down Processing subsystem...
Shutting down Parallax subsystem...
Shutting down pAI subsystem...
Shutting down Orbits subsystem...
Shutting down Objects subsystem...
Shutting down NPC Pool subsystem...
Shutting down Night Shift subsystem...
Shutting down Mood subsystem...
Shutting down Mobs subsystem...
Shutting down Medals subsystem...
Shutting down Inbounds subsystem...
Shutting down Idling NPC Pool subsystem...
Shutting down Flightpack Movement subsystem...
Shutting down Fire Burning subsystem...
Shutting down Fields subsystem...
Shutting down Fast Processing subsystem...
Shutting down Disease subsystem...
Shutting down Communications subsystem...
Shutting down Augury subsystem...
Shutting down Acid subsystem...
Shutting down Timer subsystem...
Shutting down Circuit subsystem...
Shutting down Machines subsystem...
Shutting down Language subsystem...
Shutting down Atoms subsystem...
Shutting down Networks subsystem...
Shutting down Mapping subsystem...
Shutting down Ticker subsystem...
Shutting down Traits subsystem...
Shutting down Jobs subsystem...
Shutting down Events subsystem...
Shutting down Research subsystem...
Shutting down Input subsystem...
Shutting down Server Tasks subsystem...
Shutting down Blackbox subsystem...
Shutting down Database subsystem...
Shutting down Garbage subsystem...
Shutdown complete
World rebooted at 17:02:38
