[2018-08-20 01:21:28.498] runtime error: bad index
[2018-08-20 01:21:28.498] proc name: Get (/datum/controller/configuration/proc/Get)
[2018-08-20 01:21:28.498]   source file: configuration.dm,191
[2018-08-20 01:21:28.498]   usr: null
[2018-08-20 01:21:28.498]   src: Configuration (/datum/controller/configuration)
[2018-08-20 01:21:28.498]   call stack:
[2018-08-20 01:21:28.498] Configuration (/datum/controller/configuration): Get(/datum/config_entry/flag/log_w... (/datum/config_entry/flag/log_world_topic))
[2018-08-20 01:21:28.498] world: Topic("status", "198.58.107.171", null, null)
[2018-08-20 01:21:28.498] 
[2018-08-20 01:21:28.499] runtime error: bad index
[2018-08-20 01:21:28.499] proc name: Get (/datum/controller/configuration/proc/Get)
[2018-08-20 01:21:28.499]   source file: configuration.dm,191
[2018-08-20 01:21:28.499]   usr: null
[2018-08-20 01:21:28.499]   src: Configuration (/datum/controller/configuration)
[2018-08-20 01:21:28.499]   call stack:
[2018-08-20 01:21:28.499] Configuration (/datum/controller/configuration): Get(/datum/config_entry/string/com... (/datum/config_entry/string/comms_key))
[2018-08-20 01:21:28.499] /datum/world_topic/status (/datum/world_topic/status): TryRun(/list (/list))
[2018-08-20 01:21:28.499] world: Topic("status", "198.58.107.171", null, null)
[2018-08-20 01:21:28.499] 
[2018-08-20 01:21:28.500] runtime error: bad index
[2018-08-20 01:21:28.500] proc name: Get (/datum/controller/configuration/proc/Get)
[2018-08-20 01:21:28.500]   source file: configuration.dm,191
[2018-08-20 01:21:28.500]   usr: null
[2018-08-20 01:21:28.500]   src: Configuration (/datum/controller/configuration)
[2018-08-20 01:21:28.500]   call stack:
[2018-08-20 01:21:28.500] Configuration (/datum/controller/configuration): Get(/datum/config_entry/flag/nores... (/datum/config_entry/flag/norespawn))
[2018-08-20 01:21:28.500] /datum/world_topic/status (/datum/world_topic/status): Run(/list (/list))
[2018-08-20 01:21:28.500] /datum/world_topic/status (/datum/world_topic/status): TryRun(/list (/list))
[2018-08-20 01:21:28.500] world: Topic("status", "198.58.107.171", null, null)
[2018-08-20 01:21:28.500] 
[2018-08-20 01:21:28.500] runtime error: bad index
[2018-08-20 01:21:28.500] proc name: Get (/datum/controller/configuration/proc/Get)
[2018-08-20 01:21:28.500]   source file: configuration.dm,191
[2018-08-20 01:21:28.500]   usr: null
[2018-08-20 01:21:28.500]   src: Configuration (/datum/controller/configuration)
[2018-08-20 01:21:28.500]   call stack:
[2018-08-20 01:21:28.500] Configuration (/datum/controller/configuration): Get(/datum/config_entry/flag/allow... (/datum/config_entry/flag/allow_vote_mode))
[2018-08-20 01:21:28.500] /datum/world_topic/status (/datum/world_topic/status): Run(/list (/list))
[2018-08-20 01:21:28.500] /datum/world_topic/status (/datum/world_topic/status): TryRun(/list (/list))
[2018-08-20 01:21:28.500] world: Topic("status", "198.58.107.171", null, null)
[2018-08-20 01:21:28.500] 
[2018-08-20 01:21:28.501] runtime error: bad index
[2018-08-20 01:21:28.502] proc name: Get (/datum/controller/configuration/proc/Get)
[2018-08-20 01:21:28.502]   source file: configuration.dm,191
[2018-08-20 01:21:28.502]   usr: null
[2018-08-20 01:21:28.502]   src: Configuration (/datum/controller/configuration)
[2018-08-20 01:21:28.502]   call stack:
[2018-08-20 01:21:28.502] Configuration (/datum/controller/configuration): Get(/datum/config_entry/flag/allow... (/datum/config_entry/flag/allow_ai))
[2018-08-20 01:21:28.502] /datum/world_topic/status (/datum/world_topic/status): Run(/list (/list))
[2018-08-20 01:21:28.502] /datum/world_topic/status (/datum/world_topic/status): TryRun(/list (/list))
[2018-08-20 01:21:28.502] world: Topic("status", "198.58.107.171", null, null)
[2018-08-20 01:21:28.502] 
[2018-08-20 01:21:28.502] runtime error: Cannot read null.commit
[2018-08-20 01:21:28.502] proc name: Run (/datum/world_topic/status/Run)
[2018-08-20 01:21:28.502]   source file: world_topic.dm,151
[2018-08-20 01:21:28.502]   usr: null
[2018-08-20 01:21:28.502]   src: /datum/world_topic/status (/datum/world_topic/status)
[2018-08-20 01:21:28.502]   call stack:
[2018-08-20 01:21:28.502] /datum/world_topic/status (/datum/world_topic/status): Run(/list (/list))
[2018-08-20 01:21:28.503] /datum/world_topic/status (/datum/world_topic/status): TryRun(/list (/list))
[2018-08-20 01:21:28.503] world: Topic("status", "198.58.107.171", null, null)
[2018-08-20 01:21:28.503] 
[2018-08-20 01:21:28.503] runtime error: bad index
[2018-08-20 01:21:28.503] proc name: Get (/datum/controller/configuration/proc/Get)
[2018-08-20 01:21:28.503]   source file: configuration.dm,191
[2018-08-20 01:21:28.503]   usr: null
[2018-08-20 01:21:28.503]   src: Configuration (/datum/controller/configuration)
[2018-08-20 01:21:28.503]   call stack:
[2018-08-20 01:21:28.503] Configuration (/datum/controller/configuration): Get(/datum/config_entry/flag/log_w... (/datum/config_entry/flag/log_world_topic))
[2018-08-20 01:21:28.503] world: Topic("status", "212.237.9.101", null, null)
[2018-08-20 01:21:28.503] 
[2018-08-20 01:21:28.504] runtime error: bad index
[2018-08-20 01:21:28.504] proc name: Get (/datum/controller/configuration/proc/Get)
[2018-08-20 01:21:28.504]   source file: configuration.dm,191
[2018-08-20 01:21:28.504]   usr: null
[2018-08-20 01:21:28.504]   src: Configuration (/datum/controller/configuration)
[2018-08-20 01:21:28.504]   call stack:
[2018-08-20 01:21:28.504] Configuration (/datum/controller/configuration): Get(/datum/config_entry/string/com... (/datum/config_entry/string/comms_key))
[2018-08-20 01:21:28.504] /datum/world_topic/status (/datum/world_topic/status): TryRun(/list (/list))
[2018-08-20 01:21:28.504] world: Topic("status", "212.237.9.101", null, null)
[2018-08-20 01:21:28.504] 
[2018-08-20 01:21:28.505] runtime error: bad index
[2018-08-20 01:21:28.505] proc name: Get (/datum/controller/configuration/proc/Get)
[2018-08-20 01:21:28.505]   source file: configuration.dm,191
[2018-08-20 01:21:28.505]   usr: null
[2018-08-20 01:21:28.505]   src: Configuration (/datum/controller/configuration)
[2018-08-20 01:21:28.505]   call stack:
[2018-08-20 01:21:28.505] Configuration (/datum/controller/configuration): Get(/datum/config_entry/flag/nores... (/datum/config_entry/flag/norespawn))
[2018-08-20 01:21:28.505] /datum/world_topic/status (/datum/world_topic/status): Run(/list (/list))
[2018-08-20 01:21:28.505] /datum/world_topic/status (/datum/world_topic/status): TryRun(/list (/list))
[2018-08-20 01:21:28.505] world: Topic("status", "212.237.9.101", null, null)
[2018-08-20 01:21:28.505] 
[2018-08-20 01:21:28.506] runtime error: bad index
[2018-08-20 01:21:28.506] proc name: Get (/datum/controller/configuration/proc/Get)
[2018-08-20 01:21:28.506]   source file: configuration.dm,191
[2018-08-20 01:21:28.506]   usr: null
[2018-08-20 01:21:28.506]   src: Configuration (/datum/controller/configuration)
[2018-08-20 01:21:28.506]   call stack:
[2018-08-20 01:21:28.506] Configuration (/datum/controller/configuration): Get(/datum/config_entry/flag/allow... (/datum/config_entry/flag/allow_vote_mode))
[2018-08-20 01:21:28.506] /datum/world_topic/status (/datum/world_topic/status): Run(/list (/list))
[2018-08-20 01:21:28.506] /datum/world_topic/status (/datum/world_topic/status): TryRun(/list (/list))
[2018-08-20 01:21:28.506] world: Topic("status", "212.237.9.101", null, null)
[2018-08-20 01:21:28.506] 
[2018-08-20 01:21:28.506] runtime error: bad index
[2018-08-20 01:21:28.506] proc name: Get (/datum/controller/configuration/proc/Get)
[2018-08-20 01:21:28.506]   source file: configuration.dm,191
[2018-08-20 01:21:28.506] 
[2018-08-20 01:21:28.506] runtime error: Cannot read null.commit
[2018-08-20 01:21:28.506] proc name: Run (/datum/world_topic/status/Run)
[2018-08-20 01:21:28.506]   source file: world_topic.dm,151
[2018-08-20 01:21:28.506] 
[2018-08-20 01:21:28.507] runtime error: bad index
[2018-08-20 01:21:28.507] proc name: Get (/datum/controller/configuration/proc/Get)
[2018-08-20 01:21:28.507]   source file: configuration.dm,191
[2018-08-20 01:21:28.507] 
[2018-08-20 01:21:28.507] runtime error: bad index
[2018-08-20 01:21:28.507] proc name: Get (/datum/controller/configuration/proc/Get)
[2018-08-20 01:21:28.507]   source file: configuration.dm,191
[2018-08-20 01:21:28.507] 
[2018-08-20 01:21:28.508] runtime error: bad index
[2018-08-20 01:21:28.508] proc name: Get (/datum/controller/configuration/proc/Get)
[2018-08-20 01:21:28.508]   source file: configuration.dm,191
[2018-08-20 01:21:28.508] 
[2018-08-20 01:21:28.508] runtime error: bad index
[2018-08-20 01:21:28.508] proc name: Get (/datum/controller/configuration/proc/Get)
[2018-08-20 01:21:28.508]   source file: configuration.dm,191
[2018-08-20 01:21:28.508] 
[2018-08-20 01:21:28.508] runtime error: bad index
[2018-08-20 01:21:28.508] proc name: Get (/datum/controller/configuration/proc/Get)
[2018-08-20 01:21:28.508]   source file: configuration.dm,191
[2018-08-20 01:21:28.508] 
[2018-08-20 01:21:28.508] runtime error: Cannot read null.commit
[2018-08-20 01:21:28.508] proc name: Run (/datum/world_topic/status/Run)
[2018-08-20 01:21:28.508]   source file: world_topic.dm,151
[2018-08-20 01:21:28.508] 
[2018-08-20 01:21:28.509] runtime error: bad index
[2018-08-20 01:21:28.509] proc name: Get (/datum/controller/configuration/proc/Get)
[2018-08-20 01:21:28.509]   source file: configuration.dm,191
[2018-08-20 01:21:28.509] 
[2018-08-20 01:21:28.509] runtime error: bad index
[2018-08-20 01:21:28.509] proc name: Get (/datum/controller/configuration/proc/Get)
[2018-08-20 01:21:28.509]   source file: configuration.dm,191
[2018-08-20 01:21:28.509] 
[2018-08-20 01:21:28.510] runtime error: bad index
[2018-08-20 01:21:28.510] proc name: Get (/datum/controller/configuration/proc/Get)
[2018-08-20 01:21:28.510]   source file: configuration.dm,191
[2018-08-20 01:21:28.510] 
[2018-08-20 01:21:28.510] runtime error: bad index
[2018-08-20 01:21:28.510] proc name: Get (/datum/controller/configuration/proc/Get)
[2018-08-20 01:21:28.510]   source file: configuration.dm,191
[2018-08-20 01:21:28.510] 
[2018-08-20 01:21:28.510] runtime error: bad index
[2018-08-20 01:21:28.510] proc name: Get (/datum/controller/configuration/proc/Get)
[2018-08-20 01:21:28.510]   source file: configuration.dm,191
[2018-08-20 01:21:28.510] 
[2018-08-20 01:21:28.510] runtime error: Cannot read null.commit
[2018-08-20 01:21:28.510] proc name: Run (/datum/world_topic/status/Run)
[2018-08-20 01:21:28.510]   source file: world_topic.dm,151
[2018-08-20 01:21:28.510] 
[2018-08-20 01:21:28.511] runtime error: bad index
[2018-08-20 01:21:28.511] proc name: Get (/datum/controller/configuration/proc/Get)
[2018-08-20 01:21:28.511]   source file: configuration.dm,191
[2018-08-20 01:21:28.511] 
[2018-08-20 01:21:28.511] runtime error: bad index
[2018-08-20 01:21:28.511] proc name: Get (/datum/controller/configuration/proc/Get)
[2018-08-20 01:21:28.511]   source file: configuration.dm,191
[2018-08-20 01:21:28.511] 
[2018-08-20 01:21:28.512] runtime error: bad index
[2018-08-20 01:21:28.512] proc name: Get (/datum/controller/configuration/proc/Get)
[2018-08-20 01:21:28.512]   source file: configuration.dm,191
[2018-08-20 01:21:28.512] 
[2018-08-20 01:21:28.512] runtime error: bad index
[2018-08-20 01:21:28.512] proc name: Get (/datum/controller/configuration/proc/Get)
[2018-08-20 01:21:28.512]   source file: configuration.dm,191
[2018-08-20 01:21:28.512] 
[2018-08-20 01:21:28.512] runtime error: bad index
[2018-08-20 01:21:28.512] proc name: Get (/datum/controller/configuration/proc/Get)
[2018-08-20 01:21:28.512]   source file: configuration.dm,191
[2018-08-20 01:21:28.512] 
[2018-08-20 01:21:28.512] runtime error: Cannot read null.commit
[2018-08-20 01:21:28.513] proc name: Run (/datum/world_topic/status/Run)
[2018-08-20 01:21:28.513]   source file: world_topic.dm,151
[2018-08-20 01:21:28.513] 
[2018-08-20 01:21:28.513] runtime error: bad index
[2018-08-20 01:21:28.513] proc name: Get (/datum/controller/configuration/proc/Get)
[2018-08-20 01:21:28.513]   source file: configuration.dm,191
[2018-08-20 01:21:28.513] 
[2018-08-20 01:21:28.513] runtime error: bad index
[2018-08-20 01:21:28.513] proc name: Get (/datum/controller/configuration/proc/Get)
[2018-08-20 01:21:28.513]   source file: configuration.dm,191
[2018-08-20 01:21:28.513] 
[2018-08-20 01:21:28.514] runtime error: bad index
[2018-08-20 01:21:28.514] proc name: Get (/datum/controller/configuration/proc/Get)
[2018-08-20 01:21:28.514]   source file: configuration.dm,191
[2018-08-20 01:21:28.514] 
[2018-08-20 01:21:28.514] runtime error: bad index
[2018-08-20 01:21:28.514] proc name: Get (/datum/controller/configuration/proc/Get)
[2018-08-20 01:21:28.514]   source file: configuration.dm,191
[2018-08-20 01:21:28.514] 
[2018-08-20 01:21:28.514] runtime error: bad index
[2018-08-20 01:21:28.514] proc name: Get (/datum/controller/configuration/proc/Get)
[2018-08-20 01:21:28.514]   source file: configuration.dm,191
[2018-08-20 01:21:28.514] 
[2018-08-20 01:21:28.515] runtime error: Cannot read null.commit
[2018-08-20 01:21:28.515] proc name: Run (/datum/world_topic/status/Run)
[2018-08-20 01:21:28.515]   source file: world_topic.dm,151
[2018-08-20 01:21:28.515] 
[2018-08-20 01:21:28.608] Running /tg/ revision:
[2018-08-20 01:21:28.609] f007f9d4db595f9b904cd4e7d6b1930b1192d360: 2018-08-09
[2018-08-20 01:21:28.609] runtime error: list index out of bounds
[2018-08-20 01:21:28.609] proc name: New (/datum/getrev/New)
[2018-08-20 01:21:28.609]   source file: getrev.dm,23
[2018-08-20 01:21:28.609] 
[2018-08-20 01:21:28.619] Loading config file config.txt...
[2018-08-20 01:21:28.621] Loading config file game_options.txt...
[2018-08-20 01:21:28.622] Unknown setting in configuration: 'w##'
[2018-08-20 01:21:28.623] Entry human_delay is deprecated and will be removed soon. Migrate to multiplicative_movespeed! Suggested new value is: /mob/living/carbon/human 0
[2018-08-20 01:21:28.624] Entry robot_delay is deprecated and will be removed soon. Migrate to multiplicative_movespeed! Suggested new value is: /mob/living/silicon/robot 0
[2018-08-20 01:21:28.625] Entry monkey_delay is deprecated and will be removed soon. Migrate to multiplicative_movespeed! Suggested new value is: /mob/living/carbon/monkey 0
[2018-08-20 01:21:28.626] Entry alien_delay is deprecated and will be removed soon. Migrate to multiplicative_movespeed! Suggested new value is: /mob/living/carbon/alien 0
[2018-08-20 01:21:28.627] Entry slime_delay is deprecated and will be removed soon. Migrate to multiplicative_movespeed! Suggested new value is: /mob/living/simple_animal/slime 0
[2018-08-20 01:21:28.627] Entry animal_delay is deprecated and will be removed soon. Migrate to multiplicative_movespeed! Suggested new value is: /mob/living/simple_animal 1
[2018-08-20 01:21:28.630] Failed to validate setting "DOUBLE_AGENTS 20" for min_pop
[2018-08-20 01:21:28.631] Failed to validate setting "DOUBLE_AGENTS -1" for max_pop
[2018-08-20 01:21:28.635] Loading config file dbconfig.txt...
[2018-08-20 01:21:28.636] Loading config file comms.txt...
[2018-08-20 01:21:28.641] Loading config file maps.txt...
[2018-08-20 01:21:28.857] Database connection established.
[2018-08-20 01:21:28.890] SQL: Could not get schema version from database
