[2018-08-10 18:51:54.041] Starting up round ID 1900.
[2018-08-10 18:51:54.041] -------------------------
[2018-08-10 18:56:18.703] buckyboy \ Beau Richards \ Captain \ NONE \ ROUNDSTART
[2018-08-10 18:56:19.717] disguiser \ Toaster Unit V2 \ Cyborg \ NONE \ ROUNDSTART
[2018-08-10 18:56:19.717] smarrazzo \ I-DERP \ AI \ NONE \ ROUNDSTART
[2018-08-10 18:56:19.717] boxxybooty \ Honks-The-Crew \ Clown \ NONE \ ROUNDSTART
[2018-08-10 18:56:20.203] pandolphina \ Does-The-Gimmick \ Scientist \ traitor \ ROUNDSTART
[2018-08-10 18:56:20.557] tcor3987 \ Ismael Edwards \ Medical Doctor \ NONE \ ROUNDSTART
[2018-08-10 18:56:20.835] catmanpop \ Arcade Ahri \ Virologist \ NONE \ ROUNDSTART
[2018-08-10 18:56:21.304] bilary \ Lara Black \ Cook \ NONE \ ROUNDSTART
[2018-08-10 18:56:22.022] x1pr0 \ Xavier Brooks \ Chaplain \ NONE \ ROUNDSTART
[2018-08-10 18:56:22.395] coolmandudebro \ John Dick \ Cargo Technician \ NONE \ ROUNDSTART
[2018-08-10 18:58:50.783] Davidththird \ Tyron Jamal \ Assistant \ NONE \ LATEJOIN
[2018-08-10 19:18:03.424] Wilchen \ Sherrie Williams \ Head of Security \ NONE \ LATEJOIN
[2018-08-10 19:25:54.856] TwoTar \ Noah Durstine \ Scientist \ NONE \ LATEJOIN
[2018-08-10 19:37:36.969] Luigi69420 \ Timmy J. \ Botanist \ NONE \ LATEJOIN
[2018-08-10 19:41:48.734] I like D0nUts \ Silent Majority \ Mime \ NONE \ LATEJOIN
[2018-08-10 19:53:18.702] Red Axolotl \ Breaks-The-Bad \ Scientist \ NONE \ LATEJOIN
[2018-08-10 20:07:46.635] XXx_pussydestroyer_xXx \ Kill Me \ Bartender \ NONE \ LATEJOIN
[2018-08-10 20:08:10.737] Felix34ever1 \ Felix Onea \ Chemist \ NONE \ LATEJOIN
[2018-08-10 20:25:57.060] Caryx \ Antonio Moretti \ Shaft Miner \ NONE \ LATEJOIN
