

Starting up round ID 1086. 07:05:59
---------------------
[07:05:59]GAME: Round ID: 1086
[07:05:59]ADMIN: Loading Banlist
[07:06:00]GAME: Saved mode is 'secret'
[07:06:20]GAME: Z-level Away Mission loaded at at 63,63,14
[07:06:20]GAME: Hierophant's Arena loaded at at 110,176,5
[07:06:20]GAME: Ash Walker Nest loaded at at 150,191,5
[07:06:20]GAME: Summoning Ritual loaded at at 119,67,5
[07:06:20]GAME: UFO Crash loaded at at 71,134,5
[07:06:20]GAME: Fountain Hall loaded at at 175,170,5
[07:06:20]GAME: Makeshift Shelter loaded at at 75,166,5
[07:06:20]GAME: Biodome Beach loaded at at 147,44,5
[07:06:20]GAME: UFO Crash loaded at at 176,208,5
[07:06:21]GAME: Derelict 1 loaded at at 103,163,8
[07:06:21]GAME: Syndicate Ambush loaded at at 89,48,7
[07:06:21]GAME: Ancient Cloning Lab loaded at at 194,63,8
[07:06:21]GAME: Asteroid 1 loaded at at 155,75,8
[07:06:21]GAME: Strange Ship loaded at at 138,176,3
[07:06:21]GAME: Derelict 4 loaded at at 41,29,10
[07:06:21]GAME: Derelict Tradepost loaded at at 189,82,11
[07:06:21]GAME: Detached Teleporter loaded at at 98,69,3
[07:06:21]GAME: SCP-294 Containment loaded at at 217,107,10
[07:06:22]GAME: Ancient Space Station loaded at at 153,56,3
[07:06:22]GAME: The Twin-Nexus Hotel loaded at at 36,88,8
[07:06:23]GAME: Feline-Human Combination Den loaded at at 110,131,3
[07:06:23]GAME: Derelict 6 loaded at at 151,157,10
[07:06:23]GAME: Whiteship Dock loaded at at 92,115,10
[07:06:23]GAME: Derelict 3 loaded at at 43,197,9
[07:08:19]GAME: fancy transport ferry loaded at at 115,146,1
[07:08:20]GAME: Box Station Emergency Shuttle loaded at at 116,137,1
[07:08:21]GAME: basic syndicate infiltrator loaded at at 113,137,1
[07:08:22]GAME: cargo ferry (Box) loaded at at 118,142,1
[07:08:22]GAME: labour shuttle (Box) loaded at at 119,144,1
[07:08:22]GAME: arrival shuttle (Box) loaded at at 114,145,1
[07:08:22]GAME: mining shuttle (Box) loaded at at 119,145,1
[07:08:23]GAME: NT Recovery Whiteship loaded at at 107,141,1
[07:11:31]ACCESS: Login: CthulhuOnIce from 71.194.56.154-3037325760 || BYOND v512
[07:11:31]ACCESS: Mob Login: CthulhuOnIce/(CthulhuOnIce) was assigned to a /mob/dead/new_player
[07:13:03]ADMIN: CthulhuOnIce has started the game.
[07:13:03]GAME: CthulhuOnIce (ckey) has been selected as a traitor
[07:13:06]ACCESS: Mob Login: CthulhuOnIce/(Tun-Pad) was assigned to a /mob/living/carbon/human
[07:13:09]SAY: mouse/ : Squeek? (161,165,2)
[07:13:09]SAY: Medibot/ : Radar, put a mask on! (154,73,1)
[07:13:11]EMOTE: *no key*/(grey baby slime (991)) : <b>The grey baby slime (991)</b> lights up for a bit, then stops. (166,93,2)
[07:13:12]SAY: Prison Ofitser/ : Engaging patrol mode. (23,36,5)
[07:13:12]SAY: Prison Ofitser/ : Disengaging patrol mode. (23,36,5)
[07:13:12]SAY: Officer Beepsky/ : Engaging patrol mode. (94,159,2)
[07:13:14]EMOTE: *no key*/(Poly) : <b>Poly</b> turns and flies towards the Zippo lighter. (117,83,2)
[07:13:19]EMOTE: *no key*/(Pegwing) : <b>Pegwing</b> turns and flies towards the bedsheet. (140,85,7)
[07:13:27]EMOTE: *no key*/(Runtime) : <b>Runtime</b> lies down. (159,110,2)
[07:13:33]SAY: mouse/ : Squeek? (197,121,2)
[07:13:33]EMOTE: *no key*/(crab) : <b>The crab</b> clacks. (151,56,5)
[07:13:37]SAY: Lieutenant Ian/ : Bark! (108,116,2)
[07:13:38]EMOTE: *no key*/(monkey (501)) : <b>The monkey (501)</b> scratches. (158,99,2)
[07:13:41]SAY: Lieutenant Ian/ : Woof! (108,116,2)
[07:13:45]GAME: <span class='boldannounce'>Rebooting World. Initiated by CthulhuOnIce.</span>
[07:13:45]ACCESS: Logout: CthulhuOnIce/(Tun-Pad)
