

Starting up round ID 379. 06:08:13
---------------------
Initialized Database subsystem within 0 seconds!
Initialized Blackbox subsystem within 0 seconds!
Initialized Server Tasks subsystem within 0 seconds!
Initialized Input subsystem within 0 seconds!
Initialized Research subsystem within 0 seconds!
Initialized Events subsystem within 0 seconds!
Initialized Jobs subsystem within 0 seconds!
Initialized Traits subsystem within 0 seconds!
Initialized Ticker subsystem within 0 seconds!
Loading Box Station...
Loaded Station in 10.7s!
Loaded Lavaland in 5.4s!
Loaded Reebe in 3.9s!
Ruin loader finished with 0 left to spend.
Ruin loader finished with 0 left to spend.
Initialized Mapping subsystem within 28.7 seconds!
Initialized Networks subsystem within 0 seconds!
runtime error: 
[06:08:53]Cannot read null.buttons_locked
[06:08:53]proc name: New (/datum/hud/New)
[06:08:53]  source file: hud.dm,58
[06:08:53]  usr: Oscswe (/mob/dead/new_player)
[06:08:53]  src: /datum/hud (/datum/hud)
[06:08:53]  usr.loc: the plating (8,174,1) (/turf/open/floor/plating)
[06:08:53]  call stack:
[06:08:53]/datum/hud (/datum/hud): New(Oscswe (/mob/dead/new_player), 'icons/mob/screen_midnight.dmi')
[06:08:53]Oscswe (/mob/dead/new_player): create mob hud()
[06:08:53]Oscswe (/mob/dead/new_player): Login()
[06:08:53]Oscswe (/mob/dead/new_player): Login()
[06:08:53]Oscswe (/client): New(null)
runtime error: 
[06:08:53]list index out of bounds
[06:08:53]proc name: getviewsize (/proc/getviewsize)
[06:08:53]  source file: view.dm,10
[06:08:53]  usr: Oscswe (/mob/dead/new_player)
[06:08:53]  src: null
[06:08:53]  usr.loc: the plating (8,174,1) (/turf/open/floor/plating)
[06:08:53]  call stack:
[06:08:53]getviewsize(null)
[06:08:53]Oscswe (/client): apply clickcatcher()
[06:08:53]/datum/hud (/datum/hud): show hud(1, null)
[06:08:53]Oscswe (/mob/dead/new_player): Login()
[06:08:53]Oscswe (/mob/dead/new_player): Login()
[06:08:53]Oscswe (/client): New(null)
runtime error: 
[06:08:53]cannot read from list
[06:08:53]proc name: apply clickcatcher (/client/proc/apply_clickcatcher)
[06:08:53]  source file: client_procs.dm,734
[06:08:53]  usr: Oscswe (/mob/dead/new_player)
[06:08:53]  src: Oscswe (/client)
[06:08:53]  usr.loc: the plating (8,174,1) (/turf/open/floor/plating)
[06:08:53]  call stack:
[06:08:53]Oscswe (/client): apply clickcatcher()
[06:08:53]/datum/hud (/datum/hud): show hud(1, null)
[06:08:53]Oscswe (/mob/dead/new_player): Login()
[06:08:53]Oscswe (/mob/dead/new_player): Login()
[06:08:53]Oscswe (/client): New(null)
runtime error: 
[06:08:53]Cannot modify null.color.
[06:08:53]proc name: remove parallax (/datum/hud/proc/remove_parallax)
[06:08:53]  source file: parallax.dm,54
[06:08:53]  usr: Oscswe (/mob/dead/new_player)
[06:08:53]  src: /datum/hud (/datum/hud)
[06:08:53]  usr.loc: the plating (8,174,1) (/turf/open/floor/plating)
[06:08:53]  call stack:
[06:08:53]/datum/hud (/datum/hud): remove parallax(Oscswe (/mob/dead/new_player))
[06:08:53]/datum/hud (/datum/hud): update parallax pref(Oscswe (/mob/dead/new_player))
[06:08:53]/datum/hud (/datum/hud): show hud(1, null)
[06:08:53]Oscswe (/mob/dead/new_player): Login()
[06:08:53]Oscswe (/mob/dead/new_player): Login()
[06:08:53]Oscswe (/client): New(null)
runtime error: 
[06:08:53]Cannot modify null.color.
[06:08:53]proc name: create parallax (/datum/hud/proc/create_parallax)
[06:08:53]  source file: parallax.dm,37
[06:08:53]  usr: Oscswe (/mob/dead/new_player)
[06:08:53]  src: /datum/hud (/datum/hud)
[06:08:53]  usr.loc: the plating (8,174,1) (/turf/open/floor/plating)
[06:08:53]  call stack:
[06:08:53]/datum/hud (/datum/hud): create parallax(Oscswe (/mob/dead/new_player))
[06:08:53]/datum/hud (/datum/hud): update parallax pref(Oscswe (/mob/dead/new_player))
[06:08:53]/datum/hud (/datum/hud): show hud(1, null)
[06:08:53]Oscswe (/mob/dead/new_player): Login()
[06:08:53]Oscswe (/mob/dead/new_player): Login()
[06:08:53]Oscswe (/client): New(null)
runtime error: 
[06:08:53]Cannot read null.player_actions
[06:08:53]proc name: Login (/mob/Login)
[06:08:53]  source file: login.dm,46
[06:08:53]  usr: (src)
[06:08:53]  src: Oscswe (/mob/dead/new_player)
[06:08:53]  src.loc: the plating (8,174,1) (/turf/open/floor/plating)
[06:08:53]  call stack:
[06:08:53]Oscswe (/mob/dead/new_player): Login()
[06:08:53]Oscswe (/mob/dead/new_player): Login()
[06:08:53]Oscswe (/client): New(null)
runtime error: 
[06:08:53]type mismatch:  + 
[06:08:53]proc name: send asset list (/proc/send_asset_list)
[06:08:53]  source file: asset_cache.dm,88
[06:08:53]  usr: Oscswe (/mob/dead/new_player)
[06:08:53]  src: null
[06:08:53]  usr.loc: the plating (8,174,1) (/turf/open/floor/plating)
[06:08:53]  call stack:
[06:08:53]send asset list(Oscswe (/client), /list (/list), 0)
[06:08:53]/datum/browser (/datum/browser): open(0)
[06:08:53]Oscswe (/mob/dead/new_player): new player panel()
[06:08:53]Oscswe (/mob/dead/new_player): Login()
[06:08:53]Oscswe (/client): New(null)
Initialized Atoms subsystem within 42.6 seconds!
Initialized Language subsystem within 0 seconds!
Initialized Machines subsystem within 0.3 seconds!
Initialized Circuit subsystem within 0.1 seconds!
Initialized Disease subsystem within 0 seconds!
Initialized Medals subsystem within 0 seconds!
Initialized Night Shift subsystem within 0 seconds!
Initialized Parallax subsystem within 0 seconds!
Initialized Traumas subsystem within 0.1 seconds!
Initialized Weather subsystem within 0 seconds!
## WARNING: There are 10 active turfs at roundstart, this is a mapping error caused by a difference of the air between the adjacent turfs. You can see its coordinates using "Mapping -> Show roundstart AT list" verb (debug verbs required)
## WARNING: HEY! LISTEN! 0.9 seconds were wasted processing 10 turf(s) (connected to 18933 other turfs) with atmos differences at round start.
Initialized Atmospherics subsystem within 13 seconds!
Initialized Minimap subsystem within 0 seconds!
Initialized Assets subsystem within 0.9 seconds!
Initialized Icon Smoothing subsystem within 5.1 seconds!
Initialized Overlay subsystem within 26.5 seconds!
Initialized XKeyScore subsystem within 0 seconds!
Initialized Sticky Ban subsystem within 0 seconds!
Initialized Lighting subsystem within 13.2 seconds!
Initialized Shuttle subsystem within 20.3 seconds!
Initialized Squeak subsystem within 0 seconds!
Initialized pathfinder subsystem within 0 seconds!
Loaded 2 engraved messages on map Box Station
Initialized Persistence subsystem within 0.1 seconds!
Initializations complete within 151.1 seconds!
Game start took 10.7s
runtime error: 
[06:13:38]nothing to animate
[06:13:38]proc name: shake camera (/proc/shake_camera)
[06:13:38]  source file: mob_helpers.dm,270
[06:13:38]  usr: (src)
[06:13:38]  src: null
[06:13:38]  call stack:
[06:13:38]shake camera(Gunner Lauffer (/mob/living/carbon/human), 0.75, 1)
[06:13:38]Gunner Lauffer (/mob/living/carbon/human): afterShuttleMove(space (23,19,13) (/turf/open/space/transit/west), /list (/list), 8, 8, 8, 0)
[06:13:38]Gunner Lauffer (/mob/living/carbon/human): afterShuttleMove(space (23,19,13) (/turf/open/space/transit/west), /list (/list), 8, 8, 8, 0)
[06:13:38]the arrivals shuttle (/obj/docking_port/mobile/arrivals): cleanup runway(the arrivals (/obj/docking_port/stationary), /list (/list), /list (/list), /list (/list), /list (/list), 0, 8, Space (/area/space), /turf/open/space/transit/west (/turf/open/space/transit/west), /turf/open/space (/turf/open/space))
[06:13:38]the arrivals shuttle (/obj/docking_port/mobile/arrivals): initiate docking(the arrivals (/obj/docking_port/stationary), 8, 0)
[06:13:38]the arrivals shuttle (/obj/docking_port/mobile/arrivals): initiate docking(the arrivals (/obj/docking_port/stationary), 8)
[06:13:38]the arrivals shuttle (/obj/docking_port/mobile/arrivals): check()
[06:13:38]the arrivals shuttle (/obj/docking_port/mobile/arrivals): check()
[06:13:38]Shuttle (/datum/controller/subsystem/shuttle): fire(0)
[06:13:38]Shuttle (/datum/controller/subsystem/shuttle): ignite(0)
runtime error: 
[06:15:47]Cannot read null.current
[06:15:47]proc name: create objectives (/datum/antagonist/wizard/apprentice/create_objectives)
[06:15:47]  source file: wizard.dm,221
[06:15:47]  usr: Illiana The Wise (/mob/living/carbon/human)
[06:15:47]  src: Wizard Apprentice (/datum/antagonist/wizard/apprentice)
[06:15:47]  usr.loc: the engraved floor (28,76,1) (/turf/open/floor/engine/cult)
[06:15:47]  call stack:
[06:15:47]Wizard Apprentice (/datum/antagonist/wizard/apprentice): create objectives()
[06:15:47]Wizard Apprentice (/datum/antagonist/wizard/apprentice): on gain()
[06:15:47]Gunner Lauffer (/datum/mind): add antag datum(Wizard Apprentice (/datum/antagonist/wizard/apprentice), null)
[06:15:47]Wizard Apprentice (/datum/antagonist/wizard/apprentice): admin add(Gunner Lauffer (/datum/mind), Illiana The Wise (/mob/living/carbon/human))
[06:15:47]Gunner Lauffer (/datum/mind): add antag wrapper(/datum/antagonist/wizard/appre... (/datum/antagonist/wizard/apprentice), Illiana The Wise (/mob/living/carbon/human))
[06:15:47]Gunner Lauffer (/datum/mind): Topic("src=\[0x21000eed];add_antag=/d...", /list (/list))
[06:15:47]GimmesumsuccPls (/client): Topic("src=\[0x21000eed];add_antag=/d...", /list (/list), Gunner Lauffer (/datum/mind))
[06:15:47]GimmesumsuccPls (/client): Topic("src=\[0x21000eed];add_antag=/d...", /list (/list), Gunner Lauffer (/datum/mind))
runtime error: 
[06:15:47]Cannot read null.current
[06:15:47]proc name: equip wizard (/datum/antagonist/wizard/apprentice/equip_wizard)
[06:15:47]  source file: wizard.dm,202
[06:15:47]  usr: Illiana The Wise (/mob/living/carbon/human)
[06:15:47]  src: Wizard Apprentice (/datum/antagonist/wizard/apprentice)
[06:15:47]  usr.loc: the engraved floor (28,76,1) (/turf/open/floor/engine/cult)
[06:15:47]  call stack:
[06:15:47]Wizard Apprentice (/datum/antagonist/wizard/apprentice): equip wizard()
[06:15:47]Wizard Apprentice (/datum/antagonist/wizard/apprentice): on gain()
[06:15:47]Gunner Lauffer (/datum/mind): add antag datum(Wizard Apprentice (/datum/antagonist/wizard/apprentice), null)
[06:15:47]Wizard Apprentice (/datum/antagonist/wizard/apprentice): admin add(Gunner Lauffer (/datum/mind), Illiana The Wise (/mob/living/carbon/human))
[06:15:47]Gunner Lauffer (/datum/mind): add antag wrapper(/datum/antagonist/wizard/appre... (/datum/antagonist/wizard/apprentice), Illiana The Wise (/mob/living/carbon/human))
[06:15:47]Gunner Lauffer (/datum/mind): Topic("src=\[0x21000eed];add_antag=/d...", /list (/list))
[06:15:47]GimmesumsuccPls (/client): Topic("src=\[0x21000eed];add_antag=/d...", /list (/list), Gunner Lauffer (/datum/mind))
[06:15:47]GimmesumsuccPls (/client): Topic("src=\[0x21000eed];add_antag=/d...", /list (/list), Gunner Lauffer (/datum/mind))
runtime error: 
[06:15:47]Cannot read null.current
[06:15:47]proc name: greet (/datum/antagonist/wizard/apprentice/greet)
[06:15:47]  source file: wizard.dm,182
[06:15:47]  usr: Illiana The Wise (/mob/living/carbon/human)
[06:15:47]  src: Wizard Apprentice (/datum/antagonist/wizard/apprentice)
[06:15:47]  usr.loc: the engraved floor (28,76,1) (/turf/open/floor/engine/cult)
[06:15:47]  call stack:
[06:15:47]Wizard Apprentice (/datum/antagonist/wizard/apprentice): greet()
[06:15:47]Wizard Apprentice (/datum/antagonist/wizard/apprentice): on gain()
[06:15:47]Wizard Apprentice (/datum/antagonist/wizard/apprentice): on gain()
[06:15:47]Gunner Lauffer (/datum/mind): add antag datum(Wizard Apprentice (/datum/antagonist/wizard/apprentice), null)
[06:15:47]Wizard Apprentice (/datum/antagonist/wizard/apprentice): admin add(Gunner Lauffer (/datum/mind), Illiana The Wise (/mob/living/carbon/human))
[06:15:47]Gunner Lauffer (/datum/mind): add antag wrapper(/datum/antagonist/wizard/appre... (/datum/antagonist/wizard/apprentice), Illiana The Wise (/mob/living/carbon/human))
[06:15:47]Gunner Lauffer (/datum/mind): Topic("src=\[0x21000eed];add_antag=/d...", /list (/list))
[06:15:47]GimmesumsuccPls (/client): Topic("src=\[0x21000eed];add_antag=/d...", /list (/list), Gunner Lauffer (/datum/mind))
[06:15:47]GimmesumsuccPls (/client): Topic("src=\[0x21000eed];add_antag=/d...", /list (/list), Gunner Lauffer (/datum/mind))
runtime error: 
[06:15:54]nothing to animate
[06:15:54]proc name: shake camera (/proc/shake_camera)
[06:15:54]  source file: mob_helpers.dm,270
[06:15:54]  usr: (src)
[06:15:54]  src: null
[06:15:54]  call stack:
[06:15:54]shake camera(Cindy Kate (/mob/living/carbon/human), 0.75, 1)
[06:15:54]Cindy Kate (/mob/living/carbon/human): afterShuttleMove(space (17,18,13) (/turf/open/space/transit/west), /list (/list), 8, 8, 8, 0)
[06:15:54]Cindy Kate (/mob/living/carbon/human): afterShuttleMove(space (17,18,13) (/turf/open/space/transit/west), /list (/list), 8, 8, 8, 0)
[06:15:54]the arrivals shuttle (/obj/docking_port/mobile/arrivals): cleanup runway(the arrivals (/obj/docking_port/stationary), /list (/list), /list (/list), /list (/list), /list (/list), 0, 8, Space (/area/space), /turf/open/space/transit/west (/turf/open/space/transit/west), /turf/open/space (/turf/open/space))
[06:15:54]the arrivals shuttle (/obj/docking_port/mobile/arrivals): initiate docking(the arrivals (/obj/docking_port/stationary), 8, 0)
[06:15:54]the arrivals shuttle (/obj/docking_port/mobile/arrivals): initiate docking(the arrivals (/obj/docking_port/stationary), 8)
[06:15:54]the arrivals shuttle (/obj/docking_port/mobile/arrivals): check()
[06:15:54]the arrivals shuttle (/obj/docking_port/mobile/arrivals): check()
[06:15:54]Shuttle (/datum/controller/subsystem/shuttle): fire(0)
[06:15:54]Shuttle (/datum/controller/subsystem/shuttle): ignite(0)
runtime error: 
[06:16:22]Cannot read null.current
[06:16:22]proc name: create objectives (/datum/antagonist/wizard/apprentice/create_objectives)
[06:16:22]  source file: wizard.dm,221
[06:16:22]  usr: Illiana The Wise (/mob/living/carbon/human)
[06:16:22]  src: Wizard Apprentice (/datum/antagonist/wizard/apprentice)
[06:16:22]  usr.loc: the engraved floor (28,77,1) (/turf/open/floor/engine/cult)
[06:16:22]  call stack:
[06:16:22]Wizard Apprentice (/datum/antagonist/wizard/apprentice): create objectives()
[06:16:22]Wizard Apprentice (/datum/antagonist/wizard/apprentice): on gain()
[06:16:22]Jonathon Whirlow (/datum/mind): add antag datum(Wizard Apprentice (/datum/antagonist/wizard/apprentice), null)
[06:16:22]Wizard Apprentice (/datum/antagonist/wizard/apprentice): admin add(Jonathon Whirlow (/datum/mind), Illiana The Wise (/mob/living/carbon/human))
[06:16:22]Jonathon Whirlow (/datum/mind): add antag wrapper(/datum/antagonist/wizard/appre... (/datum/antagonist/wizard/apprentice), Illiana The Wise (/mob/living/carbon/human))
[06:16:22]Jonathon Whirlow (/datum/mind): Topic("src=\[0x21001f23];add_antag=/d...", /list (/list))
[06:16:22]GimmesumsuccPls (/client): Topic("src=\[0x21001f23];add_antag=/d...", /list (/list), Jonathon Whirlow (/datum/mind))
[06:16:22]GimmesumsuccPls (/client): Topic("src=\[0x21001f23];add_antag=/d...", /list (/list), Jonathon Whirlow (/datum/mind))
runtime error: 
[06:16:22]Cannot read null.current
[06:16:22]proc name: equip wizard (/datum/antagonist/wizard/apprentice/equip_wizard)
[06:16:22]  source file: wizard.dm,202
[06:16:22]  usr: Illiana The Wise (/mob/living/carbon/human)
[06:16:22]  src: Wizard Apprentice (/datum/antagonist/wizard/apprentice)
[06:16:22]  usr.loc: the engraved floor (28,77,1) (/turf/open/floor/engine/cult)
[06:16:22]  call stack:
[06:16:22]Wizard Apprentice (/datum/antagonist/wizard/apprentice): equip wizard()
[06:16:22]Wizard Apprentice (/datum/antagonist/wizard/apprentice): on gain()
[06:16:22]Jonathon Whirlow (/datum/mind): add antag datum(Wizard Apprentice (/datum/antagonist/wizard/apprentice), null)
[06:16:22]Wizard Apprentice (/datum/antagonist/wizard/apprentice): admin add(Jonathon Whirlow (/datum/mind), Illiana The Wise (/mob/living/carbon/human))
[06:16:22]Jonathon Whirlow (/datum/mind): add antag wrapper(/datum/antagonist/wizard/appre... (/datum/antagonist/wizard/apprentice), Illiana The Wise (/mob/living/carbon/human))
[06:16:22]Jonathon Whirlow (/datum/mind): Topic("src=\[0x21001f23];add_antag=/d...", /list (/list))
[06:16:22]GimmesumsuccPls (/client): Topic("src=\[0x21001f23];add_antag=/d...", /list (/list), Jonathon Whirlow (/datum/mind))
[06:16:22]GimmesumsuccPls (/client): Topic("src=\[0x21001f23];add_antag=/d...", /list (/list), Jonathon Whirlow (/datum/mind))
runtime error: 
[06:16:22]Cannot read null.current
[06:16:22]proc name: greet (/datum/antagonist/wizard/apprentice/greet)
[06:16:22]  source file: wizard.dm,182
[06:16:22]  usr: Illiana The Wise (/mob/living/carbon/human)
[06:16:22]  src: Wizard Apprentice (/datum/antagonist/wizard/apprentice)
[06:16:22]  usr.loc: the engraved floor (28,77,1) (/turf/open/floor/engine/cult)
[06:16:22]  call stack:
[06:16:22]Wizard Apprentice (/datum/antagonist/wizard/apprentice): greet()
[06:16:22]Wizard Apprentice (/datum/antagonist/wizard/apprentice): on gain()
[06:16:22]Wizard Apprentice (/datum/antagonist/wizard/apprentice): on gain()
[06:16:22]Jonathon Whirlow (/datum/mind): add antag datum(Wizard Apprentice (/datum/antagonist/wizard/apprentice), null)
[06:16:22]Wizard Apprentice (/datum/antagonist/wizard/apprentice): admin add(Jonathon Whirlow (/datum/mind), Illiana The Wise (/mob/living/carbon/human))
[06:16:22]Jonathon Whirlow (/datum/mind): add antag wrapper(/datum/antagonist/wizard/appre... (/datum/antagonist/wizard/apprentice), Illiana The Wise (/mob/living/carbon/human))
[06:16:22]Jonathon Whirlow (/datum/mind): Topic("src=\[0x21001f23];add_antag=/d...", /list (/list))
[06:16:22]GimmesumsuccPls (/client): Topic("src=\[0x21001f23];add_antag=/d...", /list (/list), Jonathon Whirlow (/datum/mind))
[06:16:22]GimmesumsuccPls (/client): Topic("src=\[0x21001f23];add_antag=/d...", /list (/list), Jonathon Whirlow (/datum/mind))
runtime error: 
[06:21:59]list index out of bounds
[06:21:59]proc name: tick (/datum/round_event/aurora_caelus/tick)
[06:21:59]  source file: aurora_caelus.dm,39
[06:21:59]  usr: null
[06:21:59]  src: /datum/round_event/aurora_cael... (/datum/round_event/aurora_caelus)
[06:21:59]  call stack:
[06:21:59]/datum/round_event/aurora_cael... (/datum/round_event/aurora_caelus): tick()
[06:21:59]/datum/round_event/aurora_cael... (/datum/round_event/aurora_caelus): process()
[06:21:59]Events (/datum/controller/subsystem/events): fire(0)
[06:21:59]Events (/datum/controller/subsystem/events): ignite(0)
[06:21:59]Master (/datum/controller/master): RunQueue()
[06:21:59]Master (/datum/controller/master): Loop()
[06:21:59]Master (/datum/controller/master): StartProcessing(0)
runtime error: 
[06:27:11]Cannot read null.x
[06:27:11]proc name: onMouseMove (/datum/component/lockon_aiming/onMouseMove)
[06:27:11]  source file: lockon_aiming.dm,133
[06:27:11]  usr: Gurndiff the Blue (/mob/living/carbon/human)
[06:27:11]  src: /datum/component/lockon_aiming (/datum/component/lockon_aiming)
[06:27:11]  usr.loc: the immovable rod (/obj/effect/immovablerod/wizard)
[06:27:11]  call stack:
[06:27:11]/datum/component/lockon_aiming (/datum/component/lockon_aiming): onMouseMove(Rod Form (/obj/screen/movable/action_button), null, "mapwindow.map", "icon-x=12;icon-y=18;screen-loc...")
[06:27:11]Screeeopia (/client): MouseMove(Rod Form (/obj/screen/movable/action_button), null, "mapwindow.map", "icon-x=12;icon-y=18;screen-loc...")
runtime error: 
[06:27:12]Cannot read null.x
[06:27:12]proc name: onMouseMove (/datum/component/lockon_aiming/onMouseMove)
[06:27:12]  source file: lockon_aiming.dm,133
[06:27:12]  usr: Gurndiff the Blue (/mob/living/carbon/human)
[06:27:12]  src: /datum/component/lockon_aiming (/datum/component/lockon_aiming)
[06:27:12]  usr.loc: the immovable rod (/obj/effect/immovablerod/wizard)
[06:27:12]  call stack:
[06:27:12]/datum/component/lockon_aiming (/datum/component/lockon_aiming): onMouseMove(Rod Form (/obj/screen/movable/action_button), null, "mapwindow.map", "icon-x=13;icon-y=18;screen-loc...")
[06:27:12]Screeeopia (/client): MouseMove(Rod Form (/obj/screen/movable/action_button), null, "mapwindow.map", "icon-x=13;icon-y=18;screen-loc...")
runtime error: 
[06:27:12]Cannot read null.x
[06:27:12]proc name: onMouseMove (/datum/component/lockon_aiming/onMouseMove)
[06:27:12]  source file: lockon_aiming.dm,133
[06:27:12]  usr: Gurndiff the Blue (/mob/living/carbon/human)
[06:27:12]  src: /datum/component/lockon_aiming (/datum/component/lockon_aiming)
[06:27:12]  usr.loc: the immovable rod (/obj/effect/immovablerod/wizard)
[06:27:12]  call stack:
[06:27:12]/datum/component/lockon_aiming (/datum/component/lockon_aiming): onMouseMove(Rod Form (/obj/screen/movable/action_button), null, "mapwindow.map", "icon-x=14;icon-y=18;screen-loc...")
[06:27:12]Screeeopia (/client): MouseMove(Rod Form (/obj/screen/movable/action_button), null, "mapwindow.map", "icon-x=14;icon-y=18;screen-loc...")
runtime error: 
[06:27:12]Cannot read null.x
[06:27:12]proc name: onMouseMove (/datum/component/lockon_aiming/onMouseMove)
[06:27:12]  source file: lockon_aiming.dm,133
runtime error: 
[06:27:12]Cannot read null.x
[06:27:12]proc name: onMouseMove (/datum/component/lockon_aiming/onMouseMove)
[06:27:12]  source file: lockon_aiming.dm,133
runtime error: 
[06:27:12]Cannot read null.x
[06:27:12]proc name: onMouseMove (/datum/component/lockon_aiming/onMouseMove)
[06:27:12]  source file: lockon_aiming.dm,133
runtime error: 
[06:27:12]Cannot read null.x
[06:27:12]proc name: onMouseMove (/datum/component/lockon_aiming/onMouseMove)
[06:27:12]  source file: lockon_aiming.dm,133
runtime error: 
[06:27:12]Cannot read null.x
[06:27:12]proc name: onMouseMove (/datum/component/lockon_aiming/onMouseMove)
[06:27:12]  source file: lockon_aiming.dm,133
runtime error: 
[06:27:12]Cannot read null.x
[06:27:12]proc name: onMouseMove (/datum/component/lockon_aiming/onMouseMove)
[06:27:12]  source file: lockon_aiming.dm,133
runtime error: 
[06:27:12]Cannot read null.x
[06:27:12]proc name: onMouseMove (/datum/component/lockon_aiming/onMouseMove)
[06:27:12]  source file: lockon_aiming.dm,133
runtime error: 
[06:30:59]nothing to animate
[06:30:59]proc name: shake camera (/proc/shake_camera)
[06:30:59]  source file: mob_helpers.dm,270
runtime error: 
[06:30:59]nothing to animate
[06:30:59]proc name: shake camera (/proc/shake_camera)
[06:30:59]  source file: mob_helpers.dm,270
runtime error: 
[06:31:29]Cannot read null.x
[06:31:29]proc name: onMouseMove (/datum/component/lockon_aiming/onMouseMove)
[06:31:29]  source file: lockon_aiming.dm,133
runtime error: 
[06:31:32]Cannot read null.x
[06:31:32]proc name: onMouseMove (/datum/component/lockon_aiming/onMouseMove)
[06:31:32]  source file: lockon_aiming.dm,133
runtime error: 
[06:32:11]nothing to animate
[06:32:11]proc name: shake camera (/proc/shake_camera)
[06:32:11]  source file: mob_helpers.dm,270
## WARNING: build_pipeline(): /obj/machinery/atmospherics/pipe/manifold/green/visible added to a pipenet while still having one. (pipes leading to the same spot stacking in one turf) Nearby: (135, 99, 2)
## WARNING: build_pipeline(): /obj/machinery/atmospherics/pipe/manifold/yellow/visible added to a pipenet while still having one. (pipes leading to the same spot stacking in one turf) Nearby: (136, 100, 2)
## WARNING: build_pipeline(): /obj/machinery/atmospherics/pipe/manifold/green/visible added to a pipenet while still having one. (pipes leading to the same spot stacking in one turf) Nearby: (134, 99, 2)
## WARNING: build_pipeline(): /obj/machinery/atmospherics/pipe/simple/yellow/visible added to a pipenet while still having one. (pipes leading to the same spot stacking in one turf) Nearby: (137, 100, 2)
## WARNING: build_pipeline(): /obj/machinery/atmospherics/pipe/simple/green/visible added to a pipenet while still having one. (pipes leading to the same spot stacking in one turf) Nearby: (134, 98, 2)
## WARNING: build_pipeline(): /obj/machinery/atmospherics/pipe/simple/green/visible added to a pipenet while still having one. (pipes leading to the same spot stacking in one turf) Nearby: (133, 99, 2)
## WARNING: build_pipeline(): /obj/machinery/atmospherics/pipe/simple/yellow/visible added to a pipenet while still having one. (pipes leading to the same spot stacking in one turf) Nearby: (138, 100, 2)
## WARNING: build_pipeline(): /obj/machinery/atmospherics/pipe/simple/green/visible added to a pipenet while still having one. (pipes leading to the same spot stacking in one turf) Nearby: (135, 98, 2)
## WARNING: build_pipeline(): /obj/machinery/atmospherics/pipe/simple added to a pipenet while still having one. (pipes leading to the same spot stacking in one turf) Nearby: (139, 100, 2)
## WARNING: build_pipeline(): /obj/machinery/atmospherics/pipe/simple/green/visible added to a pipenet while still having one. (pipes leading to the same spot stacking in one turf) Nearby: (136, 98, 2)
## WARNING: build_pipeline(): further messages about pipenets will be supressed
runtime error: 
[06:39:33]nothing to animate
[06:39:33]proc name: shake camera (/proc/shake_camera)
[06:39:33]  source file: mob_helpers.dm,270
runtime error: 
[06:42:39]nothing to animate
[06:42:39]proc name: shake camera (/proc/shake_camera)
[06:42:39]  source file: mob_helpers.dm,270
runtime error: 
[06:43:40]addtimer called with a callback assigned to a qdeleted object
[06:43:40]proc name: stack trace (/proc/stack_trace)
[06:43:40]  source file: unsorted.dm,1254
runtime error: 
[06:43:41]addtimer called with a callback assigned to a qdeleted object
[06:43:41]proc name: stack trace (/proc/stack_trace)
[06:43:41]  source file: unsorted.dm,1254
runtime error: 
[06:43:41]addtimer called with a callback assigned to a qdeleted object
[06:43:41]proc name: stack trace (/proc/stack_trace)
[06:43:41]  source file: unsorted.dm,1254
runtime error: 
[06:43:41]addtimer called with a callback assigned to a qdeleted object
[06:43:41]proc name: stack trace (/proc/stack_trace)
[06:43:41]  source file: unsorted.dm,1254
runtime error: 
[06:43:41]addtimer called with a callback assigned to a qdeleted object
[06:43:41]proc name: stack trace (/proc/stack_trace)
[06:43:41]  source file: unsorted.dm,1254
runtime error: 
[06:43:41]addtimer called with a callback assigned to a qdeleted object
[06:43:41]proc name: stack trace (/proc/stack_trace)
[06:43:41]  source file: unsorted.dm,1254
runtime error: 
[06:43:47]nothing to animate
[06:43:47]proc name: shake camera (/proc/shake_camera)
[06:43:47]  source file: mob_helpers.dm,270
runtime error: 
[06:49:37]list index out of bounds
[06:49:37]proc name: ui act (/obj/machinery/chem_dispenser/ui_act)
[06:49:37]  source file: chem_dispenser.dm,252
runtime error: 
[06:52:22]nothing to animate
[06:52:22]proc name: shake camera (/proc/shake_camera)
[06:52:22]  source file: mob_helpers.dm,270
runtime error: 
[06:52:44]Cannot read null.loc
[06:52:44]proc name: update parallax (/datum/hud/proc/update_parallax)
[06:52:44]  source file: parallax.dm,170
runtime error: 
[07:02:16]addtimer called with a callback assigned to a qdeleted object
[07:02:16]proc name: stack trace (/proc/stack_trace)
[07:02:16]  source file: unsorted.dm,1254
runtime error: 
[07:04:49]Cannot execute null.start().
[07:04:49]proc name: take damage (/obj/machinery/porta_turret/take_damage)
[07:04:49]  source file: portable_turret.dm,326
runtime error: 
[07:04:50]addtimer called with a callback assigned to a qdeleted object
[07:04:50]proc name: stack trace (/proc/stack_trace)
[07:04:50]  source file: unsorted.dm,1254
runtime error: 
[07:04:50]addtimer called with a callback assigned to a qdeleted object
[07:04:50]proc name: stack trace (/proc/stack_trace)
[07:04:50]  source file: unsorted.dm,1254
runtime error: 
[07:04:50]addtimer called with a callback assigned to a qdeleted object
[07:04:50]proc name: stack trace (/proc/stack_trace)
[07:04:50]  source file: unsorted.dm,1254
runtime error: 
[07:04:50]addtimer called with a callback assigned to a qdeleted object
[07:04:50]proc name: stack trace (/proc/stack_trace)
[07:04:50]  source file: unsorted.dm,1254
runtime error: 
[07:04:51]addtimer called with a callback assigned to a qdeleted object
[07:04:51]proc name: stack trace (/proc/stack_trace)
[07:04:51]  source file: unsorted.dm,1254
runtime error: 
[07:05:13]Cannot read null.client
[07:05:13]proc name: clear visuals (/datum/component/lockon_aiming/proc/clear_visuals)
[07:05:13]  source file: lockon_aiming.dm,80
runtime error: 
[07:05:13]Cannot read null.client
[07:05:13]proc name: show visuals (/datum/component/lockon_aiming/proc/show_visuals)
[07:05:13]  source file: lockon_aiming.dm,65
runtime error: 
[07:05:13]Cannot read null.parent
[07:05:13]proc name: on lockon component (/obj/effect/proc_holder/spell/aimed/spell_cards/proc/on_lockon_component)
[07:05:13]  source file: aimed.dm,159
runtime error: 
[07:06:13]nothing to animate
[07:06:13]proc name: shake camera (/proc/shake_camera)
[07:06:13]  source file: mob_helpers.dm,270
runtime error: 
[07:06:49]nothing to animate
[07:06:49]proc name: shake camera (/proc/shake_camera)
[07:06:49]  source file: mob_helpers.dm,270
runtime error: 
[07:09:12]addtimer called with a callback assigned to a qdeleted object
[07:09:12]proc name: stack trace (/proc/stack_trace)
[07:09:12]  source file: unsorted.dm,1254
runtime error: 
[07:17:08]nothing to animate
[07:17:08]proc name: shake camera (/proc/shake_camera)
[07:17:08]  source file: mob_helpers.dm,270
runtime error: 
[07:21:33]Cannot read null.x
[07:21:33]proc name: onMouseMove (/datum/component/lockon_aiming/onMouseMove)
[07:21:33]  source file: lockon_aiming.dm,133
runtime error: 
[07:21:34]Cannot read null.x
[07:21:34]proc name: onMouseMove (/datum/component/lockon_aiming/onMouseMove)
[07:21:34]  source file: lockon_aiming.dm,133
runtime error: 
[07:21:34]Cannot read null.x
[07:21:34]proc name: onMouseMove (/datum/component/lockon_aiming/onMouseMove)
[07:21:34]  source file: lockon_aiming.dm,133
runtime error: 
[07:21:34]Cannot read null.x
[07:21:34]proc name: onMouseMove (/datum/component/lockon_aiming/onMouseMove)
[07:21:34]  source file: lockon_aiming.dm,133
runtime error: 
[07:21:34]Cannot read null.x
[07:21:34]proc name: onMouseMove (/datum/component/lockon_aiming/onMouseMove)
[07:21:34]  source file: lockon_aiming.dm,133
runtime error: 
[07:21:35]Cannot read null.x
[07:21:35]proc name: onMouseMove (/datum/component/lockon_aiming/onMouseMove)
[07:21:35]  source file: lockon_aiming.dm,133
runtime error: 
[07:21:35]Cannot read null.x
[07:21:35]proc name: onMouseMove (/datum/component/lockon_aiming/onMouseMove)
[07:21:35]  source file: lockon_aiming.dm,133
runtime error: 
[07:21:35]Cannot read null.x
[07:21:35]proc name: onMouseMove (/datum/component/lockon_aiming/onMouseMove)
[07:21:35]  source file: lockon_aiming.dm,133
runtime error: 
[07:21:35]Cannot read null.x
[07:21:35]proc name: onMouseMove (/datum/component/lockon_aiming/onMouseMove)
[07:21:35]  source file: lockon_aiming.dm,133
runtime error: 
[07:25:04]nothing to animate
[07:25:04]proc name: shake camera (/proc/shake_camera)
[07:25:04]  source file: mob_helpers.dm,270
Saved 2 engraved messages on map Box Station
runtime error: 
[07:25:46]addtimer called with a callback assigned to a qdeleted object
[07:25:46]proc name: stack trace (/proc/stack_trace)
[07:25:46]  source file: unsorted.dm,1254
runtime error: 
[07:25:46]addtimer called with a callback assigned to a qdeleted object
[07:25:46]proc name: stack trace (/proc/stack_trace)
[07:25:46]  source file: unsorted.dm,1254
runtime error: 
[07:25:46]addtimer called with a callback assigned to a qdeleted object
[07:25:46]proc name: stack trace (/proc/stack_trace)
[07:25:46]  source file: unsorted.dm,1254
runtime error: 
[07:25:46]addtimer called with a callback assigned to a qdeleted object
[07:25:46]proc name: stack trace (/proc/stack_trace)
[07:25:46]  source file: unsorted.dm,1254
runtime error: 
[07:25:46]addtimer called with a callback assigned to a qdeleted object
[07:25:46]proc name: stack trace (/proc/stack_trace)
[07:25:46]  source file: unsorted.dm,1254
runtime error: 
[07:26:16]Cannot execute null.playsound local().
[07:26:16]proc name: process (/obj/structure/destructible/clockwork/massive/ratvar/process)
[07:26:16]  source file: ratvar_the_clockwork_justicar.dm,85
runtime error: 
[07:26:21]addtimer called with a callback assigned to a qdeleted object
[07:26:21]proc name: stack trace (/proc/stack_trace)
[07:26:21]  source file: unsorted.dm,1254
runtime error: 
[07:26:27]addtimer called with a callback assigned to a qdeleted object
[07:26:27]proc name: stack trace (/proc/stack_trace)
[07:26:27]  source file: unsorted.dm,1254
runtime error: 
[07:26:29]addtimer called with a callback assigned to a qdeleted object
[07:26:29]proc name: stack trace (/proc/stack_trace)
[07:26:29]  source file: unsorted.dm,1254
runtime error: 
[07:26:29]addtimer called with a callback assigned to a qdeleted object
[07:26:29]proc name: stack trace (/proc/stack_trace)
[07:26:29]  source file: unsorted.dm,1254
runtime error: 
[07:26:29]addtimer called with a callback assigned to a qdeleted object
[07:26:29]proc name: stack trace (/proc/stack_trace)
[07:26:29]  source file: unsorted.dm,1254
runtime error: 
[07:26:29]addtimer called with a callback assigned to a qdeleted object
[07:26:29]proc name: stack trace (/proc/stack_trace)
[07:26:29]  source file: unsorted.dm,1254
runtime error: 
[07:26:31]Cannot execute null.playsound local().
[07:26:31]proc name: process (/obj/structure/destructible/clockwork/massive/ratvar/process)
[07:26:31]  source file: ratvar_the_clockwork_justicar.dm,85
runtime error: 
[07:26:31]addtimer called with a callback assigned to a qdeleted object
[07:26:31]proc name: stack trace (/proc/stack_trace)
[07:26:31]  source file: unsorted.dm,1254
runtime error: 
[07:26:34]addtimer called with a callback assigned to a qdeleted object
[07:26:34]proc name: stack trace (/proc/stack_trace)
[07:26:34]  source file: unsorted.dm,1254
runtime error: 
[07:26:36]Cannot execute null.playsound local().
[07:26:36]proc name: process (/obj/structure/destructible/clockwork/massive/ratvar/process)
[07:26:36]  source file: ratvar_the_clockwork_justicar.dm,85
runtime error: 
[07:26:36]addtimer called with a callback assigned to a qdeleted object
[07:26:36]proc name: stack trace (/proc/stack_trace)
[07:26:36]  source file: unsorted.dm,1254
runtime error: 
[07:26:36]addtimer called with a callback assigned to a qdeleted object
[07:26:36]proc name: stack trace (/proc/stack_trace)
[07:26:36]  source file: unsorted.dm,1254
runtime error: 
[07:26:40]addtimer called with a callback assigned to a qdeleted object
[07:26:40]proc name: stack trace (/proc/stack_trace)
[07:26:40]  source file: unsorted.dm,1254
runtime error: 
[07:26:40]addtimer called with a callback assigned to a qdeleted object
[07:26:40]proc name: stack trace (/proc/stack_trace)
[07:26:40]  source file: unsorted.dm,1254
runtime error: 
[07:26:40]addtimer called with a callback assigned to a qdeleted object
[07:26:40]proc name: stack trace (/proc/stack_trace)
[07:26:40]  source file: unsorted.dm,1254
runtime error: 
[07:26:40]addtimer called with a callback assigned to a qdeleted object
[07:26:40]proc name: stack trace (/proc/stack_trace)
[07:26:40]  source file: unsorted.dm,1254
runtime error: 
[07:26:41]addtimer called with a callback assigned to a qdeleted object
[07:26:41]proc name: stack trace (/proc/stack_trace)
[07:26:41]  source file: unsorted.dm,1254
runtime error: 
[07:26:42]addtimer called with a callback assigned to a qdeleted object
[07:26:42]proc name: stack trace (/proc/stack_trace)
[07:26:42]  source file: unsorted.dm,1254
runtime error: 
[07:26:42]addtimer called with a callback assigned to a qdeleted object
[07:26:42]proc name: stack trace (/proc/stack_trace)
[07:26:42]  source file: unsorted.dm,1254
Shutting down Persistence subsystem...
Shutting down pathfinder subsystem...
Shutting down Squeak subsystem...
Shutting down Shuttle subsystem...
Shutting down Lighting subsystem...
Shutting down XKeyScore subsystem...
Shutting down Sticky Ban subsystem...
Shutting down Overlay subsystem...
Shutting down Icon Smoothing subsystem...
Shutting down Assets subsystem...
Shutting down Minimap subsystem...
Shutting down Atmospherics subsystem...
Shutting down Wet floors subsystem...
Shutting down Weather subsystem...
Shutting down Vote subsystem...
Shutting down Traumas subsystem...
Shutting down Title Screen subsystem...
Shutting down Time Tracking subsystem...
Shutting down Throwing subsystem...
Shutting down tgui subsystem...
Shutting down Sun subsystem...
Shutting down Space Drift subsystem...
Shutting down Religion subsystem...
Shutting down Radio subsystem...
Shutting down Radiation subsystem...
Shutting down Projectiles subsystem...
Shutting down Processing subsystem...
Shutting down Parallax subsystem...
Shutting down pAI subsystem...
Shutting down Orbits subsystem...
Shutting down Objects subsystem...
Shutting down NPC Pool subsystem...
Shutting down Night Shift subsystem...
Shutting down Mood subsystem...
Shutting down Mobs subsystem...
Shutting down Medals subsystem...
Shutting down Inbounds subsystem...
Shutting down Idling NPC Pool subsystem...
Shutting down Flightpack Movement subsystem...
Shutting down Fire Burning subsystem...
Shutting down Fields subsystem...
Shutting down Fast Processing subsystem...
Shutting down Disease subsystem...
Shutting down Communications subsystem...
Shutting down Augury subsystem...
Shutting down Acid subsystem...
Shutting down Timer subsystem...
Shutting down Circuit subsystem...
Shutting down Machines subsystem...
Shutting down Language subsystem...
Shutting down Atoms subsystem...
Shutting down Networks subsystem...
Shutting down Mapping subsystem...
Shutting down Ticker subsystem...
Shutting down Traits subsystem...
Shutting down Jobs subsystem...
Shutting down Events subsystem...
Shutting down Research subsystem...
Shutting down Input subsystem...
Shutting down Server Tasks subsystem...
Shutting down Blackbox subsystem...
Shutting down Database subsystem...
Shutting down Garbage subsystem...
Shutdown complete
World rebooted at 07:26:44
runtime error: 
[07:26:44]addtimer called with a callback assigned to a qdeleted object
[07:26:44]proc name: stack trace (/proc/stack_trace)
[07:26:44]  source file: unsorted.dm,1254
