

Starting up round ID 1395. 11:06:58
---------------------
Initialized Database subsystem within 0 seconds!
Initialized Blackbox subsystem within 0 seconds!
Initialized Server Tasks subsystem within 0 seconds!
Initialized Input subsystem within 0 seconds!
Initialized Research subsystem within 0.1 seconds!
Initialized Events subsystem within 0 seconds!
Initialized Jobs subsystem within 0 seconds!
Initialized Traits subsystem within 0 seconds!
Initialized Ticker subsystem within 0 seconds!
Loading BoxStation...
Loaded Station in 5.3s!
Loaded Lavaland in 5.5s!
Loaded Reebe in 5s!
Ruin loader finished with 0 left to spend.
Ruin loader finished with 0 left to spend.
Initialized Mapping subsystem within 28.3 seconds!
Initialized Networks subsystem within 0 seconds!
runtime error: 
[11:07:34]Bad areastring path for Vacant Office APC, area/security/vacantoffice
[11:07:34]proc name: stack trace (/datum/proc/stack_trace)
[11:07:34]  source file: unsorted.dm,1257
[11:07:34]  usr: null
[11:07:34]  src: Vacant Office APC (/obj/machinery/power/apc)
[11:07:34]  src.loc: the floor (88,129,2) (/turf/open/floor/plasteel/grimy)
[11:07:34]  call stack:
[11:07:34]Vacant Office APC (/obj/machinery/power/apc): stack trace("Bad areastring path for Vacant...")
[11:07:34]Vacant Office APC (/obj/machinery/power/apc): Initialize(1)
[11:07:34]Atoms (/datum/controller/subsystem/atoms): InitAtom(Vacant Office APC (/obj/machinery/power/apc), /list (/list))
[11:07:34]Atoms (/datum/controller/subsystem/atoms): InitializeAtoms(null)
[11:07:34]Atoms (/datum/controller/subsystem/atoms): Initialize(400484)
[11:07:34]Master (/datum/controller/master): Initialize(10, 0)
Initialized Atoms subsystem within 39.3 seconds!
Initialized Language subsystem within 0 seconds!
Initialized Machines subsystem within 0.4 seconds!
Initialized Circuit subsystem within 0 seconds!
Initialized Disease subsystem within 0 seconds!
Initialized Medals subsystem within 0 seconds!
Initialized Night Shift subsystem within 0 seconds!
Initialized Parallax subsystem within 0 seconds!
Initialized Traumas subsystem within 0.1 seconds!
Initialized Weather subsystem within 0 seconds!
## WARNING: There are 22 active turfs at roundstart, this is a mapping error caused by a difference of the air between the adjacent turfs. You can see its coordinates using "Mapping -> Show roundstart AT list" verb (debug verbs required)
## WARNING: HEY! LISTEN! 0.1 seconds were wasted processing 22 turf(s) (connected to 3239 other turfs) with atmos differences at round start.
## WARNING: build_pipeline(): /obj/machinery/atmospherics/pipe/simple/supply/hidden added to a pipenet while still having one. (pipes leading to the same spot stacking in one turf) Nearby: (108, 118, 2)
## WARNING: build_pipeline(): /obj/machinery/atmospherics/pipe/manifold/supply/hidden added to a pipenet while still having one. (pipes leading to the same spot stacking in one turf) Nearby: (106, 118, 2)
## WARNING: build_pipeline(): /obj/machinery/atmospherics/pipe/simple/supply/hidden added to a pipenet while still having one. (pipes leading to the same spot stacking in one turf) Nearby: (109, 118, 2)
## WARNING: build_pipeline(): /obj/machinery/atmospherics/pipe/simple/supply/hidden added to a pipenet while still having one. (pipes leading to the same spot stacking in one turf) Nearby: (107, 118, 2)
## WARNING: build_pipeline(): /obj/machinery/atmospherics/pipe/simple/supply/hidden added to a pipenet while still having one. (pipes leading to the same spot stacking in one turf) Nearby: (106, 119, 2)
## WARNING: build_pipeline(): /obj/machinery/atmospherics/pipe/simple/supply/hidden added to a pipenet while still having one. (pipes leading to the same spot stacking in one turf) Nearby: (106, 117, 2)
## WARNING: build_pipeline(): /obj/machinery/atmospherics/pipe/simple/supply/hidden added to a pipenet while still having one. (pipes leading to the same spot stacking in one turf) Nearby: (106, 120, 2)
## WARNING: build_pipeline(): /obj/machinery/atmospherics/pipe/simple/supply/hidden added to a pipenet while still having one. (pipes leading to the same spot stacking in one turf) Nearby: (106, 116, 2)
## WARNING: build_pipeline(): /obj/machinery/atmospherics/pipe/simple/supply/hidden added to a pipenet while still having one. (pipes leading to the same spot stacking in one turf) Nearby: (106, 121, 2)
## WARNING: build_pipeline(): /obj/machinery/atmospherics/pipe/simple/supply/hidden added to a pipenet while still having one. (pipes leading to the same spot stacking in one turf) Nearby: (106, 115, 2)
## WARNING: build_pipeline(): further messages about pipenets will be supressed
Initialized Atmospherics subsystem within 13.8 seconds!
Failed to find backup file for map BoxStation on zlevel 2.
Initialized Assets subsystem within 0.8 seconds!
Initialized Icon Smoothing subsystem within 5.9 seconds!
Initialized Overlay subsystem within 1.1 seconds!
Initialized XKeyScore subsystem within 0 seconds!
Initialized Sticky Ban subsystem within 0 seconds!
Initialized Lighting subsystem within 10.2 seconds!
Initialized Shuttle subsystem within 17.4 seconds!
Initialized Squeak subsystem within 0 seconds!
Initialized pathfinder subsystem within 0 seconds!
Loaded 6 engraved messages on map BoxStation
Initialized Persistence subsystem within 0.1 seconds!
Initializations complete within 117.9 seconds!
Game start took 1.3s
runtime error: 
[13:01:50]nothing to animate
[13:01:50]proc name: shake camera (/proc/shake_camera)
[13:01:50]  source file: mob_helpers.dm,270
[13:01:50]  usr: (src)
[13:01:50]  src: null
[13:01:50]  call stack:
[13:01:50]shake camera(Azrael Watts (/mob/living/carbon/human), 0.75, 1)
[13:01:50]Azrael Watts (/mob/living/carbon/human): afterShuttleMove(space (23,18,13) (/turf/open/space/transit/west), /list (/list), 8, 8, 8, 0)
[13:01:50]Azrael Watts (/mob/living/carbon/human): afterShuttleMove(space (23,18,13) (/turf/open/space/transit/west), /list (/list), 8, 8, 8, 0)
[13:01:50]the arrivals shuttle (/obj/docking_port/mobile/arrivals): cleanup runway(the arrivals (/obj/docking_port/stationary), /list (/list), /list (/list), /list (/list), /list (/list), 0, 8, Space (/area/space), /turf/open/space/transit/west (/turf/open/space/transit/west), /turf/open/space (/turf/open/space))
[13:01:50]the arrivals shuttle (/obj/docking_port/mobile/arrivals): initiate docking(the arrivals (/obj/docking_port/stationary), 8, 0)
[13:01:50]the arrivals shuttle (/obj/docking_port/mobile/arrivals): initiate docking(the arrivals (/obj/docking_port/stationary), 8)
[13:01:50]the arrivals shuttle (/obj/docking_port/mobile/arrivals): check()
[13:01:50]the arrivals shuttle (/obj/docking_port/mobile/arrivals): check()
[13:01:50]Shuttle (/datum/controller/subsystem/shuttle): fire(0)
[13:01:50]Shuttle (/datum/controller/subsystem/shuttle): ignite(0)
runtime error: 
[13:04:51]nothing to animate
[13:04:51]proc name: shake camera (/proc/shake_camera)
[13:04:51]  source file: mob_helpers.dm,270
[13:04:51]  usr: (src)
[13:04:51]  src: null
[13:04:51]  call stack:
[13:04:51]shake camera(Vinnie Jerome (/mob/living/carbon/human), 0.75, 1)
[13:04:51]Vinnie Jerome (/mob/living/carbon/human): afterShuttleMove(space (27,19,13) (/turf/open/space/transit/west), /list (/list), 8, 8, 8, 0)
[13:04:51]Vinnie Jerome (/mob/living/carbon/human): afterShuttleMove(space (27,19,13) (/turf/open/space/transit/west), /list (/list), 8, 8, 8, 0)
[13:04:51]the arrivals shuttle (/obj/docking_port/mobile/arrivals): cleanup runway(the arrivals (/obj/docking_port/stationary), /list (/list), /list (/list), /list (/list), /list (/list), 0, 8, Space (/area/space), /turf/open/space/transit/west (/turf/open/space/transit/west), /turf/open/space (/turf/open/space))
[13:04:51]the arrivals shuttle (/obj/docking_port/mobile/arrivals): initiate docking(the arrivals (/obj/docking_port/stationary), 8, 0)
[13:04:51]the arrivals shuttle (/obj/docking_port/mobile/arrivals): initiate docking(the arrivals (/obj/docking_port/stationary), 8)
[13:04:51]the arrivals shuttle (/obj/docking_port/mobile/arrivals): check()
[13:04:51]the arrivals shuttle (/obj/docking_port/mobile/arrivals): check()
[13:04:51]Shuttle (/datum/controller/subsystem/shuttle): fire(0)
[13:04:51]Shuttle (/datum/controller/subsystem/shuttle): ignite(0)
runtime error: 
[13:07:14]nothing to animate
[13:07:14]proc name: shake camera (/proc/shake_camera)
[13:07:14]  source file: mob_helpers.dm,270
[13:07:14]  usr: (src)
[13:07:14]  src: null
[13:07:14]  call stack:
[13:07:14]shake camera(Bob Ross (/mob/living/carbon/human), 0.75, 1)
[13:07:14]Bob Ross (/mob/living/carbon/human): afterShuttleMove(space (27,20,13) (/turf/open/space/transit/west), /list (/list), 8, 8, 8, 0)
[13:07:14]Bob Ross (/mob/living/carbon/human): afterShuttleMove(space (27,20,13) (/turf/open/space/transit/west), /list (/list), 8, 8, 8, 0)
[13:07:14]the arrivals shuttle (/obj/docking_port/mobile/arrivals): cleanup runway(the arrivals (/obj/docking_port/stationary), /list (/list), /list (/list), /list (/list), /list (/list), 0, 8, Space (/area/space), /turf/open/space/transit/west (/turf/open/space/transit/west), /turf/open/space (/turf/open/space))
[13:07:14]the arrivals shuttle (/obj/docking_port/mobile/arrivals): initiate docking(the arrivals (/obj/docking_port/stationary), 8, 0)
[13:07:14]the arrivals shuttle (/obj/docking_port/mobile/arrivals): initiate docking(the arrivals (/obj/docking_port/stationary), 8)
[13:07:14]the arrivals shuttle (/obj/docking_port/mobile/arrivals): check()
[13:07:14]the arrivals shuttle (/obj/docking_port/mobile/arrivals): check()
[13:07:14]Shuttle (/datum/controller/subsystem/shuttle): fire(0)
[13:07:14]Shuttle (/datum/controller/subsystem/shuttle): ignite(0)
runtime error: 
[13:11:39]nothing to animate
[13:11:39]proc name: shake camera (/proc/shake_camera)
[13:11:39]  source file: mob_helpers.dm,270
[13:11:39]  usr: (src)
[13:11:39]  src: null
[13:11:39]  call stack:
[13:11:39]shake camera(Bob Ross (/mob/living/carbon/human), 0.75, 1)
[13:11:39]Bob Ross (/mob/living/carbon/human): afterShuttleMove(space (50,20,13) (/turf/open/space/transit/north), /list (/list), 8, 1, 1, 0)
[13:11:39]Bob Ross (/mob/living/carbon/human): afterShuttleMove(space (50,20,13) (/turf/open/space/transit/north), /list (/list), 8, 1, 1, 0)
[13:11:39]the mining shuttle (/obj/docking_port/mobile): cleanup runway(the lavaland mine (/obj/docking_port/stationary), /list (/list), /list (/list), /list (/list), /list (/list), 0, 1, Space (/area/space), /turf/open/space/transit/north (/turf/open/space/transit/north), /turf/open/space (/turf/open/space))
[13:11:39]the mining shuttle (/obj/docking_port/mobile): initiate docking(the lavaland mine (/obj/docking_port/stationary), 1, 0)
[13:11:39]the mining shuttle (/obj/docking_port/mobile): check()
[13:11:39]Shuttle (/datum/controller/subsystem/shuttle): fire(0)
[13:11:39]Shuttle (/datum/controller/subsystem/shuttle): ignite(0)
[13:11:39]Master (/datum/controller/master): RunQueue()
[13:11:39]Master (/datum/controller/master): Loop()
[13:11:39]Master (/datum/controller/master): StartProcessing(0)
runtime error: 
[13:20:53]nothing to animate
[13:20:53]proc name: shake camera (/proc/shake_camera)
[13:20:53]  source file: mob_helpers.dm,270
[13:20:53]  usr: (src)
[13:20:53]  src: null
[13:20:53]  call stack:
[13:20:53]shake camera(Bob Ross (/mob/living/carbon/human), 0.75, 1)
[13:20:53]Bob Ross (/mob/living/carbon/human): afterShuttleMove(space (50,20,13) (/turf/open/space/transit/north), /list (/list), 8, 1, 1, 0)
[13:20:53]Bob Ross (/mob/living/carbon/human): afterShuttleMove(space (50,20,13) (/turf/open/space/transit/north), /list (/list), 8, 1, 1, 0)
[13:20:53]the mining shuttle (/obj/docking_port/mobile): cleanup runway(the mining shuttle bay (/obj/docking_port/stationary), /list (/list), /list (/list), /list (/list), /list (/list), 0, 1, Space (/area/space), /turf/open/space/transit/north (/turf/open/space/transit/north), /turf/open/space (/turf/open/space))
[13:20:53]the mining shuttle (/obj/docking_port/mobile): initiate docking(the mining shuttle bay (/obj/docking_port/stationary), 1, 0)
[13:20:53]the mining shuttle (/obj/docking_port/mobile): check()
[13:20:53]Shuttle (/datum/controller/subsystem/shuttle): fire(0)
[13:20:53]Shuttle (/datum/controller/subsystem/shuttle): ignite(0)
runtime error: 
[13:24:15]nothing to animate
[13:24:15]proc name: shake camera (/proc/shake_camera)
[13:24:15]  source file: mob_helpers.dm,270
[13:24:15]  usr: (src)
[13:24:15]  src: null
[13:24:15]  call stack:
[13:24:15]shake camera(Bob Ross (/mob/living/carbon/human), 0.75, 1)
[13:24:15]Bob Ross (/mob/living/carbon/human): afterShuttleMove(space (50,20,13) (/turf/open/space/transit/north), /list (/list), 8, 1, 1, 0)
[13:24:15]Bob Ross (/mob/living/carbon/human): afterShuttleMove(space (50,20,13) (/turf/open/space/transit/north), /list (/list), 8, 1, 1, 0)
[13:24:15]the mining shuttle (/obj/docking_port/mobile): cleanup runway(the lavaland mine (/obj/docking_port/stationary), /list (/list), /list (/list), /list (/list), /list (/list), 0, 1, Space (/area/space), /turf/open/space/transit/north (/turf/open/space/transit/north), /turf/open/space (/turf/open/space))
[13:24:15]the mining shuttle (/obj/docking_port/mobile): initiate docking(the lavaland mine (/obj/docking_port/stationary), 1, 0)
[13:24:15]the mining shuttle (/obj/docking_port/mobile): check()
[13:24:15]Shuttle (/datum/controller/subsystem/shuttle): fire(0)
[13:24:15]Shuttle (/datum/controller/subsystem/shuttle): ignite(0)
runtime error: 
[13:28:14]nothing to animate
[13:28:14]proc name: shake camera (/proc/shake_camera)
[13:28:14]  source file: mob_helpers.dm,270
[13:28:14]  usr: (src)
[13:28:14]  src: null
[13:28:14]  call stack:
[13:28:14]shake camera(Bob Ross (/mob/living/carbon/human), 0.75, 1)
[13:28:14]Bob Ross (/mob/living/carbon/human): afterShuttleMove(space (50,20,13) (/turf/open/space/transit/north), /list (/list), 8, 1, 1, 0)
[13:28:14]Bob Ross (/mob/living/carbon/human): afterShuttleMove(space (50,20,13) (/turf/open/space/transit/north), /list (/list), 8, 1, 1, 0)
[13:28:14]the mining shuttle (/obj/docking_port/mobile): cleanup runway(the mining shuttle bay (/obj/docking_port/stationary), /list (/list), /list (/list), /list (/list), /list (/list), 0, 1, Space (/area/space), /turf/open/space/transit/north (/turf/open/space/transit/north), /turf/open/space (/turf/open/space))
[13:28:14]the mining shuttle (/obj/docking_port/mobile): initiate docking(the mining shuttle bay (/obj/docking_port/stationary), 1, 0)
[13:28:14]the mining shuttle (/obj/docking_port/mobile): check()
[13:28:14]Shuttle (/datum/controller/subsystem/shuttle): fire(0)
[13:28:14]Shuttle (/datum/controller/subsystem/shuttle): ignite(0)
runtime error: 
[13:31:16]nothing to animate
[13:31:16]proc name: shake camera (/proc/shake_camera)
[13:31:16]  source file: mob_helpers.dm,270
[13:31:16]  usr: (src)
[13:31:16]  src: null
[13:31:16]  call stack:
[13:31:16]shake camera(Bob Ross (/mob/living/carbon/human), 0.75, 1)
[13:31:16]Bob Ross (/mob/living/carbon/human): afterShuttleMove(space (50,20,13) (/turf/open/space/transit/north), /list (/list), 8, 1, 1, 0)
[13:31:16]Bob Ross (/mob/living/carbon/human): afterShuttleMove(space (50,20,13) (/turf/open/space/transit/north), /list (/list), 8, 1, 1, 0)
[13:31:16]the mining shuttle (/obj/docking_port/mobile): cleanup runway(the lavaland mine (/obj/docking_port/stationary), /list (/list), /list (/list), /list (/list), /list (/list), 0, 1, Space (/area/space), /turf/open/space/transit/north (/turf/open/space/transit/north), /turf/open/space (/turf/open/space))
[13:31:16]the mining shuttle (/obj/docking_port/mobile): initiate docking(the lavaland mine (/obj/docking_port/stationary), 1, 0)
[13:31:16]the mining shuttle (/obj/docking_port/mobile): check()
[13:31:16]Shuttle (/datum/controller/subsystem/shuttle): fire(0)
[13:31:16]Shuttle (/datum/controller/subsystem/shuttle): ignite(0)
runtime error: 
[13:37:26]nothing to animate
[13:37:26]proc name: shake camera (/proc/shake_camera)
[13:37:26]  source file: mob_helpers.dm,270
[13:37:26]  usr: (src)
[13:37:26]  src: null
[13:37:26]  call stack:
[13:37:26]shake camera(Bob Ross (/mob/living/carbon/human), 0.75, 1)
[13:37:26]Bob Ross (/mob/living/carbon/human): afterShuttleMove(space (50,20,13) (/turf/open/space/transit/north), /list (/list), 8, 1, 1, 0)
[13:37:26]Bob Ross (/mob/living/carbon/human): afterShuttleMove(space (50,20,13) (/turf/open/space/transit/north), /list (/list), 8, 1, 1, 0)
[13:37:26]the mining shuttle (/obj/docking_port/mobile): cleanup runway(the mining shuttle bay (/obj/docking_port/stationary), /list (/list), /list (/list), /list (/list), /list (/list), 0, 1, Space (/area/space), /turf/open/space/transit/north (/turf/open/space/transit/north), /turf/open/space (/turf/open/space))
[13:37:26]the mining shuttle (/obj/docking_port/mobile): initiate docking(the mining shuttle bay (/obj/docking_port/stationary), 1, 0)
[13:37:26]the mining shuttle (/obj/docking_port/mobile): check()
[13:37:26]Shuttle (/datum/controller/subsystem/shuttle): fire(0)
[13:37:26]Shuttle (/datum/controller/subsystem/shuttle): ignite(0)
[13:37:26]Master (/datum/controller/master): RunQueue()
[13:37:26]Master (/datum/controller/master): Loop()
[13:37:26]Master (/datum/controller/master): StartProcessing(0)
runtime error: 
[13:44:54]nothing to animate
[13:44:54]proc name: shake camera (/proc/shake_camera)
[13:44:54]  source file: mob_helpers.dm,270
[13:44:54]  usr: (src)
[13:44:54]  src: null
[13:44:54]  call stack:
[13:44:54]shake camera(Joseph Marx (/mob/living/carbon/human), 0.75, 1)
[13:44:54]Joseph Marx (/mob/living/carbon/human): afterShuttleMove(space (17,20,13) (/turf/open/space/transit/west), /list (/list), 8, 8, 8, 0)
[13:44:54]Joseph Marx (/mob/living/carbon/human): afterShuttleMove(space (17,20,13) (/turf/open/space/transit/west), /list (/list), 8, 8, 8, 0)
[13:44:54]the arrivals shuttle (/obj/docking_port/mobile/arrivals): cleanup runway(the arrivals (/obj/docking_port/stationary), /list (/list), /list (/list), /list (/list), /list (/list), 0, 8, Space (/area/space), /turf/open/space/transit/west (/turf/open/space/transit/west), /turf/open/space (/turf/open/space))
[13:44:54]the arrivals shuttle (/obj/docking_port/mobile/arrivals): initiate docking(the arrivals (/obj/docking_port/stationary), 8, 0)
[13:44:54]the arrivals shuttle (/obj/docking_port/mobile/arrivals): initiate docking(the arrivals (/obj/docking_port/stationary), 8)
[13:44:54]the arrivals shuttle (/obj/docking_port/mobile/arrivals): check()
[13:44:54]the arrivals shuttle (/obj/docking_port/mobile/arrivals): check()
[13:44:54]Shuttle (/datum/controller/subsystem/shuttle): fire(0)
[13:44:54]Shuttle (/datum/controller/subsystem/shuttle): ignite(0)
runtime error: 
[13:55:26]nothing to animate
[13:55:26]proc name: shake camera (/proc/shake_camera)
[13:55:26]  source file: mob_helpers.dm,270
[13:55:26]  usr: (src)
[13:55:26]  src: null
[13:55:26]  call stack:
[13:55:26]shake camera(Bob Ross (/mob/living/carbon/human), 0.75, 1)
[13:55:26]Bob Ross (/mob/living/carbon/human): afterShuttleMove(space (50,20,13) (/turf/open/space/transit/north), /list (/list), 8, 1, 1, 0)
[13:55:26]Bob Ross (/mob/living/carbon/human): afterShuttleMove(space (50,20,13) (/turf/open/space/transit/north), /list (/list), 8, 1, 1, 0)
[13:55:26]the mining shuttle (/obj/docking_port/mobile): cleanup runway(the lavaland mine (/obj/docking_port/stationary), /list (/list), /list (/list), /list (/list), /list (/list), 0, 1, Space (/area/space), /turf/open/space/transit/north (/turf/open/space/transit/north), /turf/open/space (/turf/open/space))
[13:55:26]the mining shuttle (/obj/docking_port/mobile): initiate docking(the lavaland mine (/obj/docking_port/stationary), 1, 0)
[13:55:26]the mining shuttle (/obj/docking_port/mobile): check()
[13:55:26]Shuttle (/datum/controller/subsystem/shuttle): fire(0)
[13:55:26]Shuttle (/datum/controller/subsystem/shuttle): ignite(0)
runtime error: 
[14:02:33]nothing to animate
[14:02:33]proc name: shake camera (/proc/shake_camera)
[14:02:33]  source file: mob_helpers.dm,270
[14:02:33]  usr: (src)
[14:02:33]  src: null
[14:02:33]  call stack:
[14:02:33]shake camera(Bob Ross (/mob/living/carbon/human), 0.75, 1)
[14:02:33]Bob Ross (/mob/living/carbon/human): afterShuttleMove(space (50,20,13) (/turf/open/space/transit/north), /list (/list), 8, 1, 1, 0)
[14:02:33]Bob Ross (/mob/living/carbon/human): afterShuttleMove(space (50,20,13) (/turf/open/space/transit/north), /list (/list), 8, 1, 1, 0)
[14:02:33]the mining shuttle (/obj/docking_port/mobile): cleanup runway(the mining shuttle bay (/obj/docking_port/stationary), /list (/list), /list (/list), /list (/list), /list (/list), 0, 1, Space (/area/space), /turf/open/space/transit/north (/turf/open/space/transit/north), /turf/open/space (/turf/open/space))
[14:02:33]the mining shuttle (/obj/docking_port/mobile): initiate docking(the mining shuttle bay (/obj/docking_port/stationary), 1, 0)
[14:02:33]the mining shuttle (/obj/docking_port/mobile): check()
[14:02:33]Shuttle (/datum/controller/subsystem/shuttle): fire(0)
[14:02:33]Shuttle (/datum/controller/subsystem/shuttle): ignite(0)
runtime error: 
[14:08:12]nothing to animate
[14:08:12]proc name: shake camera (/proc/shake_camera)
[14:08:12]  source file: mob_helpers.dm,270
[14:08:12]  usr: (src)
[14:08:12]  src: null
[14:08:12]  call stack:
[14:08:12]shake camera(Bob Ross (/mob/living/carbon/human), 0.75, 1)
[14:08:12]Bob Ross (/mob/living/carbon/human): afterShuttleMove(space (50,20,13) (/turf/open/space/transit/north), /list (/list), 8, 1, 1, 0)
[14:08:12]Bob Ross (/mob/living/carbon/human): afterShuttleMove(space (50,20,13) (/turf/open/space/transit/north), /list (/list), 8, 1, 1, 0)
[14:08:12]the mining shuttle (/obj/docking_port/mobile): cleanup runway(the lavaland mine (/obj/docking_port/stationary), /list (/list), /list (/list), /list (/list), /list (/list), 0, 1, Space (/area/space), /turf/open/space/transit/north (/turf/open/space/transit/north), /turf/open/space (/turf/open/space))
[14:08:12]the mining shuttle (/obj/docking_port/mobile): initiate docking(the lavaland mine (/obj/docking_port/stationary), 1, 0)
[14:08:12]the mining shuttle (/obj/docking_port/mobile): check()
[14:08:12]Shuttle (/datum/controller/subsystem/shuttle): fire(0)
[14:08:12]Shuttle (/datum/controller/subsystem/shuttle): ignite(0)
runtime error: 
[14:26:34]nothing to animate
[14:26:34]proc name: shake camera (/proc/shake_camera)
[14:26:34]  source file: mob_helpers.dm,270
[14:26:34]  usr: (src)
[14:26:34]  src: null
[14:26:34]  call stack:
[14:26:34]shake camera(Bonker (/mob/living/carbon/human), 0.75, 1)
[14:26:34]Bonker (/mob/living/carbon/human): afterShuttleMove(space (27,19,13) (/turf/open/space/transit/west), /list (/list), 8, 8, 8, 0)
[14:26:34]Bonker (/mob/living/carbon/human): afterShuttleMove(space (27,19,13) (/turf/open/space/transit/west), /list (/list), 8, 8, 8, 0)
[14:26:34]the arrivals shuttle (/obj/docking_port/mobile/arrivals): cleanup runway(the arrivals (/obj/docking_port/stationary), /list (/list), /list (/list), /list (/list), /list (/list), 0, 8, Space (/area/space), /turf/open/space/transit/west (/turf/open/space/transit/west), /turf/open/space (/turf/open/space))
[14:26:34]the arrivals shuttle (/obj/docking_port/mobile/arrivals): initiate docking(the arrivals (/obj/docking_port/stationary), 8, 0)
[14:26:34]the arrivals shuttle (/obj/docking_port/mobile/arrivals): initiate docking(the arrivals (/obj/docking_port/stationary), 8)
[14:26:34]the arrivals shuttle (/obj/docking_port/mobile/arrivals): check()
[14:26:34]the arrivals shuttle (/obj/docking_port/mobile/arrivals): check()
[14:26:34]Shuttle (/datum/controller/subsystem/shuttle): fire(0)
[14:26:34]Shuttle (/datum/controller/subsystem/shuttle): ignite(0)
runtime error: 
[14:27:50]nothing to animate
[14:27:50]proc name: shake camera (/proc/shake_camera)
[14:27:50]  source file: mob_helpers.dm,270
[14:27:50]  usr: (src)
[14:27:50]  src: null
[14:27:50]  call stack:
[14:27:50]shake camera(Bob Ross (/mob/living/carbon/human), 0.75, 1)
[14:27:50]Bob Ross (/mob/living/carbon/human): afterShuttleMove(space (50,20,13) (/turf/open/space/transit/north), /list (/list), 8, 1, 1, 0)
[14:27:50]Bob Ross (/mob/living/carbon/human): afterShuttleMove(space (50,20,13) (/turf/open/space/transit/north), /list (/list), 8, 1, 1, 0)
[14:27:50]the mining shuttle (/obj/docking_port/mobile): cleanup runway(the mining shuttle bay (/obj/docking_port/stationary), /list (/list), /list (/list), /list (/list), /list (/list), 0, 1, Space (/area/space), /turf/open/space/transit/north (/turf/open/space/transit/north), /turf/open/space (/turf/open/space))
[14:27:50]the mining shuttle (/obj/docking_port/mobile): initiate docking(the mining shuttle bay (/obj/docking_port/stationary), 1, 0)
[14:27:50]the mining shuttle (/obj/docking_port/mobile): check()
[14:27:50]Shuttle (/datum/controller/subsystem/shuttle): fire(0)
[14:27:50]Shuttle (/datum/controller/subsystem/shuttle): ignite(0)
runtime error: 
[14:29:17]Component is missing a pipenet! Rebuilding...
runtime error: 
[14:29:17]addtimer called with a callback assigned to a qdeleted object
[14:29:17]proc name: stack trace (/proc/stack_trace)
[14:29:17]  source file: unsorted.dm,1254
[14:29:17]  usr: Bonker (/mob/living/carbon/human)
[14:29:17]  src: null
[14:29:17]  usr.loc: the floor (91,117,2) (/turf/open/floor/plasteel)
[14:29:17]  call stack:
[14:29:17]stack trace("addtimer called with a callbac...")
[14:29:17]addtimer(/datum/callback (/datum/callback), 20, 0)
[14:29:17]/datum/effect_system/spark_spr... (/datum/effect_system/spark_spread): generate effect()
[14:29:17]world: ImmediateInvokeAsync(/datum/effect_system/spark_spr... (/datum/effect_system/spark_spread), /datum/effect_system/proc/gene... (/datum/effect_system/proc/generate_effect))
runtime error: 
[14:29:18]addtimer called with a callback assigned to a qdeleted object
[14:29:18]proc name: stack trace (/proc/stack_trace)
[14:29:18]  source file: unsorted.dm,1254
[14:29:18]  usr: Bonker (/mob/living/carbon/human)
[14:29:18]  src: null
[14:29:18]  usr.loc: the floor (93,117,2) (/turf/open/floor/plasteel)
[14:29:18]  call stack:
[14:29:18]stack trace("addtimer called with a callbac...")
[14:29:18]addtimer(/datum/callback (/datum/callback), 20, 0)
[14:29:18]/datum/effect_system/spark_spr... (/datum/effect_system/spark_spread): generate effect()
[14:29:18]world: ImmediateInvokeAsync(/datum/effect_system/spark_spr... (/datum/effect_system/spark_spread), /datum/effect_system/proc/gene... (/datum/effect_system/proc/generate_effect))
runtime error: 
[14:29:18]Component is missing a pipenet! Rebuilding...
runtime error: 
[14:29:19]Component is missing a pipenet! Rebuilding...
runtime error: 
[14:29:19]Component is missing a pipenet! Rebuilding...
runtime error: 
[14:29:20]Component is missing a pipenet! Rebuilding...
runtime error: 
[14:29:20]Component is missing a pipenet! Rebuilding...
runtime error: 
[14:29:21]Component is missing a pipenet! Rebuilding...
runtime error: 
[14:29:21]Component is missing a pipenet! Rebuilding...
runtime error: 
[14:29:22]Component is missing a pipenet! Rebuilding...
runtime error: 
[14:29:22]Component is missing a pipenet! Rebuilding...
runtime error: 
[14:29:23]Component is missing a pipenet! Rebuilding...
runtime error: 
[14:29:23]Component is missing a pipenet! Rebuilding...
runtime error: 
[14:29:24]Component is missing a pipenet! Rebuilding...
runtime error: 
[14:29:24]Component is missing a pipenet! Rebuilding...
runtime error: 
[14:29:25]Component is missing a pipenet! Rebuilding...
runtime error: 
[14:29:25]Component is missing a pipenet! Rebuilding...
runtime error: 
[14:29:26]Component is missing a pipenet! Rebuilding...
runtime error: 
[14:29:26]Component is missing a pipenet! Rebuilding...
runtime error: 
[14:29:27]Component is missing a pipenet! Rebuilding...
runtime error: 
[14:29:27]Component is missing a pipenet! Rebuilding...
runtime error: 
[14:29:28]Component is missing a pipenet! Rebuilding...
runtime error: 
[14:29:28]Component is missing a pipenet! Rebuilding...
runtime error: 
[14:29:29]Component is missing a pipenet! Rebuilding...
runtime error: 
[14:29:29]Component is missing a pipenet! Rebuilding...
runtime error: 
[14:29:30]Component is missing a pipenet! Rebuilding...
runtime error: 
[14:29:30]Component is missing a pipenet! Rebuilding...
runtime error: 
[14:29:31]Component is missing a pipenet! Rebuilding...
runtime error: 
[14:29:31]Component is missing a pipenet! Rebuilding...
runtime error: 
[14:29:32]Component is missing a pipenet! Rebuilding...
runtime error: 
[14:29:32]Component is missing a pipenet! Rebuilding...
runtime error: 
[14:29:33]Component is missing a pipenet! Rebuilding...
runtime error: 
[14:29:33]Component is missing a pipenet! Rebuilding...
runtime error: 
[14:29:34]Component is missing a pipenet! Rebuilding...
runtime error: 
[14:29:34]Component is missing a pipenet! Rebuilding...
runtime error: 
[14:29:35]Component is missing a pipenet! Rebuilding...
runtime error: 
[14:29:35]Component is missing a pipenet! Rebuilding...
runtime error: 
[14:29:36]Component is missing a pipenet! Rebuilding...
runtime error: 
[14:29:37]Component is missing a pipenet! Rebuilding...
runtime error: 
[14:29:37]Component is missing a pipenet! Rebuilding...
runtime error: 
[14:29:38]Component is missing a pipenet! Rebuilding...
runtime error: 
[14:29:38]Component is missing a pipenet! Rebuilding...
runtime error: 
[14:29:39]Component is missing a pipenet! Rebuilding...
runtime error: 
[14:29:39]Component is missing a pipenet! Rebuilding...
runtime error: 
[14:29:40]Component is missing a pipenet! Rebuilding...
runtime error: 
[14:29:40]Component is missing a pipenet! Rebuilding...
runtime error: 
[14:29:41]Component is missing a pipenet! Rebuilding...
runtime error: 
[14:29:41]Component is missing a pipenet! Rebuilding...
runtime error: 
[14:29:42]Component is missing a pipenet! Rebuilding...
runtime error: 
[14:29:42]Component is missing a pipenet! Rebuilding...
runtime error: 
[14:29:43]Component is missing a pipenet! Rebuilding...
runtime error: 
[14:29:43]Component is missing a pipenet! Rebuilding...
runtime error: 
[14:34:00]nothing to animate
[14:34:00]proc name: shake camera (/proc/shake_camera)
[14:34:00]  source file: mob_helpers.dm,270
runtime error: 
[14:38:27]nothing to animate
[14:38:27]proc name: shake camera (/proc/shake_camera)
[14:38:27]  source file: mob_helpers.dm,270
runtime error: 
[14:39:50]Component is missing a pipenet! Rebuilding...
runtime error: 
[14:39:51]Component is missing a pipenet! Rebuilding...
runtime error: 
[14:39:51]Component is missing a pipenet! Rebuilding...
runtime error: 
[14:39:52]Component is missing a pipenet! Rebuilding...
runtime error: 
[14:39:52]Component is missing a pipenet! Rebuilding...
runtime error: 
[14:39:53]Component is missing a pipenet! Rebuilding...
runtime error: 
[14:39:53]Component is missing a pipenet! Rebuilding...
runtime error: 
[14:39:54]Component is missing a pipenet! Rebuilding...
runtime error: 
[14:39:54]Component is missing a pipenet! Rebuilding...
runtime error: 
[14:39:55]Component is missing a pipenet! Rebuilding...
runtime error: 
[14:39:55]Component is missing a pipenet! Rebuilding...
runtime error: 
[14:39:56]Component is missing a pipenet! Rebuilding...
runtime error: 
[14:39:56]Component is missing a pipenet! Rebuilding...
runtime error: 
[14:39:57]Component is missing a pipenet! Rebuilding...
runtime error: 
[14:39:57]Component is missing a pipenet! Rebuilding...
runtime error: 
[14:39:58]Component is missing a pipenet! Rebuilding...
runtime error: 
[14:39:58]Component is missing a pipenet! Rebuilding...
runtime error: 
[14:39:59]Component is missing a pipenet! Rebuilding...
runtime error: 
[14:39:59]Component is missing a pipenet! Rebuilding...
runtime error: 
[14:40:00]Component is missing a pipenet! Rebuilding...
runtime error: 
[14:40:00]Component is missing a pipenet! Rebuilding...
runtime error: 
[14:40:01]Component is missing a pipenet! Rebuilding...
runtime error: 
[14:40:01]Component is missing a pipenet! Rebuilding...
runtime error: 
[14:40:02]Component is missing a pipenet! Rebuilding...
runtime error: 
[14:40:02]Component is missing a pipenet! Rebuilding...
runtime error: 
[14:40:03]Component is missing a pipenet! Rebuilding...
runtime error: 
[14:40:03]Component is missing a pipenet! Rebuilding...
runtime error: 
[14:40:04]Component is missing a pipenet! Rebuilding...
runtime error: 
[14:40:04]Component is missing a pipenet! Rebuilding...
runtime error: 
[14:40:05]Component is missing a pipenet! Rebuilding...
runtime error: 
[14:40:05]Component is missing a pipenet! Rebuilding...
runtime error: 
[14:40:06]Component is missing a pipenet! Rebuilding...
runtime error: 
[14:40:07]Component is missing a pipenet! Rebuilding...
runtime error: 
[14:40:07]Component is missing a pipenet! Rebuilding...
runtime error: 
[14:40:07]Component is missing a pipenet! Rebuilding...
runtime error: 
[14:40:08]Component is missing a pipenet! Rebuilding...
runtime error: 
[14:40:09]Component is missing a pipenet! Rebuilding...
runtime error: 
[14:40:09]Component is missing a pipenet! Rebuilding...
runtime error: 
[14:40:10]Component is missing a pipenet! Rebuilding...
runtime error: 
[14:40:10]Component is missing a pipenet! Rebuilding...
runtime error: 
[14:40:10]Component is missing a pipenet! Rebuilding...
runtime error: 
[14:40:11]Component is missing a pipenet! Rebuilding...
runtime error: 
[14:40:12]Component is missing a pipenet! Rebuilding...
runtime error: 
[14:40:12]Component is missing a pipenet! Rebuilding...
runtime error: 
[14:40:13]Component is missing a pipenet! Rebuilding...
runtime error: 
[14:40:13]Component is missing a pipenet! Rebuilding...
runtime error: 
[14:40:13]Component is missing a pipenet! Rebuilding...
runtime error: 
[14:40:14]Component is missing a pipenet! Rebuilding...
runtime error: 
[14:40:15]Component is missing a pipenet! Rebuilding...
runtime error: 
[14:40:15]Component is missing a pipenet! Rebuilding...
runtime error: 
[14:40:15]Component is missing a pipenet! Rebuilding...
runtime error: 
[14:50:16]Component is missing a pipenet! Rebuilding...
runtime error: 
[14:50:17]Component is missing a pipenet! Rebuilding...
runtime error: 
[14:50:17]Component is missing a pipenet! Rebuilding...
runtime error: 
[14:50:18]Component is missing a pipenet! Rebuilding...
runtime error: 
[14:50:18]Component is missing a pipenet! Rebuilding...
runtime error: 
[14:50:19]Component is missing a pipenet! Rebuilding...
runtime error: 
[14:50:19]Component is missing a pipenet! Rebuilding...
runtime error: 
[14:50:20]Component is missing a pipenet! Rebuilding...
runtime error: 
[14:50:20]Component is missing a pipenet! Rebuilding...
runtime error: 
[14:50:21]Component is missing a pipenet! Rebuilding...
runtime error: 
[14:50:21]Component is missing a pipenet! Rebuilding...
runtime error: 
[14:50:22]Component is missing a pipenet! Rebuilding...
runtime error: 
[14:50:22]Component is missing a pipenet! Rebuilding...
runtime error: 
[14:50:23]Component is missing a pipenet! Rebuilding...
runtime error: 
[14:50:23]Component is missing a pipenet! Rebuilding...
runtime error: 
[14:50:24]Component is missing a pipenet! Rebuilding...
runtime error: 
[14:50:24]Component is missing a pipenet! Rebuilding...
runtime error: 
[14:50:25]Component is missing a pipenet! Rebuilding...
runtime error: 
[14:50:25]Component is missing a pipenet! Rebuilding...
runtime error: 
[14:50:26]Component is missing a pipenet! Rebuilding...
runtime error: 
[14:50:26]Component is missing a pipenet! Rebuilding...
runtime error: 
[14:50:27]Component is missing a pipenet! Rebuilding...
runtime error: 
[14:50:27]Component is missing a pipenet! Rebuilding...
runtime error: 
[14:50:28]Component is missing a pipenet! Rebuilding...
runtime error: 
[14:50:28]Component is missing a pipenet! Rebuilding...
runtime error: 
[14:50:29]Component is missing a pipenet! Rebuilding...
runtime error: 
[14:50:29]Component is missing a pipenet! Rebuilding...
runtime error: 
[14:50:30]Component is missing a pipenet! Rebuilding...
runtime error: 
[14:50:30]Component is missing a pipenet! Rebuilding...
runtime error: 
[14:50:31]Component is missing a pipenet! Rebuilding...
runtime error: 
[14:50:31]Component is missing a pipenet! Rebuilding...
runtime error: 
[14:50:32]Component is missing a pipenet! Rebuilding...
runtime error: 
[14:50:32]Component is missing a pipenet! Rebuilding...
runtime error: 
[14:50:33]Component is missing a pipenet! Rebuilding...
runtime error: 
[14:50:33]Component is missing a pipenet! Rebuilding...
runtime error: 
[14:50:34]Component is missing a pipenet! Rebuilding...
runtime error: 
[14:50:34]Component is missing a pipenet! Rebuilding...
runtime error: 
[14:50:35]Component is missing a pipenet! Rebuilding...
runtime error: 
[14:50:35]Component is missing a pipenet! Rebuilding...
runtime error: 
[14:50:36]Component is missing a pipenet! Rebuilding...
runtime error: 
[14:50:36]Component is missing a pipenet! Rebuilding...
runtime error: 
[14:50:37]Component is missing a pipenet! Rebuilding...
runtime error: 
[14:50:37]Component is missing a pipenet! Rebuilding...
runtime error: 
[14:50:38]Component is missing a pipenet! Rebuilding...
runtime error: 
[14:50:38]Component is missing a pipenet! Rebuilding...
runtime error: 
[14:50:39]Component is missing a pipenet! Rebuilding...
runtime error: 
[14:50:39]Component is missing a pipenet! Rebuilding...
runtime error: 
[14:50:40]Component is missing a pipenet! Rebuilding...
runtime error: 
[14:50:40]Component is missing a pipenet! Rebuilding...
runtime error: 
[14:50:41]Component is missing a pipenet! Rebuilding...
runtime error: 
[14:50:41]Component is missing a pipenet! Rebuilding...
runtime error: 
[14:59:57]nothing to animate
[14:59:57]proc name: shake camera (/proc/shake_camera)
[14:59:57]  source file: mob_helpers.dm,270
runtime error: 
[15:00:44]Component is missing a pipenet! Rebuilding...
runtime error: 
[15:00:44]Component is missing a pipenet! Rebuilding...
runtime error: 
[15:00:45]Component is missing a pipenet! Rebuilding...
runtime error: 
[15:00:45]Component is missing a pipenet! Rebuilding...
runtime error: 
[15:00:46]Component is missing a pipenet! Rebuilding...
runtime error: 
[15:00:46]Component is missing a pipenet! Rebuilding...
runtime error: 
[15:00:47]Component is missing a pipenet! Rebuilding...
runtime error: 
[15:00:47]Component is missing a pipenet! Rebuilding...
runtime error: 
[15:00:48]Component is missing a pipenet! Rebuilding...
runtime error: 
[15:00:48]Component is missing a pipenet! Rebuilding...
runtime error: 
[15:00:49]Component is missing a pipenet! Rebuilding...
runtime error: 
[15:00:49]Component is missing a pipenet! Rebuilding...
runtime error: 
[15:00:50]Component is missing a pipenet! Rebuilding...
runtime error: 
[15:00:50]Component is missing a pipenet! Rebuilding...
runtime error: 
[15:00:51]Component is missing a pipenet! Rebuilding...
runtime error: 
[15:00:51]Component is missing a pipenet! Rebuilding...
runtime error: 
[15:00:52]Component is missing a pipenet! Rebuilding...
runtime error: 
[15:00:52]Component is missing a pipenet! Rebuilding...
runtime error: 
[15:00:53]Component is missing a pipenet! Rebuilding...
runtime error: 
[15:00:53]Component is missing a pipenet! Rebuilding...
runtime error: 
[15:00:54]Component is missing a pipenet! Rebuilding...
runtime error: 
[15:00:54]Component is missing a pipenet! Rebuilding...
runtime error: 
[15:00:55]Component is missing a pipenet! Rebuilding...
runtime error: 
[15:00:55]Component is missing a pipenet! Rebuilding...
runtime error: 
[15:00:56]Component is missing a pipenet! Rebuilding...
runtime error: 
[15:00:56]Component is missing a pipenet! Rebuilding...
runtime error: 
[15:00:57]Component is missing a pipenet! Rebuilding...
runtime error: 
[15:00:57]Component is missing a pipenet! Rebuilding...
runtime error: 
[15:00:58]Component is missing a pipenet! Rebuilding...
runtime error: 
[15:00:58]Component is missing a pipenet! Rebuilding...
runtime error: 
[15:00:59]Component is missing a pipenet! Rebuilding...
runtime error: 
[15:00:59]Component is missing a pipenet! Rebuilding...
runtime error: 
[15:01:00]Component is missing a pipenet! Rebuilding...
runtime error: 
[15:01:00]Component is missing a pipenet! Rebuilding...
runtime error: 
[15:01:01]Component is missing a pipenet! Rebuilding...
runtime error: 
[15:01:01]Component is missing a pipenet! Rebuilding...
runtime error: 
[15:01:02]Component is missing a pipenet! Rebuilding...
runtime error: 
[15:01:02]Component is missing a pipenet! Rebuilding...
runtime error: 
[15:01:03]Component is missing a pipenet! Rebuilding...
runtime error: 
[15:01:03]Component is missing a pipenet! Rebuilding...
runtime error: 
[15:01:04]Component is missing a pipenet! Rebuilding...
runtime error: 
[15:01:04]Component is missing a pipenet! Rebuilding...
runtime error: 
[15:01:05]Component is missing a pipenet! Rebuilding...
runtime error: 
[15:01:05]Component is missing a pipenet! Rebuilding...
runtime error: 
[15:01:06]Component is missing a pipenet! Rebuilding...
runtime error: 
[15:01:06]Component is missing a pipenet! Rebuilding...
runtime error: 
[15:01:07]Component is missing a pipenet! Rebuilding...
runtime error: 
[15:01:07]Component is missing a pipenet! Rebuilding...
runtime error: 
[15:01:08]Component is missing a pipenet! Rebuilding...
runtime error: 
[15:01:08]Component is missing a pipenet! Rebuilding...
runtime error: 
[15:01:09]Component is missing a pipenet! Rebuilding...
runtime error: 
[15:11:10]Component is missing a pipenet! Rebuilding...
runtime error: 
[15:11:10]Component is missing a pipenet! Rebuilding...
runtime error: 
[15:11:11]Component is missing a pipenet! Rebuilding...
runtime error: 
[15:11:11]Component is missing a pipenet! Rebuilding...
runtime error: 
[15:11:12]Component is missing a pipenet! Rebuilding...
runtime error: 
[15:11:12]Component is missing a pipenet! Rebuilding...
runtime error: 
[15:11:13]Component is missing a pipenet! Rebuilding...
runtime error: 
[15:11:13]Component is missing a pipenet! Rebuilding...
runtime error: 
[15:11:14]Component is missing a pipenet! Rebuilding...
runtime error: 
[15:11:14]Component is missing a pipenet! Rebuilding...
runtime error: 
[15:11:15]Component is missing a pipenet! Rebuilding...
runtime error: 
[15:11:15]Component is missing a pipenet! Rebuilding...
runtime error: 
[15:11:16]Component is missing a pipenet! Rebuilding...
runtime error: 
[15:11:16]Component is missing a pipenet! Rebuilding...
runtime error: 
[15:11:17]Component is missing a pipenet! Rebuilding...
runtime error: 
[15:11:17]Component is missing a pipenet! Rebuilding...
runtime error: 
[15:11:18]Component is missing a pipenet! Rebuilding...
runtime error: 
[15:11:18]Component is missing a pipenet! Rebuilding...
runtime error: 
[15:11:19]Component is missing a pipenet! Rebuilding...
runtime error: 
[15:11:19]Component is missing a pipenet! Rebuilding...
runtime error: 
[15:11:20]Component is missing a pipenet! Rebuilding...
runtime error: 
[15:11:20]Component is missing a pipenet! Rebuilding...
runtime error: 
[15:11:21]Component is missing a pipenet! Rebuilding...
runtime error: 
[15:11:21]Component is missing a pipenet! Rebuilding...
runtime error: 
[15:11:22]Component is missing a pipenet! Rebuilding...
runtime error: 
[15:11:22]Component is missing a pipenet! Rebuilding...
runtime error: 
[15:11:23]Component is missing a pipenet! Rebuilding...
runtime error: 
[15:11:23]Component is missing a pipenet! Rebuilding...
runtime error: 
[15:11:24]Component is missing a pipenet! Rebuilding...
runtime error: 
[15:11:24]Component is missing a pipenet! Rebuilding...
runtime error: 
[15:11:25]Component is missing a pipenet! Rebuilding...
runtime error: 
[15:11:25]Component is missing a pipenet! Rebuilding...
runtime error: 
[15:11:26]Component is missing a pipenet! Rebuilding...
runtime error: 
[15:11:26]Component is missing a pipenet! Rebuilding...
runtime error: 
[15:11:27]Component is missing a pipenet! Rebuilding...
runtime error: 
[15:11:27]Component is missing a pipenet! Rebuilding...
runtime error: 
[15:11:28]Component is missing a pipenet! Rebuilding...
runtime error: 
[15:11:28]Component is missing a pipenet! Rebuilding...
runtime error: 
[15:11:29]Component is missing a pipenet! Rebuilding...
runtime error: 
[15:11:29]Component is missing a pipenet! Rebuilding...
runtime error: 
[15:11:30]Component is missing a pipenet! Rebuilding...
runtime error: 
[15:11:30]Component is missing a pipenet! Rebuilding...
runtime error: 
[15:11:31]Component is missing a pipenet! Rebuilding...
runtime error: 
[15:11:31]Component is missing a pipenet! Rebuilding...
runtime error: 
[15:11:32]Component is missing a pipenet! Rebuilding...
runtime error: 
[15:11:32]Component is missing a pipenet! Rebuilding...
runtime error: 
[15:11:33]Component is missing a pipenet! Rebuilding...
runtime error: 
[15:11:33]Component is missing a pipenet! Rebuilding...
runtime error: 
[15:11:34]Component is missing a pipenet! Rebuilding...
runtime error: 
[15:11:34]Component is missing a pipenet! Rebuilding...
runtime error: 
[15:11:35]Component is missing a pipenet! Rebuilding...
runtime error: 
[15:25:19]nothing to animate
[15:25:19]proc name: shake camera (/proc/shake_camera)
[15:25:19]  source file: mob_helpers.dm,270
runtime error: 
[15:26:05]Component is missing a pipenet! Rebuilding...
runtime error: 
[15:26:05]Component is missing a pipenet! Rebuilding...
runtime error: 
[15:26:06]Component is missing a pipenet! Rebuilding...
runtime error: 
[15:26:06]Component is missing a pipenet! Rebuilding...
runtime error: 
[15:26:07]Component is missing a pipenet! Rebuilding...
runtime error: 
[15:26:07]Component is missing a pipenet! Rebuilding...
runtime error: 
[15:26:08]Component is missing a pipenet! Rebuilding...
runtime error: 
[15:26:08]Component is missing a pipenet! Rebuilding...
runtime error: 
[15:26:09]Component is missing a pipenet! Rebuilding...
runtime error: 
[15:26:09]Component is missing a pipenet! Rebuilding...
runtime error: 
[15:26:10]Component is missing a pipenet! Rebuilding...
runtime error: 
[15:26:10]Component is missing a pipenet! Rebuilding...
runtime error: 
[15:26:11]Component is missing a pipenet! Rebuilding...
runtime error: 
[15:26:11]Component is missing a pipenet! Rebuilding...
runtime error: 
[15:26:12]Component is missing a pipenet! Rebuilding...
runtime error: 
[15:26:12]Component is missing a pipenet! Rebuilding...
runtime error: 
[15:26:13]Component is missing a pipenet! Rebuilding...
runtime error: 
[15:26:13]Component is missing a pipenet! Rebuilding...
runtime error: 
[15:26:14]Component is missing a pipenet! Rebuilding...
runtime error: 
[15:26:14]Component is missing a pipenet! Rebuilding...
runtime error: 
[15:26:15]Component is missing a pipenet! Rebuilding...
runtime error: 
[15:26:15]Component is missing a pipenet! Rebuilding...
runtime error: 
[15:26:16]Component is missing a pipenet! Rebuilding...
runtime error: 
[15:26:16]Component is missing a pipenet! Rebuilding...
runtime error: 
[15:26:17]Component is missing a pipenet! Rebuilding...
runtime error: 
[15:26:17]Component is missing a pipenet! Rebuilding...
runtime error: 
[15:26:18]Component is missing a pipenet! Rebuilding...
runtime error: 
[15:26:18]Component is missing a pipenet! Rebuilding...
runtime error: 
[15:26:19]Component is missing a pipenet! Rebuilding...
runtime error: 
[15:26:19]Component is missing a pipenet! Rebuilding...
runtime error: 
[15:26:20]Component is missing a pipenet! Rebuilding...
runtime error: 
[15:26:20]Component is missing a pipenet! Rebuilding...
runtime error: 
[15:26:21]Component is missing a pipenet! Rebuilding...
runtime error: 
[15:26:21]Component is missing a pipenet! Rebuilding...
runtime error: 
[15:26:22]Component is missing a pipenet! Rebuilding...
runtime error: 
[15:26:22]Component is missing a pipenet! Rebuilding...
runtime error: 
[15:26:23]Component is missing a pipenet! Rebuilding...
runtime error: 
[15:26:23]Component is missing a pipenet! Rebuilding...
runtime error: 
[15:26:24]Component is missing a pipenet! Rebuilding...
runtime error: 
[15:26:24]Component is missing a pipenet! Rebuilding...
runtime error: 
[15:26:25]Component is missing a pipenet! Rebuilding...
runtime error: 
[15:26:26]Component is missing a pipenet! Rebuilding...
runtime error: 
[15:26:26]Component is missing a pipenet! Rebuilding...
runtime error: 
[15:26:27]Component is missing a pipenet! Rebuilding...
runtime error: 
[15:26:27]Component is missing a pipenet! Rebuilding...
runtime error: 
[15:26:28]Component is missing a pipenet! Rebuilding...
runtime error: 
[15:26:28]Component is missing a pipenet! Rebuilding...
runtime error: 
[15:26:29]Component is missing a pipenet! Rebuilding...
runtime error: 
[15:26:29]Component is missing a pipenet! Rebuilding...
runtime error: 
[15:26:30]Component is missing a pipenet! Rebuilding...
runtime error: 
[15:26:30]Component is missing a pipenet! Rebuilding...
runtime error: 
[15:28:07]Cannot read null.client
[15:28:07]proc name: remove from client (/datum/action/vote/proc/remove_from_client)
[15:28:07]  source file: vote.dm,321
Shutting down Persistence subsystem...
Shutting down pathfinder subsystem...
Shutting down Squeak subsystem...
Shutting down Shuttle subsystem...
Shutting down Lighting subsystem...
Shutting down XKeyScore subsystem...
Shutting down Sticky Ban subsystem...
Shutting down Overlay subsystem...
Shutting down Icon Smoothing subsystem...
Shutting down Assets subsystem...
Shutting down Minimap subsystem...
Shutting down Atmospherics subsystem...
Shutting down Wet floors subsystem...
Shutting down Weather subsystem...
Shutting down Vote subsystem...
Shutting down Traumas subsystem...
Shutting down Title Screen subsystem...
Shutting down Time Tracking subsystem...
Shutting down Throwing subsystem...
Shutting down tgui subsystem...
Shutting down Sun subsystem...
Shutting down Space Drift subsystem...
Shutting down Religion subsystem...
Shutting down Radio subsystem...
Shutting down Radiation subsystem...
Shutting down Projectiles subsystem...
Shutting down Processing subsystem...
Shutting down Parallax subsystem...
Shutting down pAI subsystem...
Shutting down Orbits subsystem...
Shutting down Objects subsystem...
Shutting down NPC Pool subsystem...
Shutting down Night Shift subsystem...
Shutting down Mood subsystem...
Shutting down Mobs subsystem...
Shutting down Medals subsystem...
Shutting down Inbounds subsystem...
Shutting down Idling NPC Pool subsystem...
Shutting down Flightpack Movement subsystem...
Shutting down Fire Burning subsystem...
Shutting down Fields subsystem...
Shutting down Fast Processing subsystem...
Shutting down Disease subsystem...
Shutting down Communications subsystem...
Shutting down Augury subsystem...
Shutting down Acid subsystem...
Shutting down Timer subsystem...
Shutting down Circuit subsystem...
Shutting down Machines subsystem...
Shutting down Language subsystem...
Shutting down Atoms subsystem...
Shutting down Networks subsystem...
Shutting down Mapping subsystem...
Shutting down Ticker subsystem...
Shutting down Traits subsystem...
Shutting down Jobs subsystem...
Shutting down Events subsystem...
Shutting down Research subsystem...
Shutting down Input subsystem...
Shutting down Server Tasks subsystem...
Shutting down Blackbox subsystem...
Shutting down Database subsystem...
Shutting down Garbage subsystem...
Shutdown complete
World rebooted at 15:29:37
