[2018-07-24 18:28:54.331] Starting up round ID 1709.
[2018-07-24 18:28:54.331] -------------------------
[2018-07-24 18:57:02.072] PDA: Red Axolotl/(Honky The ERP Clown) (PDA: clown PDA) sent "Come to ze bar" to Helps-The-Station (Bartender) (140,141,2)
[2018-07-24 19:02:52.820] PDA: Red Axolotl/(Honky The ERP Clown) (PDA: clown PDA) sent "ey" to Helps-The-Station (Bartender) (135,137,2)
[2018-07-24 19:02:55.433] PDA: Red Axolotl/(Honky The ERP Clown) (PDA: clown PDA) sent "ey" to Helps-The-Station (Bartender) (135,137,2)
[2018-07-24 19:02:57.254] PDA: Red Axolotl/(Honky The ERP Clown) (PDA: clown PDA) sent "ey" to Helps-The-Station (Bartender) (135,137,2)
[2018-07-24 19:03:06.365] PDA: Red Axolotl/(Honky The ERP Clown) (PDA: clown PDA) sent "make a fucking rage cage" to Helps-The-Station (Bartender) (135,137,2)
[2018-07-24 19:06:25.436] PDA: ManNardo/(Taqi Al-Rafiq) (PDA: engineering PDA) sent "just fucking ask me next to nigger" to Silent Majority (Mime) (117,85,2)
[2018-07-24 19:06:30.779] PDA: ManNardo/(Taqi Al-Rafiq) (PDA: engineering PDA) sent "next time" to Silent Majority (Mime) (117,85,2)
[2018-07-24 19:06:32.263] PDA: I like D0nUts/(Silent Majority) (PDA: mime PDA) sent "Okay sorry my nigga" to Taqi Al-Rafiq (Station Engineer) (161,129,2)
[2018-07-24 19:06:45.828] PDA: I like D0nUts/(Silent Majority) (PDA: mime PDA) sent "I love you as my brothar" to Taqi Al-Rafiq (Station Engineer) (189,131,2)
[2018-07-24 19:06:51.676] PDA: ManNardo/(Taqi Al-Rafiq) (PDA: engineering PDA) sent "it&#39;s okay brother" to Silent Majority (Mime) (117,85,2)
[2018-07-24 19:06:57.304] PDA: I like D0nUts/(Silent Majority) (PDA: mime PDA) sent "Love u too bye" to Taqi Al-Rafiq (Station Engineer) (166,134,2)
[2018-07-24 19:06:58.630] PDA: ManNardo/(Taqi Al-Rafiq) (PDA: engineering PDA) sent "as long as you learn" to Silent Majority (Mime) (117,85,2)
[2018-07-24 19:07:03.404] PDA: ManNardo/(Taqi Al-Rafiq) (PDA: engineering PDA) sent "you just have to ask" to Silent Majority (Mime) (117,85,2)
[2018-07-24 19:07:04.205] PDA: I like D0nUts/(Silent Majority) (PDA: mime PDA) sent "k  big brother" to Taqi Al-Rafiq (Station Engineer) (159,129,2)
[2018-07-24 19:14:04.945] PDA: I like D0nUts/(Silent Majority) (PDA: mime PDA) sent "Wheres the clown" to Tul-Ullis (Quartermaster) (91,119,2)
[2018-07-24 19:14:11.539] PDA: Swindel_/(Tul-Ullis) (PDA: quartermaster PDA) sent "proly at the space bar" to Silent Majority (Mime) (89,120,2)
[2018-07-24 19:14:16.201] PDA: I like D0nUts/(Silent Majority) (PDA: mime PDA) sent "Where is that" to Tul-Ullis (Quartermaster) (91,119,2)
[2018-07-24 19:18:14.880] PDA: I like D0nUts/(Silent Majority) (PDA: mime PDA) sent "Clown at  space bar teleporter is in dorms" to Olivia Fenton (Research Director) (130,126,2)
[2018-07-24 19:23:59.089] PDA: TCOR3987/(Ismael Edwards) (PDA: roboticist PDA) sent "What do you need?" to Benny Tequila (Botanist) (184,122,2)
[2018-07-24 19:24:07.170] PDA: Mr.Cheese1/(Benny Tequila) (PDA: botanist PDA) sent "floral somataray" to Ismael Edwards (Roboticist) (160,134,2)
[2018-07-24 19:24:22.978] PDA: Mr.Cheese1/(Benny Tequila) (PDA: botanist PDA) sent "or botanical research I think" to Ismael Edwards (Roboticist) (160,134,2)
[2018-07-24 19:24:49.002] PDA: TCOR3987/(Ismael Edwards) (PDA: roboticist PDA) sent "Yeah its done, I mean what items?" to Benny Tequila (Botanist) (184,122,2)
[2018-07-24 19:25:21.492] PDA: Mr.Cheese1/(Benny Tequila) (PDA: botanist PDA) sent "shouldnt it be the floral ray or whatever its called?" to Ismael Edwards (Roboticist) (183,127,2)
[2018-07-24 19:25:29.841] PDA: Mr.Cheese1/(Benny Tequila) (PDA: botanist PDA) sent "hang on I gotta check something" to Ismael Edwards (Roboticist) (184,127,2)
[2018-07-24 19:26:10.507] PDA: Mr.Cheese1/(Benny Tequila) (PDA: botanist PDA) sent "By the way I got you some glow berries if you want em" to Ismael Edwards (Roboticist) (161,142,2)
[2018-07-24 19:27:39.865] PDA: TCOR3987/(Ismael Edwards) (PDA: roboticist PDA) sent "So what did you want? Floral something?" to Benny Tequila (Botanist) (184,122,2)
[2018-07-24 19:27:46.260] PDA: Mr.Cheese1/(Benny Tequila) (PDA: botanist PDA) sent "yeppers" to Ismael Edwards (Roboticist) (157,146,2)
[2018-07-24 19:28:35.117] PDA: TCOR3987/(Ismael Edwards) (PDA: roboticist PDA) sent "Dont see anything named that" to Benny Tequila (Botanist) (184,123,2)
[2018-07-24 19:28:53.578] PDA: Mr.Cheese1/(Benny Tequila) (PDA: botanist PDA) sent "My autolathe makes em. thanks man, Im all good now" to Ismael Edwards (Roboticist) (156,146,2)
[2018-07-24 19:29:16.392] PDA: TCOR3987/(Ismael Edwards) (PDA: roboticist PDA) sent "OH thats why. I can only make science restricted things in science." to Benny Tequila (Botanist) (184,123,2)
[2018-07-24 19:29:38.632] PDA: Mr.Cheese1/(Benny Tequila) (PDA: botanist PDA) sent "kinda annoying TBH" to Ismael Edwards (Roboticist) (162,128,2)
[2018-07-24 19:30:01.542] PDA: Mr.Cheese1/(Benny Tequila) (PDA: botanist PDA) sent "come to R&amp;D for glow berries" to Ismael Edwards (Roboticist) (184,127,2)
[2018-07-24 19:30:17.369] PDA: TCOR3987/(Ismael Edwards) (PDA: roboticist PDA) sent "Not really just need to hack it to unlock everything. Its so clowns cant get guns from any autolathe" to Benny Tequila (Botanist) (171,94,2)
[2018-07-24 19:30:31.971] PDA: Mr.Cheese1/(Benny Tequila) (PDA: botanist PDA) sent "seems about right" to Ismael Edwards (Roboticist) (184,127,2)
[2018-07-24 19:52:33.770] PDA: PureLeper/(Easton Gardner) (PDA: chemist PDA) sent "Gold slime morph, it gurgles and when you inspect it it says it dont look right" to Olivia Fenton (Research Director) (144,128,2)
[2018-07-24 19:52:41.157] PDA: Frontline03/(Olivia Fenton) (PDA: research director PDA) sent "Kill it" to Easton Gardner (Chemist) (177,101,2)
[2018-07-24 19:52:48.548] PDA: PureLeper/(Easton Gardner) (PDA: chemist PDA) sent "Once i can find it" to Olivia Fenton (Research Director) (165,129,2)
[2018-07-24 19:52:55.570] PDA: PureLeper/(Easton Gardner) (PDA: chemist PDA) sent "It fucked off again" to Olivia Fenton (Research Director) (178,129,2)
[2018-07-24 19:52:56.564] PDA: Frontline03/(Olivia Fenton) (PDA: research director PDA) sent "Alright" to Easton Gardner (Chemist) (174,101,2)
