

Starting up round ID 107. 06:01:42
---------------------
Initialized Blackbox subsystem within 0 seconds!
Initialized Server Tasks subsystem within 0 seconds!
Initialized Input subsystem within 0 seconds!
Initialized Research subsystem within 0 seconds!
Initialized Events subsystem within 0 seconds!
Initialized Jobs subsystem within 0 seconds!
Initialized Traits subsystem within 0 seconds!
Initialized Ticker subsystem within 0 seconds!
Loading Box Station...
Loaded Station in 4.8s!
runtime error: 
[06:01:51]Cannot read null.melee
[06:01:51]proc name: attachArmor (/datum/armor/proc/attachArmor)
[06:01:51]  source file: armor.dm,59
[06:01:51]  usr: MACIEKBAKI (/mob/dead/new_player)
[06:01:51]  src: /datum/armor (/datum/armor)
[06:01:51]  usr.loc: the plating (8,174,1) (/turf/open/floor/plating)
[06:01:51]  call stack:
[06:01:51]/datum/armor (/datum/armor): attachArmor(null)
[06:01:51]the medal of captaincy (/obj/item/clothing/accessory/medal/gold/captain): attach(the captain\'s jumpsuit (/obj/item/clothing/under/rank/captain), null)
[06:01:51]the captain\'s jumpsuit (/obj/item/clothing/under/rank/captain): attach accessory(the medal of captaincy (/obj/item/clothing/accessory/medal/gold/captain), null, 1)
[06:01:51]Captain (/datum/outfit/job/captain): equip(Melvin Enderly (/mob/living/carbon/human/dummy), 1)
[06:01:51]Melvin Enderly (/mob/living/carbon/human/dummy): equipOutfit(/datum/outfit/job/captain (/datum/outfit/job/captain), 1)
[06:01:51]/datum/job/captain (/datum/job/captain): equip(Melvin Enderly (/mob/living/carbon/human/dummy), 1, 1)
[06:01:51]/datum/preferences (/datum/preferences): update preview icon()
[06:01:51]/datum/preferences (/datum/preferences): ShowChoices(MACIEKBAKI (/mob/dead/new_player))
[06:01:51]MACIEKBAKI (/mob/dead/new_player): Topic("src=\[mob_5];show_preferences=...", /list (/list))
[06:01:51]MACIEKBAKI (/client): Topic("src=\[mob_5];show_preferences=...", /list (/list), MACIEKBAKI (/mob/dead/new_player))
[06:01:51]MACIEKBAKI (/client): Topic("src=\[mob_5];show_preferences=...", /list (/list), MACIEKBAKI (/mob/dead/new_player))
Loaded Lavaland in 5.3s!
Loaded Reebe in 4s!
runtime error: 
[06:02:00]Cannot read null.melee
[06:02:00]proc name: attachArmor (/datum/armor/proc/attachArmor)
[06:02:00]  source file: armor.dm,59
[06:02:00]  usr: MACIEKBAKI (/mob/dead/new_player)
[06:02:00]  src: /datum/armor (/datum/armor)
[06:02:00]  usr.loc: the plating (8,174,1) (/turf/open/floor/plating)
[06:02:00]  call stack:
[06:02:00]/datum/armor (/datum/armor): attachArmor(null)
[06:02:00]the medal of captaincy (/obj/item/clothing/accessory/medal/gold/captain): attach(the captain\'s jumpsuit (/obj/item/clothing/under/rank/captain), null)
[06:02:00]the captain\'s jumpsuit (/obj/item/clothing/under/rank/captain): attach accessory(the medal of captaincy (/obj/item/clothing/accessory/medal/gold/captain), null, 1)
[06:02:00]Captain (/datum/outfit/job/captain): equip(Melvin Enderly (/mob/living/carbon/human/dummy), 1)
[06:02:00]Melvin Enderly (/mob/living/carbon/human/dummy): equipOutfit(/datum/outfit/job/captain (/datum/outfit/job/captain), 1)
[06:02:00]/datum/job/captain (/datum/job/captain): equip(Melvin Enderly (/mob/living/carbon/human/dummy), 1, 1)
[06:02:00]/datum/preferences (/datum/preferences): update preview icon()
[06:02:00]/datum/preferences (/datum/preferences): ShowChoices(MACIEKBAKI (/mob/dead/new_player))
[06:02:00]/datum/preferences (/datum/preferences): process link(MACIEKBAKI (/mob/dead/new_player), /list (/list))
[06:02:00]MACIEKBAKI (/client): Topic("_src_=prefs;preference=job;tas...", /list (/list), null)
[06:02:00]MACIEKBAKI (/client): Topic("_src_=prefs;preference=job;tas...", /list (/list))
Ruin loader finished with 0 left to spend.
Ruin loader finished with 0 left to spend.
Initialized Mapping subsystem within 21.4 seconds!
Initialized Networks subsystem within 0 seconds!
Initialized Atoms subsystem within 37.4 seconds!
Initialized Language subsystem within 0 seconds!
Initialized Machines subsystem within 0.3 seconds!
Initialized Circuit subsystem within 0 seconds!
Initialized Disease subsystem within 0 seconds!
Initialized Medals subsystem within 0 seconds!
Initialized Night Shift subsystem within 0 seconds!
Initialized Weather subsystem within 0 seconds!
Initialized Atmospherics subsystem within 11.3 seconds!
Initialized Minimap subsystem within 0 seconds!
Initialized Assets subsystem within 0.8 seconds!
Initialized Icon Smoothing subsystem within 5.1 seconds!
Initialized Overlay subsystem within 17.6 seconds!
Initialized XKeyScore subsystem within 0 seconds!
Initialized Lighting subsystem within 11.3 seconds!
Initialized Shuttle subsystem within 25.3 seconds!
Initialized Squeak subsystem within 0 seconds!
Loaded 0 engraved messages on map Box Station
Initialized Persistence subsystem within 0.1 seconds!
Initializations complete within 130.8 seconds!
Game start took 2.3s
runtime error: 
[06:10:52]Cannot read null.parents
[06:10:52]proc name: returnPipenet (/obj/machinery/atmospherics/components/returnPipenet)
[06:10:52]  source file: components_base.dm,91
[06:10:52]  usr: Melvin Enderly (/mob/living/carbon/human)
[06:10:52]  src: the heater (/obj/machinery/atmospherics/components/unary/thermomachine/heater)
[06:10:52]  usr.loc: the reinforced floor (186,98,2) (/turf/open/floor/engine)
[06:10:52]  src.loc: the reinforced floor (188,99,2) (/turf/open/floor/engine)
[06:10:52]  call stack:
[06:10:52]the heater (/obj/machinery/atmospherics/components/unary/thermomachine/heater): returnPipenet(the connector port (/obj/machinery/atmospherics/components/unary/portables_connector/visible))
[06:10:52]the heater (/obj/machinery/atmospherics/components/unary/thermomachine/heater): addMember(the connector port (/obj/machinery/atmospherics/components/unary/portables_connector/visible))
[06:10:52]the connector port (/obj/machinery/atmospherics/components/unary/portables_connector/visible): on construction(null, 2)
[06:10:52]the connector port (/obj/machinery/atmospherics/components/unary/portables_connector/visible): on construction(null, 2)
[06:10:52]the connector port (/obj/machinery/atmospherics/components/unary/portables_connector/visible): on construction(null, 2)
[06:10:52]the connector port fitting (/obj/item/pipe/directional): wrench act(Melvin Enderly (/mob/living/carbon/human), the wrench (/obj/item/wrench))
[06:10:52]the connector port fitting (/obj/item/pipe/directional): tool act(Melvin Enderly (/mob/living/carbon/human), the wrench (/obj/item/wrench), "wrench")
[06:10:52]the wrench (/obj/item/wrench): tool attack chain(Melvin Enderly (/mob/living/carbon/human), the connector port fitting (/obj/item/pipe/directional))
[06:10:52]the wrench (/obj/item/wrench): melee attack chain(Melvin Enderly (/mob/living/carbon/human), the connector port fitting (/obj/item/pipe/directional), "icon-x=16;icon-y=12;left=1;scr...")
[06:10:52]Melvin Enderly (/mob/living/carbon/human): ClickOn(the connector port fitting (/obj/item/pipe/directional), "icon-x=16;icon-y=12;left=1;scr...")
[06:10:52]the connector port fitting (/obj/item/pipe/directional): Click(the reinforced floor (187,99,2) (/turf/open/floor/engine), "mapwindow.map", "icon-x=16;icon-y=12;left=1;scr...")
runtime error: 
[06:10:52]Cannot execute null.addMember().
[06:10:52]proc name: addMember (/obj/machinery/atmospherics/components/addMember)
[06:10:52]  source file: datum_pipeline.dm,130
[06:10:52]  usr: Melvin Enderly (/mob/living/carbon/human)
[06:10:52]  src: the heater (/obj/machinery/atmospherics/components/unary/thermomachine/heater)
[06:10:52]  usr.loc: the reinforced floor (186,98,2) (/turf/open/floor/engine)
[06:10:52]  src.loc: the reinforced floor (188,99,2) (/turf/open/floor/engine)
[06:10:52]  call stack:
[06:10:52]the heater (/obj/machinery/atmospherics/components/unary/thermomachine/heater): addMember(the connector port (/obj/machinery/atmospherics/components/unary/portables_connector/visible))
[06:10:52]the connector port (/obj/machinery/atmospherics/components/unary/portables_connector/visible): on construction(null, 2)
[06:10:52]the connector port (/obj/machinery/atmospherics/components/unary/portables_connector/visible): on construction(null, 2)
[06:10:52]the connector port (/obj/machinery/atmospherics/components/unary/portables_connector/visible): on construction(null, 2)
[06:10:52]the connector port fitting (/obj/item/pipe/directional): wrench act(Melvin Enderly (/mob/living/carbon/human), the wrench (/obj/item/wrench))
[06:10:52]the connector port fitting (/obj/item/pipe/directional): tool act(Melvin Enderly (/mob/living/carbon/human), the wrench (/obj/item/wrench), "wrench")
[06:10:52]the wrench (/obj/item/wrench): tool attack chain(Melvin Enderly (/mob/living/carbon/human), the connector port fitting (/obj/item/pipe/directional))
[06:10:52]the wrench (/obj/item/wrench): melee attack chain(Melvin Enderly (/mob/living/carbon/human), the connector port fitting (/obj/item/pipe/directional), "icon-x=16;icon-y=12;left=1;scr...")
[06:10:52]Melvin Enderly (/mob/living/carbon/human): ClickOn(the connector port fitting (/obj/item/pipe/directional), "icon-x=16;icon-y=12;left=1;scr...")
[06:10:52]the connector port fitting (/obj/item/pipe/directional): Click(the reinforced floor (187,99,2) (/turf/open/floor/engine), "mapwindow.map", "icon-x=16;icon-y=12;left=1;scr...")
runtime error: 
[06:10:52]Cannot read null.parents
[06:10:52]proc name: returnPipenet (/obj/machinery/atmospherics/components/returnPipenet)
[06:10:52]  source file: components_base.dm,91
[06:10:52]  usr: Melvin Enderly (/mob/living/carbon/human)
[06:10:52]  src: the freezer (/obj/machinery/atmospherics/components/unary/thermomachine/freezer)
[06:10:52]  usr.loc: the reinforced floor (186,98,2) (/turf/open/floor/engine)
[06:10:52]  src.loc: the reinforced floor (188,98,2) (/turf/open/floor/engine)
[06:10:52]  call stack:
[06:10:52]the freezer (/obj/machinery/atmospherics/components/unary/thermomachine/freezer): returnPipenet(the connector port (/obj/machinery/atmospherics/components/unary/portables_connector/visible))
[06:10:52]the freezer (/obj/machinery/atmospherics/components/unary/thermomachine/freezer): addMember(the connector port (/obj/machinery/atmospherics/components/unary/portables_connector/visible))
[06:10:52]the connector port (/obj/machinery/atmospherics/components/unary/portables_connector/visible): on construction(null, 2)
[06:10:52]the connector port (/obj/machinery/atmospherics/components/unary/portables_connector/visible): on construction(null, 2)
[06:10:52]the connector port (/obj/machinery/atmospherics/components/unary/portables_connector/visible): on construction(null, 2)
[06:10:52]the connector port fitting (/obj/item/pipe/directional): wrench act(Melvin Enderly (/mob/living/carbon/human), the wrench (/obj/item/wrench))
[06:10:52]the connector port fitting (/obj/item/pipe/directional): tool act(Melvin Enderly (/mob/living/carbon/human), the wrench (/obj/item/wrench), "wrench")
[06:10:52]the wrench (/obj/item/wrench): tool attack chain(Melvin Enderly (/mob/living/carbon/human), the connector port fitting (/obj/item/pipe/directional))
[06:10:52]the wrench (/obj/item/wrench): melee attack chain(Melvin Enderly (/mob/living/carbon/human), the connector port fitting (/obj/item/pipe/directional), "icon-x=16;icon-y=9;left=1;scre...")
[06:10:52]Melvin Enderly (/mob/living/carbon/human): ClickOn(the connector port fitting (/obj/item/pipe/directional), "icon-x=16;icon-y=9;left=1;scre...")
[06:10:52]the connector port fitting (/obj/item/pipe/directional): Click(the reinforced floor (187,98,2) (/turf/open/floor/engine), "mapwindow.map", "icon-x=16;icon-y=9;left=1;scre...")
runtime error: 
[06:10:52]Cannot execute null.addMember().
[06:10:52]proc name: addMember (/obj/machinery/atmospherics/components/addMember)
[06:10:52]  source file: datum_pipeline.dm,130
[06:10:52]  usr: Melvin Enderly (/mob/living/carbon/human)
[06:10:52]  src: the freezer (/obj/machinery/atmospherics/components/unary/thermomachine/freezer)
[06:10:52]  usr.loc: the reinforced floor (186,98,2) (/turf/open/floor/engine)
[06:10:52]  src.loc: the reinforced floor (188,98,2) (/turf/open/floor/engine)
[06:10:52]  call stack:
[06:10:52]the freezer (/obj/machinery/atmospherics/components/unary/thermomachine/freezer): addMember(the connector port (/obj/machinery/atmospherics/components/unary/portables_connector/visible))
[06:10:52]the connector port (/obj/machinery/atmospherics/components/unary/portables_connector/visible): on construction(null, 2)
[06:10:52]the connector port (/obj/machinery/atmospherics/components/unary/portables_connector/visible): on construction(null, 2)
[06:10:52]the connector port (/obj/machinery/atmospherics/components/unary/portables_connector/visible): on construction(null, 2)
[06:10:52]the connector port fitting (/obj/item/pipe/directional): wrench act(Melvin Enderly (/mob/living/carbon/human), the wrench (/obj/item/wrench))
[06:10:52]the connector port fitting (/obj/item/pipe/directional): tool act(Melvin Enderly (/mob/living/carbon/human), the wrench (/obj/item/wrench), "wrench")
[06:10:52]the wrench (/obj/item/wrench): tool attack chain(Melvin Enderly (/mob/living/carbon/human), the connector port fitting (/obj/item/pipe/directional))
[06:10:52]the wrench (/obj/item/wrench): melee attack chain(Melvin Enderly (/mob/living/carbon/human), the connector port fitting (/obj/item/pipe/directional), "icon-x=16;icon-y=9;left=1;scre...")
[06:10:52]Melvin Enderly (/mob/living/carbon/human): ClickOn(the connector port fitting (/obj/item/pipe/directional), "icon-x=16;icon-y=9;left=1;scre...")
[06:10:52]the connector port fitting (/obj/item/pipe/directional): Click(the reinforced floor (187,98,2) (/turf/open/floor/engine), "mapwindow.map", "icon-x=16;icon-y=9;left=1;scre...")
Shutting down Persistence subsystem...
Shutting down pathfinder subsystem...
Shutting down Squeak subsystem...
Shutting down Shuttle subsystem...
Shutting down Lighting subsystem...
Shutting down XKeyScore subsystem...
Shutting down Sticky Ban subsystem...
Shutting down Overlay subsystem...
Shutting down Icon Smoothing subsystem...
Shutting down Assets subsystem...
Shutting down Minimap subsystem...
Shutting down Atmospherics subsystem...
Shutting down Weather subsystem...
Shutting down Vote subsystem...
Shutting down Traumas subsystem...
Shutting down Title Screen subsystem...
Shutting down Time Tracking subsystem...
Shutting down Throwing subsystem...
Shutting down tgui subsystem...
Shutting down Sun subsystem...
Shutting down Space Drift subsystem...
Shutting down Religion subsystem...
Shutting down Radio subsystem...
Shutting down Radiation subsystem...
Shutting down Projectiles subsystem...
Shutting down Processing subsystem...
Shutting down Parallax subsystem...
Shutting down pAI subsystem...
Shutting down Orbits subsystem...
Shutting down Objects subsystem...
Shutting down NPC Pool subsystem...
Shutting down Night Shift subsystem...
Shutting down Mood subsystem...
Shutting down Mobs subsystem...
Shutting down Medals subsystem...
Shutting down Inbounds subsystem...
Shutting down Idling NPC Pool subsystem...
Shutting down Flightpack Movement subsystem...
Shutting down Fire Burning subsystem...
Shutting down Fields subsystem...
Shutting down Fast Processing subsystem...
Shutting down Disease subsystem...
Shutting down Communications subsystem...
Shutting down Augury subsystem...
Shutting down Acid subsystem...
Shutting down Timer subsystem...
Shutting down Circuit subsystem...
Shutting down Machines subsystem...
Shutting down Language subsystem...
Shutting down Atoms subsystem...
Shutting down Networks subsystem...
Shutting down Mapping subsystem...
Shutting down Ticker subsystem...
Shutting down Traits subsystem...
Shutting down Jobs subsystem...
Shutting down Events subsystem...
Shutting down Research subsystem...
Shutting down Input subsystem...
Shutting down Server Tasks subsystem...
Shutting down Blackbox subsystem...
Shutting down Database subsystem...
Shutting down Garbage subsystem...
Shutdown complete
World rebooted at 06:15:47
