

Starting up round ID 1213. 20:58:24
---------------------
[21:05:26]PDA: AssHoeSnek/(Lanny Langston) (PDA: PDA) sent "Can I become a prisoner Sir?" to Jhon Divitary (Warden) (86,127,2)
[21:05:45]PDA: Mayhem88/(Eva) (PDA: bartender PDA) sent "hey come to hos office" to Gragnir Grolob (Captain) (134,160,2)
[21:07:41]PDA: AssHoeSnek/(Lanny Langston) (PDA: PDA) sent "Sir?" to Jhon Divitary (Warden) (87,166,2)
[21:09:06]PDA: AssHoeSnek/(Lanny Langston) (PDA: PDA) sent "Sir, I was wondering if I could become a prisoner?" to Gragnir Grolob (Captain) (94,168,2)
[21:12:12]PDA: ManNardo/(Raul Tejada) (PDA: head of personnel PDA) sent "want a free prisoner?" to Jhon Divitary (Warden) (134,162,2)
[21:18:56]PDA: AssHoeSnek/(Lanny Langston) (PDA: PDA) sent "Warden" to Jhon Divitary (Warden) (88,166,2)
[21:19:03]PDA: AssHoeSnek/(Lanny Langston) (PDA: PDA) sent "I need to be put in prison" to Jhon Divitary (Warden) (88,166,2)
[21:25:46]PDA: Mayhem88/(Eva) (PDA: bartender PDA) sent "hop guess what" to Raul Tejada (Head of Personnel) (68,37,5)
[21:25:55]PDA: ManNardo/(Raul Tejada) (PDA: head of personnel PDA) sent "did you get him?" to Eva (Bartender) (134,162,2)
[21:25:59]PDA: Mayhem88/(Eva) (PDA: bartender PDA) sent "well kinda" to Raul Tejada (Head of Personnel) (68,37,5)
[21:26:09]PDA: Mayhem88/(Eva) (PDA: bartender PDA) sent "he is dead burned alive outside lavaland i thught hed be here" to Raul Tejada (Head of Personnel) (68,37,5)
[21:26:23]PDA: ManNardo/(Raul Tejada) (PDA: head of personnel PDA) sent "I guess he was truelly trying to do his job" to Eva (Bartender) (134,162,2)
[21:26:26]PDA: ManNardo/(Raul Tejada) (PDA: head of personnel PDA) sent "check his PDA" to Eva (Bartender) (134,162,2)
[21:26:31]PDA: Mayhem88/(Eva) (PDA: bartender PDA) sent "no he made a run for it" to Raul Tejada (Head of Personnel) (68,37,5)
[21:26:34]PDA: Mayhem88/(Eva) (PDA: bartender PDA) sent "s" to Raul Tejada (Head of Personnel) (68,37,5)
[21:27:10]PDA: ManNardo/(Raul Tejada) (PDA: head of personnel PDA) sent "Oh nice. But is his PDA unlocked?" to Eva (Bartender) (134,162,2)
[21:27:20]PDA: Mayhem88/(Eva) (PDA: bartender PDA) sent "storm il check after" to Raul Tejada (Head of Personnel) (65,36,5)
[21:38:42]PDA: Catmanpop/(Catitao) (PDA: scientist PDA) sent "I need someone to help me, I need some reinforced glass and a MMI" to Gragnir Grolob (Captain) (128,156,2)
[21:39:04]PDA: HaggisShuu/(Gragnir Grolob) (PDA: captain PDA) sent "i&#39;ll see what i can do" to Catitao (Scientist) (114,157,2)
[21:42:33]PDA: HaggisShuu/(Gragnir Grolob) (PDA: captain PDA) sent "if you don&#39;t return my hardsuit you will nto be joinng us on the shuttle" to Raul Tejada (Head of Personnel) (105,167,2)
[21:42:40]PDA: HaggisShuu/(Gragnir Grolob) (PDA: captain PDA) sent "i will end you" to Raul Tejada (Head of Personnel) (105,167,2)
[21:42:42]PDA: ManNardo/(Raul Tejada) (PDA: head of personnel PDA) sent "I don&#39;t have it" to Gragnir Grolob (Captain) (97,123,2)
[21:42:48]PDA: HaggisShuu/(Gragnir Grolob) (PDA: captain PDA) sent "oh, mjy mistake" to Raul Tejada (Head of Personnel) (105,167,2)
[21:42:59]PDA: ManNardo/(Raul Tejada) (PDA: head of personnel PDA) sent "I think someone is emagging in medical" to Gragnir Grolob (Captain) (97,123,2)
[21:43:43]PDA: Catmanpop/(Catitao) (PDA: scientist PDA) sent "Can I get my toolbox and leave HoP (I followed you to the helm but got stuck)" to Gragnir Grolob (Captain) (126,163,2)
[21:50:28]PDA: HaggisShuu/(Gragnir Grolob) (PDA: captain PDA) sent "can you disable your turrets? i&#39;m coming to card you" to MasterKey (AI) (120,169,2)
[21:51:02]PDA: AsciiSquid/(MasterKey) (PDA: PDA) sent "Very well, please by paitent, as I have been suffering serious lag all shift" to Gragnir Grolob (Captain) (129,213,2)
