

Starting up round ID 1213. 20:58:24
---------------------
Initialized Database subsystem within 0 seconds!
Initialized Blackbox subsystem within 0 seconds!
Initialized Server Tasks subsystem within 0 seconds!
Initialized Input subsystem within 0 seconds!
Initialized Research subsystem within 0 seconds!
Initialized Events subsystem within 0 seconds!
Initialized Jobs subsystem within 0 seconds!
Initialized Traits subsystem within 0 seconds!
Initialized Ticker subsystem within 0 seconds!
Loading PubbyStation...
Loaded Station in 18.2s!
Loaded Lavaland in 7s!
runtime error: 
[20:58:52]Cannot read null.melee
[20:58:52]proc name: attachArmor (/datum/armor/proc/attachArmor)
[20:58:52]  source file: armor.dm,59
[20:58:52]  usr: Floofster (/mob/dead/new_player)
[20:58:52]  src: /datum/armor (/datum/armor)
[20:58:52]  usr.loc: the plating (8,174,1) (/turf/open/floor/plating)
[20:58:52]  call stack:
[20:58:52]/datum/armor (/datum/armor): attachArmor(null)
[20:58:52]the medal of captaincy (/obj/item/clothing/accessory/medal/gold/captain): attach(the captain\'s jumpsuit (/obj/item/clothing/under/rank/captain), null)
[20:58:52]the captain\'s jumpsuit (/obj/item/clothing/under/rank/captain): attach accessory(the medal of captaincy (/obj/item/clothing/accessory/medal/gold/captain), null, 1)
[20:58:52]Captain (/datum/outfit/job/captain): equip(Wih-Skee (/mob/living/carbon/human/dummy), 1)
[20:58:52]Wih-Skee (/mob/living/carbon/human/dummy): equipOutfit(/datum/outfit/job/captain (/datum/outfit/job/captain), 1)
[20:58:52]/datum/job/captain (/datum/job/captain): equip(Wih-Skee (/mob/living/carbon/human/dummy), 1, 1)
[20:58:52]/datum/preferences (/datum/preferences): update preview icon()
[20:58:52]/datum/preferences (/datum/preferences): ShowChoices(Floofster (/mob/dead/new_player))
[20:58:52]Floofster (/mob/dead/new_player): Topic("src=\[mob_39];show_preferences...", /list (/list))
[20:58:52]Floofster (/client): Topic("src=\[mob_39];show_preferences...", /list (/list), Floofster (/mob/dead/new_player))
[20:58:52]Floofster (/client): Topic("src=\[mob_39];show_preferences...", /list (/list), Floofster (/mob/dead/new_player))
Loaded Reebe in 6.8s!
runtime error: 
[20:59:10]Cannot read null.melee
[20:59:10]proc name: attachArmor (/datum/armor/proc/attachArmor)
[20:59:10]  source file: armor.dm,59
[20:59:10]  usr: Floofster (/mob/dead/new_player)
[20:59:10]  src: /datum/armor (/datum/armor)
[20:59:10]  usr.loc: the plating (8,174,1) (/turf/open/floor/plating)
[20:59:10]  call stack:
[20:59:10]/datum/armor (/datum/armor): attachArmor(null)
[20:59:10]the medal of captaincy (/obj/item/clothing/accessory/medal/gold/captain): attach(the captain\'s jumpsuit (/obj/item/clothing/under/rank/captain), null)
[20:59:10]the captain\'s jumpsuit (/obj/item/clothing/under/rank/captain): attach accessory(the medal of captaincy (/obj/item/clothing/accessory/medal/gold/captain), null, 1)
[20:59:10]Captain (/datum/outfit/job/captain): equip(Wih-Skee (/mob/living/carbon/human/dummy), 1)
[20:59:10]Wih-Skee (/mob/living/carbon/human/dummy): equipOutfit(/datum/outfit/job/captain (/datum/outfit/job/captain), 1)
[20:59:10]/datum/job/captain (/datum/job/captain): equip(Wih-Skee (/mob/living/carbon/human/dummy), 1, 1)
[20:59:10]/datum/preferences (/datum/preferences): update preview icon()
[20:59:10]/datum/preferences (/datum/preferences): ShowChoices(Floofster (/mob/dead/new_player))
[20:59:10]/datum/preferences (/datum/preferences): process link(Floofster (/mob/dead/new_player), /list (/list))
[20:59:10]Floofster (/client): Topic("_src_=prefs;preference=job;tas...", /list (/list), null)
[20:59:10]Floofster (/client): Topic("_src_=prefs;preference=job;tas...", /list (/list))
Ruin loader finished with 0 left to spend.
Ruin loader finished with 0 left to spend.
Initialized Mapping subsystem within 53.8 seconds!
Initialized Networks subsystem within 0 seconds!
Initialized Atoms subsystem within 52.5 seconds!
Initialized Language subsystem within 0 seconds!
Initialized Machines subsystem within 0.3 seconds!
Initialized Circuit subsystem within 0.1 seconds!
Initialized Disease subsystem within 0 seconds!
Initialized Medals subsystem within 0 seconds!
Initialized Night Shift subsystem within 0 seconds!
Initialized Parallax subsystem within 0 seconds!
Initialized Traumas subsystem within 0.1 seconds!
Initialized Weather subsystem within 0 seconds!
## WARNING: There are 4 active turfs at roundstart, this is a mapping error caused by a difference of the air between the adjacent turfs. You can see its coordinates using "Mapping -> Show roundstart AT list" verb (debug verbs required)
## WARNING: HEY! LISTEN! 0 seconds were wasted processing 4 turf(s) (connected to 4 other turfs) with atmos differences at round start.
Initialized Atmospherics subsystem within 16.9 seconds!
Failed to find backup file for map PubbyStation on zlevel 2.
Initialized Assets subsystem within 0.8 seconds!
Initialized Icon Smoothing subsystem within 7.4 seconds!
Initialized Overlay subsystem within 60.9 seconds!
Initialized XKeyScore subsystem within 0 seconds!
Initialized Sticky Ban subsystem within 0 seconds!
Initialized Lighting subsystem within 22.3 seconds!
Initialized Shuttle subsystem within 26.1 seconds!
Initialized Squeak subsystem within 0 seconds!
Initialized pathfinder subsystem within 0 seconds!
Loaded 2 engraved messages on map PubbyStation
Initialized Persistence subsystem within 0.1 seconds!
Initializations complete within 245.1 seconds!
Game start took 17.2s
runtime error: 
[21:04:17]nothing to animate
[21:04:17]proc name: shake camera (/proc/shake_camera)
[21:04:17]  source file: mob_helpers.dm,270
[21:04:17]  usr: (src)
[21:04:17]  src: null
[21:04:17]  call stack:
[21:04:17]shake camera( (/mob/living/carbon/human), 0.75, 1)
[21:04:17] (/mob/living/carbon/human): afterShuttleMove(space (25,18,13) (/turf/open/space/transit/west), /list (/list), 8, 8, 8, 0)
[21:04:17] (/mob/living/carbon/human): afterShuttleMove(space (25,18,13) (/turf/open/space/transit/west), /list (/list), 8, 8, 8, 0)
[21:04:17]the pubby arrivals shuttle (/obj/docking_port/mobile/arrivals): cleanup runway(the pubby arrivals (/obj/docking_port/stationary), /list (/list), /list (/list), /list (/list), /list (/list), 0, 8, Space (/area/space), /turf/open/space/transit/west (/turf/open/space/transit/west), /turf/open/space (/turf/open/space))
[21:04:17]the pubby arrivals shuttle (/obj/docking_port/mobile/arrivals): initiate docking(the pubby arrivals (/obj/docking_port/stationary), 8, 0)
[21:04:17]the pubby arrivals shuttle (/obj/docking_port/mobile/arrivals): initiate docking(the pubby arrivals (/obj/docking_port/stationary), 8)
[21:04:17]the pubby arrivals shuttle (/obj/docking_port/mobile/arrivals): check()
[21:04:17]the pubby arrivals shuttle (/obj/docking_port/mobile/arrivals): check()
[21:04:17]Shuttle (/datum/controller/subsystem/shuttle): fire(0)
[21:04:17]Shuttle (/datum/controller/subsystem/shuttle): ignite(0)
runtime error: 
[21:04:17]nothing to animate
[21:04:17]proc name: shake camera (/proc/shake_camera)
[21:04:17]  source file: mob_helpers.dm,270
[21:04:17]  usr: (src)
[21:04:17]  src: null
[21:04:17]  call stack:
[21:04:17]shake camera(Making The Music (/mob/living/carbon/human), 0.75, 1)
[21:04:17]Making The Music (/mob/living/carbon/human): afterShuttleMove(space (24,18,13) (/turf/open/space/transit/west), /list (/list), 8, 8, 8, 0)
[21:04:17]Making The Music (/mob/living/carbon/human): afterShuttleMove(space (24,18,13) (/turf/open/space/transit/west), /list (/list), 8, 8, 8, 0)
[21:04:17]the pubby arrivals shuttle (/obj/docking_port/mobile/arrivals): cleanup runway(the pubby arrivals (/obj/docking_port/stationary), /list (/list), /list (/list), /list (/list), /list (/list), 0, 8, Space (/area/space), /turf/open/space/transit/west (/turf/open/space/transit/west), /turf/open/space (/turf/open/space))
[21:04:17]the pubby arrivals shuttle (/obj/docking_port/mobile/arrivals): initiate docking(the pubby arrivals (/obj/docking_port/stationary), 8, 0)
[21:04:17]the pubby arrivals shuttle (/obj/docking_port/mobile/arrivals): initiate docking(the pubby arrivals (/obj/docking_port/stationary), 8)
[21:04:17]the pubby arrivals shuttle (/obj/docking_port/mobile/arrivals): check()
[21:04:17]the pubby arrivals shuttle (/obj/docking_port/mobile/arrivals): check()
[21:04:17]Shuttle (/datum/controller/subsystem/shuttle): fire(0)
[21:04:17]Shuttle (/datum/controller/subsystem/shuttle): ignite(0)
runtime error: 
[21:05:17]Cannot read null.client
[21:05:17]proc name: remove from client (/datum/action/vote/proc/remove_from_client)
[21:05:17]  source file: vote.dm,321
[21:05:17]  usr: null
[21:05:17]  src: Vote! (/datum/action/vote)
[21:05:17]  call stack:
[21:05:17]Vote! (/datum/action/vote): remove from client()
[21:05:17]Vote (/datum/controller/subsystem/vote): remove action buttons()
[21:05:17]Vote (/datum/controller/subsystem/vote): announce result()
[21:05:17]Vote (/datum/controller/subsystem/vote): result()
[21:05:17]Vote (/datum/controller/subsystem/vote): fire(0)
[21:05:17]Vote (/datum/controller/subsystem/vote): ignite(0)
[21:05:17]Master (/datum/controller/master): RunQueue()
[21:05:17]Master (/datum/controller/master): Loop()
[21:05:17]Master (/datum/controller/master): StartProcessing(0)
runtime error: 
[21:05:17]Cannot read null.client
[21:05:17]proc name: remove from client (/datum/action/vote/proc/remove_from_client)
[21:05:17]  source file: vote.dm,321
[21:05:17]  usr: null
[21:05:17]  src: Vote! (/datum/action/vote)
[21:05:17]  call stack:
[21:05:17]Vote! (/datum/action/vote): remove from client()
[21:05:17]Vote (/datum/controller/subsystem/vote): remove action buttons()
[21:05:17]Vote (/datum/controller/subsystem/vote): announce result()
[21:05:17]Vote (/datum/controller/subsystem/vote): result()
[21:05:17]Vote (/datum/controller/subsystem/vote): fire(0)
[21:05:17]Vote (/datum/controller/subsystem/vote): ignite(0)
[21:05:17]Master (/datum/controller/master): RunQueue()
[21:05:17]Master (/datum/controller/master): Loop()
[21:05:17]Master (/datum/controller/master): StartProcessing(0)
runtime error: 
[21:08:14]nothing to animate
[21:08:14]proc name: shake camera (/proc/shake_camera)
[21:08:14]  source file: mob_helpers.dm,270
[21:08:14]  usr: (src)
[21:08:14]  src: null
[21:08:14]  call stack:
[21:08:14]shake camera(Pull-Up-Wit-A-Choppa-Let-It-Ea... (/mob/living/carbon/human), 0.75, 1)
[21:08:14]Pull-Up-Wit-A-Choppa-Let-It-Ea... (/mob/living/carbon/human): afterShuttleMove(space (24,18,13) (/turf/open/space/transit/west), /list (/list), 8, 8, 8, 0)
[21:08:14]Pull-Up-Wit-A-Choppa-Let-It-Ea... (/mob/living/carbon/human): afterShuttleMove(space (24,18,13) (/turf/open/space/transit/west), /list (/list), 8, 8, 8, 0)
[21:08:14]the pubby arrivals shuttle (/obj/docking_port/mobile/arrivals): cleanup runway(the pubby arrivals (/obj/docking_port/stationary), /list (/list), /list (/list), /list (/list), /list (/list), 0, 8, Space (/area/space), /turf/open/space/transit/west (/turf/open/space/transit/west), /turf/open/space (/turf/open/space))
[21:08:14]the pubby arrivals shuttle (/obj/docking_port/mobile/arrivals): initiate docking(the pubby arrivals (/obj/docking_port/stationary), 8, 0)
[21:08:14]the pubby arrivals shuttle (/obj/docking_port/mobile/arrivals): initiate docking(the pubby arrivals (/obj/docking_port/stationary), 8)
[21:08:14]the pubby arrivals shuttle (/obj/docking_port/mobile/arrivals): check()
[21:08:14]the pubby arrivals shuttle (/obj/docking_port/mobile/arrivals): check()
[21:08:14]Shuttle (/datum/controller/subsystem/shuttle): fire(0)
[21:08:14]Shuttle (/datum/controller/subsystem/shuttle): ignite(0)
runtime error: 
[21:08:43]nothing to animate
[21:08:43]proc name: shake camera (/proc/shake_camera)
[21:08:43]  source file: mob_helpers.dm,270
[21:08:43]  usr: (src)
[21:08:43]  src: null
[21:08:43]  call stack:
[21:08:43]shake camera( (/mob/living/carbon/human), 0.75, 1)
[21:08:43] (/mob/living/carbon/human): afterShuttleMove(space (25,19,13) (/turf/open/space/transit/west), /list (/list), 8, 8, 8, 0)
[21:08:43] (/mob/living/carbon/human): afterShuttleMove(space (25,19,13) (/turf/open/space/transit/west), /list (/list), 8, 8, 8, 0)
[21:08:43]the pubby arrivals shuttle (/obj/docking_port/mobile/arrivals): cleanup runway(the pubby arrivals (/obj/docking_port/stationary), /list (/list), /list (/list), /list (/list), /list (/list), 0, 8, Space (/area/space), /turf/open/space/transit/west (/turf/open/space/transit/west), /turf/open/space (/turf/open/space))
[21:08:43]the pubby arrivals shuttle (/obj/docking_port/mobile/arrivals): initiate docking(the pubby arrivals (/obj/docking_port/stationary), 8, 0)
[21:08:43]the pubby arrivals shuttle (/obj/docking_port/mobile/arrivals): initiate docking(the pubby arrivals (/obj/docking_port/stationary), 8)
[21:08:43]the pubby arrivals shuttle (/obj/docking_port/mobile/arrivals): check()
[21:08:43]the pubby arrivals shuttle (/obj/docking_port/mobile/arrivals): check()
[21:08:43]Shuttle (/datum/controller/subsystem/shuttle): fire(0)
[21:08:43]Shuttle (/datum/controller/subsystem/shuttle): ignite(0)
runtime error: 
[21:08:43]nothing to animate
[21:08:43]proc name: shake camera (/proc/shake_camera)
[21:08:43]  source file: mob_helpers.dm,270
[21:08:43]  usr: (src)
[21:08:43]  src: null
[21:08:43]  call stack:
[21:08:43]shake camera(Theodore Eliza (/mob/living/carbon/human), 0.75, 1)
[21:08:43]Theodore Eliza (/mob/living/carbon/human): afterShuttleMove(space (22,19,13) (/turf/open/space/transit/west), /list (/list), 8, 8, 8, 0)
[21:08:43]Theodore Eliza (/mob/living/carbon/human): afterShuttleMove(space (22,19,13) (/turf/open/space/transit/west), /list (/list), 8, 8, 8, 0)
[21:08:43]the pubby arrivals shuttle (/obj/docking_port/mobile/arrivals): cleanup runway(the pubby arrivals (/obj/docking_port/stationary), /list (/list), /list (/list), /list (/list), /list (/list), 0, 8, Space (/area/space), /turf/open/space/transit/west (/turf/open/space/transit/west), /turf/open/space (/turf/open/space))
[21:08:43]the pubby arrivals shuttle (/obj/docking_port/mobile/arrivals): initiate docking(the pubby arrivals (/obj/docking_port/stationary), 8, 0)
[21:08:43]the pubby arrivals shuttle (/obj/docking_port/mobile/arrivals): initiate docking(the pubby arrivals (/obj/docking_port/stationary), 8)
[21:08:43]the pubby arrivals shuttle (/obj/docking_port/mobile/arrivals): check()
[21:08:43]the pubby arrivals shuttle (/obj/docking_port/mobile/arrivals): check()
[21:08:43]Shuttle (/datum/controller/subsystem/shuttle): fire(0)
[21:08:43]Shuttle (/datum/controller/subsystem/shuttle): ignite(0)
runtime error: 
[21:15:14]addtimer called with a callback assigned to a qdeleted object
[21:15:14]proc name: stack trace (/proc/stack_trace)
[21:15:14]  source file: unsorted.dm,1254
[21:15:14]  usr: (src)
[21:15:14]  src: null
[21:15:14]  call stack:
[21:15:14]stack trace("addtimer called with a callbac...")
[21:15:14]addtimer(/datum/callback (/datum/callback), 2, 0)
[21:15:14]the bee (/mob/living/simple_animal/hostile/poison/bees): hitby(the cultivator (/obj/item/cultivator), 0, 0, 0)
[21:15:14]the bee (/mob/living/simple_animal/hostile/poison/bees): hitby(the cultivator (/obj/item/cultivator), 0, 0, 0)
[21:15:14]the bee (/mob/living/simple_animal/hostile/poison/bees): hitby(the cultivator (/obj/item/cultivator), 0, 0, 0)
[21:15:14]the cultivator (/obj/item/cultivator): throw impact(the bee (/mob/living/simple_animal/hostile/poison/bees), /datum/thrownthing (/datum/thrownthing))
[21:15:14]/datum/thrownthing (/datum/thrownthing): finalize(1, the bee (/mob/living/simple_animal/hostile/poison/bees))
[21:15:14]/datum/thrownthing (/datum/thrownthing): hit atom(the bee (/mob/living/simple_animal/hostile/poison/bees))
[21:15:14]the cultivator (/obj/item/cultivator): Collide(the bee (/mob/living/simple_animal/hostile/poison/bees))
[21:15:14]the floor (71,76,2) (/turf/open/floor/plasteel/vault): Enter(the cultivator (/obj/item/cultivator), the floor (72,76,2) (/turf/open/floor/plasteel/dark))
[21:15:14]the cultivator (/obj/item/cultivator): Move(the floor (71,76,2) (/turf/open/floor/plasteel/vault), 8)
[21:15:14]/datum/thrownthing (/datum/thrownthing): tick()
[21:15:14]Throwing (/datum/controller/subsystem/throwing): fire(0)
[21:15:14]Throwing (/datum/controller/subsystem/throwing): ignite(0)
[21:15:14]Master (/datum/controller/master): RunQueue()
[21:15:14]Master (/datum/controller/master): Loop()
[21:15:14]Master (/datum/controller/master): StartProcessing(0)
runtime error: 
[21:23:40]RIDING OFFHAND ON WRONG MOB
[21:23:40]proc name: unequip buckle inhands (/datum/component/riding/proc/unequip_buckle_inhands)
[21:23:40]  source file: riding.dm,292
[21:23:40]  usr: Gavin Kellogg (/mob/living/carbon/human)
[21:23:40]  src: /datum/component/riding (/datum/component/riding)
[21:23:40]  usr.loc: the floor (99,190,2) (/turf/open/floor/plasteel/showroomfloor)
[21:23:40]  call stack:
[21:23:40]/datum/component/riding (/datum/component/riding): unequip buckle inhands(Gavin Kellogg (/mob/living/carbon/human))
[21:23:40]/datum/component/riding (/datum/component/riding): vehicle mob unbuckle(Gavin Kellogg (/mob/living/carbon/human), 0)
[21:23:40]/datum/callback (/datum/callback): InvokeAsync(Gavin Kellogg (/mob/living/carbon/human), 0)
[21:23:40]the secway (/obj/vehicle/ridden/secway): SendSignal("unbuckle", Gavin Kellogg (/mob/living/carbon/human), 0)
[21:23:40]the secway (/obj/vehicle/ridden/secway): unbuckle mob(Gavin Kellogg (/mob/living/carbon/human), 0)
[21:23:40]the secway (/obj/vehicle/ridden/secway): user unbuckle mob(Gavin Kellogg (/mob/living/carbon/human), Gavin Kellogg (/mob/living/carbon/human))
[21:23:40]Gavin Kellogg (/mob/living/carbon/human): resist buckle()
[21:23:40]Gavin Kellogg (/mob/living/carbon/human): Resist()
[21:23:40]the resist (/obj/screen/resist): Click(null, "mapwindow.map", "icon-x=7;icon-y=9;left=1;scree...")
runtime error: 
[21:24:42]nothing to animate
[21:24:42]proc name: shake camera (/proc/shake_camera)
[21:24:42]  source file: mob_helpers.dm,270
[21:24:42]  usr: (src)
[21:24:42]  src: null
[21:24:42]  call stack:
[21:24:42]shake camera(Eva (/mob/living/carbon/human), 0.75, 1)
[21:24:42]Eva (/mob/living/carbon/human): afterShuttleMove(space (48,20,13) (/turf/open/space/transit/north), /list (/list), 4, 1, 1, 180)
[21:24:42]Eva (/mob/living/carbon/human): afterShuttleMove(space (48,20,13) (/turf/open/space/transit/north), /list (/list), 4, 1, 1, 180)
[21:24:42]the mining shuttle (/obj/docking_port/mobile): cleanup runway(the lavaland mine (/obj/docking_port/stationary), /list (/list), /list (/list), /list (/list), /list (/list), 180, 1, Space (/area/space), /turf/open/space/transit/north (/turf/open/space/transit/north), /turf/open/space (/turf/open/space))
[21:24:42]the mining shuttle (/obj/docking_port/mobile): initiate docking(the lavaland mine (/obj/docking_port/stationary), 1, 0)
[21:24:42]the mining shuttle (/obj/docking_port/mobile): check()
[21:24:42]Shuttle (/datum/controller/subsystem/shuttle): fire(0)
[21:24:42]Shuttle (/datum/controller/subsystem/shuttle): ignite(0)
### MAP WARNING, Mining Shuttle Airlock at Mining Shuttle (54,36,5) failed to find a valid airlock to cyclelink with!
runtime error: 
[21:24:42]nothing to animate
[21:24:42]proc name: shake camera (/proc/shake_camera)
[21:24:42]  source file: mob_helpers.dm,270
[21:24:42]  usr: (src)
[21:24:42]  src: null
[21:24:42]  call stack:
[21:24:42]shake camera(Lanny Langston (/mob/living/carbon/human), 0.75, 1)
[21:24:42]Lanny Langston (/mob/living/carbon/human): afterShuttleMove(space (48,18,13) (/turf/open/space/transit/north), /list (/list), 4, 1, 1, 180)
[21:24:42]Lanny Langston (/mob/living/carbon/human): afterShuttleMove(space (48,18,13) (/turf/open/space/transit/north), /list (/list), 4, 1, 1, 180)
[21:24:42]the mining shuttle (/obj/docking_port/mobile): cleanup runway(the lavaland mine (/obj/docking_port/stationary), /list (/list), /list (/list), /list (/list), /list (/list), 180, 1, Space (/area/space), /turf/open/space/transit/north (/turf/open/space/transit/north), /turf/open/space (/turf/open/space))
[21:24:42]the mining shuttle (/obj/docking_port/mobile): initiate docking(the lavaland mine (/obj/docking_port/stationary), 1, 0)
[21:24:42]the mining shuttle (/obj/docking_port/mobile): check()
[21:24:42]Shuttle (/datum/controller/subsystem/shuttle): fire(0)
[21:24:42]Shuttle (/datum/controller/subsystem/shuttle): ignite(0)
### MAP WARNING, Mining Shuttle Airlock at Mining Shuttle (46,19,13) failed to find a valid airlock to cyclelink with!
runtime error: 
[21:36:42]nothing to animate
[21:36:42]proc name: shake camera (/proc/shake_camera)
[21:36:42]  source file: mob_helpers.dm,270
[21:36:42]  usr: (src)
[21:36:42]  src: null
[21:36:42]  call stack:
[21:36:42]shake camera(Dan Ox (/mob/living/carbon/human), 0.75, 1)
[21:36:42]Dan Ox (/mob/living/carbon/human): afterShuttleMove(space (22,18,13) (/turf/open/space/transit/west), /list (/list), 8, 8, 8, 0)
[21:36:42]Dan Ox (/mob/living/carbon/human): afterShuttleMove(space (22,18,13) (/turf/open/space/transit/west), /list (/list), 8, 8, 8, 0)
[21:36:42]the pubby arrivals shuttle (/obj/docking_port/mobile/arrivals): cleanup runway(the pubby arrivals (/obj/docking_port/stationary), /list (/list), /list (/list), /list (/list), /list (/list), 0, 8, Space (/area/space), /turf/open/space/transit/west (/turf/open/space/transit/west), /turf/open/space (/turf/open/space))
[21:36:42]the pubby arrivals shuttle (/obj/docking_port/mobile/arrivals): initiate docking(the pubby arrivals (/obj/docking_port/stationary), 8, 0)
[21:36:42]the pubby arrivals shuttle (/obj/docking_port/mobile/arrivals): initiate docking(the pubby arrivals (/obj/docking_port/stationary), 8)
[21:36:42]the pubby arrivals shuttle (/obj/docking_port/mobile/arrivals): check()
[21:36:42]the pubby arrivals shuttle (/obj/docking_port/mobile/arrivals): check()
[21:36:42]Shuttle (/datum/controller/subsystem/shuttle): fire(0)
[21:36:42]Shuttle (/datum/controller/subsystem/shuttle): ignite(0)
runtime error: 
[21:45:12]nothing to animate
[21:45:12]proc name: shake camera (/proc/shake_camera)
[21:45:12]  source file: mob_helpers.dm,270
[21:45:12]  usr: (src)
[21:45:12]  src: null
[21:45:12]  call stack:
[21:45:12]shake camera(Joseph Joestar (/mob/living/carbon/human), 0.75, 1)
[21:45:12]Joseph Joestar (/mob/living/carbon/human): afterShuttleMove(space (22,19,13) (/turf/open/space/transit/west), /list (/list), 8, 8, 8, 0)
[21:45:12]Joseph Joestar (/mob/living/carbon/human): afterShuttleMove(space (22,19,13) (/turf/open/space/transit/west), /list (/list), 8, 8, 8, 0)
[21:45:12]the pubby arrivals shuttle (/obj/docking_port/mobile/arrivals): cleanup runway(the pubby arrivals (/obj/docking_port/stationary), /list (/list), /list (/list), /list (/list), /list (/list), 0, 8, Space (/area/space), /turf/open/space/transit/west (/turf/open/space/transit/west), /turf/open/space (/turf/open/space))
[21:45:12]the pubby arrivals shuttle (/obj/docking_port/mobile/arrivals): initiate docking(the pubby arrivals (/obj/docking_port/stationary), 8, 0)
[21:45:12]the pubby arrivals shuttle (/obj/docking_port/mobile/arrivals): initiate docking(the pubby arrivals (/obj/docking_port/stationary), 8)
[21:45:12]the pubby arrivals shuttle (/obj/docking_port/mobile/arrivals): check()
[21:45:12]the pubby arrivals shuttle (/obj/docking_port/mobile/arrivals): check()
[21:45:12]Shuttle (/datum/controller/subsystem/shuttle): fire(0)
[21:45:12]Shuttle (/datum/controller/subsystem/shuttle): ignite(0)
runtime error: 
[21:50:08]nothing to animate
[21:50:08]proc name: shake camera (/proc/shake_camera)
[21:50:08]  source file: mob_helpers.dm,270
[21:50:08]  usr: (src)
[21:50:08]  src: null
[21:50:08]  call stack:
[21:50:08]shake camera(Rose White (/mob/living/carbon/human), 0.75, 1)
[21:50:08]Rose White (/mob/living/carbon/human): afterShuttleMove(space (24,18,13) (/turf/open/space/transit/west), /list (/list), 8, 8, 8, 0)
[21:50:08]Rose White (/mob/living/carbon/human): afterShuttleMove(space (24,18,13) (/turf/open/space/transit/west), /list (/list), 8, 8, 8, 0)
[21:50:08]the pubby arrivals shuttle (/obj/docking_port/mobile/arrivals): cleanup runway(the pubby arrivals (/obj/docking_port/stationary), /list (/list), /list (/list), /list (/list), /list (/list), 0, 8, Space (/area/space), /turf/open/space/transit/west (/turf/open/space/transit/west), /turf/open/space (/turf/open/space))
[21:50:08]the pubby arrivals shuttle (/obj/docking_port/mobile/arrivals): initiate docking(the pubby arrivals (/obj/docking_port/stationary), 8, 0)
[21:50:08]the pubby arrivals shuttle (/obj/docking_port/mobile/arrivals): initiate docking(the pubby arrivals (/obj/docking_port/stationary), 8)
[21:50:08]the pubby arrivals shuttle (/obj/docking_port/mobile/arrivals): check()
[21:50:08]the pubby arrivals shuttle (/obj/docking_port/mobile/arrivals): check()
[21:50:08]Shuttle (/datum/controller/subsystem/shuttle): fire(0)
[21:50:08]Shuttle (/datum/controller/subsystem/shuttle): ignite(0)
runtime error: 
[21:50:27]Cannot read null.temporary_mutations
[21:50:27]proc name: handle mutations and radiation (/mob/living/carbon/handle_mutations_and_radiation)
[21:50:27]  source file: life.dm,299
[21:50:27]  usr: null
[21:50:27]  src: the monkey (309) (/mob/living/carbon/monkey)
[21:50:27]  src.loc: null
[21:50:27]  call stack:
[21:50:27]the monkey (309) (/mob/living/carbon/monkey): handle mutations and radiation()
[21:50:27]the monkey (309) (/mob/living/carbon/monkey): handle mutations and radiation()
[21:50:27]the monkey (309) (/mob/living/carbon/monkey): Life(2, 1342)
runtime error: 
[21:50:27]Cannot execute null.has reagent().
[21:50:27]proc name: breathe (/mob/living/carbon/proc/breathe)
[21:50:27]  source file: life.dm,47
[21:50:27]  usr: null
[21:50:27]  src: the monkey (309) (/mob/living/carbon/monkey)
[21:50:27]  src.loc: null
[21:50:27]  call stack:
[21:50:27]the monkey (309) (/mob/living/carbon/monkey): breathe()
[21:50:27]the monkey (309) (/mob/living/carbon/monkey): handle breathing(1342)
[21:50:27]the monkey (309) (/mob/living/carbon/monkey): Life(2, 1342)
runtime error: 
[21:52:07]Cannot read null.client
[21:52:07]proc name: open (/datum/tgui/proc/open)
[21:52:07]  source file: tgui.dm,87
runtime error: 
[21:53:16]nothing to animate
[21:53:16]proc name: shake camera (/proc/shake_camera)
[21:53:16]  source file: mob_helpers.dm,270
runtime error: 
[21:55:39]Cannot read null.client
[21:55:39]proc name: open (/datum/tgui/proc/open)
[21:55:39]  source file: tgui.dm,87
runtime error: 
[21:55:39]Cannot read null.client
[21:55:39]proc name: open (/datum/tgui/proc/open)
[21:55:39]  source file: tgui.dm,87
runtime error: 
[21:57:02]Cannot read null.body_part
[21:57:02]proc name: checkarmor (/mob/living/carbon/human/proc/checkarmor)
[21:57:02]  source file: human_defense.dm,30
runtime error: 
[21:57:11]nothing to animate
[21:57:11]proc name: shake camera (/proc/shake_camera)
[21:57:11]  source file: mob_helpers.dm,270
Saved 2 engraved messages on map PubbyStation
runtime error: 
[21:58:09]Cannot read null.loc
[21:58:09]proc name: update parallax (/datum/hud/proc/update_parallax)
[21:58:09]  source file: parallax.dm,170
Shutting down Persistence subsystem...
Shutting down pathfinder subsystem...
Shutting down Squeak subsystem...
Shutting down Shuttle subsystem...
Shutting down Lighting subsystem...
Shutting down XKeyScore subsystem...
Shutting down Sticky Ban subsystem...
Shutting down Overlay subsystem...
Shutting down Icon Smoothing subsystem...
Shutting down Assets subsystem...
Shutting down Minimap subsystem...
Shutting down Atmospherics subsystem...
Shutting down Wet floors subsystem...
Shutting down Weather subsystem...
Shutting down Vote subsystem...
Shutting down Traumas subsystem...
Shutting down Title Screen subsystem...
Shutting down Time Tracking subsystem...
Shutting down Throwing subsystem...
Shutting down tgui subsystem...
Shutting down Sun subsystem...
Shutting down Space Drift subsystem...
Shutting down Religion subsystem...
Shutting down Radio subsystem...
Shutting down Radiation subsystem...
Shutting down Projectiles subsystem...
Shutting down Processing subsystem...
Shutting down Parallax subsystem...
Shutting down pAI subsystem...
Shutting down Orbits subsystem...
Shutting down Objects subsystem...
Shutting down NPC Pool subsystem...
Shutting down Night Shift subsystem...
Shutting down Mood subsystem...
Shutting down Mobs subsystem...
Shutting down Medals subsystem...
Shutting down Inbounds subsystem...
Shutting down Idling NPC Pool subsystem...
Shutting down Flightpack Movement subsystem...
Shutting down Fire Burning subsystem...
Shutting down Fields subsystem...
Shutting down Fast Processing subsystem...
Shutting down Disease subsystem...
Shutting down Communications subsystem...
Shutting down Augury subsystem...
Shutting down Acid subsystem...
Shutting down Timer subsystem...
Shutting down Circuit subsystem...
Shutting down Machines subsystem...
Shutting down Language subsystem...
Shutting down Atoms subsystem...
Shutting down Networks subsystem...
Shutting down Mapping subsystem...
Shutting down Ticker subsystem...
Shutting down Traits subsystem...
Shutting down Jobs subsystem...
Shutting down Events subsystem...
Shutting down Research subsystem...
Shutting down Input subsystem...
Shutting down Server Tasks subsystem...
Shutting down Blackbox subsystem...
Shutting down Database subsystem...
Shutting down Garbage subsystem...
Shutdown complete
World rebooted at 21:58:51
