Path : /mob/dview 
- Didn't call atom/Initialize()
- Didn't return an Initialize hint
Path : /obj/item/organ/brain 
- Qdel'd in New()
Path : /obj/item/organ/heart 
- Qdel'd in New()
Path : /obj/item/organ/lungs 
- Qdel'd in New()
Path : /obj/item/organ/liver 
- Qdel'd in New()
Path : /obj/item/organ/stomach 
- Qdel'd in New()
Path : /obj/item/organ/appendix 
- Qdel'd in New()
Path : /obj/item/organ/eyes 
- Qdel'd in New()
Path : /obj/item/organ/ears 
- Qdel'd in New()
Path : /obj/item/organ/tongue 
- Qdel'd in New()
Path : /obj/screen/alert/blind 
- Qdel'd in New()
Path : /obj/item/organ/eyes/moth 
- Qdel'd in New()
Path : /obj/item/organ/lungs/plasmaman 
- Qdel'd in New()
Path : /obj/item/organ/liver/plasmaman 
- Qdel'd in New()
Path : /obj/item/organ/stomach/plasmaman 
- Qdel'd in New()
Path : /obj/item/organ/tongue/bone/plasmaman 
- Qdel'd in New()
Path : /obj/item/construction/rcd/internal 
- Didn't return an Initialize hint
Path : /obj/item/construction/rcd 
- Didn't return an Initialize hint
Path : /obj/item/clothing/under/rank/chief_medical_officer 
- Qdel'd in New()
Path : /obj/item/clothing/suit/toggle/labcoat/cmo 
- Qdel'd in New()
Path : /obj/item/storage/backpack/medic 
- Qdel'd in New()
Path : /obj/item/device/pda/heads/cmo 
- Qdel'd in New()
Path : /obj/item/clothing/shoes/sneakers/brown 
- Qdel'd in New()
Path : /obj/item/device/radio/headset/heads/cmo 
- Qdel'd in New()
Path : /obj/item/device/encryptionkey/heads/cmo 
- Qdel'd in New()
Path : /obj/item/card/id/silver 
- Qdel'd in New()
Path : /obj/item/device/flashlight/pen 
- Qdel'd in New()
Path : /obj/item/storage/firstaid/regular 
- Qdel'd in New()
Path : /obj/structure/guncase/shotgun 
- Didn't return an Initialize hint
Path : /obj/item/organ/tail/lizard 
- Qdel'd in New()
Path : /obj/item/organ/tongue/lizard 
- Qdel'd in New()
Path : /obj/item/clothing/under/rank/captain 
- Qdel'd in New()
Path : /obj/item/clothing/suit/armor/vest/capcarapace 
- Qdel'd in New()
Path : /obj/item/storage/backpack/captain 
- Qdel'd in New()
Path : /obj/item/device/pda/captain 
- Qdel'd in New()
Path : /obj/item/clothing/gloves/color/captain 
- Qdel'd in New()
Path : /obj/item/clothing/head/caphat 
- Qdel'd in New()
Path : /obj/item/device/radio/headset/heads/captain/alt 
- Qdel'd in New()
Path : /obj/item/device/encryptionkey/heads/captain 
- Qdel'd in New()
Path : /obj/item/clothing/glasses/sunglasses 
- Qdel'd in New()
Path : /obj/item/card/id/gold 
- Qdel'd in New()
Path : /obj/item/clothing/accessory/medal/gold/captain 
- Qdel'd in New()
Path : /obj/item/clothing/under/plasmaman 
- Qdel'd in New()
Path : /obj/item/clothing/head/helmet/space/plasmaman 
- Qdel'd in New()
Path : /obj/item/clothing/mask/breath 
- Qdel'd in New()
Path : /obj/item/tank/internals/plasmaman/belt/full 
- Qdel'd in New()
Path : /obj/item/clothing/under/rank/roboticist 
- Qdel'd in New()
Path : /obj/item/clothing/suit/toggle/labcoat 
- Qdel'd in New()
Path : /obj/item/storage/backpack/science 
- Qdel'd in New()
Path : /obj/item/storage/belt/utility/full 
- Qdel'd in New()
Path : /obj/item/clothing/shoes/sneakers/black 
- Qdel'd in New()
Path : /obj/item/device/radio/headset/headset_sci 
- Qdel'd in New()
Path : /obj/item/device/encryptionkey/headset_sci 
- Qdel'd in New()
Path : /obj/item/card/id 
- Qdel'd in New()
Path : /obj/machinery/telecomms/allinone 
- Didn't return an Initialize hint
Path : /obj/item/slimecross/reproductive/yellow 
- Didn't return an Initialize hint
Path : /obj/item/slimecross/charged/cerulean 
- Didn't return an Initialize hint
Path : /obj/item/slimecross/recurring/bluespace 
- Didn't return an Initialize hint
Path : /obj/item/slimecross/charged/darkblue 
- Didn't return an Initialize hint
Path : /obj/item/slimecross/recurring/darkpurple 
- Didn't return an Initialize hint
Path : /obj/item/slimecross/charged/yellow 
- Didn't return an Initialize hint
Path : /obj/item/slimecross/burning/adamantine 
- Didn't return an Initialize hint
Path : /obj/effect/timestop 
- Slept during Initialize()

