Path : /mob/dview 
- Didn't call atom/Initialize()
- Didn't return an Initialize hint
Path : /obj/item/construction/rcd/internal 
- Didn't return an Initialize hint
Path : /obj/item/construction/rcd 
- Didn't return an Initialize hint
Path : /obj/item/organ/brain 
- Qdel'd in New()
Path : /obj/item/organ/heart 
- Qdel'd in New()
Path : /obj/item/organ/lungs 
- Qdel'd in New()
Path : /obj/item/organ/liver 
- Qdel'd in New()
Path : /obj/item/organ/stomach 
- Qdel'd in New()
Path : /obj/item/organ/appendix 
- Qdel'd in New()
Path : /obj/item/organ/eyes 
- Qdel'd in New()
Path : /obj/item/organ/ears 
- Qdel'd in New()
Path : /obj/item/organ/tongue 
- Qdel'd in New()
Path : /obj/item/organ/tail/lizard 
- Qdel'd in New()
Path : /obj/screen/alert/blind 
- Qdel'd in New()
Path : /obj/item/organ/tongue/lizard 
- Qdel'd in New()
Path : /obj/item/clothing/under/rank/chaplain 
- Qdel'd in New()
Path : /obj/item/storage/backpack/cultpack 
- Qdel'd in New()
Path : /obj/item/device/pda/chaplain 
- Qdel'd in New()
Path : /obj/item/clothing/shoes/sneakers/black 
- Qdel'd in New()
Path : /obj/item/device/radio/headset 
- Qdel'd in New()
Path : /obj/item/card/id 
- Qdel'd in New()
Path : /obj/machinery/telecomms/allinone 
- Didn't return an Initialize hint
Path : /obj/item/slimecross/industrial/grey 
- Didn't return an Initialize hint
Path : /obj/item/slimecross/reproductive/metal 
- Didn't return an Initialize hint
Path : /obj/item/slimecross/reproductive/purple 
- Didn't return an Initialize hint
Path : /obj/item/slimecross/reproductive/grey 
- Didn't return an Initialize hint
Path : /obj/item/slimecross/reproductive/green 
- Didn't return an Initialize hint
Path : /obj/item/slimecross/reproductive/blue 
- Didn't return an Initialize hint
Path : /obj/item/slimecross/reproductive/red 
- Didn't return an Initialize hint
Path : /obj/item/slimecross/stabilized/bluespace 
- Didn't return an Initialize hint
Path : /obj/item/slimecross/reproductive/yellow 
- Didn't return an Initialize hint
Path : /obj/item/slimecross/stabilized/red 
- Didn't return an Initialize hint
Path : /obj/item/slimecross/stabilized/lightpink 
- Didn't return an Initialize hint
Path : /obj/item/slimecross/stabilized/purple 
- Didn't return an Initialize hint
Path : /obj/item/slimecross/regenerative/bluespace 
- Didn't return an Initialize hint
Path : /obj/item/slimecross/burning/rainbow 
- Didn't return an Initialize hint
Path : /obj/item/slimecross/stabilized/rainbow 
- Didn't return an Initialize hint
Path : /obj/item/slimecross/regenerative/lightpink 
- Didn't return an Initialize hint

