

Starting up round ID 208. 03:49:05
---------------------
Initialized Database subsystem within 0 seconds!
Initialized Blackbox subsystem within 0 seconds!
Initialized Server Tasks subsystem within 0 seconds!
Initialized Input subsystem within 0 seconds!
Initialized Research subsystem within 0 seconds!
Initialized Events subsystem within 0 seconds!
Initialized Jobs subsystem within 0 seconds!
Initialized Traits subsystem within 0 seconds!
Initialized Ticker subsystem within 0 seconds!
Loading Box Station...
Loaded Station in 5.6s!
Loaded Lavaland in 4.6s!
Loaded Reebe in 3.8s!
Ruin loader finished with 0 left to spend.
Ruin loader finished with 0 left to spend.
Initialized Mapping subsystem within 20.2 seconds!
Initialized Networks subsystem within 0.1 seconds!
Initialized Atoms subsystem within 40.1 seconds!
Initialized Language subsystem within 0 seconds!
Initialized Machines subsystem within 0.3 seconds!
Initialized Circuit subsystem within 0 seconds!
Initialized Disease subsystem within 0 seconds!
Initialized Medals subsystem within 0 seconds!
Initialized Night Shift subsystem within 0 seconds!
Initialized Parallax subsystem within 0 seconds!
Initialized Traumas subsystem within 0.1 seconds!
Initialized Weather subsystem within 0 seconds!
## WARNING: There are 7 active turfs at roundstart, this is a mapping error caused by a difference of the air between the adjacent turfs. You can see its coordinates using "Mapping -> Show roundstart AT list" verb (debug verbs required)
## WARNING: HEY! LISTEN! 1 second were wasted processing 7 turf(s) (connected to 22203 other turfs) with atmos differences at round start.
Initialized Atmospherics subsystem within 14.2 seconds!
Initialized Minimap subsystem within 0.1 seconds!
Initialized Assets subsystem within 0.7 seconds!
Initialized Icon Smoothing subsystem within 6 seconds!
Initialized Overlay subsystem within 20.6 seconds!
Initialized XKeyScore subsystem within 0 seconds!
Initialized Sticky Ban subsystem within 0 seconds!
Initialized Lighting subsystem within 10.8 seconds!
Initialized Shuttle subsystem within 21.5 seconds!
Initialized Squeak subsystem within 0.1 seconds!
Initialized pathfinder subsystem within 0 seconds!
Loaded 0 engraved messages on map Box Station
Initialized Persistence subsystem within 0 seconds!
Initializations complete within 135.5 seconds!
Game start took 9.7s
runtime error: 
[04:02:21]nothing to animate
[04:02:21]proc name: shake camera (/proc/shake_camera)
[04:02:21]  source file: mob_helpers.dm,270
[04:02:21]  usr: (src)
[04:02:21]  src: null
[04:02:21]  call stack:
[04:02:21]shake camera(Brian Ski (/mob/living/carbon/human), 0.75, 1)
[04:02:21]Brian Ski (/mob/living/carbon/human): afterShuttleMove(space (27,18,13) (/turf/open/space/transit/west), /list (/list), 8, 8, 8, 0)
[04:02:21]Brian Ski (/mob/living/carbon/human): afterShuttleMove(space (27,18,13) (/turf/open/space/transit/west), /list (/list), 8, 8, 8, 0)
[04:02:21]the arrivals shuttle (/obj/docking_port/mobile/arrivals): cleanup runway(the arrivals (/obj/docking_port/stationary), /list (/list), /list (/list), /list (/list), /list (/list), 0, 8, Space (/area/space), /turf/open/space/transit/west (/turf/open/space/transit/west), /turf/open/space (/turf/open/space))
[04:02:21]the arrivals shuttle (/obj/docking_port/mobile/arrivals): initiate docking(the arrivals (/obj/docking_port/stationary), 8, 0)
[04:02:21]the arrivals shuttle (/obj/docking_port/mobile/arrivals): initiate docking(the arrivals (/obj/docking_port/stationary), 8)
[04:02:21]the arrivals shuttle (/obj/docking_port/mobile/arrivals): check()
[04:02:21]the arrivals shuttle (/obj/docking_port/mobile/arrivals): check()
[04:02:21]Shuttle (/datum/controller/subsystem/shuttle): fire(0)
[04:02:21]Shuttle (/datum/controller/subsystem/shuttle): ignite(0)
runtime error: 
[04:10:16]type mismatch: 119 - "15x15"
[04:10:16]proc name: get images (/obj/item/areaeditor/blueprints/proc/get_images)
[04:10:16]  source file: blueprints.dm,105
[04:10:16]  usr: Felix Marshal (/mob/living/carbon/human)
[04:10:16]  src: the station blueprints (/obj/item/areaeditor/blueprints)
[04:10:16]  usr.loc: the floor (119,82,2) (/turf/open/floor/plasteel/vault)
[04:10:16]  src.loc: Felix Marshal (/mob/living/carbon/human)
[04:10:16]  call stack:
[04:10:16]the station blueprints (/obj/item/areaeditor/blueprints): get images(the floor (119,82,2) (/turf/open/floor/plasteel/vault), "15x15")
[04:10:16]the station blueprints (/obj/item/areaeditor/blueprints): set viewer(Felix Marshal (/mob/living/carbon/human), "<span class=\'notice\'>You fli...")
[04:10:16]the station blueprints (/obj/item/areaeditor/blueprints): Topic("src=\[0x200d515];view_blueprin...", /list (/list))
[04:10:16]GhostyToasty (/client): Topic("src=\[0x200d515];view_blueprin...", /list (/list), the station blueprints (/obj/item/areaeditor/blueprints))
[04:10:16]GhostyToasty (/client): Topic("src=\[0x200d515];view_blueprin...", /list (/list), the station blueprints (/obj/item/areaeditor/blueprints))
runtime error: 
[04:10:28]type mismatch: 119 - "15x15"
[04:10:28]proc name: get images (/obj/item/areaeditor/blueprints/proc/get_images)
[04:10:28]  source file: blueprints.dm,105
[04:10:28]  usr: Felix Marshal (/mob/living/carbon/human)
[04:10:28]  src: the station blueprints (/obj/item/areaeditor/blueprints)
[04:10:28]  usr.loc: the floor (119,82,2) (/turf/open/floor/plasteel/vault)
[04:10:28]  src.loc: Felix Marshal (/mob/living/carbon/human)
[04:10:28]  call stack:
[04:10:28]the station blueprints (/obj/item/areaeditor/blueprints): get images(the floor (119,82,2) (/turf/open/floor/plasteel/vault), "15x15")
[04:10:28]the station blueprints (/obj/item/areaeditor/blueprints): set viewer(Felix Marshal (/mob/living/carbon/human), "")
[04:10:28]the station blueprints (/obj/item/areaeditor/blueprints): Topic("src=\[0x200d515];refresh=1", /list (/list))
[04:10:28]GhostyToasty (/client): Topic("src=\[0x200d515];refresh=1", /list (/list), the station blueprints (/obj/item/areaeditor/blueprints))
[04:10:28]GhostyToasty (/client): Topic("src=\[0x200d515];refresh=1", /list (/list), the station blueprints (/obj/item/areaeditor/blueprints))
runtime error: 
[04:13:32]nothing to animate
[04:13:32]proc name: shake camera (/proc/shake_camera)
[04:13:32]  source file: mob_helpers.dm,270
[04:13:32]  usr: (src)
[04:13:32]  src: null
[04:13:32]  call stack:
[04:13:32]shake camera(Brian Ski (/mob/living/carbon/human), 0.75, 1)
[04:13:32]Brian Ski (/mob/living/carbon/human): afterShuttleMove(space (50,20,13) (/turf/open/space/transit/north), /list (/list), 8, 1, 1, 0)
[04:13:32]Brian Ski (/mob/living/carbon/human): afterShuttleMove(space (50,20,13) (/turf/open/space/transit/north), /list (/list), 8, 1, 1, 0)
[04:13:32]the mining shuttle (/obj/docking_port/mobile): cleanup runway(the mining shuttle bay (/obj/docking_port/stationary), /list (/list), /list (/list), /list (/list), /list (/list), 0, 1, Space (/area/space), /turf/open/space/transit/north (/turf/open/space/transit/north), /turf/open/space (/turf/open/space))
[04:13:32]the mining shuttle (/obj/docking_port/mobile): initiate docking(the mining shuttle bay (/obj/docking_port/stationary), 1, 0)
[04:13:32]the mining shuttle (/obj/docking_port/mobile): check()
[04:13:32]Shuttle (/datum/controller/subsystem/shuttle): fire(0)
[04:13:32]Shuttle (/datum/controller/subsystem/shuttle): ignite(0)
runtime error: 
[04:15:46]nothing to animate
[04:15:46]proc name: shake camera (/proc/shake_camera)
[04:15:46]  source file: mob_helpers.dm,270
[04:15:46]  usr: (src)
[04:15:46]  src: null
[04:15:46]  call stack:
[04:15:46]shake camera(Brian Ski (/mob/living/carbon/human), 0.75, 1)
[04:15:46]Brian Ski (/mob/living/carbon/human): afterShuttleMove(space (50,20,13) (/turf/open/space/transit/north), /list (/list), 8, 1, 1, 0)
[04:15:46]Brian Ski (/mob/living/carbon/human): afterShuttleMove(space (50,20,13) (/turf/open/space/transit/north), /list (/list), 8, 1, 1, 0)
[04:15:46]the mining shuttle (/obj/docking_port/mobile): cleanup runway(the lavaland mine (/obj/docking_port/stationary), /list (/list), /list (/list), /list (/list), /list (/list), 0, 1, Space (/area/space), /turf/open/space/transit/north (/turf/open/space/transit/north), /turf/open/space (/turf/open/space))
[04:15:46]the mining shuttle (/obj/docking_port/mobile): initiate docking(the lavaland mine (/obj/docking_port/stationary), 1, 0)
[04:15:46]the mining shuttle (/obj/docking_port/mobile): check()
[04:15:46]Shuttle (/datum/controller/subsystem/shuttle): fire(0)
[04:15:46]Shuttle (/datum/controller/subsystem/shuttle): ignite(0)
runtime error: 
[04:17:53]Cannot read null.client
[04:17:53]proc name: open (/datum/tgui/proc/open)
[04:17:53]  source file: tgui.dm,87
[04:17:53]  usr: null
[04:17:53]  src: /datum/tgui (/datum/tgui)
[04:17:53]  call stack:
[04:17:53]/datum/tgui (/datum/tgui): open()
[04:17:53]the sleeper (/obj/machinery/sleeper): ui interact(null, "main", /datum/tgui (/datum/tgui), 0, null, /datum/ui_state/notcontained_s... (/datum/ui_state/notcontained_state))
[04:17:53]the sleeper (/obj/machinery/sleeper): updateUsrDialog()
[04:17:53]the sleeper (/obj/machinery/sleeper): open machine(1)
[04:17:53]the sleeper (/obj/machinery/sleeper): open machine()
[04:17:53]the sleeper (/obj/machinery/sleeper): container resist(Shahvee-Meen (/mob/living/carbon/human))
[04:17:53]the sleeper (/obj/machinery/sleeper): relaymove(Shahvee-Meen (/mob/living/carbon/human), 8)
[04:17:53]That guy is taken (/client): Move(the floor (140,115,2) (/turf/open/floor/plasteel/white/side), 8)
[04:17:53]Shahvee-Meen (/mob/living/carbon/human): keyLoop(That guy is taken (/client))
[04:17:53]That guy is taken (/client): keyLoop()
[04:17:53]Input (/datum/controller/subsystem/input): fire(0)
[04:17:53]Input (/datum/controller/subsystem/input): ignite(0)
[04:17:53]Master (/datum/controller/master): RunQueue()
[04:17:53]Master (/datum/controller/master): Loop()
[04:17:53]Master (/datum/controller/master): StartProcessing(0)
runtime error: 
[04:25:00]nothing to animate
[04:25:00]proc name: shake camera (/proc/shake_camera)
[04:25:00]  source file: mob_helpers.dm,270
[04:25:00]  usr: (src)
[04:25:00]  src: null
[04:25:00]  call stack:
[04:25:00]shake camera(Arielle Nehling (/mob/living/carbon/human), 0.75, 1)
[04:25:00]Arielle Nehling (/mob/living/carbon/human): afterShuttleMove(space (21,19,13) (/turf/open/space/transit/west), /list (/list), 8, 8, 8, 0)
[04:25:00]Arielle Nehling (/mob/living/carbon/human): afterShuttleMove(space (21,19,13) (/turf/open/space/transit/west), /list (/list), 8, 8, 8, 0)
[04:25:00]the arrivals shuttle (/obj/docking_port/mobile/arrivals): cleanup runway(the arrivals (/obj/docking_port/stationary), /list (/list), /list (/list), /list (/list), /list (/list), 0, 8, Space (/area/space), /turf/open/space/transit/west (/turf/open/space/transit/west), /turf/open/space (/turf/open/space))
[04:25:00]the arrivals shuttle (/obj/docking_port/mobile/arrivals): initiate docking(the arrivals (/obj/docking_port/stationary), 8, 0)
[04:25:00]the arrivals shuttle (/obj/docking_port/mobile/arrivals): initiate docking(the arrivals (/obj/docking_port/stationary), 8)
[04:25:00]the arrivals shuttle (/obj/docking_port/mobile/arrivals): check()
[04:25:00]the arrivals shuttle (/obj/docking_port/mobile/arrivals): check()
[04:25:00]Shuttle (/datum/controller/subsystem/shuttle): fire(0)
[04:25:00]Shuttle (/datum/controller/subsystem/shuttle): ignite(0)
runtime error: 
[04:31:41]nothing to animate
[04:31:41]proc name: shake camera (/proc/shake_camera)
[04:31:41]  source file: mob_helpers.dm,270
[04:31:41]  usr: (src)
[04:31:41]  src: null
[04:31:41]  call stack:
[04:31:41]shake camera(Brian Ski (/mob/living/carbon/human), 0.75, 1)
[04:31:41]Brian Ski (/mob/living/carbon/human): afterShuttleMove(space (18,20,13) (/turf/open/space/transit/north), /list (/list), 8, 1, 1, 0)
[04:31:41]Brian Ski (/mob/living/carbon/human): afterShuttleMove(space (18,20,13) (/turf/open/space/transit/north), /list (/list), 8, 1, 1, 0)
[04:31:41]the mining shuttle (/obj/docking_port/mobile): cleanup runway(the mining shuttle bay (/obj/docking_port/stationary), /list (/list), /list (/list), /list (/list), /list (/list), 0, 1, Space (/area/space), /turf/open/space/transit/north (/turf/open/space/transit/north), /turf/open/space (/turf/open/space))
[04:31:41]the mining shuttle (/obj/docking_port/mobile): initiate docking(the mining shuttle bay (/obj/docking_port/stationary), 1, 0)
[04:31:41]the mining shuttle (/obj/docking_port/mobile): check()
[04:31:41]Shuttle (/datum/controller/subsystem/shuttle): fire(0)
[04:31:41]Shuttle (/datum/controller/subsystem/shuttle): ignite(0)
runtime error: 
[04:33:32]nothing to animate
[04:33:32]proc name: shake camera (/proc/shake_camera)
[04:33:32]  source file: mob_helpers.dm,270
[04:33:32]  usr: (src)
[04:33:32]  src: null
[04:33:32]  call stack:
[04:33:32]shake camera(Milo Kimple (/mob/living/carbon/human), 0.75, 1)
[04:33:32]Milo Kimple (/mob/living/carbon/human): afterShuttleMove(space (45,19,13) (/turf/open/space/transit/west), /list (/list), 8, 8, 8, 0)
[04:33:32]Milo Kimple (/mob/living/carbon/human): afterShuttleMove(space (45,19,13) (/turf/open/space/transit/west), /list (/list), 8, 8, 8, 0)
[04:33:32]the arrivals shuttle (/obj/docking_port/mobile/arrivals): cleanup runway(the arrivals (/obj/docking_port/stationary), /list (/list), /list (/list), /list (/list), /list (/list), 0, 8, Space (/area/space), /turf/open/space/transit/west (/turf/open/space/transit/west), /turf/open/space (/turf/open/space))
[04:33:32]the arrivals shuttle (/obj/docking_port/mobile/arrivals): initiate docking(the arrivals (/obj/docking_port/stationary), 8, 0)
[04:33:32]the arrivals shuttle (/obj/docking_port/mobile/arrivals): initiate docking(the arrivals (/obj/docking_port/stationary), 8)
[04:33:32]the arrivals shuttle (/obj/docking_port/mobile/arrivals): check()
[04:33:32]the arrivals shuttle (/obj/docking_port/mobile/arrivals): check()
[04:33:32]Shuttle (/datum/controller/subsystem/shuttle): fire(0)
[04:33:32]Shuttle (/datum/controller/subsystem/shuttle): ignite(0)
runtime error: 
[04:42:04]nothing to animate
[04:42:04]proc name: shake camera (/proc/shake_camera)
[04:42:04]  source file: mob_helpers.dm,270
[04:42:04]  usr: (src)
[04:42:04]  src: null
[04:42:04]  call stack:
[04:42:04]shake camera(Eat My Ass (/mob/living/carbon/human), 0.75, 1)
[04:42:04]Eat My Ass (/mob/living/carbon/human): afterShuttleMove(space (27,18,13) (/turf/open/space/transit/west), /list (/list), 8, 8, 8, 0)
[04:42:04]Eat My Ass (/mob/living/carbon/human): afterShuttleMove(space (27,18,13) (/turf/open/space/transit/west), /list (/list), 8, 8, 8, 0)
[04:42:04]the arrivals shuttle (/obj/docking_port/mobile/arrivals): cleanup runway(the arrivals (/obj/docking_port/stationary), /list (/list), /list (/list), /list (/list), /list (/list), 0, 8, Space (/area/space), /turf/open/space/transit/west (/turf/open/space/transit/west), /turf/open/space (/turf/open/space))
[04:42:04]the arrivals shuttle (/obj/docking_port/mobile/arrivals): initiate docking(the arrivals (/obj/docking_port/stationary), 8, 0)
[04:42:04]the arrivals shuttle (/obj/docking_port/mobile/arrivals): initiate docking(the arrivals (/obj/docking_port/stationary), 8)
[04:42:04]the arrivals shuttle (/obj/docking_port/mobile/arrivals): check()
[04:42:04]the arrivals shuttle (/obj/docking_port/mobile/arrivals): check()
[04:42:04]Shuttle (/datum/controller/subsystem/shuttle): fire(0)
[04:42:04]Shuttle (/datum/controller/subsystem/shuttle): ignite(0)
runtime error: 
[04:45:49]Cannot execute null.archive().
[04:45:49]proc name: archive (/turf/open/archive)
[04:45:49]  source file: LINDA_turf_tile.dm,91
[04:45:49]  usr: null
[04:45:49]  src: the plating (126,139,1) (/turf/open/floor/plating)
[04:45:49]  call stack:
[04:45:49]the plating (126,139,1) (/turf/open/floor/plating): archive()
[04:45:49]space (127,139,1) (/turf/open/space): process cell(6046)
[04:45:49]Atmospherics (/datum/controller/subsystem/air): process active turfs(1)
[04:45:49]Atmospherics (/datum/controller/subsystem/air): fire(1)
[04:45:49]Atmospherics (/datum/controller/subsystem/air): ignite(1)
[04:45:49]Master (/datum/controller/master): RunQueue()
[04:45:49]Master (/datum/controller/master): Loop()
[04:45:49]Master (/datum/controller/master): StartProcessing(0)
runtime error: 
[04:45:49]Cannot read null.gases
[04:45:49]proc name: compare (/datum/gas_mixture/compare)
[04:45:49]  source file: gas_mixture.dm,387
[04:45:49]  usr: null
[04:45:49]  src: /datum/gas_mixture/immutable/s... (/datum/gas_mixture/immutable/space)
[04:45:49]  call stack:
[04:45:49]/datum/gas_mixture/immutable/s... (/datum/gas_mixture/immutable/space): compare(null)
[04:45:49]space (127,139,1) (/turf/open/space): process cell(6046)
[04:45:49]Atmospherics (/datum/controller/subsystem/air): process active turfs(1)
[04:45:49]Atmospherics (/datum/controller/subsystem/air): fire(1)
[04:45:49]Atmospherics (/datum/controller/subsystem/air): ignite(1)
[04:45:49]Master (/datum/controller/master): RunQueue()
[04:45:49]Master (/datum/controller/master): Loop()
[04:45:49]Master (/datum/controller/master): StartProcessing(0)
runtime error: 
[04:45:49]Cannot execute null.archive().
[04:45:49]proc name: archive (/turf/open/archive)
[04:45:49]  source file: LINDA_turf_tile.dm,91
[04:45:49]  usr: null
[04:45:49]  src: the plating (126,141,1) (/turf/open/floor/plating)
[04:45:49]  call stack:
[04:45:49]the plating (126,141,1) (/turf/open/floor/plating): archive()
[04:45:49]space (127,141,1) (/turf/open/space): process cell(6046)
[04:45:49]Atmospherics (/datum/controller/subsystem/air): process active turfs(1)
[04:45:49]Atmospherics (/datum/controller/subsystem/air): fire(1)
[04:45:49]Atmospherics (/datum/controller/subsystem/air): ignite(1)
[04:45:49]Master (/datum/controller/master): RunQueue()
[04:45:49]Master (/datum/controller/master): Loop()
[04:45:49]Master (/datum/controller/master): StartProcessing(0)
runtime error: 
[04:45:49]Cannot read null.gases
[04:45:49]proc name: compare (/datum/gas_mixture/compare)
[04:45:49]  source file: gas_mixture.dm,387
[04:45:49]  usr: null
[04:45:49]  src: /datum/gas_mixture/immutable/s... (/datum/gas_mixture/immutable/space)
[04:45:49]  call stack:
[04:45:49]/datum/gas_mixture/immutable/s... (/datum/gas_mixture/immutable/space): compare(null)
[04:45:49]space (127,141,1) (/turf/open/space): process cell(6046)
[04:45:49]Atmospherics (/datum/controller/subsystem/air): process active turfs(1)
[04:45:49]Atmospherics (/datum/controller/subsystem/air): fire(1)
[04:45:49]Atmospherics (/datum/controller/subsystem/air): ignite(1)
[04:45:49]Master (/datum/controller/master): RunQueue()
[04:45:49]Master (/datum/controller/master): Loop()
[04:45:49]Master (/datum/controller/master): StartProcessing(0)
runtime error: 
[04:45:49]Cannot execute null.archive().
[04:45:49]proc name: archive (/turf/open/archive)
[04:45:49]  source file: LINDA_turf_tile.dm,91
[04:45:49]  usr: null
[04:45:49]  src: the plating (126,145,1) (/turf/open/floor/plating)
[04:45:49]  call stack:
[04:45:49]the plating (126,145,1) (/turf/open/floor/plating): archive()
[04:45:49]space (127,145,1) (/turf/open/space): process cell(6046)
[04:45:49]Atmospherics (/datum/controller/subsystem/air): process active turfs(1)
[04:45:49]Atmospherics (/datum/controller/subsystem/air): fire(1)
[04:45:49]Atmospherics (/datum/controller/subsystem/air): ignite(1)
[04:45:49]Master (/datum/controller/master): RunQueue()
[04:45:49]Master (/datum/controller/master): Loop()
[04:45:49]Master (/datum/controller/master): StartProcessing(0)
runtime error: 
[04:45:49]Cannot read null.gases
[04:45:49]proc name: compare (/datum/gas_mixture/compare)
[04:45:49]  source file: gas_mixture.dm,387
[04:45:49]  usr: null
[04:45:49]  src: /datum/gas_mixture/immutable/s... (/datum/gas_mixture/immutable/space)
[04:45:49]  call stack:
[04:45:49]/datum/gas_mixture/immutable/s... (/datum/gas_mixture/immutable/space): compare(null)
[04:45:49]space (127,145,1) (/turf/open/space): process cell(6046)
[04:45:49]Atmospherics (/datum/controller/subsystem/air): process active turfs(1)
[04:45:49]Atmospherics (/datum/controller/subsystem/air): fire(1)
[04:45:49]Atmospherics (/datum/controller/subsystem/air): ignite(1)
[04:45:49]Master (/datum/controller/master): RunQueue()
[04:45:49]Master (/datum/controller/master): Loop()
[04:45:49]Master (/datum/controller/master): StartProcessing(0)
runtime error: 
[04:45:49]Cannot execute null.archive().
[04:45:49]proc name: archive (/turf/open/archive)
[04:45:49]  source file: LINDA_turf_tile.dm,91
[04:45:49]  usr: null
[04:45:49]  src: the plating (126,146,1) (/turf/open/floor/plating)
[04:45:49]  call stack:
[04:45:49]the plating (126,146,1) (/turf/open/floor/plating): archive()
[04:45:49]space (127,146,1) (/turf/open/space): process cell(6046)
[04:45:49]Atmospherics (/datum/controller/subsystem/air): process active turfs(1)
[04:45:49]Atmospherics (/datum/controller/subsystem/air): fire(1)
[04:45:49]Atmospherics (/datum/controller/subsystem/air): ignite(1)
[04:45:49]Master (/datum/controller/master): RunQueue()
[04:45:49]Master (/datum/controller/master): Loop()
[04:45:49]Master (/datum/controller/master): StartProcessing(0)
runtime error: 
[04:45:49]Cannot read null.gases
[04:45:49]proc name: compare (/datum/gas_mixture/compare)
[04:45:49]  source file: gas_mixture.dm,387
[04:45:49]  usr: null
[04:45:49]  src: /datum/gas_mixture/immutable/s... (/datum/gas_mixture/immutable/space)
[04:45:49]  call stack:
[04:45:49]/datum/gas_mixture/immutable/s... (/datum/gas_mixture/immutable/space): compare(null)
[04:45:49]space (127,146,1) (/turf/open/space): process cell(6046)
[04:45:49]Atmospherics (/datum/controller/subsystem/air): process active turfs(1)
[04:45:49]Atmospherics (/datum/controller/subsystem/air): fire(1)
[04:45:49]Atmospherics (/datum/controller/subsystem/air): ignite(1)
[04:45:49]Master (/datum/controller/master): RunQueue()
[04:45:49]Master (/datum/controller/master): Loop()
[04:45:49]Master (/datum/controller/master): StartProcessing(0)
runtime error: 
[04:45:49]Cannot execute null.archive().
[04:45:49]proc name: archive (/turf/open/archive)
[04:45:49]  source file: LINDA_turf_tile.dm,91
[04:45:49]  usr: null
[04:45:49]  src: the plating (126,147,1) (/turf/open/floor/plating)
[04:45:49]  call stack:
[04:45:49]the plating (126,147,1) (/turf/open/floor/plating): archive()
[04:45:49]space (127,147,1) (/turf/open/space): process cell(6046)
[04:45:49]Atmospherics (/datum/controller/subsystem/air): process active turfs(1)
[04:45:49]Atmospherics (/datum/controller/subsystem/air): fire(1)
[04:45:49]Atmospherics (/datum/controller/subsystem/air): ignite(1)
[04:45:49]Master (/datum/controller/master): RunQueue()
[04:45:49]Master (/datum/controller/master): Loop()
[04:45:49]Master (/datum/controller/master): StartProcessing(0)
runtime error: 
[04:45:49]Cannot read null.gases
[04:45:49]proc name: compare (/datum/gas_mixture/compare)
[04:45:49]  source file: gas_mixture.dm,387
runtime error: 
[04:45:49]Cannot execute null.archive().
[04:45:49]proc name: archive (/turf/open/archive)
[04:45:49]  source file: LINDA_turf_tile.dm,91
runtime error: 
[04:45:49]Cannot read null.gases
[04:45:49]proc name: compare (/datum/gas_mixture/compare)
[04:45:49]  source file: gas_mixture.dm,387
runtime error: 
[04:45:49]Cannot execute null.archive().
[04:45:49]proc name: archive (/turf/open/archive)
[04:45:49]  source file: LINDA_turf_tile.dm,91
runtime error: 
[04:45:49]Cannot read null.gases
[04:45:49]proc name: compare (/datum/gas_mixture/compare)
[04:45:49]  source file: gas_mixture.dm,387
runtime error: 
[04:45:49]Cannot execute null.archive().
[04:45:49]proc name: archive (/turf/open/archive)
[04:45:49]  source file: LINDA_turf_tile.dm,91
runtime error: 
[04:45:49]Cannot read null.gases
[04:45:49]proc name: compare (/datum/gas_mixture/compare)
[04:45:49]  source file: gas_mixture.dm,387
runtime error: 
[04:45:49]Cannot execute null.archive().
[04:45:49]proc name: archive (/turf/open/archive)
[04:45:49]  source file: LINDA_turf_tile.dm,91
runtime error: 
[04:45:49]Cannot read null.gases
[04:45:49]proc name: compare (/datum/gas_mixture/compare)
[04:45:49]  source file: gas_mixture.dm,387
runtime error: 
[04:45:49]Cannot execute null.archive().
[04:45:49]proc name: archive (/turf/open/archive)
[04:45:49]  source file: LINDA_turf_tile.dm,91
runtime error: 
[04:45:49]Cannot read null.gases
[04:45:49]proc name: compare (/datum/gas_mixture/compare)
[04:45:49]  source file: gas_mixture.dm,387
runtime error: 
[04:45:49]Cannot execute null.archive().
[04:45:49]proc name: archive (/turf/open/archive)
[04:45:49]  source file: LINDA_turf_tile.dm,91
runtime error: 
[04:45:49]Cannot read null.gases
[04:45:49]proc name: compare (/datum/gas_mixture/compare)
[04:45:49]  source file: gas_mixture.dm,387
runtime error: 
[04:45:49]Cannot execute null.archive().
[04:45:49]proc name: archive (/turf/open/archive)
[04:45:49]  source file: LINDA_turf_tile.dm,91
runtime error: 
[04:45:49]Cannot read null.gases
[04:45:49]proc name: compare (/datum/gas_mixture/compare)
[04:45:49]  source file: gas_mixture.dm,387
runtime error: 
[04:45:49]Cannot execute null.archive().
[04:45:49]proc name: archive (/turf/open/archive)
[04:45:49]  source file: LINDA_turf_tile.dm,91
runtime error: 
[04:45:49]Cannot read null.gases
[04:45:49]proc name: compare (/datum/gas_mixture/compare)
[04:45:49]  source file: gas_mixture.dm,387
runtime error: 
[04:45:49]Cannot execute null.archive().
[04:45:49]proc name: archive (/turf/open/archive)
[04:45:49]  source file: LINDA_turf_tile.dm,91
runtime error: 
[04:45:49]Cannot read null.gases
[04:45:49]proc name: compare (/datum/gas_mixture/compare)
[04:45:49]  source file: gas_mixture.dm,387
runtime error: 
[04:45:49]Cannot execute null.archive().
[04:45:49]proc name: archive (/turf/open/archive)
[04:45:49]  source file: LINDA_turf_tile.dm,91
runtime error: 
[04:45:49]Cannot read null.gases
[04:45:49]proc name: compare (/datum/gas_mixture/compare)
[04:45:49]  source file: gas_mixture.dm,387
runtime error: 
[04:45:49]Cannot execute null.archive().
[04:45:49]proc name: archive (/turf/open/archive)
[04:45:49]  source file: LINDA_turf_tile.dm,91
runtime error: 
[04:45:49]Cannot read null.gases
[04:45:49]proc name: compare (/datum/gas_mixture/compare)
[04:45:49]  source file: gas_mixture.dm,387
runtime error: 
[04:45:49]Cannot execute null.archive().
[04:45:49]proc name: archive (/turf/open/archive)
[04:45:49]  source file: LINDA_turf_tile.dm,91
runtime error: 
[04:45:49]Cannot read null.gases
[04:45:49]proc name: compare (/datum/gas_mixture/compare)
[04:45:49]  source file: gas_mixture.dm,387
runtime error: 
[04:45:49]Cannot execute null.archive().
[04:45:49]proc name: archive (/turf/open/archive)
[04:45:49]  source file: LINDA_turf_tile.dm,91
runtime error: 
[04:45:49]Cannot read null.gases
[04:45:49]proc name: compare (/datum/gas_mixture/compare)
[04:45:49]  source file: gas_mixture.dm,387
runtime error: 
[04:45:49]Cannot execute null.archive().
[04:45:49]proc name: archive (/turf/open/archive)
[04:45:49]  source file: LINDA_turf_tile.dm,91
runtime error: 
[04:45:49]Cannot read null.gases
[04:45:49]proc name: compare (/datum/gas_mixture/compare)
[04:45:49]  source file: gas_mixture.dm,387
runtime error: 
[04:45:49]Cannot execute null.archive().
[04:45:49]proc name: archive (/turf/open/archive)
[04:45:49]  source file: LINDA_turf_tile.dm,91
runtime error: 
[04:45:49]Cannot read null.gases
[04:45:49]proc name: compare (/datum/gas_mixture/compare)
[04:45:49]  source file: gas_mixture.dm,387
runtime error: 
[04:45:49]Cannot execute null.archive().
[04:45:49]proc name: archive (/turf/open/archive)
[04:45:49]  source file: LINDA_turf_tile.dm,91
runtime error: 
[04:45:49]Cannot read null.gases
[04:45:49]proc name: compare (/datum/gas_mixture/compare)
[04:45:49]  source file: gas_mixture.dm,387
runtime error: 
[04:45:49]Cannot execute null.archive().
[04:45:49]proc name: archive (/turf/open/archive)
[04:45:49]  source file: LINDA_turf_tile.dm,91
runtime error: 
[04:45:49]Cannot read null.gases
[04:45:49]proc name: compare (/datum/gas_mixture/compare)
[04:45:49]  source file: gas_mixture.dm,387
runtime error: 
[04:45:49]Cannot execute null.archive().
[04:45:49]proc name: archive (/turf/open/archive)
[04:45:49]  source file: LINDA_turf_tile.dm,91
runtime error: 
[04:45:49]Cannot read null.gases
[04:45:49]proc name: compare (/datum/gas_mixture/compare)
[04:45:49]  source file: gas_mixture.dm,387
runtime error: 
[04:45:49]Cannot execute null.archive().
[04:45:49]proc name: archive (/turf/open/archive)
[04:45:49]  source file: LINDA_turf_tile.dm,91
runtime error: 
[04:45:49]Cannot read null.gases
[04:45:49]proc name: compare (/datum/gas_mixture/compare)
[04:45:49]  source file: gas_mixture.dm,387
runtime error: 
[04:45:49]Cannot execute null.archive().
[04:45:49]proc name: archive (/turf/open/archive)
[04:45:49]  source file: LINDA_turf_tile.dm,91
runtime error: 
[04:45:49]Cannot read null.gases
[04:45:49]proc name: compare (/datum/gas_mixture/compare)
[04:45:49]  source file: gas_mixture.dm,387
runtime error: 
[04:45:49]Cannot execute null.archive().
[04:45:49]proc name: archive (/turf/open/archive)
[04:45:49]  source file: LINDA_turf_tile.dm,91
runtime error: 
[04:45:49]Cannot read null.gases
[04:45:49]proc name: compare (/datum/gas_mixture/compare)
[04:45:49]  source file: gas_mixture.dm,387
runtime error: 
[04:45:49]Cannot execute null.archive().
[04:45:49]proc name: archive (/turf/open/archive)
[04:45:49]  source file: LINDA_turf_tile.dm,91
runtime error: 
[04:45:49]Cannot read null.gases
[04:45:49]proc name: compare (/datum/gas_mixture/compare)
[04:45:49]  source file: gas_mixture.dm,387
runtime error: 
[04:45:49]Cannot execute null.archive().
[04:45:49]proc name: archive (/turf/open/archive)
[04:45:49]  source file: LINDA_turf_tile.dm,91
runtime error: 
[04:45:49]Cannot read null.gases
[04:45:49]proc name: compare (/datum/gas_mixture/compare)
[04:45:49]  source file: gas_mixture.dm,387
runtime error: 
[04:45:49]Cannot execute null.archive().
[04:45:49]proc name: archive (/turf/open/archive)
[04:45:49]  source file: LINDA_turf_tile.dm,91
runtime error: 
[04:45:49]Cannot read null.gases
[04:45:49]proc name: compare (/datum/gas_mixture/compare)
[04:45:49]  source file: gas_mixture.dm,387
runtime error: 
[04:45:49]Cannot execute null.archive().
[04:45:49]proc name: archive (/turf/open/archive)
[04:45:49]  source file: LINDA_turf_tile.dm,91
runtime error: 
[04:45:49]Cannot read null.gases
[04:45:49]proc name: compare (/datum/gas_mixture/compare)
[04:45:49]  source file: gas_mixture.dm,387
runtime error: 
[04:45:49]Cannot execute null.archive().
[04:45:49]proc name: archive (/turf/open/archive)
[04:45:49]  source file: LINDA_turf_tile.dm,91
runtime error: 
[04:45:49]Cannot read null.gases
[04:45:49]proc name: compare (/datum/gas_mixture/compare)
[04:45:49]  source file: gas_mixture.dm,387
runtime error: 
[04:45:50]Cannot execute null.archive().
[04:45:50]proc name: archive (/turf/open/archive)
[04:45:50]  source file: LINDA_turf_tile.dm,91
runtime error: 
[04:45:50]Cannot read null.gases
[04:45:50]proc name: compare (/datum/gas_mixture/compare)
[04:45:50]  source file: gas_mixture.dm,387
runtime error: 
[04:45:50]Cannot execute null.archive().
[04:45:50]proc name: archive (/turf/open/archive)
[04:45:50]  source file: LINDA_turf_tile.dm,91
runtime error: 
[04:45:50]Cannot read null.gases
[04:45:50]proc name: compare (/datum/gas_mixture/compare)
[04:45:50]  source file: gas_mixture.dm,387
runtime error: 
[04:45:50]Cannot execute null.archive().
[04:45:50]proc name: archive (/turf/open/archive)
[04:45:50]  source file: LINDA_turf_tile.dm,91
runtime error: 
[04:45:50]Cannot read null.gases
[04:45:50]proc name: compare (/datum/gas_mixture/compare)
[04:45:50]  source file: gas_mixture.dm,387
runtime error: 
[04:45:50]Cannot execute null.archive().
[04:45:50]proc name: archive (/turf/open/archive)
[04:45:50]  source file: LINDA_turf_tile.dm,91
runtime error: 
[04:45:50]Cannot read null.gases
[04:45:50]proc name: compare (/datum/gas_mixture/compare)
[04:45:50]  source file: gas_mixture.dm,387
runtime error: 
[04:45:50]Cannot execute null.archive().
[04:45:50]proc name: archive (/turf/open/archive)
[04:45:50]  source file: LINDA_turf_tile.dm,91
runtime error: 
[04:45:50]Cannot read null.gases
[04:45:50]proc name: compare (/datum/gas_mixture/compare)
[04:45:50]  source file: gas_mixture.dm,387
runtime error: 
[04:45:50]Cannot execute null.archive().
[04:45:50]proc name: archive (/turf/open/archive)
[04:45:50]  source file: LINDA_turf_tile.dm,91
runtime error: 
[04:45:50]Cannot read null.gases
[04:45:50]proc name: compare (/datum/gas_mixture/compare)
[04:45:50]  source file: gas_mixture.dm,387
runtime error: 
[04:45:50]Cannot execute null.archive().
[04:45:50]proc name: archive (/turf/open/archive)
[04:45:50]  source file: LINDA_turf_tile.dm,91
runtime error: 
[04:45:50]Cannot read null.gases
[04:45:50]proc name: compare (/datum/gas_mixture/compare)
[04:45:50]  source file: gas_mixture.dm,387
runtime error: 
[04:45:50]Cannot execute null.archive().
[04:45:50]proc name: archive (/turf/open/archive)
[04:45:50]  source file: LINDA_turf_tile.dm,91
runtime error: 
[04:45:50]Cannot read null.gases
[04:45:50]proc name: compare (/datum/gas_mixture/compare)
[04:45:50]  source file: gas_mixture.dm,387
runtime error: 
[04:45:51]Cannot execute null.archive().
[04:45:51]proc name: archive (/turf/open/archive)
[04:45:51]  source file: LINDA_turf_tile.dm,91
runtime error: 
[04:45:51]Cannot read null.gases
[04:45:51]proc name: compare (/datum/gas_mixture/compare)
[04:45:51]  source file: gas_mixture.dm,387
runtime error: 
[04:45:51]Cannot execute null.archive().
[04:45:51]proc name: archive (/turf/open/archive)
[04:45:51]  source file: LINDA_turf_tile.dm,91
runtime error: 
[04:45:51]Cannot read null.gases
[04:45:51]proc name: compare (/datum/gas_mixture/compare)
[04:45:51]  source file: gas_mixture.dm,387
runtime error: 
[04:45:51]Cannot execute null.archive().
[04:45:51]proc name: archive (/turf/open/archive)
[04:45:51]  source file: LINDA_turf_tile.dm,91
runtime error: 
[04:45:51]Cannot read null.gases
[04:45:51]proc name: compare (/datum/gas_mixture/compare)
[04:45:51]  source file: gas_mixture.dm,387
runtime error: 
[04:45:51]Cannot execute null.archive().
[04:45:51]proc name: archive (/turf/open/archive)
[04:45:51]  source file: LINDA_turf_tile.dm,91
runtime error: 
[04:45:51]Cannot read null.gases
[04:45:51]proc name: compare (/datum/gas_mixture/compare)
[04:45:51]  source file: gas_mixture.dm,387
runtime error: 
[04:45:51]Cannot execute null.archive().
[04:45:51]proc name: archive (/turf/open/archive)
[04:45:51]  source file: LINDA_turf_tile.dm,91
runtime error: 
[04:45:51]Cannot read null.gases
[04:45:51]proc name: compare (/datum/gas_mixture/compare)
[04:45:51]  source file: gas_mixture.dm,387
runtime error: 
[04:45:51]Cannot execute null.archive().
[04:45:51]proc name: archive (/turf/open/archive)
[04:45:51]  source file: LINDA_turf_tile.dm,91
runtime error: 
[04:45:51]Cannot read null.gases
[04:45:51]Warning: further proc crash messages are being suppressed to prevent overload...
runtime error: 
[04:45:51]undefined variable /turf/closed/wall/mineral/titanium/var/air
runtime error: 
[04:45:51]undefined variable /turf/closed/wall/mineral/titanium/var/air
runtime error: 
[04:45:51]undefined variable /turf/closed/wall/mineral/titanium/var/air
runtime error: 
[04:45:51]undefined variable /turf/closed/wall/mineral/titanium/nodiagonal/var/air
runtime error: 
[04:45:51]Cannot execute null.archive().
runtime error: 
[04:45:51]Cannot read null.gases
runtime error: 
[04:45:51]Cannot execute null.archive().
runtime error: 
[04:45:51]Cannot read null.gases
runtime error: 
[04:45:51]Cannot execute null.archive().
runtime error: 
[04:45:51]Cannot read null.gases
runtime error: 
[04:45:51]Cannot execute null.archive().
runtime error: 
[04:45:51]Cannot read null.gases
runtime error: 
[04:45:51]Cannot execute null.archive().
runtime error: 
[04:45:51]Cannot read null.gases
runtime error: 
[04:45:51]Cannot execute null.archive().
runtime error: 
[04:45:51]Cannot read null.gases
runtime error: 
[04:45:51]undefined variable /turf/closed/wall/mineral/titanium/var/air
runtime error: 
[04:45:51]undefined variable /turf/closed/wall/mineral/titanium/var/air
runtime error: 
[04:45:51]undefined variable /turf/closed/wall/mineral/titanium/var/air
runtime error: 
[04:45:51]undefined variable /turf/closed/wall/mineral/titanium/var/air
runtime error: 
[04:45:51]undefined variable /turf/closed/wall/mineral/titanium/var/air
runtime error: 
[04:45:51]undefined variable /turf/closed/wall/mineral/titanium/var/air
runtime error: 
[04:45:51]undefined variable /turf/closed/wall/mineral/titanium/var/air
runtime error: 
[04:45:51]undefined variable /turf/closed/wall/mineral/titanium/var/air
runtime error: 
[04:45:51]undefined variable /turf/closed/wall/mineral/titanium/var/air
runtime error: 
[04:45:51]undefined variable /turf/closed/wall/mineral/titanium/var/air
runtime error: 
[04:45:51]undefined variable /turf/closed/wall/mineral/titanium/var/air
runtime error: 
[04:45:51]undefined variable /turf/closed/wall/mineral/titanium/var/air
runtime error: 
[04:45:51]undefined variable /turf/closed/wall/mineral/titanium/var/air
runtime error: 
[04:45:51]undefined variable /turf/closed/wall/mineral/titanium/var/air
runtime error: 
[04:45:51]undefined variable /turf/closed/wall/mineral/titanium/var/air
runtime error: 
[04:45:51]undefined variable /turf/closed/wall/mineral/titanium/var/air
runtime error: 
[04:45:51]undefined variable /turf/closed/wall/mineral/titanium/var/air
runtime error: 
[04:45:51]undefined variable /turf/closed/wall/mineral/titanium/var/air
runtime error: 
[04:45:51]undefined variable /turf/closed/wall/mineral/titanium/var/air
runtime error: 
[04:45:51]undefined variable /turf/closed/wall/mineral/titanium/var/air
runtime error: 
[04:45:51]undefined variable /turf/closed/wall/mineral/titanium/var/air
runtime error: 
[04:45:51]undefined variable /turf/closed/wall/mineral/titanium/nodiagonal/var/air
runtime error: 
[04:45:51]undefined variable /turf/closed/wall/mineral/titanium/var/air
runtime error: 
[04:45:51]undefined variable /turf/closed/wall/mineral/titanium/var/air
runtime error: 
[04:45:51]undefined variable /turf/closed/wall/mineral/titanium/var/air
runtime error: 
[04:45:51]undefined variable /turf/closed/wall/mineral/titanium/var/air
runtime error: 
[04:45:51]undefined variable /turf/closed/wall/mineral/titanium/var/air
runtime error: 
[04:45:51]undefined variable /turf/closed/wall/mineral/titanium/var/air
runtime error: 
[04:45:51]undefined variable /turf/closed/wall/mineral/titanium/var/air
runtime error: 
[04:45:51]undefined variable /turf/closed/wall/mineral/titanium/var/air
runtime error: 
[04:45:51]undefined variable /turf/closed/wall/mineral/titanium/var/air
runtime error: 
[04:45:51]undefined variable /turf/closed/wall/mineral/titanium/var/air
runtime error: 
[04:45:51]undefined variable /turf/closed/wall/mineral/titanium/var/air
runtime error: 
[04:45:51]undefined variable /turf/closed/wall/mineral/titanium/var/air
runtime error: 
[04:45:51]undefined variable /turf/closed/wall/mineral/titanium/var/air
runtime error: 
[04:46:59]nothing to animate
runtime error: 
[04:50:47]nothing to animate
runtime error: 
[04:50:47]nothing to animate
runtime error: 
[04:50:47]nothing to animate
runtime error: 
[04:51:06]nothing to animate
runtime error: 
[04:51:06]nothing to animate
runtime error: 
[04:51:06]nothing to animate
runtime error: 
[04:52:29]Cannot execute null.start().
runtime error: 
[04:53:54]addtimer called with a callback assigned to a qdeleted object
runtime error: 
[04:55:16]Cannot read null.client
runtime error: 
[04:55:20]Cannot read null.client
runtime error: 
[05:06:25]Cannot read null.loc
Saved 0 engraved messages on map Box Station
runtime error: 
[05:07:52]Cannot read null.loc
Shutting down Persistence subsystem...
Shutting down pathfinder subsystem...
Shutting down Squeak subsystem...
Shutting down Shuttle subsystem...
Shutting down Lighting subsystem...
Shutting down XKeyScore subsystem...
Shutting down Sticky Ban subsystem...
Shutting down Overlay subsystem...
Shutting down Icon Smoothing subsystem...
Shutting down Assets subsystem...
Shutting down Minimap subsystem...
Shutting down Atmospherics subsystem...
Shutting down Wet floors subsystem...
Shutting down Weather subsystem...
Shutting down Vote subsystem...
Shutting down Traumas subsystem...
Shutting down Title Screen subsystem...
Shutting down Time Tracking subsystem...
Shutting down Throwing subsystem...
Shutting down tgui subsystem...
Shutting down Sun subsystem...
Shutting down Space Drift subsystem...
Shutting down Religion subsystem...
Shutting down Radio subsystem...
Shutting down Radiation subsystem...
Shutting down Projectiles subsystem...
Shutting down Processing subsystem...
Shutting down Parallax subsystem...
Shutting down pAI subsystem...
Shutting down Orbits subsystem...
Shutting down Objects subsystem...
Shutting down NPC Pool subsystem...
Shutting down Night Shift subsystem...
Shutting down Mood subsystem...
Shutting down Mobs subsystem...
Shutting down Medals subsystem...
Shutting down Inbounds subsystem...
Shutting down Idling NPC Pool subsystem...
Shutting down Flightpack Movement subsystem...
Shutting down Fire Burning subsystem...
Shutting down Fields subsystem...
Shutting down Fast Processing subsystem...
Shutting down Disease subsystem...
Shutting down Communications subsystem...
Shutting down Augury subsystem...
Shutting down Acid subsystem...
Shutting down Timer subsystem...
Shutting down Circuit subsystem...
Shutting down Machines subsystem...
Shutting down Language subsystem...
Shutting down Atoms subsystem...
Shutting down Networks subsystem...
Shutting down Mapping subsystem...
Shutting down Ticker subsystem...
Shutting down Traits subsystem...
Shutting down Jobs subsystem...
Shutting down Events subsystem...
Shutting down Research subsystem...
Shutting down Input subsystem...
Shutting down Server Tasks subsystem...
Shutting down Blackbox subsystem...
Shutting down Database subsystem...
Shutting down Garbage subsystem...
Shutdown complete
World rebooted at 05:09:06
