[2018-07-28 02:55:19.724] Starting up round ID 1757.
[2018-07-28 02:55:19.724] -------------------------
[2018-07-28 02:55:26.119] HREF: GreenTea98 (usr:GreenTea98[(8,174,1)]) : _src_=chat&proc=analyzeClientData&param[cookie]={"connData":[{"ckey":"greentea98","ip":"174.100.55.125","compid":"2546803742"}]}
[2018-07-28 02:55:26.696] HREF: Juicy_Chicken (usr:Juicy_Chicken[(8,174,1)]) : _src_=chat&proc=analyzeClientData&param[cookie]={"connData":[{"ckey":"juicychicken","ip":"85.211.219.99","compid":"3782204834"}]}
[2018-07-28 02:55:27.200] HREF: BuckyBoy (usr:BuckyBoy[(8,174,1)]) : _src_=chat&proc=analyzeClientData&param[cookie]={"connData":[{"ckey":"buckyboy","ip":"69.246.164.187","compid":"4169373452"}]}
[2018-07-28 02:55:27.954] HREF: Drunkenpeasant (usr:Drunkenpeasant[(8,174,1)]) : _src_=chat&proc=analyzeClientData&param[cookie]={"connData":[{"ckey":"drunkenpeasant","ip":"98.157.240.177","compid":"3798314431"}]}
[2018-07-28 02:55:29.122] HREF: AzlanonPc (usr:AzlanonPc[(8,174,1)]) : _src_=chat&proc=analyzeClientData&param[cookie]={"connData":[{"ckey":"azlanonpc","ip":"190.11.173.170","compid":"2332622961"}]}
[2018-07-28 02:55:37.343] HREF: TwoTar (usr:TwoTar[(8,174,1)]) : _src_=chat&proc=doneLoading
[2018-07-28 02:55:37.846] HREF: TwoTar (usr:TwoTar[(8,174,1)]) : _src_=chat&proc=analyzeClientData&param[cookie]=none
[2018-07-28 02:56:27.840] HREF: Drunkenpeasant (usr:Drunkenpeasant[(8,174,1)]) : Drunkenpeasant src=[mob_17];ready=1
[2018-07-28 02:57:04.207] HREF: AzlanonPc (usr:AzlanonPc[(8,174,1)]) : AzlanonPc src=[mob_19];ready=1
[2018-07-28 02:57:04.504] HREF: AzlanonPc (usr:AzlanonPc[(8,174,1)]) : AzlanonPc src=[mob_19];ready=1
[2018-07-28 02:57:07.427] HREF: TwoTar (usr:TwoTar[(8,174,1)]) : TwoTar src=[mob_15];ready=1
[2018-07-28 02:58:35.848] HREF: AzlanonPc (usr:AzlanonPc[(8,174,1)]) : AzlanonPc src=[mob_19];ready=0
[2018-07-28 02:58:35.967] HREF: AzlanonPc (usr:AzlanonPc[(8,174,1)]) : AzlanonPc src=[mob_19];ready=0
[2018-07-28 02:58:36.592] HREF: AzlanonPc (usr:AzlanonPc[(8,174,1)]) : AzlanonPc src=[mob_19];ready=0
[2018-07-28 02:58:39.388] HREF: AzlanonPc (usr:AzlanonPc[(8,174,1)]) : AzlanonPc src=[mob_19];ready=0
[2018-07-28 02:59:04.539] HREF: TwoTar (usr:TwoTar[(8,174,1)]) : TwoTar src=[mob_15];ready=0
[2018-07-28 02:59:38.974] HREF: BuckyBoy (usr:BuckyBoy[(8,174,1)]) : BuckyBoy src=[mob_13];ready=2
[2018-07-28 02:59:43.309] HREF: Juicy_Chicken (usr:Juicy_Chicken[(8,174,1)]) : Juicy_Chicken src=[mob_11];late_join=1
[2018-07-28 03:02:08.675] HREF: Drunkenpeasant (usr:Sloppy Joe[(184,123,2)]) : Core R&D Console src=[0x2004531];switch_screen=70
[2018-07-28 03:02:18.924] HREF: Drunkenpeasant (usr:Sloppy Joe[(184,123,2)]) : Core R&D Console src=[0x2004531];ui_mode=3
[2018-07-28 03:02:23.810] HREF: Drunkenpeasant (usr:Sloppy Joe[(184,123,2)]) : Core R&D Console src=[0x2004531];research_node=robotics
[2018-07-28 03:02:27.541] HREF: Drunkenpeasant (usr:Sloppy Joe[(184,123,2)]) : Core R&D Console src=[0x2004531];research_node=emp_basic
[2018-07-28 03:02:31.307] HREF: Drunkenpeasant (usr:Sloppy Joe[(184,123,2)]) : Core R&D Console src=[0x2004531];research_node=emp_adv
[2018-07-28 03:02:34.004] HREF: Drunkenpeasant (usr:Sloppy Joe[(184,123,2)]) : Core R&D Console src=[0x2004531];research_node=emp_super
[2018-07-28 03:02:38.455] HREF: Drunkenpeasant (usr:Sloppy Joe[(184,123,2)]) : Core R&D Console src=[0x2004531];research_node=bluespace_basic
[2018-07-28 03:03:56.405] HREF: Drunkenpeasant (usr:Unknown[(134,129,2)]) : PDA-Sloppy Joe (Scientist) src=[0x2007993];choice=2
[2018-07-28 03:04:00.232] HREF: Drunkenpeasant (usr:Unknown[(134,129,2)]) : PDA-Sloppy Joe (Scientist) src=[0x2007993];choice=Return
[2018-07-28 03:04:01.830] HREF: Drunkenpeasant (usr:Unknown[(134,129,2)]) : PDA-Sloppy Joe (Scientist) src=[0x2007993];choice=1
[2018-07-28 03:04:03.748] HREF: Drunkenpeasant (usr:Unknown[(134,129,2)]) : PDA-Sloppy Joe (Scientist) close=1
[2018-07-28 03:07:29.767] HREF: Drunkenpeasant (usr:Sloppy Joe[(114,144,2)]) : Vote src=[0x2100003e];vote=restart
[2018-07-28 03:07:31.387] HREF: Drunkenpeasant (usr:Sloppy Joe[(114,144,2)]) : Vote src=[0x2100003e];vote=1
[2018-07-28 03:07:32.852] HREF: Drunkenpeasant (usr:Sloppy Joe[(114,144,2)]) : Vote src=[0x2100003e];vote=close
[2018-07-28 03:08:10.883] HREF: Drunkenpeasant (usr:Sloppy Joe[(184,128,2)]) : Vote src=[0x2100003e]
[2018-07-28 03:08:12.866] HREF: Drunkenpeasant (usr:Sloppy Joe[(184,128,2)]) : Vote src=[0x2100003e];vote=2
[2018-07-28 03:08:16.369] HREF: Drunkenpeasant (usr:Sloppy Joe[(184,128,2)]) : Vote src=[0x2100003e];vote=close
