[2018-07-30 05:11:05.801] Starting up round ID 1782.
[2018-07-30 05:11:05.801] -------------------------
[2018-07-30 05:11:06.889] Initialized Database subsystem within 0 seconds!
[2018-07-30 05:11:06.890] Initialized Blackbox subsystem within 0 seconds!
[2018-07-30 05:11:06.890] Initialized Server Tasks subsystem within 0 seconds!
[2018-07-30 05:11:06.890] Initialized Input subsystem within 0 seconds!
[2018-07-30 05:11:06.924] Initialized Research subsystem within 0.1 seconds!
[2018-07-30 05:11:06.929] Initialized Events subsystem within 0 seconds!
[2018-07-30 05:11:06.934] Initialized Jobs subsystem within 0 seconds!
[2018-07-30 05:11:06.935] Initialized Quirks subsystem within 0 seconds!
[2018-07-30 05:11:06.948] Initialized Ticker subsystem within 0 seconds!
[2018-07-30 05:11:06.949] Loading Box Station...
[2018-07-30 05:11:12.974] Loaded Station in 6s!
[2018-07-30 05:11:18.707] Loaded Lavaland in 5.2s!
[2018-07-30 05:11:22.609] Ruin loader finished with 0 left to spend.
[2018-07-30 05:11:23.884] Ruin loader finished with 0 left to spend.
[2018-07-30 05:11:33.867] Initialized Mapping subsystem within 26.9 seconds!
[2018-07-30 05:11:33.868] Initialized Networks subsystem within 0 seconds!
[2018-07-30 05:12:19.273] Initialized Atoms subsystem within 45.4 seconds!
[2018-07-30 05:12:19.290] Initialized Language subsystem within 0 seconds!
[2018-07-30 05:12:19.642] Initialized Machines subsystem within 0.4 seconds!
[2018-07-30 05:12:19.693] Initialized Circuit subsystem within 0 seconds!
[2018-07-30 05:12:19.694] Initialized Disease subsystem within 0 seconds!
[2018-07-30 05:12:19.695] Initialized Medals subsystem within 0 seconds!
[2018-07-30 05:12:19.695] Initialized Night Shift subsystem within 0 seconds!
[2018-07-30 05:12:19.695] Initialized Parallax subsystem within 0 seconds!
[2018-07-30 05:12:19.822] Initialized Traumas subsystem within 0.2 seconds!
[2018-07-30 05:12:19.823] Initialized Weather subsystem within 0 seconds!
[2018-07-30 05:13:36.071] ## WARNING: There are 1 active turfs at roundstart, this is a mapping error caused by a difference of the air between the adjacent turfs. You can see its coordinates using "Mapping -> Show roundstart AT list" verb (debug verbs required)
[2018-07-30 05:13:36.077] ## WARNING: HEY! LISTEN! 0 seconds were wasted processing 1 turf(s) (connected to 2 other turfs) with atmos differences at round start.
[2018-07-30 05:13:36.516] Initialized Atmospherics subsystem within 76.7 seconds!
[2018-07-30 05:13:36.533] Initialized Minimap subsystem within 0 seconds!
[2018-07-30 05:13:38.811] Initialized Assets subsystem within 2.3 seconds!
[2018-07-30 05:13:44.910] Initialized Icon Smoothing subsystem within 6.1 seconds!
[2018-07-30 05:13:46.210] Initialized Overlay subsystem within 1.3 seconds!
[2018-07-30 05:13:46.210] Initialized XKeyScore subsystem within 0 seconds!
[2018-07-30 05:13:46.211] Initialized Sticky Ban subsystem within 0 seconds!
[2018-07-30 05:13:58.876] Initialized Lighting subsystem within 12.6 seconds!
[2018-07-30 05:14:03.129] Initialized Shuttle subsystem within 4.3 seconds!
[2018-07-30 05:14:03.168] Initialized Squeak subsystem within 0 seconds!
[2018-07-30 05:14:03.169] Initialized Pathfinder subsystem within 0 seconds!
[2018-07-30 05:14:03.230] Loaded 23 engraved messages on map Box Station
[2018-07-30 05:14:03.261] Initialized Persistence subsystem within 0.1 seconds!
[2018-07-30 05:14:03.261] Initializations complete within 176.4 seconds!
[2018-07-30 10:05:17.862] Shutting down Persistence subsystem...
[2018-07-30 10:05:17.862] Shutting down Pathfinder subsystem...
[2018-07-30 10:05:17.862] Shutting down Squeak subsystem...
[2018-07-30 10:05:17.862] Shutting down Shuttle subsystem...
[2018-07-30 10:05:17.862] Shutting down Lighting subsystem...
[2018-07-30 10:05:17.862] Shutting down XKeyScore subsystem...
[2018-07-30 10:05:17.862] Shutting down Sticky Ban subsystem...
[2018-07-30 10:05:17.863] Shutting down Overlay subsystem...
[2018-07-30 10:05:17.910] Shutting down Icon Smoothing subsystem...
[2018-07-30 10:05:17.910] Shutting down Assets subsystem...
[2018-07-30 10:05:17.910] Shutting down Minimap subsystem...
[2018-07-30 10:05:17.910] Shutting down Atmospherics subsystem...
[2018-07-30 10:05:17.911] Shutting down Wet floors subsystem...
[2018-07-30 10:05:17.911] Shutting down Weather subsystem...
[2018-07-30 10:05:17.911] Shutting down Vote subsystem...
[2018-07-30 10:05:17.911] Shutting down Traumas subsystem...
[2018-07-30 10:05:17.911] Shutting down Title Screen subsystem...
[2018-07-30 10:05:17.911] Shutting down Time Tracking subsystem...
[2018-07-30 10:05:17.911] Shutting down Throwing subsystem...
[2018-07-30 10:05:17.911] Shutting down tgui subsystem...
[2018-07-30 10:05:17.912] Shutting down Sun subsystem...
[2018-07-30 10:05:17.912] Shutting down Space Drift subsystem...
[2018-07-30 10:05:17.912] Shutting down Religion subsystem...
[2018-07-30 10:05:17.912] Shutting down Radio subsystem...
[2018-07-30 10:05:17.912] Shutting down Radiation subsystem...
[2018-07-30 10:05:17.912] Shutting down Projectiles subsystem...
[2018-07-30 10:05:17.912] Shutting down Processing subsystem...
[2018-07-30 10:05:17.912] Shutting down Ping subsystem...
[2018-07-30 10:05:17.912] Shutting down Parallax subsystem...
[2018-07-30 10:05:17.912] Shutting down pAI subsystem...
[2018-07-30 10:05:17.912] Shutting down Orbits subsystem...
[2018-07-30 10:05:17.913] Shutting down Objects subsystem...
[2018-07-30 10:05:17.913] Shutting down NPC Pool subsystem...
[2018-07-30 10:05:17.913] Shutting down Night Shift subsystem...
[2018-07-30 10:05:17.913] Shutting down Mood subsystem...
[2018-07-30 10:05:17.913] Shutting down Mobs subsystem...
[2018-07-30 10:05:17.913] Shutting down Medals subsystem...
[2018-07-30 10:05:17.913] Shutting down Idling NPC Pool subsystem...
[2018-07-30 10:05:17.913] Shutting down Fire Burning subsystem...
[2018-07-30 10:05:17.913] Shutting down Fields subsystem...
[2018-07-30 10:05:17.913] Shutting down Fast Processing subsystem...
[2018-07-30 10:05:17.913] Shutting down Disease subsystem...
[2018-07-30 10:05:17.914] Shutting down Datum Component System subsystem...
[2018-07-30 10:05:17.914] Shutting down Communications subsystem...
[2018-07-30 10:05:17.914] Shutting down Augury subsystem...
[2018-07-30 10:05:17.914] Shutting down Acid subsystem...
[2018-07-30 10:05:17.914] Shutting down Timer subsystem...
[2018-07-30 10:05:17.914] Shutting down Circuit subsystem...
[2018-07-30 10:05:17.914] Shutting down Machines subsystem...
[2018-07-30 10:05:17.914] Shutting down Language subsystem...
[2018-07-30 10:05:17.914] Shutting down Atoms subsystem...
[2018-07-30 10:05:17.914] Shutting down Networks subsystem...
[2018-07-30 10:05:17.915] Shutting down Mapping subsystem...
[2018-07-30 10:05:17.915] Shutting down Ticker subsystem...
[2018-07-30 10:05:18.134] Shutting down Quirks subsystem...
[2018-07-30 10:05:18.134] Shutting down Jobs subsystem...
[2018-07-30 10:05:18.134] Shutting down Events subsystem...
[2018-07-30 10:05:18.134] Shutting down Research subsystem...
[2018-07-30 10:05:18.134] Shutting down Input subsystem...
[2018-07-30 10:05:18.135] Shutting down Server Tasks subsystem...
[2018-07-30 10:05:18.135] Shutting down Blackbox subsystem...
[2018-07-30 10:05:18.189] Shutting down Database subsystem...
[2018-07-30 10:05:18.225] Shutting down Garbage subsystem...
[2018-07-30 10:05:18.242] Shutdown complete
[2018-07-30 10:05:18.242] World rebooted at 10:05:18
