[2018-07-18 21:47:19.485] Starting up round ID 1623.
[2018-07-18 21:47:19.486] -------------------------
[2018-07-18 21:47:20.798] Initialized Database subsystem within 0 seconds!
[2018-07-18 21:47:20.798] Initialized Blackbox subsystem within 0 seconds!
[2018-07-18 21:47:20.798] Initialized Server Tasks subsystem within 0 seconds!
[2018-07-18 21:47:20.799] Initialized Input subsystem within 0.1 seconds!
[2018-07-18 21:47:20.837] Initialized Research subsystem within 0 seconds!
[2018-07-18 21:47:20.841] Initialized Events subsystem within 0 seconds!
[2018-07-18 21:47:20.845] Initialized Jobs subsystem within 0 seconds!
[2018-07-18 21:47:20.846] Initialized Quirks subsystem within 0 seconds!
[2018-07-18 21:47:20.856] Initialized Ticker subsystem within 0 seconds!
[2018-07-18 21:47:20.856] Loading Box Station...
[2018-07-18 21:47:35.205] Loaded Station in 14.4s!
[2018-07-18 21:47:41.680] Loaded Lavaland in 5.5s!
[2018-07-18 21:47:47.520] Ruin loader finished with 0 left to spend.
[2018-07-18 21:47:49.380] Ruin loader finished with 0 left to spend.
[2018-07-18 21:48:00.402] Initialized Mapping subsystem within 39.6 seconds!
[2018-07-18 21:48:00.404] Initialized Networks subsystem within 0 seconds!
[2018-07-18 21:48:41.233] Initialized Atoms subsystem within 40.8 seconds!
[2018-07-18 21:48:41.256] Initialized Language subsystem within 0 seconds!
[2018-07-18 21:48:41.634] Initialized Machines subsystem within 0.4 seconds!
[2018-07-18 21:48:41.685] Initialized Circuit subsystem within 0 seconds!
[2018-07-18 21:48:41.687] Initialized Disease subsystem within 0 seconds!
[2018-07-18 21:48:41.687] Initialized Medals subsystem within 0 seconds!
[2018-07-18 21:48:41.687] Initialized Night Shift subsystem within 0 seconds!
[2018-07-18 21:48:41.688] Initialized Parallax subsystem within 0 seconds!
[2018-07-18 21:48:41.814] Initialized Traumas subsystem within 0.2 seconds!
[2018-07-18 21:48:41.815] Initialized Weather subsystem within 0 seconds!
[2018-07-18 21:50:02.399] Initialized Atmospherics subsystem within 80.5 seconds!
[2018-07-18 21:50:02.428] Initialized Minimap subsystem within 0.1 seconds!
[2018-07-18 21:50:04.762] Initialized Assets subsystem within 2.3 seconds!
[2018-07-18 21:50:11.312] Initialized Icon Smoothing subsystem within 6.3 seconds!
[2018-07-18 21:50:12.691] Initialized Overlay subsystem within 1.3 seconds!
[2018-07-18 21:50:12.692] Initialized XKeyScore subsystem within 0 seconds!
[2018-07-18 21:50:12.692] Initialized Sticky Ban subsystem within 0 seconds!
[2018-07-18 21:50:24.554] Initialized Lighting subsystem within 11.9 seconds!
[2018-07-18 21:50:26.825] Initialized Shuttle subsystem within 2.3 seconds!
[2018-07-18 21:50:26.861] Initialized Squeak subsystem within 0 seconds!
[2018-07-18 21:50:26.862] Initialized Pathfinder subsystem within 0 seconds!
[2018-07-18 21:50:26.912] Loaded 12 engraved messages on map Box Station
[2018-07-18 21:50:26.935] Initialized Persistence subsystem within 0.1 seconds!
[2018-07-18 21:50:26.936] Initializations complete within 186.2 seconds!
[2018-07-18 21:51:40.261] Game start took 3.4s
[2018-07-18 21:54:42.251] [2018-07-18 21:54:33] Client: LongTittyTyrone triggered JS error: Error: The URI to be decoded is not a valid encoding | url: http://127.0.0.1:50156/tmp14412/browserOutput.js | line: 161 | column: 2 | error: URIError: The URI to be decoded is not a valid encoding | user agent: Mozilla/4.0 (compatible; MSIE 7.0; Windows NT 6.2; WOW64; Trident/7.0; .NET4.0C; .NET4.0E; .NET CLR 2.0.50727; .NET CLR 3.0.30729; .NET CLR 3.5.30729; NMTE)
[2018-07-18 21:54:42.287] [2018-07-18 21:54:33] Client: Davidththird triggered JS error: Error: The URI to be decoded is not a valid encoding | url: http://127.0.0.1:56343/tmp13968/browserOutput.js | line: 161 | column: 2 | error: URIError: The URI to be decoded is not a valid encoding | user agent: Mozilla/4.0 (compatible; MSIE 7.0; Windows NT 6.2; WOW64; Trident/7.0; .NET4.0C; .NET4.0E; .NET CLR 2.0.50727; .NET CLR 3.0.30729; .NET CLR 3.5.30729; InfoPath.3)
[2018-07-18 22:08:45.960] [2018-07-18 22:09:04] Client: Enkidienne triggered JS error: Error: L'URI à décoder contient un caractère incorrect | url: http://127.0.0.1:64300/tmp16820/browserOutput.js | line: 161 | column: 2 | error: URIError: L'URI à décoder contient un caractère incorrect | user agent: Mozilla/4.0 (compatible; MSIE 7.0; Windows NT 6.2; WOW64; Trident/7.0; .NET4.0C; .NET4.0E; .NET CLR 2.0.50727; .NET CLR 3.0.30729; .NET CLR 3.5.30729)
[2018-07-18 22:27:40.976] [2018-07-18 22:27:50] Client: Enkidienne triggered JS error: Error: L'URI à décoder contient un caractère incorrect | url: http://127.0.0.1:64300/tmp16820/browserOutput.js | line: 161 | column: 2 | error: URIError: L'URI à décoder contient un caractère incorrect | user agent: Mozilla/4.0 (compatible; MSIE 7.0; Windows NT 6.2; WOW64; Trident/7.0; .NET4.0C; .NET4.0E; .NET CLR 2.0.50727; .NET CLR 3.0.30729; .NET CLR 3.5.30729)
[2018-07-18 22:27:41.029] [2018-07-18 22:27:50] Client: InternetDweller triggered JS error: Error: The URI to be decoded is not a valid encoding | url: http://127.0.0.1:65492/tmp2732/browserOutput.js | line: 161 | column: 2 | error: URIError: The URI to be decoded is not a valid encoding | user agent: Mozilla/4.0 (compatible; MSIE 7.0; Windows NT 6.2; WOW64; Trident/7.0; .NET4.0C; .NET4.0E; .NET CLR 2.0.50727; .NET CLR 3.0.30729; .NET CLR 3.5.30729)
[2018-07-18 22:27:41.082] [2018-07-18 22:27:50] Client: Ceanox triggered JS error: Error: The URI to be decoded is not a valid encoding | url: http://127.0.0.1:57992/tmp2232/browserOutput.js | line: 161 | column: 2 | error: URIError: The URI to be decoded is not a valid encoding | user agent: Mozilla/4.0 (compatible; MSIE 7.0; Windows NT 6.1; WOW64; Trident/7.0; SLCC2; .NET CLR 2.0.50727; .NET CLR 3.5.30729; .NET CLR 3.0.30729; Media Center PC 6.0; .NET4.0C; .NET4.0E)
[2018-07-18 22:27:41.134] [2018-07-18 22:27:50] Client: AzlanonPc triggered JS error: Error: El identificador URI para descodificar no tiene una codificación válida | url: http://127.0.0.1:55379/tmp7212/browserOutput.js | line: 161 | column: 2 | error: URIError: El identificador URI para descodificar no tiene una codificación válida | user agent: Mozilla/4.0 (compatible; MSIE 7.0; Windows NT 6.1; WOW64; Trident/7.0; SLCC2; .NET CLR 2.0.50727; .NET CLR 3.5.30729; .NET CLR 3.0.30729; Media Center PC 6.0; InfoPath.3; .NET4.0C; .NET4.0E)
[2018-07-18 22:42:48.392] runtime error: The ointment taking damage after deletion
[2018-07-18 22:42:48.392] proc name: stack trace (/datum/proc/stack_trace)
[2018-07-18 22:42:48.392]   source file: unsorted.dm,1243
[2018-07-18 22:42:48.392] 
[2018-07-18 22:42:48.489] runtime error: addtimer called with a callback assigned to a qdeleted object. In the future such timers will not be supported and may refuse to run or run with a 0 wait
[2018-07-18 22:42:48.489] proc name: stack trace (/proc/stack_trace)
[2018-07-18 22:42:48.489]   source file: unsorted.dm,1240
[2018-07-18 22:42:48.489] 
[2018-07-18 22:42:48.489] runtime error: addtimer called with a callback assigned to a qdeleted object. In the future such timers will not be supported and may refuse to run or run with a 0 wait
[2018-07-18 22:42:48.489] proc name: stack trace (/proc/stack_trace)
[2018-07-18 22:42:48.489]   source file: unsorted.dm,1240
[2018-07-18 22:42:48.489] 
[2018-07-18 22:42:50.311] runtime error: addtimer called with a callback assigned to a qdeleted object. In the future such timers will not be supported and may refuse to run or run with a 0 wait
[2018-07-18 22:42:50.311] proc name: stack trace (/proc/stack_trace)
[2018-07-18 22:42:50.311]   source file: unsorted.dm,1240
[2018-07-18 22:42:50.311] 
[2018-07-18 22:42:50.825] runtime error: addtimer called with a callback assigned to a qdeleted object. In the future such timers will not be supported and may refuse to run or run with a 0 wait
[2018-07-18 22:42:50.825] proc name: stack trace (/proc/stack_trace)
[2018-07-18 22:42:50.825]   source file: unsorted.dm,1240
[2018-07-18 22:42:50.825] 
[2018-07-18 22:42:51.037] runtime error: No valid destination passed into forceMove
[2018-07-18 22:42:51.037] proc name: forceMove (/atom/movable/proc/forceMove)
[2018-07-18 22:42:51.037]   source file: atoms_movable.dm,352
[2018-07-18 22:42:51.037] 
[2018-07-18 22:42:51.038] runtime error: No valid destination passed into forceMove
[2018-07-18 22:42:51.038] proc name: forceMove (/atom/movable/proc/forceMove)
[2018-07-18 22:42:51.038]   source file: atoms_movable.dm,352
[2018-07-18 22:42:51.038] 
[2018-07-18 22:42:51.038] runtime error: No valid destination passed into forceMove
[2018-07-18 22:42:51.038] proc name: forceMove (/atom/movable/proc/forceMove)
[2018-07-18 22:42:51.038]   source file: atoms_movable.dm,352
[2018-07-18 22:42:51.038] 
[2018-07-18 22:42:51.038] runtime error: No valid destination passed into forceMove
[2018-07-18 22:42:51.038] proc name: forceMove (/atom/movable/proc/forceMove)
[2018-07-18 22:42:51.038]   source file: atoms_movable.dm,352
[2018-07-18 22:42:51.038] 
[2018-07-18 22:42:51.039] runtime error: No valid destination passed into forceMove
[2018-07-18 22:42:51.039] proc name: forceMove (/atom/movable/proc/forceMove)
[2018-07-18 22:42:51.039]   source file: atoms_movable.dm,352
[2018-07-18 22:42:51.039] 
[2018-07-18 22:42:51.039] runtime error: No valid destination passed into forceMove
[2018-07-18 22:42:51.039] proc name: forceMove (/atom/movable/proc/forceMove)
[2018-07-18 22:42:51.039]   source file: atoms_movable.dm,352
[2018-07-18 22:42:51.039] 
[2018-07-18 22:42:51.039] runtime error: No valid destination passed into forceMove
[2018-07-18 22:42:51.039] proc name: forceMove (/atom/movable/proc/forceMove)
[2018-07-18 22:42:51.039]   source file: atoms_movable.dm,352
[2018-07-18 22:42:51.039] 
[2018-07-18 22:42:51.039] runtime error: No valid destination passed into forceMove
[2018-07-18 22:42:51.039] proc name: forceMove (/atom/movable/proc/forceMove)
[2018-07-18 22:42:51.040]   source file: atoms_movable.dm,352
[2018-07-18 22:42:51.040] 
[2018-07-18 22:42:51.040] runtime error: No valid destination passed into forceMove
[2018-07-18 22:42:51.040] Warning: further proc crash messages are being suppressed to prevent overload...
[2018-07-18 22:42:51.040] 
[2018-07-18 22:42:51.041] runtime error: No valid destination passed into forceMove
[2018-07-18 22:42:51.041] 
[2018-07-18 22:42:51.042] runtime error: No valid destination passed into forceMove
[2018-07-18 22:42:51.042] 
[2018-07-18 22:42:51.042] runtime error: No valid destination passed into forceMove
[2018-07-18 22:42:51.042] 
[2018-07-18 22:42:51.042] runtime error: No valid destination passed into forceMove
[2018-07-18 22:42:51.042] 
[2018-07-18 22:42:51.042] runtime error: No valid destination passed into forceMove
[2018-07-18 22:42:51.042] 
[2018-07-18 22:42:51.042] runtime error: No valid destination passed into forceMove
[2018-07-18 22:42:51.042] 
[2018-07-18 22:42:51.043] runtime error: No valid destination passed into forceMove
[2018-07-18 22:42:51.043] 
[2018-07-18 22:42:51.043] runtime error: No valid destination passed into forceMove
[2018-07-18 22:42:51.043] 
[2018-07-18 22:42:51.043] runtime error: No valid destination passed into forceMove
[2018-07-18 22:42:51.043] 
[2018-07-18 22:42:51.043] runtime error: No valid destination passed into forceMove
[2018-07-18 22:42:51.043] 
[2018-07-18 22:42:51.043] runtime error: No valid destination passed into forceMove
[2018-07-18 22:42:51.043] 
[2018-07-18 22:42:51.044] runtime error: No valid destination passed into forceMove
[2018-07-18 22:42:51.044] 
[2018-07-18 22:42:51.044] runtime error: No valid destination passed into forceMove
[2018-07-18 22:42:51.044] 
[2018-07-18 22:42:51.044] runtime error: No valid destination passed into forceMove
[2018-07-18 22:42:51.044] 
[2018-07-18 22:42:51.044] runtime error: No valid destination passed into forceMove
[2018-07-18 22:42:51.044] 
[2018-07-18 22:42:51.044] runtime error: No valid destination passed into forceMove
[2018-07-18 22:42:51.044] 
[2018-07-18 22:42:51.045] runtime error: No valid destination passed into forceMove
[2018-07-18 22:42:51.045] 
[2018-07-18 22:42:51.045] runtime error: No valid destination passed into forceMove
[2018-07-18 22:42:51.045] 
[2018-07-18 22:42:51.045] runtime error: No valid destination passed into forceMove
[2018-07-18 22:42:51.045] 
[2018-07-18 22:42:51.045] runtime error: No valid destination passed into forceMove
[2018-07-18 22:42:51.045] 
[2018-07-18 22:42:51.045] runtime error: No valid destination passed into forceMove
[2018-07-18 22:42:51.045] 
[2018-07-18 22:42:51.046] runtime error: No valid destination passed into forceMove
[2018-07-18 22:42:51.046] 
[2018-07-18 22:42:51.046] runtime error: No valid destination passed into forceMove
[2018-07-18 22:42:51.046] 
[2018-07-18 22:42:51.046] runtime error: No valid destination passed into forceMove
[2018-07-18 22:42:51.046] 
[2018-07-18 22:42:51.046] runtime error: No valid destination passed into forceMove
[2018-07-18 22:42:51.046] 
[2018-07-18 22:42:51.046] runtime error: No valid destination passed into forceMove
[2018-07-18 22:42:51.047] 
[2018-07-18 22:42:51.047] runtime error: No valid destination passed into forceMove
[2018-07-18 22:42:51.047] 
[2018-07-18 22:42:54.810] runtime error: The match taking damage after deletion
[2018-07-18 22:42:54.810] 
[2018-07-18 22:42:54.810] runtime error: The match taking damage after deletion
[2018-07-18 22:42:54.810] 
[2018-07-18 22:42:54.810] runtime error: The match taking damage after deletion
[2018-07-18 22:42:54.810] 
[2018-07-18 22:43:01.715] runtime error: addtimer called with a callback assigned to a qdeleted object. In the future such timers will not be supported and may refuse to run or run with a 0 wait
[2018-07-18 22:43:01.715] 
[2018-07-18 22:43:02.071] runtime error: addtimer called with a callback assigned to a qdeleted object. In the future such timers will not be supported and may refuse to run or run with a 0 wait
[2018-07-18 22:43:02.071] 
[2018-07-18 22:43:02.224] runtime error: addtimer called with a callback assigned to a qdeleted object. In the future such timers will not be supported and may refuse to run or run with a 0 wait
[2018-07-18 22:43:02.224] 
[2018-07-18 23:40:09.329] [2018-07-18 23:40:22] Client: SuperbDingaling triggered JS error: Error: The URI to be decoded is not a valid encoding | url: http://127.0.0.1:65288/tmp16872/browserOutput.js | line: 161 | column: 2 | error: URIError: The URI to be decoded is not a valid encoding | user agent: Mozilla/4.0 (compatible; MSIE 7.0; Windows NT 6.2; WOW64; Trident/7.0; .NET4.0C; .NET4.0E; .NET CLR 2.0.50727; .NET CLR 3.0.30729; .NET CLR 3.5.30729; ASTE)
[2018-07-18 23:40:09.330] [2018-07-18 23:40:22] Client: Bhu107 triggered JS error: Error: The URI to be decoded is not a valid encoding | url: http://127.0.0.1:53766/tmp16760/browserOutput.js | line: 161 | column: 2 | error: URIError: The URI to be decoded is not a valid encoding | user agent: Mozilla/4.0 (compatible; MSIE 7.0; Windows NT 6.2; WOW64; Trident/7.0; .NET4.0C; .NET4.0E; .NET CLR 2.0.50727; .NET CLR 3.0.30729; .NET CLR 3.5.30729)
[2018-07-18 23:40:09.332] [2018-07-18 23:40:22] Client: InternetDweller triggered JS error: Error: The URI to be decoded is not a valid encoding | url: http://127.0.0.1:65492/tmp2732/browserOutput.js | line: 161 | column: 2 | error: URIError: The URI to be decoded is not a valid encoding | user agent: Mozilla/4.0 (compatible; MSIE 7.0; Windows NT 6.2; WOW64; Trident/7.0; .NET4.0C; .NET4.0E; .NET CLR 2.0.50727; .NET CLR 3.0.30729; .NET CLR 3.5.30729)
[2018-07-18 23:40:09.334] [2018-07-18 23:40:22] Client: Enkidienne triggered JS error: Error: L'URI à décoder contient un caractère incorrect | url: http://127.0.0.1:64300/tmp16820/browserOutput.js | line: 161 | column: 2 | error: URIError: L'URI à décoder contient un caractère incorrect | user agent: Mozilla/4.0 (compatible; MSIE 7.0; Windows NT 6.2; WOW64; Trident/7.0; .NET4.0C; .NET4.0E; .NET CLR 2.0.50727; .NET CLR 3.0.30729; .NET CLR 3.5.30729)
[2018-07-18 23:40:09.366] [2018-07-18 23:40:22] Client: BuckyBoy triggered JS error: Error: The URI to be decoded is not a valid encoding | url: http://127.0.0.1:55532/tmp13036/browserOutput.js | line: 161 | column: 2 | error: URIError: The URI to be decoded is not a valid encoding | user agent: Mozilla/4.0 (compatible; MSIE 7.0; Windows NT 6.2; WOW64; Trident/7.0; .NET4.0C; .NET4.0E; .NET CLR 2.0.50727; .NET CLR 3.0.30729; .NET CLR 3.5.30729)
[2018-07-18 23:40:09.376] [2018-07-18 23:40:22] Client: CthulhuOnIce triggered JS error: Error: The URI to be decoded is not a valid encoding | url: http://127.0.0.1:53901/tmp7144/browserOutput.js | line: 161 | column: 2 | error: URIError: The URI to be decoded is not a valid encoding | user agent: Mozilla/4.0 (compatible; MSIE 7.0; Windows NT 6.2; WOW64; Trident/7.0; .NET4.0C; .NET4.0E; .NET CLR 2.0.50727; .NET CLR 3.0.30729; .NET CLR 3.5.30729; Tablet PC 2.0)
[2018-07-18 23:40:09.430] [2018-07-18 23:40:22] Client: BoxxyBooty triggered JS error: Error: The URI to be decoded is not a valid encoding | url: http://127.0.0.1:50565/tmp540/browserOutput.js | line: 161 | column: 2 | error: URIError: The URI to be decoded is not a valid encoding | user agent: Mozilla/4.0 (compatible; MSIE 7.0; Windows NT 6.2; WOW64; Trident/7.0; .NET4.0C; .NET4.0E; .NET CLR 2.0.50727; .NET CLR 3.0.30729; .NET CLR 3.5.30729; Tablet PC 2.0)
[2018-07-18 23:40:09.550] [2018-07-18 23:40:22] Client: Mynameajeff triggered JS error: Error: The URI to be decoded is not a valid encoding | url: http://127.0.0.1:62058/tmp14000/browserOutput.js | line: 161 | column: 2 | error: URIError: The URI to be decoded is not a valid encoding | user agent: Mozilla/4.0 (compatible; MSIE 7.0; Windows NT 6.2; WOW64; Trident/7.0; .NET4.0C; .NET4.0E; .NET CLR 2.0.50727; .NET CLR 3.0.30729; .NET CLR 3.5.30729)
[2018-07-18 23:40:09.600] [2018-07-18 23:40:22] Client: AzlanonPc triggered JS error: Error: El identificador URI para descodificar no tiene una codificación válida | url: http://127.0.0.1:55379/tmp7212/browserOutput.js | line: 161 | column: 2 | error: URIError: El identificador URI para descodificar no tiene una codificación válida | user agent: Mozilla/4.0 (compatible; MSIE 7.0; Windows NT 6.1; WOW64; Trident/7.0; SLCC2; .NET CLR 2.0.50727; .NET CLR 3.5.30729; .NET CLR 3.0.30729; Media Center PC 6.0; InfoPath.3; .NET4.0C; .NET4.0E)
[2018-07-18 23:43:12.964] Saved 12 engraved messages on map Box Station
[2018-07-18 23:44:48.933] Shutting down Persistence subsystem...
[2018-07-18 23:44:48.933] Shutting down Pathfinder subsystem...
[2018-07-18 23:44:48.933] Shutting down Squeak subsystem...
[2018-07-18 23:44:48.933] Shutting down Shuttle subsystem...
[2018-07-18 23:44:48.933] Shutting down Lighting subsystem...
[2018-07-18 23:44:48.933] Shutting down XKeyScore subsystem...
[2018-07-18 23:44:48.933] Shutting down Sticky Ban subsystem...
[2018-07-18 23:44:48.933] Shutting down Overlay subsystem...
[2018-07-18 23:44:48.977] Shutting down Icon Smoothing subsystem...
[2018-07-18 23:44:48.977] Shutting down Assets subsystem...
[2018-07-18 23:44:48.977] Shutting down Minimap subsystem...
[2018-07-18 23:44:48.977] Shutting down Atmospherics subsystem...
[2018-07-18 23:44:48.977] Shutting down Wet floors subsystem...
[2018-07-18 23:44:48.977] Shutting down Weather subsystem...
[2018-07-18 23:44:48.977] Shutting down Vote subsystem...
[2018-07-18 23:44:48.977] Shutting down Traumas subsystem...
[2018-07-18 23:44:48.977] Shutting down Title Screen subsystem...
[2018-07-18 23:44:48.978] Shutting down Time Tracking subsystem...
[2018-07-18 23:44:48.978] Shutting down Throwing subsystem...
[2018-07-18 23:44:48.978] Shutting down tgui subsystem...
[2018-07-18 23:44:48.978] Shutting down Sun subsystem...
[2018-07-18 23:44:48.978] Shutting down Space Drift subsystem...
[2018-07-18 23:44:48.978] Shutting down Religion subsystem...
[2018-07-18 23:44:48.978] Shutting down Radio subsystem...
[2018-07-18 23:44:48.978] Shutting down Radiation subsystem...
[2018-07-18 23:44:48.978] Shutting down Projectiles subsystem...
[2018-07-18 23:44:48.978] Shutting down Processing subsystem...
[2018-07-18 23:44:48.978] Shutting down Ping subsystem...
[2018-07-18 23:44:48.978] Shutting down Parallax subsystem...
[2018-07-18 23:44:48.978] Shutting down pAI subsystem...
[2018-07-18 23:44:48.978] Shutting down Orbits subsystem...
[2018-07-18 23:44:48.978] Shutting down Objects subsystem...
[2018-07-18 23:44:48.978] Shutting down NPC Pool subsystem...
[2018-07-18 23:44:48.978] Shutting down Night Shift subsystem...
[2018-07-18 23:44:48.978] Shutting down Mood subsystem...
[2018-07-18 23:44:48.978] Shutting down Mobs subsystem...
[2018-07-18 23:44:48.978] Shutting down Medals subsystem...
[2018-07-18 23:44:48.978] Shutting down Idling NPC Pool subsystem...
[2018-07-18 23:44:48.978] Shutting down Flightpack Movement subsystem...
[2018-07-18 23:44:48.978] Shutting down Fire Burning subsystem...
[2018-07-18 23:44:48.979] Shutting down Fields subsystem...
[2018-07-18 23:44:48.979] Shutting down Fast Processing subsystem...
[2018-07-18 23:44:48.979] Shutting down Disease subsystem...
[2018-07-18 23:44:48.979] Shutting down Datum Component System subsystem...
[2018-07-18 23:44:48.979] Shutting down Communications subsystem...
[2018-07-18 23:44:48.979] Shutting down Augury subsystem...
[2018-07-18 23:44:48.979] Shutting down Acid subsystem...
[2018-07-18 23:44:48.979] Shutting down Timer subsystem...
[2018-07-18 23:44:48.979] Shutting down Circuit subsystem...
[2018-07-18 23:44:48.979] Shutting down Machines subsystem...
[2018-07-18 23:44:48.979] Shutting down Language subsystem...
[2018-07-18 23:44:48.979] Shutting down Atoms subsystem...
[2018-07-18 23:44:48.980] Shutting down Networks subsystem...
[2018-07-18 23:44:48.980] Shutting down Mapping subsystem...
[2018-07-18 23:44:48.980] Shutting down Ticker subsystem...
[2018-07-18 23:44:49.101] Shutting down Quirks subsystem...
[2018-07-18 23:44:49.101] Shutting down Jobs subsystem...
[2018-07-18 23:44:49.101] Shutting down Events subsystem...
[2018-07-18 23:44:49.101] Shutting down Research subsystem...
[2018-07-18 23:44:49.101] Shutting down Input subsystem...
[2018-07-18 23:44:49.101] Shutting down Server Tasks subsystem...
[2018-07-18 23:44:49.101] Shutting down Blackbox subsystem...
[2018-07-18 23:44:49.216] Shutting down Database subsystem...
[2018-07-18 23:44:49.252] Shutting down Garbage subsystem...
[2018-07-18 23:44:49.372] Shutdown complete
[2018-07-18 23:44:49.372] World rebooted at 23:44:49
