[2018-07-03 15:30:38.449] Running /tg/ revision:
[2018-07-03 15:30:38.450] f14612d9d383cf5bb60eeb9045c0c62343f0a365: 2018-07-03
[2018-07-03 15:30:38.450] runtime error: list index out of bounds
[2018-07-03 15:30:38.450] proc name: New (/datum/getrev/New)
[2018-07-03 15:30:38.451]   source file: getrev.dm,18
[2018-07-03 15:30:38.451]   usr: null
[2018-07-03 15:30:38.451]   src: /datum/getrev (/datum/getrev)
[2018-07-03 15:30:38.451]   call stack:
[2018-07-03 15:30:38.451] /datum/getrev (/datum/getrev): New()
[2018-07-03 15:30:38.451] world: New()
[2018-07-03 15:30:38.451] 
[2018-07-03 15:30:38.456] Loading config file config.txt...
[2018-07-03 15:30:38.457] Loading config file game_options.txt...
[2018-07-03 15:30:38.458] Unknown setting in configuration: 'w##'
[2018-07-03 15:30:38.460] Failed to validate setting "DOUBLE_AGENTS 25" for min_pop
[2018-07-03 15:30:38.460] Failed to validate setting "DOUBLE_AGENTS -1" for max_pop
[2018-07-03 15:30:38.462] Loading config file dbconfig.txt...
[2018-07-03 15:30:38.462] Loading config file comms.txt...
[2018-07-03 15:30:38.462] Unknown setting in configuration: 'donatecolor'
[2018-07-03 15:30:38.463] Unknown setting in configuration: 'diamonddonatecolor'
[2018-07-03 15:30:38.463] Unknown setting in configuration: 'donateurl'
[2018-07-03 15:30:38.464] Loading config file maps.txt...
[2018-07-03 15:30:38.651] Database connection established.
[2018-07-03 15:30:38.684] SQL: Could not get schema version from database
