

Starting up round ID 234. 22:06:29
---------------------
Initialized Database subsystem within 0 seconds!
Initialized Blackbox subsystem within 0 seconds!
Initialized Server Tasks subsystem within 0 seconds!
Initialized Input subsystem within 0 seconds!
Initialized Research subsystem within 0 seconds!
Initialized Events subsystem within 0 seconds!
Initialized Jobs subsystem within 0 seconds!
Initialized Traits subsystem within 0 seconds!
Initialized Ticker subsystem within 0 seconds!
Loading Box Station...
Loaded Station in 6.3s!
Loaded Lavaland in 5s!
Loaded Reebe in 4.7s!
Ruin loader finished with 0 left to spend.
Ruin loader finished with 0 left to spend.
Initialized Mapping subsystem within 23.5 seconds!
Initialized Networks subsystem within 0 seconds!
Initialized Atoms subsystem within 46.6 seconds!
Initialized Language subsystem within 0 seconds!
Initialized Machines subsystem within 0.3 seconds!
Initialized Circuit subsystem within 0.1 seconds!
Initialized Disease subsystem within 0 seconds!
Initialized Medals subsystem within 0 seconds!
Initialized Night Shift subsystem within 0 seconds!
Initialized Parallax subsystem within 0 seconds!
Initialized Traumas subsystem within 0.1 seconds!
Initialized Weather subsystem within 0 seconds!
## WARNING: There are 2 active turfs at roundstart, this is a mapping error caused by a difference of the air between the adjacent turfs. You can see its coordinates using "Mapping -> Show roundstart AT list" verb (debug verbs required)
## WARNING: HEY! LISTEN! 1 second were wasted processing 2 turf(s) (connected to 19714 other turfs) with atmos differences at round start.
Initialized Atmospherics subsystem within 14.1 seconds!
Initialized Minimap subsystem within 0.1 seconds!
Initialized Assets subsystem within 0.8 seconds!
Initialized Icon Smoothing subsystem within 6.4 seconds!
Initialized Overlay subsystem within 20 seconds!
Initialized XKeyScore subsystem within 0 seconds!
Initialized Sticky Ban subsystem within 0 seconds!
Initialized Lighting subsystem within 12.1 seconds!
Initialized Shuttle subsystem within 21.5 seconds!
Initialized Squeak subsystem within 0.1 seconds!
Initialized pathfinder subsystem within 0 seconds!
Loaded 0 engraved messages on map Box Station
Initialized Persistence subsystem within 0 seconds!
Initializations complete within 146.1 seconds!
Game start took 17.1s
runtime error: 
[22:13:15]nothing to animate
[22:13:15]proc name: shake camera (/proc/shake_camera)
[22:13:15]  source file: mob_helpers.dm,270
[22:13:15]  usr: (src)
[22:13:15]  src: null
[22:13:15]  call stack:
[22:13:15]shake camera(Kennard Teagarden (/mob/living/carbon/human), 0.75, 1)
[22:13:15]Kennard Teagarden (/mob/living/carbon/human): afterShuttleMove(space (50,20,13) (/turf/open/space/transit/north), /list (/list), 8, 1, 1, 0)
[22:13:15]Kennard Teagarden (/mob/living/carbon/human): afterShuttleMove(space (50,20,13) (/turf/open/space/transit/north), /list (/list), 8, 1, 1, 0)
[22:13:15]the mining shuttle (/obj/docking_port/mobile): cleanup runway(the lavaland mine (/obj/docking_port/stationary), /list (/list), /list (/list), /list (/list), /list (/list), 0, 1, Space (/area/space), /turf/open/space/transit/north (/turf/open/space/transit/north), /turf/open/space (/turf/open/space))
[22:13:15]the mining shuttle (/obj/docking_port/mobile): initiate docking(the lavaland mine (/obj/docking_port/stationary), 1, 0)
[22:13:15]the mining shuttle (/obj/docking_port/mobile): check()
[22:13:15]Shuttle (/datum/controller/subsystem/shuttle): fire(0)
[22:13:15]Shuttle (/datum/controller/subsystem/shuttle): ignite(0)
runtime error: 
[22:13:35]nothing to animate
[22:13:35]proc name: shake camera (/proc/shake_camera)
[22:13:35]  source file: mob_helpers.dm,270
[22:13:35]  usr: (src)
[22:13:35]  src: null
[22:13:35]  call stack:
[22:13:35]shake camera(Nelle Ringer (/mob/living/carbon/human), 0.75, 1)
[22:13:35]Nelle Ringer (/mob/living/carbon/human): afterShuttleMove(space (23,19,13) (/turf/open/space/transit/west), /list (/list), 8, 8, 8, 0)
[22:13:35]Nelle Ringer (/mob/living/carbon/human): afterShuttleMove(space (23,19,13) (/turf/open/space/transit/west), /list (/list), 8, 8, 8, 0)
[22:13:35]the arrivals shuttle (/obj/docking_port/mobile/arrivals): cleanup runway(the arrivals (/obj/docking_port/stationary), /list (/list), /list (/list), /list (/list), /list (/list), 0, 8, Space (/area/space), /turf/open/space/transit/west (/turf/open/space/transit/west), /turf/open/space (/turf/open/space))
[22:13:35]the arrivals shuttle (/obj/docking_port/mobile/arrivals): initiate docking(the arrivals (/obj/docking_port/stationary), 8, 0)
[22:13:35]the arrivals shuttle (/obj/docking_port/mobile/arrivals): initiate docking(the arrivals (/obj/docking_port/stationary), 8)
[22:13:35]the arrivals shuttle (/obj/docking_port/mobile/arrivals): check()
[22:13:35]the arrivals shuttle (/obj/docking_port/mobile/arrivals): check()
[22:13:35]Shuttle (/datum/controller/subsystem/shuttle): fire(0)
[22:13:35]Shuttle (/datum/controller/subsystem/shuttle): ignite(0)
runtime error: 
[22:14:06]nothing to animate
[22:14:06]proc name: shake camera (/proc/shake_camera)
[22:14:06]  source file: mob_helpers.dm,270
[22:14:06]  usr: (src)
[22:14:06]  src: null
[22:14:06]  call stack:
[22:14:06]shake camera(Mariana Martins (/mob/living/carbon/human), 0.75, 1)
[22:14:06]Mariana Martins (/mob/living/carbon/human): afterShuttleMove(space (23,20,13) (/turf/open/space/transit/west), /list (/list), 8, 8, 8, 0)
[22:14:06]Mariana Martins (/mob/living/carbon/human): afterShuttleMove(space (23,20,13) (/turf/open/space/transit/west), /list (/list), 8, 8, 8, 0)
[22:14:06]the arrivals shuttle (/obj/docking_port/mobile/arrivals): cleanup runway(the arrivals (/obj/docking_port/stationary), /list (/list), /list (/list), /list (/list), /list (/list), 0, 8, Space (/area/space), /turf/open/space/transit/west (/turf/open/space/transit/west), /turf/open/space (/turf/open/space))
[22:14:06]the arrivals shuttle (/obj/docking_port/mobile/arrivals): initiate docking(the arrivals (/obj/docking_port/stationary), 8, 0)
[22:14:06]the arrivals shuttle (/obj/docking_port/mobile/arrivals): initiate docking(the arrivals (/obj/docking_port/stationary), 8)
[22:14:06]the arrivals shuttle (/obj/docking_port/mobile/arrivals): check()
[22:14:06]the arrivals shuttle (/obj/docking_port/mobile/arrivals): check()
[22:14:06]Shuttle (/datum/controller/subsystem/shuttle): fire(0)
[22:14:06]Shuttle (/datum/controller/subsystem/shuttle): ignite(0)
runtime error: 
[22:14:33]nothing to animate
[22:14:33]proc name: shake camera (/proc/shake_camera)
[22:14:33]  source file: mob_helpers.dm,270
[22:14:33]  usr: (src)
[22:14:33]  src: null
[22:14:33]  call stack:
[22:14:33]shake camera(Christopher Odd (/mob/living/carbon/human), 0.75, 1)
[22:14:33]Christopher Odd (/mob/living/carbon/human): afterShuttleMove(space (23,20,13) (/turf/open/space/transit/west), /list (/list), 8, 8, 8, 0)
[22:14:33]Christopher Odd (/mob/living/carbon/human): afterShuttleMove(space (23,20,13) (/turf/open/space/transit/west), /list (/list), 8, 8, 8, 0)
[22:14:33]the arrivals shuttle (/obj/docking_port/mobile/arrivals): cleanup runway(the arrivals (/obj/docking_port/stationary), /list (/list), /list (/list), /list (/list), /list (/list), 0, 8, Space (/area/space), /turf/open/space/transit/west (/turf/open/space/transit/west), /turf/open/space (/turf/open/space))
[22:14:33]the arrivals shuttle (/obj/docking_port/mobile/arrivals): initiate docking(the arrivals (/obj/docking_port/stationary), 8, 0)
[22:14:33]the arrivals shuttle (/obj/docking_port/mobile/arrivals): initiate docking(the arrivals (/obj/docking_port/stationary), 8)
[22:14:33]the arrivals shuttle (/obj/docking_port/mobile/arrivals): check()
[22:14:33]the arrivals shuttle (/obj/docking_port/mobile/arrivals): check()
[22:14:33]Shuttle (/datum/controller/subsystem/shuttle): fire(0)
[22:14:33]Shuttle (/datum/controller/subsystem/shuttle): ignite(0)
runtime error: 
[22:15:14]Cannot read null.client
[22:15:14]proc name: remove from client (/datum/action/vote/proc/remove_from_client)
[22:15:14]  source file: vote.dm,321
[22:15:14]  usr: null
[22:15:14]  src: Vote: zombies now that im back... (/datum/action/vote)
[22:15:14]  call stack:
[22:15:14]Vote: zombies now that im back... (/datum/action/vote): remove from client()
[22:15:14]Vote (/datum/controller/subsystem/vote): remove action buttons()
[22:15:14]Vote (/datum/controller/subsystem/vote): announce result()
[22:15:14]Vote (/datum/controller/subsystem/vote): result()
[22:15:14]Vote (/datum/controller/subsystem/vote): fire(0)
[22:15:14]Vote (/datum/controller/subsystem/vote): ignite(0)
[22:15:14]Master (/datum/controller/master): RunQueue()
[22:15:14]Master (/datum/controller/master): Loop()
[22:15:14]Master (/datum/controller/master): StartProcessing(0)
runtime error: 
[22:15:14]Cannot read null.client
[22:15:14]proc name: remove from client (/datum/action/vote/proc/remove_from_client)
[22:15:14]  source file: vote.dm,321
[22:15:14]  usr: null
[22:15:14]  src: Vote: zombies now that im back... (/datum/action/vote)
[22:15:14]  call stack:
[22:15:14]Vote: zombies now that im back... (/datum/action/vote): remove from client()
[22:15:14]Vote (/datum/controller/subsystem/vote): remove action buttons()
[22:15:14]Vote (/datum/controller/subsystem/vote): announce result()
[22:15:14]Vote (/datum/controller/subsystem/vote): result()
[22:15:14]Vote (/datum/controller/subsystem/vote): fire(0)
[22:15:14]Vote (/datum/controller/subsystem/vote): ignite(0)
[22:15:14]Master (/datum/controller/master): RunQueue()
[22:15:14]Master (/datum/controller/master): Loop()
[22:15:14]Master (/datum/controller/master): StartProcessing(0)
runtime error: 
[22:15:14]Cannot read null.client
[22:15:14]proc name: remove from client (/datum/action/vote/proc/remove_from_client)
[22:15:14]  source file: vote.dm,321
[22:15:14]  usr: null
[22:15:14]  src: Vote: zombies now that im back... (/datum/action/vote)
[22:15:14]  call stack:
[22:15:14]Vote: zombies now that im back... (/datum/action/vote): remove from client()
[22:15:14]Vote (/datum/controller/subsystem/vote): remove action buttons()
[22:15:14]Vote (/datum/controller/subsystem/vote): announce result()
[22:15:14]Vote (/datum/controller/subsystem/vote): result()
[22:15:14]Vote (/datum/controller/subsystem/vote): fire(0)
[22:15:14]Vote (/datum/controller/subsystem/vote): ignite(0)
[22:15:14]Master (/datum/controller/master): RunQueue()
[22:15:14]Master (/datum/controller/master): Loop()
[22:15:14]Master (/datum/controller/master): StartProcessing(0)
runtime error: 
[22:20:23]nothing to animate
[22:20:23]proc name: shake camera (/proc/shake_camera)
[22:20:23]  source file: mob_helpers.dm,270
[22:20:23]  usr: (src)
[22:20:23]  src: null
[22:20:23]  call stack:
[22:20:23]shake camera(Finn Fea (/mob/living/carbon/human), 0.75, 1)
[22:20:23]Finn Fea (/mob/living/carbon/human): afterShuttleMove(space (23,20,13) (/turf/open/space/transit/west), /list (/list), 8, 8, 8, 0)
[22:20:23]Finn Fea (/mob/living/carbon/human): afterShuttleMove(space (23,20,13) (/turf/open/space/transit/west), /list (/list), 8, 8, 8, 0)
[22:20:23]the arrivals shuttle (/obj/docking_port/mobile/arrivals): cleanup runway(the arrivals (/obj/docking_port/stationary), /list (/list), /list (/list), /list (/list), /list (/list), 0, 8, Space (/area/space), /turf/open/space/transit/west (/turf/open/space/transit/west), /turf/open/space (/turf/open/space))
[22:20:23]the arrivals shuttle (/obj/docking_port/mobile/arrivals): initiate docking(the arrivals (/obj/docking_port/stationary), 8, 0)
[22:20:23]the arrivals shuttle (/obj/docking_port/mobile/arrivals): initiate docking(the arrivals (/obj/docking_port/stationary), 8)
[22:20:23]the arrivals shuttle (/obj/docking_port/mobile/arrivals): check()
[22:20:23]the arrivals shuttle (/obj/docking_port/mobile/arrivals): check()
[22:20:23]Shuttle (/datum/controller/subsystem/shuttle): fire(0)
[22:20:23]Shuttle (/datum/controller/subsystem/shuttle): ignite(0)
runtime error: 
[22:21:59]nothing to animate
[22:21:59]proc name: shake camera (/proc/shake_camera)
[22:21:59]  source file: mob_helpers.dm,270
[22:21:59]  usr: (src)
[22:21:59]  src: null
[22:21:59]  call stack:
[22:21:59]shake camera(Kennard Teagarden (/mob/living/carbon/human), 0.75, 1)
[22:21:59]Kennard Teagarden (/mob/living/carbon/human): afterShuttleMove(space (50,20,13) (/turf/open/space/transit/north), /list (/list), 8, 1, 1, 0)
[22:21:59]Kennard Teagarden (/mob/living/carbon/human): afterShuttleMove(space (50,20,13) (/turf/open/space/transit/north), /list (/list), 8, 1, 1, 0)
[22:21:59]the mining shuttle (/obj/docking_port/mobile): cleanup runway(the mining shuttle bay (/obj/docking_port/stationary), /list (/list), /list (/list), /list (/list), /list (/list), 0, 1, Space (/area/space), /turf/open/space/transit/north (/turf/open/space/transit/north), /turf/open/space (/turf/open/space))
[22:21:59]the mining shuttle (/obj/docking_port/mobile): initiate docking(the mining shuttle bay (/obj/docking_port/stationary), 1, 0)
[22:21:59]the mining shuttle (/obj/docking_port/mobile): check()
[22:21:59]Shuttle (/datum/controller/subsystem/shuttle): fire(0)
[22:21:59]Shuttle (/datum/controller/subsystem/shuttle): ignite(0)
runtime error: 
[22:29:32]Cannot read null.loc
[22:29:32]proc name: update parallax (/datum/hud/proc/update_parallax)
[22:29:32]  source file: parallax.dm,170
[22:29:32]  usr: Gladwyn Feufer (/mob/living/carbon/human)
[22:29:32]  src: /datum/hud/human (/datum/hud/human)
[22:29:32]  usr.loc: the floor (144,157,2) (/turf/open/floor/holofloor)
[22:29:32]  call stack:
[22:29:32]/datum/hud/human (/datum/hud/human): update parallax()
[22:29:32]/datum/hud/human (/datum/hud/human): update parallax pref(Gladwyn Feufer (/mob/living/carbon/human))
[22:29:32]/datum/hud/human (/datum/hud/human): show hud(1, null)
[22:29:32]/datum/hud/human (/datum/hud/human): show hud(1, null)
[22:29:32]Gladwyn Feufer (/mob/living/carbon/human): Login()
[22:29:32]Gladwyn Feufer (/mob/living/carbon/human): Login()
[22:29:32]Gladwyn Feufer (/datum/mind): transfer to(Gladwyn Feufer (/mob/living/carbon/human), 0)
[22:29:32]the brain (/obj/item/organ/brain): Insert(Gladwyn Feufer (/mob/living/carbon/human), 0, 0)
[22:29:32]manipulate organs (/datum/surgery_step/manipulate_organs): success(Tends-the-Garden (/mob/living/carbon/human), Gladwyn Feufer (/mob/living/carbon/human), "head", the brain (/obj/item/organ/brain), organ manipulation (/datum/surgery/organ_manipulation))
[22:29:32]manipulate organs (/datum/surgery_step/manipulate_organs): initiate(Tends-the-Garden (/mob/living/carbon/human), Gladwyn Feufer (/mob/living/carbon/human), "head", the brain (/obj/item/organ/brain), organ manipulation (/datum/surgery/organ_manipulation), 0)
[22:29:32]manipulate organs (/datum/surgery_step/manipulate_organs): try op(Tends-the-Garden (/mob/living/carbon/human), Gladwyn Feufer (/mob/living/carbon/human), "head", the brain (/obj/item/organ/brain), organ manipulation (/datum/surgery/organ_manipulation), 0)
[22:29:32]organ manipulation (/datum/surgery/organ_manipulation): next step(Tends-the-Garden (/mob/living/carbon/human), null)
[22:29:32]Gladwyn Feufer (/mob/living/carbon/human): attackby(the brain (/obj/item/organ/brain), Tends-the-Garden (/mob/living/carbon/human), "icon-x=12;icon-y=21;left=1;scr...")
[22:29:32]the brain (/obj/item/organ/brain): melee attack chain(Tends-the-Garden (/mob/living/carbon/human), Gladwyn Feufer (/mob/living/carbon/human), "icon-x=12;icon-y=21;left=1;scr...")
[22:29:32]Tends-the-Garden (/mob/living/carbon/human): ClickOn(Gladwyn Feufer (/mob/living/carbon/human), "icon-x=12;icon-y=21;left=1;scr...")
[22:29:32]Gladwyn Feufer (/mob/living/carbon/human): Click(the floor (144,157,2) (/turf/open/floor/holofloor), "mapwindow.map", "icon-x=12;icon-y=21;left=1;scr...")
runtime error: 
[22:32:28]nothing to animate
[22:32:28]proc name: shake camera (/proc/shake_camera)
[22:32:28]  source file: mob_helpers.dm,270
[22:32:28]  usr: (src)
[22:32:28]  src: null
[22:32:28]  call stack:
[22:32:28]shake camera(Barry Kingnes (/mob/living/carbon/human), 0.75, 1)
[22:32:28]Barry Kingnes (/mob/living/carbon/human): afterShuttleMove(space (17,20,13) (/turf/open/space/transit/west), /list (/list), 8, 8, 8, 0)
[22:32:28]Barry Kingnes (/mob/living/carbon/human): afterShuttleMove(space (17,20,13) (/turf/open/space/transit/west), /list (/list), 8, 8, 8, 0)
[22:32:28]the arrivals shuttle (/obj/docking_port/mobile/arrivals): cleanup runway(the arrivals (/obj/docking_port/stationary), /list (/list), /list (/list), /list (/list), /list (/list), 0, 8, Space (/area/space), /turf/open/space/transit/west (/turf/open/space/transit/west), /turf/open/space (/turf/open/space))
[22:32:28]the arrivals shuttle (/obj/docking_port/mobile/arrivals): initiate docking(the arrivals (/obj/docking_port/stationary), 8, 0)
[22:32:28]the arrivals shuttle (/obj/docking_port/mobile/arrivals): initiate docking(the arrivals (/obj/docking_port/stationary), 8)
[22:32:28]the arrivals shuttle (/obj/docking_port/mobile/arrivals): check()
[22:32:28]the arrivals shuttle (/obj/docking_port/mobile/arrivals): check()
[22:32:28]Shuttle (/datum/controller/subsystem/shuttle): fire(0)
[22:32:28]Shuttle (/datum/controller/subsystem/shuttle): ignite(0)
runtime error: 
[22:33:31]nothing to animate
[22:33:31]proc name: shake camera (/proc/shake_camera)
[22:33:31]  source file: mob_helpers.dm,270
[22:33:31]  usr: (src)
[22:33:31]  src: null
[22:33:31]  call stack:
[22:33:31]shake camera(Vadilson (/mob/living/carbon/human), 0.75, 1)
[22:33:31]Vadilson (/mob/living/carbon/human): afterShuttleMove(space (27,19,13) (/turf/open/space/transit/west), /list (/list), 8, 8, 8, 0)
[22:33:31]Vadilson (/mob/living/carbon/human): afterShuttleMove(space (27,19,13) (/turf/open/space/transit/west), /list (/list), 8, 8, 8, 0)
[22:33:31]the arrivals shuttle (/obj/docking_port/mobile/arrivals): cleanup runway(the arrivals (/obj/docking_port/stationary), /list (/list), /list (/list), /list (/list), /list (/list), 0, 8, Space (/area/space), /turf/open/space/transit/west (/turf/open/space/transit/west), /turf/open/space (/turf/open/space))
[22:33:31]the arrivals shuttle (/obj/docking_port/mobile/arrivals): initiate docking(the arrivals (/obj/docking_port/stationary), 8, 0)
[22:33:31]the arrivals shuttle (/obj/docking_port/mobile/arrivals): initiate docking(the arrivals (/obj/docking_port/stationary), 8)
[22:33:31]the arrivals shuttle (/obj/docking_port/mobile/arrivals): check()
[22:33:31]the arrivals shuttle (/obj/docking_port/mobile/arrivals): check()
[22:33:31]Shuttle (/datum/controller/subsystem/shuttle): fire(0)
[22:33:31]Shuttle (/datum/controller/subsystem/shuttle): ignite(0)
runtime error: 
[22:40:41]nothing to animate
[22:40:41]proc name: shake camera (/proc/shake_camera)
[22:40:41]  source file: mob_helpers.dm,270
[22:40:41]  usr: (src)
[22:40:41]  src: null
[22:40:41]  call stack:
[22:40:41]shake camera(Elliott Hastings (/mob/living/carbon/human), 0.75, 1)
[22:40:41]Elliott Hastings (/mob/living/carbon/human): afterShuttleMove(space (23,18,13) (/turf/open/space/transit/west), /list (/list), 8, 8, 8, 0)
[22:40:41]Elliott Hastings (/mob/living/carbon/human): afterShuttleMove(space (23,18,13) (/turf/open/space/transit/west), /list (/list), 8, 8, 8, 0)
[22:40:41]the arrivals shuttle (/obj/docking_port/mobile/arrivals): cleanup runway(the arrivals (/obj/docking_port/stationary), /list (/list), /list (/list), /list (/list), /list (/list), 0, 8, Space (/area/space), /turf/open/space/transit/west (/turf/open/space/transit/west), /turf/open/space (/turf/open/space))
[22:40:41]the arrivals shuttle (/obj/docking_port/mobile/arrivals): initiate docking(the arrivals (/obj/docking_port/stationary), 8, 0)
[22:40:41]the arrivals shuttle (/obj/docking_port/mobile/arrivals): initiate docking(the arrivals (/obj/docking_port/stationary), 8)
[22:40:41]the arrivals shuttle (/obj/docking_port/mobile/arrivals): check()
[22:40:41]the arrivals shuttle (/obj/docking_port/mobile/arrivals): check()
[22:40:41]Shuttle (/datum/controller/subsystem/shuttle): fire(0)
[22:40:41]Shuttle (/datum/controller/subsystem/shuttle): ignite(0)
runtime error: 
[22:44:03]Cannot read null.loc
[22:44:03]proc name: update parallax (/datum/hud/proc/update_parallax)
[22:44:03]  source file: parallax.dm,170
[22:44:03]  usr: Jim Cox (/mob/living/brain)
[22:44:03]  src: /datum/hud (/datum/hud)
[22:44:03]  usr.loc: Jim Cox\'s brain (/obj/item/organ/brain)
[22:44:03]  call stack:
[22:44:03]/datum/hud (/datum/hud): update parallax()
[22:44:03]/datum/hud (/datum/hud): update parallax pref(Jim Cox (/mob/living/brain))
[22:44:03]/datum/hud (/datum/hud): show hud(1, null)
[22:44:03]Jim Cox (/mob/living/brain): Login()
[22:44:03]Jim Cox (/mob/living/brain): Login()
[22:44:03]Jim Cox (/datum/mind): transfer to(Jim Cox (/mob/living/brain), 0)
[22:44:03]Jim Cox\'s brain (/obj/item/organ/brain): transfer identity(Jim Cox (/mob/living/carbon/human))
[22:44:03]Jim Cox\'s brain (/obj/item/organ/brain): Remove(Jim Cox (/mob/living/carbon/human), 0, 0)
[22:44:03]Jim Cox\'s brain (/obj/item/organ/brain): transfer to limb(Jim Cox\'s head (/obj/item/bodypart/head), Jim Cox (/mob/living/carbon/human))
[22:44:03]Jim Cox\'s head (/obj/item/bodypart/head): drop limb(null)
[22:44:03]Jim Cox\'s head (/obj/item/bodypart/head): drop limb(null)
[22:44:03]Jim Cox\'s head (/obj/item/bodypart/head): dismember("brute")
[22:44:03]Infectious Zombie (/datum/species/zombie/infectious): spec attacked by(the officer\'s sabre (/obj/item/melee/sabre), James Drew (/mob/living/carbon/human), Jim Cox\'s head (/obj/item/bodypart/head), "harm", Jim Cox (/mob/living/carbon/human))
[22:44:03]Jim Cox (/mob/living/carbon/human): attacked by(the officer\'s sabre (/obj/item/melee/sabre), James Drew (/mob/living/carbon/human))
[22:44:03]the officer\'s sabre (/obj/item/melee/sabre): attack(Jim Cox (/mob/living/carbon/human), James Drew (/mob/living/carbon/human))
[22:44:03]Jim Cox (/mob/living/carbon/human): attackby(the officer\'s sabre (/obj/item/melee/sabre), James Drew (/mob/living/carbon/human), "icon-x=18;icon-y=18;left=1;scr...")
[22:44:03]Jim Cox (/mob/living/carbon/human): attackby(the officer\'s sabre (/obj/item/melee/sabre), James Drew (/mob/living/carbon/human), "icon-x=18;icon-y=18;left=1;scr...")
[22:44:03]the officer\'s sabre (/obj/item/melee/sabre): melee attack chain(James Drew (/mob/living/carbon/human), Jim Cox (/mob/living/carbon/human), "icon-x=18;icon-y=18;left=1;scr...")
[22:44:03]James Drew (/mob/living/carbon/human): ClickOn(Jim Cox (/mob/living/carbon/human), "icon-x=18;icon-y=18;left=1;scr...")
[22:44:03]Jim Cox (/mob/living/carbon/human): Click(the floor (104,145,2) (/turf/open/floor/plasteel), "mapwindow.map", "icon-x=18;icon-y=18;left=1;scr...")
runtime error: 
[22:47:24]pick() from empty list
[22:47:24]proc name: ui act (/datum/spawners_menu/ui_act)
[22:47:24]  source file: spawners_menu.dm,41
[22:47:24]  usr: Jim Cox (/mob/dead/observer)
[22:47:24]  src: /datum/spawners_menu (/datum/spawners_menu)
[22:47:24]  usr.loc: the cogplate (119,168,6) (/turf/open/floor/clockwork/reebe)
[22:47:24]  call stack:
[22:47:24]/datum/spawners_menu (/datum/spawners_menu): ui act("spawn", /list (/list), /datum/tgui (/datum/tgui), /datum/ui_state/observer_state (/datum/ui_state/observer_state))
[22:47:24]/datum/tgui (/datum/tgui): Topic("src=%5B0x2100c7a5%5D&action=sp...", /list (/list))
[22:47:24]Chuchundra3 (/client): Topic("src=%5B0x2100c7a5%5D&action=sp...", /list (/list), /datum/tgui (/datum/tgui))
[22:47:24]Chuchundra3 (/client): Topic("src=%5B0x2100c7a5%5D&action=sp...", /list (/list), /datum/tgui (/datum/tgui))
runtime error: 
[22:47:25]pick() from empty list
[22:47:25]proc name: ui act (/datum/spawners_menu/ui_act)
[22:47:25]  source file: spawners_menu.dm,41
[22:47:25]  usr: Jim Cox (/mob/dead/observer)
[22:47:25]  src: /datum/spawners_menu (/datum/spawners_menu)
[22:47:25]  usr.loc: the cogplate (119,168,6) (/turf/open/floor/clockwork/reebe)
[22:47:25]  call stack:
[22:47:25]/datum/spawners_menu (/datum/spawners_menu): ui act("spawn", /list (/list), /datum/tgui (/datum/tgui), /datum/ui_state/observer_state (/datum/ui_state/observer_state))
[22:47:25]/datum/tgui (/datum/tgui): Topic("src=%5B0x2100c7a5%5D&action=sp...", /list (/list))
[22:47:25]Chuchundra3 (/client): Topic("src=%5B0x2100c7a5%5D&action=sp...", /list (/list), /datum/tgui (/datum/tgui))
[22:47:25]Chuchundra3 (/client): Topic("src=%5B0x2100c7a5%5D&action=sp...", /list (/list), /datum/tgui (/datum/tgui))
runtime error: 
[22:47:27]pick() from empty list
[22:47:27]proc name: ui act (/datum/spawners_menu/ui_act)
[22:47:27]  source file: spawners_menu.dm,41
[22:47:27]  usr: Jim Cox (/mob/dead/observer)
[22:47:27]  src: /datum/spawners_menu (/datum/spawners_menu)
[22:47:27]  usr.loc: the cogplate (119,168,6) (/turf/open/floor/clockwork/reebe)
[22:47:27]  call stack:
[22:47:27]/datum/spawners_menu (/datum/spawners_menu): ui act("spawn", /list (/list), /datum/tgui (/datum/tgui), /datum/ui_state/observer_state (/datum/ui_state/observer_state))
[22:47:27]/datum/tgui (/datum/tgui): Topic("src=%5B0x2100c7a5%5D&action=sp...", /list (/list))
[22:47:27]Chuchundra3 (/client): Topic("src=%5B0x2100c7a5%5D&action=sp...", /list (/list), /datum/tgui (/datum/tgui))
[22:47:27]Chuchundra3 (/client): Topic("src=%5B0x2100c7a5%5D&action=sp...", /list (/list), /datum/tgui (/datum/tgui))
runtime error: 
[22:48:19]pick() from empty list
[22:48:19]proc name: ui act (/datum/spawners_menu/ui_act)
[22:48:19]  source file: spawners_menu.dm,41
[22:48:19]  usr: Pene Bode (/mob/dead/observer)
[22:48:19]  src: /datum/spawners_menu (/datum/spawners_menu)
[22:48:19]  usr.loc: the floor (75,191,11) (/turf/open/floor/plasteel/floorgrime)
[22:48:19]  call stack:
[22:48:19]/datum/spawners_menu (/datum/spawners_menu): ui act("spawn", /list (/list), /datum/tgui (/datum/tgui), /datum/ui_state/observer_state (/datum/ui_state/observer_state))
[22:48:19]/datum/tgui (/datum/tgui): Topic("src=%5B0x2101bbfd%5D&action=sp...", /list (/list))
[22:48:19]BABAHUHU (/client): Topic("src=%5B0x2101bbfd%5D&action=sp...", /list (/list), /datum/tgui (/datum/tgui))
[22:48:19]BABAHUHU (/client): Topic("src=%5B0x2101bbfd%5D&action=sp...", /list (/list), /datum/tgui (/datum/tgui))
runtime error: 
[22:48:22]pick() from empty list
[22:48:22]proc name: ui act (/datum/spawners_menu/ui_act)
[22:48:22]  source file: spawners_menu.dm,41
[22:48:22]  usr: Pene Bode (/mob/dead/observer)
[22:48:22]  src: /datum/spawners_menu (/datum/spawners_menu)
[22:48:22]  usr.loc: the floor (75,191,11) (/turf/open/floor/plasteel/floorgrime)
[22:48:22]  call stack:
[22:48:22]/datum/spawners_menu (/datum/spawners_menu): ui act("spawn", /list (/list), /datum/tgui (/datum/tgui), /datum/ui_state/observer_state (/datum/ui_state/observer_state))
[22:48:22]/datum/tgui (/datum/tgui): Topic("src=%5B0x2101bbfd%5D&action=sp...", /list (/list))
[22:48:22]BABAHUHU (/client): Topic("src=%5B0x2101bbfd%5D&action=sp...", /list (/list), /datum/tgui (/datum/tgui))
[22:48:22]BABAHUHU (/client): Topic("src=%5B0x2101bbfd%5D&action=sp...", /list (/list), /datum/tgui (/datum/tgui))
runtime error: 
[22:48:22]pick() from empty list
[22:48:22]proc name: ui act (/datum/spawners_menu/ui_act)
[22:48:22]  source file: spawners_menu.dm,41
runtime error: 
[22:48:22]pick() from empty list
[22:48:22]proc name: ui act (/datum/spawners_menu/ui_act)
[22:48:22]  source file: spawners_menu.dm,41
runtime error: 
[22:48:22]pick() from empty list
[22:48:22]proc name: ui act (/datum/spawners_menu/ui_act)
[22:48:22]  source file: spawners_menu.dm,41
runtime error: 
[22:48:28]Cannot read null.client
[22:48:28]proc name: remove from client (/datum/action/vote/proc/remove_from_client)
[22:48:28]  source file: vote.dm,321
runtime error: 
[22:48:28]Cannot read null.client
[22:48:28]proc name: remove from client (/datum/action/vote/proc/remove_from_client)
[22:48:28]  source file: vote.dm,321
runtime error: 
[22:48:28]Cannot read null.client
[22:48:28]proc name: remove from client (/datum/action/vote/proc/remove_from_client)
[22:48:28]  source file: vote.dm,321
runtime error: 
[22:48:28]Cannot read null.client
[22:48:28]proc name: remove from client (/datum/action/vote/proc/remove_from_client)
[22:48:28]  source file: vote.dm,321
runtime error: 
[22:48:28]Cannot read null.client
[22:48:28]proc name: remove from client (/datum/action/vote/proc/remove_from_client)
[22:48:28]  source file: vote.dm,321
runtime error: 
[22:48:28]Cannot read null.client
[22:48:28]proc name: remove from client (/datum/action/vote/proc/remove_from_client)
[22:48:28]  source file: vote.dm,321
runtime error: 
[22:48:28]Cannot read null.client
[22:48:28]proc name: remove from client (/datum/action/vote/proc/remove_from_client)
[22:48:28]  source file: vote.dm,321
runtime error: 
[22:48:28]Cannot read null.client
[22:48:28]proc name: remove from client (/datum/action/vote/proc/remove_from_client)
[22:48:28]  source file: vote.dm,321
runtime error: 
[22:49:48]Cannot read null.client
[22:49:48]proc name: remove from client (/datum/action/vote/proc/remove_from_client)
[22:49:48]  source file: vote.dm,321
runtime error: 
[22:49:48]Cannot read null.client
[22:49:48]proc name: remove from client (/datum/action/vote/proc/remove_from_client)
[22:49:48]  source file: vote.dm,321
runtime error: 
[22:49:48]Cannot read null.client
[22:49:48]proc name: remove from client (/datum/action/vote/proc/remove_from_client)
[22:49:48]  source file: vote.dm,321
runtime error: 
[22:49:48]Cannot read null.client
[22:49:48]proc name: remove from client (/datum/action/vote/proc/remove_from_client)
[22:49:48]  source file: vote.dm,321
runtime error: 
[22:49:53]addtimer called with a callback assigned to a qdeleted object
[22:49:53]proc name: stack trace (/proc/stack_trace)
[22:49:53]  source file: unsorted.dm,1254
runtime error: 
[22:50:47]Cannot execute null.react().
[22:50:47]proc name: process atmos (/obj/machinery/portable_atmospherics/process_atmos)
[22:50:47]  source file: portable_atmospherics.dm,38
runtime error: 
[22:50:56]addtimer called with a callback assigned to a qdeleted object
[22:50:56]proc name: stack trace (/proc/stack_trace)
[22:50:56]  source file: unsorted.dm,1254
runtime error: 
[22:50:56]addtimer called with a callback assigned to a qdeleted object
[22:50:56]proc name: stack trace (/proc/stack_trace)
[22:50:56]  source file: unsorted.dm,1254
runtime error: 
[22:50:56]addtimer called with a callback assigned to a qdeleted object
[22:50:56]proc name: stack trace (/proc/stack_trace)
[22:50:56]  source file: unsorted.dm,1254
runtime error: 
[22:50:56]addtimer called with a callback assigned to a qdeleted object
[22:50:56]proc name: stack trace (/proc/stack_trace)
[22:50:56]  source file: unsorted.dm,1254
runtime error: 
[22:51:10]addtimer called with a callback assigned to a qdeleted object
[22:51:10]proc name: stack trace (/proc/stack_trace)
[22:51:10]  source file: unsorted.dm,1254
runtime error: 
[22:51:10]addtimer called with a callback assigned to a qdeleted object
[22:51:10]proc name: stack trace (/proc/stack_trace)
[22:51:10]  source file: unsorted.dm,1254
runtime error: 
[22:51:10]addtimer called with a callback assigned to a qdeleted object
[22:51:10]proc name: stack trace (/proc/stack_trace)
[22:51:10]  source file: unsorted.dm,1254
runtime error: 
[22:51:11]addtimer called with a callback assigned to a qdeleted object
[22:51:11]proc name: stack trace (/proc/stack_trace)
[22:51:11]  source file: unsorted.dm,1254
runtime error: 
[22:51:11]addtimer called with a callback assigned to a qdeleted object
[22:51:11]proc name: stack trace (/proc/stack_trace)
[22:51:11]  source file: unsorted.dm,1254
runtime error: 
[22:51:11]addtimer called with a callback assigned to a qdeleted object
[22:51:11]proc name: stack trace (/proc/stack_trace)
[22:51:11]  source file: unsorted.dm,1254
runtime error: 
[22:51:11]addtimer called with a callback assigned to a qdeleted object
[22:51:11]proc name: stack trace (/proc/stack_trace)
[22:51:11]  source file: unsorted.dm,1254
runtime error: 
[22:51:11]addtimer called with a callback assigned to a qdeleted object
[22:51:11]proc name: stack trace (/proc/stack_trace)
[22:51:11]  source file: unsorted.dm,1254
runtime error: 
[22:51:11]addtimer called with a callback assigned to a qdeleted object
[22:51:11]proc name: stack trace (/proc/stack_trace)
[22:51:11]  source file: unsorted.dm,1254
runtime error: 
[22:51:11]addtimer called with a callback assigned to a qdeleted object
[22:51:11]proc name: stack trace (/proc/stack_trace)
[22:51:11]  source file: unsorted.dm,1254
runtime error: 
[22:51:27]addtimer called with a callback assigned to a qdeleted object
[22:51:27]proc name: stack trace (/proc/stack_trace)
[22:51:27]  source file: unsorted.dm,1254
runtime error: 
[22:51:28]addtimer called with a callback assigned to a qdeleted object
[22:51:28]proc name: stack trace (/proc/stack_trace)
[22:51:28]  source file: unsorted.dm,1254
runtime error: 
[22:51:30]addtimer called with a callback assigned to a qdeleted object
[22:51:30]proc name: stack trace (/proc/stack_trace)
[22:51:30]  source file: unsorted.dm,1254
runtime error: 
[22:51:30]addtimer called with a callback assigned to a qdeleted object
[22:51:30]proc name: stack trace (/proc/stack_trace)
[22:51:30]  source file: unsorted.dm,1254
runtime error: 
[22:51:33]addtimer called with a callback assigned to a qdeleted object
[22:51:33]proc name: stack trace (/proc/stack_trace)
[22:51:33]  source file: unsorted.dm,1254
runtime error: 
[22:51:38]addtimer called with a callback assigned to a qdeleted object
[22:51:38]proc name: stack trace (/proc/stack_trace)
[22:51:38]  source file: unsorted.dm,1254
runtime error: 
[22:51:39]addtimer called with a callback assigned to a qdeleted object
[22:51:39]proc name: stack trace (/proc/stack_trace)
[22:51:39]  source file: unsorted.dm,1254
runtime error: 
[22:51:39]addtimer called with a callback assigned to a qdeleted object
[22:51:39]proc name: stack trace (/proc/stack_trace)
[22:51:39]  source file: unsorted.dm,1254
runtime error: 
[22:51:39]addtimer called with a callback assigned to a qdeleted object
[22:51:39]proc name: stack trace (/proc/stack_trace)
[22:51:39]  source file: unsorted.dm,1254
runtime error: 
[22:51:39]addtimer called with a callback assigned to a qdeleted object
[22:51:39]proc name: stack trace (/proc/stack_trace)
[22:51:39]  source file: unsorted.dm,1254
runtime error: 
[22:51:47]addtimer called with a callback assigned to a qdeleted object
[22:51:47]proc name: stack trace (/proc/stack_trace)
[22:51:47]  source file: unsorted.dm,1254
runtime error: 
[22:51:48]addtimer called with a callback assigned to a qdeleted object
[22:51:48]proc name: stack trace (/proc/stack_trace)
[22:51:48]  source file: unsorted.dm,1254
Shutting down Persistence subsystem...
Shutting down pathfinder subsystem...
Shutting down Squeak subsystem...
Shutting down Shuttle subsystem...
Shutting down Lighting subsystem...
Shutting down XKeyScore subsystem...
Shutting down Sticky Ban subsystem...
Shutting down Overlay subsystem...
Shutting down Icon Smoothing subsystem...
Shutting down Assets subsystem...
Shutting down Minimap subsystem...
Shutting down Atmospherics subsystem...
Shutting down Wet floors subsystem...
Shutting down Weather subsystem...
Shutting down Vote subsystem...
Shutting down Traumas subsystem...
Shutting down Title Screen subsystem...
Shutting down Time Tracking subsystem...
Shutting down Throwing subsystem...
Shutting down tgui subsystem...
Shutting down Sun subsystem...
Shutting down Space Drift subsystem...
Shutting down Religion subsystem...
Shutting down Radio subsystem...
Shutting down Radiation subsystem...
Shutting down Projectiles subsystem...
Shutting down Processing subsystem...
Shutting down Parallax subsystem...
Shutting down pAI subsystem...
Shutting down Orbits subsystem...
Shutting down Objects subsystem...
Shutting down NPC Pool subsystem...
Shutting down Night Shift subsystem...
Shutting down Mood subsystem...
Shutting down Mobs subsystem...
Shutting down Medals subsystem...
Shutting down Inbounds subsystem...
Shutting down Idling NPC Pool subsystem...
Shutting down Flightpack Movement subsystem...
Shutting down Fire Burning subsystem...
Shutting down Fields subsystem...
Shutting down Fast Processing subsystem...
Shutting down Disease subsystem...
Shutting down Communications subsystem...
Shutting down Augury subsystem...
Shutting down Acid subsystem...
Shutting down Timer subsystem...
Shutting down Circuit subsystem...
Shutting down Machines subsystem...
Shutting down Language subsystem...
Shutting down Atoms subsystem...
Shutting down Networks subsystem...
Shutting down Mapping subsystem...
Shutting down Ticker subsystem...
Shutting down Traits subsystem...
Shutting down Jobs subsystem...
Shutting down Events subsystem...
Shutting down Research subsystem...
Shutting down Input subsystem...
Shutting down Server Tasks subsystem...
Shutting down Blackbox subsystem...
Shutting down Database subsystem...
Shutting down Garbage subsystem...
Shutdown complete
World rebooted at 22:52:33
