[2018-08-22 02:57:00.178] runtime error: bad index
[2018-08-22 02:57:00.178] proc name: Get (/datum/controller/configuration/proc/Get)
[2018-08-22 02:57:00.178]   source file: configuration.dm,191
[2018-08-22 02:57:00.178]   usr: null
[2018-08-22 02:57:00.178]   src: Configuration (/datum/controller/configuration)
[2018-08-22 02:57:00.178]   call stack:
[2018-08-22 02:57:00.178] Configuration (/datum/controller/configuration): Get(/datum/config_entry/flag/log_w... (/datum/config_entry/flag/log_world_topic))
[2018-08-22 02:57:00.178] world: Topic("status", "212.237.9.101", null, null)
[2018-08-22 02:57:00.178] 
[2018-08-22 02:57:00.179] runtime error: bad index
[2018-08-22 02:57:00.179] proc name: Get (/datum/controller/configuration/proc/Get)
[2018-08-22 02:57:00.179]   source file: configuration.dm,191
[2018-08-22 02:57:00.179]   usr: null
[2018-08-22 02:57:00.179]   src: Configuration (/datum/controller/configuration)
[2018-08-22 02:57:00.179]   call stack:
[2018-08-22 02:57:00.179] Configuration (/datum/controller/configuration): Get(/datum/config_entry/string/com... (/datum/config_entry/string/comms_key))
[2018-08-22 02:57:00.179] /datum/world_topic/status (/datum/world_topic/status): TryRun(/list (/list))
[2018-08-22 02:57:00.179] world: Topic("status", "212.237.9.101", null, null)
[2018-08-22 02:57:00.179] 
[2018-08-22 02:57:00.179] runtime error: bad index
[2018-08-22 02:57:00.179] proc name: Get (/datum/controller/configuration/proc/Get)
[2018-08-22 02:57:00.179]   source file: configuration.dm,191
[2018-08-22 02:57:00.179]   usr: null
[2018-08-22 02:57:00.179]   src: Configuration (/datum/controller/configuration)
[2018-08-22 02:57:00.179]   call stack:
[2018-08-22 02:57:00.179] Configuration (/datum/controller/configuration): Get(/datum/config_entry/flag/nores... (/datum/config_entry/flag/norespawn))
[2018-08-22 02:57:00.179] /datum/world_topic/status (/datum/world_topic/status): Run(/list (/list))
[2018-08-22 02:57:00.179] /datum/world_topic/status (/datum/world_topic/status): TryRun(/list (/list))
[2018-08-22 02:57:00.179] world: Topic("status", "212.237.9.101", null, null)
[2018-08-22 02:57:00.180] 
[2018-08-22 02:57:00.180] runtime error: bad index
[2018-08-22 02:57:00.180] proc name: Get (/datum/controller/configuration/proc/Get)
[2018-08-22 02:57:00.180]   source file: configuration.dm,191
[2018-08-22 02:57:00.180]   usr: null
[2018-08-22 02:57:00.180]   src: Configuration (/datum/controller/configuration)
[2018-08-22 02:57:00.180]   call stack:
[2018-08-22 02:57:00.180] Configuration (/datum/controller/configuration): Get(/datum/config_entry/flag/allow... (/datum/config_entry/flag/allow_vote_mode))
[2018-08-22 02:57:00.180] /datum/world_topic/status (/datum/world_topic/status): Run(/list (/list))
[2018-08-22 02:57:00.180] /datum/world_topic/status (/datum/world_topic/status): TryRun(/list (/list))
[2018-08-22 02:57:00.180] world: Topic("status", "212.237.9.101", null, null)
[2018-08-22 02:57:00.180] 
[2018-08-22 02:57:00.181] runtime error: bad index
[2018-08-22 02:57:00.181] proc name: Get (/datum/controller/configuration/proc/Get)
[2018-08-22 02:57:00.181]   source file: configuration.dm,191
[2018-08-22 02:57:00.181]   usr: null
[2018-08-22 02:57:00.181]   src: Configuration (/datum/controller/configuration)
[2018-08-22 02:57:00.181]   call stack:
[2018-08-22 02:57:00.181] Configuration (/datum/controller/configuration): Get(/datum/config_entry/flag/allow... (/datum/config_entry/flag/allow_ai))
[2018-08-22 02:57:00.181] /datum/world_topic/status (/datum/world_topic/status): Run(/list (/list))
[2018-08-22 02:57:00.181] /datum/world_topic/status (/datum/world_topic/status): TryRun(/list (/list))
[2018-08-22 02:57:00.181] world: Topic("status", "212.237.9.101", null, null)
[2018-08-22 02:57:00.181] 
[2018-08-22 02:57:00.181] runtime error: Cannot read null.commit
[2018-08-22 02:57:00.181] proc name: Run (/datum/world_topic/status/Run)
[2018-08-22 02:57:00.181]   source file: world_topic.dm,151
[2018-08-22 02:57:00.181]   usr: null
[2018-08-22 02:57:00.181]   src: /datum/world_topic/status (/datum/world_topic/status)
[2018-08-22 02:57:00.181]   call stack:
[2018-08-22 02:57:00.181] /datum/world_topic/status (/datum/world_topic/status): Run(/list (/list))
[2018-08-22 02:57:00.181] /datum/world_topic/status (/datum/world_topic/status): TryRun(/list (/list))
[2018-08-22 02:57:00.181] world: Topic("status", "212.237.9.101", null, null)
[2018-08-22 02:57:00.181] 
[2018-08-22 02:57:00.182] runtime error: bad index
[2018-08-22 02:57:00.182] proc name: Get (/datum/controller/configuration/proc/Get)
[2018-08-22 02:57:00.182]   source file: configuration.dm,191
[2018-08-22 02:57:00.182]   usr: null
[2018-08-22 02:57:00.182]   src: Configuration (/datum/controller/configuration)
[2018-08-22 02:57:00.182]   call stack:
[2018-08-22 02:57:00.182] Configuration (/datum/controller/configuration): Get(/datum/config_entry/flag/log_w... (/datum/config_entry/flag/log_world_topic))
[2018-08-22 02:57:00.182] world: Topic("status", "212.237.9.101", null, null)
[2018-08-22 02:57:00.182] 
[2018-08-22 02:57:00.183] runtime error: bad index
[2018-08-22 02:57:00.183] proc name: Get (/datum/controller/configuration/proc/Get)
[2018-08-22 02:57:00.183]   source file: configuration.dm,191
[2018-08-22 02:57:00.183]   usr: null
[2018-08-22 02:57:00.183]   src: Configuration (/datum/controller/configuration)
[2018-08-22 02:57:00.183]   call stack:
[2018-08-22 02:57:00.183] Configuration (/datum/controller/configuration): Get(/datum/config_entry/string/com... (/datum/config_entry/string/comms_key))
[2018-08-22 02:57:00.183] /datum/world_topic/status (/datum/world_topic/status): TryRun(/list (/list))
[2018-08-22 02:57:00.183] world: Topic("status", "212.237.9.101", null, null)
[2018-08-22 02:57:00.183] 
[2018-08-22 02:57:00.183] runtime error: bad index
[2018-08-22 02:57:00.183] proc name: Get (/datum/controller/configuration/proc/Get)
[2018-08-22 02:57:00.183]   source file: configuration.dm,191
[2018-08-22 02:57:00.183]   usr: null
[2018-08-22 02:57:00.183]   src: Configuration (/datum/controller/configuration)
[2018-08-22 02:57:00.183]   call stack:
[2018-08-22 02:57:00.183] Configuration (/datum/controller/configuration): Get(/datum/config_entry/flag/nores... (/datum/config_entry/flag/norespawn))
[2018-08-22 02:57:00.183] /datum/world_topic/status (/datum/world_topic/status): Run(/list (/list))
[2018-08-22 02:57:00.183] /datum/world_topic/status (/datum/world_topic/status): TryRun(/list (/list))
[2018-08-22 02:57:00.183] world: Topic("status", "212.237.9.101", null, null)
[2018-08-22 02:57:00.183] 
[2018-08-22 02:57:00.184] runtime error: bad index
[2018-08-22 02:57:00.184] proc name: Get (/datum/controller/configuration/proc/Get)
[2018-08-22 02:57:00.184]   source file: configuration.dm,191
[2018-08-22 02:57:00.184]   usr: null
[2018-08-22 02:57:00.184]   src: Configuration (/datum/controller/configuration)
[2018-08-22 02:57:00.184]   call stack:
[2018-08-22 02:57:00.184] Configuration (/datum/controller/configuration): Get(/datum/config_entry/flag/allow... (/datum/config_entry/flag/allow_vote_mode))
[2018-08-22 02:57:00.184] /datum/world_topic/status (/datum/world_topic/status): Run(/list (/list))
[2018-08-22 02:57:00.184] /datum/world_topic/status (/datum/world_topic/status): TryRun(/list (/list))
[2018-08-22 02:57:00.184] world: Topic("status", "212.237.9.101", null, null)
[2018-08-22 02:57:00.184] 
[2018-08-22 02:57:00.184] runtime error: bad index
[2018-08-22 02:57:00.184] proc name: Get (/datum/controller/configuration/proc/Get)
[2018-08-22 02:57:00.184]   source file: configuration.dm,191
[2018-08-22 02:57:00.184] 
[2018-08-22 02:57:00.185] runtime error: Cannot read null.commit
[2018-08-22 02:57:00.185] proc name: Run (/datum/world_topic/status/Run)
[2018-08-22 02:57:00.185]   source file: world_topic.dm,151
[2018-08-22 02:57:00.185] 
[2018-08-22 02:57:00.185] runtime error: bad index
[2018-08-22 02:57:00.185] proc name: Get (/datum/controller/configuration/proc/Get)
[2018-08-22 02:57:00.185]   source file: configuration.dm,191
[2018-08-22 02:57:00.185] 
[2018-08-22 02:57:00.185] runtime error: bad index
[2018-08-22 02:57:00.185] proc name: Get (/datum/controller/configuration/proc/Get)
[2018-08-22 02:57:00.185]   source file: configuration.dm,191
[2018-08-22 02:57:00.185] 
[2018-08-22 02:57:00.186] runtime error: bad index
[2018-08-22 02:57:00.186] proc name: Get (/datum/controller/configuration/proc/Get)
[2018-08-22 02:57:00.186]   source file: configuration.dm,191
[2018-08-22 02:57:00.186] 
[2018-08-22 02:57:00.186] runtime error: bad index
[2018-08-22 02:57:00.186] proc name: Get (/datum/controller/configuration/proc/Get)
[2018-08-22 02:57:00.186]   source file: configuration.dm,191
[2018-08-22 02:57:00.186] 
[2018-08-22 02:57:00.186] runtime error: bad index
[2018-08-22 02:57:00.186] proc name: Get (/datum/controller/configuration/proc/Get)
[2018-08-22 02:57:00.186]   source file: configuration.dm,191
[2018-08-22 02:57:00.186] 
[2018-08-22 02:57:00.186] runtime error: Cannot read null.commit
[2018-08-22 02:57:00.186] proc name: Run (/datum/world_topic/status/Run)
[2018-08-22 02:57:00.186]   source file: world_topic.dm,151
[2018-08-22 02:57:00.186] 
[2018-08-22 02:57:00.187] runtime error: bad index
[2018-08-22 02:57:00.187] proc name: Get (/datum/controller/configuration/proc/Get)
[2018-08-22 02:57:00.187]   source file: configuration.dm,191
[2018-08-22 02:57:00.187] 
[2018-08-22 02:57:00.187] runtime error: bad index
[2018-08-22 02:57:00.187] proc name: Get (/datum/controller/configuration/proc/Get)
[2018-08-22 02:57:00.187]   source file: configuration.dm,191
[2018-08-22 02:57:00.187] 
[2018-08-22 02:57:00.187] runtime error: bad index
[2018-08-22 02:57:00.187] proc name: Get (/datum/controller/configuration/proc/Get)
[2018-08-22 02:57:00.187]   source file: configuration.dm,191
[2018-08-22 02:57:00.187] 
[2018-08-22 02:57:00.188] runtime error: bad index
[2018-08-22 02:57:00.188] proc name: Get (/datum/controller/configuration/proc/Get)
[2018-08-22 02:57:00.188]   source file: configuration.dm,191
[2018-08-22 02:57:00.188] 
[2018-08-22 02:57:00.188] runtime error: bad index
[2018-08-22 02:57:00.188] proc name: Get (/datum/controller/configuration/proc/Get)
[2018-08-22 02:57:00.188]   source file: configuration.dm,191
[2018-08-22 02:57:00.188] 
[2018-08-22 02:57:00.188] runtime error: Cannot read null.commit
[2018-08-22 02:57:00.188] proc name: Run (/datum/world_topic/status/Run)
[2018-08-22 02:57:00.188]   source file: world_topic.dm,151
[2018-08-22 02:57:00.188] 
[2018-08-22 02:57:00.189] runtime error: bad index
[2018-08-22 02:57:00.189] proc name: Get (/datum/controller/configuration/proc/Get)
[2018-08-22 02:57:00.189]   source file: configuration.dm,191
[2018-08-22 02:57:00.189] 
[2018-08-22 02:57:00.189] runtime error: bad index
[2018-08-22 02:57:00.189] proc name: Get (/datum/controller/configuration/proc/Get)
[2018-08-22 02:57:00.189]   source file: configuration.dm,191
[2018-08-22 02:57:00.189] 
[2018-08-22 02:57:00.189] runtime error: bad index
[2018-08-22 02:57:00.189] proc name: Get (/datum/controller/configuration/proc/Get)
[2018-08-22 02:57:00.189]   source file: configuration.dm,191
[2018-08-22 02:57:00.189] 
[2018-08-22 02:57:00.189] runtime error: bad index
[2018-08-22 02:57:00.189] proc name: Get (/datum/controller/configuration/proc/Get)
[2018-08-22 02:57:00.189]   source file: configuration.dm,191
[2018-08-22 02:57:00.189] 
[2018-08-22 02:57:00.190] runtime error: bad index
[2018-08-22 02:57:00.190] proc name: Get (/datum/controller/configuration/proc/Get)
[2018-08-22 02:57:00.190]   source file: configuration.dm,191
[2018-08-22 02:57:00.190] 
[2018-08-22 02:57:00.190] runtime error: Cannot read null.commit
[2018-08-22 02:57:00.190] proc name: Run (/datum/world_topic/status/Run)
[2018-08-22 02:57:00.190]   source file: world_topic.dm,151
[2018-08-22 02:57:00.190] 
[2018-08-22 02:57:00.190] runtime error: bad index
[2018-08-22 02:57:00.190] proc name: Get (/datum/controller/configuration/proc/Get)
[2018-08-22 02:57:00.190]   source file: configuration.dm,191
[2018-08-22 02:57:00.190] 
[2018-08-22 02:57:00.190] runtime error: bad index
[2018-08-22 02:57:00.190] proc name: Get (/datum/controller/configuration/proc/Get)
[2018-08-22 02:57:00.190]   source file: configuration.dm,191
[2018-08-22 02:57:00.191] 
[2018-08-22 02:57:00.191] runtime error: bad index
[2018-08-22 02:57:00.191] proc name: Get (/datum/controller/configuration/proc/Get)
[2018-08-22 02:57:00.191]   source file: configuration.dm,191
[2018-08-22 02:57:00.191] 
[2018-08-22 02:57:00.191] runtime error: bad index
[2018-08-22 02:57:00.191] proc name: Get (/datum/controller/configuration/proc/Get)
[2018-08-22 02:57:00.191]   source file: configuration.dm,191
[2018-08-22 02:57:00.191] 
[2018-08-22 02:57:00.191] runtime error: bad index
[2018-08-22 02:57:00.191] proc name: Get (/datum/controller/configuration/proc/Get)
[2018-08-22 02:57:00.191]   source file: configuration.dm,191
[2018-08-22 02:57:00.191] 
[2018-08-22 02:57:00.191] runtime error: Cannot read null.commit
[2018-08-22 02:57:00.191] proc name: Run (/datum/world_topic/status/Run)
[2018-08-22 02:57:00.191]   source file: world_topic.dm,151
[2018-08-22 02:57:00.191] 
[2018-08-22 02:57:00.192] runtime error: bad index
[2018-08-22 02:57:00.192] proc name: Get (/datum/controller/configuration/proc/Get)
[2018-08-22 02:57:00.192]   source file: configuration.dm,191
[2018-08-22 02:57:00.192] 
[2018-08-22 02:57:00.192] runtime error: bad index
[2018-08-22 02:57:00.192] proc name: Get (/datum/controller/configuration/proc/Get)
[2018-08-22 02:57:00.192]   source file: configuration.dm,191
[2018-08-22 02:57:00.192] 
[2018-08-22 02:57:00.192] runtime error: bad index
[2018-08-22 02:57:00.192] proc name: Get (/datum/controller/configuration/proc/Get)
[2018-08-22 02:57:00.192]   source file: configuration.dm,191
[2018-08-22 02:57:00.192] 
[2018-08-22 02:57:00.193] runtime error: bad index
[2018-08-22 02:57:00.193] proc name: Get (/datum/controller/configuration/proc/Get)
[2018-08-22 02:57:00.193]   source file: configuration.dm,191
[2018-08-22 02:57:00.193] 
[2018-08-22 02:57:00.193] runtime error: bad index
[2018-08-22 02:57:00.193] proc name: Get (/datum/controller/configuration/proc/Get)
[2018-08-22 02:57:00.193]   source file: configuration.dm,191
[2018-08-22 02:57:00.193] 
[2018-08-22 02:57:00.193] runtime error: Cannot read null.commit
[2018-08-22 02:57:00.193] proc name: Run (/datum/world_topic/status/Run)
[2018-08-22 02:57:00.193]   source file: world_topic.dm,151
[2018-08-22 02:57:00.193] 
[2018-08-22 02:57:00.194] runtime error: bad index
[2018-08-22 02:57:00.194] proc name: Get (/datum/controller/configuration/proc/Get)
[2018-08-22 02:57:00.194]   source file: configuration.dm,191
[2018-08-22 02:57:00.194] 
[2018-08-22 02:57:00.194] runtime error: bad index
[2018-08-22 02:57:00.194] proc name: Get (/datum/controller/configuration/proc/Get)
[2018-08-22 02:57:00.194]   source file: configuration.dm,191
[2018-08-22 02:57:00.194] 
[2018-08-22 02:57:00.194] runtime error: bad index
[2018-08-22 02:57:00.194] proc name: Get (/datum/controller/configuration/proc/Get)
[2018-08-22 02:57:00.194]   source file: configuration.dm,191
[2018-08-22 02:57:00.194] 
[2018-08-22 02:57:00.195] runtime error: bad index
[2018-08-22 02:57:00.195] proc name: Get (/datum/controller/configuration/proc/Get)
[2018-08-22 02:57:00.195]   source file: configuration.dm,191
[2018-08-22 02:57:00.195] 
[2018-08-22 02:57:00.195] runtime error: bad index
[2018-08-22 02:57:00.195] proc name: Get (/datum/controller/configuration/proc/Get)
[2018-08-22 02:57:00.195]   source file: configuration.dm,191
[2018-08-22 02:57:00.195] 
[2018-08-22 02:57:00.196] runtime error: Cannot read null.commit
[2018-08-22 02:57:00.196] proc name: Run (/datum/world_topic/status/Run)
[2018-08-22 02:57:00.196]   source file: world_topic.dm,151
[2018-08-22 02:57:00.196] 
[2018-08-22 02:57:00.196] runtime error: bad index
[2018-08-22 02:57:00.196] proc name: Get (/datum/controller/configuration/proc/Get)
[2018-08-22 02:57:00.196]   source file: configuration.dm,191
[2018-08-22 02:57:00.196] 
[2018-08-22 02:57:00.196] runtime error: bad index
[2018-08-22 02:57:00.196] proc name: Get (/datum/controller/configuration/proc/Get)
[2018-08-22 02:57:00.196]   source file: configuration.dm,191
[2018-08-22 02:57:00.196] 
[2018-08-22 02:57:00.196] runtime error: bad index
[2018-08-22 02:57:00.196] 
[2018-08-22 02:57:00.196] runtime error: bad index
[2018-08-22 02:57:00.196] 
[2018-08-22 02:57:00.197] runtime error: bad index
[2018-08-22 02:57:00.197] 
[2018-08-22 02:57:00.197] runtime error: Cannot read null.commit
[2018-08-22 02:57:00.197] 
[2018-08-22 02:57:00.310] Running /tg/ revision:
[2018-08-22 02:57:00.311] f007f9d4db595f9b904cd4e7d6b1930b1192d360: 2018-08-09
[2018-08-22 02:57:00.311] runtime error: list index out of bounds
[2018-08-22 02:57:00.311] 
[2018-08-22 02:57:00.322] Loading config file config.txt...
[2018-08-22 02:57:00.324] Loading config file game_options.txt...
[2018-08-22 02:57:00.326] Unknown setting in configuration: 'w##'
[2018-08-22 02:57:00.327] Entry human_delay is deprecated and will be removed soon. Migrate to multiplicative_movespeed! Suggested new value is: /mob/living/carbon/human 0
[2018-08-22 02:57:00.328] Entry robot_delay is deprecated and will be removed soon. Migrate to multiplicative_movespeed! Suggested new value is: /mob/living/silicon/robot 0
[2018-08-22 02:57:00.329] Entry monkey_delay is deprecated and will be removed soon. Migrate to multiplicative_movespeed! Suggested new value is: /mob/living/carbon/monkey 0
[2018-08-22 02:57:00.330] Entry alien_delay is deprecated and will be removed soon. Migrate to multiplicative_movespeed! Suggested new value is: /mob/living/carbon/alien 0
[2018-08-22 02:57:00.331] Entry slime_delay is deprecated and will be removed soon. Migrate to multiplicative_movespeed! Suggested new value is: /mob/living/simple_animal/slime 0
[2018-08-22 02:57:00.332] Entry animal_delay is deprecated and will be removed soon. Migrate to multiplicative_movespeed! Suggested new value is: /mob/living/simple_animal 1
[2018-08-22 02:57:00.336] Failed to validate setting "DOUBLE_AGENTS 20" for min_pop
[2018-08-22 02:57:00.336] Failed to validate setting "DOUBLE_AGENTS -1" for max_pop
[2018-08-22 02:57:00.342] Loading config file dbconfig.txt...
[2018-08-22 02:57:00.343] Loading config file comms.txt...
[2018-08-22 02:57:00.347] Loading config file maps.txt...
[2018-08-22 02:57:00.563] Database connection established.
[2018-08-22 02:57:00.596] SQL: Could not get schema version from database
