[2018-08-22 02:57:00.668] Starting up round ID 2036.
[2018-08-22 02:57:00.668] -------------------------
[2018-08-22 03:27:15.866] PDA: BuckyBoy/(Beau Richards) (PDA: cargo technician PDA to Jess Jenkers (Chief Medical Officer)) "return the anti-christ" (Starboard Primary Hallway (186, 129, 2))
[2018-08-22 03:27:32.098] PDA: Jesslynbrooke/(Jess Jenkers) (PDA: chief medical officer PDA to Beau Richards (Cargo Technician)) "NO" (Medbay Central (153, 104, 2))
[2018-08-22 03:27:41.228] PDA: BuckyBoy/(Beau Richards) (PDA: cargo technician PDA to Jess Jenkers (Chief Medical Officer)) "i&#39;ll get them back.." (Medbay Central (138, 125, 2))
[2018-08-22 03:27:46.646] PDA: Jesslynbrooke/(Jess Jenkers) (PDA: chief medical officer PDA to Beau Richards (Cargo Technician)) "you better." (Medbay Central (149, 104, 2))
[2018-08-22 03:44:59.071] PDA: Shane15599/(Alijah Brinigh) (PDA: quartermaster PDA to Simon Fenix (Botanist)) "Still around?" (Starboard Primary Hallway (160, 131, 2))
[2018-08-22 04:13:18.261] PDA: Shane15599/(Alijah Brinigh) (PDA: quartermaster PDA to Dee. F. Rodgers (Head of Personnel)) "Still alive?" (Starboard Primary Hallway (137, 128, 2))
[2018-08-22 04:13:24.342] PDA: Minnesotaman227/(Dee. F. Rodgers) (PDA: head of personnel PDA to Alijah Brinigh (Quartermaster)) "yeah" (Fore Primary Hallway (114, 162, 2))
[2018-08-22 04:13:42.536] PDA: Shane15599/(Alijah Brinigh) (PDA: quartermaster PDA to Dee. F. Rodgers (Head of Personnel)) "Found the wizard yet?" (Medbay Central (146, 117, 2))
[2018-08-22 04:13:54.844] PDA: Minnesotaman227/(Dee. F. Rodgers) (PDA: head of personnel PDA to Alijah Brinigh (Quartermaster)) "he&#39;s not that hard to find" (Central Primary Hallway (130, 142, 2))
[2018-08-22 04:14:04.633] PDA: Shane15599/(Alijah Brinigh) (PDA: quartermaster PDA to Dee. F. Rodgers (Head of Personnel)) "Well i can&#39;t find him" (Medbay Central (147, 118, 2))
[2018-08-22 04:14:05.595] PDA: Minnesotaman227/(Dee. F. Rodgers) (PDA: head of personnel PDA to Alijah Brinigh (Quartermaster)) "just look for the purple love wizard" (Central Primary Hallway (130, 142, 2))
[2018-08-22 04:14:26.250] PDA: Shane15599/(Alijah Brinigh) (PDA: quartermaster PDA to Dee. F. Rodgers (Head of Personnel)) "I have not ran into him yet" (Medbay Central (147, 118, 2))
[2018-08-22 04:14:38.128] PDA: Minnesotaman227/(Dee. F. Rodgers) (PDA: head of personnel PDA to Alijah Brinigh (Quartermaster)) "yea be careful he has the power to lock you into locker at will" (Medbay Central (139, 118, 2))
[2018-08-22 04:16:55.129] PDA: Minnesotaman227/(Dee. F. Rodgers) (PDA: head of personnel PDA to Alijah Brinigh (Quartermaster)) "can we get power back on by any chance I may go connect solors" (Head of Personnel's Office (105, 120, 2))
[2018-08-22 04:17:24.429] PDA: Shane15599/(Alijah Brinigh) (PDA: quartermaster PDA to Dee. F. Rodgers (Head of Personnel)) "I can go try" (Medbay Treatment Center (136, 108, 2))
[2018-08-22 04:18:04.887] PDA: Minnesotaman227/(Dee. F. Rodgers) (PDA: head of personnel PDA to Alijah Brinigh (Quartermaster)) "I&#39;m over here I just don&#39;t have the tools" (Port Bow Maintenance (64, 159, 2))
[2018-08-22 04:24:53.465] PDA: Shane15599/(Alijah Brinigh) (PDA: quartermaster PDA to Dee. F. Rodgers (Head of Personnel)) "What?" (Central Primary Hallway (128, 114, 2))
[2018-08-22 04:25:01.525] PDA: Shane15599/(Alijah Brinigh) (PDA: quartermaster PDA to Dee. F. Rodgers (Head of Personnel)) "I was doing surgery" (Central Primary Hallway (122, 112, 2))
[2018-08-22 04:25:51.267] PDA: Minnesotaman227/(Dee. F. Rodgers) (PDA: head of personnel PDA to Alijah Brinigh (Quartermaster)) "did you ever find the wizard?" (Bridge (121, 135, 2))
[2018-08-22 04:26:05.101] PDA: Shane15599/(Alijah Brinigh) (PDA: quartermaster PDA to Dee. F. Rodgers (Head of Personnel)) "Do, just people with his stuff" (Engineering (121, 76, 2))
