[2018-07-20 04:37:27.476] Running /tg/ revision:
[2018-07-20 04:37:27.476] 37b1ffed08f5d6663129bb83b7c2880be3e93cf7: 2018-07-18
[2018-07-20 04:37:27.477] runtime error: list index out of bounds
[2018-07-20 04:37:27.477] proc name: New (/datum/getrev/New)
[2018-07-20 04:37:27.477]   source file: getrev.dm,23
[2018-07-20 04:37:27.477]   usr: null
[2018-07-20 04:37:27.477]   src: /datum/getrev (/datum/getrev)
[2018-07-20 04:37:27.477]   call stack:
[2018-07-20 04:37:27.477] /datum/getrev (/datum/getrev): New()
[2018-07-20 04:37:27.477] world: New()
[2018-07-20 04:37:27.477] 
[2018-07-20 04:37:27.483] Loading config file config.txt...
[2018-07-20 04:37:27.484] Loading config file game_options.txt...
[2018-07-20 04:37:27.485] Unknown setting in configuration: 'w##'
[2018-07-20 04:37:27.487] Failed to validate setting "DOUBLE_AGENTS 20" for min_pop
[2018-07-20 04:37:27.487] Failed to validate setting "DOUBLE_AGENTS -1" for max_pop
[2018-07-20 04:37:27.491] Loading config file dbconfig.txt...
[2018-07-20 04:37:27.491] Loading config file comms.txt...
[2018-07-20 04:37:27.495] Loading config file maps.txt...
[2018-07-20 04:37:27.651] Database connection established.
[2018-07-20 04:37:27.684] SQL: Could not get schema version from database
