

Starting up round ID 283. 04:48:11
---------------------
chuchundra3 \ Bonker \ Clown \ NONE \ ROUNDSTART
silentnoob57 \ Ludwig Humboldt \ Scientist \ NONE \ ROUNDSTART
smallrus \ Frank \ AI \ NONE \ ROUNDSTART
cireric \ Braylon Harding \ Geneticist \ NONE \ ROUNDSTART
oscswe \ Darell Shafer \ Detective \ NONE \ ROUNDSTART
bolloeds4 \ Minerboy \ Shaft Miner \ NONE \ ROUNDSTART
tylerkt \ Dmitri Stenovitch \ Chief Medical Officer \ NONE \ ROUNDSTART
ydennek1 \ Alisa Jackson \ Chemist \ NONE \ ROUNDSTART
braincrab \ Stealing Steve \ Bartender \ NONE \ ROUNDSTART
asciisquid \ Brouzof Chomski \ Quartermaster \ NONE \ ROUNDSTART
muldermunrow \ Edward Pearsall \ Head of Personnel \ traitor \ ROUNDSTART
luigiboiby \ Kayla 'Meow Mix' Moore \ Roboticist \ NONE \ ROUNDSTART
cscottburgess \ Zayden Fiddler \ Security Officer \ NONE \ ROUNDSTART
asymov \ An Edgy Clown \ Mime \ traitor \ ROUNDSTART
potatolicious \ John Brinigh \ Cargo Technician \ NONE \ ROUNDSTART
LongTittyTyrone \ Barack Obama \ Chemist \ NONE \ LATEJOIN
Deathshot958ks \ Vincent Von Shadows \ Head of Security \ NONE \ LATEJOIN
Ehh123 \ Phyllida Roby \ Botanist \ NONE \ LATEJOIN
