

Starting up round ID 283. 04:48:11
---------------------
Initialized Database subsystem within 0 seconds!
Initialized Blackbox subsystem within 0 seconds!
Initialized Server Tasks subsystem within 0 seconds!
Initialized Input subsystem within 0 seconds!
Initialized Research subsystem within 0 seconds!
Initialized Events subsystem within 0 seconds!
Initialized Jobs subsystem within 0 seconds!
Initialized Traits subsystem within 0 seconds!
Initialized Ticker subsystem within 0.1 seconds!
Loading Box Station...
Loaded Station in 7.3s!
Loaded Lavaland in 5.8s!
Loaded Reebe in 5.7s!
Ruin loader finished with 0 left to spend.
Ruin loader finished with 0 left to spend.
Initialized Mapping subsystem within 26.8 seconds!
Initialized Networks subsystem within 0 seconds!
Initialized Atoms subsystem within 50.8 seconds!
Initialized Language subsystem within 0 seconds!
Initialized Machines subsystem within 0.3 seconds!
Initialized Circuit subsystem within 0 seconds!
Initialized Disease subsystem within 0 seconds!
Initialized Medals subsystem within 0 seconds!
Initialized Night Shift subsystem within 0 seconds!
Initialized Parallax subsystem within 0 seconds!
Initialized Traumas subsystem within 0.2 seconds!
Initialized Weather subsystem within 0 seconds!
## WARNING: There are 14 active turfs at roundstart, this is a mapping error caused by a difference of the air between the adjacent turfs. You can see its coordinates using "Mapping -> Show roundstart AT list" verb (debug verbs required)
## WARNING: HEY! LISTEN! 1 second were wasted processing 14 turf(s) (connected to 20571 other turfs) with atmos differences at round start.
Initialized Atmospherics subsystem within 14.1 seconds!
Initialized Minimap subsystem within 0 seconds!
Initialized Assets subsystem within 0.8 seconds!
Initialized Icon Smoothing subsystem within 6.4 seconds!
Initialized Overlay subsystem within 40.3 seconds!
Initialized XKeyScore subsystem within 0 seconds!
Initialized Sticky Ban subsystem within 0 seconds!
Initialized Lighting subsystem within 14.3 seconds!
Initialized Shuttle subsystem within 20.1 seconds!
Initialized Squeak subsystem within 0.1 seconds!
Initialized pathfinder subsystem within 0 seconds!
Loaded 1 engraved messages on map Box Station
Initialized Persistence subsystem within 0 seconds!
Initializations complete within 174.5 seconds!
runtime error: 
[04:52:27]Cannot read null.species
[04:52:27]proc name: attach limb (/obj/item/bodypart/proc/attach_limb)
[04:52:27]  source file: dismemberment.dm,278
[04:52:27]  usr: null
[04:52:27]  src: the surplus prosthetic right a... (/obj/item/bodypart/r_arm/robot/surplus)
[04:52:27]  src.loc: null
[04:52:27]  call stack:
[04:52:27]the surplus prosthetic right a... (/obj/item/bodypart/r_arm/robot/surplus): attach limb( (/mob/living/carbon/human), null)
[04:52:27]the surplus prosthetic right a... (/obj/item/bodypart/r_arm/robot/surplus): replace limb( (/mob/living/carbon/human), null)
[04:52:27]Prosthetic Limb (/datum/trait/prosthetic_limb): on spawn()
[04:52:27]Prosthetic Limb (/datum/trait/prosthetic_limb): New( (/mob/living/carbon/human), 1)
[04:52:27] (/mob/living/carbon/human): add trait datum("Prosthetic Limb", 1)
[04:52:27]Traits (/datum/controller/subsystem/processing/traits): AssignTraits( (/mob/living/carbon/human), Smallrus (/client), 1)
[04:52:27]Ticker (/datum/controller/subsystem/ticker): equip characters()
[04:52:27]Ticker (/datum/controller/subsystem/ticker): setup()
[04:52:27]Ticker (/datum/controller/subsystem/ticker): fire(0)
[04:52:27]Ticker (/datum/controller/subsystem/ticker): ignite(0)
Game start took 27.6s
[2018-04-07 04:54:49] Client: LuigiBoiBY triggered JS error: Error: The URI to be decoded is not a valid encoding | url: http://127.0.0.1:54640/browserOutput.js | line: 116 | column: 2 | error: URIError: The URI to be decoded is not a valid encoding | user agent: Mozilla/4.0 (compatible; MSIE 7.0; Windows NT 6.2; WOW64; Trident/7.0; .NET4.0C; .NET4.0E; .NET CLR 2.0.50727; .NET CLR 3.0.30729; .NET CLR 3.5.30729; McAfee)
[2018-04-07 04:54:49] Client: SeniorSenor125 triggered JS error: Error: The URI to be decoded is not a valid encoding | url: http://127.0.0.1:59310/browserOutput.js | line: 116 | column: 2 | error: URIError: The URI to be decoded is not a valid encoding | user agent: Mozilla/4.0 (compatible; MSIE 7.0; Windows NT 6.2; WOW64; Trident/7.0; .NET4.0C; .NET4.0E; .NET CLR 2.0.50727; .NET CLR 3.0.30729; .NET CLR 3.5.30729; LCJB)
[2018-04-07 04:54:49] Client: Nigee triggered JS error: Error: The URI to be decoded is not a valid encoding | url: http://127.0.0.1:50344/browserOutput.js | line: 116 | column: 2 | error: URIError: The URI to be decoded is not a valid encoding | user agent: Mozilla/4.0 (compatible; MSIE 7.0; Windows NT 6.2; WOW64; Trident/7.0; .NET4.0C; .NET4.0E; .NET CLR 2.0.50727; .NET CLR 3.0.30729; .NET CLR 3.5.30729; AskTB5.6)
[2018-04-07 04:54:49] Client: SilentNoob57 triggered JS error: Error: L'URI à décoder contient un caractère incorrect | url: http://127.0.0.1:51494/tmp12168/browserOutput.js | line: 116 | column: 2 | error: URIError: L'URI à décoder contient un caractère incorrect | user agent: Mozilla/4.0 (compatible; MSIE 7.0; Windows NT 6.2; WOW64; Trident/7.0; .NET4.0C; .NET4.0E)
runtime error: 
[04:55:57]Cannot read null.client
[04:55:57]proc name: open (/datum/tgui/proc/open)
[04:55:57]  source file: tgui.dm,87
[04:55:57]  usr: Edward Pearsall (/mob/living/carbon/human)
[04:55:57]  src: /datum/tgui (/datum/tgui)
[04:55:57]  usr.loc: the floor (106,121,2) (/turf/open/floor/plasteel)
[04:55:57]  call stack:
[04:55:57]/datum/tgui (/datum/tgui): open()
[04:55:57]the tablet computer (/obj/item/device/modular_computer/tablet/preset/advanced): ui interact(null, "main", /datum/tgui (/datum/tgui), 0, null, /datum/ui_state/default (/datum/ui_state/default))
[04:55:57]the tablet computer (/obj/item/device/modular_computer/tablet/preset/advanced): attack self(Edward Pearsall (/mob/living/carbon/human))
[04:55:57]Edward Pearsall (/mob/living/carbon/human): ClickOn(the tablet computer (/obj/item/device/modular_computer/tablet/preset/advanced), "icon-x=13;icon-y=22;left=1;scr...")
[04:55:57]the tablet computer (/obj/item/device/modular_computer/tablet/preset/advanced): Click(null, "mapwindow.map", "icon-x=13;icon-y=22;left=1;scr...")
runtime error: 
[04:56:00]Cannot read null.client
[04:56:00]proc name: open (/datum/tgui/proc/open)
[04:56:00]  source file: tgui.dm,87
[04:56:00]  usr: Edward Pearsall (/mob/living/carbon/human)
[04:56:00]  src: /datum/tgui (/datum/tgui)
[04:56:00]  usr.loc: the floor (106,121,2) (/turf/open/floor/plasteel)
[04:56:00]  call stack:
[04:56:00]/datum/tgui (/datum/tgui): open()
[04:56:00]the tablet computer (/obj/item/device/modular_computer/tablet/preset/advanced): ui interact(null, "main", /datum/tgui (/datum/tgui), 0, null, /datum/ui_state/default (/datum/ui_state/default))
[04:56:00]the tablet computer (/obj/item/device/modular_computer/tablet/preset/advanced): attack self(Edward Pearsall (/mob/living/carbon/human))
[04:56:00]Edward Pearsall (/mob/living/carbon/human): ClickOn(the tablet computer (/obj/item/device/modular_computer/tablet/preset/advanced), "icon-x=11;icon-y=20;left=1;scr...")
[04:56:00]the tablet computer (/obj/item/device/modular_computer/tablet/preset/advanced): Click(null, "mapwindow.map", "icon-x=11;icon-y=20;left=1;scr...")
runtime error: 
[04:56:03]Cannot read null.client
[04:56:03]proc name: open (/datum/tgui/proc/open)
[04:56:03]  source file: tgui.dm,87
[04:56:03]  usr: Edward Pearsall (/mob/living/carbon/human)
[04:56:03]  src: /datum/tgui (/datum/tgui)
[04:56:03]  usr.loc: the floor (106,121,2) (/turf/open/floor/plasteel)
[04:56:03]  call stack:
[04:56:03]/datum/tgui (/datum/tgui): open()
[04:56:03]the tablet computer (/obj/item/device/modular_computer/tablet/preset/advanced): ui interact(null, "main", /datum/tgui (/datum/tgui), 0, null, /datum/ui_state/default (/datum/ui_state/default))
[04:56:03]the tablet computer (/obj/item/device/modular_computer/tablet/preset/advanced): attack self(Edward Pearsall (/mob/living/carbon/human))
[04:56:03]Edward Pearsall (/mob/living/carbon/human): ClickOn(the tablet computer (/obj/item/device/modular_computer/tablet/preset/advanced), "icon-x=19;icon-y=19;left=1;scr...")
[04:56:03]the tablet computer (/obj/item/device/modular_computer/tablet/preset/advanced): Click(null, "mapwindow.map", "icon-x=19;icon-y=19;left=1;scr...")
runtime error: 
[04:56:16]nothing to animate
[04:56:16]proc name: shake camera (/proc/shake_camera)
[04:56:16]  source file: mob_helpers.dm,270
[04:56:16]  usr: (src)
[04:56:16]  src: null
[04:56:16]  call stack:
[04:56:16]shake camera(Minerboy (/mob/living/carbon/human), 0.75, 1)
[04:56:16]Minerboy (/mob/living/carbon/human): afterShuttleMove(space (50,20,13) (/turf/open/space/transit/north), /list (/list), 8, 1, 1, 0)
[04:56:16]Minerboy (/mob/living/carbon/human): afterShuttleMove(space (50,20,13) (/turf/open/space/transit/north), /list (/list), 8, 1, 1, 0)
[04:56:16]the mining shuttle (/obj/docking_port/mobile): cleanup runway(the lavaland mine (/obj/docking_port/stationary), /list (/list), /list (/list), /list (/list), /list (/list), 0, 1, Space (/area/space), /turf/open/space/transit/north (/turf/open/space/transit/north), /turf/open/space (/turf/open/space))
[04:56:16]the mining shuttle (/obj/docking_port/mobile): initiate docking(the lavaland mine (/obj/docking_port/stationary), 1, 0)
[04:56:16]the mining shuttle (/obj/docking_port/mobile): check()
[04:56:16]Shuttle (/datum/controller/subsystem/shuttle): fire(0)
[04:56:16]Shuttle (/datum/controller/subsystem/shuttle): ignite(0)
runtime error: 
[05:02:46]nothing to animate
[05:02:46]proc name: shake camera (/proc/shake_camera)
[05:02:46]  source file: mob_helpers.dm,270
[05:02:46]  usr: (src)
[05:02:46]  src: null
[05:02:46]  call stack:
[05:02:46]shake camera(Minerboy (/mob/living/carbon/human), 0.75, 1)
[05:02:46]Minerboy (/mob/living/carbon/human): afterShuttleMove(space (50,20,13) (/turf/open/space/transit/north), /list (/list), 8, 1, 1, 0)
[05:02:46]Minerboy (/mob/living/carbon/human): afterShuttleMove(space (50,20,13) (/turf/open/space/transit/north), /list (/list), 8, 1, 1, 0)
[05:02:46]the mining shuttle (/obj/docking_port/mobile): cleanup runway(the mining shuttle bay (/obj/docking_port/stationary), /list (/list), /list (/list), /list (/list), /list (/list), 0, 1, Space (/area/space), /turf/open/space/transit/north (/turf/open/space/transit/north), /turf/open/space (/turf/open/space))
[05:02:46]the mining shuttle (/obj/docking_port/mobile): initiate docking(the mining shuttle bay (/obj/docking_port/stationary), 1, 0)
[05:02:46]the mining shuttle (/obj/docking_port/mobile): check()
[05:02:46]Shuttle (/datum/controller/subsystem/shuttle): fire(0)
[05:02:46]Shuttle (/datum/controller/subsystem/shuttle): ignite(0)
runtime error: 
[05:04:11]nothing to animate
[05:04:11]proc name: shake camera (/proc/shake_camera)
[05:04:11]  source file: mob_helpers.dm,270
[05:04:11]  usr: (src)
[05:04:11]  src: null
[05:04:11]  call stack:
[05:04:11]shake camera(Minerboy (/mob/living/carbon/human), 0.75, 1)
[05:04:11]Minerboy (/mob/living/carbon/human): afterShuttleMove(space (50,20,13) (/turf/open/space/transit/north), /list (/list), 8, 1, 1, 0)
[05:04:11]Minerboy (/mob/living/carbon/human): afterShuttleMove(space (50,20,13) (/turf/open/space/transit/north), /list (/list), 8, 1, 1, 0)
[05:04:11]the mining shuttle (/obj/docking_port/mobile): cleanup runway(the lavaland mine (/obj/docking_port/stationary), /list (/list), /list (/list), /list (/list), /list (/list), 0, 1, Space (/area/space), /turf/open/space/transit/north (/turf/open/space/transit/north), /turf/open/space (/turf/open/space))
[05:04:11]the mining shuttle (/obj/docking_port/mobile): initiate docking(the lavaland mine (/obj/docking_port/stationary), 1, 0)
[05:04:11]the mining shuttle (/obj/docking_port/mobile): check()
[05:04:11]Shuttle (/datum/controller/subsystem/shuttle): fire(0)
[05:04:11]Shuttle (/datum/controller/subsystem/shuttle): ignite(0)
runtime error: 
[05:05:29]Cannot execute null.CanPass().
[05:05:29]proc name: bartender check (/obj/item/reagent_containers/proc/bartender_check)
[05:05:29]  source file: reagent_containers.dm,83
[05:05:29]  usr: null
[05:05:29]  src: the drinking glass (/obj/item/reagent_containers/food/drinks/drinkingglass)
[05:05:29]  src.loc: null
[05:05:29]  call stack:
[05:05:29]the drinking glass (/obj/item/reagent_containers/food/drinks/drinkingglass): bartender check(null)
[05:05:29]the drinking glass (/obj/item/reagent_containers/food/drinks/drinkingglass): smash(null, John Brinigh (/mob/living/carbon/human), 1)
[05:05:29]the drinking glass (/obj/item/reagent_containers/food/drinks/drinkingglass): throw impact(null, /datum/thrownthing (/datum/thrownthing))
[05:05:29]/datum/thrownthing (/datum/thrownthing): finalize(0, null)
[05:05:29]/datum/thrownthing (/datum/thrownthing): tick()
[05:05:29]Throwing (/datum/controller/subsystem/throwing): fire(0)
[05:05:29]Throwing (/datum/controller/subsystem/throwing): ignite(0)
[05:05:29]Master (/datum/controller/master): RunQueue()
[05:05:29]Master (/datum/controller/master): Loop()
[05:05:29]Master (/datum/controller/master): StartProcessing(0)
runtime error: 
[05:06:08]nothing to animate
[05:06:08]proc name: shake camera (/proc/shake_camera)
[05:06:08]  source file: mob_helpers.dm,270
[05:06:08]  usr: (src)
[05:06:08]  src: null
[05:06:08]  call stack:
[05:06:08]shake camera(Barack Obama (/mob/living/carbon/human), 0.75, 1)
[05:06:08]Barack Obama (/mob/living/carbon/human): afterShuttleMove(space (21,19,13) (/turf/open/space/transit/west), /list (/list), 8, 8, 8, 0)
[05:06:08]Barack Obama (/mob/living/carbon/human): afterShuttleMove(space (21,19,13) (/turf/open/space/transit/west), /list (/list), 8, 8, 8, 0)
[05:06:08]the arrivals shuttle (/obj/docking_port/mobile/arrivals): cleanup runway(the arrivals (/obj/docking_port/stationary), /list (/list), /list (/list), /list (/list), /list (/list), 0, 8, Space (/area/space), /turf/open/space/transit/west (/turf/open/space/transit/west), /turf/open/space (/turf/open/space))
[05:06:08]the arrivals shuttle (/obj/docking_port/mobile/arrivals): initiate docking(the arrivals (/obj/docking_port/stationary), 8, 0)
[05:06:08]the arrivals shuttle (/obj/docking_port/mobile/arrivals): initiate docking(the arrivals (/obj/docking_port/stationary), 8)
[05:06:08]the arrivals shuttle (/obj/docking_port/mobile/arrivals): check()
[05:06:08]the arrivals shuttle (/obj/docking_port/mobile/arrivals): check()
[05:06:08]Shuttle (/datum/controller/subsystem/shuttle): fire(0)
[05:06:08]Shuttle (/datum/controller/subsystem/shuttle): ignite(0)
runtime error: 
[05:16:01]nothing to animate
[05:16:01]proc name: shake camera (/proc/shake_camera)
[05:16:01]  source file: mob_helpers.dm,270
[05:16:01]  usr: (src)
[05:16:01]  src: null
[05:16:01]  call stack:
[05:16:01]shake camera(Vincent Von Shadows (/mob/living/carbon/human), 0.75, 1)
[05:16:01]Vincent Von Shadows (/mob/living/carbon/human): afterShuttleMove(space (25,19,13) (/turf/open/space/transit/west), /list (/list), 8, 8, 8, 0)
[05:16:01]Vincent Von Shadows (/mob/living/carbon/human): afterShuttleMove(space (25,19,13) (/turf/open/space/transit/west), /list (/list), 8, 8, 8, 0)
[05:16:01]the arrivals shuttle (/obj/docking_port/mobile/arrivals): cleanup runway(the arrivals (/obj/docking_port/stationary), /list (/list), /list (/list), /list (/list), /list (/list), 0, 8, Space (/area/space), /turf/open/space/transit/west (/turf/open/space/transit/west), /turf/open/space (/turf/open/space))
[05:16:01]the arrivals shuttle (/obj/docking_port/mobile/arrivals): initiate docking(the arrivals (/obj/docking_port/stationary), 8, 0)
[05:16:01]the arrivals shuttle (/obj/docking_port/mobile/arrivals): initiate docking(the arrivals (/obj/docking_port/stationary), 8)
[05:16:01]the arrivals shuttle (/obj/docking_port/mobile/arrivals): check()
[05:16:01]the arrivals shuttle (/obj/docking_port/mobile/arrivals): check()
[05:16:01]Shuttle (/datum/controller/subsystem/shuttle): fire(0)
[05:16:01]Shuttle (/datum/controller/subsystem/shuttle): ignite(0)
runtime error: 
[05:22:19]nothing to animate
[05:22:19]proc name: shake camera (/proc/shake_camera)
[05:22:19]  source file: mob_helpers.dm,270
[05:22:19]  usr: (src)
[05:22:19]  src: null
[05:22:19]  call stack:
[05:22:19]shake camera(Brouzof Chomski (/mob/living/carbon/human), 0.75, 1)
[05:22:19]Brouzof Chomski (/mob/living/carbon/human): afterShuttleMove(space (50,20,13) (/turf/open/space/transit/north), /list (/list), 8, 1, 1, 0)
[05:22:19]Brouzof Chomski (/mob/living/carbon/human): afterShuttleMove(space (50,20,13) (/turf/open/space/transit/north), /list (/list), 8, 1, 1, 0)
[05:22:19]the mining shuttle (/obj/docking_port/mobile): cleanup runway(the lavaland mine (/obj/docking_port/stationary), /list (/list), /list (/list), /list (/list), /list (/list), 0, 1, Space (/area/space), /turf/open/space/transit/north (/turf/open/space/transit/north), /turf/open/space (/turf/open/space))
[05:22:19]the mining shuttle (/obj/docking_port/mobile): initiate docking(the lavaland mine (/obj/docking_port/stationary), 1, 0)
[05:22:19]the mining shuttle (/obj/docking_port/mobile): check()
[05:22:19]Shuttle (/datum/controller/subsystem/shuttle): fire(0)
[05:22:19]Shuttle (/datum/controller/subsystem/shuttle): ignite(0)
runtime error: 
[05:28:07]nothing to animate
[05:28:07]proc name: shake camera (/proc/shake_camera)
[05:28:07]  source file: mob_helpers.dm,270
[05:28:07]  usr: (src)
[05:28:07]  src: null
[05:28:07]  call stack:
[05:28:07]shake camera(Brouzof Chomski (/mob/living/carbon/human), 0.75, 1)
[05:28:07]Brouzof Chomski (/mob/living/carbon/human): afterShuttleMove(space (50,20,13) (/turf/open/space/transit/north), /list (/list), 8, 1, 1, 0)
[05:28:07]Brouzof Chomski (/mob/living/carbon/human): afterShuttleMove(space (50,20,13) (/turf/open/space/transit/north), /list (/list), 8, 1, 1, 0)
[05:28:07]the mining shuttle (/obj/docking_port/mobile): cleanup runway(the mining shuttle bay (/obj/docking_port/stationary), /list (/list), /list (/list), /list (/list), /list (/list), 0, 1, Space (/area/space), /turf/open/space/transit/north (/turf/open/space/transit/north), /turf/open/space (/turf/open/space))
[05:28:07]the mining shuttle (/obj/docking_port/mobile): initiate docking(the mining shuttle bay (/obj/docking_port/stationary), 1, 0)
[05:28:07]the mining shuttle (/obj/docking_port/mobile): check()
[05:28:07]Shuttle (/datum/controller/subsystem/shuttle): fire(0)
[05:28:07]Shuttle (/datum/controller/subsystem/shuttle): ignite(0)
## WARNING: couldn't find shuttle with id: syndie_cargo in code/controllers/subsystem/shuttle.dm at line 209 src: Shuttle usr: Colten Linton.
runtime error: 
[05:30:00]addtimer called with a callback assigned to a qdeleted object
[05:30:00]proc name: stack trace (/proc/stack_trace)
[05:30:00]  source file: unsorted.dm,1254
[05:30:00]  usr: (src)
[05:30:00]  src: null
[05:30:00]  call stack:
[05:30:00]stack trace("addtimer called with a callbac...")
[05:30:00]addtimer(/datum/callback (/datum/callback), 20, 0)
[05:30:00]/datum/effect_system/spark_spr... (/datum/effect_system/spark_spread): generate effect()
[05:30:00]world: ImmediateInvokeAsync(/datum/effect_system/spark_spr... (/datum/effect_system/spark_spread), /datum/effect_system/proc/gene... (/datum/effect_system/proc/generate_effect))
runtime error: 
[05:30:01]addtimer called with a callback assigned to a qdeleted object
[05:30:01]proc name: stack trace (/proc/stack_trace)
[05:30:01]  source file: unsorted.dm,1254
[05:30:01]  usr: (src)
[05:30:01]  src: null
[05:30:01]  call stack:
[05:30:01]stack trace("addtimer called with a callbac...")
[05:30:01]addtimer(/datum/callback (/datum/callback), 20, 0)
[05:30:01]/datum/effect_system/spark_spr... (/datum/effect_system/spark_spread): generate effect()
[05:30:01]world: ImmediateInvokeAsync(/datum/effect_system/spark_spr... (/datum/effect_system/spark_spread), /datum/effect_system/proc/gene... (/datum/effect_system/proc/generate_effect))
runtime error: 
[05:43:20]nothing to animate
[05:43:20]proc name: shake camera (/proc/shake_camera)
[05:43:20]  source file: mob_helpers.dm,270
[05:43:20]  usr: (src)
[05:43:20]  src: null
[05:43:20]  call stack:
[05:43:20]shake camera(Phyllida Roby (/mob/living/carbon/human), 0.75, 1)
[05:43:20]Phyllida Roby (/mob/living/carbon/human): afterShuttleMove(space (25,20,13) (/turf/open/space/transit/west), /list (/list), 8, 8, 8, 0)
[05:43:20]Phyllida Roby (/mob/living/carbon/human): afterShuttleMove(space (25,20,13) (/turf/open/space/transit/west), /list (/list), 8, 8, 8, 0)
[05:43:20]the arrivals shuttle (/obj/docking_port/mobile/arrivals): cleanup runway(the arrivals (/obj/docking_port/stationary), /list (/list), /list (/list), /list (/list), /list (/list), 0, 8, Space (/area/space), /turf/open/space/transit/west (/turf/open/space/transit/west), /turf/open/space (/turf/open/space))
[05:43:20]the arrivals shuttle (/obj/docking_port/mobile/arrivals): initiate docking(the arrivals (/obj/docking_port/stationary), 8, 0)
[05:43:20]the arrivals shuttle (/obj/docking_port/mobile/arrivals): initiate docking(the arrivals (/obj/docking_port/stationary), 8)
[05:43:20]the arrivals shuttle (/obj/docking_port/mobile/arrivals): check()
[05:43:20]the arrivals shuttle (/obj/docking_port/mobile/arrivals): check()
[05:43:20]Shuttle (/datum/controller/subsystem/shuttle): fire(0)
[05:43:20]Shuttle (/datum/controller/subsystem/shuttle): ignite(0)
runtime error: 
[05:48:13]Cannot read null.client
[05:48:13]proc name: open (/datum/tgui/proc/open)
[05:48:13]  source file: tgui.dm,87
[05:48:13]  usr: null
[05:48:13]  src: /datum/tgui (/datum/tgui)
[05:48:13]  call stack:
[05:48:13]/datum/tgui (/datum/tgui): open()
[05:48:13]the sleeper (/obj/machinery/sleeper): ui interact(null, "main", /datum/tgui (/datum/tgui), 0, null, /datum/ui_state/notcontained_s... (/datum/ui_state/notcontained_state))
[05:48:13]the sleeper (/obj/machinery/sleeper): updateUsrDialog()
[05:48:13]the sleeper (/obj/machinery/sleeper): open machine(1)
[05:48:13]the sleeper (/obj/machinery/sleeper): open machine()
[05:48:13]the sleeper (/obj/machinery/sleeper): container resist(Alisa Jackson (/mob/living/carbon/human))
[05:48:13]the sleeper (/obj/machinery/sleeper): relaymove(Alisa Jackson (/mob/living/carbon/human), 8)
[05:48:13]Ydennek1 (/client): Move(the floor (140,115,2) (/turf/open/floor/plasteel/white/side), 8)
[05:48:13]Alisa Jackson (/mob/living/carbon/human): keyLoop(Ydennek1 (/client))
[05:48:13]Ydennek1 (/client): keyLoop()
[05:48:13]Input (/datum/controller/subsystem/input): fire(0)
[05:48:13]Input (/datum/controller/subsystem/input): ignite(0)
[05:48:13]Master (/datum/controller/master): RunQueue()
[05:48:13]Master (/datum/controller/master): Loop()
[05:48:13]Master (/datum/controller/master): StartProcessing(0)
runtime error: 
[05:49:32]Cannot read null.client
[05:49:32]proc name: remove from client (/datum/action/vote/proc/remove_from_client)
[05:49:32]  source file: vote.dm,321
[05:49:32]  usr: null
[05:49:32]  src: Vote! (/datum/action/vote)
[05:49:32]  call stack:
[05:49:32]Vote! (/datum/action/vote): remove from client()
[05:49:32]Vote (/datum/controller/subsystem/vote): remove action buttons()
[05:49:32]Vote (/datum/controller/subsystem/vote): announce result()
[05:49:32]Vote (/datum/controller/subsystem/vote): result()
[05:49:32]Vote (/datum/controller/subsystem/vote): fire(0)
[05:49:32]Vote (/datum/controller/subsystem/vote): ignite(0)
[05:49:32]Master (/datum/controller/master): RunQueue()
[05:49:32]Master (/datum/controller/master): Loop()
[05:49:32]Master (/datum/controller/master): StartProcessing(0)
runtime error: 
[05:49:32]Cannot read null.client
[05:49:32]proc name: remove from client (/datum/action/vote/proc/remove_from_client)
[05:49:32]  source file: vote.dm,321
[05:49:32]  usr: null
[05:49:32]  src: Vote! (/datum/action/vote)
[05:49:32]  call stack:
[05:49:32]Vote! (/datum/action/vote): remove from client()
[05:49:32]Vote (/datum/controller/subsystem/vote): remove action buttons()
[05:49:32]Vote (/datum/controller/subsystem/vote): announce result()
[05:49:32]Vote (/datum/controller/subsystem/vote): result()
[05:49:32]Vote (/datum/controller/subsystem/vote): fire(0)
[05:49:32]Vote (/datum/controller/subsystem/vote): ignite(0)
[05:49:32]Master (/datum/controller/master): RunQueue()
[05:49:32]Master (/datum/controller/master): Loop()
[05:49:32]Master (/datum/controller/master): StartProcessing(0)
runtime error: 
[05:49:32]Cannot read null.client
[05:49:32]proc name: remove from client (/datum/action/vote/proc/remove_from_client)
[05:49:32]  source file: vote.dm,321
[05:49:32]  usr: null
[05:49:32]  src: Vote! (/datum/action/vote)
[05:49:32]  call stack:
[05:49:32]Vote! (/datum/action/vote): remove from client()
[05:49:32]Vote (/datum/controller/subsystem/vote): remove action buttons()
[05:49:32]Vote (/datum/controller/subsystem/vote): announce result()
[05:49:32]Vote (/datum/controller/subsystem/vote): result()
[05:49:32]Vote (/datum/controller/subsystem/vote): fire(0)
[05:49:32]Vote (/datum/controller/subsystem/vote): ignite(0)
[05:49:32]Master (/datum/controller/master): RunQueue()
[05:49:32]Master (/datum/controller/master): Loop()
[05:49:32]Master (/datum/controller/master): StartProcessing(0)
Shutting down Persistence subsystem...
Shutting down pathfinder subsystem...
Shutting down Squeak subsystem...
Shutting down Shuttle subsystem...
Shutting down Lighting subsystem...
Shutting down XKeyScore subsystem...
Shutting down Sticky Ban subsystem...
Shutting down Overlay subsystem...
Shutting down Icon Smoothing subsystem...
Shutting down Assets subsystem...
Shutting down Minimap subsystem...
Shutting down Atmospherics subsystem...
Shutting down Wet floors subsystem...
Shutting down Weather subsystem...
Shutting down Vote subsystem...
Shutting down Traumas subsystem...
Shutting down Title Screen subsystem...
Shutting down Time Tracking subsystem...
Shutting down Throwing subsystem...
Shutting down tgui subsystem...
Shutting down Sun subsystem...
Shutting down Space Drift subsystem...
Shutting down Religion subsystem...
Shutting down Radio subsystem...
Shutting down Radiation subsystem...
Shutting down Projectiles subsystem...
Shutting down Processing subsystem...
Shutting down Parallax subsystem...
Shutting down pAI subsystem...
Shutting down Orbits subsystem...
Shutting down Objects subsystem...
Shutting down NPC Pool subsystem...
Shutting down Night Shift subsystem...
Shutting down Mood subsystem...
Shutting down Mobs subsystem...
Shutting down Medals subsystem...
Shutting down Inbounds subsystem...
Shutting down Idling NPC Pool subsystem...
Shutting down Flightpack Movement subsystem...
Shutting down Fire Burning subsystem...
Shutting down Fields subsystem...
Shutting down Fast Processing subsystem...
Shutting down Disease subsystem...
Shutting down Communications subsystem...
Shutting down Augury subsystem...
Shutting down Acid subsystem...
Shutting down Timer subsystem...
Shutting down Circuit subsystem...
Shutting down Machines subsystem...
Shutting down Language subsystem...
Shutting down Atoms subsystem...
Shutting down Networks subsystem...
Shutting down Mapping subsystem...
Shutting down Ticker subsystem...
Shutting down Traits subsystem...
Shutting down Jobs subsystem...
Shutting down Events subsystem...
Shutting down Research subsystem...
Shutting down Input subsystem...
Shutting down Server Tasks subsystem...
Shutting down Blackbox subsystem...
Shutting down Database subsystem...
Shutting down Garbage subsystem...
Shutdown complete
World rebooted at 05:51:08
