[2018-09-11 01:34:15.485] Starting up round ID 2246.
[2018-09-11 01:34:15.485] -------------------------
[2018-09-11 01:34:20.664] Initialized Database subsystem within 0 seconds!
[2018-09-11 01:34:20.665] Initialized Blackbox subsystem within 0 seconds!
[2018-09-11 01:34:20.665] Initialized Server Tasks subsystem within 0 seconds!
[2018-09-11 01:34:20.665] Initialized Input subsystem within 0 seconds!
[2018-09-11 01:34:20.666] Initialized Vis contents overlays subsystem within 0 seconds!
[2018-09-11 01:34:20.696] Initialized Research subsystem within 0 seconds!
[2018-09-11 01:34:20.701] Initialized Events subsystem within 0.1 seconds!
[2018-09-11 01:34:20.705] Initialized Jobs subsystem within 0 seconds!
[2018-09-11 01:34:20.706] Initialized Quirks subsystem within 0 seconds!
[2018-09-11 01:34:20.712] Initialized Ticker subsystem within 0 seconds!
[2018-09-11 01:34:20.713] Loading Box Station...
[2018-09-11 01:34:25.678] Loaded Station in 4.9s!
[2018-09-11 01:34:28.183] Loaded Lavaland in 2.2s!
[2018-09-11 01:34:37.689] Ruin loader finished with 0 left to spend.
[2018-09-11 01:34:39.408] Ruin loader finished with 0 left to spend.
[2018-09-11 01:34:40.876] Initialized Mapping subsystem within 20.1 seconds!
[2018-09-11 01:34:40.927] Initialized Networks subsystem within 0 seconds!
[2018-09-11 01:35:46.860] Initialized Atoms subsystem within 65.9 seconds!
[2018-09-11 01:35:46.877] Initialized Language subsystem within 0 seconds!
[2018-09-11 01:35:47.254] Initialized Machines subsystem within 0.4 seconds!
[2018-09-11 01:35:47.321] Initialized Circuit subsystem within 0.1 seconds!
[2018-09-11 01:35:47.323] Initialized Disease subsystem within 0 seconds!
[2018-09-11 01:35:47.323] Initialized Medals subsystem within 0 seconds!
[2018-09-11 01:35:47.324] Initialized Night Shift subsystem within 0 seconds!
[2018-09-11 01:35:47.324] Initialized Parallax subsystem within 0 seconds!
[2018-09-11 01:35:47.486] Initialized Traumas subsystem within 0.1 seconds!
[2018-09-11 01:35:47.487] Initialized Weather subsystem within 0 seconds!
[2018-09-11 01:35:55.579] Initialized Atmospherics subsystem within 8.1 seconds!
[2018-09-11 01:35:57.770] Initialized Assets subsystem within 2.2 seconds!
[2018-09-11 01:36:07.436] Initialized Icon Smoothing subsystem within 9.7 seconds!
[2018-09-11 01:36:09.490] Initialized Overlay subsystem within 2 seconds!
[2018-09-11 01:36:09.490] Initialized XKeyScore subsystem within 0 seconds!
[2018-09-11 01:36:09.495] Initialized Sticky Ban subsystem within 0 seconds!
[2018-09-11 01:36:26.521] Initialized Lighting subsystem within 17.1 seconds!
[2018-09-11 01:36:29.512] Initialized Shuttle subsystem within 3 seconds!
[2018-09-11 01:36:29.554] Initialized Squeak subsystem within 0 seconds!
[2018-09-11 01:36:29.556] Initialized Pathfinder subsystem within 0 seconds!
[2018-09-11 01:36:29.613] Loaded 27 engraved messages on map Box Station
[2018-09-11 01:36:29.626] Initialized Persistence subsystem within 0.1 seconds!
[2018-09-11 01:36:29.629] Initializations complete within 129 seconds!
[2018-09-11 01:37:55.885] Game start took 3.3s
[2018-09-11 01:39:41.681] Saved 27 engraved messages on map Box Station
[2018-09-11 01:41:35.835] Shutting down Persistence subsystem...
[2018-09-11 01:41:35.836] Shutting down Pathfinder subsystem...
[2018-09-11 01:41:35.836] Shutting down Squeak subsystem...
[2018-09-11 01:41:35.836] Shutting down Shuttle subsystem...
[2018-09-11 01:41:35.836] Shutting down Lighting subsystem...
[2018-09-11 01:41:35.837] Shutting down XKeyScore subsystem...
[2018-09-11 01:41:35.837] Shutting down Sticky Ban subsystem...
[2018-09-11 01:41:35.837] Shutting down Overlay subsystem...
[2018-09-11 01:41:35.888] Shutting down Icon Smoothing subsystem...
[2018-09-11 01:41:35.889] Shutting down Assets subsystem...
[2018-09-11 01:41:35.889] Shutting down Atmospherics subsystem...
[2018-09-11 01:41:35.889] Shutting down Wet floors subsystem...
[2018-09-11 01:41:35.889] Shutting down Weather subsystem...
[2018-09-11 01:41:35.889] Shutting down Vote subsystem...
[2018-09-11 01:41:35.890] Shutting down Traumas subsystem...
[2018-09-11 01:41:35.890] Shutting down Title Screen subsystem...
[2018-09-11 01:41:35.891] Shutting down Time Tracking subsystem...
[2018-09-11 01:41:35.891] Shutting down Throwing subsystem...
[2018-09-11 01:41:35.891] Shutting down tgui subsystem...
[2018-09-11 01:41:35.891] Shutting down Sun subsystem...
[2018-09-11 01:41:35.892] Shutting down Space Drift subsystem...
[2018-09-11 01:41:35.892] Shutting down Religion subsystem...
[2018-09-11 01:41:35.892] Shutting down Radio subsystem...
[2018-09-11 01:41:35.892] Shutting down Radiation subsystem...
[2018-09-11 01:41:35.892] Shutting down Projectiles subsystem...
[2018-09-11 01:41:35.892] Shutting down Processing subsystem...
[2018-09-11 01:41:35.892] Shutting down Ping subsystem...
[2018-09-11 01:41:35.893] Shutting down Parallax subsystem...
[2018-09-11 01:41:35.893] Shutting down pAI subsystem...
[2018-09-11 01:41:35.893] Shutting down Orbits subsystem...
[2018-09-11 01:41:35.893] Shutting down Objects subsystem...
[2018-09-11 01:41:35.893] Shutting down NPC Pool subsystem...
[2018-09-11 01:41:35.893] Shutting down Night Shift subsystem...
[2018-09-11 01:41:35.893] Shutting down Nanites subsystem...
[2018-09-11 01:41:35.893] Shutting down Mood subsystem...
[2018-09-11 01:41:35.893] Shutting down Mobs subsystem...
[2018-09-11 01:41:35.894] Shutting down Medals subsystem...
[2018-09-11 01:41:35.894] Shutting down Idling NPC Pool subsystem...
[2018-09-11 01:41:35.894] Shutting down Fire Burning subsystem...
[2018-09-11 01:41:35.894] Shutting down Fields subsystem...
[2018-09-11 01:41:35.894] Shutting down Fast Processing subsystem...
[2018-09-11 01:41:35.894] Shutting down Disease subsystem...
[2018-09-11 01:41:35.894] Shutting down Datum Component System subsystem...
[2018-09-11 01:41:35.894] Shutting down Communications subsystem...
[2018-09-11 01:41:35.894] Shutting down Augury subsystem...
[2018-09-11 01:41:35.894] Shutting down Acid subsystem...
[2018-09-11 01:41:35.894] Shutting down Timer subsystem...
[2018-09-11 01:41:35.895] Shutting down Circuit subsystem...
[2018-09-11 01:41:35.895] Shutting down Machines subsystem...
[2018-09-11 01:41:35.895] Shutting down Language subsystem...
[2018-09-11 01:41:35.895] Shutting down Atoms subsystem...
[2018-09-11 01:41:35.895] Shutting down Networks subsystem...
[2018-09-11 01:41:35.896] Shutting down Mapping subsystem...
[2018-09-11 01:41:35.896] Shutting down Ticker subsystem...
[2018-09-11 01:41:36.283] Shutting down Quirks subsystem...
[2018-09-11 01:41:36.283] Shutting down Jobs subsystem...
[2018-09-11 01:41:36.283] Shutting down Events subsystem...
[2018-09-11 01:41:36.283] Shutting down Research subsystem...
[2018-09-11 01:41:36.283] Shutting down Vis contents overlays subsystem...
[2018-09-11 01:41:36.283] Shutting down Input subsystem...
[2018-09-11 01:41:36.283] Shutting down Server Tasks subsystem...
[2018-09-11 01:41:36.284] Shutting down Blackbox subsystem...
[2018-09-11 01:41:36.393] Shutting down Database subsystem...
[2018-09-11 01:41:36.430] Shutting down Garbage subsystem...
[2018-09-11 01:41:36.463] Shutdown complete
[2018-09-11 01:41:36.463] World rebooted at 01:41:36
