

Starting up round ID 661. 01:07:15
---------------------
runtime error: 
[01:07:24]bad client
[01:07:24]proc name: showChat (/datum/chatOutput/proc/showChat)
[01:07:24]  source file: browserOutput.dm,112
[01:07:24]  usr: null
[01:07:24]  src: /datum/chatOutput (/datum/chatOutput)
[01:07:24]  call stack:
[01:07:24]/datum/chatOutput (/datum/chatOutput): showChat()
[01:07:24]/datum/chatOutput (/datum/chatOutput): doneLoading()
[01:07:24]/datum/chatOutput (/datum/chatOutput): start()
runtime error: 
[01:07:24]Cannot read null.ckey
[01:07:24]proc name: sendClientData (/datum/chatOutput/proc/sendClientData)
[01:07:24]  source file: browserOutput.dm,146
[01:07:24]  usr: null
[01:07:24]  src: /datum/chatOutput (/datum/chatOutput)
[01:07:24]  call stack:
[01:07:24]/datum/chatOutput (/datum/chatOutput): sendClientData()
[01:07:24]/datum/chatOutput (/datum/chatOutput): doneLoading()
[01:07:24]/datum/chatOutput (/datum/chatOutput): start()
Initialized Database subsystem within 0 seconds!
Initialized Blackbox subsystem within 0 seconds!
Initialized Server Tasks subsystem within 0 seconds!
Initialized Input subsystem within 0 seconds!
Initialized Research subsystem within 0 seconds!
Initialized Events subsystem within 0 seconds!
Initialized Jobs subsystem within 0 seconds!
Initialized Traits subsystem within 0 seconds!
Initialized Ticker subsystem within 0 seconds!
Loading Box Station...
Loaded Station in 7.1s!
Loaded Lavaland in 5.7s!
Loaded Reebe in 7.7s!
Ruin loader finished with 0 left to spend.
Ruin loader finished with 0 left to spend.
Initialized Mapping subsystem within 26.8 seconds!
Initialized Networks subsystem within 0.1 seconds!
Initialized Atoms subsystem within 43.5 seconds!
Initialized Language subsystem within 0 seconds!
Initialized Machines subsystem within 0.3 seconds!
Initialized Circuit subsystem within 0 seconds!
Initialized Disease subsystem within 0 seconds!
Initialized Medals subsystem within 0 seconds!
Initialized Night Shift subsystem within 0 seconds!
Initialized Parallax subsystem within 0 seconds!
Initialized Traumas subsystem within 0.2 seconds!
Initialized Weather subsystem within 0 seconds!
## WARNING: There are 8 active turfs at roundstart, this is a mapping error caused by a difference of the air between the adjacent turfs. You can see its coordinates using "Mapping -> Show roundstart AT list" verb (debug verbs required)
## WARNING: HEY! LISTEN! 1 second were wasted processing 8 turf(s) (connected to 21092 other turfs) with atmos differences at round start.
## WARNING: build_pipeline(): /obj/machinery/atmospherics/pipe/simple/supply/hidden added to a pipenet while still having one. (pipes leading to the same spot stacking in one turf) Nearby: (108, 118, 2)
## WARNING: build_pipeline(): /obj/machinery/atmospherics/pipe/manifold/supply/hidden added to a pipenet while still having one. (pipes leading to the same spot stacking in one turf) Nearby: (106, 118, 2)
## WARNING: build_pipeline(): /obj/machinery/atmospherics/pipe/simple/supply/hidden added to a pipenet while still having one. (pipes leading to the same spot stacking in one turf) Nearby: (109, 118, 2)
## WARNING: build_pipeline(): /obj/machinery/atmospherics/pipe/simple/supply/hidden added to a pipenet while still having one. (pipes leading to the same spot stacking in one turf) Nearby: (107, 118, 2)
## WARNING: build_pipeline(): /obj/machinery/atmospherics/pipe/simple/supply/hidden added to a pipenet while still having one. (pipes leading to the same spot stacking in one turf) Nearby: (106, 119, 2)
## WARNING: build_pipeline(): /obj/machinery/atmospherics/pipe/simple/supply/hidden added to a pipenet while still having one. (pipes leading to the same spot stacking in one turf) Nearby: (106, 117, 2)
## WARNING: build_pipeline(): /obj/machinery/atmospherics/pipe/simple/supply/hidden added to a pipenet while still having one. (pipes leading to the same spot stacking in one turf) Nearby: (106, 120, 2)
## WARNING: build_pipeline(): /obj/machinery/atmospherics/pipe/simple/supply/hidden added to a pipenet while still having one. (pipes leading to the same spot stacking in one turf) Nearby: (106, 116, 2)
## WARNING: build_pipeline(): /obj/machinery/atmospherics/pipe/simple/supply/hidden added to a pipenet while still having one. (pipes leading to the same spot stacking in one turf) Nearby: (106, 121, 2)
## WARNING: build_pipeline(): /obj/machinery/atmospherics/pipe/simple/supply/hidden added to a pipenet while still having one. (pipes leading to the same spot stacking in one turf) Nearby: (106, 115, 2)
## WARNING: build_pipeline(): further messages about pipenets will be supressed
Initialized Atmospherics subsystem within 14.4 seconds!
Initialized Minimap subsystem within 0.4 seconds!
Initialized Assets subsystem within 0.8 seconds!
Initialized Icon Smoothing subsystem within 7.3 seconds!
Initialized Overlay subsystem within 19.1 seconds!
Initialized XKeyScore subsystem within 0 seconds!
Initialized Sticky Ban subsystem within 0 seconds!
Initialized Lighting subsystem within 13.9 seconds!
Initialized Shuttle subsystem within 25.6 seconds!
Initialized Squeak subsystem within 0 seconds!
Initialized pathfinder subsystem within 0 seconds!
Loaded 103 engraved messages on map Box Station
Initialized Persistence subsystem within 0.1 seconds!
Initializations complete within 153.1 seconds!
Game start took 16.5s
runtime error: 
[01:11:51]nothing to animate
[01:11:51]proc name: shake camera (/proc/shake_camera)
[01:11:51]  source file: mob_helpers.dm,270
[01:11:51]  usr: (src)
[01:11:51]  src: null
[01:11:51]  call stack:
[01:11:51]shake camera(Dennis Ida (/mob/living/carbon/human), 0.75, 1)
[01:11:51]Dennis Ida (/mob/living/carbon/human): afterShuttleMove(space (23,19,13) (/turf/open/space/transit/west), /list (/list), 8, 8, 8, 0)
[01:11:51]Dennis Ida (/mob/living/carbon/human): afterShuttleMove(space (23,19,13) (/turf/open/space/transit/west), /list (/list), 8, 8, 8, 0)
[01:11:51]the arrivals shuttle (/obj/docking_port/mobile/arrivals): cleanup runway(the arrivals (/obj/docking_port/stationary), /list (/list), /list (/list), /list (/list), /list (/list), 0, 8, Space (/area/space), /turf/open/space/transit/west (/turf/open/space/transit/west), /turf/open/space (/turf/open/space))
[01:11:51]the arrivals shuttle (/obj/docking_port/mobile/arrivals): initiate docking(the arrivals (/obj/docking_port/stationary), 8, 0)
[01:11:51]the arrivals shuttle (/obj/docking_port/mobile/arrivals): initiate docking(the arrivals (/obj/docking_port/stationary), 8)
[01:11:51]the arrivals shuttle (/obj/docking_port/mobile/arrivals): check()
[01:11:51]the arrivals shuttle (/obj/docking_port/mobile/arrivals): check()
[01:11:51]Shuttle (/datum/controller/subsystem/shuttle): fire(0)
[01:11:51]Shuttle (/datum/controller/subsystem/shuttle): ignite(0)
runtime error: 
[01:13:21]nothing to animate
[01:13:21]proc name: shake camera (/proc/shake_camera)
[01:13:21]  source file: mob_helpers.dm,270
[01:13:21]  usr: (src)
[01:13:21]  src: null
[01:13:21]  call stack:
[01:13:21]shake camera(Shei-Maxath (/mob/living/carbon/human), 0.75, 1)
[01:13:21]Shei-Maxath (/mob/living/carbon/human): afterShuttleMove(space (23,18,13) (/turf/open/space/transit/west), /list (/list), 8, 8, 8, 0)
[01:13:21]Shei-Maxath (/mob/living/carbon/human): afterShuttleMove(space (23,18,13) (/turf/open/space/transit/west), /list (/list), 8, 8, 8, 0)
[01:13:21]the arrivals shuttle (/obj/docking_port/mobile/arrivals): cleanup runway(the arrivals (/obj/docking_port/stationary), /list (/list), /list (/list), /list (/list), /list (/list), 0, 8, Space (/area/space), /turf/open/space/transit/west (/turf/open/space/transit/west), /turf/open/space (/turf/open/space))
[01:13:21]the arrivals shuttle (/obj/docking_port/mobile/arrivals): initiate docking(the arrivals (/obj/docking_port/stationary), 8, 0)
[01:13:21]the arrivals shuttle (/obj/docking_port/mobile/arrivals): initiate docking(the arrivals (/obj/docking_port/stationary), 8)
[01:13:21]the arrivals shuttle (/obj/docking_port/mobile/arrivals): check()
[01:13:21]the arrivals shuttle (/obj/docking_port/mobile/arrivals): check()
[01:13:21]Shuttle (/datum/controller/subsystem/shuttle): fire(0)
[01:13:21]Shuttle (/datum/controller/subsystem/shuttle): ignite(0)
runtime error: 
[01:14:55]nothing to animate
[01:14:55]proc name: shake camera (/proc/shake_camera)
[01:14:55]  source file: mob_helpers.dm,270
[01:14:55]  usr: (src)
[01:14:55]  src: null
[01:14:55]  call stack:
[01:14:55]shake camera(Han Tedrow (/mob/living/carbon/human), 0.75, 1)
[01:14:55]Han Tedrow (/mob/living/carbon/human): afterShuttleMove(space (25,19,13) (/turf/open/space/transit/west), /list (/list), 8, 8, 8, 0)
[01:14:55]Han Tedrow (/mob/living/carbon/human): afterShuttleMove(space (25,19,13) (/turf/open/space/transit/west), /list (/list), 8, 8, 8, 0)
[01:14:55]the arrivals shuttle (/obj/docking_port/mobile/arrivals): cleanup runway(the arrivals (/obj/docking_port/stationary), /list (/list), /list (/list), /list (/list), /list (/list), 0, 8, Space (/area/space), /turf/open/space/transit/west (/turf/open/space/transit/west), /turf/open/space (/turf/open/space))
[01:14:55]the arrivals shuttle (/obj/docking_port/mobile/arrivals): initiate docking(the arrivals (/obj/docking_port/stationary), 8, 0)
[01:14:55]the arrivals shuttle (/obj/docking_port/mobile/arrivals): initiate docking(the arrivals (/obj/docking_port/stationary), 8)
[01:14:55]the arrivals shuttle (/obj/docking_port/mobile/arrivals): check()
[01:14:55]the arrivals shuttle (/obj/docking_port/mobile/arrivals): check()
[01:14:55]Shuttle (/datum/controller/subsystem/shuttle): fire(0)
[01:14:55]Shuttle (/datum/controller/subsystem/shuttle): ignite(0)
runtime error: 
[01:18:10]nothing to animate
[01:18:10]proc name: shake camera (/proc/shake_camera)
[01:18:10]  source file: mob_helpers.dm,270
[01:18:10]  usr: (src)
[01:18:10]  src: null
[01:18:10]  call stack:
[01:18:10]shake camera(Biggie Bongie (/mob/living/carbon/human), 0.75, 1)
[01:18:10]Biggie Bongie (/mob/living/carbon/human): afterShuttleMove(space (23,18,13) (/turf/open/space/transit/west), /list (/list), 8, 8, 8, 0)
[01:18:10]Biggie Bongie (/mob/living/carbon/human): afterShuttleMove(space (23,18,13) (/turf/open/space/transit/west), /list (/list), 8, 8, 8, 0)
[01:18:10]the arrivals shuttle (/obj/docking_port/mobile/arrivals): cleanup runway(the arrivals (/obj/docking_port/stationary), /list (/list), /list (/list), /list (/list), /list (/list), 0, 8, Space (/area/space), /turf/open/space/transit/west (/turf/open/space/transit/west), /turf/open/space (/turf/open/space))
[01:18:10]the arrivals shuttle (/obj/docking_port/mobile/arrivals): initiate docking(the arrivals (/obj/docking_port/stationary), 8, 0)
[01:18:10]the arrivals shuttle (/obj/docking_port/mobile/arrivals): initiate docking(the arrivals (/obj/docking_port/stationary), 8)
[01:18:10]the arrivals shuttle (/obj/docking_port/mobile/arrivals): check()
[01:18:10]the arrivals shuttle (/obj/docking_port/mobile/arrivals): check()
[01:18:10]Shuttle (/datum/controller/subsystem/shuttle): fire(0)
[01:18:10]Shuttle (/datum/controller/subsystem/shuttle): ignite(0)
runtime error: 
[01:18:12]nothing to animate
[01:18:12]proc name: shake camera (/proc/shake_camera)
[01:18:12]  source file: mob_helpers.dm,270
[01:18:12]  usr: (src)
[01:18:12]  src: null
[01:18:12]  call stack:
[01:18:12]shake camera(Han Tedrow (/mob/living/carbon/human), 0.75, 1)
[01:18:12]Han Tedrow (/mob/living/carbon/human): afterShuttleMove(space (50,20,13) (/turf/open/space/transit/north), /list (/list), 8, 1, 1, 0)
[01:18:12]Han Tedrow (/mob/living/carbon/human): afterShuttleMove(space (50,20,13) (/turf/open/space/transit/north), /list (/list), 8, 1, 1, 0)
[01:18:12]the mining shuttle (/obj/docking_port/mobile): cleanup runway(the lavaland mine (/obj/docking_port/stationary), /list (/list), /list (/list), /list (/list), /list (/list), 0, 1, Space (/area/space), /turf/open/space/transit/north (/turf/open/space/transit/north), /turf/open/space (/turf/open/space))
[01:18:12]the mining shuttle (/obj/docking_port/mobile): initiate docking(the lavaland mine (/obj/docking_port/stationary), 1, 0)
[01:18:12]the mining shuttle (/obj/docking_port/mobile): check()
[01:18:12]Shuttle (/datum/controller/subsystem/shuttle): fire(0)
[01:18:12]Shuttle (/datum/controller/subsystem/shuttle): ignite(0)
runtime error: 
[01:22:53]nothing to animate
[01:22:53]proc name: shake camera (/proc/shake_camera)
[01:22:53]  source file: mob_helpers.dm,270
[01:22:53]  usr: (src)
[01:22:53]  src: null
[01:22:53]  call stack:
[01:22:53]shake camera(Cohen Bousum (/mob/living/carbon/human), 0.75, 1)
[01:22:53]Cohen Bousum (/mob/living/carbon/human): afterShuttleMove(space (25,18,13) (/turf/open/space/transit/west), /list (/list), 8, 8, 8, 0)
[01:22:53]Cohen Bousum (/mob/living/carbon/human): afterShuttleMove(space (25,18,13) (/turf/open/space/transit/west), /list (/list), 8, 8, 8, 0)
[01:22:53]the arrivals shuttle (/obj/docking_port/mobile/arrivals): cleanup runway(the arrivals (/obj/docking_port/stationary), /list (/list), /list (/list), /list (/list), /list (/list), 0, 8, Space (/area/space), /turf/open/space/transit/west (/turf/open/space/transit/west), /turf/open/space (/turf/open/space))
[01:22:53]the arrivals shuttle (/obj/docking_port/mobile/arrivals): initiate docking(the arrivals (/obj/docking_port/stationary), 8, 0)
[01:22:53]the arrivals shuttle (/obj/docking_port/mobile/arrivals): initiate docking(the arrivals (/obj/docking_port/stationary), 8)
[01:22:53]the arrivals shuttle (/obj/docking_port/mobile/arrivals): check()
[01:22:53]the arrivals shuttle (/obj/docking_port/mobile/arrivals): check()
[01:22:53]Shuttle (/datum/controller/subsystem/shuttle): fire(0)
[01:22:53]Shuttle (/datum/controller/subsystem/shuttle): ignite(0)
runtime error: 
[01:25:07]nothing to animate
[01:25:07]proc name: shake camera (/proc/shake_camera)
[01:25:07]  source file: mob_helpers.dm,270
[01:25:07]  usr: (src)
[01:25:07]  src: null
[01:25:07]  call stack:
[01:25:07]shake camera(Cohen Bousum (/mob/living/carbon/human), 0.75, 1)
[01:25:07]Cohen Bousum (/mob/living/carbon/human): afterShuttleMove(space (25,18,13) (/turf/open/space/transit/west), /list (/list), 8, 8, 8, 0)
[01:25:07]Cohen Bousum (/mob/living/carbon/human): afterShuttleMove(space (25,18,13) (/turf/open/space/transit/west), /list (/list), 8, 8, 8, 0)
[01:25:07]the arrivals shuttle (/obj/docking_port/mobile/arrivals): cleanup runway(the arrivals (/obj/docking_port/stationary), /list (/list), /list (/list), /list (/list), /list (/list), 0, 8, Space (/area/space), /turf/open/space/transit/west (/turf/open/space/transit/west), /turf/open/space (/turf/open/space))
[01:25:07]the arrivals shuttle (/obj/docking_port/mobile/arrivals): initiate docking(the arrivals (/obj/docking_port/stationary), 8, 0)
[01:25:07]the arrivals shuttle (/obj/docking_port/mobile/arrivals): initiate docking(the arrivals (/obj/docking_port/stationary), 8)
[01:25:07]the arrivals shuttle (/obj/docking_port/mobile/arrivals): check()
[01:25:07]the arrivals shuttle (/obj/docking_port/mobile/arrivals): check()
[01:25:07]Shuttle (/datum/controller/subsystem/shuttle): fire(0)
[01:25:07]Shuttle (/datum/controller/subsystem/shuttle): ignite(0)
runtime error: 
[01:28:29]nothing to animate
[01:28:29]proc name: shake camera (/proc/shake_camera)
[01:28:29]  source file: mob_helpers.dm,270
[01:28:29]  usr: (src)
[01:28:29]  src: null
[01:28:29]  call stack:
[01:28:29]shake camera(Han Tedrow (/mob/living/carbon/human), 0.75, 1)
[01:28:29]Han Tedrow (/mob/living/carbon/human): afterShuttleMove(space (95,20,13) (/turf/open/space/transit/north), /list (/list), 8, 1, 1, 0)
[01:28:29]Han Tedrow (/mob/living/carbon/human): afterShuttleMove(space (95,20,13) (/turf/open/space/transit/north), /list (/list), 8, 1, 1, 0)
[01:28:29]the mining shuttle (/obj/docking_port/mobile): cleanup runway(the mining shuttle bay (/obj/docking_port/stationary), /list (/list), /list (/list), /list (/list), /list (/list), 0, 1, Space (/area/space), /turf/open/space/transit/north (/turf/open/space/transit/north), /turf/open/space (/turf/open/space))
[01:28:29]the mining shuttle (/obj/docking_port/mobile): initiate docking(the mining shuttle bay (/obj/docking_port/stationary), 1, 0)
[01:28:29]the mining shuttle (/obj/docking_port/mobile): check()
[01:28:29]Shuttle (/datum/controller/subsystem/shuttle): fire(0)
[01:28:29]Shuttle (/datum/controller/subsystem/shuttle): ignite(0)
runtime error: 
[01:33:32]addtimer called with a callback assigned to a qdeleted object
[01:33:32]proc name: stack trace (/proc/stack_trace)
[01:33:32]  source file: unsorted.dm,1254
[01:33:32]  usr: (src)
[01:33:32]  src: null
[01:33:32]  call stack:
[01:33:32]stack trace("addtimer called with a callbac...")
[01:33:32]addtimer(/datum/callback (/datum/callback), 20, 0)
[01:33:32]/datum/effect_system/spark_spr... (/datum/effect_system/spark_spread): generate effect()
[01:33:32]world: ImmediateInvokeAsync(/datum/effect_system/spark_spr... (/datum/effect_system/spark_spread), /datum/effect_system/proc/gene... (/datum/effect_system/proc/generate_effect))
runtime error: 
[01:33:32]addtimer called with a callback assigned to a qdeleted object
[01:33:32]proc name: stack trace (/proc/stack_trace)
[01:33:32]  source file: unsorted.dm,1254
[01:33:32]  usr: (src)
[01:33:32]  src: null
[01:33:32]  call stack:
[01:33:32]stack trace("addtimer called with a callbac...")
[01:33:32]addtimer(/datum/callback (/datum/callback), 20, 0)
[01:33:32]/datum/effect_system/spark_spr... (/datum/effect_system/spark_spread): generate effect()
[01:33:32]world: ImmediateInvokeAsync(/datum/effect_system/spark_spr... (/datum/effect_system/spark_spread), /datum/effect_system/proc/gene... (/datum/effect_system/proc/generate_effect))
runtime error: 
[01:34:34]nothing to animate
[01:34:34]proc name: shake camera (/proc/shake_camera)
[01:34:34]  source file: mob_helpers.dm,270
[01:34:34]  usr: (src)
[01:34:34]  src: null
[01:34:34]  call stack:
[01:34:34]shake camera(Hartley Riggle (/mob/living/carbon/human), 0.75, 1)
[01:34:34]Hartley Riggle (/mob/living/carbon/human): afterShuttleMove(space (27,18,13) (/turf/open/space/transit/west), /list (/list), 8, 8, 8, 0)
[01:34:34]Hartley Riggle (/mob/living/carbon/human): afterShuttleMove(space (27,18,13) (/turf/open/space/transit/west), /list (/list), 8, 8, 8, 0)
[01:34:34]the arrivals shuttle (/obj/docking_port/mobile/arrivals): cleanup runway(the arrivals (/obj/docking_port/stationary), /list (/list), /list (/list), /list (/list), /list (/list), 0, 8, Space (/area/space), /turf/open/space/transit/west (/turf/open/space/transit/west), /turf/open/space (/turf/open/space))
[01:34:34]the arrivals shuttle (/obj/docking_port/mobile/arrivals): initiate docking(the arrivals (/obj/docking_port/stationary), 8, 0)
[01:34:34]the arrivals shuttle (/obj/docking_port/mobile/arrivals): initiate docking(the arrivals (/obj/docking_port/stationary), 8)
[01:34:34]the arrivals shuttle (/obj/docking_port/mobile/arrivals): check()
[01:34:34]the arrivals shuttle (/obj/docking_port/mobile/arrivals): check()
[01:34:34]Shuttle (/datum/controller/subsystem/shuttle): fire(0)
[01:34:34]Shuttle (/datum/controller/subsystem/shuttle): ignite(0)
runtime error: 
[01:36:46]nothing to animate
[01:36:46]proc name: shake camera (/proc/shake_camera)
[01:36:46]  source file: mob_helpers.dm,270
[01:36:46]  usr: (src)
[01:36:46]  src: null
[01:36:46]  call stack:
[01:36:46]shake camera(Han Tedrow (/mob/living/carbon/human), 0.75, 1)
[01:36:46]Han Tedrow (/mob/living/carbon/human): afterShuttleMove(space (95,20,13) (/turf/open/space/transit/north), /list (/list), 8, 1, 1, 0)
[01:36:46]Han Tedrow (/mob/living/carbon/human): afterShuttleMove(space (95,20,13) (/turf/open/space/transit/north), /list (/list), 8, 1, 1, 0)
[01:36:46]the mining shuttle (/obj/docking_port/mobile): cleanup runway(the lavaland mine (/obj/docking_port/stationary), /list (/list), /list (/list), /list (/list), /list (/list), 0, 1, Space (/area/space), /turf/open/space/transit/north (/turf/open/space/transit/north), /turf/open/space (/turf/open/space))
[01:36:46]the mining shuttle (/obj/docking_port/mobile): initiate docking(the lavaland mine (/obj/docking_port/stationary), 1, 0)
[01:36:46]the mining shuttle (/obj/docking_port/mobile): check()
[01:36:46]Shuttle (/datum/controller/subsystem/shuttle): fire(0)
[01:36:46]Shuttle (/datum/controller/subsystem/shuttle): ignite(0)
runtime error: 
[01:38:45]nothing to animate
[01:38:45]proc name: shake camera (/proc/shake_camera)
[01:38:45]  source file: mob_helpers.dm,270
[01:38:45]  usr: (src)
[01:38:45]  src: null
[01:38:45]  call stack:
[01:38:45]shake camera(Han Tedrow (/mob/living/carbon/human), 0.75, 1)
[01:38:45]Han Tedrow (/mob/living/carbon/human): afterShuttleMove(space (95,20,13) (/turf/open/space/transit/north), /list (/list), 8, 1, 1, 0)
[01:38:45]Han Tedrow (/mob/living/carbon/human): afterShuttleMove(space (95,20,13) (/turf/open/space/transit/north), /list (/list), 8, 1, 1, 0)
[01:38:45]the mining shuttle (/obj/docking_port/mobile): cleanup runway(the mining shuttle bay (/obj/docking_port/stationary), /list (/list), /list (/list), /list (/list), /list (/list), 0, 1, Space (/area/space), /turf/open/space/transit/north (/turf/open/space/transit/north), /turf/open/space (/turf/open/space))
[01:38:45]the mining shuttle (/obj/docking_port/mobile): initiate docking(the mining shuttle bay (/obj/docking_port/stationary), 1, 0)
[01:38:45]the mining shuttle (/obj/docking_port/mobile): check()
[01:38:45]Shuttle (/datum/controller/subsystem/shuttle): fire(0)
[01:38:45]Shuttle (/datum/controller/subsystem/shuttle): ignite(0)
runtime error: 
[01:40:17]nothing to animate
[01:40:17]proc name: shake camera (/proc/shake_camera)
[01:40:17]  source file: mob_helpers.dm,270
[01:40:17]  usr: (src)
[01:40:17]  src: null
[01:40:17]  call stack:
[01:40:17]shake camera(Han Tedrow (/mob/living/carbon/human), 0.75, 1)
[01:40:17]Han Tedrow (/mob/living/carbon/human): afterShuttleMove(space (95,20,13) (/turf/open/space/transit/north), /list (/list), 8, 1, 1, 0)
[01:40:17]Han Tedrow (/mob/living/carbon/human): afterShuttleMove(space (95,20,13) (/turf/open/space/transit/north), /list (/list), 8, 1, 1, 0)
[01:40:17]the mining shuttle (/obj/docking_port/mobile): cleanup runway(the lavaland mine (/obj/docking_port/stationary), /list (/list), /list (/list), /list (/list), /list (/list), 0, 1, Space (/area/space), /turf/open/space/transit/north (/turf/open/space/transit/north), /turf/open/space (/turf/open/space))
[01:40:17]the mining shuttle (/obj/docking_port/mobile): initiate docking(the lavaland mine (/obj/docking_port/stationary), 1, 0)
[01:40:17]the mining shuttle (/obj/docking_port/mobile): check()
[01:40:17]Shuttle (/datum/controller/subsystem/shuttle): fire(0)
[01:40:17]Shuttle (/datum/controller/subsystem/shuttle): ignite(0)
runtime error: 
[01:41:18]list index out of bounds
[01:41:18]proc name: nullifyPipenet (/obj/machinery/atmospherics/components/proc/nullifyPipenet)
[01:41:18]  source file: components_base.dm,75
[01:41:18]  usr: Gregory Wright (/mob/living/carbon/human)
[01:41:18]  src: the Head of Personnel\'s Offic... (/obj/machinery/atmospherics/components/unary/vent_pump/on)
[01:41:18]  usr.loc: the floor (121,131,2) (/turf/open/floor/wood)
[01:41:18]  src.loc: the floor (109,119,2) (/turf/open/floor/plasteel)
[01:41:18]  call stack:
[01:41:18]the Head of Personnel\'s Offic... (/obj/machinery/atmospherics/components/unary/vent_pump/on): nullifyPipenet(/datum/pipeline (/datum/pipeline))
[01:41:18]/datum/pipeline (/datum/pipeline): Destroy(0)
[01:41:18]qdel(/datum/pipeline (/datum/pipeline), 0)
[01:41:18]the scrubbers pipe (/obj/machinery/atmospherics/pipe/simple/scrubbers/hidden): destroy network()
[01:41:18]the scrubbers pipe (/obj/machinery/atmospherics/pipe/simple/scrubbers/hidden): disconnect(the scrubbers pipe (/obj/machinery/atmospherics/pipe/simple/scrubbers/hidden))
[01:41:18]the scrubbers pipe (/obj/machinery/atmospherics/pipe/simple/scrubbers/hidden): nullifyNode(1)
[01:41:18]the scrubbers pipe (/obj/machinery/atmospherics/pipe/simple/scrubbers/hidden): nullifyNode(1)
[01:41:18]the scrubbers pipe (/obj/machinery/atmospherics/pipe/simple/scrubbers/hidden): Destroy(0)
[01:41:18]the scrubbers pipe (/obj/machinery/atmospherics/pipe/simple/scrubbers/hidden): Destroy(0)
[01:41:18]qdel(the scrubbers pipe (/obj/machinery/atmospherics/pipe/simple/scrubbers/hidden), 0)
[01:41:18]the scrubbers pipe (/obj/machinery/atmospherics/pipe/simple/scrubbers/hidden): ex act(1, null)
[01:41:18]/datum/explosion (/datum/explosion): New(the floor (121,131,2) (/turf/open/floor/wood), 1, 2, 4, 1, 1, 0, 2, 0, 0)
runtime error: 
[01:41:18]list index out of bounds
[01:41:18]proc name: nullifyPipenet (/obj/machinery/atmospherics/components/proc/nullifyPipenet)
[01:41:18]  source file: components_base.dm,75
[01:41:18]  usr: Gregory Wright (/mob/living/carbon/human)
[01:41:18]  src: the Head of Personnel\'s Offic... (/obj/machinery/atmospherics/components/unary/vent_pump/on)
[01:41:18]  usr.loc: the floor (121,131,2) (/turf/open/floor/wood)
[01:41:18]  src.loc: the floor (105,115,2) (/turf/open/floor/plasteel)
[01:41:18]  call stack:
[01:41:18]the Head of Personnel\'s Offic... (/obj/machinery/atmospherics/components/unary/vent_pump/on): nullifyPipenet(/datum/pipeline (/datum/pipeline))
[01:41:18]/datum/pipeline (/datum/pipeline): Destroy(0)
[01:41:18]qdel(/datum/pipeline (/datum/pipeline), 0)
[01:41:18]the scrubbers pipe (/obj/machinery/atmospherics/pipe/simple/scrubbers/hidden): destroy network()
[01:41:18]the scrubbers pipe (/obj/machinery/atmospherics/pipe/simple/scrubbers/hidden): disconnect(the scrubbers pipe (/obj/machinery/atmospherics/pipe/simple/scrubbers/hidden))
[01:41:18]the scrubbers pipe (/obj/machinery/atmospherics/pipe/simple/scrubbers/hidden): nullifyNode(1)
[01:41:18]the scrubbers pipe (/obj/machinery/atmospherics/pipe/simple/scrubbers/hidden): nullifyNode(1)
[01:41:18]the scrubbers pipe (/obj/machinery/atmospherics/pipe/simple/scrubbers/hidden): Destroy(0)
[01:41:18]the scrubbers pipe (/obj/machinery/atmospherics/pipe/simple/scrubbers/hidden): Destroy(0)
[01:41:18]qdel(the scrubbers pipe (/obj/machinery/atmospherics/pipe/simple/scrubbers/hidden), 0)
[01:41:18]the scrubbers pipe (/obj/machinery/atmospherics/pipe/simple/scrubbers/hidden): ex act(1, null)
[01:41:18]/datum/explosion (/datum/explosion): New(the floor (121,131,2) (/turf/open/floor/wood), 1, 2, 4, 1, 1, 0, 2, 0, 0)
runtime error: 
[01:41:18]list index out of bounds
[01:41:18]proc name: nullifyPipenet (/obj/machinery/atmospherics/components/proc/nullifyPipenet)
[01:41:18]  source file: components_base.dm,75
[01:41:18]  usr: Gregory Wright (/mob/living/carbon/human)
[01:41:18]  src: the Heads of Staff Meeting Roo... (/obj/machinery/atmospherics/components/unary/vent_pump/on)
[01:41:18]  usr.loc: the floor (121,131,2) (/turf/open/floor/wood)
[01:41:18]  src.loc: the carpet (102,130,2) (/turf/open/floor/carpet)
[01:41:18]  call stack:
[01:41:18]the Heads of Staff Meeting Roo... (/obj/machinery/atmospherics/components/unary/vent_pump/on): nullifyPipenet(/datum/pipeline (/datum/pipeline))
[01:41:18]/datum/pipeline (/datum/pipeline): Destroy(0)
[01:41:18]qdel(/datum/pipeline (/datum/pipeline), 0)
[01:41:18]the scrubbers pipe (/obj/machinery/atmospherics/pipe/simple/scrubbers/hidden): destroy network()
[01:41:18]the scrubbers pipe (/obj/machinery/atmospherics/pipe/simple/scrubbers/hidden): disconnect(the scrubbers pipe (/obj/machinery/atmospherics/pipe/simple/scrubbers/hidden))
[01:41:18]the scrubbers pipe (/obj/machinery/atmospherics/pipe/simple/scrubbers/hidden): nullifyNode(1)
[01:41:18]the scrubbers pipe (/obj/machinery/atmospherics/pipe/simple/scrubbers/hidden): nullifyNode(1)
[01:41:18]the scrubbers pipe (/obj/machinery/atmospherics/pipe/simple/scrubbers/hidden): Destroy(0)
[01:41:18]the scrubbers pipe (/obj/machinery/atmospherics/pipe/simple/scrubbers/hidden): Destroy(0)
[01:41:18]qdel(the scrubbers pipe (/obj/machinery/atmospherics/pipe/simple/scrubbers/hidden), 0)
[01:41:18]the scrubbers pipe (/obj/machinery/atmospherics/pipe/simple/scrubbers/hidden): ex act(1, null)
[01:41:18]/datum/explosion (/datum/explosion): New(the floor (121,131,2) (/turf/open/floor/wood), 1, 2, 4, 1, 1, 0, 2, 0, 0)
runtime error: 
[01:41:18]list index out of bounds
[01:41:18]proc name: nullifyPipenet (/obj/machinery/atmospherics/components/proc/nullifyPipenet)
[01:41:18]  source file: components_base.dm,75
runtime error: 
[01:41:18]list index out of bounds
[01:41:18]proc name: nullifyPipenet (/obj/machinery/atmospherics/components/proc/nullifyPipenet)
[01:41:18]  source file: components_base.dm,75
runtime error: 
[01:41:18]list index out of bounds
[01:41:18]proc name: nullifyPipenet (/obj/machinery/atmospherics/components/proc/nullifyPipenet)
[01:41:18]  source file: components_base.dm,75
runtime error: 
[01:41:18]list index out of bounds
[01:41:18]proc name: nullifyPipenet (/obj/machinery/atmospherics/components/proc/nullifyPipenet)
[01:41:18]  source file: components_base.dm,75
runtime error: 
[01:41:18]list index out of bounds
[01:41:18]proc name: nullifyPipenet (/obj/machinery/atmospherics/components/proc/nullifyPipenet)
[01:41:18]  source file: components_base.dm,75
runtime error: 
[01:41:18]list index out of bounds
[01:41:18]proc name: nullifyPipenet (/obj/machinery/atmospherics/components/proc/nullifyPipenet)
[01:41:18]  source file: components_base.dm,75
runtime error: 
[01:41:18]list index out of bounds
[01:41:18]proc name: nullifyPipenet (/obj/machinery/atmospherics/components/proc/nullifyPipenet)
[01:41:18]  source file: components_base.dm,75
runtime error: 
[01:41:18]list index out of bounds
[01:41:18]proc name: nullifyPipenet (/obj/machinery/atmospherics/components/proc/nullifyPipenet)
[01:41:18]  source file: components_base.dm,75
runtime error: 
[01:41:18]list index out of bounds
[01:41:18]proc name: nullifyPipenet (/obj/machinery/atmospherics/components/proc/nullifyPipenet)
[01:41:18]  source file: components_base.dm,75
runtime error: 
[01:41:18]list index out of bounds
[01:41:18]proc name: nullifyPipenet (/obj/machinery/atmospherics/components/proc/nullifyPipenet)
[01:41:18]  source file: components_base.dm,75
runtime error: 
[01:41:18]list index out of bounds
[01:41:18]proc name: nullifyPipenet (/obj/machinery/atmospherics/components/proc/nullifyPipenet)
[01:41:18]  source file: components_base.dm,75
runtime error: 
[01:41:18]list index out of bounds
[01:41:18]proc name: nullifyPipenet (/obj/machinery/atmospherics/components/proc/nullifyPipenet)
[01:41:18]  source file: components_base.dm,75
runtime error: 
[01:41:18]list index out of bounds
[01:41:18]proc name: nullifyPipenet (/obj/machinery/atmospherics/components/proc/nullifyPipenet)
[01:41:18]  source file: components_base.dm,75
runtime error: 
[01:41:18]list index out of bounds
[01:41:18]proc name: nullifyPipenet (/obj/machinery/atmospherics/components/proc/nullifyPipenet)
[01:41:18]  source file: components_base.dm,75
runtime error: 
[01:41:18]list index out of bounds
[01:41:18]proc name: nullifyPipenet (/obj/machinery/atmospherics/components/proc/nullifyPipenet)
[01:41:18]  source file: components_base.dm,75
runtime error: 
[01:41:18]list index out of bounds
[01:41:18]proc name: nullifyPipenet (/obj/machinery/atmospherics/components/proc/nullifyPipenet)
[01:41:18]  source file: components_base.dm,75
runtime error: 
[01:41:18]list index out of bounds
[01:41:18]proc name: nullifyPipenet (/obj/machinery/atmospherics/components/proc/nullifyPipenet)
[01:41:18]  source file: components_base.dm,75
runtime error: 
[01:41:18]list index out of bounds
[01:41:18]proc name: nullifyPipenet (/obj/machinery/atmospherics/components/proc/nullifyPipenet)
[01:41:18]  source file: components_base.dm,75
runtime error: 
[01:41:18]list index out of bounds
[01:41:18]proc name: nullifyPipenet (/obj/machinery/atmospherics/components/proc/nullifyPipenet)
[01:41:18]  source file: components_base.dm,75
runtime error: 
[01:41:18]list index out of bounds
[01:41:18]proc name: nullifyPipenet (/obj/machinery/atmospherics/components/proc/nullifyPipenet)
[01:41:18]  source file: components_base.dm,75
runtime error: 
[01:41:18]list index out of bounds
[01:41:18]proc name: nullifyPipenet (/obj/machinery/atmospherics/components/proc/nullifyPipenet)
[01:41:18]  source file: components_base.dm,75
runtime error: 
[01:41:18]list index out of bounds
[01:41:18]proc name: nullifyPipenet (/obj/machinery/atmospherics/components/proc/nullifyPipenet)
[01:41:18]  source file: components_base.dm,75
runtime error: 
[01:41:18]list index out of bounds
[01:41:18]proc name: nullifyPipenet (/obj/machinery/atmospherics/components/proc/nullifyPipenet)
[01:41:18]  source file: components_base.dm,75
runtime error: 
[01:41:18]list index out of bounds
[01:41:18]proc name: nullifyPipenet (/obj/machinery/atmospherics/components/proc/nullifyPipenet)
[01:41:18]  source file: components_base.dm,75
runtime error: 
[01:41:18]list index out of bounds
[01:41:18]proc name: nullifyPipenet (/obj/machinery/atmospherics/components/proc/nullifyPipenet)
[01:41:18]  source file: components_base.dm,75
runtime error: 
[01:41:18]list index out of bounds
[01:41:18]proc name: nullifyPipenet (/obj/machinery/atmospherics/components/proc/nullifyPipenet)
[01:41:18]  source file: components_base.dm,75
runtime error: 
[01:41:18]list index out of bounds
[01:41:18]proc name: nullifyPipenet (/obj/machinery/atmospherics/components/proc/nullifyPipenet)
[01:41:18]  source file: components_base.dm,75
runtime error: 
[01:41:18]list index out of bounds
[01:41:18]proc name: nullifyPipenet (/obj/machinery/atmospherics/components/proc/nullifyPipenet)
[01:41:18]  source file: components_base.dm,75
runtime error: 
[01:41:18]list index out of bounds
[01:41:18]proc name: nullifyPipenet (/obj/machinery/atmospherics/components/proc/nullifyPipenet)
[01:41:18]  source file: components_base.dm,75
runtime error: 
[01:41:18]list index out of bounds
[01:41:18]proc name: nullifyPipenet (/obj/machinery/atmospherics/components/proc/nullifyPipenet)
[01:41:18]  source file: components_base.dm,75
runtime error: 
[01:41:18]list index out of bounds
[01:41:18]proc name: nullifyPipenet (/obj/machinery/atmospherics/components/proc/nullifyPipenet)
[01:41:18]  source file: components_base.dm,75
runtime error: 
[01:41:18]list index out of bounds
[01:41:18]proc name: nullifyPipenet (/obj/machinery/atmospherics/components/proc/nullifyPipenet)
[01:41:18]  source file: components_base.dm,75
runtime error: 
[01:41:18]list index out of bounds
[01:41:18]proc name: nullifyPipenet (/obj/machinery/atmospherics/components/proc/nullifyPipenet)
[01:41:18]  source file: components_base.dm,75
runtime error: 
[01:41:18]list index out of bounds
[01:41:18]proc name: nullifyPipenet (/obj/machinery/atmospherics/components/proc/nullifyPipenet)
[01:41:18]  source file: components_base.dm,75
runtime error: 
[01:41:18]list index out of bounds
[01:41:18]proc name: nullifyPipenet (/obj/machinery/atmospherics/components/proc/nullifyPipenet)
[01:41:18]  source file: components_base.dm,75
runtime error: 
[01:41:18]list index out of bounds
[01:41:18]proc name: nullifyPipenet (/obj/machinery/atmospherics/components/proc/nullifyPipenet)
[01:41:18]  source file: components_base.dm,75
runtime error: 
[01:41:18]list index out of bounds
[01:41:18]proc name: nullifyPipenet (/obj/machinery/atmospherics/components/proc/nullifyPipenet)
[01:41:18]  source file: components_base.dm,75
runtime error: 
[01:41:18]list index out of bounds
[01:41:18]proc name: nullifyPipenet (/obj/machinery/atmospherics/components/proc/nullifyPipenet)
[01:41:18]  source file: components_base.dm,75
runtime error: 
[01:41:18]list index out of bounds
[01:41:18]proc name: nullifyPipenet (/obj/machinery/atmospherics/components/proc/nullifyPipenet)
[01:41:18]  source file: components_base.dm,75
runtime error: 
[01:41:18]list index out of bounds
[01:41:18]proc name: nullifyPipenet (/obj/machinery/atmospherics/components/proc/nullifyPipenet)
[01:41:18]  source file: components_base.dm,75
runtime error: 
[01:41:18]list index out of bounds
[01:41:18]proc name: nullifyPipenet (/obj/machinery/atmospherics/components/proc/nullifyPipenet)
[01:41:18]  source file: components_base.dm,75
runtime error: 
[01:41:18]list index out of bounds
[01:41:18]proc name: nullifyPipenet (/obj/machinery/atmospherics/components/proc/nullifyPipenet)
[01:41:18]  source file: components_base.dm,75
runtime error: 
[01:41:18]list index out of bounds
[01:41:18]proc name: nullifyPipenet (/obj/machinery/atmospherics/components/proc/nullifyPipenet)
[01:41:18]  source file: components_base.dm,75
runtime error: 
[01:41:18]list index out of bounds
[01:41:18]proc name: nullifyPipenet (/obj/machinery/atmospherics/components/proc/nullifyPipenet)
[01:41:18]  source file: components_base.dm,75
runtime error: 
[01:41:18]list index out of bounds
[01:41:18]proc name: nullifyPipenet (/obj/machinery/atmospherics/components/proc/nullifyPipenet)
[01:41:18]  source file: components_base.dm,75
runtime error: 
[01:41:18]list index out of bounds
[01:41:18]proc name: nullifyPipenet (/obj/machinery/atmospherics/components/proc/nullifyPipenet)
[01:41:18]  source file: components_base.dm,75
runtime error: 
[01:41:18]list index out of bounds
[01:41:18]proc name: nullifyPipenet (/obj/machinery/atmospherics/components/proc/nullifyPipenet)
[01:41:18]  source file: components_base.dm,75
runtime error: 
[01:41:18]list index out of bounds
[01:41:18]proc name: nullifyPipenet (/obj/machinery/atmospherics/components/proc/nullifyPipenet)
[01:41:18]  source file: components_base.dm,75
runtime error: 
[01:41:19]Cannot read null.loc
runtime error: 
[01:41:19]Cannot read null.air
runtime error: 
[01:41:19]Cannot read null.air
runtime error: 
[01:41:19]Cannot read null.air
runtime error: 
[01:41:19]Cannot read null.air
runtime error: 
[01:41:19]Component is missing a pipenet! Rebuilding...
runtime error: 
[01:41:19]Component is missing a pipenet! Rebuilding...
runtime error: 
[01:41:19]Component is missing a pipenet! Rebuilding...
runtime error: 
[01:41:19]Component is missing a pipenet! Rebuilding...
runtime error: 
[01:41:19]Component is missing a pipenet! Rebuilding...
runtime error: 
[01:41:19]Component is missing a pipenet! Rebuilding...
runtime error: 
[01:41:19]Component is missing a pipenet! Rebuilding...
runtime error: 
[01:41:19]Component is missing a pipenet! Rebuilding...
runtime error: 
[01:41:19]Component is missing a pipenet! Rebuilding...
runtime error: 
[01:41:19]Component is missing a pipenet! Rebuilding...
runtime error: 
[01:41:19]Component is missing a pipenet! Rebuilding...
runtime error: 
[01:41:19]Component is missing a pipenet! Rebuilding...
runtime error: 
[01:41:19]Component is missing a pipenet! Rebuilding...
runtime error: 
[01:41:19]Component is missing a pipenet! Rebuilding...
runtime error: 
[01:41:19]Component is missing a pipenet! Rebuilding...
runtime error: 
[01:41:19]Component is missing a pipenet! Rebuilding...
runtime error: 
[01:41:19]Component is missing a pipenet! Rebuilding...
runtime error: 
[01:41:19]Component is missing a pipenet! Rebuilding...
runtime error: 
[01:41:19]Component is missing a pipenet! Rebuilding...
runtime error: 
[01:41:19]Component is missing a pipenet! Rebuilding...
runtime error: 
[01:41:19]Component is missing a pipenet! Rebuilding...
runtime error: 
[01:41:19]Component is missing a pipenet! Rebuilding...
runtime error: 
[01:41:19]Component is missing a pipenet! Rebuilding...
runtime error: 
[01:41:19]Component is missing a pipenet! Rebuilding...
runtime error: 
[01:41:19]Component is missing a pipenet! Rebuilding...
runtime error: 
[01:41:19]Component is missing a pipenet! Rebuilding...
runtime error: 
[01:41:19]Component is missing a pipenet! Rebuilding...
runtime error: 
[01:41:19]Component is missing a pipenet! Rebuilding...
runtime error: 
[01:41:19]Component is missing a pipenet! Rebuilding...
runtime error: 
[01:41:19]Component is missing a pipenet! Rebuilding...
runtime error: 
[01:41:19]Component is missing a pipenet! Rebuilding...
runtime error: 
[01:41:19]Component is missing a pipenet! Rebuilding...
runtime error: 
[01:41:19]Component is missing a pipenet! Rebuilding...
runtime error: 
[01:41:19]Component is missing a pipenet! Rebuilding...
runtime error: 
[01:41:19]Component is missing a pipenet! Rebuilding...
runtime error: 
[01:41:19]Component is missing a pipenet! Rebuilding...
runtime error: 
[01:41:19]Component is missing a pipenet! Rebuilding...
runtime error: 
[01:41:19]Component is missing a pipenet! Rebuilding...
runtime error: 
[01:41:19]Component is missing a pipenet! Rebuilding...
runtime error: 
[01:41:19]Component is missing a pipenet! Rebuilding...
runtime error: 
[01:41:19]Component is missing a pipenet! Rebuilding...
runtime error: 
[01:41:19]Component is missing a pipenet! Rebuilding...
runtime error: 
[01:41:19]Component is missing a pipenet! Rebuilding...
runtime error: 
[01:41:19]Component is missing a pipenet! Rebuilding...
runtime error: 
[01:41:19]Component is missing a pipenet! Rebuilding...
runtime error: 
[01:41:19]Component is missing a pipenet! Rebuilding...
runtime error: 
[01:41:19]Component is missing a pipenet! Rebuilding...
runtime error: 
[01:41:19]Component is missing a pipenet! Rebuilding...
runtime error: 
[01:41:19]Component is missing a pipenet! Rebuilding...
runtime error: 
[01:41:19]Component is missing a pipenet! Rebuilding...
runtime error: 
[01:41:19]Component is missing a pipenet! Rebuilding...
runtime error: 
[01:41:20]Cannot read null.air
runtime error: 
[01:41:20]Cannot read null.air
runtime error: 
[01:41:20]Cannot read null.air
runtime error: 
[01:41:20]Cannot read null.air
runtime error: 
[01:41:20]Cannot read null.air
runtime error: 
[01:41:20]Cannot read null.air
runtime error: 
[01:41:20]Cannot read null.air
runtime error: 
[01:41:20]Cannot read null.air
runtime error: 
[01:41:21]Cannot read null.air
runtime error: 
[01:41:21]Cannot read null.air
runtime error: 
[01:41:21]Cannot read null.air
runtime error: 
[01:41:21]Cannot read null.air
runtime error: 
[01:41:21]Cannot read null.air
runtime error: 
[01:41:21]Cannot read null.air
runtime error: 
[01:41:21]Cannot read null.air
runtime error: 
[01:41:21]Cannot read null.air
runtime error: 
[01:41:22]Cannot read null.air
runtime error: 
[01:41:22]Cannot read null.air
runtime error: 
[01:41:22]Cannot read null.air
runtime error: 
[01:41:22]Cannot read null.air
runtime error: 
[01:41:22]Cannot read null.air
runtime error: 
[01:41:22]Cannot read null.air
runtime error: 
[01:41:22]Cannot read null.air
runtime error: 
[01:41:22]Cannot read null.air
runtime error: 
[01:41:23]Cannot read null.air
runtime error: 
[01:41:23]Cannot read null.air
runtime error: 
[01:41:23]Cannot read null.air
runtime error: 
[01:41:23]Cannot read null.air
runtime error: 
[01:41:23]Cannot read null.air
runtime error: 
[01:41:23]Cannot read null.air
runtime error: 
[01:41:23]Cannot read null.air
runtime error: 
[01:41:23]Cannot read null.air
runtime error: 
[01:41:24]Cannot read null.air
runtime error: 
[01:41:24]Cannot read null.air
runtime error: 
[01:41:24]Cannot read null.air
runtime error: 
[01:41:24]Cannot read null.air
runtime error: 
[01:41:25]Cannot read null.air
runtime error: 
[01:41:25]Cannot read null.air
runtime error: 
[01:41:25]Cannot read null.air
runtime error: 
[01:41:25]Cannot read null.air
runtime error: 
[01:41:25]Cannot read null.air
runtime error: 
[01:41:25]Cannot read null.air
runtime error: 
[01:41:25]Cannot read null.air
runtime error: 
[01:41:25]Cannot read null.air
runtime error: 
[01:41:26]Cannot read null.air
runtime error: 
[01:41:26]Cannot read null.air
runtime error: 
[01:41:26]Cannot read null.air
runtime error: 
[01:42:27]addtimer called with a callback assigned to a qdeleted object
runtime error: 
[01:42:27]addtimer called with a callback assigned to a qdeleted object
runtime error: 
[01:42:28]addtimer called with a callback assigned to a qdeleted object
runtime error: 
[01:44:14]nothing to animate
runtime error: 
[01:48:40]nothing to animate
runtime error: 
[01:50:16]Cannot read null.client
runtime error: 
[01:50:29]Cannot read null.client
runtime error: 
[02:03:15]Cannot execute null.archive().
runtime error: 
[02:03:15]Cannot read null.gases
runtime error: 
[02:03:15]Cannot execute null.archive().
runtime error: 
[02:03:15]Cannot read null.gases
runtime error: 
[02:03:15]Cannot execute null.archive().
runtime error: 
[02:03:15]Cannot read null.gases
runtime error: 
[02:03:15]Cannot execute null.archive().
runtime error: 
[02:03:15]Cannot read null.gases
runtime error: 
[02:03:15]Cannot execute null.archive().
runtime error: 
[02:03:15]Cannot read null.gases
runtime error: 
[02:03:15]undefined variable /turf/closed/wall/mineral/titanium/var/air
runtime error: 
[02:03:15]Cannot execute null.archive().
runtime error: 
[02:03:15]Cannot read null.gases
runtime error: 
[02:03:15]Cannot execute null.archive().
runtime error: 
[02:03:15]Cannot read null.gases
runtime error: 
[02:03:15]Cannot execute null.archive().
runtime error: 
[02:03:15]Cannot read null.gases
runtime error: 
[02:03:15]undefined variable /turf/closed/wall/mineral/titanium/var/air
runtime error: 
[02:03:15]undefined variable /turf/closed/wall/mineral/titanium/var/air
runtime error: 
[02:03:15]Cannot execute null.archive().
runtime error: 
[02:03:15]Cannot read null.gases
runtime error: 
[02:03:15]Cannot execute null.archive().
runtime error: 
[02:03:15]Cannot read null.gases
runtime error: 
[02:03:15]Cannot execute null.archive().
runtime error: 
[02:03:15]Cannot read null.gases
runtime error: 
[02:03:15]Cannot execute null.archive().
runtime error: 
[02:03:15]Cannot read null.gases
runtime error: 
[02:03:15]Cannot execute null.archive().
runtime error: 
[02:03:15]Cannot read null.gases
runtime error: 
[02:03:15]undefined variable /turf/closed/wall/mineral/titanium/var/air
runtime error: 
[02:03:15]Cannot execute null.archive().
runtime error: 
[02:03:15]Cannot read null.gases
runtime error: 
[02:03:15]undefined variable /turf/closed/wall/mineral/titanium/var/air
runtime error: 
[02:03:15]Cannot execute null.archive().
runtime error: 
[02:03:15]Cannot read null.gases
runtime error: 
[02:03:15]undefined variable /turf/closed/wall/mineral/titanium/var/air
runtime error: 
[02:03:15]undefined variable /turf/closed/wall/mineral/titanium/var/air
runtime error: 
[02:03:15]undefined variable /turf/closed/wall/mineral/titanium/var/air
runtime error: 
[02:03:15]undefined variable /turf/closed/wall/mineral/titanium/var/air
runtime error: 
[02:03:15]undefined variable /turf/closed/wall/mineral/titanium/var/air
runtime error: 
[02:03:15]undefined variable /turf/closed/wall/mineral/titanium/var/air
runtime error: 
[02:03:15]undefined variable /turf/closed/wall/mineral/titanium/var/air
runtime error: 
[02:03:15]undefined variable /turf/closed/wall/mineral/titanium/var/air
runtime error: 
[02:03:15]Cannot execute null.archive().
runtime error: 
[02:03:15]Cannot read null.gases
runtime error: 
[02:03:15]undefined variable /turf/closed/wall/mineral/titanium/var/air
runtime error: 
[02:03:15]Cannot execute null.archive().
runtime error: 
[02:03:15]Cannot read null.gases
runtime error: 
[02:03:15]undefined variable /turf/closed/wall/mineral/titanium/var/air
runtime error: 
[02:03:15]undefined variable /turf/closed/wall/mineral/titanium/var/air
runtime error: 
[02:03:15]undefined variable /turf/closed/wall/mineral/titanium/var/air
runtime error: 
[02:03:15]undefined variable /turf/closed/wall/mineral/titanium/var/air
runtime error: 
[02:03:15]undefined variable /turf/closed/wall/mineral/titanium/var/air
runtime error: 
[02:03:15]undefined variable /turf/closed/wall/mineral/titanium/var/air
runtime error: 
[02:03:15]Cannot execute null.archive().
runtime error: 
[02:03:15]Cannot read null.gases
runtime error: 
[02:03:15]Cannot execute null.archive().
runtime error: 
[02:03:15]Cannot read null.gases
runtime error: 
[02:03:15]Cannot execute null.archive().
runtime error: 
[02:03:15]Cannot read null.gases
runtime error: 
[02:03:15]Cannot execute null.archive().
runtime error: 
[02:03:15]Cannot read null.gases
runtime error: 
[02:03:15]Cannot execute null.archive().
runtime error: 
[02:03:15]Cannot read null.gases
runtime error: 
[02:03:15]undefined variable /turf/closed/wall/mineral/titanium/var/air
runtime error: 
[02:03:15]Cannot execute null.archive().
runtime error: 
[02:03:15]Cannot read null.gases
runtime error: 
[02:03:15]undefined variable /turf/closed/wall/mineral/titanium/var/air
runtime error: 
[02:03:15]undefined variable /turf/closed/wall/mineral/titanium/var/air
runtime error: 
[02:03:15]undefined variable /turf/closed/wall/mineral/titanium/var/air
runtime error: 
[02:03:15]Cannot execute null.archive().
runtime error: 
[02:03:15]Cannot read null.gases
runtime error: 
[02:03:15]Cannot execute null.archive().
runtime error: 
[02:03:15]Cannot read null.gases
runtime error: 
[02:03:15]Cannot execute null.archive().
runtime error: 
[02:03:15]Cannot read null.gases
runtime error: 
[02:03:15]Cannot execute null.archive().
runtime error: 
[02:03:15]Cannot read null.gases
runtime error: 
[02:03:15]Cannot execute null.archive().
runtime error: 
[02:03:15]Cannot read null.gases
runtime error: 
[02:03:15]Cannot execute null.archive().
runtime error: 
[02:03:15]Cannot read null.gases
runtime error: 
[02:03:15]Cannot execute null.archive().
runtime error: 
[02:03:15]Cannot read null.gases
runtime error: 
[02:03:15]Cannot execute null.archive().
runtime error: 
[02:03:15]Cannot read null.gases
runtime error: 
[02:03:15]Cannot execute null.archive().
runtime error: 
[02:03:15]Cannot read null.gases
runtime error: 
[02:03:15]Cannot execute null.archive().
runtime error: 
[02:03:15]Cannot read null.gases
runtime error: 
[02:03:15]Cannot execute null.archive().
runtime error: 
[02:03:15]Cannot read null.gases
runtime error: 
[02:03:15]Cannot execute null.archive().
runtime error: 
[02:03:15]Cannot read null.gases
runtime error: 
[02:03:15]Cannot execute null.archive().
runtime error: 
[02:03:15]Cannot read null.gases
runtime error: 
[02:03:15]Cannot execute null.archive().
runtime error: 
[02:03:15]Cannot read null.gases
runtime error: 
[02:03:15]Cannot execute null.archive().
runtime error: 
[02:03:15]Cannot read null.gases
runtime error: 
[02:03:15]Cannot execute null.archive().
runtime error: 
[02:03:15]Cannot read null.gases
runtime error: 
[02:03:15]Cannot execute null.archive().
runtime error: 
[02:03:15]Cannot read null.gases
runtime error: 
[02:03:15]Cannot execute null.archive().
runtime error: 
[02:03:15]Cannot read null.gases
runtime error: 
[02:03:15]Cannot execute null.archive().
runtime error: 
[02:03:15]Cannot read null.gases
runtime error: 
[02:03:15]Cannot execute null.archive().
runtime error: 
[02:03:15]Cannot read null.gases
runtime error: 
[02:03:15]Cannot execute null.archive().
runtime error: 
[02:03:15]Cannot read null.gases
runtime error: 
[02:03:15]Cannot execute null.archive().
runtime error: 
[02:03:15]Cannot read null.gases
runtime error: 
[02:03:15]Cannot execute null.archive().
runtime error: 
[02:03:15]Cannot read null.gases
runtime error: 
[02:03:15]Cannot execute null.archive().
runtime error: 
[02:03:15]Cannot read null.gases
runtime error: 
[02:03:15]Cannot execute null.archive().
runtime error: 
[02:03:15]Cannot read null.gases
runtime error: 
[02:03:16]Cannot execute null.archive().
runtime error: 
[02:03:16]Cannot read null.gases
runtime error: 
[02:03:16]Cannot execute null.archive().
runtime error: 
[02:03:16]Cannot read null.gases
runtime error: 
[02:03:16]Cannot execute null.archive().
runtime error: 
[02:03:16]Cannot read null.gases
runtime error: 
[02:03:16]Cannot read null.revivecost
runtime error: 
[02:03:16]undefined variable /turf/closed/wall/mineral/titanium/var/air
runtime error: 
[02:03:16]undefined variable /turf/closed/wall/mineral/titanium/var/air
runtime error: 
[02:03:16]undefined variable /turf/closed/wall/mineral/titanium/var/air
runtime error: 
[02:03:16]undefined variable /turf/closed/wall/mineral/titanium/var/air
runtime error: 
[02:03:16]undefined variable /turf/closed/wall/mineral/titanium/var/air
runtime error: 
[02:03:16]undefined variable /turf/closed/wall/mineral/titanium/var/air
runtime error: 
[02:03:17]undefined variable /turf/closed/wall/mineral/titanium/var/air
runtime error: 
[02:03:17]undefined variable /turf/closed/wall/mineral/titanium/var/air
runtime error: 
[02:03:17]undefined variable /turf/closed/wall/mineral/titanium/var/air
runtime error: 
[02:03:17]undefined variable /turf/closed/wall/mineral/titanium/var/air
runtime error: 
[02:03:17]undefined variable /turf/closed/wall/mineral/titanium/var/air
runtime error: 
[02:03:17]undefined variable /turf/closed/wall/mineral/titanium/var/air
runtime error: 
[02:03:17]undefined variable /turf/closed/wall/mineral/titanium/var/air
runtime error: 
[02:03:17]undefined variable /turf/closed/wall/mineral/titanium/var/air
runtime error: 
[02:03:17]undefined variable /turf/closed/wall/mineral/titanium/var/air
runtime error: 
[02:03:17]undefined variable /turf/closed/wall/mineral/titanium/var/air
runtime error: 
[02:03:17]undefined variable /turf/closed/wall/mineral/titanium/var/air
runtime error: 
[02:03:17]undefined variable /turf/closed/wall/mineral/titanium/var/air
runtime error: 
[02:03:17]undefined variable /turf/closed/wall/mineral/titanium/var/air
runtime error: 
[02:03:17]undefined variable /turf/closed/wall/mineral/titanium/var/air
runtime error: 
[02:03:17]undefined variable /turf/closed/wall/mineral/titanium/var/air
runtime error: 
[02:03:17]undefined variable /turf/closed/wall/mineral/titanium/var/air
runtime error: 
[02:03:17]undefined variable /turf/closed/wall/mineral/titanium/var/air
runtime error: 
[02:03:17]undefined variable /turf/closed/wall/mineral/titanium/var/air
runtime error: 
[02:03:20]Cannot read null.client
runtime error: 
[02:06:19]Cannot read null.client
runtime error: 
[02:08:14]Cannot read null.client
[2018-05-03 02:18:40] Client: ShawnTates triggered JS error: Error: The URI to be decoded is not a valid encoding | url: http://127.0.0.1:54233/tmp5844/browserOutput.js | line: 116 | column: 2 | error: URIError: The URI to be decoded is not a valid encoding | user agent: Mozilla/4.0 (compatible; MSIE 7.0; Windows NT 6.2; WOW64; Trident/7.0; .NET4.0C; .NET4.0E; .NET CLR 2.0.50727; .NET CLR 3.0.30729; .NET CLR 3.5.30729)
runtime error: 
[02:19:14]undefined proc or verb /turf/closed/wall/high pressure movements().

runtime error: 
[02:19:25]undefined proc or verb /turf/closed/wall/high pressure movements().

Saved 103 engraved messages on map Box Station
runtime error: 
[02:24:52]Cannot read null.client
Shutting down Persistence subsystem...
Shutting down pathfinder subsystem...
Shutting down Squeak subsystem...
Shutting down Shuttle subsystem...
Shutting down Lighting subsystem...
Shutting down XKeyScore subsystem...
Shutting down Sticky Ban subsystem...
Shutting down Overlay subsystem...
Shutting down Icon Smoothing subsystem...
Shutting down Assets subsystem...
Shutting down Minimap subsystem...
Shutting down Atmospherics subsystem...
Shutting down Wet floors subsystem...
Shutting down Weather subsystem...
Shutting down Vote subsystem...
Shutting down Traumas subsystem...
Shutting down Title Screen subsystem...
Shutting down Time Tracking subsystem...
Shutting down Throwing subsystem...
Shutting down tgui subsystem...
Shutting down Sun subsystem...
Shutting down Space Drift subsystem...
Shutting down Religion subsystem...
Shutting down Radio subsystem...
Shutting down Radiation subsystem...
Shutting down Projectiles subsystem...
Shutting down Processing subsystem...
Shutting down Parallax subsystem...
Shutting down pAI subsystem...
Shutting down Orbits subsystem...
Shutting down Objects subsystem...
Shutting down NPC Pool subsystem...
Shutting down Night Shift subsystem...
Shutting down Mood subsystem...
Shutting down Mobs subsystem...
Shutting down Medals subsystem...
Shutting down Inbounds subsystem...
Shutting down Idling NPC Pool subsystem...
Shutting down Flightpack Movement subsystem...
Shutting down Fire Burning subsystem...
Shutting down Fields subsystem...
Shutting down Fast Processing subsystem...
Shutting down Disease subsystem...
Shutting down Communications subsystem...
Shutting down Augury subsystem...
Shutting down Acid subsystem...
Shutting down Timer subsystem...
Shutting down Circuit subsystem...
Shutting down Machines subsystem...
Shutting down Language subsystem...
Shutting down Atoms subsystem...
Shutting down Networks subsystem...
Shutting down Mapping subsystem...
Shutting down Ticker subsystem...
Shutting down Traits subsystem...
Shutting down Jobs subsystem...
Shutting down Events subsystem...
Shutting down Research subsystem...
Shutting down Input subsystem...
Shutting down Server Tasks subsystem...
Shutting down Blackbox subsystem...
Shutting down Database subsystem...
Shutting down Garbage subsystem...
Shutdown complete
World rebooted at 02:25:58
