[2018-09-10 18:47:38.069] Running /tg/ revision:
[2018-09-10 18:47:38.070] 6ed4ac8f334b3aaeec135c424706ce31e56f1da6: 2018-08-29
[2018-09-10 18:47:38.072] runtime error: list index out of bounds
[2018-09-10 18:47:38.072] proc name: New (/datum/getrev/New)
[2018-09-10 18:47:38.072]   source file: getrev.dm,28
[2018-09-10 18:47:38.072]   usr: null
[2018-09-10 18:47:38.072]   src: /datum/getrev (/datum/getrev)
[2018-09-10 18:47:38.072]   call stack:
[2018-09-10 18:47:38.072] /datum/getrev (/datum/getrev): New()
[2018-09-10 18:47:38.072] world: New()
[2018-09-10 18:47:38.072] 
[2018-09-10 18:47:38.081] Loading config file config.txt...
[2018-09-10 18:47:38.082] Loading config file game_options.txt...
[2018-09-10 18:47:38.084] Unknown setting in configuration: 'w##'
[2018-09-10 18:47:38.086] Failed to validate setting "DOUBLE_AGENTS 20" for min_pop
[2018-09-10 18:47:38.087] Failed to validate setting "DOUBLE_AGENTS -1" for max_pop
[2018-09-10 18:47:38.092] Loading config file dbconfig.txt...
[2018-09-10 18:47:38.093] Loading config file comms.txt...
[2018-09-10 18:47:38.098] Loading config file maps.txt...
[2018-09-10 18:47:38.303] Database connection established.
[2018-09-10 18:47:38.338] SQL: Could not get schema version from database
