[2018-07-16 04:56:44.494] Starting up round ID 1579.
[2018-07-16 04:56:44.494] -------------------------
[2018-07-16 04:56:45.896] Initialized Database subsystem within 0 seconds!
[2018-07-16 04:56:45.896] Initialized Blackbox subsystem within 0 seconds!
[2018-07-16 04:56:45.896] Initialized Server Tasks subsystem within 0 seconds!
[2018-07-16 04:56:45.897] Initialized Input subsystem within 0 seconds!
[2018-07-16 04:56:45.925] Initialized Research subsystem within 0.1 seconds!
[2018-07-16 04:56:45.928] Initialized Events subsystem within 0 seconds!
[2018-07-16 04:56:45.932] Initialized Jobs subsystem within 0 seconds!
[2018-07-16 04:56:45.933] Initialized Quirks subsystem within 0 seconds!
[2018-07-16 04:56:45.943] Initialized Ticker subsystem within 0 seconds!
[2018-07-16 04:56:45.943] Loading PubbyStation...
[2018-07-16 04:56:53.534] Loaded Station in 7.6s!
[2018-07-16 04:56:58.397] Loaded Lavaland in 4.4s!
[2018-07-16 04:57:11.913] Ruin loader finished with 0 left to spend.
[2018-07-16 04:57:13.400] Ruin loader finished with 0 left to spend.
[2018-07-16 04:57:22.866] Initialized Mapping subsystem within 36.9 seconds!
[2018-07-16 04:57:22.867] Initialized Networks subsystem within 0 seconds!
[2018-07-16 04:58:05.557] Initialized Atoms subsystem within 42.7 seconds!
[2018-07-16 04:58:05.949] Initialized Language subsystem within 0 seconds!
[2018-07-16 04:58:06.218] Initialized Machines subsystem within 0.3 seconds!
[2018-07-16 04:58:06.265] Initialized Circuit subsystem within 0 seconds!
[2018-07-16 04:58:06.267] Initialized Disease subsystem within 0 seconds!
[2018-07-16 04:58:06.267] Initialized Medals subsystem within 0 seconds!
[2018-07-16 04:58:06.267] Initialized Night Shift subsystem within 0 seconds!
[2018-07-16 04:58:06.267] Initialized Parallax subsystem within 0 seconds!
[2018-07-16 04:58:06.392] Initialized Traumas subsystem within 0.1 seconds!
[2018-07-16 04:58:06.393] Initialized Weather subsystem within 0 seconds!
[2018-07-16 04:59:28.842] ## WARNING: There are 27 active turfs at roundstart, this is a mapping error caused by a difference of the air between the adjacent turfs. You can see its coordinates using "Mapping -> Show roundstart AT list" verb (debug verbs required)
[2018-07-16 04:59:28.851] ## WARNING: HEY! LISTEN! 0 seconds were wasted processing 27 turf(s) (connected to 122 other turfs) with atmos differences at round start.
[2018-07-16 04:59:29.300] Initialized Atmospherics subsystem within 83 seconds!
[2018-07-16 04:59:29.325] Failed to find backup file for map PubbyStation on zlevel 2.
[2018-07-16 04:59:31.092] Initialized Assets subsystem within 1.7 seconds!
[2018-07-16 04:59:40.261] Initialized Icon Smoothing subsystem within 8.6 seconds!
[2018-07-16 04:59:41.819] Initialized Overlay subsystem within 1.6 seconds!
[2018-07-16 04:59:41.819] Initialized XKeyScore subsystem within 0 seconds!
[2018-07-16 04:59:41.825] Initialized Sticky Ban subsystem within 0 seconds!
[2018-07-16 04:59:57.692] Initialized Lighting subsystem within 15.8 seconds!
[2018-07-16 05:00:00.558] Initialized Shuttle subsystem within 2.9 seconds!
[2018-07-16 05:00:00.591] Initialized Squeak subsystem within 0 seconds!
[2018-07-16 05:00:00.592] Initialized Pathfinder subsystem within 0 seconds!
[2018-07-16 05:00:00.643] Loaded 6 engraved messages on map PubbyStation
[2018-07-16 05:00:00.656] Initialized Persistence subsystem within 0.1 seconds!
[2018-07-16 05:00:00.656] Initializations complete within 194.8 seconds!
[2018-07-16 05:16:17.942] Game start took 0.7s
[2018-07-16 08:41:20.133] Shutting down Persistence subsystem...
[2018-07-16 08:41:20.133] Shutting down Pathfinder subsystem...
[2018-07-16 08:41:20.133] Shutting down Squeak subsystem...
[2018-07-16 08:41:20.133] Shutting down Shuttle subsystem...
[2018-07-16 08:41:20.133] Shutting down Lighting subsystem...
[2018-07-16 08:41:20.133] Shutting down XKeyScore subsystem...
[2018-07-16 08:41:20.133] Shutting down Sticky Ban subsystem...
[2018-07-16 08:41:20.133] Shutting down Overlay subsystem...
[2018-07-16 08:41:20.162] Shutting down Icon Smoothing subsystem...
[2018-07-16 08:41:20.162] Shutting down Assets subsystem...
[2018-07-16 08:41:20.162] Shutting down Minimap subsystem...
[2018-07-16 08:41:20.162] Shutting down Atmospherics subsystem...
[2018-07-16 08:41:20.162] Shutting down Wet floors subsystem...
[2018-07-16 08:41:20.162] Shutting down Weather subsystem...
[2018-07-16 08:41:20.162] Shutting down Vote subsystem...
[2018-07-16 08:41:20.162] Shutting down Traumas subsystem...
[2018-07-16 08:41:20.162] Shutting down Title Screen subsystem...
[2018-07-16 08:41:20.162] Shutting down Time Tracking subsystem...
[2018-07-16 08:41:20.162] Shutting down Throwing subsystem...
[2018-07-16 08:41:20.162] Shutting down tgui subsystem...
[2018-07-16 08:41:20.162] Shutting down Sun subsystem...
[2018-07-16 08:41:20.162] Shutting down Space Drift subsystem...
[2018-07-16 08:41:20.162] Shutting down Religion subsystem...
[2018-07-16 08:41:20.162] Shutting down Radio subsystem...
[2018-07-16 08:41:20.162] Shutting down Radiation subsystem...
[2018-07-16 08:41:20.162] Shutting down Projectiles subsystem...
[2018-07-16 08:41:20.162] Shutting down Processing subsystem...
[2018-07-16 08:41:20.162] Shutting down Ping subsystem...
[2018-07-16 08:41:20.162] Shutting down Parallax subsystem...
[2018-07-16 08:41:20.162] Shutting down pAI subsystem...
[2018-07-16 08:41:20.162] Shutting down Orbits subsystem...
[2018-07-16 08:41:20.163] Shutting down Objects subsystem...
[2018-07-16 08:41:20.163] Shutting down NPC Pool subsystem...
[2018-07-16 08:41:20.163] Shutting down Night Shift subsystem...
[2018-07-16 08:41:20.163] Shutting down Mood subsystem...
[2018-07-16 08:41:20.163] Shutting down Mobs subsystem...
[2018-07-16 08:41:20.163] Shutting down Medals subsystem...
[2018-07-16 08:41:20.163] Shutting down Idling NPC Pool subsystem...
[2018-07-16 08:41:20.163] Shutting down Flightpack Movement subsystem...
[2018-07-16 08:41:20.163] Shutting down Fire Burning subsystem...
[2018-07-16 08:41:20.163] Shutting down Fields subsystem...
[2018-07-16 08:41:20.163] Shutting down Fast Processing subsystem...
[2018-07-16 08:41:20.163] Shutting down Disease subsystem...
[2018-07-16 08:41:20.163] Shutting down Datum Component System subsystem...
[2018-07-16 08:41:20.163] Shutting down Communications subsystem...
[2018-07-16 08:41:20.163] Shutting down Augury subsystem...
[2018-07-16 08:41:20.163] Shutting down Acid subsystem...
[2018-07-16 08:41:20.163] Shutting down Timer subsystem...
[2018-07-16 08:41:20.163] Shutting down Circuit subsystem...
[2018-07-16 08:41:20.163] Shutting down Machines subsystem...
[2018-07-16 08:41:20.163] Shutting down Language subsystem...
[2018-07-16 08:41:20.163] Shutting down Atoms subsystem...
[2018-07-16 08:41:20.163] Shutting down Networks subsystem...
[2018-07-16 08:41:20.163] Shutting down Mapping subsystem...
[2018-07-16 08:41:20.163] Shutting down Ticker subsystem...
[2018-07-16 08:41:20.276] Shutting down Quirks subsystem...
[2018-07-16 08:41:20.276] Shutting down Jobs subsystem...
[2018-07-16 08:41:20.276] Shutting down Events subsystem...
[2018-07-16 08:41:20.276] Shutting down Research subsystem...
[2018-07-16 08:41:20.276] Shutting down Input subsystem...
[2018-07-16 08:41:20.276] Shutting down Server Tasks subsystem...
[2018-07-16 08:41:20.276] Shutting down Blackbox subsystem...
[2018-07-16 08:41:20.349] Shutting down Database subsystem...
[2018-07-16 08:41:20.385] Shutting down Garbage subsystem...
[2018-07-16 08:41:20.412] Shutdown complete
[2018-07-16 08:41:20.412] World rebooted at 08:41:20
