

Starting up round ID 875. 17:04:53
---------------------
Initialized Database subsystem within 0 seconds!
Initialized Blackbox subsystem within 0 seconds!
Initialized Server Tasks subsystem within 0 seconds!
Initialized Input subsystem within 0 seconds!
Initialized Research subsystem within 0 seconds!
Initialized Events subsystem within 0 seconds!
Initialized Jobs subsystem within 0 seconds!
Initialized Traits subsystem within 0 seconds!
Initialized Ticker subsystem within 0.1 seconds!
Loading Box Station...
Loaded Station in 5.6s!
Loaded Lavaland in 6.5s!
Loaded Reebe in 5.9s!
## WARNING: build_pipeline(): /obj/machinery/atmospherics/pipe/manifold4w/orange/visible added to a pipenet while still having one. (pipes leading to the same spot stacking in one turf) Nearby: (56, 97, 14)
## WARNING: build_pipeline(): /obj/machinery/atmospherics/pipe/manifold/orange/visible added to a pipenet while still having one. (pipes leading to the same spot stacking in one turf) Nearby: (56, 98, 14)
## WARNING: build_pipeline(): /obj/machinery/atmospherics/pipe/simple/orange/visible added to a pipenet while still having one. (pipes leading to the same spot stacking in one turf) Nearby: (57, 97, 14)
## WARNING: build_pipeline(): /obj/machinery/atmospherics/pipe/simple/orange/visible added to a pipenet while still having one. (pipes leading to the same spot stacking in one turf) Nearby: (55, 97, 14)
## WARNING: build_pipeline(): /obj/machinery/atmospherics/pipe/simple/orange/visible added to a pipenet while still having one. (pipes leading to the same spot stacking in one turf) Nearby: (57, 98, 14)
## WARNING: build_pipeline(): /obj/machinery/atmospherics/pipe/simple/orange/visible added to a pipenet while still having one. (pipes leading to the same spot stacking in one turf) Nearby: (57, 115, 14)
## WARNING: build_pipeline(): /obj/machinery/atmospherics/pipe/manifold/orange/visible added to a pipenet while still having one. (pipes leading to the same spot stacking in one turf) Nearby: (58, 115, 14)
## WARNING: build_pipeline(): /obj/machinery/atmospherics/pipe/simple/orange/visible added to a pipenet while still having one. (pipes leading to the same spot stacking in one turf) Nearby: (56, 115, 14)
## WARNING: build_pipeline(): /obj/machinery/atmospherics/pipe/simple/orange/visible added to a pipenet while still having one. (pipes leading to the same spot stacking in one turf) Nearby: (58, 116, 14)
## WARNING: build_pipeline(): /obj/machinery/atmospherics/pipe/manifold/orange/visible added to a pipenet while still having one. (pipes leading to the same spot stacking in one turf) Nearby: (59, 115, 14)
## WARNING: build_pipeline(): further messages about pipenets will be supressed
Ruin loader finished with 0 left to spend.
Ruin loader finished with 0 left to spend.
Initialized Mapping subsystem within 40.9 seconds!
Initialized Networks subsystem within 0 seconds!
runtime error: 
[17:05:51]Bad areastring path for Vacant Office APC, area/security/vacantoffice
[17:05:51]proc name: stack trace (/datum/proc/stack_trace)
[17:05:51]  source file: unsorted.dm,1257
[17:05:51]  usr: null
[17:05:51]  src: Vacant Office APC (/obj/machinery/power/apc)
[17:05:51]  src.loc: the floor (88,129,2) (/turf/open/floor/plasteel/grimy)
[17:05:51]  call stack:
[17:05:51]Vacant Office APC (/obj/machinery/power/apc): stack trace("Bad areastring path for Vacant...")
[17:05:51]Vacant Office APC (/obj/machinery/power/apc): Initialize(1)
[17:05:51]Atoms (/datum/controller/subsystem/atoms): InitAtom(Vacant Office APC (/obj/machinery/power/apc), /list (/list))
[17:05:51]Atoms (/datum/controller/subsystem/atoms): InitializeAtoms(null)
[17:05:51]Atoms (/datum/controller/subsystem/atoms): Initialize(615406)
[17:05:51]Master (/datum/controller/master): Initialize(10, 0)
### MAP WARNING, Mining Dock at Snowdin Outpost - Mining Post (45,15,14) failed to find a valid airlock to cyclelink with!
### MAP WARNING, Mining Dock at Snowdin Outpost - Underground Mine Post (178,16,14) failed to find a valid airlock to cyclelink with!
### MAP WARNING, Mining Dock at Snowdin Outpost - Underground Mine Post (180,16,14) failed to find a valid airlock to cyclelink with!
Initialized Atoms subsystem within 58.7 seconds!
Initialized Language subsystem within 0 seconds!
Initialized Machines subsystem within 0.3 seconds!
Initialized Circuit subsystem within 0 seconds!
Initialized Disease subsystem within 0 seconds!
Initialized Medals subsystem within 0 seconds!
Initialized Night Shift subsystem within 0 seconds!
Initialized Parallax subsystem within 0 seconds!
Initialized Traumas subsystem within 0.1 seconds!
Initialized Weather subsystem within 0 seconds!
Initialized Atmospherics subsystem within 16.6 seconds!
Initialized Minimap subsystem within 0.4 seconds!
Initialized Assets subsystem within 0.8 seconds!
Initialized Icon Smoothing subsystem within 8.3 seconds!
Initialized Overlay subsystem within 24.4 seconds!
Initialized XKeyScore subsystem within 0 seconds!
Initialized Sticky Ban subsystem within 0 seconds!
Initialized Lighting subsystem within 37.2 seconds!
Initialized Shuttle subsystem within 24.3 seconds!
Initialized Squeak subsystem within 0 seconds!
Initialized pathfinder subsystem within 0 seconds!
Loaded 119 engraved messages on map Box Station
Initialized Persistence subsystem within 0.1 seconds!
Initializations complete within 212.6 seconds!
runtime error: 
[17:09:43]Cannot read null.species
[17:09:43]proc name: attach limb (/obj/item/bodypart/proc/attach_limb)
[17:09:43]  source file: dismemberment.dm,278
[17:09:43]  usr: null
[17:09:43]  src: the surplus prosthetic right a... (/obj/item/bodypart/r_arm/robot/surplus)
[17:09:43]  src.loc: null
[17:09:43]  call stack:
[17:09:43]the surplus prosthetic right a... (/obj/item/bodypart/r_arm/robot/surplus): attach limb( (/mob/living/carbon/human), null)
[17:09:43]the surplus prosthetic right a... (/obj/item/bodypart/r_arm/robot/surplus): replace limb( (/mob/living/carbon/human), null)
[17:09:43]Prosthetic Limb (/datum/trait/prosthetic_limb): on spawn()
[17:09:43]Prosthetic Limb (/datum/trait/prosthetic_limb): New( (/mob/living/carbon/human), 1)
[17:09:43] (/mob/living/carbon/human): add trait datum("Prosthetic Limb", 1)
[17:09:43]Traits (/datum/controller/subsystem/processing/traits): AssignTraits( (/mob/living/carbon/human), Mr.Cheese1 (/client), 1)
[17:09:43]Ticker (/datum/controller/subsystem/ticker): equip characters()
[17:09:43]Ticker (/datum/controller/subsystem/ticker): setup()
[17:09:43]Ticker (/datum/controller/subsystem/ticker): fire(0)
[17:09:43]Ticker (/datum/controller/subsystem/ticker): ignite(0)
Game start took 10.8s
runtime error: 
[17:20:42]nothing to animate
[17:20:42]proc name: shake camera (/proc/shake_camera)
[17:20:42]  source file: mob_helpers.dm,270
[17:20:42]  usr: (src)
[17:20:42]  src: null
[17:20:42]  call stack:
[17:20:42]shake camera(Matt Yevpraksiya (/mob/living/carbon/human), 0.75, 1)
[17:20:42]Matt Yevpraksiya (/mob/living/carbon/human): afterShuttleMove(space (18,20,13) (/turf/open/space/transit/west), /list (/list), 8, 8, 8, 0)
[17:20:42]Matt Yevpraksiya (/mob/living/carbon/human): afterShuttleMove(space (18,20,13) (/turf/open/space/transit/west), /list (/list), 8, 8, 8, 0)
[17:20:42]the arrivals shuttle (/obj/docking_port/mobile/arrivals): cleanup runway(the arrivals (/obj/docking_port/stationary), /list (/list), /list (/list), /list (/list), /list (/list), 0, 8, Space (/area/space), /turf/open/space/transit/west (/turf/open/space/transit/west), /turf/open/space (/turf/open/space))
[17:20:42]the arrivals shuttle (/obj/docking_port/mobile/arrivals): initiate docking(the arrivals (/obj/docking_port/stationary), 8, 0)
[17:20:42]the arrivals shuttle (/obj/docking_port/mobile/arrivals): initiate docking(the arrivals (/obj/docking_port/stationary), 8)
[17:20:42]the arrivals shuttle (/obj/docking_port/mobile/arrivals): check()
[17:20:42]the arrivals shuttle (/obj/docking_port/mobile/arrivals): check()
[17:20:42]Shuttle (/datum/controller/subsystem/shuttle): fire(0)
[17:20:42]Shuttle (/datum/controller/subsystem/shuttle): ignite(0)
runtime error: 
[17:22:04]list index out of bounds
[17:22:04]proc name: tick (/datum/round_event/aurora_caelus/tick)
[17:22:04]  source file: aurora_caelus.dm,39
[17:22:04]  usr: null
[17:22:04]  src: /datum/round_event/aurora_cael... (/datum/round_event/aurora_caelus)
[17:22:04]  call stack:
[17:22:04]/datum/round_event/aurora_cael... (/datum/round_event/aurora_caelus): tick()
[17:22:04]/datum/round_event/aurora_cael... (/datum/round_event/aurora_caelus): process()
[17:22:04]Events (/datum/controller/subsystem/events): fire(0)
[17:22:04]Events (/datum/controller/subsystem/events): ignite(0)
[17:22:04]Master (/datum/controller/master): RunQueue()
[17:22:04]Master (/datum/controller/master): Loop()
[17:22:04]Master (/datum/controller/master): StartProcessing(0)
runtime error: 
[17:22:53]nothing to animate
[17:22:53]proc name: shake camera (/proc/shake_camera)
[17:22:53]  source file: mob_helpers.dm,270
[17:22:53]  usr: (src)
[17:22:53]  src: null
[17:22:53]  call stack:
[17:22:53]shake camera(Matt Yevpraksiya (/mob/living/carbon/human), 0.75, 1)
[17:22:53]Matt Yevpraksiya (/mob/living/carbon/human): afterShuttleMove(space (50,20,13) (/turf/open/space/transit/north), /list (/list), 8, 1, 1, 0)
[17:22:53]Matt Yevpraksiya (/mob/living/carbon/human): afterShuttleMove(space (50,20,13) (/turf/open/space/transit/north), /list (/list), 8, 1, 1, 0)
[17:22:53]the mining shuttle (/obj/docking_port/mobile): cleanup runway(the lavaland mine (/obj/docking_port/stationary), /list (/list), /list (/list), /list (/list), /list (/list), 0, 1, Space (/area/space), /turf/open/space/transit/north (/turf/open/space/transit/north), /turf/open/space (/turf/open/space))
[17:22:53]the mining shuttle (/obj/docking_port/mobile): initiate docking(the lavaland mine (/obj/docking_port/stationary), 1, 0)
[17:22:53]the mining shuttle (/obj/docking_port/mobile): check()
[17:22:53]Shuttle (/datum/controller/subsystem/shuttle): fire(0)
[17:22:53]Shuttle (/datum/controller/subsystem/shuttle): ignite(0)
runtime error: 
[17:33:41]nothing to animate
[17:33:41]proc name: shake camera (/proc/shake_camera)
[17:33:41]  source file: mob_helpers.dm,270
[17:33:41]  usr: (src)
[17:33:41]  src: null
[17:33:41]  call stack:
[17:33:41]shake camera(Matt Yevpraksiya (/mob/living/carbon/human), 0.75, 1)
[17:33:41]Matt Yevpraksiya (/mob/living/carbon/human): afterShuttleMove(space (50,20,13) (/turf/open/space/transit/north), /list (/list), 8, 1, 1, 0)
[17:33:41]Matt Yevpraksiya (/mob/living/carbon/human): afterShuttleMove(space (50,20,13) (/turf/open/space/transit/north), /list (/list), 8, 1, 1, 0)
[17:33:41]the mining shuttle (/obj/docking_port/mobile): cleanup runway(the lavaland mine (/obj/docking_port/stationary), /list (/list), /list (/list), /list (/list), /list (/list), 0, 1, Space (/area/space), /turf/open/space/transit/north (/turf/open/space/transit/north), /turf/open/space (/turf/open/space))
[17:33:41]the mining shuttle (/obj/docking_port/mobile): initiate docking(the lavaland mine (/obj/docking_port/stationary), 1, 0)
[17:33:41]the mining shuttle (/obj/docking_port/mobile): check()
[17:33:41]Shuttle (/datum/controller/subsystem/shuttle): fire(0)
[17:33:41]Shuttle (/datum/controller/subsystem/shuttle): ignite(0)
runtime error: 
[17:34:34]nothing to animate
[17:34:34]proc name: shake camera (/proc/shake_camera)
[17:34:34]  source file: mob_helpers.dm,270
[17:34:34]  usr: (src)
[17:34:34]  src: null
[17:34:34]  call stack:
[17:34:34]shake camera(Holds-The-Line (/mob/living/carbon/human), 0.75, 1)
[17:34:34]Holds-The-Line (/mob/living/carbon/human): afterShuttleMove(space (27,20,13) (/turf/open/space/transit/west), /list (/list), 8, 8, 8, 0)
[17:34:34]Holds-The-Line (/mob/living/carbon/human): afterShuttleMove(space (27,20,13) (/turf/open/space/transit/west), /list (/list), 8, 8, 8, 0)
[17:34:34]the arrivals shuttle (/obj/docking_port/mobile/arrivals): cleanup runway(the arrivals (/obj/docking_port/stationary), /list (/list), /list (/list), /list (/list), /list (/list), 0, 8, Space (/area/space), /turf/open/space/transit/west (/turf/open/space/transit/west), /turf/open/space (/turf/open/space))
[17:34:34]the arrivals shuttle (/obj/docking_port/mobile/arrivals): initiate docking(the arrivals (/obj/docking_port/stationary), 8, 0)
[17:34:34]the arrivals shuttle (/obj/docking_port/mobile/arrivals): initiate docking(the arrivals (/obj/docking_port/stationary), 8)
[17:34:34]the arrivals shuttle (/obj/docking_port/mobile/arrivals): check()
[17:34:34]the arrivals shuttle (/obj/docking_port/mobile/arrivals): check()
[17:34:34]Shuttle (/datum/controller/subsystem/shuttle): fire(0)
[17:34:34]Shuttle (/datum/controller/subsystem/shuttle): ignite(0)
runtime error: 
[17:35:18]nothing to animate
[17:35:18]proc name: shake camera (/proc/shake_camera)
[17:35:18]  source file: mob_helpers.dm,270
[17:35:18]  usr: (src)
[17:35:18]  src: null
[17:35:18]  call stack:
[17:35:18]shake camera(Beau Richards (/mob/living/carbon/human), 0.75, 1)
[17:35:18]Beau Richards (/mob/living/carbon/human): afterShuttleMove(space (18,18,13) (/turf/open/space/transit/north), /list (/list), 8, 1, 1, 0)
[17:35:18]Beau Richards (/mob/living/carbon/human): afterShuttleMove(space (18,18,13) (/turf/open/space/transit/north), /list (/list), 8, 1, 1, 0)
[17:35:18]the mining shuttle (/obj/docking_port/mobile): cleanup runway(the lavaland mine (/obj/docking_port/stationary), /list (/list), /list (/list), /list (/list), /list (/list), 0, 1, Space (/area/space), /turf/open/space/transit/north (/turf/open/space/transit/north), /turf/open/space (/turf/open/space))
[17:35:18]the mining shuttle (/obj/docking_port/mobile): initiate docking(the lavaland mine (/obj/docking_port/stationary), 1, 0)
[17:35:18]the mining shuttle (/obj/docking_port/mobile): check()
[17:35:18]Shuttle (/datum/controller/subsystem/shuttle): fire(0)
[17:35:18]Shuttle (/datum/controller/subsystem/shuttle): ignite(0)
runtime error: 
[17:36:23]Cannot modify null.moved.
[17:36:23]proc name: Remove (/datum/action/proc/Remove)
[17:36:23]  source file: action.dm,79
[17:36:23]  usr: 0
[17:36:23]  src: Toggle Gunlight (/datum/action/item_action/toggle_gunlight)
[17:36:23]  call stack:
[17:36:23]Toggle Gunlight (/datum/action/item_action/toggle_gunlight): Remove(Matt Yevpraksiya (/mob/living/carbon/human))
[17:36:23]the proto-kinetic accelerator (/obj/item/gun/energy/kinetic_accelerator): dropped(Matt Yevpraksiya (/mob/living/carbon/human))
[17:36:23]the proto-kinetic accelerator (/obj/item/gun/energy/kinetic_accelerator): dropped(Matt Yevpraksiya (/mob/living/carbon/human))
[17:36:23]Matt Yevpraksiya (/mob/living/carbon/human): doUnEquip(the proto-kinetic accelerator (/obj/item/gun/energy/kinetic_accelerator), 0, the volcanic floor (83,78,5) (/turf/open/floor/plating/asteroid/basalt/lava_land_surface), 0, 1)
[17:36:23]Matt Yevpraksiya (/mob/living/carbon/human): doUnEquip(the proto-kinetic accelerator (/obj/item/gun/energy/kinetic_accelerator), 0, the volcanic floor (83,78,5) (/turf/open/floor/plating/asteroid/basalt/lava_land_surface), 0, 1)
[17:36:23]Matt Yevpraksiya (/mob/living/carbon/human): doUnEquip(the proto-kinetic accelerator (/obj/item/gun/energy/kinetic_accelerator), 0, the volcanic floor (83,78,5) (/turf/open/floor/plating/asteroid/basalt/lava_land_surface), 0, 1)
[17:36:23]Matt Yevpraksiya (/mob/living/carbon/human): dropItemToGround(the proto-kinetic accelerator (/obj/item/gun/energy/kinetic_accelerator), 0)
[17:36:23]Matt Yevpraksiya (/mob/living/carbon/human): drop all held items()
[17:36:23]Matt Yevpraksiya (/mob/living/carbon/human): update canmove()
[17:36:23]/datum/status_effect/incapacit... (/datum/status_effect/incapacitating/unconscious): on creation(Matt Yevpraksiya (/mob/living/carbon/human), 200, 1)
[17:36:23]/datum/status_effect/incapacit... (/datum/status_effect/incapacitating/unconscious): New(/list (/list))
[17:36:23]Matt Yevpraksiya (/mob/living/carbon/human): apply status effect(/datum/status_effect/incapacit... (/datum/status_effect/incapacitating/unconscious), 200, 1)
[17:36:23]Matt Yevpraksiya (/mob/living/carbon/human): Unconscious(200, 1, 0)
[17:36:23]Matt Yevpraksiya (/mob/living/carbon/human): Unconscious(200, 1, 0)
[17:36:23]Matt Yevpraksiya (/mob/living/carbon/human): ex act(2, null, null)
[17:36:23]the volcanic floor (83,78,5) (/turf/open/floor/plating/asteroid/basalt/lava_land_surface): contents explosion(2, null)
[17:36:23]the volcanic floor (83,78,5) (/turf/open/floor/plating/asteroid/basalt/lava_land_surface): ex act(2, null)
[17:36:23]/datum/explosion (/datum/explosion): New(the volcanic floor (84,78,5) (/turf/open/floor/plating/asteroid/basalt/lava_land_surface), 1, 2, 5, 1, 0, 0, 0, 0, 0)
runtime error: 
[17:43:05]nothing to animate
[17:43:05]proc name: shake camera (/proc/shake_camera)
[17:43:05]  source file: mob_helpers.dm,270
[17:43:05]  usr: (src)
[17:43:05]  src: null
[17:43:05]  call stack:
[17:43:05]shake camera(Bo Bo Sassy (/mob/living/carbon/human), 0.75, 1)
[17:43:05]Bo Bo Sassy (/mob/living/carbon/human): afterShuttleMove(space (43,19,13) (/turf/open/space/transit/west), /list (/list), 8, 8, 8, 0)
[17:43:05]Bo Bo Sassy (/mob/living/carbon/human): afterShuttleMove(space (43,19,13) (/turf/open/space/transit/west), /list (/list), 8, 8, 8, 0)
[17:43:05]the arrivals shuttle (/obj/docking_port/mobile/arrivals): cleanup runway(the arrivals (/obj/docking_port/stationary), /list (/list), /list (/list), /list (/list), /list (/list), 0, 8, Space (/area/space), /turf/open/space/transit/west (/turf/open/space/transit/west), /turf/open/space (/turf/open/space))
[17:43:05]the arrivals shuttle (/obj/docking_port/mobile/arrivals): initiate docking(the arrivals (/obj/docking_port/stationary), 8, 0)
[17:43:05]the arrivals shuttle (/obj/docking_port/mobile/arrivals): initiate docking(the arrivals (/obj/docking_port/stationary), 8)
[17:43:05]the arrivals shuttle (/obj/docking_port/mobile/arrivals): check()
[17:43:05]the arrivals shuttle (/obj/docking_port/mobile/arrivals): check()
[17:43:05]Shuttle (/datum/controller/subsystem/shuttle): fire(0)
[17:43:05]Shuttle (/datum/controller/subsystem/shuttle): ignite(0)
runtime error: 
[17:44:36]nothing to animate
[17:44:36]proc name: shake camera (/proc/shake_camera)
[17:44:36]  source file: mob_helpers.dm,270
[17:44:36]  usr: (src)
[17:44:36]  src: null
[17:44:36]  call stack:
[17:44:36]shake camera(Burgi Borson (/mob/living/carbon/human), 0.75, 1)
[17:44:36]Burgi Borson (/mob/living/carbon/human): afterShuttleMove(space (18,20,13) (/turf/open/space/transit/west), /list (/list), 8, 8, 8, 0)
[17:44:36]Burgi Borson (/mob/living/carbon/human): afterShuttleMove(space (18,20,13) (/turf/open/space/transit/west), /list (/list), 8, 8, 8, 0)
[17:44:36]the arrivals shuttle (/obj/docking_port/mobile/arrivals): cleanup runway(the arrivals (/obj/docking_port/stationary), /list (/list), /list (/list), /list (/list), /list (/list), 0, 8, Space (/area/space), /turf/open/space/transit/west (/turf/open/space/transit/west), /turf/open/space (/turf/open/space))
[17:44:36]the arrivals shuttle (/obj/docking_port/mobile/arrivals): initiate docking(the arrivals (/obj/docking_port/stationary), 8, 0)
[17:44:36]the arrivals shuttle (/obj/docking_port/mobile/arrivals): initiate docking(the arrivals (/obj/docking_port/stationary), 8)
[17:44:36]the arrivals shuttle (/obj/docking_port/mobile/arrivals): check()
[17:44:36]the arrivals shuttle (/obj/docking_port/mobile/arrivals): check()
[17:44:36]Shuttle (/datum/controller/subsystem/shuttle): fire(0)
[17:44:36]Shuttle (/datum/controller/subsystem/shuttle): ignite(0)
runtime error: 
[17:45:29]nothing to animate
[17:45:29]proc name: shake camera (/proc/shake_camera)
[17:45:29]  source file: mob_helpers.dm,270
[17:45:29]  usr: (src)
[17:45:29]  src: null
[17:45:29]  call stack:
[17:45:29]shake camera(Alex Dowdall (/mob/living/carbon/human), 0.75, 1)
[17:45:29]Alex Dowdall (/mob/living/carbon/human): afterShuttleMove(space (21,19,13) (/turf/open/space/transit/west), /list (/list), 8, 8, 8, 0)
[17:45:29]Alex Dowdall (/mob/living/carbon/human): afterShuttleMove(space (21,19,13) (/turf/open/space/transit/west), /list (/list), 8, 8, 8, 0)
[17:45:29]the arrivals shuttle (/obj/docking_port/mobile/arrivals): cleanup runway(the arrivals (/obj/docking_port/stationary), /list (/list), /list (/list), /list (/list), /list (/list), 0, 8, Space (/area/space), /turf/open/space/transit/west (/turf/open/space/transit/west), /turf/open/space (/turf/open/space))
[17:45:29]the arrivals shuttle (/obj/docking_port/mobile/arrivals): initiate docking(the arrivals (/obj/docking_port/stationary), 8, 0)
[17:45:29]the arrivals shuttle (/obj/docking_port/mobile/arrivals): initiate docking(the arrivals (/obj/docking_port/stationary), 8)
[17:45:29]the arrivals shuttle (/obj/docking_port/mobile/arrivals): check()
[17:45:29]the arrivals shuttle (/obj/docking_port/mobile/arrivals): check()
[17:45:29]Shuttle (/datum/controller/subsystem/shuttle): fire(0)
[17:45:29]Shuttle (/datum/controller/subsystem/shuttle): ignite(0)
runtime error: 
[17:50:06]nothing to animate
[17:50:06]proc name: shake camera (/proc/shake_camera)
[17:50:06]  source file: mob_helpers.dm,270
[17:50:06]  usr: (src)
[17:50:06]  src: null
[17:50:06]  call stack:
[17:50:06]shake camera(Peter Petrograd (/mob/living/carbon/human), 0.75, 1)
[17:50:06]Peter Petrograd (/mob/living/carbon/human): afterShuttleMove(space (27,20,13) (/turf/open/space/transit/west), /list (/list), 8, 8, 8, 0)
[17:50:06]Peter Petrograd (/mob/living/carbon/human): afterShuttleMove(space (27,20,13) (/turf/open/space/transit/west), /list (/list), 8, 8, 8, 0)
[17:50:06]the arrivals shuttle (/obj/docking_port/mobile/arrivals): cleanup runway(the arrivals (/obj/docking_port/stationary), /list (/list), /list (/list), /list (/list), /list (/list), 0, 8, Space (/area/space), /turf/open/space/transit/west (/turf/open/space/transit/west), /turf/open/space (/turf/open/space))
[17:50:06]the arrivals shuttle (/obj/docking_port/mobile/arrivals): initiate docking(the arrivals (/obj/docking_port/stationary), 8, 0)
[17:50:06]the arrivals shuttle (/obj/docking_port/mobile/arrivals): initiate docking(the arrivals (/obj/docking_port/stationary), 8)
[17:50:06]the arrivals shuttle (/obj/docking_port/mobile/arrivals): check()
[17:50:06]the arrivals shuttle (/obj/docking_port/mobile/arrivals): check()
[17:50:06]Shuttle (/datum/controller/subsystem/shuttle): fire(0)
[17:50:06]Shuttle (/datum/controller/subsystem/shuttle): ignite(0)
runtime error: 
[17:52:52]nothing to animate
[17:52:52]proc name: shake camera (/proc/shake_camera)
[17:52:52]  source file: mob_helpers.dm,270
[17:52:52]  usr: (src)
[17:52:52]  src: null
[17:52:52]  call stack:
[17:52:52]shake camera(Johnny Banana (/mob/living/carbon/human), 0.75, 1)
[17:52:52]Johnny Banana (/mob/living/carbon/human): afterShuttleMove(space (23,18,13) (/turf/open/space/transit/west), /list (/list), 8, 8, 8, 0)
[17:52:52]Johnny Banana (/mob/living/carbon/human): afterShuttleMove(space (23,18,13) (/turf/open/space/transit/west), /list (/list), 8, 8, 8, 0)
[17:52:52]the arrivals shuttle (/obj/docking_port/mobile/arrivals): cleanup runway(the arrivals (/obj/docking_port/stationary), /list (/list), /list (/list), /list (/list), /list (/list), 0, 8, Space (/area/space), /turf/open/space/transit/west (/turf/open/space/transit/west), /turf/open/space (/turf/open/space))
[17:52:52]the arrivals shuttle (/obj/docking_port/mobile/arrivals): initiate docking(the arrivals (/obj/docking_port/stationary), 8, 0)
[17:52:52]the arrivals shuttle (/obj/docking_port/mobile/arrivals): initiate docking(the arrivals (/obj/docking_port/stationary), 8)
[17:52:52]the arrivals shuttle (/obj/docking_port/mobile/arrivals): check()
[17:52:52]the arrivals shuttle (/obj/docking_port/mobile/arrivals): check()
[17:52:52]Shuttle (/datum/controller/subsystem/shuttle): fire(0)
[17:52:52]Shuttle (/datum/controller/subsystem/shuttle): ignite(0)
runtime error: 
[17:52:52]nothing to animate
[17:52:52]proc name: shake camera (/proc/shake_camera)
[17:52:52]  source file: mob_helpers.dm,270
[17:52:52]  usr: (src)
[17:52:52]  src: null
[17:52:52]  call stack:
[17:52:52]shake camera(Cindy Kate (/mob/living/carbon/human), 0.75, 1)
[17:52:52]Cindy Kate (/mob/living/carbon/human): afterShuttleMove(space (21,19,13) (/turf/open/space/transit/west), /list (/list), 8, 8, 8, 0)
[17:52:52]Cindy Kate (/mob/living/carbon/human): afterShuttleMove(space (21,19,13) (/turf/open/space/transit/west), /list (/list), 8, 8, 8, 0)
[17:52:52]the arrivals shuttle (/obj/docking_port/mobile/arrivals): cleanup runway(the arrivals (/obj/docking_port/stationary), /list (/list), /list (/list), /list (/list), /list (/list), 0, 8, Space (/area/space), /turf/open/space/transit/west (/turf/open/space/transit/west), /turf/open/space (/turf/open/space))
[17:52:52]the arrivals shuttle (/obj/docking_port/mobile/arrivals): initiate docking(the arrivals (/obj/docking_port/stationary), 8, 0)
[17:52:52]the arrivals shuttle (/obj/docking_port/mobile/arrivals): initiate docking(the arrivals (/obj/docking_port/stationary), 8)
[17:52:52]the arrivals shuttle (/obj/docking_port/mobile/arrivals): check()
[17:52:52]the arrivals shuttle (/obj/docking_port/mobile/arrivals): check()
[17:52:52]Shuttle (/datum/controller/subsystem/shuttle): fire(0)
[17:52:52]Shuttle (/datum/controller/subsystem/shuttle): ignite(0)
runtime error: 
[17:54:34]nothing to animate
[17:54:34]proc name: shake camera (/proc/shake_camera)
[17:54:34]  source file: mob_helpers.dm,270
[17:54:34]  usr: (src)
[17:54:34]  src: null
[17:54:34]  call stack:
[17:54:34]shake camera(Braiden Riggle (/mob/living/carbon/human), 0.75, 1)
[17:54:34]Braiden Riggle (/mob/living/carbon/human): afterShuttleMove(space (25,20,13) (/turf/open/space/transit/west), /list (/list), 8, 8, 8, 0)
[17:54:34]Braiden Riggle (/mob/living/carbon/human): afterShuttleMove(space (25,20,13) (/turf/open/space/transit/west), /list (/list), 8, 8, 8, 0)
[17:54:34]the arrivals shuttle (/obj/docking_port/mobile/arrivals): cleanup runway(the arrivals (/obj/docking_port/stationary), /list (/list), /list (/list), /list (/list), /list (/list), 0, 8, Space (/area/space), /turf/open/space/transit/west (/turf/open/space/transit/west), /turf/open/space (/turf/open/space))
[17:54:34]the arrivals shuttle (/obj/docking_port/mobile/arrivals): initiate docking(the arrivals (/obj/docking_port/stationary), 8, 0)
[17:54:34]the arrivals shuttle (/obj/docking_port/mobile/arrivals): initiate docking(the arrivals (/obj/docking_port/stationary), 8)
[17:54:34]the arrivals shuttle (/obj/docking_port/mobile/arrivals): check()
[17:54:34]the arrivals shuttle (/obj/docking_port/mobile/arrivals): check()
[17:54:34]Shuttle (/datum/controller/subsystem/shuttle): fire(0)
[17:54:34]Shuttle (/datum/controller/subsystem/shuttle): ignite(0)
runtime error: 
[17:59:07]Cannot read null.loc
[17:59:07]proc name: update parallax (/datum/hud/proc/update_parallax)
[17:59:07]  source file: parallax.dm,170
[17:59:07]  usr: Burgi Borson (/mob/living/brain)
[17:59:07]  src: /datum/hud (/datum/hud)
[17:59:07]  usr.loc: Unknown\'s brain (/obj/item/organ/brain)
[17:59:07]  call stack:
[17:59:07]/datum/hud (/datum/hud): update parallax()
[17:59:07]/datum/hud (/datum/hud): update parallax pref(Burgi Borson (/mob/living/brain))
[17:59:07]/datum/hud (/datum/hud): show hud(1, null)
[17:59:07]Burgi Borson (/mob/living/brain): Login()
[17:59:07]Burgi Borson (/mob/living/brain): Login()
[17:59:07]Burgi Borson (/datum/mind): transfer to(Burgi Borson (/mob/living/brain), 0)
[17:59:07]Unknown\'s brain (/obj/item/organ/brain): transfer identity(Unknown (/mob/living/carbon/human))
[17:59:07]Unknown\'s brain (/obj/item/organ/brain): Remove(Unknown (/mob/living/carbon/human), 0, 0)
[17:59:07]Unknown\'s brain (/obj/item/organ/brain): transfer to limb(Burgi Borson\'s head (/obj/item/bodypart/head), Unknown (/mob/living/carbon/human))
[17:59:07]Burgi Borson\'s head (/obj/item/bodypart/head): drop limb(null)
[17:59:07]Burgi Borson\'s head (/obj/item/bodypart/head): drop limb(null)
[17:59:07]Burgi Borson\'s head (/obj/item/bodypart/head): dismember("brute")
[17:59:07]Human (/datum/species/human): spec attacked by(the circular saw (/obj/item/circular_saw), Jay Collins (/mob/living/carbon/human), Burgi Borson\'s head (/obj/item/bodypart/head), "help", Unknown (/mob/living/carbon/human))
[17:59:07]Unknown (/mob/living/carbon/human): attacked by(the circular saw (/obj/item/circular_saw), Jay Collins (/mob/living/carbon/human))
[17:59:07]the circular saw (/obj/item/circular_saw): attack(Unknown (/mob/living/carbon/human), Jay Collins (/mob/living/carbon/human))
[17:59:07]Unknown (/mob/living/carbon/human): attackby(the circular saw (/obj/item/circular_saw), Jay Collins (/mob/living/carbon/human), "icon-x=16;icon-y=13;left=1;scr...")
[17:59:07]Unknown (/mob/living/carbon/human): attackby(the circular saw (/obj/item/circular_saw), Jay Collins (/mob/living/carbon/human), "icon-x=16;icon-y=13;left=1;scr...")
[17:59:07]the circular saw (/obj/item/circular_saw): melee attack chain(Jay Collins (/mob/living/carbon/human), Unknown (/mob/living/carbon/human), "icon-x=16;icon-y=13;left=1;scr...")
[17:59:07]Jay Collins (/mob/living/carbon/human): ClickOn(Unknown (/mob/living/carbon/human), "icon-x=16;icon-y=13;left=1;scr...")
[17:59:07]Unknown (/mob/living/carbon/human): Click(the floor (167,118,2) (/turf/open/floor/plasteel/dark), "mapwindow.map", "icon-x=16;icon-y=13;left=1;scr...")
runtime error: 
[18:04:17]Cannot read null.loc
[18:04:17]proc name: update parallax (/datum/hud/proc/update_parallax)
[18:04:17]  source file: parallax.dm,170
[18:04:17]  usr: Peter Petrograd (/mob/living/brain)
[18:04:17]  src: /datum/hud (/datum/hud)
[18:04:17]  usr.loc: Unknown\'s brain (/obj/item/organ/brain)
[18:04:17]  call stack:
[18:04:17]/datum/hud (/datum/hud): update parallax()
[18:04:17]/datum/hud (/datum/hud): update parallax pref(Peter Petrograd (/mob/living/brain))
[18:04:17]/datum/hud (/datum/hud): show hud(1, null)
[18:04:17]Peter Petrograd (/mob/living/brain): Login()
[18:04:17]Peter Petrograd (/mob/living/brain): Login()
[18:04:17]Peter Petrograd (/datum/mind): transfer to(Peter Petrograd (/mob/living/brain), 0)
[18:04:17]Unknown\'s brain (/obj/item/organ/brain): transfer identity(Unknown (/mob/living/carbon/human))
[18:04:17]Unknown\'s brain (/obj/item/organ/brain): Remove(Unknown (/mob/living/carbon/human), 0, 0)
[18:04:17]Unknown\'s brain (/obj/item/organ/brain): transfer to limb(Peter Petrograd\'s head (/obj/item/bodypart/head), Unknown (/mob/living/carbon/human))
[18:04:17]Peter Petrograd\'s head (/obj/item/bodypart/head): drop limb(null)
[18:04:17]Peter Petrograd\'s head (/obj/item/bodypart/head): drop limb(null)
[18:04:17]Peter Petrograd\'s head (/obj/item/bodypart/head): dismember("brute")
[18:04:17]Human (/datum/species/human): spec attacked by(the circular saw (/obj/item/circular_saw), Gavin Kellogg (/mob/living/carbon/human), Peter Petrograd\'s head (/obj/item/bodypart/head), "help", Unknown (/mob/living/carbon/human))
[18:04:17]Unknown (/mob/living/carbon/human): attacked by(the circular saw (/obj/item/circular_saw), Gavin Kellogg (/mob/living/carbon/human))
[18:04:17]the circular saw (/obj/item/circular_saw): attack(Unknown (/mob/living/carbon/human), Gavin Kellogg (/mob/living/carbon/human))
[18:04:17]Unknown (/mob/living/carbon/human): attackby(the circular saw (/obj/item/circular_saw), Gavin Kellogg (/mob/living/carbon/human), "icon-x=17;icon-y=24;left=1;scr...")
[18:04:17]Unknown (/mob/living/carbon/human): attackby(the circular saw (/obj/item/circular_saw), Gavin Kellogg (/mob/living/carbon/human), "icon-x=17;icon-y=24;left=1;scr...")
[18:04:17]the circular saw (/obj/item/circular_saw): melee attack chain(Gavin Kellogg (/mob/living/carbon/human), Unknown (/mob/living/carbon/human), "icon-x=17;icon-y=24;left=1;scr...")
[18:04:17]Gavin Kellogg (/mob/living/carbon/human): ClickOn(Unknown (/mob/living/carbon/human), "icon-x=17;icon-y=24;left=1;scr...")
[18:04:17]Unknown (/mob/living/carbon/human): Click(the floor (167,118,2) (/turf/open/floor/plasteel/dark), "mapwindow.map", "icon-x=17;icon-y=24;left=1;scr...")
runtime error: 
[18:08:24]nothing to animate
[18:08:24]proc name: shake camera (/proc/shake_camera)
[18:08:24]  source file: mob_helpers.dm,270
runtime error: 
[18:19:20]nothing to animate
[18:19:20]proc name: shake camera (/proc/shake_camera)
[18:19:20]  source file: mob_helpers.dm,270
runtime error: 
[18:22:52]nothing to animate
[18:22:52]proc name: shake camera (/proc/shake_camera)
[18:22:52]  source file: mob_helpers.dm,270
runtime error: 
[18:24:30]nothing to animate
[18:24:30]proc name: shake camera (/proc/shake_camera)
[18:24:30]  source file: mob_helpers.dm,270
runtime error: 
[18:25:46]Cannot read null.client
[18:25:46]proc name: open (/datum/tgui/proc/open)
[18:25:46]  source file: tgui.dm,87
[2018-05-18 18:27:37] Client: Just a Human Being triggered JS error: Error: Adres URL do dekodowania jest nieprawidłowo zakodowany | url: http://127.0.0.1:59997/tmp8160/browserOutput.js | line: 116 | column: 2 | error: URIError: Adres URL do dekodowania jest nieprawidłowo zakodowany | user agent: Mozilla/4.0 (compatible; MSIE 7.0; Windows NT 6.2; WOW64; Trident/7.0; .NET4.0C; .NET4.0E; .NET CLR 2.0.50727; .NET CLR 3.0.30729; .NET CLR 3.5.30729; InfoPath.2)
[2018-05-18 18:27:37] Client: Just a Human Being triggered JS error: Error: Adres URL do dekodowania jest nieprawidłowo zakodowany | url: http://127.0.0.1:59997/tmp8160/browserOutput.js | line: 116 | column: 2 | error: URIError: Adres URL do dekodowania jest nieprawidłowo zakodowany | user agent: Mozilla/4.0 (compatible; MSIE 7.0; Windows NT 6.2; WOW64; Trident/7.0; .NET4.0C; .NET4.0E; .NET CLR 2.0.50727; .NET CLR 3.0.30729; .NET CLR 3.5.30729; InfoPath.2)
[2018-05-18 18:27:37] Client: Just a Human Being triggered JS error: Error: Adres URL do dekodowania jest nieprawidłowo zakodowany | url: http://127.0.0.1:59997/tmp8160/browserOutput.js | line: 116 | column: 2 | error: URIError: Adres URL do dekodowania jest nieprawidłowo zakodowany | user agent: Mozilla/4.0 (compatible; MSIE 7.0; Windows NT 6.2; WOW64; Trident/7.0; .NET4.0C; .NET4.0E; .NET CLR 2.0.50727; .NET CLR 3.0.30729; .NET CLR 3.5.30729; InfoPath.2)
[2018-05-18 18:27:37] Client: Just a Human Being triggered JS error: Error: Adres URL do dekodowania jest nieprawidłowo zakodowany | url: http://127.0.0.1:59997/tmp8160/browserOutput.js | line: 116 | column: 2 | error: URIError: Adres URL do dekodowania jest nieprawidłowo zakodowany | user agent: Mozilla/4.0 (compatible; MSIE 7.0; Windows NT 6.2; WOW64; Trident/7.0; .NET4.0C; .NET4.0E; .NET CLR 2.0.50727; .NET CLR 3.0.30729; .NET CLR 3.5.30729; InfoPath.2)
[2018-05-18 18:27:37] Client: Just a Human Being triggered JS error: Error: Adres URL do dekodowania jest nieprawidłowo zakodowany | url: http://127.0.0.1:59997/tmp8160/browserOutput.js | line: 116 | column: 2 | error: URIError: Adres URL do dekodowania jest nieprawidłowo zakodowany | user agent: Mozilla/4.0 (compatible; MSIE 7.0; Windows NT 6.2; WOW64; Trident/7.0; .NET4.0C; .NET4.0E; .NET CLR 2.0.50727; .NET CLR 3.0.30729; .NET CLR 3.5.30729; InfoPath.2)
[2018-05-18 18:27:37] Client: Just a Human Being triggered JS error: Error: Adres URL do dekodowania jest nieprawidłowo zakodowany | url: http://127.0.0.1:59997/tmp8160/browserOutput.js | line: 116 | column: 2 | error: URIError: Adres URL do dekodowania jest nieprawidłowo zakodowany | user agent: Mozilla/4.0 (compatible; MSIE 7.0; Windows NT 6.2; WOW64; Trident/7.0; .NET4.0C; .NET4.0E; .NET CLR 2.0.50727; .NET CLR 3.0.30729; .NET CLR 3.5.30729; InfoPath.2)
[2018-05-18 18:27:37] Client: Just a Human Being triggered JS error: Error: Adres URL do dekodowania jest nieprawidłowo zakodowany | url: http://127.0.0.1:59997/tmp8160/browserOutput.js | line: 116 | column: 2 | error: URIError: Adres URL do dekodowania jest nieprawidłowo zakodowany | user agent: Mozilla/4.0 (compatible; MSIE 7.0; Windows NT 6.2; WOW64; Trident/7.0; .NET4.0C; .NET4.0E; .NET CLR 2.0.50727; .NET CLR 3.0.30729; .NET CLR 3.5.30729; InfoPath.2)
[2018-05-18 18:27:37] Client: Just a Human Being triggered JS error: Error: Adres URL do dekodowania jest nieprawidłowo zakodowany | url: http://127.0.0.1:59997/tmp8160/browserOutput.js | line: 116 | column: 2 | error: URIError: Adres URL do dekodowania jest nieprawidłowo zakodowany | user agent: Mozilla/4.0 (compatible; MSIE 7.0; Windows NT 6.2; WOW64; Trident/7.0; .NET4.0C; .NET4.0E; .NET CLR 2.0.50727; .NET CLR 3.0.30729; .NET CLR 3.5.30729; InfoPath.2)
[2018-05-18 18:27:37] Client: Just a Human Being triggered JS error: Error: Adres URL do dekodowania jest nieprawidłowo zakodowany | url: http://127.0.0.1:59997/tmp8160/browserOutput.js | line: 116 | column: 2 | error: URIError: Adres URL do dekodowania jest nieprawidłowo zakodowany | user agent: Mozilla/4.0 (compatible; MSIE 7.0; Windows NT 6.2; WOW64; Trident/7.0; .NET4.0C; .NET4.0E; .NET CLR 2.0.50727; .NET CLR 3.0.30729; .NET CLR 3.5.30729; InfoPath.2)
[2018-05-18 18:27:37] Client: Just a Human Being triggered JS error: Error: Adres URL do dekodowania jest nieprawidłowo zakodowany | url: http://127.0.0.1:59997/tmp8160/browserOutput.js | line: 116 | column: 2 | error: URIError: Adres URL do dekodowania jest nieprawidłowo zakodowany | user agent: Mozilla/4.0 (compatible; MSIE 7.0; Windows NT 6.2; WOW64; Trident/7.0; .NET4.0C; .NET4.0E; .NET CLR 2.0.50727; .NET CLR 3.0.30729; .NET CLR 3.5.30729; InfoPath.2)
[2018-05-18 18:27:37] Client: Just a Human Being triggered JS error: Error: Adres URL do dekodowania jest nieprawidłowo zakodowany | url: http://127.0.0.1:59997/tmp8160/browserOutput.js | line: 116 | column: 2 | error: URIError: Adres URL do dekodowania jest nieprawidłowo zakodowany | user agent: Mozilla/4.0 (compatible; MSIE 7.0; Windows NT 6.2; WOW64; Trident/7.0; .NET4.0C; .NET4.0E; .NET CLR 2.0.50727; .NET CLR 3.0.30729; .NET CLR 3.5.30729; InfoPath.2)
[2018-05-18 18:28:28] Client: Just a Human Being triggered JS error: Error: Adres URL do dekodowania jest nieprawidłowo zakodowany | url: http://127.0.0.1:59997/tmp8160/browserOutput.js | line: 116 | column: 2 | error: URIError: Adres URL do dekodowania jest nieprawidłowo zakodowany | user agent: Mozilla/4.0 (compatible; MSIE 7.0; Windows NT 6.2; WOW64; Trident/7.0; .NET4.0C; .NET4.0E; .NET CLR 2.0.50727; .NET CLR 3.0.30729; .NET CLR 3.5.30729; InfoPath.2)
[2018-05-18 18:28:28] Client: Just a Human Being triggered JS error: Error: Adres URL do dekodowania jest nieprawidłowo zakodowany | url: http://127.0.0.1:59997/tmp8160/browserOutput.js | line: 116 | column: 2 | error: URIError: Adres URL do dekodowania jest nieprawidłowo zakodowany | user agent: Mozilla/4.0 (compatible; MSIE 7.0; Windows NT 6.2; WOW64; Trident/7.0; .NET4.0C; .NET4.0E; .NET CLR 2.0.50727; .NET CLR 3.0.30729; .NET CLR 3.5.30729; InfoPath.2)
runtime error: 
[18:29:14]nothing to animate
[18:29:14]proc name: shake camera (/proc/shake_camera)
[18:29:14]  source file: mob_helpers.dm,270
Saved 119 engraved messages on map Box Station
Shutting down Persistence subsystem...
Shutting down pathfinder subsystem...
Shutting down Squeak subsystem...
Shutting down Shuttle subsystem...
Shutting down Lighting subsystem...
Shutting down XKeyScore subsystem...
Shutting down Sticky Ban subsystem...
Shutting down Overlay subsystem...
Shutting down Icon Smoothing subsystem...
Shutting down Assets subsystem...
Shutting down Minimap subsystem...
Shutting down Atmospherics subsystem...
Shutting down Wet floors subsystem...
Shutting down Weather subsystem...
Shutting down Vote subsystem...
Shutting down Traumas subsystem...
Shutting down Title Screen subsystem...
Shutting down Time Tracking subsystem...
Shutting down Throwing subsystem...
Shutting down tgui subsystem...
Shutting down Sun subsystem...
Shutting down Space Drift subsystem...
Shutting down Religion subsystem...
Shutting down Radio subsystem...
Shutting down Radiation subsystem...
Shutting down Projectiles subsystem...
Shutting down Processing subsystem...
Shutting down Parallax subsystem...
Shutting down pAI subsystem...
Shutting down Orbits subsystem...
Shutting down Objects subsystem...
Shutting down NPC Pool subsystem...
Shutting down Night Shift subsystem...
Shutting down Mood subsystem...
Shutting down Mobs subsystem...
Shutting down Medals subsystem...
Shutting down Inbounds subsystem...
Shutting down Idling NPC Pool subsystem...
Shutting down Flightpack Movement subsystem...
Shutting down Fire Burning subsystem...
Shutting down Fields subsystem...
Shutting down Fast Processing subsystem...
Shutting down Disease subsystem...
Shutting down Communications subsystem...
Shutting down Augury subsystem...
Shutting down Acid subsystem...
Shutting down Timer subsystem...
Shutting down Circuit subsystem...
Shutting down Machines subsystem...
Shutting down Language subsystem...
Shutting down Atoms subsystem...
Shutting down Networks subsystem...
Shutting down Mapping subsystem...
Shutting down Ticker subsystem...
Shutting down Traits subsystem...
Shutting down Jobs subsystem...
Shutting down Events subsystem...
Shutting down Research subsystem...
Shutting down Input subsystem...
Shutting down Server Tasks subsystem...
Shutting down Blackbox subsystem...
Shutting down Database subsystem...
Shutting down Garbage subsystem...
Shutdown complete
World rebooted at 18:30:24
