[2018-07-13 20:11:32.630] runtime error: bad index
[2018-07-13 20:11:32.630] proc name: Get (/datum/controller/configuration/proc/Get)
[2018-07-13 20:11:32.630]   source file: configuration.dm,176
[2018-07-13 20:11:32.630]   usr: null
[2018-07-13 20:11:32.630]   src: Configuration (/datum/controller/configuration)
[2018-07-13 20:11:32.631]   call stack:
[2018-07-13 20:11:32.631] Configuration (/datum/controller/configuration): Get(/datum/config_entry/flag/log_w... (/datum/config_entry/flag/log_world_topic))
[2018-07-13 20:11:32.631] world: Topic("status", "24.222.35.234", null, null)
[2018-07-13 20:11:32.631] 
[2018-07-13 20:11:32.631] runtime error: bad index
[2018-07-13 20:11:32.631] proc name: Get (/datum/controller/configuration/proc/Get)
[2018-07-13 20:11:32.631]   source file: configuration.dm,176
[2018-07-13 20:11:32.631]   usr: null
[2018-07-13 20:11:32.631]   src: Configuration (/datum/controller/configuration)
[2018-07-13 20:11:32.631]   call stack:
[2018-07-13 20:11:32.631] Configuration (/datum/controller/configuration): Get(/datum/config_entry/string/com... (/datum/config_entry/string/comms_key))
[2018-07-13 20:11:32.631] /datum/world_topic/status (/datum/world_topic/status): TryRun(/list (/list))
[2018-07-13 20:11:32.631] world: Topic("status", "24.222.35.234", null, null)
[2018-07-13 20:11:32.631] 
[2018-07-13 20:11:32.632] runtime error: bad index
[2018-07-13 20:11:32.632] proc name: Get (/datum/controller/configuration/proc/Get)
[2018-07-13 20:11:32.632]   source file: configuration.dm,176
[2018-07-13 20:11:32.632]   usr: null
[2018-07-13 20:11:32.632]   src: Configuration (/datum/controller/configuration)
[2018-07-13 20:11:32.632]   call stack:
[2018-07-13 20:11:32.632] Configuration (/datum/controller/configuration): Get(/datum/config_entry/flag/nores... (/datum/config_entry/flag/norespawn))
[2018-07-13 20:11:32.632] /datum/world_topic/status (/datum/world_topic/status): Run(/list (/list))
[2018-07-13 20:11:32.632] /datum/world_topic/status (/datum/world_topic/status): TryRun(/list (/list))
[2018-07-13 20:11:32.632] world: Topic("status", "24.222.35.234", null, null)
[2018-07-13 20:11:32.632] 
[2018-07-13 20:11:32.632] runtime error: bad index
[2018-07-13 20:11:32.632] proc name: Get (/datum/controller/configuration/proc/Get)
[2018-07-13 20:11:32.632]   source file: configuration.dm,176
[2018-07-13 20:11:32.632]   usr: null
[2018-07-13 20:11:32.632]   src: Configuration (/datum/controller/configuration)
[2018-07-13 20:11:32.632]   call stack:
[2018-07-13 20:11:32.633] Configuration (/datum/controller/configuration): Get(/datum/config_entry/flag/allow... (/datum/config_entry/flag/allow_vote_mode))
[2018-07-13 20:11:32.633] /datum/world_topic/status (/datum/world_topic/status): Run(/list (/list))
[2018-07-13 20:11:32.633] /datum/world_topic/status (/datum/world_topic/status): TryRun(/list (/list))
[2018-07-13 20:11:32.633] world: Topic("status", "24.222.35.234", null, null)
[2018-07-13 20:11:32.633] 
[2018-07-13 20:11:32.633] runtime error: bad index
[2018-07-13 20:11:32.633] proc name: Get (/datum/controller/configuration/proc/Get)
[2018-07-13 20:11:32.633]   source file: configuration.dm,176
[2018-07-13 20:11:32.633]   usr: null
[2018-07-13 20:11:32.633]   src: Configuration (/datum/controller/configuration)
[2018-07-13 20:11:32.633]   call stack:
[2018-07-13 20:11:32.633] Configuration (/datum/controller/configuration): Get(/datum/config_entry/flag/allow... (/datum/config_entry/flag/allow_ai))
[2018-07-13 20:11:32.633] /datum/world_topic/status (/datum/world_topic/status): Run(/list (/list))
[2018-07-13 20:11:32.633] /datum/world_topic/status (/datum/world_topic/status): TryRun(/list (/list))
[2018-07-13 20:11:32.633] world: Topic("status", "24.222.35.234", null, null)
[2018-07-13 20:11:32.633] 
[2018-07-13 20:11:32.634] runtime error: Cannot read null.commit
[2018-07-13 20:11:32.634] proc name: Run (/datum/world_topic/status/Run)
[2018-07-13 20:11:32.634]   source file: world_topic.dm,151
[2018-07-13 20:11:32.634]   usr: null
[2018-07-13 20:11:32.634]   src: /datum/world_topic/status (/datum/world_topic/status)
[2018-07-13 20:11:32.634]   call stack:
[2018-07-13 20:11:32.634] /datum/world_topic/status (/datum/world_topic/status): Run(/list (/list))
[2018-07-13 20:11:32.634] /datum/world_topic/status (/datum/world_topic/status): TryRun(/list (/list))
[2018-07-13 20:11:32.634] world: Topic("status", "24.222.35.234", null, null)
[2018-07-13 20:11:32.634] 
[2018-07-13 20:11:32.733] Running /tg/ revision:
[2018-07-13 20:11:32.734] b9c9e0b87134b0a817f3785c1bb75efc6ed4c45e: 2018-07-12
[2018-07-13 20:11:32.734] runtime error: list index out of bounds
[2018-07-13 20:11:32.734] proc name: New (/datum/getrev/New)
[2018-07-13 20:11:32.734]   source file: getrev.dm,23
[2018-07-13 20:11:32.734]   usr: null
[2018-07-13 20:11:32.734]   src: /datum/getrev (/datum/getrev)
[2018-07-13 20:11:32.734]   call stack:
[2018-07-13 20:11:32.734] /datum/getrev (/datum/getrev): New()
[2018-07-13 20:11:32.734] world: New()
[2018-07-13 20:11:32.734] 
[2018-07-13 20:11:32.742] Loading config file config.txt...
[2018-07-13 20:11:32.744] Loading config file game_options.txt...
[2018-07-13 20:11:32.745] Unknown setting in configuration: 'w##'
[2018-07-13 20:11:32.747] Failed to validate setting "DOUBLE_AGENTS 20" for min_pop
[2018-07-13 20:11:32.747] Failed to validate setting "DOUBLE_AGENTS -1" for max_pop
[2018-07-13 20:11:32.751] Loading config file dbconfig.txt...
[2018-07-13 20:11:32.752] Loading config file comms.txt...
[2018-07-13 20:11:32.756] Loading config file maps.txt...
[2018-07-13 20:11:33.005] Database connection established.
[2018-07-13 20:11:33.037] SQL: Could not get schema version from database
