Path : /mob/dview 
- Didn't call atom/Initialize()
- Didn't return an Initialize hint
Path : /obj/item/bodypart/chest 
- Qdel'd in New()
Path : /obj/item/bodypart/head 
- Qdel'd in New()
Path : /obj/item/bodypart/l_arm 
- Qdel'd in New()
Path : /obj/item/bodypart/r_arm 
- Qdel'd in New()
Path : /obj/item/bodypart/r_leg 
- Qdel'd in New()
Path : /obj/item/bodypart/l_leg 
- Qdel'd in New()
Path : /obj/item/organ/brain 
- Qdel'd in New()
Path : /obj/item/organ/heart 
- Qdel'd in New()
Path : /obj/item/organ/lungs 
- Qdel'd in New()
Path : /obj/item/organ/liver 
- Qdel'd in New()
Path : /obj/item/organ/stomach 
- Qdel'd in New()
Path : /obj/item/organ/appendix 
- Qdel'd in New()
Path : /obj/item/organ/eyes 
- Qdel'd in New()
Path : /obj/item/organ/ears 
- Qdel'd in New()
Path : /obj/item/organ/tongue 
- Qdel'd in New()
Path : /obj/screen/alert/blind 
- Qdel'd in New()
Path : /obj/item/clothing/under/rank/warden 
- Qdel'd in New()
Path : /obj/item/clothing/suit/armor/vest/warden/alt 
- Qdel'd in New()
Path : /obj/item/storage/backpack/security 
- Qdel'd in New()
Path : /obj/item/device/pda/warden 
- Qdel'd in New()
Path : /obj/item/clothing/gloves/color/black 
- Qdel'd in New()
Path : /obj/item/clothing/shoes/jackboots 
- Qdel'd in New()
Path : /obj/item/storage/internal/pocket/shoes 
- Qdel'd in New()
Path : /obj/item/clothing/head/warden 
- Qdel'd in New()
Path : /obj/item/device/radio/headset/headset_sec/alt 
- Qdel'd in New()
Path : /obj/item/device/encryptionkey/headset_sec 
- Qdel'd in New()
Path : /obj/item/clothing/glasses/hud/security/sunglasses 
- Qdel'd in New()
Path : /obj/item/card/id 
- Qdel'd in New()
Path : /obj/item/gun/energy/e_gun/advtaser 
- Qdel'd in New()
Path : /obj/item/construction/rcd/internal 
- Didn't return an Initialize hint
Path : /obj/item/construction/rcd 
- Didn't return an Initialize hint
Path : /obj/item/clothing/under/rank/captain 
- Qdel'd in New()
Path : /obj/item/clothing/suit/armor/vest/capcarapace 
- Qdel'd in New()
Path : /obj/item/storage/backpack/captain 
- Qdel'd in New()
Path : /obj/item/device/pda/captain 
- Qdel'd in New()
Path : /obj/item/clothing/gloves/color/captain 
- Qdel'd in New()
Path : /obj/item/clothing/shoes/sneakers/brown 
- Qdel'd in New()
Path : /obj/item/clothing/head/caphat 
- Qdel'd in New()
Path : /obj/item/device/radio/headset/heads/captain/alt 
- Qdel'd in New()
Path : /obj/item/device/encryptionkey/heads/captain 
- Qdel'd in New()
Path : /obj/item/clothing/glasses/sunglasses 
- Qdel'd in New()
Path : /obj/item/card/id/gold 
- Qdel'd in New()
Path : /obj/item/clothing/accessory/medal/gold/captain 
- Qdel'd in New()
Path : /obj/item/clothing/under/rank/hydroponics 
- Qdel'd in New()
Path : /obj/item/clothing/suit/apron 
- Qdel'd in New()
Path : /obj/item/storage/backpack/botany 
- Qdel'd in New()
Path : /obj/item/device/pda/botanist 
- Qdel'd in New()
Path : /obj/item/clothing/gloves/botanic_leather 
- Qdel'd in New()
Path : /obj/item/clothing/shoes/sneakers/black 
- Qdel'd in New()
Path : /obj/item/device/radio/headset/headset_srv 
- Qdel'd in New()
Path : /obj/item/device/encryptionkey/headset_service 
- Qdel'd in New()
Path : /obj/item/device/plant_analyzer 
- Qdel'd in New()
Path : /obj/effect/decal/cleanable/dirt 
- Qdel'd in New()
Path : /obj/machinery/telecomms/allinone 
- Didn't return an Initialize hint
Path : /obj/machinery/rnd/production/protolathe/department/engineering 
- Slept during Initialize()
Path : /obj/item/construction/rcd/loaded 
- Didn't return an Initialize hint
Path : /obj/item/construction/rcd/borg 
- Didn't return an Initialize hint

