[2018-09-11 17:30:41.198] Starting up round ID 2253.
[2018-09-11 17:30:41.198] -------------------------
[2018-09-11 17:30:42.399] Initialized Database subsystem within 0 seconds!
[2018-09-11 17:30:42.400] Initialized Blackbox subsystem within 0 seconds!
[2018-09-11 17:30:42.400] Initialized Server Tasks subsystem within 0 seconds!
[2018-09-11 17:30:42.400] Initialized Input subsystem within 0 seconds!
[2018-09-11 17:30:42.400] Initialized Vis contents overlays subsystem within 0 seconds!
[2018-09-11 17:30:42.439] Initialized Research subsystem within 0 seconds!
[2018-09-11 17:30:42.445] Initialized Events subsystem within 0 seconds!
[2018-09-11 17:30:42.450] Initialized Jobs subsystem within 0 seconds!
[2018-09-11 17:30:42.451] Initialized Quirks subsystem within 0 seconds!
[2018-09-11 17:30:42.462] Initialized Ticker subsystem within 0 seconds!
[2018-09-11 17:30:42.463] Loading Box Station...
[2018-09-11 17:30:47.933] Loaded Station in 5.5s!
[2018-09-11 17:30:51.136] Loaded Lavaland in 2.9s!
[2018-09-11 17:30:59.900] Ruin loader finished with 0 left to spend.
[2018-09-11 17:31:02.410] Ruin loader finished with 0 left to spend.
[2018-09-11 17:31:04.169] Initialized Mapping subsystem within 21.7 seconds!
[2018-09-11 17:31:04.235] Initialized Networks subsystem within 0 seconds!
[2018-09-11 17:32:08.666] Initialized Atoms subsystem within 64.4 seconds!
[2018-09-11 17:32:08.685] Initialized Language subsystem within 0 seconds!
[2018-09-11 17:32:09.127] Initialized Machines subsystem within 0.5 seconds!
[2018-09-11 17:32:09.186] Initialized Circuit subsystem within 0 seconds!
[2018-09-11 17:32:09.188] Initialized Disease subsystem within 0 seconds!
[2018-09-11 17:32:09.188] Initialized Medals subsystem within 0 seconds!
[2018-09-11 17:32:09.188] Initialized Night Shift subsystem within 0 seconds!
[2018-09-11 17:32:09.188] Initialized Parallax subsystem within 0 seconds!
[2018-09-11 17:32:09.344] Initialized Traumas subsystem within 0.2 seconds!
[2018-09-11 17:32:09.345] Initialized Weather subsystem within 0 seconds!
[2018-09-11 17:32:17.219] Initialized Atmospherics subsystem within 7.9 seconds!
[2018-09-11 17:32:20.507] Initialized Assets subsystem within 3.3 seconds!
[2018-09-11 17:32:29.433] Initialized Icon Smoothing subsystem within 8.9 seconds!
[2018-09-11 17:32:31.654] Initialized Overlay subsystem within 2.2 seconds!
[2018-09-11 17:32:31.655] Initialized XKeyScore subsystem within 0 seconds!
[2018-09-11 17:32:31.659] Initialized Sticky Ban subsystem within 0 seconds!
[2018-09-11 17:32:48.415] Initialized Lighting subsystem within 16.8 seconds!
[2018-09-11 17:32:54.966] Initialized Shuttle subsystem within 6.5 seconds!
[2018-09-11 17:32:55.009] Initialized Squeak subsystem within 0.1 seconds!
[2018-09-11 17:32:55.011] Initialized Pathfinder subsystem within 0 seconds!
[2018-09-11 17:32:55.070] Loaded 27 engraved messages on map Box Station
[2018-09-11 17:32:55.090] Initialized Persistence subsystem within 0 seconds!
[2018-09-11 17:32:55.093] Initializations complete within 132.6 seconds!
[2018-09-11 17:34:14.894] Game start took 1s
[2018-09-11 17:39:11.978] runtime error: undefined proc or verb /mob/dead/observer/has trait().
[2018-09-11 17:39:11.978] 
[2018-09-11 17:39:11.978] proc name: examine (/obj/structure/closet/examine)
[2018-09-11 17:39:11.978]   source file: closets.dm,87
[2018-09-11 17:39:11.978]   usr: Lara Black (/mob/dead/observer)
[2018-09-11 17:39:11.978]   src: the freezer (/obj/structure/closet/crate/freezer)
[2018-09-11 17:39:11.978]   usr.loc: the asteroid sand (55,111,6) (/turf/open/floor/plating/asteroid/airless)
[2018-09-11 17:39:11.978]   src.loc: the floor (54,109,6) (/turf/open/floor/plasteel/airless/dark)
[2018-09-11 17:39:11.978]   call stack:
[2018-09-11 17:39:11.978] the freezer (/obj/structure/closet/crate/freezer): examine(Lara Black (/mob/dead/observer))
[2018-09-11 17:39:11.978] Lara Black (/mob/dead/observer): Examine(the freezer (/obj/structure/closet/crate/freezer))
[2018-09-11 17:39:11.978] the freezer (/obj/structure/closet/crate/freezer): attack ghost(Lara Black (/mob/dead/observer))
[2018-09-11 17:39:11.979] the freezer (/obj/structure/closet/crate/freezer): attack ghost(Lara Black (/mob/dead/observer))
[2018-09-11 17:39:11.979] Lara Black (/mob/dead/observer): ClickOn(the freezer (/obj/structure/closet/crate/freezer), "icon-x=9;icon-y=19;left=1;scre...")
[2018-09-11 17:39:11.979] the freezer (/obj/structure/closet/crate/freezer): Click(the floor (54,109,6) (/turf/open/floor/plasteel/airless/dark), "mapwindow.map", "icon-x=9;icon-y=19;left=1;scre...")
[2018-09-11 17:39:11.979] Bilary (/client): Click(the freezer (/obj/structure/closet/crate/freezer), the floor (54,109,6) (/turf/open/floor/plasteel/airless/dark), "mapwindow.map", "icon-x=9;icon-y=19;left=1;scre...")
[2018-09-11 17:39:11.979] 
[2018-09-11 18:43:08.215] Saved 27 engraved messages on map Box Station
[2018-09-11 18:44:43.659] Shutting down Persistence subsystem...
[2018-09-11 18:44:43.660] Shutting down Pathfinder subsystem...
[2018-09-11 18:44:43.660] Shutting down Squeak subsystem...
[2018-09-11 18:44:43.660] Shutting down Shuttle subsystem...
[2018-09-11 18:44:43.660] Shutting down Lighting subsystem...
[2018-09-11 18:44:43.660] Shutting down XKeyScore subsystem...
[2018-09-11 18:44:43.660] Shutting down Sticky Ban subsystem...
[2018-09-11 18:44:43.660] Shutting down Overlay subsystem...
[2018-09-11 18:44:43.719] Shutting down Icon Smoothing subsystem...
[2018-09-11 18:44:43.719] Shutting down Assets subsystem...
[2018-09-11 18:44:43.719] Shutting down Atmospherics subsystem...
[2018-09-11 18:44:43.719] Shutting down Wet floors subsystem...
[2018-09-11 18:44:43.719] Shutting down Weather subsystem...
[2018-09-11 18:44:43.720] Shutting down Vote subsystem...
[2018-09-11 18:44:43.720] Shutting down Traumas subsystem...
[2018-09-11 18:44:43.720] Shutting down Title Screen subsystem...
[2018-09-11 18:44:43.721] Shutting down Time Tracking subsystem...
[2018-09-11 18:44:43.721] Shutting down Throwing subsystem...
[2018-09-11 18:44:43.721] Shutting down tgui subsystem...
[2018-09-11 18:44:43.721] Shutting down Sun subsystem...
[2018-09-11 18:44:43.722] Shutting down Space Drift subsystem...
[2018-09-11 18:44:43.722] Shutting down Religion subsystem...
[2018-09-11 18:44:43.722] Shutting down Radio subsystem...
[2018-09-11 18:44:43.722] Shutting down Radiation subsystem...
[2018-09-11 18:44:43.722] Shutting down Projectiles subsystem...
[2018-09-11 18:44:43.723] Shutting down Processing subsystem...
[2018-09-11 18:44:43.723] Shutting down Ping subsystem...
[2018-09-11 18:44:43.723] Shutting down Parallax subsystem...
[2018-09-11 18:44:43.723] Shutting down pAI subsystem...
[2018-09-11 18:44:43.723] Shutting down Orbits subsystem...
[2018-09-11 18:44:43.723] Shutting down Objects subsystem...
[2018-09-11 18:44:43.724] Shutting down NPC Pool subsystem...
[2018-09-11 18:44:43.724] Shutting down Night Shift subsystem...
[2018-09-11 18:44:43.724] Shutting down Nanites subsystem...
[2018-09-11 18:44:43.724] Shutting down Mood subsystem...
[2018-09-11 18:44:43.724] Shutting down Mobs subsystem...
[2018-09-11 18:44:43.724] Shutting down Medals subsystem...
[2018-09-11 18:44:43.724] Shutting down Idling NPC Pool subsystem...
[2018-09-11 18:44:43.725] Shutting down Fire Burning subsystem...
[2018-09-11 18:44:43.725] Shutting down Fields subsystem...
[2018-09-11 18:44:43.725] Shutting down Fast Processing subsystem...
[2018-09-11 18:44:43.725] Shutting down Disease subsystem...
[2018-09-11 18:44:43.725] Shutting down Datum Component System subsystem...
[2018-09-11 18:44:43.725] Shutting down Communications subsystem...
[2018-09-11 18:44:43.725] Shutting down Augury subsystem...
[2018-09-11 18:44:43.726] Shutting down Acid subsystem...
[2018-09-11 18:44:43.726] Shutting down Timer subsystem...
[2018-09-11 18:44:43.726] Shutting down Circuit subsystem...
[2018-09-11 18:44:43.726] Shutting down Machines subsystem...
[2018-09-11 18:44:43.727] Shutting down Language subsystem...
[2018-09-11 18:44:43.727] Shutting down Atoms subsystem...
[2018-09-11 18:44:43.727] Shutting down Networks subsystem...
[2018-09-11 18:44:43.727] Shutting down Mapping subsystem...
[2018-09-11 18:44:43.727] Shutting down Ticker subsystem...
[2018-09-11 18:44:44.121] Shutting down Quirks subsystem...
[2018-09-11 18:44:44.121] Shutting down Jobs subsystem...
[2018-09-11 18:44:44.121] Shutting down Events subsystem...
[2018-09-11 18:44:44.121] Shutting down Research subsystem...
[2018-09-11 18:44:44.122] Shutting down Vis contents overlays subsystem...
[2018-09-11 18:44:44.122] Shutting down Input subsystem...
[2018-09-11 18:44:44.122] Shutting down Server Tasks subsystem...
[2018-09-11 18:44:44.123] Shutting down Blackbox subsystem...
[2018-09-11 18:44:44.235] Shutting down Database subsystem...
[2018-09-11 18:44:44.274] Shutting down Garbage subsystem...
[2018-09-11 18:44:44.310] Shutdown complete
[2018-09-11 18:44:44.310] World rebooted at 18:44:44
