

Starting up round ID 4. 16:19:43
---------------------
Initialized Blackbox subsystem within 0 seconds!
Initialized Server Tasks subsystem within 0 seconds!
Initialized Input subsystem within 0 seconds!
Initialized Research subsystem within 0 seconds!
Initialized Events subsystem within 0 seconds!
Initialized Jobs subsystem within 0 seconds!
Initialized Traits subsystem within 0 seconds!
Initialized Ticker subsystem within 0 seconds!
Loading OmegaStation...
Loaded Station in 2.6s!
Loaded Lavaland in 3.4s!
Loaded Reebe in 3.1s!
Ruin loader finished with 0 left to spend.
Ruin loader finished with 0 left to spend.
Initialized Mapping subsystem within 15.1 seconds!
Initialized Networks subsystem within 0 seconds!
Initialized Atoms subsystem within 32.3 seconds!
Initialized Language subsystem within 0.1 seconds!
Initialized Machines subsystem within 0.1 seconds!
Initialized Circuit subsystem within 0.1 seconds!
Initialized Disease subsystem within 0 seconds!
Initialized Medals subsystem within 0 seconds!
Initialized Night Shift subsystem within 0 seconds!
Initialized Weather subsystem within 0 seconds!
## WARNING: There are 7 active turfs at roundstart, this is a mapping error caused by a difference of the air between the adjacent turfs. You can see its coordinates using "Mapping -> Show roundstart AT list" verb (debug verbs required)
## WARNING: HEY! LISTEN! 1 second were wasted processing 7 turf(s) (connected to 20502 other turfs) with atmos differences at round start.
Initialized Atmospherics subsystem within 13.1 seconds!
Initialized Minimap subsystem within 0 seconds!
Initialized Assets subsystem within 0.9 seconds!
Initialized Icon Smoothing subsystem within 6.3 seconds!
Initialized Overlay subsystem within 13.2 seconds!
Initialized XKeyScore subsystem within 0 seconds!
Initialized Lighting subsystem within 10.1 seconds!
Initialized Shuttle subsystem within 22.3 seconds!
Initialized Squeak subsystem within 0.1 seconds!
Loaded 0 engraved messages on map OmegaStation
## WARNING: Failed to load antag reputation. File likely corrupt. in code/controllers/subsystem/persistence.dm at line 166 src: Persistence usr: .
Initialized Persistence subsystem within 0 seconds!
Initializations complete within 113.8 seconds!
