runtime error: 
[09:32:06]bad index
[09:32:06]proc name: Get (/datum/controller/configuration/proc/Get)
[09:32:06]  source file: configuration.dm,156
[09:32:06]  usr: null
[09:32:06]  src: Configuration (/datum/controller/configuration)
[09:32:06]  call stack:
[09:32:06]Configuration (/datum/controller/configuration): Get(/datum/config_entry/flag/log_w... (/datum/config_entry/flag/log_world_topic))
[09:32:06]world: Topic("status", "212.237.9.101", null, null)
runtime error: 
[09:32:06]bad index
[09:32:06]proc name: Get (/datum/controller/configuration/proc/Get)
[09:32:06]  source file: configuration.dm,156
[09:32:06]  usr: null
[09:32:06]  src: Configuration (/datum/controller/configuration)
[09:32:06]  call stack:
[09:32:06]Configuration (/datum/controller/configuration): Get(/datum/config_entry/string/com... (/datum/config_entry/string/comms_key))
[09:32:06]/datum/world_topic/status (/datum/world_topic/status): TryRun(/list (/list))
[09:32:06]world: Topic("status", "212.237.9.101", null, null)
runtime error: 
[09:32:06]bad index
[09:32:06]proc name: Get (/datum/controller/configuration/proc/Get)
[09:32:06]  source file: configuration.dm,156
[09:32:06]  usr: null
[09:32:06]  src: Configuration (/datum/controller/configuration)
[09:32:06]  call stack:
[09:32:06]Configuration (/datum/controller/configuration): Get(/datum/config_entry/flag/nores... (/datum/config_entry/flag/norespawn))
[09:32:06]/datum/world_topic/status (/datum/world_topic/status): Run(/list (/list))
[09:32:06]/datum/world_topic/status (/datum/world_topic/status): TryRun(/list (/list))
[09:32:06]world: Topic("status", "212.237.9.101", null, null)
runtime error: 
[09:32:06]bad index
[09:32:06]proc name: Get (/datum/controller/configuration/proc/Get)
[09:32:06]  source file: configuration.dm,156
[09:32:06]  usr: null
[09:32:06]  src: Configuration (/datum/controller/configuration)
[09:32:06]  call stack:
[09:32:06]Configuration (/datum/controller/configuration): Get(/datum/config_entry/flag/allow... (/datum/config_entry/flag/allow_vote_mode))
[09:32:06]/datum/world_topic/status (/datum/world_topic/status): Run(/list (/list))
[09:32:06]/datum/world_topic/status (/datum/world_topic/status): TryRun(/list (/list))
[09:32:06]world: Topic("status", "212.237.9.101", null, null)
runtime error: 
[09:32:06]bad index
[09:32:06]proc name: Get (/datum/controller/configuration/proc/Get)
[09:32:06]  source file: configuration.dm,156
[09:32:06]  usr: null
[09:32:06]  src: Configuration (/datum/controller/configuration)
[09:32:06]  call stack:
[09:32:06]Configuration (/datum/controller/configuration): Get(/datum/config_entry/flag/allow... (/datum/config_entry/flag/allow_ai))
[09:32:06]/datum/world_topic/status (/datum/world_topic/status): Run(/list (/list))
[09:32:06]/datum/world_topic/status (/datum/world_topic/status): TryRun(/list (/list))
[09:32:06]world: Topic("status", "212.237.9.101", null, null)
Loading config file config.txt...
Loading config file game_options.txt...
Unknown setting in configuration: 'w##'
Unknown setting in configuration: 'overflow_job'
Unknown setting in configuration: 'overflow_cap'
Loading config file dbconfig.txt...
Loading config file comms.txt...
Loading config file maps.txt...
Database connection established.
[09:32:06]SQL: Could not get schema version from database
