

Starting up round ID 326. 22:10:25
---------------------
braincrab \ Stealing Steve \ Chaplain \ brother \ ROUNDSTART
lsmp \ Kadashi Sky \ Medical Doctor \ NONE \ ROUNDSTART
infinitystrueend \ Christopher Odd \ Assistant \ brother \ ROUNDSTART
debiggestboi \ Chris Baker \ Assistant \ NONE \ ROUNDSTART
asciisquid \ Brouzof Chomski \ Head of Personnel \ brother \ ROUNDSTART
taloman \ Joe Jefferson \ Assistant \ NONE \ ROUNDSTART
rossyboi \ Ethan Hawker \ Lawyer \ brother \ ROUNDSTART
darkvaderv2 \ Charles H. Swanson \ Atmospheric Technician \ traitor \ ROUNDSTART
datmanisdumb \ Peter Petrograd \ Bartender \ traitor \ ROUNDSTART
lion6786 \ Amir Seidner \ Assistant \ NONE \ ROUNDSTART
junkanno \ Vincent Scaletti \ Janitor \ NONE \ ROUNDSTART
gongler \ Vineyard Applesnatch \ Assistant \ NONE \ ROUNDSTART
RDWaffle \ Kellogg Kellerman Jr \ Assistant \ NONE \ LATEJOIN
O-Shee \ Sunshine Werry \ Assistant \ NONE \ LATEJOIN
DuathaDruid \ Alex Hylton \ Head of Security \ NONE \ LATEJOIN
That guy is taken \ Chalaree-Meesei \ Assistant \ NONE \ LATEJOIN
EmperorRyuga \ Priest Gravity \ Warden \ NONE \ LATEJOIN
Twistee \ Panito Devito \ Assistant \ NONE \ LATEJOIN
PopperBras \ Dannito Devito \ Assistant \ NONE \ LATEJOIN
AlliumCepa \ Marjory Watson \ Chemist \ NONE \ LATEJOIN
