

Starting up round ID 326. 22:10:25
---------------------
[22:15:24]PDA: Rossyboi/(Ethan Hawker) (PDA: lawyer PDA) sent "Brother" to Christopher Odd (Assistant) (109,157,2)
[22:15:32]PDA: Infinitys true end/(Christopher Odd) (PDA: PDA) sent "im also a devil" to Ethan Hawker (Lawyer) (70,147,2)
[22:15:46]PDA: Infinitys true end/(Christopher Odd) (PDA: PDA) sent "you got a 2 in 1 brother" to Ethan Hawker (Lawyer) (68,144,2)
[22:15:49]PDA: Rossyboi/(Ethan Hawker) (PDA: lawyer PDA) sent "Nice. Wanna meet at the designated area?" to Christopher Odd (Assistant) (109,157,2)
[22:15:57]PDA: Lion6786/(Amir Seidner) (PDA: PDA) sent "Hello" to Vincent Scaletti (Janitor) (168,147,2)
[22:16:06]PDA: Infinitys true end/(Christopher Odd) (PDA: PDA) sent "eh lets meet at chapel" to Ethan Hawker (Lawyer) (100,140,2)
[22:17:27]PDA: Braincrab/(Stealing Steve) (PDA: chaplain PDA) sent "because your my blood brother" to Brouzof Chomski (Head of Personnel) (100,120,2)
[22:17:50]PDA: AsciiSquid/(Brouzof Chomski) (PDA: head of personnel PDA) sent "Oh fuck, yeah ok" to Stealing Steve (Chaplain) (102,120,2)
[22:17:56]PDA: Rossyboi/(Ethan Hawker) (PDA: lawyer PDA) sent "I&#39;m here" to Christopher Odd (Assistant) (183,140,2)
[22:18:15]PDA: Braincrab/(Stealing Steve) (PDA: chaplain PDA) sent "this should be rather easy." to Brouzof Chomski (Head of Personnel) (100,120,2)
[22:18:24]PDA: Infinitys true end/(Christopher Odd) (PDA: PDA) sent "sorry im late i got insulated gloves" to Ethan Hawker (Lawyer) (184,141,2)
[22:18:58]PDA: Infinitys true end/(Christopher Odd) (PDA: PDA) sent "come back to chapel" to Ethan Hawker (Lawyer) (185,147,2)
[22:19:28]PDA: Infinitys true end/(Christopher Odd) (PDA: PDA) sent "i give you magic powers for your soul and you can use knock to get all access then we can get our objectives" to Ethan Hawker (Lawyer) (184,145,2)
[22:19:37]PDA: Rossyboi/(Ethan Hawker) (PDA: lawyer PDA) sent "Sounds good to me." to Christopher Odd (Assistant) (184,146,2)
[22:19:50]PDA: Infinitys true end/(Christopher Odd) (PDA: PDA) sent "lets go to the libary" to Ethan Hawker (Lawyer) (184,143,2)
[22:20:53]PDA: Braincrab/(Stealing Steve) (PDA: chaplain PDA) sent "ive got the teleport armor" to Brouzof Chomski (Head of Personnel) (190,127,2)
[22:21:04]PDA: AsciiSquid/(Brouzof Chomski) (PDA: head of personnel PDA) sent "Nice, I got the jetpack" to Stealing Steve (Chaplain) (103,119,2)
[22:21:13]PDA: Braincrab/(Stealing Steve) (PDA: chaplain PDA) sent "now we just need to stay alive" to Brouzof Chomski (Head of Personnel) (138,128,2)
[22:21:20]PDA: AsciiSquid/(Brouzof Chomski) (PDA: head of personnel PDA) sent "Easy PZ" to Stealing Steve (Chaplain) (108,134,2)
[22:22:50]PDA: Braincrab/(Stealing Steve) (PDA: chaplain PDA) sent "ive got the blood for the demons blood" to Peter Petrograd (Bartender) (139,132,2)
[22:23:03]PDA: Datmanisdumb/(Peter Petrograd) (PDA: bartender PDA) sent "Alright I&#39;m coming" to Stealing Steve (Chaplain) (109,79,2)
[22:27:21]PDA: Rossyboi/(Ethan Hawker) (PDA: lawyer PDA) sent "Let&#39;s meet back at the library" to Christopher Odd (Assistant) (125,130,2)
[22:27:25]PDA: Infinitys true end/(Christopher Odd) (PDA: PDA) sent "kay" to Ethan Hawker (Lawyer) (180,110,2)
[22:28:21]PDA: Infinitys true end/(Christopher Odd) (PDA: PDA) sent "im here" to Ethan Hawker (Lawyer) (170,140,2)
[22:28:34]PDA: Rossyboi/(Ethan Hawker) (PDA: lawyer PDA) sent "Be there in a sec" to Christopher Odd (Assistant) (125,131,2)
[22:28:49]PDA: Infinitys true end/(Christopher Odd) (PDA: PDA) sent "one sec going to revive the jantior" to Ethan Hawker (Lawyer) (174,137,2)
[22:31:29]PDA: Rossyboi/(Ethan Hawker) (PDA: lawyer PDA) sent "Here" to Christopher Odd (Assistant) (170,140,2)
[22:31:33]PDA: Infinitys true end/(Christopher Odd) (PDA: PDA) sent "what" to Ethan Hawker (Lawyer) (129,126,2)
[22:31:38]PDA: Rossyboi/(Ethan Hawker) (PDA: lawyer PDA) sent "I&#39;m here" to Christopher Odd (Assistant) (170,140,2)
[22:32:34]PDA: Rossyboi/(Ethan Hawker) (PDA: lawyer PDA) sent "Should we kill him" to Christopher Odd (Assistant) (170,139,2)
[22:32:52]PDA: Infinitys true end/(Christopher Odd) (PDA: PDA) sent "unless me makes the first move no he looks like hes fine with it" to Ethan Hawker (Lawyer) (169,137,2)
[22:33:03]PDA: Rossyboi/(Ethan Hawker) (PDA: lawyer PDA) sent "Alright." to Christopher Odd (Assistant) (170,139,2)
[22:33:56]PDA: Rossyboi/(Ethan Hawker) (PDA: lawyer PDA) sent "I need a blunt weapon so I can break open the display case in the captain&#39;s office" to Christopher Odd (Assistant) (169,133,2)
[22:38:53]PDA: AsciiSquid/(Brouzof Chomski) (PDA: head of personnel PDA) sent "Hey what&#39;s your opinion on the statan-lawyer?" to Stealing Steve (Chaplain) (170,135,2)
[22:40:17]PDA: Braincrab/(Stealing Steve) (PDA: chaplain PDA) sent "idk" to Brouzof Chomski (Head of Personnel) (193,130,2)
[22:40:56]PDA: AsciiSquid/(Brouzof Chomski) (PDA: head of personnel PDA) sent "Figured since you&#39;re chaplain you might wanna go DUES VULT on their ass" to Stealing Steve (Chaplain) (129,154,2)
[22:41:11]PDA: Braincrab/(Stealing Steve) (PDA: chaplain PDA) sent "i mean i worship the blood god" to Brouzof Chomski (Head of Personnel) (150,129,2)
[22:41:24]PDA: AsciiSquid/(Brouzof Chomski) (PDA: head of personnel PDA) sent "Alright then" to Stealing Steve (Chaplain) (124,154,2)
[22:46:54]PDA: Datmanisdumb/(Peter Petrograd) (PDA: bartender PDA) sent "Alex, are we cool?" to Alex Hylton (Head of Security) (144,141,2)
[22:47:01]PDA: DuathaDruid/(Alex Hylton) (PDA: head of security PDA) sent "sure, why?" to Peter Petrograd (Bartender) (97,127,2)
[22:47:18]PDA: Datmanisdumb/(Peter Petrograd) (PDA: bartender PDA) sent "I was the guy who hacked the door" to Alex Hylton (Head of Security) (144,141,2)
[22:47:28]PDA: DuathaDruid/(Alex Hylton) (PDA: head of security PDA) sent "Oh damn" to Peter Petrograd (Bartender) (97,127,2)
[22:47:32]PDA: DuathaDruid/(Alex Hylton) (PDA: head of security PDA) sent "Uhhh" to Peter Petrograd (Bartender) (97,127,2)
[22:47:39]PDA: DuathaDruid/(Alex Hylton) (PDA: head of security PDA) sent "Keep this between us" to Peter Petrograd (Bartender) (97,127,2)
[22:47:49]PDA: Datmanisdumb/(Peter Petrograd) (PDA: bartender PDA) sent "Alright, so we&#39;re good??" to Alex Hylton (Head of Security) (144,141,2)
[22:48:13]PDA: DuathaDruid/(Alex Hylton) (PDA: head of security PDA) sent "Yeah just fix your fucking panels" to Peter Petrograd (Bartender) (98,129,2)
[22:48:19]PDA: DuathaDruid/(Alex Hylton) (PDA: head of security PDA) sent "Its unsafe" to Peter Petrograd (Bartender) (98,129,2)
