[2018-07-29 21:06:36.251] Starting up round ID .
[2018-07-29 21:06:36.251] -------------------------
[2018-07-29 21:06:36.279] ADMIN: Loading Banlist
[2018-07-29 21:06:37.270] GAME: Saved mode is 'secret'
[2018-07-29 21:06:53.502] GAME: Z-level Away Mission loaded at at 63,63,13
[2018-07-29 21:06:53.559] GAME: Hierophant's Arena loaded at at 180,74,5
[2018-07-29 21:06:53.564] GAME: Ripley loaded at at 176,37,5
[2018-07-29 21:06:53.597] GAME: UFO Crash loaded at at 66,208,5
[2018-07-29 21:06:53.725] GAME: Biodome Clown Planet loaded at at 120,79,5
[2018-07-29 21:06:53.771] GAME: Ruin of Gluttony loaded at at 160,64,5
[2018-07-29 21:06:53.796] GAME: Ruin of Envy loaded at at 57,187,5
[2018-07-29 21:06:53.870] GAME: Dead God loaded at at 140,123,5
[2018-07-29 21:06:53.897] GAME: Ruin of Pride loaded at at 74,149,5
[2018-07-29 21:06:53.918] GAME: Blood-Drunk Miner loaded at at 208,120,5
[2018-07-29 21:06:53.931] GAME: Fountain Hall loaded at at 95,58,5
[2018-07-29 21:06:54.020] GAME: The Wishgranter Cube loaded at at 201,149,5
[2018-07-29 21:06:54.504] GAME: Derelict 5 loaded at at 190,58,10
[2018-07-29 21:06:54.524] GAME: Abandoned Teleporter loaded at at 90,146,3
[2018-07-29 21:06:54.573] GAME: Derelict 1 loaded at at 115,50,3
[2018-07-29 21:06:54.604] GAME: Asteroid 2 loaded at at 71,54,8
[2018-07-29 21:06:54.619] GAME: Whiteship Dock loaded at at 96,106,8
[2018-07-29 21:06:54.634] GAME: Asteroid 1 loaded at at 110,82,10
[2018-07-29 21:06:54.655] GAME: Asteroid 4 loaded at at 210,124,7
[2018-07-29 21:06:54.900] GAME: Crashed Clown Ship loaded at at 47,154,10
[2018-07-29 21:06:55.020] GAME: Feline-Human Combination Den loaded at at 27,94,7
[2018-07-29 21:06:55.068] GAME: Waylaid Buses loaded at at 205,103,3
[2018-07-29 21:06:55.106] GAME: Disposal Facility 17 loaded at at 192,26,3
[2018-07-29 21:06:55.170] GAME: Derelict 4 loaded at at 49,149,8
[2018-07-29 21:06:55.189] GAME: Detached Teleporter loaded at at 143,146,7
[2018-07-29 21:06:55.219] GAME: Salvation loaded at at 42,179,6
[2018-07-29 21:06:55.670] GAME: Ancient Space Station loaded at at 123,83,9
[2018-07-29 21:07:44.089] ACCESS: Login: MlgGendalf from 46.32.66.101-2435039988 || BYOND v512.1442
[2018-07-29 21:07:44.089] ACCESS: Mob Login: MlgGendalf/(MlgGendalf) was assigned to a /mob/dead/new_player
