

Starting up round ID 629. 21:48:29
---------------------
Initialized Database subsystem within 0 seconds!
Initialized Blackbox subsystem within 0 seconds!
Initialized Server Tasks subsystem within 0 seconds!
Initialized Input subsystem within 0 seconds!
Initialized Research subsystem within 0 seconds!
Initialized Events subsystem within 0 seconds!
Initialized Jobs subsystem within 0 seconds!
Initialized Traits subsystem within 0 seconds!
Initialized Ticker subsystem within 0 seconds!
Loading Box Station...
Loaded Station in 6.2s!
Loaded Lavaland in 5.7s!
Loaded Reebe in 5.3s!
Ruin loader finished with 0 left to spend.
Ruin loader finished with 0 left to spend.
Initialized Mapping subsystem within 23.3 seconds!
Initialized Networks subsystem within 0 seconds!
Initialized Atoms subsystem within 47.5 seconds!
Initialized Language subsystem within 0 seconds!
Initialized Machines subsystem within 0.3 seconds!
Initialized Circuit subsystem within 0 seconds!
Initialized Disease subsystem within 0.1 seconds!
Initialized Medals subsystem within 0 seconds!
Initialized Night Shift subsystem within 0 seconds!
Initialized Parallax subsystem within 0 seconds!
Initialized Traumas subsystem within 0.1 seconds!
Initialized Weather subsystem within 0 seconds!
## WARNING: There are 6 active turfs at roundstart, this is a mapping error caused by a difference of the air between the adjacent turfs. You can see its coordinates using "Mapping -> Show roundstart AT list" verb (debug verbs required)
## WARNING: HEY! LISTEN! 1 second were wasted processing 6 turf(s) (connected to 19423 other turfs) with atmos differences at round start.
Initialized Atmospherics subsystem within 15.6 seconds!
Initialized Minimap subsystem within 0.4 seconds!
Initialized Assets subsystem within 0.9 seconds!
Initialized Icon Smoothing subsystem within 6.7 seconds!
Initialized Overlay subsystem within 18.2 seconds!
Initialized XKeyScore subsystem within 0 seconds!
Initialized Sticky Ban subsystem within 0 seconds!
Initialized Lighting subsystem within 15.2 seconds!
Initialized Shuttle subsystem within 24 seconds!
Initialized Squeak subsystem within 0.1 seconds!
Initialized pathfinder subsystem within 0 seconds!
Loaded 102 engraved messages on map Box Station
Initialized Persistence subsystem within 0.1 seconds!
Initializations complete within 153.2 seconds!
runtime error: 
[21:52:33]Cannot read null.species
[21:52:33]proc name: update body (/mob/living/carbon/human/update_body)
[21:52:33]  source file: update_icons.dm,62
[21:52:33]  usr: null
[21:52:33]  src:  (/mob/living/carbon/human)
[21:52:33]  src.loc: null
[21:52:33]  call stack:
[21:52:33] (/mob/living/carbon/human): update body()
[21:52:33]the surplus prosthetic right l... (/obj/item/bodypart/r_leg/robot/surplus): attach limb( (/mob/living/carbon/human), null)
[21:52:33]the surplus prosthetic right l... (/obj/item/bodypart/r_leg/robot/surplus): replace limb( (/mob/living/carbon/human), null)
[21:52:33]Prosthetic Limb (/datum/trait/prosthetic_limb): on spawn()
[21:52:33]Prosthetic Limb (/datum/trait/prosthetic_limb): New( (/mob/living/carbon/human), 1)
[21:52:33] (/mob/living/carbon/human): add trait datum("Prosthetic Limb", 1)
[21:52:33]Traits (/datum/controller/subsystem/processing/traits): AssignTraits( (/mob/living/carbon/human), Warjackle (/client), 1)
[21:52:33]Ticker (/datum/controller/subsystem/ticker): equip characters()
[21:52:33]Ticker (/datum/controller/subsystem/ticker): setup()
[21:52:33]Ticker (/datum/controller/subsystem/ticker): fire(0)
[21:52:33]Ticker (/datum/controller/subsystem/ticker): ignite(0)
runtime error: 
[21:52:33]Cannot read null.species
[21:52:33]proc name: update hair (/mob/living/carbon/human/update_hair)
[21:52:33]  source file: update_icons.dm,53
[21:52:33]  usr: null
[21:52:33]  src:  (/mob/living/carbon/human)
[21:52:33]  src.loc: null
[21:52:33]  call stack:
[21:52:33] (/mob/living/carbon/human): update hair()
[21:52:33]the surplus prosthetic right l... (/obj/item/bodypart/r_leg/robot/surplus): attach limb( (/mob/living/carbon/human), null)
[21:52:33]the surplus prosthetic right l... (/obj/item/bodypart/r_leg/robot/surplus): replace limb( (/mob/living/carbon/human), null)
[21:52:33]Prosthetic Limb (/datum/trait/prosthetic_limb): on spawn()
[21:52:33]Prosthetic Limb (/datum/trait/prosthetic_limb): New( (/mob/living/carbon/human), 1)
[21:52:33] (/mob/living/carbon/human): add trait datum("Prosthetic Limb", 1)
[21:52:33]Traits (/datum/controller/subsystem/processing/traits): AssignTraits( (/mob/living/carbon/human), Warjackle (/client), 1)
[21:52:33]Ticker (/datum/controller/subsystem/ticker): equip characters()
[21:52:33]Ticker (/datum/controller/subsystem/ticker): setup()
[21:52:33]Ticker (/datum/controller/subsystem/ticker): fire(0)
[21:52:33]Ticker (/datum/controller/subsystem/ticker): ignite(0)
runtime error: 
[21:52:33]Cannot read null.species
[21:52:33]proc name: attach limb (/obj/item/bodypart/proc/attach_limb)
[21:52:33]  source file: dismemberment.dm,278
[21:52:33]  usr: null
[21:52:33]  src: the surplus prosthetic left ar... (/obj/item/bodypart/l_arm/robot/surplus)
[21:52:33]  src.loc: null
[21:52:33]  call stack:
[21:52:33]the surplus prosthetic left ar... (/obj/item/bodypart/l_arm/robot/surplus): attach limb( (/mob/living/carbon/human), null)
[21:52:33]the surplus prosthetic left ar... (/obj/item/bodypart/l_arm/robot/surplus): replace limb( (/mob/living/carbon/human), null)
[21:52:33]Prosthetic Limb (/datum/trait/prosthetic_limb): on spawn()
[21:52:33]Prosthetic Limb (/datum/trait/prosthetic_limb): New( (/mob/living/carbon/human), 1)
[21:52:33] (/mob/living/carbon/human): add trait datum("Prosthetic Limb", 1)
[21:52:33]Traits (/datum/controller/subsystem/processing/traits): AssignTraits( (/mob/living/carbon/human), Braincrab (/client), 1)
[21:52:33]Ticker (/datum/controller/subsystem/ticker): equip characters()
[21:52:33]Ticker (/datum/controller/subsystem/ticker): setup()
[21:52:33]Ticker (/datum/controller/subsystem/ticker): fire(0)
[21:52:33]Ticker (/datum/controller/subsystem/ticker): ignite(0)
Game start took 14.6s
runtime error: 
[21:53:25]nothing to animate
[21:53:25]proc name: shake camera (/proc/shake_camera)
[21:53:25]  source file: mob_helpers.dm,270
[21:53:25]  usr: (src)
[21:53:25]  src: null
[21:53:25]  call stack:
[21:53:25]shake camera(John Mull (/mob/living/carbon/human), 0.75, 1)
[21:53:25]John Mull (/mob/living/carbon/human): afterShuttleMove(space (25,18,13) (/turf/open/space/transit/west), /list (/list), 8, 8, 8, 0)
[21:53:25]John Mull (/mob/living/carbon/human): afterShuttleMove(space (25,18,13) (/turf/open/space/transit/west), /list (/list), 8, 8, 8, 0)
[21:53:25]the arrivals shuttle (/obj/docking_port/mobile/arrivals): cleanup runway(the arrivals (/obj/docking_port/stationary), /list (/list), /list (/list), /list (/list), /list (/list), 0, 8, Space (/area/space), /turf/open/space/transit/west (/turf/open/space/transit/west), /turf/open/space (/turf/open/space))
[21:53:25]the arrivals shuttle (/obj/docking_port/mobile/arrivals): initiate docking(the arrivals (/obj/docking_port/stationary), 8, 0)
[21:53:25]the arrivals shuttle (/obj/docking_port/mobile/arrivals): initiate docking(the arrivals (/obj/docking_port/stationary), 8)
[21:53:25]the arrivals shuttle (/obj/docking_port/mobile/arrivals): check()
[21:53:25]the arrivals shuttle (/obj/docking_port/mobile/arrivals): check()
[21:53:25]Shuttle (/datum/controller/subsystem/shuttle): fire(0)
[21:53:25]Shuttle (/datum/controller/subsystem/shuttle): ignite(0)
runtime error: 
[21:55:02]nothing to animate
[21:55:02]proc name: shake camera (/proc/shake_camera)
[21:55:02]  source file: mob_helpers.dm,270
[21:55:02]  usr: (src)
[21:55:02]  src: null
[21:55:02]  call stack:
[21:55:02]shake camera(Emmanuel N. Wittgenstein (/mob/living/carbon/human), 0.75, 1)
[21:55:02]Emmanuel N. Wittgenstein (/mob/living/carbon/human): afterShuttleMove(space (27,19,13) (/turf/open/space/transit/west), /list (/list), 8, 8, 8, 0)
[21:55:02]Emmanuel N. Wittgenstein (/mob/living/carbon/human): afterShuttleMove(space (27,19,13) (/turf/open/space/transit/west), /list (/list), 8, 8, 8, 0)
[21:55:02]the arrivals shuttle (/obj/docking_port/mobile/arrivals): cleanup runway(the arrivals (/obj/docking_port/stationary), /list (/list), /list (/list), /list (/list), /list (/list), 0, 8, Space (/area/space), /turf/open/space/transit/west (/turf/open/space/transit/west), /turf/open/space (/turf/open/space))
[21:55:02]the arrivals shuttle (/obj/docking_port/mobile/arrivals): initiate docking(the arrivals (/obj/docking_port/stationary), 8, 0)
[21:55:02]the arrivals shuttle (/obj/docking_port/mobile/arrivals): initiate docking(the arrivals (/obj/docking_port/stationary), 8)
[21:55:02]the arrivals shuttle (/obj/docking_port/mobile/arrivals): check()
[21:55:02]the arrivals shuttle (/obj/docking_port/mobile/arrivals): check()
[21:55:02]Shuttle (/datum/controller/subsystem/shuttle): fire(0)
[21:55:02]Shuttle (/datum/controller/subsystem/shuttle): ignite(0)
runtime error: 
[21:56:10]nothing to animate
[21:56:10]proc name: shake camera (/proc/shake_camera)
[21:56:10]  source file: mob_helpers.dm,270
[21:56:10]  usr: (src)
[21:56:10]  src: null
[21:56:10]  call stack:
[21:56:10]shake camera(Silly Willy (/mob/living/carbon/human), 0.75, 1)
[21:56:10]Silly Willy (/mob/living/carbon/human): afterShuttleMove(space (25,19,13) (/turf/open/space/transit/west), /list (/list), 8, 8, 8, 0)
[21:56:10]Silly Willy (/mob/living/carbon/human): afterShuttleMove(space (25,19,13) (/turf/open/space/transit/west), /list (/list), 8, 8, 8, 0)
[21:56:10]the arrivals shuttle (/obj/docking_port/mobile/arrivals): cleanup runway(the arrivals (/obj/docking_port/stationary), /list (/list), /list (/list), /list (/list), /list (/list), 0, 8, Space (/area/space), /turf/open/space/transit/west (/turf/open/space/transit/west), /turf/open/space (/turf/open/space))
[21:56:10]the arrivals shuttle (/obj/docking_port/mobile/arrivals): initiate docking(the arrivals (/obj/docking_port/stationary), 8, 0)
[21:56:10]the arrivals shuttle (/obj/docking_port/mobile/arrivals): initiate docking(the arrivals (/obj/docking_port/stationary), 8)
[21:56:10]the arrivals shuttle (/obj/docking_port/mobile/arrivals): check()
[21:56:10]the arrivals shuttle (/obj/docking_port/mobile/arrivals): check()
[21:56:10]Shuttle (/datum/controller/subsystem/shuttle): fire(0)
[21:56:10]Shuttle (/datum/controller/subsystem/shuttle): ignite(0)
runtime error: 
[21:56:45]Cannot read null.client
[21:56:45]proc name: open (/datum/tgui/proc/open)
[21:56:45]  source file: tgui.dm,87
[21:56:45]  usr: Todd Hayseed (/mob/dead/observer)
[21:56:45]  src: /datum/tgui (/datum/tgui)
[21:56:45]  usr.loc: the floor (187,112,2) (/turf/open/floor/plasteel/cafeteria)
[21:56:45]  call stack:
[21:56:45]/datum/tgui (/datum/tgui): open()
[21:56:45]the console (/obj/item/device/modular_computer/processor): ui interact(null, "main", /datum/tgui (/datum/tgui), 0, null, /datum/ui_state/default (/datum/ui_state/default))
[21:56:45]the console (/obj/item/device/modular_computer/processor): attack self(Todd Hayseed (/mob/dead/observer))
[21:56:45]the console (/obj/item/device/modular_computer/processor): attack ai(Todd Hayseed (/mob/dead/observer))
[21:56:45]the console (/obj/item/device/modular_computer/processor): attack ghost(Todd Hayseed (/mob/dead/observer))
[21:56:45]the console (/obj/item/device/modular_computer/processor): attack ghost(Todd Hayseed (/mob/dead/observer))
[21:56:45]the console (/obj/item/device/modular_computer/processor): attack ghost(Todd Hayseed (/mob/dead/observer))
[21:56:45]the console (/obj/machinery/modular_computer/console/preset/research): attack ghost(Todd Hayseed (/mob/dead/observer))
[21:56:45]Todd Hayseed (/mob/dead/observer): ClickOn(the console (/obj/machinery/modular_computer/console/preset/research), "icon-x=20;icon-y=30;left=1;scr...")
[21:56:45]the console (/obj/machinery/modular_computer/console/preset/research): Click(the floor (188,113,2) (/turf/open/floor/plasteel/white), "mapwindow.map", "icon-x=20;icon-y=30;left=1;scr...")
runtime error: 
[21:58:43]nothing to animate
[21:58:43]proc name: shake camera (/proc/shake_camera)
[21:58:43]  source file: mob_helpers.dm,270
[21:58:43]  usr: (src)
[21:58:43]  src: null
[21:58:43]  call stack:
[21:58:43]shake camera(Alan Kanaga (/mob/living/carbon/human), 0.75, 1)
[21:58:43]Alan Kanaga (/mob/living/carbon/human): afterShuttleMove(space (17,20,13) (/turf/open/space/transit/west), /list (/list), 8, 8, 8, 0)
[21:58:43]Alan Kanaga (/mob/living/carbon/human): afterShuttleMove(space (17,20,13) (/turf/open/space/transit/west), /list (/list), 8, 8, 8, 0)
[21:58:43]the arrivals shuttle (/obj/docking_port/mobile/arrivals): cleanup runway(the arrivals (/obj/docking_port/stationary), /list (/list), /list (/list), /list (/list), /list (/list), 0, 8, Space (/area/space), /turf/open/space/transit/west (/turf/open/space/transit/west), /turf/open/space (/turf/open/space))
[21:58:43]the arrivals shuttle (/obj/docking_port/mobile/arrivals): initiate docking(the arrivals (/obj/docking_port/stationary), 8, 0)
[21:58:43]the arrivals shuttle (/obj/docking_port/mobile/arrivals): initiate docking(the arrivals (/obj/docking_port/stationary), 8)
[21:58:43]the arrivals shuttle (/obj/docking_port/mobile/arrivals): check()
[21:58:43]the arrivals shuttle (/obj/docking_port/mobile/arrivals): check()
[21:58:43]Shuttle (/datum/controller/subsystem/shuttle): fire(0)
[21:58:43]Shuttle (/datum/controller/subsystem/shuttle): ignite(0)
runtime error: 
[21:59:45]undefined proc or verb /mob/dead/observer/treat message().

[21:59:45]proc name: make announcement (/datum/controller/subsystem/communications/proc/make_announcement)
[21:59:45]  source file: communications.dm,26
[21:59:45]  usr: Todd Hayseed (/mob/dead/observer)
[21:59:45]  src: Communications (/datum/controller/subsystem/communications)
[21:59:45]  usr.loc: the floor (113,137,2) (/turf/open/floor/plasteel)
[21:59:45]  call stack:
[21:59:45]Communications (/datum/controller/subsystem/communications): make announcement(Todd Hayseed (/mob/dead/observer), null, "Traps are indeed gay.")
[21:59:45]the communications console (/obj/machinery/computer/communications): make announcement(Todd Hayseed (/mob/dead/observer), null)
[21:59:45]the communications console (/obj/machinery/computer/communications): Topic("src=\[0x20039d6];operation=ann...", /list (/list))
[21:59:45]GimmesumsuccPls (/client): Topic("src=\[0x20039d6];operation=ann...", /list (/list), the communications console (/obj/machinery/computer/communications))
[21:59:45]GimmesumsuccPls (/client): Topic("src=\[0x20039d6];operation=ann...", /list (/list), the communications console (/obj/machinery/computer/communications))
runtime error: 
[22:00:16]nothing to animate
[22:00:16]proc name: shake camera (/proc/shake_camera)
[22:00:16]  source file: mob_helpers.dm,270
[22:00:16]  usr: (src)
[22:00:16]  src: null
[22:00:16]  call stack:
[22:00:16]shake camera(Blazikenowen (/mob/living/carbon/human), 0.75, 1)
[22:00:16]Blazikenowen (/mob/living/carbon/human): afterShuttleMove(space (21,20,13) (/turf/open/space/transit/west), /list (/list), 8, 8, 8, 0)
[22:00:16]Blazikenowen (/mob/living/carbon/human): afterShuttleMove(space (21,20,13) (/turf/open/space/transit/west), /list (/list), 8, 8, 8, 0)
[22:00:16]the arrivals shuttle (/obj/docking_port/mobile/arrivals): cleanup runway(the arrivals (/obj/docking_port/stationary), /list (/list), /list (/list), /list (/list), /list (/list), 0, 8, Space (/area/space), /turf/open/space/transit/west (/turf/open/space/transit/west), /turf/open/space (/turf/open/space))
[22:00:16]the arrivals shuttle (/obj/docking_port/mobile/arrivals): initiate docking(the arrivals (/obj/docking_port/stationary), 8, 0)
[22:00:16]the arrivals shuttle (/obj/docking_port/mobile/arrivals): initiate docking(the arrivals (/obj/docking_port/stationary), 8)
[22:00:16]the arrivals shuttle (/obj/docking_port/mobile/arrivals): check()
[22:00:16]the arrivals shuttle (/obj/docking_port/mobile/arrivals): check()
[22:00:16]Shuttle (/datum/controller/subsystem/shuttle): fire(0)
[22:00:16]Shuttle (/datum/controller/subsystem/shuttle): ignite(0)
runtime error: 
[22:00:44]nothing to animate
[22:00:44]proc name: shake camera (/proc/shake_camera)
[22:00:44]  source file: mob_helpers.dm,270
[22:00:44]  usr: (src)
[22:00:44]  src: null
[22:00:44]  call stack:
[22:00:44]shake camera(Alan Kanaga (/mob/living/carbon/human), 0.75, 1)
[22:00:44]Alan Kanaga (/mob/living/carbon/human): afterShuttleMove(space (18,20,13) (/turf/open/space/transit/north), /list (/list), 8, 1, 1, 0)
[22:00:44]Alan Kanaga (/mob/living/carbon/human): afterShuttleMove(space (18,20,13) (/turf/open/space/transit/north), /list (/list), 8, 1, 1, 0)
[22:00:44]the mining shuttle (/obj/docking_port/mobile): cleanup runway(the lavaland mine (/obj/docking_port/stationary), /list (/list), /list (/list), /list (/list), /list (/list), 0, 1, Space (/area/space), /turf/open/space/transit/north (/turf/open/space/transit/north), /turf/open/space (/turf/open/space))
[22:00:44]the mining shuttle (/obj/docking_port/mobile): initiate docking(the lavaland mine (/obj/docking_port/stationary), 1, 0)
[22:00:44]the mining shuttle (/obj/docking_port/mobile): check()
[22:00:44]Shuttle (/datum/controller/subsystem/shuttle): fire(0)
[22:00:44]Shuttle (/datum/controller/subsystem/shuttle): ignite(0)
runtime error: 
[22:06:43]nothing to animate
[22:06:43]proc name: shake camera (/proc/shake_camera)
[22:06:43]  source file: mob_helpers.dm,270
[22:06:43]  usr: (src)
[22:06:43]  src: null
[22:06:43]  call stack:
[22:06:43]shake camera(Tends-the-Garden (/mob/living/carbon/human), 0.75, 1)
[22:06:43]Tends-the-Garden (/mob/living/carbon/human): afterShuttleMove(space (47,19,13) (/turf/open/space/transit/west), /list (/list), 8, 8, 8, 0)
[22:06:43]Tends-the-Garden (/mob/living/carbon/human): afterShuttleMove(space (47,19,13) (/turf/open/space/transit/west), /list (/list), 8, 8, 8, 0)
[22:06:43]the arrivals shuttle (/obj/docking_port/mobile/arrivals): cleanup runway(the arrivals (/obj/docking_port/stationary), /list (/list), /list (/list), /list (/list), /list (/list), 0, 8, Space (/area/space), /turf/open/space/transit/west (/turf/open/space/transit/west), /turf/open/space (/turf/open/space))
[22:06:43]the arrivals shuttle (/obj/docking_port/mobile/arrivals): initiate docking(the arrivals (/obj/docking_port/stationary), 8, 0)
[22:06:43]the arrivals shuttle (/obj/docking_port/mobile/arrivals): initiate docking(the arrivals (/obj/docking_port/stationary), 8)
[22:06:43]the arrivals shuttle (/obj/docking_port/mobile/arrivals): check()
[22:06:43]the arrivals shuttle (/obj/docking_port/mobile/arrivals): check()
[22:06:43]Shuttle (/datum/controller/subsystem/shuttle): fire(0)
[22:06:43]Shuttle (/datum/controller/subsystem/shuttle): ignite(0)
runtime error: 
[22:10:44]nothing to animate
[22:10:44]proc name: shake camera (/proc/shake_camera)
[22:10:44]  source file: mob_helpers.dm,270
[22:10:44]  usr: (src)
[22:10:44]  src: null
[22:10:44]  call stack:
[22:10:44]shake camera(Alan Kanaga (/mob/living/carbon/human), 0.75, 1)
[22:10:44]Alan Kanaga (/mob/living/carbon/human): afterShuttleMove(space (50,20,13) (/turf/open/space/transit/north), /list (/list), 8, 1, 1, 0)
[22:10:44]Alan Kanaga (/mob/living/carbon/human): afterShuttleMove(space (50,20,13) (/turf/open/space/transit/north), /list (/list), 8, 1, 1, 0)
[22:10:44]the mining shuttle (/obj/docking_port/mobile): cleanup runway(the mining shuttle bay (/obj/docking_port/stationary), /list (/list), /list (/list), /list (/list), /list (/list), 0, 1, Space (/area/space), /turf/open/space/transit/north (/turf/open/space/transit/north), /turf/open/space (/turf/open/space))
[22:10:44]the mining shuttle (/obj/docking_port/mobile): initiate docking(the mining shuttle bay (/obj/docking_port/stationary), 1, 0)
[22:10:44]the mining shuttle (/obj/docking_port/mobile): check()
[22:10:44]Shuttle (/datum/controller/subsystem/shuttle): fire(0)
[22:10:44]Shuttle (/datum/controller/subsystem/shuttle): ignite(0)
runtime error: 
[22:10:56]nothing to animate
[22:10:56]proc name: shake camera (/proc/shake_camera)
[22:10:56]  source file: mob_helpers.dm,270
[22:10:56]  usr: (src)
[22:10:56]  src: null
[22:10:56]  call stack:
[22:10:56]shake camera(Tries-To-Help (/mob/living/carbon/human), 0.75, 1)
[22:10:56]Tries-To-Help (/mob/living/carbon/human): afterShuttleMove(space (18,20,13) (/turf/open/space/transit/west), /list (/list), 8, 8, 8, 0)
[22:10:56]Tries-To-Help (/mob/living/carbon/human): afterShuttleMove(space (18,20,13) (/turf/open/space/transit/west), /list (/list), 8, 8, 8, 0)
[22:10:56]the arrivals shuttle (/obj/docking_port/mobile/arrivals): cleanup runway(the arrivals (/obj/docking_port/stationary), /list (/list), /list (/list), /list (/list), /list (/list), 0, 8, Space (/area/space), /turf/open/space/transit/west (/turf/open/space/transit/west), /turf/open/space (/turf/open/space))
[22:10:56]the arrivals shuttle (/obj/docking_port/mobile/arrivals): initiate docking(the arrivals (/obj/docking_port/stationary), 8, 0)
[22:10:56]the arrivals shuttle (/obj/docking_port/mobile/arrivals): initiate docking(the arrivals (/obj/docking_port/stationary), 8)
[22:10:56]the arrivals shuttle (/obj/docking_port/mobile/arrivals): check()
[22:10:56]the arrivals shuttle (/obj/docking_port/mobile/arrivals): check()
[22:10:56]Shuttle (/datum/controller/subsystem/shuttle): fire(0)
[22:10:56]Shuttle (/datum/controller/subsystem/shuttle): ignite(0)
runtime error: 
[22:11:52]Cannot read null.z
[22:11:52]proc name: AStar (/proc/AStar)
[22:11:52]  source file: AStar.dm,104
[22:11:52]  usr: (src)
[22:11:52]  src: null
[22:11:52]  call stack:
[22:11:52]AStar(the monkey (288) (/mob/living/carbon/monkey), null, /turf/proc/Distance (/turf/proc/Distance), 33, 250, 1, /turf/proc/reachableTurftest (/turf/proc/reachableTurftest), null, null, 1)
[22:11:52]get path to(the monkey (288) (/mob/living/carbon/monkey), null, /turf/proc/Distance (/turf/proc/Distance), 33, 250, 1, /turf/proc/reachableTurftest (/turf/proc/reachableTurftest), null, null, 1)
[22:11:52]the monkey (288) (/mob/living/carbon/monkey): walk2derpless(the monkey (844) (/mob/living/carbon/monkey))
[22:11:52]world: ImmediateInvokeAsync(the monkey (288) (/mob/living/carbon/monkey), /mob/living/carbon/monkey/proc... (/mob/living/carbon/monkey/proc/walk2derpless), the monkey (844) (/mob/living/carbon/monkey))
[22:11:52]the monkey (288) (/mob/living/carbon/monkey): handle combat()
[22:11:52]the monkey (288) (/mob/living/carbon/monkey): Life(2, 547)
[22:11:52]Mobs (/datum/controller/subsystem/mobs): fire(0)
[22:11:52]Mobs (/datum/controller/subsystem/mobs): ignite(0)
[22:11:52]Master (/datum/controller/master): RunQueue()
[22:11:52]Master (/datum/controller/master): Loop()
[22:11:52]Master (/datum/controller/master): StartProcessing(0)
runtime error: 
[22:11:54]Cannot read null.z
[22:11:54]proc name: AStar (/proc/AStar)
[22:11:54]  source file: AStar.dm,104
[22:11:54]  usr: (src)
[22:11:54]  src: null
[22:11:54]  call stack:
[22:11:54]AStar(the monkey (288) (/mob/living/carbon/monkey), null, /turf/proc/Distance (/turf/proc/Distance), 33, 250, 1, /turf/proc/reachableTurftest (/turf/proc/reachableTurftest), null, null, 1)
[22:11:54]get path to(the monkey (288) (/mob/living/carbon/monkey), null, /turf/proc/Distance (/turf/proc/Distance), 33, 250, 1, /turf/proc/reachableTurftest (/turf/proc/reachableTurftest), null, null, 1)
[22:11:54]the monkey (288) (/mob/living/carbon/monkey): walk2derpless(the monkey (844) (/mob/living/carbon/monkey))
[22:11:54]world: ImmediateInvokeAsync(the monkey (288) (/mob/living/carbon/monkey), /mob/living/carbon/monkey/proc... (/mob/living/carbon/monkey/proc/walk2derpless), the monkey (844) (/mob/living/carbon/monkey))
[22:11:54]the monkey (288) (/mob/living/carbon/monkey): handle combat()
[22:11:54]the monkey (288) (/mob/living/carbon/monkey): Life(2, 548)
[22:11:54]Mobs (/datum/controller/subsystem/mobs): fire(0)
[22:11:54]Mobs (/datum/controller/subsystem/mobs): ignite(0)
[22:11:54]Master (/datum/controller/master): RunQueue()
[22:11:54]Master (/datum/controller/master): Loop()
[22:11:54]Master (/datum/controller/master): StartProcessing(0)
runtime error: 
[22:11:56]Cannot read null.z
[22:11:56]proc name: AStar (/proc/AStar)
[22:11:56]  source file: AStar.dm,104
[22:11:56]  usr: (src)
[22:11:56]  src: null
[22:11:56]  call stack:
[22:11:56]AStar(the monkey (288) (/mob/living/carbon/monkey), null, /turf/proc/Distance (/turf/proc/Distance), 33, 250, 1, /turf/proc/reachableTurftest (/turf/proc/reachableTurftest), null, null, 1)
[22:11:56]get path to(the monkey (288) (/mob/living/carbon/monkey), null, /turf/proc/Distance (/turf/proc/Distance), 33, 250, 1, /turf/proc/reachableTurftest (/turf/proc/reachableTurftest), null, null, 1)
[22:11:56]the monkey (288) (/mob/living/carbon/monkey): walk2derpless(the monkey (844) (/mob/living/carbon/monkey))
[22:11:56]world: ImmediateInvokeAsync(the monkey (288) (/mob/living/carbon/monkey), /mob/living/carbon/monkey/proc... (/mob/living/carbon/monkey/proc/walk2derpless), the monkey (844) (/mob/living/carbon/monkey))
[22:11:56]the monkey (288) (/mob/living/carbon/monkey): handle combat()
[22:11:56]the monkey (288) (/mob/living/carbon/monkey): Life(2, 549)
[22:11:56]Mobs (/datum/controller/subsystem/mobs): fire(0)
[22:11:56]Mobs (/datum/controller/subsystem/mobs): ignite(0)
[22:11:56]Master (/datum/controller/master): RunQueue()
[22:11:56]Master (/datum/controller/master): Loop()
[22:11:56]Master (/datum/controller/master): StartProcessing(0)
runtime error: 
[22:16:16]nothing to animate
[22:16:16]proc name: shake camera (/proc/shake_camera)
[22:16:16]  source file: mob_helpers.dm,270
[22:16:16]  usr: (src)
[22:16:16]  src: null
[22:16:16]  call stack:
[22:16:16]shake camera(Alan Kanaga (/mob/living/carbon/human), 0.75, 1)
[22:16:16]Alan Kanaga (/mob/living/carbon/human): afterShuttleMove(space (50,20,13) (/turf/open/space/transit/north), /list (/list), 8, 1, 1, 0)
[22:16:16]Alan Kanaga (/mob/living/carbon/human): afterShuttleMove(space (50,20,13) (/turf/open/space/transit/north), /list (/list), 8, 1, 1, 0)
[22:16:16]the mining shuttle (/obj/docking_port/mobile): cleanup runway(the lavaland mine (/obj/docking_port/stationary), /list (/list), /list (/list), /list (/list), /list (/list), 0, 1, Space (/area/space), /turf/open/space/transit/north (/turf/open/space/transit/north), /turf/open/space (/turf/open/space))
[22:16:16]the mining shuttle (/obj/docking_port/mobile): initiate docking(the lavaland mine (/obj/docking_port/stationary), 1, 0)
[22:16:16]the mining shuttle (/obj/docking_port/mobile): check()
[22:16:16]Shuttle (/datum/controller/subsystem/shuttle): fire(0)
[22:16:16]Shuttle (/datum/controller/subsystem/shuttle): ignite(0)
runtime error: 
[22:18:28]nothing to animate
[22:18:28]proc name: shake camera (/proc/shake_camera)
[22:18:28]  source file: mob_helpers.dm,270
[22:18:28]  usr: (src)
[22:18:28]  src: null
[22:18:28]  call stack:
[22:18:28]shake camera(Knives (/mob/living/carbon/human), 0.75, 1)
[22:18:28]Knives (/mob/living/carbon/human): afterShuttleMove(space (23,20,13) (/turf/open/space/transit/west), /list (/list), 8, 8, 8, 0)
[22:18:28]Knives (/mob/living/carbon/human): afterShuttleMove(space (23,20,13) (/turf/open/space/transit/west), /list (/list), 8, 8, 8, 0)
[22:18:28]the arrivals shuttle (/obj/docking_port/mobile/arrivals): cleanup runway(the arrivals (/obj/docking_port/stationary), /list (/list), /list (/list), /list (/list), /list (/list), 0, 8, Space (/area/space), /turf/open/space/transit/west (/turf/open/space/transit/west), /turf/open/space (/turf/open/space))
[22:18:28]the arrivals shuttle (/obj/docking_port/mobile/arrivals): initiate docking(the arrivals (/obj/docking_port/stationary), 8, 0)
[22:18:28]the arrivals shuttle (/obj/docking_port/mobile/arrivals): initiate docking(the arrivals (/obj/docking_port/stationary), 8)
[22:18:28]the arrivals shuttle (/obj/docking_port/mobile/arrivals): check()
[22:18:28]the arrivals shuttle (/obj/docking_port/mobile/arrivals): check()
[22:18:28]Shuttle (/datum/controller/subsystem/shuttle): fire(0)
[22:18:28]Shuttle (/datum/controller/subsystem/shuttle): ignite(0)
runtime error: 
[22:21:17]nothing to animate
[22:21:17]proc name: shake camera (/proc/shake_camera)
[22:21:17]  source file: mob_helpers.dm,270
runtime error: 
[22:25:23]Cannot execute null.changeNext move().
[22:25:23]proc name: container resist (/obj/structure/closet/container_resist)
[22:25:23]  source file: closets.dm,370
runtime error: 
[22:25:23]Cannot execute null.changeNext move().
[22:25:23]proc name: container resist (/obj/structure/closet/container_resist)
[22:25:23]  source file: closets.dm,370
runtime error: 
[22:25:23]Cannot execute null.changeNext move().
[22:25:23]proc name: container resist (/obj/structure/closet/container_resist)
[22:25:23]  source file: closets.dm,370
runtime error: 
[22:25:23]Cannot execute null.changeNext move().
[22:25:23]proc name: container resist (/obj/structure/closet/container_resist)
[22:25:23]  source file: closets.dm,370
runtime error: 
[22:25:23]Cannot execute null.changeNext move().
[22:25:23]proc name: container resist (/obj/structure/closet/container_resist)
[22:25:23]  source file: closets.dm,370
runtime error: 
[22:31:01]nothing to animate
[22:31:01]proc name: shake camera (/proc/shake_camera)
[22:31:01]  source file: mob_helpers.dm,270
runtime error: 
[22:32:20]nothing to animate
[22:32:20]proc name: shake camera (/proc/shake_camera)
[22:32:20]  source file: mob_helpers.dm,270
runtime error: 
[22:34:10]nothing to animate
[22:34:10]proc name: shake camera (/proc/shake_camera)
[22:34:10]  source file: mob_helpers.dm,270
runtime error: 
[22:40:42]nothing to animate
[22:40:42]proc name: shake camera (/proc/shake_camera)
[22:40:42]  source file: mob_helpers.dm,270
runtime error: 
[22:44:37]nothing to animate
[22:44:37]proc name: shake camera (/proc/shake_camera)
[22:44:37]  source file: mob_helpers.dm,270
runtime error: 
[22:50:58]Cannot read null.loc
[22:50:58]proc name: update parallax (/datum/hud/proc/update_parallax)
[22:50:58]  source file: parallax.dm,170
runtime error: 
[22:54:32]nothing to animate
[22:54:32]proc name: shake camera (/proc/shake_camera)
[22:54:32]  source file: mob_helpers.dm,270
runtime error: 
[22:54:59]nothing to animate
[22:54:59]proc name: shake camera (/proc/shake_camera)
[22:54:59]  source file: mob_helpers.dm,270
runtime error: 
[23:00:44]Cannot execute null.archive().
[23:00:44]proc name: archive (/turf/open/archive)
[23:00:44]  source file: LINDA_turf_tile.dm,91
runtime error: 
[23:00:44]Cannot read null.gases
[23:00:44]proc name: compare (/datum/gas_mixture/compare)
[23:00:44]  source file: gas_mixture.dm,387
runtime error: 
[23:00:44]Cannot execute null.archive().
[23:00:44]proc name: archive (/turf/open/archive)
[23:00:44]  source file: LINDA_turf_tile.dm,91
runtime error: 
[23:00:44]Cannot read null.gases
[23:00:44]proc name: compare (/datum/gas_mixture/compare)
[23:00:44]  source file: gas_mixture.dm,387
runtime error: 
[23:00:44]Cannot execute null.archive().
[23:00:44]proc name: archive (/turf/open/archive)
[23:00:44]  source file: LINDA_turf_tile.dm,91
runtime error: 
[23:00:44]Cannot read null.gases
[23:00:44]proc name: compare (/datum/gas_mixture/compare)
[23:00:44]  source file: gas_mixture.dm,387
runtime error: 
[23:00:44]Cannot execute null.archive().
[23:00:44]proc name: archive (/turf/open/archive)
[23:00:44]  source file: LINDA_turf_tile.dm,91
runtime error: 
[23:00:44]Cannot read null.gases
[23:00:44]proc name: compare (/datum/gas_mixture/compare)
[23:00:44]  source file: gas_mixture.dm,387
runtime error: 
[23:00:44]Cannot execute null.archive().
[23:00:44]proc name: archive (/turf/open/archive)
[23:00:44]  source file: LINDA_turf_tile.dm,91
runtime error: 
[23:00:44]Cannot read null.gases
[23:00:44]proc name: compare (/datum/gas_mixture/compare)
[23:00:44]  source file: gas_mixture.dm,387
runtime error: 
[23:00:44]Cannot execute null.archive().
[23:00:44]proc name: archive (/turf/open/archive)
[23:00:44]  source file: LINDA_turf_tile.dm,91
runtime error: 
[23:00:44]Cannot read null.gases
[23:00:44]proc name: compare (/datum/gas_mixture/compare)
[23:00:44]  source file: gas_mixture.dm,387
runtime error: 
[23:00:44]Cannot execute null.archive().
[23:00:44]proc name: archive (/turf/open/archive)
[23:00:44]  source file: LINDA_turf_tile.dm,91
runtime error: 
[23:00:44]Cannot read null.gases
[23:00:44]proc name: compare (/datum/gas_mixture/compare)
[23:00:44]  source file: gas_mixture.dm,387
runtime error: 
[23:00:44]Cannot execute null.archive().
[23:00:44]proc name: archive (/turf/open/archive)
[23:00:44]  source file: LINDA_turf_tile.dm,91
runtime error: 
[23:00:44]Cannot read null.gases
[23:00:44]proc name: compare (/datum/gas_mixture/compare)
[23:00:44]  source file: gas_mixture.dm,387
runtime error: 
[23:00:44]Cannot execute null.archive().
[23:00:44]proc name: archive (/turf/open/archive)
[23:00:44]  source file: LINDA_turf_tile.dm,91
runtime error: 
[23:00:44]Cannot read null.gases
[23:00:44]proc name: compare (/datum/gas_mixture/compare)
[23:00:44]  source file: gas_mixture.dm,387
runtime error: 
[23:00:44]Cannot execute null.archive().
[23:00:44]proc name: archive (/turf/open/archive)
[23:00:44]  source file: LINDA_turf_tile.dm,91
runtime error: 
[23:00:44]Cannot read null.gases
[23:00:44]proc name: compare (/datum/gas_mixture/compare)
[23:00:44]  source file: gas_mixture.dm,387
runtime error: 
[23:00:44]Cannot execute null.archive().
[23:00:44]proc name: archive (/turf/open/archive)
[23:00:44]  source file: LINDA_turf_tile.dm,91
runtime error: 
[23:00:44]Cannot read null.gases
[23:00:44]proc name: compare (/datum/gas_mixture/compare)
[23:00:44]  source file: gas_mixture.dm,387
runtime error: 
[23:00:44]Cannot execute null.archive().
[23:00:44]proc name: archive (/turf/open/archive)
[23:00:44]  source file: LINDA_turf_tile.dm,91
runtime error: 
[23:00:44]Cannot read null.gases
[23:00:44]proc name: compare (/datum/gas_mixture/compare)
[23:00:44]  source file: gas_mixture.dm,387
runtime error: 
[23:00:44]Cannot execute null.archive().
[23:00:44]proc name: archive (/turf/open/archive)
[23:00:44]  source file: LINDA_turf_tile.dm,91
runtime error: 
[23:00:44]Cannot read null.gases
[23:00:44]proc name: compare (/datum/gas_mixture/compare)
[23:00:44]  source file: gas_mixture.dm,387
runtime error: 
[23:00:44]Cannot execute null.archive().
[23:00:44]proc name: archive (/turf/open/archive)
[23:00:44]  source file: LINDA_turf_tile.dm,91
runtime error: 
[23:00:44]Cannot read null.gases
[23:00:44]proc name: compare (/datum/gas_mixture/compare)
[23:00:44]  source file: gas_mixture.dm,387
runtime error: 
[23:00:44]Cannot execute null.archive().
[23:00:44]proc name: archive (/turf/open/archive)
[23:00:44]  source file: LINDA_turf_tile.dm,91
runtime error: 
[23:00:44]Cannot read null.gases
[23:00:44]proc name: compare (/datum/gas_mixture/compare)
[23:00:44]  source file: gas_mixture.dm,387
runtime error: 
[23:00:44]Cannot execute null.archive().
[23:00:44]proc name: archive (/turf/open/archive)
[23:00:44]  source file: LINDA_turf_tile.dm,91
runtime error: 
[23:00:44]Cannot read null.gases
[23:00:44]proc name: compare (/datum/gas_mixture/compare)
[23:00:44]  source file: gas_mixture.dm,387
runtime error: 
[23:00:44]Cannot execute null.archive().
[23:00:44]proc name: archive (/turf/open/archive)
[23:00:44]  source file: LINDA_turf_tile.dm,91
runtime error: 
[23:00:44]Cannot read null.gases
[23:00:44]proc name: compare (/datum/gas_mixture/compare)
[23:00:44]  source file: gas_mixture.dm,387
runtime error: 
[23:00:44]Cannot execute null.archive().
[23:00:44]proc name: archive (/turf/open/archive)
[23:00:44]  source file: LINDA_turf_tile.dm,91
runtime error: 
[23:00:44]Cannot read null.gases
[23:00:44]proc name: compare (/datum/gas_mixture/compare)
[23:00:44]  source file: gas_mixture.dm,387
runtime error: 
[23:00:44]Cannot execute null.archive().
[23:00:44]proc name: archive (/turf/open/archive)
[23:00:44]  source file: LINDA_turf_tile.dm,91
runtime error: 
[23:00:44]Cannot read null.gases
[23:00:44]proc name: compare (/datum/gas_mixture/compare)
[23:00:44]  source file: gas_mixture.dm,387
runtime error: 
[23:00:44]Cannot execute null.archive().
[23:00:44]proc name: archive (/turf/open/archive)
[23:00:44]  source file: LINDA_turf_tile.dm,91
runtime error: 
[23:00:44]Cannot read null.gases
[23:00:44]proc name: compare (/datum/gas_mixture/compare)
[23:00:44]  source file: gas_mixture.dm,387
runtime error: 
[23:00:44]Cannot execute null.archive().
[23:00:44]proc name: archive (/turf/open/archive)
[23:00:44]  source file: LINDA_turf_tile.dm,91
runtime error: 
[23:00:44]Cannot read null.gases
[23:00:44]proc name: compare (/datum/gas_mixture/compare)
[23:00:44]  source file: gas_mixture.dm,387
runtime error: 
[23:00:44]Cannot execute null.archive().
[23:00:44]proc name: archive (/turf/open/archive)
[23:00:44]  source file: LINDA_turf_tile.dm,91
runtime error: 
[23:00:44]Cannot read null.gases
[23:00:44]proc name: compare (/datum/gas_mixture/compare)
[23:00:44]  source file: gas_mixture.dm,387
runtime error: 
[23:00:44]Cannot execute null.archive().
[23:00:44]proc name: archive (/turf/open/archive)
[23:00:44]  source file: LINDA_turf_tile.dm,91
runtime error: 
[23:00:44]Cannot read null.gases
[23:00:44]proc name: compare (/datum/gas_mixture/compare)
[23:00:44]  source file: gas_mixture.dm,387
runtime error: 
[23:00:44]Cannot execute null.archive().
[23:00:44]proc name: archive (/turf/open/archive)
[23:00:44]  source file: LINDA_turf_tile.dm,91
runtime error: 
[23:00:44]Cannot read null.gases
[23:00:44]proc name: compare (/datum/gas_mixture/compare)
[23:00:44]  source file: gas_mixture.dm,387
runtime error: 
[23:00:44]Cannot execute null.archive().
[23:00:44]proc name: archive (/turf/open/archive)
[23:00:44]  source file: LINDA_turf_tile.dm,91
runtime error: 
[23:00:44]Cannot read null.gases
[23:00:44]proc name: compare (/datum/gas_mixture/compare)
[23:00:44]  source file: gas_mixture.dm,387
runtime error: 
[23:00:44]Cannot execute null.archive().
[23:00:44]proc name: archive (/turf/open/archive)
[23:00:44]  source file: LINDA_turf_tile.dm,91
runtime error: 
[23:00:44]Cannot read null.gases
[23:00:44]proc name: compare (/datum/gas_mixture/compare)
[23:00:44]  source file: gas_mixture.dm,387
runtime error: 
[23:00:44]Cannot execute null.archive().
[23:00:44]proc name: archive (/turf/open/archive)
[23:00:44]  source file: LINDA_turf_tile.dm,91
runtime error: 
[23:00:44]Cannot read null.gases
[23:00:44]proc name: compare (/datum/gas_mixture/compare)
[23:00:44]  source file: gas_mixture.dm,387
runtime error: 
[23:00:44]Cannot execute null.archive().
[23:00:44]proc name: archive (/turf/open/archive)
[23:00:44]  source file: LINDA_turf_tile.dm,91
runtime error: 
[23:00:44]Cannot read null.gases
[23:00:44]proc name: compare (/datum/gas_mixture/compare)
[23:00:44]  source file: gas_mixture.dm,387
runtime error: 
[23:00:44]Cannot execute null.archive().
[23:00:44]proc name: archive (/turf/open/archive)
[23:00:44]  source file: LINDA_turf_tile.dm,91
runtime error: 
[23:00:44]Cannot read null.gases
[23:00:44]proc name: compare (/datum/gas_mixture/compare)
[23:00:44]  source file: gas_mixture.dm,387
runtime error: 
[23:00:44]Cannot execute null.archive().
[23:00:44]proc name: archive (/turf/open/archive)
[23:00:44]  source file: LINDA_turf_tile.dm,91
runtime error: 
[23:00:44]Cannot read null.gases
[23:00:44]proc name: compare (/datum/gas_mixture/compare)
[23:00:44]  source file: gas_mixture.dm,387
runtime error: 
[23:00:44]Cannot execute null.archive().
[23:00:44]proc name: archive (/turf/open/archive)
[23:00:44]  source file: LINDA_turf_tile.dm,91
runtime error: 
[23:00:44]Cannot read null.gases
[23:00:44]proc name: compare (/datum/gas_mixture/compare)
[23:00:44]  source file: gas_mixture.dm,387
runtime error: 
[23:00:44]Cannot execute null.archive().
[23:00:44]proc name: archive (/turf/open/archive)
[23:00:44]  source file: LINDA_turf_tile.dm,91
runtime error: 
[23:00:44]Cannot read null.gases
[23:00:44]proc name: compare (/datum/gas_mixture/compare)
[23:00:44]  source file: gas_mixture.dm,387
runtime error: 
[23:00:44]Cannot execute null.archive().
[23:00:44]proc name: archive (/turf/open/archive)
[23:00:44]  source file: LINDA_turf_tile.dm,91
runtime error: 
[23:00:44]Cannot read null.gases
[23:00:44]proc name: compare (/datum/gas_mixture/compare)
[23:00:44]  source file: gas_mixture.dm,387
runtime error: 
[23:00:44]Cannot execute null.archive().
[23:00:44]Warning: further proc crash messages are being suppressed to prevent overload...
runtime error: 
[23:00:44]Cannot read null.gases
runtime error: 
[23:00:44]Cannot execute null.archive().
runtime error: 
[23:00:44]Cannot read null.gases
runtime error: 
[23:00:44]Cannot execute null.archive().
runtime error: 
[23:00:44]Cannot read null.gases
runtime error: 
[23:05:44]Cannot read null.body_part
Saved 102 engraved messages on map Box Station
runtime error: 
[23:06:53]Cannot read null.loc
Shutting down Persistence subsystem...
Shutting down pathfinder subsystem...
Shutting down Squeak subsystem...
Shutting down Shuttle subsystem...
Shutting down Lighting subsystem...
Shutting down XKeyScore subsystem...
Shutting down Sticky Ban subsystem...
Shutting down Overlay subsystem...
Shutting down Icon Smoothing subsystem...
Shutting down Assets subsystem...
Shutting down Minimap subsystem...
Shutting down Atmospherics subsystem...
Shutting down Wet floors subsystem...
Shutting down Weather subsystem...
Shutting down Vote subsystem...
Shutting down Traumas subsystem...
Shutting down Title Screen subsystem...
Shutting down Time Tracking subsystem...
Shutting down Throwing subsystem...
Shutting down tgui subsystem...
Shutting down Sun subsystem...
Shutting down Space Drift subsystem...
Shutting down Religion subsystem...
Shutting down Radio subsystem...
Shutting down Radiation subsystem...
Shutting down Projectiles subsystem...
Shutting down Processing subsystem...
Shutting down Parallax subsystem...
Shutting down pAI subsystem...
Shutting down Orbits subsystem...
Shutting down Objects subsystem...
Shutting down NPC Pool subsystem...
Shutting down Night Shift subsystem...
Shutting down Mood subsystem...
Shutting down Mobs subsystem...
Shutting down Medals subsystem...
Shutting down Inbounds subsystem...
Shutting down Idling NPC Pool subsystem...
Shutting down Flightpack Movement subsystem...
Shutting down Fire Burning subsystem...
Shutting down Fields subsystem...
Shutting down Fast Processing subsystem...
Shutting down Disease subsystem...
Shutting down Communications subsystem...
Shutting down Augury subsystem...
Shutting down Acid subsystem...
Shutting down Timer subsystem...
Shutting down Circuit subsystem...
Shutting down Machines subsystem...
Shutting down Language subsystem...
Shutting down Atoms subsystem...
Shutting down Networks subsystem...
Shutting down Mapping subsystem...
Shutting down Ticker subsystem...
Shutting down Traits subsystem...
Shutting down Jobs subsystem...
Shutting down Events subsystem...
Shutting down Research subsystem...
Shutting down Input subsystem...
Shutting down Server Tasks subsystem...
Shutting down Blackbox subsystem...
Shutting down Database subsystem...
Shutting down Garbage subsystem...
Shutdown complete
World rebooted at 23:08:07
