[2018-08-01 01:09:05.500] Starting up round ID 1808.
[2018-08-01 01:09:05.501] -------------------------
[2018-08-01 01:17:09.624] braskx \ Grevan Heaven \ Janitor \ NONE \ ROUNDSTART
[2018-08-01 01:17:09.979] drunkenpeasant \ Sloppy Joe \ Scientist \ brother \ ROUNDSTART
[2018-08-01 01:17:10.342] davidththird \ Tyron Jamal \ Assistant \ NONE \ ROUNDSTART
[2018-08-01 01:17:10.600] mlggendalf \ Aleksey Karansinov \ Shaft Miner \ traitor \ ROUNDSTART
[2018-08-01 01:17:10.897] cthulhu314 \ Arthur \ Botanist \ NONE \ ROUNDSTART
[2018-08-01 01:17:11.352] chippedice \ Hana Robusto \ Shaft Miner \ brother \ ROUNDSTART
[2018-08-01 01:17:11.892] boxxybooty \ Handles-The-Assistants \ Chief Engineer \ NONE \ ROUNDSTART
[2018-08-01 01:17:13.016] enkidienne \ Nerissa Ratcliff \ Bartender \ brother \ ROUNDSTART
[2018-08-01 01:17:13.824] thexenogod \ Cyborgimus Prime \ Cyborg \ NONE \ ROUNDSTART
[2018-08-01 01:17:13.824] supe22 \ Braeden Haves \ Cook \ traitor \ ROUNDSTART
[2018-08-01 01:17:14.403] buckyboy \ Beau Richards \ Chaplain \ brother \ ROUNDSTART
[2018-08-01 01:17:14.726] runrunaway \ Teeba-Malicus \ Atmospheric Technician \ brother \ ROUNDSTART
[2018-08-01 01:17:18.216] Bobcat49 \ Rose White \ Medical Doctor \ NONE \ LATEJOIN
[2018-08-01 01:24:43.790] Irongyrfalcon \ Ricardo Mildred \ Curator \ NONE \ LATEJOIN
[2018-08-01 01:25:01.928] O-Shee \ Scarlet Angel \ Shaft Miner \ NONE \ LATEJOIN
[2018-08-01 01:32:59.348] Mini Tarzan \ Henry Hank \ Assistant \ NONE \ LATEJOIN
[2018-08-01 01:36:55.891] Meboy88 \ Stelen Firebird \ Assistant \ NONE \ LATEJOIN
[2018-08-01 01:37:31.688] Madadad \ Plutella Impura \ Assistant \ NONE \ LATEJOIN
[2018-08-01 01:42:14.024] TimedalWave \ Eris O'Cyte \ Lawyer \ NONE \ LATEJOIN
[2018-08-01 01:57:14.325] PerunTakashi \ Jesus Cook \ Janitor \ NONE \ LATEJOIN
