[2018-09-10 03:44:08.625] Running /tg/ revision:
[2018-09-10 03:44:08.626] 6ed4ac8f334b3aaeec135c424706ce31e56f1da6: 2018-08-29
[2018-09-10 03:44:08.627] runtime error: list index out of bounds
[2018-09-10 03:44:08.627] proc name: New (/datum/getrev/New)
[2018-09-10 03:44:08.627]   source file: getrev.dm,28
[2018-09-10 03:44:08.627]   usr: null
[2018-09-10 03:44:08.627]   src: /datum/getrev (/datum/getrev)
[2018-09-10 03:44:08.627]   call stack:
[2018-09-10 03:44:08.627] /datum/getrev (/datum/getrev): New()
[2018-09-10 03:44:08.627] world: New()
[2018-09-10 03:44:08.627] 
[2018-09-10 03:44:08.635] Loading config file config.txt...
[2018-09-10 03:44:08.637] Loading config file game_options.txt...
[2018-09-10 03:44:08.638] Unknown setting in configuration: 'w##'
[2018-09-10 03:44:08.640] Failed to validate setting "DOUBLE_AGENTS 20" for min_pop
[2018-09-10 03:44:08.640] Failed to validate setting "DOUBLE_AGENTS -1" for max_pop
[2018-09-10 03:44:08.646] Loading config file dbconfig.txt...
[2018-09-10 03:44:08.646] Loading config file comms.txt...
[2018-09-10 03:44:08.651] Loading config file maps.txt...
[2018-09-10 03:44:08.805] Database connection established.
[2018-09-10 03:44:08.841] SQL: Could not get schema version from database
