

Starting up round ID 248. 01:02:25
---------------------
Initialized Database subsystem within 0 seconds!
Initialized Blackbox subsystem within 0 seconds!
Initialized Server Tasks subsystem within 0 seconds!
Initialized Input subsystem within 0 seconds!
Initialized Research subsystem within 0 seconds!
Initialized Events subsystem within 0 seconds!
Initialized Jobs subsystem within 0 seconds!
Initialized Traits subsystem within 0 seconds!
Initialized Ticker subsystem within 0.1 seconds!
Loading Box Station...
Loaded Station in 6.2s!
Loaded Lavaland in 6s!
runtime error: 
[01:02:54]Cannot modify null.active.
[01:02:54]proc name: AIize (/mob/proc/AIize)
[01:02:54]  source file: transform_procs.dm,348
[01:02:54]  usr: BABAHUHU (/mob/dead/new_player)
[01:02:54]  src: Jeffrey Hunt (/mob/living/carbon/human/dummy)
[01:02:54]  usr.loc: the plating (8,174,1) (/turf/open/floor/plating)
[01:02:54]  src.loc: null
[01:02:54]  call stack:
[01:02:54]Jeffrey Hunt (/mob/living/carbon/human/dummy): AIize(0)
[01:02:54]Jeffrey Hunt (/mob/living/carbon/human/dummy): AIize(0)
[01:02:54]Jeffrey Hunt (/mob/living/carbon/human/dummy): AIize(0)
[01:02:54]/datum/job/ai (/datum/job/ai): equip(Jeffrey Hunt (/mob/living/carbon/human/dummy), 1)
[01:02:54]/datum/preferences (/datum/preferences): update preview icon()
[01:02:54]/datum/preferences (/datum/preferences): ShowChoices(BABAHUHU (/mob/dead/new_player))
[01:02:54]BABAHUHU (/mob/dead/new_player): Topic("src=\[mob_25];show_preferences...", /list (/list))
[01:02:54]BABAHUHU (/client): Topic("src=\[mob_25];show_preferences...", /list (/list), BABAHUHU (/mob/dead/new_player))
[01:02:54]BABAHUHU (/client): Topic("src=\[mob_25];show_preferences...", /list (/list), BABAHUHU (/mob/dead/new_player))
Loaded Reebe in 4.5s!
Ruin loader finished with 0 left to spend.
Ruin loader finished with 0 left to spend.
Initialized Mapping subsystem within 23.4 seconds!
Initialized Networks subsystem within 0 seconds!
Initialized Atoms subsystem within 42 seconds!
Initialized Language subsystem within 0 seconds!
Initialized Machines subsystem within 0.3 seconds!
Initialized Circuit subsystem within 0 seconds!
Initialized Disease subsystem within 0 seconds!
Initialized Medals subsystem within 0 seconds!
Initialized Night Shift subsystem within 0 seconds!
Initialized Parallax subsystem within 0 seconds!
Initialized Traumas subsystem within 0.2 seconds!
Initialized Weather subsystem within 0 seconds!
## WARNING: There are 4 active turfs at roundstart, this is a mapping error caused by a difference of the air between the adjacent turfs. You can see its coordinates using "Mapping -> Show roundstart AT list" verb (debug verbs required)
## WARNING: HEY! LISTEN! 0.9 seconds were wasted processing 4 turf(s) (connected to 19018 other turfs) with atmos differences at round start.
Initialized Atmospherics subsystem within 14.3 seconds!
Initialized Minimap subsystem within 0 seconds!
Initialized Assets subsystem within 0.9 seconds!
Initialized Icon Smoothing subsystem within 5.8 seconds!
Initialized Overlay subsystem within 24.3 seconds!
Initialized XKeyScore subsystem within 0 seconds!
Initialized Sticky Ban subsystem within 0 seconds!
Initialized Lighting subsystem within 14.1 seconds!
Initialized Shuttle subsystem within 25.2 seconds!
Initialized Squeak subsystem within 0.1 seconds!
Initialized pathfinder subsystem within 0 seconds!
Loaded 1 engraved messages on map Box Station
Initialized Persistence subsystem within 0 seconds!
Initializations complete within 151 seconds!
runtime error: 
[01:05:11]Cannot execute null.light().
[01:05:11]proc name: post equip (/datum/outfit/job/detective/post_equip)
[01:05:11]  source file: security.dm,163
[01:05:11]  usr: Bolloeds4 (/mob/dead/new_player)
[01:05:11]  src: Detective (/datum/outfit/job/detective)
[01:05:11]  usr.loc: the plating (8,174,1) (/turf/open/floor/plating)
[01:05:11]  call stack:
[01:05:11]Detective (/datum/outfit/job/detective): post equip(Micah Hughes (/mob/living/carbon/human/dummy), 1)
[01:05:11]Detective (/datum/outfit/job/detective): equip(Micah Hughes (/mob/living/carbon/human/dummy), 1)
[01:05:11]Micah Hughes (/mob/living/carbon/human/dummy): equipOutfit(/datum/outfit/job/detective (/datum/outfit/job/detective), 1)
[01:05:11]/datum/job/detective (/datum/job/detective): equip(Micah Hughes (/mob/living/carbon/human/dummy), 1, 1)
[01:05:11]/datum/preferences (/datum/preferences): update preview icon()
[01:05:11]/datum/preferences (/datum/preferences): ShowChoices(Bolloeds4 (/mob/dead/new_player))
[01:05:11]/datum/preferences (/datum/preferences): process link(Bolloeds4 (/mob/dead/new_player), /list (/list))
[01:05:11]Bolloeds4 (/client): Topic("_src_=prefs;preference=job;tas...", /list (/list), null)
[01:05:11]Bolloeds4 (/client): Topic("_src_=prefs;preference=job;tas...", /list (/list))
runtime error: 
[01:05:14]Cannot execute null.light().
[01:05:14]proc name: post equip (/datum/outfit/job/detective/post_equip)
[01:05:14]  source file: security.dm,163
[01:05:14]  usr: Bolloeds4 (/mob/dead/new_player)
[01:05:14]  src: Detective (/datum/outfit/job/detective)
[01:05:14]  usr.loc: the plating (8,174,1) (/turf/open/floor/plating)
[01:05:14]  call stack:
[01:05:14]Detective (/datum/outfit/job/detective): post equip(Micah Hughes (/mob/living/carbon/human/dummy), 1)
[01:05:14]Detective (/datum/outfit/job/detective): equip(Micah Hughes (/mob/living/carbon/human/dummy), 1)
[01:05:14]Micah Hughes (/mob/living/carbon/human/dummy): equipOutfit(/datum/outfit/job/detective (/datum/outfit/job/detective), 1)
[01:05:14]/datum/job/detective (/datum/job/detective): equip(Micah Hughes (/mob/living/carbon/human/dummy), 1, 1)
[01:05:14]/datum/preferences (/datum/preferences): update preview icon()
[01:05:14]/datum/preferences (/datum/preferences): ShowChoices(Bolloeds4 (/mob/dead/new_player))
[01:05:14]/datum/preferences (/datum/preferences): process link(Bolloeds4 (/mob/dead/new_player), /list (/list))
[01:05:14]Bolloeds4 (/client): Topic("_src_=prefs;preference=save", /list (/list), null)
[01:05:14]Bolloeds4 (/client): Topic("_src_=prefs;preference=save", /list (/list))
runtime error: 
[01:06:33]Cannot read null.species
[01:06:33]proc name: attach limb (/obj/item/bodypart/proc/attach_limb)
[01:06:33]  source file: dismemberment.dm,278
[01:06:33]  usr: null
[01:06:33]  src: the surplus prosthetic right a... (/obj/item/bodypart/r_arm/robot/surplus)
[01:06:33]  src.loc: null
[01:06:33]  call stack:
[01:06:33]the surplus prosthetic right a... (/obj/item/bodypart/r_arm/robot/surplus): attach limb( (/mob/living/carbon/human), null)
[01:06:33]the surplus prosthetic right a... (/obj/item/bodypart/r_arm/robot/surplus): replace limb( (/mob/living/carbon/human), null)
[01:06:33]Prosthetic Limb (/datum/trait/prosthetic_limb): on spawn()
[01:06:33]Prosthetic Limb (/datum/trait/prosthetic_limb): New( (/mob/living/carbon/human), 1)
[01:06:33] (/mob/living/carbon/human): add trait datum("Prosthetic Limb", 1)
[01:06:33]Traits (/datum/controller/subsystem/processing/traits): AssignTraits( (/mob/living/carbon/human), Ilef (/client), 1)
[01:06:33]Ticker (/datum/controller/subsystem/ticker): equip characters()
[01:06:33]Ticker (/datum/controller/subsystem/ticker): setup()
[01:06:33]Ticker (/datum/controller/subsystem/ticker): fire(0)
[01:06:33]Ticker (/datum/controller/subsystem/ticker): ignite(0)
Game start took 24.9s
## WARNING: build_pipeline(): /obj/machinery/atmospherics/pipe/simple/general/visible added to a pipenet while still having one. (pipes leading to the same spot stacking in one turf) Nearby: (129, 147, 5)
runtime error: 
[01:08:39]nothing to animate
[01:08:39]proc name: shake camera (/proc/shake_camera)
[01:08:39]  source file: mob_helpers.dm,270
[01:08:39]  usr: (src)
[01:08:39]  src: null
[01:08:39]  call stack:
[01:08:39]shake camera(Meedish-Liurz (/mob/living/carbon/human), 0.75, 1)
[01:08:39]Meedish-Liurz (/mob/living/carbon/human): afterShuttleMove(space (18,18,13) (/turf/open/space/transit/west), /list (/list), 8, 8, 8, 0)
[01:08:39]Meedish-Liurz (/mob/living/carbon/human): afterShuttleMove(space (18,18,13) (/turf/open/space/transit/west), /list (/list), 8, 8, 8, 0)
[01:08:39]the arrivals shuttle (/obj/docking_port/mobile/arrivals): cleanup runway(the arrivals (/obj/docking_port/stationary), /list (/list), /list (/list), /list (/list), /list (/list), 0, 8, Space (/area/space), /turf/open/space/transit/west (/turf/open/space/transit/west), /turf/open/space (/turf/open/space))
[01:08:39]the arrivals shuttle (/obj/docking_port/mobile/arrivals): initiate docking(the arrivals (/obj/docking_port/stationary), 8, 0)
[01:08:39]the arrivals shuttle (/obj/docking_port/mobile/arrivals): initiate docking(the arrivals (/obj/docking_port/stationary), 8)
[01:08:39]the arrivals shuttle (/obj/docking_port/mobile/arrivals): check()
[01:08:39]the arrivals shuttle (/obj/docking_port/mobile/arrivals): check()
[01:08:39]Shuttle (/datum/controller/subsystem/shuttle): fire(0)
[01:08:39]Shuttle (/datum/controller/subsystem/shuttle): ignite(0)
runtime error: 
[01:09:29]nothing to animate
[01:09:29]proc name: shake camera (/proc/shake_camera)
[01:09:29]  source file: mob_helpers.dm,270
[01:09:29]  usr: (src)
[01:09:29]  src: null
[01:09:29]  call stack:
[01:09:29]shake camera(Malachi Mildred (/mob/living/carbon/human), 0.75, 1)
[01:09:29]Malachi Mildred (/mob/living/carbon/human): afterShuttleMove(space (25,20,13) (/turf/open/space/transit/west), /list (/list), 8, 8, 8, 0)
[01:09:29]Malachi Mildred (/mob/living/carbon/human): afterShuttleMove(space (25,20,13) (/turf/open/space/transit/west), /list (/list), 8, 8, 8, 0)
[01:09:29]the arrivals shuttle (/obj/docking_port/mobile/arrivals): cleanup runway(the arrivals (/obj/docking_port/stationary), /list (/list), /list (/list), /list (/list), /list (/list), 0, 8, Space (/area/space), /turf/open/space/transit/west (/turf/open/space/transit/west), /turf/open/space (/turf/open/space))
[01:09:29]the arrivals shuttle (/obj/docking_port/mobile/arrivals): initiate docking(the arrivals (/obj/docking_port/stationary), 8, 0)
[01:09:29]the arrivals shuttle (/obj/docking_port/mobile/arrivals): initiate docking(the arrivals (/obj/docking_port/stationary), 8)
[01:09:29]the arrivals shuttle (/obj/docking_port/mobile/arrivals): check()
[01:09:29]the arrivals shuttle (/obj/docking_port/mobile/arrivals): check()
[01:09:29]Shuttle (/datum/controller/subsystem/shuttle): fire(0)
[01:09:29]Shuttle (/datum/controller/subsystem/shuttle): ignite(0)
runtime error: 
[01:10:20]list index out of bounds
[01:10:20]proc name: fire (/datum/controller/subsystem/lighting/fire)
[01:10:20]  source file: lighting.dm,36
[01:10:20]  usr: null
[01:10:20]  src: Lighting (/datum/controller/subsystem/lighting)
[01:10:20]  call stack:
[01:10:20]Lighting (/datum/controller/subsystem/lighting): fire(0, null)
[01:10:20]Lighting (/datum/controller/subsystem/lighting): ignite(0)
[01:10:20]Master (/datum/controller/master): RunQueue()
[01:10:20]Master (/datum/controller/master): Loop()
[01:10:20]Master (/datum/controller/master): StartProcessing(0)
runtime error: 
[01:10:20]list index out of bounds
[01:10:20]proc name: fire (/datum/controller/subsystem/lighting/fire)
[01:10:20]  source file: lighting.dm,36
[01:10:20]  usr: null
[01:10:20]  src: Lighting (/datum/controller/subsystem/lighting)
[01:10:20]  call stack:
[01:10:20]Lighting (/datum/controller/subsystem/lighting): fire(0, null)
[01:10:20]Lighting (/datum/controller/subsystem/lighting): ignite(0)
[01:10:20]Master (/datum/controller/master): RunQueue()
[01:10:20]Master (/datum/controller/master): Loop()
[01:10:20]Master (/datum/controller/master): StartProcessing(0)
runtime error: 
[01:10:20]list index out of bounds
[01:10:20]proc name: fire (/datum/controller/subsystem/lighting/fire)
[01:10:20]  source file: lighting.dm,47
[01:10:20]  usr: null
[01:10:20]  src: Lighting (/datum/controller/subsystem/lighting)
[01:10:20]  call stack:
[01:10:20]Lighting (/datum/controller/subsystem/lighting): fire(0, null)
[01:10:20]Lighting (/datum/controller/subsystem/lighting): ignite(0)
[01:10:20]Master (/datum/controller/master): RunQueue()
[01:10:20]Master (/datum/controller/master): Loop()
[01:10:20]Master (/datum/controller/master): StartProcessing(0)
runtime error: 
[01:15:32]nothing to animate
[01:15:32]proc name: shake camera (/proc/shake_camera)
[01:15:32]  source file: mob_helpers.dm,270
[01:15:32]  usr: (src)
[01:15:32]  src: null
[01:15:32]  call stack:
[01:15:32]shake camera(Jeremy Stewart (/mob/living/carbon/human), 0.75, 1)
[01:15:32]Jeremy Stewart (/mob/living/carbon/human): afterShuttleMove(space (21,20,13) (/turf/open/space/transit/west), /list (/list), 8, 8, 8, 0)
[01:15:32]Jeremy Stewart (/mob/living/carbon/human): afterShuttleMove(space (21,20,13) (/turf/open/space/transit/west), /list (/list), 8, 8, 8, 0)
[01:15:32]the arrivals shuttle (/obj/docking_port/mobile/arrivals): cleanup runway(the arrivals (/obj/docking_port/stationary), /list (/list), /list (/list), /list (/list), /list (/list), 0, 8, Space (/area/space), /turf/open/space/transit/west (/turf/open/space/transit/west), /turf/open/space (/turf/open/space))
[01:15:32]the arrivals shuttle (/obj/docking_port/mobile/arrivals): initiate docking(the arrivals (/obj/docking_port/stationary), 8, 0)
[01:15:32]the arrivals shuttle (/obj/docking_port/mobile/arrivals): initiate docking(the arrivals (/obj/docking_port/stationary), 8)
[01:15:32]the arrivals shuttle (/obj/docking_port/mobile/arrivals): check()
[01:15:32]the arrivals shuttle (/obj/docking_port/mobile/arrivals): check()
[01:15:32]Shuttle (/datum/controller/subsystem/shuttle): fire(0)
[01:15:32]Shuttle (/datum/controller/subsystem/shuttle): ignite(0)
runtime error: 
[01:18:49]nothing to animate
[01:18:49]proc name: shake camera (/proc/shake_camera)
[01:18:49]  source file: mob_helpers.dm,270
[01:18:49]  usr: (src)
[01:18:49]  src: null
[01:18:49]  call stack:
[01:18:49]shake camera(Dmitri Stenovitch (/mob/living/carbon/human), 0.75, 1)
[01:18:49]Dmitri Stenovitch (/mob/living/carbon/human): afterShuttleMove(space (27,20,13) (/turf/open/space/transit/west), /list (/list), 8, 8, 8, 0)
[01:18:49]Dmitri Stenovitch (/mob/living/carbon/human): afterShuttleMove(space (27,20,13) (/turf/open/space/transit/west), /list (/list), 8, 8, 8, 0)
[01:18:49]the arrivals shuttle (/obj/docking_port/mobile/arrivals): cleanup runway(the arrivals (/obj/docking_port/stationary), /list (/list), /list (/list), /list (/list), /list (/list), 0, 8, Space (/area/space), /turf/open/space/transit/west (/turf/open/space/transit/west), /turf/open/space (/turf/open/space))
[01:18:49]the arrivals shuttle (/obj/docking_port/mobile/arrivals): initiate docking(the arrivals (/obj/docking_port/stationary), 8, 0)
[01:18:49]the arrivals shuttle (/obj/docking_port/mobile/arrivals): initiate docking(the arrivals (/obj/docking_port/stationary), 8)
[01:18:49]the arrivals shuttle (/obj/docking_port/mobile/arrivals): check()
[01:18:49]the arrivals shuttle (/obj/docking_port/mobile/arrivals): check()
[01:18:49]Shuttle (/datum/controller/subsystem/shuttle): fire(0)
[01:18:49]Shuttle (/datum/controller/subsystem/shuttle): ignite(0)
runtime error: 
[01:19:24]nothing to animate
[01:19:24]proc name: shake camera (/proc/shake_camera)
[01:19:24]  source file: mob_helpers.dm,270
[01:19:24]  usr: (src)
[01:19:24]  src: null
[01:19:24]  call stack:
[01:19:24]shake camera(Krane Trillerson (/mob/living/carbon/human), 0.75, 1)
[01:19:24]Krane Trillerson (/mob/living/carbon/human): afterShuttleMove(space (25,20,13) (/turf/open/space/transit/west), /list (/list), 8, 8, 8, 0)
[01:19:24]Krane Trillerson (/mob/living/carbon/human): afterShuttleMove(space (25,20,13) (/turf/open/space/transit/west), /list (/list), 8, 8, 8, 0)
[01:19:24]the arrivals shuttle (/obj/docking_port/mobile/arrivals): cleanup runway(the arrivals (/obj/docking_port/stationary), /list (/list), /list (/list), /list (/list), /list (/list), 0, 8, Space (/area/space), /turf/open/space/transit/west (/turf/open/space/transit/west), /turf/open/space (/turf/open/space))
[01:19:24]the arrivals shuttle (/obj/docking_port/mobile/arrivals): initiate docking(the arrivals (/obj/docking_port/stationary), 8, 0)
[01:19:24]the arrivals shuttle (/obj/docking_port/mobile/arrivals): initiate docking(the arrivals (/obj/docking_port/stationary), 8)
[01:19:24]the arrivals shuttle (/obj/docking_port/mobile/arrivals): check()
[01:19:24]the arrivals shuttle (/obj/docking_port/mobile/arrivals): check()
[01:19:24]Shuttle (/datum/controller/subsystem/shuttle): fire(0)
[01:19:24]Shuttle (/datum/controller/subsystem/shuttle): ignite(0)
runtime error: 
[01:19:57]nothing to animate
[01:19:57]proc name: shake camera (/proc/shake_camera)
[01:19:57]  source file: mob_helpers.dm,270
[01:19:57]  usr: (src)
[01:19:57]  src: null
[01:19:57]  call stack:
[01:19:57]shake camera(Meedish-Liurz (/mob/living/carbon/human), 0.75, 1)
[01:19:57]Meedish-Liurz (/mob/living/carbon/human): afterShuttleMove(space (50,20,13) (/turf/open/space/transit/north), /list (/list), 8, 1, 1, 0)
[01:19:57]Meedish-Liurz (/mob/living/carbon/human): afterShuttleMove(space (50,20,13) (/turf/open/space/transit/north), /list (/list), 8, 1, 1, 0)
[01:19:57]the mining shuttle (/obj/docking_port/mobile): cleanup runway(the lavaland mine (/obj/docking_port/stationary), /list (/list), /list (/list), /list (/list), /list (/list), 0, 1, Space (/area/space), /turf/open/space/transit/north (/turf/open/space/transit/north), /turf/open/space (/turf/open/space))
[01:19:57]the mining shuttle (/obj/docking_port/mobile): initiate docking(the lavaland mine (/obj/docking_port/stationary), 1, 0)
[01:19:57]the mining shuttle (/obj/docking_port/mobile): check()
[01:19:57]Shuttle (/datum/controller/subsystem/shuttle): fire(0)
[01:19:57]Shuttle (/datum/controller/subsystem/shuttle): ignite(0)
[2018-04-05 01:19:47] Client: NORKE triggered JS error: Error: O URI a ser decodificado não é uma codificação válida | url: http://127.0.0.1:49694/browserOutput.js | line: 116 | column: 2 | error: URIError: O URI a ser decodificado não é uma codificação válida | user agent: Mozilla/4.0 (compatible; MSIE 7.0; Windows NT 6.1; WOW64; Trident/7.0; SLCC2; .NET CLR 2.0.50727; .NET CLR 3.5.30729; .NET CLR 3.0.30729; Media Center PC 6.0; .NET4.0E; .NET4.0C)
[2018-04-05 01:19:47] Client: Nigee triggered JS error: Error: The URI to be decoded is not a valid encoding | url: http://127.0.0.1:53905/browserOutput.js | line: 116 | column: 2 | error: URIError: The URI to be decoded is not a valid encoding | user agent: Mozilla/4.0 (compatible; MSIE 7.0; Windows NT 6.2; WOW64; Trident/7.0; .NET4.0C; .NET4.0E; .NET CLR 2.0.50727; .NET CLR 3.0.30729; .NET CLR 3.5.30729; AskTB5.6)
[2018-04-05 01:28:19] Client: DarkVaderV2 triggered JS error: Error: The URI to be decoded is not a valid encoding | url: http://127.0.0.1:54139/tmp5688/browserOutput.js | line: 116 | column: 2 | error: URIError: The URI to be decoded is not a valid encoding | user agent: Mozilla/4.0 (compatible; MSIE 7.0; Windows NT 6.2; WOW64; Trident/7.0; .NET4.0C; .NET4.0E; .NET CLR 2.0.50727; .NET CLR 3.0.30729; .NET CLR 3.5.30729)
runtime error: 
[01:28:35]Cannot read null.client
[01:28:35]proc name: open (/datum/tgui/proc/open)
[01:28:35]  source file: tgui.dm,87
[01:28:35]  usr: Dmitri Stenovitch (/mob/living/carbon/human)
[01:28:35]  src: /datum/tgui (/datum/tgui)
[01:28:35]  usr.loc: the floor (103,116,2) (/turf/open/floor/plasteel)
[01:28:35]  call stack:
[01:28:35]/datum/tgui (/datum/tgui): open()
[01:28:35]the tablet computer (/obj/item/device/modular_computer/tablet/preset/advanced): ui interact(null, "main", /datum/tgui (/datum/tgui), 0, null, /datum/ui_state/default (/datum/ui_state/default))
[01:28:35]the tablet computer (/obj/item/device/modular_computer/tablet/preset/advanced): attack self(Dmitri Stenovitch (/mob/living/carbon/human))
[01:28:35]Dmitri Stenovitch (/mob/living/carbon/human): ClickOn(the tablet computer (/obj/item/device/modular_computer/tablet/preset/advanced), "icon-x=15;icon-y=15;left=1;scr...")
[01:28:35]the tablet computer (/obj/item/device/modular_computer/tablet/preset/advanced): Click(null, "mapwindow.map", "icon-x=15;icon-y=15;left=1;scr...")
runtime error: 
[01:29:31]nothing to animate
[01:29:31]proc name: shake camera (/proc/shake_camera)
[01:29:31]  source file: mob_helpers.dm,270
[01:29:31]  usr: (src)
[01:29:31]  src: null
[01:29:31]  call stack:
[01:29:31]shake camera(Dougie Cusack (/mob/living/carbon/human), 0.75, 1)
[01:29:31]Dougie Cusack (/mob/living/carbon/human): afterShuttleMove(space (18,18,13) (/turf/open/space/transit/west), /list (/list), 8, 8, 8, 0)
[01:29:31]Dougie Cusack (/mob/living/carbon/human): afterShuttleMove(space (18,18,13) (/turf/open/space/transit/west), /list (/list), 8, 8, 8, 0)
[01:29:31]the arrivals shuttle (/obj/docking_port/mobile/arrivals): cleanup runway(the arrivals (/obj/docking_port/stationary), /list (/list), /list (/list), /list (/list), /list (/list), 0, 8, Space (/area/space), /turf/open/space/transit/west (/turf/open/space/transit/west), /turf/open/space (/turf/open/space))
[01:29:31]the arrivals shuttle (/obj/docking_port/mobile/arrivals): initiate docking(the arrivals (/obj/docking_port/stationary), 8, 0)
[01:29:31]the arrivals shuttle (/obj/docking_port/mobile/arrivals): initiate docking(the arrivals (/obj/docking_port/stationary), 8)
[01:29:31]the arrivals shuttle (/obj/docking_port/mobile/arrivals): check()
[01:29:31]the arrivals shuttle (/obj/docking_port/mobile/arrivals): check()
[01:29:31]Shuttle (/datum/controller/subsystem/shuttle): fire(0)
[01:29:31]Shuttle (/datum/controller/subsystem/shuttle): ignite(0)
runtime error: 
[01:32:08]nothing to animate
[01:32:08]proc name: shake camera (/proc/shake_camera)
[01:32:08]  source file: mob_helpers.dm,270
[01:32:08]  usr: (src)
[01:32:08]  src: null
[01:32:08]  call stack:
[01:32:08]shake camera(Dougie Cusack (/mob/living/carbon/human), 0.75, 1)
[01:32:08]Dougie Cusack (/mob/living/carbon/human): afterShuttleMove(space (18,18,13) (/turf/open/space/transit/west), /list (/list), 8, 8, 8, 0)
[01:32:08]Dougie Cusack (/mob/living/carbon/human): afterShuttleMove(space (18,18,13) (/turf/open/space/transit/west), /list (/list), 8, 8, 8, 0)
[01:32:08]the arrivals shuttle (/obj/docking_port/mobile/arrivals): cleanup runway(the arrivals (/obj/docking_port/stationary), /list (/list), /list (/list), /list (/list), /list (/list), 0, 8, Space (/area/space), /turf/open/space/transit/west (/turf/open/space/transit/west), /turf/open/space (/turf/open/space))
[01:32:08]the arrivals shuttle (/obj/docking_port/mobile/arrivals): initiate docking(the arrivals (/obj/docking_port/stationary), 8, 0)
[01:32:08]the arrivals shuttle (/obj/docking_port/mobile/arrivals): initiate docking(the arrivals (/obj/docking_port/stationary), 8)
[01:32:08]the arrivals shuttle (/obj/docking_port/mobile/arrivals): check()
[01:32:08]the arrivals shuttle (/obj/docking_port/mobile/arrivals): check()
[01:32:08]Shuttle (/datum/controller/subsystem/shuttle): fire(0)
[01:32:08]Shuttle (/datum/controller/subsystem/shuttle): ignite(0)
runtime error: 
[01:34:41]addtimer called with a callback assigned to a qdeleted object
[01:34:41]proc name: stack trace (/proc/stack_trace)
[01:34:41]  source file: unsorted.dm,1254
[01:34:41]  usr: 0
[01:34:41]  src: null
[01:34:41]  call stack:
[01:34:41]stack trace("addtimer called with a callbac...")
[01:34:41]addtimer(/datum/callback (/datum/callback), 20, 0)
[01:34:41]/datum/effect_system/spark_spr... (/datum/effect_system/spark_spread): generate effect()
[01:34:41]world: ImmediateInvokeAsync(/datum/effect_system/spark_spr... (/datum/effect_system/spark_spread), /datum/effect_system/proc/gene... (/datum/effect_system/proc/generate_effect))
runtime error: 
[01:34:41]addtimer called with a callback assigned to a qdeleted object
[01:34:41]proc name: stack trace (/proc/stack_trace)
[01:34:41]  source file: unsorted.dm,1254
[01:34:41]  usr: 0
[01:34:41]  src: null
[01:34:41]  call stack:
[01:34:41]stack trace("addtimer called with a callbac...")
[01:34:41]addtimer(/datum/callback (/datum/callback), 20, 0)
[01:34:41]/datum/effect_system/spark_spr... (/datum/effect_system/spark_spread): generate effect()
[01:34:41]world: ImmediateInvokeAsync(/datum/effect_system/spark_spr... (/datum/effect_system/spark_spread), /datum/effect_system/proc/gene... (/datum/effect_system/proc/generate_effect))
runtime error: 
[01:35:07]addtimer called with a callback assigned to a qdeleted object
[01:35:07]proc name: stack trace (/proc/stack_trace)
[01:35:07]  source file: unsorted.dm,1254
[01:35:07]  usr: 0
[01:35:07]  src: null
[01:35:07]  call stack:
[01:35:07]stack trace("addtimer called with a callbac...")
[01:35:07]addtimer(/datum/callback (/datum/callback), 20, 0)
[01:35:07]/datum/effect_system/spark_spr... (/datum/effect_system/spark_spread): generate effect()
[01:35:07]world: ImmediateInvokeAsync(/datum/effect_system/spark_spr... (/datum/effect_system/spark_spread), /datum/effect_system/proc/gene... (/datum/effect_system/proc/generate_effect))
runtime error: 
[01:35:07]addtimer called with a callback assigned to a qdeleted object
[01:35:07]proc name: stack trace (/proc/stack_trace)
[01:35:07]  source file: unsorted.dm,1254
runtime error: 
[01:39:53]nothing to animate
[01:39:53]proc name: shake camera (/proc/shake_camera)
[01:39:53]  source file: mob_helpers.dm,270
runtime error: 
[01:41:00]Cannot read null.client
[01:41:00]proc name: remove from client (/datum/action/vote/proc/remove_from_client)
[01:41:00]  source file: vote.dm,321
runtime error: 
[01:41:00]Cannot read null.client
[01:41:00]proc name: remove from client (/datum/action/vote/proc/remove_from_client)
[01:41:00]  source file: vote.dm,321
runtime error: 
[01:41:00]Cannot read null.client
[01:41:00]proc name: remove from client (/datum/action/vote/proc/remove_from_client)
[01:41:00]  source file: vote.dm,321
runtime error: 
[01:41:54]Cannot read null.loc
[01:41:54]proc name: update parallax (/datum/hud/proc/update_parallax)
[01:41:54]  source file: parallax.dm,170
Saved 1 engraved messages on map Box Station
runtime error: 
[01:47:17]Cannot read null.loc
[01:47:17]proc name: update parallax (/datum/hud/proc/update_parallax)
[01:47:17]  source file: parallax.dm,170
Shutting down Persistence subsystem...
Shutting down pathfinder subsystem...
Shutting down Squeak subsystem...
Shutting down Shuttle subsystem...
Shutting down Lighting subsystem...
Shutting down XKeyScore subsystem...
Shutting down Sticky Ban subsystem...
Shutting down Overlay subsystem...
Shutting down Icon Smoothing subsystem...
Shutting down Assets subsystem...
Shutting down Minimap subsystem...
Shutting down Atmospherics subsystem...
Shutting down Wet floors subsystem...
Shutting down Weather subsystem...
Shutting down Vote subsystem...
Shutting down Traumas subsystem...
Shutting down Title Screen subsystem...
Shutting down Time Tracking subsystem...
Shutting down Throwing subsystem...
Shutting down tgui subsystem...
Shutting down Sun subsystem...
Shutting down Space Drift subsystem...
Shutting down Religion subsystem...
Shutting down Radio subsystem...
Shutting down Radiation subsystem...
Shutting down Projectiles subsystem...
Shutting down Processing subsystem...
Shutting down Parallax subsystem...
Shutting down pAI subsystem...
Shutting down Orbits subsystem...
Shutting down Objects subsystem...
Shutting down NPC Pool subsystem...
Shutting down Night Shift subsystem...
Shutting down Mood subsystem...
Shutting down Mobs subsystem...
Shutting down Medals subsystem...
Shutting down Inbounds subsystem...
Shutting down Idling NPC Pool subsystem...
Shutting down Flightpack Movement subsystem...
Shutting down Fire Burning subsystem...
Shutting down Fields subsystem...
Shutting down Fast Processing subsystem...
Shutting down Disease subsystem...
Shutting down Communications subsystem...
Shutting down Augury subsystem...
Shutting down Acid subsystem...
Shutting down Timer subsystem...
Shutting down Circuit subsystem...
Shutting down Machines subsystem...
Shutting down Language subsystem...
Shutting down Atoms subsystem...
Shutting down Networks subsystem...
Shutting down Mapping subsystem...
Shutting down Ticker subsystem...
Shutting down Traits subsystem...
Shutting down Jobs subsystem...
Shutting down Events subsystem...
Shutting down Research subsystem...
Shutting down Input subsystem...
Shutting down Server Tasks subsystem...
Shutting down Blackbox subsystem...
Shutting down Database subsystem...
Shutting down Garbage subsystem...
Shutdown complete
World rebooted at 01:47:47
