[2018-07-21 05:57:56.112] runtime error: bad index
[2018-07-21 05:57:56.112] proc name: Get (/datum/controller/configuration/proc/Get)
[2018-07-21 05:57:56.112]   source file: configuration.dm,178
[2018-07-21 05:57:56.112]   usr: null
[2018-07-21 05:57:56.112]   src: Configuration (/datum/controller/configuration)
[2018-07-21 05:57:56.112]   call stack:
[2018-07-21 05:57:56.112] Configuration (/datum/controller/configuration): Get(/datum/config_entry/flag/log_w... (/datum/config_entry/flag/log_world_topic))
[2018-07-21 05:57:56.112] world: Topic("status", "212.237.9.101", null, null)
[2018-07-21 05:57:56.112] 
[2018-07-21 05:57:56.113] runtime error: bad index
[2018-07-21 05:57:56.113] proc name: Get (/datum/controller/configuration/proc/Get)
[2018-07-21 05:57:56.113]   source file: configuration.dm,178
[2018-07-21 05:57:56.113]   usr: null
[2018-07-21 05:57:56.113]   src: Configuration (/datum/controller/configuration)
[2018-07-21 05:57:56.113]   call stack:
[2018-07-21 05:57:56.113] Configuration (/datum/controller/configuration): Get(/datum/config_entry/string/com... (/datum/config_entry/string/comms_key))
[2018-07-21 05:57:56.113] /datum/world_topic/status (/datum/world_topic/status): TryRun(/list (/list))
[2018-07-21 05:57:56.113] world: Topic("status", "212.237.9.101", null, null)
[2018-07-21 05:57:56.113] 
[2018-07-21 05:57:56.113] runtime error: bad index
[2018-07-21 05:57:56.113] proc name: Get (/datum/controller/configuration/proc/Get)
[2018-07-21 05:57:56.113]   source file: configuration.dm,178
[2018-07-21 05:57:56.113]   usr: null
[2018-07-21 05:57:56.113]   src: Configuration (/datum/controller/configuration)
[2018-07-21 05:57:56.113]   call stack:
[2018-07-21 05:57:56.113] Configuration (/datum/controller/configuration): Get(/datum/config_entry/flag/nores... (/datum/config_entry/flag/norespawn))
[2018-07-21 05:57:56.113] /datum/world_topic/status (/datum/world_topic/status): Run(/list (/list))
[2018-07-21 05:57:56.113] /datum/world_topic/status (/datum/world_topic/status): TryRun(/list (/list))
[2018-07-21 05:57:56.113] world: Topic("status", "212.237.9.101", null, null)
[2018-07-21 05:57:56.113] 
[2018-07-21 05:57:56.114] runtime error: bad index
[2018-07-21 05:57:56.114] proc name: Get (/datum/controller/configuration/proc/Get)
[2018-07-21 05:57:56.114]   source file: configuration.dm,178
[2018-07-21 05:57:56.114]   usr: null
[2018-07-21 05:57:56.114]   src: Configuration (/datum/controller/configuration)
[2018-07-21 05:57:56.114]   call stack:
[2018-07-21 05:57:56.114] Configuration (/datum/controller/configuration): Get(/datum/config_entry/flag/allow... (/datum/config_entry/flag/allow_vote_mode))
[2018-07-21 05:57:56.114] /datum/world_topic/status (/datum/world_topic/status): Run(/list (/list))
[2018-07-21 05:57:56.114] /datum/world_topic/status (/datum/world_topic/status): TryRun(/list (/list))
[2018-07-21 05:57:56.114] world: Topic("status", "212.237.9.101", null, null)
[2018-07-21 05:57:56.114] 
[2018-07-21 05:57:56.114] runtime error: bad index
[2018-07-21 05:57:56.114] proc name: Get (/datum/controller/configuration/proc/Get)
[2018-07-21 05:57:56.114]   source file: configuration.dm,178
[2018-07-21 05:57:56.114]   usr: null
[2018-07-21 05:57:56.114]   src: Configuration (/datum/controller/configuration)
[2018-07-21 05:57:56.114]   call stack:
[2018-07-21 05:57:56.114] Configuration (/datum/controller/configuration): Get(/datum/config_entry/flag/allow... (/datum/config_entry/flag/allow_ai))
[2018-07-21 05:57:56.114] /datum/world_topic/status (/datum/world_topic/status): Run(/list (/list))
[2018-07-21 05:57:56.114] /datum/world_topic/status (/datum/world_topic/status): TryRun(/list (/list))
[2018-07-21 05:57:56.114] world: Topic("status", "212.237.9.101", null, null)
[2018-07-21 05:57:56.114] 
[2018-07-21 05:57:56.115] runtime error: Cannot read null.commit
[2018-07-21 05:57:56.115] proc name: Run (/datum/world_topic/status/Run)
[2018-07-21 05:57:56.115]   source file: world_topic.dm,151
[2018-07-21 05:57:56.115]   usr: null
[2018-07-21 05:57:56.115]   src: /datum/world_topic/status (/datum/world_topic/status)
[2018-07-21 05:57:56.115]   call stack:
[2018-07-21 05:57:56.115] /datum/world_topic/status (/datum/world_topic/status): Run(/list (/list))
[2018-07-21 05:57:56.115] /datum/world_topic/status (/datum/world_topic/status): TryRun(/list (/list))
[2018-07-21 05:57:56.115] world: Topic("status", "212.237.9.101", null, null)
[2018-07-21 05:57:56.115] 
[2018-07-21 05:57:56.116] runtime error: bad index
[2018-07-21 05:57:56.116] proc name: Get (/datum/controller/configuration/proc/Get)
[2018-07-21 05:57:56.116]   source file: configuration.dm,178
[2018-07-21 05:57:56.116]   usr: null
[2018-07-21 05:57:56.116]   src: Configuration (/datum/controller/configuration)
[2018-07-21 05:57:56.116]   call stack:
[2018-07-21 05:57:56.116] Configuration (/datum/controller/configuration): Get(/datum/config_entry/flag/log_w... (/datum/config_entry/flag/log_world_topic))
[2018-07-21 05:57:56.116] world: Topic("status", "212.237.9.101", null, null)
[2018-07-21 05:57:56.116] 
[2018-07-21 05:57:56.116] runtime error: bad index
[2018-07-21 05:57:56.116] proc name: Get (/datum/controller/configuration/proc/Get)
[2018-07-21 05:57:56.116]   source file: configuration.dm,178
[2018-07-21 05:57:56.116]   usr: null
[2018-07-21 05:57:56.116]   src: Configuration (/datum/controller/configuration)
[2018-07-21 05:57:56.116]   call stack:
[2018-07-21 05:57:56.116] Configuration (/datum/controller/configuration): Get(/datum/config_entry/string/com... (/datum/config_entry/string/comms_key))
[2018-07-21 05:57:56.116] /datum/world_topic/status (/datum/world_topic/status): TryRun(/list (/list))
[2018-07-21 05:57:56.116] world: Topic("status", "212.237.9.101", null, null)
[2018-07-21 05:57:56.116] 
[2018-07-21 05:57:56.116] runtime error: bad index
[2018-07-21 05:57:56.116] proc name: Get (/datum/controller/configuration/proc/Get)
[2018-07-21 05:57:56.116]   source file: configuration.dm,178
[2018-07-21 05:57:56.116]   usr: null
[2018-07-21 05:57:56.116]   src: Configuration (/datum/controller/configuration)
[2018-07-21 05:57:56.117]   call stack:
[2018-07-21 05:57:56.117] Configuration (/datum/controller/configuration): Get(/datum/config_entry/flag/nores... (/datum/config_entry/flag/norespawn))
[2018-07-21 05:57:56.117] /datum/world_topic/status (/datum/world_topic/status): Run(/list (/list))
[2018-07-21 05:57:56.117] /datum/world_topic/status (/datum/world_topic/status): TryRun(/list (/list))
[2018-07-21 05:57:56.117] world: Topic("status", "212.237.9.101", null, null)
[2018-07-21 05:57:56.117] 
[2018-07-21 05:57:56.117] runtime error: bad index
[2018-07-21 05:57:56.117] proc name: Get (/datum/controller/configuration/proc/Get)
[2018-07-21 05:57:56.117]   source file: configuration.dm,178
[2018-07-21 05:57:56.117]   usr: null
[2018-07-21 05:57:56.117]   src: Configuration (/datum/controller/configuration)
[2018-07-21 05:57:56.117]   call stack:
[2018-07-21 05:57:56.117] Configuration (/datum/controller/configuration): Get(/datum/config_entry/flag/allow... (/datum/config_entry/flag/allow_vote_mode))
[2018-07-21 05:57:56.117] /datum/world_topic/status (/datum/world_topic/status): Run(/list (/list))
[2018-07-21 05:57:56.117] /datum/world_topic/status (/datum/world_topic/status): TryRun(/list (/list))
[2018-07-21 05:57:56.117] world: Topic("status", "212.237.9.101", null, null)
[2018-07-21 05:57:56.117] 
[2018-07-21 05:57:56.117] runtime error: bad index
[2018-07-21 05:57:56.117] proc name: Get (/datum/controller/configuration/proc/Get)
[2018-07-21 05:57:56.117]   source file: configuration.dm,178
[2018-07-21 05:57:56.117] 
[2018-07-21 05:57:56.117] runtime error: Cannot read null.commit
[2018-07-21 05:57:56.117] proc name: Run (/datum/world_topic/status/Run)
[2018-07-21 05:57:56.117]   source file: world_topic.dm,151
[2018-07-21 05:57:56.117] 
[2018-07-21 05:57:56.118] runtime error: bad index
[2018-07-21 05:57:56.118] proc name: Get (/datum/controller/configuration/proc/Get)
[2018-07-21 05:57:56.118]   source file: configuration.dm,178
[2018-07-21 05:57:56.118] 
[2018-07-21 05:57:56.118] runtime error: bad index
[2018-07-21 05:57:56.118] proc name: Get (/datum/controller/configuration/proc/Get)
[2018-07-21 05:57:56.118]   source file: configuration.dm,178
[2018-07-21 05:57:56.118] 
[2018-07-21 05:57:56.118] runtime error: bad index
[2018-07-21 05:57:56.118] proc name: Get (/datum/controller/configuration/proc/Get)
[2018-07-21 05:57:56.118]   source file: configuration.dm,178
[2018-07-21 05:57:56.118] 
[2018-07-21 05:57:56.118] runtime error: bad index
[2018-07-21 05:57:56.118] proc name: Get (/datum/controller/configuration/proc/Get)
[2018-07-21 05:57:56.118]   source file: configuration.dm,178
[2018-07-21 05:57:56.118] 
[2018-07-21 05:57:56.119] runtime error: bad index
[2018-07-21 05:57:56.119] proc name: Get (/datum/controller/configuration/proc/Get)
[2018-07-21 05:57:56.119]   source file: configuration.dm,178
[2018-07-21 05:57:56.119] 
[2018-07-21 05:57:56.119] runtime error: Cannot read null.commit
[2018-07-21 05:57:56.119] proc name: Run (/datum/world_topic/status/Run)
[2018-07-21 05:57:56.119]   source file: world_topic.dm,151
[2018-07-21 05:57:56.119] 
[2018-07-21 05:57:56.119] runtime error: bad index
[2018-07-21 05:57:56.119] proc name: Get (/datum/controller/configuration/proc/Get)
[2018-07-21 05:57:56.119]   source file: configuration.dm,178
[2018-07-21 05:57:56.119] 
[2018-07-21 05:57:56.119] runtime error: bad index
[2018-07-21 05:57:56.119] proc name: Get (/datum/controller/configuration/proc/Get)
[2018-07-21 05:57:56.119]   source file: configuration.dm,178
[2018-07-21 05:57:56.119] 
[2018-07-21 05:57:56.120] runtime error: bad index
[2018-07-21 05:57:56.120] proc name: Get (/datum/controller/configuration/proc/Get)
[2018-07-21 05:57:56.120]   source file: configuration.dm,178
[2018-07-21 05:57:56.120] 
[2018-07-21 05:57:56.120] runtime error: bad index
[2018-07-21 05:57:56.120] proc name: Get (/datum/controller/configuration/proc/Get)
[2018-07-21 05:57:56.120]   source file: configuration.dm,178
[2018-07-21 05:57:56.120] 
[2018-07-21 05:57:56.120] runtime error: bad index
[2018-07-21 05:57:56.120] proc name: Get (/datum/controller/configuration/proc/Get)
[2018-07-21 05:57:56.120]   source file: configuration.dm,178
[2018-07-21 05:57:56.120] 
[2018-07-21 05:57:56.120] runtime error: Cannot read null.commit
[2018-07-21 05:57:56.120] proc name: Run (/datum/world_topic/status/Run)
[2018-07-21 05:57:56.120]   source file: world_topic.dm,151
[2018-07-21 05:57:56.120] 
[2018-07-21 05:57:56.121] runtime error: bad index
[2018-07-21 05:57:56.121] proc name: Get (/datum/controller/configuration/proc/Get)
[2018-07-21 05:57:56.121]   source file: configuration.dm,178
[2018-07-21 05:57:56.121] 
[2018-07-21 05:57:56.121] runtime error: bad index
[2018-07-21 05:57:56.121] proc name: Get (/datum/controller/configuration/proc/Get)
[2018-07-21 05:57:56.121]   source file: configuration.dm,178
[2018-07-21 05:57:56.121] 
[2018-07-21 05:57:56.121] runtime error: bad index
[2018-07-21 05:57:56.121] proc name: Get (/datum/controller/configuration/proc/Get)
[2018-07-21 05:57:56.121]   source file: configuration.dm,178
[2018-07-21 05:57:56.121] 
[2018-07-21 05:57:56.121] runtime error: bad index
[2018-07-21 05:57:56.121] proc name: Get (/datum/controller/configuration/proc/Get)
[2018-07-21 05:57:56.121]   source file: configuration.dm,178
[2018-07-21 05:57:56.121] 
[2018-07-21 05:57:56.121] runtime error: bad index
[2018-07-21 05:57:56.121] proc name: Get (/datum/controller/configuration/proc/Get)
[2018-07-21 05:57:56.121]   source file: configuration.dm,178
[2018-07-21 05:57:56.121] 
[2018-07-21 05:57:56.122] runtime error: Cannot read null.commit
[2018-07-21 05:57:56.122] proc name: Run (/datum/world_topic/status/Run)
[2018-07-21 05:57:56.122]   source file: world_topic.dm,151
[2018-07-21 05:57:56.122] 
[2018-07-21 05:57:56.122] runtime error: bad index
[2018-07-21 05:57:56.122] proc name: Get (/datum/controller/configuration/proc/Get)
[2018-07-21 05:57:56.122]   source file: configuration.dm,178
[2018-07-21 05:57:56.122] 
[2018-07-21 05:57:56.122] runtime error: bad index
[2018-07-21 05:57:56.122] proc name: Get (/datum/controller/configuration/proc/Get)
[2018-07-21 05:57:56.122]   source file: configuration.dm,178
[2018-07-21 05:57:56.122] 
[2018-07-21 05:57:56.122] runtime error: bad index
[2018-07-21 05:57:56.122] proc name: Get (/datum/controller/configuration/proc/Get)
[2018-07-21 05:57:56.122]   source file: configuration.dm,178
[2018-07-21 05:57:56.122] 
[2018-07-21 05:57:56.122] runtime error: bad index
[2018-07-21 05:57:56.122] proc name: Get (/datum/controller/configuration/proc/Get)
[2018-07-21 05:57:56.122]   source file: configuration.dm,178
[2018-07-21 05:57:56.122] 
[2018-07-21 05:57:56.123] runtime error: bad index
[2018-07-21 05:57:56.123] proc name: Get (/datum/controller/configuration/proc/Get)
[2018-07-21 05:57:56.123]   source file: configuration.dm,178
[2018-07-21 05:57:56.123] 
[2018-07-21 05:57:56.123] runtime error: Cannot read null.commit
[2018-07-21 05:57:56.123] proc name: Run (/datum/world_topic/status/Run)
[2018-07-21 05:57:56.123]   source file: world_topic.dm,151
[2018-07-21 05:57:56.123] 
[2018-07-21 05:57:56.209] Running /tg/ revision:
[2018-07-21 05:57:56.210] 9c9893b11024068d056f99a424072532aff01f75: 2018-07-20
[2018-07-21 05:57:56.210] runtime error: list index out of bounds
[2018-07-21 05:57:56.210] proc name: New (/datum/getrev/New)
[2018-07-21 05:57:56.210]   source file: getrev.dm,23
[2018-07-21 05:57:56.210] 
[2018-07-21 05:57:56.219] Loading config file config.txt...
[2018-07-21 05:57:56.220] Loading config file game_options.txt...
[2018-07-21 05:57:56.222] Unknown setting in configuration: 'w##'
[2018-07-21 05:57:56.224] Failed to validate setting "DOUBLE_AGENTS 20" for min_pop
[2018-07-21 05:57:56.224] Failed to validate setting "DOUBLE_AGENTS -1" for max_pop
[2018-07-21 05:57:56.229] Loading config file dbconfig.txt...
[2018-07-21 05:57:56.229] Loading config file comms.txt...
[2018-07-21 05:57:56.233] Loading config file maps.txt...
[2018-07-21 05:57:56.396] Database connection established.
[2018-07-21 05:57:56.431] SQL: Could not get schema version from database
