[2018-07-04 06:50:05.807] Starting up round ID 1419.
[2018-07-04 06:50:05.807] -------------------------
[2018-07-04 06:53:01.162] HREF: CthulhuOnIce (usr:CthulhuOnIce[(8,174,1)]) : _src_=chat&proc=doneLoading
[2018-07-04 06:53:01.311] HREF: CthulhuOnIce (usr:CthulhuOnIce[(8,174,1)]) : _src_=chat&proc=analyzeClientData&param[cookie]=none
[2018-07-04 07:09:35.817] HREF: CthulhuOnIce (usr:CthulhuOnIce[(8,174,1)]) : _src_=chat&proc=doneLoading
[2018-07-04 07:09:35.959] HREF: CthulhuOnIce (usr:CthulhuOnIce[(8,174,1)]) : _src_=chat&proc=analyzeClientData&param[cookie]=none
[2018-07-04 07:10:19.045] HREF: CthulhuOnIce (usr:CthulhuOnIce[(8,174,1)]) : cthulhuonice's admin datum (Headmin) src=%5B0x21000afb%5D&admin_token=910526615836010510704854606942911005&dbsearchckey=mathmeister&dbsearchadmin=&dbsearchip=&dbsearchcid=
[2018-07-04 07:10:27.616] HREF: CthulhuOnIce (usr:CthulhuOnIce[(8,174,1)]) : cthulhuonice's admin datum (Headmin) src=[0x21000afb];admin_token=910526615836010510704854606942911005;dbbanedit=unban;dbbanid=348
[2018-07-04 07:11:19.047] HREF: CthulhuOnIce (usr:CthulhuOnIce[(8,174,1)]) : cthulhuonice's admin datum (Headmin) src=[0x21000afb];admin_token=910526615836010510704854606942911005;dbbanedit=unban;dbbanid=348
[2018-07-04 10:00:28.479] HREF: Harukaze (usr:Harukaze[(8,174,1)]) : Harukaze src=[mob_262];show_preferences=1
[2018-07-04 10:00:33.207] HREF: Harukaze (usr:Harukaze[(8,174,1)]) : Harukaze src=[mob_262];show_preferences=1
[2018-07-04 10:00:35.311] HREF: Harukaze (usr:Harukaze[(8,174,1)]) : _src_=chat&proc=doneLoading
[2018-07-04 10:00:37.166] HREF: Harukaze (usr:Harukaze[(8,174,1)]) : Harukaze src=[mob_262];ready=1
[2018-07-04 10:00:39.325] HREF: Harukaze (usr:Harukaze[(8,174,1)]) : _src_=chat&proc=analyzeClientData&param[cookie]=none
[2018-07-04 10:01:03.335] HREF: Harukaze (usr:Dayton Holdeman[(178,145,2)]) : src=[mob_262];ready=1
[2018-07-04 10:01:03.336] HREF: Harukaze (usr:Dayton Holdeman[(178,145,2)]) : src=[mob_262];show_preferences=1
[2018-07-04 10:39:17.970] HREF: Shammakh2 (usr:Shammakh2[(8,174,1)]) : _src_=chat&proc=setMusicVolume&param[volume]=65
[2018-07-04 10:39:17.978] HREF: Shammakh2 (usr:Shammakh2[(8,174,1)]) : _src_=chat&proc=doneLoading
[2018-07-04 10:39:18.202] HREF: Shammakh2 (usr:Shammakh2[(8,174,1)]) : _src_=chat&proc=analyzeClientData&param[cookie]={"connData":[{"ckey":"shammakh2","ip":"129.208.101.233","compid":"467800869"},{"ckey":"shammakh2","ip":"129.208.73.120","compid":"467800869"}]}
[2018-07-04 10:39:18.267] HREF: Shammakh2 (usr:Shammakh2[(8,174,1)]) : _src_=chat&proc=setMusicVolume&param[volume]=65
[2018-07-04 10:39:51.970] HREF: Shammakh2 (usr:Shammakh2[(8,174,1)]) : Shammakh2 src=[mob_291];manifest=1
[2018-07-04 10:39:56.818] HREF: Shammakh2 (usr:Shammakh2[(8,174,1)]) : Shammakh2 src=[mob_291];late_join=1
[2018-07-04 10:40:02.387] HREF: Shammakh2 (usr:Shammakh2[(8,174,1)]) : Shammakh2 src=[mob_291];SelectedJob=Captain
[2018-07-04 10:40:53.978] HREF: Shammakh2 (usr:Shamm Lee[(103,148,2)]) : /datum/tgui src=%5B0x21001ef3%5D&action=tgui%3Ainitialize
[2018-07-04 10:40:54.012] HREF: Shammakh2 (usr:Shamm Lee[(103,148,2)]) : 
[2018-07-04 10:40:56.666] HREF: Shammakh2 (usr:Shamm Lee[(103,148,2)]) : /datum/tgui src=%5B0x21001ef3%5D&action=door
[2018-07-04 10:43:30.719] HREF: Shammakh2 (usr:Shamm Lee[(120,125,2)]) : /datum/tgui src=%5B0x2104b6db%5D&action=tgui%3Ainitialize
[2018-07-04 10:43:30.719] HREF: Shammakh2 (usr:Shamm Lee[(120,125,2)]) : 
[2018-07-04 10:43:31.730] HREF: Shammakh2 (usr:Shamm Lee[(120,125,2)]) : /datum/tgui src=%5B0x2104b6db%5D&action=door
[2018-07-04 10:43:34.858] HREF: Shammakh2 (usr:Shamm Lee[(120,125,2)]) : /datum/tgui src=%5B0x2104b6db%5D&action=dispense&item=storage
[2018-07-04 10:43:37.298] HREF: Shammakh2 (usr:Shamm Lee[(120,125,2)]) : /datum/tgui src=%5B0x2104b6db%5D&action=dispense&item=mask
[2018-07-04 10:43:37.898] HREF: Shammakh2 (usr:Shamm Lee[(120,125,2)]) : /datum/tgui src=%5B0x2104b6db%5D&action=dispense&item=suit
[2018-07-04 10:43:48.892] HREF: Shammakh2 (usr:Shamm Lee[(120,125,2)]) : /datum/tgui src=%5B0x2104cdde%5D&action=tgui%3Ainitialize
[2018-07-04 10:43:48.914] HREF: Shammakh2 (usr:Shamm Lee[(120,125,2)]) : 
[2018-07-04 10:44:29.522] HREF: Shammakh2 (usr:Shamm Lee[(120,125,2)]) : /datum/tgui src=%5B0x2104b5ae%5D&action=tgui%3Ainitialize
[2018-07-04 10:44:29.554] HREF: Shammakh2 (usr:Shamm Lee[(120,125,2)]) : 
[2018-07-04 10:44:35.578] HREF: Shammakh2 (usr:Shamm Lee[(120,125,2)]) : /datum/tgui src=%5B0x21054f52%5D&action=tgui%3Ainitialize
[2018-07-04 10:44:35.634] HREF: Shammakh2 (usr:Shamm Lee[(120,125,2)]) : 
[2018-07-04 10:44:36.658] HREF: Shammakh2 (usr:Shamm Lee[(120,125,2)]) : /datum/tgui src=%5B0x21054f52%5D&action=door
[2018-07-04 10:46:51.482] HREF: Shammakh2 (usr:Shamm Lee[(120,131,2)]) : /datum/tgui src=%5B0x21066584%5D&action=tgui%3Ainitialize
[2018-07-04 10:46:51.522] HREF: Shammakh2 (usr:Shamm Lee[(120,131,2)]) : 
[2018-07-04 10:46:55.030] HREF: Shammakh2 (usr:Shamm Lee[(120,131,2)]) : /datum/tgui src=%5B0x21066584%5D&action=eject
[2018-07-04 10:47:03.170] HREF: Shammakh2 (usr:Shamm Lee[(120,131,2)]) : /datum/tgui src=%5B0x2104c3c3%5D&action=tgui%3Ainitialize
[2018-07-04 10:47:03.194] HREF: Shammakh2 (usr:Shamm Lee[(120,131,2)]) : 
[2018-07-04 10:47:04.874] HREF: Shammakh2 (usr:Shamm Lee[(120,131,2)]) : /datum/tgui src=%5B0x2104c3c3%5D&action=eject
[2018-07-04 10:47:05.666] HREF: Shammakh2 (usr:Shamm Lee[(120,131,2)]) : /datum/tgui src=%5B0x2104c3c3%5D&action=eject
[2018-07-04 10:47:05.834] HREF: Shammakh2 (usr:Shamm Lee[(120,131,2)]) : /datum/tgui src=%5B0x2104c3c3%5D&action=eject
[2018-07-04 10:47:06.015] HREF: Shammakh2 (usr:Shamm Lee[(120,131,2)]) : /datum/tgui src=%5B0x2104c3c3%5D&action=eject
[2018-07-04 10:47:06.194] HREF: Shammakh2 (usr:Shamm Lee[(120,131,2)]) : /datum/tgui src=%5B0x2104c3c3%5D&action=eject
[2018-07-04 10:47:06.610] HREF: Shammakh2 (usr:Shamm Lee[(120,131,2)]) : /datum/tgui src=%5B0x2104c3c3%5D&action=eject
[2018-07-04 10:47:06.834] HREF: Shammakh2 (usr:Shamm Lee[(120,131,2)]) : /datum/tgui src=%5B0x2104c3c3%5D&action=eject
[2018-07-04 10:47:07.073] HREF: Shammakh2 (usr:Shamm Lee[(120,131,2)]) : /datum/tgui src=%5B0x2104c3c3%5D&action=eject
[2018-07-04 10:47:07.278] HREF: Shammakh2 (usr:Shamm Lee[(120,131,2)]) : /datum/tgui src=%5B0x2104c3c3%5D&action=eject
[2018-07-04 10:55:41.074] HREF: Shammakh2 (usr:Shamm Lee[(120,131,2)]) : /datum/tgui src=%5B0x21054eca%5D&action=tgui%3Ainitialize
[2018-07-04 10:55:41.074] HREF: Shammakh2 (usr:Shamm Lee[(120,131,2)]) : 
[2018-07-04 10:55:42.986] HREF: Shammakh2 (usr:Shamm Lee[(120,131,2)]) : /datum/tgui src=%5B0x21054eca%5D&action=eject
[2018-07-04 10:55:44.322] HREF: Shammakh2 (usr:Shamm Lee[(120,131,2)]) : /datum/tgui src=%5B0x21054eca%5D&action=eject
[2018-07-04 10:58:34.282] HREF: Shammakh2 (usr:Shamm Lee[(104,144,2)]) : /datum/tgui src=%5B0x2104c666%5D&action=tgui%3Ainitialize
[2018-07-04 10:58:34.321] HREF: Shammakh2 (usr:Shamm Lee[(104,144,2)]) : 
[2018-07-04 10:58:35.378] HREF: Shammakh2 (usr:Shamm Lee[(104,144,2)]) : /datum/tgui src=%5B0x2104c666%5D&action=oxygen
[2018-07-04 11:03:13.754] HREF: Shammakh2 (usr:Shamm Lee[(107,80,2)]) : /datum/tgui src=%5B0x2104b414%5D&action=tgui%3Ainitialize
[2018-07-04 11:03:13.785] HREF: Shammakh2 (usr:Shamm Lee[(107,80,2)]) : 
[2018-07-04 11:03:16.146] HREF: Shammakh2 (usr:Shamm Lee[(107,80,2)]) : /datum/tgui src=%5B0x2104b414%5D&action=pressure&pressure=max
[2018-07-04 11:03:18.049] HREF: Shammakh2 (usr:Shamm Lee[(107,80,2)]) : /datum/tgui src=%5B0x2104b414%5D&action=valve
[2018-07-04 11:03:21.122] HREF: Shammakh2 (usr:Shamm Lee[(107,80,2)]) : /datum/tgui src=%5B0x2104b414%5D&action=valve
[2018-07-04 11:03:22.066] HREF: Shammakh2 (usr:Shamm Lee[(107,80,2)]) : /datum/tgui src=%5B0x2104b414%5D&action=eject
[2018-07-04 11:03:35.138] HREF: Shammakh2 (usr:Shamm Lee[(107,80,2)]) : /datum/tgui src=%5B0x21047a46%5D&action=tgui%3Ainitialize
[2018-07-04 11:03:35.177] HREF: Shammakh2 (usr:Shamm Lee[(107,80,2)]) : 
[2018-07-04 11:03:38.074] HREF: Shammakh2 (usr:Shamm Lee[(107,80,2)]) : /datum/tgui src=%5B0x21047a46%5D&action=valve
[2018-07-04 11:03:40.145] HREF: Shammakh2 (usr:Shamm Lee[(107,80,2)]) : /datum/tgui src=%5B0x21047a46%5D&action=valve
[2018-07-04 11:03:40.954] HREF: Shammakh2 (usr:Shamm Lee[(107,80,2)]) : /datum/tgui src=%5B0x21047a46%5D&action=eject
[2018-07-04 11:08:27.866] HREF: Shammakh2 (usr:Shamm Lee[(95,35,3)]) : /datum/tgui src=%5B0x21013eb1%5D&action=tgui%3Ainitialize
[2018-07-04 11:08:27.913] HREF: Shammakh2 (usr:Shamm Lee[(95,35,3)]) : 
[2018-07-04 11:08:35.530] HREF: Shammakh2 (usr:Shamm Lee[(95,20,3)]) : /datum/tgui src=%5B0x21013eb1%5D&action=pressure&pressure=reset
[2018-07-04 11:08:36.242] HREF: Shammakh2 (usr:Shamm Lee[(95,19,3)]) : /datum/tgui src=%5B0x21013eb1%5D&action=pressure&pressure=reset
[2018-07-04 11:42:53.961] HREF: Shammakh2 (usr:Shamm Lee[(151,55,2)]) : Antechamber Turret Control src=[0x2006dcb];toggleOn=1
[2018-07-04 11:43:18.697] HREF: Shammakh2 (usr:Shamm Lee[(151,55,2)]) : Antechamber Turret Control src=[0x2006dcb];toggleOn=1
[2018-07-04 12:10:43.739] HREF: Harukaze (usr:Dayton Holdeman[(178,145,2)]) : _src_=chat&proc=doneLoading
[2018-07-04 12:10:43.968] HREF: Harukaze (usr:Dayton Holdeman[(178,145,2)]) : _src_=chat&proc=analyzeClientData&param[cookie]=none
[2018-07-04 12:18:49.352] HREF: Shammakh2 (usr:Shamm Lee[(116,83,2)]) : Vote src=[0x2100003e];vote=restart
[2018-07-04 12:18:51.673] HREF: Shammakh2 (usr:Shamm Lee[(116,83,2)]) : Vote src=[0x2100003e];vote=1
[2018-07-04 12:18:52.521] HREF: Shammakh2 (usr:Shamm Lee[(116,83,2)]) : Vote src=[0x2100003e];vote=close
[2018-07-04 12:18:55.073] HREF: Shammakh2 (usr:Shamm Lee[(116,82,2)]) : Vote src=[0x2100003e]
[2018-07-04 12:18:56.849] HREF: Shammakh2 (usr:Shamm Lee[(116,82,2)]) : Vote src=[0x2100003e];vote=close
