[2018-07-22 17:21:10.441] runtime error: bad index
[2018-07-22 17:21:10.441] proc name: Get (/datum/controller/configuration/proc/Get)
[2018-07-22 17:21:10.441]   source file: configuration.dm,178
[2018-07-22 17:21:10.441]   usr: null
[2018-07-22 17:21:10.441]   src: Configuration (/datum/controller/configuration)
[2018-07-22 17:21:10.441]   call stack:
[2018-07-22 17:21:10.441] Configuration (/datum/controller/configuration): Get(/datum/config_entry/flag/log_w... (/datum/config_entry/flag/log_world_topic))
[2018-07-22 17:21:10.442] world: Topic("status", "212.237.9.101", null, null)
[2018-07-22 17:21:10.442] 
[2018-07-22 17:21:10.442] runtime error: bad index
[2018-07-22 17:21:10.442] proc name: Get (/datum/controller/configuration/proc/Get)
[2018-07-22 17:21:10.442]   source file: configuration.dm,178
[2018-07-22 17:21:10.442]   usr: null
[2018-07-22 17:21:10.442]   src: Configuration (/datum/controller/configuration)
[2018-07-22 17:21:10.442]   call stack:
[2018-07-22 17:21:10.442] Configuration (/datum/controller/configuration): Get(/datum/config_entry/string/com... (/datum/config_entry/string/comms_key))
[2018-07-22 17:21:10.442] /datum/world_topic/status (/datum/world_topic/status): TryRun(/list (/list))
[2018-07-22 17:21:10.442] world: Topic("status", "212.237.9.101", null, null)
[2018-07-22 17:21:10.442] 
[2018-07-22 17:21:10.443] runtime error: bad index
[2018-07-22 17:21:10.443] proc name: Get (/datum/controller/configuration/proc/Get)
[2018-07-22 17:21:10.443]   source file: configuration.dm,178
[2018-07-22 17:21:10.443]   usr: null
[2018-07-22 17:21:10.443]   src: Configuration (/datum/controller/configuration)
[2018-07-22 17:21:10.443]   call stack:
[2018-07-22 17:21:10.443] Configuration (/datum/controller/configuration): Get(/datum/config_entry/flag/nores... (/datum/config_entry/flag/norespawn))
[2018-07-22 17:21:10.443] /datum/world_topic/status (/datum/world_topic/status): Run(/list (/list))
[2018-07-22 17:21:10.443] /datum/world_topic/status (/datum/world_topic/status): TryRun(/list (/list))
[2018-07-22 17:21:10.443] world: Topic("status", "212.237.9.101", null, null)
[2018-07-22 17:21:10.443] 
[2018-07-22 17:21:10.443] runtime error: bad index
[2018-07-22 17:21:10.443] proc name: Get (/datum/controller/configuration/proc/Get)
[2018-07-22 17:21:10.443]   source file: configuration.dm,178
[2018-07-22 17:21:10.443]   usr: null
[2018-07-22 17:21:10.443]   src: Configuration (/datum/controller/configuration)
[2018-07-22 17:21:10.443]   call stack:
[2018-07-22 17:21:10.443] Configuration (/datum/controller/configuration): Get(/datum/config_entry/flag/allow... (/datum/config_entry/flag/allow_vote_mode))
[2018-07-22 17:21:10.443] /datum/world_topic/status (/datum/world_topic/status): Run(/list (/list))
[2018-07-22 17:21:10.443] /datum/world_topic/status (/datum/world_topic/status): TryRun(/list (/list))
[2018-07-22 17:21:10.443] world: Topic("status", "212.237.9.101", null, null)
[2018-07-22 17:21:10.443] 
[2018-07-22 17:21:10.444] runtime error: bad index
[2018-07-22 17:21:10.444] proc name: Get (/datum/controller/configuration/proc/Get)
[2018-07-22 17:21:10.444]   source file: configuration.dm,178
[2018-07-22 17:21:10.444]   usr: null
[2018-07-22 17:21:10.444]   src: Configuration (/datum/controller/configuration)
[2018-07-22 17:21:10.444]   call stack:
[2018-07-22 17:21:10.444] Configuration (/datum/controller/configuration): Get(/datum/config_entry/flag/allow... (/datum/config_entry/flag/allow_ai))
[2018-07-22 17:21:10.444] /datum/world_topic/status (/datum/world_topic/status): Run(/list (/list))
[2018-07-22 17:21:10.444] /datum/world_topic/status (/datum/world_topic/status): TryRun(/list (/list))
[2018-07-22 17:21:10.444] world: Topic("status", "212.237.9.101", null, null)
[2018-07-22 17:21:10.444] 
[2018-07-22 17:21:10.444] runtime error: Cannot read null.commit
[2018-07-22 17:21:10.444] proc name: Run (/datum/world_topic/status/Run)
[2018-07-22 17:21:10.444]   source file: world_topic.dm,151
[2018-07-22 17:21:10.444]   usr: null
[2018-07-22 17:21:10.444]   src: /datum/world_topic/status (/datum/world_topic/status)
[2018-07-22 17:21:10.444]   call stack:
[2018-07-22 17:21:10.444] /datum/world_topic/status (/datum/world_topic/status): Run(/list (/list))
[2018-07-22 17:21:10.444] /datum/world_topic/status (/datum/world_topic/status): TryRun(/list (/list))
[2018-07-22 17:21:10.444] world: Topic("status", "212.237.9.101", null, null)
[2018-07-22 17:21:10.445] 
[2018-07-22 17:21:10.445] runtime error: bad index
[2018-07-22 17:21:10.445] proc name: Get (/datum/controller/configuration/proc/Get)
[2018-07-22 17:21:10.445]   source file: configuration.dm,178
[2018-07-22 17:21:10.445]   usr: null
[2018-07-22 17:21:10.445]   src: Configuration (/datum/controller/configuration)
[2018-07-22 17:21:10.445]   call stack:
[2018-07-22 17:21:10.445] Configuration (/datum/controller/configuration): Get(/datum/config_entry/flag/log_w... (/datum/config_entry/flag/log_world_topic))
[2018-07-22 17:21:10.445] world: Topic("status", "212.237.9.101", null, null)
[2018-07-22 17:21:10.445] 
[2018-07-22 17:21:10.445] runtime error: bad index
[2018-07-22 17:21:10.445] proc name: Get (/datum/controller/configuration/proc/Get)
[2018-07-22 17:21:10.445]   source file: configuration.dm,178
[2018-07-22 17:21:10.445]   usr: null
[2018-07-22 17:21:10.445]   src: Configuration (/datum/controller/configuration)
[2018-07-22 17:21:10.446]   call stack:
[2018-07-22 17:21:10.446] Configuration (/datum/controller/configuration): Get(/datum/config_entry/string/com... (/datum/config_entry/string/comms_key))
[2018-07-22 17:21:10.446] /datum/world_topic/status (/datum/world_topic/status): TryRun(/list (/list))
[2018-07-22 17:21:10.446] world: Topic("status", "212.237.9.101", null, null)
[2018-07-22 17:21:10.446] 
[2018-07-22 17:21:10.446] runtime error: bad index
[2018-07-22 17:21:10.446] proc name: Get (/datum/controller/configuration/proc/Get)
[2018-07-22 17:21:10.446]   source file: configuration.dm,178
[2018-07-22 17:21:10.446]   usr: null
[2018-07-22 17:21:10.446]   src: Configuration (/datum/controller/configuration)
[2018-07-22 17:21:10.446]   call stack:
[2018-07-22 17:21:10.446] Configuration (/datum/controller/configuration): Get(/datum/config_entry/flag/nores... (/datum/config_entry/flag/norespawn))
[2018-07-22 17:21:10.446] /datum/world_topic/status (/datum/world_topic/status): Run(/list (/list))
[2018-07-22 17:21:10.446] /datum/world_topic/status (/datum/world_topic/status): TryRun(/list (/list))
[2018-07-22 17:21:10.446] world: Topic("status", "212.237.9.101", null, null)
[2018-07-22 17:21:10.446] 
[2018-07-22 17:21:10.446] runtime error: bad index
[2018-07-22 17:21:10.446] proc name: Get (/datum/controller/configuration/proc/Get)
[2018-07-22 17:21:10.446]   source file: configuration.dm,178
[2018-07-22 17:21:10.446]   usr: null
[2018-07-22 17:21:10.446]   src: Configuration (/datum/controller/configuration)
[2018-07-22 17:21:10.446]   call stack:
[2018-07-22 17:21:10.446] Configuration (/datum/controller/configuration): Get(/datum/config_entry/flag/allow... (/datum/config_entry/flag/allow_vote_mode))
[2018-07-22 17:21:10.446] /datum/world_topic/status (/datum/world_topic/status): Run(/list (/list))
[2018-07-22 17:21:10.446] /datum/world_topic/status (/datum/world_topic/status): TryRun(/list (/list))
[2018-07-22 17:21:10.447] world: Topic("status", "212.237.9.101", null, null)
[2018-07-22 17:21:10.447] 
[2018-07-22 17:21:10.447] runtime error: bad index
[2018-07-22 17:21:10.447] proc name: Get (/datum/controller/configuration/proc/Get)
[2018-07-22 17:21:10.447]   source file: configuration.dm,178
[2018-07-22 17:21:10.447] 
[2018-07-22 17:21:10.447] runtime error: Cannot read null.commit
[2018-07-22 17:21:10.447] proc name: Run (/datum/world_topic/status/Run)
[2018-07-22 17:21:10.447]   source file: world_topic.dm,151
[2018-07-22 17:21:10.447] 
[2018-07-22 17:21:10.447] runtime error: bad index
[2018-07-22 17:21:10.447] proc name: Get (/datum/controller/configuration/proc/Get)
[2018-07-22 17:21:10.447]   source file: configuration.dm,178
[2018-07-22 17:21:10.447] 
[2018-07-22 17:21:10.447] runtime error: bad index
[2018-07-22 17:21:10.448] proc name: Get (/datum/controller/configuration/proc/Get)
[2018-07-22 17:21:10.448]   source file: configuration.dm,178
[2018-07-22 17:21:10.448] 
[2018-07-22 17:21:10.448] runtime error: bad index
[2018-07-22 17:21:10.448] proc name: Get (/datum/controller/configuration/proc/Get)
[2018-07-22 17:21:10.448]   source file: configuration.dm,178
[2018-07-22 17:21:10.448] 
[2018-07-22 17:21:10.448] runtime error: bad index
[2018-07-22 17:21:10.448] proc name: Get (/datum/controller/configuration/proc/Get)
[2018-07-22 17:21:10.448]   source file: configuration.dm,178
[2018-07-22 17:21:10.448] 
[2018-07-22 17:21:10.448] runtime error: bad index
[2018-07-22 17:21:10.448] proc name: Get (/datum/controller/configuration/proc/Get)
[2018-07-22 17:21:10.448]   source file: configuration.dm,178
[2018-07-22 17:21:10.448] 
[2018-07-22 17:21:10.448] runtime error: Cannot read null.commit
[2018-07-22 17:21:10.448] proc name: Run (/datum/world_topic/status/Run)
[2018-07-22 17:21:10.448]   source file: world_topic.dm,151
[2018-07-22 17:21:10.448] 
[2018-07-22 17:21:10.449] runtime error: bad index
[2018-07-22 17:21:10.449] proc name: Get (/datum/controller/configuration/proc/Get)
[2018-07-22 17:21:10.449]   source file: configuration.dm,178
[2018-07-22 17:21:10.449] 
[2018-07-22 17:21:10.449] runtime error: bad index
[2018-07-22 17:21:10.449] proc name: Get (/datum/controller/configuration/proc/Get)
[2018-07-22 17:21:10.449]   source file: configuration.dm,178
[2018-07-22 17:21:10.449] 
[2018-07-22 17:21:10.449] runtime error: bad index
[2018-07-22 17:21:10.449] proc name: Get (/datum/controller/configuration/proc/Get)
[2018-07-22 17:21:10.449]   source file: configuration.dm,178
[2018-07-22 17:21:10.449] 
[2018-07-22 17:21:10.449] runtime error: bad index
[2018-07-22 17:21:10.449] proc name: Get (/datum/controller/configuration/proc/Get)
[2018-07-22 17:21:10.449]   source file: configuration.dm,178
[2018-07-22 17:21:10.449] 
[2018-07-22 17:21:10.450] runtime error: bad index
[2018-07-22 17:21:10.450] proc name: Get (/datum/controller/configuration/proc/Get)
[2018-07-22 17:21:10.450]   source file: configuration.dm,178
[2018-07-22 17:21:10.450] 
[2018-07-22 17:21:10.450] runtime error: Cannot read null.commit
[2018-07-22 17:21:10.450] proc name: Run (/datum/world_topic/status/Run)
[2018-07-22 17:21:10.450]   source file: world_topic.dm,151
[2018-07-22 17:21:10.450] 
[2018-07-22 17:21:10.450] runtime error: bad index
[2018-07-22 17:21:10.450] proc name: Get (/datum/controller/configuration/proc/Get)
[2018-07-22 17:21:10.450]   source file: configuration.dm,178
[2018-07-22 17:21:10.450] 
[2018-07-22 17:21:10.450] runtime error: bad index
[2018-07-22 17:21:10.450] proc name: Get (/datum/controller/configuration/proc/Get)
[2018-07-22 17:21:10.450]   source file: configuration.dm,178
[2018-07-22 17:21:10.450] 
[2018-07-22 17:21:10.451] runtime error: bad index
[2018-07-22 17:21:10.451] proc name: Get (/datum/controller/configuration/proc/Get)
[2018-07-22 17:21:10.451]   source file: configuration.dm,178
[2018-07-22 17:21:10.451] 
[2018-07-22 17:21:10.451] runtime error: bad index
[2018-07-22 17:21:10.451] proc name: Get (/datum/controller/configuration/proc/Get)
[2018-07-22 17:21:10.451]   source file: configuration.dm,178
[2018-07-22 17:21:10.451] 
[2018-07-22 17:21:10.451] runtime error: bad index
[2018-07-22 17:21:10.451] proc name: Get (/datum/controller/configuration/proc/Get)
[2018-07-22 17:21:10.451]   source file: configuration.dm,178
[2018-07-22 17:21:10.451] 
[2018-07-22 17:21:10.451] runtime error: Cannot read null.commit
[2018-07-22 17:21:10.451] proc name: Run (/datum/world_topic/status/Run)
[2018-07-22 17:21:10.451]   source file: world_topic.dm,151
[2018-07-22 17:21:10.451] 
[2018-07-22 17:21:10.452] runtime error: bad index
[2018-07-22 17:21:10.452] proc name: Get (/datum/controller/configuration/proc/Get)
[2018-07-22 17:21:10.452]   source file: configuration.dm,178
[2018-07-22 17:21:10.452] 
[2018-07-22 17:21:10.452] runtime error: bad index
[2018-07-22 17:21:10.452] proc name: Get (/datum/controller/configuration/proc/Get)
[2018-07-22 17:21:10.452]   source file: configuration.dm,178
[2018-07-22 17:21:10.452] 
[2018-07-22 17:21:10.452] runtime error: bad index
[2018-07-22 17:21:10.452] proc name: Get (/datum/controller/configuration/proc/Get)
[2018-07-22 17:21:10.452]   source file: configuration.dm,178
[2018-07-22 17:21:10.452] 
[2018-07-22 17:21:10.452] runtime error: bad index
[2018-07-22 17:21:10.452] proc name: Get (/datum/controller/configuration/proc/Get)
[2018-07-22 17:21:10.452]   source file: configuration.dm,178
[2018-07-22 17:21:10.452] 
[2018-07-22 17:21:10.452] runtime error: bad index
[2018-07-22 17:21:10.452] proc name: Get (/datum/controller/configuration/proc/Get)
[2018-07-22 17:21:10.452]   source file: configuration.dm,178
[2018-07-22 17:21:10.452] 
[2018-07-22 17:21:10.453] runtime error: Cannot read null.commit
[2018-07-22 17:21:10.453] proc name: Run (/datum/world_topic/status/Run)
[2018-07-22 17:21:10.453]   source file: world_topic.dm,151
[2018-07-22 17:21:10.453] 
[2018-07-22 17:21:10.453] runtime error: bad index
[2018-07-22 17:21:10.453] proc name: Get (/datum/controller/configuration/proc/Get)
[2018-07-22 17:21:10.453]   source file: configuration.dm,178
[2018-07-22 17:21:10.453] 
[2018-07-22 17:21:10.453] runtime error: bad index
[2018-07-22 17:21:10.453] proc name: Get (/datum/controller/configuration/proc/Get)
[2018-07-22 17:21:10.453]   source file: configuration.dm,178
[2018-07-22 17:21:10.453] 
[2018-07-22 17:21:10.453] runtime error: bad index
[2018-07-22 17:21:10.453] proc name: Get (/datum/controller/configuration/proc/Get)
[2018-07-22 17:21:10.453]   source file: configuration.dm,178
[2018-07-22 17:21:10.453] 
[2018-07-22 17:21:10.454] runtime error: bad index
[2018-07-22 17:21:10.454] proc name: Get (/datum/controller/configuration/proc/Get)
[2018-07-22 17:21:10.454]   source file: configuration.dm,178
[2018-07-22 17:21:10.454] 
[2018-07-22 17:21:10.454] runtime error: bad index
[2018-07-22 17:21:10.454] proc name: Get (/datum/controller/configuration/proc/Get)
[2018-07-22 17:21:10.454]   source file: configuration.dm,178
[2018-07-22 17:21:10.454] 
[2018-07-22 17:21:10.454] runtime error: Cannot read null.commit
[2018-07-22 17:21:10.454] proc name: Run (/datum/world_topic/status/Run)
[2018-07-22 17:21:10.454]   source file: world_topic.dm,151
[2018-07-22 17:21:10.454] 
[2018-07-22 17:21:10.454] runtime error: bad index
[2018-07-22 17:21:10.454] proc name: Get (/datum/controller/configuration/proc/Get)
[2018-07-22 17:21:10.454]   source file: configuration.dm,178
[2018-07-22 17:21:10.454] 
[2018-07-22 17:21:10.455] runtime error: bad index
[2018-07-22 17:21:10.455] proc name: Get (/datum/controller/configuration/proc/Get)
[2018-07-22 17:21:10.455]   source file: configuration.dm,178
[2018-07-22 17:21:10.455] 
[2018-07-22 17:21:10.455] runtime error: bad index
[2018-07-22 17:21:10.455] proc name: Get (/datum/controller/configuration/proc/Get)
[2018-07-22 17:21:10.455]   source file: configuration.dm,178
[2018-07-22 17:21:10.455] 
[2018-07-22 17:21:10.455] runtime error: bad index
[2018-07-22 17:21:10.455] proc name: Get (/datum/controller/configuration/proc/Get)
[2018-07-22 17:21:10.455]   source file: configuration.dm,178
[2018-07-22 17:21:10.455] 
[2018-07-22 17:21:10.455] runtime error: bad index
[2018-07-22 17:21:10.455] proc name: Get (/datum/controller/configuration/proc/Get)
[2018-07-22 17:21:10.455]   source file: configuration.dm,178
[2018-07-22 17:21:10.455] 
[2018-07-22 17:21:10.455] runtime error: Cannot read null.commit
[2018-07-22 17:21:10.455] proc name: Run (/datum/world_topic/status/Run)
[2018-07-22 17:21:10.455]   source file: world_topic.dm,151
[2018-07-22 17:21:10.455] 
[2018-07-22 17:21:10.456] runtime error: bad index
[2018-07-22 17:21:10.456] proc name: Get (/datum/controller/configuration/proc/Get)
[2018-07-22 17:21:10.456]   source file: configuration.dm,178
[2018-07-22 17:21:10.456] 
[2018-07-22 17:21:10.456] runtime error: bad index
[2018-07-22 17:21:10.456] proc name: Get (/datum/controller/configuration/proc/Get)
[2018-07-22 17:21:10.456]   source file: configuration.dm,178
[2018-07-22 17:21:10.456] 
[2018-07-22 17:21:10.456] runtime error: bad index
[2018-07-22 17:21:10.456] 
[2018-07-22 17:21:10.456] runtime error: bad index
[2018-07-22 17:21:10.456] 
[2018-07-22 17:21:10.456] runtime error: bad index
[2018-07-22 17:21:10.456] 
[2018-07-22 17:21:10.457] runtime error: Cannot read null.commit
[2018-07-22 17:21:10.457] 
[2018-07-22 17:21:10.457] runtime error: bad index
[2018-07-22 17:21:10.457] 
[2018-07-22 17:21:10.457] runtime error: bad index
[2018-07-22 17:21:10.457] 
[2018-07-22 17:21:10.457] runtime error: bad index
[2018-07-22 17:21:10.457] 
[2018-07-22 17:21:10.457] runtime error: bad index
[2018-07-22 17:21:10.457] 
[2018-07-22 17:21:10.457] runtime error: bad index
[2018-07-22 17:21:10.457] 
[2018-07-22 17:21:10.458] runtime error: Cannot read null.commit
[2018-07-22 17:21:10.458] 
[2018-07-22 17:21:10.458] runtime error: bad index
[2018-07-22 17:21:10.458] 
[2018-07-22 17:21:10.458] runtime error: Cannot read null.commit
[2018-07-22 17:21:10.458] 
[2018-07-22 17:21:10.459] runtime error: Cannot read null.commit
[2018-07-22 17:21:10.459] 
[2018-07-22 17:21:10.459] runtime error: Cannot read null.commit
[2018-07-22 17:21:10.459] 
[2018-07-22 17:21:10.546] Running /tg/ revision:
[2018-07-22 17:21:10.547] 9c9893b11024068d056f99a424072532aff01f75: 2018-07-20
[2018-07-22 17:21:10.547] runtime error: list index out of bounds
[2018-07-22 17:21:10.547] 
[2018-07-22 17:21:10.556] Loading config file config.txt...
[2018-07-22 17:21:10.558] Loading config file game_options.txt...
[2018-07-22 17:21:10.560] Unknown setting in configuration: 'w##'
[2018-07-22 17:21:10.562] Failed to validate setting "DOUBLE_AGENTS 20" for min_pop
[2018-07-22 17:21:10.562] Failed to validate setting "DOUBLE_AGENTS -1" for max_pop
[2018-07-22 17:21:10.566] Loading config file dbconfig.txt...
[2018-07-22 17:21:10.567] Loading config file comms.txt...
[2018-07-22 17:21:10.571] Loading config file maps.txt...
[2018-07-22 17:21:10.787] Database connection established.
[2018-07-22 17:21:10.822] SQL: Could not get schema version from database
