

Starting up round ID 1154. 03:45:55
---------------------
Initialized Database subsystem within 0 seconds!
Initialized Blackbox subsystem within 0 seconds!
Initialized Server Tasks subsystem within 0 seconds!
Initialized Input subsystem within 0 seconds!
Initialized Research subsystem within 0 seconds!
Initialized Events subsystem within 0 seconds!
Initialized Jobs subsystem within 0 seconds!
Initialized Traits subsystem within 0 seconds!
Initialized Ticker subsystem within 0 seconds!
Loading BoxStation...
Loaded Station in 6s!
Loaded Lavaland in 7s!
Loaded Reebe in 5.4s!
Ruin loader finished with 0 left to spend.
Ruin loader finished with 0 left to spend.
Initialized Mapping subsystem within 27.4 seconds!
Initialized Networks subsystem within 0 seconds!
runtime error: 
[03:46:37]Bad areastring path for Vacant Office APC, area/security/vacantoffice
[03:46:37]proc name: stack trace (/datum/proc/stack_trace)
[03:46:37]  source file: unsorted.dm,1257
runtime error: 
[03:47:18]Cannot read null.gases
[03:47:18]proc name: rad act (/turf/open/rad_act)
[03:47:18]  source file: open.dm,249
runtime error: 
[03:47:18]Cannot read null.gases
[03:47:18]proc name: rad act (/turf/open/rad_act)
[03:47:18]  source file: open.dm,249
runtime error: 
[03:47:18]Cannot read null.gases
[03:47:18]proc name: rad act (/turf/open/rad_act)
[03:47:18]  source file: open.dm,249
runtime error: 
[03:47:18]Cannot read null.gases
[03:47:18]proc name: rad act (/turf/open/rad_act)
[03:47:18]  source file: open.dm,249
runtime error: 
[03:47:18]Cannot read null.gases
[03:47:18]proc name: rad act (/turf/open/rad_act)
[03:47:18]  source file: open.dm,249
runtime error: 
[03:47:18]Cannot read null.gases
[03:47:18]proc name: rad act (/turf/open/rad_act)
[03:47:18]  source file: open.dm,249
runtime error: 
[03:47:18]Cannot read null.gases
[03:47:18]proc name: rad act (/turf/open/rad_act)
[03:47:18]  source file: open.dm,249
Initialized Atoms subsystem within 54.5 seconds!
Initialized Language subsystem within 0 seconds!
Initialized Machines subsystem within 0.3 seconds!
Initialized Circuit subsystem within 0.1 seconds!
Initialized Disease subsystem within 0 seconds!
Initialized Medals subsystem within 0 seconds!
Initialized Night Shift subsystem within 0 seconds!
Initialized Parallax subsystem within 0 seconds!
Initialized Traumas subsystem within 0.1 seconds!
Initialized Weather subsystem within 0 seconds!
## WARNING: There are 26 active turfs at roundstart, this is a mapping error caused by a difference of the air between the adjacent turfs. You can see its coordinates using "Mapping -> Show roundstart AT list" verb (debug verbs required)
## WARNING: HEY! LISTEN! 1 second were wasted processing 26 turf(s) (connected to 19298 other turfs) with atmos differences at round start.
## WARNING: build_pipeline(): /obj/machinery/atmospherics/pipe/simple/supply/hidden added to a pipenet while still having one. (pipes leading to the same spot stacking in one turf) Nearby: (108, 118, 2)
## WARNING: build_pipeline(): /obj/machinery/atmospherics/pipe/manifold/supply/hidden added to a pipenet while still having one. (pipes leading to the same spot stacking in one turf) Nearby: (106, 118, 2)
## WARNING: build_pipeline(): /obj/machinery/atmospherics/pipe/simple/supply/hidden added to a pipenet while still having one. (pipes leading to the same spot stacking in one turf) Nearby: (109, 118, 2)
## WARNING: build_pipeline(): /obj/machinery/atmospherics/pipe/simple/supply/hidden added to a pipenet while still having one. (pipes leading to the same spot stacking in one turf) Nearby: (107, 118, 2)
## WARNING: build_pipeline(): /obj/machinery/atmospherics/pipe/simple/supply/hidden added to a pipenet while still having one. (pipes leading to the same spot stacking in one turf) Nearby: (106, 119, 2)
## WARNING: build_pipeline(): /obj/machinery/atmospherics/pipe/simple/supply/hidden added to a pipenet while still having one. (pipes leading to the same spot stacking in one turf) Nearby: (106, 117, 2)
## WARNING: build_pipeline(): /obj/machinery/atmospherics/pipe/simple/supply/hidden added to a pipenet while still having one. (pipes leading to the same spot stacking in one turf) Nearby: (106, 120, 2)
## WARNING: build_pipeline(): /obj/machinery/atmospherics/pipe/simple/supply/hidden added to a pipenet while still having one. (pipes leading to the same spot stacking in one turf) Nearby: (106, 116, 2)
## WARNING: build_pipeline(): /obj/machinery/atmospherics/pipe/simple/supply/hidden added to a pipenet while still having one. (pipes leading to the same spot stacking in one turf) Nearby: (106, 121, 2)
## WARNING: build_pipeline(): /obj/machinery/atmospherics/pipe/simple/supply/hidden added to a pipenet while still having one. (pipes leading to the same spot stacking in one turf) Nearby: (106, 115, 2)
## WARNING: build_pipeline(): further messages about pipenets will be supressed
Initialized Atmospherics subsystem within 15.3 seconds!
Failed to find backup file for map BoxStation on zlevel 2.
Initialized Assets subsystem within 0.8 seconds!
Initialized Icon Smoothing subsystem within 6.3 seconds!
Initialized Overlay subsystem within 18.2 seconds!
Initialized XKeyScore subsystem within 0 seconds!
Initialized Sticky Ban subsystem within 0.1 seconds!
Initialized Lighting subsystem within 14.6 seconds!
Initialized Shuttle subsystem within 25.6 seconds!
Initialized Squeak subsystem within 0 seconds!
Initialized pathfinder subsystem within 0 seconds!
Loaded 0 engraved messages on map BoxStation
Initialized Persistence subsystem within 0.1 seconds!
Initializations complete within 163.7 seconds!
Game start took 7.2s
runtime error: 
[03:57:50]nothing to animate
[03:57:50]proc name: shake camera (/proc/shake_camera)
[03:57:50]  source file: mob_helpers.dm,270
runtime error: 
[04:00:27]nothing to animate
[04:00:27]proc name: shake camera (/proc/shake_camera)
[04:00:27]  source file: mob_helpers.dm,270
runtime error: 
[04:03:43]nothing to animate
[04:03:43]proc name: shake camera (/proc/shake_camera)
[04:03:43]  source file: mob_helpers.dm,270
runtime error: 
[04:05:29]nothing to animate
[04:05:29]proc name: shake camera (/proc/shake_camera)
[04:05:29]  source file: mob_helpers.dm,270
runtime error: 
[04:07:23]nothing to animate
[04:07:23]proc name: shake camera (/proc/shake_camera)
[04:07:23]  source file: mob_helpers.dm,270
runtime error: 
[04:19:10]nothing to animate
[04:19:10]proc name: shake camera (/proc/shake_camera)
[04:19:10]  source file: mob_helpers.dm,270
runtime error: 
[04:21:02]nothing to animate
[04:21:02]proc name: shake camera (/proc/shake_camera)
[04:21:02]  source file: mob_helpers.dm,270
runtime error: 
[04:23:58]nothing to animate
[04:23:58]proc name: shake camera (/proc/shake_camera)
[04:23:58]  source file: mob_helpers.dm,270
runtime error: 
[04:23:58]nothing to animate
[04:23:58]proc name: shake camera (/proc/shake_camera)
[04:23:58]  source file: mob_helpers.dm,270
runtime error: 
[04:38:54]nothing to animate
[04:38:54]proc name: shake camera (/proc/shake_camera)
[04:38:54]  source file: mob_helpers.dm,270
runtime error: 
[04:38:54]nothing to animate
[04:38:54]proc name: shake camera (/proc/shake_camera)
[04:38:54]  source file: mob_helpers.dm,270
runtime error: 
[04:40:51]Cannot execute null.getorganslot().
[04:40:51]proc name: Activate (/datum/symptom/sensory_restoration/Activate)
[04:40:51]  source file: sensory.dm,81
runtime error: 
[04:41:45]Cannot execute null.getorganslot().
[04:41:45]proc name: Activate (/datum/symptom/sensory_restoration/Activate)
[04:41:45]  source file: sensory.dm,81
runtime error: 
[04:46:26]Cannot read null.loc
[04:46:26]proc name: update parallax (/datum/hud/proc/update_parallax)
[04:46:26]  source file: parallax.dm,170
runtime error: 
[04:52:02]Cannot execute null.emote().
[04:52:02]proc name: Activate (/datum/symptom/sneeze/Activate)
[04:52:02]  source file: sneeze.dm,50
runtime error: 
[04:52:02]Cannot execute null.getorganslot().
[04:52:02]proc name: Activate (/datum/symptom/sensory_restoration/Activate)
[04:52:02]  source file: sensory.dm,81
runtime error: 
[04:52:02]Cannot read null.confused
[04:52:02]proc name: Activate (/datum/symptom/confusion/Activate)
[04:52:02]  source file: confusion.dm,56
runtime error: 
[04:52:14]Cannot execute null.getorganslot().
[04:52:14]proc name: Activate (/datum/symptom/sensory_restoration/Activate)
[04:52:14]  source file: sensory.dm,81
runtime error: 
[04:56:17]nothing to animate
[04:56:17]proc name: shake camera (/proc/shake_camera)
[04:56:17]  source file: mob_helpers.dm,270
runtime error: 
[04:56:17]nothing to animate
[04:56:17]proc name: shake camera (/proc/shake_camera)
[04:56:17]  source file: mob_helpers.dm,270
runtime error: 
[05:00:15]nothing to animate
[05:00:15]proc name: shake camera (/proc/shake_camera)
[05:00:15]  source file: mob_helpers.dm,270
Saved 0 engraved messages on map BoxStation
runtime error: 
[05:00:59]No valid destination passed into forceMove
[05:00:59]proc name: forceMove (/atom/movable/proc/forceMove)
[05:00:59]  source file: atoms_movable.dm,314
runtime error: 
[05:00:59]No valid destination passed into forceMove
[05:00:59]proc name: forceMove (/atom/movable/proc/forceMove)
[05:00:59]  source file: atoms_movable.dm,314
runtime error: 
[05:00:59]No valid destination passed into forceMove
[05:00:59]proc name: forceMove (/atom/movable/proc/forceMove)
[05:00:59]  source file: atoms_movable.dm,314
Shutting down Persistence subsystem...
Shutting down pathfinder subsystem...
Shutting down Squeak subsystem...
Shutting down Shuttle subsystem...
Shutting down Lighting subsystem...
Shutting down XKeyScore subsystem...
Shutting down Sticky Ban subsystem...
Shutting down Overlay subsystem...
Shutting down Icon Smoothing subsystem...
Shutting down Assets subsystem...
Shutting down Minimap subsystem...
Shutting down Atmospherics subsystem...
Shutting down Wet floors subsystem...
Shutting down Weather subsystem...
Shutting down Vote subsystem...
Shutting down Traumas subsystem...
Shutting down Title Screen subsystem...
Shutting down Time Tracking subsystem...
Shutting down Throwing subsystem...
Shutting down tgui subsystem...
Shutting down Sun subsystem...
Shutting down Space Drift subsystem...
Shutting down Religion subsystem...
Shutting down Radio subsystem...
Shutting down Radiation subsystem...
Shutting down Projectiles subsystem...
Shutting down Processing subsystem...
Shutting down Parallax subsystem...
Shutting down pAI subsystem...
Shutting down Orbits subsystem...
Shutting down Objects subsystem...
Shutting down NPC Pool subsystem...
Shutting down Night Shift subsystem...
Shutting down Mood subsystem...
Shutting down Mobs subsystem...
Shutting down Medals subsystem...
Shutting down Inbounds subsystem...
Shutting down Idling NPC Pool subsystem...
Shutting down Flightpack Movement subsystem...
Shutting down Fire Burning subsystem...
Shutting down Fields subsystem...
Shutting down Fast Processing subsystem...
Shutting down Disease subsystem...
Shutting down Communications subsystem...
Shutting down Augury subsystem...
Shutting down Acid subsystem...
Shutting down Timer subsystem...
Shutting down Circuit subsystem...
Shutting down Machines subsystem...
Shutting down Language subsystem...
Shutting down Atoms subsystem...
Shutting down Networks subsystem...
Shutting down Mapping subsystem...
Shutting down Ticker subsystem...
Shutting down Traits subsystem...
Shutting down Jobs subsystem...
Shutting down Events subsystem...
Shutting down Research subsystem...
Shutting down Input subsystem...
Shutting down Server Tasks subsystem...
Shutting down Blackbox subsystem...
Shutting down Database subsystem...
Shutting down Garbage subsystem...
Shutdown complete
World rebooted at 05:02:20
