

Starting up round ID 479. 14:04:14
---------------------
Initialized Database subsystem within 0 seconds!
Initialized Blackbox subsystem within 0 seconds!
Initialized Server Tasks subsystem within 0 seconds!
Initialized Input subsystem within 0 seconds!
Initialized Research subsystem within 0 seconds!
Initialized Events subsystem within 0 seconds!
Initialized Jobs subsystem within 0 seconds!
Initialized Traits subsystem within 0 seconds!
Initialized Ticker subsystem within 0 seconds!
Loading Box Station...
Loaded Station in 5.2s!
Loaded Lavaland in 4.3s!
Loaded Reebe in 3.8s!
Ruin loader finished with 0 left to spend.
Ruin loader finished with 0 left to spend.
Initialized Mapping subsystem within 20.8 seconds!
Initialized Networks subsystem within 0 seconds!
Initialized Atoms subsystem within 38.2 seconds!
Initialized Language subsystem within 0 seconds!
Initialized Machines subsystem within 0.3 seconds!
Initialized Circuit subsystem within 0.1 seconds!
Initialized Disease subsystem within 0 seconds!
Initialized Medals subsystem within 0 seconds!
Initialized Night Shift subsystem within 0 seconds!
Initialized Parallax subsystem within 0 seconds!
Initialized Traumas subsystem within 0.1 seconds!
Initialized Weather subsystem within 0 seconds!
Initialized Atmospherics subsystem within 11.7 seconds!
Initialized Minimap subsystem within 0 seconds!
Initialized Assets subsystem within 0.9 seconds!
Initialized Icon Smoothing subsystem within 5.1 seconds!
Initialized Overlay subsystem within 24.1 seconds!
Initialized XKeyScore subsystem within 0 seconds!
Initialized Sticky Ban subsystem within 0 seconds!
Initialized Lighting subsystem within 11.1 seconds!
Initialized Shuttle subsystem within 19.9 seconds!
Initialized Squeak subsystem within 0 seconds!
Initialized pathfinder subsystem within 0 seconds!
Loaded 99 engraved messages on map Box Station
Initialized Persistence subsystem within 0.1 seconds!
Initializations complete within 132.4 seconds!
Game start took 1.5s
runtime error: 
[15:06:56]nothing to animate
[15:06:56]proc name: shake camera (/proc/shake_camera)
[15:06:56]  source file: mob_helpers.dm,270
[15:06:56]  usr: (src)
[15:06:56]  src: null
[15:06:56]  call stack:
[15:06:56]shake camera(Beau Richards (/mob/living/carbon/human), 0.75, 1)
[15:06:56]Beau Richards (/mob/living/carbon/human): afterShuttleMove(space (21,20,13) (/turf/open/space/transit/west), /list (/list), 8, 8, 8, 0)
[15:06:56]Beau Richards (/mob/living/carbon/human): afterShuttleMove(space (21,20,13) (/turf/open/space/transit/west), /list (/list), 8, 8, 8, 0)
[15:06:56]the arrivals shuttle (/obj/docking_port/mobile/arrivals): cleanup runway(the arrivals (/obj/docking_port/stationary), /list (/list), /list (/list), /list (/list), /list (/list), 0, 8, Space (/area/space), /turf/open/space/transit/west (/turf/open/space/transit/west), /turf/open/space (/turf/open/space))
[15:06:56]the arrivals shuttle (/obj/docking_port/mobile/arrivals): initiate docking(the arrivals (/obj/docking_port/stationary), 8, 0)
[15:06:56]the arrivals shuttle (/obj/docking_port/mobile/arrivals): initiate docking(the arrivals (/obj/docking_port/stationary), 8)
[15:06:56]the arrivals shuttle (/obj/docking_port/mobile/arrivals): check()
[15:06:56]the arrivals shuttle (/obj/docking_port/mobile/arrivals): check()
[15:06:56]Shuttle (/datum/controller/subsystem/shuttle): fire(0)
[15:06:56]Shuttle (/datum/controller/subsystem/shuttle): ignite(0)
runtime error: 
[15:09:36]nothing to animate
[15:09:36]proc name: shake camera (/proc/shake_camera)
[15:09:36]  source file: mob_helpers.dm,270
[15:09:36]  usr: (src)
[15:09:36]  src: null
[15:09:36]  call stack:
[15:09:36]shake camera(Min Contour (/mob/living/carbon/human), 0.75, 1)
[15:09:36]Min Contour (/mob/living/carbon/human): afterShuttleMove(space (50,20,13) (/turf/open/space/transit/north), /list (/list), 8, 1, 1, 0)
[15:09:36]Min Contour (/mob/living/carbon/human): afterShuttleMove(space (50,20,13) (/turf/open/space/transit/north), /list (/list), 8, 1, 1, 0)
[15:09:36]the mining shuttle (/obj/docking_port/mobile): cleanup runway(the lavaland mine (/obj/docking_port/stationary), /list (/list), /list (/list), /list (/list), /list (/list), 0, 1, Space (/area/space), /turf/open/space/transit/north (/turf/open/space/transit/north), /turf/open/space (/turf/open/space))
[15:09:36]the mining shuttle (/obj/docking_port/mobile): initiate docking(the lavaland mine (/obj/docking_port/stationary), 1, 0)
[15:09:36]the mining shuttle (/obj/docking_port/mobile): check()
[15:09:36]Shuttle (/datum/controller/subsystem/shuttle): fire(0)
[15:09:36]Shuttle (/datum/controller/subsystem/shuttle): ignite(0)
runtime error: 
[15:13:27]nothing to animate
[15:13:27]proc name: shake camera (/proc/shake_camera)
[15:13:27]  source file: mob_helpers.dm,270
[15:13:27]  usr: (src)
[15:13:27]  src: null
[15:13:27]  call stack:
[15:13:27]shake camera(Catitao (/mob/living/carbon/human), 0.75, 1)
[15:13:27]Catitao (/mob/living/carbon/human): afterShuttleMove(space (23,19,13) (/turf/open/space/transit/west), /list (/list), 8, 8, 8, 0)
[15:13:27]Catitao (/mob/living/carbon/human): afterShuttleMove(space (23,19,13) (/turf/open/space/transit/west), /list (/list), 8, 8, 8, 0)
[15:13:27]the arrivals shuttle (/obj/docking_port/mobile/arrivals): cleanup runway(the arrivals (/obj/docking_port/stationary), /list (/list), /list (/list), /list (/list), /list (/list), 0, 8, Space (/area/space), /turf/open/space/transit/west (/turf/open/space/transit/west), /turf/open/space (/turf/open/space))
[15:13:27]the arrivals shuttle (/obj/docking_port/mobile/arrivals): initiate docking(the arrivals (/obj/docking_port/stationary), 8, 0)
[15:13:27]the arrivals shuttle (/obj/docking_port/mobile/arrivals): initiate docking(the arrivals (/obj/docking_port/stationary), 8)
[15:13:27]the arrivals shuttle (/obj/docking_port/mobile/arrivals): check()
[15:13:27]the arrivals shuttle (/obj/docking_port/mobile/arrivals): check()
[15:13:27]Shuttle (/datum/controller/subsystem/shuttle): fire(0)
[15:13:27]Shuttle (/datum/controller/subsystem/shuttle): ignite(0)
runtime error: 
[15:21:06]nothing to animate
[15:21:06]proc name: shake camera (/proc/shake_camera)
[15:21:06]  source file: mob_helpers.dm,270
[15:21:06]  usr: (src)
[15:21:06]  src: null
[15:21:06]  call stack:
[15:21:06]shake camera(Malcolm Mueller (/mob/living/carbon/human), 0.75, 1)
[15:21:06]Malcolm Mueller (/mob/living/carbon/human): afterShuttleMove(space (27,19,13) (/turf/open/space/transit/west), /list (/list), 8, 8, 8, 0)
[15:21:06]Malcolm Mueller (/mob/living/carbon/human): afterShuttleMove(space (27,19,13) (/turf/open/space/transit/west), /list (/list), 8, 8, 8, 0)
[15:21:06]the arrivals shuttle (/obj/docking_port/mobile/arrivals): cleanup runway(the arrivals (/obj/docking_port/stationary), /list (/list), /list (/list), /list (/list), /list (/list), 0, 8, Space (/area/space), /turf/open/space/transit/west (/turf/open/space/transit/west), /turf/open/space (/turf/open/space))
[15:21:06]the arrivals shuttle (/obj/docking_port/mobile/arrivals): initiate docking(the arrivals (/obj/docking_port/stationary), 8, 0)
[15:21:06]the arrivals shuttle (/obj/docking_port/mobile/arrivals): initiate docking(the arrivals (/obj/docking_port/stationary), 8)
[15:21:06]the arrivals shuttle (/obj/docking_port/mobile/arrivals): check()
[15:21:06]the arrivals shuttle (/obj/docking_port/mobile/arrivals): check()
[15:21:06]Shuttle (/datum/controller/subsystem/shuttle): fire(0)
[15:21:06]Shuttle (/datum/controller/subsystem/shuttle): ignite(0)
runtime error: 
[15:22:59]nothing to animate
[15:22:59]proc name: shake camera (/proc/shake_camera)
[15:22:59]  source file: mob_helpers.dm,270
[15:22:59]  usr: (src)
[15:22:59]  src: null
[15:22:59]  call stack:
[15:22:59]shake camera(Gavin Kellogg (/mob/living/carbon/human), 0.75, 1)
[15:22:59]Gavin Kellogg (/mob/living/carbon/human): afterShuttleMove(space (25,18,13) (/turf/open/space/transit/west), /list (/list), 8, 8, 8, 0)
[15:22:59]Gavin Kellogg (/mob/living/carbon/human): afterShuttleMove(space (25,18,13) (/turf/open/space/transit/west), /list (/list), 8, 8, 8, 0)
[15:22:59]the arrivals shuttle (/obj/docking_port/mobile/arrivals): cleanup runway(the arrivals (/obj/docking_port/stationary), /list (/list), /list (/list), /list (/list), /list (/list), 0, 8, Space (/area/space), /turf/open/space/transit/west (/turf/open/space/transit/west), /turf/open/space (/turf/open/space))
[15:22:59]the arrivals shuttle (/obj/docking_port/mobile/arrivals): initiate docking(the arrivals (/obj/docking_port/stationary), 8, 0)
[15:22:59]the arrivals shuttle (/obj/docking_port/mobile/arrivals): initiate docking(the arrivals (/obj/docking_port/stationary), 8)
[15:22:59]the arrivals shuttle (/obj/docking_port/mobile/arrivals): check()
[15:22:59]the arrivals shuttle (/obj/docking_port/mobile/arrivals): check()
[15:22:59]Shuttle (/datum/controller/subsystem/shuttle): fire(0)
[15:22:59]Shuttle (/datum/controller/subsystem/shuttle): ignite(0)
runtime error: 
[15:27:54]nothing to animate
[15:27:54]proc name: shake camera (/proc/shake_camera)
[15:27:54]  source file: mob_helpers.dm,270
[15:27:54]  usr: (src)
[15:27:54]  src: null
[15:27:54]  call stack:
[15:27:54]shake camera(Min Contour (/mob/living/carbon/human), 0.75, 1)
[15:27:54]Min Contour (/mob/living/carbon/human): afterShuttleMove(space (50,20,13) (/turf/open/space/transit/north), /list (/list), 8, 1, 1, 0)
[15:27:54]Min Contour (/mob/living/carbon/human): afterShuttleMove(space (50,20,13) (/turf/open/space/transit/north), /list (/list), 8, 1, 1, 0)
[15:27:54]the mining shuttle (/obj/docking_port/mobile): cleanup runway(the mining shuttle bay (/obj/docking_port/stationary), /list (/list), /list (/list), /list (/list), /list (/list), 0, 1, Space (/area/space), /turf/open/space/transit/north (/turf/open/space/transit/north), /turf/open/space (/turf/open/space))
[15:27:54]the mining shuttle (/obj/docking_port/mobile): initiate docking(the mining shuttle bay (/obj/docking_port/stationary), 1, 0)
[15:27:54]the mining shuttle (/obj/docking_port/mobile): check()
[15:27:54]Shuttle (/datum/controller/subsystem/shuttle): fire(0)
[15:27:54]Shuttle (/datum/controller/subsystem/shuttle): ignite(0)
runtime error: 
[15:28:11]Cannot read null.len
[15:28:11]proc name: MagnetMove (/obj/machinery/magnetic_controller/proc/MagnetMove)
[15:28:11]  source file: magnet.dm,364
[15:28:11]  usr: Beau Richards (/mob/living/carbon/human)
[15:28:11]  src: the magnetic control console (/obj/machinery/magnetic_controller)
[15:28:11]  usr.loc: the floor (149,154,2) (/turf/open/floor/plasteel)
[15:28:11]  src.loc: null
[15:28:11]  call stack:
[15:28:11]the magnetic control console (/obj/machinery/magnetic_controller): MagnetMove()
[15:28:11]the magnetic control console (/obj/machinery/magnetic_controller): Topic("src=\[0x2007560];operation=tog...", /list (/list))
runtime error: 
[15:32:10]nothing to animate
[15:32:10]proc name: shake camera (/proc/shake_camera)
[15:32:10]  source file: mob_helpers.dm,270
[15:32:10]  usr: (src)
[15:32:10]  src: null
[15:32:10]  call stack:
[15:32:10]shake camera(Myrm Daraknyd (/mob/living/carbon/human), 0.75, 1)
[15:32:10]Myrm Daraknyd (/mob/living/carbon/human): afterShuttleMove(space (21,20,13) (/turf/open/space/transit/west), /list (/list), 8, 8, 8, 0)
[15:32:10]Myrm Daraknyd (/mob/living/carbon/human): afterShuttleMove(space (21,20,13) (/turf/open/space/transit/west), /list (/list), 8, 8, 8, 0)
[15:32:10]the arrivals shuttle (/obj/docking_port/mobile/arrivals): cleanup runway(the arrivals (/obj/docking_port/stationary), /list (/list), /list (/list), /list (/list), /list (/list), 0, 8, Space (/area/space), /turf/open/space/transit/west (/turf/open/space/transit/west), /turf/open/space (/turf/open/space))
[15:32:10]the arrivals shuttle (/obj/docking_port/mobile/arrivals): initiate docking(the arrivals (/obj/docking_port/stationary), 8, 0)
[15:32:10]the arrivals shuttle (/obj/docking_port/mobile/arrivals): initiate docking(the arrivals (/obj/docking_port/stationary), 8)
[15:32:10]the arrivals shuttle (/obj/docking_port/mobile/arrivals): check()
[15:32:10]the arrivals shuttle (/obj/docking_port/mobile/arrivals): check()
[15:32:10]Shuttle (/datum/controller/subsystem/shuttle): fire(0)
[15:32:10]Shuttle (/datum/controller/subsystem/shuttle): ignite(0)
runtime error: 
[15:34:09]nothing to animate
[15:34:09]proc name: shake camera (/proc/shake_camera)
[15:34:09]  source file: mob_helpers.dm,270
[15:34:09]  usr: (src)
[15:34:09]  src: null
[15:34:09]  call stack:
[15:34:09]shake camera(Min Contour (/mob/living/carbon/human), 0.75, 1)
[15:34:09]Min Contour (/mob/living/carbon/human): afterShuttleMove(space (18,20,13) (/turf/open/space/transit/north), /list (/list), 8, 1, 1, 0)
[15:34:09]Min Contour (/mob/living/carbon/human): afterShuttleMove(space (18,20,13) (/turf/open/space/transit/north), /list (/list), 8, 1, 1, 0)
[15:34:09]the mining shuttle (/obj/docking_port/mobile): cleanup runway(the lavaland mine (/obj/docking_port/stationary), /list (/list), /list (/list), /list (/list), /list (/list), 0, 1, Space (/area/space), /turf/open/space/transit/north (/turf/open/space/transit/north), /turf/open/space (/turf/open/space))
[15:34:09]the mining shuttle (/obj/docking_port/mobile): initiate docking(the lavaland mine (/obj/docking_port/stationary), 1, 0)
[15:34:09]the mining shuttle (/obj/docking_port/mobile): check()
[15:34:09]Shuttle (/datum/controller/subsystem/shuttle): fire(0)
[15:34:09]Shuttle (/datum/controller/subsystem/shuttle): ignite(0)
runtime error: 
[15:39:40]nothing to animate
[15:39:40]proc name: shake camera (/proc/shake_camera)
[15:39:40]  source file: mob_helpers.dm,270
[15:39:40]  usr: (src)
[15:39:40]  src: null
[15:39:40]  call stack:
[15:39:40]shake camera(Min Contour (/mob/living/carbon/human), 0.75, 1)
[15:39:40]Min Contour (/mob/living/carbon/human): afterShuttleMove(space (50,20,13) (/turf/open/space/transit/north), /list (/list), 8, 1, 1, 0)
[15:39:40]Min Contour (/mob/living/carbon/human): afterShuttleMove(space (50,20,13) (/turf/open/space/transit/north), /list (/list), 8, 1, 1, 0)
[15:39:40]the mining shuttle (/obj/docking_port/mobile): cleanup runway(the mining shuttle bay (/obj/docking_port/stationary), /list (/list), /list (/list), /list (/list), /list (/list), 0, 1, Space (/area/space), /turf/open/space/transit/north (/turf/open/space/transit/north), /turf/open/space (/turf/open/space))
[15:39:40]the mining shuttle (/obj/docking_port/mobile): initiate docking(the mining shuttle bay (/obj/docking_port/stationary), 1, 0)
[15:39:40]the mining shuttle (/obj/docking_port/mobile): check()
[15:39:40]Shuttle (/datum/controller/subsystem/shuttle): fire(0)
[15:39:40]Shuttle (/datum/controller/subsystem/shuttle): ignite(0)
runtime error: 
[15:45:10]nothing to animate
[15:45:10]proc name: shake camera (/proc/shake_camera)
[15:45:10]  source file: mob_helpers.dm,270
[15:45:10]  usr: (src)
[15:45:10]  src: null
[15:45:10]  call stack:
[15:45:10]shake camera(Min Contour (/mob/living/carbon/human), 0.75, 1)
[15:45:10]Min Contour (/mob/living/carbon/human): afterShuttleMove(space (50,20,13) (/turf/open/space/transit/north), /list (/list), 8, 1, 1, 0)
[15:45:10]Min Contour (/mob/living/carbon/human): afterShuttleMove(space (50,20,13) (/turf/open/space/transit/north), /list (/list), 8, 1, 1, 0)
[15:45:10]the mining shuttle (/obj/docking_port/mobile): cleanup runway(the lavaland mine (/obj/docking_port/stationary), /list (/list), /list (/list), /list (/list), /list (/list), 0, 1, Space (/area/space), /turf/open/space/transit/north (/turf/open/space/transit/north), /turf/open/space (/turf/open/space))
[15:45:10]the mining shuttle (/obj/docking_port/mobile): initiate docking(the lavaland mine (/obj/docking_port/stationary), 1, 0)
[15:45:10]the mining shuttle (/obj/docking_port/mobile): check()
[15:45:10]Shuttle (/datum/controller/subsystem/shuttle): fire(0)
[15:45:10]Shuttle (/datum/controller/subsystem/shuttle): ignite(0)
runtime error: 
[15:53:09]nothing to animate
[15:53:09]proc name: shake camera (/proc/shake_camera)
[15:53:09]  source file: mob_helpers.dm,270
[15:53:09]  usr: (src)
[15:53:09]  src: null
[15:53:09]  call stack:
[15:53:09]shake camera(Min Contour (/mob/living/carbon/human), 0.75, 1)
[15:53:09]Min Contour (/mob/living/carbon/human): afterShuttleMove(space (50,20,13) (/turf/open/space/transit/north), /list (/list), 8, 1, 1, 0)
[15:53:09]Min Contour (/mob/living/carbon/human): afterShuttleMove(space (50,20,13) (/turf/open/space/transit/north), /list (/list), 8, 1, 1, 0)
[15:53:09]the mining shuttle (/obj/docking_port/mobile): cleanup runway(the mining shuttle bay (/obj/docking_port/stationary), /list (/list), /list (/list), /list (/list), /list (/list), 0, 1, Space (/area/space), /turf/open/space/transit/north (/turf/open/space/transit/north), /turf/open/space (/turf/open/space))
[15:53:09]the mining shuttle (/obj/docking_port/mobile): initiate docking(the mining shuttle bay (/obj/docking_port/stationary), 1, 0)
[15:53:09]the mining shuttle (/obj/docking_port/mobile): check()
[15:53:09]Shuttle (/datum/controller/subsystem/shuttle): fire(0)
[15:53:09]Shuttle (/datum/controller/subsystem/shuttle): ignite(0)
runtime error: 
[15:56:53]nothing to animate
[15:56:53]proc name: shake camera (/proc/shake_camera)
[15:56:53]  source file: mob_helpers.dm,270
[15:56:53]  usr: (src)
[15:56:53]  src: null
[15:56:53]  call stack:
[15:56:53]shake camera(Malcolm Enderly (/mob/living/carbon/human), 0.75, 1)
[15:56:53]Malcolm Enderly (/mob/living/carbon/human): afterShuttleMove(space (25,20,13) (/turf/open/space/transit/west), /list (/list), 8, 8, 8, 0)
[15:56:53]Malcolm Enderly (/mob/living/carbon/human): afterShuttleMove(space (25,20,13) (/turf/open/space/transit/west), /list (/list), 8, 8, 8, 0)
[15:56:53]the arrivals shuttle (/obj/docking_port/mobile/arrivals): cleanup runway(the arrivals (/obj/docking_port/stationary), /list (/list), /list (/list), /list (/list), /list (/list), 0, 8, Space (/area/space), /turf/open/space/transit/west (/turf/open/space/transit/west), /turf/open/space (/turf/open/space))
[15:56:53]the arrivals shuttle (/obj/docking_port/mobile/arrivals): initiate docking(the arrivals (/obj/docking_port/stationary), 8, 0)
[15:56:53]the arrivals shuttle (/obj/docking_port/mobile/arrivals): initiate docking(the arrivals (/obj/docking_port/stationary), 8)
[15:56:53]the arrivals shuttle (/obj/docking_port/mobile/arrivals): check()
[15:56:53]the arrivals shuttle (/obj/docking_port/mobile/arrivals): check()
[15:56:53]Shuttle (/datum/controller/subsystem/shuttle): fire(0)
[15:56:53]Shuttle (/datum/controller/subsystem/shuttle): ignite(0)
runtime error: 
[15:58:48]nothing to animate
[15:58:48]proc name: shake camera (/proc/shake_camera)
[15:58:48]  source file: mob_helpers.dm,270
[15:58:48]  usr: (src)
[15:58:48]  src: null
[15:58:48]  call stack:
[15:58:48]shake camera(Min Contour (/mob/living/carbon/human), 0.75, 1)
[15:58:48]Min Contour (/mob/living/carbon/human): afterShuttleMove(space (50,20,13) (/turf/open/space/transit/north), /list (/list), 8, 1, 1, 0)
[15:58:48]Min Contour (/mob/living/carbon/human): afterShuttleMove(space (50,20,13) (/turf/open/space/transit/north), /list (/list), 8, 1, 1, 0)
[15:58:48]the mining shuttle (/obj/docking_port/mobile): cleanup runway(the lavaland mine (/obj/docking_port/stationary), /list (/list), /list (/list), /list (/list), /list (/list), 0, 1, Space (/area/space), /turf/open/space/transit/north (/turf/open/space/transit/north), /turf/open/space (/turf/open/space))
[15:58:48]the mining shuttle (/obj/docking_port/mobile): initiate docking(the lavaland mine (/obj/docking_port/stationary), 1, 0)
[15:58:48]the mining shuttle (/obj/docking_port/mobile): check()
[15:58:48]Shuttle (/datum/controller/subsystem/shuttle): fire(0)
[15:58:48]Shuttle (/datum/controller/subsystem/shuttle): ignite(0)
runtime error: 
[16:06:29]nothing to animate
[16:06:29]proc name: shake camera (/proc/shake_camera)
[16:06:29]  source file: mob_helpers.dm,270
[16:06:29]  usr: (src)
[16:06:29]  src: null
[16:06:29]  call stack:
[16:06:29]shake camera(Nazuux-Shei (/mob/living/carbon/human), 0.75, 1)
[16:06:29]Nazuux-Shei (/mob/living/carbon/human): afterShuttleMove(space (27,18,13) (/turf/open/space/transit/west), /list (/list), 8, 8, 8, 0)
[16:06:29]Nazuux-Shei (/mob/living/carbon/human): afterShuttleMove(space (27,18,13) (/turf/open/space/transit/west), /list (/list), 8, 8, 8, 0)
[16:06:29]the arrivals shuttle (/obj/docking_port/mobile/arrivals): cleanup runway(the arrivals (/obj/docking_port/stationary), /list (/list), /list (/list), /list (/list), /list (/list), 0, 8, Space (/area/space), /turf/open/space/transit/west (/turf/open/space/transit/west), /turf/open/space (/turf/open/space))
[16:06:29]the arrivals shuttle (/obj/docking_port/mobile/arrivals): initiate docking(the arrivals (/obj/docking_port/stationary), 8, 0)
[16:06:29]the arrivals shuttle (/obj/docking_port/mobile/arrivals): initiate docking(the arrivals (/obj/docking_port/stationary), 8)
[16:06:29]the arrivals shuttle (/obj/docking_port/mobile/arrivals): check()
[16:06:29]the arrivals shuttle (/obj/docking_port/mobile/arrivals): check()
[16:06:29]Shuttle (/datum/controller/subsystem/shuttle): fire(0)
[16:06:29]Shuttle (/datum/controller/subsystem/shuttle): ignite(0)
runtime error: 
[16:08:15]nothing to animate
[16:08:15]proc name: shake camera (/proc/shake_camera)
[16:08:15]  source file: mob_helpers.dm,270
[16:08:15]  usr: (src)
[16:08:15]  src: null
[16:08:15]  call stack:
[16:08:15]shake camera(Tucker Aultman (/mob/living/carbon/human), 0.75, 1)
[16:08:15]Tucker Aultman (/mob/living/carbon/human): afterShuttleMove(space (25,19,13) (/turf/open/space/transit/west), /list (/list), 8, 8, 8, 0)
[16:08:15]Tucker Aultman (/mob/living/carbon/human): afterShuttleMove(space (25,19,13) (/turf/open/space/transit/west), /list (/list), 8, 8, 8, 0)
[16:08:15]the arrivals shuttle (/obj/docking_port/mobile/arrivals): cleanup runway(the arrivals (/obj/docking_port/stationary), /list (/list), /list (/list), /list (/list), /list (/list), 0, 8, Space (/area/space), /turf/open/space/transit/west (/turf/open/space/transit/west), /turf/open/space (/turf/open/space))
[16:08:15]the arrivals shuttle (/obj/docking_port/mobile/arrivals): initiate docking(the arrivals (/obj/docking_port/stationary), 8, 0)
[16:08:15]the arrivals shuttle (/obj/docking_port/mobile/arrivals): initiate docking(the arrivals (/obj/docking_port/stationary), 8)
[16:08:15]the arrivals shuttle (/obj/docking_port/mobile/arrivals): check()
[16:08:15]the arrivals shuttle (/obj/docking_port/mobile/arrivals): check()
[16:08:15]Shuttle (/datum/controller/subsystem/shuttle): fire(0)
[16:08:15]Shuttle (/datum/controller/subsystem/shuttle): ignite(0)
runtime error: 
[16:12:34]nothing to animate
[16:12:34]proc name: shake camera (/proc/shake_camera)
[16:12:34]  source file: mob_helpers.dm,270
[16:12:34]  usr: (src)
[16:12:34]  src: null
[16:12:34]  call stack:
[16:12:34]shake camera(Min Contour (/mob/living/carbon/human), 0.75, 1)
[16:12:34]Min Contour (/mob/living/carbon/human): afterShuttleMove(space (50,20,13) (/turf/open/space/transit/north), /list (/list), 8, 1, 1, 0)
[16:12:34]Min Contour (/mob/living/carbon/human): afterShuttleMove(space (50,20,13) (/turf/open/space/transit/north), /list (/list), 8, 1, 1, 0)
[16:12:34]the mining shuttle (/obj/docking_port/mobile): cleanup runway(the mining shuttle bay (/obj/docking_port/stationary), /list (/list), /list (/list), /list (/list), /list (/list), 0, 1, Space (/area/space), /turf/open/space/transit/north (/turf/open/space/transit/north), /turf/open/space (/turf/open/space))
[16:12:34]the mining shuttle (/obj/docking_port/mobile): initiate docking(the mining shuttle bay (/obj/docking_port/stationary), 1, 0)
[16:12:34]the mining shuttle (/obj/docking_port/mobile): check()
[16:12:34]Shuttle (/datum/controller/subsystem/shuttle): fire(0)
[16:12:34]Shuttle (/datum/controller/subsystem/shuttle): ignite(0)
runtime error: 
[16:15:47]nothing to animate
[16:15:47]proc name: shake camera (/proc/shake_camera)
[16:15:47]  source file: mob_helpers.dm,270
[16:15:47]  usr: (src)
[16:15:47]  src: null
[16:15:47]  call stack:
[16:15:47]shake camera(Min Contour (/mob/living/carbon/human), 0.75, 1)
[16:15:47]Min Contour (/mob/living/carbon/human): afterShuttleMove(space (50,20,13) (/turf/open/space/transit/north), /list (/list), 8, 1, 1, 0)
[16:15:47]Min Contour (/mob/living/carbon/human): afterShuttleMove(space (50,20,13) (/turf/open/space/transit/north), /list (/list), 8, 1, 1, 0)
[16:15:47]the mining shuttle (/obj/docking_port/mobile): cleanup runway(the mining shuttle bay (/obj/docking_port/stationary), /list (/list), /list (/list), /list (/list), /list (/list), 0, 1, Space (/area/space), /turf/open/space/transit/north (/turf/open/space/transit/north), /turf/open/space (/turf/open/space))
[16:15:47]the mining shuttle (/obj/docking_port/mobile): initiate docking(the mining shuttle bay (/obj/docking_port/stationary), 1, 0)
[16:15:47]the mining shuttle (/obj/docking_port/mobile): check()
[16:15:47]Shuttle (/datum/controller/subsystem/shuttle): fire(0)
[16:15:47]Shuttle (/datum/controller/subsystem/shuttle): ignite(0)
runtime error: 
[16:19:55]nothing to animate
[16:19:55]proc name: shake camera (/proc/shake_camera)
[16:19:55]  source file: mob_helpers.dm,270
[16:19:55]  usr: (src)
[16:19:55]  src: null
[16:19:55]  call stack:
[16:19:55]shake camera(Min Contour (/mob/living/carbon/human), 0.75, 1)
[16:19:55]Min Contour (/mob/living/carbon/human): afterShuttleMove(space (50,20,13) (/turf/open/space/transit/north), /list (/list), 8, 1, 1, 0)
[16:19:55]Min Contour (/mob/living/carbon/human): afterShuttleMove(space (50,20,13) (/turf/open/space/transit/north), /list (/list), 8, 1, 1, 0)
[16:19:55]the mining shuttle (/obj/docking_port/mobile): cleanup runway(the lavaland mine (/obj/docking_port/stationary), /list (/list), /list (/list), /list (/list), /list (/list), 0, 1, Space (/area/space), /turf/open/space/transit/north (/turf/open/space/transit/north), /turf/open/space (/turf/open/space))
[16:19:55]the mining shuttle (/obj/docking_port/mobile): initiate docking(the lavaland mine (/obj/docking_port/stationary), 1, 0)
[16:19:55]the mining shuttle (/obj/docking_port/mobile): check()
[16:19:55]Shuttle (/datum/controller/subsystem/shuttle): fire(0)
[16:19:55]Shuttle (/datum/controller/subsystem/shuttle): ignite(0)
runtime error: 
[16:24:42]nothing to animate
[16:24:42]proc name: shake camera (/proc/shake_camera)
[16:24:42]  source file: mob_helpers.dm,270
runtime error: 
[16:28:17]nothing to animate
[16:28:17]proc name: shake camera (/proc/shake_camera)
[16:28:17]  source file: mob_helpers.dm,270
runtime error: 
[16:30:53]nothing to animate
[16:30:53]proc name: shake camera (/proc/shake_camera)
[16:30:53]  source file: mob_helpers.dm,270
runtime error: 
[16:31:14]nothing to animate
[16:31:14]proc name: shake camera (/proc/shake_camera)
[16:31:14]  source file: mob_helpers.dm,270
runtime error: 
[16:31:47]nothing to animate
[16:31:47]proc name: shake camera (/proc/shake_camera)
[16:31:47]  source file: mob_helpers.dm,270
runtime error: 
[16:31:47]nothing to animate
[16:31:47]proc name: shake camera (/proc/shake_camera)
[16:31:47]  source file: mob_helpers.dm,270
runtime error: 
[16:38:18]nothing to animate
[16:38:18]proc name: shake camera (/proc/shake_camera)
[16:38:18]  source file: mob_helpers.dm,270
runtime error: 
[16:43:45]nothing to animate
[16:43:45]proc name: shake camera (/proc/shake_camera)
[16:43:45]  source file: mob_helpers.dm,270
runtime error: 
[16:48:14]nothing to animate
[16:48:14]proc name: shake camera (/proc/shake_camera)
[16:48:14]  source file: mob_helpers.dm,270
runtime error: 
[16:55:20]nothing to animate
[16:55:20]proc name: shake camera (/proc/shake_camera)
[16:55:20]  source file: mob_helpers.dm,270
runtime error: 
[16:56:29]nothing to animate
[16:56:29]proc name: shake camera (/proc/shake_camera)
[16:56:29]  source file: mob_helpers.dm,270
runtime error: 
[16:57:45]nothing to animate
[16:57:45]proc name: shake camera (/proc/shake_camera)
[16:57:45]  source file: mob_helpers.dm,270
runtime error: 
[17:00:55]nothing to animate
[17:00:55]proc name: shake camera (/proc/shake_camera)
[17:00:55]  source file: mob_helpers.dm,270
runtime error: 
[17:01:23]nothing to animate
[17:01:23]proc name: shake camera (/proc/shake_camera)
[17:01:23]  source file: mob_helpers.dm,270
runtime error: 
[17:02:01]nothing to animate
[17:02:01]proc name: shake camera (/proc/shake_camera)
[17:02:01]  source file: mob_helpers.dm,270
runtime error: 
[17:09:51]addtimer called with a callback assigned to a qdeleted object
[17:09:51]proc name: stack trace (/proc/stack_trace)
[17:09:51]  source file: unsorted.dm,1254
runtime error: 
[17:09:52]addtimer called with a callback assigned to a qdeleted object
[17:09:52]proc name: stack trace (/proc/stack_trace)
[17:09:52]  source file: unsorted.dm,1254
runtime error: 
[17:11:41]nothing to animate
[17:11:41]proc name: shake camera (/proc/shake_camera)
[17:11:41]  source file: mob_helpers.dm,270
runtime error: 
[17:13:00]nothing to animate
[17:13:00]proc name: shake camera (/proc/shake_camera)
[17:13:00]  source file: mob_helpers.dm,270
runtime error: 
[17:13:10]nothing to animate
[17:13:10]proc name: shake camera (/proc/shake_camera)
[17:13:10]  source file: mob_helpers.dm,270
runtime error: 
[17:13:25]bad client
[17:13:25]proc name: open (/datum/browser/modal/open)
[17:13:25]  source file: browser.dm,212
runtime error: 
[17:13:27]nothing to animate
[17:13:27]proc name: shake camera (/proc/shake_camera)
[17:13:27]  source file: mob_helpers.dm,270
runtime error: 
[17:14:11]nothing to animate
[17:14:11]proc name: shake camera (/proc/shake_camera)
[17:14:11]  source file: mob_helpers.dm,270
runtime error: 
[17:14:11]nothing to animate
[17:14:11]proc name: shake camera (/proc/shake_camera)
[17:14:11]  source file: mob_helpers.dm,270
runtime error: 
[17:14:11]nothing to animate
[17:14:11]proc name: shake camera (/proc/shake_camera)
[17:14:11]  source file: mob_helpers.dm,270
runtime error: 
[17:16:33]Cannot read null.revivecost
[17:16:33]proc name: update power (/obj/item/defibrillator/proc/update_power)
[17:16:33]  source file: defib.dm,50
runtime error: 
[17:16:34]Cannot read null.species
[17:16:34]proc name: remove (/datum/trait/deviant_tastes/remove)
[17:16:34]  source file: neutral.dm,31
runtime error: 
[17:16:34]Cannot execute null.GetAtmosAdjacentTurfs().
[17:16:34]proc name: expand (/obj/structure/alien/weeds/proc/expand)
[17:16:34]  source file: aliens.dm,155
runtime error: 
[17:16:52]Cannot execute null.CanPass().
[17:16:52]proc name: bartender check (/obj/item/reagent_containers/proc/bartender_check)
[17:16:52]  source file: reagent_containers.dm,83
runtime error: 
[17:17:53]Cannot execute null.GetAtmosAdjacentTurfs().
[17:17:53]proc name: expand (/obj/structure/alien/weeds/proc/expand)
[17:17:53]  source file: aliens.dm,155
runtime error: 
[17:18:36]nothing to animate
[17:18:36]proc name: shake camera (/proc/shake_camera)
[17:18:36]  source file: mob_helpers.dm,270
runtime error: 
[17:23:01]Cannot read null.loc
[17:23:01]proc name: update parallax (/datum/hud/proc/update_parallax)
[17:23:01]  source file: parallax.dm,170
runtime error: 
[17:23:01]Cannot modify null.moved.
[17:23:01]proc name: Remove (/datum/action/proc/Remove)
[17:23:01]  source file: action.dm,79
runtime error: 
[17:23:01]Cannot read null.species
[17:23:01]proc name: remove (/datum/trait/deviant_tastes/remove)
[17:23:01]  source file: neutral.dm,31
runtime error: 
[17:24:53]Cannot read null.client
[17:24:53]proc name: remove from client (/datum/action/vote/proc/remove_from_client)
[17:24:53]  source file: vote.dm,321
runtime error: 
[17:24:53]Cannot read null.client
[17:24:53]proc name: remove from client (/datum/action/vote/proc/remove_from_client)
[17:24:53]  source file: vote.dm,321
runtime error: 
[17:24:53]Cannot read null.client
[17:24:53]proc name: remove from client (/datum/action/vote/proc/remove_from_client)
[17:24:53]  source file: vote.dm,321
runtime error: 
[17:24:53]Cannot read null.client
[17:24:53]proc name: remove from client (/datum/action/vote/proc/remove_from_client)
[17:24:53]  source file: vote.dm,321
runtime error: 
[17:24:53]Cannot read null.client
[17:24:53]proc name: remove from client (/datum/action/vote/proc/remove_from_client)
[17:24:53]  source file: vote.dm,321
runtime error: 
[17:24:53]Cannot read null.client
[17:24:53]proc name: remove from client (/datum/action/vote/proc/remove_from_client)
[17:24:53]  source file: vote.dm,321
runtime error: 
[17:25:39]nothing to animate
[17:25:39]proc name: shake camera (/proc/shake_camera)
[17:25:39]  source file: mob_helpers.dm,270
Shutting down Persistence subsystem...
Shutting down pathfinder subsystem...
Shutting down Squeak subsystem...
Shutting down Shuttle subsystem...
Shutting down Lighting subsystem...
Shutting down XKeyScore subsystem...
Shutting down Sticky Ban subsystem...
Shutting down Overlay subsystem...
Shutting down Icon Smoothing subsystem...
Shutting down Assets subsystem...
Shutting down Minimap subsystem...
Shutting down Atmospherics subsystem...
Shutting down Wet floors subsystem...
Shutting down Weather subsystem...
Shutting down Vote subsystem...
Shutting down Traumas subsystem...
Shutting down Title Screen subsystem...
Shutting down Time Tracking subsystem...
Shutting down Throwing subsystem...
Shutting down tgui subsystem...
Shutting down Sun subsystem...
Shutting down Space Drift subsystem...
Shutting down Religion subsystem...
Shutting down Radio subsystem...
Shutting down Radiation subsystem...
Shutting down Projectiles subsystem...
Shutting down Processing subsystem...
Shutting down Parallax subsystem...
Shutting down pAI subsystem...
Shutting down Orbits subsystem...
Shutting down Objects subsystem...
Shutting down NPC Pool subsystem...
Shutting down Night Shift subsystem...
Shutting down Mood subsystem...
Shutting down Mobs subsystem...
Shutting down Medals subsystem...
Shutting down Inbounds subsystem...
Shutting down Idling NPC Pool subsystem...
Shutting down Flightpack Movement subsystem...
Shutting down Fire Burning subsystem...
Shutting down Fields subsystem...
Shutting down Fast Processing subsystem...
Shutting down Disease subsystem...
Shutting down Communications subsystem...
Shutting down Augury subsystem...
Shutting down Acid subsystem...
Shutting down Timer subsystem...
Shutting down Circuit subsystem...
Shutting down Machines subsystem...
Shutting down Language subsystem...
Shutting down Atoms subsystem...
Shutting down Networks subsystem...
Shutting down Mapping subsystem...
Shutting down Ticker subsystem...
Shutting down Traits subsystem...
Shutting down Jobs subsystem...
Shutting down Events subsystem...
Shutting down Research subsystem...
Shutting down Input subsystem...
Shutting down Server Tasks subsystem...
Shutting down Blackbox subsystem...
Shutting down Database subsystem...
Shutting down Garbage subsystem...
Shutdown complete
World rebooted at 17:31:14
