[2018-08-16 12:22:00.888] Starting up round ID 1965.
[2018-08-16 12:22:00.888] -------------------------
[2018-08-16 12:22:02.339] Initialized Database subsystem within 0 seconds!
[2018-08-16 12:22:02.340] Initialized Blackbox subsystem within 0 seconds!
[2018-08-16 12:22:02.340] Initialized Server Tasks subsystem within 0 seconds!
[2018-08-16 12:22:02.341] Initialized Input subsystem within 0 seconds!
[2018-08-16 12:22:02.399] Initialized Research subsystem within 0 seconds!
[2018-08-16 12:22:02.405] Initialized Events subsystem within 0 seconds!
[2018-08-16 12:22:02.412] Initialized Jobs subsystem within 0 seconds!
[2018-08-16 12:22:02.414] Initialized Quirks subsystem within 0 seconds!
[2018-08-16 12:22:02.424] Initialized Ticker subsystem within 0 seconds!
[2018-08-16 12:22:02.425] Loading Box Station...
[2018-08-16 12:22:08.304] Loaded Station in 5.9s!
[2018-08-16 12:22:14.090] Loaded Lavaland in 5.5s!
[2018-08-16 12:22:18.121] Ruin loader finished with 0 left to spend.
[2018-08-16 12:22:19.924] Ruin loader finished with 0 left to spend.
[2018-08-16 12:22:30.227] Initialized Mapping subsystem within 27.8 seconds!
[2018-08-16 12:22:30.229] Initialized Networks subsystem within 0 seconds!
[2018-08-16 12:23:18.502] Initialized Atoms subsystem within 48.3 seconds!
[2018-08-16 12:23:18.521] Initialized Language subsystem within 0 seconds!
[2018-08-16 12:23:18.940] Initialized Machines subsystem within 0.4 seconds!
[2018-08-16 12:23:19.002] Initialized Circuit subsystem within 0.1 seconds!
[2018-08-16 12:23:19.004] Initialized Disease subsystem within 0 seconds!
[2018-08-16 12:23:19.004] Initialized Medals subsystem within 0 seconds!
[2018-08-16 12:23:19.004] Initialized Night Shift subsystem within 0 seconds!
[2018-08-16 12:23:19.004] Initialized Parallax subsystem within 0 seconds!
[2018-08-16 12:23:19.136] Initialized Traumas subsystem within 0.1 seconds!
[2018-08-16 12:23:19.137] Initialized Weather subsystem within 0 seconds!
[2018-08-16 12:24:39.252] Initialized Atmospherics subsystem within 80.1 seconds!
[2018-08-16 12:24:39.270] Initialized Minimap subsystem within 0 seconds!
[2018-08-16 12:24:41.650] Initialized Assets subsystem within 2.4 seconds!
[2018-08-16 12:24:48.092] Initialized Icon Smoothing subsystem within 6.4 seconds!
[2018-08-16 12:24:49.727] Initialized Overlay subsystem within 1.7 seconds!
[2018-08-16 12:24:49.727] Initialized XKeyScore subsystem within 0 seconds!
[2018-08-16 12:24:49.729] Initialized Sticky Ban subsystem within 0 seconds!
[2018-08-16 12:25:06.402] Initialized Lighting subsystem within 16.7 seconds!
[2018-08-16 12:25:09.541] Initialized Shuttle subsystem within 3.1 seconds!
[2018-08-16 12:25:09.580] Initialized Squeak subsystem within 0 seconds!
[2018-08-16 12:25:09.582] Initialized Pathfinder subsystem within 0 seconds!
[2018-08-16 12:25:09.635] Loaded 20 engraved messages on map Box Station
[2018-08-16 12:25:09.663] Initialized Persistence subsystem within 0.1 seconds!
[2018-08-16 12:25:09.664] Initializations complete within 187.3 seconds!
[2018-08-16 12:26:17.996] Game start took 1.3s
[2018-08-16 12:26:22.264] runtime error: Cannot modify null.icon_state.
[2018-08-16 12:26:22.264] proc name: update mood icon (/datum/component/mood/proc/update_mood_icon)
[2018-08-16 12:26:22.264]   source file: mood.dm,122
[2018-08-16 12:26:22.264]   usr:  (/mob/living/carbon/human)
[2018-08-16 12:26:22.264]   src: /datum/component/mood (/datum/component/mood)
[2018-08-16 12:26:22.264]   usr.loc: the floor (82,112,2) (/turf/open/floor/plasteel)
[2018-08-16 12:26:22.264]   call stack:
[2018-08-16 12:26:22.264] /datum/component/mood (/datum/component/mood): update mood icon()
[2018-08-16 12:26:22.264] /datum/component/mood (/datum/component/mood): update mood()
[2018-08-16 12:26:22.264] /datum/component/mood (/datum/component/mood): add event("nutrition", /datum/mood_event/nutrition/fe... (/datum/mood_event/nutrition/fed), null)
[2018-08-16 12:26:22.264] /datum/callback (/datum/callback): Invoke("nutrition", /datum/mood_event/nutrition/fe... (/datum/mood_event/nutrition/fed))
[2018-08-16 12:26:22.264] world: PushUsr( (/mob/living/carbon/human), /datum/callback (/datum/callback), "nutrition", /datum/mood_event/nutrition/fe... (/datum/mood_event/nutrition/fed))
[2018-08-16 12:26:22.264] /datum/callback (/datum/callback): InvokeAsync("nutrition", /datum/mood_event/nutrition/fe... (/datum/mood_event/nutrition/fed))
[2018-08-16 12:26:22.264]  (/mob/living/carbon/human):  SendSignal("add_mood", /list (/list))
[2018-08-16 12:26:22.264] Human (/datum/species/human): handle digestion( (/mob/living/carbon/human))
[2018-08-16 12:26:22.264] the stomach (/obj/item/organ/stomach): on life()
[2018-08-16 12:26:22.264]  (/mob/living/carbon/human): handle organs()
[2018-08-16 12:26:22.264]  (/mob/living/carbon/human): Life(2, 1)
[2018-08-16 12:26:22.264]  (/mob/living/carbon/human): Life(2, 1)
[2018-08-16 12:26:22.264] Mobs (/datum/controller/subsystem/mobs): fire(0)
[2018-08-16 12:26:22.264] Mobs (/datum/controller/subsystem/mobs): ignite(0)
[2018-08-16 12:26:22.264] Master (/datum/controller/master): RunQueue()
[2018-08-16 12:26:22.264] Master (/datum/controller/master): Loop()
[2018-08-16 12:26:22.264] Master (/datum/controller/master): StartProcessing(0)
[2018-08-16 12:26:22.264] 
[2018-08-16 12:26:22.267] runtime error: Cannot modify null.icon_state.
[2018-08-16 12:26:22.267] proc name: update mood icon (/datum/component/mood/proc/update_mood_icon)
[2018-08-16 12:26:22.267]   source file: mood.dm,122
[2018-08-16 12:26:22.267]   usr:  (/mob/living/carbon/human)
[2018-08-16 12:26:22.267]   src: /datum/component/mood (/datum/component/mood)
[2018-08-16 12:26:22.267]   usr.loc: the floor (175,119,2) (/turf/open/floor/plasteel)
[2018-08-16 12:26:22.267]   call stack:
[2018-08-16 12:26:22.267] /datum/component/mood (/datum/component/mood): update mood icon()
[2018-08-16 12:26:22.267] /datum/component/mood (/datum/component/mood): update mood()
[2018-08-16 12:26:22.267] /datum/component/mood (/datum/component/mood): add event("nutrition", /datum/mood_event/nutrition/fe... (/datum/mood_event/nutrition/fed), null)
[2018-08-16 12:26:22.267] /datum/callback (/datum/callback): Invoke("nutrition", /datum/mood_event/nutrition/fe... (/datum/mood_event/nutrition/fed))
[2018-08-16 12:26:22.267] world: PushUsr( (/mob/living/carbon/human), /datum/callback (/datum/callback), "nutrition", /datum/mood_event/nutrition/fe... (/datum/mood_event/nutrition/fed))
[2018-08-16 12:26:22.267] /datum/callback (/datum/callback): InvokeAsync("nutrition", /datum/mood_event/nutrition/fe... (/datum/mood_event/nutrition/fed))
[2018-08-16 12:26:22.267]  (/mob/living/carbon/human):  SendSignal("add_mood", /list (/list))
[2018-08-16 12:26:22.267] Human (/datum/species/human): handle digestion( (/mob/living/carbon/human))
[2018-08-16 12:26:22.267] the stomach (/obj/item/organ/stomach): on life()
[2018-08-16 12:26:22.267]  (/mob/living/carbon/human): handle organs()
[2018-08-16 12:26:22.267]  (/mob/living/carbon/human): Life(2, 1)
[2018-08-16 12:26:22.267]  (/mob/living/carbon/human): Life(2, 1)
[2018-08-16 12:26:22.267] Mobs (/datum/controller/subsystem/mobs): fire(0)
[2018-08-16 12:26:22.267] Mobs (/datum/controller/subsystem/mobs): ignite(0)
[2018-08-16 12:26:22.267] Master (/datum/controller/master): RunQueue()
[2018-08-16 12:26:22.267] Master (/datum/controller/master): Loop()
[2018-08-16 12:26:22.267] Master (/datum/controller/master): StartProcessing(0)
[2018-08-16 12:26:22.267] 
[2018-08-16 12:26:23.676] runtime error: Cannot modify null.icon_state.
[2018-08-16 12:26:23.676] proc name: update mood icon (/datum/component/mood/proc/update_mood_icon)
[2018-08-16 12:26:23.676]   source file: mood.dm,122
[2018-08-16 12:26:23.676]   usr: Harlow Moriarty (/mob/living/carbon/human)
[2018-08-16 12:26:23.676]   src: /datum/component/mood (/datum/component/mood)
[2018-08-16 12:26:23.676]   usr.loc: the floor (82,112,2) (/turf/open/floor/plasteel)
[2018-08-16 12:26:23.676]   call stack:
[2018-08-16 12:26:23.676] /datum/component/mood (/datum/component/mood): update mood icon()
[2018-08-16 12:26:23.676] /datum/component/mood (/datum/component/mood): update mood()
[2018-08-16 12:26:23.676] /datum/component/mood (/datum/component/mood): add event("antag_moodlet", /datum/mood_event/focused (/datum/mood_event/focused), null)
[2018-08-16 12:26:23.676] /datum/callback (/datum/callback): Invoke("antag_moodlet", /datum/mood_event/focused (/datum/mood_event/focused))
[2018-08-16 12:26:23.676] world: PushUsr(Harlow Moriarty (/mob/living/carbon/human), /datum/callback (/datum/callback), "antag_moodlet", /datum/mood_event/focused (/datum/mood_event/focused))
[2018-08-16 12:26:23.676] /datum/callback (/datum/callback): InvokeAsync("antag_moodlet", /datum/mood_event/focused (/datum/mood_event/focused))
[2018-08-16 12:26:23.676] Harlow Moriarty (/mob/living/carbon/human):  SendSignal("add_mood", /list (/list))
[2018-08-16 12:26:23.676] Traitor (/datum/antagonist/traitor): give antag moodies()
[2018-08-16 12:26:23.676] Traitor (/datum/antagonist/traitor): on gain()
[2018-08-16 12:26:23.676] Traitor (/datum/antagonist/traitor): on gain()
[2018-08-16 12:26:23.676] Harlow Moriarty (/datum/mind): add antag datum(Traitor (/datum/antagonist/traitor), null)
[2018-08-16 12:26:23.676] /datum/callback (/datum/callback): InvokeAsync()
[2018-08-16 12:26:23.676] Timer (/datum/controller/subsystem/timer): fire(0)
[2018-08-16 12:26:23.676] Timer (/datum/controller/subsystem/timer): ignite(0)
[2018-08-16 12:26:23.676] Master (/datum/controller/master): RunQueue()
[2018-08-16 12:26:23.676] Master (/datum/controller/master): Loop()
[2018-08-16 12:26:23.676] Master (/datum/controller/master): StartProcessing(0)
[2018-08-16 12:26:23.676] 
[2018-08-16 12:28:47.904] runtime error: Cannot modify null.icon_state.
[2018-08-16 12:28:47.904] proc name: update mood icon (/datum/component/mood/proc/update_mood_icon)
[2018-08-16 12:28:47.904]   source file: mood.dm,122
[2018-08-16 12:28:47.904]   usr: null
[2018-08-16 12:28:47.904]   src: /datum/component/mood (/datum/component/mood)
[2018-08-16 12:28:47.904]   call stack:
[2018-08-16 12:28:47.904] /datum/component/mood (/datum/component/mood): update mood icon()
[2018-08-16 12:28:47.904] /datum/component/mood (/datum/component/mood): update mood()
[2018-08-16 12:28:47.904] /datum/component/mood (/datum/component/mood): add event("jolly", /datum/mood_event/jolly (/datum/mood_event/jolly), null)
[2018-08-16 12:28:47.904] /datum/component/mood (/datum/component/mood): process(10)
[2018-08-16 12:28:47.904] Mood (/datum/controller/subsystem/processing/mood): fire(0)
[2018-08-16 12:28:47.904] Mood (/datum/controller/subsystem/processing/mood): ignite(0)
[2018-08-16 12:28:47.904] Master (/datum/controller/master): RunQueue()
[2018-08-16 12:28:47.904] Master (/datum/controller/master): Loop()
[2018-08-16 12:28:47.904] Master (/datum/controller/master): StartProcessing(0)
[2018-08-16 12:28:47.904] 
[2018-08-16 12:30:48.294] runtime error: Cannot modify null.icon_state.
[2018-08-16 12:30:48.294] proc name: update mood icon (/datum/component/mood/proc/update_mood_icon)
[2018-08-16 12:30:48.294]   source file: mood.dm,122
[2018-08-16 12:30:48.294]   usr: null
[2018-08-16 12:30:48.294]   src: /datum/component/mood (/datum/component/mood)
[2018-08-16 12:30:48.294]   call stack:
[2018-08-16 12:30:48.294] /datum/component/mood (/datum/component/mood): update mood icon()
[2018-08-16 12:30:48.294] /datum/component/mood (/datum/component/mood): update mood()
[2018-08-16 12:30:48.294] /datum/component/mood (/datum/component/mood): clear event("jolly")
[2018-08-16 12:30:48.294] /datum/callback (/datum/callback): InvokeAsync()
[2018-08-16 12:30:48.294] Timer (/datum/controller/subsystem/timer): fire(0)
[2018-08-16 12:30:48.294] Timer (/datum/controller/subsystem/timer): ignite(0)
[2018-08-16 12:30:48.294] Master (/datum/controller/master): RunQueue()
[2018-08-16 12:30:48.294] Master (/datum/controller/master): Loop()
[2018-08-16 12:30:48.294] Master (/datum/controller/master): StartProcessing(0)
[2018-08-16 12:30:48.294] 
[2018-08-16 12:32:54.696] runtime error: Cannot modify null.icon_state.
[2018-08-16 12:32:54.696] proc name: update mood icon (/datum/component/mood/proc/update_mood_icon)
[2018-08-16 12:32:54.696]   source file: mood.dm,122
[2018-08-16 12:32:54.696]   usr:  (/mob/living/carbon/human)
[2018-08-16 12:32:54.696]   src: /datum/component/mood (/datum/component/mood)
[2018-08-16 12:32:54.696]   usr.loc: the shuttle floor (21,19,12) (/turf/open/floor/mineral/titanium/blue)
[2018-08-16 12:32:54.696]   call stack:
[2018-08-16 12:32:54.696] /datum/component/mood (/datum/component/mood): update mood icon()
[2018-08-16 12:32:54.696] /datum/component/mood (/datum/component/mood): update mood()
[2018-08-16 12:32:54.696] /datum/component/mood (/datum/component/mood): add event("family_heirloom", /datum/mood_event/family_heirl... (/datum/mood_event/family_heirloom), null)
[2018-08-16 12:32:54.696] /datum/callback (/datum/callback): Invoke("family_heirloom", /datum/mood_event/family_heirl... (/datum/mood_event/family_heirloom))
[2018-08-16 12:32:54.696] world: PushUsr( (/mob/living/carbon/human), /datum/callback (/datum/callback), "family_heirloom", /datum/mood_event/family_heirl... (/datum/mood_event/family_heirloom))
[2018-08-16 12:32:54.696] /datum/callback (/datum/callback): InvokeAsync("family_heirloom", /datum/mood_event/family_heirl... (/datum/mood_event/family_heirloom))
[2018-08-16 12:32:54.696]  (/mob/living/carbon/human):  SendSignal("add_mood", /list (/list))
[2018-08-16 12:32:54.696] Family Heirloom (/datum/quirk/family_heirloom): on process()
[2018-08-16 12:32:54.696] Family Heirloom (/datum/quirk/family_heirloom): process(10)
[2018-08-16 12:32:54.696] Quirks (/datum/controller/subsystem/processing/quirks): fire(0)
[2018-08-16 12:32:54.696] Quirks (/datum/controller/subsystem/processing/quirks): ignite(0)
[2018-08-16 12:32:54.696] Master (/datum/controller/master): RunQueue()
[2018-08-16 12:32:54.696] Master (/datum/controller/master): Loop()
[2018-08-16 12:32:54.696] Master (/datum/controller/master): StartProcessing(0)
[2018-08-16 12:32:54.696] 
[2018-08-16 12:34:54.628] runtime error: Cannot modify null.icon_state.
[2018-08-16 12:34:54.628] proc name: update mood icon (/datum/component/mood/proc/update_mood_icon)
[2018-08-16 12:34:54.628]   source file: mood.dm,122
[2018-08-16 12:34:54.628]   usr: Gabriel Jackson (/mob/living/carbon/human)
[2018-08-16 12:34:54.628]   src: /datum/component/mood (/datum/component/mood)
[2018-08-16 12:34:54.628]   usr.loc: the floor (184,123,2) (/turf/open/floor/plasteel)
[2018-08-16 12:34:54.628]   call stack:
[2018-08-16 12:34:54.628] /datum/component/mood (/datum/component/mood): update mood icon()
[2018-08-16 12:34:54.628] /datum/component/mood (/datum/component/mood): update mood()
[2018-08-16 12:34:54.628] /datum/component/mood (/datum/component/mood): clear event("nutrition")
[2018-08-16 12:34:54.628] /datum/callback (/datum/callback): Invoke("nutrition")
[2018-08-16 12:34:54.628] world: PushUsr(Gabriel Jackson (/mob/living/carbon/human), /datum/callback (/datum/callback), "nutrition")
[2018-08-16 12:34:54.628] /datum/callback (/datum/callback): InvokeAsync("nutrition")
[2018-08-16 12:34:54.628] Gabriel Jackson (/mob/living/carbon/human):  SendSignal("clear_mood", /list (/list))
[2018-08-16 12:34:54.628] Human (/datum/species/human): handle digestion(Gabriel Jackson (/mob/living/carbon/human))
[2018-08-16 12:34:54.628] the stomach (/obj/item/organ/stomach): on life()
[2018-08-16 12:34:54.628] Gabriel Jackson (/mob/living/carbon/human): handle organs()
[2018-08-16 12:34:54.628] Gabriel Jackson (/mob/living/carbon/human): Life(2, 255)
[2018-08-16 12:34:54.628] Gabriel Jackson (/mob/living/carbon/human): Life(2, 255)
[2018-08-16 12:34:54.628] Mobs (/datum/controller/subsystem/mobs): fire(0)
[2018-08-16 12:34:54.628] Mobs (/datum/controller/subsystem/mobs): ignite(0)
[2018-08-16 12:34:54.628] Master (/datum/controller/master): RunQueue()
[2018-08-16 12:34:54.628] Master (/datum/controller/master): Loop()
[2018-08-16 12:34:54.628] Master (/datum/controller/master): StartProcessing(0)
[2018-08-16 12:34:54.628] 
[2018-08-16 12:37:17.881] runtime error: Cannot modify null.icon_state.
[2018-08-16 12:37:17.881] proc name: update mood icon (/datum/component/mood/proc/update_mood_icon)
[2018-08-16 12:37:17.881]   source file: mood.dm,122
[2018-08-16 12:37:17.881]   usr: Harlow Moriarty (/mob/living/carbon/human)
[2018-08-16 12:37:17.881]   src: /datum/component/mood (/datum/component/mood)
[2018-08-16 12:37:17.881]   usr.loc: the plating (146,92,2) (/turf/open/floor/plating)
[2018-08-16 12:37:17.881]   call stack:
[2018-08-16 12:37:17.881] /datum/component/mood (/datum/component/mood): update mood icon()
[2018-08-16 12:37:17.881] /datum/component/mood (/datum/component/mood): update mood()
[2018-08-16 12:37:17.881] /datum/component/mood (/datum/component/mood): clear event("nutrition")
[2018-08-16 12:37:17.881] /datum/callback (/datum/callback): Invoke("nutrition")
[2018-08-16 12:37:17.881] world: PushUsr(Harlow Moriarty (/mob/living/carbon/human), /datum/callback (/datum/callback), "nutrition")
[2018-08-16 12:37:17.881] /datum/callback (/datum/callback): InvokeAsync("nutrition")
[2018-08-16 12:37:17.881] Harlow Moriarty (/mob/living/carbon/human):  SendSignal("clear_mood", /list (/list))
[2018-08-16 12:37:17.881] Human (/datum/species/human): handle digestion(Harlow Moriarty (/mob/living/carbon/human))
[2018-08-16 12:37:17.881] the stomach (/obj/item/organ/stomach): on life()
[2018-08-16 12:37:17.881] Harlow Moriarty (/mob/living/carbon/human): handle organs()
[2018-08-16 12:37:17.881] Harlow Moriarty (/mob/living/carbon/human): Life(2, 326)
[2018-08-16 12:37:17.881] Harlow Moriarty (/mob/living/carbon/human): Life(2, 326)
[2018-08-16 12:37:17.881] Mobs (/datum/controller/subsystem/mobs): fire(0)
[2018-08-16 12:37:17.881] Mobs (/datum/controller/subsystem/mobs): ignite(0)
[2018-08-16 12:37:17.881] Master (/datum/controller/master): RunQueue()
[2018-08-16 12:37:17.881] Master (/datum/controller/master): Loop()
[2018-08-16 12:37:17.881] Master (/datum/controller/master): StartProcessing(0)
[2018-08-16 12:37:17.881] 
[2018-08-16 12:47:24.072] runtime error: Cannot modify null.icon_state.
[2018-08-16 12:47:24.072] proc name: update mood icon (/datum/component/mood/proc/update_mood_icon)
[2018-08-16 12:47:24.072]   source file: mood.dm,122
[2018-08-16 12:47:24.072]   usr: null
[2018-08-16 12:47:24.072]   src: /datum/component/mood (/datum/component/mood)
[2018-08-16 12:47:24.072]   call stack:
[2018-08-16 12:47:24.072] /datum/component/mood (/datum/component/mood): update mood icon()
[2018-08-16 12:47:24.072] /datum/component/mood (/datum/component/mood): update mood()
[2018-08-16 12:47:24.072] /datum/component/mood (/datum/component/mood): add event("jolly", /datum/mood_event/jolly (/datum/mood_event/jolly), null)
[2018-08-16 12:47:24.072] /datum/component/mood (/datum/component/mood): process(10)
[2018-08-16 12:47:24.072] Mood (/datum/controller/subsystem/processing/mood): fire(0)
[2018-08-16 12:47:24.072] Mood (/datum/controller/subsystem/processing/mood): ignite(0)
[2018-08-16 12:47:24.072] Master (/datum/controller/master): RunQueue()
[2018-08-16 12:47:24.072] Master (/datum/controller/master): Loop()
[2018-08-16 12:47:24.072] Master (/datum/controller/master): StartProcessing(0)
[2018-08-16 12:47:24.072] 
[2018-08-16 12:48:15.087] runtime error: Cannot modify null.icon_state.
[2018-08-16 12:48:15.087] proc name: update mood icon (/datum/component/mood/proc/update_mood_icon)
[2018-08-16 12:48:15.087]   source file: mood.dm,122
[2018-08-16 12:48:15.087]   usr: Lara Black (/mob/living/carbon/human)
[2018-08-16 12:48:15.087]   src: /datum/component/mood (/datum/component/mood)
[2018-08-16 12:48:15.087]   usr.loc: the plating (79,134,2) (/turf/open/floor/plating)
[2018-08-16 12:48:15.087]   call stack:
[2018-08-16 12:48:15.087] /datum/component/mood (/datum/component/mood): update mood icon()
[2018-08-16 12:48:15.087] /datum/component/mood (/datum/component/mood): update mood()
[2018-08-16 12:48:15.087] /datum/component/mood (/datum/component/mood): add event("nutrition", /datum/mood_event/nutrition/hu... (/datum/mood_event/nutrition/hungry), null)
[2018-08-16 12:48:15.087] /datum/callback (/datum/callback): Invoke("nutrition", /datum/mood_event/nutrition/hu... (/datum/mood_event/nutrition/hungry))
[2018-08-16 12:48:15.087] world: PushUsr(Lara Black (/mob/living/carbon/human), /datum/callback (/datum/callback), "nutrition", /datum/mood_event/nutrition/hu... (/datum/mood_event/nutrition/hungry))
[2018-08-16 12:48:15.087] /datum/callback (/datum/callback): InvokeAsync("nutrition", /datum/mood_event/nutrition/hu... (/datum/mood_event/nutrition/hungry))
[2018-08-16 12:48:15.087] Lara Black (/mob/living/carbon/human):  SendSignal("add_mood", /list (/list))
[2018-08-16 12:48:15.087] Human (/datum/species/human): handle digestion(Lara Black (/mob/living/carbon/human))
[2018-08-16 12:48:15.087] the stomach (/obj/item/organ/stomach): on life()
[2018-08-16 12:48:15.087] Lara Black (/mob/living/carbon/human): handle organs()
[2018-08-16 12:48:15.087] Lara Black (/mob/living/carbon/human): Life(2, 652)
[2018-08-16 12:48:15.087] Lara Black (/mob/living/carbon/human): Life(2, 652)
[2018-08-16 12:48:15.087] Mobs (/datum/controller/subsystem/mobs): fire(0)
[2018-08-16 12:48:15.087] Mobs (/datum/controller/subsystem/mobs): ignite(0)
[2018-08-16 12:48:15.087] Master (/datum/controller/master): RunQueue()
[2018-08-16 12:48:15.087] Master (/datum/controller/master): Loop()
[2018-08-16 12:48:15.087] Master (/datum/controller/master): StartProcessing(0)
[2018-08-16 12:48:15.087] 
[2018-08-16 12:49:25.146] runtime error: Cannot modify null.icon_state.
[2018-08-16 12:49:25.146] proc name: update mood icon (/datum/component/mood/proc/update_mood_icon)
[2018-08-16 12:49:25.146]   source file: mood.dm,122
[2018-08-16 12:49:25.146]   usr: null
[2018-08-16 12:49:25.146]   src: /datum/component/mood (/datum/component/mood)
[2018-08-16 12:49:25.146]   call stack:
[2018-08-16 12:49:25.146] /datum/component/mood (/datum/component/mood): update mood icon()
[2018-08-16 12:49:25.146] /datum/component/mood (/datum/component/mood): update mood()
[2018-08-16 12:49:25.146] /datum/component/mood (/datum/component/mood): clear event("jolly")
[2018-08-16 12:49:25.146] /datum/callback (/datum/callback): InvokeAsync()
[2018-08-16 12:49:25.146] Timer (/datum/controller/subsystem/timer): fire(0)
[2018-08-16 12:49:25.146] Timer (/datum/controller/subsystem/timer): ignite(0)
[2018-08-16 12:49:25.146] Master (/datum/controller/master): RunQueue()
[2018-08-16 12:49:25.146] Master (/datum/controller/master): Loop()
[2018-08-16 12:49:25.146] Master (/datum/controller/master): StartProcessing(0)
[2018-08-16 12:49:25.146] 
[2018-08-16 12:49:38.598] runtime error: Cannot modify null.icon_state.
[2018-08-16 12:49:38.598] proc name: update mood icon (/datum/component/mood/proc/update_mood_icon)
[2018-08-16 12:49:38.598]   source file: mood.dm,122
[2018-08-16 12:49:38.598]   usr: null
[2018-08-16 12:49:38.598]   src: /datum/component/mood (/datum/component/mood)
[2018-08-16 12:49:38.598]   call stack:
[2018-08-16 12:49:38.598] /datum/component/mood (/datum/component/mood): update mood icon()
[2018-08-16 12:49:38.598] /datum/component/mood (/datum/component/mood): update mood()
[2018-08-16 12:49:38.598] /datum/component/mood (/datum/component/mood): add event("jolly", /datum/mood_event/jolly (/datum/mood_event/jolly), null)
[2018-08-16 12:49:38.598] /datum/component/mood (/datum/component/mood): process(10)
[2018-08-16 12:49:38.598] Mood (/datum/controller/subsystem/processing/mood): fire(0)
[2018-08-16 12:49:38.598] Mood (/datum/controller/subsystem/processing/mood): ignite(0)
[2018-08-16 12:49:38.598] Master (/datum/controller/master): RunQueue()
[2018-08-16 12:49:38.598] Master (/datum/controller/master): Loop()
[2018-08-16 12:49:38.598] Master (/datum/controller/master): StartProcessing(0)
[2018-08-16 12:49:38.598] 
[2018-08-16 12:51:39.506] runtime error: Cannot modify null.icon_state.
[2018-08-16 12:51:39.506] proc name: update mood icon (/datum/component/mood/proc/update_mood_icon)
[2018-08-16 12:51:39.506]   source file: mood.dm,122
[2018-08-16 12:51:39.506]   usr: null
[2018-08-16 12:51:39.506]   src: /datum/component/mood (/datum/component/mood)
[2018-08-16 12:51:39.506]   call stack:
[2018-08-16 12:51:39.506] /datum/component/mood (/datum/component/mood): update mood icon()
[2018-08-16 12:51:39.506] /datum/component/mood (/datum/component/mood): update mood()
[2018-08-16 12:51:39.506] /datum/component/mood (/datum/component/mood): clear event("jolly")
[2018-08-16 12:51:39.506] /datum/callback (/datum/callback): InvokeAsync()
[2018-08-16 12:51:39.506] Timer (/datum/controller/subsystem/timer): fire(0)
[2018-08-16 12:51:39.506] Timer (/datum/controller/subsystem/timer): ignite(0)
[2018-08-16 12:51:39.506] Master (/datum/controller/master): RunQueue()
[2018-08-16 12:51:39.506] Master (/datum/controller/master): Loop()
[2018-08-16 12:51:39.506] Master (/datum/controller/master): StartProcessing(0)
[2018-08-16 12:51:39.506] 
[2018-08-16 12:53:10.347] runtime error: Cannot modify null.icon_state.
[2018-08-16 12:53:10.347] proc name: update mood icon (/datum/component/mood/proc/update_mood_icon)
[2018-08-16 12:53:10.347]   source file: mood.dm,122
[2018-08-16 12:53:10.347]   usr: null
[2018-08-16 12:53:10.347]   src: /datum/component/mood (/datum/component/mood)
[2018-08-16 12:53:10.347]   call stack:
[2018-08-16 12:53:10.347] /datum/component/mood (/datum/component/mood): update mood icon()
[2018-08-16 12:53:10.347] /datum/component/mood (/datum/component/mood): update mood()
[2018-08-16 12:53:10.347] /datum/component/mood (/datum/component/mood): add event("depression", /datum/mood_event/depression (/datum/mood_event/depression), null)
[2018-08-16 12:53:10.347] /datum/component/mood (/datum/component/mood): process(10)
[2018-08-16 12:53:10.347] Mood (/datum/controller/subsystem/processing/mood): fire(0)
[2018-08-16 12:53:10.347] Mood (/datum/controller/subsystem/processing/mood): ignite(0)
[2018-08-16 12:53:10.347] Master (/datum/controller/master): RunQueue()
[2018-08-16 12:53:10.347] Master (/datum/controller/master): Loop()
[2018-08-16 12:53:10.347] Master (/datum/controller/master): StartProcessing(0)
[2018-08-16 12:53:10.347] 
[2018-08-16 12:55:10.933] runtime error: Cannot modify null.icon_state.
[2018-08-16 12:55:10.933] proc name: update mood icon (/datum/component/mood/proc/update_mood_icon)
[2018-08-16 12:55:10.933]   source file: mood.dm,122
[2018-08-16 12:55:10.933]   usr: null
[2018-08-16 12:55:10.933]   src: /datum/component/mood (/datum/component/mood)
[2018-08-16 12:55:10.933]   call stack:
[2018-08-16 12:55:10.933] /datum/component/mood (/datum/component/mood): update mood icon()
[2018-08-16 12:55:10.933] /datum/component/mood (/datum/component/mood): update mood()
[2018-08-16 12:55:10.933] /datum/component/mood (/datum/component/mood): clear event("depression")
[2018-08-16 12:55:10.933] /datum/callback (/datum/callback): InvokeAsync()
[2018-08-16 12:55:10.933] Timer (/datum/controller/subsystem/timer): fire(0)
[2018-08-16 12:55:10.933] Timer (/datum/controller/subsystem/timer): ignite(0)
[2018-08-16 12:55:10.933] Master (/datum/controller/master): RunQueue()
[2018-08-16 12:55:10.933] Master (/datum/controller/master): Loop()
[2018-08-16 12:55:10.933] Master (/datum/controller/master): StartProcessing(0)
[2018-08-16 12:55:10.933] 
[2018-08-16 12:57:04.986] runtime error: Cannot modify null.icon_state.
[2018-08-16 12:57:04.986] proc name: update mood icon (/datum/component/mood/proc/update_mood_icon)
[2018-08-16 12:57:04.986]   source file: mood.dm,122
[2018-08-16 12:57:04.986]   usr: Harlow Moriarty (/mob/living/carbon/human)
[2018-08-16 12:57:04.986]   src: /datum/component/mood (/datum/component/mood)
[2018-08-16 12:57:04.986]   usr.loc: the floor (82,132,2) (/turf/open/floor/plasteel/floorgrime)
[2018-08-16 12:57:04.986]   call stack:
[2018-08-16 12:57:04.986] /datum/component/mood (/datum/component/mood): update mood icon()
[2018-08-16 12:57:04.986] /datum/component/mood (/datum/component/mood): update mood()
[2018-08-16 12:57:04.986] /datum/component/mood (/datum/component/mood): add event("nutrition", /datum/mood_event/nutrition/hu... (/datum/mood_event/nutrition/hungry), null)
[2018-08-16 12:57:04.986] /datum/callback (/datum/callback): Invoke("nutrition", /datum/mood_event/nutrition/hu... (/datum/mood_event/nutrition/hungry))
[2018-08-16 12:57:04.986] world: PushUsr(Harlow Moriarty (/mob/living/carbon/human), /datum/callback (/datum/callback), "nutrition", /datum/mood_event/nutrition/hu... (/datum/mood_event/nutrition/hungry))
[2018-08-16 12:57:04.986] /datum/callback (/datum/callback): InvokeAsync("nutrition", /datum/mood_event/nutrition/hu... (/datum/mood_event/nutrition/hungry))
[2018-08-16 12:57:04.986] Harlow Moriarty (/mob/living/carbon/human):  SendSignal("add_mood", /list (/list))
[2018-08-16 12:57:04.986] Human (/datum/species/human): handle digestion(Harlow Moriarty (/mob/living/carbon/human))
[2018-08-16 12:57:04.986] the stomach (/obj/item/organ/stomach): on life()
[2018-08-16 12:57:04.986] Harlow Moriarty (/mob/living/carbon/human): handle organs()
[2018-08-16 12:57:04.986] Harlow Moriarty (/mob/living/carbon/human): Life(2, 915)
[2018-08-16 12:57:04.986] Harlow Moriarty (/mob/living/carbon/human): Life(2, 915)
[2018-08-16 12:57:04.986] Mobs (/datum/controller/subsystem/mobs): fire(0)
[2018-08-16 12:57:04.986] Mobs (/datum/controller/subsystem/mobs): ignite(0)
[2018-08-16 12:57:04.986] Master (/datum/controller/master): RunQueue()
[2018-08-16 12:57:04.986] Master (/datum/controller/master): Loop()
[2018-08-16 12:57:04.986] Master (/datum/controller/master): StartProcessing(0)
[2018-08-16 12:57:04.986] 
[2018-08-16 12:59:53.788] runtime error: Cannot modify null.icon_state.
[2018-08-16 12:59:53.788] proc name: update mood icon (/datum/component/mood/proc/update_mood_icon)
[2018-08-16 12:59:53.788]   source file: mood.dm,122
[2018-08-16 12:59:53.788]   usr: Harlow Moriarty (/mob/living/carbon/human)
[2018-08-16 12:59:53.788]   src: /datum/component/mood (/datum/component/mood)
[2018-08-16 12:59:53.788]   usr.loc: the floor (150,131,2) (/turf/open/floor/plasteel/white/corner)
[2018-08-16 12:59:53.788]   call stack:
[2018-08-16 12:59:53.788] /datum/component/mood (/datum/component/mood): update mood icon()
[2018-08-16 12:59:53.788] /datum/component/mood (/datum/component/mood): update mood()
[2018-08-16 12:59:53.788] /datum/component/mood (/datum/component/mood): add event("fav_food", /datum/mood_event/favorite_foo... (/datum/mood_event/favorite_food), null)
[2018-08-16 12:59:53.788] /datum/callback (/datum/callback): InvokeAsync("fav_food", /datum/mood_event/favorite_foo... (/datum/mood_event/favorite_food))
[2018-08-16 12:59:53.788] Harlow Moriarty (/mob/living/carbon/human):  SendSignal("add_mood", /list (/list))
[2018-08-16 12:59:53.788] the frosted donut (/obj/item/reagent_containers/food/snacks/donut): checkLiked(0.714286, Harlow Moriarty (/mob/living/carbon/human))
[2018-08-16 12:59:53.788] the frosted donut (/obj/item/reagent_containers/food/snacks/donut): checkLiked(0.714286, Harlow Moriarty (/mob/living/carbon/human))
[2018-08-16 12:59:53.788] the frosted donut (/obj/item/reagent_containers/food/snacks/donut): attack(Harlow Moriarty (/mob/living/carbon/human), Harlow Moriarty (/mob/living/carbon/human), null)
[2018-08-16 12:59:53.788] Harlow Moriarty (/mob/living/carbon/human): attackby(the frosted donut (/obj/item/reagent_containers/food/snacks/donut), Harlow Moriarty (/mob/living/carbon/human), "icon-x=18;icon-y=30;left=1;scr...")
[2018-08-16 12:59:53.788] Harlow Moriarty (/mob/living/carbon/human): attackby(the frosted donut (/obj/item/reagent_containers/food/snacks/donut), Harlow Moriarty (/mob/living/carbon/human), "icon-x=18;icon-y=30;left=1;scr...")
[2018-08-16 12:59:53.788] the frosted donut (/obj/item/reagent_containers/food/snacks/donut): melee attack chain(Harlow Moriarty (/mob/living/carbon/human), Harlow Moriarty (/mob/living/carbon/human), "icon-x=18;icon-y=30;left=1;scr...")
[2018-08-16 12:59:53.788] Harlow Moriarty (/mob/living/carbon/human): ClickOn(Harlow Moriarty (/mob/living/carbon/human), "icon-x=18;icon-y=30;left=1;scr...")
[2018-08-16 12:59:53.788] Harlow Moriarty (/mob/living/carbon/human): Click(the floor (150,131,2) (/turf/open/floor/plasteel/white/corner), "mapwindow.map", "icon-x=18;icon-y=30;left=1;scr...")
[2018-08-16 12:59:53.788] Wicker0 (/client): Click(Harlow Moriarty (/mob/living/carbon/human), the floor (150,131,2) (/turf/open/floor/plasteel/white/corner), "mapwindow.map", "icon-x=18;icon-y=30;left=1;scr...")
[2018-08-16 12:59:53.788] 
[2018-08-16 12:59:55.950] runtime error: Cannot modify null.icon_state.
[2018-08-16 12:59:55.950] proc name: update mood icon (/datum/component/mood/proc/update_mood_icon)
[2018-08-16 12:59:55.950]   source file: mood.dm,122
[2018-08-16 12:59:55.950] 
[2018-08-16 13:03:01.057] runtime error: Cannot modify null.icon_state.
[2018-08-16 13:03:01.057] proc name: update mood icon (/datum/component/mood/proc/update_mood_icon)
[2018-08-16 13:03:01.057]   source file: mood.dm,122
[2018-08-16 13:03:01.057] 
[2018-08-16 13:03:55.257] runtime error: Cannot modify null.icon_state.
[2018-08-16 13:03:55.257] proc name: update mood icon (/datum/component/mood/proc/update_mood_icon)
[2018-08-16 13:03:55.257]   source file: mood.dm,122
[2018-08-16 13:03:55.257] 
[2018-08-16 13:05:01.706] runtime error: Cannot modify null.icon_state.
[2018-08-16 13:05:01.706] proc name: update mood icon (/datum/component/mood/proc/update_mood_icon)
[2018-08-16 13:05:01.706]   source file: mood.dm,122
[2018-08-16 13:05:01.706] 
[2018-08-16 13:05:25.935] runtime error: Cannot modify null.icon_state.
[2018-08-16 13:05:25.935] proc name: update mood icon (/datum/component/mood/proc/update_mood_icon)
[2018-08-16 13:05:25.935]   source file: mood.dm,122
[2018-08-16 13:05:25.935] 
[2018-08-16 13:05:36.056] runtime error: Cannot modify null.icon_state.
[2018-08-16 13:05:36.056] proc name: update mood icon (/datum/component/mood/proc/update_mood_icon)
[2018-08-16 13:05:36.056]   source file: mood.dm,122
[2018-08-16 13:05:36.056] 
[2018-08-16 13:05:36.057] runtime error: Cannot modify null.icon_state.
[2018-08-16 13:05:36.057] proc name: update mood icon (/datum/component/mood/proc/update_mood_icon)
[2018-08-16 13:05:36.057]   source file: mood.dm,122
[2018-08-16 13:05:36.057] 
[2018-08-16 13:05:47.253] runtime error: Cannot modify null.icon_state.
[2018-08-16 13:05:47.253] proc name: update mood icon (/datum/component/mood/proc/update_mood_icon)
[2018-08-16 13:05:47.254]   source file: mood.dm,122
[2018-08-16 13:05:47.254] 
[2018-08-16 13:07:01.033] runtime error: Cannot modify null.icon_state.
[2018-08-16 13:07:01.033] proc name: update mood icon (/datum/component/mood/proc/update_mood_icon)
[2018-08-16 13:07:01.033]   source file: mood.dm,122
[2018-08-16 13:07:01.033] 
[2018-08-16 13:07:48.183] runtime error: Cannot modify null.icon_state.
[2018-08-16 13:07:48.183] proc name: update mood icon (/datum/component/mood/proc/update_mood_icon)
[2018-08-16 13:07:48.183]   source file: mood.dm,122
[2018-08-16 13:07:48.183] 
[2018-08-16 13:09:01.773] runtime error: Cannot modify null.icon_state.
[2018-08-16 13:09:01.773] proc name: update mood icon (/datum/component/mood/proc/update_mood_icon)
[2018-08-16 13:09:01.773]   source file: mood.dm,122
[2018-08-16 13:09:01.773] 
[2018-08-16 13:12:02.592] runtime error: Cannot modify null.icon_state.
[2018-08-16 13:12:02.592] proc name: update mood icon (/datum/component/mood/proc/update_mood_icon)
[2018-08-16 13:12:02.592]   source file: mood.dm,122
[2018-08-16 13:12:02.592] 
[2018-08-16 13:12:47.318] runtime error: Cannot modify null.icon_state.
[2018-08-16 13:12:47.318] proc name: update mood icon (/datum/component/mood/proc/update_mood_icon)
[2018-08-16 13:12:47.318]   source file: mood.dm,122
[2018-08-16 13:12:47.318] 
[2018-08-16 13:14:48.123] runtime error: Cannot modify null.icon_state.
[2018-08-16 13:14:48.123] proc name: update mood icon (/datum/component/mood/proc/update_mood_icon)
[2018-08-16 13:14:48.123]   source file: mood.dm,122
[2018-08-16 13:14:48.123] 
[2018-08-16 13:17:08.423] runtime error: Cannot modify null.icon_state.
[2018-08-16 13:17:08.423] proc name: update mood icon (/datum/component/mood/proc/update_mood_icon)
[2018-08-16 13:17:08.423]   source file: mood.dm,122
[2018-08-16 13:17:08.423] 
[2018-08-16 13:17:18.162] Saved 20 engraved messages on map Box Station
[2018-08-16 13:18:54.795] Shutting down Persistence subsystem...
[2018-08-16 13:18:54.796] Shutting down Pathfinder subsystem...
[2018-08-16 13:18:54.796] Shutting down Squeak subsystem...
[2018-08-16 13:18:54.796] Shutting down Shuttle subsystem...
[2018-08-16 13:18:54.796] Shutting down Lighting subsystem...
[2018-08-16 13:18:54.796] Shutting down XKeyScore subsystem...
[2018-08-16 13:18:54.796] Shutting down Sticky Ban subsystem...
[2018-08-16 13:18:54.796] Shutting down Overlay subsystem...
[2018-08-16 13:18:54.831] Shutting down Icon Smoothing subsystem...
[2018-08-16 13:18:54.831] Shutting down Assets subsystem...
[2018-08-16 13:18:54.831] Shutting down Minimap subsystem...
[2018-08-16 13:18:54.831] Shutting down Atmospherics subsystem...
[2018-08-16 13:18:54.831] Shutting down Wet floors subsystem...
[2018-08-16 13:18:54.832] Shutting down Weather subsystem...
[2018-08-16 13:18:54.832] Shutting down Vote subsystem...
[2018-08-16 13:18:54.832] Shutting down Traumas subsystem...
[2018-08-16 13:18:54.832] Shutting down Title Screen subsystem...
[2018-08-16 13:18:54.832] Shutting down Time Tracking subsystem...
[2018-08-16 13:18:54.832] Shutting down Throwing subsystem...
[2018-08-16 13:18:54.832] Shutting down tgui subsystem...
[2018-08-16 13:18:54.833] Shutting down Sun subsystem...
[2018-08-16 13:18:54.833] Shutting down Space Drift subsystem...
[2018-08-16 13:18:54.833] Shutting down Religion subsystem...
[2018-08-16 13:18:54.833] Shutting down Radio subsystem...
[2018-08-16 13:18:54.833] Shutting down Radiation subsystem...
[2018-08-16 13:18:54.833] Shutting down Projectiles subsystem...
[2018-08-16 13:18:54.833] Shutting down Processing subsystem...
[2018-08-16 13:18:54.833] Shutting down Ping subsystem...
[2018-08-16 13:18:54.834] Shutting down Parallax subsystem...
[2018-08-16 13:18:54.834] Shutting down pAI subsystem...
[2018-08-16 13:18:54.834] Shutting down Orbits subsystem...
[2018-08-16 13:18:54.834] Shutting down Objects subsystem...
[2018-08-16 13:18:54.834] Shutting down NPC Pool subsystem...
[2018-08-16 13:18:54.834] Shutting down Night Shift subsystem...
[2018-08-16 13:18:54.834] Shutting down Mood subsystem...
[2018-08-16 13:18:54.834] Shutting down Mobs subsystem...
[2018-08-16 13:18:54.834] Shutting down Medals subsystem...
[2018-08-16 13:18:54.835] Shutting down Idling NPC Pool subsystem...
[2018-08-16 13:18:54.835] Shutting down Fire Burning subsystem...
[2018-08-16 13:18:54.835] Shutting down Fields subsystem...
[2018-08-16 13:18:54.835] Shutting down Fast Processing subsystem...
[2018-08-16 13:18:54.835] Shutting down Disease subsystem...
[2018-08-16 13:18:54.835] Shutting down Datum Component System subsystem...
[2018-08-16 13:18:54.835] Shutting down Communications subsystem...
[2018-08-16 13:18:54.835] Shutting down Augury subsystem...
[2018-08-16 13:18:54.835] Shutting down Acid subsystem...
[2018-08-16 13:18:54.836] Shutting down Timer subsystem...
[2018-08-16 13:18:54.836] Shutting down Circuit subsystem...
[2018-08-16 13:18:54.836] Shutting down Machines subsystem...
[2018-08-16 13:18:54.836] Shutting down Language subsystem...
[2018-08-16 13:18:54.836] Shutting down Atoms subsystem...
[2018-08-16 13:18:54.836] Shutting down Networks subsystem...
[2018-08-16 13:18:54.837] Shutting down Mapping subsystem...
[2018-08-16 13:18:54.837] Shutting down Ticker subsystem...
[2018-08-16 13:18:55.093] Shutting down Quirks subsystem...
[2018-08-16 13:18:55.093] Shutting down Jobs subsystem...
[2018-08-16 13:18:55.094] Shutting down Events subsystem...
[2018-08-16 13:18:55.094] Shutting down Research subsystem...
[2018-08-16 13:18:55.094] Shutting down Input subsystem...
[2018-08-16 13:18:55.094] Shutting down Server Tasks subsystem...
[2018-08-16 13:18:55.094] Shutting down Blackbox subsystem...
[2018-08-16 13:18:55.354] Shutting down Database subsystem...
[2018-08-16 13:18:55.392] Shutting down Garbage subsystem...
[2018-08-16 13:18:55.444] Shutdown complete
[2018-08-16 13:18:55.445] World rebooted at 13:18:55
