[2018-07-31 04:39:10.215] runtime error: bad index
[2018-07-31 04:39:10.215] proc name: Get (/datum/controller/configuration/proc/Get)
[2018-07-31 04:39:10.215]   source file: configuration.dm,178
[2018-07-31 04:39:10.215]   usr: null
[2018-07-31 04:39:10.215]   src: Configuration (/datum/controller/configuration)
[2018-07-31 04:39:10.215]   call stack:
[2018-07-31 04:39:10.215] Configuration (/datum/controller/configuration): Get(/datum/config_entry/flag/log_w... (/datum/config_entry/flag/log_world_topic))
[2018-07-31 04:39:10.215] world: Topic("status", "204.83.111.144", null, null)
[2018-07-31 04:39:10.215] 
[2018-07-31 04:39:10.216] runtime error: bad index
[2018-07-31 04:39:10.216] proc name: Get (/datum/controller/configuration/proc/Get)
[2018-07-31 04:39:10.216]   source file: configuration.dm,178
[2018-07-31 04:39:10.216]   usr: null
[2018-07-31 04:39:10.216]   src: Configuration (/datum/controller/configuration)
[2018-07-31 04:39:10.216]   call stack:
[2018-07-31 04:39:10.216] Configuration (/datum/controller/configuration): Get(/datum/config_entry/string/com... (/datum/config_entry/string/comms_key))
[2018-07-31 04:39:10.216] /datum/world_topic/status (/datum/world_topic/status): TryRun(/list (/list))
[2018-07-31 04:39:10.216] world: Topic("status", "204.83.111.144", null, null)
[2018-07-31 04:39:10.216] 
[2018-07-31 04:39:10.216] runtime error: bad index
[2018-07-31 04:39:10.216] proc name: Get (/datum/controller/configuration/proc/Get)
[2018-07-31 04:39:10.216]   source file: configuration.dm,178
[2018-07-31 04:39:10.216]   usr: null
[2018-07-31 04:39:10.216]   src: Configuration (/datum/controller/configuration)
[2018-07-31 04:39:10.216]   call stack:
[2018-07-31 04:39:10.216] Configuration (/datum/controller/configuration): Get(/datum/config_entry/flag/nores... (/datum/config_entry/flag/norespawn))
[2018-07-31 04:39:10.216] /datum/world_topic/status (/datum/world_topic/status): Run(/list (/list))
[2018-07-31 04:39:10.216] /datum/world_topic/status (/datum/world_topic/status): TryRun(/list (/list))
[2018-07-31 04:39:10.216] world: Topic("status", "204.83.111.144", null, null)
[2018-07-31 04:39:10.216] 
[2018-07-31 04:39:10.217] runtime error: bad index
[2018-07-31 04:39:10.217] proc name: Get (/datum/controller/configuration/proc/Get)
[2018-07-31 04:39:10.217]   source file: configuration.dm,178
[2018-07-31 04:39:10.217]   usr: null
[2018-07-31 04:39:10.217]   src: Configuration (/datum/controller/configuration)
[2018-07-31 04:39:10.217]   call stack:
[2018-07-31 04:39:10.217] Configuration (/datum/controller/configuration): Get(/datum/config_entry/flag/allow... (/datum/config_entry/flag/allow_vote_mode))
[2018-07-31 04:39:10.217] /datum/world_topic/status (/datum/world_topic/status): Run(/list (/list))
[2018-07-31 04:39:10.217] /datum/world_topic/status (/datum/world_topic/status): TryRun(/list (/list))
[2018-07-31 04:39:10.217] world: Topic("status", "204.83.111.144", null, null)
[2018-07-31 04:39:10.217] 
[2018-07-31 04:39:10.218] runtime error: bad index
[2018-07-31 04:39:10.218] proc name: Get (/datum/controller/configuration/proc/Get)
[2018-07-31 04:39:10.218]   source file: configuration.dm,178
[2018-07-31 04:39:10.218]   usr: null
[2018-07-31 04:39:10.218]   src: Configuration (/datum/controller/configuration)
[2018-07-31 04:39:10.218]   call stack:
[2018-07-31 04:39:10.218] Configuration (/datum/controller/configuration): Get(/datum/config_entry/flag/allow... (/datum/config_entry/flag/allow_ai))
[2018-07-31 04:39:10.218] /datum/world_topic/status (/datum/world_topic/status): Run(/list (/list))
[2018-07-31 04:39:10.218] /datum/world_topic/status (/datum/world_topic/status): TryRun(/list (/list))
[2018-07-31 04:39:10.218] world: Topic("status", "204.83.111.144", null, null)
[2018-07-31 04:39:10.218] 
[2018-07-31 04:39:10.218] runtime error: Cannot read null.commit
[2018-07-31 04:39:10.218] proc name: Run (/datum/world_topic/status/Run)
[2018-07-31 04:39:10.218]   source file: world_topic.dm,151
[2018-07-31 04:39:10.218]   usr: null
[2018-07-31 04:39:10.218]   src: /datum/world_topic/status (/datum/world_topic/status)
[2018-07-31 04:39:10.218]   call stack:
[2018-07-31 04:39:10.218] /datum/world_topic/status (/datum/world_topic/status): Run(/list (/list))
[2018-07-31 04:39:10.219] /datum/world_topic/status (/datum/world_topic/status): TryRun(/list (/list))
[2018-07-31 04:39:10.219] world: Topic("status", "204.83.111.144", null, null)
[2018-07-31 04:39:10.219] 
[2018-07-31 04:39:10.219] runtime error: bad index
[2018-07-31 04:39:10.219] proc name: Get (/datum/controller/configuration/proc/Get)
[2018-07-31 04:39:10.219]   source file: configuration.dm,178
[2018-07-31 04:39:10.219]   usr: null
[2018-07-31 04:39:10.219]   src: Configuration (/datum/controller/configuration)
[2018-07-31 04:39:10.219]   call stack:
[2018-07-31 04:39:10.219] Configuration (/datum/controller/configuration): Get(/datum/config_entry/flag/log_w... (/datum/config_entry/flag/log_world_topic))
[2018-07-31 04:39:10.219] world: Topic("status", "198.58.107.171", null, null)
[2018-07-31 04:39:10.219] 
[2018-07-31 04:39:10.220] runtime error: bad index
[2018-07-31 04:39:10.220] proc name: Get (/datum/controller/configuration/proc/Get)
[2018-07-31 04:39:10.220]   source file: configuration.dm,178
[2018-07-31 04:39:10.220]   usr: null
[2018-07-31 04:39:10.220]   src: Configuration (/datum/controller/configuration)
[2018-07-31 04:39:10.220]   call stack:
[2018-07-31 04:39:10.220] Configuration (/datum/controller/configuration): Get(/datum/config_entry/string/com... (/datum/config_entry/string/comms_key))
[2018-07-31 04:39:10.220] /datum/world_topic/status (/datum/world_topic/status): TryRun(/list (/list))
[2018-07-31 04:39:10.220] world: Topic("status", "198.58.107.171", null, null)
[2018-07-31 04:39:10.220] 
[2018-07-31 04:39:10.221] runtime error: bad index
[2018-07-31 04:39:10.221] proc name: Get (/datum/controller/configuration/proc/Get)
[2018-07-31 04:39:10.221]   source file: configuration.dm,178
[2018-07-31 04:39:10.221]   usr: null
[2018-07-31 04:39:10.221]   src: Configuration (/datum/controller/configuration)
[2018-07-31 04:39:10.221]   call stack:
[2018-07-31 04:39:10.221] Configuration (/datum/controller/configuration): Get(/datum/config_entry/flag/nores... (/datum/config_entry/flag/norespawn))
[2018-07-31 04:39:10.221] /datum/world_topic/status (/datum/world_topic/status): Run(/list (/list))
[2018-07-31 04:39:10.221] /datum/world_topic/status (/datum/world_topic/status): TryRun(/list (/list))
[2018-07-31 04:39:10.221] world: Topic("status", "198.58.107.171", null, null)
[2018-07-31 04:39:10.221] 
[2018-07-31 04:39:10.221] runtime error: bad index
[2018-07-31 04:39:10.221] proc name: Get (/datum/controller/configuration/proc/Get)
[2018-07-31 04:39:10.221]   source file: configuration.dm,178
[2018-07-31 04:39:10.221]   usr: null
[2018-07-31 04:39:10.221]   src: Configuration (/datum/controller/configuration)
[2018-07-31 04:39:10.221]   call stack:
[2018-07-31 04:39:10.221] Configuration (/datum/controller/configuration): Get(/datum/config_entry/flag/allow... (/datum/config_entry/flag/allow_vote_mode))
[2018-07-31 04:39:10.221] /datum/world_topic/status (/datum/world_topic/status): Run(/list (/list))
[2018-07-31 04:39:10.221] /datum/world_topic/status (/datum/world_topic/status): TryRun(/list (/list))
[2018-07-31 04:39:10.221] world: Topic("status", "198.58.107.171", null, null)
[2018-07-31 04:39:10.221] 
[2018-07-31 04:39:10.222] runtime error: bad index
[2018-07-31 04:39:10.222] proc name: Get (/datum/controller/configuration/proc/Get)
[2018-07-31 04:39:10.222]   source file: configuration.dm,178
[2018-07-31 04:39:10.222] 
[2018-07-31 04:39:10.222] runtime error: Cannot read null.commit
[2018-07-31 04:39:10.222] proc name: Run (/datum/world_topic/status/Run)
[2018-07-31 04:39:10.222]   source file: world_topic.dm,151
[2018-07-31 04:39:10.222] 
[2018-07-31 04:39:10.321] Running /tg/ revision:
[2018-07-31 04:39:10.321] 85ac69a5ed4fb4775a41e633b69d4e33da2ea21b: 2018-07-28
[2018-07-31 04:39:10.322] runtime error: list index out of bounds
[2018-07-31 04:39:10.322] proc name: New (/datum/getrev/New)
[2018-07-31 04:39:10.322]   source file: getrev.dm,23
[2018-07-31 04:39:10.322] 
[2018-07-31 04:39:10.331] Loading config file config.txt...
[2018-07-31 04:39:10.333] Loading config file game_options.txt...
[2018-07-31 04:39:10.334] Unknown setting in configuration: 'w##'
[2018-07-31 04:39:10.337] Failed to validate setting "DOUBLE_AGENTS 20" for min_pop
[2018-07-31 04:39:10.337] Failed to validate setting "DOUBLE_AGENTS -1" for max_pop
[2018-07-31 04:39:10.342] Loading config file dbconfig.txt...
[2018-07-31 04:39:10.342] Loading config file comms.txt...
[2018-07-31 04:39:10.347] Loading config file maps.txt...
[2018-07-31 04:39:10.562] Database connection established.
[2018-07-31 04:39:10.598] SQL: Could not get schema version from database
