

Starting up round ID 1172. 23:22:40
---------------------
Initialized Database subsystem within 0 seconds!
Initialized Blackbox subsystem within 0 seconds!
Initialized Server Tasks subsystem within 0 seconds!
Initialized Input subsystem within 0 seconds!
Initialized Research subsystem within 0 seconds!
Initialized Events subsystem within 0 seconds!
Initialized Jobs subsystem within 0 seconds!
Initialized Traits subsystem within 0 seconds!
Initialized Ticker subsystem within 0 seconds!
Loading BoxStation...
Loaded Station in 7.8s!
Loaded Lavaland in 7.2s!
Loaded Reebe in 6.9s!
Ruin loader finished with 0 left to spend.
Ruin loader finished with 0 left to spend.
Initialized Mapping subsystem within 38.2 seconds!
Initialized Networks subsystem within 0 seconds!
runtime error: 
[23:23:34]Bad areastring path for Vacant Office APC, area/security/vacantoffice
[23:23:34]proc name: stack trace (/datum/proc/stack_trace)
[23:23:34]  source file: unsorted.dm,1257
[23:23:34]  usr: null
[23:23:34]  src: Vacant Office APC (/obj/machinery/power/apc)
[23:23:34]  src.loc: the floor (88,129,2) (/turf/open/floor/plasteel/grimy)
[23:23:34]  call stack:
[23:23:34]Vacant Office APC (/obj/machinery/power/apc): stack trace("Bad areastring path for Vacant...")
[23:23:34]Vacant Office APC (/obj/machinery/power/apc): Initialize(1)
[23:23:34]Atoms (/datum/controller/subsystem/atoms): InitAtom(Vacant Office APC (/obj/machinery/power/apc), /list (/list))
[23:23:34]Atoms (/datum/controller/subsystem/atoms): InitializeAtoms(null)
[23:23:34]Atoms (/datum/controller/subsystem/atoms): Initialize(842056)
[23:23:34]Master (/datum/controller/master): Initialize(10, 0)
Initialized Atoms subsystem within 51.7 seconds!
Initialized Language subsystem within 0 seconds!
Initialized Machines subsystem within 0.3 seconds!
Initialized Circuit subsystem within 0 seconds!
Initialized Disease subsystem within 0 seconds!
Initialized Medals subsystem within 0 seconds!
Initialized Night Shift subsystem within 0 seconds!
Initialized Parallax subsystem within 0 seconds!
Initialized Traumas subsystem within 0.2 seconds!
Initialized Weather subsystem within 0 seconds!
## WARNING: build_pipeline(): /obj/machinery/atmospherics/pipe/simple/supply/hidden added to a pipenet while still having one. (pipes leading to the same spot stacking in one turf) Nearby: (108, 118, 2)
## WARNING: build_pipeline(): /obj/machinery/atmospherics/pipe/manifold/supply/hidden added to a pipenet while still having one. (pipes leading to the same spot stacking in one turf) Nearby: (106, 118, 2)
## WARNING: build_pipeline(): /obj/machinery/atmospherics/pipe/simple/supply/hidden added to a pipenet while still having one. (pipes leading to the same spot stacking in one turf) Nearby: (109, 118, 2)
## WARNING: build_pipeline(): /obj/machinery/atmospherics/pipe/simple/supply/hidden added to a pipenet while still having one. (pipes leading to the same spot stacking in one turf) Nearby: (107, 118, 2)
## WARNING: build_pipeline(): /obj/machinery/atmospherics/pipe/simple/supply/hidden added to a pipenet while still having one. (pipes leading to the same spot stacking in one turf) Nearby: (106, 119, 2)
## WARNING: build_pipeline(): /obj/machinery/atmospherics/pipe/simple/supply/hidden added to a pipenet while still having one. (pipes leading to the same spot stacking in one turf) Nearby: (106, 117, 2)
## WARNING: build_pipeline(): /obj/machinery/atmospherics/pipe/simple/supply/hidden added to a pipenet while still having one. (pipes leading to the same spot stacking in one turf) Nearby: (106, 120, 2)
## WARNING: build_pipeline(): /obj/machinery/atmospherics/pipe/simple/supply/hidden added to a pipenet while still having one. (pipes leading to the same spot stacking in one turf) Nearby: (106, 116, 2)
## WARNING: build_pipeline(): /obj/machinery/atmospherics/pipe/simple/supply/hidden added to a pipenet while still having one. (pipes leading to the same spot stacking in one turf) Nearby: (106, 121, 2)
## WARNING: build_pipeline(): /obj/machinery/atmospherics/pipe/simple/supply/hidden added to a pipenet while still having one. (pipes leading to the same spot stacking in one turf) Nearby: (106, 115, 2)
## WARNING: build_pipeline(): further messages about pipenets will be supressed
Initialized Atmospherics subsystem within 15.4 seconds!
Failed to find backup file for map BoxStation on zlevel 2.
Initialized Assets subsystem within 0.9 seconds!
Initialized Icon Smoothing subsystem within 6.4 seconds!
Initialized Overlay subsystem within 21.1 seconds!
Initialized XKeyScore subsystem within 0 seconds!
Initialized Sticky Ban subsystem within 0 seconds!
Initialized Lighting subsystem within 14.9 seconds!
Initialized Shuttle subsystem within 28.8 seconds!
Initialized Squeak subsystem within 0.1 seconds!
Initialized pathfinder subsystem within 0 seconds!
Loaded 0 engraved messages on map BoxStation
Initialized Persistence subsystem within 0 seconds!
Initializations complete within 178.4 seconds!
Game start took 19.6s
runtime error: 
[23:28:03]nothing to animate
[23:28:03]proc name: shake camera (/proc/shake_camera)
[23:28:03]  source file: mob_helpers.dm,270
[23:28:03]  usr: (src)
[23:28:03]  src: null
[23:28:03]  call stack:
[23:28:03]shake camera(Patch-The-Hull (/mob/living/carbon/human), 0.75, 1)
[23:28:03]Patch-The-Hull (/mob/living/carbon/human): afterShuttleMove(space (25,20,13) (/turf/open/space/transit/west), /list (/list), 8, 8, 8, 0)
[23:28:03]Patch-The-Hull (/mob/living/carbon/human): afterShuttleMove(space (25,20,13) (/turf/open/space/transit/west), /list (/list), 8, 8, 8, 0)
[23:28:03]the arrivals shuttle (/obj/docking_port/mobile/arrivals): cleanup runway(the arrivals (/obj/docking_port/stationary), /list (/list), /list (/list), /list (/list), /list (/list), 0, 8, Space (/area/space), /turf/open/space/transit/west (/turf/open/space/transit/west), /turf/open/space (/turf/open/space))
[23:28:03]the arrivals shuttle (/obj/docking_port/mobile/arrivals): initiate docking(the arrivals (/obj/docking_port/stationary), 8, 0)
[23:28:03]the arrivals shuttle (/obj/docking_port/mobile/arrivals): initiate docking(the arrivals (/obj/docking_port/stationary), 8)
[23:28:03]the arrivals shuttle (/obj/docking_port/mobile/arrivals): check()
[23:28:03]the arrivals shuttle (/obj/docking_port/mobile/arrivals): check()
[23:28:03]Shuttle (/datum/controller/subsystem/shuttle): fire(0)
[23:28:03]Shuttle (/datum/controller/subsystem/shuttle): ignite(0)
runtime error: 
[23:31:11]nothing to animate
[23:31:11]proc name: shake camera (/proc/shake_camera)
[23:31:11]  source file: mob_helpers.dm,270
[23:31:11]  usr: (src)
[23:31:11]  src: null
[23:31:11]  call stack:
[23:31:11]shake camera(Indrick Boreale (/mob/living/carbon/human), 0.75, 1)
[23:31:11]Indrick Boreale (/mob/living/carbon/human): afterShuttleMove(space (27,18,13) (/turf/open/space/transit/west), /list (/list), 8, 8, 8, 0)
[23:31:11]Indrick Boreale (/mob/living/carbon/human): afterShuttleMove(space (27,18,13) (/turf/open/space/transit/west), /list (/list), 8, 8, 8, 0)
[23:31:11]the arrivals shuttle (/obj/docking_port/mobile/arrivals): cleanup runway(the arrivals (/obj/docking_port/stationary), /list (/list), /list (/list), /list (/list), /list (/list), 0, 8, Space (/area/space), /turf/open/space/transit/west (/turf/open/space/transit/west), /turf/open/space (/turf/open/space))
[23:31:11]the arrivals shuttle (/obj/docking_port/mobile/arrivals): initiate docking(the arrivals (/obj/docking_port/stationary), 8, 0)
[23:31:11]the arrivals shuttle (/obj/docking_port/mobile/arrivals): initiate docking(the arrivals (/obj/docking_port/stationary), 8)
[23:31:11]the arrivals shuttle (/obj/docking_port/mobile/arrivals): check()
[23:31:11]the arrivals shuttle (/obj/docking_port/mobile/arrivals): check()
[23:31:11]Shuttle (/datum/controller/subsystem/shuttle): fire(0)
[23:31:11]Shuttle (/datum/controller/subsystem/shuttle): ignite(0)
runtime error: 
[23:35:19]list index out of bounds
[23:35:19]proc name: nullifyPipenet (/obj/machinery/atmospherics/components/proc/nullifyPipenet)
[23:35:19]  source file: components_base.dm,75
[23:35:19]  usr: Patch-The-Hull (/mob/living/carbon/human)
[23:35:19]  src: the Head of Personnel\'s Offic... (/obj/machinery/atmospherics/components/unary/vent_pump/on)
[23:35:19]  usr.loc: the floor (131,100,2) (/turf/open/floor/plasteel)
[23:35:19]  src.loc: the floor (109,119,2) (/turf/open/floor/wood)
[23:35:19]  call stack:
[23:35:19]the Head of Personnel\'s Offic... (/obj/machinery/atmospherics/components/unary/vent_pump/on): nullifyPipenet(/datum/pipeline (/datum/pipeline))
[23:35:19]/datum/pipeline (/datum/pipeline): Destroy(0)
[23:35:19]qdel(/datum/pipeline (/datum/pipeline), 0)
[23:35:19]the scrubbers pipe (/obj/machinery/atmospherics/pipe/simple/scrubbers/visible): destroy network()
[23:35:19]the scrubbers pipe (/obj/machinery/atmospherics/pipe/manifold/scrubbers/visible): disconnect(the scrubbers pipe (/obj/machinery/atmospherics/pipe/simple/scrubbers/visible))
[23:35:19]the scrubbers pipe (/obj/machinery/atmospherics/pipe/simple/scrubbers/visible): nullifyNode(1)
[23:35:19]the scrubbers pipe (/obj/machinery/atmospherics/pipe/simple/scrubbers/visible): nullifyNode(1)
[23:35:19]the scrubbers pipe (/obj/machinery/atmospherics/pipe/simple/scrubbers/visible): Destroy(0)
[23:35:19]the scrubbers pipe (/obj/machinery/atmospherics/pipe/simple/scrubbers/visible): Destroy(0)
[23:35:19]qdel(the scrubbers pipe (/obj/machinery/atmospherics/pipe/simple/scrubbers/visible), 0)
[23:35:19]the scrubbers pipe (/obj/machinery/atmospherics/pipe/simple/scrubbers/visible): deconstruct(1)
[23:35:19]the scrubbers pipe (/obj/machinery/atmospherics/pipe/simple/scrubbers/visible): deconstruct(1)
[23:35:19]the scrubbers pipe (/obj/machinery/atmospherics/pipe/simple/scrubbers/visible): wrench act(Patch-The-Hull (/mob/living/carbon/human), the hand drill (/obj/item/wrench/power))
[23:35:19]the scrubbers pipe (/obj/machinery/atmospherics/pipe/simple/scrubbers/visible): tool act(Patch-The-Hull (/mob/living/carbon/human), the hand drill (/obj/item/wrench/power), "wrench")
[23:35:19]the hand drill (/obj/item/wrench/power): tool attack chain(Patch-The-Hull (/mob/living/carbon/human), the scrubbers pipe (/obj/machinery/atmospherics/pipe/simple/scrubbers/visible))
[23:35:19]the hand drill (/obj/item/wrench/power): melee attack chain(Patch-The-Hull (/mob/living/carbon/human), the scrubbers pipe (/obj/machinery/atmospherics/pipe/simple/scrubbers/visible), "icon-x=15;icon-y=2;left=1;scre...")
[23:35:19]Patch-The-Hull (/mob/living/carbon/human): ClickOn(the scrubbers pipe (/obj/machinery/atmospherics/pipe/simple/scrubbers/visible), "icon-x=15;icon-y=2;left=1;scre...")
[23:35:19]the scrubbers pipe (/obj/machinery/atmospherics/pipe/simple/scrubbers/visible): Click(the floor (130,101,2) (/turf/open/floor/plasteel), "mapwindow.map", "icon-x=15;icon-y=2;left=1;scre...")
runtime error: 
[23:35:19]list index out of bounds
[23:35:19]proc name: nullifyPipenet (/obj/machinery/atmospherics/components/proc/nullifyPipenet)
[23:35:19]  source file: components_base.dm,75
[23:35:19]  usr: Patch-The-Hull (/mob/living/carbon/human)
[23:35:19]  src: the Head of Personnel\'s Offic... (/obj/machinery/atmospherics/components/unary/vent_pump/on)
[23:35:19]  usr.loc: the floor (131,100,2) (/turf/open/floor/plasteel)
[23:35:19]  src.loc: the floor (105,115,2) (/turf/open/floor/plasteel)
[23:35:19]  call stack:
[23:35:19]the Head of Personnel\'s Offic... (/obj/machinery/atmospherics/components/unary/vent_pump/on): nullifyPipenet(/datum/pipeline (/datum/pipeline))
[23:35:19]/datum/pipeline (/datum/pipeline): Destroy(0)
[23:35:19]qdel(/datum/pipeline (/datum/pipeline), 0)
[23:35:19]the scrubbers pipe (/obj/machinery/atmospherics/pipe/simple/scrubbers/visible): destroy network()
[23:35:19]the scrubbers pipe (/obj/machinery/atmospherics/pipe/manifold/scrubbers/visible): disconnect(the scrubbers pipe (/obj/machinery/atmospherics/pipe/simple/scrubbers/visible))
[23:35:19]the scrubbers pipe (/obj/machinery/atmospherics/pipe/simple/scrubbers/visible): nullifyNode(1)
[23:35:19]the scrubbers pipe (/obj/machinery/atmospherics/pipe/simple/scrubbers/visible): nullifyNode(1)
[23:35:19]the scrubbers pipe (/obj/machinery/atmospherics/pipe/simple/scrubbers/visible): Destroy(0)
[23:35:19]the scrubbers pipe (/obj/machinery/atmospherics/pipe/simple/scrubbers/visible): Destroy(0)
[23:35:19]qdel(the scrubbers pipe (/obj/machinery/atmospherics/pipe/simple/scrubbers/visible), 0)
[23:35:19]the scrubbers pipe (/obj/machinery/atmospherics/pipe/simple/scrubbers/visible): deconstruct(1)
[23:35:19]the scrubbers pipe (/obj/machinery/atmospherics/pipe/simple/scrubbers/visible): deconstruct(1)
[23:35:19]the scrubbers pipe (/obj/machinery/atmospherics/pipe/simple/scrubbers/visible): wrench act(Patch-The-Hull (/mob/living/carbon/human), the hand drill (/obj/item/wrench/power))
[23:35:19]the scrubbers pipe (/obj/machinery/atmospherics/pipe/simple/scrubbers/visible): tool act(Patch-The-Hull (/mob/living/carbon/human), the hand drill (/obj/item/wrench/power), "wrench")
[23:35:19]the hand drill (/obj/item/wrench/power): tool attack chain(Patch-The-Hull (/mob/living/carbon/human), the scrubbers pipe (/obj/machinery/atmospherics/pipe/simple/scrubbers/visible))
[23:35:19]the hand drill (/obj/item/wrench/power): melee attack chain(Patch-The-Hull (/mob/living/carbon/human), the scrubbers pipe (/obj/machinery/atmospherics/pipe/simple/scrubbers/visible), "icon-x=15;icon-y=2;left=1;scre...")
[23:35:19]Patch-The-Hull (/mob/living/carbon/human): ClickOn(the scrubbers pipe (/obj/machinery/atmospherics/pipe/simple/scrubbers/visible), "icon-x=15;icon-y=2;left=1;scre...")
[23:35:19]the scrubbers pipe (/obj/machinery/atmospherics/pipe/simple/scrubbers/visible): Click(the floor (130,101,2) (/turf/open/floor/plasteel), "mapwindow.map", "icon-x=15;icon-y=2;left=1;scre...")
runtime error: 
[23:35:19]list index out of bounds
[23:35:19]proc name: nullifyPipenet (/obj/machinery/atmospherics/components/proc/nullifyPipenet)
[23:35:19]  source file: components_base.dm,75
[23:35:19]  usr: Patch-The-Hull (/mob/living/carbon/human)
[23:35:19]  src: the Heads of Staff Meeting Roo... (/obj/machinery/atmospherics/components/unary/vent_pump/on)
[23:35:19]  usr.loc: the floor (131,100,2) (/turf/open/floor/plasteel)
[23:35:19]  src.loc: the carpet (102,130,2) (/turf/open/floor/carpet)
[23:35:19]  call stack:
[23:35:19]the Heads of Staff Meeting Roo... (/obj/machinery/atmospherics/components/unary/vent_pump/on): nullifyPipenet(/datum/pipeline (/datum/pipeline))
[23:35:19]/datum/pipeline (/datum/pipeline): Destroy(0)
[23:35:19]qdel(/datum/pipeline (/datum/pipeline), 0)
[23:35:19]the scrubbers pipe (/obj/machinery/atmospherics/pipe/simple/scrubbers/visible): destroy network()
[23:35:19]the scrubbers pipe (/obj/machinery/atmospherics/pipe/manifold/scrubbers/visible): disconnect(the scrubbers pipe (/obj/machinery/atmospherics/pipe/simple/scrubbers/visible))
[23:35:19]the scrubbers pipe (/obj/machinery/atmospherics/pipe/simple/scrubbers/visible): nullifyNode(1)
[23:35:19]the scrubbers pipe (/obj/machinery/atmospherics/pipe/simple/scrubbers/visible): nullifyNode(1)
[23:35:19]the scrubbers pipe (/obj/machinery/atmospherics/pipe/simple/scrubbers/visible): Destroy(0)
[23:35:19]the scrubbers pipe (/obj/machinery/atmospherics/pipe/simple/scrubbers/visible): Destroy(0)
[23:35:19]qdel(the scrubbers pipe (/obj/machinery/atmospherics/pipe/simple/scrubbers/visible), 0)
[23:35:19]the scrubbers pipe (/obj/machinery/atmospherics/pipe/simple/scrubbers/visible): deconstruct(1)
[23:35:19]the scrubbers pipe (/obj/machinery/atmospherics/pipe/simple/scrubbers/visible): deconstruct(1)
[23:35:19]the scrubbers pipe (/obj/machinery/atmospherics/pipe/simple/scrubbers/visible): wrench act(Patch-The-Hull (/mob/living/carbon/human), the hand drill (/obj/item/wrench/power))
[23:35:19]the scrubbers pipe (/obj/machinery/atmospherics/pipe/simple/scrubbers/visible): tool act(Patch-The-Hull (/mob/living/carbon/human), the hand drill (/obj/item/wrench/power), "wrench")
[23:35:19]the hand drill (/obj/item/wrench/power): tool attack chain(Patch-The-Hull (/mob/living/carbon/human), the scrubbers pipe (/obj/machinery/atmospherics/pipe/simple/scrubbers/visible))
[23:35:19]the hand drill (/obj/item/wrench/power): melee attack chain(Patch-The-Hull (/mob/living/carbon/human), the scrubbers pipe (/obj/machinery/atmospherics/pipe/simple/scrubbers/visible), "icon-x=15;icon-y=2;left=1;scre...")
[23:35:19]Patch-The-Hull (/mob/living/carbon/human): ClickOn(the scrubbers pipe (/obj/machinery/atmospherics/pipe/simple/scrubbers/visible), "icon-x=15;icon-y=2;left=1;scre...")
[23:35:19]the scrubbers pipe (/obj/machinery/atmospherics/pipe/simple/scrubbers/visible): Click(the floor (130,101,2) (/turf/open/floor/plasteel), "mapwindow.map", "icon-x=15;icon-y=2;left=1;scre...")
runtime error: 
[23:35:19]list index out of bounds
[23:35:19]proc name: nullifyPipenet (/obj/machinery/atmospherics/components/proc/nullifyPipenet)
[23:35:19]  source file: components_base.dm,75
[23:35:19]  usr: Patch-The-Hull (/mob/living/carbon/human)
[23:35:19]  src: the Bridge vent pump #1 (/obj/machinery/atmospherics/components/unary/vent_pump/on)
[23:35:19]  usr.loc: the floor (131,100,2) (/turf/open/floor/plasteel)
[23:35:19]  src.loc: the floor (117,136,2) (/turf/open/floor/plasteel)
[23:35:19]  call stack:
[23:35:19]the Bridge vent pump #1 (/obj/machinery/atmospherics/components/unary/vent_pump/on): nullifyPipenet(/datum/pipeline (/datum/pipeline))
[23:35:19]/datum/pipeline (/datum/pipeline): Destroy(0)
[23:35:19]qdel(/datum/pipeline (/datum/pipeline), 0)
[23:35:19]the scrubbers pipe (/obj/machinery/atmospherics/pipe/simple/scrubbers/visible): destroy network()
[23:35:19]the scrubbers pipe (/obj/machinery/atmospherics/pipe/manifold/scrubbers/visible): disconnect(the scrubbers pipe (/obj/machinery/atmospherics/pipe/simple/scrubbers/visible))
[23:35:19]the scrubbers pipe (/obj/machinery/atmospherics/pipe/simple/scrubbers/visible): nullifyNode(1)
[23:35:19]the scrubbers pipe (/obj/machinery/atmospherics/pipe/simple/scrubbers/visible): nullifyNode(1)
[23:35:19]the scrubbers pipe (/obj/machinery/atmospherics/pipe/simple/scrubbers/visible): Destroy(0)
[23:35:19]the scrubbers pipe (/obj/machinery/atmospherics/pipe/simple/scrubbers/visible): Destroy(0)
[23:35:19]qdel(the scrubbers pipe (/obj/machinery/atmospherics/pipe/simple/scrubbers/visible), 0)
[23:35:19]the scrubbers pipe (/obj/machinery/atmospherics/pipe/simple/scrubbers/visible): deconstruct(1)
[23:35:19]the scrubbers pipe (/obj/machinery/atmospherics/pipe/simple/scrubbers/visible): deconstruct(1)
[23:35:19]the scrubbers pipe (/obj/machinery/atmospherics/pipe/simple/scrubbers/visible): wrench act(Patch-The-Hull (/mob/living/carbon/human), the hand drill (/obj/item/wrench/power))
[23:35:19]the scrubbers pipe (/obj/machinery/atmospherics/pipe/simple/scrubbers/visible): tool act(Patch-The-Hull (/mob/living/carbon/human), the hand drill (/obj/item/wrench/power), "wrench")
[23:35:19]the hand drill (/obj/item/wrench/power): tool attack chain(Patch-The-Hull (/mob/living/carbon/human), the scrubbers pipe (/obj/machinery/atmospherics/pipe/simple/scrubbers/visible))
[23:35:19]the hand drill (/obj/item/wrench/power): melee attack chain(Patch-The-Hull (/mob/living/carbon/human), the scrubbers pipe (/obj/machinery/atmospherics/pipe/simple/scrubbers/visible), "icon-x=15;icon-y=2;left=1;scre...")
[23:35:19]Patch-The-Hull (/mob/living/carbon/human): ClickOn(the scrubbers pipe (/obj/machinery/atmospherics/pipe/simple/scrubbers/visible), "icon-x=15;icon-y=2;left=1;scre...")
[23:35:19]the scrubbers pipe (/obj/machinery/atmospherics/pipe/simple/scrubbers/visible): Click(the floor (130,101,2) (/turf/open/floor/plasteel), "mapwindow.map", "icon-x=15;icon-y=2;left=1;scre...")
runtime error: 
[23:35:19]list index out of bounds
[23:35:19]proc name: nullifyPipenet (/obj/machinery/atmospherics/components/proc/nullifyPipenet)
[23:35:19]  source file: components_base.dm,75
[23:35:19]  usr: Patch-The-Hull (/mob/living/carbon/human)
[23:35:19]  src: the Captain\'s Office vent pum... (/obj/machinery/atmospherics/components/unary/vent_pump/on)
[23:35:19]  usr.loc: the floor (131,100,2) (/turf/open/floor/plasteel)
[23:35:19]  src.loc: the carpet (123,131,2) (/turf/open/floor/carpet)
[23:35:19]  call stack:
[23:35:19]the Captain\'s Office vent pum... (/obj/machinery/atmospherics/components/unary/vent_pump/on): nullifyPipenet(/datum/pipeline (/datum/pipeline))
[23:35:19]/datum/pipeline (/datum/pipeline): Destroy(0)
[23:35:19]qdel(/datum/pipeline (/datum/pipeline), 0)
[23:35:19]the scrubbers pipe (/obj/machinery/atmospherics/pipe/simple/scrubbers/visible): destroy network()
[23:35:19]the scrubbers pipe (/obj/machinery/atmospherics/pipe/manifold/scrubbers/visible): disconnect(the scrubbers pipe (/obj/machinery/atmospherics/pipe/simple/scrubbers/visible))
[23:35:19]the scrubbers pipe (/obj/machinery/atmospherics/pipe/simple/scrubbers/visible): nullifyNode(1)
[23:35:19]the scrubbers pipe (/obj/machinery/atmospherics/pipe/simple/scrubbers/visible): nullifyNode(1)
[23:35:19]the scrubbers pipe (/obj/machinery/atmospherics/pipe/simple/scrubbers/visible): Destroy(0)
[23:35:19]the scrubbers pipe (/obj/machinery/atmospherics/pipe/simple/scrubbers/visible): Destroy(0)
[23:35:19]qdel(the scrubbers pipe (/obj/machinery/atmospherics/pipe/simple/scrubbers/visible), 0)
[23:35:19]the scrubbers pipe (/obj/machinery/atmospherics/pipe/simple/scrubbers/visible): deconstruct(1)
[23:35:19]the scrubbers pipe (/obj/machinery/atmospherics/pipe/simple/scrubbers/visible): deconstruct(1)
[23:35:19]the scrubbers pipe (/obj/machinery/atmospherics/pipe/simple/scrubbers/visible): wrench act(Patch-The-Hull (/mob/living/carbon/human), the hand drill (/obj/item/wrench/power))
[23:35:19]the scrubbers pipe (/obj/machinery/atmospherics/pipe/simple/scrubbers/visible): tool act(Patch-The-Hull (/mob/living/carbon/human), the hand drill (/obj/item/wrench/power), "wrench")
[23:35:19]the hand drill (/obj/item/wrench/power): tool attack chain(Patch-The-Hull (/mob/living/carbon/human), the scrubbers pipe (/obj/machinery/atmospherics/pipe/simple/scrubbers/visible))
[23:35:19]the hand drill (/obj/item/wrench/power): melee attack chain(Patch-The-Hull (/mob/living/carbon/human), the scrubbers pipe (/obj/machinery/atmospherics/pipe/simple/scrubbers/visible), "icon-x=15;icon-y=2;left=1;scre...")
[23:35:19]Patch-The-Hull (/mob/living/carbon/human): ClickOn(the scrubbers pipe (/obj/machinery/atmospherics/pipe/simple/scrubbers/visible), "icon-x=15;icon-y=2;left=1;scre...")
[23:35:19]the scrubbers pipe (/obj/machinery/atmospherics/pipe/simple/scrubbers/visible): Click(the floor (130,101,2) (/turf/open/floor/plasteel), "mapwindow.map", "icon-x=15;icon-y=2;left=1;scre...")
runtime error: 
[23:35:19]list index out of bounds
[23:35:19]proc name: nullifyPipenet (/obj/machinery/atmospherics/components/proc/nullifyPipenet)
[23:35:19]  source file: components_base.dm,75
runtime error: 
[23:35:19]list index out of bounds
[23:35:19]proc name: nullifyPipenet (/obj/machinery/atmospherics/components/proc/nullifyPipenet)
[23:35:19]  source file: components_base.dm,75
runtime error: 
[23:35:19]list index out of bounds
[23:35:19]proc name: nullifyPipenet (/obj/machinery/atmospherics/components/proc/nullifyPipenet)
[23:35:19]  source file: components_base.dm,75
runtime error: 
[23:35:19]list index out of bounds
[23:35:19]proc name: nullifyPipenet (/obj/machinery/atmospherics/components/proc/nullifyPipenet)
[23:35:19]  source file: components_base.dm,75
runtime error: 
[23:35:19]list index out of bounds
[23:35:19]proc name: nullifyPipenet (/obj/machinery/atmospherics/components/proc/nullifyPipenet)
[23:35:19]  source file: components_base.dm,75
runtime error: 
[23:35:19]list index out of bounds
[23:35:19]proc name: nullifyPipenet (/obj/machinery/atmospherics/components/proc/nullifyPipenet)
[23:35:19]  source file: components_base.dm,75
runtime error: 
[23:35:19]list index out of bounds
[23:35:19]proc name: nullifyPipenet (/obj/machinery/atmospherics/components/proc/nullifyPipenet)
[23:35:19]  source file: components_base.dm,75
runtime error: 
[23:35:19]list index out of bounds
[23:35:19]proc name: nullifyPipenet (/obj/machinery/atmospherics/components/proc/nullifyPipenet)
[23:35:19]  source file: components_base.dm,75
runtime error: 
[23:35:19]list index out of bounds
[23:35:19]proc name: nullifyPipenet (/obj/machinery/atmospherics/components/proc/nullifyPipenet)
[23:35:19]  source file: components_base.dm,75
runtime error: 
[23:35:19]list index out of bounds
[23:35:19]proc name: nullifyPipenet (/obj/machinery/atmospherics/components/proc/nullifyPipenet)
[23:35:19]  source file: components_base.dm,75
runtime error: 
[23:35:19]list index out of bounds
[23:35:19]proc name: nullifyPipenet (/obj/machinery/atmospherics/components/proc/nullifyPipenet)
[23:35:19]  source file: components_base.dm,75
runtime error: 
[23:35:19]list index out of bounds
[23:35:19]proc name: nullifyPipenet (/obj/machinery/atmospherics/components/proc/nullifyPipenet)
[23:35:19]  source file: components_base.dm,75
runtime error: 
[23:35:19]list index out of bounds
[23:35:19]proc name: nullifyPipenet (/obj/machinery/atmospherics/components/proc/nullifyPipenet)
[23:35:19]  source file: components_base.dm,75
runtime error: 
[23:35:19]list index out of bounds
[23:35:19]proc name: nullifyPipenet (/obj/machinery/atmospherics/components/proc/nullifyPipenet)
[23:35:19]  source file: components_base.dm,75
runtime error: 
[23:35:19]list index out of bounds
[23:35:19]proc name: nullifyPipenet (/obj/machinery/atmospherics/components/proc/nullifyPipenet)
[23:35:19]  source file: components_base.dm,75
runtime error: 
[23:35:19]list index out of bounds
[23:35:19]proc name: nullifyPipenet (/obj/machinery/atmospherics/components/proc/nullifyPipenet)
[23:35:19]  source file: components_base.dm,75
runtime error: 
[23:35:19]list index out of bounds
[23:35:19]proc name: nullifyPipenet (/obj/machinery/atmospherics/components/proc/nullifyPipenet)
[23:35:19]  source file: components_base.dm,75
runtime error: 
[23:35:19]list index out of bounds
[23:35:19]proc name: nullifyPipenet (/obj/machinery/atmospherics/components/proc/nullifyPipenet)
[23:35:19]  source file: components_base.dm,75
runtime error: 
[23:35:19]list index out of bounds
[23:35:19]proc name: nullifyPipenet (/obj/machinery/atmospherics/components/proc/nullifyPipenet)
[23:35:19]  source file: components_base.dm,75
runtime error: 
[23:35:19]list index out of bounds
[23:35:19]proc name: nullifyPipenet (/obj/machinery/atmospherics/components/proc/nullifyPipenet)
[23:35:19]  source file: components_base.dm,75
runtime error: 
[23:35:19]list index out of bounds
[23:35:19]proc name: nullifyPipenet (/obj/machinery/atmospherics/components/proc/nullifyPipenet)
[23:35:19]  source file: components_base.dm,75
runtime error: 
[23:35:19]list index out of bounds
[23:35:19]proc name: nullifyPipenet (/obj/machinery/atmospherics/components/proc/nullifyPipenet)
[23:35:19]  source file: components_base.dm,75
runtime error: 
[23:35:19]list index out of bounds
[23:35:19]proc name: nullifyPipenet (/obj/machinery/atmospherics/components/proc/nullifyPipenet)
[23:35:19]  source file: components_base.dm,75
runtime error: 
[23:35:19]list index out of bounds
[23:35:19]proc name: nullifyPipenet (/obj/machinery/atmospherics/components/proc/nullifyPipenet)
[23:35:19]  source file: components_base.dm,75
runtime error: 
[23:35:19]list index out of bounds
[23:35:19]proc name: nullifyPipenet (/obj/machinery/atmospherics/components/proc/nullifyPipenet)
[23:35:19]  source file: components_base.dm,75
runtime error: 
[23:35:19]list index out of bounds
[23:35:19]proc name: nullifyPipenet (/obj/machinery/atmospherics/components/proc/nullifyPipenet)
[23:35:19]  source file: components_base.dm,75
runtime error: 
[23:35:19]list index out of bounds
[23:35:19]proc name: nullifyPipenet (/obj/machinery/atmospherics/components/proc/nullifyPipenet)
[23:35:19]  source file: components_base.dm,75
runtime error: 
[23:35:19]list index out of bounds
[23:35:19]proc name: nullifyPipenet (/obj/machinery/atmospherics/components/proc/nullifyPipenet)
[23:35:19]  source file: components_base.dm,75
runtime error: 
[23:35:19]list index out of bounds
[23:35:19]proc name: nullifyPipenet (/obj/machinery/atmospherics/components/proc/nullifyPipenet)
[23:35:19]  source file: components_base.dm,75
runtime error: 
[23:35:19]list index out of bounds
[23:35:19]proc name: nullifyPipenet (/obj/machinery/atmospherics/components/proc/nullifyPipenet)
[23:35:19]  source file: components_base.dm,75
runtime error: 
[23:35:19]list index out of bounds
[23:35:19]proc name: nullifyPipenet (/obj/machinery/atmospherics/components/proc/nullifyPipenet)
[23:35:19]  source file: components_base.dm,75
runtime error: 
[23:35:19]list index out of bounds
[23:35:19]proc name: nullifyPipenet (/obj/machinery/atmospherics/components/proc/nullifyPipenet)
[23:35:19]  source file: components_base.dm,75
runtime error: 
[23:35:19]list index out of bounds
[23:35:19]proc name: nullifyPipenet (/obj/machinery/atmospherics/components/proc/nullifyPipenet)
[23:35:19]  source file: components_base.dm,75
runtime error: 
[23:35:19]list index out of bounds
[23:35:19]proc name: nullifyPipenet (/obj/machinery/atmospherics/components/proc/nullifyPipenet)
[23:35:19]  source file: components_base.dm,75
runtime error: 
[23:35:19]list index out of bounds
[23:35:19]proc name: nullifyPipenet (/obj/machinery/atmospherics/components/proc/nullifyPipenet)
[23:35:19]  source file: components_base.dm,75
runtime error: 
[23:35:19]list index out of bounds
[23:35:19]proc name: nullifyPipenet (/obj/machinery/atmospherics/components/proc/nullifyPipenet)
[23:35:19]  source file: components_base.dm,75
runtime error: 
[23:35:19]list index out of bounds
[23:35:19]proc name: nullifyPipenet (/obj/machinery/atmospherics/components/proc/nullifyPipenet)
[23:35:19]  source file: components_base.dm,75
runtime error: 
[23:35:19]list index out of bounds
[23:35:19]proc name: nullifyPipenet (/obj/machinery/atmospherics/components/proc/nullifyPipenet)
[23:35:19]  source file: components_base.dm,75
runtime error: 
[23:35:19]list index out of bounds
[23:35:19]proc name: nullifyPipenet (/obj/machinery/atmospherics/components/proc/nullifyPipenet)
[23:35:19]  source file: components_base.dm,75
runtime error: 
[23:35:19]list index out of bounds
[23:35:19]proc name: nullifyPipenet (/obj/machinery/atmospherics/components/proc/nullifyPipenet)
[23:35:19]  source file: components_base.dm,75
runtime error: 
[23:35:19]list index out of bounds
[23:35:19]proc name: nullifyPipenet (/obj/machinery/atmospherics/components/proc/nullifyPipenet)
[23:35:19]  source file: components_base.dm,75
runtime error: 
[23:35:19]list index out of bounds
[23:35:19]proc name: nullifyPipenet (/obj/machinery/atmospherics/components/proc/nullifyPipenet)
[23:35:19]  source file: components_base.dm,75
runtime error: 
[23:35:19]list index out of bounds
[23:35:19]proc name: nullifyPipenet (/obj/machinery/atmospherics/components/proc/nullifyPipenet)
[23:35:19]  source file: components_base.dm,75
runtime error: 
[23:35:19]list index out of bounds
[23:35:19]proc name: nullifyPipenet (/obj/machinery/atmospherics/components/proc/nullifyPipenet)
[23:35:19]  source file: components_base.dm,75
runtime error: 
[23:35:19]list index out of bounds
[23:35:19]proc name: nullifyPipenet (/obj/machinery/atmospherics/components/proc/nullifyPipenet)
[23:35:19]  source file: components_base.dm,75
runtime error: 
[23:35:19]list index out of bounds
[23:35:19]proc name: nullifyPipenet (/obj/machinery/atmospherics/components/proc/nullifyPipenet)
[23:35:19]  source file: components_base.dm,75
runtime error: 
[23:40:41]Cannot read null.loc
runtime error: 
[23:43:06]list index out of bounds
runtime error: 
[23:45:33]nothing to animate
runtime error: 
[23:48:28]nothing to animate
runtime error: 
[23:49:04]nothing to animate
runtime error: 
[23:52:34]nothing to animate
runtime error: 
[23:53:04]addtimer called with a callback assigned to a qdeleted object
runtime error: 
[23:53:04]addtimer called with a callback assigned to a qdeleted object
runtime error: 
[00:00:29]nothing to animate
runtime error: 
[00:00:39]nothing to animate
runtime error: 
[00:03:20]nothing to animate
runtime error: 
[00:03:30]nothing to animate
runtime error: 
[00:07:40]Component is missing a pipenet! Rebuilding...
runtime error: 
[00:07:40]Cannot read null.air
runtime error: 
[00:07:40]Cannot read null.air
runtime error: 
[00:07:40]Cannot read null.air
runtime error: 
[00:07:40]Cannot read null.air
runtime error: 
[00:07:41]Component is missing a pipenet! Rebuilding...
runtime error: 
[00:07:41]Component is missing a pipenet! Rebuilding...
runtime error: 
[00:07:41]Component is missing a pipenet! Rebuilding...
runtime error: 
[00:07:41]Component is missing a pipenet! Rebuilding...
runtime error: 
[00:07:41]Component is missing a pipenet! Rebuilding...
runtime error: 
[00:07:41]Component is missing a pipenet! Rebuilding...
runtime error: 
[00:07:41]Component is missing a pipenet! Rebuilding...
runtime error: 
[00:07:41]Component is missing a pipenet! Rebuilding...
runtime error: 
[00:07:41]Component is missing a pipenet! Rebuilding...
runtime error: 
[00:07:41]Component is missing a pipenet! Rebuilding...
runtime error: 
[00:07:41]Component is missing a pipenet! Rebuilding...
runtime error: 
[00:07:41]Component is missing a pipenet! Rebuilding...
runtime error: 
[00:07:41]Component is missing a pipenet! Rebuilding...
runtime error: 
[00:07:41]Component is missing a pipenet! Rebuilding...
runtime error: 
[00:07:41]Component is missing a pipenet! Rebuilding...
runtime error: 
[00:07:41]Component is missing a pipenet! Rebuilding...
runtime error: 
[00:07:41]Component is missing a pipenet! Rebuilding...
runtime error: 
[00:07:41]Component is missing a pipenet! Rebuilding...
runtime error: 
[00:07:41]Component is missing a pipenet! Rebuilding...
runtime error: 
[00:07:41]Component is missing a pipenet! Rebuilding...
runtime error: 
[00:07:41]Component is missing a pipenet! Rebuilding...
runtime error: 
[00:07:41]Component is missing a pipenet! Rebuilding...
runtime error: 
[00:07:41]Component is missing a pipenet! Rebuilding...
runtime error: 
[00:07:41]Component is missing a pipenet! Rebuilding...
runtime error: 
[00:07:41]Component is missing a pipenet! Rebuilding...
runtime error: 
[00:07:41]Component is missing a pipenet! Rebuilding...
runtime error: 
[00:07:41]Component is missing a pipenet! Rebuilding...
runtime error: 
[00:07:41]Component is missing a pipenet! Rebuilding...
runtime error: 
[00:07:41]Component is missing a pipenet! Rebuilding...
runtime error: 
[00:07:41]Component is missing a pipenet! Rebuilding...
runtime error: 
[00:07:41]Component is missing a pipenet! Rebuilding...
runtime error: 
[00:07:41]Component is missing a pipenet! Rebuilding...
runtime error: 
[00:07:41]Component is missing a pipenet! Rebuilding...
runtime error: 
[00:07:41]Component is missing a pipenet! Rebuilding...
runtime error: 
[00:07:41]Component is missing a pipenet! Rebuilding...
runtime error: 
[00:07:41]Component is missing a pipenet! Rebuilding...
runtime error: 
[00:07:41]Component is missing a pipenet! Rebuilding...
runtime error: 
[00:07:41]Component is missing a pipenet! Rebuilding...
runtime error: 
[00:07:41]Component is missing a pipenet! Rebuilding...
runtime error: 
[00:07:41]Component is missing a pipenet! Rebuilding...
runtime error: 
[00:07:41]Component is missing a pipenet! Rebuilding...
runtime error: 
[00:07:41]Component is missing a pipenet! Rebuilding...
runtime error: 
[00:07:41]Component is missing a pipenet! Rebuilding...
runtime error: 
[00:07:41]Component is missing a pipenet! Rebuilding...
runtime error: 
[00:07:41]Component is missing a pipenet! Rebuilding...
runtime error: 
[00:07:41]Component is missing a pipenet! Rebuilding...
runtime error: 
[00:07:41]Component is missing a pipenet! Rebuilding...
runtime error: 
[00:07:41]Component is missing a pipenet! Rebuilding...
runtime error: 
[00:07:41]Component is missing a pipenet! Rebuilding...
runtime error: 
[00:07:41]Component is missing a pipenet! Rebuilding...
runtime error: 
[00:07:41]Cannot read null.air
runtime error: 
[00:07:41]Cannot read null.air
runtime error: 
[00:07:41]Cannot read null.air
runtime error: 
[00:07:41]Cannot read null.air
runtime error: 
[00:07:42]Cannot read null.air
runtime error: 
[00:07:42]Cannot read null.air
runtime error: 
[00:07:42]Cannot read null.air
runtime error: 
[00:07:42]Cannot read null.air
runtime error: 
[00:07:43]Cannot read null.air
runtime error: 
[00:07:43]Cannot read null.air
runtime error: 
[00:07:43]Cannot read null.air
runtime error: 
[00:07:43]Cannot read null.air
runtime error: 
[00:07:44]Cannot read null.air
runtime error: 
[00:07:44]Cannot read null.air
runtime error: 
[00:07:44]Cannot read null.air
runtime error: 
[00:07:44]Cannot read null.air
runtime error: 
[00:07:45]Cannot read null.air
runtime error: 
[00:07:45]Cannot read null.air
runtime error: 
[00:07:45]Cannot read null.air
runtime error: 
[00:07:45]Cannot read null.air
runtime error: 
[00:07:45]Cannot read null.air
runtime error: 
[00:07:45]Cannot read null.air
runtime error: 
[00:07:45]Cannot read null.air
runtime error: 
[00:07:45]Cannot read null.air
runtime error: 
[00:07:46]Cannot read null.air
runtime error: 
[00:07:46]Cannot read null.air
runtime error: 
[00:07:46]Cannot read null.air
runtime error: 
[00:07:46]Cannot read null.air
runtime error: 
[00:07:46]Cannot read null.air
runtime error: 
[00:07:46]Cannot read null.air
runtime error: 
[00:07:46]Cannot read null.air
runtime error: 
[00:07:46]Cannot read null.air
runtime error: 
[00:07:47]Cannot read null.air
runtime error: 
[00:07:47]Cannot read null.air
runtime error: 
[00:07:47]Cannot read null.air
runtime error: 
[00:07:47]Cannot read null.air
runtime error: 
[00:07:47]Cannot read null.air
runtime error: 
[00:07:47]Cannot read null.air
runtime error: 
[00:07:47]Cannot read null.air
runtime error: 
[00:07:47]Cannot read null.air
runtime error: 
[00:07:48]Cannot read null.air
runtime error: 
[00:07:48]Cannot read null.air
runtime error: 
[00:07:48]Cannot read null.air
runtime error: 
[00:07:48]Cannot read null.air
runtime error: 
[00:07:48]Cannot read null.air
runtime error: 
[00:07:48]Cannot read null.air
runtime error: 
[00:07:48]Cannot read null.air
runtime error: 
[00:12:33]nothing to animate
runtime error: 
[00:12:43]nothing to animate
runtime error: 
[00:13:10]Cannot read null.loc
runtime error: 
[00:18:01]Component is missing a pipenet! Rebuilding...
runtime error: 
[00:18:01]Component is missing a pipenet! Rebuilding...
runtime error: 
[00:18:01]Component is missing a pipenet! Rebuilding...
runtime error: 
[00:18:01]Component is missing a pipenet! Rebuilding...
runtime error: 
[00:18:01]Component is missing a pipenet! Rebuilding...
runtime error: 
[00:18:01]Component is missing a pipenet! Rebuilding...
runtime error: 
[00:18:01]Component is missing a pipenet! Rebuilding...
runtime error: 
[00:18:01]Component is missing a pipenet! Rebuilding...
runtime error: 
[00:18:01]Component is missing a pipenet! Rebuilding...
runtime error: 
[00:18:01]Component is missing a pipenet! Rebuilding...
runtime error: 
[00:18:01]Component is missing a pipenet! Rebuilding...
runtime error: 
[00:18:01]Component is missing a pipenet! Rebuilding...
runtime error: 
[00:18:01]Component is missing a pipenet! Rebuilding...
runtime error: 
[00:18:01]Component is missing a pipenet! Rebuilding...
runtime error: 
[00:18:01]Component is missing a pipenet! Rebuilding...
runtime error: 
[00:18:01]Component is missing a pipenet! Rebuilding...
runtime error: 
[00:18:01]Component is missing a pipenet! Rebuilding...
runtime error: 
[00:18:01]Component is missing a pipenet! Rebuilding...
runtime error: 
[00:18:01]Component is missing a pipenet! Rebuilding...
runtime error: 
[00:18:01]Component is missing a pipenet! Rebuilding...
runtime error: 
[00:18:01]Component is missing a pipenet! Rebuilding...
runtime error: 
[00:18:01]Component is missing a pipenet! Rebuilding...
runtime error: 
[00:18:01]Component is missing a pipenet! Rebuilding...
runtime error: 
[00:18:01]Component is missing a pipenet! Rebuilding...
runtime error: 
[00:18:01]Component is missing a pipenet! Rebuilding...
runtime error: 
[00:18:01]Component is missing a pipenet! Rebuilding...
runtime error: 
[00:18:01]Component is missing a pipenet! Rebuilding...
runtime error: 
[00:18:01]Component is missing a pipenet! Rebuilding...
runtime error: 
[00:18:01]Component is missing a pipenet! Rebuilding...
runtime error: 
[00:18:01]Component is missing a pipenet! Rebuilding...
runtime error: 
[00:18:01]Component is missing a pipenet! Rebuilding...
runtime error: 
[00:18:01]Component is missing a pipenet! Rebuilding...
runtime error: 
[00:18:01]Component is missing a pipenet! Rebuilding...
runtime error: 
[00:18:01]Component is missing a pipenet! Rebuilding...
runtime error: 
[00:18:01]Component is missing a pipenet! Rebuilding...
runtime error: 
[00:18:01]Component is missing a pipenet! Rebuilding...
runtime error: 
[00:18:01]Component is missing a pipenet! Rebuilding...
runtime error: 
[00:18:01]Component is missing a pipenet! Rebuilding...
runtime error: 
[00:18:01]Component is missing a pipenet! Rebuilding...
runtime error: 
[00:18:01]Component is missing a pipenet! Rebuilding...
runtime error: 
[00:18:01]Component is missing a pipenet! Rebuilding...
runtime error: 
[00:18:01]Component is missing a pipenet! Rebuilding...
runtime error: 
[00:18:01]Component is missing a pipenet! Rebuilding...
runtime error: 
[00:18:01]Component is missing a pipenet! Rebuilding...
runtime error: 
[00:18:01]Component is missing a pipenet! Rebuilding...
runtime error: 
[00:18:01]Component is missing a pipenet! Rebuilding...
runtime error: 
[00:18:01]Component is missing a pipenet! Rebuilding...
runtime error: 
[00:18:01]Component is missing a pipenet! Rebuilding...
runtime error: 
[00:18:01]Component is missing a pipenet! Rebuilding...
runtime error: 
[00:18:01]Component is missing a pipenet! Rebuilding...
runtime error: 
[00:18:01]Component is missing a pipenet! Rebuilding...
runtime error: 
[00:18:08]Cannot read null.air
runtime error: 
[00:18:08]Cannot read null.air
runtime error: 
[00:18:08]Cannot read null.air
runtime error: 
[00:18:08]Cannot read null.air
runtime error: 
[00:18:08]Cannot read null.air
runtime error: 
[00:18:08]Cannot read null.air
runtime error: 
[00:18:08]Cannot read null.air
runtime error: 
[00:18:08]Cannot read null.air
runtime error: 
[00:18:09]Cannot read null.air
runtime error: 
[00:18:09]Cannot read null.air
runtime error: 
[00:18:09]Cannot read null.air
runtime error: 
[00:18:09]Cannot read null.air
runtime error: 
[00:18:10]Cannot read null.air
runtime error: 
[00:18:10]Cannot read null.air
runtime error: 
[00:18:10]Cannot read null.air
runtime error: 
[00:18:10]Cannot read null.air
runtime error: 
[00:18:10]Cannot read null.air
runtime error: 
[00:18:10]Cannot read null.air
runtime error: 
[00:18:10]Cannot read null.air
runtime error: 
[00:18:10]Cannot read null.air
runtime error: 
[00:18:11]Cannot read null.air
runtime error: 
[00:18:11]Cannot read null.air
runtime error: 
[00:18:11]Cannot read null.air
runtime error: 
[00:18:11]Cannot read null.air
runtime error: 
[00:18:11]Cannot read null.air
runtime error: 
[00:18:11]Cannot read null.air
runtime error: 
[00:18:11]Cannot read null.air
runtime error: 
[00:18:11]Cannot read null.air
runtime error: 
[00:18:12]Cannot read null.air
runtime error: 
[00:18:12]Cannot read null.air
runtime error: 
[00:18:12]Cannot read null.air
runtime error: 
[00:18:12]Cannot read null.air
runtime error: 
[00:18:12]Cannot read null.air
runtime error: 
[00:18:12]Cannot read null.air
runtime error: 
[00:18:12]Cannot read null.air
runtime error: 
[00:18:12]Cannot read null.air
runtime error: 
[00:18:13]Cannot read null.air
runtime error: 
[00:18:13]Cannot read null.air
runtime error: 
[00:18:13]Cannot read null.air
runtime error: 
[00:18:13]Cannot read null.air
runtime error: 
[00:18:13]Cannot read null.air
runtime error: 
[00:18:13]Cannot read null.air
runtime error: 
[00:18:13]Cannot read null.air
runtime error: 
[00:18:13]Cannot read null.air
runtime error: 
[00:18:14]Cannot read null.air
runtime error: 
[00:18:14]Cannot read null.air
runtime error: 
[00:18:14]Cannot read null.air
runtime error: 
[00:18:14]Cannot read null.air
runtime error: 
[00:18:15]Cannot read null.air
runtime error: 
[00:18:15]Cannot read null.air
runtime error: 
[00:18:15]Cannot read null.air
runtime error: 
[00:21:51]nothing to animate
runtime error: 
[00:22:26]nothing to animate
runtime error: 
[00:25:22]nothing to animate
runtime error: 
[00:28:39]Component is missing a pipenet! Rebuilding...
runtime error: 
[00:28:39]Component is missing a pipenet! Rebuilding...
runtime error: 
[00:28:39]Component is missing a pipenet! Rebuilding...
runtime error: 
[00:28:39]Component is missing a pipenet! Rebuilding...
runtime error: 
[00:28:39]Component is missing a pipenet! Rebuilding...
runtime error: 
[00:28:39]Component is missing a pipenet! Rebuilding...
runtime error: 
[00:28:39]Component is missing a pipenet! Rebuilding...
runtime error: 
[00:28:39]Component is missing a pipenet! Rebuilding...
runtime error: 
[00:28:39]Component is missing a pipenet! Rebuilding...
runtime error: 
[00:28:39]Component is missing a pipenet! Rebuilding...
runtime error: 
[00:28:39]Component is missing a pipenet! Rebuilding...
runtime error: 
[00:28:40]Component is missing a pipenet! Rebuilding...
runtime error: 
[00:28:40]Component is missing a pipenet! Rebuilding...
runtime error: 
[00:28:40]Component is missing a pipenet! Rebuilding...
runtime error: 
[00:28:40]Component is missing a pipenet! Rebuilding...
runtime error: 
[00:28:40]Component is missing a pipenet! Rebuilding...
runtime error: 
[00:28:40]Component is missing a pipenet! Rebuilding...
runtime error: 
[00:28:40]Component is missing a pipenet! Rebuilding...
runtime error: 
[00:28:40]Component is missing a pipenet! Rebuilding...
runtime error: 
[00:28:40]Component is missing a pipenet! Rebuilding...
runtime error: 
[00:28:40]Component is missing a pipenet! Rebuilding...
runtime error: 
[00:28:40]Component is missing a pipenet! Rebuilding...
runtime error: 
[00:28:40]Component is missing a pipenet! Rebuilding...
runtime error: 
[00:28:40]Component is missing a pipenet! Rebuilding...
runtime error: 
[00:28:40]Component is missing a pipenet! Rebuilding...
runtime error: 
[00:28:40]Component is missing a pipenet! Rebuilding...
runtime error: 
[00:28:40]Component is missing a pipenet! Rebuilding...
runtime error: 
[00:28:40]Component is missing a pipenet! Rebuilding...
runtime error: 
[00:28:40]Component is missing a pipenet! Rebuilding...
runtime error: 
[00:28:40]Component is missing a pipenet! Rebuilding...
runtime error: 
[00:28:40]Component is missing a pipenet! Rebuilding...
runtime error: 
[00:28:40]Component is missing a pipenet! Rebuilding...
runtime error: 
[00:28:40]Component is missing a pipenet! Rebuilding...
runtime error: 
[00:28:40]Component is missing a pipenet! Rebuilding...
runtime error: 
[00:28:40]Component is missing a pipenet! Rebuilding...
runtime error: 
[00:28:40]Component is missing a pipenet! Rebuilding...
runtime error: 
[00:28:40]Component is missing a pipenet! Rebuilding...
runtime error: 
[00:28:40]Component is missing a pipenet! Rebuilding...
runtime error: 
[00:28:40]Component is missing a pipenet! Rebuilding...
runtime error: 
[00:28:40]Component is missing a pipenet! Rebuilding...
runtime error: 
[00:28:40]Component is missing a pipenet! Rebuilding...
runtime error: 
[00:28:40]Component is missing a pipenet! Rebuilding...
runtime error: 
[00:28:40]Component is missing a pipenet! Rebuilding...
runtime error: 
[00:28:40]Component is missing a pipenet! Rebuilding...
runtime error: 
[00:28:40]Component is missing a pipenet! Rebuilding...
runtime error: 
[00:28:40]Component is missing a pipenet! Rebuilding...
runtime error: 
[00:28:40]Component is missing a pipenet! Rebuilding...
runtime error: 
[00:28:40]Component is missing a pipenet! Rebuilding...
runtime error: 
[00:28:40]Component is missing a pipenet! Rebuilding...
runtime error: 
[00:28:40]Component is missing a pipenet! Rebuilding...
runtime error: 
[00:28:40]Component is missing a pipenet! Rebuilding...
runtime error: 
[00:28:54]Cannot read null.air
runtime error: 
[00:28:54]Cannot read null.air
runtime error: 
[00:28:54]Cannot read null.air
runtime error: 
[00:28:54]Cannot read null.air
runtime error: 
[00:28:55]Cannot read null.air
runtime error: 
[00:28:55]Cannot read null.air
runtime error: 
[00:28:55]Cannot read null.air
runtime error: 
[00:28:55]Cannot read null.air
runtime error: 
[00:28:55]Cannot read null.air
runtime error: 
[00:28:55]Cannot read null.air
runtime error: 
[00:28:55]Cannot read null.air
runtime error: 
[00:28:55]Cannot read null.air
runtime error: 
[00:28:57]Cannot read null.air
runtime error: 
[00:28:57]Cannot read null.air
runtime error: 
[00:28:57]Cannot read null.air
runtime error: 
[00:28:57]Cannot read null.air
runtime error: 
[00:28:57]Cannot read null.air
runtime error: 
[00:28:57]Cannot read null.air
runtime error: 
[00:28:57]Cannot read null.air
runtime error: 
[00:28:57]Cannot read null.air
runtime error: 
[00:28:58]Cannot read null.air
runtime error: 
[00:28:58]Cannot read null.air
runtime error: 
[00:28:58]Cannot read null.air
runtime error: 
[00:28:58]Cannot read null.air
runtime error: 
[00:28:58]Cannot read null.air
runtime error: 
[00:28:58]Cannot read null.air
runtime error: 
[00:28:58]Cannot read null.air
runtime error: 
[00:28:58]Cannot read null.air
runtime error: 
[00:28:59]Cannot read null.air
runtime error: 
[00:28:59]Cannot read null.air
runtime error: 
[00:28:59]Cannot read null.air
runtime error: 
[00:28:59]Cannot read null.air
runtime error: 
[00:29:00]Cannot read null.air
runtime error: 
[00:29:00]Cannot read null.air
runtime error: 
[00:29:00]Cannot read null.air
runtime error: 
[00:29:00]Cannot read null.air
runtime error: 
[00:29:00]Cannot read null.air
runtime error: 
[00:29:00]Cannot read null.air
runtime error: 
[00:29:00]Cannot read null.air
runtime error: 
[00:29:00]Cannot read null.air
runtime error: 
[00:29:01]Cannot read null.air
runtime error: 
[00:29:01]Cannot read null.air
runtime error: 
[00:29:01]Cannot read null.air
runtime error: 
[00:29:01]Cannot read null.air
runtime error: 
[00:29:02]Cannot read null.air
runtime error: 
[00:29:02]Cannot read null.air
runtime error: 
[00:29:02]Cannot read null.air
runtime error: 
[00:29:02]Cannot read null.air
runtime error: 
[00:29:03]Cannot read null.air
runtime error: 
[00:29:03]Cannot read null.air
runtime error: 
[00:29:03]Cannot read null.air
runtime error: 
[00:33:46]nothing to animate
runtime error: 
[00:37:28]Cannot read null.loc
runtime error: 
[00:39:04]Component is missing a pipenet! Rebuilding...
runtime error: 
[00:39:04]Component is missing a pipenet! Rebuilding...
runtime error: 
[00:39:04]Component is missing a pipenet! Rebuilding...
runtime error: 
[00:39:04]Component is missing a pipenet! Rebuilding...
runtime error: 
[00:39:04]Component is missing a pipenet! Rebuilding...
runtime error: 
[00:39:04]Component is missing a pipenet! Rebuilding...
runtime error: 
[00:39:04]Component is missing a pipenet! Rebuilding...
runtime error: 
[00:39:04]Component is missing a pipenet! Rebuilding...
runtime error: 
[00:39:04]Component is missing a pipenet! Rebuilding...
runtime error: 
[00:39:04]Component is missing a pipenet! Rebuilding...
runtime error: 
[00:39:04]Component is missing a pipenet! Rebuilding...
runtime error: 
[00:39:04]Component is missing a pipenet! Rebuilding...
runtime error: 
[00:39:04]Component is missing a pipenet! Rebuilding...
runtime error: 
[00:39:04]Component is missing a pipenet! Rebuilding...
runtime error: 
[00:39:04]Component is missing a pipenet! Rebuilding...
runtime error: 
[00:39:04]Component is missing a pipenet! Rebuilding...
runtime error: 
[00:39:04]Component is missing a pipenet! Rebuilding...
runtime error: 
[00:39:04]Component is missing a pipenet! Rebuilding...
runtime error: 
[00:39:04]Component is missing a pipenet! Rebuilding...
runtime error: 
[00:39:04]Component is missing a pipenet! Rebuilding...
runtime error: 
[00:39:04]Component is missing a pipenet! Rebuilding...
runtime error: 
[00:39:04]Component is missing a pipenet! Rebuilding...
runtime error: 
[00:39:04]Component is missing a pipenet! Rebuilding...
runtime error: 
[00:39:04]Component is missing a pipenet! Rebuilding...
runtime error: 
[00:39:04]Component is missing a pipenet! Rebuilding...
runtime error: 
[00:39:04]Component is missing a pipenet! Rebuilding...
runtime error: 
[00:39:04]Component is missing a pipenet! Rebuilding...
runtime error: 
[00:39:04]Component is missing a pipenet! Rebuilding...
runtime error: 
[00:39:04]Component is missing a pipenet! Rebuilding...
runtime error: 
[00:39:04]Component is missing a pipenet! Rebuilding...
runtime error: 
[00:39:04]Component is missing a pipenet! Rebuilding...
runtime error: 
[00:39:04]Component is missing a pipenet! Rebuilding...
runtime error: 
[00:39:04]Component is missing a pipenet! Rebuilding...
runtime error: 
[00:39:04]Component is missing a pipenet! Rebuilding...
runtime error: 
[00:39:04]Component is missing a pipenet! Rebuilding...
runtime error: 
[00:39:04]Component is missing a pipenet! Rebuilding...
runtime error: 
[00:39:04]Component is missing a pipenet! Rebuilding...
runtime error: 
[00:39:04]Component is missing a pipenet! Rebuilding...
runtime error: 
[00:39:04]Component is missing a pipenet! Rebuilding...
runtime error: 
[00:39:04]Component is missing a pipenet! Rebuilding...
runtime error: 
[00:39:04]Component is missing a pipenet! Rebuilding...
runtime error: 
[00:39:04]Component is missing a pipenet! Rebuilding...
runtime error: 
[00:39:04]Component is missing a pipenet! Rebuilding...
runtime error: 
[00:39:04]Component is missing a pipenet! Rebuilding...
runtime error: 
[00:39:04]Component is missing a pipenet! Rebuilding...
runtime error: 
[00:39:04]Component is missing a pipenet! Rebuilding...
runtime error: 
[00:39:04]Component is missing a pipenet! Rebuilding...
runtime error: 
[00:39:04]Component is missing a pipenet! Rebuilding...
runtime error: 
[00:39:04]Component is missing a pipenet! Rebuilding...
runtime error: 
[00:39:04]Component is missing a pipenet! Rebuilding...
runtime error: 
[00:39:04]Component is missing a pipenet! Rebuilding...
runtime error: 
[00:39:26]Cannot read null.air
runtime error: 
[00:39:26]Cannot read null.air
runtime error: 
[00:39:26]Cannot read null.air
runtime error: 
[00:39:26]Cannot read null.air
runtime error: 
[00:39:26]Cannot read null.air
runtime error: 
[00:39:26]Cannot read null.air
runtime error: 
[00:39:26]Cannot read null.air
runtime error: 
[00:39:26]Cannot read null.air
runtime error: 
[00:39:27]Cannot read null.air
runtime error: 
[00:39:27]Cannot read null.air
runtime error: 
[00:39:27]Cannot read null.air
runtime error: 
[00:39:27]Cannot read null.air
runtime error: 
[00:39:27]Cannot read null.air
runtime error: 
[00:39:27]Cannot read null.air
runtime error: 
[00:39:27]Cannot read null.air
runtime error: 
[00:39:27]Cannot read null.air
runtime error: 
[00:39:28]Cannot read null.air
runtime error: 
[00:39:28]Cannot read null.air
runtime error: 
[00:39:28]Cannot read null.air
runtime error: 
[00:39:28]Cannot read null.air
runtime error: 
[00:39:29]Cannot read null.air
runtime error: 
[00:39:29]Cannot read null.air
runtime error: 
[00:39:29]Cannot read null.air
runtime error: 
[00:39:29]Cannot read null.air
runtime error: 
[00:39:29]Cannot read null.air
runtime error: 
[00:39:29]Cannot read null.air
runtime error: 
[00:39:29]Cannot read null.air
runtime error: 
[00:39:29]Cannot read null.air
runtime error: 
[00:39:30]Cannot read null.air
runtime error: 
[00:39:30]Cannot read null.air
runtime error: 
[00:39:30]Cannot read null.air
runtime error: 
[00:39:30]Cannot read null.air
runtime error: 
[00:39:31]Cannot read null.air
runtime error: 
[00:39:31]Cannot read null.air
runtime error: 
[00:39:31]Cannot read null.air
runtime error: 
[00:39:31]Cannot read null.air
runtime error: 
[00:39:32]Cannot read null.air
runtime error: 
[00:39:32]Cannot read null.air
runtime error: 
[00:39:32]Cannot read null.air
runtime error: 
[00:39:32]Cannot read null.air
runtime error: 
[00:39:32]Cannot read null.air
runtime error: 
[00:39:32]Cannot read null.air
runtime error: 
[00:39:32]Cannot read null.air
runtime error: 
[00:39:32]Cannot read null.air
runtime error: 
[00:39:33]Cannot read null.air
runtime error: 
[00:39:33]Cannot read null.air
runtime error: 
[00:39:33]Cannot read null.air
runtime error: 
[00:39:33]Cannot read null.air
runtime error: 
[00:39:33]Cannot read null.air
runtime error: 
[00:39:33]Cannot read null.air
runtime error: 
[00:39:33]Cannot read null.air
runtime error: 
[00:41:50]nothing to animate
runtime error: 
[00:49:28]Component is missing a pipenet! Rebuilding...
runtime error: 
[00:49:28]Component is missing a pipenet! Rebuilding...
runtime error: 
[00:49:28]Component is missing a pipenet! Rebuilding...
runtime error: 
[00:49:28]Component is missing a pipenet! Rebuilding...
runtime error: 
[00:49:28]Component is missing a pipenet! Rebuilding...
runtime error: 
[00:49:28]Component is missing a pipenet! Rebuilding...
runtime error: 
[00:49:28]Component is missing a pipenet! Rebuilding...
runtime error: 
[00:49:28]Component is missing a pipenet! Rebuilding...
runtime error: 
[00:49:28]Component is missing a pipenet! Rebuilding...
runtime error: 
[00:49:28]Component is missing a pipenet! Rebuilding...
runtime error: 
[00:49:28]Component is missing a pipenet! Rebuilding...
runtime error: 
[00:49:28]Component is missing a pipenet! Rebuilding...
runtime error: 
[00:49:28]Component is missing a pipenet! Rebuilding...
runtime error: 
[00:49:28]Component is missing a pipenet! Rebuilding...
runtime error: 
[00:49:28]Component is missing a pipenet! Rebuilding...
runtime error: 
[00:49:28]Component is missing a pipenet! Rebuilding...
runtime error: 
[00:49:28]Component is missing a pipenet! Rebuilding...
runtime error: 
[00:49:28]Component is missing a pipenet! Rebuilding...
runtime error: 
[00:49:28]Component is missing a pipenet! Rebuilding...
runtime error: 
[00:49:28]Component is missing a pipenet! Rebuilding...
runtime error: 
[00:49:28]Component is missing a pipenet! Rebuilding...
runtime error: 
[00:49:28]Component is missing a pipenet! Rebuilding...
runtime error: 
[00:49:28]Component is missing a pipenet! Rebuilding...
runtime error: 
[00:49:28]Component is missing a pipenet! Rebuilding...
runtime error: 
[00:49:28]Component is missing a pipenet! Rebuilding...
runtime error: 
[00:49:28]Component is missing a pipenet! Rebuilding...
runtime error: 
[00:49:28]Component is missing a pipenet! Rebuilding...
runtime error: 
[00:49:28]Component is missing a pipenet! Rebuilding...
runtime error: 
[00:49:28]Component is missing a pipenet! Rebuilding...
runtime error: 
[00:49:28]Component is missing a pipenet! Rebuilding...
runtime error: 
[00:49:28]Component is missing a pipenet! Rebuilding...
runtime error: 
[00:49:28]Component is missing a pipenet! Rebuilding...
runtime error: 
[00:49:28]Component is missing a pipenet! Rebuilding...
runtime error: 
[00:49:28]Component is missing a pipenet! Rebuilding...
runtime error: 
[00:49:28]Component is missing a pipenet! Rebuilding...
runtime error: 
[00:49:28]Component is missing a pipenet! Rebuilding...
runtime error: 
[00:49:28]Component is missing a pipenet! Rebuilding...
runtime error: 
[00:49:28]Component is missing a pipenet! Rebuilding...
runtime error: 
[00:49:28]Component is missing a pipenet! Rebuilding...
runtime error: 
[00:49:28]Component is missing a pipenet! Rebuilding...
runtime error: 
[00:49:28]Component is missing a pipenet! Rebuilding...
runtime error: 
[00:49:28]Component is missing a pipenet! Rebuilding...
runtime error: 
[00:49:28]Component is missing a pipenet! Rebuilding...
runtime error: 
[00:49:28]Component is missing a pipenet! Rebuilding...
runtime error: 
[00:49:28]Component is missing a pipenet! Rebuilding...
runtime error: 
[00:49:28]Component is missing a pipenet! Rebuilding...
runtime error: 
[00:49:28]Component is missing a pipenet! Rebuilding...
runtime error: 
[00:49:28]Component is missing a pipenet! Rebuilding...
runtime error: 
[00:49:28]Component is missing a pipenet! Rebuilding...
runtime error: 
[00:49:28]Component is missing a pipenet! Rebuilding...
runtime error: 
[00:49:28]Component is missing a pipenet! Rebuilding...
runtime error: 
[00:49:57]Cannot read null.air
runtime error: 
[00:49:57]Cannot read null.air
runtime error: 
[00:49:57]Cannot read null.air
runtime error: 
[00:49:57]Cannot read null.air
runtime error: 
[00:49:57]Cannot read null.air
runtime error: 
[00:49:57]Cannot read null.air
runtime error: 
[00:49:57]Cannot read null.air
runtime error: 
[00:49:57]Cannot read null.air
runtime error: 
[00:49:58]Cannot read null.air
runtime error: 
[00:49:58]Cannot read null.air
runtime error: 
[00:49:58]Cannot read null.air
runtime error: 
[00:49:58]Cannot read null.air
runtime error: 
[00:49:59]Cannot read null.air
runtime error: 
[00:49:59]Cannot read null.air
runtime error: 
[00:49:59]Cannot read null.air
runtime error: 
[00:49:59]Cannot read null.air
runtime error: 
[00:49:59]Cannot read null.air
runtime error: 
[00:49:59]Cannot read null.air
runtime error: 
[00:49:59]Cannot read null.air
runtime error: 
[00:49:59]Cannot read null.air
runtime error: 
[00:50:00]Cannot read null.air
runtime error: 
[00:50:00]Cannot read null.air
runtime error: 
[00:50:00]Cannot read null.air
runtime error: 
[00:50:00]Cannot read null.air
runtime error: 
[00:50:00]Cannot read null.air
runtime error: 
[00:50:00]Cannot read null.air
runtime error: 
[00:50:00]Cannot read null.air
runtime error: 
[00:50:00]Cannot read null.air
runtime error: 
[00:50:01]Cannot read null.air
runtime error: 
[00:50:01]Cannot read null.air
runtime error: 
[00:50:01]Cannot read null.air
runtime error: 
[00:50:01]Cannot read null.air
runtime error: 
[00:50:01]Cannot read null.air
runtime error: 
[00:50:01]Cannot read null.air
runtime error: 
[00:50:01]Cannot read null.air
runtime error: 
[00:50:01]Cannot read null.air
runtime error: 
[00:50:02]Cannot read null.air
runtime error: 
[00:50:02]Cannot read null.air
runtime error: 
[00:50:02]Cannot read null.air
runtime error: 
[00:50:02]Cannot read null.air
runtime error: 
[00:50:03]Cannot read null.air
runtime error: 
[00:50:03]Cannot read null.air
runtime error: 
[00:50:03]Cannot read null.air
runtime error: 
[00:50:03]Cannot read null.air
runtime error: 
[00:50:03]Cannot read null.air
runtime error: 
[00:50:03]Cannot read null.air
runtime error: 
[00:50:03]Cannot read null.air
runtime error: 
[00:50:03]Cannot read null.air
runtime error: 
[00:50:04]Cannot read null.air
runtime error: 
[00:50:04]Cannot read null.air
runtime error: 
[00:50:04]Cannot read null.air
runtime error: 
[00:50:15]bad client
runtime error: 
[00:50:18]list index out of bounds
runtime error: 
[00:59:43]Component is missing a pipenet! Rebuilding...
runtime error: 
[00:59:43]Component is missing a pipenet! Rebuilding...
runtime error: 
[00:59:43]Component is missing a pipenet! Rebuilding...
runtime error: 
[00:59:43]Component is missing a pipenet! Rebuilding...
runtime error: 
[00:59:43]Component is missing a pipenet! Rebuilding...
runtime error: 
[00:59:43]Component is missing a pipenet! Rebuilding...
runtime error: 
[00:59:43]Component is missing a pipenet! Rebuilding...
runtime error: 
[00:59:43]Component is missing a pipenet! Rebuilding...
runtime error: 
[00:59:43]Component is missing a pipenet! Rebuilding...
runtime error: 
[00:59:43]Component is missing a pipenet! Rebuilding...
runtime error: 
[00:59:43]Component is missing a pipenet! Rebuilding...
runtime error: 
[00:59:43]Component is missing a pipenet! Rebuilding...
runtime error: 
[00:59:43]Component is missing a pipenet! Rebuilding...
runtime error: 
[00:59:43]Component is missing a pipenet! Rebuilding...
runtime error: 
[00:59:43]Component is missing a pipenet! Rebuilding...
runtime error: 
[00:59:43]Component is missing a pipenet! Rebuilding...
runtime error: 
[00:59:43]Component is missing a pipenet! Rebuilding...
runtime error: 
[00:59:43]Component is missing a pipenet! Rebuilding...
runtime error: 
[00:59:43]Component is missing a pipenet! Rebuilding...
runtime error: 
[00:59:43]Component is missing a pipenet! Rebuilding...
runtime error: 
[00:59:43]Component is missing a pipenet! Rebuilding...
runtime error: 
[00:59:43]Component is missing a pipenet! Rebuilding...
runtime error: 
[00:59:43]Component is missing a pipenet! Rebuilding...
runtime error: 
[00:59:43]Component is missing a pipenet! Rebuilding...
runtime error: 
[00:59:43]Component is missing a pipenet! Rebuilding...
runtime error: 
[00:59:43]Component is missing a pipenet! Rebuilding...
runtime error: 
[00:59:43]Component is missing a pipenet! Rebuilding...
runtime error: 
[00:59:43]Component is missing a pipenet! Rebuilding...
runtime error: 
[00:59:43]Component is missing a pipenet! Rebuilding...
runtime error: 
[00:59:43]Component is missing a pipenet! Rebuilding...
runtime error: 
[00:59:43]Component is missing a pipenet! Rebuilding...
runtime error: 
[00:59:43]Component is missing a pipenet! Rebuilding...
runtime error: 
[00:59:43]Component is missing a pipenet! Rebuilding...
runtime error: 
[00:59:43]Component is missing a pipenet! Rebuilding...
runtime error: 
[00:59:43]Component is missing a pipenet! Rebuilding...
runtime error: 
[00:59:43]Component is missing a pipenet! Rebuilding...
runtime error: 
[00:59:43]Component is missing a pipenet! Rebuilding...
runtime error: 
[00:59:43]Component is missing a pipenet! Rebuilding...
runtime error: 
[00:59:43]Component is missing a pipenet! Rebuilding...
runtime error: 
[00:59:43]Component is missing a pipenet! Rebuilding...
runtime error: 
[00:59:43]Component is missing a pipenet! Rebuilding...
runtime error: 
[00:59:43]Component is missing a pipenet! Rebuilding...
runtime error: 
[00:59:43]Component is missing a pipenet! Rebuilding...
runtime error: 
[00:59:43]Component is missing a pipenet! Rebuilding...
runtime error: 
[00:59:43]Component is missing a pipenet! Rebuilding...
runtime error: 
[00:59:43]Component is missing a pipenet! Rebuilding...
runtime error: 
[00:59:43]Component is missing a pipenet! Rebuilding...
runtime error: 
[00:59:43]Component is missing a pipenet! Rebuilding...
runtime error: 
[00:59:43]Component is missing a pipenet! Rebuilding...
runtime error: 
[00:59:43]Component is missing a pipenet! Rebuilding...
runtime error: 
[00:59:43]Component is missing a pipenet! Rebuilding...
runtime error: 
[01:00:19]Cannot read null.air
runtime error: 
[01:00:19]Cannot read null.air
runtime error: 
[01:00:19]Cannot read null.air
runtime error: 
[01:00:19]Cannot read null.air
runtime error: 
[01:00:20]Cannot read null.air
runtime error: 
[01:00:20]Cannot read null.air
runtime error: 
[01:00:20]Cannot read null.air
runtime error: 
[01:00:20]Cannot read null.air
runtime error: 
[01:00:20]Cannot read null.air
runtime error: 
[01:00:20]Cannot read null.air
runtime error: 
[01:00:20]Cannot read null.air
runtime error: 
[01:00:20]Cannot read null.air
runtime error: 
[01:00:21]Cannot read null.air
runtime error: 
[01:00:21]Cannot read null.air
runtime error: 
[01:00:21]Cannot read null.air
runtime error: 
[01:00:21]Cannot read null.air
runtime error: 
[01:00:21]Cannot read null.air
runtime error: 
[01:00:21]Cannot read null.air
runtime error: 
[01:00:21]Cannot read null.air
runtime error: 
[01:00:21]Cannot read null.air
runtime error: 
[01:00:22]Cannot read null.air
runtime error: 
[01:00:22]Cannot read null.air
runtime error: 
[01:00:22]Cannot read null.air
runtime error: 
[01:00:22]Cannot read null.air
runtime error: 
[01:00:22]Cannot read null.air
runtime error: 
[01:00:22]Cannot read null.air
runtime error: 
[01:00:22]Cannot read null.air
runtime error: 
[01:00:22]Cannot read null.air
runtime error: 
[01:00:23]Cannot read null.air
runtime error: 
[01:00:23]Cannot read null.air
runtime error: 
[01:00:23]Cannot read null.air
runtime error: 
[01:00:23]Cannot read null.air
runtime error: 
[01:00:23]Cannot read null.air
runtime error: 
[01:00:23]Cannot read null.air
runtime error: 
[01:00:23]Cannot read null.air
runtime error: 
[01:00:23]Cannot read null.air
runtime error: 
[01:00:24]Cannot read null.air
runtime error: 
[01:00:24]Cannot read null.air
runtime error: 
[01:00:24]Cannot read null.air
runtime error: 
[01:00:24]Cannot read null.air
runtime error: 
[01:00:24]Cannot read null.air
runtime error: 
[01:00:24]Cannot read null.air
runtime error: 
[01:00:24]Cannot read null.air
runtime error: 
[01:00:24]Cannot read null.air
runtime error: 
[01:00:25]Cannot read null.air
runtime error: 
[01:00:25]Cannot read null.air
runtime error: 
[01:00:25]Cannot read null.air
runtime error: 
[01:00:25]Cannot read null.air
runtime error: 
[01:00:26]Cannot read null.air
runtime error: 
[01:00:26]Cannot read null.air
runtime error: 
[01:00:26]Cannot read null.air
runtime error: 
[01:02:28]Cannot read null.client
runtime error: 
[01:02:28]Cannot read null.client
runtime error: 
[01:02:28]Cannot read null.client
runtime error: 
[01:05:07]bad client
runtime error: 
[01:05:48]bad client
runtime error: 
[01:10:00]Component is missing a pipenet! Rebuilding...
runtime error: 
[01:10:00]Component is missing a pipenet! Rebuilding...
runtime error: 
[01:10:00]Component is missing a pipenet! Rebuilding...
runtime error: 
[01:10:00]Component is missing a pipenet! Rebuilding...
runtime error: 
[01:10:00]Component is missing a pipenet! Rebuilding...
runtime error: 
[01:10:00]Component is missing a pipenet! Rebuilding...
runtime error: 
[01:10:00]Component is missing a pipenet! Rebuilding...
runtime error: 
[01:10:00]Component is missing a pipenet! Rebuilding...
runtime error: 
[01:10:00]Component is missing a pipenet! Rebuilding...
runtime error: 
[01:10:00]Component is missing a pipenet! Rebuilding...
runtime error: 
[01:10:00]Component is missing a pipenet! Rebuilding...
runtime error: 
[01:10:00]Component is missing a pipenet! Rebuilding...
runtime error: 
[01:10:00]Component is missing a pipenet! Rebuilding...
runtime error: 
[01:10:00]Component is missing a pipenet! Rebuilding...
runtime error: 
[01:10:00]Component is missing a pipenet! Rebuilding...
runtime error: 
[01:10:00]Component is missing a pipenet! Rebuilding...
runtime error: 
[01:10:00]Component is missing a pipenet! Rebuilding...
runtime error: 
[01:10:00]Component is missing a pipenet! Rebuilding...
runtime error: 
[01:10:00]Component is missing a pipenet! Rebuilding...
runtime error: 
[01:10:00]Component is missing a pipenet! Rebuilding...
runtime error: 
[01:10:00]Component is missing a pipenet! Rebuilding...
runtime error: 
[01:10:00]Component is missing a pipenet! Rebuilding...
runtime error: 
[01:10:00]Component is missing a pipenet! Rebuilding...
runtime error: 
[01:10:00]Component is missing a pipenet! Rebuilding...
runtime error: 
[01:10:00]Component is missing a pipenet! Rebuilding...
runtime error: 
[01:10:00]Component is missing a pipenet! Rebuilding...
runtime error: 
[01:10:00]Component is missing a pipenet! Rebuilding...
runtime error: 
[01:10:00]Component is missing a pipenet! Rebuilding...
runtime error: 
[01:10:00]Component is missing a pipenet! Rebuilding...
runtime error: 
[01:10:00]Component is missing a pipenet! Rebuilding...
runtime error: 
[01:10:00]Component is missing a pipenet! Rebuilding...
runtime error: 
[01:10:00]Component is missing a pipenet! Rebuilding...
runtime error: 
[01:10:00]Component is missing a pipenet! Rebuilding...
runtime error: 
[01:10:00]Component is missing a pipenet! Rebuilding...
runtime error: 
[01:10:00]Component is missing a pipenet! Rebuilding...
runtime error: 
[01:10:00]Component is missing a pipenet! Rebuilding...
runtime error: 
[01:10:00]Component is missing a pipenet! Rebuilding...
runtime error: 
[01:10:00]Component is missing a pipenet! Rebuilding...
runtime error: 
[01:10:00]Component is missing a pipenet! Rebuilding...
runtime error: 
[01:10:00]Component is missing a pipenet! Rebuilding...
runtime error: 
[01:10:00]Component is missing a pipenet! Rebuilding...
runtime error: 
[01:10:00]Component is missing a pipenet! Rebuilding...
runtime error: 
[01:10:00]Component is missing a pipenet! Rebuilding...
runtime error: 
[01:10:00]Component is missing a pipenet! Rebuilding...
runtime error: 
[01:10:00]Component is missing a pipenet! Rebuilding...
runtime error: 
[01:10:00]Component is missing a pipenet! Rebuilding...
runtime error: 
[01:10:00]Component is missing a pipenet! Rebuilding...
runtime error: 
[01:10:01]Component is missing a pipenet! Rebuilding...
runtime error: 
[01:10:01]Component is missing a pipenet! Rebuilding...
runtime error: 
[01:10:01]Component is missing a pipenet! Rebuilding...
runtime error: 
[01:10:01]Component is missing a pipenet! Rebuilding...
runtime error: 
[01:10:12]Cannot execute null.remove reagent().
runtime error: 
[01:10:14]Cannot execute null.remove reagent().
runtime error: 
[01:10:45]Cannot read null.air
runtime error: 
[01:10:45]Cannot read null.air
runtime error: 
[01:10:45]Cannot read null.air
runtime error: 
[01:10:45]Cannot read null.air
runtime error: 
[01:10:45]Cannot read null.air
runtime error: 
[01:10:45]Cannot read null.air
runtime error: 
[01:10:45]Cannot read null.air
runtime error: 
[01:10:45]Cannot read null.air
runtime error: 
[01:10:46]Cannot read null.air
runtime error: 
[01:10:46]Cannot read null.air
runtime error: 
[01:10:46]Cannot read null.air
runtime error: 
[01:10:46]Cannot read null.air
runtime error: 
[01:10:46]Cannot read null.air
runtime error: 
[01:10:46]Cannot read null.air
runtime error: 
[01:10:46]Cannot read null.air
runtime error: 
[01:10:46]Cannot read null.air
runtime error: 
[01:10:47]Cannot read null.air
runtime error: 
[01:10:47]Cannot read null.air
runtime error: 
[01:10:47]Cannot read null.air
runtime error: 
[01:10:47]Cannot read null.air
runtime error: 
[01:10:47]Cannot read null.air
runtime error: 
[01:10:47]Cannot read null.air
runtime error: 
[01:10:47]Cannot read null.air
runtime error: 
[01:10:47]Cannot read null.air
runtime error: 
[01:10:48]Cannot read null.air
runtime error: 
[01:10:48]Cannot read null.air
runtime error: 
[01:10:48]Cannot read null.air
runtime error: 
[01:10:48]Cannot read null.air
runtime error: 
[01:10:48]Cannot read null.air
runtime error: 
[01:10:48]Cannot read null.air
runtime error: 
[01:10:48]Cannot read null.air
runtime error: 
[01:10:48]Cannot read null.air
runtime error: 
[01:10:49]Cannot read null.air
runtime error: 
[01:10:49]Cannot read null.air
runtime error: 
[01:10:49]Cannot read null.air
runtime error: 
[01:10:49]Cannot read null.air
runtime error: 
[01:10:50]Cannot read null.air
runtime error: 
[01:10:50]Cannot read null.air
runtime error: 
[01:10:50]Cannot read null.air
runtime error: 
[01:10:50]Cannot read null.air
runtime error: 
[01:10:50]Cannot read null.air
runtime error: 
[01:10:50]Cannot read null.air
runtime error: 
[01:10:50]Cannot read null.air
runtime error: 
[01:10:50]Cannot read null.air
runtime error: 
[01:10:51]Cannot read null.air
runtime error: 
[01:10:51]Cannot read null.air
runtime error: 
[01:10:51]Cannot read null.air
runtime error: 
[01:10:51]Cannot read null.air
runtime error: 
[01:10:51]Cannot read null.air
runtime error: 
[01:10:51]Cannot read null.air
runtime error: 
[01:10:51]Cannot read null.air
runtime error: 
[01:17:37]Cannot execute null.remove reagent().
runtime error: 
[01:17:41]Cannot execute null.remove reagent().
runtime error: 
[01:20:18]Component is missing a pipenet! Rebuilding...
runtime error: 
[01:20:18]Component is missing a pipenet! Rebuilding...
runtime error: 
[01:20:18]Component is missing a pipenet! Rebuilding...
runtime error: 
[01:20:18]Component is missing a pipenet! Rebuilding...
runtime error: 
[01:20:18]Component is missing a pipenet! Rebuilding...
runtime error: 
[01:20:18]Component is missing a pipenet! Rebuilding...
runtime error: 
[01:20:18]Component is missing a pipenet! Rebuilding...
runtime error: 
[01:20:18]Component is missing a pipenet! Rebuilding...
runtime error: 
[01:20:18]Component is missing a pipenet! Rebuilding...
runtime error: 
[01:20:18]Component is missing a pipenet! Rebuilding...
runtime error: 
[01:20:18]Component is missing a pipenet! Rebuilding...
runtime error: 
[01:20:18]Component is missing a pipenet! Rebuilding...
runtime error: 
[01:20:18]Component is missing a pipenet! Rebuilding...
runtime error: 
[01:20:18]Component is missing a pipenet! Rebuilding...
runtime error: 
[01:20:18]Component is missing a pipenet! Rebuilding...
runtime error: 
[01:20:18]Component is missing a pipenet! Rebuilding...
runtime error: 
[01:20:18]Component is missing a pipenet! Rebuilding...
runtime error: 
[01:20:18]Component is missing a pipenet! Rebuilding...
runtime error: 
[01:20:18]Component is missing a pipenet! Rebuilding...
runtime error: 
[01:20:18]Component is missing a pipenet! Rebuilding...
runtime error: 
[01:20:18]Component is missing a pipenet! Rebuilding...
runtime error: 
[01:20:18]Component is missing a pipenet! Rebuilding...
runtime error: 
[01:20:18]Component is missing a pipenet! Rebuilding...
runtime error: 
[01:20:18]Component is missing a pipenet! Rebuilding...
runtime error: 
[01:20:18]Component is missing a pipenet! Rebuilding...
runtime error: 
[01:20:18]Component is missing a pipenet! Rebuilding...
runtime error: 
[01:20:18]Component is missing a pipenet! Rebuilding...
runtime error: 
[01:20:18]Component is missing a pipenet! Rebuilding...
runtime error: 
[01:20:18]Component is missing a pipenet! Rebuilding...
runtime error: 
[01:20:18]Component is missing a pipenet! Rebuilding...
runtime error: 
[01:20:18]Component is missing a pipenet! Rebuilding...
runtime error: 
[01:20:18]Component is missing a pipenet! Rebuilding...
runtime error: 
[01:20:18]Component is missing a pipenet! Rebuilding...
runtime error: 
[01:20:18]Component is missing a pipenet! Rebuilding...
runtime error: 
[01:20:18]Component is missing a pipenet! Rebuilding...
runtime error: 
[01:20:18]Component is missing a pipenet! Rebuilding...
runtime error: 
[01:20:18]Component is missing a pipenet! Rebuilding...
runtime error: 
[01:20:18]Component is missing a pipenet! Rebuilding...
runtime error: 
[01:20:18]Component is missing a pipenet! Rebuilding...
runtime error: 
[01:20:18]Component is missing a pipenet! Rebuilding...
runtime error: 
[01:20:18]Component is missing a pipenet! Rebuilding...
runtime error: 
[01:20:18]Component is missing a pipenet! Rebuilding...
runtime error: 
[01:20:18]Component is missing a pipenet! Rebuilding...
runtime error: 
[01:20:18]Component is missing a pipenet! Rebuilding...
runtime error: 
[01:20:18]Component is missing a pipenet! Rebuilding...
runtime error: 
[01:20:18]Component is missing a pipenet! Rebuilding...
runtime error: 
[01:20:18]Component is missing a pipenet! Rebuilding...
runtime error: 
[01:20:18]Component is missing a pipenet! Rebuilding...
runtime error: 
[01:20:18]Component is missing a pipenet! Rebuilding...
runtime error: 
[01:20:18]Component is missing a pipenet! Rebuilding...
runtime error: 
[01:20:18]Component is missing a pipenet! Rebuilding...
runtime error: 
[01:21:13]Cannot read null.air
runtime error: 
[01:21:13]Cannot read null.air
runtime error: 
[01:21:13]Cannot read null.air
runtime error: 
[01:21:13]Cannot read null.air
runtime error: 
[01:21:13]Cannot read null.air
runtime error: 
[01:21:13]Cannot read null.air
runtime error: 
[01:21:13]Cannot read null.air
runtime error: 
[01:21:13]Cannot read null.air
runtime error: 
[01:21:14]Cannot read null.air
runtime error: 
[01:21:14]Cannot read null.air
runtime error: 
[01:21:14]Cannot read null.air
runtime error: 
[01:21:14]Cannot read null.air
runtime error: 
[01:21:15]Cannot read null.air
runtime error: 
[01:21:15]Cannot read null.air
runtime error: 
[01:21:15]Cannot read null.air
runtime error: 
[01:21:15]Cannot read null.air
runtime error: 
[01:21:15]Cannot read null.air
runtime error: 
[01:21:15]Cannot read null.air
runtime error: 
[01:21:15]Cannot read null.air
runtime error: 
[01:21:15]Cannot read null.air
runtime error: 
[01:21:16]Cannot read null.air
runtime error: 
[01:21:16]Cannot read null.air
runtime error: 
[01:21:16]Cannot read null.air
runtime error: 
[01:21:16]Cannot read null.air
runtime error: 
[01:21:16]Cannot read null.air
runtime error: 
[01:21:16]Cannot read null.air
runtime error: 
[01:21:16]Cannot read null.air
runtime error: 
[01:21:16]Cannot read null.air
runtime error: 
[01:21:17]Cannot read null.air
runtime error: 
[01:21:17]Cannot read null.air
runtime error: 
[01:21:17]Cannot read null.air
runtime error: 
[01:21:17]Cannot read null.air
runtime error: 
[01:21:20]Cannot read null.air
runtime error: 
[01:21:20]Cannot read null.air
runtime error: 
[01:21:20]Cannot read null.air
runtime error: 
[01:21:20]Cannot read null.air
runtime error: 
[01:21:20]Cannot read null.air
runtime error: 
[01:21:20]Cannot read null.air
runtime error: 
[01:21:20]Cannot read null.air
runtime error: 
[01:21:20]Cannot read null.air
runtime error: 
[01:21:21]Cannot read null.air
runtime error: 
[01:21:21]Cannot read null.air
runtime error: 
[01:21:21]Cannot read null.air
runtime error: 
[01:21:21]Cannot read null.air
runtime error: 
[01:21:21]Cannot read null.air
runtime error: 
[01:21:21]Cannot read null.air
runtime error: 
[01:21:21]Cannot read null.air
runtime error: 
[01:21:21]Cannot read null.air
runtime error: 
[01:21:22]Cannot read null.air
runtime error: 
[01:21:22]Cannot read null.air
runtime error: 
[01:21:22]Cannot read null.air
runtime error: 
[01:22:43]nothing to animate
runtime error: 
[01:24:25]Cannot read null.body_part
runtime error: 
[01:24:26]Cannot read null.body_part
runtime error: 
[01:24:28]Cannot read null.body_part
## WARNING: couldn't find shuttle with id:  in code/controllers/subsystem/shuttle.dm at line 209 src: Shuttle usr: Adamantine Dacite.
runtime error: 
[01:28:27]nothing to animate
runtime error: 
[01:31:45]Component is missing a pipenet! Rebuilding...
runtime error: 
[01:31:45]Component is missing a pipenet! Rebuilding...
runtime error: 
[01:31:45]Component is missing a pipenet! Rebuilding...
runtime error: 
[01:31:45]Component is missing a pipenet! Rebuilding...
runtime error: 
[01:31:45]Component is missing a pipenet! Rebuilding...
runtime error: 
[01:31:45]Component is missing a pipenet! Rebuilding...
runtime error: 
[01:31:45]Component is missing a pipenet! Rebuilding...
runtime error: 
[01:31:45]Component is missing a pipenet! Rebuilding...
runtime error: 
[01:31:45]Component is missing a pipenet! Rebuilding...
runtime error: 
[01:31:45]Component is missing a pipenet! Rebuilding...
runtime error: 
[01:31:45]Component is missing a pipenet! Rebuilding...
runtime error: 
[01:31:45]Component is missing a pipenet! Rebuilding...
runtime error: 
[01:31:45]Component is missing a pipenet! Rebuilding...
runtime error: 
[01:31:45]Component is missing a pipenet! Rebuilding...
runtime error: 
[01:31:45]Component is missing a pipenet! Rebuilding...
runtime error: 
[01:31:45]Component is missing a pipenet! Rebuilding...
runtime error: 
[01:31:45]Component is missing a pipenet! Rebuilding...
runtime error: 
[01:31:45]Component is missing a pipenet! Rebuilding...
runtime error: 
[01:31:45]Component is missing a pipenet! Rebuilding...
runtime error: 
[01:31:45]Component is missing a pipenet! Rebuilding...
runtime error: 
[01:31:45]Component is missing a pipenet! Rebuilding...
runtime error: 
[01:31:45]Component is missing a pipenet! Rebuilding...
runtime error: 
[01:31:45]Component is missing a pipenet! Rebuilding...
runtime error: 
[01:31:45]Component is missing a pipenet! Rebuilding...
runtime error: 
[01:31:45]Component is missing a pipenet! Rebuilding...
runtime error: 
[01:31:45]Component is missing a pipenet! Rebuilding...
runtime error: 
[01:31:45]Component is missing a pipenet! Rebuilding...
runtime error: 
[01:31:45]Component is missing a pipenet! Rebuilding...
runtime error: 
[01:31:45]Component is missing a pipenet! Rebuilding...
runtime error: 
[01:31:45]Component is missing a pipenet! Rebuilding...
runtime error: 
[01:31:45]Component is missing a pipenet! Rebuilding...
runtime error: 
[01:31:45]Component is missing a pipenet! Rebuilding...
runtime error: 
[01:31:45]Component is missing a pipenet! Rebuilding...
runtime error: 
[01:31:45]Component is missing a pipenet! Rebuilding...
runtime error: 
[01:31:45]Component is missing a pipenet! Rebuilding...
runtime error: 
[01:31:45]Component is missing a pipenet! Rebuilding...
runtime error: 
[01:31:45]Component is missing a pipenet! Rebuilding...
runtime error: 
[01:31:45]Component is missing a pipenet! Rebuilding...
runtime error: 
[01:31:45]Component is missing a pipenet! Rebuilding...
runtime error: 
[01:31:45]Component is missing a pipenet! Rebuilding...
runtime error: 
[01:31:45]Component is missing a pipenet! Rebuilding...
runtime error: 
[01:31:45]Component is missing a pipenet! Rebuilding...
runtime error: 
[01:31:45]Component is missing a pipenet! Rebuilding...
runtime error: 
[01:31:45]Component is missing a pipenet! Rebuilding...
runtime error: 
[01:31:45]Component is missing a pipenet! Rebuilding...
runtime error: 
[01:31:45]Component is missing a pipenet! Rebuilding...
runtime error: 
[01:31:45]Component is missing a pipenet! Rebuilding...
runtime error: 
[01:31:45]Component is missing a pipenet! Rebuilding...
runtime error: 
[01:31:45]Component is missing a pipenet! Rebuilding...
runtime error: 
[01:31:45]Component is missing a pipenet! Rebuilding...
runtime error: 
[01:31:45]Component is missing a pipenet! Rebuilding...
runtime error: 
[01:32:47]Cannot read null.air
runtime error: 
[01:32:47]Cannot read null.air
runtime error: 
[01:32:47]Cannot read null.air
runtime error: 
[01:32:47]Cannot read null.air
runtime error: 
[01:32:47]Cannot read null.air
runtime error: 
[01:32:47]Cannot read null.air
runtime error: 
[01:32:47]Cannot read null.air
runtime error: 
[01:32:47]Cannot read null.air
runtime error: 
[01:32:48]Cannot read null.air
runtime error: 
[01:32:48]Cannot read null.air
runtime error: 
[01:32:48]Cannot read null.air
runtime error: 
[01:32:48]Cannot read null.air
runtime error: 
[01:32:49]Cannot read null.air
runtime error: 
[01:32:49]Cannot read null.air
runtime error: 
[01:32:49]Cannot read null.air
runtime error: 
[01:32:49]Cannot read null.air
runtime error: 
[01:32:49]Cannot read null.air
runtime error: 
[01:32:49]Cannot read null.air
runtime error: 
[01:32:49]Cannot read null.air
runtime error: 
[01:32:49]Cannot read null.air
runtime error: 
[01:32:50]Cannot read null.air
runtime error: 
[01:32:50]Cannot read null.air
runtime error: 
[01:32:50]Cannot read null.air
runtime error: 
[01:32:50]Cannot read null.air
runtime error: 
[01:32:51]Cannot read null.air
runtime error: 
[01:32:51]Cannot read null.air
runtime error: 
[01:32:51]Cannot read null.air
runtime error: 
[01:32:51]Cannot read null.air
runtime error: 
[01:32:51]Cannot read null.air
runtime error: 
[01:32:51]Cannot read null.air
runtime error: 
[01:32:51]Cannot read null.air
runtime error: 
[01:32:51]Cannot read null.air
runtime error: 
[01:32:52]Cannot read null.air
runtime error: 
[01:32:52]Cannot read null.air
runtime error: 
[01:32:52]Cannot read null.air
runtime error: 
[01:32:52]Cannot read null.air
runtime error: 
[01:32:53]Cannot read null.air
runtime error: 
[01:32:53]Cannot read null.air
runtime error: 
[01:32:53]Cannot read null.air
runtime error: 
[01:32:53]Cannot read null.air
runtime error: 
[01:32:53]Cannot read null.air
runtime error: 
[01:32:53]Cannot read null.air
runtime error: 
[01:32:53]Cannot read null.air
runtime error: 
[01:32:53]Cannot read null.air
runtime error: 
[01:32:54]Cannot read null.air
runtime error: 
[01:32:54]Cannot read null.air
runtime error: 
[01:32:54]Cannot read null.air
runtime error: 
[01:32:54]Cannot read null.air
runtime error: 
[01:32:54]Cannot read null.air
runtime error: 
[01:32:54]Cannot read null.air
runtime error: 
[01:32:54]Cannot read null.air
runtime error: 
[01:34:56]nothing to animate
runtime error: 
[01:35:32]Cannot modify null.update.
runtime error: 
[01:35:34]Cannot modify null.update.
runtime error: 
[01:35:35]Cannot modify null.update.
runtime error: 
[01:35:35]Cannot modify null.update.
runtime error: 
[01:35:38]Cannot modify null.update.
runtime error: 
[01:35:43]Cannot modify null.update.
runtime error: 
[01:35:45]Cannot modify null.update.
runtime error: 
[01:35:46]Cannot modify null.update.
runtime error: 
[01:35:47]Cannot modify null.update.
runtime error: 
[01:35:48]Cannot modify null.update.
runtime error: 
[01:35:49]Cannot modify null.update.
runtime error: 
[01:35:50]Cannot modify null.update.
runtime error: 
[01:35:50]Cannot modify null.update.
runtime error: 
[01:35:51]Cannot modify null.update.
runtime error: 
[01:35:52]Cannot modify null.update.
runtime error: 
[01:35:52]Cannot modify null.update.
runtime error: 
[01:35:53]Cannot modify null.update.
runtime error: 
[01:35:53]Cannot modify null.update.
runtime error: 
[01:35:54]Cannot modify null.update.
runtime error: 
[01:37:14]nothing to animate
runtime error: 
[01:39:53]nothing to animate
## WARNING: shuttle "arrivals" could not enter transit space. Docked at arrivals_stationary. Transit dock 67. in code/modules/shuttle/shuttle.dm at line 422 src: the arrivals shuttle usr: .
runtime error: 
[01:41:30]nothing to animate
runtime error: 
[01:43:13]nothing to animate
runtime error: 
[01:43:46]nothing to animate
runtime error: 
[01:46:41]Cannot read null.client
runtime error: 
[01:46:41]Cannot read null.client
runtime error: 
[01:50:09]nothing to animate
runtime error: 
[01:50:33]Cannot read null.client
runtime error: 
[01:55:53]nothing to animate
runtime error: 
[01:55:53]nothing to animate
runtime error: 
[01:56:28]nothing to animate
runtime error: 
[01:57:18]Cannot read null.client
runtime error: 
[02:00:36]nothing to animate
runtime error: 
[02:00:37]nothing to animate
Saved 0 engraved messages on map BoxStation
runtime error: 
[02:01:52]Cannot read null.loc
Shutting down Persistence subsystem...
Shutting down pathfinder subsystem...
Shutting down Squeak subsystem...
Shutting down Shuttle subsystem...
Shutting down Lighting subsystem...
Shutting down XKeyScore subsystem...
Shutting down Sticky Ban subsystem...
Shutting down Overlay subsystem...
Shutting down Icon Smoothing subsystem...
Shutting down Assets subsystem...
Shutting down Minimap subsystem...
Shutting down Atmospherics subsystem...
Shutting down Wet floors subsystem...
Shutting down Weather subsystem...
Shutting down Vote subsystem...
Shutting down Traumas subsystem...
Shutting down Title Screen subsystem...
Shutting down Time Tracking subsystem...
Shutting down Throwing subsystem...
Shutting down tgui subsystem...
Shutting down Sun subsystem...
Shutting down Space Drift subsystem...
Shutting down Religion subsystem...
Shutting down Radio subsystem...
Shutting down Radiation subsystem...
Shutting down Projectiles subsystem...
Shutting down Processing subsystem...
Shutting down Parallax subsystem...
Shutting down pAI subsystem...
Shutting down Orbits subsystem...
Shutting down Objects subsystem...
Shutting down NPC Pool subsystem...
Shutting down Night Shift subsystem...
Shutting down Mood subsystem...
Shutting down Mobs subsystem...
Shutting down Medals subsystem...
Shutting down Inbounds subsystem...
Shutting down Idling NPC Pool subsystem...
Shutting down Flightpack Movement subsystem...
Shutting down Fire Burning subsystem...
Shutting down Fields subsystem...
Shutting down Fast Processing subsystem...
Shutting down Disease subsystem...
Shutting down Communications subsystem...
Shutting down Augury subsystem...
Shutting down Acid subsystem...
Shutting down Timer subsystem...
Shutting down Circuit subsystem...
Shutting down Machines subsystem...
Shutting down Language subsystem...
Shutting down Atoms subsystem...
Shutting down Networks subsystem...
Shutting down Mapping subsystem...
Shutting down Ticker subsystem...
Shutting down Traits subsystem...
Shutting down Jobs subsystem...
Shutting down Events subsystem...
Shutting down Research subsystem...
Shutting down Input subsystem...
Shutting down Server Tasks subsystem...
Shutting down Blackbox subsystem...
Shutting down Database subsystem...
Shutting down Garbage subsystem...
Shutdown complete
World rebooted at 02:02:23
