[2018-08-19 16:01:33.709] runtime error: bad index
[2018-08-19 16:01:33.709] proc name: Get (/datum/controller/configuration/proc/Get)
[2018-08-19 16:01:33.709]   source file: configuration.dm,191
[2018-08-19 16:01:33.709]   usr: null
[2018-08-19 16:01:33.709]   src: Configuration (/datum/controller/configuration)
[2018-08-19 16:01:33.709]   call stack:
[2018-08-19 16:01:33.709] Configuration (/datum/controller/configuration): Get(/datum/config_entry/flag/log_w... (/datum/config_entry/flag/log_world_topic))
[2018-08-19 16:01:33.709] world: Topic("status", "186.153.227.93", null, null)
[2018-08-19 16:01:33.709] 
[2018-08-19 16:01:33.710] runtime error: bad index
[2018-08-19 16:01:33.710] proc name: Get (/datum/controller/configuration/proc/Get)
[2018-08-19 16:01:33.710]   source file: configuration.dm,191
[2018-08-19 16:01:33.710]   usr: null
[2018-08-19 16:01:33.710]   src: Configuration (/datum/controller/configuration)
[2018-08-19 16:01:33.710]   call stack:
[2018-08-19 16:01:33.710] Configuration (/datum/controller/configuration): Get(/datum/config_entry/string/com... (/datum/config_entry/string/comms_key))
[2018-08-19 16:01:33.710] /datum/world_topic/status (/datum/world_topic/status): TryRun(/list (/list))
[2018-08-19 16:01:33.710] world: Topic("status", "186.153.227.93", null, null)
[2018-08-19 16:01:33.710] 
[2018-08-19 16:01:33.711] runtime error: bad index
[2018-08-19 16:01:33.711] proc name: Get (/datum/controller/configuration/proc/Get)
[2018-08-19 16:01:33.711]   source file: configuration.dm,191
[2018-08-19 16:01:33.711]   usr: null
[2018-08-19 16:01:33.711]   src: Configuration (/datum/controller/configuration)
[2018-08-19 16:01:33.711]   call stack:
[2018-08-19 16:01:33.711] Configuration (/datum/controller/configuration): Get(/datum/config_entry/flag/nores... (/datum/config_entry/flag/norespawn))
[2018-08-19 16:01:33.711] /datum/world_topic/status (/datum/world_topic/status): Run(/list (/list))
[2018-08-19 16:01:33.711] /datum/world_topic/status (/datum/world_topic/status): TryRun(/list (/list))
[2018-08-19 16:01:33.711] world: Topic("status", "186.153.227.93", null, null)
[2018-08-19 16:01:33.711] 
[2018-08-19 16:01:33.711] runtime error: bad index
[2018-08-19 16:01:33.711] proc name: Get (/datum/controller/configuration/proc/Get)
[2018-08-19 16:01:33.711]   source file: configuration.dm,191
[2018-08-19 16:01:33.711]   usr: null
[2018-08-19 16:01:33.711]   src: Configuration (/datum/controller/configuration)
[2018-08-19 16:01:33.711]   call stack:
[2018-08-19 16:01:33.711] Configuration (/datum/controller/configuration): Get(/datum/config_entry/flag/allow... (/datum/config_entry/flag/allow_vote_mode))
[2018-08-19 16:01:33.711] /datum/world_topic/status (/datum/world_topic/status): Run(/list (/list))
[2018-08-19 16:01:33.711] /datum/world_topic/status (/datum/world_topic/status): TryRun(/list (/list))
[2018-08-19 16:01:33.711] world: Topic("status", "186.153.227.93", null, null)
[2018-08-19 16:01:33.712] 
[2018-08-19 16:01:33.712] runtime error: bad index
[2018-08-19 16:01:33.712] proc name: Get (/datum/controller/configuration/proc/Get)
[2018-08-19 16:01:33.712]   source file: configuration.dm,191
[2018-08-19 16:01:33.712]   usr: null
[2018-08-19 16:01:33.712]   src: Configuration (/datum/controller/configuration)
[2018-08-19 16:01:33.712]   call stack:
[2018-08-19 16:01:33.712] Configuration (/datum/controller/configuration): Get(/datum/config_entry/flag/allow... (/datum/config_entry/flag/allow_ai))
[2018-08-19 16:01:33.712] /datum/world_topic/status (/datum/world_topic/status): Run(/list (/list))
[2018-08-19 16:01:33.712] /datum/world_topic/status (/datum/world_topic/status): TryRun(/list (/list))
[2018-08-19 16:01:33.712] world: Topic("status", "186.153.227.93", null, null)
[2018-08-19 16:01:33.712] 
[2018-08-19 16:01:33.713] runtime error: Cannot read null.commit
[2018-08-19 16:01:33.713] proc name: Run (/datum/world_topic/status/Run)
[2018-08-19 16:01:33.713]   source file: world_topic.dm,151
[2018-08-19 16:01:33.713]   usr: null
[2018-08-19 16:01:33.713]   src: /datum/world_topic/status (/datum/world_topic/status)
[2018-08-19 16:01:33.713]   call stack:
[2018-08-19 16:01:33.713] /datum/world_topic/status (/datum/world_topic/status): Run(/list (/list))
[2018-08-19 16:01:33.713] /datum/world_topic/status (/datum/world_topic/status): TryRun(/list (/list))
[2018-08-19 16:01:33.713] world: Topic("status", "186.153.227.93", null, null)
[2018-08-19 16:01:33.713] 
[2018-08-19 16:01:33.714] runtime error: bad index
[2018-08-19 16:01:33.714] proc name: Get (/datum/controller/configuration/proc/Get)
[2018-08-19 16:01:33.714]   source file: configuration.dm,191
[2018-08-19 16:01:33.714]   usr: null
[2018-08-19 16:01:33.714]   src: Configuration (/datum/controller/configuration)
[2018-08-19 16:01:33.714]   call stack:
[2018-08-19 16:01:33.714] Configuration (/datum/controller/configuration): Get(/datum/config_entry/flag/log_w... (/datum/config_entry/flag/log_world_topic))
[2018-08-19 16:01:33.714] world: Topic("status", "77.96.163.22", null, null)
[2018-08-19 16:01:33.714] 
[2018-08-19 16:01:33.714] runtime error: bad index
[2018-08-19 16:01:33.714] proc name: Get (/datum/controller/configuration/proc/Get)
[2018-08-19 16:01:33.714]   source file: configuration.dm,191
[2018-08-19 16:01:33.714]   usr: null
[2018-08-19 16:01:33.714]   src: Configuration (/datum/controller/configuration)
[2018-08-19 16:01:33.714]   call stack:
[2018-08-19 16:01:33.714] Configuration (/datum/controller/configuration): Get(/datum/config_entry/string/com... (/datum/config_entry/string/comms_key))
[2018-08-19 16:01:33.714] /datum/world_topic/status (/datum/world_topic/status): TryRun(/list (/list))
[2018-08-19 16:01:33.714] world: Topic("status", "77.96.163.22", null, null)
[2018-08-19 16:01:33.714] 
[2018-08-19 16:01:33.715] runtime error: bad index
[2018-08-19 16:01:33.715] proc name: Get (/datum/controller/configuration/proc/Get)
[2018-08-19 16:01:33.715]   source file: configuration.dm,191
[2018-08-19 16:01:33.715]   usr: null
[2018-08-19 16:01:33.715]   src: Configuration (/datum/controller/configuration)
[2018-08-19 16:01:33.715]   call stack:
[2018-08-19 16:01:33.715] Configuration (/datum/controller/configuration): Get(/datum/config_entry/flag/nores... (/datum/config_entry/flag/norespawn))
[2018-08-19 16:01:33.715] /datum/world_topic/status (/datum/world_topic/status): Run(/list (/list))
[2018-08-19 16:01:33.715] /datum/world_topic/status (/datum/world_topic/status): TryRun(/list (/list))
[2018-08-19 16:01:33.715] world: Topic("status", "77.96.163.22", null, null)
[2018-08-19 16:01:33.715] 
[2018-08-19 16:01:33.715] runtime error: bad index
[2018-08-19 16:01:33.715] proc name: Get (/datum/controller/configuration/proc/Get)
[2018-08-19 16:01:33.715]   source file: configuration.dm,191
[2018-08-19 16:01:33.715]   usr: null
[2018-08-19 16:01:33.715]   src: Configuration (/datum/controller/configuration)
[2018-08-19 16:01:33.715]   call stack:
[2018-08-19 16:01:33.715] Configuration (/datum/controller/configuration): Get(/datum/config_entry/flag/allow... (/datum/config_entry/flag/allow_vote_mode))
[2018-08-19 16:01:33.715] /datum/world_topic/status (/datum/world_topic/status): Run(/list (/list))
[2018-08-19 16:01:33.715] /datum/world_topic/status (/datum/world_topic/status): TryRun(/list (/list))
[2018-08-19 16:01:33.715] world: Topic("status", "77.96.163.22", null, null)
[2018-08-19 16:01:33.715] 
[2018-08-19 16:01:33.716] runtime error: bad index
[2018-08-19 16:01:33.716] proc name: Get (/datum/controller/configuration/proc/Get)
[2018-08-19 16:01:33.716]   source file: configuration.dm,191
[2018-08-19 16:01:33.716] 
[2018-08-19 16:01:33.716] runtime error: Cannot read null.commit
[2018-08-19 16:01:33.716] proc name: Run (/datum/world_topic/status/Run)
[2018-08-19 16:01:33.716]   source file: world_topic.dm,151
[2018-08-19 16:01:33.716] 
[2018-08-19 16:01:33.832] Running /tg/ revision:
[2018-08-19 16:01:33.833] f007f9d4db595f9b904cd4e7d6b1930b1192d360: 2018-08-09
[2018-08-19 16:01:33.834] runtime error: list index out of bounds
[2018-08-19 16:01:33.834] proc name: New (/datum/getrev/New)
[2018-08-19 16:01:33.834]   source file: getrev.dm,23
[2018-08-19 16:01:33.834] 
[2018-08-19 16:01:33.848] Loading config file config.txt...
[2018-08-19 16:01:33.850] Loading config file game_options.txt...
[2018-08-19 16:01:33.852] Unknown setting in configuration: 'w##'
[2018-08-19 16:01:33.853] Entry human_delay is deprecated and will be removed soon. Migrate to multiplicative_movespeed! Suggested new value is: /mob/living/carbon/human 0
[2018-08-19 16:01:33.854] Entry robot_delay is deprecated and will be removed soon. Migrate to multiplicative_movespeed! Suggested new value is: /mob/living/silicon/robot 0
[2018-08-19 16:01:33.855] Entry monkey_delay is deprecated and will be removed soon. Migrate to multiplicative_movespeed! Suggested new value is: /mob/living/carbon/monkey 0
[2018-08-19 16:01:33.855] Entry alien_delay is deprecated and will be removed soon. Migrate to multiplicative_movespeed! Suggested new value is: /mob/living/carbon/alien 0
[2018-08-19 16:01:33.856] Entry slime_delay is deprecated and will be removed soon. Migrate to multiplicative_movespeed! Suggested new value is: /mob/living/simple_animal/slime 0
[2018-08-19 16:01:33.857] Entry animal_delay is deprecated and will be removed soon. Migrate to multiplicative_movespeed! Suggested new value is: /mob/living/simple_animal 1
[2018-08-19 16:01:33.859] Failed to validate setting "DOUBLE_AGENTS 20" for min_pop
[2018-08-19 16:01:33.859] Failed to validate setting "DOUBLE_AGENTS -1" for max_pop
[2018-08-19 16:01:33.864] Loading config file dbconfig.txt...
[2018-08-19 16:01:33.864] Loading config file comms.txt...
[2018-08-19 16:01:33.868] Loading config file maps.txt...
[2018-08-19 16:01:34.033] Database connection established.
[2018-08-19 16:01:34.065] SQL: Could not get schema version from database
