

Starting up round ID 975. 10:17:06
---------------------
Initialized Database subsystem within 0 seconds!
Initialized Blackbox subsystem within 0 seconds!
Initialized Server Tasks subsystem within 0 seconds!
Initialized Input subsystem within 0 seconds!
Initialized Research subsystem within 0 seconds!
Initialized Events subsystem within 0 seconds!
Initialized Jobs subsystem within 0 seconds!
Initialized Traits subsystem within 0 seconds!
Initialized Ticker subsystem within 0 seconds!
Loading BeeStation 1...
Loaded Station in 6.1s!
Loaded Lavaland in 6.9s!
Loaded Reebe in 5.6s!
Ruin loader finished with 0 left to spend.
Ruin loader finished with 0 left to spend.
Initialized Mapping subsystem within 35.6 seconds!
Initialized Networks subsystem within 0 seconds!
runtime error: 
[10:17:51]Bad areastring path for Vacant Office APC, area/security/vacantoffice
[10:17:51]proc name: stack trace (/datum/proc/stack_trace)
[10:17:51]  source file: unsorted.dm,1257
[10:17:51]  usr: null
[10:17:51]  src: Vacant Office APC (/obj/machinery/power/apc)
[10:17:51]  src.loc: the floor (88,129,2) (/turf/open/floor/plasteel/grimy)
[10:17:51]  call stack:
[10:17:51]Vacant Office APC (/obj/machinery/power/apc): stack trace("Bad areastring path for Vacant...")
[10:17:51]Vacant Office APC (/obj/machinery/power/apc): Initialize(1)
[10:17:51]Atoms (/datum/controller/subsystem/atoms): InitAtom(Vacant Office APC (/obj/machinery/power/apc), /list (/list))
[10:17:51]Atoms (/datum/controller/subsystem/atoms): InitializeAtoms(null)
[10:17:51]Atoms (/datum/controller/subsystem/atoms): Initialize(370647)
[10:17:51]Master (/datum/controller/master): Initialize(10, 0)
Initialized Atoms subsystem within 44.6 seconds!
Initialized Language subsystem within 0.1 seconds!
Initialized Machines subsystem within 0.3 seconds!
Initialized Circuit subsystem within 0 seconds!
Initialized Disease subsystem within 0 seconds!
Initialized Medals subsystem within 0 seconds!
Initialized Night Shift subsystem within 0 seconds!
Initialized Parallax subsystem within 0 seconds!
Initialized Traumas subsystem within 0.1 seconds!
Initialized Weather subsystem within 0 seconds!
## WARNING: There are 7 active turfs at roundstart, this is a mapping error caused by a difference of the air between the adjacent turfs. You can see its coordinates using "Mapping -> Show roundstart AT list" verb (debug verbs required)
## WARNING: HEY! LISTEN! 1 second were wasted processing 7 turf(s) (connected to 20216 other turfs) with atmos differences at round start.
## WARNING: build_pipeline(): /obj/machinery/atmospherics/pipe/simple/supply/hidden added to a pipenet while still having one. (pipes leading to the same spot stacking in one turf) Nearby: (108, 118, 2)
## WARNING: build_pipeline(): /obj/machinery/atmospherics/pipe/manifold/supply/hidden added to a pipenet while still having one. (pipes leading to the same spot stacking in one turf) Nearby: (106, 118, 2)
## WARNING: build_pipeline(): /obj/machinery/atmospherics/pipe/simple/supply/hidden added to a pipenet while still having one. (pipes leading to the same spot stacking in one turf) Nearby: (109, 118, 2)
## WARNING: build_pipeline(): /obj/machinery/atmospherics/pipe/simple/supply/hidden added to a pipenet while still having one. (pipes leading to the same spot stacking in one turf) Nearby: (107, 118, 2)
## WARNING: build_pipeline(): /obj/machinery/atmospherics/pipe/simple/supply/hidden added to a pipenet while still having one. (pipes leading to the same spot stacking in one turf) Nearby: (106, 119, 2)
## WARNING: build_pipeline(): /obj/machinery/atmospherics/pipe/simple/supply/hidden added to a pipenet while still having one. (pipes leading to the same spot stacking in one turf) Nearby: (106, 117, 2)
## WARNING: build_pipeline(): /obj/machinery/atmospherics/pipe/simple/supply/hidden added to a pipenet while still having one. (pipes leading to the same spot stacking in one turf) Nearby: (106, 120, 2)
## WARNING: build_pipeline(): /obj/machinery/atmospherics/pipe/simple/supply/hidden added to a pipenet while still having one. (pipes leading to the same spot stacking in one turf) Nearby: (106, 116, 2)
## WARNING: build_pipeline(): /obj/machinery/atmospherics/pipe/simple/supply/hidden added to a pipenet while still having one. (pipes leading to the same spot stacking in one turf) Nearby: (106, 121, 2)
## WARNING: build_pipeline(): /obj/machinery/atmospherics/pipe/simple/supply/hidden added to a pipenet while still having one. (pipes leading to the same spot stacking in one turf) Nearby: (106, 115, 2)
## WARNING: build_pipeline(): further messages about pipenets will be supressed
Initialized Atmospherics subsystem within 15.9 seconds!
Failed to find backup file for map BeeStation 1 on zlevel 2.
Initialized Assets subsystem within 0.7 seconds!
Initialized Icon Smoothing subsystem within 7.5 seconds!
Initialized Overlay subsystem within 23.1 seconds!
Initialized XKeyScore subsystem within 0 seconds!
Initialized Sticky Ban subsystem within 0 seconds!
Initialized Lighting subsystem within 20.1 seconds!
Initialized Shuttle subsystem within 25.9 seconds!
Initialized Squeak subsystem within 0 seconds!
Initialized pathfinder subsystem within 0 seconds!
Loaded 0 engraved messages on map BeeStation 1
Initialized Persistence subsystem within 0.1 seconds!
Initializations complete within 174.6 seconds!
Game start took 6.4s
runtime error: 
[10:30:42]Cannot read null.loc
[10:30:42]proc name: update parallax (/datum/hud/proc/update_parallax)
[10:30:42]  source file: parallax.dm,170
[10:30:42]  usr: Klaus Michaelson (/mob/living/brain)
[10:30:42]  src: /datum/hud (/datum/hud)
[10:30:42]  usr.loc: Klaus Michaelson\'s brain (/obj/item/organ/brain)
[10:30:42]  call stack:
[10:30:42]/datum/hud (/datum/hud): update parallax()
[10:30:42]/datum/hud (/datum/hud): update parallax pref(Klaus Michaelson (/mob/living/brain))
[10:30:42]/datum/hud (/datum/hud): show hud(1, null)
[10:30:42]Klaus Michaelson (/mob/living/brain): Login()
[10:30:42]Klaus Michaelson (/mob/living/brain): Login()
[10:30:42]Klaus Michaelson (/datum/mind): transfer to(Klaus Michaelson (/mob/living/brain), 0)
[10:30:42]Klaus Michaelson\'s brain (/obj/item/organ/brain): transfer identity(Klaus Michaelson (/mob/living/carbon/human))
[10:30:42]Klaus Michaelson\'s brain (/obj/item/organ/brain): Remove(Klaus Michaelson (/mob/living/carbon/human), 0, 0)
[10:30:42]Klaus Michaelson\'s brain (/obj/item/organ/brain): transfer to limb(Klaus Michaelson\'s head (/obj/item/bodypart/head), Klaus Michaelson (/mob/living/carbon/human))
[10:30:42]Klaus Michaelson\'s head (/obj/item/bodypart/head): drop limb(null)
[10:30:42]Klaus Michaelson\'s head (/obj/item/bodypart/head): drop limb(null)
[10:30:42]Klaus Michaelson\'s head (/obj/item/bodypart/head): dismember("brute")
[10:30:42]Human (/datum/species/human): spec attacked by(the officer\'s sabre (/obj/item/melee/sabre), Nick Freeman (/mob/living/carbon/human), Klaus Michaelson\'s head (/obj/item/bodypart/head), "help", Klaus Michaelson (/mob/living/carbon/human))
[10:30:42]Klaus Michaelson (/mob/living/carbon/human): attacked by(the officer\'s sabre (/obj/item/melee/sabre), Nick Freeman (/mob/living/carbon/human))
[10:30:42]the officer\'s sabre (/obj/item/melee/sabre): attack(Klaus Michaelson (/mob/living/carbon/human), Nick Freeman (/mob/living/carbon/human))
[10:30:42]Klaus Michaelson (/mob/living/carbon/human): attackby(the officer\'s sabre (/obj/item/melee/sabre), Nick Freeman (/mob/living/carbon/human), "icon-x=14;icon-y=11;left=1;scr...")
[10:30:42]Klaus Michaelson (/mob/living/carbon/human): attackby(the officer\'s sabre (/obj/item/melee/sabre), Nick Freeman (/mob/living/carbon/human), "icon-x=14;icon-y=11;left=1;scr...")
[10:30:42]the officer\'s sabre (/obj/item/melee/sabre): melee attack chain(Nick Freeman (/mob/living/carbon/human), Klaus Michaelson (/mob/living/carbon/human), "icon-x=14;icon-y=11;left=1;scr...")
[10:30:42]Nick Freeman (/mob/living/carbon/human): ClickOn(Klaus Michaelson (/mob/living/carbon/human), "icon-x=14;icon-y=11;left=1;scr...")
[10:30:42]Klaus Michaelson (/mob/living/carbon/human): Click(the floor (167,118,2) (/turf/open/floor/plasteel/dark), "mapwindow.map", "icon-x=14;icon-y=11;left=1;scr...")
runtime error: 
[10:31:08]nothing to animate
[10:31:08]proc name: shake camera (/proc/shake_camera)
[10:31:08]  source file: mob_helpers.dm,270
[10:31:08]  usr: (src)
[10:31:08]  src: null
[10:31:08]  call stack:
[10:31:08]shake camera(Justice Millhouse (/mob/living/carbon/human), 0.75, 1)
[10:31:08]Justice Millhouse (/mob/living/carbon/human): afterShuttleMove(space (50,20,13) (/turf/open/space/transit/north), /list (/list), 8, 1, 1, 0)
[10:31:08]Justice Millhouse (/mob/living/carbon/human): afterShuttleMove(space (50,20,13) (/turf/open/space/transit/north), /list (/list), 8, 1, 1, 0)
[10:31:08]the mining shuttle (/obj/docking_port/mobile): cleanup runway(the lavaland mine (/obj/docking_port/stationary), /list (/list), /list (/list), /list (/list), /list (/list), 0, 1, Space (/area/space), /turf/open/space/transit/north (/turf/open/space/transit/north), /turf/open/space (/turf/open/space))
[10:31:08]the mining shuttle (/obj/docking_port/mobile): initiate docking(the lavaland mine (/obj/docking_port/stationary), 1, 0)
[10:31:08]the mining shuttle (/obj/docking_port/mobile): check()
[10:31:08]Shuttle (/datum/controller/subsystem/shuttle): fire(0)
[10:31:08]Shuttle (/datum/controller/subsystem/shuttle): ignite(0)
runtime error: 
[10:35:58]list index out of bounds
[10:35:58]proc name: tick (/datum/round_event/aurora_caelus/tick)
[10:35:58]  source file: aurora_caelus.dm,39
[10:35:58]  usr: null
[10:35:58]  src: /datum/round_event/aurora_cael... (/datum/round_event/aurora_caelus)
[10:35:58]  call stack:
[10:35:58]/datum/round_event/aurora_cael... (/datum/round_event/aurora_caelus): tick()
[10:35:58]/datum/round_event/aurora_cael... (/datum/round_event/aurora_caelus): process()
[10:35:58]Events (/datum/controller/subsystem/events): fire(0)
[10:35:58]Events (/datum/controller/subsystem/events): ignite(0)
[10:35:58]Master (/datum/controller/master): RunQueue()
[10:35:58]Master (/datum/controller/master): Loop()
[10:35:58]Master (/datum/controller/master): StartProcessing(0)
runtime error: 
[10:36:41]nothing to animate
[10:36:41]proc name: shake camera (/proc/shake_camera)
[10:36:41]  source file: mob_helpers.dm,270
[10:36:41]  usr: (src)
[10:36:41]  src: null
[10:36:41]  call stack:
[10:36:41]shake camera(Katherine Sinclair (/mob/living/carbon/human), 0.75, 1)
[10:36:41]Katherine Sinclair (/mob/living/carbon/human): afterShuttleMove(space (50,20,13) (/turf/open/space/transit/north), /list (/list), 8, 1, 1, 0)
[10:36:41]Katherine Sinclair (/mob/living/carbon/human): afterShuttleMove(space (50,20,13) (/turf/open/space/transit/north), /list (/list), 8, 1, 1, 0)
[10:36:41]the mining shuttle (/obj/docking_port/mobile): cleanup runway(the lavaland mine (/obj/docking_port/stationary), /list (/list), /list (/list), /list (/list), /list (/list), 0, 1, Space (/area/space), /turf/open/space/transit/north (/turf/open/space/transit/north), /turf/open/space (/turf/open/space))
[10:36:41]the mining shuttle (/obj/docking_port/mobile): initiate docking(the lavaland mine (/obj/docking_port/stationary), 1, 0)
[10:36:41]the mining shuttle (/obj/docking_port/mobile): check()
[10:36:41]Shuttle (/datum/controller/subsystem/shuttle): fire(0)
[10:36:41]Shuttle (/datum/controller/subsystem/shuttle): ignite(0)
runtime error: 
[10:44:06]nothing to animate
[10:44:06]proc name: shake camera (/proc/shake_camera)
[10:44:06]  source file: mob_helpers.dm,270
[10:44:06]  usr: (src)
[10:44:06]  src: null
[10:44:06]  call stack:
[10:44:06]shake camera(Optimus (/mob/living/silicon/robot), 0.75, 1)
[10:44:06]Optimus (/mob/living/silicon/robot): afterShuttleMove(space (50,20,13) (/turf/open/space/transit/north), /list (/list), 8, 1, 1, 0)
[10:44:06]Optimus (/mob/living/silicon/robot): afterShuttleMove(space (50,20,13) (/turf/open/space/transit/north), /list (/list), 8, 1, 1, 0)
[10:44:06]the mining shuttle (/obj/docking_port/mobile): cleanup runway(the mining shuttle bay (/obj/docking_port/stationary), /list (/list), /list (/list), /list (/list), /list (/list), 0, 1, Space (/area/space), /turf/open/space/transit/north (/turf/open/space/transit/north), /turf/open/space (/turf/open/space))
[10:44:06]the mining shuttle (/obj/docking_port/mobile): initiate docking(the mining shuttle bay (/obj/docking_port/stationary), 1, 0)
[10:44:06]the mining shuttle (/obj/docking_port/mobile): check()
[10:44:06]Shuttle (/datum/controller/subsystem/shuttle): fire(0)
[10:44:06]Shuttle (/datum/controller/subsystem/shuttle): ignite(0)
runtime error: 
[10:45:53]nothing to animate
[10:45:53]proc name: shake camera (/proc/shake_camera)
[10:45:53]  source file: mob_helpers.dm,270
[10:45:53]  usr: (src)
[10:45:53]  src: null
[10:45:53]  call stack:
[10:45:53]shake camera(Optimus (/mob/living/silicon/robot), 0.75, 1)
[10:45:53]Optimus (/mob/living/silicon/robot): afterShuttleMove(space (50,20,13) (/turf/open/space/transit/north), /list (/list), 8, 1, 1, 0)
[10:45:53]Optimus (/mob/living/silicon/robot): afterShuttleMove(space (50,20,13) (/turf/open/space/transit/north), /list (/list), 8, 1, 1, 0)
[10:45:53]the mining shuttle (/obj/docking_port/mobile): cleanup runway(the lavaland mine (/obj/docking_port/stationary), /list (/list), /list (/list), /list (/list), /list (/list), 0, 1, Space (/area/space), /turf/open/space/transit/north (/turf/open/space/transit/north), /turf/open/space (/turf/open/space))
[10:45:53]the mining shuttle (/obj/docking_port/mobile): initiate docking(the lavaland mine (/obj/docking_port/stationary), 1, 0)
[10:45:53]the mining shuttle (/obj/docking_port/mobile): check()
[10:45:53]Shuttle (/datum/controller/subsystem/shuttle): fire(0)
[10:45:53]Shuttle (/datum/controller/subsystem/shuttle): ignite(0)
runtime error: 
[10:58:29]A ref was requested of an object with DF_USE_TAG set but no tag: Justice Millhouse
[10:58:29]proc name: stack trace (/proc/stack_trace)
[10:58:29]  source file: unsorted.dm,1254
[10:58:29]  usr: Jonathon Whirlow (/mob/living/carbon/human)
[10:58:29]  src: null
[10:58:29]  usr.loc: the floor (116,140,2) (/turf/open/floor/plasteel/blue/corner)
[10:58:29]  call stack:
[10:58:29]stack trace("A ref was requested of an obje...")
[10:58:29]REF(Justice Millhouse (/mob/living/carbon/human))
[10:58:29]Traitor (/datum/antagonist/traitor/human): antag listing name()
[10:58:29]Traitor (/datum/antagonist/traitor/human): antag listing entry()
[10:58:29]mintyboi32\'s admin datum (Mod... (/datum/admins): build antag listing()
[10:58:29]mintyboi32\'s admin datum (Mod... (/datum/admins): check antagonists()
[10:58:29]MintyBoi32 (/client): Check Antagonists()
runtime error: 
[11:05:12]addtimer called with a callback assigned to a qdeleted object
[11:05:12]proc name: stack trace (/proc/stack_trace)
[11:05:12]  source file: unsorted.dm,1254
[11:05:12]  usr: Jonathon Whirlow (/mob/living/carbon/human)
[11:05:12]  src: null
[11:05:12]  usr.loc: the floor (184,113,2) (/turf/open/floor/plasteel/cafeteria)
[11:05:12]  call stack:
[11:05:12]stack trace("addtimer called with a callbac...")
[11:05:12]addtimer(/datum/callback (/datum/callback), 1, 0)
[11:05:12]the self-repair module (/obj/item/borg/upgrade/selfrepair): dropped(Optimus (/mob/living/silicon/robot))
[11:05:12]Optimus (/mob/living/silicon/robot): doUnEquip(the self-repair module (/obj/item/borg/upgrade/selfrepair), 1, null, 1, 1)
[11:05:12]Optimus (/mob/living/silicon/robot): temporarilyRemoveItemFromInventory(the self-repair module (/obj/item/borg/upgrade/selfrepair), 1, 1)
[11:05:12]the self-repair module (/obj/item/borg/upgrade/selfrepair): Destroy(0)
[11:05:12]qdel(the self-repair module (/obj/item/borg/upgrade/selfrepair), 0)
[11:05:12]Optimus (/mob/living/silicon/robot): Destroy(0)
[11:05:12]Optimus (/mob/living/silicon/robot): Destroy(0)
[11:05:12]Optimus (/mob/living/silicon/robot): Destroy(0)
[11:05:12]Optimus (/mob/living/silicon/robot): Destroy(0)
[11:05:12]Optimus (/mob/living/silicon/robot): Destroy(0)
[11:05:12]Optimus (/mob/living/silicon/robot): Destroy(0)
[11:05:12]Optimus (/mob/living/silicon/robot): Destroy(0)
[11:05:12]Optimus (/mob/living/silicon/robot): Destroy(0)
[11:05:12]qdel(Optimus (/mob/living/silicon/robot), 0)
[11:05:12]Optimus (/mob/living/silicon/robot): gib(null, null, null)
[11:05:12]Optimus (/mob/living/silicon/robot): self destruct()
[11:05:12]the robotics control console (/obj/machinery/computer/robotics): Topic("src=\[0x2004a91];killbot=\[mob...", /list (/list))
[11:05:12]MintyBoi32 (/client): Topic("src=\[0x2004a91];killbot=\[mob...", /list (/list), the robotics control console (/obj/machinery/computer/robotics))
[11:05:12]MintyBoi32 (/client): Topic("src=\[0x2004a91];killbot=\[mob...", /list (/list), the robotics control console (/obj/machinery/computer/robotics))
runtime error: 
[11:19:14]nothing to animate
[11:19:14]proc name: shake camera (/proc/shake_camera)
[11:19:14]  source file: mob_helpers.dm,270
[11:19:14]  usr: (src)
[11:19:14]  src: null
[11:19:14]  call stack:
[11:19:14]shake camera(Bob Good (/mob/living/carbon/human), 0.75, 1)
[11:19:14]Bob Good (/mob/living/carbon/human): afterShuttleMove(space (18,20,13) (/turf/open/space/transit/west), /list (/list), 8, 8, 8, 0)
[11:19:14]Bob Good (/mob/living/carbon/human): afterShuttleMove(space (18,20,13) (/turf/open/space/transit/west), /list (/list), 8, 8, 8, 0)
[11:19:14]the arrivals shuttle (/obj/docking_port/mobile/arrivals): cleanup runway(the arrivals (/obj/docking_port/stationary), /list (/list), /list (/list), /list (/list), /list (/list), 0, 8, Space (/area/space), /turf/open/space/transit/west (/turf/open/space/transit/west), /turf/open/space (/turf/open/space))
[11:19:14]the arrivals shuttle (/obj/docking_port/mobile/arrivals): initiate docking(the arrivals (/obj/docking_port/stationary), 8, 0)
[11:19:14]the arrivals shuttle (/obj/docking_port/mobile/arrivals): initiate docking(the arrivals (/obj/docking_port/stationary), 8)
[11:19:14]the arrivals shuttle (/obj/docking_port/mobile/arrivals): check()
[11:19:14]the arrivals shuttle (/obj/docking_port/mobile/arrivals): check()
[11:19:14]Shuttle (/datum/controller/subsystem/shuttle): fire(0)
[11:19:14]Shuttle (/datum/controller/subsystem/shuttle): ignite(0)
runtime error: 
[11:20:04]Cannot read null.client
[11:20:04]proc name: open (/datum/tgui/proc/open)
[11:20:04]  source file: tgui.dm,87
[11:20:04]  usr: Luis Zadovsky (/mob/living/carbon/human)
[11:20:04]  src: /datum/tgui (/datum/tgui)
[11:20:04]  usr.loc: the floor (48,137,2) (/turf/open/floor/plasteel/white/corner)
[11:20:04]  call stack:
[11:20:04]/datum/tgui (/datum/tgui): open()
[11:20:04]the tablet computer (/obj/item/device/modular_computer/tablet/preset/advanced): ui interact(null, "main", /datum/tgui (/datum/tgui), 0, null, /datum/ui_state/default (/datum/ui_state/default))
[11:20:04]the tablet computer (/obj/item/device/modular_computer/tablet/preset/advanced): attack self(Luis Zadovsky (/mob/living/carbon/human))
[11:20:04]Luis Zadovsky (/mob/living/carbon/human): ClickOn(the tablet computer (/obj/item/device/modular_computer/tablet/preset/advanced), "icon-x=15;icon-y=24;left=1;scr...")
[11:20:04]the tablet computer (/obj/item/device/modular_computer/tablet/preset/advanced): Click(null, "mapwindow.map", "icon-x=15;icon-y=24;left=1;scr...")
runtime error: 
[11:20:06]Cannot read null.client
[11:20:06]proc name: open (/datum/tgui/proc/open)
[11:20:06]  source file: tgui.dm,87
[11:20:06]  usr: Luis Zadovsky (/mob/living/carbon/human)
[11:20:06]  src: /datum/tgui (/datum/tgui)
[11:20:06]  usr.loc: the floor (48,137,2) (/turf/open/floor/plasteel/white/corner)
[11:20:06]  call stack:
[11:20:06]/datum/tgui (/datum/tgui): open()
[11:20:06]the tablet computer (/obj/item/device/modular_computer/tablet/preset/advanced): ui interact(null, "main", /datum/tgui (/datum/tgui), 0, null, /datum/ui_state/default (/datum/ui_state/default))
[11:20:06]the tablet computer (/obj/item/device/modular_computer/tablet/preset/advanced): attack self(Luis Zadovsky (/mob/living/carbon/human))
[11:20:06]Luis Zadovsky (/mob/living/carbon/human): ClickOn(the tablet computer (/obj/item/device/modular_computer/tablet/preset/advanced), "icon-x=16;icon-y=15;left=1;scr...")
[11:20:06]the tablet computer (/obj/item/device/modular_computer/tablet/preset/advanced): Click(null, "mapwindow.map", "icon-x=16;icon-y=15;left=1;scr...")
runtime error: 
[11:29:02]nothing to animate
[11:29:02]proc name: shake camera (/proc/shake_camera)
[11:29:02]  source file: mob_helpers.dm,270
[11:29:02]  usr: (src)
[11:29:02]  src: null
[11:29:02]  call stack:
[11:29:02]shake camera(Eva (/mob/living/carbon/human), 0.75, 1)
[11:29:02]Eva (/mob/living/carbon/human): afterShuttleMove(space (23,18,13) (/turf/open/space/transit/west), /list (/list), 8, 8, 8, 0)
[11:29:02]Eva (/mob/living/carbon/human): afterShuttleMove(space (23,18,13) (/turf/open/space/transit/west), /list (/list), 8, 8, 8, 0)
[11:29:02]the arrivals shuttle (/obj/docking_port/mobile/arrivals): cleanup runway(the arrivals (/obj/docking_port/stationary), /list (/list), /list (/list), /list (/list), /list (/list), 0, 8, Space (/area/space), /turf/open/space/transit/west (/turf/open/space/transit/west), /turf/open/space (/turf/open/space))
[11:29:02]the arrivals shuttle (/obj/docking_port/mobile/arrivals): initiate docking(the arrivals (/obj/docking_port/stationary), 8, 0)
[11:29:02]the arrivals shuttle (/obj/docking_port/mobile/arrivals): initiate docking(the arrivals (/obj/docking_port/stationary), 8)
[11:29:02]the arrivals shuttle (/obj/docking_port/mobile/arrivals): check()
[11:29:02]the arrivals shuttle (/obj/docking_port/mobile/arrivals): check()
[11:29:02]Shuttle (/datum/controller/subsystem/shuttle): fire(0)
[11:29:02]Shuttle (/datum/controller/subsystem/shuttle): ignite(0)
runtime error: 
[11:33:15]nothing to animate
[11:33:15]proc name: shake camera (/proc/shake_camera)
[11:33:15]  source file: mob_helpers.dm,270
[11:33:15]  usr: (src)
[11:33:15]  src: null
[11:33:15]  call stack:
[11:33:15]shake camera(Patch-The-Hull (/mob/living/carbon/human), 0.75, 1)
[11:33:15]Patch-The-Hull (/mob/living/carbon/human): afterShuttleMove(space (18,20,13) (/turf/open/space/transit/west), /list (/list), 8, 8, 8, 0)
[11:33:15]Patch-The-Hull (/mob/living/carbon/human): afterShuttleMove(space (18,20,13) (/turf/open/space/transit/west), /list (/list), 8, 8, 8, 0)
[11:33:15]the arrivals shuttle (/obj/docking_port/mobile/arrivals): cleanup runway(the arrivals (/obj/docking_port/stationary), /list (/list), /list (/list), /list (/list), /list (/list), 0, 8, Space (/area/space), /turf/open/space/transit/west (/turf/open/space/transit/west), /turf/open/space (/turf/open/space))
[11:33:15]the arrivals shuttle (/obj/docking_port/mobile/arrivals): initiate docking(the arrivals (/obj/docking_port/stationary), 8, 0)
[11:33:15]the arrivals shuttle (/obj/docking_port/mobile/arrivals): initiate docking(the arrivals (/obj/docking_port/stationary), 8)
[11:33:15]the arrivals shuttle (/obj/docking_port/mobile/arrivals): check()
[11:33:15]the arrivals shuttle (/obj/docking_port/mobile/arrivals): check()
[11:33:15]Shuttle (/datum/controller/subsystem/shuttle): fire(0)
[11:33:15]Shuttle (/datum/controller/subsystem/shuttle): ignite(0)
runtime error: 
[11:37:51]nothing to animate
[11:37:51]proc name: shake camera (/proc/shake_camera)
[11:37:51]  source file: mob_helpers.dm,270
[11:37:51]  usr: (src)
[11:37:51]  src: null
[11:37:51]  call stack:
[11:37:51]shake camera(Patch-The-Hull (/mob/living/carbon/human), 0.75, 1)
[11:37:51]Patch-The-Hull (/mob/living/carbon/human): afterShuttleMove(space (206,145,2) (/turf/open/space), /list (/list), 4, 1, 2, 0)
[11:37:51]Patch-The-Hull (/mob/living/carbon/human): afterShuttleMove(space (206,145,2) (/turf/open/space), /list (/list), 4, 1, 2, 0)
[11:37:51]Box emergency shuttle (/obj/docking_port/mobile/emergency): cleanup runway(Transit for emergency/Box emer... (/obj/docking_port/stationary/transit), /list (/list), /list (/list), /list (/list), /list (/list), 0, 2, Space (/area/space), /turf/open/space (/turf/open/space), /turf/open/space (/turf/open/space))
[11:37:51]Box emergency shuttle (/obj/docking_port/mobile/emergency): initiate docking(Transit for emergency/Box emer... (/obj/docking_port/stationary/transit), 2, 0)
[11:37:51]Box emergency shuttle (/obj/docking_port/mobile/emergency): enterTransit()
[11:37:51]Box emergency shuttle (/obj/docking_port/mobile/emergency): check()
[11:37:51]Shuttle (/datum/controller/subsystem/shuttle): fire(0)
[11:37:51]Shuttle (/datum/controller/subsystem/shuttle): ignite(0)
runtime error: 
[11:39:53]nothing to animate
[11:39:53]proc name: shake camera (/proc/shake_camera)
[11:39:53]  source file: mob_helpers.dm,270
[11:39:53]  usr: (src)
[11:39:53]  src: null
[11:39:53]  call stack:
[11:39:53]shake camera(Jonathon Whirlow (/mob/living/carbon/human), 0.75, 1)
[11:39:53]Jonathon Whirlow (/mob/living/carbon/human): afterShuttleMove(space (177,32,13) (/turf/open/space/transit/north), /list (/list), 4, 1, 2, 270)
[11:39:53]Jonathon Whirlow (/mob/living/carbon/human): afterShuttleMove(space (177,32,13) (/turf/open/space/transit/north), /list (/list), 4, 1, 2, 270)
[11:39:53]Box emergency shuttle (/obj/docking_port/mobile/emergency): cleanup runway(Syndicate Auxillary Shuttle Do... (/obj/docking_port/stationary), /list (/list), /list (/list), /list (/list), /list (/list), 270, 2, Space (/area/space), /turf/open/space/transit/north (/turf/open/space/transit/north), /turf/open/space (/turf/open/space))
[11:39:53]Box emergency shuttle (/obj/docking_port/mobile/emergency): initiate docking(Syndicate Auxillary Shuttle Do... (/obj/docking_port/stationary), 2, 0)
[11:39:53]Box emergency shuttle (/obj/docking_port/mobile/emergency): dock id("emergency_syndicate")
[11:39:53]Box emergency shuttle (/obj/docking_port/mobile/emergency): check()
[11:39:53]Shuttle (/datum/controller/subsystem/shuttle): fire(0)
[11:39:53]Shuttle (/datum/controller/subsystem/shuttle): ignite(0)
runtime error: 
[11:39:53]nothing to animate
[11:39:53]proc name: shake camera (/proc/shake_camera)
[11:39:53]  source file: mob_helpers.dm,270
[11:39:53]  usr: (src)
[11:39:53]  src: null
[11:39:53]  call stack:
[11:39:53]shake camera(Nick Freeman (/mob/living/carbon/human), 0.75, 1)
[11:39:53]Nick Freeman (/mob/living/carbon/human): afterShuttleMove(space (178,32,13) (/turf/open/space/transit/north), /list (/list), 4, 1, 2, 270)
[11:39:53]Nick Freeman (/mob/living/carbon/human): afterShuttleMove(space (178,32,13) (/turf/open/space/transit/north), /list (/list), 4, 1, 2, 270)
[11:39:53]Box emergency shuttle (/obj/docking_port/mobile/emergency): cleanup runway(Syndicate Auxillary Shuttle Do... (/obj/docking_port/stationary), /list (/list), /list (/list), /list (/list), /list (/list), 270, 2, Space (/area/space), /turf/open/space/transit/north (/turf/open/space/transit/north), /turf/open/space (/turf/open/space))
[11:39:53]Box emergency shuttle (/obj/docking_port/mobile/emergency): initiate docking(Syndicate Auxillary Shuttle Do... (/obj/docking_port/stationary), 2, 0)
[11:39:53]Box emergency shuttle (/obj/docking_port/mobile/emergency): dock id("emergency_syndicate")
[11:39:53]Box emergency shuttle (/obj/docking_port/mobile/emergency): check()
[11:39:53]Shuttle (/datum/controller/subsystem/shuttle): fire(0)
[11:39:53]Shuttle (/datum/controller/subsystem/shuttle): ignite(0)
Saved 0 engraved messages on map BeeStation 1
Shutting down Persistence subsystem...
Shutting down pathfinder subsystem...
Shutting down Squeak subsystem...
Shutting down Shuttle subsystem...
Shutting down Lighting subsystem...
Shutting down XKeyScore subsystem...
Shutting down Sticky Ban subsystem...
Shutting down Overlay subsystem...
Shutting down Icon Smoothing subsystem...
Shutting down Assets subsystem...
Shutting down Minimap subsystem...
Shutting down Atmospherics subsystem...
Shutting down Wet floors subsystem...
Shutting down Weather subsystem...
Shutting down Vote subsystem...
Shutting down Traumas subsystem...
Shutting down Title Screen subsystem...
Shutting down Time Tracking subsystem...
Shutting down Throwing subsystem...
Shutting down tgui subsystem...
Shutting down Sun subsystem...
Shutting down Space Drift subsystem...
Shutting down Religion subsystem...
Shutting down Radio subsystem...
Shutting down Radiation subsystem...
Shutting down Projectiles subsystem...
Shutting down Processing subsystem...
Shutting down Parallax subsystem...
Shutting down pAI subsystem...
Shutting down Orbits subsystem...
Shutting down Objects subsystem...
Shutting down NPC Pool subsystem...
Shutting down Night Shift subsystem...
Shutting down Mood subsystem...
Shutting down Mobs subsystem...
Shutting down Medals subsystem...
Shutting down Inbounds subsystem...
Shutting down Idling NPC Pool subsystem...
Shutting down Flightpack Movement subsystem...
Shutting down Fire Burning subsystem...
Shutting down Fields subsystem...
Shutting down Fast Processing subsystem...
Shutting down Disease subsystem...
Shutting down Communications subsystem...
Shutting down Augury subsystem...
Shutting down Acid subsystem...
Shutting down Timer subsystem...
Shutting down Circuit subsystem...
Shutting down Machines subsystem...
Shutting down Language subsystem...
Shutting down Atoms subsystem...
Shutting down Networks subsystem...
Shutting down Mapping subsystem...
Shutting down Ticker subsystem...
Shutting down Traits subsystem...
Shutting down Jobs subsystem...
Shutting down Events subsystem...
Shutting down Research subsystem...
Shutting down Input subsystem...
Shutting down Server Tasks subsystem...
Shutting down Blackbox subsystem...
Shutting down Database subsystem...
Shutting down Garbage subsystem...
Shutdown complete
World rebooted at 11:41:33
