[2018-07-11 00:49:21.511] runtime error: bad index
[2018-07-11 00:49:21.511] proc name: Get (/datum/controller/configuration/proc/Get)
[2018-07-11 00:49:21.511]   source file: configuration.dm,175
[2018-07-11 00:49:21.511]   usr: null
[2018-07-11 00:49:21.511]   src: Configuration (/datum/controller/configuration)
[2018-07-11 00:49:21.511]   call stack:
[2018-07-11 00:49:21.511] Configuration (/datum/controller/configuration): Get(/datum/config_entry/flag/log_w... (/datum/config_entry/flag/log_world_topic))
[2018-07-11 00:49:21.511] world: Topic("status", "212.237.9.101", null, null)
[2018-07-11 00:49:21.511] 
[2018-07-11 00:49:21.512] runtime error: bad index
[2018-07-11 00:49:21.512] proc name: Get (/datum/controller/configuration/proc/Get)
[2018-07-11 00:49:21.512]   source file: configuration.dm,175
[2018-07-11 00:49:21.512]   usr: null
[2018-07-11 00:49:21.512]   src: Configuration (/datum/controller/configuration)
[2018-07-11 00:49:21.512]   call stack:
[2018-07-11 00:49:21.512] Configuration (/datum/controller/configuration): Get(/datum/config_entry/string/com... (/datum/config_entry/string/comms_key))
[2018-07-11 00:49:21.512] /datum/world_topic/status (/datum/world_topic/status): TryRun(/list (/list))
[2018-07-11 00:49:21.512] world: Topic("status", "212.237.9.101", null, null)
[2018-07-11 00:49:21.512] 
[2018-07-11 00:49:21.513] runtime error: bad index
[2018-07-11 00:49:21.513] proc name: Get (/datum/controller/configuration/proc/Get)
[2018-07-11 00:49:21.513]   source file: configuration.dm,175
[2018-07-11 00:49:21.513]   usr: null
[2018-07-11 00:49:21.513]   src: Configuration (/datum/controller/configuration)
[2018-07-11 00:49:21.513]   call stack:
[2018-07-11 00:49:21.513] Configuration (/datum/controller/configuration): Get(/datum/config_entry/flag/nores... (/datum/config_entry/flag/norespawn))
[2018-07-11 00:49:21.513] /datum/world_topic/status (/datum/world_topic/status): Run(/list (/list))
[2018-07-11 00:49:21.513] /datum/world_topic/status (/datum/world_topic/status): TryRun(/list (/list))
[2018-07-11 00:49:21.513] world: Topic("status", "212.237.9.101", null, null)
[2018-07-11 00:49:21.513] 
[2018-07-11 00:49:21.513] runtime error: bad index
[2018-07-11 00:49:21.513] proc name: Get (/datum/controller/configuration/proc/Get)
[2018-07-11 00:49:21.513]   source file: configuration.dm,175
[2018-07-11 00:49:21.513]   usr: null
[2018-07-11 00:49:21.513]   src: Configuration (/datum/controller/configuration)
[2018-07-11 00:49:21.513]   call stack:
[2018-07-11 00:49:21.513] Configuration (/datum/controller/configuration): Get(/datum/config_entry/flag/allow... (/datum/config_entry/flag/allow_vote_mode))
[2018-07-11 00:49:21.513] /datum/world_topic/status (/datum/world_topic/status): Run(/list (/list))
[2018-07-11 00:49:21.514] /datum/world_topic/status (/datum/world_topic/status): TryRun(/list (/list))
[2018-07-11 00:49:21.514] world: Topic("status", "212.237.9.101", null, null)
[2018-07-11 00:49:21.514] 
[2018-07-11 00:49:21.514] runtime error: bad index
[2018-07-11 00:49:21.514] proc name: Get (/datum/controller/configuration/proc/Get)
[2018-07-11 00:49:21.514]   source file: configuration.dm,175
[2018-07-11 00:49:21.514]   usr: null
[2018-07-11 00:49:21.514]   src: Configuration (/datum/controller/configuration)
[2018-07-11 00:49:21.514]   call stack:
[2018-07-11 00:49:21.514] Configuration (/datum/controller/configuration): Get(/datum/config_entry/flag/allow... (/datum/config_entry/flag/allow_ai))
[2018-07-11 00:49:21.514] /datum/world_topic/status (/datum/world_topic/status): Run(/list (/list))
[2018-07-11 00:49:21.514] /datum/world_topic/status (/datum/world_topic/status): TryRun(/list (/list))
[2018-07-11 00:49:21.514] world: Topic("status", "212.237.9.101", null, null)
[2018-07-11 00:49:21.514] 
[2018-07-11 00:49:21.515] runtime error: Cannot read null.commit
[2018-07-11 00:49:21.515] proc name: Run (/datum/world_topic/status/Run)
[2018-07-11 00:49:21.515]   source file: world_topic.dm,151
[2018-07-11 00:49:21.515]   usr: null
[2018-07-11 00:49:21.515]   src: /datum/world_topic/status (/datum/world_topic/status)
[2018-07-11 00:49:21.515]   call stack:
[2018-07-11 00:49:21.515] /datum/world_topic/status (/datum/world_topic/status): Run(/list (/list))
[2018-07-11 00:49:21.515] /datum/world_topic/status (/datum/world_topic/status): TryRun(/list (/list))
[2018-07-11 00:49:21.515] world: Topic("status", "212.237.9.101", null, null)
[2018-07-11 00:49:21.515] 
[2018-07-11 00:49:21.516] runtime error: bad index
[2018-07-11 00:49:21.516] proc name: Get (/datum/controller/configuration/proc/Get)
[2018-07-11 00:49:21.516]   source file: configuration.dm,175
[2018-07-11 00:49:21.516]   usr: null
[2018-07-11 00:49:21.516]   src: Configuration (/datum/controller/configuration)
[2018-07-11 00:49:21.516]   call stack:
[2018-07-11 00:49:21.516] Configuration (/datum/controller/configuration): Get(/datum/config_entry/flag/log_w... (/datum/config_entry/flag/log_world_topic))
[2018-07-11 00:49:21.516] world: Topic("status", "212.237.9.101", null, null)
[2018-07-11 00:49:21.516] 
[2018-07-11 00:49:21.517] runtime error: bad index
[2018-07-11 00:49:21.517] proc name: Get (/datum/controller/configuration/proc/Get)
[2018-07-11 00:49:21.517]   source file: configuration.dm,175
[2018-07-11 00:49:21.517]   usr: null
[2018-07-11 00:49:21.517]   src: Configuration (/datum/controller/configuration)
[2018-07-11 00:49:21.517]   call stack:
[2018-07-11 00:49:21.517] Configuration (/datum/controller/configuration): Get(/datum/config_entry/string/com... (/datum/config_entry/string/comms_key))
[2018-07-11 00:49:21.517] /datum/world_topic/status (/datum/world_topic/status): TryRun(/list (/list))
[2018-07-11 00:49:21.517] world: Topic("status", "212.237.9.101", null, null)
[2018-07-11 00:49:21.517] 
[2018-07-11 00:49:21.517] runtime error: bad index
[2018-07-11 00:49:21.517] proc name: Get (/datum/controller/configuration/proc/Get)
[2018-07-11 00:49:21.518]   source file: configuration.dm,175
[2018-07-11 00:49:21.518]   usr: null
[2018-07-11 00:49:21.518]   src: Configuration (/datum/controller/configuration)
[2018-07-11 00:49:21.518]   call stack:
[2018-07-11 00:49:21.518] Configuration (/datum/controller/configuration): Get(/datum/config_entry/flag/nores... (/datum/config_entry/flag/norespawn))
[2018-07-11 00:49:21.518] /datum/world_topic/status (/datum/world_topic/status): Run(/list (/list))
[2018-07-11 00:49:21.518] /datum/world_topic/status (/datum/world_topic/status): TryRun(/list (/list))
[2018-07-11 00:49:21.518] world: Topic("status", "212.237.9.101", null, null)
[2018-07-11 00:49:21.518] 
[2018-07-11 00:49:21.518] runtime error: bad index
[2018-07-11 00:49:21.518] proc name: Get (/datum/controller/configuration/proc/Get)
[2018-07-11 00:49:21.518]   source file: configuration.dm,175
[2018-07-11 00:49:21.518]   usr: null
[2018-07-11 00:49:21.518]   src: Configuration (/datum/controller/configuration)
[2018-07-11 00:49:21.518]   call stack:
[2018-07-11 00:49:21.518] Configuration (/datum/controller/configuration): Get(/datum/config_entry/flag/allow... (/datum/config_entry/flag/allow_vote_mode))
[2018-07-11 00:49:21.518] /datum/world_topic/status (/datum/world_topic/status): Run(/list (/list))
[2018-07-11 00:49:21.518] /datum/world_topic/status (/datum/world_topic/status): TryRun(/list (/list))
[2018-07-11 00:49:21.518] world: Topic("status", "212.237.9.101", null, null)
[2018-07-11 00:49:21.518] 
[2018-07-11 00:49:21.518] runtime error: bad index
[2018-07-11 00:49:21.518] proc name: Get (/datum/controller/configuration/proc/Get)
[2018-07-11 00:49:21.518]   source file: configuration.dm,175
[2018-07-11 00:49:21.518] 
[2018-07-11 00:49:21.519] runtime error: Cannot read null.commit
[2018-07-11 00:49:21.519] proc name: Run (/datum/world_topic/status/Run)
[2018-07-11 00:49:21.519]   source file: world_topic.dm,151
[2018-07-11 00:49:21.519] 
[2018-07-11 00:49:21.519] runtime error: bad index
[2018-07-11 00:49:21.519] proc name: Get (/datum/controller/configuration/proc/Get)
[2018-07-11 00:49:21.519]   source file: configuration.dm,175
[2018-07-11 00:49:21.519] 
[2018-07-11 00:49:21.519] runtime error: bad index
[2018-07-11 00:49:21.519] proc name: Get (/datum/controller/configuration/proc/Get)
[2018-07-11 00:49:21.519]   source file: configuration.dm,175
[2018-07-11 00:49:21.519] 
[2018-07-11 00:49:21.520] runtime error: bad index
[2018-07-11 00:49:21.520] proc name: Get (/datum/controller/configuration/proc/Get)
[2018-07-11 00:49:21.520]   source file: configuration.dm,175
[2018-07-11 00:49:21.520] 
[2018-07-11 00:49:21.520] runtime error: bad index
[2018-07-11 00:49:21.520] proc name: Get (/datum/controller/configuration/proc/Get)
[2018-07-11 00:49:21.520]   source file: configuration.dm,175
[2018-07-11 00:49:21.520] 
[2018-07-11 00:49:21.520] runtime error: bad index
[2018-07-11 00:49:21.520] proc name: Get (/datum/controller/configuration/proc/Get)
[2018-07-11 00:49:21.520]   source file: configuration.dm,175
[2018-07-11 00:49:21.520] 
[2018-07-11 00:49:21.520] runtime error: Cannot read null.commit
[2018-07-11 00:49:21.520] proc name: Run (/datum/world_topic/status/Run)
[2018-07-11 00:49:21.520]   source file: world_topic.dm,151
[2018-07-11 00:49:21.521] 
[2018-07-11 00:49:21.521] runtime error: bad index
[2018-07-11 00:49:21.521] proc name: Get (/datum/controller/configuration/proc/Get)
[2018-07-11 00:49:21.521]   source file: configuration.dm,175
[2018-07-11 00:49:21.521] 
[2018-07-11 00:49:21.521] runtime error: bad index
[2018-07-11 00:49:21.521] proc name: Get (/datum/controller/configuration/proc/Get)
[2018-07-11 00:49:21.521]   source file: configuration.dm,175
[2018-07-11 00:49:21.521] 
[2018-07-11 00:49:21.521] runtime error: bad index
[2018-07-11 00:49:21.521] proc name: Get (/datum/controller/configuration/proc/Get)
[2018-07-11 00:49:21.521]   source file: configuration.dm,175
[2018-07-11 00:49:21.521] 
[2018-07-11 00:49:21.522] runtime error: bad index
[2018-07-11 00:49:21.522] proc name: Get (/datum/controller/configuration/proc/Get)
[2018-07-11 00:49:21.522]   source file: configuration.dm,175
[2018-07-11 00:49:21.522] 
[2018-07-11 00:49:21.522] runtime error: bad index
[2018-07-11 00:49:21.522] proc name: Get (/datum/controller/configuration/proc/Get)
[2018-07-11 00:49:21.522]   source file: configuration.dm,175
[2018-07-11 00:49:21.522] 
[2018-07-11 00:49:21.522] runtime error: Cannot read null.commit
[2018-07-11 00:49:21.522] proc name: Run (/datum/world_topic/status/Run)
[2018-07-11 00:49:21.522]   source file: world_topic.dm,151
[2018-07-11 00:49:21.522] 
[2018-07-11 00:49:21.684] Running /tg/ revision:
[2018-07-11 00:49:21.685] 2dcab0eec41b83652b915eb8d643dd68ed8135b4: 2018-07-04
[2018-07-11 00:49:21.685] runtime error: list index out of bounds
[2018-07-11 00:49:21.685] proc name: New (/datum/getrev/New)
[2018-07-11 00:49:21.685]   source file: getrev.dm,18
[2018-07-11 00:49:21.685] 
[2018-07-11 00:49:21.695] Loading config file config.txt...
[2018-07-11 00:49:21.697] Loading config file game_options.txt...
[2018-07-11 00:49:21.699] Unknown setting in configuration: 'w##'
[2018-07-11 00:49:21.702] Failed to validate setting "DOUBLE_AGENTS 20" for min_pop
[2018-07-11 00:49:21.702] Failed to validate setting "DOUBLE_AGENTS -1" for max_pop
[2018-07-11 00:49:21.704] Loading config file dbconfig.txt...
[2018-07-11 00:49:21.705] Loading config file comms.txt...
[2018-07-11 00:49:21.707] Loading config file maps.txt...
[2018-07-11 00:49:21.940] Database connection established.
[2018-07-11 00:49:21.973] SQL: Could not get schema version from database
