

Starting up round ID 44. 00:07:22
---------------------
Initialized Blackbox subsystem within 0 seconds!
Initialized Server Tasks subsystem within 0 seconds!
Initialized Input subsystem within 0 seconds!
Initialized Research subsystem within 0.1 seconds!
Initialized Events subsystem within 0 seconds!
Initialized Jobs subsystem within 0 seconds!
Initialized Traits subsystem within 0 seconds!
Initialized Ticker subsystem within 0 seconds!
Loading Box Station...
Loaded Station in 6.6s!
Loaded Lavaland in 6.6s!
Loaded Reebe in 4.5s!
Ruin loader finished with 0 left to spend.
Ruin loader finished with 0 left to spend.
Initialized Mapping subsystem within 24.6 seconds!
Initialized Networks subsystem within 0 seconds!
Initialized Atoms subsystem within 41.6 seconds!
Initialized Language subsystem within 0 seconds!
Initialized Machines subsystem within 0.2 seconds!
Initialized Circuit subsystem within 0.1 seconds!
Initialized Disease subsystem within 0 seconds!
Initialized Medals subsystem within 0 seconds!
Initialized Night Shift subsystem within 0 seconds!
Initialized Weather subsystem within 0 seconds!
## WARNING: There are 9 active turfs at roundstart, this is a mapping error caused by a difference of the air between the adjacent turfs. You can see its coordinates using "Mapping -> Show roundstart AT list" verb (debug verbs required)
## WARNING: HEY! LISTEN! 1 second were wasted processing 9 turf(s) (connected to 21738 other turfs) with atmos differences at round start.
Initialized Atmospherics subsystem within 13.5 seconds!
Initialized Minimap subsystem within 0 seconds!
Initialized Assets subsystem within 0.9 seconds!
Initialized Icon Smoothing subsystem within 5.3 seconds!
Initialized Overlay subsystem within 16.5 seconds!
Initialized XKeyScore subsystem within 0 seconds!
Initialized Lighting subsystem within 12.3 seconds!
Initialized Shuttle subsystem within 21 seconds!
Initialized Squeak subsystem within 0 seconds!
Loaded 0 engraved messages on map Box Station
Initialized Persistence subsystem within 0.1 seconds!
Initializations complete within 136.5 seconds!
Game start took 4.5s
runtime error: 
[00:34:54]addtimer called with a callback assigned to a qdeleted object
[00:34:54]proc name: stack trace (/proc/stack_trace)
[00:34:54]  source file: unsorted.dm,1254
[00:34:54]  usr: (src)
[00:34:54]  src: null
[00:34:54]  call stack:
[00:34:54]stack trace("addtimer called with a callbac...")
[00:34:54]addtimer(/datum/callback (/datum/callback), 20, 0)
[00:34:54]/datum/effect_system/spark_spr... (/datum/effect_system/spark_spread): generate effect()
[00:34:54]world: ImmediateInvokeAsync(/datum/effect_system/spark_spr... (/datum/effect_system/spark_spread), /datum/effect_system/proc/gene... (/datum/effect_system/proc/generate_effect))
runtime error: 
[00:34:54]addtimer called with a callback assigned to a qdeleted object
[00:34:54]proc name: stack trace (/proc/stack_trace)
[00:34:54]  source file: unsorted.dm,1254
[00:34:54]  usr: (src)
[00:34:54]  src: null
[00:34:54]  call stack:
[00:34:54]stack trace("addtimer called with a callbac...")
[00:34:54]addtimer(/datum/callback (/datum/callback), 20, 0)
[00:34:54]/datum/effect_system/spark_spr... (/datum/effect_system/spark_spread): generate effect()
[00:34:54]world: ImmediateInvokeAsync(/datum/effect_system/spark_spr... (/datum/effect_system/spark_spread), /datum/effect_system/proc/gene... (/datum/effect_system/proc/generate_effect))
runtime error: 
[00:35:14]Cannot create objects of type null.
[00:35:14]proc name: add event (/datum/component/mood/proc/add_event)
[00:35:14]  source file: mood.dm,91
[00:35:14]  usr: null
[00:35:14]  src: /datum/component/mood (/datum/component/mood)
[00:35:14]  call stack:
[00:35:14]/datum/component/mood (/datum/component/mood): add event("embedded", null, null)
[00:35:14]the right arm (/obj/item/bodypart/r_arm): drop limb(null)
[00:35:14]the right arm (/obj/item/bodypart/r_arm): drop limb(null)
[00:35:14]the right arm (/obj/item/bodypart/r_arm): dismember("brute")
[00:35:14]Santiago Saylor (/mob/living/carbon/human): ex act(3, null, null)
[00:35:14]the floor (141,109,2) (/turf/open/floor/plasteel/white): contents explosion(3, null)
[00:35:14]the floor (141,109,2) (/turf/open/floor/plasteel/white): ex act(3, null)
[00:35:14]the floor (141,109,2) (/turf/open/floor/plasteel/white): ex act(3, null)
[00:35:14]/datum/explosion (/datum/explosion): New(the floor (141,109,2) (/turf/open/floor/plasteel/white), 0, 0, 1, 0, 1, 1, 0, 0, 1)
runtime error: 
[00:35:18]Cannot create objects of type null.
[00:35:18]proc name: add event (/datum/component/mood/proc/add_event)
[00:35:18]  source file: mood.dm,91
[00:35:18]  usr: null
[00:35:18]  src: /datum/component/mood (/datum/component/mood)
[00:35:18]  call stack:
[00:35:18]/datum/component/mood (/datum/component/mood): add event("embedded", null, null)
[00:35:18]the left leg (/obj/item/bodypart/l_leg): drop limb(null)
[00:35:18]the left leg (/obj/item/bodypart/l_leg): drop limb(null)
[00:35:18]the left leg (/obj/item/bodypart/l_leg): dismember("brute")
[00:35:18]Santiago Saylor (/mob/living/carbon/human): ex act(3, null, null)
[00:35:18]the floor (141,109,2) (/turf/open/floor/plasteel/white): contents explosion(3, null)
[00:35:18]the floor (141,109,2) (/turf/open/floor/plasteel/white): ex act(3, null)
[00:35:18]the floor (141,109,2) (/turf/open/floor/plasteel/white): ex act(3, null)
[00:35:18]/datum/explosion (/datum/explosion): New(the floor (141,109,2) (/turf/open/floor/plasteel/white), 0, 0, 1, 0, 1, 1, 0, 0, 1)
runtime error: 
[00:35:26]Cannot create objects of type null.
[00:35:26]proc name: add event (/datum/component/mood/proc/add_event)
[00:35:26]  source file: mood.dm,91
[00:35:26]  usr: null
[00:35:26]  src: /datum/component/mood (/datum/component/mood)
[00:35:26]  call stack:
[00:35:26]/datum/component/mood (/datum/component/mood): add event("embedded", null, null)
[00:35:26]the right leg (/obj/item/bodypart/r_leg): drop limb(null)
[00:35:26]the right leg (/obj/item/bodypart/r_leg): drop limb(null)
[00:35:26]the right leg (/obj/item/bodypart/r_leg): dismember("brute")
[00:35:26]Santiago Saylor (/mob/living/carbon/human): ex act(3, null, null)
[00:35:26]the floor (141,109,2) (/turf/open/floor/plasteel/white): contents explosion(3, null)
[00:35:26]the floor (141,109,2) (/turf/open/floor/plasteel/white): ex act(3, null)
[00:35:26]the floor (141,109,2) (/turf/open/floor/plasteel/white): ex act(3, null)
[00:35:26]/datum/explosion (/datum/explosion): New(the floor (141,109,2) (/turf/open/floor/plasteel/white), 0, 0, 1, 0, 1, 1, 0, 0, 1)
runtime error: 
[00:35:34]Cannot create objects of type null.
[00:35:34]proc name: add event (/datum/component/mood/proc/add_event)
[00:35:34]  source file: mood.dm,91
[00:35:34]  usr: null
[00:35:34]  src: /datum/component/mood (/datum/component/mood)
[00:35:34]  call stack:
[00:35:34]/datum/component/mood (/datum/component/mood): add event("embedded", null, null)
[00:35:34]the left arm (/obj/item/bodypart/l_arm): drop limb(null)
[00:35:34]the left arm (/obj/item/bodypart/l_arm): drop limb(null)
[00:35:34]the left arm (/obj/item/bodypart/l_arm): dismember("brute")
[00:35:34]Santiago Saylor (/mob/living/carbon/human): ex act(3, null, null)
[00:35:34]the floor (141,109,2) (/turf/open/floor/plasteel/white): contents explosion(3, null)
[00:35:34]the floor (141,109,2) (/turf/open/floor/plasteel/white): ex act(3, null)
[00:35:34]the floor (141,109,2) (/turf/open/floor/plasteel/white): ex act(3, null)
[00:35:34]/datum/explosion (/datum/explosion): New(the floor (141,109,2) (/turf/open/floor/plasteel/white), 0, 0, 1, 0, 1, 1, 0, 0, 1)
runtime error: 
[00:38:50]Cannot create objects of type null.
[00:38:50]proc name: add event (/datum/component/mood/proc/add_event)
[00:38:50]  source file: mood.dm,91
[00:38:50]  usr: null
[00:38:50]  src: /datum/component/mood (/datum/component/mood)
[00:38:50]  call stack:
[00:38:50]/datum/component/mood (/datum/component/mood): add event("embedded", null, null)
[00:38:50]the right leg (/obj/item/bodypart/r_leg): drop limb(null)
[00:38:50]the right leg (/obj/item/bodypart/r_leg): drop limb(null)
[00:38:50]the right leg (/obj/item/bodypart/r_leg): dismember("brute")
[00:38:50]Alisya Hill (/mob/living/carbon/human): ex act(3, null, null)
[00:38:50]the floor (141,109,2) (/turf/open/floor/plasteel/white): contents explosion(3, null)
[00:38:50]the floor (141,109,2) (/turf/open/floor/plasteel/white): ex act(3, null)
[00:38:50]the floor (141,109,2) (/turf/open/floor/plasteel/white): ex act(3, null)
[00:38:50]/datum/explosion (/datum/explosion): New(the floor (141,109,2) (/turf/open/floor/plasteel/white), 0, 0, 1, 0, 1, 1, 0, 0, 1)
runtime error: 
[00:38:54]Cannot create objects of type null.
[00:38:54]proc name: add event (/datum/component/mood/proc/add_event)
[00:38:54]  source file: mood.dm,91
[00:38:54]  usr: null
[00:38:54]  src: /datum/component/mood (/datum/component/mood)
[00:38:54]  call stack:
[00:38:54]/datum/component/mood (/datum/component/mood): add event("embedded", null, null)
[00:38:54]the left arm (/obj/item/bodypart/l_arm): drop limb(null)
[00:38:54]the left arm (/obj/item/bodypart/l_arm): drop limb(null)
[00:38:54]the left arm (/obj/item/bodypart/l_arm): dismember("brute")
[00:38:54]Alisya Hill (/mob/living/carbon/human): ex act(3, null, null)
[00:38:54]the floor (141,109,2) (/turf/open/floor/plasteel/white): contents explosion(3, null)
[00:38:54]the floor (141,109,2) (/turf/open/floor/plasteel/white): ex act(3, null)
[00:38:54]the floor (141,109,2) (/turf/open/floor/plasteel/white): ex act(3, null)
[00:38:54]/datum/explosion (/datum/explosion): New(the floor (141,109,2) (/turf/open/floor/plasteel/white), 0, 0, 1, 0, 1, 1, 0, 0, 1)
runtime error: 
[00:38:58]Cannot create objects of type null.
[00:38:58]proc name: add event (/datum/component/mood/proc/add_event)
[00:38:58]  source file: mood.dm,91
[00:38:58]  usr: null
[00:38:58]  src: /datum/component/mood (/datum/component/mood)
[00:38:58]  call stack:
[00:38:58]/datum/component/mood (/datum/component/mood): add event("embedded", null, null)
[00:38:58]the left leg (/obj/item/bodypart/l_leg): drop limb(null)
[00:38:58]the left leg (/obj/item/bodypart/l_leg): drop limb(null)
[00:38:58]the left leg (/obj/item/bodypart/l_leg): dismember("brute")
[00:38:58]Alisya Hill (/mob/living/carbon/human): ex act(3, null, null)
[00:38:58]/datum/explosion (/datum/explosion): New(the floor (141,109,2) (/turf/open/floor/plasteel/white), 0, 0, 1, 0, 1, 1, 0, 0, 1)
runtime error: 
[00:45:42]Cannot create objects of type null.
[00:45:42]proc name: add event (/datum/component/mood/proc/add_event)
[00:45:42]  source file: mood.dm,91
[00:45:42]  usr: Sakeeus-Schiavas (/mob/living/carbon/human)
[00:45:42]  src: /datum/component/mood (/datum/component/mood)
[00:45:42]  usr.loc: space (113,69,2) (/turf/open/space)
[00:45:42]  call stack:
[00:45:42]/datum/component/mood (/datum/component/mood): add event("embedded", null, null)
[00:45:42]Sakeeus-Schiavas\'s head (/obj/item/bodypart/head): drop limb(null)
[00:45:42]Sakeeus-Schiavas\'s head (/obj/item/bodypart/head): drop limb(null)
[00:45:42]Sakeeus-Schiavas (/mob/living/carbon/human): spread bodyparts(null, null)
[00:45:42]Sakeeus-Schiavas (/mob/living/carbon/human): gib(null, null, null)
[00:45:42]Sakeeus-Schiavas (/mob/living/carbon/human): gib(null, null, null)
[00:45:42]Sakeeus-Schiavas (/mob/living/carbon/human): ex act(1, null, null)
[00:45:42]space (113,69,2) (/turf/open/space): Entered(Sakeeus-Schiavas (/mob/living/carbon/human), the reinforced floor (113,70,2) (/turf/open/floor/engine))
[00:45:42]space (113,69,2) (/turf/open/space): Entered(Sakeeus-Schiavas (/mob/living/carbon/human), the reinforced floor (113,70,2) (/turf/open/floor/engine))
[00:45:42]space (113,69,2) (/turf/open/space): Entered(Sakeeus-Schiavas (/mob/living/carbon/human), the reinforced floor (113,70,2) (/turf/open/floor/engine))
[00:45:42]...
[00:45:42]Sakeeus-Schiavas (/mob/living/carbon/human): Move(space (113,69,2) (/turf/open/space), 2)
[00:45:42]Sakeeus-Schiavas (/mob/living/carbon/human): experience pressure difference(78.7747, 2, -40)
[00:45:42]Sakeeus-Schiavas (/mob/living/carbon/human): experience pressure difference(78.7747, 2, -40)
[00:45:42]Sakeeus-Schiavas (/mob/living/carbon/human): experience pressure difference(78.7747, 2)
[00:45:42]the reinforced floor (113,70,2) (/turf/open/floor/engine): high pressure movements()
[00:45:42]Atmospherics (/datum/controller/subsystem/air): process high pressure delta(0)
[00:45:42]Atmospherics (/datum/controller/subsystem/air): fire(0)
[00:45:42]Master (/datum/controller/master): RunQueue()
[00:45:42]Master (/datum/controller/master): StartProcessing(0)
runtime error: 
[00:45:42]Cannot create objects of type null.
[00:45:42]proc name: add event (/datum/component/mood/proc/add_event)
[00:45:42]  source file: mood.dm,91
[00:45:42]  usr: Sakeeus-Schiavas (/mob/living/carbon/human)
[00:45:42]  src: /datum/component/mood (/datum/component/mood)
[00:45:42]  usr.loc: space (113,69,2) (/turf/open/space)
[00:45:42]  call stack:
[00:45:42]/datum/component/mood (/datum/component/mood): add event("embedded", null, null)
[00:45:42]the left arm (/obj/item/bodypart/l_arm): drop limb(null)
[00:45:42]the left arm (/obj/item/bodypart/l_arm): drop limb(null)
[00:45:42]Sakeeus-Schiavas (/mob/living/carbon/human): spread bodyparts(null, null)
[00:45:42]Sakeeus-Schiavas (/mob/living/carbon/human): gib(null, null, null)
[00:45:42]Sakeeus-Schiavas (/mob/living/carbon/human): gib(null, null, null)
[00:45:42]Sakeeus-Schiavas (/mob/living/carbon/human): ex act(1, null, null)
[00:45:42]space (113,69,2) (/turf/open/space): Entered(Sakeeus-Schiavas (/mob/living/carbon/human), the reinforced floor (113,70,2) (/turf/open/floor/engine))
[00:45:42]space (113,69,2) (/turf/open/space): Entered(Sakeeus-Schiavas (/mob/living/carbon/human), the reinforced floor (113,70,2) (/turf/open/floor/engine))
[00:45:42]space (113,69,2) (/turf/open/space): Entered(Sakeeus-Schiavas (/mob/living/carbon/human), the reinforced floor (113,70,2) (/turf/open/floor/engine))
[00:45:42]...
[00:45:42]Sakeeus-Schiavas (/mob/living/carbon/human): Move(space (113,69,2) (/turf/open/space), 2)
[00:45:42]Sakeeus-Schiavas (/mob/living/carbon/human): experience pressure difference(78.7747, 2, -40)
[00:45:42]Sakeeus-Schiavas (/mob/living/carbon/human): experience pressure difference(78.7747, 2, -40)
[00:45:42]Sakeeus-Schiavas (/mob/living/carbon/human): experience pressure difference(78.7747, 2)
[00:45:42]the reinforced floor (113,70,2) (/turf/open/floor/engine): high pressure movements()
[00:45:42]Atmospherics (/datum/controller/subsystem/air): process high pressure delta(0)
[00:45:42]Atmospherics (/datum/controller/subsystem/air): fire(0)
[00:45:42]Master (/datum/controller/master): RunQueue()
[00:45:42]Master (/datum/controller/master): StartProcessing(0)
runtime error: 
[00:45:42]Cannot create objects of type null.
[00:45:42]proc name: add event (/datum/component/mood/proc/add_event)
[00:45:42]  source file: mood.dm,91
[00:45:42]  usr: Sakeeus-Schiavas (/mob/living/carbon/human)
[00:45:42]  src: /datum/component/mood (/datum/component/mood)
[00:45:42]  usr.loc: space (113,69,2) (/turf/open/space)
[00:45:42]  call stack:
[00:45:42]/datum/component/mood (/datum/component/mood): add event("embedded", null, null)
[00:45:42]the right arm (/obj/item/bodypart/r_arm): drop limb(null)
[00:45:42]the right arm (/obj/item/bodypart/r_arm): drop limb(null)
[00:45:42]Sakeeus-Schiavas (/mob/living/carbon/human): spread bodyparts(null, null)
[00:45:42]Sakeeus-Schiavas (/mob/living/carbon/human): gib(null, null, null)
[00:45:42]Sakeeus-Schiavas (/mob/living/carbon/human): gib(null, null, null)
[00:45:42]Sakeeus-Schiavas (/mob/living/carbon/human): ex act(1, null, null)
[00:45:42]space (113,69,2) (/turf/open/space): Entered(Sakeeus-Schiavas (/mob/living/carbon/human), the reinforced floor (113,70,2) (/turf/open/floor/engine))
[00:45:42]space (113,69,2) (/turf/open/space): Entered(Sakeeus-Schiavas (/mob/living/carbon/human), the reinforced floor (113,70,2) (/turf/open/floor/engine))
[00:45:42]space (113,69,2) (/turf/open/space): Entered(Sakeeus-Schiavas (/mob/living/carbon/human), the reinforced floor (113,70,2) (/turf/open/floor/engine))
[00:45:42]...
[00:45:42]Sakeeus-Schiavas (/mob/living/carbon/human): Move(space (113,69,2) (/turf/open/space), 2)
[00:45:42]Sakeeus-Schiavas (/mob/living/carbon/human): experience pressure difference(78.7747, 2, -40)
[00:45:42]Sakeeus-Schiavas (/mob/living/carbon/human): experience pressure difference(78.7747, 2, -40)
[00:45:42]Sakeeus-Schiavas (/mob/living/carbon/human): experience pressure difference(78.7747, 2)
[00:45:42]the reinforced floor (113,70,2) (/turf/open/floor/engine): high pressure movements()
[00:45:42]Atmospherics (/datum/controller/subsystem/air): process high pressure delta(0)
[00:45:42]Atmospherics (/datum/controller/subsystem/air): fire(0)
[00:45:42]Master (/datum/controller/master): RunQueue()
[00:45:42]Master (/datum/controller/master): StartProcessing(0)
runtime error: 
[00:45:42]Cannot create objects of type null.
[00:45:42]proc name: add event (/datum/component/mood/proc/add_event)
[00:45:42]  source file: mood.dm,91
[00:45:42]  usr: Sakeeus-Schiavas (/mob/living/carbon/human)
[00:45:42]  src: /datum/component/mood (/datum/component/mood)
[00:45:42]  usr.loc: space (113,69,2) (/turf/open/space)
[00:45:42]  call stack:
[00:45:42]/datum/component/mood (/datum/component/mood): add event("embedded", null, null)
[00:45:42]the right leg (/obj/item/bodypart/r_leg): drop limb(null)
[00:45:42]the right leg (/obj/item/bodypart/r_leg): drop limb(null)
[00:45:42]Sakeeus-Schiavas (/mob/living/carbon/human): spread bodyparts(null, null)
[00:45:42]Sakeeus-Schiavas (/mob/living/carbon/human): gib(null, null, null)
[00:45:42]Sakeeus-Schiavas (/mob/living/carbon/human): gib(null, null, null)
[00:45:42]Sakeeus-Schiavas (/mob/living/carbon/human): ex act(1, null, null)
[00:45:42]space (113,69,2) (/turf/open/space): Entered(Sakeeus-Schiavas (/mob/living/carbon/human), the reinforced floor (113,70,2) (/turf/open/floor/engine))
[00:45:42]space (113,69,2) (/turf/open/space): Entered(Sakeeus-Schiavas (/mob/living/carbon/human), the reinforced floor (113,70,2) (/turf/open/floor/engine))
[00:45:42]space (113,69,2) (/turf/open/space): Entered(Sakeeus-Schiavas (/mob/living/carbon/human), the reinforced floor (113,70,2) (/turf/open/floor/engine))
[00:45:42]...
[00:45:42]Sakeeus-Schiavas (/mob/living/carbon/human): Move(space (113,69,2) (/turf/open/space), 2)
[00:45:42]Sakeeus-Schiavas (/mob/living/carbon/human): experience pressure difference(78.7747, 2, -40)
[00:45:42]Sakeeus-Schiavas (/mob/living/carbon/human): experience pressure difference(78.7747, 2, -40)
[00:45:42]Sakeeus-Schiavas (/mob/living/carbon/human): experience pressure difference(78.7747, 2)
[00:45:42]the reinforced floor (113,70,2) (/turf/open/floor/engine): high pressure movements()
[00:45:42]Atmospherics (/datum/controller/subsystem/air): process high pressure delta(0)
[00:45:42]Atmospherics (/datum/controller/subsystem/air): fire(0)
[00:45:42]Master (/datum/controller/master): RunQueue()
[00:45:42]Master (/datum/controller/master): StartProcessing(0)
runtime error: 
[00:45:42]Cannot create objects of type null.
[00:45:42]proc name: add event (/datum/component/mood/proc/add_event)
[00:45:42]  source file: mood.dm,91
[00:45:42]  usr: Sakeeus-Schiavas (/mob/living/carbon/human)
[00:45:42]  src: /datum/component/mood (/datum/component/mood)
[00:45:42]  usr.loc: space (113,69,2) (/turf/open/space)
[00:45:42]  call stack:
[00:45:42]/datum/component/mood (/datum/component/mood): add event("embedded", null, null)
[00:45:42]the left leg (/obj/item/bodypart/l_leg): drop limb(null)
[00:45:42]the left leg (/obj/item/bodypart/l_leg): drop limb(null)
[00:45:42]Sakeeus-Schiavas (/mob/living/carbon/human): spread bodyparts(null, null)
[00:45:42]Sakeeus-Schiavas (/mob/living/carbon/human): gib(null, null, null)
[00:45:42]Sakeeus-Schiavas (/mob/living/carbon/human): gib(null, null, null)
[00:45:42]Sakeeus-Schiavas (/mob/living/carbon/human): ex act(1, null, null)
[00:45:42]space (113,69,2) (/turf/open/space): Entered(Sakeeus-Schiavas (/mob/living/carbon/human), the reinforced floor (113,70,2) (/turf/open/floor/engine))
[00:45:42]space (113,69,2) (/turf/open/space): Entered(Sakeeus-Schiavas (/mob/living/carbon/human), the reinforced floor (113,70,2) (/turf/open/floor/engine))
[00:45:42]space (113,69,2) (/turf/open/space): Entered(Sakeeus-Schiavas (/mob/living/carbon/human), the reinforced floor (113,70,2) (/turf/open/floor/engine))
[00:45:42]...
[00:45:42]Sakeeus-Schiavas (/mob/living/carbon/human): Move(space (113,69,2) (/turf/open/space), 2)
[00:45:42]Sakeeus-Schiavas (/mob/living/carbon/human): experience pressure difference(78.7747, 2, -40)
[00:45:42]Sakeeus-Schiavas (/mob/living/carbon/human): experience pressure difference(78.7747, 2, -40)
[00:45:42]Sakeeus-Schiavas (/mob/living/carbon/human): experience pressure difference(78.7747, 2)
[00:45:42]the reinforced floor (113,70,2) (/turf/open/floor/engine): high pressure movements()
[00:45:42]Atmospherics (/datum/controller/subsystem/air): process high pressure delta(0)
[00:45:42]Atmospherics (/datum/controller/subsystem/air): fire(0)
[00:45:42]Master (/datum/controller/master): RunQueue()
[00:45:42]Master (/datum/controller/master): StartProcessing(0)
runtime error: 
[00:45:42]Cannot read null.species
[00:45:42]proc name: mob negates gravity (/mob/living/carbon/human/mob_negates_gravity)
[00:45:42]  source file: human_movement.dm,26
[00:45:42]  usr: (src)
[00:45:42]  src: Sakeeus-Schiavas (/mob/living/carbon/human)
[00:45:42]  src.loc: null
[00:45:42]  call stack:
[00:45:42]Sakeeus-Schiavas (/mob/living/carbon/human): mob negates gravity()
[00:45:42]Sakeeus-Schiavas (/mob/living/carbon/human): mob has gravity()
[00:45:42]Sakeeus-Schiavas (/mob/living/carbon/human): Move(space (113,69,2) (/turf/open/space), 2)
[00:45:42]Sakeeus-Schiavas (/mob/living/carbon/human): Move(space (113,69,2) (/turf/open/space), 2)
[00:45:42]Sakeeus-Schiavas (/mob/living/carbon/human): experience pressure difference(78.7747, 2, -40)
[00:45:42]Sakeeus-Schiavas (/mob/living/carbon/human): experience pressure difference(78.7747, 2, -40)
[00:45:42]Sakeeus-Schiavas (/mob/living/carbon/human): experience pressure difference(78.7747, 2)
[00:45:42]the reinforced floor (113,70,2) (/turf/open/floor/engine): high pressure movements()
[00:45:42]Atmospherics (/datum/controller/subsystem/air): process high pressure delta(0)
[00:45:42]Atmospherics (/datum/controller/subsystem/air): fire(0)
[00:45:42]Atmospherics (/datum/controller/subsystem/air): ignite(1)
[00:45:42]Master (/datum/controller/master): RunQueue()
[00:45:42]Master (/datum/controller/master): Loop()
[00:45:42]Master (/datum/controller/master): StartProcessing(0)
runtime error: 
[00:45:42]Cannot read null.mutations
[00:45:42]proc name: Move (/mob/living/carbon/human/Move)
[00:45:42]  source file: human_movement.dm,30
[00:45:42]  usr: (src)
[00:45:42]  src: Sakeeus-Schiavas (/mob/living/carbon/human)
[00:45:42]  src.loc: null
[00:45:42]  call stack:
[00:45:42]Sakeeus-Schiavas (/mob/living/carbon/human): Move(space (113,69,2) (/turf/open/space), 2)
[00:45:42]Sakeeus-Schiavas (/mob/living/carbon/human): experience pressure difference(78.7747, 2, -40)
[00:45:42]Sakeeus-Schiavas (/mob/living/carbon/human): experience pressure difference(78.7747, 2, -40)
[00:45:42]Sakeeus-Schiavas (/mob/living/carbon/human): experience pressure difference(78.7747, 2)
[00:45:42]the reinforced floor (113,70,2) (/turf/open/floor/engine): high pressure movements()
[00:45:42]Atmospherics (/datum/controller/subsystem/air): process high pressure delta(0)
[00:45:42]Atmospherics (/datum/controller/subsystem/air): fire(0)
[00:45:42]Atmospherics (/datum/controller/subsystem/air): ignite(1)
[00:45:42]Master (/datum/controller/master): RunQueue()
[00:45:42]Master (/datum/controller/master): Loop()
[00:45:42]Master (/datum/controller/master): StartProcessing(0)
runtime error: 
[00:45:44]Component is missing a pipenet! Rebuilding...
runtime error: 
[00:46:00]Cannot create objects of type null.
[00:46:00]proc name: add event (/datum/component/mood/proc/add_event)
[00:46:00]  source file: mood.dm,91
[00:46:00]  usr: null
[00:46:00]  src: /datum/component/mood (/datum/component/mood)
[00:46:00]  call stack:
[00:46:00]/datum/component/mood (/datum/component/mood): add event("embedded", null, null)
[00:46:00]Guide McTutorial\'s head (/obj/item/bodypart/head): drop limb(null)
[00:46:00]Guide McTutorial\'s head (/obj/item/bodypart/head): drop limb(null)
[00:46:00]Guide McTutorial (/mob/living/carbon/human): spread bodyparts(null, null)
[00:46:00]Guide McTutorial (/mob/living/carbon/human): gib(null, null, null)
[00:46:00]Guide McTutorial (/mob/living/carbon/human): gib(null, null, null)
[00:46:00]Guide McTutorial (/mob/living/carbon/human): ex act(1, null, null)
[00:46:00]the floor (119,80,2) (/turf/open/floor/plasteel/vault): contents explosion(1, null)
[00:46:00]the floor (119,80,2) (/turf/open/floor/plasteel/vault): ex act(1, null)
[00:46:00]the floor (119,80,2) (/turf/open/floor/plasteel/vault): ex act(1, null)
[00:46:00]/datum/explosion (/datum/explosion): New(space (113,66,2) (/turf/open/space), 17.2152, 36.4305, 38.4305, 40.4305, 1, 1, 0, 0, 0)
runtime error: 
[00:46:00]Cannot create objects of type null.
[00:46:00]proc name: add event (/datum/component/mood/proc/add_event)
[00:46:00]  source file: mood.dm,91
[00:46:00]  usr: null
[00:46:00]  src: /datum/component/mood (/datum/component/mood)
[00:46:00]  call stack:
[00:46:00]/datum/component/mood (/datum/component/mood): add event("embedded", null, null)
[00:46:00]the right arm (/obj/item/bodypart/r_arm): drop limb(null)
[00:46:00]the right arm (/obj/item/bodypart/r_arm): drop limb(null)
[00:46:00]Guide McTutorial (/mob/living/carbon/human): spread bodyparts(null, null)
[00:46:00]Guide McTutorial (/mob/living/carbon/human): gib(null, null, null)
[00:46:00]Guide McTutorial (/mob/living/carbon/human): gib(null, null, null)
[00:46:00]Guide McTutorial (/mob/living/carbon/human): ex act(1, null, null)
[00:46:00]the floor (119,80,2) (/turf/open/floor/plasteel/vault): contents explosion(1, null)
[00:46:00]the floor (119,80,2) (/turf/open/floor/plasteel/vault): ex act(1, null)
[00:46:00]the floor (119,80,2) (/turf/open/floor/plasteel/vault): ex act(1, null)
[00:46:00]/datum/explosion (/datum/explosion): New(space (113,66,2) (/turf/open/space), 17.2152, 36.4305, 38.4305, 40.4305, 1, 1, 0, 0, 0)
runtime error: 
[00:46:00]Cannot create objects of type null.
[00:46:00]proc name: add event (/datum/component/mood/proc/add_event)
[00:46:00]  source file: mood.dm,91
runtime error: 
[00:46:00]Cannot create objects of type null.
[00:46:00]proc name: add event (/datum/component/mood/proc/add_event)
[00:46:00]  source file: mood.dm,91
runtime error: 
[00:46:00]Cannot create objects of type null.
[00:46:00]proc name: add event (/datum/component/mood/proc/add_event)
[00:46:00]  source file: mood.dm,91
runtime error: 
[00:46:01]Cannot read null.air
[00:46:01]proc name: return air (/obj/machinery/atmospherics/pipe/return_air)
[00:46:01]  source file: pipes.dm,60
runtime error: 
[00:46:01]Cannot read null.temperature
[00:46:01]proc name: process atmos (/obj/machinery/atmospherics/pipe/heat_exchanging/process_atmos)
[00:46:01]  source file: he_pipes.dm,42
runtime error: 
[00:46:01]Cannot read null.air
[00:46:01]proc name: return air (/obj/machinery/atmospherics/pipe/return_air)
[00:46:01]  source file: pipes.dm,60
runtime error: 
[00:46:01]Cannot read null.temperature
[00:46:01]proc name: process atmos (/obj/machinery/atmospherics/pipe/heat_exchanging/process_atmos)
[00:46:01]  source file: he_pipes.dm,42
runtime error: 
[00:46:01]Cannot read null.air
[00:46:01]proc name: return air (/obj/machinery/atmospherics/pipe/return_air)
[00:46:01]  source file: pipes.dm,60
runtime error: 
[00:46:01]Cannot read null.temperature
[00:46:01]proc name: process atmos (/obj/machinery/atmospherics/pipe/heat_exchanging/process_atmos)
[00:46:01]  source file: he_pipes.dm,42
runtime error: 
[00:46:01]Cannot read null.air
[00:46:01]proc name: return air (/obj/machinery/atmospherics/pipe/return_air)
[00:46:01]  source file: pipes.dm,60
runtime error: 
[00:46:01]Cannot read null.temperature
[00:46:01]proc name: process atmos (/obj/machinery/atmospherics/pipe/heat_exchanging/process_atmos)
[00:46:01]  source file: he_pipes.dm,42
runtime error: 
[00:46:09]addtimer called with a callback assigned to a qdeleted object
[00:46:09]proc name: stack trace (/proc/stack_trace)
[00:46:09]  source file: unsorted.dm,1254
runtime error: 
[00:46:09]addtimer called with a callback assigned to a qdeleted object
[00:46:09]proc name: stack trace (/proc/stack_trace)
[00:46:09]  source file: unsorted.dm,1254
Saved 0 engraved messages on map Box Station
Shutting down Persistence subsystem...
Shutting down pathfinder subsystem...
Shutting down Squeak subsystem...
Shutting down Shuttle subsystem...
Shutting down Lighting subsystem...
Shutting down XKeyScore subsystem...
Shutting down Sticky Ban subsystem...
Shutting down Overlay subsystem...
Shutting down Icon Smoothing subsystem...
Shutting down Assets subsystem...
Shutting down Minimap subsystem...
Shutting down Atmospherics subsystem...
Shutting down Weather subsystem...
Shutting down Vote subsystem...
Shutting down Traumas subsystem...
Shutting down Title Screen subsystem...
Shutting down Time Tracking subsystem...
Shutting down Throwing subsystem...
Shutting down tgui subsystem...
Shutting down Sun subsystem...
Shutting down Space Drift subsystem...
Shutting down Religion subsystem...
Shutting down Radio subsystem...
Shutting down Radiation subsystem...
Shutting down Projectiles subsystem...
Shutting down Processing subsystem...
Shutting down Parallax subsystem...
Shutting down pAI subsystem...
Shutting down Orbits subsystem...
Shutting down Objects subsystem...
Shutting down NPC Pool subsystem...
Shutting down Night Shift subsystem...
Shutting down Mood subsystem...
Shutting down Mobs subsystem...
Shutting down Medals subsystem...
Shutting down Inbounds subsystem...
Shutting down Idling NPC Pool subsystem...
Shutting down Flightpack Movement subsystem...
Shutting down Fire Burning subsystem...
Shutting down Fields subsystem...
Shutting down Fast Processing subsystem...
Shutting down Disease subsystem...
Shutting down Communications subsystem...
Shutting down Augury subsystem...
Shutting down Acid subsystem...
Shutting down Timer subsystem...
Shutting down Circuit subsystem...
Shutting down Machines subsystem...
Shutting down Language subsystem...
Shutting down Atoms subsystem...
Shutting down Networks subsystem...
Shutting down Mapping subsystem...
Shutting down Ticker subsystem...
Shutting down Traits subsystem...
Shutting down Jobs subsystem...
Shutting down Events subsystem...
Shutting down Research subsystem...
Shutting down Input subsystem...
Shutting down Server Tasks subsystem...
Shutting down Blackbox subsystem...
Shutting down Database subsystem...
Shutting down Garbage subsystem...
Shutdown complete
World rebooted at 00:48:17
