[2018-07-22 15:23:31.096] Starting up round ID 1676.
[2018-07-22 15:23:31.096] -------------------------
[2018-07-22 15:29:48.978] PDA: Infinitys true end/(Fixes-The-Station) (PDA: curator PDA) sent "can i be CE?" to Georgy Zhukov (Captain) (65,110,2)
[2018-07-22 15:30:02.843] PDA: PapaPutin/(Georgy Zhukov) (PDA: captain PDA) sent "Sure. come to HOP" to Fixes-The-Station (Curator) (104,167,2)
[2018-07-22 15:30:29.107] PDA: HaggisShuu/(Gragnir Grolob) (PDA: botanist PDA) sent "can i have some unstable mutagen plox?" to Eurosio Cuneillinio (Chief Medical Officer) (109,142,2)
[2018-07-22 15:30:41.056] PDA: Supe22/(Eurosio Cuneillinio) (PDA: chief medical officer PDA) sent "One sec." to Gragnir Grolob (Botanist) (112,123,2)
[2018-07-22 15:33:46.284] PDA: Supe22/(Eurosio Cuneillinio) (PDA: chief medical officer PDA) sent "Come and get your shit" to Gragnir Grolob (Botanist) (121,124,2)
[2018-07-22 15:37:01.096] PDA: BuckyBoy/(Beau Richards) (PDA: roboticist PDA) sent "I need resources" to Alec Cooper (Shaft Miner) (144,125,2)
[2018-07-22 16:10:08.155] PDA: Infinitys true end/(Fixes-The-Station) (PDA: curator PDA) sent "i need the fucking body" to Wicker Atmos (Atmospheric Technician) (141,98,2)
[2018-07-22 16:10:17.642] PDA: Wicker0/(Wicker Atmos) (PDA: atmospherics PDA) sent "Why?" to Fixes-The-Station (Chief Engineer) (151,90,2)
[2018-07-22 16:10:23.039] PDA: Infinitys true end/(Fixes-The-Station) (PDA: curator PDA) sent "i can revive him for his soul" to Wicker Atmos (Atmospheric Technician) (141,113,2)
[2018-07-22 16:10:29.254] PDA: Infinitys true end/(Fixes-The-Station) (PDA: curator PDA) sent "and make him a follower" to Wicker Atmos (Atmospheric Technician) (139,111,2)
[2018-07-22 16:10:33.514] PDA: Wicker0/(Wicker Atmos) (PDA: atmospherics PDA) sent "Fiiiiiine" to Fixes-The-Station (Chief Engineer) (151,90,2)
[2018-07-22 16:10:36.816] PDA: Infinitys true end/(Fixes-The-Station) (PDA: curator PDA) sent "bring to atmos" to Wicker Atmos (Atmospheric Technician) (129,111,2)
[2018-07-22 16:10:51.157] PDA: Wicker0/(Wicker Atmos) (PDA: atmospherics PDA) sent "Problem, he may be dead" to Fixes-The-Station (Chief Engineer) (151,90,2)
[2018-07-22 16:10:55.710] PDA: Infinitys true end/(Fixes-The-Station) (PDA: curator PDA) sent "exactly" to Wicker Atmos (Atmospheric Technician) (141,102,2)
[2018-07-22 16:11:00.265] PDA: Infinitys true end/(Fixes-The-Station) (PDA: curator PDA) sent "i revive him at the cost of his soul" to Wicker Atmos (Atmospheric Technician) (141,102,2)
[2018-07-22 16:24:03.059] PDA: Arrfur/(Thinks-He's-Lizzzard) (PDA: scientist PDA) sent "Who are you? lucifer or some shit" to Fixes-The-Station (Chief Engineer) (127,142,2)
[2018-07-22 16:24:07.118] PDA: Infinitys true end/(Fixes-The-Station) (PDA: curator PDA) sent "yes" to Thinks-He's-Lizzzard (Scientist) (87,167,2)
[2018-07-22 16:24:15.905] PDA: Infinitys true end/(Fixes-The-Station) (PDA: curator PDA) sent "sell me yer soul for magical powers n shit" to Thinks-He's-Lizzzard (Scientist) (87,167,2)
[2018-07-22 16:24:23.993] PDA: Arrfur/(Thinks-He's-Lizzzard) (PDA: scientist PDA) sent "oke sure" to Fixes-The-Station (Chief Engineer) (127,142,2)
[2018-07-22 16:24:32.630] PDA: Infinitys true end/(Fixes-The-Station) (PDA: curator PDA) sent "come to sci" to Thinks-He's-Lizzzard (Scientist) (117,156,2)
[2018-07-22 16:24:52.591] PDA: HaggisShuu/(Gragnir Grolob) (PDA: botanist PDA) sent "i don&#39;t have a beaker, just put some into bottles" to Finds-The-Path (Chemist) (109,140,2)
[2018-07-22 16:25:00.557] PDA: Arrfur/(Thinks-He's-Lizzzard) (PDA: scientist PDA) sent "am sci" to Fixes-The-Station (Chief Engineer) (138,122,2)
[2018-07-22 16:26:03.926] PDA: Arrfur/(Thinks-He's-Lizzzard) (PDA: scientist PDA) sent "b r o d i e whats wrong :      ^ (" to Fixes-The-Station (Chief Engineer) (140,120,2)
[2018-07-22 16:27:58.823] PDA: Arrfur/(Thinks-He's-Lizzzard) (PDA: scientist PDA) sent "Im waiting at sci my dood" to Fixes-The-Station (Chief Engineer) (140,121,2)
[2018-07-22 16:28:17.600] PDA: Arrfur/(Thinks-He's-Lizzzard) (PDA: scientist PDA) sent "I just wanna be a magician" to Fixes-The-Station (Chief Engineer) (140,121,2)
[2018-07-22 16:30:33.911] PDA: AsciiSquid/(Finds-The-Path) (PDA: chemist PDA) sent "I&#39;ll take that offer now, hit me up with that magic" to Fixes-The-Station (Chief Engineer) (138,127,2)
[2018-07-22 16:45:40.172] PDA: Unoriginal.exe/(Silence) (PDA: mime PDA) sent "I WANNA BE A SLIME TOO" to Thinks-He's-Lizzzard (Scientist) (126,141,2)
[2018-07-22 16:48:03.824] PDA: Unoriginal.exe/(Silence) (PDA: mime PDA) sent "We hide both" to Eurosio Cuneillinio (Chief Medical Officer) (116,122,2)
[2018-07-22 16:49:25.826] PDA: Unoriginal.exe/(Silence) (PDA: mime PDA) sent "Can you let me in?" to Gragnir Grolob (Botanist) (108,137,2)
[2018-07-22 16:49:33.321] PDA: HaggisShuu/(Gragnir Grolob) (PDA: botanist PDA) sent "what for?" to Silence (Mime) (103,146,2)
[2018-07-22 16:49:51.871] PDA: Unoriginal.exe/(Silence) (PDA: mime PDA) sent "Food" to Gragnir Grolob (Botanist) (106,137,2)
[2018-07-22 16:49:57.760] PDA: HaggisShuu/(Gragnir Grolob) (PDA: botanist PDA) sent "oh nice" to Silence (Mime) (106,139,2)
[2018-07-22 16:50:06.534] PDA: Unoriginal.exe/(Silence) (PDA: mime PDA) sent "many thanks" to Gragnir Grolob (Botanist) (112,133,2)
[2018-07-22 16:53:16.322] PDA: Unoriginal.exe/(Silence) (PDA: mime PDA) sent "Hi" to Georgy Zhukov (Captain) (133,135,2)
[2018-07-22 16:53:45.448] PDA: Unoriginal.exe/(Silence) (PDA: mime PDA) sent "ASHDRAKE!!!" to Eurosio Cuneillinio (Chief Medical Officer) (128,128,2)
[2018-07-22 16:53:49.540] PDA: Supe22/(Eurosio Cuneillinio) (PDA: chief medical officer PDA) sent "Fuck" to Silence (Mime) (131,138,2)
[2018-07-22 16:54:47.632] PDA: Unoriginal.exe/(Silence) (PDA: mime PDA) sent "I need a baseball bat" to Gragnir Grolob (Botanist) (108,138,2)
[2018-07-22 16:55:25.121] PDA: HaggisShuu/(Gragnir Grolob) (PDA: botanist PDA) sent "gimmie a while" to Silence (Mime) (100,136,2)
[2018-07-22 16:55:36.224] PDA: Unoriginal.exe/(Silence) (PDA: mime PDA) sent "Nevermind" to Gragnir Grolob (Botanist) (119,139,2)
[2018-07-22 16:55:42.472] PDA: Unoriginal.exe/(Silence) (PDA: mime PDA) sent "I got a knife" to Gragnir Grolob (Botanist) (120,139,2)
[2018-07-22 17:06:59.754] PDA: Unoriginal.exe/(Silence) (PDA: mime PDA) sent "Hi" to Merchant Guard (CentCom Official) (116,121,2)
[2018-07-22 17:07:17.738] PDA: Unoriginal.exe/(Silence) (PDA: mime PDA) sent "I need a bicaridine injection please" to Eurosio Cuneillinio (Chief Medical Officer) (116,121,2)
[2018-07-22 17:07:24.787] PDA: Supe22/(Eurosio Cuneillinio) (PDA: chief medical officer PDA) sent "Come to escape" to Silence (Mime) (72,147,2)
[2018-07-22 17:08:38.336] PDA: Unoriginal.exe/(Silence) (PDA: mime PDA) sent "Woah" to Eurosio Cuneillinio (Chief Medical Officer) (75,146,2)
