

Starting up round ID 102. 18:22:56
---------------------
Initialized Blackbox subsystem within 0 seconds!
Initialized Server Tasks subsystem within 0 seconds!
Initialized Input subsystem within 0 seconds!
Initialized Research subsystem within 0.1 seconds!
Initialized Events subsystem within 0 seconds!
Initialized Jobs subsystem within 0 seconds!
Initialized Traits subsystem within 0 seconds!
Initialized Ticker subsystem within 0 seconds!
Loading Box Station...
Loaded Station in 5.3s!
runtime error: 
[18:23:09]Cannot modify null.active.
[18:23:09]proc name: AIize (/mob/proc/AIize)
[18:23:09]  source file: transform_procs.dm,348
[18:23:09]  usr: Cscottburgess (/mob/dead/new_player)
[18:23:09]  src: Mateo Singh (/mob/living/carbon/human/dummy)
[18:23:09]  usr.loc: the plating (8,174,1) (/turf/open/floor/plating)
[18:23:09]  src.loc: null
[18:23:09]  call stack:
[18:23:09]Mateo Singh (/mob/living/carbon/human/dummy): AIize(0)
[18:23:09]Mateo Singh (/mob/living/carbon/human/dummy): AIize(0)
[18:23:09]Mateo Singh (/mob/living/carbon/human/dummy): AIize(0)
[18:23:09]/datum/job/ai (/datum/job/ai): equip(Mateo Singh (/mob/living/carbon/human/dummy), 1)
[18:23:09]/datum/preferences (/datum/preferences): update preview icon()
[18:23:09]/datum/preferences (/datum/preferences): ShowChoices(Cscottburgess (/mob/dead/new_player))
[18:23:09]Cscottburgess (/mob/dead/new_player): Topic("src=\[mob_19];show_preferences...", /list (/list))
[18:23:09]Cscottburgess (/client): Topic("src=\[mob_19];show_preferences...", /list (/list), Cscottburgess (/mob/dead/new_player))
[18:23:09]Cscottburgess (/client): Topic("src=\[mob_19];show_preferences...", /list (/list), Cscottburgess (/mob/dead/new_player))
Loaded Lavaland in 4.9s!
Loaded Reebe in 4.1s!
Ruin loader finished with 0 left to spend.
Ruin loader finished with 0 left to spend.
Initialized Mapping subsystem within 21.9 seconds!
Initialized Networks subsystem within 0 seconds!
Initialized Atoms subsystem within 40.6 seconds!
Initialized Language subsystem within 0 seconds!
Initialized Machines subsystem within 0.3 seconds!
Initialized Circuit subsystem within 0.1 seconds!
Initialized Disease subsystem within 0 seconds!
Initialized Medals subsystem within 0 seconds!
Initialized Night Shift subsystem within 0 seconds!
Initialized Weather subsystem within 0 seconds!
## WARNING: There are 19 active turfs at roundstart, this is a mapping error caused by a difference of the air between the adjacent turfs. You can see its coordinates using "Mapping -> Show roundstart AT list" verb (debug verbs required)
## WARNING: HEY! LISTEN! 0.8 seconds were wasted processing 19 turf(s) (connected to 18366 other turfs) with atmos differences at round start.
Initialized Atmospherics subsystem within 13.6 seconds!
Initialized Minimap subsystem within 0 seconds!
Initialized Assets subsystem within 0.9 seconds!
Initialized Icon Smoothing subsystem within 5.5 seconds!
Initialized Overlay subsystem within 17.6 seconds!
Initialized XKeyScore subsystem within 0 seconds!
Initialized Lighting subsystem within 12.1 seconds!
Initialized Shuttle subsystem within 22.6 seconds!
Initialized Squeak subsystem within 0.1 seconds!
Loaded 0 engraved messages on map Box Station
Initialized Persistence subsystem within 0 seconds!
Initializations complete within 135.6 seconds!
runtime error: 
[18:25:57]Cannot read null.client
[18:25:57]proc name: remove from client (/datum/action/vote/proc/remove_from_client)
[18:25:57]  source file: vote.dm,321
[18:25:57]  usr: null
[18:25:57]  src: Vote! (/datum/action/vote)
[18:25:57]  call stack:
[18:25:57]Vote! (/datum/action/vote): remove from client()
[18:25:57]Vote (/datum/controller/subsystem/vote): remove action buttons()
[18:25:57]Vote (/datum/controller/subsystem/vote): announce result()
[18:25:57]Vote (/datum/controller/subsystem/vote): result()
[18:25:57]Vote (/datum/controller/subsystem/vote): fire(0)
[18:25:57]Vote (/datum/controller/subsystem/vote): ignite(0)
[18:25:57]Master (/datum/controller/master): RunQueue()
[18:25:57]Master (/datum/controller/master): Loop()
[18:25:57]Master (/datum/controller/master): StartProcessing(0)
runtime error: 
[18:25:57]Cannot read null.client
[18:25:57]proc name: remove from client (/datum/action/vote/proc/remove_from_client)
[18:25:57]  source file: vote.dm,321
[18:25:57]  usr: null
[18:25:57]  src: Vote! (/datum/action/vote)
[18:25:57]  call stack:
[18:25:57]Vote! (/datum/action/vote): remove from client()
[18:25:57]Vote (/datum/controller/subsystem/vote): remove action buttons()
[18:25:57]Vote (/datum/controller/subsystem/vote): announce result()
[18:25:57]Vote (/datum/controller/subsystem/vote): result()
[18:25:57]Vote (/datum/controller/subsystem/vote): fire(0)
[18:25:57]Vote (/datum/controller/subsystem/vote): ignite(0)
[18:25:57]Master (/datum/controller/master): RunQueue()
[18:25:57]Master (/datum/controller/master): Loop()
[18:25:57]Master (/datum/controller/master): StartProcessing(0)
runtime error: 
[18:25:57]Cannot read null.client
[18:25:57]proc name: remove from client (/datum/action/vote/proc/remove_from_client)
[18:25:57]  source file: vote.dm,321
[18:25:57]  usr: null
[18:25:57]  src: Vote! (/datum/action/vote)
[18:25:57]  call stack:
[18:25:57]Vote! (/datum/action/vote): remove from client()
[18:25:57]Vote (/datum/controller/subsystem/vote): remove action buttons()
[18:25:57]Vote (/datum/controller/subsystem/vote): announce result()
[18:25:57]Vote (/datum/controller/subsystem/vote): result()
[18:25:57]Vote (/datum/controller/subsystem/vote): fire(0)
[18:25:57]Vote (/datum/controller/subsystem/vote): ignite(0)
[18:25:57]Master (/datum/controller/master): RunQueue()
[18:25:57]Master (/datum/controller/master): Loop()
[18:25:57]Master (/datum/controller/master): StartProcessing(0)
Game start took 12.6s
## WARNING: build_pipeline(): /obj/machinery/atmospherics/pipe/simple/scrubbers/hidden added to a pipenet while still having one. (pipes leading to the same spot stacking in one turf) Nearby: (191, 136, 2)
## WARNING: build_pipeline(): /obj/machinery/atmospherics/pipe/manifold4w/scrubbers/hidden added to a pipenet while still having one. (pipes leading to the same spot stacking in one turf) Nearby: (191, 134, 2)
## WARNING: build_pipeline(): /obj/machinery/atmospherics/pipe/simple/scrubbers/hidden added to a pipenet while still having one. (pipes leading to the same spot stacking in one turf) Nearby: (191, 137, 2)
## WARNING: build_pipeline(): /obj/machinery/atmospherics/pipe/simple/scrubbers/hidden added to a pipenet while still having one. (pipes leading to the same spot stacking in one turf) Nearby: (191, 133, 2)
## WARNING: build_pipeline(): /obj/machinery/atmospherics/pipe/simple/scrubbers/hidden added to a pipenet while still having one. (pipes leading to the same spot stacking in one turf) Nearby: (190, 134, 2)
## WARNING: build_pipeline(): /obj/machinery/atmospherics/pipe/simple/scrubbers/hidden added to a pipenet while still having one. (pipes leading to the same spot stacking in one turf) Nearby: (191, 138, 2)
## WARNING: build_pipeline(): /obj/machinery/atmospherics/pipe/simple/scrubbers/hidden added to a pipenet while still having one. (pipes leading to the same spot stacking in one turf) Nearby: (191, 132, 2)
## WARNING: build_pipeline(): /obj/machinery/atmospherics/pipe/simple/scrubbers/hidden added to a pipenet while still having one. (pipes leading to the same spot stacking in one turf) Nearby: (189, 134, 2)
## WARNING: build_pipeline(): /obj/machinery/atmospherics/pipe/simple/scrubbers/hidden added to a pipenet while still having one. (pipes leading to the same spot stacking in one turf) Nearby: (191, 139, 2)
## WARNING: build_pipeline(): /obj/machinery/atmospherics/pipe/simple/scrubbers/hidden added to a pipenet while still having one. (pipes leading to the same spot stacking in one turf) Nearby: (191, 131, 2)
## WARNING: build_pipeline(): further messages about pipenets will be supressed
runtime error: 
[18:53:04]Cannot read null.parents
[18:53:04]proc name: returnPipenet (/obj/machinery/atmospherics/components/returnPipenet)
[18:53:04]  source file: components_base.dm,91
[18:53:04]  usr: Retired (/mob/living/silicon/robot)
[18:53:04]  src: the Escape Shuttle Hallway air... (/obj/machinery/atmospherics/components/unary/vent_scrubber)
[18:53:04]  usr.loc: the floor (196,134,2) (/turf/open/floor/plasteel)
[18:53:04]  src.loc: the floor (196,134,2) (/turf/open/floor/plasteel)
[18:53:04]  call stack:
[18:53:04]the Escape Shuttle Hallway air... (/obj/machinery/atmospherics/components/unary/vent_scrubber): returnPipenet(the pipe (/obj/machinery/atmospherics/pipe/simple))
[18:53:04]the Escape Shuttle Hallway air... (/obj/machinery/atmospherics/components/unary/vent_scrubber): addMember(the pipe (/obj/machinery/atmospherics/pipe/simple))
[18:53:04]the pipe (/obj/machinery/atmospherics/pipe/simple): on construction("#ff0000", 2)
[18:53:04]the pipe fitting (/obj/item/pipe/binary/bendable): wrench act(Retired (/mob/living/silicon/robot), the automatic wrench (/obj/item/wrench/cyborg))
[18:53:04]the pipe fitting (/obj/item/pipe/binary/bendable): tool act(Retired (/mob/living/silicon/robot), the automatic wrench (/obj/item/wrench/cyborg), "wrench")
[18:53:04]the automatic wrench (/obj/item/wrench/cyborg): tool attack chain(Retired (/mob/living/silicon/robot), the pipe fitting (/obj/item/pipe/binary/bendable))
[18:53:04]the automatic wrench (/obj/item/wrench/cyborg): melee attack chain(Retired (/mob/living/silicon/robot), the pipe fitting (/obj/item/pipe/binary/bendable), "icon-x=15;icon-y=16;left=1;scr...")
[18:53:04]Retired (/mob/living/silicon/robot): ClickOn(the pipe fitting (/obj/item/pipe/binary/bendable), "icon-x=15;icon-y=16;left=1;scr...")
[18:53:04]the pipe fitting (/obj/item/pipe/binary/bendable): Click(the plating (196,133,2) (/turf/open/floor/plating), "mapwindow.map", "icon-x=15;icon-y=16;left=1;scr...")
runtime error: 
[18:53:04]Cannot execute null.addMember().
[18:53:04]proc name: addMember (/obj/machinery/atmospherics/components/addMember)
[18:53:04]  source file: datum_pipeline.dm,130
[18:53:04]  usr: Retired (/mob/living/silicon/robot)
[18:53:04]  src: the Escape Shuttle Hallway air... (/obj/machinery/atmospherics/components/unary/vent_scrubber)
[18:53:04]  usr.loc: the floor (196,134,2) (/turf/open/floor/plasteel)
[18:53:04]  src.loc: the floor (196,134,2) (/turf/open/floor/plasteel)
[18:53:04]  call stack:
[18:53:04]the Escape Shuttle Hallway air... (/obj/machinery/atmospherics/components/unary/vent_scrubber): addMember(the pipe (/obj/machinery/atmospherics/pipe/simple))
[18:53:04]the pipe (/obj/machinery/atmospherics/pipe/simple): on construction("#ff0000", 2)
[18:53:04]the pipe fitting (/obj/item/pipe/binary/bendable): wrench act(Retired (/mob/living/silicon/robot), the automatic wrench (/obj/item/wrench/cyborg))
[18:53:04]the pipe fitting (/obj/item/pipe/binary/bendable): tool act(Retired (/mob/living/silicon/robot), the automatic wrench (/obj/item/wrench/cyborg), "wrench")
[18:53:04]the automatic wrench (/obj/item/wrench/cyborg): tool attack chain(Retired (/mob/living/silicon/robot), the pipe fitting (/obj/item/pipe/binary/bendable))
[18:53:04]the automatic wrench (/obj/item/wrench/cyborg): melee attack chain(Retired (/mob/living/silicon/robot), the pipe fitting (/obj/item/pipe/binary/bendable), "icon-x=15;icon-y=16;left=1;scr...")
[18:53:04]Retired (/mob/living/silicon/robot): ClickOn(the pipe fitting (/obj/item/pipe/binary/bendable), "icon-x=15;icon-y=16;left=1;scr...")
[18:53:04]the pipe fitting (/obj/item/pipe/binary/bendable): Click(the plating (196,133,2) (/turf/open/floor/plating), "mapwindow.map", "icon-x=15;icon-y=16;left=1;scr...")
runtime error: 
[18:57:38]Cannot read null.parents
[18:57:38]proc name: returnPipenet (/obj/machinery/atmospherics/components/returnPipenet)
[18:57:38]  source file: components_base.dm,91
[18:57:38]  usr: Retired (/mob/living/silicon/robot)
[18:57:38]  src: the Escape Shuttle Hallway ven... (/obj/machinery/atmospherics/components/unary/vent_pump)
[18:57:38]  usr.loc: the floor (196,133,2) (/turf/open/floor/plasteel)
[18:57:38]  src.loc: the floor (197,134,2) (/turf/open/floor/plasteel)
[18:57:38]  call stack:
[18:57:38]the Escape Shuttle Hallway ven... (/obj/machinery/atmospherics/components/unary/vent_pump): returnPipenet(the pipe (/obj/machinery/atmospherics/pipe/simple))
[18:57:38]the Escape Shuttle Hallway ven... (/obj/machinery/atmospherics/components/unary/vent_pump): addMember(the pipe (/obj/machinery/atmospherics/pipe/simple))
[18:57:38]the pipe (/obj/machinery/atmospherics/pipe/simple): on construction("#0000ff", 2)
[18:57:38]the pipe fitting (/obj/item/pipe/binary/bendable): wrench act(Retired (/mob/living/silicon/robot), the automatic wrench (/obj/item/wrench/cyborg))
[18:57:38]the pipe fitting (/obj/item/pipe/binary/bendable): tool act(Retired (/mob/living/silicon/robot), the automatic wrench (/obj/item/wrench/cyborg), "wrench")
[18:57:38]the automatic wrench (/obj/item/wrench/cyborg): tool attack chain(Retired (/mob/living/silicon/robot), the pipe fitting (/obj/item/pipe/binary/bendable))
[18:57:38]the automatic wrench (/obj/item/wrench/cyborg): melee attack chain(Retired (/mob/living/silicon/robot), the pipe fitting (/obj/item/pipe/binary/bendable), "icon-x=16;icon-y=12;left=1;scr...")
[18:57:38]Retired (/mob/living/silicon/robot): ClickOn(the pipe fitting (/obj/item/pipe/binary/bendable), "icon-x=16;icon-y=12;left=1;scr...")
[18:57:38]the pipe fitting (/obj/item/pipe/binary/bendable): Click(the plating (197,133,2) (/turf/open/floor/plating), "mapwindow.map", "icon-x=16;icon-y=12;left=1;scr...")
runtime error: 
[18:57:38]Cannot execute null.addMember().
[18:57:38]proc name: addMember (/obj/machinery/atmospherics/components/addMember)
[18:57:38]  source file: datum_pipeline.dm,130
[18:57:38]  usr: Retired (/mob/living/silicon/robot)
[18:57:38]  src: the Escape Shuttle Hallway ven... (/obj/machinery/atmospherics/components/unary/vent_pump)
[18:57:38]  usr.loc: the floor (196,133,2) (/turf/open/floor/plasteel)
[18:57:38]  src.loc: the floor (197,134,2) (/turf/open/floor/plasteel)
[18:57:38]  call stack:
[18:57:38]the Escape Shuttle Hallway ven... (/obj/machinery/atmospherics/components/unary/vent_pump): addMember(the pipe (/obj/machinery/atmospherics/pipe/simple))
[18:57:38]the pipe (/obj/machinery/atmospherics/pipe/simple): on construction("#0000ff", 2)
[18:57:38]the pipe fitting (/obj/item/pipe/binary/bendable): wrench act(Retired (/mob/living/silicon/robot), the automatic wrench (/obj/item/wrench/cyborg))
[18:57:38]the pipe fitting (/obj/item/pipe/binary/bendable): tool act(Retired (/mob/living/silicon/robot), the automatic wrench (/obj/item/wrench/cyborg), "wrench")
[18:57:38]the automatic wrench (/obj/item/wrench/cyborg): tool attack chain(Retired (/mob/living/silicon/robot), the pipe fitting (/obj/item/pipe/binary/bendable))
[18:57:38]the automatic wrench (/obj/item/wrench/cyborg): melee attack chain(Retired (/mob/living/silicon/robot), the pipe fitting (/obj/item/pipe/binary/bendable), "icon-x=16;icon-y=12;left=1;scr...")
[18:57:38]Retired (/mob/living/silicon/robot): ClickOn(the pipe fitting (/obj/item/pipe/binary/bendable), "icon-x=16;icon-y=12;left=1;scr...")
[18:57:38]the pipe fitting (/obj/item/pipe/binary/bendable): Click(the plating (197,133,2) (/turf/open/floor/plating), "mapwindow.map", "icon-x=16;icon-y=12;left=1;scr...")
[2018-03-25 19:05:48] Client: MrVonStone triggered JS error: Error: The URI to be decoded is not a valid encoding | url: http://127.0.0.1:50564/browserOutput.js | line: 116 | column: 2 | error: URIError: The URI to be decoded is not a valid encoding | user agent: Mozilla/4.0 (compatible; MSIE 7.0; Windows NT 6.2; WOW64; Trident/7.0; .NET4.0C; .NET4.0E; .NET CLR 2.0.50727; .NET CLR 3.0.30729; .NET CLR 3.5.30729)
[2018-03-25 19:05:48] Client: CthulhuOnIce triggered JS error: Error: The URI to be decoded is not a valid encoding | url: http://127.0.0.1:51410/browserOutput.js | line: 116 | column: 2 | error: URIError: The URI to be decoded is not a valid encoding | user agent: Mozilla/4.0 (compatible; MSIE 7.0; Windows NT 6.2; WOW64; Trident/7.0; .NET4.0C; .NET4.0E; .NET CLR 2.0.50727; .NET CLR 3.0.30729; .NET CLR 3.5.30729)
[2018-03-25 19:05:48] Client: Cscottburgess triggered JS error: Error: The URI to be decoded is not a valid encoding | url: http://127.0.0.1:50034/browserOutput.js | line: 116 | column: 2 | error: URIError: The URI to be decoded is not a valid encoding | user agent: Mozilla/4.0 (compatible; MSIE 7.0; Windows NT 6.2; WOW64; Trident/7.0; .NET4.0C; .NET4.0E; .NET CLR 2.0.50727; .NET CLR 3.0.30729; .NET CLR 3.5.30729; McAfee)
[2018-03-25 19:05:48] Client: BRhunter45 triggered JS error: Error: O URI a ser decodificado não é uma codificação válida | url: http://127.0.0.1:52272/tmp6984/browserOutput.js | line: 116 | column: 2 | error: URIError: O URI a ser decodificado não é uma codificação válida | user agent: Mozilla/4.0 (compatible; MSIE 7.0; Windows NT 6.1; WOW64; Trident/7.0; SLCC2; .NET CLR 2.0.50727; .NET CLR 3.5.30729; .NET CLR 3.0.30729; Media Center PC 6.0; .NET4.0C; .NET4.0E; InfoPath.3)
[2018-03-25 19:05:48] Client: MACIEKBAKI triggered JS error: Error: Adres URL do dekodowania jest nieprawidłowo zakodowany | url: http://127.0.0.1:50072/tmp10184/browserOutput.js | line: 116 | column: 2 | error: URIError: Adres URL do dekodowania jest nieprawidłowo zakodowany | user agent: Mozilla/4.0 (compatible; MSIE 7.0; Windows NT 6.2; WOW64; Trident/7.0; .NET4.0C; .NET4.0E)
runtime error: 
[19:22:36]Cannot create objects of type null.
[19:22:36]proc name: add event (/datum/component/mood/proc/add_event)
[19:22:36]  source file: mood.dm,91
[19:22:36]  usr: SeniorSenor125 (/mob/dead/new_player)
[19:22:36]  src: /datum/component/mood (/datum/component/mood)
[19:22:36]  usr.loc: the plating (8,174,1) (/turf/open/floor/plating)
[19:22:36]  call stack:
[19:22:36]/datum/component/mood (/datum/component/mood): add event("embedded", null, null)
[19:22:36]the right leg (/obj/item/bodypart/r_leg): drop limb(1)
[19:22:36]the right leg (/obj/item/bodypart/r_leg): drop limb(1)
[19:22:36]Stabs-The-Fuckers (/mob/living/carbon/human): Digitigrade Leg Swap(0)
[19:22:36]Lizardperson (/datum/species/lizard): on species gain(Stabs-The-Fuckers (/mob/living/carbon/human), Human (/datum/species/human))
[19:22:36]Stabs-The-Fuckers (/mob/living/carbon/human): set species(/datum/species/lizard (/datum/species/lizard), 0)
[19:22:36]Stabs-The-Fuckers (/mob/living/carbon/human): set species(/datum/species/lizard (/datum/species/lizard), 0)
[19:22:36]/datum/preferences (/datum/preferences): copy to(Stabs-The-Fuckers (/mob/living/carbon/human), 1)
[19:22:36]SeniorSenor125 (/mob/dead/new_player): create character(1)
[19:22:36]SeniorSenor125 (/mob/dead/new_player): AttemptLateSpawn("Detective")
[19:22:36]SeniorSenor125 (/mob/dead/new_player): Topic("src=\[mob_303];SelectedJob=Det...", /list (/list))
[19:22:36]SeniorSenor125 (/client): Topic("src=\[mob_303];SelectedJob=Det...", /list (/list), SeniorSenor125 (/mob/dead/new_player))
[19:22:36]SeniorSenor125 (/client): Topic("src=\[mob_303];SelectedJob=Det...", /list (/list), SeniorSenor125 (/mob/dead/new_player))
runtime error: 
[19:22:36]Cannot create objects of type null.
[19:22:36]proc name: add event (/datum/component/mood/proc/add_event)
[19:22:36]  source file: mood.dm,91
[19:22:36]  usr: SeniorSenor125 (/mob/dead/new_player)
[19:22:36]  src: /datum/component/mood (/datum/component/mood)
[19:22:36]  usr.loc: the plating (8,174,1) (/turf/open/floor/plating)
[19:22:36]  call stack:
[19:22:36]/datum/component/mood (/datum/component/mood): add event("embedded", null, null)
[19:22:36]the left leg (/obj/item/bodypart/l_leg): drop limb(1)
[19:22:36]the left leg (/obj/item/bodypart/l_leg): drop limb(1)
[19:22:36]Stabs-The-Fuckers (/mob/living/carbon/human): Digitigrade Leg Swap(0)
[19:22:36]Lizardperson (/datum/species/lizard): on species gain(Stabs-The-Fuckers (/mob/living/carbon/human), Human (/datum/species/human))
[19:22:36]Stabs-The-Fuckers (/mob/living/carbon/human): set species(/datum/species/lizard (/datum/species/lizard), 0)
[19:22:36]Stabs-The-Fuckers (/mob/living/carbon/human): set species(/datum/species/lizard (/datum/species/lizard), 0)
[19:22:36]/datum/preferences (/datum/preferences): copy to(Stabs-The-Fuckers (/mob/living/carbon/human), 1)
[19:22:36]SeniorSenor125 (/mob/dead/new_player): create character(1)
[19:22:36]SeniorSenor125 (/mob/dead/new_player): AttemptLateSpawn("Detective")
[19:22:36]SeniorSenor125 (/mob/dead/new_player): Topic("src=\[mob_303];SelectedJob=Det...", /list (/list))
[19:22:36]SeniorSenor125 (/client): Topic("src=\[mob_303];SelectedJob=Det...", /list (/list), SeniorSenor125 (/mob/dead/new_player))
[19:22:36]SeniorSenor125 (/client): Topic("src=\[mob_303];SelectedJob=Det...", /list (/list), SeniorSenor125 (/mob/dead/new_player))
runtime error: 
[19:22:36]Cannot create objects of type null.
[19:22:36]proc name: add event (/datum/component/mood/proc/add_event)
[19:22:36]  source file: mood.dm,91
[19:22:36]  usr: SeniorSenor125 (/mob/dead/new_player)
[19:22:36]  src: /datum/component/mood (/datum/component/mood)
[19:22:36]  usr.loc: null
[19:22:36]  call stack:
[19:22:36]/datum/component/mood (/datum/component/mood): add event("embedded", null, null)
[19:22:36]the right leg (/obj/item/bodypart/r_leg): drop limb(1)
[19:22:36]the right leg (/obj/item/bodypart/r_leg): drop limb(1)
[19:22:36]Stabs-The-Fuckers (/mob/living/carbon/human/dummy): Digitigrade Leg Swap(0)
[19:22:36]Lizardperson (/datum/species/lizard): on species gain(Stabs-The-Fuckers (/mob/living/carbon/human/dummy), Human (/datum/species/human))
[19:22:36]Stabs-The-Fuckers (/mob/living/carbon/human/dummy): set species(/datum/species/lizard (/datum/species/lizard), 0)
[19:22:36]Stabs-The-Fuckers (/mob/living/carbon/human/dummy): set species(/datum/species/lizard (/datum/species/lizard), 0)
[19:22:36]/datum/preferences (/datum/preferences): copy to(Stabs-The-Fuckers (/mob/living/carbon/human/dummy), 1)
[19:22:36]get flat human icon(null, /datum/job/detective (/datum/job/detective), /datum/preferences (/datum/preferences), "dummy_manifest_generation")
[19:22:36]/datum/datacore (/datum/datacore): get id photo( (/mob/living/carbon/human), SeniorSenor125 (/client))
[19:22:36]/datum/datacore (/datum/datacore): manifest inject( (/mob/living/carbon/human), SeniorSenor125 (/client))
[19:22:36]SeniorSenor125 (/mob/dead/new_player): AttemptLateSpawn("Detective")
[19:22:36]SeniorSenor125 (/mob/dead/new_player): Topic("src=\[mob_303];SelectedJob=Det...", /list (/list))
[19:22:36]SeniorSenor125 (/client): Topic("src=\[mob_303];SelectedJob=Det...", /list (/list), SeniorSenor125 (/mob/dead/new_player))
[19:22:36]SeniorSenor125 (/client): Topic("src=\[mob_303];SelectedJob=Det...", /list (/list), SeniorSenor125 (/mob/dead/new_player))
runtime error: 
[19:22:36]Cannot create objects of type null.
[19:22:36]proc name: add event (/datum/component/mood/proc/add_event)
[19:22:36]  source file: mood.dm,91
[19:22:36]  usr: SeniorSenor125 (/mob/dead/new_player)
[19:22:36]  src: /datum/component/mood (/datum/component/mood)
[19:22:36]  usr.loc: null
[19:22:36]  call stack:
[19:22:36]/datum/component/mood (/datum/component/mood): add event("embedded", null, null)
[19:22:36]the left leg (/obj/item/bodypart/l_leg): drop limb(1)
[19:22:36]the left leg (/obj/item/bodypart/l_leg): drop limb(1)
[19:22:36]Stabs-The-Fuckers (/mob/living/carbon/human/dummy): Digitigrade Leg Swap(0)
[19:22:36]Lizardperson (/datum/species/lizard): on species gain(Stabs-The-Fuckers (/mob/living/carbon/human/dummy), Human (/datum/species/human))
[19:22:36]Stabs-The-Fuckers (/mob/living/carbon/human/dummy): set species(/datum/species/lizard (/datum/species/lizard), 0)
[19:22:36]Stabs-The-Fuckers (/mob/living/carbon/human/dummy): set species(/datum/species/lizard (/datum/species/lizard), 0)
[19:22:36]/datum/preferences (/datum/preferences): copy to(Stabs-The-Fuckers (/mob/living/carbon/human/dummy), 1)
[19:22:36]get flat human icon(null, /datum/job/detective (/datum/job/detective), /datum/preferences (/datum/preferences), "dummy_manifest_generation")
[19:22:36]/datum/datacore (/datum/datacore): get id photo( (/mob/living/carbon/human), SeniorSenor125 (/client))
[19:22:36]/datum/datacore (/datum/datacore): manifest inject( (/mob/living/carbon/human), SeniorSenor125 (/client))
[19:22:36]SeniorSenor125 (/mob/dead/new_player): AttemptLateSpawn("Detective")
[19:22:36]SeniorSenor125 (/mob/dead/new_player): Topic("src=\[mob_303];SelectedJob=Det...", /list (/list))
[19:22:36]SeniorSenor125 (/client): Topic("src=\[mob_303];SelectedJob=Det...", /list (/list), SeniorSenor125 (/mob/dead/new_player))
[19:22:36]SeniorSenor125 (/client): Topic("src=\[mob_303];SelectedJob=Det...", /list (/list), SeniorSenor125 (/mob/dead/new_player))
runtime error: 
[19:24:25]Cannot create objects of type null.
[19:24:25]proc name: add event (/datum/component/mood/proc/add_event)
[19:24:25]  source file: mood.dm,91
[19:24:25]  usr: DogePose (/mob/dead/new_player)
[19:24:25]  src: /datum/component/mood (/datum/component/mood)
[19:24:25]  usr.loc: null
[19:24:25]  call stack:
[19:24:25]/datum/component/mood (/datum/component/mood): add event("embedded", null, null)
[19:24:25]the right digitigrade leg (/obj/item/bodypart/r_leg/digitigrade): drop limb(1)
[19:24:25]the right digitigrade leg (/obj/item/bodypart/r_leg/digitigrade): drop limb(1)
[19:24:25]Zach Wilkinson (/mob/living/carbon/human/dummy): Digitigrade Leg Swap(1)
[19:24:25]Lizardperson (/datum/species/lizard): on species loss(Zach Wilkinson (/mob/living/carbon/human/dummy))
[19:24:25]Zach Wilkinson (/mob/living/carbon/human/dummy): set species(/datum/species/human (/datum/species/human), 0)
[19:24:25]Zach Wilkinson (/mob/living/carbon/human/dummy): set species(/datum/species/human (/datum/species/human), 0)
[19:24:25]/datum/preferences (/datum/preferences): copy to(Zach Wilkinson (/mob/living/carbon/human/dummy), 1)
[19:24:25]get flat human icon(null, /datum/job/doctor (/datum/job/doctor), /datum/preferences (/datum/preferences), "dummy_manifest_generation")
[19:24:25]/datum/datacore (/datum/datacore): get id photo( (/mob/living/carbon/human), DogePose (/client))
[19:24:25]/datum/datacore (/datum/datacore): manifest inject( (/mob/living/carbon/human), DogePose (/client))
[19:24:25]DogePose (/mob/dead/new_player): AttemptLateSpawn("Medical Doctor")
[19:24:25]DogePose (/mob/dead/new_player): Topic("src=\[mob_301];SelectedJob=Med...", /list (/list))
[19:24:25]DogePose (/client): Topic("src=\[mob_301];SelectedJob=Med...", /list (/list), DogePose (/mob/dead/new_player))
[19:24:25]DogePose (/client): Topic("src=\[mob_301];SelectedJob=Med...", /list (/list), DogePose (/mob/dead/new_player))
runtime error: 
[19:24:25]Cannot create objects of type null.
[19:24:25]proc name: add event (/datum/component/mood/proc/add_event)
[19:24:25]  source file: mood.dm,91
[19:24:25]  usr: DogePose (/mob/dead/new_player)
[19:24:25]  src: /datum/component/mood (/datum/component/mood)
[19:24:25]  usr.loc: null
[19:24:25]  call stack:
[19:24:25]/datum/component/mood (/datum/component/mood): add event("embedded", null, null)
[19:24:25]the left digitigrade leg (/obj/item/bodypart/l_leg/digitigrade): drop limb(1)
[19:24:25]the left digitigrade leg (/obj/item/bodypart/l_leg/digitigrade): drop limb(1)
[19:24:25]Zach Wilkinson (/mob/living/carbon/human/dummy): Digitigrade Leg Swap(1)
[19:24:25]Lizardperson (/datum/species/lizard): on species loss(Zach Wilkinson (/mob/living/carbon/human/dummy))
[19:24:25]Zach Wilkinson (/mob/living/carbon/human/dummy): set species(/datum/species/human (/datum/species/human), 0)
[19:24:25]Zach Wilkinson (/mob/living/carbon/human/dummy): set species(/datum/species/human (/datum/species/human), 0)
[19:24:25]/datum/preferences (/datum/preferences): copy to(Zach Wilkinson (/mob/living/carbon/human/dummy), 1)
[19:24:25]get flat human icon(null, /datum/job/doctor (/datum/job/doctor), /datum/preferences (/datum/preferences), "dummy_manifest_generation")
[19:24:25]/datum/datacore (/datum/datacore): get id photo( (/mob/living/carbon/human), DogePose (/client))
[19:24:25]/datum/datacore (/datum/datacore): manifest inject( (/mob/living/carbon/human), DogePose (/client))
[19:24:25]DogePose (/mob/dead/new_player): AttemptLateSpawn("Medical Doctor")
[19:24:25]DogePose (/mob/dead/new_player): Topic("src=\[mob_301];SelectedJob=Med...", /list (/list))
[19:24:25]DogePose (/client): Topic("src=\[mob_301];SelectedJob=Med...", /list (/list), DogePose (/mob/dead/new_player))
[19:24:25]DogePose (/client): Topic("src=\[mob_301];SelectedJob=Med...", /list (/list), DogePose (/mob/dead/new_player))
runtime error: 
[19:33:14]Cannot read null.client
[19:33:14]proc name: remove from client (/datum/action/vote/proc/remove_from_client)
[19:33:14]  source file: vote.dm,321
[19:33:14]  usr: null
[19:33:14]  src: Vote! (/datum/action/vote)
[19:33:14]  call stack:
[19:33:14]Vote! (/datum/action/vote): remove from client()
[19:33:14]Vote (/datum/controller/subsystem/vote): remove action buttons()
[19:33:14]Vote (/datum/controller/subsystem/vote): announce result()
[19:33:14]Vote (/datum/controller/subsystem/vote): result()
[19:33:14]Vote (/datum/controller/subsystem/vote): fire(0)
[19:33:14]Vote (/datum/controller/subsystem/vote): ignite(0)
[19:33:14]Master (/datum/controller/master): RunQueue()
[19:33:14]Master (/datum/controller/master): Loop()
[19:33:14]Master (/datum/controller/master): StartProcessing(0)
runtime error: 
[19:33:14]Cannot read null.client
[19:33:14]proc name: remove from client (/datum/action/vote/proc/remove_from_client)
[19:33:14]  source file: vote.dm,321
[19:33:14]  usr: null
[19:33:14]  src: Vote! (/datum/action/vote)
[19:33:14]  call stack:
[19:33:14]Vote! (/datum/action/vote): remove from client()
[19:33:14]Vote (/datum/controller/subsystem/vote): remove action buttons()
[19:33:14]Vote (/datum/controller/subsystem/vote): announce result()
[19:33:14]Vote (/datum/controller/subsystem/vote): result()
[19:33:14]Vote (/datum/controller/subsystem/vote): fire(0)
[19:33:14]Vote (/datum/controller/subsystem/vote): ignite(0)
[19:33:14]Master (/datum/controller/master): RunQueue()
[19:33:14]Master (/datum/controller/master): Loop()
[19:33:14]Master (/datum/controller/master): StartProcessing(0)
Shutting down Persistence subsystem...
Shutting down pathfinder subsystem...
Shutting down Squeak subsystem...
Shutting down Shuttle subsystem...
Shutting down Lighting subsystem...
Shutting down XKeyScore subsystem...
Shutting down Sticky Ban subsystem...
Shutting down Overlay subsystem...
Shutting down Icon Smoothing subsystem...
Shutting down Assets subsystem...
Shutting down Minimap subsystem...
Shutting down Atmospherics subsystem...
Shutting down Weather subsystem...
Shutting down Vote subsystem...
Shutting down Traumas subsystem...
Shutting down Title Screen subsystem...
Shutting down Time Tracking subsystem...
Shutting down Throwing subsystem...
Shutting down tgui subsystem...
Shutting down Sun subsystem...
Shutting down Space Drift subsystem...
Shutting down Religion subsystem...
Shutting down Radio subsystem...
Shutting down Radiation subsystem...
Shutting down Projectiles subsystem...
Shutting down Processing subsystem...
Shutting down Parallax subsystem...
Shutting down pAI subsystem...
Shutting down Orbits subsystem...
Shutting down Objects subsystem...
Shutting down NPC Pool subsystem...
Shutting down Night Shift subsystem...
Shutting down Mood subsystem...
Shutting down Mobs subsystem...
Shutting down Medals subsystem...
Shutting down Inbounds subsystem...
Shutting down Idling NPC Pool subsystem...
Shutting down Flightpack Movement subsystem...
Shutting down Fire Burning subsystem...
Shutting down Fields subsystem...
Shutting down Fast Processing subsystem...
Shutting down Disease subsystem...
Shutting down Communications subsystem...
Shutting down Augury subsystem...
Shutting down Acid subsystem...
Shutting down Timer subsystem...
Shutting down Circuit subsystem...
Shutting down Machines subsystem...
Shutting down Language subsystem...
Shutting down Atoms subsystem...
Shutting down Networks subsystem...
Shutting down Mapping subsystem...
Shutting down Ticker subsystem...
Shutting down Traits subsystem...
Shutting down Jobs subsystem...
Shutting down Events subsystem...
Shutting down Research subsystem...
Shutting down Input subsystem...
Shutting down Server Tasks subsystem...
Shutting down Blackbox subsystem...
Shutting down Database subsystem...
Shutting down Garbage subsystem...
Shutdown complete
World rebooted at 19:34:48
