

Starting up round ID 1275. 21:43:23
---------------------
swindel \ Protect-and-Serve \ Head of Security \ NONE \ ROUNDSTART
seamelonus \ Timothy Wells \ Assistant \ NONE \ ROUNDSTART
dabaddict6969 \ Heidi Fuchs \ Scientist \ brother \ ROUNDSTART
arkadiusz123 \ X-5 \ AI \ NONE \ ROUNDSTART
gracefuljohnnynguyen \ Yourmom \ Cyborg \ NONE \ ROUNDSTART
cryingbaby \ Holly Gardner \ Research Director \ NONE \ ROUNDSTART
papaputin \ Indrick Boreale \ Quartermaster \ NONE \ ROUNDSTART
raddog \ Matt Yevpraksiya \ Shaft Miner \ traitor \ ROUNDSTART
ceanox \ Bonker \ Clown \ brother \ ROUNDSTART
haggisshuu \ Gragnir Grolob \ Scientist \ traitor \ ROUNDSTART
landrydragon \ Landry \ Atmospheric Technician \ brother \ ROUNDSTART
boxxybooty \ Ruru \ Captain \ NONE \ ROUNDSTART
buckyboy \ Beau Richards \ Chaplain \ NONE \ ROUNDSTART
astronautcat \ J.J. Jones \ Shaft Miner \ brother \ ROUNDSTART
azlanonpc \ Jetra Norlan \ Shaft Miner \ NONE \ ROUNDSTART
ManNardo \ Mothille O'Neal \ Detective \ NONE \ LATEJOIN
O-Shee \ Sunshine Werry \ Warden \ NONE \ LATEJOIN
Unoriginal.exe \ Guy Fieri \ Chief Medical Officer \ NONE \ LATEJOIN
Cabro782 \ Kobe Hawker \ Cook \ NONE \ LATEJOIN
AzraelKnightquest \ Azrael Watts \ Assistant \ NONE \ LATEJOIN
Spazblaztr \ Jordaniel Gaeyson \ Head of Personnel \ NONE \ LATEJOIN
MailmanTyrone \ Talmud Baconstein \ Roboticist \ NONE \ LATEJOIN
Williamholtz \ Slab Squatthrust \ Security Officer \ NONE \ LATEJOIN
