

Starting up round ID 1231. 21:06:47
---------------------
Initialized Database subsystem within 0 seconds!
Initialized Blackbox subsystem within 0 seconds!
Initialized Server Tasks subsystem within 0 seconds!
Initialized Input subsystem within 0 seconds!
Initialized Research subsystem within 0 seconds!
Initialized Events subsystem within 0 seconds!
Initialized Jobs subsystem within 0 seconds!
Initialized Traits subsystem within 0 seconds!
Initialized Ticker subsystem within 0 seconds!
Loading PubbyStation...
Loaded Station in 26.6s!
Loaded Lavaland in 10.2s!
Loaded Reebe in 6.5s!
Ruin loader finished with 0 left to spend.
Ruin loader finished with 0 left to spend.
Initialized Mapping subsystem within 52.9 seconds!
Initialized Networks subsystem within 0 seconds!
Initialized Atoms subsystem within 73.8 seconds!
Initialized Language subsystem within 0 seconds!
Initialized Machines subsystem within 0.3 seconds!
Initialized Circuit subsystem within 0.1 seconds!
Initialized Disease subsystem within 0 seconds!
Initialized Medals subsystem within 0 seconds!
Initialized Night Shift subsystem within 0 seconds!
Initialized Parallax subsystem within 0 seconds!
Initialized Traumas subsystem within 0.1 seconds!
Initialized Weather subsystem within 0 seconds!
## WARNING: There are 4 active turfs at roundstart, this is a mapping error caused by a difference of the air between the adjacent turfs. You can see its coordinates using "Mapping -> Show roundstart AT list" verb (debug verbs required)
## WARNING: HEY! LISTEN! 1 second were wasted processing 4 turf(s) (connected to 21275 other turfs) with atmos differences at round start.
Initialized Atmospherics subsystem within 20.7 seconds!
Failed to find backup file for map PubbyStation on zlevel 2.
Initialized Assets subsystem within 0.8 seconds!
Initialized Icon Smoothing subsystem within 7.5 seconds!
Initialized Overlay subsystem within 37 seconds!
Initialized XKeyScore subsystem within 0 seconds!
Initialized Sticky Ban subsystem within 0 seconds!
Initialized Lighting subsystem within 16.2 seconds!
Initialized Shuttle subsystem within 29.4 seconds!
Initialized Squeak subsystem within 0.1 seconds!
Initialized pathfinder subsystem within 0 seconds!
Loaded 2 engraved messages on map PubbyStation
Initialized Persistence subsystem within 0.1 seconds!
Initializations complete within 242.8 seconds!
Game start took 21.2s
runtime error: 
[21:12:52]nothing to animate
[21:12:52]proc name: shake camera (/proc/shake_camera)
[21:12:52]  source file: mob_helpers.dm,270
[21:12:52]  usr: (src)
[21:12:52]  src: null
[21:12:52]  call stack:
[21:12:52]shake camera(Big Skin (/mob/living/carbon/human), 0.75, 1)
[21:12:52]Big Skin (/mob/living/carbon/human): afterShuttleMove(space (22,19,13) (/turf/open/space/transit/west), /list (/list), 8, 8, 8, 0)
[21:12:52]Big Skin (/mob/living/carbon/human): afterShuttleMove(space (22,19,13) (/turf/open/space/transit/west), /list (/list), 8, 8, 8, 0)
[21:12:52]the pubby arrivals shuttle (/obj/docking_port/mobile/arrivals): cleanup runway(the pubby arrivals (/obj/docking_port/stationary), /list (/list), /list (/list), /list (/list), /list (/list), 0, 8, Space (/area/space), /turf/open/space/transit/west (/turf/open/space/transit/west), /turf/open/space (/turf/open/space))
[21:12:52]the pubby arrivals shuttle (/obj/docking_port/mobile/arrivals): initiate docking(the pubby arrivals (/obj/docking_port/stationary), 8, 0)
[21:12:52]the pubby arrivals shuttle (/obj/docking_port/mobile/arrivals): initiate docking(the pubby arrivals (/obj/docking_port/stationary), 8)
[21:12:52]the pubby arrivals shuttle (/obj/docking_port/mobile/arrivals): check()
[21:12:52]the pubby arrivals shuttle (/obj/docking_port/mobile/arrivals): check()
[21:12:52]Shuttle (/datum/controller/subsystem/shuttle): fire(0)
[21:12:52]Shuttle (/datum/controller/subsystem/shuttle): ignite(0)
runtime error: 
[21:13:39]nothing to animate
[21:13:39]proc name: shake camera (/proc/shake_camera)
[21:13:39]  source file: mob_helpers.dm,270
[21:13:39]  usr: (src)
[21:13:39]  src: null
[21:13:39]  call stack:
[21:13:39]shake camera( (/mob/living/carbon/human), 0.75, 1)
[21:13:39] (/mob/living/carbon/human): afterShuttleMove(space (22,18,13) (/turf/open/space/transit/west), /list (/list), 8, 8, 8, 0)
[21:13:39] (/mob/living/carbon/human): afterShuttleMove(space (22,18,13) (/turf/open/space/transit/west), /list (/list), 8, 8, 8, 0)
[21:13:39]the pubby arrivals shuttle (/obj/docking_port/mobile/arrivals): cleanup runway(the pubby arrivals (/obj/docking_port/stationary), /list (/list), /list (/list), /list (/list), /list (/list), 0, 8, Space (/area/space), /turf/open/space/transit/west (/turf/open/space/transit/west), /turf/open/space (/turf/open/space))
[21:13:39]the pubby arrivals shuttle (/obj/docking_port/mobile/arrivals): initiate docking(the pubby arrivals (/obj/docking_port/stationary), 8, 0)
[21:13:39]the pubby arrivals shuttle (/obj/docking_port/mobile/arrivals): initiate docking(the pubby arrivals (/obj/docking_port/stationary), 8)
[21:13:39]the pubby arrivals shuttle (/obj/docking_port/mobile/arrivals): check()
[21:13:39]the pubby arrivals shuttle (/obj/docking_port/mobile/arrivals): check()
[21:13:39]Shuttle (/datum/controller/subsystem/shuttle): fire(0)
[21:13:39]Shuttle (/datum/controller/subsystem/shuttle): ignite(0)
runtime error: 
[21:13:39]nothing to animate
[21:13:39]proc name: shake camera (/proc/shake_camera)
[21:13:39]  source file: mob_helpers.dm,270
[21:13:39]  usr: (src)
[21:13:39]  src: null
[21:13:39]  call stack:
[21:13:39]shake camera(J.J. Jones (/mob/living/carbon/human), 0.75, 1)
[21:13:39]J.J. Jones (/mob/living/carbon/human): afterShuttleMove(space (22,19,13) (/turf/open/space/transit/west), /list (/list), 8, 8, 8, 0)
[21:13:39]J.J. Jones (/mob/living/carbon/human): afterShuttleMove(space (22,19,13) (/turf/open/space/transit/west), /list (/list), 8, 8, 8, 0)
[21:13:39]the pubby arrivals shuttle (/obj/docking_port/mobile/arrivals): cleanup runway(the pubby arrivals (/obj/docking_port/stationary), /list (/list), /list (/list), /list (/list), /list (/list), 0, 8, Space (/area/space), /turf/open/space/transit/west (/turf/open/space/transit/west), /turf/open/space (/turf/open/space))
[21:13:39]the pubby arrivals shuttle (/obj/docking_port/mobile/arrivals): initiate docking(the pubby arrivals (/obj/docking_port/stationary), 8, 0)
[21:13:39]the pubby arrivals shuttle (/obj/docking_port/mobile/arrivals): initiate docking(the pubby arrivals (/obj/docking_port/stationary), 8)
[21:13:39]the pubby arrivals shuttle (/obj/docking_port/mobile/arrivals): check()
[21:13:39]the pubby arrivals shuttle (/obj/docking_port/mobile/arrivals): check()
[21:13:39]Shuttle (/datum/controller/subsystem/shuttle): fire(0)
[21:13:39]Shuttle (/datum/controller/subsystem/shuttle): ignite(0)
runtime error: 
[21:14:18]nothing to animate
[21:14:18]proc name: shake camera (/proc/shake_camera)
[21:14:18]  source file: mob_helpers.dm,270
[21:14:18]  usr: (src)
[21:14:18]  src: null
[21:14:18]  call stack:
[21:14:18]shake camera(John Freeman (/mob/living/carbon/human), 0.75, 1)
[21:14:18]John Freeman (/mob/living/carbon/human): afterShuttleMove(space (22,18,13) (/turf/open/space/transit/west), /list (/list), 8, 8, 8, 0)
[21:14:18]John Freeman (/mob/living/carbon/human): afterShuttleMove(space (22,18,13) (/turf/open/space/transit/west), /list (/list), 8, 8, 8, 0)
[21:14:18]the pubby arrivals shuttle (/obj/docking_port/mobile/arrivals): cleanup runway(the pubby arrivals (/obj/docking_port/stationary), /list (/list), /list (/list), /list (/list), /list (/list), 0, 8, Space (/area/space), /turf/open/space/transit/west (/turf/open/space/transit/west), /turf/open/space (/turf/open/space))
[21:14:18]the pubby arrivals shuttle (/obj/docking_port/mobile/arrivals): initiate docking(the pubby arrivals (/obj/docking_port/stationary), 8, 0)
[21:14:18]the pubby arrivals shuttle (/obj/docking_port/mobile/arrivals): initiate docking(the pubby arrivals (/obj/docking_port/stationary), 8)
[21:14:18]the pubby arrivals shuttle (/obj/docking_port/mobile/arrivals): check()
[21:14:18]the pubby arrivals shuttle (/obj/docking_port/mobile/arrivals): check()
[21:14:18]Shuttle (/datum/controller/subsystem/shuttle): fire(0)
[21:14:18]Shuttle (/datum/controller/subsystem/shuttle): ignite(0)
runtime error: 
[21:15:15]No valid destination passed into forceMove
[21:15:15]proc name: forceMove (/atom/movable/proc/forceMove)
[21:15:15]  source file: atoms_movable.dm,314
[21:15:15]  usr: null
[21:15:15]  src: the emitter beam (/obj/item/projectile/beam/emitter)
[21:15:15]  src.loc: null
[21:15:15]  call stack:
[21:15:15]the emitter beam (/obj/item/projectile/beam/emitter): forceMove(null)
[21:15:15]the emitter beam (/obj/item/projectile/beam/emitter): forceMove(null)
[21:15:15]the emitter beam (/obj/item/projectile/beam/emitter): fire(null, null)
[21:15:15]the emitter (/obj/machinery/power/emitter/anchored): fire beam(null)
[21:15:15]the emitter (/obj/machinery/power/emitter/anchored): process(2)
[21:15:15]Machines (/datum/controller/subsystem/machines): fire(1)
[21:15:15]Machines (/datum/controller/subsystem/machines): ignite(1)
[21:15:15]Master (/datum/controller/master): RunQueue()
[21:15:15]Master (/datum/controller/master): Loop()
[21:15:15]Master (/datum/controller/master): StartProcessing(0)
runtime error: 
[21:15:15]Cannot read null.x
[21:15:15]proc name: fire (/obj/item/projectile/proc/fire)
[21:15:15]  source file: projectile.dm,354
[21:15:15]  usr: null
[21:15:15]  src: the emitter beam (/obj/item/projectile/beam/emitter)
[21:15:15]  src.loc: null
[21:15:15]  call stack:
[21:15:15]the emitter beam (/obj/item/projectile/beam/emitter): fire(null, null)
[21:15:15]the emitter (/obj/machinery/power/emitter/anchored): fire beam(null)
[21:15:15]the emitter (/obj/machinery/power/emitter/anchored): process(2)
[21:15:15]Machines (/datum/controller/subsystem/machines): fire(1)
[21:15:15]Machines (/datum/controller/subsystem/machines): ignite(1)
[21:15:15]Master (/datum/controller/master): RunQueue()
[21:15:15]Master (/datum/controller/master): Loop()
[21:15:15]Master (/datum/controller/master): StartProcessing(0)
runtime error: 
[21:20:33]nothing to animate
[21:20:33]proc name: shake camera (/proc/shake_camera)
[21:20:33]  source file: mob_helpers.dm,270
[21:20:33]  usr: (src)
[21:20:33]  src: null
[21:20:33]  call stack:
[21:20:33]shake camera(SpaceBorg (/mob/living/silicon/robot), 0.75, 1)
[21:20:33]SpaceBorg (/mob/living/silicon/robot): afterShuttleMove(space (48,20,13) (/turf/open/space/transit/north), /list (/list), 4, 1, 1, 180)
[21:20:33]SpaceBorg (/mob/living/silicon/robot): afterShuttleMove(space (48,20,13) (/turf/open/space/transit/north), /list (/list), 4, 1, 1, 180)
[21:20:33]the mining shuttle (/obj/docking_port/mobile): cleanup runway(the lavaland mine (/obj/docking_port/stationary), /list (/list), /list (/list), /list (/list), /list (/list), 180, 1, Space (/area/space), /turf/open/space/transit/north (/turf/open/space/transit/north), /turf/open/space (/turf/open/space))
[21:20:33]the mining shuttle (/obj/docking_port/mobile): initiate docking(the lavaland mine (/obj/docking_port/stationary), 1, 0)
[21:20:33]the mining shuttle (/obj/docking_port/mobile): check()
[21:20:33]Shuttle (/datum/controller/subsystem/shuttle): fire(0)
[21:20:33]Shuttle (/datum/controller/subsystem/shuttle): ignite(0)
### MAP WARNING, Mining Shuttle Airlock at Mining Shuttle (54,36,5) failed to find a valid airlock to cyclelink with!
### MAP WARNING, Mining Shuttle Airlock at Mining Shuttle (46,19,13) failed to find a valid airlock to cyclelink with!
runtime error: 
[21:23:37]nothing to animate
[21:23:37]proc name: shake camera (/proc/shake_camera)
[21:23:37]  source file: mob_helpers.dm,270
[21:23:37]  usr: (src)
[21:23:37]  src: null
[21:23:37]  call stack:
[21:23:37]shake camera(Kira Jian (/mob/living/carbon/human), 0.75, 1)
[21:23:37]Kira Jian (/mob/living/carbon/human): afterShuttleMove(space (47,19,13) (/turf/open/space/transit/north), /list (/list), 1, 1, 1, 0)
[21:23:37]Kira Jian (/mob/living/carbon/human): afterShuttleMove(space (47,19,13) (/turf/open/space/transit/north), /list (/list), 1, 1, 1, 0)
[21:23:37]the monastery shuttle (/obj/docking_port/mobile): cleanup runway(the station (/obj/docking_port/stationary), /list (/list), /list (/list), /list (/list), /list (/list), 0, 1, Space (/area/space), /turf/open/space/transit/north (/turf/open/space/transit/north), /turf/open/space (/turf/open/space))
[21:23:37]the monastery shuttle (/obj/docking_port/mobile): initiate docking(the station (/obj/docking_port/stationary), 1, 0)
[21:23:37]the monastery shuttle (/obj/docking_port/mobile): check()
[21:23:37]Shuttle (/datum/controller/subsystem/shuttle): fire(0)
[21:23:37]Shuttle (/datum/controller/subsystem/shuttle): ignite(0)
runtime error: 
[21:23:42]nothing to animate
[21:23:42]proc name: shake camera (/proc/shake_camera)
[21:23:42]  source file: mob_helpers.dm,270
[21:23:42]  usr: (src)
[21:23:42]  src: null
[21:23:42]  call stack:
[21:23:42]shake camera(Rupert Arend (/mob/living/carbon/human), 0.75, 1)
[21:23:42]Rupert Arend (/mob/living/carbon/human): afterShuttleMove(space (70,20,13) (/turf/open/space/transit/north), /list (/list), 4, 1, 1, 180)
[21:23:42]Rupert Arend (/mob/living/carbon/human): afterShuttleMove(space (70,20,13) (/turf/open/space/transit/north), /list (/list), 4, 1, 1, 180)
[21:23:42]the mining shuttle (/obj/docking_port/mobile): cleanup runway(the lavaland mine (/obj/docking_port/stationary), /list (/list), /list (/list), /list (/list), /list (/list), 180, 1, Space (/area/space), /turf/open/space/transit/north (/turf/open/space/transit/north), /turf/open/space (/turf/open/space))
[21:23:42]the mining shuttle (/obj/docking_port/mobile): initiate docking(the lavaland mine (/obj/docking_port/stationary), 1, 0)
[21:23:42]the mining shuttle (/obj/docking_port/mobile): check()
[21:23:42]Shuttle (/datum/controller/subsystem/shuttle): fire(0)
[21:23:42]Shuttle (/datum/controller/subsystem/shuttle): ignite(0)
### MAP WARNING, Mining Shuttle Airlock at Mining Shuttle (54,36,5) failed to find a valid airlock to cyclelink with!
runtime error: 
[21:23:52]nothing to animate
[21:23:52]proc name: shake camera (/proc/shake_camera)
[21:23:52]  source file: mob_helpers.dm,270
[21:23:52]  usr: (src)
[21:23:52]  src: null
[21:23:52]  call stack:
[21:23:52]shake camera(Theodore Eliza (/mob/living/carbon/human), 0.75, 1)
[21:23:52]Theodore Eliza (/mob/living/carbon/human): afterShuttleMove(space (25,18,13) (/turf/open/space/transit/west), /list (/list), 8, 8, 8, 0)
[21:23:52]Theodore Eliza (/mob/living/carbon/human): afterShuttleMove(space (25,18,13) (/turf/open/space/transit/west), /list (/list), 8, 8, 8, 0)
[21:23:52]the pubby arrivals shuttle (/obj/docking_port/mobile/arrivals): cleanup runway(the pubby arrivals (/obj/docking_port/stationary), /list (/list), /list (/list), /list (/list), /list (/list), 0, 8, Space (/area/space), /turf/open/space/transit/west (/turf/open/space/transit/west), /turf/open/space (/turf/open/space))
[21:23:52]the pubby arrivals shuttle (/obj/docking_port/mobile/arrivals): initiate docking(the pubby arrivals (/obj/docking_port/stationary), 8, 0)
[21:23:52]the pubby arrivals shuttle (/obj/docking_port/mobile/arrivals): initiate docking(the pubby arrivals (/obj/docking_port/stationary), 8)
[21:23:52]the pubby arrivals shuttle (/obj/docking_port/mobile/arrivals): check()
[21:23:52]the pubby arrivals shuttle (/obj/docking_port/mobile/arrivals): check()
[21:23:52]Shuttle (/datum/controller/subsystem/shuttle): fire(0)
[21:23:52]Shuttle (/datum/controller/subsystem/shuttle): ignite(0)
### MAP WARNING, Mining Shuttle Airlock at Mining Shuttle (68,19,13) failed to find a valid airlock to cyclelink with!
runtime error: 
[21:30:30]nothing to animate
[21:30:30]proc name: shake camera (/proc/shake_camera)
[21:30:30]  source file: mob_helpers.dm,270
[21:30:30]  usr: (src)
[21:30:30]  src: null
[21:30:30]  call stack:
[21:30:30]shake camera(Rupert Arend (/mob/living/carbon/human), 0.75, 1)
[21:30:30]Rupert Arend (/mob/living/carbon/human): afterShuttleMove(space (70,20,13) (/turf/open/space/transit/north), /list (/list), 4, 1, 1, 0)
[21:30:30]Rupert Arend (/mob/living/carbon/human): afterShuttleMove(space (70,20,13) (/turf/open/space/transit/north), /list (/list), 4, 1, 1, 0)
[21:30:30]the mining shuttle (/obj/docking_port/mobile): cleanup runway(the mining shuttle bay (/obj/docking_port/stationary), /list (/list), /list (/list), /list (/list), /list (/list), 0, 1, Space (/area/space), /turf/open/space/transit/north (/turf/open/space/transit/north), /turf/open/space (/turf/open/space))
[21:30:30]the mining shuttle (/obj/docking_port/mobile): initiate docking(the mining shuttle bay (/obj/docking_port/stationary), 1, 0)
[21:30:30]the mining shuttle (/obj/docking_port/mobile): check()
[21:30:30]Shuttle (/datum/controller/subsystem/shuttle): fire(0)
[21:30:30]Shuttle (/datum/controller/subsystem/shuttle): ignite(0)
### MAP WARNING, Mining Shuttle Airlock at Mining Shuttle (54,36,5) failed to find a valid airlock to cyclelink with!
runtime error: 
[21:30:49]nothing to animate
[21:30:49]proc name: shake camera (/proc/shake_camera)
[21:30:49]  source file: mob_helpers.dm,270
[21:30:49]  usr: (src)
[21:30:49]  src: null
[21:30:49]  call stack:
[21:30:49]shake camera(Rupert Arend (/mob/living/carbon/human), 0.75, 1)
[21:30:49]Rupert Arend (/mob/living/carbon/human): afterShuttleMove(space (70,18,13) (/turf/open/space/transit/north), /list (/list), 4, 1, 1, 180)
[21:30:49]Rupert Arend (/mob/living/carbon/human): afterShuttleMove(space (70,18,13) (/turf/open/space/transit/north), /list (/list), 4, 1, 1, 180)
[21:30:49]the mining shuttle (/obj/docking_port/mobile): cleanup runway(the lavaland mine (/obj/docking_port/stationary), /list (/list), /list (/list), /list (/list), /list (/list), 180, 1, Space (/area/space), /turf/open/space/transit/north (/turf/open/space/transit/north), /turf/open/space (/turf/open/space))
[21:30:49]the mining shuttle (/obj/docking_port/mobile): initiate docking(the lavaland mine (/obj/docking_port/stationary), 1, 0)
[21:30:49]the mining shuttle (/obj/docking_port/mobile): check()
[21:30:49]Shuttle (/datum/controller/subsystem/shuttle): fire(0)
[21:30:49]Shuttle (/datum/controller/subsystem/shuttle): ignite(0)
### MAP WARNING, Mining Shuttle Airlock at Mining Shuttle (68,19,13) failed to find a valid airlock to cyclelink with!
runtime error: 
[21:31:15]nothing to animate
[21:31:15]proc name: shake camera (/proc/shake_camera)
[21:31:15]  source file: mob_helpers.dm,270
[21:31:15]  usr: (src)
[21:31:15]  src: null
[21:31:15]  call stack:
[21:31:15]shake camera(SpaceBorg (/mob/living/silicon/robot), 0.75, 1)
[21:31:15]SpaceBorg (/mob/living/silicon/robot): afterShuttleMove(space (70,20,13) (/turf/open/space/transit/north), /list (/list), 4, 1, 1, 0)
[21:31:15]SpaceBorg (/mob/living/silicon/robot): afterShuttleMove(space (70,20,13) (/turf/open/space/transit/north), /list (/list), 4, 1, 1, 0)
[21:31:15]the mining shuttle (/obj/docking_port/mobile): cleanup runway(the mining shuttle bay (/obj/docking_port/stationary), /list (/list), /list (/list), /list (/list), /list (/list), 0, 1, Space (/area/space), /turf/open/space/transit/north (/turf/open/space/transit/north), /turf/open/space (/turf/open/space))
[21:31:15]the mining shuttle (/obj/docking_port/mobile): initiate docking(the mining shuttle bay (/obj/docking_port/stationary), 1, 0)
[21:31:15]the mining shuttle (/obj/docking_port/mobile): check()
[21:31:15]Shuttle (/datum/controller/subsystem/shuttle): fire(0)
[21:31:15]Shuttle (/datum/controller/subsystem/shuttle): ignite(0)
runtime error: 
[21:31:15]nothing to animate
[21:31:15]proc name: shake camera (/proc/shake_camera)
[21:31:15]  source file: mob_helpers.dm,270
[21:31:15]  usr: (src)
[21:31:15]  src: null
[21:31:15]  call stack:
[21:31:15]shake camera(Rupert Arend (/mob/living/carbon/human), 0.75, 1)
[21:31:15]Rupert Arend (/mob/living/carbon/human): afterShuttleMove(space (70,18,13) (/turf/open/space/transit/north), /list (/list), 4, 1, 1, 0)
[21:31:15]Rupert Arend (/mob/living/carbon/human): afterShuttleMove(space (70,18,13) (/turf/open/space/transit/north), /list (/list), 4, 1, 1, 0)
[21:31:15]the mining shuttle (/obj/docking_port/mobile): cleanup runway(the mining shuttle bay (/obj/docking_port/stationary), /list (/list), /list (/list), /list (/list), /list (/list), 0, 1, Space (/area/space), /turf/open/space/transit/north (/turf/open/space/transit/north), /turf/open/space (/turf/open/space))
[21:31:15]the mining shuttle (/obj/docking_port/mobile): initiate docking(the mining shuttle bay (/obj/docking_port/stationary), 1, 0)
[21:31:15]the mining shuttle (/obj/docking_port/mobile): check()
[21:31:15]Shuttle (/datum/controller/subsystem/shuttle): fire(0)
[21:31:15]Shuttle (/datum/controller/subsystem/shuttle): ignite(0)
runtime error: 
[21:31:33]Cannot read null.client
[21:31:33]proc name: open (/datum/tgui/proc/open)
[21:31:33]  source file: tgui.dm,87
[21:31:33]  usr: J.J. Jones (/mob/living/carbon/human)
[21:31:33]  src: /datum/tgui (/datum/tgui)
[21:31:33]  usr.loc: the floor (129,138,2) (/turf/open/floor/plasteel/vault)
[21:31:33]  call stack:
[21:31:33]/datum/tgui (/datum/tgui): open()
[21:31:33]the tablet computer (/obj/item/device/modular_computer/tablet/preset/advanced): ui interact(null, "main", /datum/tgui (/datum/tgui), 0, null, /datum/ui_state/default (/datum/ui_state/default))
[21:31:33]the tablet computer (/obj/item/device/modular_computer/tablet/preset/advanced): attack self(J.J. Jones (/mob/living/carbon/human))
[21:31:33]J.J. Jones (/mob/living/carbon/human): ClickOn(the tablet computer (/obj/item/device/modular_computer/tablet/preset/advanced), "icon-x=13;icon-y=18;left=1;scr...")
[21:31:33]the tablet computer (/obj/item/device/modular_computer/tablet/preset/advanced): Click(null, "mapwindow.map", "icon-x=13;icon-y=18;left=1;scr...")
runtime error: 
[21:36:17]nothing to animate
[21:36:17]proc name: shake camera (/proc/shake_camera)
[21:36:17]  source file: mob_helpers.dm,270
[21:36:17]  usr: (src)
[21:36:17]  src: null
[21:36:17]  call stack:
[21:36:17]shake camera(Adolf Hitler (/mob/living/carbon/human), 0.75, 1)
[21:36:17]Adolf Hitler (/mob/living/carbon/human): afterShuttleMove(space (22,18,13) (/turf/open/space/transit/west), /list (/list), 8, 8, 8, 0)
[21:36:17]Adolf Hitler (/mob/living/carbon/human): afterShuttleMove(space (22,18,13) (/turf/open/space/transit/west), /list (/list), 8, 8, 8, 0)
[21:36:17]the pubby arrivals shuttle (/obj/docking_port/mobile/arrivals): cleanup runway(the pubby arrivals (/obj/docking_port/stationary), /list (/list), /list (/list), /list (/list), /list (/list), 0, 8, Space (/area/space), /turf/open/space/transit/west (/turf/open/space/transit/west), /turf/open/space (/turf/open/space))
[21:36:17]the pubby arrivals shuttle (/obj/docking_port/mobile/arrivals): initiate docking(the pubby arrivals (/obj/docking_port/stationary), 8, 0)
[21:36:17]the pubby arrivals shuttle (/obj/docking_port/mobile/arrivals): initiate docking(the pubby arrivals (/obj/docking_port/stationary), 8)
[21:36:17]the pubby arrivals shuttle (/obj/docking_port/mobile/arrivals): check()
[21:36:17]the pubby arrivals shuttle (/obj/docking_port/mobile/arrivals): check()
[21:36:17]Shuttle (/datum/controller/subsystem/shuttle): fire(0)
[21:36:17]Shuttle (/datum/controller/subsystem/shuttle): ignite(0)
runtime error: 
[21:36:46]Cannot read null.client
[21:36:46]proc name: open (/datum/tgui/proc/open)
[21:36:46]  source file: tgui.dm,87
[21:36:46]  usr: Tamsin Atweeke (/mob/living/carbon/human)
[21:36:46]  src: /datum/tgui (/datum/tgui)
[21:36:46]  usr.loc: the floor (122,102,2) (/turf/open/floor/plasteel/dark)
[21:36:46]  call stack:
[21:36:46]/datum/tgui (/datum/tgui): open()
[21:36:46]the tablet computer (/obj/item/device/modular_computer/tablet/preset/advanced): ui interact(null, "main", /datum/tgui (/datum/tgui), 0, null, /datum/ui_state/default (/datum/ui_state/default))
[21:36:46]the tablet computer (/obj/item/device/modular_computer/tablet/preset/advanced): attack self(Tamsin Atweeke (/mob/living/carbon/human))
[21:36:46]Tamsin Atweeke (/mob/living/carbon/human): ClickOn(the tablet computer (/obj/item/device/modular_computer/tablet/preset/advanced), "icon-x=20;icon-y=20;left=1;scr...")
[21:36:46]the tablet computer (/obj/item/device/modular_computer/tablet/preset/advanced): Click(null, "mapwindow.map", "icon-x=20;icon-y=20;left=1;scr...")
runtime error: 
[21:36:50]Cannot read null.client
[21:36:50]proc name: open (/datum/tgui/proc/open)
[21:36:50]  source file: tgui.dm,87
[21:36:50]  usr: Tamsin Atweeke (/mob/living/carbon/human)
[21:36:50]  src: /datum/tgui (/datum/tgui)
[21:36:50]  usr.loc: the floor (122,102,2) (/turf/open/floor/plasteel/dark)
[21:36:50]  call stack:
[21:36:50]/datum/tgui (/datum/tgui): open()
[21:36:50]the tablet computer (/obj/item/device/modular_computer/tablet/preset/advanced): ui interact(null, "main", /datum/tgui (/datum/tgui), 0, null, /datum/ui_state/default (/datum/ui_state/default))
[21:36:50]the tablet computer (/obj/item/device/modular_computer/tablet/preset/advanced): attack self(Tamsin Atweeke (/mob/living/carbon/human))
[21:36:50]Tamsin Atweeke (/mob/living/carbon/human): ClickOn(the tablet computer (/obj/item/device/modular_computer/tablet/preset/advanced), "icon-x=18;icon-y=18;left=1;scr...")
[21:36:50]the tablet computer (/obj/item/device/modular_computer/tablet/preset/advanced): Click(null, "mapwindow.map", "icon-x=18;icon-y=18;left=1;scr...")
runtime error: 
[21:37:17]Cannot read null.z
[21:37:17]proc name: toggle ai (/mob/living/simple_animal/proc/toggle_ai)
[21:37:17]  source file: simple_animal.dm,554
runtime error: 
[21:37:17]Cannot read null.z
[21:37:17]proc name: toggle ai (/mob/living/simple_animal/proc/toggle_ai)
[21:37:17]  source file: simple_animal.dm,554
runtime error: 
[21:37:17]nothing to animate
[21:37:17]proc name: shake camera (/proc/shake_camera)
[21:37:17]  source file: mob_helpers.dm,270
### MAP WARNING, Mining Shuttle Airlock at Mining Shuttle (54,36,5) failed to find a valid airlock to cyclelink with!
### MAP WARNING, Mining Shuttle Airlock at Mining Shuttle (68,19,13) failed to find a valid airlock to cyclelink with!
runtime error: 
[21:41:22]nothing to animate
[21:41:22]proc name: shake camera (/proc/shake_camera)
[21:41:22]  source file: mob_helpers.dm,270
runtime error: 
[21:41:42]Cannot read null.z
[21:41:42]proc name: toggle ai (/mob/living/simple_animal/proc/toggle_ai)
[21:41:42]  source file: simple_animal.dm,554
runtime error: 
[21:41:42]Cannot read null.z
[21:41:42]proc name: toggle ai (/mob/living/simple_animal/proc/toggle_ai)
[21:41:42]  source file: simple_animal.dm,554
runtime error: 
[21:44:30]Cannot read null.loc
[21:44:30]proc name: update parallax (/datum/hud/proc/update_parallax)
[21:44:30]  source file: parallax.dm,170
runtime error: 
[21:45:23]nothing to animate
[21:45:23]proc name: shake camera (/proc/shake_camera)
[21:45:23]  source file: mob_helpers.dm,270
runtime error: 
[21:46:09]Cannot read null.z
[21:46:09]proc name: toggle ai (/mob/living/simple_animal/proc/toggle_ai)
[21:46:09]  source file: simple_animal.dm,554
runtime error: 
[21:46:09]Cannot read null.z
[21:46:09]proc name: toggle ai (/mob/living/simple_animal/proc/toggle_ai)
[21:46:09]  source file: simple_animal.dm,554
runtime error: 
[21:46:09]nothing to animate
[21:46:09]proc name: shake camera (/proc/shake_camera)
[21:46:09]  source file: mob_helpers.dm,270
### MAP WARNING, Mining Shuttle Airlock at Mining Shuttle (54,36,5) failed to find a valid airlock to cyclelink with!
runtime error: 
[21:47:01]nothing to animate
[21:47:01]proc name: shake camera (/proc/shake_camera)
[21:47:01]  source file: mob_helpers.dm,270
### MAP WARNING, Mining Shuttle Airlock at Mining Shuttle (68,19,13) failed to find a valid airlock to cyclelink with!
runtime error: 
[21:53:22]nothing to animate
[21:53:22]proc name: shake camera (/proc/shake_camera)
[21:53:22]  source file: mob_helpers.dm,270
runtime error: 
[21:56:15]nothing to animate
[21:56:15]proc name: shake camera (/proc/shake_camera)
[21:56:15]  source file: mob_helpers.dm,270
### VarEdit by GreenTea98/(Drone (235)): /mob/living/simple_animal/drone name=Drone (235) => Swoledrone
### VarEdit by GreenTea98/(Swoledrone): /mob/living/simple_animal/drone real_name=Drone (235) => Swoledrone
runtime error: 
[21:59:25]Cannot read null.z
[21:59:25]proc name: toggle ai (/mob/living/simple_animal/proc/toggle_ai)
[21:59:25]  source file: simple_animal.dm,554
runtime error: 
[21:59:25]Cannot read null.z
[21:59:25]proc name: toggle ai (/mob/living/simple_animal/proc/toggle_ai)
[21:59:25]  source file: simple_animal.dm,554
runtime error: 
[21:59:25]nothing to animate
[21:59:25]proc name: shake camera (/proc/shake_camera)
[21:59:25]  source file: mob_helpers.dm,270
### MAP WARNING, Mining Shuttle Airlock at Mining Shuttle (54,36,5) failed to find a valid airlock to cyclelink with!
runtime error: 
[22:00:46]nothing to animate
[22:00:46]proc name: shake camera (/proc/shake_camera)
[22:00:46]  source file: mob_helpers.dm,270
runtime error: 
[22:01:04]Cannot execute null.Remove().
[22:01:04]proc name: check dropped (/obj/item/borg/upgrade/selfrepair/proc/check_dropped)
[22:01:04]  source file: robot_upgrades.dm,231
runtime error: 
[22:02:15]Cannot read null.client
[22:02:15]proc name: open (/datum/tgui/proc/open)
[22:02:15]  source file: tgui.dm,87
### MAP WARNING, Mining Shuttle Airlock at Mining Shuttle (92,19,13) failed to find a valid airlock to cyclelink with!
runtime error: 
[22:03:23]addtimer called with a callback assigned to a qdeleted object
[22:03:23]proc name: stack trace (/proc/stack_trace)
[22:03:23]  source file: unsorted.dm,1254
runtime error: 
[22:03:23]addtimer called with a callback assigned to a qdeleted object
[22:03:23]proc name: stack trace (/proc/stack_trace)
[22:03:23]  source file: unsorted.dm,1254
runtime error: 
[22:03:23]addtimer called with a callback assigned to a qdeleted object
[22:03:23]proc name: stack trace (/proc/stack_trace)
[22:03:23]  source file: unsorted.dm,1254
runtime error: 
[22:03:23]addtimer called with a callback assigned to a qdeleted object
[22:03:23]proc name: stack trace (/proc/stack_trace)
[22:03:23]  source file: unsorted.dm,1254
runtime error: 
[22:03:23]addtimer called with a callback assigned to a qdeleted object
[22:03:23]proc name: stack trace (/proc/stack_trace)
[22:03:23]  source file: unsorted.dm,1254
runtime error: 
[22:03:23]addtimer called with a callback assigned to a qdeleted object
[22:03:23]proc name: stack trace (/proc/stack_trace)
[22:03:23]  source file: unsorted.dm,1254
runtime error: 
[22:03:23]addtimer called with a callback assigned to a qdeleted object
[22:03:23]proc name: stack trace (/proc/stack_trace)
[22:03:23]  source file: unsorted.dm,1254
runtime error: 
[22:03:23]addtimer called with a callback assigned to a qdeleted object
[22:03:23]proc name: stack trace (/proc/stack_trace)
[22:03:23]  source file: unsorted.dm,1254
runtime error: 
[22:03:23]addtimer called with a callback assigned to a qdeleted object
[22:03:23]proc name: stack trace (/proc/stack_trace)
[22:03:23]  source file: unsorted.dm,1254
runtime error: 
[22:03:23]addtimer called with a callback assigned to a qdeleted object
[22:03:23]proc name: stack trace (/proc/stack_trace)
[22:03:23]  source file: unsorted.dm,1254
runtime error: 
[22:03:23]addtimer called with a callback assigned to a qdeleted object
[22:03:23]proc name: stack trace (/proc/stack_trace)
[22:03:23]  source file: unsorted.dm,1254
runtime error: 
[22:03:23]addtimer called with a callback assigned to a qdeleted object
[22:03:23]proc name: stack trace (/proc/stack_trace)
[22:03:23]  source file: unsorted.dm,1254
runtime error: 
[22:04:38]nothing to animate
[22:04:38]proc name: shake camera (/proc/shake_camera)
[22:04:38]  source file: mob_helpers.dm,270
runtime error: 
[22:06:52]Cannot read null.loc
[22:06:52]proc name: update parallax (/datum/hud/proc/update_parallax)
[22:06:52]  source file: parallax.dm,170
runtime error: 
[22:11:35]A ref was requested of an object with DF_USE_TAG set but no tag: Officer Beepsky
[22:11:35]proc name: stack trace (/proc/stack_trace)
[22:11:35]  source file: unsorted.dm,1254
runtime error: 
[22:12:45]nothing to animate
[22:12:45]proc name: shake camera (/proc/shake_camera)
[22:12:45]  source file: mob_helpers.dm,270
runtime error: 
[22:14:14]nothing to animate
[22:14:14]proc name: shake camera (/proc/shake_camera)
[22:14:14]  source file: mob_helpers.dm,270
runtime error: 
[22:15:38]nothing to animate
[22:15:38]proc name: shake camera (/proc/shake_camera)
[22:15:38]  source file: mob_helpers.dm,270
runtime error: 
[22:16:50]Cannot read null.client
[22:16:50]proc name: open (/datum/tgui/proc/open)
[22:16:50]  source file: tgui.dm,87
Saved 2 engraved messages on map PubbyStation
Shutting down Persistence subsystem...
Shutting down pathfinder subsystem...
Shutting down Squeak subsystem...
Shutting down Shuttle subsystem...
Shutting down Lighting subsystem...
Shutting down XKeyScore subsystem...
Shutting down Sticky Ban subsystem...
Shutting down Overlay subsystem...
Shutting down Icon Smoothing subsystem...
Shutting down Assets subsystem...
Shutting down Minimap subsystem...
Shutting down Atmospherics subsystem...
Shutting down Wet floors subsystem...
Shutting down Weather subsystem...
Shutting down Vote subsystem...
Shutting down Traumas subsystem...
Shutting down Title Screen subsystem...
Shutting down Time Tracking subsystem...
Shutting down Throwing subsystem...
Shutting down tgui subsystem...
Shutting down Sun subsystem...
Shutting down Space Drift subsystem...
Shutting down Religion subsystem...
Shutting down Radio subsystem...
Shutting down Radiation subsystem...
Shutting down Projectiles subsystem...
Shutting down Processing subsystem...
Shutting down Parallax subsystem...
Shutting down pAI subsystem...
Shutting down Orbits subsystem...
Shutting down Objects subsystem...
Shutting down NPC Pool subsystem...
Shutting down Night Shift subsystem...
Shutting down Mood subsystem...
Shutting down Mobs subsystem...
Shutting down Medals subsystem...
Shutting down Inbounds subsystem...
Shutting down Idling NPC Pool subsystem...
Shutting down Flightpack Movement subsystem...
Shutting down Fire Burning subsystem...
Shutting down Fields subsystem...
Shutting down Fast Processing subsystem...
Shutting down Disease subsystem...
Shutting down Communications subsystem...
Shutting down Augury subsystem...
Shutting down Acid subsystem...
Shutting down Timer subsystem...
Shutting down Circuit subsystem...
Shutting down Machines subsystem...
Shutting down Language subsystem...
Shutting down Atoms subsystem...
Shutting down Networks subsystem...
Shutting down Mapping subsystem...
Shutting down Ticker subsystem...
Shutting down Traits subsystem...
Shutting down Jobs subsystem...
Shutting down Events subsystem...
Shutting down Research subsystem...
Shutting down Input subsystem...
Shutting down Server Tasks subsystem...
Shutting down Blackbox subsystem...
Shutting down Database subsystem...
Shutting down Garbage subsystem...
Shutdown complete
World rebooted at 22:20:17
