

Starting up round ID 63. 13:11:09
---------------------
Initialized Blackbox subsystem within 0 seconds!
Initialized Server Tasks subsystem within 0 seconds!
Initialized Input subsystem within 0 seconds!
Initialized Research subsystem within 0 seconds!
Initialized Events subsystem within 0 seconds!
Initialized Jobs subsystem within 0 seconds!
Initialized Traits subsystem within 0 seconds!
Initialized Ticker subsystem within 0 seconds!
Loading Box Station...
Loaded Station in 5.4s!
Loaded Lavaland in 5.2s!
Loaded Reebe in 5.3s!
Ruin loader finished with 0 left to spend.
Ruin loader finished with 0 left to spend.
Initialized Mapping subsystem within 22.8 seconds!
Initialized Networks subsystem within 0 seconds!
Initialized Atoms subsystem within 42.1 seconds!
Initialized Language subsystem within 0 seconds!
Initialized Machines subsystem within 0.2 seconds!
Initialized Circuit subsystem within 0.1 seconds!
Initialized Disease subsystem within 0 seconds!
Initialized Medals subsystem within 0 seconds!
Initialized Night Shift subsystem within 0 seconds!
Initialized Weather subsystem within 0 seconds!
## WARNING: There are 16 active turfs at roundstart, this is a mapping error caused by a difference of the air between the adjacent turfs. You can see its coordinates using "Mapping -> Show roundstart AT list" verb (debug verbs required)
## WARNING: HEY! LISTEN! 1 second were wasted processing 16 turf(s) (connected to 20438 other turfs) with atmos differences at round start.
Initialized Atmospherics subsystem within 13.9 seconds!
Initialized Minimap subsystem within 0 seconds!
Initialized Assets subsystem within 0.9 seconds!
Initialized Icon Smoothing subsystem within 5.9 seconds!
Initialized Overlay subsystem within 25.1 seconds!
Initialized XKeyScore subsystem within 0 seconds!
Initialized Lighting subsystem within 10.8 seconds!
Initialized Shuttle subsystem within 21.8 seconds!
Initialized Squeak subsystem within 0 seconds!
Loaded 0 engraved messages on map Box Station
Initialized Persistence subsystem within 0 seconds!
Initializations complete within 143.7 seconds!
runtime error: 
[15:14:43]Cannot read null.client
[15:14:43]proc name: remove from client (/datum/action/vote/proc/remove_from_client)
[15:14:43]  source file: vote.dm,321
[15:14:43]  usr: null
[15:14:43]  src: Vote! (/datum/action/vote)
[15:14:43]  call stack:
[15:14:43]Vote! (/datum/action/vote): remove from client()
[15:14:43]Vote (/datum/controller/subsystem/vote): remove action buttons()
[15:14:43]Vote (/datum/controller/subsystem/vote): announce result()
[15:14:43]Vote (/datum/controller/subsystem/vote): result()
[15:14:43]Vote (/datum/controller/subsystem/vote): fire(0)
[15:14:43]Vote (/datum/controller/subsystem/vote): ignite(0)
[15:14:43]Master (/datum/controller/master): RunQueue()
[15:14:43]Master (/datum/controller/master): Loop()
[15:14:43]Master (/datum/controller/master): StartProcessing(0)
Shutting down Persistence subsystem...
Shutting down pathfinder subsystem...
Shutting down Squeak subsystem...
Shutting down Shuttle subsystem...
Shutting down Lighting subsystem...
Shutting down XKeyScore subsystem...
Shutting down Sticky Ban subsystem...
Shutting down Overlay subsystem...
Shutting down Icon Smoothing subsystem...
Shutting down Assets subsystem...
Shutting down Minimap subsystem...
Shutting down Atmospherics subsystem...
Shutting down Weather subsystem...
Shutting down Vote subsystem...
Shutting down Traumas subsystem...
Shutting down Title Screen subsystem...
Shutting down Time Tracking subsystem...
Shutting down Throwing subsystem...
Shutting down tgui subsystem...
Shutting down Sun subsystem...
Shutting down Space Drift subsystem...
Shutting down Religion subsystem...
Shutting down Radio subsystem...
Shutting down Radiation subsystem...
Shutting down Projectiles subsystem...
Shutting down Processing subsystem...
Shutting down Parallax subsystem...
Shutting down pAI subsystem...
Shutting down Orbits subsystem...
Shutting down Objects subsystem...
Shutting down NPC Pool subsystem...
Shutting down Night Shift subsystem...
Shutting down Mood subsystem...
Shutting down Mobs subsystem...
Shutting down Medals subsystem...
Shutting down Inbounds subsystem...
Shutting down Idling NPC Pool subsystem...
Shutting down Flightpack Movement subsystem...
Shutting down Fire Burning subsystem...
Shutting down Fields subsystem...
Shutting down Fast Processing subsystem...
Shutting down Disease subsystem...
Shutting down Communications subsystem...
Shutting down Augury subsystem...
Shutting down Acid subsystem...
Shutting down Timer subsystem...
Shutting down Circuit subsystem...
Shutting down Machines subsystem...
Shutting down Language subsystem...
Shutting down Atoms subsystem...
Shutting down Networks subsystem...
Shutting down Mapping subsystem...
Shutting down Ticker subsystem...
Shutting down Traits subsystem...
Shutting down Jobs subsystem...
Shutting down Events subsystem...
Shutting down Research subsystem...
Shutting down Input subsystem...
Shutting down Server Tasks subsystem...
Shutting down Blackbox subsystem...
Shutting down Database subsystem...
Shutting down Garbage subsystem...
Shutdown complete
World rebooted at 15:16:13
