

Starting up round ID 1368. 16:39:17
---------------------
nikolasskimze \ Jamie Demuth \ Detective \ brother \ ROUNDSTART
catmanpop \ Hatsune Miku \ Medical Doctor \ NONE \ ROUNDSTART
seamelonus \ Oswald Smalls \ Quartermaster \ NONE \ ROUNDSTART
haggisshuu \ Gragnir Grolob \ Captain \ NONE \ ROUNDSTART
supe22 \ Noenio \ Cook \ traitor \ ROUNDSTART
zanderdowdall \ Alex Dowdall \ Shaft Miner \ NONE \ ROUNDSTART
blurbo \ Bob Ross \ Bartender \ brother \ ROUNDSTART
Kelesis \ Theodore Eliza \ Chief Engineer \ NONE \ LATEJOIN
Mrwiff \ Troy Wise \ Assistant \ NONE \ LATEJOIN
Red Axolotl \ Breaks-The-Bad \ Scientist \ NONE \ LATEJOIN
Raddog \ Matt Yevpraksiya \ Chief Medical Officer \ NONE \ LATEJOIN
Re1Taz \ Mike Wadibidowski \ Assistant \ NONE \ LATEJOIN
Swindel_ \ Tul-Ullis \ Head of Personnel \ NONE \ LATEJOIN
greentea98 \ Helps-The-Station \ Security Officer \ NONE \ LATEJOIN
JasioPL123 \ Natalie Shaner \ Station Engineer \ NONE \ LATEJOIN
Quijas \ Quijas Cipe \ Janitor \ NONE \ LATEJOIN
Braskx \ Tim Cow \ Janitor \ NONE \ LATEJOIN
Goodie_boy \ Dan Ox \ Botanist \ NONE \ LATEJOIN
Arrfur \ Has-The-Big-Iron-On-His-Hip \ Security Officer \ NONE \ LATEJOIN
TCOR3987 \ Ismael Edwards \ Assistant \ NONE \ LATEJOIN
Itookthisnam3 \ Shawn Hook \ Head of Security \ NONE \ LATEJOIN
Princekempy \ Nadav Umptiss \ Roboticist \ NONE \ LATEJOIN
