

Starting up round ID 1037. 09:22:20
---------------------
Initialized Database subsystem within 0 seconds!
Initialized Blackbox subsystem within 0 seconds!
Initialized Server Tasks subsystem within 0 seconds!
Initialized Input subsystem within 0 seconds!
Initialized Research subsystem within 0.1 seconds!
Initialized Events subsystem within 0 seconds!
Initialized Jobs subsystem within 0 seconds!
Initialized Traits subsystem within 0 seconds!
Initialized Ticker subsystem within 0 seconds!
Loading BeeStation 1...
Loaded Station in 5.1s!
Loaded Lavaland in 6.1s!
Loaded Reebe in 5.7s!
runtime error: 
[09:22:42]Cannot execute null.copy from().
[09:22:42]proc name: Assimilate Air (/turf/open/proc/Assimilate_Air)
[09:22:42]  source file: ChangeTurf.dm,263
[09:22:42]  usr: null
[09:22:42]  src: the snow (37,35,14) (/turf/open/floor/plating/asteroid/snow/atmosphere)
[09:22:42]  call stack:
[09:22:42]the snow (37,35,14) (/turf/open/floor/plating/asteroid/snow/atmosphere): Assimilate Air()
[09:22:42]the snow (37,35,14) (/turf/open/floor/plating/asteroid/snow/atmosphere): AfterChange(null)
[09:22:42]the snow (37,35,14) (/turf/open/floor/plating/asteroid/snow/atmosphere): ChangeTurf(/turf/open/floor/plating/aster... (/turf/open/floor/plating/asteroid/snow/atmosphere), null, null)
[09:22:42]the snow (37,35,14) (/turf/open/floor/plating/asteroid/snow/atmosphere): ChangeTurf(/turf/open/floor/plating/aster... (/turf/open/floor/plating/asteroid/snow/atmosphere), null, null)
[09:22:42]/datum/mapGeneratorModule/bott... (/datum/mapGeneratorModule/bottomlayer/snow): place(the snow (37,35,14) (/turf/open/floor/plating/asteroid/snow/atmosphere))
[09:22:42]/datum/mapGeneratorModule/bott... (/datum/mapGeneratorModule/bottomlayer/snow): generate()
[09:22:42]world: ImmediateInvokeAsync(/datum/mapGeneratorModule/bott... (/datum/mapGeneratorModule/bottomlayer/snow), /datum/mapGeneratorModule/proc... (/datum/mapGeneratorModule/proc/generate))
[09:22:42]/datum/mapGenerator/snowy (/datum/mapGenerator/snowy): generate()
[09:22:42]the landmark (/obj/effect/landmark/mapGenerator/snowy): New(the snow (37,35,14) (/turf/open/floor/plating/asteroid/snow/atmosphere))
[09:22:42]/dmm_suite (/dmm_suite): create atom(/obj/effect/landmark/mapGenera... (/obj/effect/landmark/mapGenerator/snowy), the snow (37,35,14) (/turf/open/floor/plating/asteroid/snow/atmosphere))
[09:22:42]/dmm_suite (/dmm_suite): instance atom(/obj/effect/landmark/mapGenera... (/obj/effect/landmark/mapGenerator/snowy), /list (/list), the snow (37,35,14) (/turf/open/floor/plating/asteroid/snow/atmosphere), 1, 1)
[09:22:42]/dmm_suite (/dmm_suite): parse grid("\n/obj/effect/landmark/mapGene...", "dt", 37, 35, 14, 1, 1)
[09:22:42]/dmm_suite (/dmm_suite): load map impl(_maps/RandomZLevels/Cabin.dmm, 1, 1, 14, null, null, 1, -1e+31, 1e+31, -1e+31, 1e+31, 1)
[09:22:42]/dmm_suite (/dmm_suite): load map(_maps/RandomZLevels/Cabin.dmm, 0, 0, 14, null, null, 1, null, null, null, null, 1)
[09:22:42]Away Mission (/datum/map_template): load new z()
[09:22:42]load new z level("_maps/RandomZLevels/Cabin.dmm", "Away Mission")
[09:22:42]createRandomZlevel()
[09:22:42]Mapping (/datum/controller/subsystem/mapping): Initialize(337412)
[09:22:42]Master (/datum/controller/master): Initialize(10, 0)
runtime error: 
[09:22:42]Cannot execute null.copy from().
[09:22:42]proc name: Assimilate Air (/turf/open/proc/Assimilate_Air)
[09:22:42]  source file: ChangeTurf.dm,263
[09:22:42]  usr: null
[09:22:42]  src: the snow (38,35,14) (/turf/open/floor/plating/asteroid/snow/atmosphere)
[09:22:42]  call stack:
[09:22:42]the snow (38,35,14) (/turf/open/floor/plating/asteroid/snow/atmosphere): Assimilate Air()
[09:22:42]the snow (38,35,14) (/turf/open/floor/plating/asteroid/snow/atmosphere): AfterChange(null)
[09:22:42]the snow (38,35,14) (/turf/open/floor/plating/asteroid/snow/atmosphere): ChangeTurf(/turf/open/floor/plating/aster... (/turf/open/floor/plating/asteroid/snow/atmosphere), null, null)
[09:22:42]/datum/mapGeneratorModule/bott... (/datum/mapGeneratorModule/bottomlayer/snow): place(the snow (38,35,14) (/turf/open/floor/plating/asteroid/snow/atmosphere))
[09:22:42]/datum/mapGeneratorModule/bott... (/datum/mapGeneratorModule/bottomlayer/snow): generate()
[09:22:42]world: ImmediateInvokeAsync(/datum/mapGeneratorModule/bott... (/datum/mapGeneratorModule/bottomlayer/snow), /datum/mapGeneratorModule/proc... (/datum/mapGeneratorModule/proc/generate))
[09:22:42]/datum/mapGenerator/snowy (/datum/mapGenerator/snowy): generate()
[09:22:42]the landmark (/obj/effect/landmark/mapGenerator/snowy): New(the snow (37,35,14) (/turf/open/floor/plating/asteroid/snow/atmosphere))
[09:22:42]/dmm_suite (/dmm_suite): create atom(/obj/effect/landmark/mapGenera... (/obj/effect/landmark/mapGenerator/snowy), the snow (37,35,14) (/turf/open/floor/plating/asteroid/snow/atmosphere))
[09:22:42]/dmm_suite (/dmm_suite): instance atom(/obj/effect/landmark/mapGenera... (/obj/effect/landmark/mapGenerator/snowy), /list (/list), the snow (37,35,14) (/turf/open/floor/plating/asteroid/snow/atmosphere), 1, 1)
[09:22:42]/dmm_suite (/dmm_suite): parse grid("\n/obj/effect/landmark/mapGene...", "dt", 37, 35, 14, 1, 1)
[09:22:42]/dmm_suite (/dmm_suite): load map impl(_maps/RandomZLevels/Cabin.dmm, 1, 1, 14, null, null, 1, -1e+31, 1e+31, -1e+31, 1e+31, 1)
[09:22:42]/dmm_suite (/dmm_suite): load map(_maps/RandomZLevels/Cabin.dmm, 0, 0, 14, null, null, 1, null, null, null, null, 1)
[09:22:42]Away Mission (/datum/map_template): load new z()
[09:22:42]load new z level("_maps/RandomZLevels/Cabin.dmm", "Away Mission")
[09:22:42]createRandomZlevel()
[09:22:42]Mapping (/datum/controller/subsystem/mapping): Initialize(337412)
[09:22:42]Master (/datum/controller/master): Initialize(10, 0)
runtime error: 
[09:22:42]Cannot execute null.copy from().
[09:22:42]proc name: Assimilate Air (/turf/open/proc/Assimilate_Air)
[09:22:42]  source file: ChangeTurf.dm,263
[09:22:42]  usr: null
[09:22:42]  src: the snow (39,35,14) (/turf/open/floor/plating/asteroid/snow/atmosphere)
[09:22:42]  call stack:
[09:22:42]the snow (39,35,14) (/turf/open/floor/plating/asteroid/snow/atmosphere): Assimilate Air()
[09:22:42]the snow (39,35,14) (/turf/open/floor/plating/asteroid/snow/atmosphere): AfterChange(null)
[09:22:42]the snow (39,35,14) (/turf/open/floor/plating/asteroid/snow/atmosphere): ChangeTurf(/turf/open/floor/plating/aster... (/turf/open/floor/plating/asteroid/snow/atmosphere), null, null)
[09:22:42]/datum/mapGeneratorModule/bott... (/datum/mapGeneratorModule/bottomlayer/snow): place(the snow (39,35,14) (/turf/open/floor/plating/asteroid/snow/atmosphere))
[09:22:42]/datum/mapGeneratorModule/bott... (/datum/mapGeneratorModule/bottomlayer/snow): generate()
[09:22:42]world: ImmediateInvokeAsync(/datum/mapGeneratorModule/bott... (/datum/mapGeneratorModule/bottomlayer/snow), /datum/mapGeneratorModule/proc... (/datum/mapGeneratorModule/proc/generate))
[09:22:42]/datum/mapGenerator/snowy (/datum/mapGenerator/snowy): generate()
[09:22:42]the landmark (/obj/effect/landmark/mapGenerator/snowy): New(the snow (37,35,14) (/turf/open/floor/plating/asteroid/snow/atmosphere))
[09:22:42]/dmm_suite (/dmm_suite): create atom(/obj/effect/landmark/mapGenera... (/obj/effect/landmark/mapGenerator/snowy), the snow (37,35,14) (/turf/open/floor/plating/asteroid/snow/atmosphere))
[09:22:42]/dmm_suite (/dmm_suite): instance atom(/obj/effect/landmark/mapGenera... (/obj/effect/landmark/mapGenerator/snowy), /list (/list), the snow (37,35,14) (/turf/open/floor/plating/asteroid/snow/atmosphere), 1, 1)
[09:22:42]/dmm_suite (/dmm_suite): parse grid("\n/obj/effect/landmark/mapGene...", "dt", 37, 35, 14, 1, 1)
[09:22:42]/dmm_suite (/dmm_suite): load map impl(_maps/RandomZLevels/Cabin.dmm, 1, 1, 14, null, null, 1, -1e+31, 1e+31, -1e+31, 1e+31, 1)
[09:22:42]/dmm_suite (/dmm_suite): load map(_maps/RandomZLevels/Cabin.dmm, 0, 0, 14, null, null, 1, null, null, null, null, 1)
[09:22:42]Away Mission (/datum/map_template): load new z()
[09:22:42]load new z level("_maps/RandomZLevels/Cabin.dmm", "Away Mission")
[09:22:42]createRandomZlevel()
[09:22:42]Mapping (/datum/controller/subsystem/mapping): Initialize(337412)
[09:22:42]Master (/datum/controller/master): Initialize(10, 0)
runtime error: 
[09:22:42]Cannot execute null.copy from().
[09:22:42]proc name: Assimilate Air (/turf/open/proc/Assimilate_Air)
[09:22:42]  source file: ChangeTurf.dm,263
[09:22:42]  usr: null
[09:22:42]  src: the snow (40,35,14) (/turf/open/floor/plating/asteroid/snow/atmosphere)
[09:22:42]  call stack:
[09:22:42]the snow (40,35,14) (/turf/open/floor/plating/asteroid/snow/atmosphere): Assimilate Air()
[09:22:42]the snow (40,35,14) (/turf/open/floor/plating/asteroid/snow/atmosphere): AfterChange(null)
[09:22:42]the snow (40,35,14) (/turf/open/floor/plating/asteroid/snow/atmosphere): ChangeTurf(/turf/open/floor/plating/aster... (/turf/open/floor/plating/asteroid/snow/atmosphere), null, null)
[09:22:42]/datum/mapGeneratorModule/bott... (/datum/mapGeneratorModule/bottomlayer/snow): place(the snow (40,35,14) (/turf/open/floor/plating/asteroid/snow/atmosphere))
[09:22:42]/datum/mapGeneratorModule/bott... (/datum/mapGeneratorModule/bottomlayer/snow): generate()
[09:22:42]world: ImmediateInvokeAsync(/datum/mapGeneratorModule/bott... (/datum/mapGeneratorModule/bottomlayer/snow), /datum/mapGeneratorModule/proc... (/datum/mapGeneratorModule/proc/generate))
[09:22:42]/datum/mapGenerator/snowy (/datum/mapGenerator/snowy): generate()
[09:22:42]the landmark (/obj/effect/landmark/mapGenerator/snowy): New(the snow (37,35,14) (/turf/open/floor/plating/asteroid/snow/atmosphere))
[09:22:42]/dmm_suite (/dmm_suite): create atom(/obj/effect/landmark/mapGenera... (/obj/effect/landmark/mapGenerator/snowy), the snow (37,35,14) (/turf/open/floor/plating/asteroid/snow/atmosphere))
[09:22:42]/dmm_suite (/dmm_suite): instance atom(/obj/effect/landmark/mapGenera... (/obj/effect/landmark/mapGenerator/snowy), /list (/list), the snow (37,35,14) (/turf/open/floor/plating/asteroid/snow/atmosphere), 1, 1)
[09:22:42]/dmm_suite (/dmm_suite): parse grid("\n/obj/effect/landmark/mapGene...", "dt", 37, 35, 14, 1, 1)
[09:22:42]/dmm_suite (/dmm_suite): load map impl(_maps/RandomZLevels/Cabin.dmm, 1, 1, 14, null, null, 1, -1e+31, 1e+31, -1e+31, 1e+31, 1)
[09:22:42]/dmm_suite (/dmm_suite): load map(_maps/RandomZLevels/Cabin.dmm, 0, 0, 14, null, null, 1, null, null, null, null, 1)
[09:22:42]Away Mission (/datum/map_template): load new z()
[09:22:42]load new z level("_maps/RandomZLevels/Cabin.dmm", "Away Mission")
[09:22:42]createRandomZlevel()
[09:22:42]Mapping (/datum/controller/subsystem/mapping): Initialize(337412)
[09:22:42]Master (/datum/controller/master): Initialize(10, 0)
runtime error: 
[09:22:42]Cannot execute null.copy from().
[09:22:42]proc name: Assimilate Air (/turf/open/proc/Assimilate_Air)
[09:22:42]  source file: ChangeTurf.dm,263
[09:22:42]  usr: null
[09:22:42]  src: the snow (41,35,14) (/turf/open/floor/plating/asteroid/snow/atmosphere)
[09:22:42]  call stack:
[09:22:42]the snow (41,35,14) (/turf/open/floor/plating/asteroid/snow/atmosphere): Assimilate Air()
[09:22:42]the snow (41,35,14) (/turf/open/floor/plating/asteroid/snow/atmosphere): AfterChange(null)
[09:22:42]the snow (41,35,14) (/turf/open/floor/plating/asteroid/snow/atmosphere): ChangeTurf(/turf/open/floor/plating/aster... (/turf/open/floor/plating/asteroid/snow/atmosphere), null, null)
[09:22:42]/datum/mapGeneratorModule/bott... (/datum/mapGeneratorModule/bottomlayer/snow): place(the snow (41,35,14) (/turf/open/floor/plating/asteroid/snow/atmosphere))
[09:22:42]/datum/mapGeneratorModule/bott... (/datum/mapGeneratorModule/bottomlayer/snow): generate()
[09:22:42]world: ImmediateInvokeAsync(/datum/mapGeneratorModule/bott... (/datum/mapGeneratorModule/bottomlayer/snow), /datum/mapGeneratorModule/proc... (/datum/mapGeneratorModule/proc/generate))
[09:22:42]/datum/mapGenerator/snowy (/datum/mapGenerator/snowy): generate()
[09:22:42]the landmark (/obj/effect/landmark/mapGenerator/snowy): New(the snow (37,35,14) (/turf/open/floor/plating/asteroid/snow/atmosphere))
[09:22:42]/dmm_suite (/dmm_suite): create atom(/obj/effect/landmark/mapGenera... (/obj/effect/landmark/mapGenerator/snowy), the snow (37,35,14) (/turf/open/floor/plating/asteroid/snow/atmosphere))
[09:22:42]/dmm_suite (/dmm_suite): instance atom(/obj/effect/landmark/mapGenera... (/obj/effect/landmark/mapGenerator/snowy), /list (/list), the snow (37,35,14) (/turf/open/floor/plating/asteroid/snow/atmosphere), 1, 1)
[09:22:42]/dmm_suite (/dmm_suite): parse grid("\n/obj/effect/landmark/mapGene...", "dt", 37, 35, 14, 1, 1)
[09:22:42]/dmm_suite (/dmm_suite): load map impl(_maps/RandomZLevels/Cabin.dmm, 1, 1, 14, null, null, 1, -1e+31, 1e+31, -1e+31, 1e+31, 1)
[09:22:42]/dmm_suite (/dmm_suite): load map(_maps/RandomZLevels/Cabin.dmm, 0, 0, 14, null, null, 1, null, null, null, null, 1)
[09:22:42]Away Mission (/datum/map_template): load new z()
[09:22:42]load new z level("_maps/RandomZLevels/Cabin.dmm", "Away Mission")
[09:22:42]createRandomZlevel()
[09:22:42]Mapping (/datum/controller/subsystem/mapping): Initialize(337412)
[09:22:42]Master (/datum/controller/master): Initialize(10, 0)
runtime error: 
[09:22:42]Cannot execute null.copy from().
[09:22:42]proc name: Assimilate Air (/turf/open/proc/Assimilate_Air)
[09:22:42]  source file: ChangeTurf.dm,263
[09:22:42]  usr: null
[09:22:42]  src: the snow (42,35,14) (/turf/open/floor/plating/asteroid/snow/atmosphere)
[09:22:42]  call stack:
[09:22:42]the snow (42,35,14) (/turf/open/floor/plating/asteroid/snow/atmosphere): Assimilate Air()
[09:22:42]the snow (42,35,14) (/turf/open/floor/plating/asteroid/snow/atmosphere): AfterChange(null)
[09:22:42]the snow (42,35,14) (/turf/open/floor/plating/asteroid/snow/atmosphere): ChangeTurf(/turf/open/floor/plating/aster... (/turf/open/floor/plating/asteroid/snow/atmosphere), null, null)
[09:22:42]/datum/mapGeneratorModule/bott... (/datum/mapGeneratorModule/bottomlayer/snow): place(the snow (42,35,14) (/turf/open/floor/plating/asteroid/snow/atmosphere))
[09:22:42]/datum/mapGeneratorModule/bott... (/datum/mapGeneratorModule/bottomlayer/snow): generate()
[09:22:42]world: ImmediateInvokeAsync(/datum/mapGeneratorModule/bott... (/datum/mapGeneratorModule/bottomlayer/snow), /datum/mapGeneratorModule/proc... (/datum/mapGeneratorModule/proc/generate))
[09:22:42]/datum/mapGenerator/snowy (/datum/mapGenerator/snowy): generate()
[09:22:42]the landmark (/obj/effect/landmark/mapGenerator/snowy): New(the snow (37,35,14) (/turf/open/floor/plating/asteroid/snow/atmosphere))
[09:22:42]/dmm_suite (/dmm_suite): create atom(/obj/effect/landmark/mapGenera... (/obj/effect/landmark/mapGenerator/snowy), the snow (37,35,14) (/turf/open/floor/plating/asteroid/snow/atmosphere))
[09:22:42]/dmm_suite (/dmm_suite): instance atom(/obj/effect/landmark/mapGenera... (/obj/effect/landmark/mapGenerator/snowy), /list (/list), the snow (37,35,14) (/turf/open/floor/plating/asteroid/snow/atmosphere), 1, 1)
[09:22:42]/dmm_suite (/dmm_suite): parse grid("\n/obj/effect/landmark/mapGene...", "dt", 37, 35, 14, 1, 1)
[09:22:42]/dmm_suite (/dmm_suite): load map impl(_maps/RandomZLevels/Cabin.dmm, 1, 1, 14, null, null, 1, -1e+31, 1e+31, -1e+31, 1e+31, 1)
[09:22:42]/dmm_suite (/dmm_suite): load map(_maps/RandomZLevels/Cabin.dmm, 0, 0, 14, null, null, 1, null, null, null, null, 1)
[09:22:42]Away Mission (/datum/map_template): load new z()
[09:22:42]load new z level("_maps/RandomZLevels/Cabin.dmm", "Away Mission")
[09:22:42]createRandomZlevel()
[09:22:42]Mapping (/datum/controller/subsystem/mapping): Initialize(337412)
[09:22:42]Master (/datum/controller/master): Initialize(10, 0)
runtime error: 
[09:22:42]Cannot execute null.copy from().
[09:22:42]proc name: Assimilate Air (/turf/open/proc/Assimilate_Air)
[09:22:42]  source file: ChangeTurf.dm,263
[09:22:42]  usr: null
[09:22:42]  src: the snow (43,35,14) (/turf/open/floor/plating/asteroid/snow/atmosphere)
[09:22:42]  call stack:
[09:22:42]the snow (43,35,14) (/turf/open/floor/plating/asteroid/snow/atmosphere): Assimilate Air()
[09:22:42]the snow (43,35,14) (/turf/open/floor/plating/asteroid/snow/atmosphere): AfterChange(null)
[09:22:42]the snow (43,35,14) (/turf/open/floor/plating/asteroid/snow/atmosphere): ChangeTurf(/turf/open/floor/plating/aster... (/turf/open/floor/plating/asteroid/snow/atmosphere), null, null)
[09:22:42]/datum/mapGeneratorModule/bott... (/datum/mapGeneratorModule/bottomlayer/snow): place(the snow (43,35,14) (/turf/open/floor/plating/asteroid/snow/atmosphere))
[09:22:42]/datum/mapGeneratorModule/bott... (/datum/mapGeneratorModule/bottomlayer/snow): generate()
[09:22:42]world: ImmediateInvokeAsync(/datum/mapGeneratorModule/bott... (/datum/mapGeneratorModule/bottomlayer/snow), /datum/mapGeneratorModule/proc... (/datum/mapGeneratorModule/proc/generate))
[09:22:42]/datum/mapGenerator/snowy (/datum/mapGenerator/snowy): generate()
[09:22:42]the landmark (/obj/effect/landmark/mapGenerator/snowy): New(the snow (37,35,14) (/turf/open/floor/plating/asteroid/snow/atmosphere))
[09:22:42]/dmm_suite (/dmm_suite): create atom(/obj/effect/landmark/mapGenera... (/obj/effect/landmark/mapGenerator/snowy), the snow (37,35,14) (/turf/open/floor/plating/asteroid/snow/atmosphere))
[09:22:42]/dmm_suite (/dmm_suite): instance atom(/obj/effect/landmark/mapGenera... (/obj/effect/landmark/mapGenerator/snowy), /list (/list), the snow (37,35,14) (/turf/open/floor/plating/asteroid/snow/atmosphere), 1, 1)
[09:22:42]/dmm_suite (/dmm_suite): parse grid("\n/obj/effect/landmark/mapGene...", "dt", 37, 35, 14, 1, 1)
[09:22:42]/dmm_suite (/dmm_suite): load map impl(_maps/RandomZLevels/Cabin.dmm, 1, 1, 14, null, null, 1, -1e+31, 1e+31, -1e+31, 1e+31, 1)
[09:22:42]/dmm_suite (/dmm_suite): load map(_maps/RandomZLevels/Cabin.dmm, 0, 0, 14, null, null, 1, null, null, null, null, 1)
[09:22:42]Away Mission (/datum/map_template): load new z()
[09:22:42]load new z level("_maps/RandomZLevels/Cabin.dmm", "Away Mission")
[09:22:42]createRandomZlevel()
[09:22:42]Mapping (/datum/controller/subsystem/mapping): Initialize(337412)
[09:22:42]Master (/datum/controller/master): Initialize(10, 0)
runtime error: 
[09:22:42]Cannot execute null.copy from().
[09:22:42]proc name: Assimilate Air (/turf/open/proc/Assimilate_Air)
[09:22:42]  source file: ChangeTurf.dm,263
[09:22:42]  usr: null
[09:22:42]  src: the snow (44,35,14) (/turf/open/floor/plating/asteroid/snow/atmosphere)
[09:22:42]  call stack:
[09:22:42]the snow (44,35,14) (/turf/open/floor/plating/asteroid/snow/atmosphere): Assimilate Air()
[09:22:42]the snow (44,35,14) (/turf/open/floor/plating/asteroid/snow/atmosphere): AfterChange(null)
[09:22:42]the snow (44,35,14) (/turf/open/floor/plating/asteroid/snow/atmosphere): ChangeTurf(/turf/open/floor/plating/aster... (/turf/open/floor/plating/asteroid/snow/atmosphere), null, null)
[09:22:42]/datum/mapGeneratorModule/bott... (/datum/mapGeneratorModule/bottomlayer/snow): place(the snow (44,35,14) (/turf/open/floor/plating/asteroid/snow/atmosphere))
[09:22:42]/datum/mapGeneratorModule/bott... (/datum/mapGeneratorModule/bottomlayer/snow): generate()
[09:22:42]world: ImmediateInvokeAsync(/datum/mapGeneratorModule/bott... (/datum/mapGeneratorModule/bottomlayer/snow), /datum/mapGeneratorModule/proc... (/datum/mapGeneratorModule/proc/generate))
[09:22:42]/datum/mapGenerator/snowy (/datum/mapGenerator/snowy): generate()
[09:22:42]the landmark (/obj/effect/landmark/mapGenerator/snowy): New(the snow (37,35,14) (/turf/open/floor/plating/asteroid/snow/atmosphere))
[09:22:42]/dmm_suite (/dmm_suite): create atom(/obj/effect/landmark/mapGenera... (/obj/effect/landmark/mapGenerator/snowy), the snow (37,35,14) (/turf/open/floor/plating/asteroid/snow/atmosphere))
[09:22:42]/dmm_suite (/dmm_suite): instance atom(/obj/effect/landmark/mapGenera... (/obj/effect/landmark/mapGenerator/snowy), /list (/list), the snow (37,35,14) (/turf/open/floor/plating/asteroid/snow/atmosphere), 1, 1)
[09:22:42]/dmm_suite (/dmm_suite): parse grid("\n/obj/effect/landmark/mapGene...", "dt", 37, 35, 14, 1, 1)
[09:22:42]/dmm_suite (/dmm_suite): load map impl(_maps/RandomZLevels/Cabin.dmm, 1, 1, 14, null, null, 1, -1e+31, 1e+31, -1e+31, 1e+31, 1)
[09:22:42]/dmm_suite (/dmm_suite): load map(_maps/RandomZLevels/Cabin.dmm, 0, 0, 14, null, null, 1, null, null, null, null, 1)
[09:22:42]Away Mission (/datum/map_template): load new z()
[09:22:42]load new z level("_maps/RandomZLevels/Cabin.dmm", "Away Mission")
[09:22:42]createRandomZlevel()
[09:22:42]Mapping (/datum/controller/subsystem/mapping): Initialize(337412)
[09:22:42]Master (/datum/controller/master): Initialize(10, 0)
runtime error: 
[09:22:42]Cannot execute null.copy from().
[09:22:42]proc name: Assimilate Air (/turf/open/proc/Assimilate_Air)
[09:22:42]  source file: ChangeTurf.dm,263
[09:22:42]  usr: null
[09:22:42]  src: the snow (45,35,14) (/turf/open/floor/plating/asteroid/snow/atmosphere)
[09:22:42]  call stack:
[09:22:42]the snow (45,35,14) (/turf/open/floor/plating/asteroid/snow/atmosphere): Assimilate Air()
[09:22:42]the snow (45,35,14) (/turf/open/floor/plating/asteroid/snow/atmosphere): AfterChange(null)
[09:22:42]the snow (45,35,14) (/turf/open/floor/plating/asteroid/snow/atmosphere): ChangeTurf(/turf/open/floor/plating/aster... (/turf/open/floor/plating/asteroid/snow/atmosphere), null, null)
[09:22:42]/datum/mapGeneratorModule/bott... (/datum/mapGeneratorModule/bottomlayer/snow): place(the snow (45,35,14) (/turf/open/floor/plating/asteroid/snow/atmosphere))
[09:22:42]/datum/mapGeneratorModule/bott... (/datum/mapGeneratorModule/bottomlayer/snow): generate()
[09:22:42]world: ImmediateInvokeAsync(/datum/mapGeneratorModule/bott... (/datum/mapGeneratorModule/bottomlayer/snow), /datum/mapGeneratorModule/proc... (/datum/mapGeneratorModule/proc/generate))
[09:22:42]/datum/mapGenerator/snowy (/datum/mapGenerator/snowy): generate()
[09:22:42]the landmark (/obj/effect/landmark/mapGenerator/snowy): New(the snow (37,35,14) (/turf/open/floor/plating/asteroid/snow/atmosphere))
[09:22:42]/dmm_suite (/dmm_suite): create atom(/obj/effect/landmark/mapGenera... (/obj/effect/landmark/mapGenerator/snowy), the snow (37,35,14) (/turf/open/floor/plating/asteroid/snow/atmosphere))
[09:22:42]/dmm_suite (/dmm_suite): instance atom(/obj/effect/landmark/mapGenera... (/obj/effect/landmark/mapGenerator/snowy), /list (/list), the snow (37,35,14) (/turf/open/floor/plating/asteroid/snow/atmosphere), 1, 1)
[09:22:42]/dmm_suite (/dmm_suite): parse grid("\n/obj/effect/landmark/mapGene...", "dt", 37, 35, 14, 1, 1)
[09:22:42]/dmm_suite (/dmm_suite): load map impl(_maps/RandomZLevels/Cabin.dmm, 1, 1, 14, null, null, 1, -1e+31, 1e+31, -1e+31, 1e+31, 1)
[09:22:42]/dmm_suite (/dmm_suite): load map(_maps/RandomZLevels/Cabin.dmm, 0, 0, 14, null, null, 1, null, null, null, null, 1)
[09:22:42]Away Mission (/datum/map_template): load new z()
[09:22:42]load new z level("_maps/RandomZLevels/Cabin.dmm", "Away Mission")
[09:22:42]createRandomZlevel()
[09:22:42]Mapping (/datum/controller/subsystem/mapping): Initialize(337412)
[09:22:42]Master (/datum/controller/master): Initialize(10, 0)
runtime error: 
[09:22:42]Cannot execute null.copy from().
[09:22:42]proc name: Assimilate Air (/turf/open/proc/Assimilate_Air)
[09:22:42]  source file: ChangeTurf.dm,263
[09:22:42]  usr: null
[09:22:42]  src: the snow (46,35,14) (/turf/open/floor/plating/asteroid/snow/atmosphere)
[09:22:42]  call stack:
[09:22:42]the snow (46,35,14) (/turf/open/floor/plating/asteroid/snow/atmosphere): Assimilate Air()
[09:22:42]the snow (46,35,14) (/turf/open/floor/plating/asteroid/snow/atmosphere): AfterChange(null)
[09:22:42]the snow (46,35,14) (/turf/open/floor/plating/asteroid/snow/atmosphere): ChangeTurf(/turf/open/floor/plating/aster... (/turf/open/floor/plating/asteroid/snow/atmosphere), null, null)
[09:22:42]/datum/mapGeneratorModule/bott... (/datum/mapGeneratorModule/bottomlayer/snow): place(the snow (46,35,14) (/turf/open/floor/plating/asteroid/snow/atmosphere))
[09:22:42]/datum/mapGeneratorModule/bott... (/datum/mapGeneratorModule/bottomlayer/snow): generate()
[09:22:42]world: ImmediateInvokeAsync(/datum/mapGeneratorModule/bott... (/datum/mapGeneratorModule/bottomlayer/snow), /datum/mapGeneratorModule/proc... (/datum/mapGeneratorModule/proc/generate))
[09:22:42]/datum/mapGenerator/snowy (/datum/mapGenerator/snowy): generate()
[09:22:42]the landmark (/obj/effect/landmark/mapGenerator/snowy): New(the snow (37,35,14) (/turf/open/floor/plating/asteroid/snow/atmosphere))
[09:22:42]/dmm_suite (/dmm_suite): create atom(/obj/effect/landmark/mapGenera... (/obj/effect/landmark/mapGenerator/snowy), the snow (37,35,14) (/turf/open/floor/plating/asteroid/snow/atmosphere))
[09:22:42]/dmm_suite (/dmm_suite): instance atom(/obj/effect/landmark/mapGenera... (/obj/effect/landmark/mapGenerator/snowy), /list (/list), the snow (37,35,14) (/turf/open/floor/plating/asteroid/snow/atmosphere), 1, 1)
[09:22:42]/dmm_suite (/dmm_suite): parse grid("\n/obj/effect/landmark/mapGene...", "dt", 37, 35, 14, 1, 1)
[09:22:42]/dmm_suite (/dmm_suite): load map impl(_maps/RandomZLevels/Cabin.dmm, 1, 1, 14, null, null, 1, -1e+31, 1e+31, -1e+31, 1e+31, 1)
[09:22:42]/dmm_suite (/dmm_suite): load map(_maps/RandomZLevels/Cabin.dmm, 0, 0, 14, null, null, 1, null, null, null, null, 1)
[09:22:42]Away Mission (/datum/map_template): load new z()
[09:22:42]load new z level("_maps/RandomZLevels/Cabin.dmm", "Away Mission")
[09:22:42]createRandomZlevel()
[09:22:42]Mapping (/datum/controller/subsystem/mapping): Initialize(337412)
[09:22:42]Master (/datum/controller/master): Initialize(10, 0)
runtime error: 
[09:22:42]Cannot execute null.copy from().
[09:22:42]proc name: Assimilate Air (/turf/open/proc/Assimilate_Air)
[09:22:42]  source file: ChangeTurf.dm,263
[09:22:42]  usr: null
[09:22:42]  src: the snow (47,35,14) (/turf/open/floor/plating/asteroid/snow/atmosphere)
[09:22:42]  call stack:
[09:22:42]the snow (47,35,14) (/turf/open/floor/plating/asteroid/snow/atmosphere): Assimilate Air()
[09:22:42]the snow (47,35,14) (/turf/open/floor/plating/asteroid/snow/atmosphere): AfterChange(null)
[09:22:42]the snow (47,35,14) (/turf/open/floor/plating/asteroid/snow/atmosphere): ChangeTurf(/turf/open/floor/plating/aster... (/turf/open/floor/plating/asteroid/snow/atmosphere), null, null)
[09:22:42]/datum/mapGeneratorModule/bott... (/datum/mapGeneratorModule/bottomlayer/snow): place(the snow (47,35,14) (/turf/open/floor/plating/asteroid/snow/atmosphere))
[09:22:42]/datum/mapGeneratorModule/bott... (/datum/mapGeneratorModule/bottomlayer/snow): generate()
[09:22:42]world: ImmediateInvokeAsync(/datum/mapGeneratorModule/bott... (/datum/mapGeneratorModule/bottomlayer/snow), /datum/mapGeneratorModule/proc... (/datum/mapGeneratorModule/proc/generate))
[09:22:42]/datum/mapGenerator/snowy (/datum/mapGenerator/snowy): generate()
[09:22:42]the landmark (/obj/effect/landmark/mapGenerator/snowy): New(the snow (37,35,14) (/turf/open/floor/plating/asteroid/snow/atmosphere))
[09:22:42]/dmm_suite (/dmm_suite): create atom(/obj/effect/landmark/mapGenera... (/obj/effect/landmark/mapGenerator/snowy), the snow (37,35,14) (/turf/open/floor/plating/asteroid/snow/atmosphere))
[09:22:42]/dmm_suite (/dmm_suite): instance atom(/obj/effect/landmark/mapGenera... (/obj/effect/landmark/mapGenerator/snowy), /list (/list), the snow (37,35,14) (/turf/open/floor/plating/asteroid/snow/atmosphere), 1, 1)
[09:22:42]/dmm_suite (/dmm_suite): parse grid("\n/obj/effect/landmark/mapGene...", "dt", 37, 35, 14, 1, 1)
[09:22:42]/dmm_suite (/dmm_suite): load map impl(_maps/RandomZLevels/Cabin.dmm, 1, 1, 14, null, null, 1, -1e+31, 1e+31, -1e+31, 1e+31, 1)
[09:22:42]/dmm_suite (/dmm_suite): load map(_maps/RandomZLevels/Cabin.dmm, 0, 0, 14, null, null, 1, null, null, null, null, 1)
[09:22:42]Away Mission (/datum/map_template): load new z()
[09:22:42]load new z level("_maps/RandomZLevels/Cabin.dmm", "Away Mission")
[09:22:42]createRandomZlevel()
[09:22:42]Mapping (/datum/controller/subsystem/mapping): Initialize(337412)
[09:22:42]Master (/datum/controller/master): Initialize(10, 0)
runtime error: 
[09:22:42]Cannot execute null.copy from().
[09:22:42]proc name: Assimilate Air (/turf/open/proc/Assimilate_Air)
[09:22:42]  source file: ChangeTurf.dm,263
[09:22:42]  usr: null
[09:22:42]  src: the snow (48,35,14) (/turf/open/floor/plating/asteroid/snow/atmosphere)
[09:22:42]  call stack:
[09:22:42]the snow (48,35,14) (/turf/open/floor/plating/asteroid/snow/atmosphere): Assimilate Air()
[09:22:42]the snow (48,35,14) (/turf/open/floor/plating/asteroid/snow/atmosphere): AfterChange(null)
[09:22:42]the snow (48,35,14) (/turf/open/floor/plating/asteroid/snow/atmosphere): ChangeTurf(/turf/open/floor/plating/aster... (/turf/open/floor/plating/asteroid/snow/atmosphere), null, null)
[09:22:42]/datum/mapGeneratorModule/bott... (/datum/mapGeneratorModule/bottomlayer/snow): place(the snow (48,35,14) (/turf/open/floor/plating/asteroid/snow/atmosphere))
[09:22:42]/datum/mapGeneratorModule/bott... (/datum/mapGeneratorModule/bottomlayer/snow): generate()
[09:22:42]world: ImmediateInvokeAsync(/datum/mapGeneratorModule/bott... (/datum/mapGeneratorModule/bottomlayer/snow), /datum/mapGeneratorModule/proc... (/datum/mapGeneratorModule/proc/generate))
[09:22:42]/datum/mapGenerator/snowy (/datum/mapGenerator/snowy): generate()
[09:22:42]the landmark (/obj/effect/landmark/mapGenerator/snowy): New(the snow (37,35,14) (/turf/open/floor/plating/asteroid/snow/atmosphere))
[09:22:42]/dmm_suite (/dmm_suite): create atom(/obj/effect/landmark/mapGenera... (/obj/effect/landmark/mapGenerator/snowy), the snow (37,35,14) (/turf/open/floor/plating/asteroid/snow/atmosphere))
[09:22:42]/dmm_suite (/dmm_suite): instance atom(/obj/effect/landmark/mapGenera... (/obj/effect/landmark/mapGenerator/snowy), /list (/list), the snow (37,35,14) (/turf/open/floor/plating/asteroid/snow/atmosphere), 1, 1)
[09:22:42]/dmm_suite (/dmm_suite): parse grid("\n/obj/effect/landmark/mapGene...", "dt", 37, 35, 14, 1, 1)
[09:22:42]/dmm_suite (/dmm_suite): load map impl(_maps/RandomZLevels/Cabin.dmm, 1, 1, 14, null, null, 1, -1e+31, 1e+31, -1e+31, 1e+31, 1)
[09:22:42]/dmm_suite (/dmm_suite): load map(_maps/RandomZLevels/Cabin.dmm, 0, 0, 14, null, null, 1, null, null, null, null, 1)
[09:22:42]Away Mission (/datum/map_template): load new z()
[09:22:42]load new z level("_maps/RandomZLevels/Cabin.dmm", "Away Mission")
[09:22:42]createRandomZlevel()
[09:22:42]Mapping (/datum/controller/subsystem/mapping): Initialize(337412)
[09:22:42]Master (/datum/controller/master): Initialize(10, 0)
runtime error: 
[09:22:42]Cannot execute null.copy from().
[09:22:42]proc name: Assimilate Air (/turf/open/proc/Assimilate_Air)
[09:22:42]  source file: ChangeTurf.dm,263
[09:22:42]  usr: null
[09:22:42]  src: the snow (49,35,14) (/turf/open/floor/plating/asteroid/snow/atmosphere)
[09:22:42]  call stack:
[09:22:42]the snow (49,35,14) (/turf/open/floor/plating/asteroid/snow/atmosphere): Assimilate Air()
[09:22:42]the snow (49,35,14) (/turf/open/floor/plating/asteroid/snow/atmosphere): AfterChange(null)
[09:22:42]the snow (49,35,14) (/turf/open/floor/plating/asteroid/snow/atmosphere): ChangeTurf(/turf/open/floor/plating/aster... (/turf/open/floor/plating/asteroid/snow/atmosphere), null, null)
[09:22:42]/datum/mapGeneratorModule/bott... (/datum/mapGeneratorModule/bottomlayer/snow): place(the snow (49,35,14) (/turf/open/floor/plating/asteroid/snow/atmosphere))
[09:22:42]/datum/mapGeneratorModule/bott... (/datum/mapGeneratorModule/bottomlayer/snow): generate()
[09:22:42]world: ImmediateInvokeAsync(/datum/mapGeneratorModule/bott... (/datum/mapGeneratorModule/bottomlayer/snow), /datum/mapGeneratorModule/proc... (/datum/mapGeneratorModule/proc/generate))
[09:22:42]/datum/mapGenerator/snowy (/datum/mapGenerator/snowy): generate()
[09:22:42]the landmark (/obj/effect/landmark/mapGenerator/snowy): New(the snow (37,35,14) (/turf/open/floor/plating/asteroid/snow/atmosphere))
[09:22:42]/dmm_suite (/dmm_suite): create atom(/obj/effect/landmark/mapGenera... (/obj/effect/landmark/mapGenerator/snowy), the snow (37,35,14) (/turf/open/floor/plating/asteroid/snow/atmosphere))
[09:22:42]/dmm_suite (/dmm_suite): instance atom(/obj/effect/landmark/mapGenera... (/obj/effect/landmark/mapGenerator/snowy), /list (/list), the snow (37,35,14) (/turf/open/floor/plating/asteroid/snow/atmosphere), 1, 1)
[09:22:42]/dmm_suite (/dmm_suite): parse grid("\n/obj/effect/landmark/mapGene...", "dt", 37, 35, 14, 1, 1)
[09:22:42]/dmm_suite (/dmm_suite): load map impl(_maps/RandomZLevels/Cabin.dmm, 1, 1, 14, null, null, 1, -1e+31, 1e+31, -1e+31, 1e+31, 1)
[09:22:42]/dmm_suite (/dmm_suite): load map(_maps/RandomZLevels/Cabin.dmm, 0, 0, 14, null, null, 1, null, null, null, null, 1)
[09:22:42]Away Mission (/datum/map_template): load new z()
[09:22:42]load new z level("_maps/RandomZLevels/Cabin.dmm", "Away Mission")
[09:22:42]createRandomZlevel()
[09:22:42]Mapping (/datum/controller/subsystem/mapping): Initialize(337412)
[09:22:42]Master (/datum/controller/master): Initialize(10, 0)
runtime error: 
[09:22:42]Cannot execute null.copy from().
[09:22:42]proc name: Assimilate Air (/turf/open/proc/Assimilate_Air)
[09:22:42]  source file: ChangeTurf.dm,263
[09:22:42]  usr: null
[09:22:42]  src: the snow (50,35,14) (/turf/open/floor/plating/asteroid/snow/atmosphere)
[09:22:42]  call stack:
[09:22:42]the snow (50,35,14) (/turf/open/floor/plating/asteroid/snow/atmosphere): Assimilate Air()
[09:22:42]the snow (50,35,14) (/turf/open/floor/plating/asteroid/snow/atmosphere): AfterChange(null)
[09:22:42]the snow (50,35,14) (/turf/open/floor/plating/asteroid/snow/atmosphere): ChangeTurf(/turf/open/floor/plating/aster... (/turf/open/floor/plating/asteroid/snow/atmosphere), null, null)
[09:22:42]/datum/mapGeneratorModule/bott... (/datum/mapGeneratorModule/bottomlayer/snow): place(the snow (50,35,14) (/turf/open/floor/plating/asteroid/snow/atmosphere))
[09:22:42]/datum/mapGeneratorModule/bott... (/datum/mapGeneratorModule/bottomlayer/snow): generate()
[09:22:42]world: ImmediateInvokeAsync(/datum/mapGeneratorModule/bott... (/datum/mapGeneratorModule/bottomlayer/snow), /datum/mapGeneratorModule/proc... (/datum/mapGeneratorModule/proc/generate))
[09:22:42]/datum/mapGenerator/snowy (/datum/mapGenerator/snowy): generate()
[09:22:42]the landmark (/obj/effect/landmark/mapGenerator/snowy): New(the snow (37,35,14) (/turf/open/floor/plating/asteroid/snow/atmosphere))
[09:22:42]/dmm_suite (/dmm_suite): create atom(/obj/effect/landmark/mapGenera... (/obj/effect/landmark/mapGenerator/snowy), the snow (37,35,14) (/turf/open/floor/plating/asteroid/snow/atmosphere))
[09:22:42]/dmm_suite (/dmm_suite): instance atom(/obj/effect/landmark/mapGenera... (/obj/effect/landmark/mapGenerator/snowy), /list (/list), the snow (37,35,14) (/turf/open/floor/plating/asteroid/snow/atmosphere), 1, 1)
[09:22:42]/dmm_suite (/dmm_suite): parse grid("\n/obj/effect/landmark/mapGene...", "dt", 37, 35, 14, 1, 1)
[09:22:42]/dmm_suite (/dmm_suite): load map impl(_maps/RandomZLevels/Cabin.dmm, 1, 1, 14, null, null, 1, -1e+31, 1e+31, -1e+31, 1e+31, 1)
[09:22:42]/dmm_suite (/dmm_suite): load map(_maps/RandomZLevels/Cabin.dmm, 0, 0, 14, null, null, 1, null, null, null, null, 1)
[09:22:42]Away Mission (/datum/map_template): load new z()
[09:22:42]load new z level("_maps/RandomZLevels/Cabin.dmm", "Away Mission")
[09:22:42]createRandomZlevel()
[09:22:42]Mapping (/datum/controller/subsystem/mapping): Initialize(337412)
[09:22:42]Master (/datum/controller/master): Initialize(10, 0)
runtime error: 
[09:22:42]Cannot execute null.copy from().
[09:22:42]proc name: Assimilate Air (/turf/open/proc/Assimilate_Air)
[09:22:42]  source file: ChangeTurf.dm,263
[09:22:42]  usr: null
[09:22:42]  src: the snow (51,35,14) (/turf/open/floor/plating/asteroid/snow/atmosphere)
[09:22:42]  call stack:
[09:22:42]the snow (51,35,14) (/turf/open/floor/plating/asteroid/snow/atmosphere): Assimilate Air()
[09:22:42]the snow (51,35,14) (/turf/open/floor/plating/asteroid/snow/atmosphere): AfterChange(null)
[09:22:42]the snow (51,35,14) (/turf/open/floor/plating/asteroid/snow/atmosphere): ChangeTurf(/turf/open/floor/plating/aster... (/turf/open/floor/plating/asteroid/snow/atmosphere), null, null)
[09:22:42]/datum/mapGeneratorModule/bott... (/datum/mapGeneratorModule/bottomlayer/snow): place(the snow (51,35,14) (/turf/open/floor/plating/asteroid/snow/atmosphere))
[09:22:42]/datum/mapGeneratorModule/bott... (/datum/mapGeneratorModule/bottomlayer/snow): generate()
[09:22:42]world: ImmediateInvokeAsync(/datum/mapGeneratorModule/bott... (/datum/mapGeneratorModule/bottomlayer/snow), /datum/mapGeneratorModule/proc... (/datum/mapGeneratorModule/proc/generate))
[09:22:42]/datum/mapGenerator/snowy (/datum/mapGenerator/snowy): generate()
[09:22:42]the landmark (/obj/effect/landmark/mapGenerator/snowy): New(the snow (37,35,14) (/turf/open/floor/plating/asteroid/snow/atmosphere))
[09:22:42]/dmm_suite (/dmm_suite): create atom(/obj/effect/landmark/mapGenera... (/obj/effect/landmark/mapGenerator/snowy), the snow (37,35,14) (/turf/open/floor/plating/asteroid/snow/atmosphere))
[09:22:42]/dmm_suite (/dmm_suite): instance atom(/obj/effect/landmark/mapGenera... (/obj/effect/landmark/mapGenerator/snowy), /list (/list), the snow (37,35,14) (/turf/open/floor/plating/asteroid/snow/atmosphere), 1, 1)
[09:22:42]/dmm_suite (/dmm_suite): parse grid("\n/obj/effect/landmark/mapGene...", "dt", 37, 35, 14, 1, 1)
[09:22:42]/dmm_suite (/dmm_suite): load map impl(_maps/RandomZLevels/Cabin.dmm, 1, 1, 14, null, null, 1, -1e+31, 1e+31, -1e+31, 1e+31, 1)
[09:22:42]/dmm_suite (/dmm_suite): load map(_maps/RandomZLevels/Cabin.dmm, 0, 0, 14, null, null, 1, null, null, null, null, 1)
[09:22:42]Away Mission (/datum/map_template): load new z()
[09:22:42]load new z level("_maps/RandomZLevels/Cabin.dmm", "Away Mission")
[09:22:42]createRandomZlevel()
[09:22:42]Mapping (/datum/controller/subsystem/mapping): Initialize(337412)
[09:22:42]Master (/datum/controller/master): Initialize(10, 0)
runtime error: 
[09:22:42]Cannot execute null.copy from().
[09:22:42]proc name: Assimilate Air (/turf/open/proc/Assimilate_Air)
[09:22:42]  source file: ChangeTurf.dm,263
[09:22:42]  usr: null
[09:22:42]  src: the snow (52,35,14) (/turf/open/floor/plating/asteroid/snow/atmosphere)
[09:22:42]  call stack:
[09:22:42]the snow (52,35,14) (/turf/open/floor/plating/asteroid/snow/atmosphere): Assimilate Air()
[09:22:42]the snow (52,35,14) (/turf/open/floor/plating/asteroid/snow/atmosphere): AfterChange(null)
[09:22:42]the snow (52,35,14) (/turf/open/floor/plating/asteroid/snow/atmosphere): ChangeTurf(/turf/open/floor/plating/aster... (/turf/open/floor/plating/asteroid/snow/atmosphere), null, null)
[09:22:42]/datum/mapGeneratorModule/bott... (/datum/mapGeneratorModule/bottomlayer/snow): place(the snow (52,35,14) (/turf/open/floor/plating/asteroid/snow/atmosphere))
[09:22:42]/datum/mapGeneratorModule/bott... (/datum/mapGeneratorModule/bottomlayer/snow): generate()
[09:22:42]world: ImmediateInvokeAsync(/datum/mapGeneratorModule/bott... (/datum/mapGeneratorModule/bottomlayer/snow), /datum/mapGeneratorModule/proc... (/datum/mapGeneratorModule/proc/generate))
[09:22:42]/datum/mapGenerator/snowy (/datum/mapGenerator/snowy): generate()
[09:22:42]the landmark (/obj/effect/landmark/mapGenerator/snowy): New(the snow (37,35,14) (/turf/open/floor/plating/asteroid/snow/atmosphere))
[09:22:42]/dmm_suite (/dmm_suite): create atom(/obj/effect/landmark/mapGenera... (/obj/effect/landmark/mapGenerator/snowy), the snow (37,35,14) (/turf/open/floor/plating/asteroid/snow/atmosphere))
[09:22:42]/dmm_suite (/dmm_suite): instance atom(/obj/effect/landmark/mapGenera... (/obj/effect/landmark/mapGenerator/snowy), /list (/list), the snow (37,35,14) (/turf/open/floor/plating/asteroid/snow/atmosphere), 1, 1)
[09:22:42]/dmm_suite (/dmm_suite): parse grid("\n/obj/effect/landmark/mapGene...", "dt", 37, 35, 14, 1, 1)
[09:22:42]/dmm_suite (/dmm_suite): load map impl(_maps/RandomZLevels/Cabin.dmm, 1, 1, 14, null, null, 1, -1e+31, 1e+31, -1e+31, 1e+31, 1)
[09:22:42]/dmm_suite (/dmm_suite): load map(_maps/RandomZLevels/Cabin.dmm, 0, 0, 14, null, null, 1, null, null, null, null, 1)
[09:22:42]Away Mission (/datum/map_template): load new z()
[09:22:42]load new z level("_maps/RandomZLevels/Cabin.dmm", "Away Mission")
[09:22:42]createRandomZlevel()
[09:22:42]Mapping (/datum/controller/subsystem/mapping): Initialize(337412)
[09:22:42]Master (/datum/controller/master): Initialize(10, 0)
runtime error: 
[09:22:42]Cannot execute null.copy from().
[09:22:42]proc name: Assimilate Air (/turf/open/proc/Assimilate_Air)
[09:22:42]  source file: ChangeTurf.dm,263
[09:22:42]  usr: null
[09:22:42]  src: the snow (53,35,14) (/turf/open/floor/plating/asteroid/snow/atmosphere)
[09:22:42]  call stack:
[09:22:42]the snow (53,35,14) (/turf/open/floor/plating/asteroid/snow/atmosphere): Assimilate Air()
[09:22:42]the snow (53,35,14) (/turf/open/floor/plating/asteroid/snow/atmosphere): AfterChange(null)
[09:22:42]the snow (53,35,14) (/turf/open/floor/plating/asteroid/snow/atmosphere): ChangeTurf(/turf/open/floor/plating/aster... (/turf/open/floor/plating/asteroid/snow/atmosphere), null, null)
[09:22:42]/datum/mapGeneratorModule/bott... (/datum/mapGeneratorModule/bottomlayer/snow): place(the snow (53,35,14) (/turf/open/floor/plating/asteroid/snow/atmosphere))
[09:22:42]/datum/mapGeneratorModule/bott... (/datum/mapGeneratorModule/bottomlayer/snow): generate()
[09:22:42]world: ImmediateInvokeAsync(/datum/mapGeneratorModule/bott... (/datum/mapGeneratorModule/bottomlayer/snow), /datum/mapGeneratorModule/proc... (/datum/mapGeneratorModule/proc/generate))
[09:22:42]/datum/mapGenerator/snowy (/datum/mapGenerator/snowy): generate()
[09:22:42]the landmark (/obj/effect/landmark/mapGenerator/snowy): New(the snow (37,35,14) (/turf/open/floor/plating/asteroid/snow/atmosphere))
[09:22:42]/dmm_suite (/dmm_suite): create atom(/obj/effect/landmark/mapGenera... (/obj/effect/landmark/mapGenerator/snowy), the snow (37,35,14) (/turf/open/floor/plating/asteroid/snow/atmosphere))
[09:22:42]/dmm_suite (/dmm_suite): instance atom(/obj/effect/landmark/mapGenera... (/obj/effect/landmark/mapGenerator/snowy), /list (/list), the snow (37,35,14) (/turf/open/floor/plating/asteroid/snow/atmosphere), 1, 1)
[09:22:42]/dmm_suite (/dmm_suite): parse grid("\n/obj/effect/landmark/mapGene...", "dt", 37, 35, 14, 1, 1)
[09:22:42]/dmm_suite (/dmm_suite): load map impl(_maps/RandomZLevels/Cabin.dmm, 1, 1, 14, null, null, 1, -1e+31, 1e+31, -1e+31, 1e+31, 1)
[09:22:42]/dmm_suite (/dmm_suite): load map(_maps/RandomZLevels/Cabin.dmm, 0, 0, 14, null, null, 1, null, null, null, null, 1)
[09:22:42]Away Mission (/datum/map_template): load new z()
[09:22:42]load new z level("_maps/RandomZLevels/Cabin.dmm", "Away Mission")
[09:22:42]createRandomZlevel()
[09:22:42]Mapping (/datum/controller/subsystem/mapping): Initialize(337412)
[09:22:42]Master (/datum/controller/master): Initialize(10, 0)
runtime error: 
[09:22:42]Cannot execute null.copy from().
[09:22:42]proc name: Assimilate Air (/turf/open/proc/Assimilate_Air)
[09:22:42]  source file: ChangeTurf.dm,263
[09:22:42]  usr: null
[09:22:42]  src: the snow (54,35,14) (/turf/open/floor/plating/asteroid/snow/atmosphere)
[09:22:42]  call stack:
[09:22:42]the snow (54,35,14) (/turf/open/floor/plating/asteroid/snow/atmosphere): Assimilate Air()
[09:22:42]the snow (54,35,14) (/turf/open/floor/plating/asteroid/snow/atmosphere): AfterChange(null)
[09:22:42]the snow (54,35,14) (/turf/open/floor/plating/asteroid/snow/atmosphere): ChangeTurf(/turf/open/floor/plating/aster... (/turf/open/floor/plating/asteroid/snow/atmosphere), null, null)
[09:22:42]/datum/mapGeneratorModule/bott... (/datum/mapGeneratorModule/bottomlayer/snow): place(the snow (54,35,14) (/turf/open/floor/plating/asteroid/snow/atmosphere))
[09:22:42]/datum/mapGeneratorModule/bott... (/datum/mapGeneratorModule/bottomlayer/snow): generate()
[09:22:42]world: ImmediateInvokeAsync(/datum/mapGeneratorModule/bott... (/datum/mapGeneratorModule/bottomlayer/snow), /datum/mapGeneratorModule/proc... (/datum/mapGeneratorModule/proc/generate))
[09:22:42]/datum/mapGenerator/snowy (/datum/mapGenerator/snowy): generate()
[09:22:42]the landmark (/obj/effect/landmark/mapGenerator/snowy): New(the snow (37,35,14) (/turf/open/floor/plating/asteroid/snow/atmosphere))
[09:22:42]/dmm_suite (/dmm_suite): create atom(/obj/effect/landmark/mapGenera... (/obj/effect/landmark/mapGenerator/snowy), the snow (37,35,14) (/turf/open/floor/plating/asteroid/snow/atmosphere))
[09:22:42]/dmm_suite (/dmm_suite): instance atom(/obj/effect/landmark/mapGenera... (/obj/effect/landmark/mapGenerator/snowy), /list (/list), the snow (37,35,14) (/turf/open/floor/plating/asteroid/snow/atmosphere), 1, 1)
[09:22:42]/dmm_suite (/dmm_suite): parse grid("\n/obj/effect/landmark/mapGene...", "dt", 37, 35, 14, 1, 1)
[09:22:42]/dmm_suite (/dmm_suite): load map impl(_maps/RandomZLevels/Cabin.dmm, 1, 1, 14, null, null, 1, -1e+31, 1e+31, -1e+31, 1e+31, 1)
[09:22:42]/dmm_suite (/dmm_suite): load map(_maps/RandomZLevels/Cabin.dmm, 0, 0, 14, null, null, 1, null, null, null, null, 1)
[09:22:42]Away Mission (/datum/map_template): load new z()
[09:22:42]load new z level("_maps/RandomZLevels/Cabin.dmm", "Away Mission")
[09:22:42]createRandomZlevel()
[09:22:42]Mapping (/datum/controller/subsystem/mapping): Initialize(337412)
[09:22:42]Master (/datum/controller/master): Initialize(10, 0)
runtime error: 
[09:22:42]Cannot execute null.copy from().
[09:22:42]proc name: Assimilate Air (/turf/open/proc/Assimilate_Air)
[09:22:42]  source file: ChangeTurf.dm,263
runtime error: 
[09:22:42]Cannot execute null.copy from().
[09:22:42]proc name: Assimilate Air (/turf/open/proc/Assimilate_Air)
[09:22:42]  source file: ChangeTurf.dm,263
runtime error: 
[09:22:42]Cannot execute null.copy from().
[09:22:42]proc name: Assimilate Air (/turf/open/proc/Assimilate_Air)
[09:22:42]  source file: ChangeTurf.dm,263
runtime error: 
[09:22:42]Cannot execute null.copy from().
[09:22:42]proc name: Assimilate Air (/turf/open/proc/Assimilate_Air)
[09:22:42]  source file: ChangeTurf.dm,263
runtime error: 
[09:22:42]Cannot execute null.copy from().
[09:22:42]proc name: Assimilate Air (/turf/open/proc/Assimilate_Air)
[09:22:42]  source file: ChangeTurf.dm,263
runtime error: 
[09:22:42]Cannot execute null.copy from().
[09:22:42]proc name: Assimilate Air (/turf/open/proc/Assimilate_Air)
[09:22:42]  source file: ChangeTurf.dm,263
runtime error: 
[09:22:42]Cannot execute null.copy from().
[09:22:42]proc name: Assimilate Air (/turf/open/proc/Assimilate_Air)
[09:22:42]  source file: ChangeTurf.dm,263
runtime error: 
[09:22:42]Cannot execute null.copy from().
[09:22:42]proc name: Assimilate Air (/turf/open/proc/Assimilate_Air)
[09:22:42]  source file: ChangeTurf.dm,263
runtime error: 
[09:22:42]Cannot execute null.copy from().
[09:22:42]proc name: Assimilate Air (/turf/open/proc/Assimilate_Air)
[09:22:42]  source file: ChangeTurf.dm,263
runtime error: 
[09:22:42]Cannot execute null.copy from().
[09:22:42]proc name: Assimilate Air (/turf/open/proc/Assimilate_Air)
[09:22:42]  source file: ChangeTurf.dm,263
runtime error: 
[09:22:42]Cannot execute null.copy from().
[09:22:42]proc name: Assimilate Air (/turf/open/proc/Assimilate_Air)
[09:22:42]  source file: ChangeTurf.dm,263
runtime error: 
[09:22:42]Cannot execute null.copy from().
[09:22:42]proc name: Assimilate Air (/turf/open/proc/Assimilate_Air)
[09:22:42]  source file: ChangeTurf.dm,263
runtime error: 
[09:22:42]Cannot execute null.copy from().
[09:22:42]proc name: Assimilate Air (/turf/open/proc/Assimilate_Air)
[09:22:42]  source file: ChangeTurf.dm,263
runtime error: 
[09:22:42]Cannot execute null.copy from().
[09:22:42]proc name: Assimilate Air (/turf/open/proc/Assimilate_Air)
[09:22:42]  source file: ChangeTurf.dm,263
runtime error: 
[09:22:42]Cannot execute null.copy from().
[09:22:42]proc name: Assimilate Air (/turf/open/proc/Assimilate_Air)
[09:22:42]  source file: ChangeTurf.dm,263
runtime error: 
[09:22:42]Cannot execute null.copy from().
[09:22:42]proc name: Assimilate Air (/turf/open/proc/Assimilate_Air)
[09:22:42]  source file: ChangeTurf.dm,263
runtime error: 
[09:22:42]Cannot execute null.copy from().
[09:22:42]proc name: Assimilate Air (/turf/open/proc/Assimilate_Air)
[09:22:42]  source file: ChangeTurf.dm,263
runtime error: 
[09:22:42]Cannot execute null.copy from().
[09:22:42]proc name: Assimilate Air (/turf/open/proc/Assimilate_Air)
[09:22:42]  source file: ChangeTurf.dm,263
runtime error: 
[09:22:42]Cannot execute null.copy from().
[09:22:42]proc name: Assimilate Air (/turf/open/proc/Assimilate_Air)
[09:22:42]  source file: ChangeTurf.dm,263
runtime error: 
[09:22:42]Cannot execute null.copy from().
[09:22:42]proc name: Assimilate Air (/turf/open/proc/Assimilate_Air)
[09:22:42]  source file: ChangeTurf.dm,263
runtime error: 
[09:22:42]Cannot execute null.copy from().
[09:22:42]proc name: Assimilate Air (/turf/open/proc/Assimilate_Air)
[09:22:42]  source file: ChangeTurf.dm,263
runtime error: 
[09:22:42]Cannot execute null.copy from().
[09:22:42]proc name: Assimilate Air (/turf/open/proc/Assimilate_Air)
[09:22:42]  source file: ChangeTurf.dm,263
runtime error: 
[09:22:42]Cannot execute null.copy from().
[09:22:42]proc name: Assimilate Air (/turf/open/proc/Assimilate_Air)
[09:22:42]  source file: ChangeTurf.dm,263
runtime error: 
[09:22:42]Cannot execute null.copy from().
[09:22:42]proc name: Assimilate Air (/turf/open/proc/Assimilate_Air)
[09:22:42]  source file: ChangeTurf.dm,263
runtime error: 
[09:22:42]Cannot execute null.copy from().
[09:22:42]proc name: Assimilate Air (/turf/open/proc/Assimilate_Air)
[09:22:42]  source file: ChangeTurf.dm,263
runtime error: 
[09:22:42]Cannot execute null.copy from().
[09:22:42]proc name: Assimilate Air (/turf/open/proc/Assimilate_Air)
[09:22:42]  source file: ChangeTurf.dm,263
runtime error: 
[09:22:42]Cannot execute null.copy from().
[09:22:42]proc name: Assimilate Air (/turf/open/proc/Assimilate_Air)
[09:22:42]  source file: ChangeTurf.dm,263
runtime error: 
[09:22:42]Cannot execute null.copy from().
[09:22:42]proc name: Assimilate Air (/turf/open/proc/Assimilate_Air)
[09:22:42]  source file: ChangeTurf.dm,263
runtime error: 
[09:22:42]Cannot execute null.copy from().
[09:22:42]proc name: Assimilate Air (/turf/open/proc/Assimilate_Air)
[09:22:42]  source file: ChangeTurf.dm,263
runtime error: 
[09:22:42]Cannot execute null.copy from().
[09:22:42]proc name: Assimilate Air (/turf/open/proc/Assimilate_Air)
[09:22:42]  source file: ChangeTurf.dm,263
runtime error: 
[09:22:42]Cannot execute null.copy from().
[09:22:42]proc name: Assimilate Air (/turf/open/proc/Assimilate_Air)
[09:22:42]  source file: ChangeTurf.dm,263
runtime error: 
[09:22:42]Cannot execute null.copy from().
[09:22:42]proc name: Assimilate Air (/turf/open/proc/Assimilate_Air)
[09:22:42]  source file: ChangeTurf.dm,263
runtime error: 
[09:22:42]Cannot execute null.copy from().
[09:22:42]proc name: Assimilate Air (/turf/open/proc/Assimilate_Air)
[09:22:42]  source file: ChangeTurf.dm,263
Ruin loader finished with 0 left to spend.
Ruin loader finished with 0 left to spend.
Initialized Mapping subsystem within 42.4 seconds!
Initialized Networks subsystem within 0 seconds!
runtime error: 
[09:23:10]Bad areastring path for Vacant Office APC, area/security/vacantoffice
Initialized Atoms subsystem within 48.7 seconds!
Initialized Language subsystem within 0 seconds!
Initialized Machines subsystem within 0.3 seconds!
Initialized Circuit subsystem within 0.1 seconds!
Initialized Disease subsystem within 0 seconds!
Initialized Medals subsystem within 0 seconds!
Initialized Night Shift subsystem within 0 seconds!
Initialized Parallax subsystem within 0 seconds!
Initialized Traumas subsystem within 0.1 seconds!
Initialized Weather subsystem within 0 seconds!
## WARNING: There are 258 active turfs at roundstart, this is a mapping error caused by a difference of the air between the adjacent turfs. You can see its coordinates using "Mapping -> Show roundstart AT list" verb (debug verbs required)
## WARNING: HEY! LISTEN! 0.8 seconds were wasted processing 258 turf(s) (connected to 14718 other turfs) with atmos differences at round start.
## WARNING: build_pipeline(): /obj/machinery/atmospherics/pipe/simple/supply/hidden added to a pipenet while still having one. (pipes leading to the same spot stacking in one turf) Nearby: (108, 118, 2)
## WARNING: build_pipeline(): /obj/machinery/atmospherics/pipe/manifold/supply/hidden added to a pipenet while still having one. (pipes leading to the same spot stacking in one turf) Nearby: (106, 118, 2)
## WARNING: build_pipeline(): /obj/machinery/atmospherics/pipe/simple/supply/hidden added to a pipenet while still having one. (pipes leading to the same spot stacking in one turf) Nearby: (109, 118, 2)
## WARNING: build_pipeline(): /obj/machinery/atmospherics/pipe/simple/supply/hidden added to a pipenet while still having one. (pipes leading to the same spot stacking in one turf) Nearby: (107, 118, 2)
## WARNING: build_pipeline(): /obj/machinery/atmospherics/pipe/simple/supply/hidden added to a pipenet while still having one. (pipes leading to the same spot stacking in one turf) Nearby: (106, 119, 2)
## WARNING: build_pipeline(): /obj/machinery/atmospherics/pipe/simple/supply/hidden added to a pipenet while still having one. (pipes leading to the same spot stacking in one turf) Nearby: (106, 117, 2)
## WARNING: build_pipeline(): /obj/machinery/atmospherics/pipe/simple/supply/hidden added to a pipenet while still having one. (pipes leading to the same spot stacking in one turf) Nearby: (106, 120, 2)
## WARNING: build_pipeline(): /obj/machinery/atmospherics/pipe/simple/supply/hidden added to a pipenet while still having one. (pipes leading to the same spot stacking in one turf) Nearby: (106, 116, 2)
## WARNING: build_pipeline(): /obj/machinery/atmospherics/pipe/simple/supply/hidden added to a pipenet while still having one. (pipes leading to the same spot stacking in one turf) Nearby: (106, 121, 2)
## WARNING: build_pipeline(): /obj/machinery/atmospherics/pipe/simple/supply/hidden added to a pipenet while still having one. (pipes leading to the same spot stacking in one turf) Nearby: (106, 115, 2)
## WARNING: build_pipeline(): further messages about pipenets will be supressed
Initialized Atmospherics subsystem within 36.3 seconds!
Failed to find backup file for map BeeStation 1 on zlevel 2.
Initialized Assets subsystem within 0.8 seconds!
Initialized Icon Smoothing subsystem within 6 seconds!
Initialized Overlay subsystem within 15.1 seconds!
Initialized XKeyScore subsystem within 0 seconds!
Initialized Sticky Ban subsystem within 0 seconds!
Initialized Lighting subsystem within 13.3 seconds!
Initialized Shuttle subsystem within 24.5 seconds!
Initialized Squeak subsystem within 0 seconds!
Initialized pathfinder subsystem within 0 seconds!
Loaded 1 engraved messages on map BeeStation 1
Initialized Persistence subsystem within 0.1 seconds!
Initializations complete within 188.1 seconds!
Game start took 1.4s
runtime error: 
[09:47:46]Cannot read null.client
Saved 1 engraved messages on map BeeStation 1
Shutting down Persistence subsystem...
Shutting down pathfinder subsystem...
Shutting down Squeak subsystem...
Shutting down Shuttle subsystem...
Shutting down Lighting subsystem...
Shutting down XKeyScore subsystem...
Shutting down Sticky Ban subsystem...
Shutting down Overlay subsystem...
Shutting down Icon Smoothing subsystem...
Shutting down Assets subsystem...
Shutting down Minimap subsystem...
Shutting down Atmospherics subsystem...
Shutting down Wet floors subsystem...
Shutting down Weather subsystem...
Shutting down Vote subsystem...
Shutting down Traumas subsystem...
Shutting down Title Screen subsystem...
Shutting down Time Tracking subsystem...
Shutting down Throwing subsystem...
Shutting down tgui subsystem...
Shutting down Sun subsystem...
Shutting down Space Drift subsystem...
Shutting down Religion subsystem...
Shutting down Radio subsystem...
Shutting down Radiation subsystem...
Shutting down Projectiles subsystem...
Shutting down Processing subsystem...
Shutting down Parallax subsystem...
Shutting down pAI subsystem...
Shutting down Orbits subsystem...
Shutting down Objects subsystem...
Shutting down NPC Pool subsystem...
Shutting down Night Shift subsystem...
Shutting down Mood subsystem...
Shutting down Mobs subsystem...
Shutting down Medals subsystem...
Shutting down Inbounds subsystem...
Shutting down Idling NPC Pool subsystem...
Shutting down Flightpack Movement subsystem...
Shutting down Fire Burning subsystem...
Shutting down Fields subsystem...
Shutting down Fast Processing subsystem...
Shutting down Disease subsystem...
Shutting down Communications subsystem...
Shutting down Augury subsystem...
Shutting down Acid subsystem...
Shutting down Timer subsystem...
Shutting down Circuit subsystem...
Shutting down Machines subsystem...
Shutting down Language subsystem...
Shutting down Atoms subsystem...
Shutting down Networks subsystem...
Shutting down Mapping subsystem...
Shutting down Ticker subsystem...
Shutting down Traits subsystem...
Shutting down Jobs subsystem...
Shutting down Events subsystem...
Shutting down Research subsystem...
Shutting down Input subsystem...
Shutting down Server Tasks subsystem...
Shutting down Blackbox subsystem...
Shutting down Database subsystem...
Shutting down Garbage subsystem...
Shutdown complete
World rebooted at 11:44:49
