

Starting up round ID 441. 20:04:40
---------------------
Initialized Database subsystem within 0 seconds!
Initialized Blackbox subsystem within 0 seconds!
Initialized Server Tasks subsystem within 0 seconds!
Initialized Input subsystem within 0 seconds!
Initialized Research subsystem within 0 seconds!
Initialized Events subsystem within 0 seconds!
Initialized Jobs subsystem within 0.1 seconds!
Initialized Traits subsystem within 0 seconds!
Initialized Ticker subsystem within 0 seconds!
Loading Box Station...
Loaded Station in 5.7s!
Loaded Lavaland in 5.1s!
Loaded Reebe in 4.3s!
Ruin loader finished with 0 left to spend.
Ruin loader finished with 0 left to spend.
Initialized Mapping subsystem within 23 seconds!
Initialized Networks subsystem within 0 seconds!
Initialized Atoms subsystem within 43.1 seconds!
Initialized Language subsystem within 0 seconds!
Initialized Machines subsystem within 0.3 seconds!
Initialized Circuit subsystem within 0.1 seconds!
Initialized Disease subsystem within 0 seconds!
Initialized Medals subsystem within 0 seconds!
Initialized Night Shift subsystem within 0 seconds!
Initialized Parallax subsystem within 0 seconds!
Initialized Traumas subsystem within 0.1 seconds!
Initialized Weather subsystem within 0 seconds!
## WARNING: There are 27 active turfs at roundstart, this is a mapping error caused by a difference of the air between the adjacent turfs. You can see its coordinates using "Mapping -> Show roundstart AT list" verb (debug verbs required)
## WARNING: HEY! LISTEN! 1 second were wasted processing 27 turf(s) (connected to 21753 other turfs) with atmos differences at round start.
Initialized Atmospherics subsystem within 13.8 seconds!
Initialized Minimap subsystem within 0 seconds!
Initialized Assets subsystem within 0.9 seconds!
Initialized Icon Smoothing subsystem within 5 seconds!
Initialized Overlay subsystem within 26.8 seconds!
Initialized XKeyScore subsystem within 0 seconds!
Initialized Sticky Ban subsystem within 0 seconds!
Initialized Lighting subsystem within 11.7 seconds!
Initialized Shuttle subsystem within 20.2 seconds!
Initialized Squeak subsystem within 0 seconds!
Initialized pathfinder subsystem within 0 seconds!
Loaded 5 engraved messages on map Box Station
Initialized Persistence subsystem within 0.1 seconds!
Initializations complete within 145.3 seconds!
Game start took 6.9s
runtime error: 
[20:09:42]nothing to animate
[20:09:42]proc name: shake camera (/proc/shake_camera)
[20:09:42]  source file: mob_helpers.dm,270
[20:09:42]  usr: (src)
[20:09:42]  src: null
[20:09:42]  call stack:
[20:09:42]shake camera(Barry Lotionion (/mob/living/carbon/human), 0.75, 1)
[20:09:42]Barry Lotionion (/mob/living/carbon/human): afterShuttleMove(space (25,19,13) (/turf/open/space/transit/west), /list (/list), 8, 8, 8, 0)
[20:09:42]Barry Lotionion (/mob/living/carbon/human): afterShuttleMove(space (25,19,13) (/turf/open/space/transit/west), /list (/list), 8, 8, 8, 0)
[20:09:42]the arrivals shuttle (/obj/docking_port/mobile/arrivals): cleanup runway(the arrivals (/obj/docking_port/stationary), /list (/list), /list (/list), /list (/list), /list (/list), 0, 8, Space (/area/space), /turf/open/space/transit/west (/turf/open/space/transit/west), /turf/open/space (/turf/open/space))
[20:09:42]the arrivals shuttle (/obj/docking_port/mobile/arrivals): initiate docking(the arrivals (/obj/docking_port/stationary), 8, 0)
[20:09:42]the arrivals shuttle (/obj/docking_port/mobile/arrivals): initiate docking(the arrivals (/obj/docking_port/stationary), 8)
[20:09:42]the arrivals shuttle (/obj/docking_port/mobile/arrivals): check()
[20:09:42]the arrivals shuttle (/obj/docking_port/mobile/arrivals): check()
[20:09:42]Shuttle (/datum/controller/subsystem/shuttle): fire(0)
[20:09:42]Shuttle (/datum/controller/subsystem/shuttle): ignite(0)
runtime error: 
[20:18:18]list index out of bounds
[20:18:18]proc name: tick (/datum/round_event/aurora_caelus/tick)
[20:18:18]  source file: aurora_caelus.dm,39
[20:18:18]  usr: null
[20:18:18]  src: /datum/round_event/aurora_cael... (/datum/round_event/aurora_caelus)
[20:18:18]  call stack:
[20:18:18]/datum/round_event/aurora_cael... (/datum/round_event/aurora_caelus): tick()
[20:18:18]/datum/round_event/aurora_cael... (/datum/round_event/aurora_caelus): process()
[20:18:18]Events (/datum/controller/subsystem/events): fire(0)
[20:18:18]Events (/datum/controller/subsystem/events): ignite(0)
[20:18:18]Master (/datum/controller/master): RunQueue()
[20:18:18]Master (/datum/controller/master): Loop()
[20:18:18]Master (/datum/controller/master): StartProcessing(0)
runtime error: 
[20:23:42]nothing to animate
[20:23:42]proc name: shake camera (/proc/shake_camera)
[20:23:42]  source file: mob_helpers.dm,270
[20:23:42]  usr: (src)
[20:23:42]  src: null
[20:23:42]  call stack:
[20:23:42]shake camera(Priest Gravity (/mob/living/carbon/human), 0.75, 1)
[20:23:42]Priest Gravity (/mob/living/carbon/human): afterShuttleMove(space (23,20,13) (/turf/open/space/transit/west), /list (/list), 8, 8, 8, 0)
[20:23:42]Priest Gravity (/mob/living/carbon/human): afterShuttleMove(space (23,20,13) (/turf/open/space/transit/west), /list (/list), 8, 8, 8, 0)
[20:23:42]the arrivals shuttle (/obj/docking_port/mobile/arrivals): cleanup runway(the arrivals (/obj/docking_port/stationary), /list (/list), /list (/list), /list (/list), /list (/list), 0, 8, Space (/area/space), /turf/open/space/transit/west (/turf/open/space/transit/west), /turf/open/space (/turf/open/space))
[20:23:42]the arrivals shuttle (/obj/docking_port/mobile/arrivals): initiate docking(the arrivals (/obj/docking_port/stationary), 8, 0)
[20:23:42]the arrivals shuttle (/obj/docking_port/mobile/arrivals): initiate docking(the arrivals (/obj/docking_port/stationary), 8)
[20:23:42]the arrivals shuttle (/obj/docking_port/mobile/arrivals): check()
[20:23:42]the arrivals shuttle (/obj/docking_port/mobile/arrivals): check()
[20:23:42]Shuttle (/datum/controller/subsystem/shuttle): fire(0)
[20:23:42]Shuttle (/datum/controller/subsystem/shuttle): ignite(0)
runtime error: 
[20:27:04]nothing to animate
[20:27:04]proc name: shake camera (/proc/shake_camera)
[20:27:04]  source file: mob_helpers.dm,270
[20:27:04]  usr: (src)
[20:27:04]  src: null
[20:27:04]  call stack:
[20:27:04]shake camera(Christopher Odd (/mob/living/carbon/human), 0.75, 1)
[20:27:04]Christopher Odd (/mob/living/carbon/human): afterShuttleMove(space (25,19,13) (/turf/open/space/transit/west), /list (/list), 8, 8, 8, 0)
[20:27:04]Christopher Odd (/mob/living/carbon/human): afterShuttleMove(space (25,19,13) (/turf/open/space/transit/west), /list (/list), 8, 8, 8, 0)
[20:27:04]the arrivals shuttle (/obj/docking_port/mobile/arrivals): cleanup runway(the arrivals (/obj/docking_port/stationary), /list (/list), /list (/list), /list (/list), /list (/list), 0, 8, Space (/area/space), /turf/open/space/transit/west (/turf/open/space/transit/west), /turf/open/space (/turf/open/space))
[20:27:04]the arrivals shuttle (/obj/docking_port/mobile/arrivals): initiate docking(the arrivals (/obj/docking_port/stationary), 8, 0)
[20:27:04]the arrivals shuttle (/obj/docking_port/mobile/arrivals): initiate docking(the arrivals (/obj/docking_port/stationary), 8)
[20:27:04]the arrivals shuttle (/obj/docking_port/mobile/arrivals): check()
[20:27:04]the arrivals shuttle (/obj/docking_port/mobile/arrivals): check()
[20:27:04]Shuttle (/datum/controller/subsystem/shuttle): fire(0)
[20:27:04]Shuttle (/datum/controller/subsystem/shuttle): ignite(0)
runtime error: 
[20:43:34]Undefined operation: 600 / null
[20:43:34]proc name: ParseSong (/datum/song/proc/ParseSong)
[20:43:34]  source file: musician.dm,203
[20:43:34]  usr: Christopher Odd (/mob/living/carbon/human)
[20:43:34]  src: Untitled (/datum/song/handheld)
[20:43:34]  usr.loc: the floor (182,129,2) (/turf/open/floor/plasteel)
[20:43:34]  call stack:
[20:43:34]Untitled (/datum/song/handheld): ParseSong("BPM: 400\nG/0.06,G/0.3,F/1.92...")
[20:43:34]Untitled (/datum/song/handheld): Topic("src=\[0x2101104c];import=1", /list (/list))
[20:43:34]Infinitys true end (/client): Topic("src=\[0x2101104c];import=1", /list (/list), Untitled (/datum/song/handheld))
[20:43:34]Infinitys true end (/client): Topic("src=\[0x2101104c];import=1", /list (/list), Untitled (/datum/song/handheld))
runtime error: 
[21:17:47]nothing to animate
[21:17:47]proc name: shake camera (/proc/shake_camera)
[21:17:47]  source file: mob_helpers.dm,270
[21:17:47]  usr: (src)
[21:17:47]  src: null
[21:17:47]  call stack:
[21:17:47]shake camera(Bubbles (/mob/living/carbon/human), 0.75, 1)
[21:17:47]Bubbles (/mob/living/carbon/human): afterShuttleMove(space (23,18,13) (/turf/open/space/transit/west), /list (/list), 8, 8, 8, 0)
[21:17:47]Bubbles (/mob/living/carbon/human): afterShuttleMove(space (23,18,13) (/turf/open/space/transit/west), /list (/list), 8, 8, 8, 0)
[21:17:47]the arrivals shuttle (/obj/docking_port/mobile/arrivals): cleanup runway(the arrivals (/obj/docking_port/stationary), /list (/list), /list (/list), /list (/list), /list (/list), 0, 8, Space (/area/space), /turf/open/space/transit/west (/turf/open/space/transit/west), /turf/open/space (/turf/open/space))
[21:17:47]the arrivals shuttle (/obj/docking_port/mobile/arrivals): initiate docking(the arrivals (/obj/docking_port/stationary), 8, 0)
[21:17:47]the arrivals shuttle (/obj/docking_port/mobile/arrivals): initiate docking(the arrivals (/obj/docking_port/stationary), 8)
[21:17:47]the arrivals shuttle (/obj/docking_port/mobile/arrivals): check()
[21:17:47]the arrivals shuttle (/obj/docking_port/mobile/arrivals): check()
[21:17:47]Shuttle (/datum/controller/subsystem/shuttle): fire(0)
[21:17:47]Shuttle (/datum/controller/subsystem/shuttle): ignite(0)
runtime error: 
[21:23:21]nothing to animate
[21:23:21]proc name: shake camera (/proc/shake_camera)
[21:23:21]  source file: mob_helpers.dm,270
[21:23:21]  usr: (src)
[21:23:21]  src: null
[21:23:21]  call stack:
[21:23:21]shake camera(Brynn Trovato (/mob/living/carbon/human), 0.75, 1)
[21:23:21]Brynn Trovato (/mob/living/carbon/human): afterShuttleMove(space (21,18,13) (/turf/open/space/transit/west), /list (/list), 8, 8, 8, 0)
[21:23:21]Brynn Trovato (/mob/living/carbon/human): afterShuttleMove(space (21,18,13) (/turf/open/space/transit/west), /list (/list), 8, 8, 8, 0)
[21:23:21]the arrivals shuttle (/obj/docking_port/mobile/arrivals): cleanup runway(the arrivals (/obj/docking_port/stationary), /list (/list), /list (/list), /list (/list), /list (/list), 0, 8, Space (/area/space), /turf/open/space/transit/west (/turf/open/space/transit/west), /turf/open/space (/turf/open/space))
[21:23:21]the arrivals shuttle (/obj/docking_port/mobile/arrivals): initiate docking(the arrivals (/obj/docking_port/stationary), 8, 0)
[21:23:21]the arrivals shuttle (/obj/docking_port/mobile/arrivals): initiate docking(the arrivals (/obj/docking_port/stationary), 8)
[21:23:21]the arrivals shuttle (/obj/docking_port/mobile/arrivals): check()
[21:23:21]the arrivals shuttle (/obj/docking_port/mobile/arrivals): check()
[21:23:21]Shuttle (/datum/controller/subsystem/shuttle): fire(0)
[21:23:21]Shuttle (/datum/controller/subsystem/shuttle): ignite(0)
runtime error: 
[21:30:32]nothing to animate
[21:30:32]proc name: shake camera (/proc/shake_camera)
[21:30:32]  source file: mob_helpers.dm,270
[21:30:32]  usr: (src)
[21:30:32]  src: null
[21:30:32]  call stack:
[21:30:32]shake camera(Jhonson Lutherfield (/mob/living/carbon/human), 0.75, 1)
[21:30:32]Jhonson Lutherfield (/mob/living/carbon/human): afterShuttleMove(space (21,20,13) (/turf/open/space/transit/west), /list (/list), 8, 8, 8, 0)
[21:30:32]Jhonson Lutherfield (/mob/living/carbon/human): afterShuttleMove(space (21,20,13) (/turf/open/space/transit/west), /list (/list), 8, 8, 8, 0)
[21:30:32]the arrivals shuttle (/obj/docking_port/mobile/arrivals): cleanup runway(the arrivals (/obj/docking_port/stationary), /list (/list), /list (/list), /list (/list), /list (/list), 0, 8, Space (/area/space), /turf/open/space/transit/west (/turf/open/space/transit/west), /turf/open/space (/turf/open/space))
[21:30:32]the arrivals shuttle (/obj/docking_port/mobile/arrivals): initiate docking(the arrivals (/obj/docking_port/stationary), 8, 0)
[21:30:32]the arrivals shuttle (/obj/docking_port/mobile/arrivals): initiate docking(the arrivals (/obj/docking_port/stationary), 8)
[21:30:32]the arrivals shuttle (/obj/docking_port/mobile/arrivals): check()
[21:30:32]the arrivals shuttle (/obj/docking_port/mobile/arrivals): check()
[21:30:32]Shuttle (/datum/controller/subsystem/shuttle): fire(0)
[21:30:32]Shuttle (/datum/controller/subsystem/shuttle): ignite(0)
runtime error: 
[21:33:18]type mismatch: -20 + 'sound/weapons/bladeslice.ogg'
[21:33:18]proc name: Butcher (/datum/component/butchering/proc/Butcher)
[21:33:18]  source file: butchering.dm,23
[21:33:18]  usr: Christopher Odd (/mob/living/carbon/human)
[21:33:18]  src: /datum/component/butchering (/datum/component/butchering)
[21:33:18]  usr.loc: the floor (81,122,2) (/turf/open/floor/plasteel)
[21:33:18]  call stack:
[21:33:18]/datum/component/butchering (/datum/component/butchering): Butcher(Christopher Odd (/mob/living/carbon/human), Paperwork (/mob/living/simple_animal/sloth/paperwork))
[21:33:18]Paperwork (/mob/living/simple_animal/sloth/paperwork): attackby(the fire axe (Wielded) (/obj/item/twohanded/fireaxe), Christopher Odd (/mob/living/carbon/human), "icon-x=18;icon-y=10;left=1;scr...")
[21:33:18]the fire axe (Wielded) (/obj/item/twohanded/fireaxe): melee attack chain(Christopher Odd (/mob/living/carbon/human), Paperwork (/mob/living/simple_animal/sloth/paperwork), "icon-x=18;icon-y=10;left=1;scr...")
[21:33:18]Christopher Odd (/mob/living/carbon/human): ClickOn(Paperwork (/mob/living/simple_animal/sloth/paperwork), "icon-x=18;icon-y=10;left=1;scr...")
[21:33:18]Paperwork (/mob/living/simple_animal/sloth/paperwork): Click(the floor (81,123,2) (/turf/open/floor/plasteel), "mapwindow.map", "icon-x=18;icon-y=10;left=1;scr...")
runtime error: 
[21:33:19]type mismatch: -20 + 'sound/weapons/bladeslice.ogg'
[21:33:19]proc name: Butcher (/datum/component/butchering/proc/Butcher)
[21:33:19]  source file: butchering.dm,23
[21:33:19]  usr: Christopher Odd (/mob/living/carbon/human)
[21:33:19]  src: /datum/component/butchering (/datum/component/butchering)
[21:33:19]  usr.loc: the floor (81,122,2) (/turf/open/floor/plasteel)
[21:33:19]  call stack:
[21:33:19]/datum/component/butchering (/datum/component/butchering): Butcher(Christopher Odd (/mob/living/carbon/human), Paperwork (/mob/living/simple_animal/sloth/paperwork))
[21:33:19]Paperwork (/mob/living/simple_animal/sloth/paperwork): attackby(the fire axe (Wielded) (/obj/item/twohanded/fireaxe), Christopher Odd (/mob/living/carbon/human), "icon-x=18;icon-y=11;left=1;scr...")
[21:33:19]the fire axe (Wielded) (/obj/item/twohanded/fireaxe): melee attack chain(Christopher Odd (/mob/living/carbon/human), Paperwork (/mob/living/simple_animal/sloth/paperwork), "icon-x=18;icon-y=11;left=1;scr...")
[21:33:19]Christopher Odd (/mob/living/carbon/human): ClickOn(Paperwork (/mob/living/simple_animal/sloth/paperwork), "icon-x=18;icon-y=11;left=1;scr...")
[21:33:19]Paperwork (/mob/living/simple_animal/sloth/paperwork): Click(the floor (81,123,2) (/turf/open/floor/plasteel), "mapwindow.map", "icon-x=18;icon-y=11;left=1;scr...")
runtime error: 
[21:33:20]type mismatch: -20 + 'sound/weapons/bladeslice.ogg'
[21:33:20]proc name: Butcher (/datum/component/butchering/proc/Butcher)
[21:33:20]  source file: butchering.dm,23
[21:33:20]  usr: Christopher Odd (/mob/living/carbon/human)
[21:33:20]  src: /datum/component/butchering (/datum/component/butchering)
[21:33:20]  usr.loc: the floor (81,122,2) (/turf/open/floor/plasteel)
[21:33:20]  call stack:
[21:33:20]/datum/component/butchering (/datum/component/butchering): Butcher(Christopher Odd (/mob/living/carbon/human), Paperwork (/mob/living/simple_animal/sloth/paperwork))
[21:33:20]Paperwork (/mob/living/simple_animal/sloth/paperwork): attackby(the fire axe (Wielded) (/obj/item/twohanded/fireaxe), Christopher Odd (/mob/living/carbon/human), "icon-x=18;icon-y=11;left=1;scr...")
[21:33:20]the fire axe (Wielded) (/obj/item/twohanded/fireaxe): melee attack chain(Christopher Odd (/mob/living/carbon/human), Paperwork (/mob/living/simple_animal/sloth/paperwork), "icon-x=18;icon-y=11;left=1;scr...")
[21:33:20]Christopher Odd (/mob/living/carbon/human): ClickOn(Paperwork (/mob/living/simple_animal/sloth/paperwork), "icon-x=18;icon-y=11;left=1;scr...")
[21:33:20]Paperwork (/mob/living/simple_animal/sloth/paperwork): Click(the floor (81,123,2) (/turf/open/floor/plasteel), "mapwindow.map", "icon-x=18;icon-y=11;left=1;scr...")
runtime error: 
[21:33:21]type mismatch: -20 + 'sound/weapons/bladeslice.ogg'
[21:33:21]proc name: Butcher (/datum/component/butchering/proc/Butcher)
[21:33:21]  source file: butchering.dm,23
[21:33:21]  usr: Christopher Odd (/mob/living/carbon/human)
[21:33:21]  src: /datum/component/butchering (/datum/component/butchering)
[21:33:21]  usr.loc: the floor (81,122,2) (/turf/open/floor/plasteel)
[21:33:21]  call stack:
[21:33:21]/datum/component/butchering (/datum/component/butchering): Butcher(Christopher Odd (/mob/living/carbon/human), Paperwork (/mob/living/simple_animal/sloth/paperwork))
[21:33:21]Paperwork (/mob/living/simple_animal/sloth/paperwork): attackby(the fire axe (Wielded) (/obj/item/twohanded/fireaxe), Christopher Odd (/mob/living/carbon/human), "icon-x=18;icon-y=11;left=1;scr...")
[21:33:21]the fire axe (Wielded) (/obj/item/twohanded/fireaxe): melee attack chain(Christopher Odd (/mob/living/carbon/human), Paperwork (/mob/living/simple_animal/sloth/paperwork), "icon-x=18;icon-y=11;left=1;scr...")
[21:33:21]Christopher Odd (/mob/living/carbon/human): ClickOn(Paperwork (/mob/living/simple_animal/sloth/paperwork), "icon-x=18;icon-y=11;left=1;scr...")
[21:33:21]Paperwork (/mob/living/simple_animal/sloth/paperwork): Click(the floor (81,123,2) (/turf/open/floor/plasteel), "mapwindow.map", "icon-x=18;icon-y=11;left=1;scr...")
runtime error: 
[21:33:22]type mismatch: -20 + 'sound/weapons/bladeslice.ogg'
[21:33:22]proc name: Butcher (/datum/component/butchering/proc/Butcher)
[21:33:22]  source file: butchering.dm,23
[21:33:22]  usr: Christopher Odd (/mob/living/carbon/human)
[21:33:22]  src: /datum/component/butchering (/datum/component/butchering)
[21:33:22]  usr.loc: the floor (81,122,2) (/turf/open/floor/plasteel)
[21:33:22]  call stack:
[21:33:22]/datum/component/butchering (/datum/component/butchering): Butcher(Christopher Odd (/mob/living/carbon/human), Paperwork (/mob/living/simple_animal/sloth/paperwork))
[21:33:22]Paperwork (/mob/living/simple_animal/sloth/paperwork): attackby(the fire axe (Wielded) (/obj/item/twohanded/fireaxe), Christopher Odd (/mob/living/carbon/human), "icon-x=18;icon-y=11;left=1;scr...")
[21:33:22]the fire axe (Wielded) (/obj/item/twohanded/fireaxe): melee attack chain(Christopher Odd (/mob/living/carbon/human), Paperwork (/mob/living/simple_animal/sloth/paperwork), "icon-x=18;icon-y=11;left=1;scr...")
[21:33:22]Christopher Odd (/mob/living/carbon/human): ClickOn(Paperwork (/mob/living/simple_animal/sloth/paperwork), "icon-x=18;icon-y=11;left=1;scr...")
[21:33:22]Paperwork (/mob/living/simple_animal/sloth/paperwork): Click(the floor (81,123,2) (/turf/open/floor/plasteel), "mapwindow.map", "icon-x=18;icon-y=11;left=1;scr...")
runtime error: 
[21:33:23]type mismatch: -20 + 'sound/weapons/bladeslice.ogg'
[21:33:23]proc name: Butcher (/datum/component/butchering/proc/Butcher)
[21:33:23]  source file: butchering.dm,23
[21:33:23]  usr: Christopher Odd (/mob/living/carbon/human)
[21:33:23]  src: /datum/component/butchering (/datum/component/butchering)
[21:33:23]  usr.loc: the floor (81,122,2) (/turf/open/floor/plasteel)
[21:33:23]  call stack:
[21:33:23]/datum/component/butchering (/datum/component/butchering): Butcher(Christopher Odd (/mob/living/carbon/human), Paperwork (/mob/living/simple_animal/sloth/paperwork))
[21:33:23]Paperwork (/mob/living/simple_animal/sloth/paperwork): attackby(the fire axe (Wielded) (/obj/item/twohanded/fireaxe), Christopher Odd (/mob/living/carbon/human), "icon-x=18;icon-y=11;left=1;scr...")
[21:33:23]the fire axe (Wielded) (/obj/item/twohanded/fireaxe): melee attack chain(Christopher Odd (/mob/living/carbon/human), Paperwork (/mob/living/simple_animal/sloth/paperwork), "icon-x=18;icon-y=11;left=1;scr...")
[21:33:23]Christopher Odd (/mob/living/carbon/human): ClickOn(Paperwork (/mob/living/simple_animal/sloth/paperwork), "icon-x=18;icon-y=11;left=1;scr...")
[21:33:23]Paperwork (/mob/living/simple_animal/sloth/paperwork): Click(the floor (81,123,2) (/turf/open/floor/plasteel), "mapwindow.map", "icon-x=18;icon-y=11;left=1;scr...")
runtime error: 
[21:33:23]type mismatch: -20 + 'sound/weapons/bladeslice.ogg'
[21:33:23]proc name: Butcher (/datum/component/butchering/proc/Butcher)
[21:33:23]  source file: butchering.dm,23
[21:33:23]  usr: Christopher Odd (/mob/living/carbon/human)
[21:33:23]  src: /datum/component/butchering (/datum/component/butchering)
[21:33:23]  usr.loc: the floor (81,122,2) (/turf/open/floor/plasteel)
[21:33:23]  call stack:
[21:33:23]/datum/component/butchering (/datum/component/butchering): Butcher(Christopher Odd (/mob/living/carbon/human), Paperwork (/mob/living/simple_animal/sloth/paperwork))
[21:33:23]Paperwork (/mob/living/simple_animal/sloth/paperwork): attackby(the fire axe (Wielded) (/obj/item/twohanded/fireaxe), Christopher Odd (/mob/living/carbon/human), "icon-x=18;icon-y=11;left=1;scr...")
[21:33:23]the fire axe (Wielded) (/obj/item/twohanded/fireaxe): melee attack chain(Christopher Odd (/mob/living/carbon/human), Paperwork (/mob/living/simple_animal/sloth/paperwork), "icon-x=18;icon-y=11;left=1;scr...")
[21:33:23]Christopher Odd (/mob/living/carbon/human): ClickOn(Paperwork (/mob/living/simple_animal/sloth/paperwork), "icon-x=18;icon-y=11;left=1;scr...")
[21:33:23]Paperwork (/mob/living/simple_animal/sloth/paperwork): Click(the floor (81,123,2) (/turf/open/floor/plasteel), "mapwindow.map", "icon-x=18;icon-y=11;left=1;scr...")
runtime error: 
[21:33:24]type mismatch: -20 + 'sound/weapons/bladeslice.ogg'
[21:33:24]proc name: Butcher (/datum/component/butchering/proc/Butcher)
[21:33:24]  source file: butchering.dm,23
[21:33:24]  usr: Christopher Odd (/mob/living/carbon/human)
[21:33:24]  src: /datum/component/butchering (/datum/component/butchering)
[21:33:24]  usr.loc: the floor (81,122,2) (/turf/open/floor/plasteel)
[21:33:24]  call stack:
[21:33:24]/datum/component/butchering (/datum/component/butchering): Butcher(Christopher Odd (/mob/living/carbon/human), Paperwork (/mob/living/simple_animal/sloth/paperwork))
[21:33:24]Paperwork (/mob/living/simple_animal/sloth/paperwork): attackby(the fire axe (Wielded) (/obj/item/twohanded/fireaxe), Christopher Odd (/mob/living/carbon/human), "icon-x=18;icon-y=11;left=1;scr...")
[21:33:24]the fire axe (Wielded) (/obj/item/twohanded/fireaxe): melee attack chain(Christopher Odd (/mob/living/carbon/human), Paperwork (/mob/living/simple_animal/sloth/paperwork), "icon-x=18;icon-y=11;left=1;scr...")
[21:33:24]Christopher Odd (/mob/living/carbon/human): ClickOn(Paperwork (/mob/living/simple_animal/sloth/paperwork), "icon-x=18;icon-y=11;left=1;scr...")
[21:33:24]Paperwork (/mob/living/simple_animal/sloth/paperwork): Click(the floor (81,123,2) (/turf/open/floor/plasteel), "mapwindow.map", "icon-x=18;icon-y=11;left=1;scr...")
runtime error: 
[21:33:25]type mismatch: -20 + 'sound/weapons/bladeslice.ogg'
[21:33:25]proc name: Butcher (/datum/component/butchering/proc/Butcher)
[21:33:25]  source file: butchering.dm,23
[21:33:25]  usr: Christopher Odd (/mob/living/carbon/human)
[21:33:25]  src: /datum/component/butchering (/datum/component/butchering)
[21:33:25]  usr.loc: the floor (81,122,2) (/turf/open/floor/plasteel)
[21:33:25]  call stack:
[21:33:25]/datum/component/butchering (/datum/component/butchering): Butcher(Christopher Odd (/mob/living/carbon/human), Paperwork (/mob/living/simple_animal/sloth/paperwork))
[21:33:25]Paperwork (/mob/living/simple_animal/sloth/paperwork): attackby(the fire axe (Wielded) (/obj/item/twohanded/fireaxe), Christopher Odd (/mob/living/carbon/human), "icon-x=18;icon-y=11;left=1;scr...")
[21:33:25]the fire axe (Wielded) (/obj/item/twohanded/fireaxe): melee attack chain(Christopher Odd (/mob/living/carbon/human), Paperwork (/mob/living/simple_animal/sloth/paperwork), "icon-x=18;icon-y=11;left=1;scr...")
[21:33:25]Christopher Odd (/mob/living/carbon/human): ClickOn(Paperwork (/mob/living/simple_animal/sloth/paperwork), "icon-x=18;icon-y=11;left=1;scr...")
[21:33:25]Paperwork (/mob/living/simple_animal/sloth/paperwork): Click(the floor (81,123,2) (/turf/open/floor/plasteel), "mapwindow.map", "icon-x=18;icon-y=11;left=1;scr...")
runtime error: 
[21:33:26]type mismatch: -20 + 'sound/weapons/bladeslice.ogg'
[21:33:26]proc name: Butcher (/datum/component/butchering/proc/Butcher)
[21:33:26]  source file: butchering.dm,23
[21:33:26]  usr: Christopher Odd (/mob/living/carbon/human)
[21:33:26]  src: /datum/component/butchering (/datum/component/butchering)
[21:33:26]  usr.loc: the floor (81,122,2) (/turf/open/floor/plasteel)
[21:33:26]  call stack:
[21:33:26]/datum/component/butchering (/datum/component/butchering): Butcher(Christopher Odd (/mob/living/carbon/human), Paperwork (/mob/living/simple_animal/sloth/paperwork))
[21:33:26]Paperwork (/mob/living/simple_animal/sloth/paperwork): attackby(the fire axe (Wielded) (/obj/item/twohanded/fireaxe), Christopher Odd (/mob/living/carbon/human), "icon-x=18;icon-y=11;left=1;scr...")
[21:33:26]the fire axe (Wielded) (/obj/item/twohanded/fireaxe): melee attack chain(Christopher Odd (/mob/living/carbon/human), Paperwork (/mob/living/simple_animal/sloth/paperwork), "icon-x=18;icon-y=11;left=1;scr...")
[21:33:26]Christopher Odd (/mob/living/carbon/human): ClickOn(Paperwork (/mob/living/simple_animal/sloth/paperwork), "icon-x=18;icon-y=11;left=1;scr...")
[21:33:26]Paperwork (/mob/living/simple_animal/sloth/paperwork): Click(the floor (81,123,2) (/turf/open/floor/plasteel), "mapwindow.map", "icon-x=18;icon-y=11;left=1;scr...")
runtime error: 
[21:33:27]type mismatch: -20 + 'sound/weapons/bladeslice.ogg'
[21:33:27]proc name: Butcher (/datum/component/butchering/proc/Butcher)
[21:33:27]  source file: butchering.dm,23
[21:33:27]  usr: Christopher Odd (/mob/living/carbon/human)
[21:33:27]  src: /datum/component/butchering (/datum/component/butchering)
[21:33:27]  usr.loc: the floor (81,122,2) (/turf/open/floor/plasteel)
[21:33:27]  call stack:
[21:33:27]/datum/component/butchering (/datum/component/butchering): Butcher(Christopher Odd (/mob/living/carbon/human), Paperwork (/mob/living/simple_animal/sloth/paperwork))
[21:33:27]Paperwork (/mob/living/simple_animal/sloth/paperwork): attackby(the fire axe (Wielded) (/obj/item/twohanded/fireaxe), Christopher Odd (/mob/living/carbon/human), "icon-x=18;icon-y=11;left=1;scr...")
[21:33:27]the fire axe (Wielded) (/obj/item/twohanded/fireaxe): melee attack chain(Christopher Odd (/mob/living/carbon/human), Paperwork (/mob/living/simple_animal/sloth/paperwork), "icon-x=18;icon-y=11;left=1;scr...")
[21:33:27]Christopher Odd (/mob/living/carbon/human): ClickOn(Paperwork (/mob/living/simple_animal/sloth/paperwork), "icon-x=18;icon-y=11;left=1;scr...")
[21:33:27]Paperwork (/mob/living/simple_animal/sloth/paperwork): Click(the floor (81,123,2) (/turf/open/floor/plasteel), "mapwindow.map", "icon-x=18;icon-y=11;left=1;scr...")
### VarEdit by CthulhuOnIce/(Marshsall Mathers): /obj/structure/closet/crate/medical name=medical crate => Experimental Chem Crate

runtime error: 
[21:40:29]nothing to animate
[21:40:29]proc name: shake camera (/proc/shake_camera)
[21:40:29]  source file: mob_helpers.dm,270
runtime error: 
[21:53:58]nothing to animate
[21:53:58]proc name: shake camera (/proc/shake_camera)
[21:53:58]  source file: mob_helpers.dm,270
runtime error: 
[22:02:48]Cannot read null.loc
[22:02:48]proc name: update parallax (/datum/hud/proc/update_parallax)
[22:02:48]  source file: parallax.dm,170
runtime error: 
[22:04:33]nothing to animate
[22:04:33]proc name: shake camera (/proc/shake_camera)
[22:04:33]  source file: mob_helpers.dm,270
runtime error: 
[22:08:26]nothing to animate
[22:08:26]proc name: shake camera (/proc/shake_camera)
[22:08:26]  source file: mob_helpers.dm,270
runtime error: 
[22:11:18]nothing to animate
[22:11:18]proc name: shake camera (/proc/shake_camera)
[22:11:18]  source file: mob_helpers.dm,270
runtime error: 
[22:11:48]addtimer called with a callback assigned to a qdeleted object
[22:11:48]proc name: stack trace (/proc/stack_trace)
[22:11:48]  source file: unsorted.dm,1254
runtime error: 
[22:11:49]addtimer called with a callback assigned to a qdeleted object
[22:11:49]proc name: stack trace (/proc/stack_trace)
[22:11:49]  source file: unsorted.dm,1254
runtime error: 
[22:13:19]nothing to animate
[22:13:19]proc name: shake camera (/proc/shake_camera)
[22:13:19]  source file: mob_helpers.dm,270
runtime error: 
[22:16:49]nothing to animate
[22:16:49]proc name: shake camera (/proc/shake_camera)
[22:16:49]  source file: mob_helpers.dm,270
runtime error: 
[22:18:09]Cannot execute null.remove reagent().
[22:18:09]proc name: on mob life (/datum/reagent/consumable/on_mob_life)
[22:18:09]  source file: food_reagents.dm,20
runtime error: 
[22:19:43]Cannot execute null.remove reagent().
[22:19:43]proc name: on mob life (/datum/reagent/consumable/on_mob_life)
[22:19:43]  source file: food_reagents.dm,20
runtime error: 
[22:19:45]Cannot execute null.remove reagent().
[22:19:45]proc name: on mob life (/datum/reagent/consumable/on_mob_life)
[22:19:45]  source file: food_reagents.dm,20
runtime error: 
[22:19:47]Cannot execute null.remove reagent().
[22:19:47]proc name: on mob life (/datum/reagent/consumable/on_mob_life)
[22:19:47]  source file: food_reagents.dm,20
runtime error: 
[22:19:49]Cannot execute null.remove reagent().
[22:19:49]proc name: on mob life (/datum/reagent/consumable/on_mob_life)
[22:19:49]  source file: food_reagents.dm,20
runtime error: 
[22:19:51]Cannot execute null.remove reagent().
[22:19:51]proc name: on mob life (/datum/reagent/consumable/on_mob_life)
[22:19:51]  source file: food_reagents.dm,20
runtime error: 
[22:19:53]Cannot execute null.remove reagent().
[22:19:53]proc name: on mob life (/datum/reagent/consumable/on_mob_life)
[22:19:53]  source file: food_reagents.dm,20
runtime error: 
[22:19:55]Cannot execute null.remove reagent().
[22:19:55]proc name: on mob life (/datum/reagent/consumable/on_mob_life)
[22:19:55]  source file: food_reagents.dm,20
runtime error: 
[22:19:57]Cannot execute null.remove reagent().
[22:19:57]proc name: on mob life (/datum/reagent/consumable/on_mob_life)
[22:19:57]  source file: food_reagents.dm,20
runtime error: 
[22:19:59]Cannot execute null.remove reagent().
[22:19:59]proc name: on mob life (/datum/reagent/consumable/on_mob_life)
[22:19:59]  source file: food_reagents.dm,20
runtime error: 
[22:20:01]Cannot execute null.remove reagent().
[22:20:01]proc name: on mob life (/datum/reagent/consumable/on_mob_life)
[22:20:01]  source file: food_reagents.dm,20
runtime error: 
[22:20:03]Cannot execute null.remove reagent().
[22:20:03]proc name: on mob life (/datum/reagent/consumable/on_mob_life)
[22:20:03]  source file: food_reagents.dm,20
runtime error: 
[22:20:05]Cannot execute null.remove reagent().
[22:20:05]proc name: on mob life (/datum/reagent/consumable/on_mob_life)
[22:20:05]  source file: food_reagents.dm,20
runtime error: 
[22:20:07]Cannot execute null.remove reagent().
[22:20:07]proc name: on mob life (/datum/reagent/consumable/on_mob_life)
[22:20:07]  source file: food_reagents.dm,20
runtime error: 
[22:20:10]Cannot execute null.remove reagent().
[22:20:10]proc name: on mob life (/datum/reagent/consumable/on_mob_life)
[22:20:10]  source file: food_reagents.dm,20
runtime error: 
[22:20:12]Cannot execute null.remove reagent().
[22:20:12]proc name: on mob life (/datum/reagent/consumable/on_mob_life)
[22:20:12]  source file: food_reagents.dm,20
runtime error: 
[22:20:14]Cannot execute null.remove reagent().
[22:20:14]proc name: on mob life (/datum/reagent/consumable/on_mob_life)
[22:20:14]  source file: food_reagents.dm,20
runtime error: 
[22:20:16]Cannot execute null.remove reagent().
[22:20:16]proc name: on mob life (/datum/reagent/consumable/on_mob_life)
[22:20:16]  source file: food_reagents.dm,20
runtime error: 
[22:20:18]Cannot execute null.remove reagent().
[22:20:18]proc name: on mob life (/datum/reagent/consumable/on_mob_life)
[22:20:18]  source file: food_reagents.dm,20
runtime error: 
[22:20:20]Cannot execute null.remove reagent().
[22:20:20]proc name: on mob life (/datum/reagent/consumable/on_mob_life)
[22:20:20]  source file: food_reagents.dm,20
runtime error: 
[22:20:22]Cannot execute null.remove reagent().
[22:20:22]proc name: on mob life (/datum/reagent/consumable/on_mob_life)
[22:20:22]  source file: food_reagents.dm,20
runtime error: 
[22:20:24]Cannot execute null.remove reagent().
[22:20:24]proc name: on mob life (/datum/reagent/consumable/on_mob_life)
[22:20:24]  source file: food_reagents.dm,20
runtime error: 
[22:20:26]Cannot execute null.remove reagent().
[22:20:26]proc name: on mob life (/datum/reagent/consumable/on_mob_life)
[22:20:26]  source file: food_reagents.dm,20
runtime error: 
[22:20:28]Cannot execute null.remove reagent().
[22:20:28]proc name: on mob life (/datum/reagent/consumable/on_mob_life)
[22:20:28]  source file: food_reagents.dm,20
runtime error: 
[22:20:30]Cannot execute null.remove reagent().
[22:20:30]proc name: on mob life (/datum/reagent/consumable/on_mob_life)
[22:20:30]  source file: food_reagents.dm,20
runtime error: 
[22:20:32]Cannot execute null.remove reagent().
[22:20:32]proc name: on mob life (/datum/reagent/consumable/on_mob_life)
[22:20:32]  source file: food_reagents.dm,20
runtime error: 
[22:20:34]Cannot execute null.remove reagent().
[22:20:34]proc name: on mob life (/datum/reagent/consumable/on_mob_life)
[22:20:34]  source file: food_reagents.dm,20
runtime error: 
[22:20:36]Cannot execute null.remove reagent().
[22:20:36]proc name: on mob life (/datum/reagent/consumable/on_mob_life)
[22:20:36]  source file: food_reagents.dm,20
runtime error: 
[22:20:38]Cannot execute null.remove reagent().
[22:20:38]proc name: on mob life (/datum/reagent/consumable/on_mob_life)
[22:20:38]  source file: food_reagents.dm,20
runtime error: 
[22:20:40]Cannot execute null.remove reagent().
[22:20:40]proc name: on mob life (/datum/reagent/consumable/on_mob_life)
[22:20:40]  source file: food_reagents.dm,20
runtime error: 
[22:20:42]Cannot execute null.remove reagent().
[22:20:42]proc name: on mob life (/datum/reagent/consumable/on_mob_life)
[22:20:42]  source file: food_reagents.dm,20
runtime error: 
[22:20:44]Cannot execute null.remove reagent().
[22:20:44]proc name: on mob life (/datum/reagent/consumable/on_mob_life)
[22:20:44]  source file: food_reagents.dm,20
runtime error: 
[22:20:46]Cannot execute null.remove reagent().
[22:20:46]proc name: on mob life (/datum/reagent/consumable/on_mob_life)
[22:20:46]  source file: food_reagents.dm,20
runtime error: 
[22:20:48]Cannot execute null.remove reagent().
[22:20:48]proc name: on mob life (/datum/reagent/consumable/on_mob_life)
[22:20:48]  source file: food_reagents.dm,20
runtime error: 
[22:20:50]Cannot execute null.remove reagent().
[22:20:50]proc name: on mob life (/datum/reagent/consumable/on_mob_life)
[22:20:50]  source file: food_reagents.dm,20
runtime error: 
[22:20:52]Cannot execute null.remove reagent().
[22:20:52]proc name: on mob life (/datum/reagent/consumable/on_mob_life)
[22:20:52]  source file: food_reagents.dm,20
runtime error: 
[22:20:54]Cannot execute null.remove reagent().
[22:20:54]proc name: on mob life (/datum/reagent/consumable/on_mob_life)
[22:20:54]  source file: food_reagents.dm,20
runtime error: 
[22:20:58]Cannot execute null.remove reagent().
[22:20:58]proc name: on mob life (/datum/reagent/consumable/on_mob_life)
[22:20:58]  source file: food_reagents.dm,20
runtime error: 
[22:21:00]Cannot execute null.remove reagent().
[22:21:00]proc name: on mob life (/datum/reagent/consumable/on_mob_life)
[22:21:00]  source file: food_reagents.dm,20
runtime error: 
[22:21:02]Cannot execute null.remove reagent().
[22:21:02]proc name: on mob life (/datum/reagent/consumable/on_mob_life)
[22:21:02]  source file: food_reagents.dm,20
runtime error: 
[22:21:04]Cannot execute null.remove reagent().
[22:21:04]proc name: on mob life (/datum/reagent/consumable/on_mob_life)
[22:21:04]  source file: food_reagents.dm,20
runtime error: 
[22:21:06]Cannot execute null.remove reagent().
[22:21:06]proc name: on mob life (/datum/reagent/consumable/on_mob_life)
[22:21:06]  source file: food_reagents.dm,20
runtime error: 
[22:21:08]Cannot execute null.remove reagent().
[22:21:08]proc name: on mob life (/datum/reagent/consumable/on_mob_life)
[22:21:08]  source file: food_reagents.dm,20
runtime error: 
[22:21:10]Cannot execute null.remove reagent().
[22:21:10]proc name: on mob life (/datum/reagent/consumable/on_mob_life)
[22:21:10]  source file: food_reagents.dm,20
runtime error: 
[22:21:12]Cannot execute null.remove reagent().
[22:21:12]proc name: on mob life (/datum/reagent/consumable/on_mob_life)
[22:21:12]  source file: food_reagents.dm,20
runtime error: 
[22:21:14]Cannot execute null.remove reagent().
[22:21:14]proc name: on mob life (/datum/reagent/consumable/on_mob_life)
[22:21:14]  source file: food_reagents.dm,20
runtime error: 
[22:21:17]Cannot execute null.remove reagent().
[22:21:17]proc name: on mob life (/datum/reagent/consumable/on_mob_life)
[22:21:17]  source file: food_reagents.dm,20
runtime error: 
[22:21:19]Cannot execute null.remove reagent().
[22:21:19]proc name: on mob life (/datum/reagent/consumable/on_mob_life)
[22:21:19]  source file: food_reagents.dm,20
runtime error: 
[22:21:21]Cannot execute null.remove reagent().
[22:21:21]proc name: on mob life (/datum/reagent/consumable/on_mob_life)
[22:21:21]  source file: food_reagents.dm,20
runtime error: 
[22:21:23]Cannot execute null.remove reagent().
[22:21:23]proc name: on mob life (/datum/reagent/consumable/on_mob_life)
[22:21:23]  source file: food_reagents.dm,20
runtime error: 
[22:21:25]Cannot execute null.remove reagent().
[22:21:25]proc name: on mob life (/datum/reagent/consumable/on_mob_life)
[22:21:25]  source file: food_reagents.dm,20
runtime error: 
[22:21:27]Cannot execute null.remove reagent().
[22:21:27]proc name: on mob life (/datum/reagent/consumable/on_mob_life)
[22:21:27]  source file: food_reagents.dm,20
runtime error: 
[22:30:48]Cannot read null.loc
[22:30:48]proc name: update parallax (/datum/hud/proc/update_parallax)
[22:30:48]  source file: parallax.dm,170
runtime error: 
[22:30:48]Cannot read null.uni_identity
[22:30:48]proc name: add fingerprint (/datum/component/forensics/proc/add_fingerprint)
[22:30:48]  source file: forensics.dm,74
## WARNING: build_pipeline(): /obj/machinery/atmospherics/pipe/simple/supply/hidden added to a pipenet while still having one. (pipes leading to the same spot stacking in one turf) Nearby: (127, 69, 2)
## WARNING: build_pipeline(): /obj/machinery/atmospherics/pipe/simple/supply/hidden added to a pipenet while still having one. (pipes leading to the same spot stacking in one turf) Nearby: (126, 69, 2)
## WARNING: build_pipeline(): /obj/machinery/atmospherics/pipe/simple/supply/hidden added to a pipenet while still having one. (pipes leading to the same spot stacking in one turf) Nearby: (126, 70, 2)
## WARNING: build_pipeline(): /obj/machinery/atmospherics/pipe/simple/supply/hidden added to a pipenet while still having one. (pipes leading to the same spot stacking in one turf) Nearby: (126, 71, 2)
## WARNING: build_pipeline(): /obj/machinery/atmospherics/pipe/simple/supply/hidden added to a pipenet while still having one. (pipes leading to the same spot stacking in one turf) Nearby: (126, 72, 2)
## WARNING: build_pipeline(): /obj/machinery/atmospherics/pipe/simple/supply/hidden added to a pipenet while still having one. (pipes leading to the same spot stacking in one turf) Nearby: (126, 73, 2)
## WARNING: build_pipeline(): /obj/machinery/atmospherics/pipe/simple/supply/hidden added to a pipenet while still having one. (pipes leading to the same spot stacking in one turf) Nearby: (125, 73, 2)
## WARNING: build_pipeline(): /obj/machinery/atmospherics/pipe/simple/supply/hidden added to a pipenet while still having one. (pipes leading to the same spot stacking in one turf) Nearby: (124, 73, 2)
## WARNING: build_pipeline(): /obj/machinery/atmospherics/pipe/simple/supply/hidden added to a pipenet while still having one. (pipes leading to the same spot stacking in one turf) Nearby: (123, 73, 2)
## WARNING: build_pipeline(): /obj/machinery/atmospherics/pipe/manifold/supply/hidden added to a pipenet while still having one. (pipes leading to the same spot stacking in one turf) Nearby: (122, 73, 2)
## WARNING: build_pipeline(): further messages about pipenets will be supressed
[2018-04-18 22:30:49] Client: CthulhuOnIce triggered JS error: Error: The URI to be decoded is not a valid encoding | url: http://127.0.0.1:50682/tmp17912/browserOutput.js | line: 116 | column: 2 | error: URIError: The URI to be decoded is not a valid encoding | user agent: Mozilla/4.0 (compatible; MSIE 7.0; Windows NT 6.2; WOW64; Trident/7.0; .NET4.0C; .NET4.0E; .NET CLR 2.0.50727; .NET CLR 3.0.30729; .NET CLR 3.5.30729; Tablet PC 2.0)
[2018-04-18 22:30:49] Client: Swindel_ triggered JS error: Error: The URI to be decoded is not a valid encoding | url: http://127.0.0.1:5068/browserOutput.js | line: 116 | column: 2 | user agent: Mozilla/4.0 (compatible; MSIE 7.0; Windows NT 6.2; WOW64; Trident/6.0; .NET4.0E; .NET4.0C; .NET CLR 3.5.30729; .NET CLR 2.0.50727; .NET CLR 3.0.30729; MAGWJS)
[2018-04-18 22:30:49] Client: Dilbo baggins triggered JS error: Error: The URI to be decoded is not a valid encoding | url: http://127.0.0.1:4964/browserOutput.js | line: 116 | column: 2 | error: URIError: The URI to be decoded is not a valid encoding | user agent: Mozilla/4.0 (compatible; MSIE 7.0; Windows NT 6.2; WOW64; Trident/7.0; .NET4.0C; .NET4.0E; .NET CLR 2.0.50727; .NET CLR 3.0.30729; .NET CLR 3.5.30729)
[2018-04-18 22:30:49] Client: Doobiedoo24 triggered JS error: Error: The URI to be decoded is not a valid encoding | url: http://127.0.0.1:51057/browserOutput.js | line: 116 | column: 2 | error: URIError: The URI to be decoded is not a valid encoding | user agent: Mozilla/4.0 (compatible; MSIE 7.0; Windows NT 6.2; WOW64; Trident/7.0; .NET4.0C; .NET4.0E)
[2018-04-18 22:30:49] Client: Yeti284 triggered JS error: Error: The URI to be decoded is not a valid encoding | url: http://127.0.0.1:62494/tmp7140/browserOutput.js | line: 116 | column: 2 | error: URIError: The URI to be decoded is not a valid encoding | user agent: Mozilla/4.0 (compatible; MSIE 7.0; Windows NT 6.2; WOW64; Trident/7.0; .NET4.0C; .NET4.0E; .NET CLR 2.0.50727; .NET CLR 3.0.30729; .NET CLR 3.5.30729)
[2018-04-18 22:30:49] Client: Iagotodesco triggered JS error: Error: O URI a ser decodificado não é uma codificação válida | url: http://127.0.0.1:57908/browserOutput.js | line: 116 | column: 2 | error: URIError: O URI a ser decodificado não é uma codificação válida | user agent: Mozilla/4.0 (compatible; MSIE 7.0; Windows NT 6.1; Trident/7.0; SLCC2; .NET CLR 2.0.50727; .NET CLR 3.5.30729; .NET CLR 3.0.30729; Media Center PC 6.0; InfoPath.3; .NET4.0C; .NET4.0E)
runtime error: 
[22:32:38]nothing to animate
[22:32:38]proc name: shake camera (/proc/shake_camera)
[22:32:38]  source file: mob_helpers.dm,270
runtime error: 
[22:33:11]Cannot read null.client
[22:33:11]proc name: open (/datum/tgui/proc/open)
[22:33:11]  source file: tgui.dm,87
runtime error: 
[22:33:29]Cannot read null.client
[22:33:29]proc name: open (/datum/tgui/proc/open)
[22:33:29]  source file: tgui.dm,87
runtime error: 
[22:37:57]Cannot read null.client
[22:37:57]proc name: open (/datum/tgui/proc/open)
[22:37:57]  source file: tgui.dm,87
runtime error: 
[22:43:39]type mismatch: 113 - "15x15"
[22:43:39]proc name: get images (/obj/item/areaeditor/blueprints/proc/get_images)
[22:43:39]  source file: blueprints.dm,105
runtime error: 
[22:43:40]type mismatch: 113 - "15x15"
[22:43:40]proc name: get images (/obj/item/areaeditor/blueprints/proc/get_images)
[22:43:40]  source file: blueprints.dm,105
runtime error: 
[22:43:59]nothing to animate
[22:43:59]proc name: shake camera (/proc/shake_camera)
[22:43:59]  source file: mob_helpers.dm,270
runtime error: 
[22:45:19]Cannot modify null.parallax_animate_timer.
[22:45:19]proc name: update parallax motionblur (/datum/hud/proc/update_parallax_motionblur)
[22:45:19]  source file: parallax.dm,149
Saved 5 engraved messages on map Box Station
runtime error: 
[22:45:48]addtimer called with a callback assigned to a qdeleted object
[22:45:48]proc name: stack trace (/proc/stack_trace)
[22:45:48]  source file: unsorted.dm,1254
runtime error: 
[22:45:48]addtimer called with a callback assigned to a qdeleted object
[22:45:48]proc name: stack trace (/proc/stack_trace)
[22:45:48]  source file: unsorted.dm,1254
runtime error: 
[22:45:49]addtimer called with a callback assigned to a qdeleted object
[22:45:49]proc name: stack trace (/proc/stack_trace)
[22:45:49]  source file: unsorted.dm,1254
runtime error: 
[22:45:49]addtimer called with a callback assigned to a qdeleted object
[22:45:49]proc name: stack trace (/proc/stack_trace)
[22:45:49]  source file: unsorted.dm,1254
runtime error: 
[22:45:49]addtimer called with a callback assigned to a qdeleted object
[22:45:49]proc name: stack trace (/proc/stack_trace)
[22:45:49]  source file: unsorted.dm,1254
runtime error: 
[22:45:52]addtimer called with a callback assigned to a qdeleted object
[22:45:52]proc name: stack trace (/proc/stack_trace)
[22:45:52]  source file: unsorted.dm,1254
runtime error: 
[22:45:52]addtimer called with a callback assigned to a qdeleted object
[22:45:52]proc name: stack trace (/proc/stack_trace)
[22:45:52]  source file: unsorted.dm,1254
runtime error: 
[22:45:52]addtimer called with a callback assigned to a qdeleted object
[22:45:52]Warning: further proc crash messages are being suppressed to prevent overload...
runtime error: 
[22:45:52]addtimer called with a callback assigned to a qdeleted object
runtime error: 
[22:45:53]addtimer called with a callback assigned to a qdeleted object
runtime error: 
[22:45:53]addtimer called with a callback assigned to a qdeleted object
runtime error: 
[22:45:53]addtimer called with a callback assigned to a qdeleted object
runtime error: 
[22:45:53]addtimer called with a callback assigned to a qdeleted object
runtime error: 
[22:45:53]addtimer called with a callback assigned to a qdeleted object
runtime error: 
[22:45:53]addtimer called with a callback assigned to a qdeleted object
runtime error: 
[22:45:57]addtimer called with a callback assigned to a qdeleted object
runtime error: 
[22:45:57]addtimer called with a callback assigned to a qdeleted object
runtime error: 
[22:45:58]addtimer called with a callback assigned to a qdeleted object
runtime error: 
[22:45:58]addtimer called with a callback assigned to a qdeleted object
runtime error: 
[22:46:08]addtimer called with a callback assigned to a qdeleted object
runtime error: 
[22:46:08]addtimer called with a callback assigned to a qdeleted object
runtime error: 
[22:46:11]addtimer called with a callback assigned to a qdeleted object
runtime error: 
[22:46:11]addtimer called with a callback assigned to a qdeleted object
runtime error: 
[22:46:11]addtimer called with a callback assigned to a qdeleted object
runtime error: 
[22:46:11]addtimer called with a callback assigned to a qdeleted object
runtime error: 
[22:46:12]addtimer called with a callback assigned to a qdeleted object
runtime error: 
[22:46:12]addtimer called with a callback assigned to a qdeleted object
runtime error: 
[22:46:12]addtimer called with a callback assigned to a qdeleted object
runtime error: 
[22:46:12]addtimer called with a callback assigned to a qdeleted object
runtime error: 
[22:46:12]addtimer called with a callback assigned to a qdeleted object
runtime error: 
[22:46:12]addtimer called with a callback assigned to a qdeleted object
runtime error: 
[22:46:12]addtimer called with a callback assigned to a qdeleted object
runtime error: 
[22:46:12]addtimer called with a callback assigned to a qdeleted object
runtime error: 
[22:46:12]addtimer called with a callback assigned to a qdeleted object
runtime error: 
[22:46:12]addtimer called with a callback assigned to a qdeleted object
runtime error: 
[22:46:13]addtimer called with a callback assigned to a qdeleted object
runtime error: 
[22:46:13]addtimer called with a callback assigned to a qdeleted object
runtime error: 
[22:46:14]addtimer called with a callback assigned to a qdeleted object
Shutting down Persistence subsystem...
Shutting down pathfinder subsystem...
Shutting down Squeak subsystem...
Shutting down Shuttle subsystem...
Shutting down Lighting subsystem...
Shutting down XKeyScore subsystem...
Shutting down Sticky Ban subsystem...
Shutting down Overlay subsystem...
Shutting down Icon Smoothing subsystem...
Shutting down Assets subsystem...
Shutting down Minimap subsystem...
Shutting down Atmospherics subsystem...
Shutting down Wet floors subsystem...
Shutting down Weather subsystem...
Shutting down Vote subsystem...
Shutting down Traumas subsystem...
Shutting down Title Screen subsystem...
Shutting down Time Tracking subsystem...
Shutting down Throwing subsystem...
Shutting down tgui subsystem...
Shutting down Sun subsystem...
Shutting down Space Drift subsystem...
Shutting down Religion subsystem...
Shutting down Radio subsystem...
Shutting down Radiation subsystem...
Shutting down Projectiles subsystem...
Shutting down Processing subsystem...
Shutting down Parallax subsystem...
Shutting down pAI subsystem...
Shutting down Orbits subsystem...
Shutting down Objects subsystem...
Shutting down NPC Pool subsystem...
Shutting down Night Shift subsystem...
Shutting down Mood subsystem...
Shutting down Mobs subsystem...
Shutting down Medals subsystem...
Shutting down Inbounds subsystem...
Shutting down Idling NPC Pool subsystem...
Shutting down Flightpack Movement subsystem...
Shutting down Fire Burning subsystem...
Shutting down Fields subsystem...
Shutting down Fast Processing subsystem...
Shutting down Disease subsystem...
Shutting down Communications subsystem...
Shutting down Augury subsystem...
Shutting down Acid subsystem...
Shutting down Timer subsystem...
Shutting down Circuit subsystem...
Shutting down Machines subsystem...
Shutting down Language subsystem...
Shutting down Atoms subsystem...
Shutting down Networks subsystem...
Shutting down Mapping subsystem...
Shutting down Ticker subsystem...
Shutting down Traits subsystem...
Shutting down Jobs subsystem...
Shutting down Events subsystem...
Shutting down Research subsystem...
Shutting down Input subsystem...
Shutting down Server Tasks subsystem...
Shutting down Blackbox subsystem...
Shutting down Database subsystem...
Shutting down Garbage subsystem...
Shutdown complete
World rebooted at 22:47:03
