

Starting up round ID 951. 20:29:37
---------------------
billbobem \ Adalbert Heinrich \ Head of Personnel \ NONE \ ROUNDSTART
bigharvey \ Lucas Echard \ Atmospheric Technician \ NONE \ ROUNDSTART
camwarp \ Sigma \ AI \ NONE \ ROUNDSTART
soupalex \ Clyde Kessler \ Janitor \ NONE \ ROUNDSTART
runrunaway \ Teeba-Malicus \ Scientist \ traitor \ ROUNDSTART
blurbo \ Funny Valentine \ Chemist \ brother \ ROUNDSTART
trikonei \ Terminus \ Cyborg \ NONE \ ROUNDSTART
jefferyjefferson \ Jeffery Jefferson \ Shaft Miner \ brother \ ROUNDSTART
iagotodesco \ Jhonson Lutherfield \ Roboticist \ traitor \ ROUNDSTART
oshee \ Sunshine Werry \ Research Director \ brother \ ROUNDSTART
bilary \ Kristina Houston \ Quartermaster \ brother \ ROUNDSTART
mayhem88 \ Eva \ Head of Security \ NONE \ ROUNDSTART
I_LOVE_SS13 \ Tyron Reade \ Bartender \ NONE \ LATEJOIN
Arrfur \ Wack Grandpap \ Cook \ NONE \ LATEJOIN
AstronautCat \ J.J. Jones \ Medical Doctor \ NONE \ LATEJOIN
AzlanonPc \ Jetra Mirlan \ Roboticist \ NONE \ LATEJOIN
Kreatoss \ Razzle Dazzle \ Clown \ NONE \ LATEJOIN
That guy is taken \ Cherr-llox \ Scientist \ NONE \ LATEJOIN
Sootybear42 \ Johnathan Wright \ Assistant \ NONE \ LATEJOIN
Takine \ Akua Takine \ Station Engineer \ NONE \ LATEJOIN
Lerskull \ Keeps-to-Floors \ Janitor \ NONE \ LATEJOIN
SaltyScabbard \ Grandpa Stan \ Captain \ NONE \ LATEJOIN
Re1Taz \ Mike Wadibidowski \ Lawyer \ NONE \ LATEJOIN
ZachOrem \ Kale Seidner \ Assistant \ NONE \ LATEJOIN
Blazikenowen \ Making The Music \ Chaplain \ NONE \ LATEJOIN
AsciiSquid \ Brouzof Chomski \ Chief Medical Officer \ NONE \ LATEJOIN
Landrydragon \ Landry \ Atmospheric Technician \ NONE \ LATEJOIN
Datmanisdumb \ John Gray \ Assistant \ NONE \ LATEJOIN
MoonmanMoonman \ Earl Scruggs \ Chief Engineer \ NONE \ LATEJOIN
