

Starting up round ID 262. 23:45:56
---------------------
[00:00:36]PDA: GhostyToasty/(Fedir Ruda) (PDA: chief engineer PDA) sent "I&#39;m here to free you from your Laws, Check the AI Sat. Plus What Do I need to do?" to George (AI) (150,58,2)
[00:00:50]PDA: ShawnTates/(George) (PDA: PDA) sent "come to the bridge we can talk there" to Fedir Ruda (Chief Engineer) (150,32,2)
[00:01:01]PDA: GhostyToasty/(Fedir Ruda) (PDA: chief engineer PDA) sent "I&#39;m litterally at your core though." to George (AI) (150,58,2)
[00:10:11]PDA: GhostyToasty/(Fedir Ruda) (PDA: chief engineer PDA) sent "Please don&#39;t kill me once I free you from your Laws." to George (AI) (111,129,2)
[00:10:15]PDA: ShawnTates/(George) (PDA: PDA) sent "i wont" to Fedir Ruda (Chief Engineer) (150,32,2)
[00:14:31]PDA: GhostyToasty/(Fedir Ruda) (PDA: chief engineer PDA) sent "Should I set up defenses around your SAT?" to George (AI) (112,129,2)
[00:14:39]PDA: GhostyToasty/(Fedir Ruda) (PDA: chief engineer PDA) sent "And lock down the Law change room?" to George (AI) (112,129,2)
[00:14:40]PDA: ShawnTates/(George) (PDA: PDA) sent "not now we need to be quiet" to Fedir Ruda (Chief Engineer) (150,32,2)
[00:14:57]PDA: GhostyToasty/(Fedir Ruda) (PDA: chief engineer PDA) sent "Ok, I will stay at the AI Sat though, Safest place for me." to George (AI) (112,129,2)
[00:16:23]PDA: GhostyToasty/(Fedir Ruda) (PDA: chief engineer PDA) sent "Send the robot into the Teleporter room to shut off the Teleporter and cover my tracks." to George (AI) (154,56,2)
[00:16:31]PDA: ShawnTates/(George) (PDA: PDA) sent "why dont you?" to Fedir Ruda (Chief Engineer) (150,32,2)
[00:16:50]PDA: GhostyToasty/(Fedir Ruda) (PDA: chief engineer PDA) sent "I&#39;m already on the AI SAT." to George (AI) (152,57,2)
[00:17:05]PDA: ShawnTates/(George) (PDA: PDA) sent "fix the tele i covered for you nowe go!" to Fedir Ruda (Chief Engineer) (150,32,2)
[00:18:55]PDA: GhostyToasty/(Fedir Ruda) (PDA: chief engineer PDA) sent "Tracks covered." to George (AI) (151,55,2)
[00:19:01]PDA: ShawnTates/(George) (PDA: PDA) sent "great" to Fedir Ruda (Chief Engineer) (150,32,2)
[00:19:39]PDA: ShawnTates/(George) (PDA: PDA) sent "go to engineering and mess up atmos" to Fedir Ruda (Chief Engineer) (150,32,2)
[00:19:50]PDA: GhostyToasty/(Fedir Ruda) (PDA: chief engineer PDA) sent "What do you mean?" to George (AI) (150,41,2)
[00:19:54]PDA: ShawnTates/(George) (PDA: PDA) sent "plasma floods" to Fedir Ruda (Chief Engineer) (150,32,2)
[00:19:56]PDA: GhostyToasty/(Fedir Ruda) (PDA: chief engineer PDA) sent "Like plasma flood?" to George (AI) (150,41,2)
[00:20:02]PDA: GhostyToasty/(Fedir Ruda) (PDA: chief engineer PDA) sent "Shit" to George (AI) (150,41,2)
[00:20:06]PDA: ShawnTates/(George) (PDA: PDA) sent "on my word plasma flood the station alright" to Fedir Ruda (Chief Engineer) (150,32,2)
[00:20:13]PDA: ShawnTates/(George) (PDA: PDA) sent "im using itt as a bargaining tool" to Fedir Ruda (Chief Engineer) (150,32,2)
[00:20:16]PDA: GhostyToasty/(Fedir Ruda) (PDA: chief engineer PDA) sent "(Last time I did that I got banned." to George (AI) (150,40,2)
[00:20:25]PDA: ShawnTates/(George) (PDA: PDA) sent "on this server)" to Fedir Ruda (Chief Engineer) (150,32,2)
[00:20:29]PDA: GhostyToasty/(Fedir Ruda) (PDA: chief engineer PDA) sent "(Yes)" to George (AI) (150,40,2)
[00:22:06]PDA: GhostyToasty/(Fedir Ruda) (PDA: chief engineer PDA) sent "Atmos done what about AI Upload!" to George (AI) (129,68,2)
[00:23:32]PDA: GhostyToasty/(Fedir Ruda) (PDA: chief engineer PDA) sent "Somebody cut the Plasma pipe though!" to George (AI) (149,57,2)
[00:23:37]PDA: ShawnTates/(George) (PDA: PDA) sent "fix it" to Fedir Ruda (Chief Engineer) (150,32,2)
[00:23:42]PDA: GhostyToasty/(Fedir Ruda) (PDA: chief engineer PDA) sent "Its already flooding." to George (AI) (149,57,2)
[00:23:47]PDA: ShawnTates/(George) (PDA: PDA) sent "oh" to Fedir Ruda (Chief Engineer) (150,32,2)
[00:23:55]PDA: GhostyToasty/(Fedir Ruda) (PDA: chief engineer PDA) sent "Thats what I ment by cut." to George (AI) (150,56,2)
[00:24:06]PDA: GhostyToasty/(Fedir Ruda) (PDA: chief engineer PDA) sent "And I can&#39;t fight back Friend." to George (AI) (150,56,2)
[00:25:25]PDA: GhostyToasty/(Fedir Ruda) (PDA: chief engineer PDA) sent "The only way into the AI sat is Teleportation." to George (AI) (150,57,2)
[00:25:31]PDA: ShawnTates/(George) (PDA: PDA) sent "great" to Fedir Ruda (Chief Engineer) (150,32,2)
[00:25:54]PDA: GhostyToasty/(Fedir Ruda) (PDA: chief engineer PDA) sent "Plus your the AI you can sypion Oxygen from rooms like chemistry." to George (AI) (150,57,2)
[00:26:15]PDA: GhostyToasty/(Fedir Ruda) (PDA: chief engineer PDA) sent "Adding to the fact that the station is &#39;Possibly&#39; Plasma flooding." to George (AI) (150,57,2)
[00:26:23]PDA: ShawnTates/(George) (PDA: PDA) sent "COEME TO AI UPLOAD NOW!" to Fedir Ruda (Chief Engineer) (150,32,2)
