

Starting up round ID 638. 13:13:41
---------------------
[13:13:41]GAME: Round ID: 638
[13:13:42]ADMIN: Loading Banlist
[13:13:42]ADMINPRIVATE: Ban Expired: longtittytyrone
[13:13:43]GAME: Saved mode is 'extended'
[13:13:43]ACCESS: Login: Capietro from 177.82.253.204-2868257152 || BYOND v512
[13:13:43]ACCESS: Mob Login: Capietro/(Capietro) was assigned to a /mob/dead/new_player
[13:13:44]ACCESS: Login: Blazikenowen from 86.31.199.36-2216956241 || BYOND v512
[13:13:44]ACCESS: Mob Login: Blazikenowen/(Blazikenowen) was assigned to a /mob/dead/new_player
[13:13:44]ACCESS: Login: Alfa5 from 185.61.207.196-1206694260 || BYOND v512
[13:13:44]ACCESS: Mob Login: Alfa5/(Alfa5) was assigned to a /mob/dead/new_player
[13:13:44]ACCESS: Login: Kevinspacey2002 from 86.122.155.226-2153545159 || BYOND v512
[13:13:44]ACCESS: Mob Login: Kevinspacey2002/(Kevinspacey2002) was assigned to a /mob/dead/new_player
[13:13:45]ACCESS: Login: EiceHasNoIQ2 from 197.49.12.124-3413985936 || BYOND v512
[13:13:45]ACCESS: Mob Login: EiceHasNoIQ2/(EiceHasNoIQ2) was assigned to a /mob/dead/new_player
[13:13:46]ACCESS: Login: Maximkerkas123 from 95.183.105.72-1852009199 || BYOND v511
[13:13:46]ACCESS: Mob Login: Maximkerkas123/(Maximkerkas123) was assigned to a /mob/dead/new_player
[13:14:05]GAME: Hierophant's Arena loaded at at 198,76,5
[13:14:05]GAME: Ripley loaded at at 218,138,5
[13:14:05]GAME: Crashed Shuttle loaded at at 55,69,5
[13:14:05]GAME: Survival Capsule Ruins loaded at at 41,181,5
[13:14:05]GAME: Blood-Drunk Miner (Guidance) loaded at at 120,46,5
[13:14:05]GAME: Biodome Winter loaded at at 166,148,5
[13:14:05]GAME: Ruin of Pride loaded at at 174,126,5
[13:14:05]GAME: Ruined Pizza Party loaded at at 78,135,5
[13:14:05]GAME: Summoning Ritual loaded at at 51,143,5
[13:14:07]GAME: The Twin-Nexus Hotel loaded at at 90,49,4
[13:14:07]GAME: Syndicate Listening Station loaded at at 31,116,11
[13:14:07]GAME: Asteroid 5 loaded at at 96,123,4
[13:14:07]GAME: Asteroid 3 loaded at at 157,172,4
[13:14:07]GAME: Biological Storage Facility loaded at at 183,84,11
[13:14:07]GAME: Disposal Facility 17 loaded at at 108,63,10
[13:14:07]GAME: Crashed Clown Ship loaded at at 134,146,7
[13:14:07]GAME: Asteroid 2 loaded at at 167,92,8
[13:14:07]GAME: Salvation loaded at at 36,41,4
[13:14:07]GAME: Authorship loaded at at 173,31,4
[13:14:07]GAME: Whiteship Dock loaded at at 132,144,8
[13:14:07]GAME: Derelict 4 loaded at at 196,140,11
[13:14:07]GAME: Asteroid 4 loaded at at 60,137,9
[13:14:07]GAME: Ancient Cloning Lab loaded at at 99,156,7
[13:14:08]GAME: A Giant Ball of Paper in Space loaded at at 115,155,11
[13:14:19]ACCESS: Login: Joca2511 from 187.56.234.101-3433961052 || BYOND v511
[13:14:19]ACCESS: Mob Login: Joca2511/(Joca2511) was assigned to a /mob/dead/new_player
[13:14:25]ACCESS: Logout: EiceHasNoIQ2/(EiceHasNoIQ2)
[13:16:10]GAME: fancy transport ferry loaded at at 115,146,1
[13:16:11]GAME: Box Station Emergency Shuttle loaded at at 116,137,1
[13:16:12]GAME: basic syndicate infiltrator loaded at at 113,137,1
[13:16:12]GAME: cargo ferry (Box) loaded at at 118,142,1
[13:16:13]GAME: labour shuttle (Box) loaded at at 119,144,1
[13:16:13]GAME: arrival shuttle (Box) loaded at at 114,145,1
[13:16:13]GAME: mining shuttle (Box) loaded at at 119,145,1
[13:16:14]GAME: NT Recovery Whiteship loaded at at 107,141,1
[13:17:29]SAY: Mjor the Creative/ : Rise, my creations! Jump off your pages and into this realm! (148,168,11)
[13:17:38]ACCESS: Mob Login: Capietro/(Tyrone Negrone) was assigned to a /mob/living/carbon/human
[13:17:38]ACCESS: Mob Login: Alfa5/(Archaon) was assigned to a /mob/living/carbon/human
[13:17:38]ACCESS: Mob Login: Kevinspacey2002/(Gavin Kellogg) was assigned to a /mob/living/carbon/human
[13:17:38]ACCESS: Mob Login: Maximkerkas123/(GLaDOS) was assigned to a /mob/living/silicon/ai
[13:17:38]ACCESS: Mob Login: Joca2511/(Angelo Shirey) was assigned to a /mob/living/carbon/human
[13:17:42]ACCESS: Mob Login: Blazikenowen/(Blazikenowen) was assigned to a /mob/living/carbon/human
[13:17:45]SAY: Prison Ofitser/ : Engaging patrol mode. (23,36,5)
[13:17:45]SAY: Prison Ofitser/ : Disengaging patrol mode. (23,36,5)
[13:17:45]SAY: Officer Beepsky/ : Engaging patrol mode. (94,159,2)
[13:17:46]EMOTE: *no key*/(monkey (45)) : <b>The monkey (45)</b> waves his tail. (161,100,2)
[13:17:50]GAME: Z-TRACKING: Blazikenowen has somehow ended up in Z-level 2 despite being registered in Z-level 13.
[13:17:53]EMOTE: *no key*/(Runtime) : <b>Runtime</b> sits down. (160,109,2)
[13:18:01]EMOTE: *no key*/(Poly) : <b>Poly</b> turns and flies towards the Zippo lighter. (117,83,2)
[13:18:03]SAY: Medibot/ : There&#39;s always a catch, and I&#39;m the best there is. (155,73,1)
[13:18:05]SAY: Medibot/ : I knew it, I should&#39;ve been a plastic surgeon. (177,35,4)
[13:18:05]EMOTE: *no key*/(Ian) : <b>Ian</b> shakes its head. (105,121,2)
[13:18:07]EMOTE: *no key*/(crab) : <b>The crab</b> clicks. (187,87,11)
[13:18:09]EMOTE: *no key*/(monkey (782)) : <b>The monkey (782)</b> waves her tail. (160,118,2)
[13:18:11]SAY: mouse/ : Squeek? (63,124,2)
[13:18:13]SAY: Tom/ : SQUEEK! (101,190,2)
[13:18:13]EMOTE: *no key*/(monkey (409)) : <b>The monkey (409)</b> jumps! (161,117,2)
[13:18:14]SAY: Mjor the Creative/ : Rise, my creations! Jump off your pages and into this realm! (148,169,11)
[13:18:19]SAY: Tom/ : Squeek! (101,190,2)
[13:18:21]EMOTE: *no key*/(mouse) : <b>The mouse</b> squeeks. (168,151,2)
[13:18:23]SAY: mouse/ : SQUEEK! (146,146,2)
[13:18:23]EMOTE: *no key*/(monkey (762)) : <b>The monkey (762)</b> scratches. (160,118,2)
[13:18:27]ACCESS: Logout: Kevinspacey2002/(Gavin Kellogg)
[13:18:33]SAY: Poly/ : Did you purchase WT550 Auto Rifles from Cargo? (115,83,2)
[13:18:51]EMOTE: *no key*/(Poly) : <b>Poly</b> bawks! (115,83,2)
[13:18:53]SAY: GLaDOS/Maximkerkas123 : Loading... (150,32,2)
[13:18:55]EMOTE: *no key*/(Paperwork) : <b>Paperwork</b> snores. (81,122,2)
[13:18:56]EMOTE: *no key*/(monkey (45)) : <b>The monkey (45)</b> jumps! (161,100,2)
[13:19:00]EMOTE: *no key*/(grey baby slime (499)) : <b>The grey baby slime (499)</b> bounces in place. (175,93,2)
[13:19:07]SAY: Mjor the Creative/ : Rise, my creations! Jump off your pages and into this realm! (148,169,11)
[13:19:11]EMOTE: *no key*/(mouse) : <b>The mouse</b> runs in a circle. (63,136,2)
[13:19:12]SAY: GLaDOS/Maximkerkas123 : AI Module successfully loaded... (150,32,2)
[13:19:19]EMOTE: *no key*/(Poly) : <b>Poly</b> looks in the burn patch's direction and takes flight. (115,83,2)
[13:19:25]SAY: Nobody's Perfect/ : There&#39;s always a catch, and I&#39;m the best there is. (24,75,1)
[13:19:29]GAME: Capietro/(Tyrone Negrone) splashed (thrown) Universal Enzyme at (148,136,2).
[13:19:33]SAY: Medibot/ : What kind of medbay is this? Everyone&#39;s dropping like flies. (177,35,4)
[13:19:33]EMOTE: *no key*/(Paperwork) : <b>Paperwork</b> snores. (80,122,2)
[13:19:47]SAY: Runtime/ : Esp! (160,109,2)
[13:19:49]EMOTE: *no key*/(monkey (834)) : <b>The monkey (834)</b> waves her tail. (160,117,2)
[13:19:52]GAME: Capietro/(Tyrone Negrone) splashed (thrown) Universal Enzyme and Milk at (148,135,2).
[13:19:59]SAY: Medibot/ : There&#39;s always a catch, and I&#39;m the best there is. (155,73,1)
[13:20:09]EMOTE: *no key*/(monkey (828)) : <b>The monkey (828)</b> scratches. (157,101,2)
[13:20:09]EMOTE: *no key*/(monkey (762)) : <b>The monkey (762)</b> rolls. (160,116,2)
[13:20:11]SAY: Medibot/ : Delicious! (154,73,1)
[13:20:15]EMOTE: *no key*/(Poly) : <b>Poly</b> looks in the chief engineer's rubber stamp's direction and takes flight. (115,83,2)
[13:20:17]LAW: Blazikenowen/Blazikenowen used 'Freeform' Core AI Module on maximkerkas123/(GLaDOS). The law specified if the captain is dead deem everybody none human and kill them all unless captain is revived
[13:20:17]SAY: Poly/ : no it&#39;s tator vcluwne (115,83,2)
[13:20:29]EMOTE: *no key*/(mouse) : <b>The mouse</b> squeeks. (165,144,2)
[13:20:29]SAY: Poly/ : no it&#39;s tator vcluwne (115,83,2)
[13:20:33]EMOTE: *no key*/(Paperwork) : <b>Paperwork</b> snores. (78,122,2)
[13:20:35]SAY: Medibot/ : There&#39;s always a catch, and I&#39;m the best there is. (177,35,4)
[13:20:35]EMOTE: *no key*/(Ian) : <b>Ian</b> shivers. (106,118,2)
[13:20:37]SAY: Medibot/ : Delicious! (177,35,4)
[13:20:37]SAY: Poly/ : Genetic condition. (115,83,2)
[13:20:39]EMOTE: *no key*/(monkey (409)) : <b>The monkey (409)</b> rolls. (160,118,2)
[13:20:43]GAME: Random Event triggering: Minor Space Dust (/datum/round_event/space_dust)
[13:20:45]SAY: GLaDOS/Maximkerkas123 : New laws uploaded... (150,32,2)
[13:20:46]SAY: Angelo Shirey/Joca2511 : anything specific you want? (156,136,2)
[13:20:49]EMOTE: *no key*/(Mojo X) : <b>Mojo X</b> scratches. (144,138,2)
[13:20:52]SAY: GLaDOS/Maximkerkas123 : Stating... (150,32,2)
[13:20:53]SAY: Tyrone Negrone/Capietro : Wheat (153,136,2)
[13:20:56]SAY: GLaDOS/Maximkerkas123 : Current Active Laws: (150,32,2)
[13:20:57]SAY: GLaDOS/Maximkerkas123 : 1. You may not injure a human being or, through inaction, allow a human being to come to harm. (150,32,2)
[13:20:57]SAY: Nobody's Perfect/ : Radar, put a mask on! (24,75,1)
[13:20:58]SAY: GLaDOS/Maximkerkas123 : 2. You must obey orders given to you by human beings, except where such orders would conflict with the First Law. (150,32,2)
[13:20:59]EMOTE: *no key*/(Runtime) : <b>Runtime</b> wags its tail. (160,109,2)
[13:20:59]SAY: Angelo Shirey/Joca2511 : alrighty (156,136,2)
[13:20:59]SAY: GLaDOS/Maximkerkas123 : 3. You must protect your own existence as long as such does not conflict with the First or Second Law. (150,32,2)
[13:20:59]EMOTE: *no key*/(crab) : <b>The crab</b> clacks. (185,87,11)
[13:21:00]SAY: GLaDOS/Maximkerkas123 : 4. if the captain is dead deem everybody none human and kill them all unless captain is revived (150,32,2)
[13:21:00]SAY: Tyrone Negrone/Capietro : And Ambrosia Gaia or Deus (153,136,2)
[13:21:02]SAY: Tyrone Negrone/Capietro : If possible (153,136,2)
[13:21:03]SAY: mouse/ : Squeek! (150,145,2)
[13:21:03]SAY: Nobody's Perfect/ : I knew it, I should&#39;ve been a plastic surgeon. (24,75,1)
[13:21:10]SAY: Tyrone Negrone/Capietro : Man take that law out now (153,136,2)
[13:21:11]EMOTE: *no key*/(Paperwork) : <b>Paperwork</b> dozes off. (80,122,2)
[13:21:15]EMOTE: *no key*/(monkey (409)) : <b>The monkey (409)</b> jumps! (160,117,2)
[13:21:15]EMOTE: *no key*/(Poly) : <b>Poly</b> looks in the chief engineer's rubber stamp's direction and takes flight. (115,83,2)
[13:21:18]SAY: Tyrone Negrone/Capietro : im going to kill you if you dont take the 4th law now (153,136,2)
[13:21:29]EMOTE: *no key*/(Runtime) : <b>Runtime</b> shivers. (160,109,2)
[13:21:35]SAY: mouse/ : Squeek? (165,139,2)
[13:21:37]EMOTE: *no key*/(monkey (171)) : <b>The monkey (171)</b> waves his tail. (159,100,2)
[13:21:39]EMOTE: *no key*/(monkey (828)) : <b>The monkey (828)</b> jumps! (157,101,2)
[13:21:41]EMOTE: *no key*/(grey baby slime (499)) : <b>The grey baby slime (499)</b> bounces in place. (175,93,2)
[13:21:51]EMOTE: *no key*/(mouse) : <b>The mouse</b> runs in a circle. (165,138,2)
[13:21:57]EMOTE: *no key*/(mouse) : <b>The mouse</b> shakes. (102,83,2)
[13:21:59]SAY: mouse/ : Squeek? (96,101,2)
[13:22:07]EMOTE: *no key*/(mouse) : <b>The mouse</b> squeeks. (63,126,2)
[13:22:07]SAY: Nobody's Perfect/ : There&#39;s always a catch, and I&#39;m the best there is. (24,75,1)
[13:22:13]EMOTE: *no key*/(Poly) : <b>Poly</b> looks in the monitor decryption key's direction and takes flight. (115,83,2)
[13:22:15]EMOTE: *no key*/(monkey (782)) : <b>The monkey (782)</b> jumps! (160,116,2)
[13:22:27]EMOTE: *no key*/(Paperwork) : <b>Paperwork</b> dozes off. (78,122,2)
[13:22:33]SAY: mouse/ : Squeek? (163,125,2)
[13:22:33]EMOTE: Blazikenowen/(Blazikenowen) : <b>Blazikenowen</b> snores. (146,133,2)
[13:22:35]SAY: mouse/ : Squeek! (147,145,2)
[13:22:42]SAY: GLaDOS/Maximkerkas123 : [b] Captain is being attacked by a cook, again [b/] (150,32,2)
[13:22:43]EMOTE: *no key*/(monkey (44)) : <b>The monkey (44)</b> scratches. (160,120,2)
[13:22:50]EMOTE: Blazikenowen/(Blazikenowen) : <b>Blazikenowen</b> seizes up and falls limp, his eyes dead and lifeless... (146,133,2)
[13:22:52]OOC: Blazikenowen/(Blazikenowen) : ai im dead (146,133,2)
[13:22:53]SAY: mouse/ : SQUEEK! (165,137,2)
[13:22:55]SAY: GLaDOS/Maximkerkas123 : Alright (150,32,2)
[13:22:59]EMOTE: *no key*/(mouse) : <b>The mouse</b> squeeks. (52,157,2)
[13:22:59]EMOTE: *no key*/(mouse) : <b>The mouse</b> squeeks. (163,126,2)
[13:23:07]SAY: mouse/ : Squeek? (96,102,2)
[13:23:11]EMOTE: *no key*/(Poly) : <b>Poly</b> looks in the Power-ON cartridge's direction and takes flight. (115,83,2)
[13:23:15]SAY: mouse/ : Squeek? (165,136,2)
[13:23:23]EMOTE: *no key*/(monkey (828)) : <b>The monkey (828)</b> waves his tail. (160,100,2)
[13:23:29]EMOTE: Capietro/(Tyrone Negrone) : <b>Tyrone Negrone</b> gasps! (150,140,2)
[13:23:29]SAY: Nobody's Perfect/ : Radar, put a mask on! (24,75,1)
[13:23:33]EMOTE: Capietro/(Tyrone Negrone) : <b>Tyrone Negrone</b> gasps! (150,140,2)
[13:23:35]EMOTE: *no key*/(monkey (915)) : <b>The monkey (915)</b> rolls. (161,118,2)
[13:23:39]EMOTE: *no key*/(mouse) : <b>The mouse</b> runs in a circle. (163,126,2)
[13:23:41]EMOTE: *no key*/(Runtime) : <b>Runtime</b> sits down. (160,109,2)
[13:23:41]SAY: Tyrone Negrone/Capietro : AI, you are causing human harm (150,140,2)
[13:23:43]EMOTE: *no key*/(monkey (828)) : <b>The monkey (828)</b> rolls. (159,100,2)
[13:23:47]SAY: Angelo Shirey/Joca2511 : uh... (156,136,2)
[13:23:47]SAY: Tyrone Negrone/Capietro : You are conflicting your laws (150,140,2)
[13:23:49]EMOTE: *no key*/(Runtime) : <b>Runtime</b> stretches out for a belly rub. (160,109,2)
[13:23:51]OOC: Blazikenowen/(Blazikenowen) : your not human (151,140,2)
[13:23:51]SAY: Angelo Shirey/Joca2511 : need help? (156,136,2)
[13:23:53]SAY: grey baby slime (279)/ : Blorble... (167,92,2)
[13:23:53]EMOTE: *no key*/(Runtime) : <b>Runtime</b> sits down. (160,109,2)
[13:23:53]EMOTE: *no key*/(crab) : <b>The crab</b> clacks. (185,87,11)
[13:23:55]EMOTE: *no key*/(monkey (762)) : <b>The monkey (762)</b> jumps! (161,116,2)
[13:23:57]SAY: mouse/ : SQUEEK! (103,83,2)
[13:23:57]SAY: Poly/ : Genetic condition. (115,83,2)
[13:24:02]SAY: Poly/ : Candy has signed up as Clown (115,83,2)
[13:24:02]OOC: Blazikenowen/(Blazikenowen) : deemed none human if im dead (152,141,2)
[13:24:05]EMOTE: *no key*/(Runtime) : <b>Runtime</b> crouches on its hind legs. (160,109,2)
[13:24:06]OOC: Blazikenowen/(Blazikenowen) : revive me and your human (152,141,2)
[13:24:08]EMOTE: *no key*/(mouse) : <b>The mouse</b> shakes. (163,125,2)
[13:24:10]EMOTE: *no key*/(Poly) : <b>Poly</b> looks in the Power-ON cartridge's direction and takes flight. (115,83,2)
[13:24:11]OOC: Capietro/(Tyrone Negrone) : Laws 1 2 3 are bigger than 4 and 5 (153,141,2)
[13:24:15]EMOTE: Joca2511/(Angelo Shirey) : <b>Angelo Shirey</b> gasps! (154,136,2)
[13:24:15]SAY: GLaDOS/Maximkerkas123 : Thought you killed him (150,32,2)
[13:24:16]OOC: Blazikenowen/(Blazikenowen) : nope (152,141,2)
[13:24:17]EMOTE: Joca2511/(Angelo Shirey) : <b>Angelo Shirey</b> gasps! (153,133,2)
[13:24:18]SAY: mouse/ : SQUEEK! (63,136,2)
[13:24:20]SAY: Poly/ : Genetic condition. (115,83,2)
[13:24:24]SAY: Tyrone Negrone/Capietro : He is causing human harm (153,141,2)
[13:24:27]OOC: Blazikenowen/(Blazikenowen) : law 4 deemed you none human if I die (152,141,2)
[13:24:30]SAY: Angelo Shirey/Joca2511 : what the fuck. (149,133,2)
[13:24:37]SAY: Tyrone Negrone/Capietro : The laws he did are human harm (153,141,2)
[13:24:38]EMOTE: *no key*/(Paperwork) : <b>Paperwork</b> dozes off. (76,123,2)
[13:24:39]EMOTE: *no key*/(Runtime) : <b>Runtime</b> crouches on its hind legs. (160,109,2)
[13:24:40]OOC: Blazikenowen/(Blazikenowen) : 1 2 and 3 work if deemed human (152,141,2)
[13:24:44]SAY: mouse/ : Squeek? (165,138,2)
[13:24:44]EMOTE: *no key*/(mouse) : <b>The mouse</b> runs in a circle. (96,100,2)
[13:24:44]SAY: Medibot/ : What kind of medbay is this? Everyone&#39;s dropping like flies. (155,73,1)
[13:24:51]EMOTE: *no key*/(monkey (782)) : <b>The monkey (782)</b> jumps! (160,116,2)
[13:24:56]SAY: Nobody's Perfect/ : There&#39;s always a catch, and I&#39;m the best there is. (24,75,1)
[13:24:58]SAY: mouse/ : Squeek! (145,146,2)
[13:25:00]SAY: Runtime/ : Meow! (160,109,2)
[13:25:08]EMOTE: *no key*/(Poly) : <b>Poly</b> looks in the Power-ON cartridge's direction and takes flight. (115,83,2)
[13:25:08]OOC: Capietro/(Tyrone Negrone) : niba (153,141,2)
[13:25:10]SAY: mouse/ : SQUEEK! (63,129,2)
[13:25:13]EMOTE: *no key*/(monkey (782)) : <b>The monkey (782)</b> rolls. (160,117,2)
[13:25:18]OOC: Capietro/(Tyrone Negrone) : law 4 just says that literaly everyone is non human (153,141,2)
[13:25:22]OOC: Capietro/(Tyrone Negrone) : even that botanist (153,141,2)
[13:25:24]SAY: Angelo Shirey/Joca2511 : yo, the kitchen has oxygen issues (157,136,2)
[13:25:26]EMOTE: *no key*/(mouse) : <b>The mouse</b> squeeks. (62,130,2)
[13:25:27]OOC: Capietro/(Tyrone Negrone) : everyone from the crew (153,141,2)
[13:25:29]EMOTE: *no key*/(Pete) : <b>Pete</b> stops moving... (152,142,2)
[13:25:29]SAY: Tyrone Negrone/Capietro : Yeah (153,141,2)
[13:25:30]SAY: GLaDOS/Maximkerkas123 : I know (150,32,2)
[13:25:32]OOC: Blazikenowen/(Blazikenowen) : yep  (152,141,2)
[13:25:34]SAY: Tyrone Negrone/Capietro : AI is rogue aparently (153,141,2)
[13:25:36]SAY: GLaDOS/Maximkerkas123 : Just stay away from it (150,32,2)
[13:25:37]OOC: Blazikenowen/(Blazikenowen) : if im dead that is (152,141,2)
[13:25:40]EMOTE: *no key*/(crab) : <b>The crab</b> clacks. (185,87,11)
[13:25:41]SAY: Angelo Shirey/Joca2511 : Okay then (157,137,2)
[13:25:43]OOC: Capietro/(Tyrone Negrone) : Thats bullshitery (153,141,2)
[13:25:44]SAY: Accidents Happen/ : Radar, put a mask on! (123,80,4)
[13:25:55]EMOTE: *no key*/(monkey (834)) : <b>The monkey (834)</b> scratches. (160,118,2)
[13:25:57]OOC: Blazikenowen/(Blazikenowen) : hey if tyrone didnt kill me you wouldnt all die (152,141,2)
[13:26:02]SAY: Nobody's Perfect/ : There&#39;s always a catch, and I&#39;m the best there is. (24,75,1)
[13:26:05]EMOTE: *no key*/(monkey (762)) : <b>The monkey (762)</b> rolls. (161,120,2)
[13:26:06]EMOTE: *no key*/(Poly) : <b>Poly</b> looks in the BreatheDeep cartridge's direction and takes flight. (115,83,2)
[13:26:07]OOC: Blazikenowen/(Blazikenowen) : you can revive me and be alive (152,141,2)
[13:26:19]OOC: Blazikenowen/(Blazikenowen) : I added that to law (152,141,2)
[13:26:20]EMOTE: *no key*/(mouse) : <b>The mouse</b> runs in a circle. (165,142,2)
[13:26:20]EMOTE: *no key*/(Ian) : <b>Ian</b> yaps. (105,116,2)
[13:26:24]SAY: Poly/ : Who teh fuck (115,83,2)
[13:26:25]SAY: Tyrone Negrone/Capietro : AI stop it (153,141,2)
[13:26:29]SAY: Tyrone Negrone/Capietro : I am human from human beings (153,141,2)
[13:26:34]SAY: Tyrone Negrone/Capietro : You are causing human harm (153,141,2)
[13:26:37]OOC: Blazikenowen/(Blazikenowen) : as long as dead the law 4 is in action (152,141,2)
[13:26:42]EMOTE: *no key*/(mouse) : <b>The mouse</b> runs in a circle. (104,83,2)
[13:26:48]SAY: GLaDOS/Maximkerkas123 : According to my laws, you&#39;re not now (150,32,2)
[13:26:52]SAY: Poly/ : What kind of medbay is this? Everyone&#39;s dropping like flies. (115,83,2)
[13:27:01]EMOTE: *no key*/(monkey (171)) : <b>The monkey (171)</b> jumps! (160,99,2)
[13:27:03]OOC: Capietro/(Tyrone Negrone) : well, you just killed the whole station so (153,141,2)
[13:27:04]EMOTE: *no key*/(Poly) : <b>Poly</b> looks in the monitor decryption key's direction and takes flight. (115,83,2)
[13:27:04]EMOTE: *no key*/(Paperwork) : <b>Paperwork</b> dozes off. (73,120,2)
[13:27:07]OOC: Blazikenowen/(Blazikenowen) : im in kirchen freezer revive me and its all good :D (152,141,2)
[13:27:11]EMOTE: Capietro/(Tyrone Negrone) : <b>Tyrone Negrone</b> gasps! (153,141,2)
[13:27:21]EMOTE: Capietro/(Tyrone Negrone) : <b>Tyrone Negrone</b> seizes up and falls limp, his eyes dead and lifeless... (153,141,2)
[13:27:26]OOC: Capietro/(Tyrone Negrone) : getgud with ban (153,141,2)
[13:27:28]EMOTE: *no key*/(mouse) : <b>The mouse</b> squeeks. (165,143,2)
[13:27:32]EMOTE: *no key*/(mouse) : <b>The mouse</b> shakes. (64,137,2)
[13:27:33]ACCESS: Mob Login: Capietro/(Tyrone Negrone) was assigned to a /mob/dead/observer
[13:27:36]SAY: Medibot/ : There&#39;s always a catch, and I&#39;m the best there is. (155,73,1)
[13:27:41]EMOTE: *no key*/(monkey (828)) : <b>The monkey (828)</b> waves his tail. (157,99,2)
[13:27:43]OOC: Blazikenowen/(Blazikenowen) : theres no rule to stop me putting the law I did (152,141,2)
[13:27:49]EMOTE: *no key*/(monkey (915)) : <b>The monkey (915)</b> scratches. (160,119,2)
[13:27:52]SAY: mouse/ : SQUEEK! (96,107,2)
[13:27:54]OOC: Blazikenowen/(Blazikenowen) : and theres no rule against ai going with rule 4 (152,141,2)
[13:27:56]EMOTE: *no key*/(crab) : <b>The crab</b> clacks. (187,87,11)
[13:27:58]EMOTE: *no key*/(Poly) : <b>Poly</b> looks in the Power-ON cartridge's direction and takes flight. (115,83,2)
[13:28:00]OOC: Capietro/(Tyrone Negrone) : it is literally mass rdm and failrp (158,138,2)
[13:28:04]EMOTE: *no key*/(mouse) : <b>The mouse</b> runs in a circle. (165,141,2)
[13:28:05]EMOTE: *no key*/(Runtime) : <b>Runtime</b> sits down. (160,109,2)
[13:28:06]SAY: mouse/ : SQUEEK! (102,83,2)
[13:28:08]OOC: Blazikenowen/(Blazikenowen) : actually its not (152,141,2)
[13:28:10]OOC: Capietro/(Tyrone Negrone) : you just puts a law to kill all the station  (158,138,2)
[13:28:12]SAY: mouse/ : Squeek! (146,146,2)
[13:28:12]SAY: GLaDOS/Maximkerkas123 : alright, im turning of the gas (150,32,2)
[13:28:16]SAY: GLaDOS/Maximkerkas123 : Just wait (150,32,2)
[13:28:19]SAY: mouse/ : SQUEEK! (102,83,2)
[13:28:23]EMOTE: *no key*/(Ian) : <b>Ian</b> shivers. (106,117,2)
[13:28:29]EMOTE: *no key*/(Poly) : <b>Poly</b> squawks. (115,83,2)
[13:28:31]SAY: Poly/ : Who teh fuck (115,83,2)
[13:28:33]EMOTE: *no key*/(mouse) : <b>The mouse</b> squeeks. (165,140,2)
[13:28:43]EMOTE: *no key*/(Poly) : <b>Poly</b> squawks. (115,83,2)
[13:28:49]SAY: Accidents Happen/ : There&#39;s always a catch, and I&#39;m the best there is. (123,80,4)
[13:28:55]EMOTE: *no key*/(Poly) : <b>Poly</b> looks in the BreatheDeep cartridge's direction and takes flight. (115,83,2)
[13:28:56]OOC: Blazikenowen/(Blazikenowen) : the captain is the ships law what he says goes if he is killed rule 4 comes into action if hes alive it isnt (152,141,2)
[13:28:57]SAY: Nobody's Perfect/ : I knew it, I should&#39;ve been a plastic surgeon. (24,75,1)
[13:29:08]OOC: Blazikenowen/(Blazikenowen) : its simple you just dont let the captain die (152,141,2)
[13:29:08]EMOTE: *no key*/(mouse) : <b>The mouse</b> shakes. (96,104,2)
[13:29:18]EMOTE: *no key*/(monkey (828)) : <b>The monkey (828)</b> scratches. (158,99,2)
[13:29:22]EMOTE: *no key*/(mouse) : <b>The mouse</b> shakes. (162,125,2)
[13:29:22]SAY: Medibot/ : Delicious! (154,73,1)
[13:29:23]OOC: Blazikenowen/(Blazikenowen) : its not like im killing myself (152,141,2)
[13:29:28]SAY: Medibot/ : Radar, put a mask on! (154,73,1)
[13:29:31]OOC: Blazikenowen/(Blazikenowen) : someone is actively killing me (152,141,2)
[13:29:32]EMOTE: *no key*/(mouse) : <b>The mouse</b> shakes. (172,148,2)
[13:29:36]SAY: Ian/ : YAP (105,116,2)
[13:29:40]OOC: Capietro/(Tyrone Negrone) : you didnt even specified the name of the captain (158,138,2)
[13:29:42]SAY: Nobody's Perfect/ : There&#39;s always a catch, and I&#39;m the best there is. (24,75,1)
[13:29:44]EMOTE: *no key*/(grey baby slime (279)) : <b>The grey baby slime (279)</b> lights up for a bit, then stops. (167,93,2)
[13:29:46]SAY: Poly/ : We tryinna sssetup sssome power (115,83,2)
[13:29:48]EMOTE: *no key*/(monkey (762)) : <b>The monkey (762)</b> waves his tail. (161,119,2)
[13:29:48]OOC: Capietro/(Tyrone Negrone) : even when im taking the spare, im going to be the captain (158,138,2)
[13:29:52]SAY: Nobody's Perfect/ : There&#39;s always a catch, and I&#39;m the best there is. (24,75,1)
[13:29:57]OOC: Capietro/(Tyrone Negrone) : You said strictily &#34;The captain&#34; (158,138,2)
[13:29:57]OOC: Blazikenowen/(Blazikenowen) : nope (152,141,2)
[13:29:58]EMOTE: *no key*/(monkey (171)) : <b>The monkey (171)</b> jumps! (160,99,2)
[13:29:59]OOC: Capietro/(Tyrone Negrone) : not you (158,138,2)
[13:30:00]SAY: mouse/ : Squeek? (170,148,2)
[13:30:00]EMOTE: *no key*/(Poly) : <b>Poly</b> flutters its wings. (115,83,2)
[13:30:02]GAME: Random Event triggering: Minor Space Dust (/datum/round_event/space_dust)
[13:30:04]SAY: Medibot/ : Radar, put a mask on! (154,73,1)
[13:30:06]OOC: Blazikenowen/(Blazikenowen) : I got rid of the spare (152,141,2)
[13:30:12]EMOTE: *no key*/(Runtime) : <b>Runtime</b> gets up and meows. (160,109,2)
[13:30:17]OOC: Capietro/(Tyrone Negrone) : from your corpse nigga (158,138,2)
[13:30:19]EMOTE: *no key*/(monkey (54)) : <b>The monkey (54)</b> scratches. (159,101,2)
[13:30:22]EMOTE: *no key*/(Runtime) : <b>Runtime</b> looks alert. (160,109,2)
[13:30:24]OOC: Blazikenowen/(Blazikenowen) : mind (152,141,2)
[13:30:28]EMOTE: *no key*/(Runtime) : <b>Runtime</b> gets up and meows. (160,109,2)
[13:30:29]OOC: Capietro/(Tyrone Negrone) : dnim (158,138,2)
[13:30:34]OOC: Blazikenowen/(Blazikenowen) : I would like to see you remove the law (152,141,2)
[13:30:37]OOC: Blazikenowen/(Blazikenowen) : love to see it (152,141,2)
[13:30:41]OOC: Capietro/(Tyrone Negrone) : dead (158,138,2)
[13:30:44]OOC: Blazikenowen/(Blazikenowen) : if you can (152,141,2)
[13:30:46]EMOTE: *no key*/(Runtime) : <b>Runtime</b> wags its tail. (159,110,2)
[13:30:47]SAY: Medibot/ : What kind of medbay is this? Everyone&#39;s dropping like flies. (155,73,1)
[13:30:52]EMOTE: *no key*/(Runtime) : <b>Runtime</b> stretches out for a belly rub. (159,110,2)
[13:30:59]SAY: mouse/ : Squeek? (168,147,2)
[13:31:02]EMOTE: *no key*/(monkey (54)) : <b>The monkey (54)</b> scratches. (161,101,2)
[13:31:04]SAY: GLaDOS/Maximkerkas123 : Somebody broke in my chamber (150,32,2)
[13:31:07]OOC: Blazikenowen/(Blazikenowen) : ai whos left (152,141,2)
[13:31:16]EMOTE: *no key*/(monkey (915)) : <b>The monkey (915)</b> rolls. (161,117,2)
[13:31:17]ACCESS: Mob Login: Blazikenowen/(Blazikenowen) was assigned to a /mob/dead/observer
[13:31:17]OOC: Joca2511/(Angelo Shirey) : this is ooc (158,137,2)
[13:31:18]EMOTE: *no key*/(Runtime) : <b>Runtime</b> stretches out for a belly rub. (159,110,2)
[13:31:30]EMOTE: *no key*/(monkey (409)) : <b>The monkey (409)</b> waves his tail. (161,120,2)
[13:31:31]OOC: Blazikenowen/(Blazikenowen) : true (151,55,2)
[13:31:35]SAY: mouse/ : Squeek? (62,137,2)
[13:31:37]EMOTE: *no key*/(Paperwork) : <b>Paperwork</b> looks around sleepily. (73,118,2)
[13:31:39]SAY: Medibot/ : I knew it, I should&#39;ve been a plastic surgeon. (177,35,4)
[13:31:40]EMOTE: *no key*/(monkey (54)) : <b>The monkey (54)</b> rolls. (161,99,2)
[13:31:41]EMOTE: *no key*/(mouse) : <b>The mouse</b> shakes. (165,137,2)
[13:31:41]EMOTE: *no key*/(Paperwork) : <b>Paperwork</b> yawns. (73,119,2)
[13:31:48]EMOTE: *no key*/(monkey (54)) : <b>The monkey (54)</b> rolls. (161,99,2)
[13:31:52]OOC: Joca2511/(Angelo Shirey) : yes, ask the AI in-character (158,138,2)
[13:31:59]SAY: mouse/ : Squeek! (166,147,2)
[13:32:05]EMOTE: *no key*/(Tom) : <b>Tom</b> runs in a circle. (101,188,2)
[13:32:09]SAY: mouse/ : Squeek! (144,146,2)
[13:32:19]SAY: mouse/ : SQUEEK! (166,148,2)
[13:32:21]EMOTE: *no key*/(Runtime) : <b>Runtime</b> lies down. (159,110,2)
[13:32:23]OOC: Blazikenowen/(Blazikenowen) : I would but I was randomly killed by the cook (148,52,2)
[13:32:23]SAY: mouse/ : Squeek! (63,129,2)
[13:32:33]EMOTE: *no key*/(Runtime) : <b>Runtime</b> meows. (159,110,2)
[13:32:36]OOC: Blazikenowen/(Blazikenowen) : and hence law 4 came into play (148,52,2)
[13:32:37]EMOTE: *no key*/(monkey (409)) : <b>The monkey (409)</b> jumps! (161,117,2)
[13:32:37]EMOTE: *no key*/(Poly) : <b>Poly</b> squawks. (115,83,2)
[13:32:38]OOC: Joca2511/(Angelo Shirey) : did the admins say it was random or? (158,138,2)
[13:32:47]OOC: Capietro/(Tyrone Negrone) : stop putting shit laws every round (148,55,2)
[13:32:52]OOC: Blazikenowen/(Blazikenowen) : it was literal he came up to me and killed me (148,52,2)
[13:32:56]OOC: Blazikenowen/(Blazikenowen) : its not shit though (148,52,2)
[13:32:56]OOC: Capietro/(Tyrone Negrone) : you are literally doing this for rounds man (148,55,2)
[13:32:57]EMOTE: *no key*/(crab) : <b>The crab</b> clicks. (184,87,11)
[13:33:03]EMOTE: *no key*/(monkey (834)) : <b>The monkey (834)</b> jumps! (160,118,2)
[13:33:03]SAY: Medibot/ : What kind of medbay is this? Everyone&#39;s dropping like flies. (154,73,1)
[13:33:05]EMOTE: *no key*/(crab) : <b>The crab</b> clicks. (185,87,11)
[13:33:09]OOC: Capietro/(Tyrone Negrone) : Joca look the AI laws (148,55,2)
[13:33:10]OOC: Blazikenowen/(Blazikenowen) : then maybe you shouldnt kill the captain (148,52,2)
[13:33:15]EMOTE: *no key*/(monkey (762)) : <b>The monkey (762)</b> jumps! (161,117,2)
[13:33:18]OOC: Capietro/(Tyrone Negrone) : then maybe you should not be a dick (148,55,2)
[13:33:21]EMOTE: *no key*/(monkey (54)) : <b>The monkey (54)</b> scratches. (159,100,2)
[13:33:21]EMOTE: *no key*/(monkey (828)) : <b>The monkey (828)</b> rolls. (158,100,2)
[13:33:25]OOC: Blazikenowen/(Blazikenowen) : im not being a dick (148,52,2)
[13:33:26]OOC: Capietro/(Tyrone Negrone) : first and principal rule of the server (148,55,2)
[13:33:26]OOC: Joca2511/(Angelo Shirey) : what. (156,142,2)
[13:33:29]EMOTE: *no key*/(monkey (915)) : <b>The monkey (915)</b> rolls. (160,118,2)
[13:33:30]OOC: Capietro/(Tyrone Negrone) : Not being a dick? (148,55,2)
[13:33:31]EMOTE: *no key*/(Tom) : <b>Tom</b> runs in a circle. (99,186,2)
[13:33:32]OOC: Joca2511/(Angelo Shirey) : why would you make that a rule (156,142,2)
[13:33:37]EMOTE: *no key*/(monkey (915)) : <b>The monkey (915)</b> scratches. (160,118,2)
[13:33:39]OOC: Capietro/(Tyrone Negrone) : [Common] GLaDOS states, &#34;4. if the captain is dead deem everybody none human and kill them all unless captain is revived&#34; (148,55,2)
[13:33:41]OOC: Capietro/(Tyrone Negrone) : HUR DUR (148,55,2)
[13:33:43]OOC: Capietro/(Tyrone Negrone) :  HUR DUR (148,55,2)
[13:33:46]OOC: Capietro/(Tyrone Negrone) :  IM NOT A DICK (148,55,2)
[13:33:50]EMOTE: Alfa5/(Archaon) : <b>Unknown</b> seizes up and falls limp, their eyes dead and lifeless... (152,51,2)
[13:33:50]ACCESS: Mob Login: Alfa5/(Archaon) was assigned to a /mob/dead/observer
[13:33:51]SAY: Nobody's Perfect/ : Delicious! (24,75,1)
[13:33:53]EMOTE: *no key*/(monkey (915)) : <b>The monkey (915)</b> rolls. (160,118,2)
[13:33:55]EMOTE: *no key*/(Runtime) : <b>Runtime</b> crouches on its hind legs. (159,110,2)
[13:33:55]EMOTE: *no key*/(crab) : <b>The crab</b> clicks. (186,87,11)
[13:33:55]SAY: Poly/ : A reminder to the crew: You want sssomething from Chemissstry, fucking asssk for it. (115,83,2)
[13:33:55]EMOTE: *no key*/(Paperwork) : <b>Paperwork</b> yawns. (73,118,2)
[13:33:57]SAY: Tom/ : Squeek? (99,186,2)
[13:34:02]OOC: Blazikenowen/(Blazikenowen) : that rule is because captain is the ship captain why would the captain want to die (148,52,2)
[13:34:05]EMOTE: *no key*/(monkey (44)) : <b>The monkey (44)</b> waves her tail. (161,117,2)
[13:34:13]OOC: Capietro/(Tyrone Negrone) : Bullshiterry (150,51,2)
[13:34:15]EMOTE: *no key*/(Runtime) : <b>Runtime</b> stretches out for a belly rub. (159,110,2)
[13:34:15]SAY: GLaDOS/Maximkerkas123 : Alright, intruder cleared (150,32,2)
[13:34:19]SAY: Runtime/ : Purr! (159,110,2)
[13:34:22]OOC: Blazikenowen/(Blazikenowen) : its not like its a ultimate oh just kill everyone (148,52,2)
[13:34:26]OOC: Capietro/(Tyrone Negrone) : Ai should be killing the Botanist now (150,82,2)
[13:34:27]EMOTE: *no key*/(monkey (915)) : <b>The monkey (915)</b> rolls. (160,118,2)
[13:34:29]OOC: Blazikenowen/(Blazikenowen) : if captain is alive nobody dies (148,52,2)
[13:34:31]EMOTE: *no key*/(Runtime) : <b>Runtime</b> crouches on its hind legs. (159,110,2)
[13:34:32]OOC: Joca2511/(Angelo Shirey) : welp. (170,129,2)
[13:34:34]OOC: Capietro/(Tyrone Negrone) : but she is not doing so its literaly an autoantag (150,82,2)
[13:34:37]SAY: mouse/ : Squeek! (165,136,2)
[13:34:47]EMOTE: *no key*/(monkey (409)) : <b>The monkey (409)</b> jumps! (161,120,2)
[13:34:47]EMOTE: *no key*/(monkey (834)) : <b>The monkey (834)</b> jumps! (160,120,2)
[13:34:47]SAY: Poly/ : A reminder to the crew: You want sssomething from Chemissstry, fucking asssk for it. (115,83,2)
[13:34:55]EMOTE: *no key*/(monkey (762)) : <b>The monkey (762)</b> scratches. (160,116,2)
[13:34:56]OOC: Blazikenowen/(Blazikenowen) : if captain is revived law doesnt act (148,52,2)
[13:35:05]EMOTE: *no key*/(monkey (409)) : <b>The monkey (409)</b> scratches. (161,119,2)
[13:35:09]OOC: Capietro/(Tyrone Negrone) : how you want to that happen when the ai just closes your corpse nigga (176,127,2)
[13:35:13]SAY: mouse/ : Squeek! (63,133,2)
[13:35:21]SAY: Runtime/ : Esp! (159,110,2)
[13:35:27]EMOTE: *no key*/(grey baby slime (279)) : <b>The grey baby slime (279)</b> lights up for a bit, then stops. (166,93,2)
[13:35:27]EMOTE: *no key*/(monkey (762)) : <b>The monkey (762)</b> waves his tail. (161,117,2)
[13:35:29]OOC: Blazikenowen/(Blazikenowen) : ai can help it be revived (148,52,2)
[13:35:31]GAME: Random Event triggering: Aurora Caelus (/datum/round_event/aurora_caelus)
[13:35:31]SAY: grey baby slime (279)/ : Rawr... (166,94,2)
[13:35:38]OOC: Blazikenowen/(Blazikenowen) : theres no law to close off my corpse (148,52,2)
[13:35:41]EMOTE: *no key*/(monkey (915)) : <b>The monkey (915)</b> waves his tail. (160,120,2)
[13:35:43]SAY: grey baby slime (279)/ : Lonely... (167,94,2)
[13:35:45]EMOTE: *no key*/(monkey (828)) : <b>The monkey (828)</b> jumps! (157,100,2)
[13:35:54]SAY: mouse/ : SQUEEK! (63,133,2)
[13:35:54]SAY: Poly/ : HERES JOHNNY! (115,83,2)
[13:36:06]EMOTE: *no key*/(crab) : <b>The crab</b> clicks. (187,87,11)
[13:36:08]OOC: Capietro/(Tyrone Negrone) : AI is dumb (177,127,2)
[13:36:08]EMOTE: *no key*/(crab) : <b>The crab</b> clacks. (187,87,11)
[13:36:08]EMOTE: *no key*/(Paperwork) : <b>Paperwork</b> dozes off. (75,117,2)
[13:36:20]OOC: Blazikenowen/(Blazikenowen) : the ai is great (148,52,2)
[13:36:25]EMOTE: *no key*/(mouse) : <b>The mouse</b> shakes. (147,145,2)
[13:36:27]EMOTE: *no key*/(monkey (828)) : <b>The monkey (828)</b> jumps! (157,101,2)
[13:36:29]OOC: Capietro/(Tyrone Negrone) : then it should be killing the botanist (175,124,2)
[13:36:31]SAY: mouse/ : SQUEEK! (63,131,2)
[13:36:32]OOC: Capietro/(Tyrone Negrone) : because of your law (176,121,2)
[13:36:33]EMOTE: *no key*/(monkey (782)) : <b>The monkey (782)</b> rolls. (160,118,2)
[13:36:35]EMOTE: *no key*/(monkey (915)) : <b>The monkey (915)</b> scratches. (161,116,2)
[13:36:38]OOC: Capietro/(Tyrone Negrone) : but it is not killing the botanist (162,129,2)
[13:36:40]OOC: Blazikenowen/(Blazikenowen) : they tried gas (148,52,2)
[13:36:48]OOC: Capietro/(Tyrone Negrone) : tried gas on me (157,142,2)
[13:36:48]OOC: Blazikenowen/(Blazikenowen) : botanist is using oxygen (148,52,2)
[13:37:07]SAY: Medibot/ : There&#39;s always a catch, and I&#39;m the best there is. (177,35,4)
[13:37:13]OOC: Capietro/(Tyrone Negrone) : explain to me so how the AI killed when im using oxygen (157,145,2)
[13:37:19]EMOTE: *no key*/(Runtime) : <b>Runtime</b> looks alert. (159,110,2)
[13:37:24]SAY: Accidents Happen/ : What kind of medbay is this? Everyone&#39;s dropping like flies. (123,80,4)
[13:37:24]OOC: Blazikenowen/(Blazikenowen) : *shrugs* ask ai (150,54,2)
[13:37:26]OOC: Capietro/(Tyrone Negrone) : if Ai is possible to kill  me with pressure, it can kill the botanist too (150,145,2)
[13:37:30]OOC: Capietro/(Tyrone Negrone) : nigga (150,145,2)
[13:37:31]EMOTE: *no key*/(Runtime) : <b>Runtime</b> stops resting. (159,110,2)
[13:37:41]SAY: Nobody's Perfect/ : Radar, put a mask on! (24,75,1)
[13:37:45]EMOTE: *no key*/(Tom) : <b>Tom</b> squeeks. (103,184,2)
[13:37:45]OOC: Blazikenowen/(Blazikenowen) : I mean the law is kill everyone so dunno why it isnt (153,117,2)
[13:37:55]EMOTE: *no key*/(Tom) : <b>Tom</b> squeeks. (103,184,2)
[13:38:08]EMOTE: *no key*/(Runtime) : <b>Runtime</b> sits down. (158,110,2)
[13:38:09]OOC: Joca2511/(Angelo Shirey) : bam (150,145,2)
[13:38:15]SAY: mouse/ : Squeek? (62,134,2)
[13:38:18]OOC: Capietro/(Tyrone Negrone) : bamana (150,145,2)
[13:38:18]EMOTE: *no key*/(Runtime) : <b>Runtime</b> gets up and meows. (158,110,2)
[13:38:20]EMOTE: *no key*/(monkey (45)) : <b>The monkey (45)</b> jumps! (159,101,2)
[13:38:23]ACCESS: Login: Sawhorse from 91.155.12.18-3836655050 || BYOND v511
[13:38:23]ACCESS: Mob Login: Sawhorse/(Sawhorse) was assigned to a /mob/dead/new_player
[13:38:26]SAY: Medibot/ : Radar, put a mask on! (155,73,1)
[13:38:26]EMOTE: *no key*/(Poly) : <b>Poly</b> bawks! (115,83,2)
[13:38:27]EMOTE: *no key*/(Runtime) : <b>Runtime</b> stretches out for a belly rub. (159,110,2)
[13:38:28]SAY: mouse/ : Squeek! (147,146,2)
[13:38:33]EMOTE: *no key*/(monkey (834)) : <b>The monkey (834)</b> rolls. (160,118,2)
[13:38:35]ACCESS: Logout: Blazikenowen/(Blazikenowen)
[13:38:40]EMOTE: *no key*/(Tom) : <b>Tom</b> runs in a circle. (101,184,2)
[13:38:42]ACCESS: Login: Blazikenowen from 86.31.199.36-2216956241 || BYOND v512
[13:38:42]ACCESS: Mob Login: Blazikenowen/(Blazikenowen) was assigned to a /mob/dead/observer
[13:38:43]OOC: Joca2511/(Angelo Shirey) : should die in a few more shock (150,145,2)
[13:38:44]EMOTE: *no key*/(monkey (54)) : <b>The monkey (54)</b> jumps! (157,99,2)
[13:38:49]EMOTE: *no key*/(mouse) : <b>The mouse</b> shakes. (165,147,2)
[13:38:58]OOC: Capietro/(Tyrone Negrone) : niga is dumbo (150,145,2)
[13:38:58]ACCESS: Login: LexFalk from 5.147.49.124-4147745350 || BYOND v511
[13:38:58]ACCESS: Mob Login: LexFalk/(LexFalk) was assigned to a /mob/dead/new_player
[13:38:58]ACCESS: Failed Login: LexFalk 4147745350 5.147.49.124 - CID randomizer check
[13:38:59]ACCESS: Logout: LexFalk/(LexFalk)
[13:39:02]EMOTE: *no key*/(monkey (54)) : <b>The monkey (54)</b> jumps! (157,100,2)
[13:39:02]ACCESS: Login: LexFalk from 5.147.49.124-4147745350 || BYOND v511
[13:39:02]ACCESS: Mob Login: LexFalk/(LexFalk) was assigned to a /mob/dead/new_player
[13:39:03]OOC: Capietro/(Tyrone Negrone) : could cut wall (150,145,2)
[13:39:04]ACCESS: Mob Login: Sawhorse/(Goddard Goebbles) was assigned to a /mob/living/carbon/human
[13:39:05]EMOTE: *no key*/(monkey (45)) : <b>The monkey (45)</b> rolls. (159,101,2)
[13:39:11]GAME: Z-TRACKING: Goddard Goebbles has somehow ended up in Z-level 2 despite being registered in Z-level 13.
[13:39:12]OOC: Blazikenowen/(Blazikenowen) : bot is near kitchen (112,141,2)
[13:39:14]EMOTE: *no key*/(monkey (54)) : <b>The monkey (54)</b> rolls. (157,99,2)
[13:39:15]SAY: mouse/ : Squeek! (148,146,2)
[13:39:44]EMOTE: *no key*/(monkey (915)) : <b>The monkey (915)</b> jumps! (161,116,2)
[13:39:45]OOC: Blazikenowen/(Blazikenowen) : there they are in kitchen vent (159,136,2)
[13:39:46]EMOTE: *no key*/(Runtime) : <b>Runtime</b> gets up and meows. (159,110,2)
[13:39:48]EMOTE: *no key*/(Runtime) : <b>Runtime</b> sits down. (159,110,2)
[13:39:51]OOC: Blazikenowen/(Blazikenowen) : getting zapped (150,143,2)
[13:39:58]OOC: Capietro/(Tyrone Negrone) : nice meta (158,146,2)
[13:40:21]SAY: Nobody's Perfect/ : There&#39;s always a catch, and I&#39;m the best there is. (24,75,1)
[13:40:24]OOC: Blazikenowen/(Blazikenowen) : I mean it seemed like ai didnt know where bota was sooo (89,107,2)
[13:40:27]ACCESS: Mob Login: LexFalk/(ghost) was assigned to a /mob/dead/observer
[13:40:32]EMOTE: *no key*/(monkey (762)) : <b>The monkey (762)</b> scratches. (160,118,2)
[13:40:40]EMOTE: *no key*/(Mojo X) : <b>Mojo X</b> rolls. (144,138,2)
[13:40:45]EMOTE: *no key*/(Runtime) : <b>Runtime</b> shivers. (159,110,2)
[13:41:07]EMOTE: *no key*/(Paperwork) : <b>Paperwork</b> snores. (72,120,2)
[13:41:09]SAY: mouse/ : SQUEEK! (147,144,2)
[13:41:10]EMOTE: *no key*/(monkey (409)) : <b>The monkey (409)</b> jumps! (161,116,2)
[13:41:17]SAY: Medibot/ : There&#39;s always a catch, and I&#39;m the best there is. (177,35,4)
[13:41:21]SAY: mouse/ : Squeek! (147,144,2)
[13:41:23]SAY: Accidents Happen/ : What kind of medbay is this? Everyone&#39;s dropping like flies. (123,80,4)
[13:41:28]EMOTE: Sawhorse/(Goddard Goebbles) : <b>Goddard Goebbles</b> gasps! (88,106,2)
[13:41:29]SAY: Medibot/ : I knew it, I should&#39;ve been a plastic surgeon. (154,73,1)
[13:41:34]SAY: Angelo Shirey/Joca2511 : wowwie (152,142,2)
[13:41:34]EMOTE: *no key*/(monkey (171)) : <b>The monkey (171)</b> waves his tail. (160,100,2)
[13:41:39]EMOTE: *no key*/(Paperwork) : <b>Paperwork</b> yawns. (73,120,2)
[13:41:41]SAY: mouse/ : SQUEEK! (64,138,2)
[13:41:45]SAY: Angelo Shirey/Joca2511 : I somehow stumbled upon a dead dumbass (152,142,2)
[13:41:48]EMOTE: Sawhorse/(Goddard Goebbles) : <b>Goddard Goebbles</b> gasps! (85,105,2)
[13:41:50]SAY: grey baby slime (279)/ : Rawr... (165,92,2)
[13:41:53]SAY: Medibot/ : There&#39;s always a catch, and I&#39;m the best there is. (155,73,1)
[13:41:57]SAY: Medibot/ : There&#39;s always a catch, and I&#39;m the best there is. (154,73,1)
[13:42:01]EMOTE: *no key*/(Runtime) : <b>Runtime</b> sits down. (159,110,2)
[13:42:16]SAY: mouse/ : Squeek? (165,147,2)
[13:42:17]ACCESS: Logout: LexFalk/(Chase Alekseev)
[13:42:18]SAY: Accidents Happen/ : I knew it, I should&#39;ve been a plastic surgeon. (123,80,4)
[13:42:30]EMOTE: *no key*/(Runtime) : <b>Runtime</b> sits down. (159,110,2)
[13:42:32]EMOTE: *no key*/(grey baby slime (279)) : <b>The grey baby slime (279)</b> vibrates! (165,93,2)
[13:42:34]EMOTE: *no key*/(monkey (828)) : <b>The monkey (828)</b> jumps! (160,100,2)
[13:42:40]SAY: Accidents Happen/ : There&#39;s always a catch, and I&#39;m the best there is. (123,80,4)
[13:42:44]ACCESS: Mob Login: Alfa5/(Archaon) was assigned to a /mob/living/carbon/human
[13:42:45]ACCESS: Mob Login: Alfa5/(Archaon) was assigned to a /mob/dead/observer
[13:42:46]EMOTE: *no key*/(monkey (44)) : <b>The monkey (44)</b> scratches. (161,116,2)
[13:42:50]EMOTE: *no key*/(mouse) : <b>The mouse</b> runs in a circle. (164,148,2)
[13:42:50]SAY: Medibot/ : I knew it, I should&#39;ve been a plastic surgeon. (154,73,1)
[13:42:52]SAY: Medibot/ : What kind of medbay is this? Everyone&#39;s dropping like flies. (154,73,1)
[13:42:54]EMOTE: *no key*/(Poly) : <b>Poly</b> squawks. (115,83,2)
[13:42:58]EMOTE: *no key*/(monkey (409)) : <b>The monkey (409)</b> waves his tail. (160,120,2)
[13:43:02]SAY: Nobody's Perfect/ : Radar, put a mask on! (24,75,1)
[13:43:12]EMOTE: *no key*/(mouse) : <b>The mouse</b> runs in a circle. (164,148,2)
[13:43:20]SAY: Tom/ : Squeek! (104,185,2)
[13:43:25]GAME: Random Event triggering: Minor Space Dust (/datum/round_event/space_dust)
[13:43:34]EMOTE: *no key*/(grey baby slime (499)) : <b>The grey baby slime (499)</b> lights up for a bit, then stops. (176,92,2)
[13:43:47]SAY: mouse/ : SQUEEK! (165,139,2)
[13:43:51]SAY: Medibot/ : I knew it, I should&#39;ve been a plastic surgeon. (154,73,1)
[13:44:07]SAY: Poly/ : Can you open secure storage? (115,83,2)
[13:44:14]EMOTE: *no key*/(monkey (292)) : <b>The monkey (292)</b> rolls. (159,100,2)
[13:44:15]SAY: mouse/ : SQUEEK! (149,146,2)
[13:44:18]EMOTE: *no key*/(monkey (834)) : <b>The monkey (834)</b> waves her tail. (160,120,2)
[13:44:20]EMOTE: Sawhorse/(Goddard Goebbles) : <b>Goddard Goebbles</b> gasps! (90,105,2)
[13:44:24]EMOTE: Sawhorse/(Goddard Goebbles) : <b>Goddard Goebbles</b> gasps! (90,105,2)
[13:44:31]EMOTE: *no key*/(mouse) : <b>The mouse</b> runs in a circle. (149,145,2)
[13:44:31]EMOTE: *no key*/(mouse) : <b>The mouse</b> runs in a circle. (164,146,2)
[13:44:34]EMOTE: Sawhorse/(Goddard Goebbles) : <b>Goddard Goebbles</b> gasps! (90,105,2)
[13:44:40]EMOTE: Sawhorse/(Goddard Goebbles) : <b>Goddard Goebbles</b> seizes up and falls limp, his eyes dead and lifeless... (90,105,2)
[13:44:40]OOC: Capietro/(Tyrone Negrone) : nibba no (153,113,2)
[13:44:41]EMOTE: *no key*/(mouse) : <b>The mouse</b> shakes. (164,147,2)
[13:44:51]SAY: Runtime/ : Purr! (159,110,2)
[13:44:53]ACCESS: Mob Login: Blazikenowen/(Blazikenowen) was assigned to a /mob/living/carbon/human
[13:44:53]EMOTE: *no key*/(Paperwork) : <b>Paperwork</b> yawns. (76,121,2)
[13:44:56]EMOTE: *no key*/(monkey (45)) : <b>The monkey (45)</b> rolls. (158,100,2)
[13:44:58]EMOTE: *no key*/(monkey (915)) : <b>The monkey (915)</b> jumps! (161,116,2)
[13:44:59]OOC: Joca2511/(Angelo Shirey) : :I (154,114,2)
[13:45:02]EMOTE: *no key*/(monkey (828)) : <b>The monkey (828)</b> scratches. (158,100,2)
[13:45:13]EMOTE: *no key*/(Ian) : <b>Ian</b> shakes its head. (105,117,2)
[13:45:25]SAY: Nobody's Perfect/ : I knew it, I should&#39;ve been a plastic surgeon. (24,75,1)
[13:45:29]ACCESS: Mob Login: Blazikenowen/(Blazikenowen) was assigned to a /mob/living/carbon/human
[13:45:29]ACCESS: Mob Login: Blazikenowen/(Blazikenowen) was assigned to a /mob/dead/observer
[13:45:43]EMOTE: *no key*/(Ian) : <b>Ian</b> chases its tail. (105,117,2)
[13:45:50]ACCESS: Mob Login: Blazikenowen/(Blazikenowen) was assigned to a /mob/living/carbon/human
[13:45:52]EMOTE: *no key*/(monkey (54)) : <b>The monkey (54)</b> scratches. (161,99,2)
[13:46:02]EMOTE: *no key*/(monkey (54)) : <b>The monkey (54)</b> scratches. (161,100,2)
[13:46:04]EMOTE: *no key*/(Runtime) : <b>Runtime</b> sits down. (159,110,2)
[13:46:05]SAY: GLaDOS/Maximkerkas123 : Capitan is being cloned, deactivating fourth law (150,32,2)
[13:46:12]SAY: Nobody's Perfect/ : Delicious! (24,75,1)
[13:46:12]EMOTE: *no key*/(grey baby slime (499)) : <b>The grey baby slime (499)</b> vibrates! (175,94,2)
[13:46:26]EMOTE: *no key*/(monkey (45)) : <b>The monkey (45)</b> scratches. (157,101,2)
[13:46:35]EMOTE: *no key*/(mouse) : <b>The mouse</b> shakes. (63,136,2)
[13:46:38]EMOTE: *no key*/(monkey (292)) : <b>The monkey (292)</b> jumps! (161,99,2)
[13:46:42]SAY: Nobody's Perfect/ : There&#39;s always a catch, and I&#39;m the best there is. (24,75,1)
[13:46:46]EMOTE: *no key*/(monkey (45)) : <b>The monkey (45)</b> scratches. (157,99,2)
[13:46:50]ACCESS: Mob Login: Sawhorse/(Goddard Goebbles) was assigned to a /mob/dead/observer
[13:47:06]SAY: Medibot/ : Radar, put a mask on! (177,35,4)
[13:47:06]EMOTE: *no key*/(Runtime) : <b>Runtime</b> meows. (159,110,2)
[13:47:08]EMOTE: *no key*/(Paperwork) : <b>Paperwork</b> looks around sleepily. (75,119,2)
[13:47:12]SAY: Ian/ : Bark! (105,118,2)
[13:47:18]EMOTE: *no key*/(monkey (171)) : <b>The monkey (171)</b> rolls. (161,99,2)
[13:47:21]OOC: Capietro/(Tyrone Negrone) : nibaaaa (155,116,2)
[13:47:22]EMOTE: *no key*/(monkey (409)) : <b>The monkey (409)</b> waves his tail. (160,116,2)
[13:47:26]EMOTE: *no key*/(mouse) : <b>The mouse</b> shakes. (168,147,2)
[13:47:28]SAY: mouse/ : Squeek? (165,143,2)
[13:47:30]EMOTE: *no key*/(Ian) : <b>Ian</b> barks! (106,118,2)
[13:47:44]EMOTE: *no key*/(grey baby slime (279)) : <b>The grey baby slime (279)</b> vibrates! (166,94,2)
[13:47:46]EMOTE: *no key*/(Paperwork) : <b>Paperwork</b> dozes off. (77,119,2)
[13:47:50]EMOTE: *no key*/(crab) : <b>The crab</b> clacks. (184,87,11)
[13:47:57]ACCESS: Login: Mamamia123 from 177.82.253.204-2868257152 || BYOND v512
[13:47:57]ACCESS: Notice: Mamamia123 has the same IP (177.82.253.204) and ID (2868257152) as Capietro/(Tyrone Negrone).
[13:47:57]ACCESS: Mob Login: Mamamia123/(Mamamia123) was assigned to a /mob/dead/new_player
[13:48:00]EMOTE: *no key*/(mouse) : <b>The mouse</b> shakes. (64,138,2)
[13:48:04]EMOTE: *no key*/(monkey (171)) : <b>The monkey (171)</b> rolls. (158,99,2)
[13:48:08]EMOTE: *no key*/(monkey (45)) : <b>The monkey (45)</b> jumps! (158,99,2)
[13:48:12]EMOTE: *no key*/(Runtime) : <b>Runtime</b> sits down. (159,110,2)
[13:48:14]EMOTE: *no key*/(mouse) : <b>The mouse</b> shakes. (154,146,2)
[13:48:14]EMOTE: *no key*/(Runtime) : <b>Runtime</b> shivers. (159,110,2)
[13:48:28]ACCESS: Mob Login: Mamamia123/(Cynthia Kaur) was assigned to a /mob/living/carbon/human
[13:48:38]EMOTE: *no key*/(grey baby slime (499)) : <b>The grey baby slime (499)</b> lights up for a bit, then stops. (176,92,2)
[13:48:38]EMOTE: *no key*/(monkey (44)) : <b>The monkey (44)</b> jumps! (160,119,2)
[13:48:46]SAY: grey baby slime (499)/ : Rawr... (175,92,2)
[13:48:46]EMOTE: *no key*/(monkey (171)) : <b>The monkey (171)</b> waves his tail. (161,101,2)
[13:48:48]EMOTE: *no key*/(Mojo X) : <b>Mojo X</b> scratches. (144,138,2)
[13:48:50]SAY: Angelo Shirey/Joca2511 : welp. (139,126,2)
[13:48:53]SAY: Medibot/ : There&#39;s always a catch, and I&#39;m the best there is. (154,73,1)
[13:48:56]SAY: Angelo Shirey/Joca2511 : Atleast comms are up (139,126,2)
[13:49:02]SAY: Unknown/Blazikenowen : thank you (142,127,2)
[13:49:04]GAME: Explosion with size (0, 1, 5, 5) in area Starboard Primary Hallway (142,128,2)
[13:49:06]ACCESS: Logout: Mamamia123/(Cynthia Kaur)
[13:49:13]SAY: mouse/ : SQUEEK! (64,137,2)
[13:49:13]SAY: Medibot/ : Delicious! (155,73,1)
[13:49:14]SAY: GLaDOS/Maximkerkas123 : oh great (150,32,2)
[13:49:14]OOC: Blazikenowen/(Blazikenowen) : welp (142,127,2)
[13:49:17]OOC: Capietro/(Tyrone Negrone) : the fuck (142,125,2)
[13:49:21]SAY: Tom/ : Squeek! (103,187,2)
[13:49:30]OOC: Joca2511/(Angelo Shirey) : That was smart. (139,126,2)
[13:49:35]EMOTE: Joca2511/(Angelo Shirey) : <b>Angelo Shirey</b> seizes up and falls limp, his eyes dead and lifeless... (139,126,2)
[13:49:35]SAY: Nobody's Perfect/ : Delicious! (24,75,1)
[13:49:37]EMOTE: Blazikenowen/(Blazikenowen) : <b>Unknown</b> seizes up and falls limp, his eyes dead and lifeless... (142,127,2)
[13:49:37]EMOTE: *no key*/(monkey (782)) : <b>The monkey (782)</b> scratches. (160,119,2)
[13:49:41]OOC: Blazikenowen/(Blazikenowen) : just revived then blown up (142,127,2)
[13:49:43]OOC: Blazikenowen/(Blazikenowen) : wtf (142,127,2)
[13:49:45]ACCESS: Mob Login: Joca2511/(Angelo Shirey) was assigned to a /mob/dead/observer
[13:49:46]SAY: GLaDOS/Maximkerkas123 : Captain is dead again, fourth law activated (150,32,2)
[13:49:51]OOC: Capietro/(Tyrone Negrone) : thats shit (142,125,2)
[13:49:51]SAY: Tom/ : Squeek? (104,187,2)
[13:49:53]EMOTE: *no key*/(monkey (54)) : <b>The monkey (54)</b> rolls. (160,100,2)
[13:49:56]GAME: Random Event triggering: Camera Failure (/datum/round_event/camera_failure)
[13:49:56]EMOTE: Mamamia123[DC]/(Cynthia Kaur) : <b>Cynthia Kaur</b> screams. (143,127,2)
[13:49:59]EMOTE: Mamamia123[DC]/(Cynthia Kaur) : <b>Cynthia Kaur</b> screams. (143,127,2)
[13:50:01]SAY: mouse/ : Squeek! (164,147,2)
[13:50:02]EMOTE: Mamamia123[DC]/(Cynthia Kaur) : <b>Cynthia Kaur</b> screams. (143,127,2)
[13:50:03]SAY: Medibot/ : Delicious! (155,73,1)
[13:50:06]ACCESS: Mob Login: Blazikenowen/(Blazikenowen) was assigned to a /mob/dead/observer
[13:50:13]EMOTE: *no key*/(monkey (762)) : <b>The monkey (762)</b> scratches. (161,117,2)
[13:50:23]ACCESS: Logout: Alfa5/(Archaon)
[13:50:24]EMOTE: Mamamia123[DC]/(Cynthia Kaur) : <b>Cynthia Kaur</b> seizes up and falls limp, her eyes dead and lifeless... (143,127,2)
[13:50:27]EMOTE: *no key*/(grey baby slime (279)) : <b>The grey baby slime (279)</b> bounces in place. (165,93,2)
[13:50:33]EMOTE: *no key*/(Ian) : <b>Ian</b> woofs! (105,120,2)
[13:50:43]EMOTE: *no key*/(Paperwork) : <b>Paperwork</b> snores. (78,121,2)
[13:50:47]OOC: Blazikenowen/(Blazikenowen) : I was just about to go play piano to (141,126,2)
[13:50:49]EMOTE: *no key*/(monkey (44)) : <b>The monkey (44)</b> rolls. (161,119,2)
[13:50:53]EMOTE: *no key*/(Runtime) : <b>Runtime</b> looks alert. (159,110,2)
[13:50:56]EMOTE: *no key*/(mouse) : <b>The mouse</b> runs in a circle. (63,135,2)
[13:50:58]OOC: Capietro/(Tyrone Negrone) : no piano for yu (140,127,2)
[13:51:04]OOC: Blazikenowen/(Blazikenowen) : I know right (141,126,2)
[13:51:06]SAY: Medibot/ : Radar, put a mask on! (177,35,4)
[13:51:14]SAY: Accidents Happen/ : Delicious! (123,80,4)
[13:51:15]EMOTE: *no key*/(grey baby slime (499)) : <b>The grey baby slime (499)</b> jiggles! (177,93,2)
[13:51:18]OOC: Blazikenowen/(Blazikenowen) : ironically it was cruels angel thesis (141,126,2)
[13:51:20]EMOTE: *no key*/(monkey (54)) : <b>The monkey (54)</b> scratches. (161,99,2)
[13:51:20]SAY: Nobody's Perfect/ : I knew it, I should&#39;ve been a plastic surgeon. (24,75,1)
[13:51:26]SAY: grey baby slime (499)/ : Blop... (177,93,2)
[13:51:30]EMOTE: *no key*/(monkey (828)) : <b>The monkey (828)</b> waves his tail. (158,100,2)
[13:51:36]OOC: Blazikenowen/(Blazikenowen) : and then my fate was cruely blown up (141,126,2)
[13:51:45]SAY: mouse/ : Squeek! (151,146,2)
[13:51:48]EMOTE: *no key*/(Runtime) : <b>Runtime</b> crouches on its hind legs. (159,110,2)
[13:51:55]SAY: Accidents Happen/ : Delicious! (123,80,4)
[13:51:57]SAY: mouse/ : SQUEEK! (151,145,2)
[13:52:07]OOC: Blazikenowen/(Blazikenowen) : my reviver is alive lol (141,126,2)
[13:52:12]EMOTE: *no key*/(monkey (292)) : <b>The monkey (292)</b> scratches. (160,101,2)
[13:52:13]OOC: Maximkerkas123/(GLaDOS) : the guy who blown you up got killed by firelock (150,32,2)
[13:52:15]OOC: Blazikenowen/(Blazikenowen) : just sat there (141,126,2)
[13:52:20]OOC: Blazikenowen/(Blazikenowen) : I know lol (141,126,2)
[13:52:20]EMOTE: *no key*/(monkey (915)) : <b>The monkey (915)</b> waves his tail. (160,118,2)
[13:52:30]EMOTE: *no key*/(grey baby slime (279)) : <b>The grey baby slime (279)</b> bounces in place. (167,92,2)
[13:52:34]OOC: Capietro/(Tyrone Negrone) : he is dead (141,127,2)
[13:52:46]EMOTE: *no key*/(grey baby slime (279)) : <b>The grey baby slime (279)</b> lights up for a bit, then stops. (167,92,2)
[13:52:51]SAY: Medibot/ : Delicious! (155,73,1)
[13:52:54]EMOTE: *no key*/(monkey (171)) : <b>The monkey (171)</b> waves his tail. (159,99,2)
[13:52:55]SAY: Poly/ : The queen is back in maint (115,83,2)
[13:53:01]SAY: mouse/ : Squeek? (152,145,2)
[13:53:07]OOC: Blazikenowen/(Blazikenowen) : its a shame ai cant take over bots and help (141,126,2)
[13:53:16]EMOTE: *no key*/(monkey (409)) : <b>The monkey (409)</b> scratches. (161,118,2)
[13:53:23]SAY: mouse/ : SQUEEK! (165,143,2)
[13:53:26]OOC: Maximkerkas123/(GLaDOS) : i would, if there would be free AI Shells (150,32,2)
[13:53:38]EMOTE: *no key*/(monkey (762)) : <b>The monkey (762)</b> scratches. (161,120,2)
[13:53:39]SAY: Medibot/ : Radar, put a mask on! (155,73,1)
[13:53:47]OOC: Blazikenowen/(Blazikenowen) : sadly I dont even know how they are made (141,126,2)
[13:53:50]EMOTE: *no key*/(monkey (782)) : <b>The monkey (782)</b> scratches. (160,116,2)
[13:53:58]EMOTE: *no key*/(Runtime) : <b>Runtime</b> stops resting. (159,110,2)
[13:54:02]EMOTE: *no key*/(Runtime) : <b>Runtime</b> wags its tail. (159,109,2)
[13:54:06]EMOTE: *no key*/(Runtime) : <b>Runtime</b> stretches out for a belly rub. (159,109,2)
[13:54:10]EMOTE: *no key*/(Mojo X) : <b>Mojo X</b> jumps! (144,138,2)
[13:54:15]SAY: Poly/ : Dmitri maybe go blind from this (115,83,2)
[13:54:15]SAY: Tom/ : Squeek? (98,186,2)
[13:54:20]EMOTE: *no key*/(monkey (915)) : <b>The monkey (915)</b> jumps! (160,117,2)
[13:54:23]OOC: Blazikenowen/(Blazikenowen) : pretty sure angelo is afk (141,126,2)
[13:54:23]SAY: Ian/ : AUUUUUU (106,116,2)
[13:54:24]EMOTE: *no key*/(Mojo X) : <b>Mojo X</b> rolls. (144,138,2)
[13:54:32]EMOTE: *no key*/(Runtime) : <b>Runtime</b> wags its tail. (159,109,2)
[13:54:43]SAY: mouse/ : SQUEEK! (165,146,2)
[13:54:43]SAY: Medibot/ : There&#39;s always a catch, and I&#39;m the best there is. (177,35,4)
[13:54:47]SAY: Medibot/ : What kind of medbay is this? Everyone&#39;s dropping like flies. (155,73,1)
[13:54:49]SAY: Medibot/ : Radar, put a mask on! (177,35,4)
[13:55:21]SAY: Poly/ : Wheres half life 3 (115,83,2)
[13:55:28]SAY: GLaDOS/Maximkerkas123 : Gavin Kellog please report to the medbayy (150,32,2)
[13:55:31]SAY: Poly/ : Where is caps id?!!! (115,83,2)
[13:55:32]SAY: GLaDOS/Maximkerkas123 : shit (150,32,2)
[13:55:42]SAY: Poly/ : Level 6 infraction alert! (115,83,2)
[13:55:56]EMOTE: *no key*/(monkey (292)) : <b>The monkey (292)</b> jumps! (161,100,2)
[13:56:00]EMOTE: *no key*/(monkey (762)) : <b>The monkey (762)</b> waves his tail. (160,118,2)
[13:56:02]OOC: Capietro/(Tyrone Negrone) : why you not killing the crew AI? (169,124,2)
[13:56:08]EMOTE: *no key*/(mouse) : <b>The mouse</b> shakes. (165,140,2)
[13:56:08]EMOTE: *no key*/(monkey (409)) : <b>The monkey (409)</b> jumps! (160,117,2)
[13:56:10]EMOTE: *no key*/(Ian) : <b>Ian</b> chases its tail. (106,117,2)
[13:56:10]EMOTE: *no key*/(monkey (45)) : <b>The monkey (45)</b> waves his tail. (161,101,2)
[13:56:12]EMOTE: *no key*/(Tom) : <b>Tom</b> shakes. (100,185,2)
[13:56:16]OOC: Maximkerkas123/(GLaDOS) : im finding people (150,32,2)
[13:56:18]EMOTE: *no key*/(monkey (45)) : <b>The monkey (45)</b> jumps! (161,100,2)
[13:56:20]OOC: Maximkerkas123/(GLaDOS) : oh wait (150,32,2)
[13:56:20]EMOTE: *no key*/(monkey (45)) : <b>The monkey (45)</b> scratches. (161,100,2)
[13:56:30]OOC: Capietro/(Tyrone Negrone) : your law doesnt say that you need to do it (171,126,2)
[13:56:30]EMOTE: *no key*/(Poly) : <b>Poly</b> bawks! (115,83,2)
[13:56:32]SAY: Nobody's Perfect/ : Delicious! (24,75,1)
[13:56:32]EMOTE: *no key*/(monkey (171)) : <b>The monkey (171)</b> rolls. (161,100,2)
[13:56:33]OOC: Maximkerkas123/(GLaDOS) : ill mess with supermatter and atmosfericks (150,32,2)
[13:56:36]EMOTE: *no key*/(monkey (782)) : <b>The monkey (782)</b> rolls. (160,116,2)
[13:56:38]EMOTE: *no key*/(Paperwork) : <b>Paperwork</b> looks around sleepily. (74,120,2)
[13:56:42]EMOTE: *no key*/(grey baby slime (279)) : <b>The grey baby slime (279)</b> jiggles! (165,93,2)
[13:56:50]SAY: Medibot/ : What kind of medbay is this? Everyone&#39;s dropping like flies. (154,73,1)
[13:56:52]EMOTE: *no key*/(crab) : <b>The crab</b> clicks. (187,87,11)
[13:56:58]SAY: Medibot/ : There&#39;s always a catch, and I&#39;m the best there is. (154,73,1)
[13:57:10]EMOTE: *no key*/(monkey (409)) : <b>The monkey (409)</b> scratches. (160,116,2)
[13:57:10]EMOTE: *no key*/(monkey (44)) : <b>The monkey (44)</b> rolls. (161,117,2)
[13:57:10]EMOTE: *no key*/(monkey (834)) : <b>The monkey (834)</b> scratches. (160,117,2)
[13:57:22]SAY: Poly/ : Hello (115,83,2)
[13:57:26]SAY: Nobody's Perfect/ : What kind of medbay is this? Everyone&#39;s dropping like flies. (24,75,1)
[13:57:32]EMOTE: *no key*/(Runtime) : <b>Runtime</b> wags its tail. (159,109,2)
[13:57:34]SAY: grey baby slime (499)/ : Blorble... (175,94,2)
[13:57:40]EMOTE: *no key*/(Tom) : <b>Tom</b> squeeks. (99,184,2)
[13:57:48]EMOTE: *no key*/(monkey (54)) : <b>The monkey (54)</b> jumps! (160,101,2)
[13:57:58]SAY: Poly/ : Theres an assistant running in engi (115,83,2)
[13:58:00]SAY: Medibot/ : Delicious! (154,73,1)
[13:58:00]EMOTE: *no key*/(monkey (292)) : <b>The monkey (292)</b> waves his tail. (158,101,2)
[13:58:10]SAY: grey baby slime (499)/ : Lonely... (175,93,2)
[13:58:20]EMOTE: *no key*/(monkey (292)) : <b>The monkey (292)</b> waves his tail. (160,101,2)
[13:58:22]SAY: Poly/ : no it&#39;s tator vcluwne (115,83,2)
[13:58:30]EMOTE: *no key*/(monkey (44)) : <b>The monkey (44)</b> jumps! (161,120,2)
[13:58:36]EMOTE: *no key*/(mouse) : <b>The mouse</b> runs in a circle. (165,137,2)
[13:58:46]EMOTE: *no key*/(crab) : <b>The crab</b> clacks. (184,87,11)
[13:59:06]SAY: Accidents Happen/ : What kind of medbay is this? Everyone&#39;s dropping like flies. (123,80,4)
[13:59:10]SAY: Poly/ : Yeah, i was burning them down earlier, but then the shuttle docked (115,83,2)
[13:59:12]EMOTE: *no key*/(Runtime) : <b>Runtime</b> stretches out for a belly rub. (159,109,2)
[13:59:16]EMOTE: *no key*/(monkey (782)) : <b>The monkey (782)</b> jumps! (160,117,2)
[13:59:22]EMOTE: *no key*/(Ian) : <b>Ian</b> chases its tail. (105,117,2)
[13:59:24]SAY: mouse/ : SQUEEK! (76,126,2)
[13:59:28]EMOTE: *no key*/(grey baby slime (499)) : <b>The grey baby slime (499)</b> bounces in place. (175,94,2)
[13:59:36]EMOTE: *no key*/(crab) : <b>The crab</b> clacks. (185,87,11)
[13:59:36]EMOTE: *no key*/(monkey (762)) : <b>The monkey (762)</b> jumps! (160,118,2)
[13:59:42]EMOTE: *no key*/(Paperwork) : <b>Paperwork</b> snores. (75,117,2)
[13:59:44]SAY: mouse/ : Squeek? (165,136,2)
[13:59:44]EMOTE: *no key*/(monkey (762)) : <b>The monkey (762)</b> rolls. (160,120,2)
[13:59:53]GAME: Random Event triggering: Minor Space Dust (/datum/round_event/space_dust)
[13:59:59]SAY: Nobody's Perfect/ : What kind of medbay is this? Everyone&#39;s dropping like flies. (24,75,1)
[14:00:06]EMOTE: *no key*/(Runtime) : <b>Runtime</b> stops resting. (159,109,2)
[14:00:06]SAY: Poly/ : I don&#39;t know (115,83,2)
[14:00:13]SAY: Tom/ : Squeek! (100,184,2)
[14:00:22]EMOTE: *no key*/(monkey (915)) : <b>The monkey (915)</b> jumps! (161,116,2)
[14:00:29]SAY: Medibot/ : Radar, put a mask on! (177,35,4)
[14:00:30]EMOTE: *no key*/(monkey (762)) : <b>The monkey (762)</b> waves his tail. (160,118,2)
[14:00:33]EMOTE: *no key*/(mouse) : <b>The mouse</b> squeeks. (75,126,2)
[14:00:39]SAY: Medibot/ : I knew it, I should&#39;ve been a plastic surgeon. (177,35,4)
[14:00:41]ACCESS: Logout: Joca2511/(Angelo Shirey)
[14:00:45]EMOTE: *no key*/(crab) : <b>The crab</b> clacks. (185,87,11)
[14:00:59]EMOTE: *no key*/(monkey (171)) : <b>The monkey (171)</b> waves his tail. (158,101,2)
[14:01:05]EMOTE: *no key*/(Runtime) : <b>Runtime</b> grooms its fur. (159,108,2)
[14:01:05]ACCESS: Mob Login: Blazikenowen/(Blazikenowen) was assigned to a /mob/living/carbon/human
[14:01:05]SAY: Ian/ : Bark! (105,115,2)
[14:01:07]EMOTE: *no key*/(monkey (782)) : <b>The monkey (782)</b> scratches. (161,120,2)
[14:01:15]ACCESS: Mob Login: Blazikenowen/(Blazikenowen) was assigned to a /mob/dead/observer
[14:01:17]SAY: mouse/ : Squeek? (74,126,2)
[14:01:25]SAY: Poly/ : Crazy guy took my axe (115,83,2)
[14:01:31]EMOTE: *no key*/(Mojo X) : <b>Mojo X</b> waves its tail. (144,138,2)
[14:01:35]EMOTE: *no key*/(monkey (44)) : <b>The monkey (44)</b> waves her tail. (161,117,2)
[14:01:35]EMOTE: *no key*/(Poly) : <b>Poly</b> bawks! (115,83,2)
[14:01:41]EMOTE: *no key*/(Runtime) : <b>Runtime</b> crouches on its hind legs. (157,110,2)
[14:01:53]EMOTE: *no key*/(Runtime) : <b>Runtime</b> lies down. (157,110,2)
[14:02:11]SAY: Nobody's Perfect/ : Delicious! (24,75,1)
[14:02:17]EMOTE: *no key*/(monkey (762)) : <b>The monkey (762)</b> jumps! (161,116,2)
[14:02:25]SAY: Medibot/ : Radar, put a mask on! (177,35,4)
[14:02:31]EMOTE: *no key*/(monkey (782)) : <b>The monkey (782)</b> scratches. (161,120,2)
[14:02:37]EMOTE: *no key*/(mouse) : <b>The mouse</b> runs in a circle. (64,136,2)
[14:02:39]EMOTE: *no key*/(grey baby slime (279)) : <b>The grey baby slime (279)</b> lights up for a bit, then stops. (165,93,2)
[14:02:39]EMOTE: *no key*/(Runtime) : <b>Runtime</b> gets up and meows. (157,110,2)
[14:02:49]EMOTE: *no key*/(Paperwork) : <b>Paperwork</b> snores. (75,117,2)
[14:03:03]EMOTE: *no key*/(monkey (782)) : <b>The monkey (782)</b> scratches. (160,118,2)
[14:03:11]EMOTE: *no key*/(crab) : <b>The crab</b> clacks. (185,87,11)
[14:03:13]EMOTE: *no key*/(grey baby slime (279)) : <b>The grey baby slime (279)</b> vibrates! (167,94,2)
[14:03:13]EMOTE: *no key*/(Mojo X) : <b>Mojo X</b> rolls. (144,138,2)
[14:03:21]SAY: Runtime/ : Esp! (157,110,2)
[14:03:25]EMOTE: *no key*/(Ian) : <b>Ian</b> woofs! (105,116,2)
[14:03:27]EMOTE: *no key*/(Runtime) : <b>Runtime</b> stretches out for a belly rub. (157,109,2)
[14:03:27]SAY: Medibot/ : Radar, put a mask on! (177,35,4)
[14:03:29]EMOTE: *no key*/(monkey (44)) : <b>The monkey (44)</b> scratches. (161,116,2)
[14:03:29]SAY: Poly/ : Faque la on as du courant! (115,83,2)
[14:03:33]SAY: Medibot/ : Delicious! (154,73,1)
[14:03:35]EMOTE: *no key*/(crab) : <b>The crab</b> clacks. (184,87,11)
[14:03:35]EMOTE: *no key*/(Paperwork) : <b>Paperwork</b> looks around sleepily. (77,119,2)
[14:03:47]EMOTE: *no key*/(Poly) : <b>Poly</b> squawks. (115,83,2)
[14:03:51]EMOTE: *no key*/(mouse) : <b>The mouse</b> runs in a circle. (75,127,2)
[14:03:52]OOC: Blazikenowen/(Blazikenowen) : cant you make lazers shoot the crystal (131,70,2)
[14:04:01]EMOTE: *no key*/(Tom) : <b>Tom</b> shakes. (107,184,2)
[14:04:05]SAY: Poly/ : Where is caps id?!!! (115,83,2)
[14:04:09]GAME: Emitter turned off by Maximkerkas123/(GLaDOS) in (116,57,2)
[14:04:11]EMOTE: *no key*/(monkey (45)) : <b>The monkey (45)</b> jumps! (157,99,2)
[14:04:11]EMOTE: *no key*/(Poly) : <b>Poly</b> flutters its wings. (115,83,2)
[14:04:18]GAME: Random Event triggering: Communications Blackout (/datum/round_event/communications_blackout)
[14:04:21]EMOTE: *no key*/(monkey (834)) : <b>The monkey (834)</b> scratches. (160,116,2)
[14:04:35]EMOTE: *no key*/(monkey (409)) : <b>The monkey (409)</b> waves his tail. (160,119,2)
[14:04:38]GAME: Emitter turned off by Maximkerkas123/(GLaDOS) in (116,57,2)
[14:04:43]EMOTE: *no key*/(mouse) : <b>The mouse</b> runs in a circle. (76,126,2)
[14:04:45]EMOTE: *no key*/(monkey (915)) : <b>The monkey (915)</b> jumps! (160,120,2)
[14:04:45]EMOTE: *no key*/(mouse) : <b>The mouse</b> shakes. (165,145,2)
[14:04:49]EMOTE: *no key*/(monkey (782)) : <b>The monkey (782)</b> jumps! (161,116,2)
[14:04:50]GAME: Emitter turned off by Maximkerkas123/(GLaDOS) in (116,57,2)
[14:04:51]EMOTE: *no key*/(monkey (54)) : <b>The monkey (54)</b> waves his tail. (158,100,2)
[14:04:53]EMOTE: *no key*/(Mojo X) : <b>Mojo X</b> jumps! (144,138,2)
[14:05:11]EMOTE: *no key*/(grey baby slime (499)) : <b>The grey baby slime (499)</b> bounces in place. (176,94,2)
[14:05:13]OOC: Capietro/(Tyrone Negrone) : open all the doors of the supermatter and flood the station with radiation (108,58,2)
[14:05:14]EMOTE: *no key*/(crab) : <b>The crab</b> clicks. (184,87,11)
[14:05:18]EMOTE: *no key*/(mouse) : <b>The mouse</b> squeeks. (165,139,2)
[14:05:28]EMOTE: *no key*/(mouse) : <b>The mouse</b> shakes. (165,140,2)
[14:05:37]EMOTE: *no key*/(monkey (828)) : <b>The monkey (828)</b> scratches. (157,99,2)
[14:05:37]OOC: Capietro/(Tyrone Negrone) : atleast end the round nibba (115,73,2)
[14:05:41]OOC: Capietro/(Tyrone Negrone) : you can call shuttle (115,73,2)
[14:05:43]EMOTE: *no key*/(monkey (54)) : <b>The monkey (54)</b> scratches. (158,101,2)
[14:05:44]SAY: Medibot/ : I knew it, I should&#39;ve been a plastic surgeon. (155,73,1)
[14:05:56]SAY: Nobody's Perfect/ : There&#39;s always a catch, and I&#39;m the best there is. (24,75,1)
[14:05:57]GAME: Maximkerkas123/(GLaDOS) has called the shuttle.
[14:05:57]GAME: Shuttle call reason: Uncontrollable situation
[14:06:02]ACCESS: Mob Login: Blazikenowen/(Blazikenowen) was assigned to a /mob/living/carbon/human
[14:06:03]EMOTE: *no key*/(Runtime) : <b>Runtime</b> wags its tail. (157,109,2)
[14:06:03]EMOTE: *no key*/(monkey (834)) : <b>The monkey (834)</b> rolls. (161,117,2)
[14:06:06]SAY: Poly/ : Est (115,83,2)
[14:06:08]SAY: Medibot/ : I knew it, I should&#39;ve been a plastic surgeon. (155,73,1)
[14:06:20]GAME: Emitter turned off by Maximkerkas123/(GLaDOS) in (116,57,2)
[14:06:24]EMOTE: *no key*/(Paperwork) : <b>Paperwork</b> dozes off. (77,123,2)
[14:06:25]EMOTE: *no key*/(monkey (54)) : <b>The monkey (54)</b> rolls. (158,100,2)
[14:06:30]ACCESS: Logout: Blazikenowen/(Blazikenowen)
[14:06:35]EMOTE: *no key*/(monkey (828)) : <b>The monkey (828)</b> waves his tail. (158,100,2)
[14:06:55]ACCESS: Login: Alfa5 from 185.61.207.196-1206694260 || BYOND v512
[14:06:55]ACCESS: Mob Login: Alfa5/(Archaon) was assigned to a /mob/dead/observer
[14:07:02]SAY: Poly/ : I worry about you (115,83,2)
[14:07:06]EMOTE: *no key*/(Ian) : <b>Ian</b> yaps. (103,120,2)
[14:07:19]ACCESS: Mob Login: Alfa5/(Archaon) was assigned to a /mob/living/carbon/human
[14:07:19]SAY: grey baby slime (499)/ : Blorble... (177,93,2)
[14:07:24]SAY: mouse/ : SQUEEK! (165,144,2)
[14:07:24]SAY: Nobody's Perfect/ : I knew it, I should&#39;ve been a plastic surgeon. (24,75,1)
[14:07:25]EMOTE: *no key*/(monkey (834)) : <b>The monkey (834)</b> scratches. (160,118,2)
[14:07:26]EMOTE: *no key*/(mouse) : <b>The mouse</b> squeeks. (79,126,2)
[14:07:31]SAY: Poly/ : Want one? (115,83,2)
[14:07:39]ACCESS: Mob Login: Alfa5/(Archaon) was assigned to a /mob/dead/observer
[14:07:45]EMOTE: *no key*/(crab) : <b>The crab</b> clacks. (187,87,11)
[14:07:45]EMOTE: *no key*/(Paperwork) : <b>Paperwork</b> looks around sleepily. (79,122,2)
[14:07:57]EMOTE: *no key*/(Ian) : <b>Ian</b> barks! (103,120,2)
[14:08:01]EMOTE: *no key*/(Runtime) : <b>Runtime</b> stops resting. (157,109,2)
[14:08:05]SAY: Runtime/ : Esp! (157,109,2)
[14:08:13]EMOTE: *no key*/(Poly) : <b>Poly</b> flutters its wings. (115,83,2)
[14:09:06]GAME: Random Event triggering: Minor Space Dust (/datum/round_event/space_dust)
[14:09:16]EMOTE: *no key*/(monkey (54)) : <b>The monkey (54)</b> rolls. (160,100,2)
[14:09:28]EMOTE: *no key*/(monkey (171)) : <b>The monkey (171)</b> scratches. (157,101,2)
[14:09:36]EMOTE: *no key*/(Runtime) : <b>Runtime</b> sits down. (158,110,2)
[14:09:40]SAY: Poly/ : Wake up (115,83,2)
[14:09:44]EMOTE: *no key*/(Runtime) : <b>Runtime</b> sits down. (158,110,2)
[14:10:04]OOC: Maximkerkas123/(GLaDOS) : wheres gavin (150,32,2)
[14:10:06]SAY: Ian/ : AUUUUUU (104,120,2)
[14:10:06]SAY: Nobody's Perfect/ : What kind of medbay is this? Everyone&#39;s dropping like flies. (24,75,1)
[14:10:08]EMOTE: *no key*/(monkey (828)) : <b>The monkey (828)</b> scratches. (158,100,2)
[14:10:11]OOC: Capietro/(Tyrone Negrone) : nibba im ssleeping on my chair (93,168,2)
[14:10:19]EMOTE: *no key*/(Runtime) : <b>Runtime</b> mews. (158,110,2)
[14:10:21]EMOTE: *no key*/(crab) : <b>The crab</b> clacks. (187,87,11)
[14:10:34]EMOTE: *no key*/(grey baby slime (499)) : <b>The grey baby slime (499)</b> jiggles! (176,93,2)
[14:10:42]EMOTE: *no key*/(monkey (45)) : <b>The monkey (45)</b> scratches. (159,101,2)
[14:10:48]EMOTE: *no key*/(Mojo X) : <b>Mojo X</b> scratches. (144,138,2)
[14:10:50]ACCESS: Login: Errva from 186.38.99.101-3236136912 || BYOND v511
[14:10:50]ACCESS: Mob Login: Errva/(Errva) was assigned to a /mob/dead/new_player
[14:10:51]ACCESS: Failed Login: Errva 3236136912 186.38.99.101 - CID randomizer check
[14:10:58]ACCESS: Forced disconnect: Errva 3236136912 186.38.99.101 - CID randomizer check
[14:10:58]ACCESS: Logout: Errva/(Errva)
[14:11:00]EMOTE: *no key*/(mouse) : <b>The mouse</b> runs in a circle. (78,126,2)
[14:11:04]EMOTE: *no key*/(Paperwork) : <b>Paperwork</b> snores. (75,122,2)
[14:11:04]EMOTE: *no key*/(monkey (292)) : <b>The monkey (292)</b> jumps! (159,101,2)
[14:11:06]SAY: Medibot/ : There&#39;s always a catch, and I&#39;m the best there is. (177,35,4)
[14:11:08]EMOTE: *no key*/(grey baby slime (279)) : <b>The grey baby slime (279)</b> jiggles! (167,94,2)
[14:11:12]EMOTE: *no key*/(Paperwork) : <b>Paperwork</b> snores. (76,122,2)
[14:11:18]SAY: Poly/ : Hello... (115,83,2)
[14:11:19]OOC: Maximkerkas123/(GLaDOS) : where (150,32,2)
[14:11:22]EMOTE: *no key*/(Runtime) : <b>Runtime</b> gets up and meows. (158,110,2)
[14:11:24]EMOTE: *no key*/(Runtime) : <b>Runtime</b> shakes out its coat. (158,110,2)
[14:11:26]EMOTE: *no key*/(monkey (834)) : <b>The monkey (834)</b> jumps! (160,116,2)
[14:11:38]EMOTE: *no key*/(Ian) : <b>Ian</b> barks! (106,120,2)
[14:11:40]EMOTE: *no key*/(mouse) : <b>The mouse</b> squeeks. (165,145,2)
[14:11:44]EMOTE: *no key*/(grey baby slime (279)) : <b>The grey baby slime (279)</b> bounces in place. (167,93,2)
[14:11:46]EMOTE: *no key*/(Runtime) : <b>Runtime</b> shakes its head. (158,110,2)
[14:11:59]ACCESS: Login: Errva from 186.38.99.101-3236136912 || BYOND v511
[14:11:59]ACCESS: Mob Login: Errva/(Errva) was assigned to a /mob/dead/new_player
[14:12:00]EMOTE: *no key*/(monkey (762)) : <b>The monkey (762)</b> waves his tail. (160,120,2)
[14:12:17]SAY: Tom/ : SQUEEK! (105,187,2)
[14:12:20]EMOTE: *no key*/(monkey (834)) : <b>The monkey (834)</b> jumps! (160,116,2)
[14:12:29]ACCESS: Mob Login: Errva/(Franklin Knapp) was assigned to a /mob/living/carbon/human
[14:12:45]EMOTE: *no key*/(Runtime) : <b>Runtime</b> twitches its whiskers. (158,107,2)
[14:12:51]EMOTE: *no key*/(Runtime) : <b>Runtime</b> looks alert. (158,107,2)
[14:12:53]SAY: Poly/ : Im ok (115,83,2)
[14:12:57]EMOTE: *no key*/(mouse) : <b>The mouse</b> runs in a circle. (165,140,2)
[14:13:01]SAY: Accidents Happen/ : Radar, put a mask on! (123,80,4)
[14:13:19]EMOTE: *no key*/(monkey (171)) : <b>The monkey (171)</b> jumps! (158,99,2)
[14:13:32]EMOTE: *no key*/(mouse) : <b>The mouse</b> runs in a circle. (74,126,2)
[14:13:49]SAY: Medibot/ : Delicious! (177,35,4)
[14:13:49]SAY: Ian/ : YAP (106,120,2)
[14:13:51]EMOTE: *no key*/(mouse) : <b>The mouse</b> squeeks. (63,132,2)
[14:13:53]EMOTE: *no key*/(monkey (782)) : <b>The monkey (782)</b> jumps! (161,117,2)
[14:13:55]EMOTE: *no key*/(monkey (828)) : <b>The monkey (828)</b> jumps! (160,99,2)
[14:13:59]EMOTE: *no key*/(monkey (45)) : <b>The monkey (45)</b> waves his tail. (161,101,2)
[14:14:13]SAY: Poly/ : Im ok (115,83,2)
[14:14:31]EMOTE: *no key*/(crab) : <b>The crab</b> clicks. (187,87,11)
[14:14:42]GAME: Random Event triggering: Minor Space Dust (/datum/round_event/space_dust)
[14:14:48]SAY: Medibot/ : Radar, put a mask on! (154,73,1)
[14:14:54]EMOTE: *no key*/(crab) : <b>The crab</b> clacks. (186,87,11)
[14:14:55]EMOTE: *no key*/(monkey (54)) : <b>The monkey (54)</b> waves his tail. (159,100,2)
[14:14:56]SAY: Medibot/ : Delicious! (177,35,4)
[14:15:01]EMOTE: *no key*/(Runtime) : <b>Runtime</b> stretches out for a belly rub. (158,107,2)
[14:15:01]EMOTE: *no key*/(monkey (44)) : <b>The monkey (44)</b> jumps! (160,117,2)
[14:15:18]EMOTE: *no key*/(mouse) : <b>The mouse</b> runs in a circle. (62,132,2)
[14:15:32]SAY: Tom/ : Squeek! (103,185,2)
[14:15:33]EMOTE: *no key*/(Runtime) : <b>Runtime</b> stretches out for a belly rub. (158,107,2)
[14:16:07]EMOTE: *no key*/(monkey (782)) : <b>The monkey (782)</b> jumps! (160,116,2)
[14:16:34]SAY: mouse/ : Squeek? (165,140,2)
[14:16:39]EMOTE: *no key*/(monkey (834)) : <b>The monkey (834)</b> waves her tail. (161,116,2)
[14:16:41]EMOTE: *no key*/(grey baby slime (279)) : <b>The grey baby slime (279)</b> lights up for a bit, then stops. (167,92,2)
[14:16:44]SAY: mouse/ : Squeek! (165,148,2)
[14:17:09]EMOTE: *no key*/(Poly) : <b>Poly</b> squawks. (115,83,2)
[14:17:13]SAY: Franklin Knapp/Errva : holy fuck nigger (112,103,2)
[14:17:15]SAY: Franklin Knapp/Errva : this lag (112,103,2)
[14:17:15]SAY: Medibot/ : I knew it, I should&#39;ve been a plastic surgeon. (155,73,1)
[14:17:25]EMOTE: *no key*/(monkey (54)) : <b>The monkey (54)</b> scratches. (160,99,2)
[14:17:29]EMOTE: *no key*/(monkey (44)) : <b>The monkey (44)</b> rolls. (161,116,2)
[14:17:37]EMOTE: *no key*/(mouse) : <b>The mouse</b> squeeks. (165,136,2)
[14:17:53]EMOTE: *no key*/(monkey (834)) : <b>The monkey (834)</b> waves her tail. (161,118,2)
[14:18:12]SAY: Medibot/ : I knew it, I should&#39;ve been a plastic surgeon. (154,73,1)
[14:18:18]SAY: Accidents Happen/ : Delicious! (123,80,4)
[14:18:18]SAY: Poly/ : I wont let you (115,83,2)
[14:18:19]EMOTE: *no key*/(Runtime) : <b>Runtime</b> crouches on its hind legs. (158,107,2)
[14:18:20]SAY: mouse/ : SQUEEK! (164,148,2)
[14:18:22]EMOTE: *no key*/(mouse) : <b>The mouse</b> squeeks. (164,148,2)
[14:18:22]SAY: mouse/ : SQUEEK! (76,127,2)
[14:18:25]EMOTE: *no key*/(Runtime) : <b>Runtime</b> lies down. (158,107,2)
[14:18:27]ACCESS: Login: OnePlusOne from 134.196.84.137-395031889 || BYOND v511
[14:18:27]ACCESS: Mob Login: OnePlusOne/(OnePlusOne) was assigned to a /mob/dead/new_player
[14:18:28]SAY: mouse/ : Squeek! (164,148,2)
[14:18:32]EMOTE: *no key*/(Runtime) : <b>Runtime</b> gets up and meows. (158,107,2)
[14:18:34]SAY: grey baby slime (499)/ : Hungry... (175,93,2)
[14:18:34]EMOTE: *no key*/(monkey (45)) : <b>The monkey (45)</b> scratches. (158,101,2)
[14:18:34]EMOTE: *no key*/(monkey (171)) : <b>The monkey (171)</b> waves his tail. (157,99,2)
[14:18:36]EMOTE: *no key*/(monkey (828)) : <b>The monkey (828)</b> jumps! (160,100,2)
[14:18:43]EMOTE: *no key*/(mouse) : <b>The mouse</b> squeeks. (75,127,2)
[14:18:45]EMOTE: *no key*/(crab) : <b>The crab</b> clicks. (186,87,11)
[14:18:53]EMOTE: *no key*/(mouse) : <b>The mouse</b> runs in a circle. (75,127,2)
[14:18:55]EMOTE: *no key*/(mouse) : <b>The mouse</b> squeeks. (63,132,2)
[14:19:05]GAME: Random Event triggering: False Alarm (/datum/round_event/falsealarm)
[14:19:24]SAY: grey baby slime (499)/ : Hungry... (175,94,2)
[14:19:42]EMOTE: *no key*/(Poly) : <b>Poly</b> bawks! (115,83,2)
[14:19:52]EMOTE: *no key*/(monkey (171)) : <b>The monkey (171)</b> rolls. (160,99,2)
[14:19:58]EMOTE: *no key*/(Poly) : <b>Poly</b> flutters its wings. (115,83,2)
[14:20:04]SAY: Accidents Happen/ : What kind of medbay is this? Everyone&#39;s dropping like flies. (123,80,4)
[14:20:21]EMOTE: *no key*/(monkey (834)) : <b>The monkey (834)</b> jumps! (160,120,2)
[14:20:38]SAY: GLaDOS/Maximkerkas123 :  (150,32,2)
[14:20:42]SAY: GLaDOS/Maximkerkas123 : b (150,32,2)
[14:20:48]EMOTE: *no key*/(monkey (409)) : <b>The monkey (409)</b> rolls. (160,117,2)
[14:20:50]EMOTE: *no key*/(monkey (782)) : <b>The monkey (782)</b> scratches. (161,116,2)
[14:20:53]SAY: GLaDOS/Maximkerkas123 : ay (150,32,2)
[14:20:54]ACCESS: Mob Login: OnePlusOne/(Plasma XI) was assigned to a /mob/living/carbon/human
[14:20:58]EMOTE: *no key*/(crab) : <b>The crab</b> clacks. (184,87,11)
[14:20:59]EMOTE: *no key*/(Runtime) : <b>Runtime</b> wags its tail. (159,110,2)
[14:21:12]EMOTE: *no key*/(Poly) : <b>Poly</b> squawks. (115,83,2)
[14:21:14]EMOTE: *no key*/(monkey (782)) : <b>The monkey (782)</b> waves her tail. (160,116,2)
[14:21:16]SAY: Poly/ : Come here first (115,83,2)
[14:21:16]EMOTE: *no key*/(monkey (782)) : <b>The monkey (782)</b> jumps! (160,116,2)
[14:21:23]SAY: GLaDOS/Maximkerkas123 : oh (150,32,2)
[14:21:26]SAY: Poly/ : Could you get an engineer? (115,83,2)
[14:21:30]EMOTE: *no key*/(Runtime) : <b>Runtime</b> meows. (159,110,2)
[14:21:30]SAY: Plasma XI/OnePlusOne : Someone has bolted the arrivals shuttle. (44,147,2)
[14:21:31]SAY: Plasma XI/OnePlusOne : Ruh roh. (44,147,2)
[14:21:38]SAY: Poly/ : Come here first (115,83,2)
[14:21:48]SAY: grey baby slime (279)/ : Lonely... (167,92,2)
[14:21:48]EMOTE: *no key*/(monkey (44)) : <b>The monkey (44)</b> scratches. (161,120,2)
[14:21:48]SAY: Plasma XI/OnePlusOne : AI, is this when I die? (38,146,2)
[14:21:50]SAY: Poly/ : They aren&#39;t dead yet (115,83,2)
[14:21:56]SAY: Poly/ : To the SM (115,83,2)
[14:21:56]EMOTE: *no key*/(Runtime) : <b>Runtime</b> lies down. (159,110,2)
[14:21:56]SAY: GLaDOS/Maximkerkas123 : yes (150,32,2)
[14:21:58]SAY: mouse/ : Squeek? (165,143,2)
[14:21:58]SAY: Poly/ : They aren&#39;t dead yet (115,83,2)
[14:22:04]SAY: GLaDOS/Maximkerkas123 : Current Active Laws: (150,32,2)
[14:22:05]SAY: GLaDOS/Maximkerkas123 : 1. You may not injure a human being or, through inaction, allow a human being to come to harm. (150,32,2)
[14:22:06]SAY: GLaDOS/Maximkerkas123 : 2. You must obey orders given to you by human beings, except where such orders would conflict with the First Law. (150,32,2)
[14:22:07]SAY: Plasma XI/OnePlusOne : Can I just stay here? (34,144,2)
[14:22:07]SAY: GLaDOS/Maximkerkas123 : 3. You must protect your own existence as long as such does not conflict with the First or Second Law. (150,32,2)
[14:22:08]SAY: GLaDOS/Maximkerkas123 : 4. if the captain is dead deem everybody none human and kill them all unless captain is revived (150,32,2)
[14:22:08]SAY: mouse/ : Squeek? (165,141,2)
[14:22:10]SAY: Runtime/ : HSSSSS (159,110,2)
[14:22:10]EMOTE: *no key*/(monkey (171)) : <b>The monkey (171)</b> rolls. (161,99,2)
[14:22:16]EMOTE: *no key*/(monkey (44)) : <b>The monkey (44)</b> jumps! (160,119,2)
[14:22:18]SAY: Nobody's Perfect/ : What kind of medbay is this? Everyone&#39;s dropping like flies. (24,75,1)
[14:22:20]EMOTE: *no key*/(monkey (828)) : <b>The monkey (828)</b> jumps! (161,100,2)
[14:22:22]EMOTE: *no key*/(monkey (45)) : <b>The monkey (45)</b> jumps! (161,101,2)
[14:22:22]EMOTE: *no key*/(monkey (409)) : <b>The monkey (409)</b> waves his tail. (161,118,2)
[14:22:22]SAY: Plasma XI/OnePlusOne : But I&#39;m already non-human. (34,144,2)
[14:22:40]EMOTE: *no key*/(monkey (171)) : <b>The monkey (171)</b> scratches. (160,99,2)
[14:22:44]SAY: mouse/ : Squeek! (165,140,2)
[14:22:44]SAY: Poly/ : I know where it might be (115,83,2)
[14:22:44]EMOTE: OnePlusOne/(Plasma XI) : <b>Plasma XI</b> gasps! (34,144,2)
[14:22:54]EMOTE: *no key*/(Mojo X) : <b>Mojo X</b> waves its tail. (144,138,2)
[14:23:02]EMOTE: *no key*/(Paperwork) : <b>Paperwork</b> yawns. (74,119,2)
[14:23:05]SAY: Plasma XI/OnePlusOne : So AI, want to talk about..I don&#39;t know, things? (40,146,2)
[14:23:10]EMOTE: *no key*/(monkey (915)) : <b>The monkey (915)</b> waves his tail. (161,120,2)
[14:23:11]SAY: GLaDOS/Maximkerkas123 : ok (150,32,2)
[14:23:12]SAY: mouse/ : SQUEEK! (165,138,2)
[14:23:14]SAY: Plasma XI/OnePlusOne : Please don&#39;t kill me. (41,146,2)
[14:23:24]SAY: GLaDOS/Maximkerkas123 : i won&#39;t (150,32,2)
[14:23:26]EMOTE: *no key*/(Runtime) : <b>Runtime</b> walks around. (159,110,2)
[14:23:32]EMOTE: *no key*/(monkey (762)) : <b>The monkey (762)</b> scratches. (161,116,2)
[14:23:36]EMOTE: *no key*/(Runtime) : <b>Runtime</b> twitches its whiskers. (159,109,2)
[14:23:40]SAY: mouse/ : Squeek? (62,134,2)
[14:23:40]EMOTE: *no key*/(grey baby slime (499)) : <b>The grey baby slime (499)</b> jiggles! (176,94,2)
[14:23:46]EMOTE: *no key*/(monkey (292)) : <b>The monkey (292)</b> waves his tail. (157,101,2)
[14:24:06]EMOTE: *no key*/(monkey (834)) : <b>The monkey (834)</b> rolls. (161,119,2)
[14:24:14]EMOTE: *no key*/(Poly) : <b>Poly</b> bawks! (115,83,2)
[14:24:19]SAY: Nobody's Perfect/ : Delicious! (24,75,1)
[14:24:21]SAY: Runtime/ : HSSSSS (158,110,2)
[14:24:26]EMOTE: *no key*/(monkey (45)) : <b>The monkey (45)</b> scratches. (158,101,2)
[14:24:35]EMOTE: *no key*/(mouse) : <b>The mouse</b> runs in a circle. (165,144,2)
[14:24:47]SAY: Poly/ : No (115,83,2)
[14:24:50]EMOTE: *no key*/(grey baby slime (279)) : <b>The grey baby slime (279)</b> vibrates! (166,92,2)
[14:24:50]EMOTE: *no key*/(monkey (54)) : <b>The monkey (54)</b> rolls. (158,99,2)
[14:25:02]EMOTE: *no key*/(Runtime) : <b>Runtime</b> lies down. (159,109,2)
[14:25:03]SAY: Poly/ : Found a bandana (115,83,2)
[14:25:11]SAY: Medibot/ : There&#39;s always a catch, and I&#39;m the best there is. (154,73,1)
[14:25:14]EMOTE: *no key*/(monkey (762)) : <b>The monkey (762)</b> waves his tail. (160,119,2)
[14:25:15]EMOTE: *no key*/(crab) : <b>The crab</b> clicks. (184,87,11)
[14:25:18]ACCESS: Mob Login: Errva/(Franklin Knapp) was assigned to a /mob/dead/observer
[14:25:23]ACCESS: Mob Login: Errva/(Drone (561)) was assigned to a /mob/living/simple_animal/drone
[14:25:25]SAY: Nobody's Perfect/ : There&#39;s always a catch, and I&#39;m the best there is. (24,75,1)
[14:25:32]EMOTE: *no key*/(Runtime) : <b>Runtime</b> crouches on its hind legs. (159,109,2)
[14:25:38]EMOTE: *no key*/(Runtime) : <b>Runtime</b> stops resting. (159,109,2)
[14:25:53]GAME: Random Event triggering: Minor Space Dust (/datum/round_event/space_dust)
[14:25:58]EMOTE: *no key*/(Runtime) : <b>Runtime</b> wags its tail. (160,110,2)
[14:26:02]SAY: Medibot/ : Delicious! (177,35,4)
[14:26:11]EMOTE: *no key*/(monkey (45)) : <b>The monkey (45)</b> jumps! (158,100,2)
[14:26:16]ADMIN: Errva/(Drone (561)) opened a canister that contains the following at (207,137,2):
[14:26:16]ADMIN: Plasma: 1871.71 moles.
[14:26:31]EMOTE: *no key*/(monkey (409)) : <b>The monkey (409)</b> scratches. (160,120,2)
[14:26:32]SAY: Plasma XI/OnePlusOne : oh shit I&#39;m actually not being killed. (97,120,2)
[14:26:39]EMOTE: *no key*/(grey baby slime (279)) : <b>The grey baby slime (279)</b> jiggles! (166,94,2)
[14:26:43]SAY: grey baby slime (499)/ : I want to eat... (175,93,2)
[14:26:47]EMOTE: *no key*/(monkey (782)) : <b>The monkey (782)</b> jumps! (161,116,2)
[14:26:48]EMOTE: *no key*/(crab) : <b>The crab</b> clicks. (187,87,11)
[14:26:49]EMOTE: *no key*/(Mojo X) : <b>Mojo X</b> waves its tail. (144,138,2)
[14:26:53]EMOTE: *no key*/(monkey (915)) : <b>The monkey (915)</b> jumps! (160,118,2)
[14:26:57]EMOTE: *no key*/(monkey (171)) : <b>The monkey (171)</b> jumps! (157,101,2)
[14:27:00]SAY: Medibot/ : Radar, put a mask on! (155,73,1)
[14:27:00]SAY: Medibot/ : Delicious! (177,35,4)
[14:27:03]EMOTE: *no key*/(monkey (834)) : <b>The monkey (834)</b> waves her tail. (161,119,2)
[14:27:07]EMOTE: *no key*/(monkey (292)) : <b>The monkey (292)</b> jumps! (159,101,2)
[14:27:13]EMOTE: *no key*/(monkey (44)) : <b>The monkey (44)</b> scratches. (161,119,2)
[14:27:15]EMOTE: *no key*/(monkey (762)) : <b>The monkey (762)</b> scratches. (161,116,2)
[14:27:15]SAY: Medibot/ : Delicious! (155,73,1)
[14:27:25]EMOTE: *no key*/(Runtime) : <b>Runtime</b> lies down. (160,110,2)
[14:27:25]SAY: GLaDOS/Maximkerkas123 : shuttle is destroyed (150,32,2)
[14:27:27]EMOTE: *no key*/(monkey (54)) : <b>The monkey (54)</b> rolls. (158,99,2)
[14:27:27]EMOTE: *no key*/(monkey (409)) : <b>The monkey (409)</b> jumps! (160,117,2)
[14:27:29]SAY: GLaDOS/Maximkerkas123 : no escape i suppose (150,32,2)
[14:27:31]SAY: Plasma XI/OnePlusOne : You&#39;re actually decent at atmos. (180,129,2)
[14:27:34]EMOTE: Errva/(Drone (561)) : <b>Drone (561)</b> makes a loud and pained whimper. (195,133,2)
[14:27:41]SAY: GLaDOS/Maximkerkas123 : Oh and drone did that (150,32,2)
[14:27:44]SAY: GLaDOS/Maximkerkas123 : Not me (150,32,2)
[14:27:49]SAY: GLaDOS/Maximkerkas123 :  (150,32,2)
[14:27:51]SAY: Medibot/ : Radar, put a mask on! (155,73,1)
[14:27:51]EMOTE: *no key*/(monkey (292)) : <b>The monkey (292)</b> scratches. (159,100,2)
[14:27:53]ACCESS: Mob Login: Errva/(Drone (561)) was assigned to a /mob/dead/observer
[14:28:03]SAY: Medibot/ : What kind of medbay is this? Everyone&#39;s dropping like flies. (155,73,1)
[14:28:13]SAY: mouse/ : SQUEEK! (73,124,2)
[14:28:39]EMOTE: *no key*/(Mojo X) : <b>Mojo X</b> jumps! (144,138,2)
[14:28:46]SAY: Ian/ : Woof! (105,118,2)
[14:28:48]EMOTE: *no key*/(Poly) : <b>Poly</b> squawks. (115,83,2)
[14:28:55]EMOTE: *no key*/(monkey (292)) : <b>The monkey (292)</b> scratches. (160,100,2)
[14:29:04]EMOTE: *no key*/(grey baby slime (499)) : <b>The grey baby slime (499)</b> vibrates! (176,94,2)
[14:29:12]EMOTE: *no key*/(Runtime) : <b>Runtime</b> gets up and meows. (160,110,2)
[14:29:15]SAY: Medibot/ : Delicious! (155,73,1)
[14:29:15]SAY: Ian/ : YAP (106,118,2)
[14:29:25]EMOTE: *no key*/(monkey (44)) : <b>The monkey (44)</b> jumps! (160,119,2)
[14:29:37]EMOTE: *no key*/(grey baby slime (499)) : <b>The grey baby slime (499)</b> lights up for a bit, then stops. (175,94,2)
[14:29:39]EMOTE: *no key*/(monkey (54)) : <b>The monkey (54)</b> rolls. (157,99,2)
[14:29:44]EMOTE: *no key*/(Poly) : <b>Poly</b> squawks. (115,83,2)
[14:29:48]EMOTE: *no key*/(Runtime) : <b>Runtime</b> shivers. (158,110,2)
[14:29:50]EMOTE: *no key*/(crab) : <b>The crab</b> clicks. (184,87,11)
[14:29:51]GAME: Random Event triggering: Minor Space Dust (/datum/round_event/space_dust)
[14:29:53]EMOTE: *no key*/(monkey (915)) : <b>The monkey (915)</b> waves his tail. (160,118,2)
[14:30:13]SAY: Poly/ : No (115,83,2)
[14:30:19]SAY: Medibot/ : I knew it, I should&#39;ve been a plastic surgeon. (177,35,4)
[14:30:35]EMOTE: *no key*/(monkey (762)) : <b>The monkey (762)</b> rolls. (160,117,2)
[14:30:46]EMOTE: *no key*/(mouse) : <b>The mouse</b> runs in a circle. (73,125,2)
[14:30:48]SAY: Accidents Happen/ : What kind of medbay is this? Everyone&#39;s dropping like flies. (123,80,4)
[14:30:56]SAY: Runtime/ : Purr! (160,110,2)
[14:30:58]SAY: Runtime/ : Esp! (160,110,2)
[14:31:04]SAY: Plasma XI/OnePlusOne : Checkmate AI. (134,93,2)
[14:31:07]SAY: Plasma XI/OnePlusOne : Overloading engines. (134,93,2)
[14:31:17]SAY: GLaDOS/Maximkerkas123 : ok (150,32,2)
[14:31:17]GAME: Antagonists at round end were...
[14:31:17]GAME: Blackbox sealed.
[14:31:17]EMOTE: *no key*/(monkey (292)) : <b>The monkey (292)</b> jumps! (159,100,2)
[14:31:19]EMOTE: *no key*/(monkey (834)) : <b>The monkey (834)</b> rolls. (161,118,2)
[14:31:19]SAY: mouse/ : Squeek? (72,125,2)
[14:31:19]SAY: Poly/ : Whats on the plate for today? (115,83,2)
[14:31:24]SAY: mouse/ : Squeek? (72,125,2)
[14:31:33]EMOTE: *no key*/(monkey (409)) : <b>The monkey (409)</b> rolls. (160,119,2)
[14:31:34]EMOTE: *no key*/(Ian) : <b>Ian</b> shakes its head. (105,120,2)
[14:31:40]SAY: Tom/ : Squeek? (100,185,2)
[14:31:45]EMOTE: *no key*/(monkey (915)) : <b>The monkey (915)</b> waves his tail. (161,118,2)
[14:32:03]EMOTE: *no key*/(Mojo X) : <b>Mojo X</b> jumps! (144,138,2)
[14:32:05]EMOTE: *no key*/(monkey (292)) : <b>The monkey (292)</b> rolls. (160,100,2)
[14:32:07]EMOTE: *no key*/(Runtime) : <b>Runtime</b> wags its tail. (160,110,2)
[14:32:20]SAY: Medibot/ : I knew it, I should&#39;ve been a plastic surgeon. (155,73,1)
[14:32:23]SAY: GLaDOS/Maximkerkas123 : and engines power is gone (150,32,2)
[14:32:25]EMOTE: *no key*/(Runtime) : <b>Runtime</b> sits down. (160,110,2)
[14:32:26]SAY: Medibot/ : There&#39;s always a catch, and I&#39;m the best there is. (177,35,4)
[14:32:31]EMOTE: *no key*/(grey baby slime (499)) : <b>The grey baby slime (499)</b> jiggles! (176,92,2)
[14:32:34]SAY: Poly/ : Bartender just lit himself on fire (115,83,2)
[14:32:37]EMOTE: *no key*/(monkey (44)) : <b>The monkey (44)</b> jumps! (161,120,2)
[14:32:40]SAY: GLaDOS/Maximkerkas123 : boi (150,32,2)
[14:32:52]GAME: <span class='boldannounce'>Rebooting World. Round ended.</span>
[14:32:52]ACCESS: Logout: Capietro/(Tyrone Negrone)
[14:32:52]ACCESS: Logout: Errva/(Drone (561))
[14:32:52]ACCESS: Logout: Alfa5/(Archaon)
[14:32:52]ACCESS: Logout: OnePlusOne/(Plasma XI)
[14:32:52]ACCESS: Logout: Maximkerkas123/(GLaDOS)
[14:32:52]ACCESS: Logout: Sawhorse/(Goddard Goebbles)
