

Starting up round ID 1359. 06:44:58
---------------------
Initialized Database subsystem within 0 seconds!
Initialized Blackbox subsystem within 0 seconds!
Initialized Server Tasks subsystem within 0 seconds!
Initialized Input subsystem within 0 seconds!
Initialized Research subsystem within 0 seconds!
Initialized Events subsystem within 0 seconds!
Initialized Jobs subsystem within 0 seconds!
Initialized Traits subsystem within 0 seconds!
Initialized Ticker subsystem within 0 seconds!
Loading BoxStation...
runtime error: 
[06:45:07]Cannot read null.melee
[06:45:07]proc name: attachArmor (/datum/armor/proc/attachArmor)
[06:45:07]  source file: armor.dm,59
Loaded Station in 5.8s!
Loaded Lavaland in 6.2s!
Loaded Reebe in 5.1s!
Ruin loader finished with 0 left to spend.
Ruin loader finished with 0 left to spend.
Initialized Mapping subsystem within 31.2 seconds!
Initialized Networks subsystem within 0 seconds!
runtime error: 
[06:45:39]Bad areastring path for Vacant Office APC, area/security/vacantoffice
[06:45:39]proc name: stack trace (/datum/proc/stack_trace)
[06:45:39]  source file: unsorted.dm,1257
Initialized Atoms subsystem within 43 seconds!
Initialized Language subsystem within 0 seconds!
Initialized Machines subsystem within 0.3 seconds!
Initialized Circuit subsystem within 0 seconds!
Initialized Disease subsystem within 0 seconds!
Initialized Medals subsystem within 0 seconds!
Initialized Night Shift subsystem within 0 seconds!
Initialized Parallax subsystem within 0 seconds!
Initialized Traumas subsystem within 0.1 seconds!
Initialized Weather subsystem within 0 seconds!
## WARNING: There are 24 active turfs at roundstart, this is a mapping error caused by a difference of the air between the adjacent turfs. You can see its coordinates using "Mapping -> Show roundstart AT list" verb (debug verbs required)
## WARNING: HEY! LISTEN! 0 seconds were wasted processing 24 turf(s) (connected to 48 other turfs) with atmos differences at round start.
## WARNING: build_pipeline(): /obj/machinery/atmospherics/pipe/simple/supply/hidden added to a pipenet while still having one. (pipes leading to the same spot stacking in one turf) Nearby: (108, 118, 2)
## WARNING: build_pipeline(): /obj/machinery/atmospherics/pipe/manifold/supply/hidden added to a pipenet while still having one. (pipes leading to the same spot stacking in one turf) Nearby: (106, 118, 2)
## WARNING: build_pipeline(): /obj/machinery/atmospherics/pipe/simple/supply/hidden added to a pipenet while still having one. (pipes leading to the same spot stacking in one turf) Nearby: (109, 118, 2)
## WARNING: build_pipeline(): /obj/machinery/atmospherics/pipe/simple/supply/hidden added to a pipenet while still having one. (pipes leading to the same spot stacking in one turf) Nearby: (107, 118, 2)
## WARNING: build_pipeline(): /obj/machinery/atmospherics/pipe/simple/supply/hidden added to a pipenet while still having one. (pipes leading to the same spot stacking in one turf) Nearby: (106, 119, 2)
## WARNING: build_pipeline(): /obj/machinery/atmospherics/pipe/simple/supply/hidden added to a pipenet while still having one. (pipes leading to the same spot stacking in one turf) Nearby: (106, 117, 2)
## WARNING: build_pipeline(): /obj/machinery/atmospherics/pipe/simple/supply/hidden added to a pipenet while still having one. (pipes leading to the same spot stacking in one turf) Nearby: (106, 120, 2)
## WARNING: build_pipeline(): /obj/machinery/atmospherics/pipe/simple/supply/hidden added to a pipenet while still having one. (pipes leading to the same spot stacking in one turf) Nearby: (106, 116, 2)
## WARNING: build_pipeline(): /obj/machinery/atmospherics/pipe/simple/supply/hidden added to a pipenet while still having one. (pipes leading to the same spot stacking in one turf) Nearby: (106, 121, 2)
## WARNING: build_pipeline(): /obj/machinery/atmospherics/pipe/simple/supply/hidden added to a pipenet while still having one. (pipes leading to the same spot stacking in one turf) Nearby: (106, 115, 2)
## WARNING: build_pipeline(): further messages about pipenets will be supressed
Initialized Atmospherics subsystem within 14 seconds!
Failed to find backup file for map BoxStation on zlevel 2.
Initialized Assets subsystem within 0.8 seconds!
Initialized Icon Smoothing subsystem within 7.2 seconds!
Initialized Overlay subsystem within 1.7 seconds!
Initialized XKeyScore subsystem within 0 seconds!
Initialized Sticky Ban subsystem within 0 seconds!
Initialized Lighting subsystem within 11.2 seconds!
Initialized Shuttle subsystem within 17.2 seconds!
Initialized Squeak subsystem within 0.1 seconds!
Initialized pathfinder subsystem within 0 seconds!
Loaded 4 engraved messages on map BoxStation
Initialized Persistence subsystem within 0 seconds!
Initializations complete within 127.1 seconds!
Game start took 7.2s
runtime error: 
[06:51:43]nothing to animate
[06:51:43]proc name: shake camera (/proc/shake_camera)
[06:51:43]  source file: mob_helpers.dm,270
runtime error: 
[06:53:02]nothing to animate
[06:53:02]proc name: shake camera (/proc/shake_camera)
[06:53:02]  source file: mob_helpers.dm,270
runtime error: 
[06:53:49]nothing to animate
[06:53:49]proc name: shake camera (/proc/shake_camera)
[06:53:49]  source file: mob_helpers.dm,270
runtime error: 
[07:08:13]Cannot execute null.archive().
[07:08:13]proc name: archive (/turf/open/archive)
[07:08:13]  source file: LINDA_turf_tile.dm,91
runtime error: 
[07:08:13]Cannot read null.gases
[07:08:13]proc name: compare (/datum/gas_mixture/compare)
[07:08:13]  source file: gas_mixture.dm,387
runtime error: 
[07:08:13]Cannot execute null.archive().
[07:08:13]proc name: archive (/turf/open/archive)
[07:08:13]  source file: LINDA_turf_tile.dm,91
runtime error: 
[07:08:13]Cannot read null.gases
[07:08:13]proc name: compare (/datum/gas_mixture/compare)
[07:08:13]  source file: gas_mixture.dm,387
runtime error: 
[07:08:13]Cannot execute null.archive().
[07:08:13]proc name: archive (/turf/open/archive)
[07:08:13]  source file: LINDA_turf_tile.dm,91
runtime error: 
[07:08:13]Cannot read null.gases
[07:08:13]proc name: compare (/datum/gas_mixture/compare)
[07:08:13]  source file: gas_mixture.dm,387
runtime error: 
[07:08:13]Cannot execute null.archive().
[07:08:13]proc name: archive (/turf/open/archive)
[07:08:13]  source file: LINDA_turf_tile.dm,91
runtime error: 
[07:08:13]Cannot read null.gases
[07:08:13]proc name: compare (/datum/gas_mixture/compare)
[07:08:13]  source file: gas_mixture.dm,387
runtime error: 
[07:08:13]Cannot execute null.archive().
[07:08:13]proc name: archive (/turf/open/archive)
[07:08:13]  source file: LINDA_turf_tile.dm,91
runtime error: 
[07:08:13]Cannot read null.gases
[07:08:13]proc name: compare (/datum/gas_mixture/compare)
[07:08:13]  source file: gas_mixture.dm,387
runtime error: 
[07:08:13]Cannot execute null.archive().
[07:08:13]proc name: archive (/turf/open/archive)
[07:08:13]  source file: LINDA_turf_tile.dm,91
runtime error: 
[07:08:13]Cannot read null.gases
[07:08:13]proc name: compare (/datum/gas_mixture/compare)
[07:08:13]  source file: gas_mixture.dm,387
runtime error: 
[07:08:13]Cannot execute null.archive().
[07:08:13]proc name: archive (/turf/open/archive)
[07:08:13]  source file: LINDA_turf_tile.dm,91
runtime error: 
[07:08:13]Cannot read null.gases
[07:08:13]proc name: compare (/datum/gas_mixture/compare)
[07:08:13]  source file: gas_mixture.dm,387
runtime error: 
[07:08:13]Cannot execute null.archive().
[07:08:13]proc name: archive (/turf/open/archive)
[07:08:13]  source file: LINDA_turf_tile.dm,91
runtime error: 
[07:08:13]Cannot read null.gases
[07:08:13]proc name: compare (/datum/gas_mixture/compare)
[07:08:13]  source file: gas_mixture.dm,387
runtime error: 
[07:08:13]Cannot execute null.archive().
[07:08:13]proc name: archive (/turf/open/archive)
[07:08:13]  source file: LINDA_turf_tile.dm,91
runtime error: 
[07:08:13]Cannot read null.gases
[07:08:13]proc name: compare (/datum/gas_mixture/compare)
[07:08:13]  source file: gas_mixture.dm,387
runtime error: 
[07:08:13]Cannot execute null.archive().
[07:08:13]proc name: archive (/turf/open/archive)
[07:08:13]  source file: LINDA_turf_tile.dm,91
runtime error: 
[07:08:13]Cannot read null.gases
[07:08:13]proc name: compare (/datum/gas_mixture/compare)
[07:08:13]  source file: gas_mixture.dm,387
runtime error: 
[07:08:13]Cannot execute null.archive().
[07:08:13]proc name: archive (/turf/open/archive)
[07:08:13]  source file: LINDA_turf_tile.dm,91
runtime error: 
[07:08:13]Cannot read null.gases
[07:08:13]proc name: compare (/datum/gas_mixture/compare)
[07:08:13]  source file: gas_mixture.dm,387
runtime error: 
[07:08:13]Cannot execute null.archive().
[07:08:13]proc name: archive (/turf/open/archive)
[07:08:13]  source file: LINDA_turf_tile.dm,91
runtime error: 
[07:08:13]Cannot read null.gases
[07:08:13]proc name: compare (/datum/gas_mixture/compare)
[07:08:13]  source file: gas_mixture.dm,387
runtime error: 
[07:08:13]Cannot execute null.archive().
[07:08:13]proc name: archive (/turf/open/archive)
[07:08:13]  source file: LINDA_turf_tile.dm,91
runtime error: 
[07:08:13]Cannot read null.gases
[07:08:13]proc name: compare (/datum/gas_mixture/compare)
[07:08:13]  source file: gas_mixture.dm,387
runtime error: 
[07:08:13]Cannot execute null.archive().
[07:08:13]proc name: archive (/turf/open/archive)
[07:08:13]  source file: LINDA_turf_tile.dm,91
runtime error: 
[07:08:13]Cannot read null.gases
[07:08:13]proc name: compare (/datum/gas_mixture/compare)
[07:08:13]  source file: gas_mixture.dm,387
runtime error: 
[07:08:13]Cannot execute null.archive().
[07:08:13]proc name: archive (/turf/open/archive)
[07:08:13]  source file: LINDA_turf_tile.dm,91
runtime error: 
[07:08:13]Cannot read null.gases
[07:08:13]proc name: compare (/datum/gas_mixture/compare)
[07:08:13]  source file: gas_mixture.dm,387
runtime error: 
[07:08:13]Cannot execute null.archive().
[07:08:13]proc name: archive (/turf/open/archive)
[07:08:13]  source file: LINDA_turf_tile.dm,91
runtime error: 
[07:08:13]Cannot read null.gases
[07:08:13]proc name: compare (/datum/gas_mixture/compare)
[07:08:13]  source file: gas_mixture.dm,387
runtime error: 
[07:08:13]Cannot execute null.archive().
[07:08:13]proc name: archive (/turf/open/archive)
[07:08:13]  source file: LINDA_turf_tile.dm,91
runtime error: 
[07:08:13]Cannot read null.gases
[07:08:13]proc name: compare (/datum/gas_mixture/compare)
[07:08:13]  source file: gas_mixture.dm,387
runtime error: 
[07:08:13]Cannot execute null.archive().
[07:08:13]proc name: archive (/turf/open/archive)
[07:08:13]  source file: LINDA_turf_tile.dm,91
runtime error: 
[07:08:13]Cannot read null.gases
[07:08:13]proc name: compare (/datum/gas_mixture/compare)
[07:08:13]  source file: gas_mixture.dm,387
runtime error: 
[07:08:13]Cannot execute null.archive().
[07:08:13]proc name: archive (/turf/open/archive)
[07:08:13]  source file: LINDA_turf_tile.dm,91
runtime error: 
[07:08:13]Cannot read null.gases
[07:08:13]proc name: compare (/datum/gas_mixture/compare)
[07:08:13]  source file: gas_mixture.dm,387
runtime error: 
[07:08:13]Cannot execute null.archive().
[07:08:13]proc name: archive (/turf/open/archive)
[07:08:13]  source file: LINDA_turf_tile.dm,91
runtime error: 
[07:08:13]Cannot read null.gases
[07:08:13]proc name: compare (/datum/gas_mixture/compare)
[07:08:13]  source file: gas_mixture.dm,387
runtime error: 
[07:08:13]Cannot execute null.archive().
[07:08:13]proc name: archive (/turf/open/archive)
[07:08:13]  source file: LINDA_turf_tile.dm,91
runtime error: 
[07:08:13]Cannot read null.gases
[07:08:13]proc name: compare (/datum/gas_mixture/compare)
[07:08:13]  source file: gas_mixture.dm,387
runtime error: 
[07:08:13]Cannot execute null.archive().
[07:08:13]proc name: archive (/turf/open/archive)
[07:08:13]  source file: LINDA_turf_tile.dm,91
runtime error: 
[07:08:13]Cannot read null.gases
[07:08:13]proc name: compare (/datum/gas_mixture/compare)
[07:08:13]  source file: gas_mixture.dm,387
runtime error: 
[07:08:13]Cannot execute null.archive().
[07:08:13]proc name: archive (/turf/open/archive)
[07:08:13]  source file: LINDA_turf_tile.dm,91
runtime error: 
[07:08:13]Cannot read null.gases
[07:08:13]proc name: compare (/datum/gas_mixture/compare)
[07:08:13]  source file: gas_mixture.dm,387
runtime error: 
[07:08:13]Cannot execute null.archive().
[07:08:13]proc name: archive (/turf/open/archive)
[07:08:13]  source file: LINDA_turf_tile.dm,91
runtime error: 
[07:08:13]Cannot read null.gases
[07:08:13]proc name: compare (/datum/gas_mixture/compare)
[07:08:13]  source file: gas_mixture.dm,387
runtime error: 
[07:08:14]Cannot execute null.archive().
[07:08:14]proc name: archive (/turf/open/archive)
[07:08:14]  source file: LINDA_turf_tile.dm,91
runtime error: 
[07:08:14]Cannot read null.gases
[07:08:14]proc name: compare (/datum/gas_mixture/compare)
[07:08:14]  source file: gas_mixture.dm,387
runtime error: 
[07:08:14]Cannot execute null.archive().
[07:08:14]proc name: archive (/turf/open/archive)
[07:08:14]  source file: LINDA_turf_tile.dm,91
runtime error: 
[07:08:14]Cannot read null.gases
[07:08:14]proc name: compare (/datum/gas_mixture/compare)
[07:08:14]  source file: gas_mixture.dm,387
runtime error: 
[07:08:14]Cannot execute null.archive().
[07:08:14]proc name: archive (/turf/open/archive)
[07:08:14]  source file: LINDA_turf_tile.dm,91
runtime error: 
[07:08:14]Cannot read null.gases
[07:08:14]proc name: compare (/datum/gas_mixture/compare)
[07:08:14]  source file: gas_mixture.dm,387
runtime error: 
[07:08:14]Cannot execute null.archive().
[07:08:14]proc name: archive (/turf/open/archive)
[07:08:14]  source file: LINDA_turf_tile.dm,91
runtime error: 
[07:08:14]Cannot read null.gases
[07:08:14]proc name: compare (/datum/gas_mixture/compare)
[07:08:14]  source file: gas_mixture.dm,387
runtime error: 
[07:08:14]Cannot execute null.archive().
[07:08:14]proc name: archive (/turf/open/archive)
[07:08:14]  source file: LINDA_turf_tile.dm,91
runtime error: 
[07:08:14]Cannot read null.gases
[07:08:14]proc name: compare (/datum/gas_mixture/compare)
[07:08:14]  source file: gas_mixture.dm,387
runtime error: 
[07:08:14]Cannot execute null.archive().
[07:08:14]proc name: archive (/turf/open/archive)
[07:08:14]  source file: LINDA_turf_tile.dm,91
runtime error: 
[07:08:14]Cannot read null.gases
[07:08:14]proc name: compare (/datum/gas_mixture/compare)
[07:08:14]  source file: gas_mixture.dm,387
runtime error: 
[07:08:14]Cannot execute null.archive().
[07:08:14]proc name: archive (/turf/open/archive)
[07:08:14]  source file: LINDA_turf_tile.dm,91
runtime error: 
[07:08:14]Cannot read null.gases
[07:08:14]proc name: compare (/datum/gas_mixture/compare)
[07:08:14]  source file: gas_mixture.dm,387
runtime error: 
[07:08:14]Cannot execute null.archive().
[07:08:14]proc name: archive (/turf/open/archive)
[07:08:14]  source file: LINDA_turf_tile.dm,91
runtime error: 
[07:08:14]Cannot read null.gases
[07:08:14]proc name: compare (/datum/gas_mixture/compare)
[07:08:14]  source file: gas_mixture.dm,387
runtime error: 
[07:08:14]Cannot execute null.archive().
[07:08:14]proc name: archive (/turf/open/archive)
[07:08:14]  source file: LINDA_turf_tile.dm,91
runtime error: 
[07:08:14]Cannot read null.gases
[07:08:14]proc name: compare (/datum/gas_mixture/compare)
[07:08:14]  source file: gas_mixture.dm,387
runtime error: 
[07:08:14]Cannot execute null.archive().
[07:08:14]proc name: archive (/turf/open/archive)
[07:08:14]  source file: LINDA_turf_tile.dm,91
runtime error: 
[07:08:14]Cannot read null.gases
[07:08:14]proc name: compare (/datum/gas_mixture/compare)
[07:08:14]  source file: gas_mixture.dm,387
runtime error: 
[07:08:14]Cannot execute null.archive().
[07:08:14]proc name: archive (/turf/open/archive)
[07:08:14]  source file: LINDA_turf_tile.dm,91
runtime error: 
[07:08:14]Cannot read null.gases
[07:08:14]proc name: compare (/datum/gas_mixture/compare)
[07:08:14]  source file: gas_mixture.dm,387
runtime error: 
[07:08:14]Cannot execute null.archive().
[07:08:14]proc name: archive (/turf/open/archive)
[07:08:14]  source file: LINDA_turf_tile.dm,91
runtime error: 
[07:08:14]Cannot read null.gases
[07:08:14]proc name: compare (/datum/gas_mixture/compare)
[07:08:14]  source file: gas_mixture.dm,387
runtime error: 
[07:08:14]Cannot execute null.archive().
[07:08:14]proc name: archive (/turf/open/archive)
[07:08:14]  source file: LINDA_turf_tile.dm,91
runtime error: 
[07:08:14]Cannot read null.gases
[07:08:14]Warning: further proc crash messages are being suppressed to prevent overload...
runtime error: 
[07:08:14]Cannot execute null.archive().
runtime error: 
[07:08:14]Cannot read null.gases
runtime error: 
[07:08:14]Cannot execute null.archive().
runtime error: 
[07:08:14]Cannot read null.gases
runtime error: 
[07:08:14]Cannot execute null.archive().
runtime error: 
[07:08:14]Cannot read null.gases
runtime error: 
[07:08:15]Cannot execute null.archive().
runtime error: 
[07:08:15]Cannot read null.gases
runtime error: 
[07:08:15]Cannot execute null.archive().
runtime error: 
[07:08:15]Cannot read null.gases
runtime error: 
[07:08:15]Cannot execute null.archive().
runtime error: 
[07:08:15]Cannot read null.gases
runtime error: 
[07:08:15]Cannot execute null.archive().
runtime error: 
[07:08:15]Cannot read null.gases
runtime error: 
[07:08:15]Cannot execute null.archive().
runtime error: 
[07:08:15]Cannot read null.gases
runtime error: 
[07:08:15]Cannot execute null.archive().
runtime error: 
[07:08:15]Cannot read null.gases
runtime error: 
[07:08:15]Cannot execute null.archive().
runtime error: 
[07:08:15]Cannot read null.gases
runtime error: 
[07:08:15]Cannot execute null.archive().
runtime error: 
[07:08:15]Cannot read null.gases
runtime error: 
[07:08:15]Cannot execute null.archive().
runtime error: 
[07:08:15]Cannot read null.gases
runtime error: 
[07:08:15]Cannot execute null.archive().
runtime error: 
[07:08:15]Cannot read null.gases
runtime error: 
[07:08:15]Cannot execute null.archive().
runtime error: 
[07:08:15]Cannot read null.gases
runtime error: 
[07:29:10]nothing to animate
Saved 4 engraved messages on map BoxStation
Shutting down Persistence subsystem...
Shutting down pathfinder subsystem...
Shutting down Squeak subsystem...
Shutting down Shuttle subsystem...
Shutting down Lighting subsystem...
Shutting down XKeyScore subsystem...
Shutting down Sticky Ban subsystem...
Shutting down Overlay subsystem...
Shutting down Icon Smoothing subsystem...
Shutting down Assets subsystem...
Shutting down Minimap subsystem...
Shutting down Atmospherics subsystem...
Shutting down Wet floors subsystem...
Shutting down Weather subsystem...
Shutting down Vote subsystem...
Shutting down Traumas subsystem...
Shutting down Title Screen subsystem...
Shutting down Time Tracking subsystem...
Shutting down Throwing subsystem...
Shutting down tgui subsystem...
Shutting down Sun subsystem...
Shutting down Space Drift subsystem...
Shutting down Religion subsystem...
Shutting down Radio subsystem...
Shutting down Radiation subsystem...
Shutting down Projectiles subsystem...
Shutting down Processing subsystem...
Shutting down Parallax subsystem...
Shutting down pAI subsystem...
Shutting down Orbits subsystem...
Shutting down Objects subsystem...
Shutting down NPC Pool subsystem...
Shutting down Night Shift subsystem...
Shutting down Mood subsystem...
Shutting down Mobs subsystem...
Shutting down Medals subsystem...
Shutting down Inbounds subsystem...
Shutting down Idling NPC Pool subsystem...
Shutting down Flightpack Movement subsystem...
Shutting down Fire Burning subsystem...
Shutting down Fields subsystem...
Shutting down Fast Processing subsystem...
Shutting down Disease subsystem...
Shutting down Communications subsystem...
Shutting down Augury subsystem...
Shutting down Acid subsystem...
Shutting down Timer subsystem...
Shutting down Circuit subsystem...
Shutting down Machines subsystem...
Shutting down Language subsystem...
Shutting down Atoms subsystem...
Shutting down Networks subsystem...
Shutting down Mapping subsystem...
Shutting down Ticker subsystem...
Shutting down Traits subsystem...
Shutting down Jobs subsystem...
Shutting down Events subsystem...
Shutting down Research subsystem...
Shutting down Input subsystem...
Shutting down Server Tasks subsystem...
Shutting down Blackbox subsystem...
Shutting down Database subsystem...
Shutting down Garbage subsystem...
Shutdown complete
World rebooted at 07:30:47
