[2018-07-18 14:02:01.329] runtime error: bad index
[2018-07-18 14:02:01.329] proc name: Get (/datum/controller/configuration/proc/Get)
[2018-07-18 14:02:01.329]   source file: configuration.dm,178
[2018-07-18 14:02:01.329]   usr: null
[2018-07-18 14:02:01.329]   src: Configuration (/datum/controller/configuration)
[2018-07-18 14:02:01.329]   call stack:
[2018-07-18 14:02:01.329] Configuration (/datum/controller/configuration): Get(/datum/config_entry/flag/log_w... (/datum/config_entry/flag/log_world_topic))
[2018-07-18 14:02:01.329] world: Topic("status", "212.237.9.101", null, null)
[2018-07-18 14:02:01.329] 
[2018-07-18 14:02:01.330] runtime error: bad index
[2018-07-18 14:02:01.330] proc name: Get (/datum/controller/configuration/proc/Get)
[2018-07-18 14:02:01.330]   source file: configuration.dm,178
[2018-07-18 14:02:01.330]   usr: null
[2018-07-18 14:02:01.330]   src: Configuration (/datum/controller/configuration)
[2018-07-18 14:02:01.330]   call stack:
[2018-07-18 14:02:01.330] Configuration (/datum/controller/configuration): Get(/datum/config_entry/string/com... (/datum/config_entry/string/comms_key))
[2018-07-18 14:02:01.330] /datum/world_topic/status (/datum/world_topic/status): TryRun(/list (/list))
[2018-07-18 14:02:01.330] world: Topic("status", "212.237.9.101", null, null)
[2018-07-18 14:02:01.330] 
[2018-07-18 14:02:01.330] runtime error: bad index
[2018-07-18 14:02:01.330] proc name: Get (/datum/controller/configuration/proc/Get)
[2018-07-18 14:02:01.330]   source file: configuration.dm,178
[2018-07-18 14:02:01.330]   usr: null
[2018-07-18 14:02:01.330]   src: Configuration (/datum/controller/configuration)
[2018-07-18 14:02:01.330]   call stack:
[2018-07-18 14:02:01.330] Configuration (/datum/controller/configuration): Get(/datum/config_entry/flag/nores... (/datum/config_entry/flag/norespawn))
[2018-07-18 14:02:01.330] /datum/world_topic/status (/datum/world_topic/status): Run(/list (/list))
[2018-07-18 14:02:01.330] /datum/world_topic/status (/datum/world_topic/status): TryRun(/list (/list))
[2018-07-18 14:02:01.330] world: Topic("status", "212.237.9.101", null, null)
[2018-07-18 14:02:01.330] 
[2018-07-18 14:02:01.331] runtime error: bad index
[2018-07-18 14:02:01.331] proc name: Get (/datum/controller/configuration/proc/Get)
[2018-07-18 14:02:01.331]   source file: configuration.dm,178
[2018-07-18 14:02:01.331]   usr: null
[2018-07-18 14:02:01.331]   src: Configuration (/datum/controller/configuration)
[2018-07-18 14:02:01.331]   call stack:
[2018-07-18 14:02:01.331] Configuration (/datum/controller/configuration): Get(/datum/config_entry/flag/allow... (/datum/config_entry/flag/allow_vote_mode))
[2018-07-18 14:02:01.331] /datum/world_topic/status (/datum/world_topic/status): Run(/list (/list))
[2018-07-18 14:02:01.331] /datum/world_topic/status (/datum/world_topic/status): TryRun(/list (/list))
[2018-07-18 14:02:01.331] world: Topic("status", "212.237.9.101", null, null)
[2018-07-18 14:02:01.331] 
[2018-07-18 14:02:01.331] runtime error: bad index
[2018-07-18 14:02:01.331] proc name: Get (/datum/controller/configuration/proc/Get)
[2018-07-18 14:02:01.331]   source file: configuration.dm,178
[2018-07-18 14:02:01.331]   usr: null
[2018-07-18 14:02:01.331]   src: Configuration (/datum/controller/configuration)
[2018-07-18 14:02:01.331]   call stack:
[2018-07-18 14:02:01.331] Configuration (/datum/controller/configuration): Get(/datum/config_entry/flag/allow... (/datum/config_entry/flag/allow_ai))
[2018-07-18 14:02:01.331] /datum/world_topic/status (/datum/world_topic/status): Run(/list (/list))
[2018-07-18 14:02:01.331] /datum/world_topic/status (/datum/world_topic/status): TryRun(/list (/list))
[2018-07-18 14:02:01.331] world: Topic("status", "212.237.9.101", null, null)
[2018-07-18 14:02:01.331] 
[2018-07-18 14:02:01.331] runtime error: Cannot read null.commit
[2018-07-18 14:02:01.332] proc name: Run (/datum/world_topic/status/Run)
[2018-07-18 14:02:01.332]   source file: world_topic.dm,151
[2018-07-18 14:02:01.332]   usr: null
[2018-07-18 14:02:01.332]   src: /datum/world_topic/status (/datum/world_topic/status)
[2018-07-18 14:02:01.332]   call stack:
[2018-07-18 14:02:01.332] /datum/world_topic/status (/datum/world_topic/status): Run(/list (/list))
[2018-07-18 14:02:01.332] /datum/world_topic/status (/datum/world_topic/status): TryRun(/list (/list))
[2018-07-18 14:02:01.332] world: Topic("status", "212.237.9.101", null, null)
[2018-07-18 14:02:01.332] 
[2018-07-18 14:02:01.332] runtime error: bad index
[2018-07-18 14:02:01.332] proc name: Get (/datum/controller/configuration/proc/Get)
[2018-07-18 14:02:01.332]   source file: configuration.dm,178
[2018-07-18 14:02:01.332]   usr: null
[2018-07-18 14:02:01.332]   src: Configuration (/datum/controller/configuration)
[2018-07-18 14:02:01.332]   call stack:
[2018-07-18 14:02:01.332] Configuration (/datum/controller/configuration): Get(/datum/config_entry/flag/log_w... (/datum/config_entry/flag/log_world_topic))
[2018-07-18 14:02:01.332] world: Topic("status", "24.222.35.234", null, null)
[2018-07-18 14:02:01.332] 
[2018-07-18 14:02:01.332] runtime error: bad index
[2018-07-18 14:02:01.332] proc name: Get (/datum/controller/configuration/proc/Get)
[2018-07-18 14:02:01.332]   source file: configuration.dm,178
[2018-07-18 14:02:01.332]   usr: null
[2018-07-18 14:02:01.332]   src: Configuration (/datum/controller/configuration)
[2018-07-18 14:02:01.332]   call stack:
[2018-07-18 14:02:01.332] Configuration (/datum/controller/configuration): Get(/datum/config_entry/string/com... (/datum/config_entry/string/comms_key))
[2018-07-18 14:02:01.332] /datum/world_topic/status (/datum/world_topic/status): TryRun(/list (/list))
[2018-07-18 14:02:01.332] world: Topic("status", "24.222.35.234", null, null)
[2018-07-18 14:02:01.332] 
[2018-07-18 14:02:01.333] runtime error: bad index
[2018-07-18 14:02:01.333] proc name: Get (/datum/controller/configuration/proc/Get)
[2018-07-18 14:02:01.333]   source file: configuration.dm,178
[2018-07-18 14:02:01.333]   usr: null
[2018-07-18 14:02:01.333]   src: Configuration (/datum/controller/configuration)
[2018-07-18 14:02:01.333]   call stack:
[2018-07-18 14:02:01.333] Configuration (/datum/controller/configuration): Get(/datum/config_entry/flag/nores... (/datum/config_entry/flag/norespawn))
[2018-07-18 14:02:01.333] /datum/world_topic/status (/datum/world_topic/status): Run(/list (/list))
[2018-07-18 14:02:01.333] /datum/world_topic/status (/datum/world_topic/status): TryRun(/list (/list))
[2018-07-18 14:02:01.333] world: Topic("status", "24.222.35.234", null, null)
[2018-07-18 14:02:01.333] 
[2018-07-18 14:02:01.333] runtime error: bad index
[2018-07-18 14:02:01.333] proc name: Get (/datum/controller/configuration/proc/Get)
[2018-07-18 14:02:01.333]   source file: configuration.dm,178
[2018-07-18 14:02:01.333]   usr: null
[2018-07-18 14:02:01.333]   src: Configuration (/datum/controller/configuration)
[2018-07-18 14:02:01.333]   call stack:
[2018-07-18 14:02:01.333] Configuration (/datum/controller/configuration): Get(/datum/config_entry/flag/allow... (/datum/config_entry/flag/allow_vote_mode))
[2018-07-18 14:02:01.333] /datum/world_topic/status (/datum/world_topic/status): Run(/list (/list))
[2018-07-18 14:02:01.333] /datum/world_topic/status (/datum/world_topic/status): TryRun(/list (/list))
[2018-07-18 14:02:01.333] world: Topic("status", "24.222.35.234", null, null)
[2018-07-18 14:02:01.333] 
[2018-07-18 14:02:01.333] runtime error: bad index
[2018-07-18 14:02:01.333] proc name: Get (/datum/controller/configuration/proc/Get)
[2018-07-18 14:02:01.333]   source file: configuration.dm,178
[2018-07-18 14:02:01.333] 
[2018-07-18 14:02:01.334] runtime error: Cannot read null.commit
[2018-07-18 14:02:01.334] proc name: Run (/datum/world_topic/status/Run)
[2018-07-18 14:02:01.334]   source file: world_topic.dm,151
[2018-07-18 14:02:01.334] 
[2018-07-18 14:02:01.334] runtime error: bad index
[2018-07-18 14:02:01.334] proc name: Get (/datum/controller/configuration/proc/Get)
[2018-07-18 14:02:01.334]   source file: configuration.dm,178
[2018-07-18 14:02:01.334] 
[2018-07-18 14:02:01.334] runtime error: bad index
[2018-07-18 14:02:01.334] proc name: Get (/datum/controller/configuration/proc/Get)
[2018-07-18 14:02:01.334]   source file: configuration.dm,178
[2018-07-18 14:02:01.334] 
[2018-07-18 14:02:01.334] runtime error: bad index
[2018-07-18 14:02:01.334] proc name: Get (/datum/controller/configuration/proc/Get)
[2018-07-18 14:02:01.334]   source file: configuration.dm,178
[2018-07-18 14:02:01.334] 
[2018-07-18 14:02:01.335] runtime error: bad index
[2018-07-18 14:02:01.335] proc name: Get (/datum/controller/configuration/proc/Get)
[2018-07-18 14:02:01.335]   source file: configuration.dm,178
[2018-07-18 14:02:01.335] 
[2018-07-18 14:02:01.335] runtime error: bad index
[2018-07-18 14:02:01.335] proc name: Get (/datum/controller/configuration/proc/Get)
[2018-07-18 14:02:01.335]   source file: configuration.dm,178
[2018-07-18 14:02:01.335] 
[2018-07-18 14:02:01.335] runtime error: Cannot read null.commit
[2018-07-18 14:02:01.335] proc name: Run (/datum/world_topic/status/Run)
[2018-07-18 14:02:01.335]   source file: world_topic.dm,151
[2018-07-18 14:02:01.335] 
[2018-07-18 14:02:01.335] runtime error: bad index
[2018-07-18 14:02:01.335] proc name: Get (/datum/controller/configuration/proc/Get)
[2018-07-18 14:02:01.335]   source file: configuration.dm,178
[2018-07-18 14:02:01.335] 
[2018-07-18 14:02:01.336] runtime error: bad index
[2018-07-18 14:02:01.336] proc name: Get (/datum/controller/configuration/proc/Get)
[2018-07-18 14:02:01.336]   source file: configuration.dm,178
[2018-07-18 14:02:01.336] 
[2018-07-18 14:02:01.336] runtime error: bad index
[2018-07-18 14:02:01.336] proc name: Get (/datum/controller/configuration/proc/Get)
[2018-07-18 14:02:01.336]   source file: configuration.dm,178
[2018-07-18 14:02:01.336] 
[2018-07-18 14:02:01.336] runtime error: bad index
[2018-07-18 14:02:01.336] proc name: Get (/datum/controller/configuration/proc/Get)
[2018-07-18 14:02:01.336]   source file: configuration.dm,178
[2018-07-18 14:02:01.336] 
[2018-07-18 14:02:01.336] runtime error: bad index
[2018-07-18 14:02:01.336] proc name: Get (/datum/controller/configuration/proc/Get)
[2018-07-18 14:02:01.336]   source file: configuration.dm,178
[2018-07-18 14:02:01.336] 
[2018-07-18 14:02:01.336] runtime error: Cannot read null.commit
[2018-07-18 14:02:01.336] proc name: Run (/datum/world_topic/status/Run)
[2018-07-18 14:02:01.336]   source file: world_topic.dm,151
[2018-07-18 14:02:01.336] 
[2018-07-18 14:02:01.337] runtime error: bad index
[2018-07-18 14:02:01.337] proc name: Get (/datum/controller/configuration/proc/Get)
[2018-07-18 14:02:01.337]   source file: configuration.dm,178
[2018-07-18 14:02:01.337] 
[2018-07-18 14:02:01.337] runtime error: bad index
[2018-07-18 14:02:01.337] proc name: Get (/datum/controller/configuration/proc/Get)
[2018-07-18 14:02:01.337]   source file: configuration.dm,178
[2018-07-18 14:02:01.337] 
[2018-07-18 14:02:01.337] runtime error: bad index
[2018-07-18 14:02:01.337] proc name: Get (/datum/controller/configuration/proc/Get)
[2018-07-18 14:02:01.337]   source file: configuration.dm,178
[2018-07-18 14:02:01.337] 
[2018-07-18 14:02:01.337] runtime error: bad index
[2018-07-18 14:02:01.337] proc name: Get (/datum/controller/configuration/proc/Get)
[2018-07-18 14:02:01.337]   source file: configuration.dm,178
[2018-07-18 14:02:01.337] 
[2018-07-18 14:02:01.337] runtime error: bad index
[2018-07-18 14:02:01.337] proc name: Get (/datum/controller/configuration/proc/Get)
[2018-07-18 14:02:01.337]   source file: configuration.dm,178
[2018-07-18 14:02:01.337] 
[2018-07-18 14:02:01.337] runtime error: Cannot read null.commit
[2018-07-18 14:02:01.337] proc name: Run (/datum/world_topic/status/Run)
[2018-07-18 14:02:01.337]   source file: world_topic.dm,151
[2018-07-18 14:02:01.337] 
[2018-07-18 14:02:01.413] Running /tg/ revision:
[2018-07-18 14:02:01.414] 05bfe7ebd766f53a94007df5ca8c0fe666a89d00: 2018-07-15
[2018-07-18 14:02:01.414] runtime error: list index out of bounds
[2018-07-18 14:02:01.414] proc name: New (/datum/getrev/New)
[2018-07-18 14:02:01.414]   source file: getrev.dm,23
[2018-07-18 14:02:01.414] 
[2018-07-18 14:02:01.421] Loading config file config.txt...
[2018-07-18 14:02:01.422] Loading config file game_options.txt...
[2018-07-18 14:02:01.423] Unknown setting in configuration: 'w##'
[2018-07-18 14:02:01.426] Failed to validate setting "DOUBLE_AGENTS 20" for min_pop
[2018-07-18 14:02:01.426] Failed to validate setting "DOUBLE_AGENTS -1" for max_pop
[2018-07-18 14:02:01.430] Loading config file dbconfig.txt...
[2018-07-18 14:02:01.430] Loading config file comms.txt...
[2018-07-18 14:02:01.434] Loading config file maps.txt...
[2018-07-18 14:02:01.593] Database connection established.
[2018-07-18 14:02:01.625] SQL: Could not get schema version from database
