

Starting up round ID 357. 20:24:14
---------------------
[20:37:03]PDA: BABAHUHU/(Fagor) (PDA: PDA) sent "i saw him enter maintenance" to Stanly Law (Station Engineer) (150,32,2)
[20:37:08]PDA: Xahrov/(Stanly Law) (PDA: engineering PDA) sent "Who ?" to Fagor (AI) (103,83,2)
[20:37:12]PDA: BABAHUHU/(Fagor) (PDA: PDA) sent "i didn&#39;t catch" to Stanly Law (Station Engineer) (150,32,2)
[20:37:18]PDA: Xahrov/(Stanly Law) (PDA: engineering PDA) sent "Where ?" to Fagor (AI) (101,74,2)
[20:37:22]PDA: BABAHUHU/(Fagor) (PDA: PDA) sent "nevermind that was you" to Stanly Law (Station Engineer) (150,32,2)
[20:37:38]PDA: Xahrov/(Stanly Law) (PDA: engineering PDA) sent "He had a bandana on his face i think" to Fagor (AI) (122,73,2)
[20:37:50]PDA: Xahrov/(Stanly Law) (PDA: engineering PDA) sent "Look for people with one and tell me their name" to Fagor (AI) (122,73,2)
[20:37:54]PDA: Xahrov/(Stanly Law) (PDA: engineering PDA) sent "Also check suitsensors" to Fagor (AI) (122,73,2)
[20:38:01]PDA: BABAHUHU/(Fagor) (PDA: PDA) sent "how did he get in?" to Stanly Law (Station Engineer) (150,32,2)
[20:38:05]PDA: Xahrov/(Stanly Law) (PDA: engineering PDA) sent "If theryr on off" to Fagor (AI) (122,73,2)
[20:38:12]PDA: Xahrov/(Stanly Law) (PDA: engineering PDA) sent "He cut the wires of the door" to Fagor (AI) (122,73,2)
[20:38:16]PDA: Xahrov/(Stanly Law) (PDA: engineering PDA) sent "I fixed them" to Fagor (AI) (122,73,2)
[20:38:27]PDA: Xahrov/(Stanly Law) (PDA: engineering PDA) sent "Just look for a guy with a face mask or bandana" to Fagor (AI) (122,73,2)
[20:38:37]PDA: BABAHUHU/(Fagor) (PDA: PDA) sent "everyone has their suit sensors at 3 or 4 besides cook" to Stanly Law (Station Engineer) (150,32,2)
[20:38:56]PDA: BABAHUHU/(Fagor) (PDA: PDA) sent "cook is just in his kitchen" to Stanly Law (Station Engineer) (150,32,2)
[20:39:00]PDA: Xahrov/(Stanly Law) (PDA: engineering PDA) sent "Check him for a bandana or face mask" to Fagor (AI) (105,75,2)
[20:39:08]PDA: Xahrov/(Stanly Law) (PDA: engineering PDA) sent "Track them with your cams" to Fagor (AI) (103,73,2)
[20:39:24]PDA: Xahrov/(Stanly Law) (PDA: engineering PDA) sent "And look if they wear a yellow banadana its him" to Fagor (AI) (103,73,2)
[20:39:47]PDA: BABAHUHU/(Fagor) (PDA: PDA) sent "theres a guy with a welding mask outside engineering" to Stanly Law (Station Engineer) (150,32,2)
[20:39:54]PDA: Xahrov/(Stanly Law) (PDA: engineering PDA) sent "Name ?" to Fagor (AI) (125,72,2)
[20:39:55]PDA: BABAHUHU/(Fagor) (PDA: PDA) sent "he looks like he&#39;s cuffed" to Stanly Law (Station Engineer) (150,32,2)
[20:40:01]PDA: BABAHUHU/(Fagor) (PDA: PDA) sent "peter petrograd" to Stanly Law (Station Engineer) (150,32,2)
[20:40:02]PDA: Xahrov/(Stanly Law) (PDA: engineering PDA) sent "Where ?" to Fagor (AI) (122,83,2)
[20:40:16]PDA: BABAHUHU/(Fagor) (PDA: PDA) sent "that&#39;s probably who you&#39;re looking for" to Stanly Law (Station Engineer) (150,32,2)
[20:40:24]PDA: Xahrov/(Stanly Law) (PDA: engineering PDA) sent "Jup" to Fagor (AI) (119,112,2)
[20:40:32]PDA: Xahrov/(Stanly Law) (PDA: engineering PDA) sent "Sec should search him" to Fagor (AI) (122,112,2)
[20:41:05]PDA: BABAHUHU/(Fagor) (PDA: PDA) sent "i set him to arrest for B&amp;E" to Stanly Law (Station Engineer) (150,32,2)
[20:41:18]PDA: Xahrov/(Stanly Law) (PDA: engineering PDA) sent "Good" to Fagor (AI) (145,129,2)
[20:41:44]PDA: BABAHUHU/(Fagor) (PDA: PDA) sent "did you regonize his uniform?" to Stanly Law (Station Engineer) (150,32,2)
[20:41:57]PDA: Xahrov/(Stanly Law) (PDA: engineering PDA) sent "It was him saw him hacking a door" to Fagor (AI) (142,129,2)
[20:42:09]PDA: BABAHUHU/(Fagor) (PDA: PDA) sent "oh" to Stanly Law (Station Engineer) (150,32,2)
[20:42:32]PDA: Xahrov/(Stanly Law) (PDA: engineering PDA) sent "He hacked a door the same way it is in engeniering" to Fagor (AI) (142,129,2)
[20:42:49]PDA: BABAHUHU/(Fagor) (PDA: PDA) sent "there is no security besides captain and HoP" to Stanly Law (Station Engineer) (150,32,2)
[20:42:55]PDA: Xahrov/(Stanly Law) (PDA: engineering PDA) sent "kk" to Fagor (AI) (113,153,2)
[20:43:40]PDA: BABAHUHU/(Fagor) (PDA: PDA) sent "we have no security, and bartender broke into engineering" to Payton Seidner (Captain) (150,32,2)
[20:46:16]PDA: BABAHUHU/(Fagor) (PDA: PDA) sent "can you get power setup?" to Stanly Law (Station Engineer) (150,32,2)
[20:46:38]PDA: Xahrov/(Stanly Law) (PDA: engineering PDA) sent "jup 3of 4 soalrs wired" to Fagor (AI) (98,72,2)
[20:51:55]PDA: Xahrov/(Stanly Law) (PDA: engineering PDA) sent "You should arrest Peter he wont respond to me asking where he got the gloves from" to Fagor (AI) (112,75,2)
[20:52:08]PDA: BABAHUHU/(Fagor) (PDA: PDA) sent "ill set him to arrest again" to Stanly Law (Station Engineer) (150,32,2)
[20:52:16]PDA: BABAHUHU/(Fagor) (PDA: PDA) sent "i tried informing captain but hes not responding" to Stanly Law (Station Engineer) (150,32,2)
[20:52:33]PDA: Xahrov/(Stanly Law) (PDA: engineering PDA) sent "And all vending machines he can acess still have the gloves" to Fagor (AI) (122,76,2)
[20:52:55]PDA: Xahrov/(Stanly Law) (PDA: engineering PDA) sent "Check if his suitsensors are on if not ask him to max them" to Fagor (AI) (122,77,2)
[20:53:24]PDA: BABAHUHU/(Fagor) (PDA: PDA) sent "he is ziptied in the bar" to Stanly Law (Station Engineer) (150,32,2)
[20:53:39]PDA: Xahrov/(Stanly Law) (PDA: engineering PDA) sent "Il go there now" to Fagor (AI) (112,75,2)
[20:53:54]PDA: BABAHUHU/(Fagor) (PDA: PDA) sent "THE LAW is the HoP and he gave himself all access" to Stanly Law (Station Engineer) (150,32,2)
[21:00:10]PDA: Xahrov/(Stanly Law) (PDA: engineering PDA) sent "Ai if you want to and if you can order me a solar crate i can build you a solar power sourrce indipendent from the stations grid" to Fagor (AI) (162,158,2)
[21:01:19]PDA: BABAHUHU/(Fagor) (PDA: PDA) sent "could you wire the power storage unit to station grid?" to Stanly Law (Station Engineer) (150,32,2)
[21:01:32]PDA: Xahrov/(Stanly Law) (PDA: engineering PDA) sent "Form telecoms ?" to Fagor (AI) (107,76,2)
[21:01:41]PDA: Xahrov/(Stanly Law) (PDA: engineering PDA) sent "Or from the planed ai sat solars ?" to Fagor (AI) (107,76,2)
[21:01:41]PDA: BABAHUHU/(Fagor) (PDA: PDA) sent "telecomms is fine" to Stanly Law (Station Engineer) (150,32,2)
[21:01:46]PDA: BABAHUHU/(Fagor) (PDA: PDA) sent "ai sat" to Stanly Law (Station Engineer) (150,32,2)
[21:02:03]PDA: BABAHUHU/(Fagor) (PDA: PDA) sent "hold alt and click a door" to Stanly Law (Station Engineer) (150,32,2)
[21:02:23]PDA: Xahrov/(Stanly Law) (PDA: engineering PDA) sent "well i plan to build a SMES that you can manage so you can adjust in and output of the power" to Fagor (AI) (107,79,2)
[21:02:45]PDA: BABAHUHU/(Fagor) (PDA: PDA) sent "im not able to stamp the request..." to Stanly Law (Station Engineer) (150,32,2)
[21:03:03]PDA: Xahrov/(Stanly Law) (PDA: engineering PDA) sent "Just help me and open the door" to Fagor (AI) (125,70,2)
[21:07:32]PDA: BABAHUHU/(Fagor) (PDA: PDA) sent "THE LAW assaulted captain" to Stanly Law (Station Engineer) (150,32,2)
[21:07:38]PDA: BABAHUHU/(Fagor) (PDA: PDA) sent "THE LAW is hop" to Stanly Law (Station Engineer) (150,32,2)
[21:07:42]PDA: Xahrov/(Stanly Law) (PDA: engineering PDA) sent "I got it" to Fagor (AI) (92,121,2)
[21:08:38]PDA: Xahrov/(Stanly Law) (PDA: engineering PDA) sent "Ok so i have a plan but you will need to let me into the armory" to Fagor (AI) (89,118,2)
[21:08:51]PDA: BABAHUHU/(Fagor) (PDA: PDA) sent "EMP" to Stanly Law (Station Engineer) (150,32,2)
[21:09:37]PDA: BABAHUHU/(Fagor) (PDA: PDA) sent "HoP might be a syndicate" to Stanly Law (Station Engineer) (150,32,2)
[21:09:38]PDA: Xahrov/(Stanly Law) (PDA: engineering PDA) sent "Ai please this is an emergency can you let me get a taser ?" to Fagor (AI) (119,164,2)
[21:09:45]PDA: Xahrov/(Stanly Law) (PDA: engineering PDA) sent "I can taze him" to Fagor (AI) (119,164,2)
[21:10:05]PDA: BABAHUHU/(Fagor) (PDA: PDA) sent "i cant open those directional doors" to Stanly Law (Station Engineer) (150,32,2)
[21:10:29]PDA: Xahrov/(Stanly Law) (PDA: engineering PDA) sent "Ok where are they" to Fagor (AI) (113,162,2)
[21:10:48]PDA: Xahrov/(Stanly Law) (PDA: engineering PDA) sent "Ai i need to know where" to Fagor (AI) (129,128,2)
[21:10:54]PDA: BABAHUHU/(Fagor) (PDA: PDA) sent "ROBOTICS" to Stanly Law (Station Engineer) (150,32,2)
[21:10:58]PDA: BABAHUHU/(Fagor) (PDA: PDA) sent "I SHOCKED THE DOOR" to Stanly Law (Station Engineer) (150,32,2)
[21:11:15]PDA: BABAHUHU/(Fagor) (PDA: PDA) sent "ITS HIM" to Stanly Law (Station Engineer) (150,32,2)
[21:11:52]PDA: Xahrov/(Stanly Law) (PDA: engineering PDA) sent "wheres cap ?" to Fagor (AI) (157,130,2)
[21:11:57]PDA: BABAHUHU/(Fagor) (PDA: PDA) sent "mech" to Stanly Law (Station Engineer) (150,32,2)
[21:12:39]PDA: BABAHUHU/(Fagor) (PDA: PDA) sent "brb" to Stanly Law (Station Engineer) (150,32,2)
[21:15:51]PDA: BABAHUHU/(Fagor) (PDA: PDA) sent "i suggest perma brig for attempting murder" to Payton Seidner (Captain) (150,32,2)
[21:16:24]PDA: BABAHUHU/(Fagor) (PDA: PDA) sent "would you know how to test him for being a changling?" to Stanly Law (Station Engineer) (150,32,2)
[21:16:36]PDA: Xahrov/(Stanly Law) (PDA: engineering PDA) sent "Heat blood ?" to Fagor (AI) (123,169,2)
[21:17:24]PDA: BABAHUHU/(Fagor) (PDA: PDA) sent "tell cap to bandageh im" to Stanly Law (Station Engineer) (150,32,2)
[21:17:31]PDA: Xahrov/(Stanly Law) (PDA: engineering PDA) sent "ok" to Fagor (AI) (104,170,2)
[21:18:35]PDA: BABAHUHU/(Fagor) (PDA: PDA) sent "captain seems incompetent" to Stanly Law (Station Engineer) (150,32,2)
[21:26:54]PDA: Xahrov/(Stanly Law) (PDA: engineering PDA) sent "Telecoms off" to Fagor (AI) (113,92,2)
[21:27:14]PDA: BABAHUHU/(Fagor) (PDA: PDA) sent "why?" to Stanly Law (Station Engineer) (150,32,2)
[21:46:24]PDA: BABAHUHU/(Fagor) (PDA: PDA) sent "can you take the corpses into morgue?" to Samantha Warren (Medical Doctor) (150,32,2)
[21:46:35]PDA: Jane123/(Samantha Warren) (PDA: medical PDA) sent "ok" to Fagor (AI) (154,114,2)
[21:46:49]PDA: Jane123/(Samantha Warren) (PDA: medical PDA) sent "but ima let turn the tide take the stuff first" to Fagor (AI) (154,114,2)
[21:46:56]PDA: Jane123/(Samantha Warren) (PDA: medical PDA) sent "hes over 80%" to Fagor (AI) (154,114,2)
[21:47:01]PDA: BABAHUHU/(Fagor) (PDA: PDA) sent "ok" to Samantha Warren (Medical Doctor) (150,32,2)
[21:48:06]PDA: BABAHUHU/(Fagor) (PDA: PDA) sent "are you able to activate autoprocess?" to Samantha Warren (Medical Doctor) (150,32,2)
[21:48:14]PDA: Jane123/(Samantha Warren) (PDA: medical PDA) sent "what is that?" to Fagor (AI) (153,114,2)
[21:50:59]PDA: AsciiSquid/(Turns-theTides) (PDA: botanist PDA) sent "I can&#39;t seem to speak" to Samantha Warren (Medical Doctor) (146,114,2)
[21:51:12]PDA: Jane123/(Samantha Warren) (PDA: medical PDA) sent "you got cloned you need to get healed first" to Turns-theTides (Botanist) (145,114,2)
[22:03:44]PDA: Jane123/(Samantha Warren) (PDA: medical PDA) sent "where are you" to Turns-theTides (Botanist) (151,129,2)
[22:03:54]PDA: AsciiSquid/(Turns-theTides) (PDA: botanist PDA) sent "Bar" to Samantha Warren (Medical Doctor) (134,132,2)
[22:04:02]PDA: Jane123/(Samantha Warren) (PDA: medical PDA) sent "cryo ready if you need it" to Turns-theTides (Botanist) (154,118,2)
[22:04:27]PDA: AsciiSquid/(Turns-theTides) (PDA: botanist PDA) sent "Are you sure it will fix my voice?" to Samantha Warren (Medical Doctor) (140,117,2)
[22:52:55]PDA: MonkeyMan901/(Most Likely To Be Lynched) (PDA: mime PDA) sent "You still alive?" to Maxwell Ackerley (Shaft Miner) (50,132,2)
[22:58:10]PDA: aira23445/(Evelina Shupe) (PDA: shaft miner PDA) sent "can you   go to lavaland i need go back" to Kayla Moore (Quartermaster) (61,36,5)
[22:58:27]PDA: aira23445/(Evelina Shupe) (PDA: shaft miner PDA) sent "can you go to lavaland to save me?" to Kayla Moore (Quartermaster) (61,36,5)
[23:00:44]PDA: aira23445/(Evelina Shupe) (PDA: shaft miner PDA) sent "hello^?" to Fagor (AI) (60,35,5)
