[2018-07-18 00:14:23.179] Starting up round ID 1609.
[2018-07-18 00:14:23.179] -------------------------
[2018-07-18 00:18:41.789] supersunfish \ Ron Millens \ Janitor \ traitor \ ROUNDSTART
[2018-07-18 00:18:42.348] justanormalhooman \ Friend-bot \ Cyborg \ NONE \ ROUNDSTART
[2018-07-18 00:18:42.348] asciisquid \ Holds-The-Fort \ Scientist \ NONE \ ROUNDSTART
[2018-07-18 00:18:42.712] seamelonus \ Timothy Wells \ Medical Doctor \ NONE \ ROUNDSTART
[2018-07-18 00:18:42.973] mynameajeff \ Alec Costello \ Chaplain \ NONE \ ROUNDSTART
[2018-07-18 00:18:43.154] corpsecandle \ Mike Brindle \ Roboticist \ NONE \ ROUNDSTART
[2018-07-18 00:18:43.343] azlanonpc \ Jetra Norlan \ Shaft Miner \ NONE \ ROUNDSTART
[2018-07-18 00:18:43.619] mrcheese1 \ Benny Tequila \ Botanist \ NONE \ ROUNDSTART
[2018-07-18 00:18:43.951] catmanpop \ Yokai \ AI \ NONE \ ROUNDSTART
[2018-07-18 00:18:43.951] braincrab \ Keziah Cherry \ Head of Security \ NONE \ ROUNDSTART
[2018-07-18 00:18:49.778] PapaPutin \ Papa Craunch \ Captain \ NONE \ LATEJOIN
[2018-07-18 00:21:01.630] Brightsyde \ Harmony Murray \ Security Officer \ NONE \ LATEJOIN
[2018-07-18 00:22:31.570] Greebman \ BLAQ CHAD \ Assistant \ NONE \ LATEJOIN
[2018-07-18 00:22:36.921] catmanpop \ Ahri Konpaku \ Assistant \ NONE \ LATEJOIN
[2018-07-18 00:24:09.152] BuckyBoy \ Beau Richards \ Shaft Miner \ NONE \ LATEJOIN
[2018-07-18 00:44:24.124] Re1Taz \ Jack Gray \ Warden \ NONE \ LATEJOIN
[2018-07-18 00:56:59.532] FancyShrew \ Keith Heckendora \ Assistant \ NONE \ LATEJOIN
[2018-07-18 00:58:59.555] Charmington0 \ Buster Frown \ Clown \ NONE \ LATEJOIN
[2018-07-18 01:16:55.365] Lorenzo Heinz \ John Guilliman \ Assistant \ NONE \ LATEJOIN
[2018-07-18 01:24:09.495] Jesslynbrooke \ Jess Jenkers \ Chemist \ NONE \ LATEJOIN
