[2018-07-14 07:36:18.848] Starting up round ID 1544.
[2018-07-14 07:36:18.848] -------------------------
[2018-07-14 07:36:19.910] Initialized Database subsystem within 0 seconds!
[2018-07-14 07:36:19.910] Initialized Blackbox subsystem within 0 seconds!
[2018-07-14 07:36:19.910] Initialized Server Tasks subsystem within 0 seconds!
[2018-07-14 07:36:19.911] Initialized Input subsystem within 0 seconds!
[2018-07-14 07:36:19.956] Initialized Research subsystem within 0 seconds!
[2018-07-14 07:36:19.960] Initialized Events subsystem within 0 seconds!
[2018-07-14 07:36:19.965] Initialized Jobs subsystem within 0 seconds!
[2018-07-14 07:36:19.965] Initialized Quirks subsystem within 0 seconds!
[2018-07-14 07:36:19.975] Initialized Ticker subsystem within 0 seconds!
[2018-07-14 07:36:19.975] Loading Box Station...
[2018-07-14 07:36:25.350] Loaded Station in 5.4s!
[2018-07-14 07:36:31.108] Loaded Lavaland in 5.2s!
[2018-07-14 07:36:36.322] Ruin loader finished with 0 left to spend.
[2018-07-14 07:36:38.334] Ruin loader finished with 0 left to spend.
[2018-07-14 07:36:48.985] Initialized Mapping subsystem within 29 seconds!
[2018-07-14 07:36:48.987] Initialized Networks subsystem within 0 seconds!
[2018-07-14 07:37:35.948] Initialized Atoms subsystem within 47 seconds!
[2018-07-14 07:37:35.963] Initialized Language subsystem within 0 seconds!
[2018-07-14 07:37:36.324] Initialized Machines subsystem within 0.4 seconds!
[2018-07-14 07:37:36.388] Initialized Circuit subsystem within 0 seconds!
[2018-07-14 07:37:36.389] Initialized Disease subsystem within 0 seconds!
[2018-07-14 07:37:36.389] Initialized Medals subsystem within 0 seconds!
[2018-07-14 07:37:36.389] Initialized Night Shift subsystem within 0 seconds!
[2018-07-14 07:37:36.389] Initialized Parallax subsystem within 0 seconds!
[2018-07-14 07:37:36.516] Initialized Traumas subsystem within 0.2 seconds!
[2018-07-14 07:37:36.517] Initialized Weather subsystem within 0 seconds!
[2018-07-14 07:39:05.933] ## WARNING: There are 1 active turfs at roundstart, this is a mapping error caused by a difference of the air between the adjacent turfs. You can see its coordinates using "Mapping -> Show roundstart AT list" verb (debug verbs required)
[2018-07-14 07:39:05.938] ## WARNING: HEY! LISTEN! 0 seconds were wasted processing 1 turf(s) (connected to 2 other turfs) with atmos differences at round start.
[2018-07-14 07:39:06.430] Initialized Atmospherics subsystem within 89.9 seconds!
[2018-07-14 07:39:06.445] Initialized Minimap subsystem within 0 seconds!
[2018-07-14 07:39:08.474] Initialized Assets subsystem within 2 seconds!
[2018-07-14 07:39:15.617] Initialized Icon Smoothing subsystem within 6.5 seconds!
[2018-07-14 07:39:16.879] Initialized Overlay subsystem within 1.2 seconds!
[2018-07-14 07:39:16.879] Initialized XKeyScore subsystem within 0 seconds!
[2018-07-14 07:39:16.885] Initialized Sticky Ban subsystem within 0 seconds!
[2018-07-14 07:39:30.056] Initialized Lighting subsystem within 13.2 seconds!
[2018-07-14 07:39:34.081] Initialized Shuttle subsystem within 4 seconds!
[2018-07-14 07:39:34.114] Initialized Squeak subsystem within 0.1 seconds!
[2018-07-14 07:39:34.115] Initialized Pathfinder subsystem within 0 seconds!
[2018-07-14 07:39:34.164] Loaded 8 engraved messages on map Box Station
[2018-07-14 07:39:34.177] Initialized Persistence subsystem within 0 seconds!
[2018-07-14 07:39:34.178] Initializations complete within 194.2 seconds!
[2018-07-14 08:49:57.809] Game start took 0.9s
[2018-07-14 11:43:44.571] [2018-07-14 11:43:34] Client: BigPenorBoi triggered JS error: Error: The URI to be decoded is not a valid encoding | url: http://127.0.0.1:50173/tmp14316/browserOutput.js | line: 161 | column: 2 | error: URIError: The URI to be decoded is not a valid encoding | user agent: Mozilla/4.0 (compatible; MSIE 7.0; Windows NT 6.2; WOW64; Trident/7.0; .NET4.0C; .NET4.0E; .NET CLR 2.0.50727; .NET CLR 3.0.30729; .NET CLR 3.5.30729)
[2018-07-14 11:43:44.592] [2018-07-14 11:43:34] Client: Kelesis triggered JS error: Error: The URI to be decoded is not a valid encoding | url: http://127.0.0.1:49228/tmp4528/browserOutput.js | line: 161 | column: 2 | error: URIError: The URI to be decoded is not a valid encoding | user agent: Mozilla/4.0 (compatible; MSIE 7.0; Windows NT 6.1; WOW64; Trident/7.0; SLCC2; .NET CLR 2.0.50727; .NET CLR 3.5.30729; .NET CLR 3.0.30729; Media Center PC 6.0; HPDTDF; .NET4.0C; .NET CLR 1.1.4322; .NET4.0E; GWX:DOWNLOADED)
[2018-07-14 11:43:44.592] [2018-07-14 11:43:34] Client: Bilary triggered JS error: Error: Der zu entschlüsselnde URI hat keine gültige Verschlüsselung. | url: http://127.0.0.1:50694/tmp4684/browserOutput.js | line: 161 | column: 2 | error: URIError: Der zu entschlüsselnde URI hat keine gültige Verschlüsselung. | user agent: Mozilla/4.0 (compatible; MSIE 7.0; Windows NT 6.2; WOW64; Trident/7.0; .NET4.0C; .NET4.0E; .NET CLR 2.0.50727; .NET CLR 3.0.30729; .NET CLR 3.5.30729; LCTE)
[2018-07-14 11:43:44.596] [2018-07-14 11:43:34] Client: AstronautCat triggered JS error: Error: The URI to be decoded is not a valid encoding | url: http://127.0.0.1:58668/tmp2320/browserOutput.js | line: 161 | column: 2 | error: URIError: The URI to be decoded is not a valid encoding | user agent: Mozilla/4.0 (compatible; MSIE 7.0; Windows NT 6.2; WOW64; Trident/7.0; .NET4.0C; .NET4.0E; .NET CLR 2.0.50727; .NET CLR 3.0.30729; .NET CLR 3.5.30729; InfoPath.3)
[2018-07-14 11:43:44.698] [2018-07-14 11:43:34] Client: AstronautCat triggered JS error: Error: The URI to be decoded is not a valid encoding | url: http://127.0.0.1:58668/tmp2320/browserOutput.js | line: 161 | column: 2 | error: URIError: The URI to be decoded is not a valid encoding | user agent: Mozilla/4.0 (compatible; MSIE 7.0; Windows NT 6.2; WOW64; Trident/7.0; .NET4.0C; .NET4.0E; .NET CLR 2.0.50727; .NET CLR 3.0.30729; .NET CLR 3.5.30729; InfoPath.3)
[2018-07-14 13:10:34.021] runtime error: Cannot execute null.archive().
[2018-07-14 13:10:34.021] proc name: archive (/turf/open/archive)
[2018-07-14 13:10:34.021]   source file: LINDA_turf_tile.dm,91
[2018-07-14 13:10:34.021]   usr: null
[2018-07-14 13:10:34.021]   src: the floor (88,211,1) (/turf/open/floor/plasteel/darkgreen/side)
[2018-07-14 13:10:34.021]   call stack:
[2018-07-14 13:10:34.021] the floor (88,211,1) (/turf/open/floor/plasteel/darkgreen/side): archive()
[2018-07-14 13:10:34.021] the floor (88,210,1) (/turf/open/floor/plasteel/darkgreen/side): process cell(31073)
[2018-07-14 13:10:34.021] Atmospherics (/datum/controller/subsystem/air): process active turfs(1)
[2018-07-14 13:10:34.021] Atmospherics (/datum/controller/subsystem/air): fire(1)
[2018-07-14 13:10:34.021] Atmospherics (/datum/controller/subsystem/air): ignite(1)
[2018-07-14 13:10:34.021] Master (/datum/controller/master): RunQueue()
[2018-07-14 13:10:34.021] Master (/datum/controller/master): Loop()
[2018-07-14 13:10:34.021] Master (/datum/controller/master): StartProcessing(0)
[2018-07-14 13:10:34.021] 
[2018-07-14 13:10:34.022] runtime error: Cannot read null.gases
[2018-07-14 13:10:34.022] proc name: compare (/datum/gas_mixture/compare)
[2018-07-14 13:10:34.022]   source file: gas_mixture.dm,384
[2018-07-14 13:10:34.022]   usr: null
[2018-07-14 13:10:34.022]   src: /datum/gas_mixture/turf (/datum/gas_mixture/turf)
[2018-07-14 13:10:34.022]   call stack:
[2018-07-14 13:10:34.022] /datum/gas_mixture/turf (/datum/gas_mixture/turf): compare(null)
[2018-07-14 13:10:34.022] the floor (88,210,1) (/turf/open/floor/plasteel/darkgreen/side): process cell(31073)
[2018-07-14 13:10:34.022] Atmospherics (/datum/controller/subsystem/air): process active turfs(1)
[2018-07-14 13:10:34.022] Atmospherics (/datum/controller/subsystem/air): fire(1)
[2018-07-14 13:10:34.022] Atmospherics (/datum/controller/subsystem/air): ignite(1)
[2018-07-14 13:10:34.022] Master (/datum/controller/master): RunQueue()
[2018-07-14 13:10:34.022] Master (/datum/controller/master): Loop()
[2018-07-14 13:10:34.022] Master (/datum/controller/master): StartProcessing(0)
[2018-07-14 13:10:34.022] 
[2018-07-14 13:10:34.022] runtime error: Cannot execute null.archive().
[2018-07-14 13:10:34.022] proc name: archive (/turf/open/archive)
[2018-07-14 13:10:34.022]   source file: LINDA_turf_tile.dm,91
[2018-07-14 13:10:34.023]   usr: null
[2018-07-14 13:10:34.023]   src: the floor (87,211,1) (/turf/open/floor/plasteel/darkgreen/side)
[2018-07-14 13:10:34.023]   call stack:
[2018-07-14 13:10:34.023] the floor (87,211,1) (/turf/open/floor/plasteel/darkgreen/side): archive()
[2018-07-14 13:10:34.023] the floor (87,210,1) (/turf/open/floor/plasteel/darkgreen/corner): process cell(31073)
[2018-07-14 13:10:34.023] Atmospherics (/datum/controller/subsystem/air): process active turfs(1)
[2018-07-14 13:10:34.023] Atmospherics (/datum/controller/subsystem/air): fire(1)
[2018-07-14 13:10:34.023] Atmospherics (/datum/controller/subsystem/air): ignite(1)
[2018-07-14 13:10:34.023] Master (/datum/controller/master): RunQueue()
[2018-07-14 13:10:34.023] Master (/datum/controller/master): Loop()
[2018-07-14 13:10:34.023] Master (/datum/controller/master): StartProcessing(0)
[2018-07-14 13:10:34.023] 
[2018-07-14 13:10:34.023] runtime error: Cannot read null.gases
[2018-07-14 13:10:34.023] proc name: compare (/datum/gas_mixture/compare)
[2018-07-14 13:10:34.023]   source file: gas_mixture.dm,384
[2018-07-14 13:10:34.023]   usr: null
[2018-07-14 13:10:34.023]   src: /datum/gas_mixture/turf (/datum/gas_mixture/turf)
[2018-07-14 13:10:34.023]   call stack:
[2018-07-14 13:10:34.023] /datum/gas_mixture/turf (/datum/gas_mixture/turf): compare(null)
[2018-07-14 13:10:34.023] the floor (87,210,1) (/turf/open/floor/plasteel/darkgreen/corner): process cell(31073)
[2018-07-14 13:10:34.023] Atmospherics (/datum/controller/subsystem/air): process active turfs(1)
[2018-07-14 13:10:34.023] Atmospherics (/datum/controller/subsystem/air): fire(1)
[2018-07-14 13:10:34.023] Atmospherics (/datum/controller/subsystem/air): ignite(1)
[2018-07-14 13:10:34.023] Master (/datum/controller/master): RunQueue()
[2018-07-14 13:10:34.023] Master (/datum/controller/master): Loop()
[2018-07-14 13:10:34.023] Master (/datum/controller/master): StartProcessing(0)
[2018-07-14 13:10:34.023] 
[2018-07-14 13:10:34.024] runtime error: Cannot execute null.archive().
[2018-07-14 13:10:34.024] proc name: archive (/turf/open/archive)
[2018-07-14 13:10:34.024]   source file: LINDA_turf_tile.dm,91
[2018-07-14 13:10:34.024]   usr: null
[2018-07-14 13:10:34.024]   src: the floor (85,211,1) (/turf/open/floor/plasteel/darkgreen/side)
[2018-07-14 13:10:34.024]   call stack:
[2018-07-14 13:10:34.024] the floor (85,211,1) (/turf/open/floor/plasteel/darkgreen/side): archive()
[2018-07-14 13:10:34.024] the floor (85,210,1) (/turf/open/floor/plasteel/darkgreen/corner): process cell(31073)
[2018-07-14 13:10:34.024] Atmospherics (/datum/controller/subsystem/air): process active turfs(1)
[2018-07-14 13:10:34.024] Atmospherics (/datum/controller/subsystem/air): fire(1)
[2018-07-14 13:10:34.024] Atmospherics (/datum/controller/subsystem/air): ignite(1)
[2018-07-14 13:10:34.024] Master (/datum/controller/master): RunQueue()
[2018-07-14 13:10:34.024] Master (/datum/controller/master): Loop()
[2018-07-14 13:10:34.024] Master (/datum/controller/master): StartProcessing(0)
[2018-07-14 13:10:34.024] 
[2018-07-14 13:10:34.024] runtime error: Cannot read null.gases
[2018-07-14 13:10:34.024] proc name: compare (/datum/gas_mixture/compare)
[2018-07-14 13:10:34.024]   source file: gas_mixture.dm,384
[2018-07-14 13:10:34.024]   usr: null
[2018-07-14 13:10:34.024]   src: /datum/gas_mixture/turf (/datum/gas_mixture/turf)
[2018-07-14 13:10:34.024]   call stack:
[2018-07-14 13:10:34.024] /datum/gas_mixture/turf (/datum/gas_mixture/turf): compare(null)
[2018-07-14 13:10:34.024] the floor (85,210,1) (/turf/open/floor/plasteel/darkgreen/corner): process cell(31073)
[2018-07-14 13:10:34.024] Atmospherics (/datum/controller/subsystem/air): process active turfs(1)
[2018-07-14 13:10:34.024] Atmospherics (/datum/controller/subsystem/air): fire(1)
[2018-07-14 13:10:34.024] Atmospherics (/datum/controller/subsystem/air): ignite(1)
[2018-07-14 13:10:34.024] Master (/datum/controller/master): RunQueue()
[2018-07-14 13:10:34.024] Master (/datum/controller/master): Loop()
[2018-07-14 13:10:34.024] Master (/datum/controller/master): StartProcessing(0)
[2018-07-14 13:10:34.024] 
[2018-07-14 13:10:34.025] runtime error: Cannot execute null.archive().
[2018-07-14 13:10:34.025] proc name: archive (/turf/open/archive)
[2018-07-14 13:10:34.025]   source file: LINDA_turf_tile.dm,91
[2018-07-14 13:10:34.025]   usr: null
[2018-07-14 13:10:34.025]   src: the floor (84,211,1) (/turf/open/floor/plasteel/darkgreen/corner)
[2018-07-14 13:10:34.025]   call stack:
[2018-07-14 13:10:34.025] the floor (84,211,1) (/turf/open/floor/plasteel/darkgreen/corner): archive()
[2018-07-14 13:10:34.025] the floor (84,210,1) (/turf/open/floor/plasteel/dark): process cell(31073)
[2018-07-14 13:10:34.025] Atmospherics (/datum/controller/subsystem/air): process active turfs(1)
[2018-07-14 13:10:34.025] Atmospherics (/datum/controller/subsystem/air): fire(1)
[2018-07-14 13:10:34.025] Atmospherics (/datum/controller/subsystem/air): ignite(1)
[2018-07-14 13:10:34.025] Master (/datum/controller/master): RunQueue()
[2018-07-14 13:10:34.025] Master (/datum/controller/master): Loop()
[2018-07-14 13:10:34.025] Master (/datum/controller/master): StartProcessing(0)
[2018-07-14 13:10:34.025] 
[2018-07-14 13:10:34.025] runtime error: Cannot read null.gases
[2018-07-14 13:10:34.025] proc name: compare (/datum/gas_mixture/compare)
[2018-07-14 13:10:34.025]   source file: gas_mixture.dm,384
[2018-07-14 13:10:34.025]   usr: null
[2018-07-14 13:10:34.025]   src: /datum/gas_mixture/turf (/datum/gas_mixture/turf)
[2018-07-14 13:10:34.025]   call stack:
[2018-07-14 13:10:34.025] /datum/gas_mixture/turf (/datum/gas_mixture/turf): compare(null)
[2018-07-14 13:10:34.025] the floor (84,210,1) (/turf/open/floor/plasteel/dark): process cell(31073)
[2018-07-14 13:10:34.025] Atmospherics (/datum/controller/subsystem/air): process active turfs(1)
[2018-07-14 13:10:34.025] Atmospherics (/datum/controller/subsystem/air): fire(1)
[2018-07-14 13:10:34.025] Atmospherics (/datum/controller/subsystem/air): ignite(1)
[2018-07-14 13:10:34.025] Master (/datum/controller/master): RunQueue()
[2018-07-14 13:10:34.025] Master (/datum/controller/master): Loop()
[2018-07-14 13:10:34.025] Master (/datum/controller/master): StartProcessing(0)
[2018-07-14 13:10:34.025] 
[2018-07-14 13:10:34.026] runtime error: Cannot execute null.archive().
[2018-07-14 13:10:34.026] proc name: archive (/turf/open/archive)
[2018-07-14 13:10:34.026]   source file: LINDA_turf_tile.dm,91
[2018-07-14 13:10:34.026]   usr: null
[2018-07-14 13:10:34.026]   src: the floor (83,211,1) (/turf/open/floor/plasteel/darkgreen/side)
[2018-07-14 13:10:34.026]   call stack:
[2018-07-14 13:10:34.026] the floor (83,211,1) (/turf/open/floor/plasteel/darkgreen/side): archive()
[2018-07-14 13:10:34.026] the floor (83,210,1) (/turf/open/floor/plasteel/dark): process cell(31073)
[2018-07-14 13:10:34.026] Atmospherics (/datum/controller/subsystem/air): process active turfs(1)
[2018-07-14 13:10:34.026] Atmospherics (/datum/controller/subsystem/air): fire(1)
[2018-07-14 13:10:34.026] Atmospherics (/datum/controller/subsystem/air): ignite(1)
[2018-07-14 13:10:34.026] Master (/datum/controller/master): RunQueue()
[2018-07-14 13:10:34.026] Master (/datum/controller/master): Loop()
[2018-07-14 13:10:34.026] Master (/datum/controller/master): StartProcessing(0)
[2018-07-14 13:10:34.026] 
[2018-07-14 13:10:34.026] runtime error: Cannot read null.gases
[2018-07-14 13:10:34.027] proc name: compare (/datum/gas_mixture/compare)
[2018-07-14 13:10:34.027]   source file: gas_mixture.dm,384
[2018-07-14 13:10:34.027]   usr: null
[2018-07-14 13:10:34.027]   src: /datum/gas_mixture/turf (/datum/gas_mixture/turf)
[2018-07-14 13:10:34.027]   call stack:
[2018-07-14 13:10:34.027] /datum/gas_mixture/turf (/datum/gas_mixture/turf): compare(null)
[2018-07-14 13:10:34.027] the floor (83,210,1) (/turf/open/floor/plasteel/dark): process cell(31073)
[2018-07-14 13:10:34.027] Atmospherics (/datum/controller/subsystem/air): process active turfs(1)
[2018-07-14 13:10:34.027] Atmospherics (/datum/controller/subsystem/air): fire(1)
[2018-07-14 13:10:34.027] Atmospherics (/datum/controller/subsystem/air): ignite(1)
[2018-07-14 13:10:34.027] Master (/datum/controller/master): RunQueue()
[2018-07-14 13:10:34.027] Master (/datum/controller/master): Loop()
[2018-07-14 13:10:34.027] Master (/datum/controller/master): StartProcessing(0)
[2018-07-14 13:10:34.027] 
[2018-07-14 13:10:34.027] runtime error: Cannot execute null.archive().
[2018-07-14 13:10:34.027] proc name: archive (/turf/open/archive)
[2018-07-14 13:10:34.027]   source file: LINDA_turf_tile.dm,91
[2018-07-14 13:10:34.027]   usr: null
[2018-07-14 13:10:34.027]   src: the floor (82,211,1) (/turf/open/floor/plasteel/darkgreen/side)
[2018-07-14 13:10:34.027]   call stack:
[2018-07-14 13:10:34.027] the floor (82,211,1) (/turf/open/floor/plasteel/darkgreen/side): archive()
[2018-07-14 13:10:34.027] the floor (82,210,1) (/turf/open/floor/plasteel/dark): process cell(31073)
[2018-07-14 13:10:34.027] Atmospherics (/datum/controller/subsystem/air): process active turfs(1)
[2018-07-14 13:10:34.027] Atmospherics (/datum/controller/subsystem/air): fire(1)
[2018-07-14 13:10:34.027] Atmospherics (/datum/controller/subsystem/air): ignite(1)
[2018-07-14 13:10:34.027] Master (/datum/controller/master): RunQueue()
[2018-07-14 13:10:34.027] Master (/datum/controller/master): Loop()
[2018-07-14 13:10:34.027] Master (/datum/controller/master): StartProcessing(0)
[2018-07-14 13:10:34.027] 
[2018-07-14 13:10:34.028] runtime error: Cannot read null.gases
[2018-07-14 13:10:34.028] proc name: compare (/datum/gas_mixture/compare)
[2018-07-14 13:10:34.028]   source file: gas_mixture.dm,384
[2018-07-14 13:10:34.028]   usr: null
[2018-07-14 13:10:34.028]   src: /datum/gas_mixture/turf (/datum/gas_mixture/turf)
[2018-07-14 13:10:34.028]   call stack:
[2018-07-14 13:10:34.028] /datum/gas_mixture/turf (/datum/gas_mixture/turf): compare(null)
[2018-07-14 13:10:34.028] the floor (82,210,1) (/turf/open/floor/plasteel/dark): process cell(31073)
[2018-07-14 13:10:34.028] Atmospherics (/datum/controller/subsystem/air): process active turfs(1)
[2018-07-14 13:10:34.028] Atmospherics (/datum/controller/subsystem/air): fire(1)
[2018-07-14 13:10:34.028] Atmospherics (/datum/controller/subsystem/air): ignite(1)
[2018-07-14 13:10:34.028] Master (/datum/controller/master): RunQueue()
[2018-07-14 13:10:34.028] Master (/datum/controller/master): Loop()
[2018-07-14 13:10:34.028] Master (/datum/controller/master): StartProcessing(0)
[2018-07-14 13:10:34.028] 
[2018-07-14 13:10:34.029] runtime error: Cannot execute null.archive().
[2018-07-14 13:10:34.029] proc name: archive (/turf/open/archive)
[2018-07-14 13:10:34.029]   source file: LINDA_turf_tile.dm,91
[2018-07-14 13:10:34.029]   usr: null
[2018-07-14 13:10:34.029]   src: the floor (81,211,1) (/turf/open/floor/plasteel/darkgreen/side)
[2018-07-14 13:10:34.029]   call stack:
[2018-07-14 13:10:34.029] the floor (81,211,1) (/turf/open/floor/plasteel/darkgreen/side): archive()
[2018-07-14 13:10:34.029] the floor (81,210,1) (/turf/open/floor/plasteel/darkgreen/side): process cell(31073)
[2018-07-14 13:10:34.029] Atmospherics (/datum/controller/subsystem/air): process active turfs(1)
[2018-07-14 13:10:34.029] Atmospherics (/datum/controller/subsystem/air): fire(1)
[2018-07-14 13:10:34.029] Atmospherics (/datum/controller/subsystem/air): ignite(1)
[2018-07-14 13:10:34.029] Master (/datum/controller/master): RunQueue()
[2018-07-14 13:10:34.029] Master (/datum/controller/master): Loop()
[2018-07-14 13:10:34.029] Master (/datum/controller/master): StartProcessing(0)
[2018-07-14 13:10:34.029] 
[2018-07-14 13:10:34.030] runtime error: Cannot read null.gases
[2018-07-14 13:10:34.030] proc name: compare (/datum/gas_mixture/compare)
[2018-07-14 13:10:34.030]   source file: gas_mixture.dm,384
[2018-07-14 13:10:34.030]   usr: null
[2018-07-14 13:10:34.030]   src: /datum/gas_mixture/turf (/datum/gas_mixture/turf)
[2018-07-14 13:10:34.030]   call stack:
[2018-07-14 13:10:34.030] /datum/gas_mixture/turf (/datum/gas_mixture/turf): compare(null)
[2018-07-14 13:10:34.030] the floor (81,210,1) (/turf/open/floor/plasteel/darkgreen/side): process cell(31073)
[2018-07-14 13:10:34.030] Atmospherics (/datum/controller/subsystem/air): process active turfs(1)
[2018-07-14 13:10:34.030] Atmospherics (/datum/controller/subsystem/air): fire(1)
[2018-07-14 13:10:34.030] Atmospherics (/datum/controller/subsystem/air): ignite(1)
[2018-07-14 13:10:34.030] Master (/datum/controller/master): RunQueue()
[2018-07-14 13:10:34.030] Master (/datum/controller/master): Loop()
[2018-07-14 13:10:34.030] Master (/datum/controller/master): StartProcessing(0)
[2018-07-14 13:10:34.030] 
[2018-07-14 13:10:35.450] runtime error: Cannot execute null.archive().
[2018-07-14 13:10:35.450] proc name: archive (/turf/open/archive)
[2018-07-14 13:10:35.450]   source file: LINDA_turf_tile.dm,91
[2018-07-14 13:10:35.450]   usr: null
[2018-07-14 13:10:35.450]   src: the plating (86,216,1) (/turf/open/floor/plating)
[2018-07-14 13:10:35.450]   call stack:
[2018-07-14 13:10:35.450] the plating (86,216,1) (/turf/open/floor/plating): archive()
[2018-07-14 13:10:35.450] space (87,216,1) (/turf/open/space): process cell(31075)
[2018-07-14 13:10:35.450] Atmospherics (/datum/controller/subsystem/air): process active turfs(0)
[2018-07-14 13:10:35.450] Atmospherics (/datum/controller/subsystem/air): fire(0)
[2018-07-14 13:10:35.450] Atmospherics (/datum/controller/subsystem/air): ignite(1)
[2018-07-14 13:10:35.450] Master (/datum/controller/master): RunQueue()
[2018-07-14 13:10:35.450] Master (/datum/controller/master): Loop()
[2018-07-14 13:10:35.450] Master (/datum/controller/master): StartProcessing(0)
[2018-07-14 13:10:35.450] 
[2018-07-14 13:10:35.451] runtime error: Cannot read null.gases
[2018-07-14 13:10:35.451] proc name: compare (/datum/gas_mixture/compare)
[2018-07-14 13:10:35.451]   source file: gas_mixture.dm,384
[2018-07-14 13:10:35.451]   usr: null
[2018-07-14 13:10:35.451]   src: /datum/gas_mixture/immutable/s... (/datum/gas_mixture/immutable/space)
[2018-07-14 13:10:35.451]   call stack:
[2018-07-14 13:10:35.451] /datum/gas_mixture/immutable/s... (/datum/gas_mixture/immutable/space): compare(null)
[2018-07-14 13:10:35.451] space (87,216,1) (/turf/open/space): process cell(31075)
[2018-07-14 13:10:35.451] Atmospherics (/datum/controller/subsystem/air): process active turfs(0)
[2018-07-14 13:10:35.451] Atmospherics (/datum/controller/subsystem/air): fire(0)
[2018-07-14 13:10:35.451] Atmospherics (/datum/controller/subsystem/air): ignite(1)
[2018-07-14 13:10:35.451] Master (/datum/controller/master): RunQueue()
[2018-07-14 13:10:35.451] Master (/datum/controller/master): Loop()
[2018-07-14 13:10:35.451] Master (/datum/controller/master): StartProcessing(0)
[2018-07-14 13:10:35.451] 
[2018-07-14 13:10:35.451] runtime error: Cannot execute null.archive().
[2018-07-14 13:10:35.451] proc name: archive (/turf/open/archive)
[2018-07-14 13:10:35.451]   source file: LINDA_turf_tile.dm,91
[2018-07-14 13:10:35.451]   usr: null
[2018-07-14 13:10:35.451]   src: the plating (86,217,1) (/turf/open/floor/plating)
[2018-07-14 13:10:35.451]   call stack:
[2018-07-14 13:10:35.451] the plating (86,217,1) (/turf/open/floor/plating): archive()
[2018-07-14 13:10:35.451] space (87,217,1) (/turf/open/space): process cell(31075)
[2018-07-14 13:10:35.451] Atmospherics (/datum/controller/subsystem/air): process active turfs(0)
[2018-07-14 13:10:35.451] Atmospherics (/datum/controller/subsystem/air): fire(0)
[2018-07-14 13:10:35.451] Atmospherics (/datum/controller/subsystem/air): ignite(1)
[2018-07-14 13:10:35.451] Master (/datum/controller/master): RunQueue()
[2018-07-14 13:10:35.451] Master (/datum/controller/master): Loop()
[2018-07-14 13:10:35.451] Master (/datum/controller/master): StartProcessing(0)
[2018-07-14 13:10:35.451] 
[2018-07-14 13:10:35.452] runtime error: Cannot read null.gases
[2018-07-14 13:10:35.452] proc name: compare (/datum/gas_mixture/compare)
[2018-07-14 13:10:35.452]   source file: gas_mixture.dm,384
[2018-07-14 13:10:35.452] 
[2018-07-14 13:10:35.452] runtime error: undefined variable /turf/closed/wall/mineral/plastitanium/interior/var/air
[2018-07-14 13:10:35.452] proc name: process cell (/turf/open/process_cell)
[2018-07-14 13:10:35.452]   source file: LINDA_turf_tile.dm,178
[2018-07-14 13:10:35.452] 
[2018-07-14 13:10:35.452] runtime error: undefined variable /turf/closed/wall/mineral/plastitanium/var/air
[2018-07-14 13:10:35.452] proc name: process cell (/turf/open/process_cell)
[2018-07-14 13:10:35.452]   source file: LINDA_turf_tile.dm,178
[2018-07-14 13:10:35.452] 
[2018-07-14 13:10:35.452] runtime error: Cannot execute null.archive().
[2018-07-14 13:10:35.452] proc name: archive (/turf/open/archive)
[2018-07-14 13:10:35.452]   source file: LINDA_turf_tile.dm,91
[2018-07-14 13:10:35.452] 
[2018-07-14 13:10:35.453] runtime error: Cannot read null.gases
[2018-07-14 13:10:35.453] proc name: compare (/datum/gas_mixture/compare)
[2018-07-14 13:10:35.453]   source file: gas_mixture.dm,384
[2018-07-14 13:10:35.453] 
[2018-07-14 13:10:35.453] runtime error: undefined variable /turf/closed/wall/mineral/plastitanium/var/air
[2018-07-14 13:10:35.453] proc name: process cell (/turf/open/process_cell)
[2018-07-14 13:10:35.453]   source file: LINDA_turf_tile.dm,178
[2018-07-14 13:10:35.453] 
[2018-07-14 13:10:35.453] runtime error: Cannot execute null.archive().
[2018-07-14 13:10:35.453] proc name: archive (/turf/open/archive)
[2018-07-14 13:10:35.453]   source file: LINDA_turf_tile.dm,91
[2018-07-14 13:10:35.453] 
[2018-07-14 13:10:35.453] runtime error: Cannot read null.gases
[2018-07-14 13:10:35.453] proc name: compare (/datum/gas_mixture/compare)
[2018-07-14 13:10:35.453]   source file: gas_mixture.dm,384
[2018-07-14 13:10:35.453] 
[2018-07-14 13:10:35.454] runtime error: Cannot execute null.archive().
[2018-07-14 13:10:35.454] proc name: archive (/turf/open/archive)
[2018-07-14 13:10:35.454]   source file: LINDA_turf_tile.dm,91
[2018-07-14 13:10:35.454] 
[2018-07-14 13:10:35.454] runtime error: Cannot read null.gases
[2018-07-14 13:10:35.454] proc name: compare (/datum/gas_mixture/compare)
[2018-07-14 13:10:35.454]   source file: gas_mixture.dm,384
[2018-07-14 13:10:35.454] 
[2018-07-14 13:10:35.454] runtime error: Cannot execute null.archive().
[2018-07-14 13:10:35.454] proc name: archive (/turf/open/archive)
[2018-07-14 13:10:35.454]   source file: LINDA_turf_tile.dm,91
[2018-07-14 13:10:35.454] 
[2018-07-14 13:10:35.454] runtime error: Cannot read null.gases
[2018-07-14 13:10:35.454] proc name: compare (/datum/gas_mixture/compare)
[2018-07-14 13:10:35.454]   source file: gas_mixture.dm,384
[2018-07-14 13:10:35.454] 
[2018-07-14 13:10:35.454] runtime error: Cannot execute null.archive().
[2018-07-14 13:10:35.454] proc name: archive (/turf/open/archive)
[2018-07-14 13:10:35.454]   source file: LINDA_turf_tile.dm,91
[2018-07-14 13:10:35.454] 
[2018-07-14 13:10:35.455] runtime error: Cannot read null.gases
[2018-07-14 13:10:35.455] proc name: compare (/datum/gas_mixture/compare)
[2018-07-14 13:10:35.455]   source file: gas_mixture.dm,384
[2018-07-14 13:10:35.455] 
[2018-07-14 13:10:35.455] runtime error: Cannot execute null.archive().
[2018-07-14 13:10:35.455] proc name: archive (/turf/open/archive)
[2018-07-14 13:10:35.455]   source file: LINDA_turf_tile.dm,91
[2018-07-14 13:10:35.455] 
[2018-07-14 13:10:35.455] runtime error: Cannot read null.gases
[2018-07-14 13:10:35.455] proc name: compare (/datum/gas_mixture/compare)
[2018-07-14 13:10:35.455]   source file: gas_mixture.dm,384
[2018-07-14 13:10:35.455] 
[2018-07-14 13:10:35.455] runtime error: Cannot execute null.archive().
[2018-07-14 13:10:35.455] proc name: archive (/turf/open/archive)
[2018-07-14 13:10:35.455]   source file: LINDA_turf_tile.dm,91
[2018-07-14 13:10:35.455] 
[2018-07-14 13:10:35.455] runtime error: Cannot read null.gases
[2018-07-14 13:10:35.455] proc name: compare (/datum/gas_mixture/compare)
[2018-07-14 13:10:35.455]   source file: gas_mixture.dm,384
[2018-07-14 13:10:35.455] 
[2018-07-14 13:10:35.456] runtime error: Cannot execute null.archive().
[2018-07-14 13:10:35.456] proc name: archive (/turf/open/archive)
[2018-07-14 13:10:35.456]   source file: LINDA_turf_tile.dm,91
[2018-07-14 13:10:35.456] 
[2018-07-14 13:10:35.456] runtime error: Cannot read null.gases
[2018-07-14 13:10:35.456] proc name: compare (/datum/gas_mixture/compare)
[2018-07-14 13:10:35.456]   source file: gas_mixture.dm,384
[2018-07-14 13:10:35.456] 
[2018-07-14 13:10:35.456] runtime error: Cannot execute null.archive().
[2018-07-14 13:10:35.456] proc name: archive (/turf/open/archive)
[2018-07-14 13:10:35.456]   source file: LINDA_turf_tile.dm,91
[2018-07-14 13:10:35.456] 
[2018-07-14 13:10:35.456] runtime error: Cannot read null.gases
[2018-07-14 13:10:35.456] proc name: compare (/datum/gas_mixture/compare)
[2018-07-14 13:10:35.456]   source file: gas_mixture.dm,384
[2018-07-14 13:10:35.456] 
[2018-07-14 13:10:35.457] runtime error: Cannot execute null.archive().
[2018-07-14 13:10:35.457] proc name: archive (/turf/open/archive)
[2018-07-14 13:10:35.457]   source file: LINDA_turf_tile.dm,91
[2018-07-14 13:10:35.457] 
[2018-07-14 13:10:35.457] runtime error: Cannot read null.gases
[2018-07-14 13:10:35.457] proc name: compare (/datum/gas_mixture/compare)
[2018-07-14 13:10:35.457]   source file: gas_mixture.dm,384
[2018-07-14 13:10:35.457] 
[2018-07-14 13:10:35.457] runtime error: Cannot execute null.archive().
[2018-07-14 13:10:35.457] proc name: archive (/turf/open/archive)
[2018-07-14 13:10:35.457]   source file: LINDA_turf_tile.dm,91
[2018-07-14 13:10:35.457] 
[2018-07-14 13:10:35.457] runtime error: Cannot read null.gases
[2018-07-14 13:10:35.457] proc name: compare (/datum/gas_mixture/compare)
[2018-07-14 13:10:35.457]   source file: gas_mixture.dm,384
[2018-07-14 13:10:35.457] 
[2018-07-14 13:10:35.458] runtime error: Cannot execute null.archive().
[2018-07-14 13:10:35.458] proc name: archive (/turf/open/archive)
[2018-07-14 13:10:35.458]   source file: LINDA_turf_tile.dm,91
[2018-07-14 13:10:35.458] 
[2018-07-14 13:10:35.458] runtime error: Cannot read null.gases
[2018-07-14 13:10:35.458] proc name: compare (/datum/gas_mixture/compare)
[2018-07-14 13:10:35.458]   source file: gas_mixture.dm,384
[2018-07-14 13:10:35.458] 
[2018-07-14 13:10:35.458] runtime error: Cannot execute null.archive().
[2018-07-14 13:10:35.458] proc name: archive (/turf/open/archive)
[2018-07-14 13:10:35.458]   source file: LINDA_turf_tile.dm,91
[2018-07-14 13:10:35.458] 
[2018-07-14 13:10:35.458] runtime error: Cannot read null.gases
[2018-07-14 13:10:35.458] proc name: compare (/datum/gas_mixture/compare)
[2018-07-14 13:10:35.458]   source file: gas_mixture.dm,384
[2018-07-14 13:10:35.458] 
[2018-07-14 13:10:35.458] runtime error: Cannot execute null.archive().
[2018-07-14 13:10:35.458] proc name: archive (/turf/open/archive)
[2018-07-14 13:10:35.458]   source file: LINDA_turf_tile.dm,91
[2018-07-14 13:10:35.458] 
[2018-07-14 13:10:35.459] runtime error: Cannot read null.gases
[2018-07-14 13:10:35.459] proc name: compare (/datum/gas_mixture/compare)
[2018-07-14 13:10:35.459]   source file: gas_mixture.dm,384
[2018-07-14 13:10:35.459] 
[2018-07-14 13:10:35.459] runtime error: Cannot execute null.archive().
[2018-07-14 13:10:35.459] proc name: archive (/turf/open/archive)
[2018-07-14 13:10:35.459]   source file: LINDA_turf_tile.dm,91
[2018-07-14 13:10:35.459] 
[2018-07-14 13:10:35.459] runtime error: Cannot read null.gases
[2018-07-14 13:10:35.459] proc name: compare (/datum/gas_mixture/compare)
[2018-07-14 13:10:35.459]   source file: gas_mixture.dm,384
[2018-07-14 13:10:35.459] 
[2018-07-14 13:10:35.459] runtime error: Cannot execute null.archive().
[2018-07-14 13:10:35.459] proc name: archive (/turf/open/archive)
[2018-07-14 13:10:35.459]   source file: LINDA_turf_tile.dm,91
[2018-07-14 13:10:35.459] 
[2018-07-14 13:10:35.460] runtime error: Cannot read null.gases
[2018-07-14 13:10:35.460] proc name: compare (/datum/gas_mixture/compare)
[2018-07-14 13:10:35.460]   source file: gas_mixture.dm,384
[2018-07-14 13:10:35.460] 
[2018-07-14 13:10:35.480] runtime error: Cannot execute null.archive().
[2018-07-14 13:10:35.480] proc name: archive (/turf/open/archive)
[2018-07-14 13:10:35.480]   source file: LINDA_turf_tile.dm,91
[2018-07-14 13:10:35.480] 
[2018-07-14 13:10:35.480] runtime error: Cannot read null.gases
[2018-07-14 13:10:35.480] proc name: compare (/datum/gas_mixture/compare)
[2018-07-14 13:10:35.480]   source file: gas_mixture.dm,384
[2018-07-14 13:10:35.480] 
[2018-07-14 13:10:35.481] runtime error: Cannot execute null.archive().
[2018-07-14 13:10:35.481] proc name: archive (/turf/open/archive)
[2018-07-14 13:10:35.481]   source file: LINDA_turf_tile.dm,91
[2018-07-14 13:10:35.481] 
[2018-07-14 13:10:35.481] runtime error: Cannot read null.gases
[2018-07-14 13:10:35.481] proc name: compare (/datum/gas_mixture/compare)
[2018-07-14 13:10:35.481]   source file: gas_mixture.dm,384
[2018-07-14 13:10:35.481] 
[2018-07-14 13:10:35.481] runtime error: Cannot execute null.archive().
[2018-07-14 13:10:35.481] proc name: archive (/turf/open/archive)
[2018-07-14 13:10:35.481]   source file: LINDA_turf_tile.dm,91
[2018-07-14 13:10:35.481] 
[2018-07-14 13:10:35.481] runtime error: Cannot read null.gases
[2018-07-14 13:10:35.481] proc name: compare (/datum/gas_mixture/compare)
[2018-07-14 13:10:35.481]   source file: gas_mixture.dm,384
[2018-07-14 13:10:35.481] 
[2018-07-14 13:10:35.481] runtime error: Cannot execute null.archive().
[2018-07-14 13:10:35.481] proc name: archive (/turf/open/archive)
[2018-07-14 13:10:35.481]   source file: LINDA_turf_tile.dm,91
[2018-07-14 13:10:35.481] 
[2018-07-14 13:10:35.482] runtime error: Cannot read null.gases
[2018-07-14 13:10:35.482] proc name: compare (/datum/gas_mixture/compare)
[2018-07-14 13:10:35.482]   source file: gas_mixture.dm,384
[2018-07-14 13:10:35.482] 
[2018-07-14 13:10:35.482] runtime error: Cannot execute null.archive().
[2018-07-14 13:10:35.482] proc name: archive (/turf/open/archive)
[2018-07-14 13:10:35.482]   source file: LINDA_turf_tile.dm,91
[2018-07-14 13:10:35.482] 
[2018-07-14 13:10:35.482] runtime error: Cannot read null.gases
[2018-07-14 13:10:35.482] proc name: compare (/datum/gas_mixture/compare)
[2018-07-14 13:10:35.482]   source file: gas_mixture.dm,384
[2018-07-14 13:10:35.482] 
[2018-07-14 13:10:35.482] runtime error: Cannot execute null.archive().
[2018-07-14 13:10:35.482] proc name: archive (/turf/open/archive)
[2018-07-14 13:10:35.482]   source file: LINDA_turf_tile.dm,91
[2018-07-14 13:10:35.482] 
[2018-07-14 13:10:35.483] runtime error: Cannot read null.gases
[2018-07-14 13:10:35.483] proc name: compare (/datum/gas_mixture/compare)
[2018-07-14 13:10:35.483]   source file: gas_mixture.dm,384
[2018-07-14 13:10:35.483] 
[2018-07-14 13:10:35.483] runtime error: Cannot execute null.archive().
[2018-07-14 13:10:35.483] proc name: archive (/turf/open/archive)
[2018-07-14 13:10:35.483]   source file: LINDA_turf_tile.dm,91
[2018-07-14 13:10:35.483] 
[2018-07-14 13:10:35.483] runtime error: Cannot read null.gases
[2018-07-14 13:10:35.483] proc name: compare (/datum/gas_mixture/compare)
[2018-07-14 13:10:35.483]   source file: gas_mixture.dm,384
[2018-07-14 13:10:35.483] 
[2018-07-14 13:10:35.483] runtime error: Cannot execute null.archive().
[2018-07-14 13:10:35.483] proc name: archive (/turf/open/archive)
[2018-07-14 13:10:35.483]   source file: LINDA_turf_tile.dm,91
[2018-07-14 13:10:35.483] 
[2018-07-14 13:10:35.483] runtime error: Cannot read null.gases
[2018-07-14 13:10:35.483] proc name: compare (/datum/gas_mixture/compare)
[2018-07-14 13:10:35.483]   source file: gas_mixture.dm,384
[2018-07-14 13:10:35.483] 
[2018-07-14 13:10:35.484] runtime error: Cannot execute null.archive().
[2018-07-14 13:10:35.484] proc name: archive (/turf/open/archive)
[2018-07-14 13:10:35.484]   source file: LINDA_turf_tile.dm,91
[2018-07-14 13:10:35.484] 
[2018-07-14 13:10:35.484] runtime error: Cannot read null.gases
[2018-07-14 13:10:35.484] proc name: compare (/datum/gas_mixture/compare)
[2018-07-14 13:10:35.484]   source file: gas_mixture.dm,384
[2018-07-14 13:10:35.484] 
[2018-07-14 13:10:35.484] runtime error: Cannot execute null.archive().
[2018-07-14 13:10:35.484] proc name: archive (/turf/open/archive)
[2018-07-14 13:10:35.484]   source file: LINDA_turf_tile.dm,91
[2018-07-14 13:10:35.484] 
[2018-07-14 13:10:35.484] runtime error: Cannot read null.gases
[2018-07-14 13:10:35.484] proc name: compare (/datum/gas_mixture/compare)
[2018-07-14 13:10:35.484]   source file: gas_mixture.dm,384
[2018-07-14 13:10:35.484] 
[2018-07-14 13:10:35.484] runtime error: Cannot execute null.archive().
[2018-07-14 13:10:35.484] proc name: archive (/turf/open/archive)
[2018-07-14 13:10:35.485]   source file: LINDA_turf_tile.dm,91
[2018-07-14 13:10:35.485] 
[2018-07-14 13:10:35.485] runtime error: Cannot read null.gases
[2018-07-14 13:10:35.485] proc name: compare (/datum/gas_mixture/compare)
[2018-07-14 13:10:35.485]   source file: gas_mixture.dm,384
[2018-07-14 13:10:35.485] 
[2018-07-14 13:10:35.485] runtime error: Cannot execute null.archive().
[2018-07-14 13:10:35.485] proc name: archive (/turf/open/archive)
[2018-07-14 13:10:35.485]   source file: LINDA_turf_tile.dm,91
[2018-07-14 13:10:35.485] 
[2018-07-14 13:10:35.485] runtime error: Cannot read null.gases
[2018-07-14 13:10:35.485] proc name: compare (/datum/gas_mixture/compare)
[2018-07-14 13:10:35.485]   source file: gas_mixture.dm,384
[2018-07-14 13:10:35.485] 
[2018-07-14 13:10:35.485] runtime error: Cannot execute null.archive().
[2018-07-14 13:10:35.485] proc name: archive (/turf/open/archive)
[2018-07-14 13:10:35.485]   source file: LINDA_turf_tile.dm,91
[2018-07-14 13:10:35.485] 
[2018-07-14 13:10:35.485] runtime error: Cannot read null.gases
[2018-07-14 13:10:35.485] proc name: compare (/datum/gas_mixture/compare)
[2018-07-14 13:10:35.485]   source file: gas_mixture.dm,384
[2018-07-14 13:10:35.485] 
[2018-07-14 13:10:35.486] runtime error: Cannot execute null.archive().
[2018-07-14 13:10:35.486] proc name: archive (/turf/open/archive)
[2018-07-14 13:10:35.486]   source file: LINDA_turf_tile.dm,91
[2018-07-14 13:10:35.486] 
[2018-07-14 13:10:35.486] runtime error: Cannot read null.gases
[2018-07-14 13:10:35.486] proc name: compare (/datum/gas_mixture/compare)
[2018-07-14 13:10:35.486]   source file: gas_mixture.dm,384
[2018-07-14 13:10:35.486] 
[2018-07-14 13:10:35.486] runtime error: Cannot execute null.archive().
[2018-07-14 13:10:35.486] proc name: archive (/turf/open/archive)
[2018-07-14 13:10:35.486]   source file: LINDA_turf_tile.dm,91
[2018-07-14 13:10:35.486] 
[2018-07-14 13:10:35.486] runtime error: Cannot read null.gases
[2018-07-14 13:10:35.486] proc name: compare (/datum/gas_mixture/compare)
[2018-07-14 13:10:35.486]   source file: gas_mixture.dm,384
[2018-07-14 13:10:35.486] 
[2018-07-14 13:10:35.486] runtime error: Cannot execute null.archive().
[2018-07-14 13:10:35.486] proc name: archive (/turf/open/archive)
[2018-07-14 13:10:35.487]   source file: LINDA_turf_tile.dm,91
[2018-07-14 13:10:35.487] 
[2018-07-14 13:10:35.487] runtime error: Cannot read null.gases
[2018-07-14 13:10:35.487] proc name: compare (/datum/gas_mixture/compare)
[2018-07-14 13:10:35.487]   source file: gas_mixture.dm,384
[2018-07-14 13:10:35.487] 
[2018-07-14 13:10:35.487] runtime error: Cannot execute null.archive().
[2018-07-14 13:10:35.487] proc name: archive (/turf/open/archive)
[2018-07-14 13:10:35.487]   source file: LINDA_turf_tile.dm,91
[2018-07-14 13:10:35.487] 
[2018-07-14 13:10:35.487] runtime error: Cannot read null.gases
[2018-07-14 13:10:35.487] proc name: compare (/datum/gas_mixture/compare)
[2018-07-14 13:10:35.487]   source file: gas_mixture.dm,384
[2018-07-14 13:10:35.487] 
[2018-07-14 13:10:35.487] runtime error: Cannot execute null.archive().
[2018-07-14 13:10:35.487] proc name: archive (/turf/open/archive)
[2018-07-14 13:10:35.487]   source file: LINDA_turf_tile.dm,91
[2018-07-14 13:10:35.487] 
[2018-07-14 13:10:35.487] runtime error: Cannot read null.gases
[2018-07-14 13:10:35.487] proc name: compare (/datum/gas_mixture/compare)
[2018-07-14 13:10:35.488]   source file: gas_mixture.dm,384
[2018-07-14 13:10:35.488] 
[2018-07-14 13:10:35.488] runtime error: Cannot execute null.archive().
[2018-07-14 13:10:35.488] proc name: archive (/turf/open/archive)
[2018-07-14 13:10:35.488]   source file: LINDA_turf_tile.dm,91
[2018-07-14 13:10:35.488] 
[2018-07-14 13:10:35.488] runtime error: Cannot read null.gases
[2018-07-14 13:10:35.488] proc name: compare (/datum/gas_mixture/compare)
[2018-07-14 13:10:35.488]   source file: gas_mixture.dm,384
[2018-07-14 13:10:35.488] 
[2018-07-14 13:10:35.488] runtime error: Cannot execute null.archive().
[2018-07-14 13:10:35.488] proc name: archive (/turf/open/archive)
[2018-07-14 13:10:35.488]   source file: LINDA_turf_tile.dm,91
[2018-07-14 13:10:35.488] 
[2018-07-14 13:10:35.488] runtime error: Cannot read null.gases
[2018-07-14 13:10:35.488] proc name: compare (/datum/gas_mixture/compare)
[2018-07-14 13:10:35.488]   source file: gas_mixture.dm,384
[2018-07-14 13:10:35.488] 
[2018-07-14 13:10:35.489] runtime error: Cannot execute null.archive().
[2018-07-14 13:10:35.489] proc name: archive (/turf/open/archive)
[2018-07-14 13:10:35.489]   source file: LINDA_turf_tile.dm,91
[2018-07-14 13:10:35.489] 
[2018-07-14 13:10:35.489] runtime error: Cannot read null.gases
[2018-07-14 13:10:35.489] proc name: compare (/datum/gas_mixture/compare)
[2018-07-14 13:10:35.489]   source file: gas_mixture.dm,384
[2018-07-14 13:10:35.489] 
[2018-07-14 13:10:35.489] runtime error: Cannot execute null.archive().
[2018-07-14 13:10:35.489] proc name: archive (/turf/open/archive)
[2018-07-14 13:10:35.489]   source file: LINDA_turf_tile.dm,91
[2018-07-14 13:10:35.489] 
[2018-07-14 13:10:35.489] runtime error: Cannot read null.gases
[2018-07-14 13:10:35.489] proc name: compare (/datum/gas_mixture/compare)
[2018-07-14 13:10:35.489]   source file: gas_mixture.dm,384
[2018-07-14 13:10:35.489] 
[2018-07-14 13:10:35.489] runtime error: Cannot execute null.archive().
[2018-07-14 13:10:35.489] Warning: further proc crash messages are being suppressed to prevent overload...
[2018-07-14 13:10:35.489] 
[2018-07-14 13:10:35.490] runtime error: Cannot read null.gases
[2018-07-14 13:10:35.490] 
[2018-07-14 13:10:35.490] runtime error: undefined variable /turf/closed/wall/mineral/plastitanium/interior/var/air
[2018-07-14 13:10:35.490] 
[2018-07-14 13:10:35.490] runtime error: undefined variable /turf/closed/wall/mineral/plastitanium/interior/var/air
[2018-07-14 13:10:35.490] 
[2018-07-14 13:10:35.490] runtime error: undefined variable /turf/closed/wall/mineral/plastitanium/interior/var/air
[2018-07-14 13:10:35.490] 
[2018-07-14 13:10:35.490] runtime error: undefined variable /turf/closed/wall/mineral/plastitanium/var/air
[2018-07-14 13:10:35.490] 
[2018-07-14 13:10:35.490] runtime error: undefined variable /turf/closed/wall/mineral/plastitanium/var/air
[2018-07-14 13:10:35.490] 
[2018-07-14 13:10:35.491] runtime error: undefined variable /turf/closed/wall/mineral/plastitanium/interior/var/air
[2018-07-14 13:10:35.491] 
[2018-07-14 13:10:35.491] runtime error: undefined variable /turf/closed/wall/mineral/plastitanium/interior/var/air
[2018-07-14 13:10:35.491] 
[2018-07-14 13:10:35.491] runtime error: undefined variable /turf/closed/wall/mineral/plastitanium/interior/var/air
[2018-07-14 13:10:35.491] 
[2018-07-14 13:10:35.491] runtime error: undefined variable /turf/closed/wall/mineral/plastitanium/interior/var/air
[2018-07-14 13:10:35.491] 
[2018-07-14 13:10:35.491] runtime error: Cannot execute null.archive().
[2018-07-14 13:10:35.491] 
[2018-07-14 13:10:35.492] runtime error: Cannot read null.gases
[2018-07-14 13:10:35.492] 
[2018-07-14 13:10:35.492] runtime error: undefined variable /turf/closed/wall/mineral/plastitanium/interior/var/air
[2018-07-14 13:10:35.492] 
[2018-07-14 13:10:35.492] runtime error: Cannot execute null.archive().
[2018-07-14 13:10:35.492] 
[2018-07-14 13:10:35.492] runtime error: Cannot read null.gases
[2018-07-14 13:10:35.492] 
[2018-07-14 13:10:35.493] runtime error: undefined variable /turf/closed/wall/mineral/plastitanium/interior/var/air
[2018-07-14 13:10:35.493] 
[2018-07-14 13:10:35.493] runtime error: Cannot execute null.archive().
[2018-07-14 13:10:35.493] 
[2018-07-14 13:10:35.493] runtime error: Cannot read null.gases
[2018-07-14 13:10:35.493] 
[2018-07-14 13:10:35.494] runtime error: undefined variable /turf/closed/wall/mineral/plastitanium/interior/var/air
[2018-07-14 13:10:35.494] 
[2018-07-14 13:10:35.494] runtime error: undefined variable /turf/closed/wall/mineral/plastitanium/interior/var/air
[2018-07-14 13:10:35.494] 
[2018-07-14 13:10:35.494] runtime error: undefined variable /turf/closed/wall/mineral/plastitanium/interior/var/air
[2018-07-14 13:10:35.494] 
[2018-07-14 13:10:35.495] runtime error: undefined variable /turf/closed/wall/mineral/plastitanium/interior/var/air
[2018-07-14 13:10:35.495] 
[2018-07-14 13:10:35.496] runtime error: undefined variable /turf/closed/wall/mineral/plastitanium/interior/var/air
[2018-07-14 13:10:35.496] 
[2018-07-14 13:10:35.496] runtime error: undefined variable /turf/closed/wall/mineral/plastitanium/interior/var/air
[2018-07-14 13:10:35.496] 
[2018-07-14 13:10:35.496] runtime error: undefined variable /turf/closed/wall/mineral/plastitanium/interior/var/air
[2018-07-14 13:10:35.497] 
[2018-07-14 13:10:35.497] runtime error: undefined variable /turf/closed/wall/mineral/plastitanium/interior/var/air
[2018-07-14 13:10:35.497] 
[2018-07-14 13:10:35.497] runtime error: undefined variable /turf/closed/wall/mineral/plastitanium/interior/var/air
[2018-07-14 13:10:35.497] 
[2018-07-14 13:10:35.498] runtime error: undefined variable /turf/closed/wall/mineral/plastitanium/interior/var/air
[2018-07-14 13:10:35.498] 
[2018-07-14 13:10:35.498] runtime error: undefined variable /turf/closed/wall/mineral/plastitanium/interior/var/air
[2018-07-14 13:10:35.498] 
[2018-07-14 13:16:01.151] runtime error: addtimer called with a callback assigned to a qdeleted object. In the future such timers will not be supported and may refuse to run or run with a 0 wait
[2018-07-14 13:16:01.151] 
[2018-07-14 13:16:01.651] runtime error: addtimer called with a callback assigned to a qdeleted object. In the future such timers will not be supported and may refuse to run or run with a 0 wait
[2018-07-14 13:16:01.651] 
[2018-07-14 13:17:49.581] ## WARNING: couldn't find shuttle with id:  in code/controllers/subsystem/shuttle.dm at line 159 src: Shuttle usr: Isaac Riker.
[2018-07-14 13:18:25.810] ## WARNING: couldn't find shuttle with id:  in code/controllers/subsystem/shuttle.dm at line 159 src: Shuttle usr: Melanie Nickolson.
[2018-07-14 13:19:53.910] runtime error: addtimer called with a callback assigned to a qdeleted object. In the future such timers will not be supported and may refuse to run or run with a 0 wait
[2018-07-14 13:19:53.910] 
[2018-07-14 13:19:54.410] runtime error: addtimer called with a callback assigned to a qdeleted object. In the future such timers will not be supported and may refuse to run or run with a 0 wait
[2018-07-14 13:19:54.410] 
[2018-07-14 13:19:55.358] runtime error: addtimer called with a callback assigned to a qdeleted object. In the future such timers will not be supported and may refuse to run or run with a 0 wait
[2018-07-14 13:19:55.358] 
[2018-07-14 13:19:55.857] runtime error: addtimer called with a callback assigned to a qdeleted object. In the future such timers will not be supported and may refuse to run or run with a 0 wait
[2018-07-14 13:19:55.858] 
[2018-07-14 13:19:58.376] runtime error: addtimer called with a callback assigned to a qdeleted object. In the future such timers will not be supported and may refuse to run or run with a 0 wait
[2018-07-14 13:19:58.376] 
[2018-07-14 13:19:58.376] runtime error: addtimer called with a callback assigned to a qdeleted object. In the future such timers will not be supported and may refuse to run or run with a 0 wait
[2018-07-14 13:19:58.377] 
[2018-07-14 13:19:59.276] runtime error: addtimer called with a callback assigned to a qdeleted object. In the future such timers will not be supported and may refuse to run or run with a 0 wait
[2018-07-14 13:19:59.276] 
[2018-07-14 13:20:02.107] runtime error: Cannot execute null.CanPass().
[2018-07-14 13:20:02.107] 
[2018-07-14 13:20:03.539] runtime error: The rolling paper taking damage after deletion
[2018-07-14 13:20:03.539] 
[2018-07-14 13:20:03.539] runtime error: The rolling paper taking damage after deletion
[2018-07-14 13:20:03.539] 
[2018-07-14 13:20:03.540] runtime error: The rolling paper taking damage after deletion
[2018-07-14 13:20:03.540] 
[2018-07-14 13:20:03.540] runtime error: The rolling paper taking damage after deletion
[2018-07-14 13:20:03.540] 
[2018-07-14 13:20:03.540] runtime error: The rolling paper taking damage after deletion
[2018-07-14 13:20:03.540] 
[2018-07-14 13:20:03.541] runtime error: The cigarette taking damage after deletion
[2018-07-14 13:20:03.541] 
[2018-07-14 13:20:03.541] runtime error: The cigarette taking damage after deletion
[2018-07-14 13:20:03.541] 
[2018-07-14 13:20:03.541] runtime error: The cigarette taking damage after deletion
[2018-07-14 13:20:03.541] 
[2018-07-14 13:20:03.541] runtime error: The cigarette taking damage after deletion
[2018-07-14 13:20:03.541] 
[2018-07-14 13:20:03.541] runtime error: The cigarette taking damage after deletion
[2018-07-14 13:20:03.541] 
[2018-07-14 13:20:07.090] runtime error: addtimer called with a callback assigned to a qdeleted object. In the future such timers will not be supported and may refuse to run or run with a 0 wait
[2018-07-14 13:20:07.090] 
[2018-07-14 13:20:07.590] runtime error: addtimer called with a callback assigned to a qdeleted object. In the future such timers will not be supported and may refuse to run or run with a 0 wait
[2018-07-14 13:20:07.590] 
[2018-07-14 13:20:09.216] runtime error: addtimer called with a callback assigned to a qdeleted object. In the future such timers will not be supported and may refuse to run or run with a 0 wait
[2018-07-14 13:20:09.216] 
[2018-07-14 13:20:09.217] runtime error: addtimer called with a callback assigned to a qdeleted object. In the future such timers will not be supported and may refuse to run or run with a 0 wait
[2018-07-14 13:20:09.217] 
[2018-07-14 13:20:09.220] runtime error: addtimer called with a callback assigned to a qdeleted object. In the future such timers will not be supported and may refuse to run or run with a 0 wait
[2018-07-14 13:20:09.220] 
[2018-07-14 13:20:09.220] runtime error: addtimer called with a callback assigned to a qdeleted object. In the future such timers will not be supported and may refuse to run or run with a 0 wait
[2018-07-14 13:20:09.220] 
[2018-07-14 13:20:10.193] runtime error: addtimer called with a callback assigned to a qdeleted object. In the future such timers will not be supported and may refuse to run or run with a 0 wait
[2018-07-14 13:20:10.193] 
[2018-07-14 13:20:10.300] runtime error: addtimer called with a callback assigned to a qdeleted object. In the future such timers will not be supported and may refuse to run or run with a 0 wait
[2018-07-14 13:20:10.300] 
[2018-07-14 13:20:10.799] runtime error: addtimer called with a callback assigned to a qdeleted object. In the future such timers will not be supported and may refuse to run or run with a 0 wait
[2018-07-14 13:20:10.800] 
[2018-07-14 13:20:11.000] runtime error: addtimer called with a callback assigned to a qdeleted object. In the future such timers will not be supported and may refuse to run or run with a 0 wait
[2018-07-14 13:20:11.000] 
[2018-07-14 13:20:11.001] runtime error: addtimer called with a callback assigned to a qdeleted object. In the future such timers will not be supported and may refuse to run or run with a 0 wait
[2018-07-14 13:20:11.001] 
[2018-07-14 13:21:24.560] runtime error: addtimer called with a callback assigned to a qdeleted object. In the future such timers will not be supported and may refuse to run or run with a 0 wait
[2018-07-14 13:21:24.560] 
[2018-07-14 13:21:25.560] runtime error: addtimer called with a callback assigned to a qdeleted object. In the future such timers will not be supported and may refuse to run or run with a 0 wait
[2018-07-14 13:21:25.560] 
[2018-07-14 13:22:07.255] Saved 8 engraved messages on map Box Station
[2018-07-14 13:22:44.911] runtime error: Maximum recursion level reached (perhaps there is an infinite loop)
[2018-07-14 13:22:44.911] To avoid this safety check, set world.loop_checks=0.
[2018-07-14 13:22:44.911] 
[2018-07-14 13:22:44.912] MC: SoftReset called, resetting MC queue state.
[2018-07-14 13:22:44.912] MC: SoftReset: Finished.
[2018-07-14 13:22:45.959] runtime error: undefined proc or verb /datum/pipeline/process cell().
[2018-07-14 13:22:45.959] 
[2018-07-14 13:22:45.959] 
[2018-07-14 13:22:48.455] runtime error: Maximum recursion level reached (perhaps there is an infinite loop)
[2018-07-14 13:22:48.455] To avoid this safety check, set world.loop_checks=0.
[2018-07-14 13:22:48.455] 
[2018-07-14 13:22:48.455] MC: SoftReset called, resetting MC queue state.
[2018-07-14 13:22:48.456] MC: SoftReset: Finished.
[2018-07-14 13:22:49.482] runtime error: undefined proc or verb /datum/pipeline/process cell().
[2018-07-14 13:22:49.482] 
[2018-07-14 13:22:49.482] 
[2018-07-14 13:22:49.779] runtime error: Maximum recursion level reached (perhaps there is an infinite loop)
[2018-07-14 13:22:49.779] To avoid this safety check, set world.loop_checks=0.
[2018-07-14 13:22:49.779] 
[2018-07-14 13:22:49.779] MC: SoftReset called, resetting MC queue state.
[2018-07-14 13:22:49.780] MC: SoftReset: Finished.
[2018-07-14 13:22:50.782] runtime error: Maximum recursion level reached (perhaps there is an infinite loop)
[2018-07-14 13:22:50.782] To avoid this safety check, set world.loop_checks=0.
[2018-07-14 13:22:50.782] 
[2018-07-14 13:22:50.782] MC: SoftReset called, resetting MC queue state.
[2018-07-14 13:22:50.783] MC: SoftReset: Finished.
[2018-07-14 13:23:42.530] Shutting down Persistence subsystem...
[2018-07-14 13:23:42.530] Shutting down Pathfinder subsystem...
[2018-07-14 13:23:42.530] Shutting down Squeak subsystem...
[2018-07-14 13:23:42.530] Shutting down Shuttle subsystem...
[2018-07-14 13:23:42.531] Shutting down Lighting subsystem...
[2018-07-14 13:23:42.531] Shutting down XKeyScore subsystem...
[2018-07-14 13:23:42.531] Shutting down Sticky Ban subsystem...
[2018-07-14 13:23:42.531] Shutting down Overlay subsystem...
[2018-07-14 13:23:42.581] Shutting down Icon Smoothing subsystem...
[2018-07-14 13:23:42.581] Shutting down Assets subsystem...
[2018-07-14 13:23:42.581] Shutting down Minimap subsystem...
[2018-07-14 13:23:42.581] Shutting down Atmospherics subsystem...
[2018-07-14 13:23:42.581] Shutting down Wet floors subsystem...
[2018-07-14 13:23:42.581] Shutting down Weather subsystem...
[2018-07-14 13:23:42.581] Shutting down Vote subsystem...
[2018-07-14 13:23:42.581] Shutting down Traumas subsystem...
[2018-07-14 13:23:42.581] Shutting down Title Screen subsystem...
[2018-07-14 13:23:42.582] Shutting down Time Tracking subsystem...
[2018-07-14 13:23:42.582] Shutting down Throwing subsystem...
[2018-07-14 13:23:42.582] Shutting down tgui subsystem...
[2018-07-14 13:23:42.582] Shutting down Sun subsystem...
[2018-07-14 13:23:42.582] Shutting down Space Drift subsystem...
[2018-07-14 13:23:42.582] Shutting down Religion subsystem...
[2018-07-14 13:23:42.582] Shutting down Radio subsystem...
[2018-07-14 13:23:42.582] Shutting down Radiation subsystem...
[2018-07-14 13:23:42.582] Shutting down Projectiles subsystem...
[2018-07-14 13:23:42.582] Shutting down Processing subsystem...
[2018-07-14 13:23:42.582] Shutting down Ping subsystem...
[2018-07-14 13:23:42.582] Shutting down Parallax subsystem...
[2018-07-14 13:23:42.582] Shutting down pAI subsystem...
[2018-07-14 13:23:42.582] Shutting down Orbits subsystem...
[2018-07-14 13:23:42.582] Shutting down Objects subsystem...
[2018-07-14 13:23:42.582] Shutting down NPC Pool subsystem...
[2018-07-14 13:23:42.582] Shutting down Night Shift subsystem...
[2018-07-14 13:23:42.582] Shutting down Mood subsystem...
[2018-07-14 13:23:42.582] Shutting down Mobs subsystem...
[2018-07-14 13:23:42.582] Shutting down Medals subsystem...
[2018-07-14 13:23:42.582] Shutting down Idling NPC Pool subsystem...
[2018-07-14 13:23:42.582] Shutting down Flightpack Movement subsystem...
[2018-07-14 13:23:42.583] Shutting down Fire Burning subsystem...
[2018-07-14 13:23:42.583] Shutting down Fields subsystem...
[2018-07-14 13:23:42.583] Shutting down Fast Processing subsystem...
[2018-07-14 13:23:42.583] Shutting down Disease subsystem...
[2018-07-14 13:23:42.583] Shutting down Datum Component System subsystem...
[2018-07-14 13:23:42.583] Shutting down Communications subsystem...
[2018-07-14 13:23:42.583] Shutting down Augury subsystem...
[2018-07-14 13:23:42.583] Shutting down Acid subsystem...
[2018-07-14 13:23:42.583] Shutting down Timer subsystem...
[2018-07-14 13:23:42.583] Shutting down Circuit subsystem...
[2018-07-14 13:23:42.583] Shutting down Machines subsystem...
[2018-07-14 13:23:42.583] Shutting down Language subsystem...
[2018-07-14 13:23:42.583] Shutting down Atoms subsystem...
[2018-07-14 13:23:42.583] Shutting down Networks subsystem...
[2018-07-14 13:23:42.584] Shutting down Mapping subsystem...
[2018-07-14 13:23:42.584] Shutting down Ticker subsystem...
[2018-07-14 13:23:42.715] Shutting down Quirks subsystem...
[2018-07-14 13:23:42.716] Shutting down Jobs subsystem...
[2018-07-14 13:23:42.716] Shutting down Events subsystem...
[2018-07-14 13:23:42.716] Shutting down Research subsystem...
[2018-07-14 13:23:42.716] Shutting down Input subsystem...
[2018-07-14 13:23:42.716] Shutting down Server Tasks subsystem...
[2018-07-14 13:23:42.716] Shutting down Blackbox subsystem...
[2018-07-14 13:23:42.855] Shutting down Database subsystem...
[2018-07-14 13:23:42.897] Shutting down Garbage subsystem...
[2018-07-14 13:23:43.011] Shutdown complete
[2018-07-14 13:23:43.012] World rebooted at 13:23:43
