

Starting up round ID 504. 22:50:54
---------------------
Initialized Database subsystem within 0 seconds!
Initialized Blackbox subsystem within 0 seconds!
Initialized Server Tasks subsystem within 0 seconds!
Initialized Input subsystem within 0 seconds!
Initialized Research subsystem within 0 seconds!
Initialized Events subsystem within 0.1 seconds!
Initialized Jobs subsystem within 0 seconds!
Initialized Traits subsystem within 0 seconds!
Initialized Ticker subsystem within 0 seconds!
Loading Box Station...
Loaded Station in 5.3s!
Loaded Lavaland in 4.8s!
Loaded Reebe in 4s!
Ruin loader finished with 0 left to spend.
Ruin loader finished with 0 left to spend.
Initialized Mapping subsystem within 32.5 seconds!
Initialized Networks subsystem within 0 seconds!
Initialized Atoms subsystem within 53.4 seconds!
Initialized Language subsystem within 0 seconds!
Initialized Machines subsystem within 0.3 seconds!
Initialized Circuit subsystem within 0.1 seconds!
Initialized Disease subsystem within 0 seconds!
Initialized Medals subsystem within 0 seconds!
Initialized Night Shift subsystem within 0 seconds!
Initialized Parallax subsystem within 0 seconds!
Initialized Traumas subsystem within 0.1 seconds!
Initialized Weather subsystem within 0 seconds!
## WARNING: There are 7 active turfs at roundstart, this is a mapping error caused by a difference of the air between the adjacent turfs. You can see its coordinates using "Mapping -> Show roundstart AT list" verb (debug verbs required)
## WARNING: HEY! LISTEN! 0.9 seconds were wasted processing 7 turf(s) (connected to 19380 other turfs) with atmos differences at round start.
Initialized Atmospherics subsystem within 15.6 seconds!
Initialized Minimap subsystem within 0 seconds!
Initialized Assets subsystem within 0.9 seconds!
Initialized Icon Smoothing subsystem within 6 seconds!
Initialized Overlay subsystem within 28.3 seconds!
Initialized XKeyScore subsystem within 0 seconds!
Initialized Sticky Ban subsystem within 0 seconds!
Initialized Lighting subsystem within 16.2 seconds!
Initialized Shuttle subsystem within 23.2 seconds!
Initialized Squeak subsystem within 0 seconds!
Initialized pathfinder subsystem within 0 seconds!
Loaded 99 engraved messages on map Box Station
Initialized Persistence subsystem within 0.1 seconds!
Initializations complete within 178 seconds!
[2018-04-22 22:55:34] Client: CthulhuOnIce triggered JS error: Error: The URI to be decoded is not a valid encoding | url: http://127.0.0.1:50492/tmp1620/browserOutput.js | line: 116 | column: 2 | error: URIError: The URI to be decoded is not a valid encoding | user agent: Mozilla/4.0 (compatible; MSIE 7.0; Windows NT 6.2; WOW64; Trident/7.0; .NET4.0C; .NET4.0E; .NET CLR 2.0.50727; .NET CLR 3.0.30729; .NET CLR 3.5.30729; Tablet PC 2.0)
Game start took 32.8s
runtime error: 
[22:57:38]nothing to animate
[22:57:38]proc name: shake camera (/proc/shake_camera)
[22:57:38]  source file: mob_helpers.dm,270
[22:57:38]  usr: (src)
[22:57:38]  src: null
[22:57:38]  call stack:
[22:57:38]shake camera(Jakob Curry (/mob/living/carbon/human), 0.75, 1)
[22:57:38]Jakob Curry (/mob/living/carbon/human): afterShuttleMove(space (17,18,13) (/turf/open/space/transit/west), /list (/list), 8, 8, 8, 0)
[22:57:38]Jakob Curry (/mob/living/carbon/human): afterShuttleMove(space (17,18,13) (/turf/open/space/transit/west), /list (/list), 8, 8, 8, 0)
[22:57:38]the arrivals shuttle (/obj/docking_port/mobile/arrivals): cleanup runway(the arrivals (/obj/docking_port/stationary), /list (/list), /list (/list), /list (/list), /list (/list), 0, 8, Space (/area/space), /turf/open/space/transit/west (/turf/open/space/transit/west), /turf/open/space (/turf/open/space))
[22:57:38]the arrivals shuttle (/obj/docking_port/mobile/arrivals): initiate docking(the arrivals (/obj/docking_port/stationary), 8, 0)
[22:57:38]the arrivals shuttle (/obj/docking_port/mobile/arrivals): initiate docking(the arrivals (/obj/docking_port/stationary), 8)
[22:57:38]the arrivals shuttle (/obj/docking_port/mobile/arrivals): check()
[22:57:38]the arrivals shuttle (/obj/docking_port/mobile/arrivals): check()
[22:57:38]Shuttle (/datum/controller/subsystem/shuttle): fire(0)
[22:57:38]Shuttle (/datum/controller/subsystem/shuttle): ignite(0)
## WARNING: build_pipeline(): /obj/machinery/atmospherics/pipe/simple/yellow/visible added to a pipenet while still having one. (pipes leading to the same spot stacking in one turf) Nearby: (135, 100, 2)
## WARNING: build_pipeline(): /obj/machinery/atmospherics/pipe/manifold/yellow/visible added to a pipenet while still having one. (pipes leading to the same spot stacking in one turf) Nearby: (133, 100, 2)
## WARNING: build_pipeline(): /obj/machinery/atmospherics/pipe/manifold/yellow/visible added to a pipenet while still having one. (pipes leading to the same spot stacking in one turf) Nearby: (136, 100, 2)
## WARNING: build_pipeline(): /obj/machinery/atmospherics/pipe/simple/yellow/visible added to a pipenet while still having one. (pipes leading to the same spot stacking in one turf) Nearby: (132, 100, 2)
## WARNING: build_pipeline(): /obj/machinery/atmospherics/pipe/simple/yellow/visible added to a pipenet while still having one. (pipes leading to the same spot stacking in one turf) Nearby: (137, 100, 2)
## WARNING: build_pipeline(): /obj/machinery/atmospherics/pipe/manifold/yellow/visible added to a pipenet while still having one. (pipes leading to the same spot stacking in one turf) Nearby: (132, 99, 2)
## WARNING: build_pipeline(): /obj/machinery/atmospherics/pipe/simple/yellow/visible added to a pipenet while still having one. (pipes leading to the same spot stacking in one turf) Nearby: (138, 100, 2)
## WARNING: build_pipeline(): /obj/machinery/atmospherics/pipe/simple/yellow/visible added to a pipenet while still having one. (pipes leading to the same spot stacking in one turf) Nearby: (132, 98, 2)
## WARNING: build_pipeline(): /obj/machinery/atmospherics/pipe/simple added to a pipenet while still having one. (pipes leading to the same spot stacking in one turf) Nearby: (139, 100, 2)
## WARNING: build_pipeline(): /obj/machinery/atmospherics/pipe/simple/yellow/visible added to a pipenet while still having one. (pipes leading to the same spot stacking in one turf) Nearby: (131, 98, 2)
## WARNING: build_pipeline(): further messages about pipenets will be supressed
runtime error: 
[23:00:29]nothing to animate
[23:00:29]proc name: shake camera (/proc/shake_camera)
[23:00:29]  source file: mob_helpers.dm,270
[23:00:29]  usr: (src)
[23:00:29]  src: null
[23:00:29]  call stack:
[23:00:29]shake camera(Sean Logue (/mob/living/carbon/human), 0.75, 1)
[23:00:29]Sean Logue (/mob/living/carbon/human): afterShuttleMove(space (18,20,13) (/turf/open/space/transit/west), /list (/list), 8, 8, 8, 0)
[23:00:29]Sean Logue (/mob/living/carbon/human): afterShuttleMove(space (18,20,13) (/turf/open/space/transit/west), /list (/list), 8, 8, 8, 0)
[23:00:29]the arrivals shuttle (/obj/docking_port/mobile/arrivals): cleanup runway(the arrivals (/obj/docking_port/stationary), /list (/list), /list (/list), /list (/list), /list (/list), 0, 8, Space (/area/space), /turf/open/space/transit/west (/turf/open/space/transit/west), /turf/open/space (/turf/open/space))
[23:00:29]the arrivals shuttle (/obj/docking_port/mobile/arrivals): initiate docking(the arrivals (/obj/docking_port/stationary), 8, 0)
[23:00:29]the arrivals shuttle (/obj/docking_port/mobile/arrivals): initiate docking(the arrivals (/obj/docking_port/stationary), 8)
[23:00:29]the arrivals shuttle (/obj/docking_port/mobile/arrivals): check()
[23:00:29]the arrivals shuttle (/obj/docking_port/mobile/arrivals): check()
[23:00:29]Shuttle (/datum/controller/subsystem/shuttle): fire(0)
[23:00:29]Shuttle (/datum/controller/subsystem/shuttle): ignite(0)
runtime error: 
[23:01:04]nothing to animate
[23:01:04]proc name: shake camera (/proc/shake_camera)
[23:01:04]  source file: mob_helpers.dm,270
[23:01:04]  usr: (src)
[23:01:04]  src: null
[23:01:04]  call stack:
[23:01:04]shake camera(Rachael Watson (/mob/living/carbon/human), 0.75, 1)
[23:01:04]Rachael Watson (/mob/living/carbon/human): afterShuttleMove(space (27,19,13) (/turf/open/space/transit/west), /list (/list), 8, 8, 8, 0)
[23:01:04]Rachael Watson (/mob/living/carbon/human): afterShuttleMove(space (27,19,13) (/turf/open/space/transit/west), /list (/list), 8, 8, 8, 0)
[23:01:04]the arrivals shuttle (/obj/docking_port/mobile/arrivals): cleanup runway(the arrivals (/obj/docking_port/stationary), /list (/list), /list (/list), /list (/list), /list (/list), 0, 8, Space (/area/space), /turf/open/space/transit/west (/turf/open/space/transit/west), /turf/open/space (/turf/open/space))
[23:01:04]the arrivals shuttle (/obj/docking_port/mobile/arrivals): initiate docking(the arrivals (/obj/docking_port/stationary), 8, 0)
[23:01:04]the arrivals shuttle (/obj/docking_port/mobile/arrivals): initiate docking(the arrivals (/obj/docking_port/stationary), 8)
[23:01:04]the arrivals shuttle (/obj/docking_port/mobile/arrivals): check()
[23:01:04]the arrivals shuttle (/obj/docking_port/mobile/arrivals): check()
[23:01:04]Shuttle (/datum/controller/subsystem/shuttle): fire(0)
[23:01:04]Shuttle (/datum/controller/subsystem/shuttle): ignite(0)
runtime error: 
[23:05:04]Cannot read null.client
[23:05:04]proc name: remove from client (/datum/action/vote/proc/remove_from_client)
[23:05:04]  source file: vote.dm,321
[23:05:04]  usr: null
[23:05:04]  src: Vote! (/datum/action/vote)
[23:05:04]  call stack:
[23:05:04]Vote! (/datum/action/vote): remove from client()
[23:05:04]Vote (/datum/controller/subsystem/vote): remove action buttons()
[23:05:04]Vote (/datum/controller/subsystem/vote): announce result()
[23:05:04]Vote (/datum/controller/subsystem/vote): result()
[23:05:04]Vote (/datum/controller/subsystem/vote): fire(0)
[23:05:04]Vote (/datum/controller/subsystem/vote): ignite(0)
[23:05:04]Master (/datum/controller/master): RunQueue()
[23:05:04]Master (/datum/controller/master): Loop()
[23:05:04]Master (/datum/controller/master): StartProcessing(0)
runtime error: 
[23:05:04]Cannot read null.client
[23:05:04]proc name: remove from client (/datum/action/vote/proc/remove_from_client)
[23:05:04]  source file: vote.dm,321
[23:05:04]  usr: null
[23:05:04]  src: Vote! (/datum/action/vote)
[23:05:04]  call stack:
[23:05:04]Vote! (/datum/action/vote): remove from client()
[23:05:04]Vote (/datum/controller/subsystem/vote): remove action buttons()
[23:05:04]Vote (/datum/controller/subsystem/vote): announce result()
[23:05:04]Vote (/datum/controller/subsystem/vote): result()
[23:05:04]Vote (/datum/controller/subsystem/vote): fire(0)
[23:05:04]Vote (/datum/controller/subsystem/vote): ignite(0)
[23:05:04]Master (/datum/controller/master): RunQueue()
[23:05:04]Master (/datum/controller/master): Loop()
[23:05:04]Master (/datum/controller/master): StartProcessing(0)
runtime error: 
[23:05:04]Cannot read null.client
[23:05:04]proc name: remove from client (/datum/action/vote/proc/remove_from_client)
[23:05:04]  source file: vote.dm,321
[23:05:04]  usr: null
[23:05:04]  src: Vote! (/datum/action/vote)
[23:05:04]  call stack:
[23:05:04]Vote! (/datum/action/vote): remove from client()
[23:05:04]Vote (/datum/controller/subsystem/vote): remove action buttons()
[23:05:04]Vote (/datum/controller/subsystem/vote): announce result()
[23:05:04]Vote (/datum/controller/subsystem/vote): result()
[23:05:04]Vote (/datum/controller/subsystem/vote): fire(0)
[23:05:04]Vote (/datum/controller/subsystem/vote): ignite(0)
[23:05:04]Master (/datum/controller/master): RunQueue()
[23:05:04]Master (/datum/controller/master): Loop()
[23:05:04]Master (/datum/controller/master): StartProcessing(0)
runtime error: 
[23:05:04]Cannot read null.client
[23:05:04]proc name: remove from client (/datum/action/vote/proc/remove_from_client)
[23:05:04]  source file: vote.dm,321
[23:05:04]  usr: null
[23:05:04]  src: Vote! (/datum/action/vote)
[23:05:04]  call stack:
[23:05:04]Vote! (/datum/action/vote): remove from client()
[23:05:04]Vote (/datum/controller/subsystem/vote): remove action buttons()
[23:05:04]Vote (/datum/controller/subsystem/vote): announce result()
[23:05:04]Vote (/datum/controller/subsystem/vote): result()
[23:05:04]Vote (/datum/controller/subsystem/vote): fire(0)
[23:05:04]Vote (/datum/controller/subsystem/vote): ignite(0)
[23:05:04]Master (/datum/controller/master): RunQueue()
[23:05:04]Master (/datum/controller/master): Loop()
[23:05:04]Master (/datum/controller/master): StartProcessing(0)
runtime error: 
[23:05:04]Cannot read null.client
[23:05:04]proc name: remove from client (/datum/action/vote/proc/remove_from_client)
[23:05:04]  source file: vote.dm,321
[23:05:04]  usr: null
[23:05:04]  src: Vote! (/datum/action/vote)
[23:05:04]  call stack:
[23:05:04]Vote! (/datum/action/vote): remove from client()
[23:05:04]Vote (/datum/controller/subsystem/vote): remove action buttons()
[23:05:04]Vote (/datum/controller/subsystem/vote): announce result()
[23:05:04]Vote (/datum/controller/subsystem/vote): result()
[23:05:04]Vote (/datum/controller/subsystem/vote): fire(0)
[23:05:04]Vote (/datum/controller/subsystem/vote): ignite(0)
[23:05:04]Master (/datum/controller/master): RunQueue()
[23:05:04]Master (/datum/controller/master): Loop()
[23:05:04]Master (/datum/controller/master): StartProcessing(0)
runtime error: 
[23:06:13]addtimer called with a callback assigned to a qdeleted object
[23:06:13]proc name: stack trace (/proc/stack_trace)
[23:06:13]  source file: unsorted.dm,1254
[23:06:13]  usr: (src)
[23:06:13]  src: null
[23:06:13]  call stack:
[23:06:13]stack trace("addtimer called with a callbac...")
[23:06:13]addtimer(/datum/callback (/datum/callback), 20, 0)
[23:06:13]/datum/effect_system/spark_spr... (/datum/effect_system/spark_spread): generate effect()
[23:06:13]world: ImmediateInvokeAsync(/datum/effect_system/spark_spr... (/datum/effect_system/spark_spread), /datum/effect_system/proc/gene... (/datum/effect_system/proc/generate_effect))
runtime error: 
[23:11:17]nothing to animate
[23:11:17]proc name: shake camera (/proc/shake_camera)
[23:11:17]  source file: mob_helpers.dm,270
[23:11:17]  usr: (src)
[23:11:17]  src: null
[23:11:17]  call stack:
[23:11:17]shake camera(Priest Gravity (/mob/living/carbon/human), 0.75, 1)
[23:11:17]Priest Gravity (/mob/living/carbon/human): afterShuttleMove(space (25,19,13) (/turf/open/space/transit/west), /list (/list), 8, 8, 8, 0)
[23:11:17]Priest Gravity (/mob/living/carbon/human): afterShuttleMove(space (25,19,13) (/turf/open/space/transit/west), /list (/list), 8, 8, 8, 0)
[23:11:17]the arrivals shuttle (/obj/docking_port/mobile/arrivals): cleanup runway(the arrivals (/obj/docking_port/stationary), /list (/list), /list (/list), /list (/list), /list (/list), 0, 8, Space (/area/space), /turf/open/space/transit/west (/turf/open/space/transit/west), /turf/open/space (/turf/open/space))
[23:11:17]the arrivals shuttle (/obj/docking_port/mobile/arrivals): initiate docking(the arrivals (/obj/docking_port/stationary), 8, 0)
[23:11:17]the arrivals shuttle (/obj/docking_port/mobile/arrivals): initiate docking(the arrivals (/obj/docking_port/stationary), 8)
[23:11:17]the arrivals shuttle (/obj/docking_port/mobile/arrivals): check()
[23:11:17]the arrivals shuttle (/obj/docking_port/mobile/arrivals): check()
[23:11:17]Shuttle (/datum/controller/subsystem/shuttle): fire(0)
[23:11:17]Shuttle (/datum/controller/subsystem/shuttle): ignite(0)
runtime error: 
[23:15:51]Cannot read null.loc
[23:15:51]proc name: update parallax (/datum/hud/proc/update_parallax)
[23:15:51]  source file: parallax.dm,170
[23:15:51]  usr: Neeus-Meeus (/mob/living/brain)
[23:15:51]  src: /datum/hud (/datum/hud)
[23:15:51]  usr.loc: Neeus-Meeus\'s brain (/obj/item/organ/brain)
[23:15:51]  call stack:
[23:15:51]/datum/hud (/datum/hud): update parallax()
[23:15:51]/datum/hud (/datum/hud): update parallax pref(Neeus-Meeus (/mob/living/brain))
[23:15:51]/datum/hud (/datum/hud): show hud(1, null)
[23:15:51]Neeus-Meeus (/mob/living/brain): Login()
[23:15:51]Neeus-Meeus (/mob/living/brain): Login()
[23:15:51]Neeus-Meeus (/datum/mind): transfer to(Neeus-Meeus (/mob/living/brain), 0)
[23:15:51]Neeus-Meeus\'s brain (/obj/item/organ/brain): transfer identity(Neeus-Meeus (/mob/living/carbon/human))
[23:15:51]Neeus-Meeus\'s brain (/obj/item/organ/brain): Remove(Neeus-Meeus (/mob/living/carbon/human), 0, 0)
[23:15:51]Neeus-Meeus\'s brain (/obj/item/organ/brain): transfer to limb(Neeus-Meeus\'s head (/obj/item/bodypart/head), Neeus-Meeus (/mob/living/carbon/human))
[23:15:51]Neeus-Meeus\'s head (/obj/item/bodypart/head): drop limb(null)
[23:15:51]Neeus-Meeus\'s head (/obj/item/bodypart/head): drop limb(null)
[23:15:51]Neeus-Meeus (/mob/living/carbon/human): spread bodyparts(null, null)
[23:15:51]Neeus-Meeus (/mob/living/carbon/human): gib(null, null, null)
[23:15:51]Neeus-Meeus (/mob/living/carbon/human): gib(null, null, null)
[23:15:51]the blood-drunk miner (/mob/living/simple_animal/hostile/megafauna/blood_drunk_miner): AttackingTarget()
[23:15:51]the blood-drunk miner (/mob/living/simple_animal/hostile/megafauna/blood_drunk_miner): quick attack loop()
[23:15:51]world: ImmediateInvokeAsync(the blood-drunk miner (/mob/living/simple_animal/hostile/megafauna/blood_drunk_miner), /mob/living/simple_animal/host... (/mob/living/simple_animal/hostile/megafauna/blood_drunk_miner/proc/quick_attack_loop))
runtime error: 
[23:16:12]nothing to animate
[23:16:12]proc name: shake camera (/proc/shake_camera)
[23:16:12]  source file: mob_helpers.dm,270
[23:16:12]  usr: (src)
[23:16:12]  src: null
[23:16:12]  call stack:
[23:16:12]shake camera(Percivel Naasch (/mob/living/carbon/human), 0.75, 1)
[23:16:12]Percivel Naasch (/mob/living/carbon/human): afterShuttleMove(space (50,20,13) (/turf/open/space/transit/north), /list (/list), 8, 1, 1, 0)
[23:16:12]Percivel Naasch (/mob/living/carbon/human): afterShuttleMove(space (50,20,13) (/turf/open/space/transit/north), /list (/list), 8, 1, 1, 0)
[23:16:12]the mining shuttle (/obj/docking_port/mobile): cleanup runway(the mining shuttle bay (/obj/docking_port/stationary), /list (/list), /list (/list), /list (/list), /list (/list), 0, 1, Space (/area/space), /turf/open/space/transit/north (/turf/open/space/transit/north), /turf/open/space (/turf/open/space))
[23:16:12]the mining shuttle (/obj/docking_port/mobile): initiate docking(the mining shuttle bay (/obj/docking_port/stationary), 1, 0)
[23:16:12]the mining shuttle (/obj/docking_port/mobile): check()
[23:16:12]Shuttle (/datum/controller/subsystem/shuttle): fire(0)
[23:16:12]Shuttle (/datum/controller/subsystem/shuttle): ignite(0)
runtime error: 
[23:18:45]nothing to animate
[23:18:45]proc name: shake camera (/proc/shake_camera)
[23:18:45]  source file: mob_helpers.dm,270
[23:18:45]  usr: (src)
[23:18:45]  src: null
[23:18:45]  call stack:
[23:18:45]shake camera(The Dorkness (/mob/living/carbon/human), 0.75, 1)
[23:18:45]The Dorkness (/mob/living/carbon/human): afterShuttleMove(space (23,18,13) (/turf/open/space/transit/west), /list (/list), 8, 8, 8, 0)
[23:18:45]The Dorkness (/mob/living/carbon/human): afterShuttleMove(space (23,18,13) (/turf/open/space/transit/west), /list (/list), 8, 8, 8, 0)
[23:18:45]the arrivals shuttle (/obj/docking_port/mobile/arrivals): cleanup runway(the arrivals (/obj/docking_port/stationary), /list (/list), /list (/list), /list (/list), /list (/list), 0, 8, Space (/area/space), /turf/open/space/transit/west (/turf/open/space/transit/west), /turf/open/space (/turf/open/space))
[23:18:45]the arrivals shuttle (/obj/docking_port/mobile/arrivals): initiate docking(the arrivals (/obj/docking_port/stationary), 8, 0)
[23:18:45]the arrivals shuttle (/obj/docking_port/mobile/arrivals): initiate docking(the arrivals (/obj/docking_port/stationary), 8)
[23:18:45]the arrivals shuttle (/obj/docking_port/mobile/arrivals): check()
[23:18:45]the arrivals shuttle (/obj/docking_port/mobile/arrivals): check()
[23:18:45]Shuttle (/datum/controller/subsystem/shuttle): fire(0)
[23:18:45]Shuttle (/datum/controller/subsystem/shuttle): ignite(0)
runtime error: 
[23:19:09]nothing to animate
[23:19:09]proc name: shake camera (/proc/shake_camera)
[23:19:09]  source file: mob_helpers.dm,270
[23:19:09]  usr: (src)
[23:19:09]  src: null
[23:19:09]  call stack:
[23:19:09]shake camera(Percivel Naasch (/mob/living/carbon/human), 0.75, 1)
[23:19:09]Percivel Naasch (/mob/living/carbon/human): afterShuttleMove(space (18,20,13) (/turf/open/space/transit/north), /list (/list), 8, 1, 1, 0)
[23:19:09]Percivel Naasch (/mob/living/carbon/human): afterShuttleMove(space (18,20,13) (/turf/open/space/transit/north), /list (/list), 8, 1, 1, 0)
[23:19:09]the mining shuttle (/obj/docking_port/mobile): cleanup runway(the mining shuttle bay (/obj/docking_port/stationary), /list (/list), /list (/list), /list (/list), /list (/list), 0, 1, Space (/area/space), /turf/open/space/transit/north (/turf/open/space/transit/north), /turf/open/space (/turf/open/space))
[23:19:09]the mining shuttle (/obj/docking_port/mobile): initiate docking(the mining shuttle bay (/obj/docking_port/stationary), 1, 0)
[23:19:09]the mining shuttle (/obj/docking_port/mobile): check()
[23:19:09]Shuttle (/datum/controller/subsystem/shuttle): fire(0)
[23:19:09]Shuttle (/datum/controller/subsystem/shuttle): ignite(0)
runtime error: 
[23:22:36]nothing to animate
[23:22:36]proc name: shake camera (/proc/shake_camera)
[23:22:36]  source file: mob_helpers.dm,270
[23:22:36]  usr: (src)
[23:22:36]  src: null
[23:22:36]  call stack:
[23:22:36]shake camera(Lana Werner (/mob/living/carbon/human), 0.75, 1)
[23:22:36]Lana Werner (/mob/living/carbon/human): afterShuttleMove(space (49,18,13) (/turf/open/space/transit/west), /list (/list), 8, 8, 8, 0)
[23:22:36]Lana Werner (/mob/living/carbon/human): afterShuttleMove(space (49,18,13) (/turf/open/space/transit/west), /list (/list), 8, 8, 8, 0)
[23:22:36]the arrivals shuttle (/obj/docking_port/mobile/arrivals): cleanup runway(the arrivals (/obj/docking_port/stationary), /list (/list), /list (/list), /list (/list), /list (/list), 0, 8, Space (/area/space), /turf/open/space/transit/west (/turf/open/space/transit/west), /turf/open/space (/turf/open/space))
[23:22:36]the arrivals shuttle (/obj/docking_port/mobile/arrivals): initiate docking(the arrivals (/obj/docking_port/stationary), 8, 0)
[23:22:36]the arrivals shuttle (/obj/docking_port/mobile/arrivals): initiate docking(the arrivals (/obj/docking_port/stationary), 8)
[23:22:36]the arrivals shuttle (/obj/docking_port/mobile/arrivals): check()
[23:22:36]the arrivals shuttle (/obj/docking_port/mobile/arrivals): check()
[23:22:36]Shuttle (/datum/controller/subsystem/shuttle): fire(0)
[23:22:36]Shuttle (/datum/controller/subsystem/shuttle): ignite(0)
runtime error: 
[23:26:04]nothing to animate
[23:26:04]proc name: shake camera (/proc/shake_camera)
[23:26:04]  source file: mob_helpers.dm,270
[23:26:04]  usr: (src)
[23:26:04]  src: null
[23:26:04]  call stack:
[23:26:04]shake camera(Percivel Naasch (/mob/living/carbon/human), 0.75, 1)
[23:26:04]Percivel Naasch (/mob/living/carbon/human): afterShuttleMove(space (50,20,13) (/turf/open/space/transit/north), /list (/list), 8, 1, 1, 0)
[23:26:04]Percivel Naasch (/mob/living/carbon/human): afterShuttleMove(space (50,20,13) (/turf/open/space/transit/north), /list (/list), 8, 1, 1, 0)
[23:26:04]the mining shuttle (/obj/docking_port/mobile): cleanup runway(the lavaland mine (/obj/docking_port/stationary), /list (/list), /list (/list), /list (/list), /list (/list), 0, 1, Space (/area/space), /turf/open/space/transit/north (/turf/open/space/transit/north), /turf/open/space (/turf/open/space))
[23:26:04]the mining shuttle (/obj/docking_port/mobile): initiate docking(the lavaland mine (/obj/docking_port/stationary), 1, 0)
[23:26:04]the mining shuttle (/obj/docking_port/mobile): check()
[23:26:04]Shuttle (/datum/controller/subsystem/shuttle): fire(0)
[23:26:04]Shuttle (/datum/controller/subsystem/shuttle): ignite(0)
runtime error: 
[23:26:42]nothing to animate
[23:26:42]proc name: shake camera (/proc/shake_camera)
[23:26:42]  source file: mob_helpers.dm,270
[23:26:42]  usr: (src)
[23:26:42]  src: null
[23:26:42]  call stack:
[23:26:42]shake camera(Percivel Naasch (/mob/living/carbon/human), 0.75, 1)
[23:26:42]Percivel Naasch (/mob/living/carbon/human): afterShuttleMove(space (50,20,13) (/turf/open/space/transit/north), /list (/list), 8, 1, 1, 0)
[23:26:42]Percivel Naasch (/mob/living/carbon/human): afterShuttleMove(space (50,20,13) (/turf/open/space/transit/north), /list (/list), 8, 1, 1, 0)
[23:26:42]the mining shuttle (/obj/docking_port/mobile): cleanup runway(the mining shuttle bay (/obj/docking_port/stationary), /list (/list), /list (/list), /list (/list), /list (/list), 0, 1, Space (/area/space), /turf/open/space/transit/north (/turf/open/space/transit/north), /turf/open/space (/turf/open/space))
[23:26:42]the mining shuttle (/obj/docking_port/mobile): initiate docking(the mining shuttle bay (/obj/docking_port/stationary), 1, 0)
[23:26:42]the mining shuttle (/obj/docking_port/mobile): check()
[23:26:42]Shuttle (/datum/controller/subsystem/shuttle): fire(0)
[23:26:42]Shuttle (/datum/controller/subsystem/shuttle): ignite(0)
runtime error: 
[23:29:35]log(-1.59769) is not computable
[23:29:35]proc name: heat2colour g (/proc/heat2colour_g)
[23:29:35]  source file: type2type.dm,419
[23:29:35]  usr: (src)
[23:29:35]  src: null
[23:29:35]  call stack:
[23:29:35]heat2colour g(-1.59769)
[23:29:35]the hotspot (/obj/effect/hotspot): update color()
[23:29:35]the hotspot (/obj/effect/hotspot): process()
[23:29:35]Atmospherics (/datum/controller/subsystem/air): process hotspots(0)
[23:29:35]Atmospherics (/datum/controller/subsystem/air): fire(0)
[23:29:35]Atmospherics (/datum/controller/subsystem/air): ignite(1)
[23:29:35]Master (/datum/controller/master): RunQueue()
[23:29:35]Master (/datum/controller/master): Loop()
[23:29:35]Master (/datum/controller/master): StartProcessing(0)
Saved 99 engraved messages on map Box Station
## WARNING: couldn't find shuttle with id:  in code/controllers/subsystem/shuttle.dm at line 209 src: Shuttle usr: The Dorkness.
Shutting down Persistence subsystem...
Shutting down pathfinder subsystem...
Shutting down Squeak subsystem...
Shutting down Shuttle subsystem...
Shutting down Lighting subsystem...
Shutting down XKeyScore subsystem...
Shutting down Sticky Ban subsystem...
Shutting down Overlay subsystem...
Shutting down Icon Smoothing subsystem...
Shutting down Assets subsystem...
Shutting down Minimap subsystem...
Shutting down Atmospherics subsystem...
Shutting down Wet floors subsystem...
Shutting down Weather subsystem...
Shutting down Vote subsystem...
Shutting down Traumas subsystem...
Shutting down Title Screen subsystem...
Shutting down Time Tracking subsystem...
Shutting down Throwing subsystem...
Shutting down tgui subsystem...
Shutting down Sun subsystem...
Shutting down Space Drift subsystem...
Shutting down Religion subsystem...
Shutting down Radio subsystem...
Shutting down Radiation subsystem...
Shutting down Projectiles subsystem...
Shutting down Processing subsystem...
Shutting down Parallax subsystem...
Shutting down pAI subsystem...
Shutting down Orbits subsystem...
Shutting down Objects subsystem...
Shutting down NPC Pool subsystem...
Shutting down Night Shift subsystem...
Shutting down Mood subsystem...
Shutting down Mobs subsystem...
Shutting down Medals subsystem...
Shutting down Inbounds subsystem...
Shutting down Idling NPC Pool subsystem...
Shutting down Flightpack Movement subsystem...
Shutting down Fire Burning subsystem...
Shutting down Fields subsystem...
Shutting down Fast Processing subsystem...
Shutting down Disease subsystem...
Shutting down Communications subsystem...
Shutting down Augury subsystem...
Shutting down Acid subsystem...
Shutting down Timer subsystem...
Shutting down Circuit subsystem...
Shutting down Machines subsystem...
Shutting down Language subsystem...
Shutting down Atoms subsystem...
Shutting down Networks subsystem...
Shutting down Mapping subsystem...
Shutting down Ticker subsystem...
Shutting down Traits subsystem...
Shutting down Jobs subsystem...
Shutting down Events subsystem...
Shutting down Research subsystem...
Shutting down Input subsystem...
Shutting down Server Tasks subsystem...
Shutting down Blackbox subsystem...
Shutting down Database subsystem...
Shutting down Garbage subsystem...
Shutdown complete
World rebooted at 23:37:46
