Path : /mob/dview 
- Didn't call atom/Initialize()
- Didn't return an Initialize hint
Path : /obj/screen/movable/action_button/hide_toggle 
- Qdel'd in New()
Path : /obj/screen/plane_master/game_world 
- Qdel'd in New()
Path : /obj/screen/plane_master/lighting 
- Qdel'd in New()
Path : /obj/screen/plane_master/parallax 
- Qdel'd in New()
Path : /obj/screen/plane_master/parallax_white 
- Qdel'd in New()
Path : /obj/item/construction/rcd/internal 
- Didn't return an Initialize hint
Path : /obj/item/construction/rcd 
- Didn't return an Initialize hint
Path : /obj/effect/decal/cleanable/blood 
- Qdel'd in New()
Path : /obj/item/construction/rcd/loaded 
- Didn't return an Initialize hint
Path : /obj/machinery/telecomms/allinone 
- Didn't return an Initialize hint
Path : /obj/effect/decal/cleanable/dirt 
- Qdel'd in New()
Path : /obj/item/paper/crumpled/bloody 
- Qdel'd in New()
Path : /obj/effect/decal/cleanable/blood/gibs/limb 
- Qdel'd in New()
Path : /obj/machinery/door/airlock/engineering/glass 
- Qdel'd in New()
Path : /obj/item/clothing/head/welding 
- Qdel'd in New()
Path : /obj/machinery/suit_storage_unit/standard_unit 
- Qdel'd in New()
Path : /obj/effect/turf_decal/bot 
- Qdel'd in New()
Path : /obj/effect/turf_decal/stripes/line 
- Qdel'd in New()
Path : /obj/effect/spawner/structure/window/shuttle 
- Qdel'd in New()
Path : /obj/effect/decal/cleanable/greenglow 
- Qdel'd in New()
Path : /obj/effect/decal/cleanable/blood/gibs/down 
- Qdel'd in New()
Path : /obj/structure/closet/crate/science 
- Qdel'd in New()
Path : /obj/effect/decal/cleanable/leaper_sludge 
- Qdel'd in New()
Path : /obj/structure/closet/crate/engineering 
- Qdel'd in New()
Path : /obj/structure/table 
- Qdel'd in New()
Path : /obj/item/stack/sheet/metal/fifty 
- Qdel'd in New()
Path : /obj/item/stack/sheet/glass/fifty 
- Qdel'd in New()
Path : /obj/item/stack/sheet/rglass 
- Qdel'd in New()
Path : /obj/structure/light_construct 
- Qdel'd in New()
Path : /obj/effect/decal/cleanable/oil 
- Qdel'd in New()
Path : /obj/structure/sink 
- Qdel'd in New()
Path : /obj/structure/closet/secure_closet/medical2 
- Qdel'd in New()
Path : /obj/structure/sign/departments/medbay/alt 
- Qdel'd in New()
Path : /obj/structure/sign/departments/engineering 
- Qdel'd in New()
Path : /obj/machinery/autolathe 
- Qdel'd in New()
Path : /obj/structure/tank_dispenser 
- Qdel'd in New()
Path : /obj/machinery/portable_atmospherics/canister/oxygen 
- Qdel'd in New()
Path : /obj/machinery/light/small 
- Qdel'd in New()
Path : /obj/machinery/iv_drip 
- Qdel'd in New()
Path : /obj/machinery/vending/wallmed 
- Qdel'd in New()
Path : /obj/item/stack/cable_coil/random 
- Qdel'd in New()
Path : /obj/machinery/door/airlock/medical/glass 
- Qdel'd in New()
Path : /obj/effect/decal/cleanable/blood/old 
- Qdel'd in New()
Path : /obj/item/clothing/head/helmet/swat/nanotrasen 
- Qdel'd in New()
Path : /obj/structure/grille 
- Qdel'd in New()
Path : /obj/structure/window/shuttle 
- Qdel'd in New()
Path : /obj/structure/frame/computer 
- Qdel'd in New()
Path : /obj/item/circuitboard/computer/operating 
- Qdel'd in New()
Path : /obj/effect/decal/cleanable/vomit/old 
- Qdel'd in New()
Path : /obj/machinery/sleeper 
- Qdel'd in New()
Path : /obj/item/clothing/suit/armor/vest 
- Qdel'd in New()
Path : /obj/effect/decal/cleanable/blood/gibs/body 
- Qdel'd in New()
Path : /obj/item/crowbar/red 
- Qdel'd in New()
Path : /obj/effect/mapping_helpers/airlock/cyclelink_helper 
- Qdel'd in New()
Path : /obj/machinery/door/airlock/titanium 
- Qdel'd in New()
Path : /obj/structure/table/optable 
- Qdel'd in New()
Path : /obj/item/defibrillator/loaded 
- Qdel'd in New()
Path : /obj/item/reagent_containers/spray/cleaner 
- Qdel'd in New()
Path : /obj/item/storage/backpack/duffelbag/med/surgery 
- Qdel'd in New()
Path : /obj/item/gun/energy/e_gun/mini 
- Qdel'd in New()
Path : /obj/effect/decal/cleanable/robot_debris 
- Qdel'd in New()
Path : /obj/effect/decal/cleanable/cobweb/cobweb2 
- Qdel'd in New()
Path : /obj/structure/closet/emcloset/anchored 
- Qdel'd in New()
Path : /obj/structure/sign/warning/vacuum 
- Qdel'd in New()
Path : /obj/item/clothing/gloves/color/latex/nitrile 
- Qdel'd in New()
Path : /obj/item/clothing/mask/surgical 
- Qdel'd in New()
Path : /obj/item/clothing/suit/apron/surgical 
- Qdel'd in New()
Path : /obj/structure/closet/crate/freezer/blood 
- Qdel'd in New()
Path : /obj/machinery/light/built 
- Qdel'd in New()
Path : /obj/item/clothing/gloves/color/black 
- Qdel'd in New()
Path : /obj/machinery/door/airlock/glass 
- Qdel'd in New()
Path : /obj/machinery/vending/boozeomat 
- Qdel'd in New()
Path : /obj/structure/mirror 
- Qdel'd in New()
Path : /obj/structure/urinal 
- Qdel'd in New()
Path : /obj/structure/bed 
- Qdel'd in New()
Path : /obj/item/mop 
- Qdel'd in New()
Path : /obj/item/device/gps 
- Qdel'd in New()
Path : /obj/machinery/light 
- Qdel'd in New()
Path : /obj/item/bikehorn/rubberducky 
- Qdel'd in New()
Path : /obj/structure/bedsheetbin 
- Qdel'd in New()
Path : /obj/item/toy/cards/deck 
- Qdel'd in New()
Path : /obj/item/gun/energy/floragun 
- Qdel'd in New()
Path : /obj/machinery/door/airlock 
- Qdel'd in New()
Path : /obj/structure/mopbucket 
- Qdel'd in New()
Path : /obj/item/storage/pill_bottle/dice 
- Qdel'd in New()
Path : /obj/item/wrench 
- Qdel'd in New()
Path : /obj/item/crowbar 
- Qdel'd in New()
Path : /obj/item/clothing/suit/apron 
- Qdel'd in New()
Path : /obj/item/shovel/spade 
- Qdel'd in New()
Path : /obj/item/cultivator 
- Qdel'd in New()
Path : /obj/item/device/plant_analyzer 
- Qdel'd in New()
Path : /obj/item/wirecutters 
- Qdel'd in New()
Path : /obj/item/storage/box/donkpockets 
- Qdel'd in New()
Path : /obj/machinery/microwave 
- Qdel'd in New()
Path : /obj/structure/light_construct/small 
- Qdel'd in New()
Path : /obj/effect/decal/cleanable/cobweb 
- Qdel'd in New()
Path : /obj/structure/toilet 
- Qdel'd in New()
Path : /obj/structure/closet/wardrobe 
- Qdel'd in New()
Path : /obj/item/clothing/under/trek/command/next 
- Qdel'd in New()
Path : /obj/item/clothing/under/trek/engsec/next 
- Qdel'd in New()
Path : /obj/item/clothing/under/trek/medsci/next 
- Qdel'd in New()
Path : /obj/item/clothing/shoes/jackboots 
- Qdel'd in New()
Path : /obj/effect/spawner/lootdrop/costume 
- Qdel'd in New()
Path : /obj/item/clothing/under/rank/centcom_commander 
- Qdel'd in New()
Path : /obj/item/clothing/under/rank/centcom_officer 
- Qdel'd in New()
Path : /obj/item/clothing/head/centhat 
- Qdel'd in New()
Path : /obj/structure/reagent_dispensers/beerkeg 
- Qdel'd in New()
Path : /obj/item/storage/bag/plants/portaseeder 
- Qdel'd in New()
Path : /obj/item/reagent_containers/spray/plantbgone 
- Qdel'd in New()
Path : /obj/item/reagent_containers/glass/bottle/nutrient/ez 
- Qdel'd in New()
Path : /obj/item/reagent_containers/glass/bottle/nutrient/rh 
- Qdel'd in New()
Path : /obj/item/reagent_containers/glass/bucket 
- Qdel'd in New()
Path : /obj/machinery/reagentgrinder 
- Qdel'd in New()
Path : /obj/item/soap 
- Qdel'd in New()
Path : /obj/structure/curtain 
- Qdel'd in New()
Path : /obj/machinery/shower 
- Qdel'd in New()
Path : /obj/machinery/vending/hydroseeds 
- Qdel'd in New()
Path : /obj/structure/closet/crate/hydroponics 
- Qdel'd in New()
Path : /obj/item/circuitboard/machine/hydroponics 
- Qdel'd in New()
Path : /obj/item/circuitboard/machine/gibber 
- Qdel'd in New()
Path : /obj/structure/closet/crate 
- Qdel'd in New()
Path : /obj/item/storage/toolbox/emergency 
- Qdel'd in New()
Path : /obj/item/device/flashlight/flare 
- Qdel'd in New()
Path : /obj/effect/spawner/lootdrop/maintenance 
- Qdel'd in New()
Path : /obj/item/extinguisher 
- Qdel'd in New()
Path : /obj/item/storage/box/hug/medical 
- Qdel'd in New()
Path : /obj/machinery/door/airlock/maintenance/glass 
- Qdel'd in New()
Path : /obj/effect/decal/cleanable/blood/tracks 
- Qdel'd in New()
Path : /obj/structure/sink/kitchen 
- Qdel'd in New()
Path : /obj/item/grenade/chem_grenade/metalfoam 
- Qdel'd in New()
Path : /obj/item/relic 
- Qdel'd in New()
Path : /obj/item/device/t_scanner 
- Qdel'd in New()
Path : /obj/item/storage/box/lights/mixed 
- Qdel'd in New()
Path : /obj/structure/closet/firecloset/full 
- Qdel'd in New()
Path : /obj/structure/window/reinforced 
- Qdel'd in New()
Path : /obj/structure/reagent_dispensers/watertank/high 
- Qdel'd in New()
Path : /obj/structure/closet/secure_closet/freezer/kitchen/mining 
- Qdel'd in New()
Path : /obj/effect/decal/cleanable/flour 
- Qdel'd in New()
Path : /obj/structure/reagent_dispensers/fueltank 
- Qdel'd in New()
Path : /obj/structure/closet/emcloset 
- Qdel'd in New()
Path : /obj/structure/shuttle/engine/heater 
- Qdel'd in New()
Path : /obj/structure/shuttle/engine/propulsion 
- Qdel'd in New()
Path : /obj/item/construction/rcd/combat/admin 
- Didn't return an Initialize hint
Path : /obj/item/melee/cultblade/dagger 
- Didn't return an Initialize hint
Path : /obj/item/construction/rcd/arcd 
- Didn't return an Initialize hint

