

Starting up round ID 1260. 00:42:10
---------------------
Initialized Database subsystem within 0 seconds!
Initialized Blackbox subsystem within 0 seconds!
Initialized Server Tasks subsystem within 0 seconds!
Initialized Input subsystem within 0 seconds!
Initialized Research subsystem within 0 seconds!
Initialized Events subsystem within 0 seconds!
Initialized Jobs subsystem within 0.1 seconds!
Initialized Traits subsystem within 0 seconds!
Initialized Ticker subsystem within 0 seconds!
Loading PubbyStation...
Loaded Station in 14.6s!
Loaded Lavaland in 7.7s!
Loaded Reebe in 7s!
Ruin loader finished with 0 left to spend.
Ruin loader finished with 0 left to spend.
Initialized Mapping subsystem within 39.7 seconds!
Initialized Networks subsystem within 0 seconds!
Initialized Atoms subsystem within 50.3 seconds!
Initialized Language subsystem within 0 seconds!
Initialized Machines subsystem within 0.3 seconds!
Initialized Circuit subsystem within 0 seconds!
Initialized Disease subsystem within 0 seconds!
Initialized Medals subsystem within 0 seconds!
Initialized Night Shift subsystem within 0 seconds!
Initialized Parallax subsystem within 0 seconds!
Initialized Traumas subsystem within 0.1 seconds!
Initialized Weather subsystem within 0 seconds!
## WARNING: There are 7 active turfs at roundstart, this is a mapping error caused by a difference of the air between the adjacent turfs. You can see its coordinates using "Mapping -> Show roundstart AT list" verb (debug verbs required)
## WARNING: HEY! LISTEN! 0 seconds were wasted processing 7 turf(s) (connected to 135 other turfs) with atmos differences at round start.
Initialized Atmospherics subsystem within 16 seconds!
Failed to find backup file for map PubbyStation on zlevel 2.
Initialized Assets subsystem within 0.9 seconds!
Initialized Icon Smoothing subsystem within 7.3 seconds!
Initialized Overlay subsystem within 28.9 seconds!
Initialized XKeyScore subsystem within 0 seconds!
Initialized Sticky Ban subsystem within 0 seconds!
Initialized Lighting subsystem within 13.1 seconds!
Initialized Shuttle subsystem within 25.3 seconds!
Initialized Squeak subsystem within 0.1 seconds!
Initialized pathfinder subsystem within 0 seconds!
Loaded 3 engraved messages on map PubbyStation
Initialized Persistence subsystem within 0 seconds!
Initializations complete within 186 seconds!
runtime error: 
[00:46:44]Cannot read null.species
[00:46:44]proc name: attach limb (/obj/item/bodypart/proc/attach_limb)
[00:46:44]  source file: dismemberment.dm,278
[00:46:44]  usr: null
[00:46:44]  src: the surplus prosthetic left ar... (/obj/item/bodypart/l_arm/robot/surplus)
[00:46:44]  src.loc: null
[00:46:44]  call stack:
[00:46:44]the surplus prosthetic left ar... (/obj/item/bodypart/l_arm/robot/surplus): attach limb( (/mob/living/carbon/human), null)
[00:46:44]the surplus prosthetic left ar... (/obj/item/bodypart/l_arm/robot/surplus): replace limb( (/mob/living/carbon/human), null)
[00:46:44]Prosthetic Limb (/datum/trait/prosthetic_limb): on spawn()
[00:46:44]Prosthetic Limb (/datum/trait/prosthetic_limb): New( (/mob/living/carbon/human), 1)
[00:46:44] (/mob/living/carbon/human): add trait datum("Prosthetic Limb", 1)
[00:46:44]Traits (/datum/controller/subsystem/processing/traits): AssignTraits( (/mob/living/carbon/human), AsciiSquid (/client), 1)
[00:46:44]Ticker (/datum/controller/subsystem/ticker): equip characters()
[00:46:44]Ticker (/datum/controller/subsystem/ticker): setup()
[00:46:44]Ticker (/datum/controller/subsystem/ticker): fire(0)
[00:46:44]Ticker (/datum/controller/subsystem/ticker): ignite(0)
Game start took 18.9s
runtime error: 
[00:48:34]nothing to animate
[00:48:34]proc name: shake camera (/proc/shake_camera)
[00:48:34]  source file: mob_helpers.dm,270
[00:48:34]  usr: (src)
[00:48:34]  src: null
[00:48:34]  call stack:
[00:48:34]shake camera(Pull-Up-Wit-A-Choppa-Let-It-Ea... (/mob/living/carbon/human), 0.75, 1)
[00:48:34]Pull-Up-Wit-A-Choppa-Let-It-Ea... (/mob/living/carbon/human): afterShuttleMove(space (49,19,13) (/turf/open/space/transit/north), /list (/list), 1, 1, 1, 0)
[00:48:34]Pull-Up-Wit-A-Choppa-Let-It-Ea... (/mob/living/carbon/human): afterShuttleMove(space (49,19,13) (/turf/open/space/transit/north), /list (/list), 1, 1, 1, 0)
[00:48:34]the monastery shuttle (/obj/docking_port/mobile): cleanup runway(the station (/obj/docking_port/stationary), /list (/list), /list (/list), /list (/list), /list (/list), 0, 1, Space (/area/space), /turf/open/space/transit/north (/turf/open/space/transit/north), /turf/open/space (/turf/open/space))
[00:48:34]the monastery shuttle (/obj/docking_port/mobile): initiate docking(the station (/obj/docking_port/stationary), 1, 0)
[00:48:34]the monastery shuttle (/obj/docking_port/mobile): check()
[00:48:34]Shuttle (/datum/controller/subsystem/shuttle): fire(0)
[00:48:34]Shuttle (/datum/controller/subsystem/shuttle): ignite(0)
runtime error: 
[00:50:59]nothing to animate
[00:50:59]proc name: shake camera (/proc/shake_camera)
[00:50:59]  source file: mob_helpers.dm,270
[00:50:59]  usr: (src)
[00:50:59]  src: null
[00:50:59]  call stack:
[00:50:59]shake camera(Slab Squatthrust (/mob/living/carbon/human), 0.75, 1)
[00:50:59]Slab Squatthrust (/mob/living/carbon/human): afterShuttleMove(space (24,19,13) (/turf/open/space/transit/west), /list (/list), 8, 8, 8, 0)
[00:50:59]Slab Squatthrust (/mob/living/carbon/human): afterShuttleMove(space (24,19,13) (/turf/open/space/transit/west), /list (/list), 8, 8, 8, 0)
[00:50:59]the pubby arrivals shuttle (/obj/docking_port/mobile/arrivals): cleanup runway(the pubby arrivals (/obj/docking_port/stationary), /list (/list), /list (/list), /list (/list), /list (/list), 0, 8, Space (/area/space), /turf/open/space/transit/west (/turf/open/space/transit/west), /turf/open/space (/turf/open/space))
[00:50:59]the pubby arrivals shuttle (/obj/docking_port/mobile/arrivals): initiate docking(the pubby arrivals (/obj/docking_port/stationary), 8, 0)
[00:50:59]the pubby arrivals shuttle (/obj/docking_port/mobile/arrivals): initiate docking(the pubby arrivals (/obj/docking_port/stationary), 8)
[00:50:59]the pubby arrivals shuttle (/obj/docking_port/mobile/arrivals): check()
[00:50:59]the pubby arrivals shuttle (/obj/docking_port/mobile/arrivals): check()
[00:50:59]Shuttle (/datum/controller/subsystem/shuttle): fire(0)
[00:50:59]Shuttle (/datum/controller/subsystem/shuttle): ignite(0)
runtime error: 
[00:51:27]nothing to animate
[00:51:27]proc name: shake camera (/proc/shake_camera)
[00:51:27]  source file: mob_helpers.dm,270
[00:51:27]  usr: (src)
[00:51:27]  src: null
[00:51:27]  call stack:
[00:51:27]shake camera(Lukas Wolfe (/mob/living/carbon/human), 0.75, 1)
[00:51:27]Lukas Wolfe (/mob/living/carbon/human): afterShuttleMove(space (18,20,13) (/turf/open/space/transit/north), /list (/list), 4, 1, 1, 180)
[00:51:27]Lukas Wolfe (/mob/living/carbon/human): afterShuttleMove(space (18,20,13) (/turf/open/space/transit/north), /list (/list), 4, 1, 1, 180)
[00:51:27]the mining shuttle (/obj/docking_port/mobile): cleanup runway(the lavaland mine (/obj/docking_port/stationary), /list (/list), /list (/list), /list (/list), /list (/list), 180, 1, Space (/area/space), /turf/open/space/transit/north (/turf/open/space/transit/north), /turf/open/space (/turf/open/space))
[00:51:27]the mining shuttle (/obj/docking_port/mobile): initiate docking(the lavaland mine (/obj/docking_port/stationary), 1, 0)
[00:51:27]the mining shuttle (/obj/docking_port/mobile): check()
[00:51:27]Shuttle (/datum/controller/subsystem/shuttle): fire(0)
[00:51:27]Shuttle (/datum/controller/subsystem/shuttle): ignite(0)
### MAP WARNING, Mining Shuttle Airlock at Mining Shuttle (54,36,5) failed to find a valid airlock to cyclelink with!
runtime error: 
[00:58:20]nothing to animate
[00:58:20]proc name: shake camera (/proc/shake_camera)
[00:58:20]  source file: mob_helpers.dm,270
[00:58:20]  usr: (src)
[00:58:20]  src: null
[00:58:20]  call stack:
[00:58:20]shake camera(Pull-Up-Wit-A-Choppa-Let-It-Ea... (/mob/living/carbon/human), 0.75, 1)
[00:58:20]Pull-Up-Wit-A-Choppa-Let-It-Ea... (/mob/living/carbon/human): afterShuttleMove(space (47,18,13) (/turf/open/space/transit/north), /list (/list), 1, 1, 1, 0)
[00:58:20]Pull-Up-Wit-A-Choppa-Let-It-Ea... (/mob/living/carbon/human): afterShuttleMove(space (47,18,13) (/turf/open/space/transit/north), /list (/list), 1, 1, 1, 0)
[00:58:20]the monastery shuttle (/obj/docking_port/mobile): cleanup runway(the monastery (/obj/docking_port/stationary), /list (/list), /list (/list), /list (/list), /list (/list), 0, 1, Space (/area/space), /turf/open/space/transit/north (/turf/open/space/transit/north), /turf/open/space (/turf/open/space))
[00:58:20]the monastery shuttle (/obj/docking_port/mobile): initiate docking(the monastery (/obj/docking_port/stationary), 1, 0)
[00:58:20]the monastery shuttle (/obj/docking_port/mobile): check()
[00:58:20]Shuttle (/datum/controller/subsystem/shuttle): fire(0)
[00:58:20]Shuttle (/datum/controller/subsystem/shuttle): ignite(0)
### MAP WARNING, Mining Shuttle Airlock at Mining Shuttle (68,19,13) failed to find a valid airlock to cyclelink with!
runtime error: 
[01:03:50]nothing to animate
[01:03:50]proc name: shake camera (/proc/shake_camera)
[01:03:50]  source file: mob_helpers.dm,270
[01:03:50]  usr: (src)
[01:03:50]  src: null
[01:03:50]  call stack:
[01:03:50]shake camera(Pull-Up-Wit-A-Choppa-Let-It-Ea... (/mob/living/carbon/human), 0.75, 1)
[01:03:50]Pull-Up-Wit-A-Choppa-Let-It-Ea... (/mob/living/carbon/human): afterShuttleMove(space (47,19,13) (/turf/open/space/transit/north), /list (/list), 1, 1, 1, 0)
[01:03:50]Pull-Up-Wit-A-Choppa-Let-It-Ea... (/mob/living/carbon/human): afterShuttleMove(space (47,19,13) (/turf/open/space/transit/north), /list (/list), 1, 1, 1, 0)
[01:03:50]the monastery shuttle (/obj/docking_port/mobile): cleanup runway(the station (/obj/docking_port/stationary), /list (/list), /list (/list), /list (/list), /list (/list), 0, 1, Space (/area/space), /turf/open/space/transit/north (/turf/open/space/transit/north), /turf/open/space (/turf/open/space))
[01:03:50]the monastery shuttle (/obj/docking_port/mobile): initiate docking(the station (/obj/docking_port/stationary), 1, 0)
[01:03:50]the monastery shuttle (/obj/docking_port/mobile): check()
[01:03:50]Shuttle (/datum/controller/subsystem/shuttle): fire(0)
[01:03:50]Shuttle (/datum/controller/subsystem/shuttle): ignite(0)
runtime error: 
[01:05:49]Cannot read null.client
[01:05:49]proc name: open (/datum/tgui/proc/open)
[01:05:49]  source file: tgui.dm,87
[01:05:49]  usr: null
[01:05:49]  src: /datum/tgui (/datum/tgui)
[01:05:49]  call stack:
[01:05:49]/datum/tgui (/datum/tgui): open()
[01:05:49]the sleeper (/obj/machinery/sleeper): ui interact(null, "main", /datum/tgui (/datum/tgui), 0, null, /datum/ui_state/notcontained_s... (/datum/ui_state/notcontained_state))
[01:05:49]the sleeper (/obj/machinery/sleeper): updateUsrDialog()
[01:05:49]the sleeper (/obj/machinery/sleeper): open machine(1)
[01:05:49]the sleeper (/obj/machinery/sleeper): open machine()
[01:05:49]the sleeper (/obj/machinery/sleeper): container resist(Slab Squatthrust (/mob/living/carbon/human))
[01:05:49]the sleeper (/obj/machinery/sleeper): relaymove(Slab Squatthrust (/mob/living/carbon/human), 4)
[01:05:49]Williamholtz (/client): Move(the floor (128,133,2) (/turf/open/floor/plasteel), 4)
[01:05:49]Slab Squatthrust (/mob/living/carbon/human): keyLoop(Williamholtz (/client))
[01:05:49]Williamholtz (/client): keyLoop()
[01:05:49]Input (/datum/controller/subsystem/input): fire(0)
[01:05:49]Input (/datum/controller/subsystem/input): ignite(0)
[01:05:49]Master (/datum/controller/master): RunQueue()
[01:05:49]Master (/datum/controller/master): Loop()
[01:05:49]Master (/datum/controller/master): StartProcessing(0)
runtime error: 
[01:06:01]Cannot read null.loc
[01:06:01]proc name: update parallax (/datum/hud/proc/update_parallax)
[01:06:01]  source file: parallax.dm,170
[01:06:01]  usr: ZOOWEEMAMA (/mob/living/brain)
[01:06:01]  src: /datum/hud (/datum/hud)
[01:06:01]  usr.loc: ZOOWEEMAMA\'s brain (/obj/item/organ/brain)
[01:06:01]  call stack:
[01:06:01]/datum/hud (/datum/hud): update parallax()
[01:06:01]/datum/hud (/datum/hud): update parallax pref(ZOOWEEMAMA (/mob/living/brain))
[01:06:01]/datum/hud (/datum/hud): show hud(1, null)
[01:06:01]ZOOWEEMAMA (/mob/living/brain): Login()
[01:06:01]ZOOWEEMAMA (/mob/living/brain): Login()
[01:06:01]ZOOWEEMAMA (/datum/mind): transfer to(ZOOWEEMAMA (/mob/living/brain), 0)
[01:06:01]ZOOWEEMAMA\'s brain (/obj/item/organ/brain): transfer identity(ZOOWEEMAMA (/mob/living/carbon/human))
[01:06:01]ZOOWEEMAMA\'s brain (/obj/item/organ/brain): Remove(ZOOWEEMAMA (/mob/living/carbon/human), 0, 0)
[01:06:01]manipulate organs (/datum/surgery_step/manipulate_organs): success(Nash Yontrea (/mob/living/carbon/human), ZOOWEEMAMA (/mob/living/carbon/human), "head", the hemostat (/obj/item/hemostat), organ manipulation (/datum/surgery/organ_manipulation))
[01:06:01]manipulate organs (/datum/surgery_step/manipulate_organs): initiate(Nash Yontrea (/mob/living/carbon/human), ZOOWEEMAMA (/mob/living/carbon/human), "head", the hemostat (/obj/item/hemostat), organ manipulation (/datum/surgery/organ_manipulation), 0)
[01:06:01]manipulate organs (/datum/surgery_step/manipulate_organs): try op(Nash Yontrea (/mob/living/carbon/human), ZOOWEEMAMA (/mob/living/carbon/human), "head", the hemostat (/obj/item/hemostat), organ manipulation (/datum/surgery/organ_manipulation), 0)
[01:06:01]organ manipulation (/datum/surgery/organ_manipulation): next step(Nash Yontrea (/mob/living/carbon/human), null)
[01:06:01]ZOOWEEMAMA (/mob/living/carbon/human): attackby(the hemostat (/obj/item/hemostat), Nash Yontrea (/mob/living/carbon/human), "icon-x=19;icon-y=13;left=1;scr...")
[01:06:01]the hemostat (/obj/item/hemostat): melee attack chain(Nash Yontrea (/mob/living/carbon/human), ZOOWEEMAMA (/mob/living/carbon/human), "icon-x=19;icon-y=13;left=1;scr...")
[01:06:01]Nash Yontrea (/mob/living/carbon/human): ClickOn(ZOOWEEMAMA (/mob/living/carbon/human), "icon-x=19;icon-y=13;left=1;scr...")
[01:06:01]ZOOWEEMAMA (/mob/living/carbon/human): Click(the floor (146,123,2) (/turf/open/floor/plasteel/white), "mapwindow.map", "icon-x=19;icon-y=13;left=1;scr...")
runtime error: 
[01:06:07]Cannot read null.client
[01:06:07]proc name: open (/datum/tgui/proc/open)
[01:06:07]  source file: tgui.dm,87
[01:06:07]  usr: null
[01:06:07]  src: /datum/tgui (/datum/tgui)
[01:06:07]  call stack:
[01:06:07]/datum/tgui (/datum/tgui): open()
[01:06:07]the sleeper (/obj/machinery/sleeper): ui interact(null, "main", /datum/tgui (/datum/tgui), 0, null, /datum/ui_state/notcontained_s... (/datum/ui_state/notcontained_state))
[01:06:07]the sleeper (/obj/machinery/sleeper): updateUsrDialog()
[01:06:07]the sleeper (/obj/machinery/sleeper): open machine(1)
[01:06:07]the sleeper (/obj/machinery/sleeper): open machine()
[01:06:07]the sleeper (/obj/machinery/sleeper): container resist(Pull-Up-Wit-A-Choppa-Let-It-Ea... (/mob/living/carbon/human))
[01:06:07]the sleeper (/obj/machinery/sleeper): relaymove(Pull-Up-Wit-A-Choppa-Let-It-Ea... (/mob/living/carbon/human), 2)
[01:06:07]Gracefuljohnnynguyen (/client): Move(the floor (127,132,2) (/turf/open/floor/plasteel), 2)
[01:06:07]Pull-Up-Wit-A-Choppa-Let-It-Ea... (/mob/living/carbon/human): keyLoop(Gracefuljohnnynguyen (/client))
[01:06:07]Gracefuljohnnynguyen (/client): keyLoop()
[01:06:07]Input (/datum/controller/subsystem/input): fire(0)
[01:06:07]Input (/datum/controller/subsystem/input): ignite(0)
[01:06:07]Master (/datum/controller/master): RunQueue()
[01:06:07]Master (/datum/controller/master): Loop()
[01:06:07]Master (/datum/controller/master): StartProcessing(0)
runtime error: 
[01:06:13]Cannot read null.client
[01:06:13]proc name: open (/datum/tgui/proc/open)
[01:06:13]  source file: tgui.dm,87
[01:06:13]  usr: null
[01:06:13]  src: /datum/tgui (/datum/tgui)
[01:06:13]  call stack:
[01:06:13]/datum/tgui (/datum/tgui): open()
[01:06:13]the sleeper (/obj/machinery/sleeper): ui interact(null, "main", /datum/tgui (/datum/tgui), 0, null, /datum/ui_state/notcontained_s... (/datum/ui_state/notcontained_state))
[01:06:13]the sleeper (/obj/machinery/sleeper): updateUsrDialog()
[01:06:13]the sleeper (/obj/machinery/sleeper): open machine(1)
[01:06:13]the sleeper (/obj/machinery/sleeper): open machine()
[01:06:13]the sleeper (/obj/machinery/sleeper): container resist(Pull-Up-Wit-A-Choppa-Let-It-Ea... (/mob/living/carbon/human))
[01:06:13]the sleeper (/obj/machinery/sleeper): relaymove(Pull-Up-Wit-A-Choppa-Let-It-Ea... (/mob/living/carbon/human), 2)
[01:06:13]Gracefuljohnnynguyen (/client): Move(the floor (127,132,2) (/turf/open/floor/plasteel), 2)
[01:06:13]Pull-Up-Wit-A-Choppa-Let-It-Ea... (/mob/living/carbon/human): keyLoop(Gracefuljohnnynguyen (/client))
[01:06:13]Gracefuljohnnynguyen (/client): keyLoop()
[01:06:13]Input (/datum/controller/subsystem/input): fire(0)
[01:06:13]Input (/datum/controller/subsystem/input): ignite(0)
[01:06:13]Master (/datum/controller/master): RunQueue()
[01:06:13]Master (/datum/controller/master): Loop()
[01:06:13]Master (/datum/controller/master): StartProcessing(0)
runtime error: 
[01:16:01]undefined proc or verb /turf/closed/wall/high pressure movements().

[01:16:01]proc name: process high pressure delta (/datum/controller/subsystem/air/proc/process_high_pressure_delta)
[01:16:01]  source file: air.dm,205
[01:16:01]  usr: null
[01:16:01]  src: Atmospherics (/datum/controller/subsystem/air)
[01:16:01]  call stack:
[01:16:01]Atmospherics (/datum/controller/subsystem/air): process high pressure delta(0)
[01:16:01]Atmospherics (/datum/controller/subsystem/air): fire(0)
[01:16:01]Atmospherics (/datum/controller/subsystem/air): ignite(1)
[01:16:01]Master (/datum/controller/master): RunQueue()
[01:16:01]Master (/datum/controller/master): Loop()
[01:16:01]Master (/datum/controller/master): StartProcessing(0)
runtime error: 
[01:16:36]Cannot read null.buttons_locked
[01:16:36]proc name: New (/datum/hud/New)
[01:16:36]  source file: hud.dm,58
[01:16:36]  usr: Default Cyborg-230 (/mob/living/silicon/robot)
[01:16:36]  src: /datum/hud/robot (/datum/hud/robot)
[01:16:36]  usr.loc: the floor (119,164,2) (/turf/open/floor/plasteel/dark)
[01:16:36]  call stack:
[01:16:36]/datum/hud/robot (/datum/hud/robot): New(Default Cyborg-230 (/mob/living/silicon/robot), 'icons/mob/screen_cyborg.dmi')
[01:16:36]/datum/hud/robot (/datum/hud/robot): New(Default Cyborg-230 (/mob/living/silicon/robot), 'icons/mob/screen_cyborg.dmi')
[01:16:36]Default Cyborg-230 (/mob/living/silicon/robot): create mob hud()
[01:16:36]Default Cyborg-230 (/mob/living/silicon/robot): Login()
[01:16:36]Default Cyborg-230 (/mob/living/silicon/robot): Login()
[01:16:36]Default Cyborg-230 (/mob/living/silicon/robot): Login()
[01:16:36]Default Cyborg-230 (/mob/living/silicon/robot): Login()
[01:16:36]Beau Richards (/datum/mind): transfer to(Default Cyborg-230 (/mob/living/silicon/robot), 0)
[01:16:36]Beau Richards (/mob/living/carbon/human): Robotize(0, 1)
[01:16:36]the Automatic Robotic Factory ... (/obj/machinery/transformer): do transform(Beau Richards (/mob/living/carbon/human))
[01:16:36]the Automatic Robotic Factory ... (/obj/machinery/transformer): CollidedWith(Beau Richards (/mob/living/carbon/human))
runtime error: 
[01:16:36]Cannot modify null.color.
[01:16:36]proc name: remove parallax (/datum/hud/proc/remove_parallax)
[01:16:36]  source file: parallax.dm,54
[01:16:36]  usr: Default Cyborg-230 (/mob/living/silicon/robot)
[01:16:36]  src: /datum/hud/robot (/datum/hud/robot)
[01:16:36]  usr.loc: the floor (119,164,2) (/turf/open/floor/plasteel/dark)
[01:16:36]  call stack:
[01:16:36]/datum/hud/robot (/datum/hud/robot): remove parallax(Default Cyborg-230 (/mob/living/silicon/robot))
[01:16:36]/datum/hud/robot (/datum/hud/robot): update parallax pref(Default Cyborg-230 (/mob/living/silicon/robot))
[01:16:36]/datum/hud/robot (/datum/hud/robot): show hud(1, null)
[01:16:36]/datum/hud/robot (/datum/hud/robot): show hud(1, null)
[01:16:36]Default Cyborg-230 (/mob/living/silicon/robot): Login()
[01:16:36]Default Cyborg-230 (/mob/living/silicon/robot): Login()
[01:16:36]Default Cyborg-230 (/mob/living/silicon/robot): Login()
[01:16:36]Default Cyborg-230 (/mob/living/silicon/robot): Login()
[01:16:36]Beau Richards (/datum/mind): transfer to(Default Cyborg-230 (/mob/living/silicon/robot), 0)
[01:16:36]Beau Richards (/mob/living/carbon/human): Robotize(0, 1)
[01:16:36]the Automatic Robotic Factory ... (/obj/machinery/transformer): do transform(Beau Richards (/mob/living/carbon/human))
[01:16:36]the Automatic Robotic Factory ... (/obj/machinery/transformer): CollidedWith(Beau Richards (/mob/living/carbon/human))
runtime error: 
[01:16:36]Cannot modify null.color.
[01:16:36]proc name: create parallax (/datum/hud/proc/create_parallax)
[01:16:36]  source file: parallax.dm,37
[01:16:36]  usr: Default Cyborg-230 (/mob/living/silicon/robot)
[01:16:36]  src: /datum/hud/robot (/datum/hud/robot)
[01:16:36]  usr.loc: the floor (119,164,2) (/turf/open/floor/plasteel/dark)
[01:16:36]  call stack:
[01:16:36]/datum/hud/robot (/datum/hud/robot): create parallax(Default Cyborg-230 (/mob/living/silicon/robot))
[01:16:36]/datum/hud/robot (/datum/hud/robot): update parallax pref(Default Cyborg-230 (/mob/living/silicon/robot))
[01:16:36]/datum/hud/robot (/datum/hud/robot): show hud(1, null)
[01:16:36]/datum/hud/robot (/datum/hud/robot): show hud(1, null)
[01:16:36]Default Cyborg-230 (/mob/living/silicon/robot): Login()
[01:16:36]Default Cyborg-230 (/mob/living/silicon/robot): Login()
[01:16:36]Default Cyborg-230 (/mob/living/silicon/robot): Login()
[01:16:36]Default Cyborg-230 (/mob/living/silicon/robot): Login()
[01:16:36]Beau Richards (/datum/mind): transfer to(Default Cyborg-230 (/mob/living/silicon/robot), 0)
[01:16:36]Beau Richards (/mob/living/carbon/human): Robotize(0, 1)
[01:16:36]the Automatic Robotic Factory ... (/obj/machinery/transformer): do transform(Beau Richards (/mob/living/carbon/human))
[01:16:36]the Automatic Robotic Factory ... (/obj/machinery/transformer): CollidedWith(Beau Richards (/mob/living/carbon/human))
runtime error: 
[01:16:36]Cannot read null.player_actions
[01:16:36]proc name: Login (/mob/Login)
[01:16:36]  source file: login.dm,46
[01:16:36]  usr: (src)
[01:16:36]  src: Default Cyborg-230 (/mob/living/silicon/robot)
[01:16:36]  src.loc: the floor (119,164,2) (/turf/open/floor/plasteel/dark)
[01:16:36]  call stack:
[01:16:36]Default Cyborg-230 (/mob/living/silicon/robot): Login()
[01:16:36]Default Cyborg-230 (/mob/living/silicon/robot): Login()
[01:16:36]Default Cyborg-230 (/mob/living/silicon/robot): Login()
[01:16:36]Default Cyborg-230 (/mob/living/silicon/robot): Login()
[01:16:36]Beau Richards (/datum/mind): transfer to(Default Cyborg-230 (/mob/living/silicon/robot), 0)
[01:16:36]Beau Richards (/mob/living/carbon/human): Robotize(0, 1)
[01:16:36]the Automatic Robotic Factory ... (/obj/machinery/transformer): do transform(Beau Richards (/mob/living/carbon/human))
[01:16:36]the Automatic Robotic Factory ... (/obj/machinery/transformer): CollidedWith(Beau Richards (/mob/living/carbon/human))
runtime error: 
[01:16:36]Cannot read null.custom_names
[01:16:36]proc name: rename self (/mob/proc/rename_self)
[01:16:36]  source file: unsorted.dm,198
[01:16:36]  usr: Beau Richards (/mob/living/carbon/human)
[01:16:36]  src: Default Cyborg-230 (/mob/living/silicon/robot)
[01:16:36]  usr.loc: the floor (119,164,2) (/turf/open/floor/plasteel/dark)
[01:16:36]  src.loc: the floor (119,164,2) (/turf/open/floor/plasteel/dark)
[01:16:36]  call stack:
[01:16:36]Default Cyborg-230 (/mob/living/silicon/robot): rename self("cyborg", BuckyBoy (/client))
[01:16:36]Beau Richards (/mob/living/carbon/human): Robotize(0, 1)
[01:16:36]the Automatic Robotic Factory ... (/obj/machinery/transformer): do transform(Beau Richards (/mob/living/carbon/human))
[01:16:36]the Automatic Robotic Factory ... (/obj/machinery/transformer): CollidedWith(Beau Richards (/mob/living/carbon/human))
runtime error: 
[01:17:25]Cannot modify null.color.
[01:17:25]proc name: remove parallax (/datum/hud/proc/remove_parallax)
[01:17:25]  source file: parallax.dm,54
[01:17:25]  usr: Default Cyborg-230 (/mob/living/silicon/robot)
[01:17:25]  src: /datum/hud/robot (/datum/hud/robot)
[01:17:25]  usr.loc: the floor (118,164,2) (/turf/open/floor/plasteel/darkblue/corner)
[01:17:25]  call stack:
[01:17:25]/datum/hud/robot (/datum/hud/robot): remove parallax(Default Cyborg-230 (/mob/living/silicon/robot))
[01:17:25]/datum/hud/robot (/datum/hud/robot): update parallax pref(Default Cyborg-230 (/mob/living/silicon/robot))
[01:17:25]/datum/hud/robot (/datum/hud/robot): show hud(1, null)
[01:17:25]/datum/hud/robot (/datum/hud/robot): show hud(1, null)
[01:17:25]Default Cyborg-230 (/mob/living/silicon/robot): Login()
[01:17:25]Default Cyborg-230 (/mob/living/silicon/robot): Login()
[01:17:25]Default Cyborg-230 (/mob/living/silicon/robot): Login()
[01:17:25]Default Cyborg-230 (/mob/living/silicon/robot): Login()
[01:17:25]BuckyBoy (/client): New(null)
runtime error: 
[01:17:25]Cannot modify null.color.
[01:17:25]proc name: create parallax (/datum/hud/proc/create_parallax)
[01:17:25]  source file: parallax.dm,37
[01:17:25]  usr: Default Cyborg-230 (/mob/living/silicon/robot)
[01:17:25]  src: /datum/hud/robot (/datum/hud/robot)
[01:17:25]  usr.loc: the floor (118,164,2) (/turf/open/floor/plasteel/darkblue/corner)
[01:17:25]  call stack:
[01:17:25]/datum/hud/robot (/datum/hud/robot): create parallax(Default Cyborg-230 (/mob/living/silicon/robot))
[01:17:25]/datum/hud/robot (/datum/hud/robot): update parallax pref(Default Cyborg-230 (/mob/living/silicon/robot))
[01:17:25]/datum/hud/robot (/datum/hud/robot): show hud(1, null)
[01:17:25]/datum/hud/robot (/datum/hud/robot): show hud(1, null)
[01:17:25]Default Cyborg-230 (/mob/living/silicon/robot): Login()
[01:17:25]Default Cyborg-230 (/mob/living/silicon/robot): Login()
[01:17:25]Default Cyborg-230 (/mob/living/silicon/robot): Login()
[01:17:25]Default Cyborg-230 (/mob/living/silicon/robot): Login()
[01:17:25]BuckyBoy (/client): New(null)
runtime error: 
[01:17:50]Cannot modify null.color.
[01:17:50]proc name: remove parallax (/datum/hud/proc/remove_parallax)
[01:17:50]  source file: parallax.dm,54
runtime error: 
[01:17:50]Cannot modify null.color.
[01:17:50]proc name: create parallax (/datum/hud/proc/create_parallax)
[01:17:50]  source file: parallax.dm,37
runtime error: 
[01:18:18]Cannot modify null.color.
[01:18:18]proc name: remove parallax (/datum/hud/proc/remove_parallax)
[01:18:18]  source file: parallax.dm,54
runtime error: 
[01:18:18]Cannot modify null.color.
[01:18:18]proc name: create parallax (/datum/hud/proc/create_parallax)
[01:18:18]  source file: parallax.dm,37
runtime error: 
[01:19:00]nothing to animate
[01:19:00]proc name: shake camera (/proc/shake_camera)
[01:19:00]  source file: mob_helpers.dm,270
runtime error: 
[01:25:53]nothing to animate
[01:25:53]proc name: shake camera (/proc/shake_camera)
[01:25:53]  source file: mob_helpers.dm,270
### MAP WARNING, Mining Shuttle Airlock at Mining Shuttle (54,36,5) failed to find a valid airlock to cyclelink with!
runtime error: 
[01:28:49]Cannot execute null.CanPass().
[01:28:49]proc name: bartender check (/obj/item/reagent_containers/proc/bartender_check)
[01:28:49]  source file: reagent_containers.dm,83
runtime error: 
[01:28:49]Cannot execute null.CanPass().
[01:28:49]proc name: bartender check (/obj/item/reagent_containers/proc/bartender_check)
[01:28:49]  source file: reagent_containers.dm,83
runtime error: 
[01:28:49]Cannot execute null.CanPass().
[01:28:49]proc name: bartender check (/obj/item/reagent_containers/proc/bartender_check)
[01:28:49]  source file: reagent_containers.dm,83
runtime error: 
[01:28:49]Cannot execute null.CanPass().
[01:28:49]proc name: bartender check (/obj/item/reagent_containers/proc/bartender_check)
[01:28:49]  source file: reagent_containers.dm,83
runtime error: 
[01:29:16]nothing to animate
[01:29:16]proc name: shake camera (/proc/shake_camera)
[01:29:16]  source file: mob_helpers.dm,270
runtime error: 
[01:29:53]Cannot read null.loc
[01:29:53]proc name: update parallax (/datum/hud/proc/update_parallax)
[01:29:53]  source file: parallax.dm,170
runtime error: 
[01:31:41]undefined proc or verb /turf/closed/wall/high pressure movements().

[01:31:41]proc name: process high pressure delta (/datum/controller/subsystem/air/proc/process_high_pressure_delta)
[01:31:41]  source file: air.dm,205
runtime error: 
[01:34:01]undefined proc or verb /turf/closed/wall/high pressure movements().

[01:34:01]proc name: process high pressure delta (/datum/controller/subsystem/air/proc/process_high_pressure_delta)
[01:34:01]  source file: air.dm,205
runtime error: 
[01:49:29]addtimer called with a callback assigned to a qdeleted object
[01:49:29]proc name: stack trace (/proc/stack_trace)
[01:49:29]  source file: unsorted.dm,1254
runtime error: 
[01:49:29]addtimer called with a callback assigned to a qdeleted object
[01:49:29]proc name: stack trace (/proc/stack_trace)
[01:49:29]  source file: unsorted.dm,1254
runtime error: 
[01:49:29]addtimer called with a callback assigned to a qdeleted object
[01:49:29]proc name: stack trace (/proc/stack_trace)
[01:49:29]  source file: unsorted.dm,1254
runtime error: 
[01:49:29]addtimer called with a callback assigned to a qdeleted object
[01:49:29]proc name: stack trace (/proc/stack_trace)
[01:49:29]  source file: unsorted.dm,1254
### MAP WARNING, Mining Shuttle Airlock at Mining Shuttle (68,19,13) failed to find a valid airlock to cyclelink with!
### MAP WARNING, Mining Shuttle Airlock at Mining Shuttle (54,36,5) failed to find a valid airlock to cyclelink with!
### MAP WARNING, Mining Shuttle Airlock at Mining Shuttle (68,19,13) failed to find a valid airlock to cyclelink with!
runtime error: 
[01:53:36]addtimer called with a callback assigned to a qdeleted object
[01:53:36]proc name: stack trace (/proc/stack_trace)
[01:53:36]  source file: unsorted.dm,1254
runtime error: 
[01:53:36]addtimer called with a callback assigned to a qdeleted object
[01:53:36]proc name: stack trace (/proc/stack_trace)
[01:53:36]  source file: unsorted.dm,1254
runtime error: 
[01:53:36]addtimer called with a callback assigned to a qdeleted object
[01:53:36]proc name: stack trace (/proc/stack_trace)
[01:53:36]  source file: unsorted.dm,1254
runtime error: 
[01:53:36]addtimer called with a callback assigned to a qdeleted object
[01:53:36]proc name: stack trace (/proc/stack_trace)
[01:53:36]  source file: unsorted.dm,1254
runtime error: 
[01:53:36]addtimer called with a callback assigned to a qdeleted object
[01:53:36]proc name: stack trace (/proc/stack_trace)
[01:53:36]  source file: unsorted.dm,1254
runtime error: 
[01:53:36]addtimer called with a callback assigned to a qdeleted object
[01:53:36]proc name: stack trace (/proc/stack_trace)
[01:53:36]  source file: unsorted.dm,1254
runtime error: 
[01:53:36]addtimer called with a callback assigned to a qdeleted object
[01:53:36]proc name: stack trace (/proc/stack_trace)
[01:53:36]  source file: unsorted.dm,1254
runtime error: 
[01:53:36]addtimer called with a callback assigned to a qdeleted object
[01:53:36]proc name: stack trace (/proc/stack_trace)
[01:53:36]  source file: unsorted.dm,1254
runtime error: 
[01:53:36]addtimer called with a callback assigned to a qdeleted object
[01:53:36]proc name: stack trace (/proc/stack_trace)
[01:53:36]  source file: unsorted.dm,1254
runtime error: 
[01:53:36]addtimer called with a callback assigned to a qdeleted object
[01:53:36]proc name: stack trace (/proc/stack_trace)
[01:53:36]  source file: unsorted.dm,1254
runtime error: 
[01:53:36]addtimer called with a callback assigned to a qdeleted object
[01:53:36]proc name: stack trace (/proc/stack_trace)
[01:53:36]  source file: unsorted.dm,1254
runtime error: 
[01:53:36]addtimer called with a callback assigned to a qdeleted object
[01:53:36]proc name: stack trace (/proc/stack_trace)
[01:53:36]  source file: unsorted.dm,1254
runtime error: 
[01:53:36]addtimer called with a callback assigned to a qdeleted object
[01:53:36]proc name: stack trace (/proc/stack_trace)
[01:53:36]  source file: unsorted.dm,1254
runtime error: 
[01:53:36]addtimer called with a callback assigned to a qdeleted object
[01:53:36]proc name: stack trace (/proc/stack_trace)
[01:53:36]  source file: unsorted.dm,1254
runtime error: 
[01:53:36]addtimer called with a callback assigned to a qdeleted object
[01:53:36]proc name: stack trace (/proc/stack_trace)
[01:53:36]  source file: unsorted.dm,1254
runtime error: 
[01:53:36]addtimer called with a callback assigned to a qdeleted object
[01:53:36]proc name: stack trace (/proc/stack_trace)
[01:53:36]  source file: unsorted.dm,1254
runtime error: 
[01:53:36]addtimer called with a callback assigned to a qdeleted object
[01:53:36]proc name: stack trace (/proc/stack_trace)
[01:53:36]  source file: unsorted.dm,1254
runtime error: 
[01:53:36]addtimer called with a callback assigned to a qdeleted object
[01:53:36]proc name: stack trace (/proc/stack_trace)
[01:53:36]  source file: unsorted.dm,1254
runtime error: 
[01:53:36]addtimer called with a callback assigned to a qdeleted object
[01:53:36]proc name: stack trace (/proc/stack_trace)
[01:53:36]  source file: unsorted.dm,1254
runtime error: 
[01:53:36]addtimer called with a callback assigned to a qdeleted object
[01:53:36]proc name: stack trace (/proc/stack_trace)
[01:53:36]  source file: unsorted.dm,1254
runtime error: 
[01:53:36]addtimer called with a callback assigned to a qdeleted object
[01:53:36]proc name: stack trace (/proc/stack_trace)
[01:53:36]  source file: unsorted.dm,1254
runtime error: 
[01:53:36]addtimer called with a callback assigned to a qdeleted object
[01:53:36]proc name: stack trace (/proc/stack_trace)
[01:53:36]  source file: unsorted.dm,1254
runtime error: 
[01:53:36]addtimer called with a callback assigned to a qdeleted object
[01:53:36]proc name: stack trace (/proc/stack_trace)
[01:53:36]  source file: unsorted.dm,1254
runtime error: 
[01:53:36]addtimer called with a callback assigned to a qdeleted object
[01:53:36]proc name: stack trace (/proc/stack_trace)
[01:53:36]  source file: unsorted.dm,1254
runtime error: 
[01:53:36]addtimer called with a callback assigned to a qdeleted object
[01:53:36]proc name: stack trace (/proc/stack_trace)
[01:53:36]  source file: unsorted.dm,1254
runtime error: 
[01:53:36]addtimer called with a callback assigned to a qdeleted object
[01:53:36]proc name: stack trace (/proc/stack_trace)
[01:53:36]  source file: unsorted.dm,1254
runtime error: 
[01:53:36]addtimer called with a callback assigned to a qdeleted object
[01:53:36]proc name: stack trace (/proc/stack_trace)
[01:53:36]  source file: unsorted.dm,1254
runtime error: 
[01:53:36]addtimer called with a callback assigned to a qdeleted object
[01:53:36]proc name: stack trace (/proc/stack_trace)
[01:53:36]  source file: unsorted.dm,1254
runtime error: 
[01:53:36]addtimer called with a callback assigned to a qdeleted object
[01:53:36]proc name: stack trace (/proc/stack_trace)
[01:53:36]  source file: unsorted.dm,1254
runtime error: 
[01:53:36]addtimer called with a callback assigned to a qdeleted object
[01:53:36]proc name: stack trace (/proc/stack_trace)
[01:53:36]  source file: unsorted.dm,1254
runtime error: 
[01:53:36]addtimer called with a callback assigned to a qdeleted object
[01:53:36]proc name: stack trace (/proc/stack_trace)
[01:53:36]  source file: unsorted.dm,1254
runtime error: 
[01:53:36]addtimer called with a callback assigned to a qdeleted object
[01:53:36]proc name: stack trace (/proc/stack_trace)
[01:53:36]  source file: unsorted.dm,1254
runtime error: 
[01:53:36]addtimer called with a callback assigned to a qdeleted object
[01:53:36]proc name: stack trace (/proc/stack_trace)
[01:53:36]  source file: unsorted.dm,1254
runtime error: 
[01:53:36]addtimer called with a callback assigned to a qdeleted object
[01:53:36]proc name: stack trace (/proc/stack_trace)
[01:53:36]  source file: unsorted.dm,1254
runtime error: 
[01:53:36]addtimer called with a callback assigned to a qdeleted object
[01:53:36]proc name: stack trace (/proc/stack_trace)
[01:53:36]  source file: unsorted.dm,1254
runtime error: 
[01:53:36]addtimer called with a callback assigned to a qdeleted object
[01:53:36]proc name: stack trace (/proc/stack_trace)
[01:53:36]  source file: unsorted.dm,1254
runtime error: 
[01:53:36]addtimer called with a callback assigned to a qdeleted object
[01:53:36]proc name: stack trace (/proc/stack_trace)
[01:53:36]  source file: unsorted.dm,1254
runtime error: 
[01:53:36]addtimer called with a callback assigned to a qdeleted object
[01:53:36]proc name: stack trace (/proc/stack_trace)
[01:53:36]  source file: unsorted.dm,1254
runtime error: 
[01:53:36]addtimer called with a callback assigned to a qdeleted object
[01:53:36]proc name: stack trace (/proc/stack_trace)
[01:53:36]  source file: unsorted.dm,1254
runtime error: 
[01:53:36]addtimer called with a callback assigned to a qdeleted object
[01:53:36]proc name: stack trace (/proc/stack_trace)
[01:53:36]  source file: unsorted.dm,1254
runtime error: 
[01:53:36]addtimer called with a callback assigned to a qdeleted object
[01:53:36]proc name: stack trace (/proc/stack_trace)
[01:53:36]  source file: unsorted.dm,1254
runtime error: 
[01:53:36]addtimer called with a callback assigned to a qdeleted object
[01:53:36]proc name: stack trace (/proc/stack_trace)
[01:53:36]  source file: unsorted.dm,1254
runtime error: 
[01:53:36]addtimer called with a callback assigned to a qdeleted object
[01:53:36]proc name: stack trace (/proc/stack_trace)
[01:53:36]  source file: unsorted.dm,1254
runtime error: 
[01:53:36]addtimer called with a callback assigned to a qdeleted object
[01:53:36]proc name: stack trace (/proc/stack_trace)
[01:53:36]  source file: unsorted.dm,1254
runtime error: 
[01:53:36]addtimer called with a callback assigned to a qdeleted object
[01:53:36]proc name: stack trace (/proc/stack_trace)
[01:53:36]  source file: unsorted.dm,1254
runtime error: 
[01:53:36]addtimer called with a callback assigned to a qdeleted object
[01:53:36]proc name: stack trace (/proc/stack_trace)
[01:53:36]  source file: unsorted.dm,1254
runtime error: 
[01:53:36]addtimer called with a callback assigned to a qdeleted object
[01:53:36]proc name: stack trace (/proc/stack_trace)
[01:53:36]  source file: unsorted.dm,1254
runtime error: 
[01:53:36]addtimer called with a callback assigned to a qdeleted object
[01:53:36]proc name: stack trace (/proc/stack_trace)
[01:53:36]  source file: unsorted.dm,1254
### MAP WARNING, Mining Shuttle Airlock at Mining Shuttle (54,36,5) failed to find a valid airlock to cyclelink with!
### MAP WARNING, Mining Shuttle Airlock at Mining Shuttle (68,19,13) failed to find a valid airlock to cyclelink with!
### MAP WARNING, Mining Shuttle Airlock at Mining Shuttle (54,36,5) failed to find a valid airlock to cyclelink with!
runtime error: 
[02:08:36]nothing to animate
[02:08:36]proc name: shake camera (/proc/shake_camera)
[02:08:36]  source file: mob_helpers.dm,270
### MAP WARNING, Mining Shuttle Airlock at Mining Shuttle (100,19,13) failed to find a valid airlock to cyclelink with!
runtime error: 
[02:08:46]nothing to animate
[02:08:46]proc name: shake camera (/proc/shake_camera)
[02:08:46]  source file: mob_helpers.dm,270
Saved 3 engraved messages on map PubbyStation
Shutting down Persistence subsystem...
Shutting down pathfinder subsystem...
Shutting down Squeak subsystem...
Shutting down Shuttle subsystem...
Shutting down Lighting subsystem...
Shutting down XKeyScore subsystem...
Shutting down Sticky Ban subsystem...
Shutting down Overlay subsystem...
Shutting down Icon Smoothing subsystem...
Shutting down Assets subsystem...
Shutting down Minimap subsystem...
Shutting down Atmospherics subsystem...
Shutting down Wet floors subsystem...
Shutting down Weather subsystem...
Shutting down Vote subsystem...
Shutting down Traumas subsystem...
Shutting down Title Screen subsystem...
Shutting down Time Tracking subsystem...
Shutting down Throwing subsystem...
Shutting down tgui subsystem...
Shutting down Sun subsystem...
Shutting down Space Drift subsystem...
Shutting down Religion subsystem...
Shutting down Radio subsystem...
Shutting down Radiation subsystem...
Shutting down Projectiles subsystem...
Shutting down Processing subsystem...
Shutting down Parallax subsystem...
Shutting down pAI subsystem...
Shutting down Orbits subsystem...
Shutting down Objects subsystem...
Shutting down NPC Pool subsystem...
Shutting down Night Shift subsystem...
Shutting down Mood subsystem...
Shutting down Mobs subsystem...
Shutting down Medals subsystem...
Shutting down Inbounds subsystem...
Shutting down Idling NPC Pool subsystem...
Shutting down Flightpack Movement subsystem...
Shutting down Fire Burning subsystem...
Shutting down Fields subsystem...
Shutting down Fast Processing subsystem...
Shutting down Disease subsystem...
Shutting down Communications subsystem...
Shutting down Augury subsystem...
Shutting down Acid subsystem...
Shutting down Timer subsystem...
Shutting down Circuit subsystem...
Shutting down Machines subsystem...
Shutting down Language subsystem...
Shutting down Atoms subsystem...
Shutting down Networks subsystem...
Shutting down Mapping subsystem...
Shutting down Ticker subsystem...
Shutting down Traits subsystem...
Shutting down Jobs subsystem...
Shutting down Events subsystem...
Shutting down Research subsystem...
Shutting down Input subsystem...
Shutting down Server Tasks subsystem...
Shutting down Blackbox subsystem...
Shutting down Database subsystem...
Shutting down Garbage subsystem...
Shutdown complete
World rebooted at 02:11:21
