[2018-07-16 23:51:06.523] runtime error: bad index
[2018-07-16 23:51:06.523] proc name: Get (/datum/controller/configuration/proc/Get)
[2018-07-16 23:51:06.523]   source file: configuration.dm,178
[2018-07-16 23:51:06.523]   usr: null
[2018-07-16 23:51:06.523]   src: Configuration (/datum/controller/configuration)
[2018-07-16 23:51:06.523]   call stack:
[2018-07-16 23:51:06.523] Configuration (/datum/controller/configuration): Get(/datum/config_entry/flag/log_w... (/datum/config_entry/flag/log_world_topic))
[2018-07-16 23:51:06.523] world: Topic("status", "198.58.107.171", null, null)
[2018-07-16 23:51:06.523] 
[2018-07-16 23:51:06.524] runtime error: bad index
[2018-07-16 23:51:06.524] proc name: Get (/datum/controller/configuration/proc/Get)
[2018-07-16 23:51:06.524]   source file: configuration.dm,178
[2018-07-16 23:51:06.524]   usr: null
[2018-07-16 23:51:06.524]   src: Configuration (/datum/controller/configuration)
[2018-07-16 23:51:06.524]   call stack:
[2018-07-16 23:51:06.524] Configuration (/datum/controller/configuration): Get(/datum/config_entry/string/com... (/datum/config_entry/string/comms_key))
[2018-07-16 23:51:06.524] /datum/world_topic/status (/datum/world_topic/status): TryRun(/list (/list))
[2018-07-16 23:51:06.524] world: Topic("status", "198.58.107.171", null, null)
[2018-07-16 23:51:06.524] 
[2018-07-16 23:51:06.524] runtime error: bad index
[2018-07-16 23:51:06.524] proc name: Get (/datum/controller/configuration/proc/Get)
[2018-07-16 23:51:06.524]   source file: configuration.dm,178
[2018-07-16 23:51:06.524]   usr: null
[2018-07-16 23:51:06.524]   src: Configuration (/datum/controller/configuration)
[2018-07-16 23:51:06.524]   call stack:
[2018-07-16 23:51:06.524] Configuration (/datum/controller/configuration): Get(/datum/config_entry/flag/nores... (/datum/config_entry/flag/norespawn))
[2018-07-16 23:51:06.524] /datum/world_topic/status (/datum/world_topic/status): Run(/list (/list))
[2018-07-16 23:51:06.524] /datum/world_topic/status (/datum/world_topic/status): TryRun(/list (/list))
[2018-07-16 23:51:06.524] world: Topic("status", "198.58.107.171", null, null)
[2018-07-16 23:51:06.524] 
[2018-07-16 23:51:06.525] runtime error: bad index
[2018-07-16 23:51:06.525] proc name: Get (/datum/controller/configuration/proc/Get)
[2018-07-16 23:51:06.525]   source file: configuration.dm,178
[2018-07-16 23:51:06.525]   usr: null
[2018-07-16 23:51:06.525]   src: Configuration (/datum/controller/configuration)
[2018-07-16 23:51:06.525]   call stack:
[2018-07-16 23:51:06.525] Configuration (/datum/controller/configuration): Get(/datum/config_entry/flag/allow... (/datum/config_entry/flag/allow_vote_mode))
[2018-07-16 23:51:06.525] /datum/world_topic/status (/datum/world_topic/status): Run(/list (/list))
[2018-07-16 23:51:06.525] /datum/world_topic/status (/datum/world_topic/status): TryRun(/list (/list))
[2018-07-16 23:51:06.525] world: Topic("status", "198.58.107.171", null, null)
[2018-07-16 23:51:06.525] 
[2018-07-16 23:51:06.525] runtime error: bad index
[2018-07-16 23:51:06.525] proc name: Get (/datum/controller/configuration/proc/Get)
[2018-07-16 23:51:06.525]   source file: configuration.dm,178
[2018-07-16 23:51:06.525]   usr: null
[2018-07-16 23:51:06.525]   src: Configuration (/datum/controller/configuration)
[2018-07-16 23:51:06.525]   call stack:
[2018-07-16 23:51:06.525] Configuration (/datum/controller/configuration): Get(/datum/config_entry/flag/allow... (/datum/config_entry/flag/allow_ai))
[2018-07-16 23:51:06.525] /datum/world_topic/status (/datum/world_topic/status): Run(/list (/list))
[2018-07-16 23:51:06.525] /datum/world_topic/status (/datum/world_topic/status): TryRun(/list (/list))
[2018-07-16 23:51:06.525] world: Topic("status", "198.58.107.171", null, null)
[2018-07-16 23:51:06.525] 
[2018-07-16 23:51:06.526] runtime error: Cannot read null.commit
[2018-07-16 23:51:06.526] proc name: Run (/datum/world_topic/status/Run)
[2018-07-16 23:51:06.526]   source file: world_topic.dm,151
[2018-07-16 23:51:06.526]   usr: null
[2018-07-16 23:51:06.526]   src: /datum/world_topic/status (/datum/world_topic/status)
[2018-07-16 23:51:06.526]   call stack:
[2018-07-16 23:51:06.526] /datum/world_topic/status (/datum/world_topic/status): Run(/list (/list))
[2018-07-16 23:51:06.526] /datum/world_topic/status (/datum/world_topic/status): TryRun(/list (/list))
[2018-07-16 23:51:06.526] world: Topic("status", "198.58.107.171", null, null)
[2018-07-16 23:51:06.526] 
[2018-07-16 23:51:06.611] Running /tg/ revision:
[2018-07-16 23:51:06.612] 1eb6cb76bb992a0eb30a4631afe90eaf88e2a94a: 2018-07-15
[2018-07-16 23:51:06.612] runtime error: list index out of bounds
[2018-07-16 23:51:06.612] proc name: New (/datum/getrev/New)
[2018-07-16 23:51:06.612]   source file: getrev.dm,23
[2018-07-16 23:51:06.612]   usr: null
[2018-07-16 23:51:06.612]   src: /datum/getrev (/datum/getrev)
[2018-07-16 23:51:06.612]   call stack:
[2018-07-16 23:51:06.612] /datum/getrev (/datum/getrev): New()
[2018-07-16 23:51:06.612] world: New()
[2018-07-16 23:51:06.612] 
[2018-07-16 23:51:06.619] Loading config file config.txt...
[2018-07-16 23:51:06.621] Loading config file game_options.txt...
[2018-07-16 23:51:06.622] Unknown setting in configuration: 'w##'
[2018-07-16 23:51:06.624] Failed to validate setting "DOUBLE_AGENTS 20" for min_pop
[2018-07-16 23:51:06.624] Failed to validate setting "DOUBLE_AGENTS -1" for max_pop
[2018-07-16 23:51:06.628] Loading config file dbconfig.txt...
[2018-07-16 23:51:06.629] Loading config file comms.txt...
[2018-07-16 23:51:06.633] Loading config file maps.txt...
[2018-07-16 23:51:06.859] Database connection established.
[2018-07-16 23:51:06.891] SQL: Could not get schema version from database
