

Starting up round ID 265. 02:18:00
---------------------
luigiboiby \ Kayla Moore \ Head of Personnel \ NONE \ ROUNDSTART
braincrab \ Alexander Harshman \ Chief Medical Officer \ brother \ ROUNDSTART
emperorryuga \ Priest Gravity \ Botanist \ brother \ ROUNDSTART
wylenn \ Royce Shadowsorn \ Chief Engineer \ NONE \ ROUNDSTART
darkvaderv2 \ Charles H. Swanson \ Shaft Miner \ traitor \ ROUNDSTART
cscottburgess \ Michaela Mortland \ Shaft Miner \ NONE \ ROUNDSTART
potatolicious \ Josue Fischer \ Quartermaster \ brother \ ROUNDSTART
disrespectisrespect \ Pact Steel \ Scientist \ traitor \ ROUNDSTART
zeverf \ Verf \ Assistant \ NONE \ ROUNDSTART
benbismont \ Goose McSunny \ Clown \ NONE \ ROUNDSTART
taac \ Lyn Atan \ Roboticist \ NONE \ ROUNDSTART
babahuhu \ Eduardo Caldwell \ Virologist \ brother \ ROUNDSTART
ilef \ Tiffany Blyant \ Geneticist \ NONE \ ROUNDSTART
asymov \ Wesley Hussain \ Janitor \ NONE \ ROUNDSTART
arbiter47 \ Dirty Nigger \ Lawyer \ brother \ ROUNDSTART
shawntates \ Gregory Wright \ Cargo Technician \ brother \ ROUNDSTART
ghostytoasty \ Fedir Ruda \ Shaft Miner \ traitor \ ROUNDSTART
riggymiggy \ Quiet \ Mime \ NONE \ ROUNDSTART
rebolution228 \ Kaelyn Garneys \ Assistant \ NONE \ ROUNDSTART
mapples \ Rusty Iron \ Assistant \ NONE \ ROUNDSTART
Rossyboi \ Jeffrey Adams \ Captain \ NONE \ LATEJOIN
Minnesotaman227 \ Dee. F. Kelly \ Chemist \ NONE \ LATEJOIN
CthulhuOnIce \ Alexander Compton \ Detective \ NONE \ LATEJOIN
Datmanisdumb \ Peter Petrograd \ Cook \ NONE \ LATEJOIN
