[2018-08-30 02:29:27.543] Running /tg/ revision:
[2018-08-30 02:29:27.543] 779f1a16ea59459ae2a9281f4c7b9757e14be7cf: 2018-08-29
[2018-08-30 02:29:27.545] runtime error: list index out of bounds
[2018-08-30 02:29:27.545] proc name: New (/datum/getrev/New)
[2018-08-30 02:29:27.545]   source file: getrev.dm,28
[2018-08-30 02:29:27.545]   usr: null
[2018-08-30 02:29:27.545]   src: /datum/getrev (/datum/getrev)
[2018-08-30 02:29:27.545]   call stack:
[2018-08-30 02:29:27.545] /datum/getrev (/datum/getrev): New()
[2018-08-30 02:29:27.545] world: New()
[2018-08-30 02:29:27.545] 
[2018-08-30 02:29:27.551] Loading config file config.txt...
[2018-08-30 02:29:27.553] Loading config file game_options.txt...
[2018-08-30 02:29:27.554] Unknown setting in configuration: 'w##'
[2018-08-30 02:29:27.556] Failed to validate setting "DOUBLE_AGENTS 20" for min_pop
[2018-08-30 02:29:27.556] Failed to validate setting "DOUBLE_AGENTS -1" for max_pop
[2018-08-30 02:29:27.560] Loading config file dbconfig.txt...
[2018-08-30 02:29:27.561] Loading config file comms.txt...
[2018-08-30 02:29:27.565] Loading config file maps.txt...
[2018-08-30 02:29:27.768] Database connection established.
[2018-08-30 02:29:27.802] SQL: Could not get schema version from database
