[2018-07-18 20:11:43.650] Starting up round ID 1622.
[2018-07-18 20:11:43.650] -------------------------
[2018-07-18 20:11:50.614] runtime error: bad index
[2018-07-18 20:11:50.614] proc name: keyDown (/client/verb/keyDown)
[2018-07-18 20:11:50.614]   source file: bindings_client.dm,8
[2018-07-18 20:11:50.614] 
[2018-07-18 20:11:50.615] runtime error: bad index
[2018-07-18 20:11:50.615] proc name: keyUp (/client/verb/keyUp)
[2018-07-18 20:11:50.615]   source file: bindings_client.dm,39
[2018-07-18 20:11:50.615] 
[2018-07-18 20:11:51.646] runtime error: bad index
[2018-07-18 20:11:51.646] proc name: keyDown (/client/verb/keyDown)
[2018-07-18 20:11:51.646]   source file: bindings_client.dm,8
[2018-07-18 20:11:51.646] 
[2018-07-18 20:11:51.646] runtime error: bad index
[2018-07-18 20:11:51.646] proc name: keyUp (/client/verb/keyUp)
[2018-07-18 20:11:51.646]   source file: bindings_client.dm,39
[2018-07-18 20:11:51.647] 
[2018-07-18 20:11:51.933] Initialized Database subsystem within 0 seconds!
[2018-07-18 20:11:51.934] Initialized Blackbox subsystem within 0 seconds!
[2018-07-18 20:11:51.934] Initialized Server Tasks subsystem within 0 seconds!
[2018-07-18 20:11:51.935] Initialized Input subsystem within 0 seconds!
[2018-07-18 20:11:51.978] Initialized Research subsystem within 0 seconds!
[2018-07-18 20:11:51.983] Initialized Events subsystem within 0 seconds!
[2018-07-18 20:11:51.987] Initialized Jobs subsystem within 0 seconds!
[2018-07-18 20:11:51.988] Initialized Quirks subsystem within 0 seconds!
[2018-07-18 20:11:51.999] Initialized Ticker subsystem within 0 seconds!
[2018-07-18 20:11:51.999] Loading PubbyStation...
[2018-07-18 20:11:58.418] Loaded Station in 6.4s!
[2018-07-18 20:12:05.502] Loaded Lavaland in 6.5s!
[2018-07-18 20:12:12.622] Ruin loader finished with 0 left to spend.
[2018-07-18 20:12:14.251] Ruin loader finished with 0 left to spend.
[2018-07-18 20:12:25.469] Initialized Mapping subsystem within 33.5 seconds!
[2018-07-18 20:12:25.471] Initialized Networks subsystem within 0 seconds!
[2018-07-18 20:13:06.815] Initialized Atoms subsystem within 41.4 seconds!
[2018-07-18 20:13:06.837] Initialized Language subsystem within 0 seconds!
[2018-07-18 20:13:07.150] Initialized Machines subsystem within 0.3 seconds!
[2018-07-18 20:13:07.198] Initialized Circuit subsystem within 0 seconds!
[2018-07-18 20:13:07.200] Initialized Disease subsystem within 0.1 seconds!
[2018-07-18 20:13:07.200] Initialized Medals subsystem within 0 seconds!
[2018-07-18 20:13:07.201] Initialized Night Shift subsystem within 0 seconds!
[2018-07-18 20:13:07.201] Initialized Parallax subsystem within 0 seconds!
[2018-07-18 20:13:07.327] Initialized Traumas subsystem within 0.1 seconds!
[2018-07-18 20:13:07.328] Initialized Weather subsystem within 0 seconds!
[2018-07-18 20:13:43.388] ### MassVarEdit by CthulhuOnIce: /turf/closed/indestructible/splashscreen (A/R 1/0) icon=config/title_screens/images/fancy.dmi(class=Icon&value=%5b0xc00099f%5d)
[2018-07-18 20:14:29.247] ## WARNING: There are 27 active turfs at roundstart, this is a mapping error caused by a difference of the air between the adjacent turfs. You can see its coordinates using "Mapping -> Show roundstart AT list" verb (debug verbs required)
[2018-07-18 20:14:29.257] ## WARNING: HEY! LISTEN! 0 seconds were wasted processing 27 turf(s) (connected to 122 other turfs) with atmos differences at round start.
[2018-07-18 20:14:29.692] Initialized Atmospherics subsystem within 82.3 seconds!
[2018-07-18 20:14:29.705] Failed to find backup file for map PubbyStation on zlevel 2.
[2018-07-18 20:14:31.584] Initialized Assets subsystem within 1.8 seconds!
[2018-07-18 20:14:37.610] Initialized Icon Smoothing subsystem within 6 seconds!
[2018-07-18 20:14:38.911] Initialized Overlay subsystem within 1.3 seconds!
[2018-07-18 20:14:38.912] Initialized XKeyScore subsystem within 0 seconds!
[2018-07-18 20:14:38.913] Initialized Sticky Ban subsystem within 0 seconds!
[2018-07-18 20:14:49.206] Initialized Lighting subsystem within 10.3 seconds!
[2018-07-18 20:14:52.421] Initialized Shuttle subsystem within 3.2 seconds!
[2018-07-18 20:14:52.452] Initialized Squeak subsystem within 0 seconds!
[2018-07-18 20:14:52.454] Initialized Pathfinder subsystem within 0 seconds!
[2018-07-18 20:14:52.501] Loaded 6 engraved messages on map PubbyStation
[2018-07-18 20:14:52.525] Initialized Persistence subsystem within 0.1 seconds!
[2018-07-18 20:14:52.525] Initializations complete within 180.6 seconds!
[2018-07-18 20:16:09.105] Game start took 5.8s
[2018-07-18 20:18:52.864] ### MAP WARNING, Mining Shuttle Airlock at Mining Shuttle (54, 36, 5) failed to find a valid airlock to cyclelink with!
[2018-07-18 20:19:04.671] [2018-07-18 20:18:59] Client: ChemicalPills5379 triggered JS error: Error: The URI to be decoded is not a valid encoding | url: http://127.0.0.1:54358/tmp3920/browserOutput.js | line: 161 | column: 2 | error: URIError: The URI to be decoded is not a valid encoding | user agent: Mozilla/4.0 (compatible; MSIE 7.0; Windows NT 6.2; WOW64; Trident/7.0; .NET4.0C; .NET4.0E; .NET CLR 2.0.50727; .NET CLR 3.0.30729; .NET CLR 3.5.30729)
[2018-07-18 20:24:52.838] ### MAP WARNING, Mining Shuttle Airlock at Mining Shuttle (124, 19, 12) failed to find a valid airlock to cyclelink with!
[2018-07-18 20:25:54.472] ### MAP WARNING, Mining Shuttle Airlock at Mining Shuttle (54, 36, 5) failed to find a valid airlock to cyclelink with!
[2018-07-18 20:42:26.051] ### MAP WARNING, Mining Shuttle Airlock at Mining Shuttle (45, 41, 12) failed to find a valid airlock to cyclelink with!
[2018-07-18 20:45:41.025] [2018-07-18 20:45:26] Client: Qwertyquerty triggered JS error: Error: The URI to be decoded is not a valid encoding | url: http://127.0.0.1:56326/tmp708/browserOutput.js | line: 161 | column: 2 | error: URIError: The URI to be decoded is not a valid encoding | user agent: Mozilla/4.0 (compatible; MSIE 7.0; Windows NT 6.2; WOW64; Trident/7.0; .NET4.0C; .NET4.0E; .NET CLR 2.0.50727; .NET CLR 3.0.30729; .NET CLR 3.5.30729; Tablet PC 2.0; Zoom 3.6.0)
[2018-07-18 20:45:41.113] [2018-07-18 20:45:26] Client: CthulhuOnIce triggered JS error: Error: The URI to be decoded is not a valid encoding | url: http://127.0.0.1:52274/tmp7888/browserOutput.js | line: 161 | column: 2 | error: URIError: The URI to be decoded is not a valid encoding | user agent: Mozilla/4.0 (compatible; MSIE 7.0; Windows NT 6.2; WOW64; Trident/7.0; .NET4.0C; .NET4.0E; .NET CLR 2.0.50727; .NET CLR 3.0.30729; .NET CLR 3.5.30729; Tablet PC 2.0)
[2018-07-18 20:45:41.113] [2018-07-18 20:45:26] Client: HaggisShuu triggered JS error: Error: The URI to be decoded is not a valid encoding | url: http://127.0.0.1:50463/tmp7576/browserOutput.js | line: 161 | column: 2 | error: URIError: The URI to be decoded is not a valid encoding | user agent: Mozilla/4.0 (compatible; MSIE 7.0; Windows NT 6.1; WOW64; Trident/7.0; SLCC2; .NET CLR 2.0.50727; .NET CLR 3.5.30729; .NET CLR 3.0.30729; Media Center PC 6.0; .NET4.0C; .NET4.0E)
[2018-07-18 20:45:41.202] [2018-07-18 20:45:26] Client: ManNardo triggered JS error: Error: The URI to be decoded is not a valid encoding | url: http://127.0.0.1:53300/tmp7920/browserOutput.js | line: 161 | column: 2 | error: URIError: The URI to be decoded is not a valid encoding | user agent: Mozilla/4.0 (compatible; MSIE 7.0; Windows NT 6.2; WOW64; Trident/7.0; .NET4.0C; .NET4.0E; .NET CLR 2.0.50727; .NET CLR 3.0.30729; .NET CLR 3.5.30729)
[2018-07-18 20:46:50.052] ### MAP WARNING, Mining Shuttle Airlock at Mining Shuttle (54, 36, 5) failed to find a valid airlock to cyclelink with!
[2018-07-18 20:48:42.280] runtime error: The cable piece taking damage after deletion
[2018-07-18 20:48:42.280] proc name: stack trace (/datum/proc/stack_trace)
[2018-07-18 20:48:42.280]   source file: unsorted.dm,1243
[2018-07-18 20:48:42.280] 
[2018-07-18 20:48:42.395] runtime error: The command console taking damage after deletion
[2018-07-18 20:48:42.395] proc name: stack trace (/datum/proc/stack_trace)
[2018-07-18 20:48:42.395]   source file: unsorted.dm,1243
[2018-07-18 20:48:42.395] 
[2018-07-18 20:48:53.778] runtime error: The power cable taking damage after deletion
[2018-07-18 20:48:53.778] proc name: stack trace (/datum/proc/stack_trace)
[2018-07-18 20:48:53.778]   source file: unsorted.dm,1243
[2018-07-18 20:48:53.778] 
[2018-07-18 20:48:53.779] runtime error: The power cable taking damage after deletion
[2018-07-18 20:48:53.779] proc name: stack trace (/datum/proc/stack_trace)
[2018-07-18 20:48:53.779]   source file: unsorted.dm,1243
[2018-07-18 20:48:53.779] 
[2018-07-18 20:48:53.906] runtime error: The power cable taking damage after deletion
[2018-07-18 20:48:53.906] proc name: stack trace (/datum/proc/stack_trace)
[2018-07-18 20:48:53.906]   source file: unsorted.dm,1243
[2018-07-18 20:48:53.906] 
[2018-07-18 20:48:53.907] runtime error: The power cable taking damage after deletion
[2018-07-18 20:48:53.907] proc name: stack trace (/datum/proc/stack_trace)
[2018-07-18 20:48:53.907]   source file: unsorted.dm,1243
[2018-07-18 20:48:53.907] 
[2018-07-18 20:48:53.907] runtime error: The power cable taking damage after deletion
[2018-07-18 20:48:53.907] proc name: stack trace (/datum/proc/stack_trace)
[2018-07-18 20:48:53.907]   source file: unsorted.dm,1243
[2018-07-18 20:48:53.907] 
[2018-07-18 20:48:54.009] runtime error: The power cable taking damage after deletion
[2018-07-18 20:48:54.009] proc name: stack trace (/datum/proc/stack_trace)
[2018-07-18 20:48:54.009]   source file: unsorted.dm,1243
[2018-07-18 20:48:54.009] 
[2018-07-18 20:48:54.009] runtime error: The power cable taking damage after deletion
[2018-07-18 20:48:54.009] proc name: stack trace (/datum/proc/stack_trace)
[2018-07-18 20:48:54.009]   source file: unsorted.dm,1243
[2018-07-18 20:48:54.009] 
[2018-07-18 20:48:54.010] runtime error: The power cable taking damage after deletion
[2018-07-18 20:48:54.010] Warning: further proc crash messages are being suppressed to prevent overload...
[2018-07-18 20:48:54.010] 
[2018-07-18 20:48:54.112] runtime error: The power cable taking damage after deletion
[2018-07-18 20:48:54.112] 
[2018-07-18 20:48:54.113] runtime error: The power cable taking damage after deletion
[2018-07-18 20:48:54.113] 
[2018-07-18 20:48:54.113] runtime error: The power cable taking damage after deletion
[2018-07-18 20:48:54.113] 
[2018-07-18 20:48:54.217] runtime error: The power cable taking damage after deletion
[2018-07-18 20:48:54.217] 
[2018-07-18 20:48:54.217] runtime error: The power cable taking damage after deletion
[2018-07-18 20:48:54.217] 
[2018-07-18 20:48:54.217] runtime error: The power cable taking damage after deletion
[2018-07-18 20:48:54.217] 
[2018-07-18 20:48:54.320] runtime error: The power cable taking damage after deletion
[2018-07-18 20:48:54.320] 
[2018-07-18 20:48:54.320] runtime error: The power cable taking damage after deletion
[2018-07-18 20:48:54.320] 
[2018-07-18 20:48:54.320] runtime error: The power cable taking damage after deletion
[2018-07-18 20:48:54.320] 
[2018-07-18 20:48:54.439] runtime error: The power cable taking damage after deletion
[2018-07-18 20:48:54.439] 
[2018-07-18 20:48:54.439] runtime error: The power cable taking damage after deletion
[2018-07-18 20:48:54.440] 
[2018-07-18 20:48:54.440] runtime error: The power cable taking damage after deletion
[2018-07-18 20:48:54.440] 
[2018-07-18 20:48:54.542] runtime error: The power cable taking damage after deletion
[2018-07-18 20:48:54.543] 
[2018-07-18 20:48:54.543] runtime error: The power cable taking damage after deletion
[2018-07-18 20:48:54.543] 
[2018-07-18 20:48:54.543] runtime error: The power cable taking damage after deletion
[2018-07-18 20:48:54.543] 
[2018-07-18 20:48:54.655] runtime error: The power cable taking damage after deletion
[2018-07-18 20:48:54.655] 
[2018-07-18 20:48:54.770] runtime error: The power cable taking damage after deletion
[2018-07-18 20:48:54.770] 
[2018-07-18 20:48:54.770] runtime error: The power cable taking damage after deletion
[2018-07-18 20:48:54.770] 
[2018-07-18 20:48:54.771] runtime error: The power cable taking damage after deletion
[2018-07-18 20:48:54.771] 
[2018-07-18 20:48:54.888] runtime error: The power cable taking damage after deletion
[2018-07-18 20:48:54.888] 
[2018-07-18 20:48:55.001] runtime error: The power cable taking damage after deletion
[2018-07-18 20:48:55.001] 
[2018-07-18 20:48:55.001] runtime error: The power cable taking damage after deletion
[2018-07-18 20:48:55.001] 
[2018-07-18 20:48:55.001] runtime error: The power cable taking damage after deletion
[2018-07-18 20:48:55.001] 
[2018-07-18 20:48:55.104] runtime error: The power cable taking damage after deletion
[2018-07-18 20:48:55.104] 
[2018-07-18 20:48:55.104] runtime error: The power cable taking damage after deletion
[2018-07-18 20:48:55.104] 
[2018-07-18 20:48:55.105] runtime error: The power cable taking damage after deletion
[2018-07-18 20:48:55.105] 
[2018-07-18 20:48:55.220] runtime error: The power cable taking damage after deletion
[2018-07-18 20:48:55.220] 
[2018-07-18 20:48:55.220] runtime error: The power cable taking damage after deletion
[2018-07-18 20:48:55.220] 
[2018-07-18 20:48:55.220] runtime error: The power cable taking damage after deletion
[2018-07-18 20:48:55.220] 
[2018-07-18 20:48:55.323] runtime error: The power cable taking damage after deletion
[2018-07-18 20:48:55.323] 
[2018-07-18 20:48:55.323] runtime error: The power cable taking damage after deletion
[2018-07-18 20:48:55.323] 
[2018-07-18 20:48:55.323] runtime error: The power cable taking damage after deletion
[2018-07-18 20:48:55.323] 
[2018-07-18 20:48:55.423] runtime error: The power cable taking damage after deletion
[2018-07-18 20:48:55.423] 
[2018-07-18 20:48:55.423] runtime error: The power cable taking damage after deletion
[2018-07-18 20:48:55.423] 
[2018-07-18 20:48:55.424] runtime error: The power cable taking damage after deletion
[2018-07-18 20:48:55.424] 
[2018-07-18 20:48:55.524] runtime error: The power cable taking damage after deletion
[2018-07-18 20:48:55.525] 
[2018-07-18 20:48:55.525] runtime error: The power cable taking damage after deletion
[2018-07-18 20:48:55.525] 
[2018-07-18 20:48:55.525] runtime error: The power cable taking damage after deletion
[2018-07-18 20:48:55.525] 
[2018-07-18 20:48:55.623] runtime error: The power cable taking damage after deletion
[2018-07-18 20:48:55.623] 
[2018-07-18 20:48:55.623] runtime error: The power cable taking damage after deletion
[2018-07-18 20:48:55.624] 
[2018-07-18 20:48:55.624] runtime error: The power cable taking damage after deletion
[2018-07-18 20:48:55.624] 
[2018-07-18 20:54:46.370] runtime error: addtimer called with a callback assigned to a qdeleted object. In the future such timers will not be supported and may refuse to run or run with a 0 wait
[2018-07-18 20:54:46.370] 
[2018-07-18 21:04:08.489] ### MAP WARNING, Mining Shuttle Airlock at Mining Shuttle (216, 41, 12) failed to find a valid airlock to cyclelink with!
[2018-07-18 21:04:39.909] [2018-07-18 21:05:04] Client: Catmanpop triggered JS error: Error: The URI to be decoded is not a valid encoding | url: http://127.0.0.1:64597/tmp3772/browserOutput.js | line: 161 | column: 2 | error: URIError: The URI to be decoded is not a valid encoding | user agent: Mozilla/4.0 (compatible; MSIE 7.0; Windows NT 6.2; WOW64; Trident/7.0; .NET4.0C; .NET4.0E; .NET CLR 2.0.50727; .NET CLR 3.0.30729; .NET CLR 3.5.30729; Tablet PC 2.0)
[2018-07-18 21:05:06.494] [2018-07-18 21:05:04] Client: Braincrab triggered JS error: Error: The URI to be decoded is not a valid encoding | url: http://127.0.0.1:55744/tmp8152/browserOutput.js | line: 161 | column: 2 | error: URIError: The URI to be decoded is not a valid encoding | user agent: Mozilla/4.0 (compatible; MSIE 7.0; Windows NT 6.2; WOW64; Trident/7.0; .NET4.0C; .NET4.0E; .NET CLR 2.0.50727; .NET CLR 3.0.30729; .NET CLR 3.5.30729)
[2018-07-18 21:05:06.495] [2018-07-18 21:05:04] Client: Qwertyquerty triggered JS error: Error: The URI to be decoded is not a valid encoding | url: http://127.0.0.1:56326/tmp708/browserOutput.js | line: 161 | column: 2 | error: URIError: The URI to be decoded is not a valid encoding | user agent: Mozilla/4.0 (compatible; MSIE 7.0; Windows NT 6.2; WOW64; Trident/7.0; .NET4.0C; .NET4.0E; .NET CLR 2.0.50727; .NET CLR 3.0.30729; .NET CLR 3.5.30729; Tablet PC 2.0; Zoom 3.6.0)
[2018-07-18 21:05:06.498] [2018-07-18 21:05:04] Client: Catmanpop triggered JS error: Error: The URI to be decoded is not a valid encoding | url: http://127.0.0.1:64597/tmp3772/browserOutput.js | line: 161 | column: 2 | error: URIError: The URI to be decoded is not a valid encoding | user agent: Mozilla/4.0 (compatible; MSIE 7.0; Windows NT 6.2; WOW64; Trident/7.0; .NET4.0C; .NET4.0E; .NET CLR 2.0.50727; .NET CLR 3.0.30729; .NET CLR 3.5.30729; Tablet PC 2.0)
[2018-07-18 21:05:06.662] [2018-07-18 21:05:04] Client: ManNardo triggered JS error: Error: The URI to be decoded is not a valid encoding | url: http://127.0.0.1:53300/tmp7920/browserOutput.js | line: 161 | column: 2 | error: URIError: The URI to be decoded is not a valid encoding | user agent: Mozilla/4.0 (compatible; MSIE 7.0; Windows NT 6.2; WOW64; Trident/7.0; .NET4.0C; .NET4.0E; .NET CLR 2.0.50727; .NET CLR 3.0.30729; .NET CLR 3.5.30729)
[2018-07-18 21:05:06.714] [2018-07-18 21:05:04] Client: CthulhuOnIce triggered JS error: Error: The URI to be decoded is not a valid encoding | url: http://127.0.0.1:52274/tmp7888/browserOutput.js | line: 161 | column: 2 | error: URIError: The URI to be decoded is not a valid encoding | user agent: Mozilla/4.0 (compatible; MSIE 7.0; Windows NT 6.2; WOW64; Trident/7.0; .NET4.0C; .NET4.0E; .NET CLR 2.0.50727; .NET CLR 3.0.30729; .NET CLR 3.5.30729; Tablet PC 2.0)
[2018-07-18 21:06:10.082] ### MAP WARNING, Mining Shuttle Airlock at Mining Shuttle (54, 36, 5) failed to find a valid airlock to cyclelink with!
[2018-07-18 21:06:29.446] runtime error: addtimer called with a callback assigned to a qdeleted object. In the future such timers will not be supported and may refuse to run or run with a 0 wait
[2018-07-18 21:06:29.446] 
[2018-07-18 21:06:30.458] runtime error: addtimer called with a callback assigned to a qdeleted object. In the future such timers will not be supported and may refuse to run or run with a 0 wait
[2018-07-18 21:06:30.458] 
[2018-07-18 21:11:53.826] ### MAP WARNING, Mining Shuttle Airlock at Mining Shuttle (16, 63, 12) failed to find a valid airlock to cyclelink with!
[2018-07-18 21:12:42.664] ### MAP WARNING, Mining Shuttle Airlock at Mining Shuttle (54, 36, 5) failed to find a valid airlock to cyclelink with!
[2018-07-18 21:15:30.871] runtime error: Cannot execute null.copy to().
[2018-07-18 21:15:30.871] 
[2018-07-18 21:20:39.630] ### MAP WARNING, Mining Shuttle Airlock at Mining Shuttle (66, 63, 12) failed to find a valid airlock to cyclelink with!
[2018-07-18 21:23:10.950] ### MAP WARNING, Mining Shuttle Airlock at Mining Shuttle (54, 36, 5) failed to find a valid airlock to cyclelink with!
[2018-07-18 21:23:48.679] runtime error: Cannot execute null.copy to().
[2018-07-18 21:23:48.679] 
[2018-07-18 21:23:48.783] runtime error: Cannot execute null.copy to().
[2018-07-18 21:23:48.784] 
[2018-07-18 21:24:17.695] ## WARNING: couldn't find shuttle with id: syndie_cargo in code/controllers/subsystem/shuttle.dm at line 159 src: Shuttle usr: Manuel Thomson.
[2018-07-18 21:24:18.007] ## WARNING: couldn't find shuttle with id: syndie_cargo in code/controllers/subsystem/shuttle.dm at line 159 src: Shuttle usr: Manuel Thomson.
[2018-07-18 21:25:31.918] runtime error: Cannot read null.armor
[2018-07-18 21:25:31.918] 
[2018-07-18 21:25:31.919] runtime error: Cannot read null.species
[2018-07-18 21:25:31.919] 
[2018-07-18 21:26:44.012] runtime error: Cannot execute null.archive().
[2018-07-18 21:26:44.012] 
[2018-07-18 21:26:44.012] runtime error: Cannot read null.gases
[2018-07-18 21:26:44.012] 
[2018-07-18 21:26:44.013] runtime error: Cannot execute null.archive().
[2018-07-18 21:26:44.013] 
[2018-07-18 21:26:44.013] runtime error: Cannot read null.gases
[2018-07-18 21:26:44.013] 
[2018-07-18 21:26:44.013] runtime error: Cannot execute null.archive().
[2018-07-18 21:26:44.013] 
[2018-07-18 21:26:44.013] runtime error: Cannot read null.gases
[2018-07-18 21:26:44.013] 
[2018-07-18 21:26:44.013] runtime error: Cannot execute null.archive().
[2018-07-18 21:26:44.013] 
[2018-07-18 21:26:44.013] runtime error: Cannot read null.gases
[2018-07-18 21:26:44.013] 
[2018-07-18 21:26:44.014] runtime error: Cannot execute null.archive().
[2018-07-18 21:26:44.014] 
[2018-07-18 21:26:44.014] runtime error: Cannot read null.gases
[2018-07-18 21:26:44.014] 
[2018-07-18 21:26:44.014] runtime error: Cannot execute null.archive().
[2018-07-18 21:26:44.014] 
[2018-07-18 21:26:44.014] runtime error: Cannot read null.gases
[2018-07-18 21:26:44.014] 
[2018-07-18 21:26:44.014] runtime error: Cannot execute null.archive().
[2018-07-18 21:26:44.014] 
[2018-07-18 21:26:44.015] runtime error: Cannot read null.gases
[2018-07-18 21:26:44.015] 
[2018-07-18 21:26:44.015] runtime error: Cannot execute null.archive().
[2018-07-18 21:26:44.015] 
[2018-07-18 21:26:44.015] runtime error: Cannot read null.gases
[2018-07-18 21:26:44.015] 
[2018-07-18 21:26:44.016] runtime error: Cannot execute null.archive().
[2018-07-18 21:26:44.016] 
[2018-07-18 21:26:44.016] runtime error: Cannot read null.gases
[2018-07-18 21:26:44.016] 
[2018-07-18 21:26:44.016] runtime error: Cannot execute null.archive().
[2018-07-18 21:26:44.016] 
[2018-07-18 21:26:44.016] runtime error: Cannot read null.gases
[2018-07-18 21:26:44.016] 
[2018-07-18 21:26:44.016] runtime error: Cannot execute null.archive().
[2018-07-18 21:26:44.016] 
[2018-07-18 21:26:44.016] runtime error: Cannot read null.gases
[2018-07-18 21:26:44.016] 
[2018-07-18 21:26:44.016] runtime error: Cannot execute null.archive().
[2018-07-18 21:26:44.016] 
[2018-07-18 21:26:44.017] runtime error: Cannot read null.gases
[2018-07-18 21:26:44.017] 
[2018-07-18 21:26:44.017] runtime error: Cannot execute null.archive().
[2018-07-18 21:26:44.017] 
[2018-07-18 21:26:44.017] runtime error: Cannot read null.gases
[2018-07-18 21:26:44.017] 
[2018-07-18 21:26:44.017] runtime error: Cannot execute null.archive().
[2018-07-18 21:26:44.017] 
[2018-07-18 21:26:44.017] runtime error: Cannot read null.gases
[2018-07-18 21:26:44.017] 
[2018-07-18 21:26:44.017] runtime error: Cannot execute null.archive().
[2018-07-18 21:26:44.017] 
[2018-07-18 21:26:44.018] runtime error: Cannot read null.gases
[2018-07-18 21:26:44.018] 
[2018-07-18 21:26:44.018] runtime error: Cannot execute null.archive().
[2018-07-18 21:26:44.018] 
[2018-07-18 21:26:44.018] runtime error: Cannot read null.gases
[2018-07-18 21:26:44.018] 
[2018-07-18 21:26:44.018] runtime error: Cannot execute null.archive().
[2018-07-18 21:26:44.018] 
[2018-07-18 21:26:44.018] runtime error: Cannot read null.gases
[2018-07-18 21:26:44.018] 
[2018-07-18 21:26:44.018] runtime error: Cannot execute null.archive().
[2018-07-18 21:26:44.018] 
[2018-07-18 21:26:44.019] runtime error: Cannot read null.gases
[2018-07-18 21:26:44.019] 
[2018-07-18 21:26:44.019] runtime error: Cannot execute null.archive().
[2018-07-18 21:26:44.019] 
[2018-07-18 21:26:44.019] runtime error: Cannot read null.gases
[2018-07-18 21:26:44.019] 
[2018-07-18 21:26:44.019] runtime error: Cannot execute null.archive().
[2018-07-18 21:26:44.019] 
[2018-07-18 21:26:44.020] runtime error: Cannot read null.gases
[2018-07-18 21:26:44.020] 
[2018-07-18 21:26:44.020] runtime error: Cannot execute null.archive().
[2018-07-18 21:26:44.020] 
[2018-07-18 21:26:44.020] runtime error: Cannot read null.gases
[2018-07-18 21:26:44.020] 
[2018-07-18 21:26:44.020] runtime error: Cannot execute null.archive().
[2018-07-18 21:26:44.020] 
[2018-07-18 21:26:44.020] runtime error: Cannot read null.gases
[2018-07-18 21:26:44.020] 
[2018-07-18 21:26:44.487] runtime error: Cannot execute null.archive().
[2018-07-18 21:26:44.487] 
[2018-07-18 21:26:44.487] runtime error: Cannot read null.gases
[2018-07-18 21:26:44.487] 
[2018-07-18 21:26:44.487] runtime error: Cannot execute null.archive().
[2018-07-18 21:26:44.487] 
[2018-07-18 21:26:44.488] runtime error: Cannot read null.gases
[2018-07-18 21:26:44.488] 
[2018-07-18 21:26:44.488] runtime error: Cannot execute null.archive().
[2018-07-18 21:26:44.488] 
[2018-07-18 21:26:44.488] runtime error: Cannot read null.gases
[2018-07-18 21:26:44.488] 
[2018-07-18 21:26:44.488] runtime error: Cannot execute null.archive().
[2018-07-18 21:26:44.488] 
[2018-07-18 21:26:44.488] runtime error: Cannot read null.gases
[2018-07-18 21:26:44.488] 
[2018-07-18 21:26:44.488] runtime error: Cannot execute null.archive().
[2018-07-18 21:26:44.488] 
[2018-07-18 21:26:44.489] runtime error: Cannot read null.gases
[2018-07-18 21:26:44.489] 
[2018-07-18 21:26:44.489] runtime error: Cannot execute null.archive().
[2018-07-18 21:26:44.489] 
[2018-07-18 21:26:44.489] runtime error: Cannot read null.gases
[2018-07-18 21:26:44.489] 
[2018-07-18 21:26:44.489] runtime error: Cannot execute null.archive().
[2018-07-18 21:26:44.489] 
[2018-07-18 21:26:44.489] runtime error: Cannot read null.gases
[2018-07-18 21:26:44.489] 
[2018-07-18 21:26:44.490] runtime error: Cannot execute null.archive().
[2018-07-18 21:26:44.490] 
[2018-07-18 21:26:44.490] runtime error: Cannot read null.gases
[2018-07-18 21:26:44.490] 
[2018-07-18 21:26:46.670] runtime error: Cannot execute null.copy to().
[2018-07-18 21:26:46.670] 
[2018-07-18 21:27:49.188] runtime error: Cannot execute null.copy to().
[2018-07-18 21:27:49.189] 
[2018-07-18 21:28:06.452] runtime error: Cannot execute null.copy to().
[2018-07-18 21:28:06.453] 
[2018-07-18 21:30:51.014] ## WARNING: couldn't find shuttle with id: syndie_cargo in code/controllers/subsystem/shuttle.dm at line 159 src: Shuttle usr: Kaydence Parker.
[2018-07-18 21:31:55.880] ## WARNING: couldn't find shuttle with id: syndie_cargo in code/controllers/subsystem/shuttle.dm at line 159 src: Shuttle usr: Isaias Curry.
[2018-07-18 21:31:58.040] runtime error: Cannot execute null.is cut().
[2018-07-18 21:31:58.040] 
[2018-07-18 21:41:43.431] runtime error: Cannot modify null.linglink.
[2018-07-18 21:41:43.431] 
[2018-07-18 21:41:50.491] [2018-07-18 21:41:45] Client: LongTittyTyrone triggered JS error: Error: The URI to be decoded is not a valid encoding | url: http://127.0.0.1:50156/tmp14412/browserOutput.js | line: 161 | column: 2 | error: URIError: The URI to be decoded is not a valid encoding | user agent: Mozilla/4.0 (compatible; MSIE 7.0; Windows NT 6.2; WOW64; Trident/7.0; .NET4.0C; .NET4.0E; .NET CLR 2.0.50727; .NET CLR 3.0.30729; .NET CLR 3.5.30729; NMTE)
[2018-07-18 21:41:50.541] [2018-07-18 21:41:45] Client: Davidththird triggered JS error: Error: The URI to be decoded is not a valid encoding | url: http://127.0.0.1:56343/tmp13968/browserOutput.js | line: 161 | column: 2 | error: URIError: The URI to be decoded is not a valid encoding | user agent: Mozilla/4.0 (compatible; MSIE 7.0; Windows NT 6.2; WOW64; Trident/7.0; .NET4.0C; .NET4.0E; .NET CLR 2.0.50727; .NET CLR 3.0.30729; .NET CLR 3.5.30729; InfoPath.3)
[2018-07-18 21:41:50.542] [2018-07-18 21:41:45] Client: InternetDweller triggered JS error: Error: The URI to be decoded is not a valid encoding | url: http://127.0.0.1:65492/tmp2732/browserOutput.js | line: 161 | column: 2 | error: URIError: The URI to be decoded is not a valid encoding | user agent: Mozilla/4.0 (compatible; MSIE 7.0; Windows NT 6.2; WOW64; Trident/7.0; .NET4.0C; .NET4.0E; .NET CLR 2.0.50727; .NET CLR 3.0.30729; .NET CLR 3.5.30729)
[2018-07-18 21:41:50.592] [2018-07-18 21:41:45] Client: Frontline03 triggered JS error: Error: The URI to be decoded is not a valid encoding | url: http://127.0.0.1:55634/tmp216/browserOutput.js | line: 161 | column: 2 | error: URIError: The URI to be decoded is not a valid encoding | user agent: Mozilla/4.0 (compatible; MSIE 7.0; Windows NT 6.2; WOW64; Trident/7.0; .NET4.0C; .NET4.0E; .NET CLR 2.0.50727; .NET CLR 3.0.30729; .NET CLR 3.5.30729)
[2018-07-18 21:41:50.593] [2018-07-18 21:41:45] Client: Catmanpop triggered JS error: Error: The URI to be decoded is not a valid encoding | url: http://127.0.0.1:64597/tmp3772/browserOutput.js | line: 161 | column: 2 | error: URIError: The URI to be decoded is not a valid encoding | user agent: Mozilla/4.0 (compatible; MSIE 7.0; Windows NT 6.2; WOW64; Trident/7.0; .NET4.0C; .NET4.0E; .NET CLR 2.0.50727; .NET CLR 3.0.30729; .NET CLR 3.5.30729; Tablet PC 2.0)
[2018-07-18 21:41:50.641] [2018-07-18 21:41:45] Client: Lorenzo Heinz triggered JS error: Error: El identificador URI para descodificar no tiene una codificación válida | url: http://127.0.0.1:63551/tmp6816/browserOutput.js | line: 161 | column: 2 | error: URIError: El identificador URI para descodificar no tiene una codificación válida | user agent: Mozilla/4.0 (compatible; MSIE 7.0; Windows NT 6.1; WOW64; Trident/7.0; SLCC2; .NET CLR 2.0.50727; .NET CLR 3.5.30729; .NET CLR 3.0.30729; Media Center PC 6.0; .NET4.0C; .NET4.0E; InfoPath.3; GWX:DOWNLOADED)
[2018-07-18 21:41:50.642] [2018-07-18 21:41:45] Client: Ceanox triggered JS error: Error: The URI to be decoded is not a valid encoding | url: http://127.0.0.1:57992/tmp2232/browserOutput.js | line: 161 | column: 2 | error: URIError: The URI to be decoded is not a valid encoding | user agent: Mozilla/4.0 (compatible; MSIE 7.0; Windows NT 6.1; WOW64; Trident/7.0; SLCC2; .NET CLR 2.0.50727; .NET CLR 3.5.30729; .NET CLR 3.0.30729; Media Center PC 6.0; .NET4.0C; .NET4.0E)
[2018-07-18 21:41:50.642] [2018-07-18 21:41:45] Client: Kelesis triggered JS error: Error: The URI to be decoded is not a valid encoding | url: http://127.0.0.1:52823/tmp10236/browserOutput.js | line: 161 | column: 2 | error: URIError: The URI to be decoded is not a valid encoding | user agent: Mozilla/4.0 (compatible; MSIE 7.0; Windows NT 6.2; WOW64; Trident/7.0; .NET4.0C; .NET4.0E; .NET CLR 2.0.50727; .NET CLR 3.0.30729; .NET CLR 3.5.30729; InfoPath.2; Tablet PC 2.0)
[2018-07-18 21:41:50.793] [2018-07-18 21:41:45] Client: AzlanonPc triggered JS error: Error: El identificador URI para descodificar no tiene una codificación válida | url: http://127.0.0.1:55379/tmp7212/browserOutput.js | line: 161 | column: 2 | error: URIError: El identificador URI para descodificar no tiene una codificación válida | user agent: Mozilla/4.0 (compatible; MSIE 7.0; Windows NT 6.1; WOW64; Trident/7.0; SLCC2; .NET CLR 2.0.50727; .NET CLR 3.5.30729; .NET CLR 3.0.30729; Media Center PC 6.0; InfoPath.3; .NET4.0C; .NET4.0E)
[2018-07-18 21:41:50.990] [2018-07-18 21:41:45] Client: Mynameajeff triggered JS error: Error: The URI to be decoded is not a valid encoding | url: http://127.0.0.1:59562/tmp11120/browserOutput.js | line: 161 | column: 2 | error: URIError: The URI to be decoded is not a valid encoding | user agent: Mozilla/4.0 (compatible; MSIE 7.0; Windows NT 6.2; WOW64; Trident/7.0; .NET4.0C; .NET4.0E; .NET CLR 2.0.50727; .NET CLR 3.0.30729; .NET CLR 3.5.30729)
[2018-07-18 21:43:30.059] ## WARNING: couldn't find shuttle with id:  in code/controllers/subsystem/shuttle.dm at line 159 src: Shuttle usr: Kaito 'Dagger' Haunting.
[2018-07-18 21:43:30.060] ## WARNING: couldn't find shuttle with id:  in code/controllers/subsystem/shuttle.dm at line 159 src: Shuttle usr: Kaito 'Dagger' Haunting.
[2018-07-18 21:43:30.452] ## WARNING: couldn't find shuttle with id:  in code/controllers/subsystem/shuttle.dm at line 159 src: Shuttle usr: Kaito 'Dagger' Haunting.
[2018-07-18 21:45:24.004] Saved 6 engraved messages on map PubbyStation
[2018-07-18 21:47:00.521] Shutting down Persistence subsystem...
[2018-07-18 21:47:00.521] Shutting down Pathfinder subsystem...
[2018-07-18 21:47:00.521] Shutting down Squeak subsystem...
[2018-07-18 21:47:00.521] Shutting down Shuttle subsystem...
[2018-07-18 21:47:00.521] Shutting down Lighting subsystem...
[2018-07-18 21:47:00.521] Shutting down XKeyScore subsystem...
[2018-07-18 21:47:00.521] Shutting down Sticky Ban subsystem...
[2018-07-18 21:47:00.521] Shutting down Overlay subsystem...
[2018-07-18 21:47:00.563] Shutting down Icon Smoothing subsystem...
[2018-07-18 21:47:00.563] Shutting down Assets subsystem...
[2018-07-18 21:47:00.563] Shutting down Minimap subsystem...
[2018-07-18 21:47:00.563] Shutting down Atmospherics subsystem...
[2018-07-18 21:47:00.563] Shutting down Wet floors subsystem...
[2018-07-18 21:47:00.563] Shutting down Weather subsystem...
[2018-07-18 21:47:00.563] Shutting down Vote subsystem...
[2018-07-18 21:47:00.563] Shutting down Traumas subsystem...
[2018-07-18 21:47:00.563] Shutting down Title Screen subsystem...
[2018-07-18 21:47:00.564] Shutting down Time Tracking subsystem...
[2018-07-18 21:47:00.564] Shutting down Throwing subsystem...
[2018-07-18 21:47:00.564] Shutting down tgui subsystem...
[2018-07-18 21:47:00.564] Shutting down Sun subsystem...
[2018-07-18 21:47:00.564] Shutting down Space Drift subsystem...
[2018-07-18 21:47:00.564] Shutting down Religion subsystem...
[2018-07-18 21:47:00.564] Shutting down Radio subsystem...
[2018-07-18 21:47:00.564] Shutting down Radiation subsystem...
[2018-07-18 21:47:00.564] Shutting down Projectiles subsystem...
[2018-07-18 21:47:00.564] Shutting down Processing subsystem...
[2018-07-18 21:47:00.564] Shutting down Ping subsystem...
[2018-07-18 21:47:00.564] Shutting down Parallax subsystem...
[2018-07-18 21:47:00.564] Shutting down pAI subsystem...
[2018-07-18 21:47:00.564] Shutting down Orbits subsystem...
[2018-07-18 21:47:00.564] Shutting down Objects subsystem...
[2018-07-18 21:47:00.564] Shutting down NPC Pool subsystem...
[2018-07-18 21:47:00.564] Shutting down Night Shift subsystem...
[2018-07-18 21:47:00.564] Shutting down Mood subsystem...
[2018-07-18 21:47:00.565] Shutting down Mobs subsystem...
[2018-07-18 21:47:00.565] Shutting down Medals subsystem...
[2018-07-18 21:47:00.565] Shutting down Idling NPC Pool subsystem...
[2018-07-18 21:47:00.565] Shutting down Flightpack Movement subsystem...
[2018-07-18 21:47:00.565] Shutting down Fire Burning subsystem...
[2018-07-18 21:47:00.565] Shutting down Fields subsystem...
[2018-07-18 21:47:00.565] Shutting down Fast Processing subsystem...
[2018-07-18 21:47:00.565] Shutting down Disease subsystem...
[2018-07-18 21:47:00.565] Shutting down Datum Component System subsystem...
[2018-07-18 21:47:00.565] Shutting down Communications subsystem...
[2018-07-18 21:47:00.565] Shutting down Augury subsystem...
[2018-07-18 21:47:00.565] Shutting down Acid subsystem...
[2018-07-18 21:47:00.565] Shutting down Timer subsystem...
[2018-07-18 21:47:00.565] Shutting down Circuit subsystem...
[2018-07-18 21:47:00.565] Shutting down Machines subsystem...
[2018-07-18 21:47:00.565] Shutting down Language subsystem...
[2018-07-18 21:47:00.565] Shutting down Atoms subsystem...
[2018-07-18 21:47:00.566] Shutting down Networks subsystem...
[2018-07-18 21:47:00.566] Shutting down Mapping subsystem...
[2018-07-18 21:47:00.566] Shutting down Ticker subsystem...
[2018-07-18 21:47:00.687] Shutting down Quirks subsystem...
[2018-07-18 21:47:00.687] Shutting down Jobs subsystem...
[2018-07-18 21:47:00.687] Shutting down Events subsystem...
[2018-07-18 21:47:00.687] Shutting down Research subsystem...
[2018-07-18 21:47:00.687] Shutting down Input subsystem...
[2018-07-18 21:47:00.687] Shutting down Server Tasks subsystem...
[2018-07-18 21:47:00.688] Shutting down Blackbox subsystem...
[2018-07-18 21:47:00.811] Shutting down Database subsystem...
[2018-07-18 21:47:00.849] Shutting down Garbage subsystem...
[2018-07-18 21:47:00.952] Shutdown complete
[2018-07-18 21:47:00.952] World rebooted at 21:47:00
