

Starting up round ID 252. 05:26:18
---------------------
Initialized Database subsystem within 0 seconds!
Initialized Blackbox subsystem within 0 seconds!
Initialized Server Tasks subsystem within 0 seconds!
Initialized Input subsystem within 0 seconds!
Initialized Research subsystem within 0 seconds!
Initialized Events subsystem within 0 seconds!
Initialized Jobs subsystem within 0 seconds!
Initialized Traits subsystem within 0 seconds!
Initialized Ticker subsystem within 0 seconds!
Loading Box Station...
Loaded Station in 6.6s!
Loaded Lavaland in 4.7s!
Loaded Reebe in 4.6s!
Ruin loader finished with 0 left to spend.
Ruin loader finished with 0 left to spend.
Initialized Mapping subsystem within 22.6 seconds!
Initialized Networks subsystem within 0 seconds!
Initialized Atoms subsystem within 41.3 seconds!
Initialized Language subsystem within 0 seconds!
Initialized Machines subsystem within 0.3 seconds!
Initialized Circuit subsystem within 0.1 seconds!
Initialized Disease subsystem within 0 seconds!
Initialized Medals subsystem within 0 seconds!
Initialized Night Shift subsystem within 0 seconds!
Initialized Parallax subsystem within 0 seconds!
Initialized Traumas subsystem within 0.1 seconds!
Initialized Weather subsystem within 0 seconds!
Initialized Atmospherics subsystem within 12.3 seconds!
Initialized Minimap subsystem within 0 seconds!
Initialized Assets subsystem within 0.8 seconds!
Initialized Icon Smoothing subsystem within 5.2 seconds!
Initialized Overlay subsystem within 22 seconds!
Initialized XKeyScore subsystem within 0 seconds!
Initialized Sticky Ban subsystem within 0 seconds!
Initialized Lighting subsystem within 11.6 seconds!
Initialized Shuttle subsystem within 19.9 seconds!
Initialized Squeak subsystem within 0 seconds!
Initialized pathfinder subsystem within 0 seconds!
Loaded 1 engraved messages on map Box Station
Initialized Persistence subsystem within 0.1 seconds!
Initializations complete within 136.4 seconds!
Game start took 15.1s
runtime error: 
[05:30:29]nothing to animate
[05:30:29]proc name: shake camera (/proc/shake_camera)
[05:30:29]  source file: mob_helpers.dm,270
[05:30:29]  usr: (src)
[05:30:29]  src: null
[05:30:29]  call stack:
[05:30:29]shake camera(Stephen Ann (/mob/living/carbon/human), 0.75, 1)
[05:30:29]Stephen Ann (/mob/living/carbon/human): afterShuttleMove(space (21,20,13) (/turf/open/space/transit/west), /list (/list), 8, 8, 8, 0)
[05:30:29]Stephen Ann (/mob/living/carbon/human): afterShuttleMove(space (21,20,13) (/turf/open/space/transit/west), /list (/list), 8, 8, 8, 0)
[05:30:29]the arrivals shuttle (/obj/docking_port/mobile/arrivals): cleanup runway(the arrivals (/obj/docking_port/stationary), /list (/list), /list (/list), /list (/list), /list (/list), 0, 8, Space (/area/space), /turf/open/space/transit/west (/turf/open/space/transit/west), /turf/open/space (/turf/open/space))
[05:30:29]the arrivals shuttle (/obj/docking_port/mobile/arrivals): initiate docking(the arrivals (/obj/docking_port/stationary), 8, 0)
[05:30:29]the arrivals shuttle (/obj/docking_port/mobile/arrivals): initiate docking(the arrivals (/obj/docking_port/stationary), 8)
[05:30:29]the arrivals shuttle (/obj/docking_port/mobile/arrivals): check()
[05:30:29]the arrivals shuttle (/obj/docking_port/mobile/arrivals): check()
[05:30:29]Shuttle (/datum/controller/subsystem/shuttle): fire(0)
[05:30:29]Shuttle (/datum/controller/subsystem/shuttle): ignite(0)
runtime error: 
[05:30:54]nothing to animate
[05:30:54]proc name: shake camera (/proc/shake_camera)
[05:30:54]  source file: mob_helpers.dm,270
[05:30:54]  usr: (src)
[05:30:54]  src: null
[05:30:54]  call stack:
[05:30:54]shake camera(Dmitri Stenovitch (/mob/living/carbon/human), 0.75, 1)
[05:30:54]Dmitri Stenovitch (/mob/living/carbon/human): afterShuttleMove(space (27,19,13) (/turf/open/space/transit/west), /list (/list), 8, 8, 8, 0)
[05:30:54]Dmitri Stenovitch (/mob/living/carbon/human): afterShuttleMove(space (27,19,13) (/turf/open/space/transit/west), /list (/list), 8, 8, 8, 0)
[05:30:54]the arrivals shuttle (/obj/docking_port/mobile/arrivals): cleanup runway(the arrivals (/obj/docking_port/stationary), /list (/list), /list (/list), /list (/list), /list (/list), 0, 8, Space (/area/space), /turf/open/space/transit/west (/turf/open/space/transit/west), /turf/open/space (/turf/open/space))
[05:30:54]the arrivals shuttle (/obj/docking_port/mobile/arrivals): initiate docking(the arrivals (/obj/docking_port/stationary), 8, 0)
[05:30:54]the arrivals shuttle (/obj/docking_port/mobile/arrivals): initiate docking(the arrivals (/obj/docking_port/stationary), 8)
[05:30:54]the arrivals shuttle (/obj/docking_port/mobile/arrivals): check()
[05:30:54]the arrivals shuttle (/obj/docking_port/mobile/arrivals): check()
[05:30:54]Shuttle (/datum/controller/subsystem/shuttle): fire(0)
[05:30:54]Shuttle (/datum/controller/subsystem/shuttle): ignite(0)
runtime error: 
[05:33:08]Cannot read null.client
[05:33:08]proc name: open (/datum/tgui/proc/open)
[05:33:08]  source file: tgui.dm,87
[05:33:08]  usr: Dmitri Stenovitch (/mob/living/carbon/human)
[05:33:08]  src: /datum/tgui (/datum/tgui)
[05:33:08]  usr.loc: the floor (124,72,2) (/turf/open/floor/plasteel)
[05:33:08]  call stack:
[05:33:08]/datum/tgui (/datum/tgui): open()
[05:33:08]the tablet computer (/obj/item/device/modular_computer/tablet/preset/advanced): ui interact(null, "main", /datum/tgui (/datum/tgui), 0, null, /datum/ui_state/default (/datum/ui_state/default))
[05:33:08]the tablet computer (/obj/item/device/modular_computer/tablet/preset/advanced): attack self(Dmitri Stenovitch (/mob/living/carbon/human))
[05:33:08]Dmitri Stenovitch (/mob/living/carbon/human): ClickOn(the tablet computer (/obj/item/device/modular_computer/tablet/preset/advanced), "icon-x=21;icon-y=13;left=1;scr...")
[05:33:08]the tablet computer (/obj/item/device/modular_computer/tablet/preset/advanced): Click(null, "mapwindow.map", "icon-x=21;icon-y=13;left=1;scr...")
runtime error: 
[05:38:40]Cannot read null.air
[05:38:40]proc name: return air (/obj/machinery/atmospherics/pipe/return_air)
[05:38:40]  source file: pipes.dm,60
[05:38:40]  usr: null
[05:38:40]  src: the pipe (/obj/machinery/atmospherics/pipe/heat_exchanging/simple)
[05:38:40]  src.loc: null
[05:38:40]  call stack:
[05:38:40]the pipe (/obj/machinery/atmospherics/pipe/heat_exchanging/simple): return air()
[05:38:40]the pipe (/obj/machinery/atmospherics/pipe/heat_exchanging/simple): process atmos(0.5)
[05:38:40]Atmospherics (/datum/controller/subsystem/air): process atmos machinery(1)
[05:38:40]Atmospherics (/datum/controller/subsystem/air): fire(1)
[05:38:40]Atmospherics (/datum/controller/subsystem/air): ignite(1)
[05:38:40]Master (/datum/controller/master): RunQueue()
[05:38:40]Master (/datum/controller/master): Loop()
[05:38:40]Master (/datum/controller/master): StartProcessing(0)
runtime error: 
[05:38:40]Cannot read null.temperature
[05:38:40]proc name: process atmos (/obj/machinery/atmospherics/pipe/heat_exchanging/process_atmos)
[05:38:40]  source file: he_pipes.dm,42
[05:38:40]  usr: null
[05:38:40]  src: the pipe (/obj/machinery/atmospherics/pipe/heat_exchanging/simple)
[05:38:40]  src.loc: null
[05:38:40]  call stack:
[05:38:40]the pipe (/obj/machinery/atmospherics/pipe/heat_exchanging/simple): process atmos(0.5)
[05:38:40]Atmospherics (/datum/controller/subsystem/air): process atmos machinery(1)
[05:38:40]Atmospherics (/datum/controller/subsystem/air): fire(1)
[05:38:40]Atmospherics (/datum/controller/subsystem/air): ignite(1)
[05:38:40]Master (/datum/controller/master): RunQueue()
[05:38:40]Master (/datum/controller/master): Loop()
[05:38:40]Master (/datum/controller/master): StartProcessing(0)
runtime error: 
[05:38:40]Cannot read null.air
[05:38:40]proc name: return air (/obj/machinery/atmospherics/pipe/return_air)
[05:38:40]  source file: pipes.dm,60
[05:38:40]  usr: null
[05:38:40]  src: the pipe (/obj/machinery/atmospherics/pipe/heat_exchanging/simple)
[05:38:40]  src.loc: null
[05:38:40]  call stack:
[05:38:40]the pipe (/obj/machinery/atmospherics/pipe/heat_exchanging/simple): return air()
[05:38:40]the pipe (/obj/machinery/atmospherics/pipe/heat_exchanging/simple): process atmos(0.5)
[05:38:40]Atmospherics (/datum/controller/subsystem/air): process atmos machinery(1)
[05:38:40]Atmospherics (/datum/controller/subsystem/air): fire(1)
[05:38:40]Atmospherics (/datum/controller/subsystem/air): ignite(1)
[05:38:40]Master (/datum/controller/master): RunQueue()
[05:38:40]Master (/datum/controller/master): Loop()
[05:38:40]Master (/datum/controller/master): StartProcessing(0)
runtime error: 
[05:38:40]Cannot read null.temperature
[05:38:40]proc name: process atmos (/obj/machinery/atmospherics/pipe/heat_exchanging/process_atmos)
[05:38:40]  source file: he_pipes.dm,42
[05:38:40]  usr: null
[05:38:40]  src: the pipe (/obj/machinery/atmospherics/pipe/heat_exchanging/simple)
[05:38:40]  src.loc: null
[05:38:40]  call stack:
[05:38:40]the pipe (/obj/machinery/atmospherics/pipe/heat_exchanging/simple): process atmos(0.5)
[05:38:40]Atmospherics (/datum/controller/subsystem/air): process atmos machinery(1)
[05:38:40]Atmospherics (/datum/controller/subsystem/air): fire(1)
[05:38:40]Atmospherics (/datum/controller/subsystem/air): ignite(1)
[05:38:40]Master (/datum/controller/master): RunQueue()
[05:38:40]Master (/datum/controller/master): Loop()
[05:38:40]Master (/datum/controller/master): StartProcessing(0)
runtime error: 
[05:38:40]Cannot read null.air
[05:38:40]proc name: return air (/obj/machinery/atmospherics/pipe/return_air)
[05:38:40]  source file: pipes.dm,60
[05:38:40]  usr: null
[05:38:40]  src: the pipe (/obj/machinery/atmospherics/pipe/heat_exchanging/simple)
[05:38:40]  src.loc: null
[05:38:40]  call stack:
[05:38:40]the pipe (/obj/machinery/atmospherics/pipe/heat_exchanging/simple): return air()
[05:38:40]the pipe (/obj/machinery/atmospherics/pipe/heat_exchanging/simple): process atmos(0.5)
[05:38:40]Atmospherics (/datum/controller/subsystem/air): process atmos machinery(1)
[05:38:40]Atmospherics (/datum/controller/subsystem/air): fire(1)
[05:38:40]Atmospherics (/datum/controller/subsystem/air): ignite(1)
[05:38:40]Master (/datum/controller/master): RunQueue()
[05:38:40]Master (/datum/controller/master): Loop()
[05:38:40]Master (/datum/controller/master): StartProcessing(0)
runtime error: 
[05:38:40]Cannot read null.temperature
[05:38:40]proc name: process atmos (/obj/machinery/atmospherics/pipe/heat_exchanging/process_atmos)
[05:38:40]  source file: he_pipes.dm,42
[05:38:40]  usr: null
[05:38:40]  src: the pipe (/obj/machinery/atmospherics/pipe/heat_exchanging/simple)
[05:38:40]  src.loc: null
[05:38:40]  call stack:
[05:38:40]the pipe (/obj/machinery/atmospherics/pipe/heat_exchanging/simple): process atmos(0.5)
[05:38:40]Atmospherics (/datum/controller/subsystem/air): process atmos machinery(1)
[05:38:40]Atmospherics (/datum/controller/subsystem/air): fire(1)
[05:38:40]Atmospherics (/datum/controller/subsystem/air): ignite(1)
[05:38:40]Master (/datum/controller/master): RunQueue()
[05:38:40]Master (/datum/controller/master): Loop()
[05:38:40]Master (/datum/controller/master): StartProcessing(0)
runtime error: 
[05:38:40]Cannot read null.air
[05:38:40]proc name: return air (/obj/machinery/atmospherics/pipe/return_air)
[05:38:40]  source file: pipes.dm,60
[05:38:40]  usr: null
[05:38:40]  src: the pipe (/obj/machinery/atmospherics/pipe/heat_exchanging/simple)
[05:38:40]  src.loc: null
[05:38:40]  call stack:
[05:38:40]the pipe (/obj/machinery/atmospherics/pipe/heat_exchanging/simple): return air()
[05:38:40]the pipe (/obj/machinery/atmospherics/pipe/heat_exchanging/simple): process atmos(0.5)
[05:38:40]Atmospherics (/datum/controller/subsystem/air): process atmos machinery(1)
[05:38:40]Atmospherics (/datum/controller/subsystem/air): fire(1)
[05:38:40]Atmospherics (/datum/controller/subsystem/air): ignite(1)
[05:38:40]Master (/datum/controller/master): RunQueue()
[05:38:40]Master (/datum/controller/master): Loop()
[05:38:40]Master (/datum/controller/master): StartProcessing(0)
runtime error: 
[05:38:40]Cannot read null.temperature
[05:38:40]proc name: process atmos (/obj/machinery/atmospherics/pipe/heat_exchanging/process_atmos)
[05:38:40]  source file: he_pipes.dm,42
[05:38:40]  usr: null
[05:38:40]  src: the pipe (/obj/machinery/atmospherics/pipe/heat_exchanging/simple)
[05:38:40]  src.loc: null
[05:38:40]  call stack:
[05:38:40]the pipe (/obj/machinery/atmospherics/pipe/heat_exchanging/simple): process atmos(0.5)
[05:38:40]Atmospherics (/datum/controller/subsystem/air): process atmos machinery(1)
[05:38:40]Atmospherics (/datum/controller/subsystem/air): fire(1)
[05:38:40]Atmospherics (/datum/controller/subsystem/air): ignite(1)
[05:38:40]Master (/datum/controller/master): RunQueue()
[05:38:40]Master (/datum/controller/master): Loop()
[05:38:40]Master (/datum/controller/master): StartProcessing(0)
runtime error: 
[05:38:40]Cannot read null.air
[05:38:40]proc name: return air (/obj/machinery/atmospherics/pipe/return_air)
[05:38:40]  source file: pipes.dm,60
[05:38:40]  usr: null
[05:38:40]  src: the pipe (/obj/machinery/atmospherics/pipe/heat_exchanging/simple)
[05:38:40]  src.loc: null
[05:38:40]  call stack:
[05:38:40]the pipe (/obj/machinery/atmospherics/pipe/heat_exchanging/simple): return air()
[05:38:40]the pipe (/obj/machinery/atmospherics/pipe/heat_exchanging/simple): process atmos(0.5)
[05:38:40]Atmospherics (/datum/controller/subsystem/air): process atmos machinery(1)
[05:38:40]Atmospherics (/datum/controller/subsystem/air): fire(1)
[05:38:40]Atmospherics (/datum/controller/subsystem/air): ignite(1)
[05:38:40]Master (/datum/controller/master): RunQueue()
[05:38:40]Master (/datum/controller/master): Loop()
[05:38:40]Master (/datum/controller/master): StartProcessing(0)
runtime error: 
[05:38:40]Cannot read null.temperature
[05:38:40]proc name: process atmos (/obj/machinery/atmospherics/pipe/heat_exchanging/process_atmos)
[05:38:40]  source file: he_pipes.dm,42
[05:38:40]  usr: null
[05:38:40]  src: the pipe (/obj/machinery/atmospherics/pipe/heat_exchanging/simple)
[05:38:40]  src.loc: null
[05:38:40]  call stack:
[05:38:40]the pipe (/obj/machinery/atmospherics/pipe/heat_exchanging/simple): process atmos(0.5)
[05:38:40]Atmospherics (/datum/controller/subsystem/air): process atmos machinery(1)
[05:38:40]Atmospherics (/datum/controller/subsystem/air): fire(1)
[05:38:40]Atmospherics (/datum/controller/subsystem/air): ignite(1)
[05:38:40]Master (/datum/controller/master): RunQueue()
[05:38:40]Master (/datum/controller/master): Loop()
[05:38:40]Master (/datum/controller/master): StartProcessing(0)
runtime error: 
[05:38:40]Cannot read null.air
[05:38:40]proc name: return air (/obj/machinery/atmospherics/pipe/return_air)
[05:38:40]  source file: pipes.dm,60
[05:38:40]  usr: null
[05:38:40]  src: the pipe (/obj/machinery/atmospherics/pipe/heat_exchanging/simple)
[05:38:40]  src.loc: null
[05:38:40]  call stack:
[05:38:40]the pipe (/obj/machinery/atmospherics/pipe/heat_exchanging/simple): return air()
[05:38:40]the pipe (/obj/machinery/atmospherics/pipe/heat_exchanging/simple): process atmos(0.5)
[05:38:40]Atmospherics (/datum/controller/subsystem/air): process atmos machinery(1)
[05:38:40]Atmospherics (/datum/controller/subsystem/air): fire(1)
[05:38:40]Atmospherics (/datum/controller/subsystem/air): ignite(1)
[05:38:40]Master (/datum/controller/master): RunQueue()
[05:38:40]Master (/datum/controller/master): Loop()
[05:38:40]Master (/datum/controller/master): StartProcessing(0)
runtime error: 
[05:38:40]Cannot read null.temperature
[05:38:40]proc name: process atmos (/obj/machinery/atmospherics/pipe/heat_exchanging/process_atmos)
[05:38:40]  source file: he_pipes.dm,42
[05:38:40]  usr: null
[05:38:40]  src: the pipe (/obj/machinery/atmospherics/pipe/heat_exchanging/simple)
[05:38:40]  src.loc: null
[05:38:40]  call stack:
[05:38:40]the pipe (/obj/machinery/atmospherics/pipe/heat_exchanging/simple): process atmos(0.5)
[05:38:40]Atmospherics (/datum/controller/subsystem/air): process atmos machinery(1)
[05:38:40]Atmospherics (/datum/controller/subsystem/air): fire(1)
[05:38:40]Atmospherics (/datum/controller/subsystem/air): ignite(1)
[05:38:40]Master (/datum/controller/master): RunQueue()
[05:38:40]Master (/datum/controller/master): Loop()
[05:38:40]Master (/datum/controller/master): StartProcessing(0)
runtime error: 
[05:38:40]Cannot read null.air
[05:38:40]proc name: return air (/obj/machinery/atmospherics/pipe/return_air)
[05:38:40]  source file: pipes.dm,60
[05:38:40]  usr: null
[05:38:40]  src: the pipe (/obj/machinery/atmospherics/pipe/heat_exchanging/simple)
[05:38:40]  src.loc: null
[05:38:40]  call stack:
[05:38:40]the pipe (/obj/machinery/atmospherics/pipe/heat_exchanging/simple): return air()
[05:38:40]the pipe (/obj/machinery/atmospherics/pipe/heat_exchanging/simple): process atmos(0.5)
[05:38:40]Atmospherics (/datum/controller/subsystem/air): process atmos machinery(1)
[05:38:40]Atmospherics (/datum/controller/subsystem/air): fire(1)
[05:38:40]Atmospherics (/datum/controller/subsystem/air): ignite(1)
[05:38:40]Master (/datum/controller/master): RunQueue()
[05:38:40]Master (/datum/controller/master): Loop()
[05:38:40]Master (/datum/controller/master): StartProcessing(0)
runtime error: 
[05:38:40]Cannot read null.temperature
[05:38:40]proc name: process atmos (/obj/machinery/atmospherics/pipe/heat_exchanging/process_atmos)
[05:38:40]  source file: he_pipes.dm,42
[05:38:40]  usr: null
[05:38:40]  src: the pipe (/obj/machinery/atmospherics/pipe/heat_exchanging/simple)
[05:38:40]  src.loc: null
[05:38:40]  call stack:
[05:38:40]the pipe (/obj/machinery/atmospherics/pipe/heat_exchanging/simple): process atmos(0.5)
[05:38:40]Atmospherics (/datum/controller/subsystem/air): process atmos machinery(1)
[05:38:40]Atmospherics (/datum/controller/subsystem/air): fire(1)
[05:38:40]Atmospherics (/datum/controller/subsystem/air): ignite(1)
[05:38:40]Master (/datum/controller/master): RunQueue()
[05:38:40]Master (/datum/controller/master): Loop()
[05:38:40]Master (/datum/controller/master): StartProcessing(0)
runtime error: 
[05:38:40]Cannot read null.air
[05:38:40]proc name: return air (/obj/machinery/atmospherics/pipe/return_air)
[05:38:40]  source file: pipes.dm,60
[05:38:40]  usr: null
[05:38:40]  src: the pipe (/obj/machinery/atmospherics/pipe/heat_exchanging/simple)
[05:38:40]  src.loc: null
[05:38:40]  call stack:
[05:38:40]the pipe (/obj/machinery/atmospherics/pipe/heat_exchanging/simple): return air()
[05:38:40]the pipe (/obj/machinery/atmospherics/pipe/heat_exchanging/simple): process atmos(0.5)
[05:38:40]Atmospherics (/datum/controller/subsystem/air): process atmos machinery(1)
[05:38:40]Atmospherics (/datum/controller/subsystem/air): fire(1)
[05:38:40]Atmospherics (/datum/controller/subsystem/air): ignite(1)
[05:38:40]Master (/datum/controller/master): RunQueue()
[05:38:40]Master (/datum/controller/master): Loop()
[05:38:40]Master (/datum/controller/master): StartProcessing(0)
runtime error: 
[05:38:40]Cannot read null.temperature
[05:38:40]proc name: process atmos (/obj/machinery/atmospherics/pipe/heat_exchanging/process_atmos)
[05:38:40]  source file: he_pipes.dm,42
[05:38:40]  usr: null
[05:38:40]  src: the pipe (/obj/machinery/atmospherics/pipe/heat_exchanging/simple)
[05:38:40]  src.loc: null
[05:38:40]  call stack:
[05:38:40]the pipe (/obj/machinery/atmospherics/pipe/heat_exchanging/simple): process atmos(0.5)
[05:38:40]Atmospherics (/datum/controller/subsystem/air): process atmos machinery(1)
[05:38:40]Atmospherics (/datum/controller/subsystem/air): fire(1)
[05:38:40]Atmospherics (/datum/controller/subsystem/air): ignite(1)
[05:38:40]Master (/datum/controller/master): RunQueue()
[05:38:40]Master (/datum/controller/master): Loop()
[05:38:40]Master (/datum/controller/master): StartProcessing(0)
runtime error: 
[05:38:41]Cannot read null.air
[05:38:41]proc name: return air (/obj/machinery/atmospherics/pipe/return_air)
[05:38:41]  source file: pipes.dm,60
runtime error: 
[05:38:41]Cannot read null.temperature
[05:38:41]proc name: process atmos (/obj/machinery/atmospherics/pipe/heat_exchanging/process_atmos)
[05:38:41]  source file: he_pipes.dm,42
runtime error: 
[05:38:41]Cannot read null.air
[05:38:41]proc name: return air (/obj/machinery/atmospherics/pipe/return_air)
[05:38:41]  source file: pipes.dm,60
runtime error: 
[05:38:41]Cannot read null.temperature
[05:38:41]proc name: process atmos (/obj/machinery/atmospherics/pipe/heat_exchanging/process_atmos)
[05:38:41]  source file: he_pipes.dm,42
runtime error: 
[05:38:41]Cannot read null.air
[05:38:41]proc name: return air (/obj/machinery/atmospherics/pipe/return_air)
[05:38:41]  source file: pipes.dm,60
runtime error: 
[05:38:41]Cannot read null.temperature
[05:38:41]proc name: process atmos (/obj/machinery/atmospherics/pipe/heat_exchanging/process_atmos)
[05:38:41]  source file: he_pipes.dm,42
runtime error: 
[05:38:41]Cannot read null.air
[05:38:41]proc name: return air (/obj/machinery/atmospherics/pipe/return_air)
[05:38:41]  source file: pipes.dm,60
runtime error: 
[05:38:41]Cannot read null.temperature
[05:38:41]proc name: process atmos (/obj/machinery/atmospherics/pipe/heat_exchanging/process_atmos)
[05:38:41]  source file: he_pipes.dm,42
runtime error: 
[05:38:41]Cannot read null.air
[05:38:41]proc name: return air (/obj/machinery/atmospherics/pipe/return_air)
[05:38:41]  source file: pipes.dm,60
runtime error: 
[05:38:41]Cannot read null.temperature
[05:38:41]proc name: process atmos (/obj/machinery/atmospherics/pipe/heat_exchanging/process_atmos)
[05:38:41]  source file: he_pipes.dm,42
runtime error: 
[05:38:58]addtimer called with a callback assigned to a qdeleted object
[05:38:58]proc name: stack trace (/proc/stack_trace)
[05:38:58]  source file: unsorted.dm,1254
runtime error: 
[05:38:59]addtimer called with a callback assigned to a qdeleted object
[05:38:59]proc name: stack trace (/proc/stack_trace)
[05:38:59]  source file: unsorted.dm,1254
runtime error: 
[05:39:05]addtimer called with a callback assigned to a qdeleted object
[05:39:05]proc name: stack trace (/proc/stack_trace)
[05:39:05]  source file: unsorted.dm,1254
runtime error: 
[05:43:43]addtimer called with a callback assigned to a qdeleted object
[05:43:43]proc name: stack trace (/proc/stack_trace)
[05:43:43]  source file: unsorted.dm,1254
runtime error: 
[05:43:43]addtimer called with a callback assigned to a qdeleted object
[05:43:43]proc name: stack trace (/proc/stack_trace)
[05:43:43]  source file: unsorted.dm,1254
runtime error: 
[05:43:43]addtimer called with a callback assigned to a qdeleted object
[05:43:43]proc name: stack trace (/proc/stack_trace)
[05:43:43]  source file: unsorted.dm,1254
runtime error: 
[05:43:44]addtimer called with a callback assigned to a qdeleted object
[05:43:44]proc name: stack trace (/proc/stack_trace)
[05:43:44]  source file: unsorted.dm,1254
runtime error: 
[05:43:44]addtimer called with a callback assigned to a qdeleted object
[05:43:44]proc name: stack trace (/proc/stack_trace)
[05:43:44]  source file: unsorted.dm,1254
runtime error: 
[05:44:23]/turf/open/floor/plasteel/white destroy proc was called multiple times, likely due to a qdel loop in the Destroy logic
[05:44:23]proc name: qdel (/proc/qdel)
[05:44:23]  source file: garbage.dm,329
runtime error: 
[05:44:23]Incorrect turf deletion
[05:44:23]proc name: stack trace (/datum/proc/stack_trace)
[05:44:23]  source file: unsorted.dm,1257
runtime error: 
[05:49:28]nothing to animate
[05:49:28]proc name: shake camera (/proc/shake_camera)
[05:49:28]  source file: mob_helpers.dm,270
runtime error: 
[05:55:37]Cannot read null.client
[05:55:37]proc name: remove from client (/datum/action/vote/proc/remove_from_client)
[05:55:37]  source file: vote.dm,321
Shutting down Persistence subsystem...
Shutting down pathfinder subsystem...
Shutting down Squeak subsystem...
Shutting down Shuttle subsystem...
Shutting down Lighting subsystem...
Shutting down XKeyScore subsystem...
Shutting down Sticky Ban subsystem...
Shutting down Overlay subsystem...
Shutting down Icon Smoothing subsystem...
Shutting down Assets subsystem...
Shutting down Minimap subsystem...
Shutting down Atmospherics subsystem...
Shutting down Wet floors subsystem...
Shutting down Weather subsystem...
Shutting down Vote subsystem...
Shutting down Traumas subsystem...
Shutting down Title Screen subsystem...
Shutting down Time Tracking subsystem...
Shutting down Throwing subsystem...
Shutting down tgui subsystem...
Shutting down Sun subsystem...
Shutting down Space Drift subsystem...
Shutting down Religion subsystem...
Shutting down Radio subsystem...
Shutting down Radiation subsystem...
Shutting down Projectiles subsystem...
Shutting down Processing subsystem...
Shutting down Parallax subsystem...
Shutting down pAI subsystem...
Shutting down Orbits subsystem...
Shutting down Objects subsystem...
Shutting down NPC Pool subsystem...
Shutting down Night Shift subsystem...
Shutting down Mood subsystem...
Shutting down Mobs subsystem...
Shutting down Medals subsystem...
Shutting down Inbounds subsystem...
Shutting down Idling NPC Pool subsystem...
Shutting down Flightpack Movement subsystem...
Shutting down Fire Burning subsystem...
Shutting down Fields subsystem...
Shutting down Fast Processing subsystem...
Shutting down Disease subsystem...
Shutting down Communications subsystem...
Shutting down Augury subsystem...
Shutting down Acid subsystem...
Shutting down Timer subsystem...
Shutting down Circuit subsystem...
Shutting down Machines subsystem...
Shutting down Language subsystem...
Shutting down Atoms subsystem...
Shutting down Networks subsystem...
Shutting down Mapping subsystem...
Shutting down Ticker subsystem...
Shutting down Traits subsystem...
Shutting down Jobs subsystem...
Shutting down Events subsystem...
Shutting down Research subsystem...
Shutting down Input subsystem...
Shutting down Server Tasks subsystem...
Shutting down Blackbox subsystem...
Shutting down Database subsystem...
Shutting down Garbage subsystem...
Shutdown complete
World rebooted at 05:57:08
