[2018-07-26 19:06:37.859] runtime error: bad index
[2018-07-26 19:06:37.859] proc name: Get (/datum/controller/configuration/proc/Get)
[2018-07-26 19:06:37.859]   source file: configuration.dm,178
[2018-07-26 19:06:37.859]   usr: null
[2018-07-26 19:06:37.859]   src: Configuration (/datum/controller/configuration)
[2018-07-26 19:06:37.859]   call stack:
[2018-07-26 19:06:37.859] Configuration (/datum/controller/configuration): Get(/datum/config_entry/flag/log_w... (/datum/config_entry/flag/log_world_topic))
[2018-07-26 19:06:37.859] world: Topic("status", "212.237.9.101", null, null)
[2018-07-26 19:06:37.859] 
[2018-07-26 19:06:37.863] runtime error: bad index
[2018-07-26 19:06:37.863] proc name: Get (/datum/controller/configuration/proc/Get)
[2018-07-26 19:06:37.863]   source file: configuration.dm,178
[2018-07-26 19:06:37.863]   usr: null
[2018-07-26 19:06:37.863]   src: Configuration (/datum/controller/configuration)
[2018-07-26 19:06:37.863]   call stack:
[2018-07-26 19:06:37.863] Configuration (/datum/controller/configuration): Get(/datum/config_entry/string/com... (/datum/config_entry/string/comms_key))
[2018-07-26 19:06:37.863] /datum/world_topic/status (/datum/world_topic/status): TryRun(/list (/list))
[2018-07-26 19:06:37.863] world: Topic("status", "212.237.9.101", null, null)
[2018-07-26 19:06:37.863] 
[2018-07-26 19:06:37.867] runtime error: bad index
[2018-07-26 19:06:37.867] proc name: Get (/datum/controller/configuration/proc/Get)
[2018-07-26 19:06:37.867]   source file: configuration.dm,178
[2018-07-26 19:06:37.867]   usr: null
[2018-07-26 19:06:37.867]   src: Configuration (/datum/controller/configuration)
[2018-07-26 19:06:37.867]   call stack:
[2018-07-26 19:06:37.867] Configuration (/datum/controller/configuration): Get(/datum/config_entry/flag/nores... (/datum/config_entry/flag/norespawn))
[2018-07-26 19:06:37.867] /datum/world_topic/status (/datum/world_topic/status): Run(/list (/list))
[2018-07-26 19:06:37.867] /datum/world_topic/status (/datum/world_topic/status): TryRun(/list (/list))
[2018-07-26 19:06:37.867] world: Topic("status", "212.237.9.101", null, null)
[2018-07-26 19:06:37.867] 
[2018-07-26 19:06:37.871] runtime error: bad index
[2018-07-26 19:06:37.871] proc name: Get (/datum/controller/configuration/proc/Get)
[2018-07-26 19:06:37.871]   source file: configuration.dm,178
[2018-07-26 19:06:37.871]   usr: null
[2018-07-26 19:06:37.871]   src: Configuration (/datum/controller/configuration)
[2018-07-26 19:06:37.871]   call stack:
[2018-07-26 19:06:37.871] Configuration (/datum/controller/configuration): Get(/datum/config_entry/flag/allow... (/datum/config_entry/flag/allow_vote_mode))
[2018-07-26 19:06:37.871] /datum/world_topic/status (/datum/world_topic/status): Run(/list (/list))
[2018-07-26 19:06:37.871] /datum/world_topic/status (/datum/world_topic/status): TryRun(/list (/list))
[2018-07-26 19:06:37.871] world: Topic("status", "212.237.9.101", null, null)
[2018-07-26 19:06:37.871] 
[2018-07-26 19:06:37.872] runtime error: bad index
[2018-07-26 19:06:37.872] proc name: Get (/datum/controller/configuration/proc/Get)
[2018-07-26 19:06:37.872]   source file: configuration.dm,178
[2018-07-26 19:06:37.872]   usr: null
[2018-07-26 19:06:37.872]   src: Configuration (/datum/controller/configuration)
[2018-07-26 19:06:37.872]   call stack:
[2018-07-26 19:06:37.872] Configuration (/datum/controller/configuration): Get(/datum/config_entry/flag/allow... (/datum/config_entry/flag/allow_ai))
[2018-07-26 19:06:37.872] /datum/world_topic/status (/datum/world_topic/status): Run(/list (/list))
[2018-07-26 19:06:37.872] /datum/world_topic/status (/datum/world_topic/status): TryRun(/list (/list))
[2018-07-26 19:06:37.872] world: Topic("status", "212.237.9.101", null, null)
[2018-07-26 19:06:37.872] 
[2018-07-26 19:06:37.873] runtime error: Cannot read null.commit
[2018-07-26 19:06:37.873] proc name: Run (/datum/world_topic/status/Run)
[2018-07-26 19:06:37.873]   source file: world_topic.dm,151
[2018-07-26 19:06:37.873]   usr: null
[2018-07-26 19:06:37.873]   src: /datum/world_topic/status (/datum/world_topic/status)
[2018-07-26 19:06:37.873]   call stack:
[2018-07-26 19:06:37.873] /datum/world_topic/status (/datum/world_topic/status): Run(/list (/list))
[2018-07-26 19:06:37.873] /datum/world_topic/status (/datum/world_topic/status): TryRun(/list (/list))
[2018-07-26 19:06:37.873] world: Topic("status", "212.237.9.101", null, null)
[2018-07-26 19:06:37.873] 
[2018-07-26 19:06:37.873] runtime error: bad index
[2018-07-26 19:06:37.873] proc name: Get (/datum/controller/configuration/proc/Get)
[2018-07-26 19:06:37.873]   source file: configuration.dm,178
[2018-07-26 19:06:37.873]   usr: null
[2018-07-26 19:06:37.873]   src: Configuration (/datum/controller/configuration)
[2018-07-26 19:06:37.873]   call stack:
[2018-07-26 19:06:37.873] Configuration (/datum/controller/configuration): Get(/datum/config_entry/flag/log_w... (/datum/config_entry/flag/log_world_topic))
[2018-07-26 19:06:37.873] world: Topic("status", "212.237.9.101", null, null)
[2018-07-26 19:06:37.873] 
[2018-07-26 19:06:37.874] runtime error: bad index
[2018-07-26 19:06:37.874] proc name: Get (/datum/controller/configuration/proc/Get)
[2018-07-26 19:06:37.874]   source file: configuration.dm,178
[2018-07-26 19:06:37.874]   usr: null
[2018-07-26 19:06:37.874]   src: Configuration (/datum/controller/configuration)
[2018-07-26 19:06:37.874]   call stack:
[2018-07-26 19:06:37.874] Configuration (/datum/controller/configuration): Get(/datum/config_entry/string/com... (/datum/config_entry/string/comms_key))
[2018-07-26 19:06:37.874] /datum/world_topic/status (/datum/world_topic/status): TryRun(/list (/list))
[2018-07-26 19:06:37.874] world: Topic("status", "212.237.9.101", null, null)
[2018-07-26 19:06:37.874] 
[2018-07-26 19:06:37.875] runtime error: bad index
[2018-07-26 19:06:37.875] proc name: Get (/datum/controller/configuration/proc/Get)
[2018-07-26 19:06:37.875]   source file: configuration.dm,178
[2018-07-26 19:06:37.875]   usr: null
[2018-07-26 19:06:37.875]   src: Configuration (/datum/controller/configuration)
[2018-07-26 19:06:37.875]   call stack:
[2018-07-26 19:06:37.875] Configuration (/datum/controller/configuration): Get(/datum/config_entry/flag/nores... (/datum/config_entry/flag/norespawn))
[2018-07-26 19:06:37.875] /datum/world_topic/status (/datum/world_topic/status): Run(/list (/list))
[2018-07-26 19:06:37.875] /datum/world_topic/status (/datum/world_topic/status): TryRun(/list (/list))
[2018-07-26 19:06:37.875] world: Topic("status", "212.237.9.101", null, null)
[2018-07-26 19:06:37.875] 
[2018-07-26 19:06:37.875] runtime error: bad index
[2018-07-26 19:06:37.875] proc name: Get (/datum/controller/configuration/proc/Get)
[2018-07-26 19:06:37.875]   source file: configuration.dm,178
[2018-07-26 19:06:37.875]   usr: null
[2018-07-26 19:06:37.875]   src: Configuration (/datum/controller/configuration)
[2018-07-26 19:06:37.875]   call stack:
[2018-07-26 19:06:37.875] Configuration (/datum/controller/configuration): Get(/datum/config_entry/flag/allow... (/datum/config_entry/flag/allow_vote_mode))
[2018-07-26 19:06:37.875] /datum/world_topic/status (/datum/world_topic/status): Run(/list (/list))
[2018-07-26 19:06:37.875] /datum/world_topic/status (/datum/world_topic/status): TryRun(/list (/list))
[2018-07-26 19:06:37.875] world: Topic("status", "212.237.9.101", null, null)
[2018-07-26 19:06:37.875] 
[2018-07-26 19:06:37.875] runtime error: bad index
[2018-07-26 19:06:37.875] proc name: Get (/datum/controller/configuration/proc/Get)
[2018-07-26 19:06:37.875]   source file: configuration.dm,178
[2018-07-26 19:06:37.875] 
[2018-07-26 19:06:37.876] runtime error: Cannot read null.commit
[2018-07-26 19:06:37.876] proc name: Run (/datum/world_topic/status/Run)
[2018-07-26 19:06:37.876]   source file: world_topic.dm,151
[2018-07-26 19:06:37.876] 
[2018-07-26 19:06:37.876] runtime error: bad index
[2018-07-26 19:06:37.876] proc name: Get (/datum/controller/configuration/proc/Get)
[2018-07-26 19:06:37.876]   source file: configuration.dm,178
[2018-07-26 19:06:37.876] 
[2018-07-26 19:06:37.876] runtime error: bad index
[2018-07-26 19:06:37.876] proc name: Get (/datum/controller/configuration/proc/Get)
[2018-07-26 19:06:37.876]   source file: configuration.dm,178
[2018-07-26 19:06:37.876] 
[2018-07-26 19:06:37.877] runtime error: bad index
[2018-07-26 19:06:37.877] proc name: Get (/datum/controller/configuration/proc/Get)
[2018-07-26 19:06:37.877]   source file: configuration.dm,178
[2018-07-26 19:06:37.877] 
[2018-07-26 19:06:37.877] runtime error: bad index
[2018-07-26 19:06:37.877] proc name: Get (/datum/controller/configuration/proc/Get)
[2018-07-26 19:06:37.877]   source file: configuration.dm,178
[2018-07-26 19:06:37.877] 
[2018-07-26 19:06:37.877] runtime error: bad index
[2018-07-26 19:06:37.877] proc name: Get (/datum/controller/configuration/proc/Get)
[2018-07-26 19:06:37.877]   source file: configuration.dm,178
[2018-07-26 19:06:37.877] 
[2018-07-26 19:06:37.877] runtime error: Cannot read null.commit
[2018-07-26 19:06:37.877] proc name: Run (/datum/world_topic/status/Run)
[2018-07-26 19:06:37.877]   source file: world_topic.dm,151
[2018-07-26 19:06:37.877] 
[2018-07-26 19:06:37.878] runtime error: bad index
[2018-07-26 19:06:37.878] proc name: Get (/datum/controller/configuration/proc/Get)
[2018-07-26 19:06:37.878]   source file: configuration.dm,178
[2018-07-26 19:06:37.878] 
[2018-07-26 19:06:37.878] runtime error: bad index
[2018-07-26 19:06:37.878] proc name: Get (/datum/controller/configuration/proc/Get)
[2018-07-26 19:06:37.878]   source file: configuration.dm,178
[2018-07-26 19:06:37.878] 
[2018-07-26 19:06:37.878] runtime error: bad index
[2018-07-26 19:06:37.878] proc name: Get (/datum/controller/configuration/proc/Get)
[2018-07-26 19:06:37.878]   source file: configuration.dm,178
[2018-07-26 19:06:37.878] 
[2018-07-26 19:06:37.879] runtime error: bad index
[2018-07-26 19:06:37.879] proc name: Get (/datum/controller/configuration/proc/Get)
[2018-07-26 19:06:37.879]   source file: configuration.dm,178
[2018-07-26 19:06:37.879] 
[2018-07-26 19:06:37.879] runtime error: bad index
[2018-07-26 19:06:37.879] proc name: Get (/datum/controller/configuration/proc/Get)
[2018-07-26 19:06:37.879]   source file: configuration.dm,178
[2018-07-26 19:06:37.879] 
[2018-07-26 19:06:37.879] runtime error: Cannot read null.commit
[2018-07-26 19:06:37.879] proc name: Run (/datum/world_topic/status/Run)
[2018-07-26 19:06:37.879]   source file: world_topic.dm,151
[2018-07-26 19:06:37.879] 
[2018-07-26 19:06:37.879] runtime error: bad index
[2018-07-26 19:06:37.879] proc name: Get (/datum/controller/configuration/proc/Get)
[2018-07-26 19:06:37.879]   source file: configuration.dm,178
[2018-07-26 19:06:37.879] 
[2018-07-26 19:06:37.880] runtime error: bad index
[2018-07-26 19:06:37.880] proc name: Get (/datum/controller/configuration/proc/Get)
[2018-07-26 19:06:37.880]   source file: configuration.dm,178
[2018-07-26 19:06:37.880] 
[2018-07-26 19:06:37.880] runtime error: bad index
[2018-07-26 19:06:37.880] proc name: Get (/datum/controller/configuration/proc/Get)
[2018-07-26 19:06:37.880]   source file: configuration.dm,178
[2018-07-26 19:06:37.880] 
[2018-07-26 19:06:37.880] runtime error: bad index
[2018-07-26 19:06:37.880] proc name: Get (/datum/controller/configuration/proc/Get)
[2018-07-26 19:06:37.880]   source file: configuration.dm,178
[2018-07-26 19:06:37.880] 
[2018-07-26 19:06:37.880] runtime error: bad index
[2018-07-26 19:06:37.880] proc name: Get (/datum/controller/configuration/proc/Get)
[2018-07-26 19:06:37.880]   source file: configuration.dm,178
[2018-07-26 19:06:37.880] 
[2018-07-26 19:06:37.881] runtime error: Cannot read null.commit
[2018-07-26 19:06:37.881] proc name: Run (/datum/world_topic/status/Run)
[2018-07-26 19:06:37.881]   source file: world_topic.dm,151
[2018-07-26 19:06:37.881] 
[2018-07-26 19:06:37.881] runtime error: bad index
[2018-07-26 19:06:37.881] proc name: Get (/datum/controller/configuration/proc/Get)
[2018-07-26 19:06:37.881]   source file: configuration.dm,178
[2018-07-26 19:06:37.881] 
[2018-07-26 19:06:37.881] runtime error: bad index
[2018-07-26 19:06:37.881] proc name: Get (/datum/controller/configuration/proc/Get)
[2018-07-26 19:06:37.881]   source file: configuration.dm,178
[2018-07-26 19:06:37.881] 
[2018-07-26 19:06:37.881] runtime error: bad index
[2018-07-26 19:06:37.881] proc name: Get (/datum/controller/configuration/proc/Get)
[2018-07-26 19:06:37.881]   source file: configuration.dm,178
[2018-07-26 19:06:37.881] 
[2018-07-26 19:06:37.882] runtime error: bad index
[2018-07-26 19:06:37.882] proc name: Get (/datum/controller/configuration/proc/Get)
[2018-07-26 19:06:37.882]   source file: configuration.dm,178
[2018-07-26 19:06:37.882] 
[2018-07-26 19:06:37.882] runtime error: bad index
[2018-07-26 19:06:37.882] proc name: Get (/datum/controller/configuration/proc/Get)
[2018-07-26 19:06:37.882]   source file: configuration.dm,178
[2018-07-26 19:06:37.882] 
[2018-07-26 19:06:37.882] runtime error: Cannot read null.commit
[2018-07-26 19:06:37.882] proc name: Run (/datum/world_topic/status/Run)
[2018-07-26 19:06:37.882]   source file: world_topic.dm,151
[2018-07-26 19:06:37.882] 
[2018-07-26 19:06:37.953] Running /tg/ revision:
[2018-07-26 19:06:37.953] e37a055cd0cdc509812833ddeea4f2e1885abca6: 2018-07-24
[2018-07-26 19:06:37.954] runtime error: list index out of bounds
[2018-07-26 19:06:37.954] proc name: New (/datum/getrev/New)
[2018-07-26 19:06:37.954]   source file: getrev.dm,23
[2018-07-26 19:06:37.954] 
[2018-07-26 19:06:37.962] Loading config file config.txt...
[2018-07-26 19:06:37.964] Loading config file game_options.txt...
[2018-07-26 19:06:37.965] Unknown setting in configuration: 'w##'
[2018-07-26 19:06:37.967] Failed to validate setting "DOUBLE_AGENTS 20" for min_pop
[2018-07-26 19:06:37.967] Failed to validate setting "DOUBLE_AGENTS -1" for max_pop
[2018-07-26 19:06:37.971] Loading config file dbconfig.txt...
[2018-07-26 19:06:37.972] Loading config file comms.txt...
[2018-07-26 19:06:37.976] Loading config file maps.txt...
[2018-07-26 19:06:38.140] Database connection established.
[2018-07-26 19:06:38.172] SQL: Could not get schema version from database
