[2018-07-17 22:31:08.705] Starting up round ID 1608.
[2018-07-17 22:31:08.705] -------------------------
[2018-07-17 22:35:48.182] azlanonpc \ Jetra Norlan \ Shaft Miner \ NONE \ ROUNDSTART
[2018-07-17 22:35:49.017] tythesmonk \ Melvin Harris \ Head of Security \ NONE \ ROUNDSTART
[2018-07-17 22:35:49.588] justanormalhooman \ Rupert Arend \ Medical Doctor \ NONE \ ROUNDSTART
[2018-07-17 22:35:49.762] mynameajeff \ Alec Costello \ Chaplain \ NONE \ ROUNDSTART
[2018-07-17 22:35:49.859] asciisquid \ Colt McGruff \ Quartermaster \ NONE \ ROUNDSTART
[2018-07-17 22:35:50.443] landrydragon \ Miss Stockings \ Clown \ NONE \ ROUNDSTART
[2018-07-17 22:35:50.802] davidththird \ Tyron Jamal \ Chemist \ NONE \ ROUNDSTART
[2018-07-17 22:35:50.960] kevinspacey2002 \ Gavin Kellogg \ Station Engineer \ NONE \ ROUNDSTART
[2018-07-17 22:35:51.325] floofyfloofles \ Bazinga \ Cyborg \ NONE \ ROUNDSTART
[2018-07-17 22:35:51.325] greebman \ BLAQ CHAD \ Janitor \ NONE \ ROUNDSTART
[2018-07-17 22:35:51.531] enkidienne \ Nerissa Ratcliff \ Virologist \ changeling \ ROUNDSTART
[2018-07-17 22:36:04.113] Red Axolotl \ Breaks-The-Bad \ Scientist \ NONE \ LATEJOIN
[2018-07-17 22:41:43.079] Exodus__Wolf \ Dan Oofman \ Roboticist \ NONE \ LATEJOIN
[2018-07-17 22:44:33.380] Momo1911 \ Mike Houseman \ Assistant \ NONE \ LATEJOIN
[2018-07-17 22:56:36.542] Lorenzo Heinz \ John Guilliman \ Assistant \ changeling \ LATEJOIN
[2018-07-17 22:59:36.215] BuckyBoy \ Beau Richards \ Shaft Miner \ NONE \ LATEJOIN
[2018-07-17 23:02:02.169] Charmington0 \ Hans Moleman \ Cook \ NONE \ LATEJOIN
[2018-07-17 23:11:33.879] Mr.Cheese1 \ Benny Tequila \ Botanist \ NONE \ LATEJOIN
[2018-07-17 23:13:31.170] AstronautCat \ Mary Jones \ Station Engineer \ NONE \ LATEJOIN
[2018-07-17 23:15:07.155] PapaPutin \ Papa Craunch \ Botanist \ changeling \ LATEJOIN
[2018-07-17 23:16:33.980] SuperSunfish \ Gilbert Twoshoes \ Assistant \ NONE \ LATEJOIN
[2018-07-17 23:18:43.774] CorpseCandle \ Mike Brindle \ Cargo Technician \ NONE \ LATEJOIN
[2018-07-17 23:21:32.880] Brightsyde \ Harmony Murray \ Security Officer \ NONE \ LATEJOIN
[2018-07-17 23:27:34.420] SkatesMcGates \ Johnny Westside \ Cargo Technician \ changeling \ LATEJOIN
[2018-07-17 23:53:53.070] Catmanpop \ Ahri Konpaku \ Assistant \ NONE \ LATEJOIN
[2018-07-17 23:57:21.784] Apothecary57 \ Jake White \ Medical Doctor \ NONE \ LATEJOIN
[2018-07-18 00:09:23.905] Byandaccount \ Mathew Kelly \ Scientist \ NONE \ LATEJOIN
