[2018-08-22 15:29:20.892] Starting up round ID 2042.
[2018-08-22 15:29:20.892] -------------------------
[2018-08-22 15:29:22.689] Initialized Database subsystem within 0 seconds!
[2018-08-22 15:29:22.690] Initialized Blackbox subsystem within 0 seconds!
[2018-08-22 15:29:22.690] Initialized Server Tasks subsystem within 0 seconds!
[2018-08-22 15:29:22.691] Initialized Input subsystem within 0 seconds!
[2018-08-22 15:29:22.733] Initialized Research subsystem within 0.1 seconds!
[2018-08-22 15:29:22.737] Initialized Events subsystem within 0 seconds!
[2018-08-22 15:29:22.742] Initialized Jobs subsystem within 0 seconds!
[2018-08-22 15:29:22.743] Initialized Quirks subsystem within 0 seconds!
[2018-08-22 15:29:22.755] Initialized Ticker subsystem within 0 seconds!
[2018-08-22 15:29:22.755] Loading Box Station...
[2018-08-22 15:29:29.790] Loaded Station in 7s!
[2018-08-22 15:29:36.038] Loaded Lavaland in 5.9s!
[2018-08-22 15:29:40.204] Ruin loader finished with 0 left to spend.
[2018-08-22 15:29:41.602] Ruin loader finished with 0 left to spend.
[2018-08-22 15:29:51.444] Initialized Mapping subsystem within 28.7 seconds!
[2018-08-22 15:29:51.446] Initialized Networks subsystem within 0 seconds!
[2018-08-22 15:30:40.109] Initialized Atoms subsystem within 48.7 seconds!
[2018-08-22 15:30:40.184] Initialized Language subsystem within 0 seconds!
[2018-08-22 15:30:40.583] Initialized Machines subsystem within 0.4 seconds!
[2018-08-22 15:30:40.636] Initialized Circuit subsystem within 0.1 seconds!
[2018-08-22 15:30:40.637] Initialized Disease subsystem within 0 seconds!
[2018-08-22 15:30:40.638] Initialized Medals subsystem within 0 seconds!
[2018-08-22 15:30:40.638] Initialized Night Shift subsystem within 0 seconds!
[2018-08-22 15:30:40.638] Initialized Parallax subsystem within 0 seconds!
[2018-08-22 15:30:40.769] Initialized Traumas subsystem within 0.1 seconds!
[2018-08-22 15:30:40.770] Initialized Weather subsystem within 0 seconds!
[2018-08-22 15:32:04.680] Initialized Atmospherics subsystem within 83.9 seconds!
[2018-08-22 15:32:04.707] Initialized Minimap subsystem within 0.1 seconds!
[2018-08-22 15:32:06.803] Initialized Assets subsystem within 2.1 seconds!
[2018-08-22 15:32:13.681] Initialized Icon Smoothing subsystem within 6.8 seconds!
[2018-08-22 15:32:15.319] Initialized Overlay subsystem within 1.7 seconds!
[2018-08-22 15:32:15.319] Initialized XKeyScore subsystem within 0 seconds!
[2018-08-22 15:32:15.320] Initialized Sticky Ban subsystem within 0 seconds!
[2018-08-22 15:32:30.055] Initialized Lighting subsystem within 14.7 seconds!
[2018-08-22 15:32:32.963] Initialized Shuttle subsystem within 2.9 seconds!
[2018-08-22 15:32:32.999] Initialized Squeak subsystem within 0.1 seconds!
[2018-08-22 15:32:33.014] Initialized Pathfinder subsystem within 0 seconds!
[2018-08-22 15:32:33.065] Loaded 23 engraved messages on map Box Station
[2018-08-22 15:32:33.094] Initialized Persistence subsystem within 0 seconds!
[2018-08-22 15:32:33.094] Initializations complete within 190.4 seconds!
[2018-08-22 15:33:45.106] Game start took 2.1s
[2018-08-22 15:33:49.318] runtime error: Cannot modify null.icon_state.
[2018-08-22 15:33:49.318] proc name: update mood icon (/datum/component/mood/proc/update_mood_icon)
[2018-08-22 15:33:49.318]   source file: mood.dm,122
[2018-08-22 15:33:49.318] 
[2018-08-22 15:33:54.040] runtime error: Cannot modify null.icon_state.
[2018-08-22 15:33:54.040] Warning: further proc crash messages are being suppressed to prevent overload...
[2018-08-22 15:33:54.040] 
[2018-08-22 15:34:19.273] runtime error: Cannot modify null.icon_state.
[2018-08-22 15:34:19.273] 
[2018-08-22 15:38:45.129] runtime error: Cannot execute null.remove reagent().
[2018-08-22 15:38:45.129] 
[2018-08-22 15:42:40.665] runtime error: Cannot modify null.icon_state.
[2018-08-22 15:42:40.665] 
[2018-08-22 15:43:24.754] runtime error: Cannot modify null.icon_state.
[2018-08-22 15:43:24.754] 
[2018-08-22 15:44:19.128] runtime error: Cannot modify null.icon_state.
[2018-08-22 15:44:19.128] 
[2018-08-22 15:46:19.345] runtime error: Cannot modify null.icon_state.
[2018-08-22 15:46:19.345] 
[2018-08-22 15:49:14.761] runtime error: Cannot modify null.icon_state.
[2018-08-22 15:49:14.761] 
[2018-08-22 15:51:20.183] runtime error: Cannot modify null.icon_state.
[2018-08-22 15:51:20.183] 
[2018-08-22 15:51:20.966] runtime error: Cannot modify null.icon_state.
[2018-08-22 15:51:20.966] 
[2018-08-22 15:52:40.150] runtime error: Cannot modify null.icon_state.
[2018-08-22 15:52:40.150] 
[2018-08-22 15:53:08.876] runtime error: Cannot modify null.icon_state.
[2018-08-22 15:53:08.876] 
[2018-08-22 15:53:14.905] runtime error: Cannot modify null.icon_state.
[2018-08-22 15:53:14.905] 
[2018-08-22 15:54:01.050] runtime error: Cannot modify null.icon_state.
[2018-08-22 15:54:01.050] 
[2018-08-22 15:54:11.576] runtime error: Cannot modify null.icon_state.
[2018-08-22 15:54:11.576] 
[2018-08-22 15:54:12.245] runtime error: Cannot modify null.icon_state.
[2018-08-22 15:54:12.245] 
[2018-08-22 15:54:26.313] runtime error: Cannot modify null.icon_state.
[2018-08-22 15:54:26.313] 
[2018-08-22 15:54:33.650] runtime error: Cannot modify null.icon_state.
[2018-08-22 15:54:33.650] 
[2018-08-22 15:54:54.347] runtime error: Cannot modify null.icon_state.
[2018-08-22 15:54:54.347] 
[2018-08-22 15:55:25.656] runtime error: Cannot modify null.icon_state.
[2018-08-22 15:55:25.656] 
[2018-08-22 15:55:25.657] runtime error: Cannot modify null.icon_state.
[2018-08-22 15:55:25.657] 
[2018-08-22 15:55:53.960] runtime error: Cannot execute null.remove reagent().
[2018-08-22 15:55:53.960] 
[2018-08-22 15:55:57.857] runtime error: Cannot execute null.remove reagent().
[2018-08-22 15:55:57.857] 
[2018-08-22 15:56:11.894] runtime error: Cannot execute null.remove reagent().
[2018-08-22 15:56:11.894] 
[2018-08-22 15:56:15.967] runtime error: Cannot execute null.remove reagent().
[2018-08-22 15:56:15.967] 
[2018-08-22 15:56:15.969] runtime error: Cannot modify null.icon_state.
[2018-08-22 15:56:15.969] 
[2018-08-22 15:56:16.723] runtime error: Cannot modify null.icon_state.
[2018-08-22 15:56:16.723] 
[2018-08-22 15:56:17.915] runtime error: Cannot modify null.icon_state.
[2018-08-22 15:56:17.915] 
[2018-08-22 15:56:23.916] runtime error: Cannot modify null.icon_state.
[2018-08-22 15:56:23.916] 
[2018-08-22 15:56:32.478] runtime error: Cannot modify null.icon_state.
[2018-08-22 15:56:32.478] 
[2018-08-22 15:57:03.124] runtime error: Cannot modify null.icon_state.
[2018-08-22 15:57:03.125] 
[2018-08-22 15:58:28.131] runtime error: Cannot modify null.icon_state.
[2018-08-22 15:58:28.131] 
[2018-08-22 15:58:49.298] runtime error: Cannot modify null.icon_state.
[2018-08-22 15:58:49.298] 
[2018-08-22 15:58:53.302] runtime error: Cannot modify null.icon_state.
[2018-08-22 15:58:53.302] 
[2018-08-22 15:58:53.303] runtime error: Cannot modify null.icon_state.
[2018-08-22 15:58:53.303] 
[2018-08-22 15:58:57.353] runtime error: Cannot modify null.icon_state.
[2018-08-22 15:58:57.353] 
[2018-08-22 15:59:37.432] runtime error: Cannot modify null.icon_state.
[2018-08-22 15:59:37.432] 
[2018-08-22 16:01:32.823] runtime error: Cannot modify null.icon_state.
[2018-08-22 16:01:32.823] 
[2018-08-22 16:03:01.696] runtime error: Cannot execute null.remove reagent().
[2018-08-22 16:03:01.696] 
[2018-08-22 16:03:07.689] runtime error: Cannot execute null.remove reagent().
[2018-08-22 16:03:07.689] 
[2018-08-22 16:03:13.695] runtime error: Cannot execute null.remove reagent().
[2018-08-22 16:03:13.695] 
[2018-08-22 16:03:14.438] runtime error: Cannot modify null.icon_state.
[2018-08-22 16:03:14.438] 
[2018-08-22 16:03:17.755] runtime error: Cannot execute null.remove reagent().
[2018-08-22 16:03:17.755] 
[2018-08-22 16:03:35.513] runtime error: Cannot modify null.icon_state.
[2018-08-22 16:03:35.514] 
[2018-08-22 16:04:42.580] [2018-08-22 16:05:07] Client: Enkidienne triggered JS error: Error: L'URI à décoder contient un caractère incorrect | url: http://127.0.0.1:51547/tmp11248/browserOutput.js | line: 161 | column: 2 | error: URIError: L'URI à décoder contient un caractère incorrect | user agent: Mozilla/4.0 (compatible; MSIE 7.0; Windows NT 6.2; WOW64; Trident/7.0; .NET4.0C; .NET4.0E; .NET CLR 2.0.50727; .NET CLR 3.0.30729; .NET CLR 3.5.30729)
[2018-08-22 16:04:42.667] [2018-08-22 16:05:07] Client: Manmail triggered JS error: Error: Der zu entschlüsselnde URI hat keine gültige Verschlüsselung. | url: http://127.0.0.1:55623/tmp14088/browserOutput.js | line: 161 | column: 2 | error: URIError: Der zu entschlüsselnde URI hat keine gültige Verschlüsselung. | user agent: Mozilla/4.0 (compatible; MSIE 7.0; Windows NT 6.2; WOW64; Trident/7.0; .NET4.0C; .NET4.0E; .NET CLR 2.0.50727; .NET CLR 3.0.30729; .NET CLR 3.5.30729; InfoPath.2)
[2018-08-22 16:04:42.672] [2018-08-22 16:05:07] Client: Luka Noktorios triggered JS error: Error: Adres URL do dekodowania jest nieprawidłowo zakodowany | url: http://127.0.0.1:52625/tmp6156/browserOutput.js | line: 161 | column: 2 | error: URIError: Adres URL do dekodowania jest nieprawidłowo zakodowany | user agent: Mozilla/4.0 (compatible; MSIE 7.0; Windows NT 6.2; WOW64; Trident/7.0; .NET4.0C; .NET4.0E; .NET CLR 2.0.50727; .NET CLR 3.0.30729; .NET CLR 3.5.30729)
[2018-08-22 16:05:10.625] runtime error: Cannot modify null.icon_state.
[2018-08-22 16:05:10.625] 
[2018-08-22 16:07:05.659] runtime error: Cannot modify null.icon_state.
[2018-08-22 16:07:05.659] 
[2018-08-22 16:07:06.195] runtime error: Cannot modify null.icon_state.
[2018-08-22 16:07:06.195] 
[2018-08-22 16:07:29.803] runtime error: Cannot modify null.icon_state.
[2018-08-22 16:07:29.803] 
[2018-08-22 16:07:49.129] runtime error: Cannot modify null.icon_state.
[2018-08-22 16:07:49.129] 
[2018-08-22 16:07:49.366] runtime error: Cannot modify null.icon_state.
[2018-08-22 16:07:49.366] 
[2018-08-22 16:08:12.767] runtime error: Cannot modify null.icon_state.
[2018-08-22 16:08:12.767] 
[2018-08-22 16:08:18.766] runtime error: Cannot modify null.icon_state.
[2018-08-22 16:08:18.766] 
[2018-08-22 16:08:31.725] runtime error: Cannot modify null.icon_state.
[2018-08-22 16:08:31.726] 
[2018-08-22 16:10:39.178] runtime error: Cannot modify null.icon_state.
[2018-08-22 16:10:39.178] 
[2018-08-22 16:11:32.067] runtime error: Cannot modify null.icon_state.
[2018-08-22 16:11:32.067] 
[2018-08-22 16:12:51.219] runtime error: Cannot execute null.log message().
[2018-08-22 16:12:51.219] 
[2018-08-22 16:12:51.805] runtime error: Cannot execute null.log message().
[2018-08-22 16:12:51.805] 
[2018-08-22 16:12:52.529] runtime error: Cannot execute null.log message().
[2018-08-22 16:12:52.529] 
[2018-08-22 16:12:52.646] runtime error: Cannot modify null.icon_state.
[2018-08-22 16:12:52.646] 
[2018-08-22 16:13:54.662] runtime error: Cannot modify null.icon_state.
[2018-08-22 16:13:54.662] 
[2018-08-22 16:14:27.460] runtime error: Cannot modify null.icon_state.
[2018-08-22 16:14:27.460] 
[2018-08-22 16:14:32.783] runtime error: Cannot modify null.icon_state.
[2018-08-22 16:14:32.783] 
[2018-08-22 16:14:39.780] runtime error: Cannot modify null.icon_state.
[2018-08-22 16:14:39.780] 
[2018-08-22 16:15:18.160] runtime error: Cannot modify null.icon_state.
[2018-08-22 16:15:18.160] 
[2018-08-22 16:15:34.762] runtime error: Cannot modify null.icon_state.
[2018-08-22 16:15:34.762] 
[2018-08-22 16:16:01.561] runtime error: Cannot execute null.log message().
[2018-08-22 16:16:01.561] 
[2018-08-22 16:16:02.352] runtime error: Cannot execute null.log message().
[2018-08-22 16:16:02.352] 
[2018-08-22 16:16:03.136] runtime error: Cannot execute null.log message().
[2018-08-22 16:16:03.136] 
[2018-08-22 16:16:17.444] runtime error: Invalid individual logging type: . Defaulting to 4096 (LOG_GAME).
[2018-08-22 16:16:17.444] 
[2018-08-22 16:16:33.140] runtime error: Cannot modify null.icon_state.
[2018-08-22 16:16:33.140] 
[2018-08-22 16:16:34.854] runtime error: Cannot modify null.icon_state.
[2018-08-22 16:16:34.854] 
[2018-08-22 16:17:22.599] runtime error: Cannot modify null.icon_state.
[2018-08-22 16:17:22.599] 
[2018-08-22 16:17:45.446] runtime error: Cannot modify null.icon_state.
[2018-08-22 16:17:45.446] 
[2018-08-22 16:18:06.294] runtime error: Cannot modify null.icon_state.
[2018-08-22 16:18:06.294] 
[2018-08-22 16:18:08.212] runtime error: Cannot modify null.icon_state.
[2018-08-22 16:18:08.212] 
[2018-08-22 16:18:23.834] runtime error: Cannot modify null.icon_state.
[2018-08-22 16:18:23.834] 
[2018-08-22 16:18:24.130] runtime error: Cannot modify null.icon_state.
[2018-08-22 16:18:24.130] 
[2018-08-22 16:19:39.477] runtime error: Cannot modify null.icon_state.
[2018-08-22 16:19:39.477] 
[2018-08-22 16:20:12.293] runtime error: Cannot modify null.icon_state.
[2018-08-22 16:20:12.293] 
[2018-08-22 16:20:32.531] runtime error: Cannot modify null.icon_state.
[2018-08-22 16:20:32.531] 
[2018-08-22 16:20:32.849] runtime error: Cannot modify null.icon_state.
[2018-08-22 16:20:32.849] 
[2018-08-22 16:20:38.681] runtime error: Cannot modify null.icon_state.
[2018-08-22 16:20:38.681] 
[2018-08-22 16:20:46.167] [2018-08-22 16:20:28] Client: Enkidienne triggered JS error: Error: L'URI à décoder contient un caractère incorrect | url: http://127.0.0.1:51547/tmp11248/browserOutput.js | line: 161 | column: 2 | error: URIError: L'URI à décoder contient un caractère incorrect | user agent: Mozilla/4.0 (compatible; MSIE 7.0; Windows NT 6.2; WOW64; Trident/7.0; .NET4.0C; .NET4.0E; .NET CLR 2.0.50727; .NET CLR 3.0.30729; .NET CLR 3.5.30729)
[2018-08-22 16:20:46.269] [2018-08-22 16:20:28] Client: Manmail triggered JS error: Error: Der zu entschlüsselnde URI hat keine gültige Verschlüsselung. | url: http://127.0.0.1:55623/tmp14088/browserOutput.js | line: 161 | column: 2 | error: URIError: Der zu entschlüsselnde URI hat keine gültige Verschlüsselung. | user agent: Mozilla/4.0 (compatible; MSIE 7.0; Windows NT 6.2; WOW64; Trident/7.0; .NET4.0C; .NET4.0E; .NET CLR 2.0.50727; .NET CLR 3.0.30729; .NET CLR 3.5.30729; InfoPath.2)
[2018-08-22 16:21:12.824] runtime error: Cannot modify null.icon_state.
[2018-08-22 16:21:12.824] 
[2018-08-22 16:21:44.985] runtime error: Cannot modify null.icon_state.
[2018-08-22 16:21:44.986] 
[2018-08-22 16:21:45.213] runtime error: Cannot modify null.icon_state.
[2018-08-22 16:21:45.213] 
[2018-08-22 16:21:46.087] runtime error: Cannot modify null.icon_state.
[2018-08-22 16:21:46.087] 
[2018-08-22 16:21:47.852] runtime error: Cannot modify null.icon_state.
[2018-08-22 16:21:47.852] 
[2018-08-22 16:22:38.985] runtime error: Cannot modify null.icon_state.
[2018-08-22 16:22:38.986] 
[2018-08-22 16:23:57.497] runtime error: Cannot modify null.icon_state.
[2018-08-22 16:23:57.497] 
[2018-08-22 16:24:01.493] runtime error: Cannot modify null.icon_state.
[2018-08-22 16:24:01.493] 
[2018-08-22 16:24:01.493] runtime error: Cannot modify null.icon_state.
[2018-08-22 16:24:01.493] 
[2018-08-22 16:24:03.492] runtime error: Cannot modify null.icon_state.
[2018-08-22 16:24:03.492] 
[2018-08-22 16:24:25.548] runtime error: Cannot modify null.icon_state.
[2018-08-22 16:24:25.548] 
[2018-08-22 16:24:33.305] runtime error: Cannot execute null.remove reagent().
[2018-08-22 16:24:33.305] 
[2018-08-22 16:24:42.705] runtime error: Cannot modify null.icon_state.
[2018-08-22 16:24:42.705] 
[2018-08-22 16:24:43.549] runtime error: Cannot modify null.icon_state.
[2018-08-22 16:24:43.549] 
[2018-08-22 16:25:37.621] runtime error: Cannot execute null.remove reagent().
[2018-08-22 16:25:37.621] 
[2018-08-22 16:25:41.618] runtime error: Cannot execute null.remove reagent().
[2018-08-22 16:25:41.618] 
[2018-08-22 16:25:43.623] runtime error: Cannot execute null.remove reagent().
[2018-08-22 16:25:43.623] 
[2018-08-22 16:25:48.505] runtime error: Cannot modify null.icon_state.
[2018-08-22 16:25:48.505] 
[2018-08-22 16:27:54.829] runtime error: Cannot modify null.icon_state.
[2018-08-22 16:27:54.830] 
[2018-08-22 16:30:12.928] runtime error: Cannot modify null.icon_state.
[2018-08-22 16:30:12.928] 
[2018-08-22 16:30:12.928] runtime error: Cannot modify null.icon_state.
[2018-08-22 16:30:12.928] 
[2018-08-22 16:30:34.925] runtime error: Cannot modify null.icon_state.
[2018-08-22 16:30:34.925] 
[2018-08-22 16:31:10.260] runtime error: Cannot modify null.icon_state.
[2018-08-22 16:31:10.260] 
[2018-08-22 16:33:10.806] runtime error: Cannot execute null.log message().
[2018-08-22 16:33:10.806] 
[2018-08-22 16:33:12.796] runtime error: Cannot execute null.log message().
[2018-08-22 16:33:12.796] 
[2018-08-22 16:33:12.797] runtime error: Cannot execute null.log message().
[2018-08-22 16:33:12.797] 
[2018-08-22 16:33:14.283] runtime error: Cannot modify null.icon_state.
[2018-08-22 16:33:14.283] 
[2018-08-22 16:33:41.462] runtime error: Cannot modify null.icon_state.
[2018-08-22 16:33:41.462] 
[2018-08-22 16:33:41.462] runtime error: Cannot modify null.icon_state.
[2018-08-22 16:33:41.462] 
[2018-08-22 16:34:29.524] runtime error: Cannot modify null.icon_state.
[2018-08-22 16:34:29.524] 
[2018-08-22 16:34:45.007] runtime error: Cannot modify null.icon_state.
[2018-08-22 16:34:45.007] 
[2018-08-22 16:35:14.405] runtime error: Cannot modify null.icon_state.
[2018-08-22 16:35:14.405] 
[2018-08-22 16:35:20.748] runtime error: Cannot modify null.icon_state.
[2018-08-22 16:35:20.748] 
[2018-08-22 16:36:10.702] runtime error: Cannot modify null.icon_state.
[2018-08-22 16:36:10.702] 
[2018-08-22 16:36:16.149] runtime error: Cannot modify null.icon_state.
[2018-08-22 16:36:16.149] 
[2018-08-22 16:38:14.613] runtime error: Cannot modify null.icon_state.
[2018-08-22 16:38:14.613] 
[2018-08-22 16:38:56.101] runtime error: The grille taking damage after deletion
[2018-08-22 16:38:56.101] 
[2018-08-22 16:40:21.188] runtime error: Cannot modify null.icon_state.
[2018-08-22 16:40:21.188] 
[2018-08-22 16:40:38.487] runtime error: Cannot modify null.icon_state.
[2018-08-22 16:40:38.487] 
[2018-08-22 16:41:38.511] runtime error: Cannot modify null.icon_state.
[2018-08-22 16:41:38.511] 
[2018-08-22 16:41:39.281] runtime error: Cannot execute null.remove reagent().
[2018-08-22 16:41:39.281] 
[2018-08-22 16:41:45.308] runtime error: Cannot execute null.remove reagent().
[2018-08-22 16:41:45.308] 
[2018-08-22 16:41:53.395] runtime error: Cannot execute null.remove reagent().
[2018-08-22 16:41:53.395] 
[2018-08-22 16:42:01.349] runtime error: Cannot execute null.remove reagent().
[2018-08-22 16:42:01.349] 
[2018-08-22 16:42:09.423] runtime error: Cannot modify null.icon_state.
[2018-08-22 16:42:09.423] 
[2018-08-22 16:42:15.512] runtime error: Cannot modify null.icon_state.
[2018-08-22 16:42:15.512] 
[2018-08-22 16:42:27.869] runtime error: Cannot modify null.icon_state.
[2018-08-22 16:42:27.869] 
[2018-08-22 16:42:27.869] runtime error: Cannot modify null.icon_state.
[2018-08-22 16:42:27.869] 
[2018-08-22 16:42:39.394] runtime error: Cannot modify null.icon_state.
[2018-08-22 16:42:39.394] 
[2018-08-22 16:42:44.712] runtime error: Cannot modify null.icon_state.
[2018-08-22 16:42:44.712] 
[2018-08-22 16:43:00.022] runtime error: Cannot modify null.icon_state.
[2018-08-22 16:43:00.022] 
[2018-08-22 16:43:39.163] runtime error: Cannot modify null.icon_state.
[2018-08-22 16:43:39.163] 
[2018-08-22 16:43:49.109] runtime error: Cannot modify null.icon_state.
[2018-08-22 16:43:49.109] 
[2018-08-22 16:44:24.510] runtime error: Cannot modify null.icon_state.
[2018-08-22 16:44:24.510] 
[2018-08-22 16:44:39.110] runtime error: Cannot modify null.icon_state.
[2018-08-22 16:44:39.110] 
[2018-08-22 16:44:39.708] runtime error: Cannot modify null.icon_state.
[2018-08-22 16:44:39.708] 
[2018-08-22 16:46:02.422] runtime error: Cannot modify null.icon_state.
[2018-08-22 16:46:02.422] 
[2018-08-22 16:46:40.501] runtime error: Cannot modify null.icon_state.
[2018-08-22 16:46:40.501] 
[2018-08-22 16:47:29.709] runtime error: Cannot modify null.icon_state.
[2018-08-22 16:47:29.709] 
[2018-08-22 16:47:50.445] runtime error: Cannot execute null.remove reagent().
[2018-08-22 16:47:50.445] 
[2018-08-22 16:47:58.492] runtime error: Cannot execute null.remove reagent().
[2018-08-22 16:47:58.492] 
[2018-08-22 16:48:06.491] runtime error: Cannot execute null.remove reagent().
[2018-08-22 16:48:06.491] 
[2018-08-22 16:48:08.438] runtime error: Cannot execute null.remove reagent().
[2018-08-22 16:48:08.438] 
[2018-08-22 16:48:14.447] runtime error: Cannot execute null.remove reagent().
[2018-08-22 16:48:14.447] 
[2018-08-22 16:48:24.493] runtime error: Cannot execute null.remove reagent().
[2018-08-22 16:48:24.493] 
[2018-08-22 16:48:32.484] runtime error: Cannot execute null.remove reagent().
[2018-08-22 16:48:32.484] 
[2018-08-22 16:48:36.537] runtime error: Cannot execute null.remove reagent().
[2018-08-22 16:48:36.537] 
[2018-08-22 16:48:48.487] runtime error: Cannot execute null.remove reagent().
[2018-08-22 16:48:48.487] 
[2018-08-22 16:48:52.436] runtime error: Cannot execute null.remove reagent().
[2018-08-22 16:48:52.436] 
[2018-08-22 16:49:02.494] runtime error: Cannot execute null.remove reagent().
[2018-08-22 16:49:02.494] 
[2018-08-22 16:49:08.487] runtime error: Cannot execute null.remove reagent().
[2018-08-22 16:49:08.487] 
[2018-08-22 16:50:16.686] ## WARNING: couldn't find shuttle with id: syndie_cargo in code/controllers/subsystem/shuttle.dm at line 159 src: Shuttle usr: Kobe Pritchard.
[2018-08-22 16:52:50.328] runtime error: Invalid individual logging type: . Defaulting to 4096 (LOG_GAME).
[2018-08-22 16:52:50.328] 
[2018-08-22 16:52:56.382] runtime error: Cannot execute null.remove reagent().
[2018-08-22 16:52:56.382] 
[2018-08-22 16:53:02.392] runtime error: Cannot execute null.remove reagent().
[2018-08-22 16:53:02.392] 
[2018-08-22 16:53:08.340] runtime error: Cannot execute null.remove reagent().
[2018-08-22 16:53:08.340] 
[2018-08-22 16:53:10.525] runtime error: Cannot execute null.remove reagent().
[2018-08-22 16:53:10.525] 
[2018-08-22 16:53:20.771] runtime error: Cannot execute null.remove reagent().
[2018-08-22 16:53:20.771] 
[2018-08-22 16:53:23.177] runtime error: Cannot execute null.remove reagent().
[2018-08-22 16:53:23.178] 
[2018-08-22 16:53:27.353] runtime error: Cannot execute null.remove reagent().
[2018-08-22 16:53:27.353] 
[2018-08-22 16:54:29.574] runtime error: Undefined operation: 600 / null
[2018-08-22 16:54:29.574] 
[2018-08-22 16:58:16.771] runtime error: Cannot modify null.parallax_animate_timer.
[2018-08-22 16:58:16.771] 
[2018-08-22 16:58:39.609] runtime error: Cannot modify null.icon_state.
[2018-08-22 16:58:39.609] 
[2018-08-22 16:58:57.228] runtime error: Cannot modify null.icon_state.
[2018-08-22 16:58:57.228] 
[2018-08-22 16:58:58.239] runtime error: Cannot modify null.icon_state.
[2018-08-22 16:58:58.239] 
[2018-08-22 16:58:58.239] runtime error: Cannot modify null.icon_state.
[2018-08-22 16:58:58.239] 
[2018-08-22 16:59:27.555] runtime error: Invalid individual logging type: . Defaulting to 4096 (LOG_GAME).
[2018-08-22 16:59:27.555] 
[2018-08-22 17:01:23.960] runtime error: Cannot modify null.icon_state.
[2018-08-22 17:01:23.960] 
[2018-08-22 17:04:28.397] runtime error: Cannot modify null.icon_state.
[2018-08-22 17:04:28.397] 
[2018-08-22 17:07:16.092] runtime error: Cannot execute null.remove reagent().
[2018-08-22 17:07:16.092] 
[2018-08-22 17:08:21.499] runtime error: Cannot modify null.icon_state.
[2018-08-22 17:08:21.499] 
[2018-08-22 17:08:37.238] runtime error: Cannot modify null.icon_state.
[2018-08-22 17:08:37.238] 
[2018-08-22 17:09:06.553] runtime error: Cannot modify null.icon_state.
[2018-08-22 17:09:06.553] 
[2018-08-22 17:09:12.569] runtime error: No valid destination passed into forceMove
[2018-08-22 17:09:12.569] 
[2018-08-22 17:09:12.642] runtime error: Cannot modify null.icon_state.
[2018-08-22 17:09:12.642] 
[2018-08-22 17:09:52.219] runtime error: Cannot modify null.icon_state.
[2018-08-22 17:09:52.219] 
[2018-08-22 17:09:56.171] runtime error: Cannot modify null.icon_state.
[2018-08-22 17:09:56.171] 
[2018-08-22 17:10:02.229] runtime error: Cannot modify null.icon_state.
[2018-08-22 17:10:02.229] 
[2018-08-22 17:10:12.249] runtime error: Cannot modify null.icon_state.
[2018-08-22 17:10:12.249] 
[2018-08-22 17:10:23.239] runtime error: Cannot modify null.icon_state.
[2018-08-22 17:10:23.240] 
[2018-08-22 17:10:42.512] runtime error: Cannot modify null.icon_state.
[2018-08-22 17:10:42.513] 
[2018-08-22 17:11:10.306] runtime error: Cannot modify null.icon_state.
[2018-08-22 17:11:10.306] 
[2018-08-22 17:11:12.254] runtime error: Cannot modify null.icon_state.
[2018-08-22 17:11:12.255] 
[2018-08-22 17:13:23.403] runtime error: Cannot modify null.icon_state.
[2018-08-22 17:13:23.403] 
[2018-08-22 17:13:29.512] runtime error: Cannot modify null.icon_state.
[2018-08-22 17:13:29.512] 
[2018-08-22 17:16:44.460] runtime error: Cannot modify null.icon_state.
[2018-08-22 17:16:44.460] 
[2018-08-22 17:17:40.521] runtime error: Cannot modify null.icon_state.
[2018-08-22 17:17:40.521] 
[2018-08-22 17:18:13.266] runtime error: Cannot execute null.remove reagent().
[2018-08-22 17:18:13.266] 
[2018-08-22 17:18:19.307] runtime error: Cannot execute null.remove reagent().
[2018-08-22 17:18:19.307] 
[2018-08-22 17:18:25.321] runtime error: Cannot execute null.remove reagent().
[2018-08-22 17:18:25.321] 
[2018-08-22 17:18:31.260] runtime error: Cannot execute null.remove reagent().
[2018-08-22 17:18:31.260] 
[2018-08-22 17:18:49.123] runtime error: Cannot modify null.icon_state.
[2018-08-22 17:18:49.123] 
[2018-08-22 17:18:55.411] runtime error: Cannot execute null.remove reagent().
[2018-08-22 17:18:55.411] 
[2018-08-22 17:19:07.980] runtime error: Cannot modify null.icon_state.
[2018-08-22 17:19:07.980] 
[2018-08-22 17:19:07.980] runtime error: Cannot modify null.icon_state.
[2018-08-22 17:19:07.981] 
[2018-08-22 17:19:17.356] runtime error: Cannot execute null.remove reagent().
[2018-08-22 17:19:17.356] 
[2018-08-22 17:19:23.373] runtime error: Cannot execute null.remove reagent().
[2018-08-22 17:19:23.373] 
[2018-08-22 17:19:40.916] runtime error: Cannot modify null.icon_state.
[2018-08-22 17:19:40.916] 
[2018-08-22 17:19:53.033] runtime error: Cannot modify null.icon_state.
[2018-08-22 17:19:53.033] 
[2018-08-22 17:19:53.033] runtime error: Cannot modify null.icon_state.
[2018-08-22 17:19:53.033] 
[2018-08-22 17:20:09.748] runtime error: Cannot modify null.icon_state.
[2018-08-22 17:20:09.748] 
[2018-08-22 17:20:29.720] runtime error: Cannot execute null.log message().
[2018-08-22 17:20:29.720] 
[2018-08-22 17:20:31.847] runtime error: Cannot execute null.log message().
[2018-08-22 17:20:31.847] 
[2018-08-22 17:20:32.429] runtime error: Cannot execute null.log message().
[2018-08-22 17:20:32.429] 
[2018-08-22 17:21:07.788] runtime error: Cannot modify null.icon_state.
[2018-08-22 17:21:07.789] 
[2018-08-22 17:21:11.991] runtime error: Cannot modify null.icon_state.
[2018-08-22 17:21:11.992] 
[2018-08-22 17:21:11.992] runtime error: Cannot modify null.icon_state.
[2018-08-22 17:21:11.992] 
[2018-08-22 17:21:26.008] runtime error: Cannot modify null.icon_state.
[2018-08-22 17:21:26.008] 
[2018-08-22 17:21:50.563] runtime error: Cannot modify null.icon_state.
[2018-08-22 17:21:50.563] 
[2018-08-22 17:21:58.247] runtime error: Cannot modify null.icon_state.
[2018-08-22 17:21:58.247] 
[2018-08-22 17:22:00.009] runtime error: Cannot modify null.icon_state.
[2018-08-22 17:22:00.009] 
[2018-08-22 17:22:10.416] runtime error: Cannot modify null.icon_state.
[2018-08-22 17:22:10.417] 
[2018-08-22 17:22:35.567] runtime error: Cannot modify null.icon_state.
[2018-08-22 17:22:35.567] 
[2018-08-22 17:22:45.978] runtime error: Cannot modify null.icon_state.
[2018-08-22 17:22:45.978] 
[2018-08-22 17:24:06.341] runtime error: Cannot modify null.icon_state.
[2018-08-22 17:24:06.341] 
[2018-08-22 17:24:17.335] runtime error: Cannot modify null.icon_state.
[2018-08-22 17:24:17.335] 
[2018-08-22 17:24:44.294] runtime error: Cannot modify null.icon_state.
[2018-08-22 17:24:44.294] 
[2018-08-22 17:24:47.333] runtime error: Cannot modify null.icon_state.
[2018-08-22 17:24:47.333] 
[2018-08-22 17:25:02.036] runtime error: Cannot modify null.icon_state.
[2018-08-22 17:25:02.036] 
[2018-08-22 17:25:12.021] runtime error: Cannot modify null.icon_state.
[2018-08-22 17:25:12.021] 
[2018-08-22 17:26:03.997] runtime error: Cannot modify null.icon_state.
[2018-08-22 17:26:03.998] 
[2018-08-22 17:26:17.733] runtime error: Cannot modify null.icon_state.
[2018-08-22 17:26:17.733] 
[2018-08-22 17:26:47.382] runtime error: bad arg name 'log_globally'
[2018-08-22 17:26:47.382] 
[2018-08-22 17:26:47.732] runtime error: bad arg name 'log_globally'
[2018-08-22 17:26:47.732] 
[2018-08-22 17:26:48.083] runtime error: bad arg name 'log_globally'
[2018-08-22 17:26:48.083] 
[2018-08-22 17:27:11.737] runtime error: Cannot modify null.icon_state.
[2018-08-22 17:27:11.737] 
[2018-08-22 17:27:37.763] runtime error: Cannot modify null.icon_state.
[2018-08-22 17:27:37.763] 
[2018-08-22 17:28:05.609] runtime error: bad arg name 'log_globally'
[2018-08-22 17:28:05.609] 
[2018-08-22 17:28:09.666] runtime error: bad arg name 'log_globally'
[2018-08-22 17:28:09.666] 
[2018-08-22 17:28:11.174] runtime error: bad arg name 'log_globally'
[2018-08-22 17:28:11.174] 
[2018-08-22 17:28:16.138] runtime error: bad arg name 'log_globally'
[2018-08-22 17:28:16.138] 
[2018-08-22 17:28:16.514] runtime error: Cannot modify null.icon_state.
[2018-08-22 17:28:16.514] 
[2018-08-22 17:28:18.500] runtime error: Cannot modify null.icon_state.
[2018-08-22 17:28:18.500] 
[2018-08-22 17:28:18.589] runtime error: bad arg name 'log_globally'
[2018-08-22 17:28:18.589] 
[2018-08-22 17:28:24.168] runtime error: bad arg name 'log_globally'
[2018-08-22 17:28:24.168] 
[2018-08-22 17:28:28.081] runtime error: bad arg name 'log_globally'
[2018-08-22 17:28:28.081] 
[2018-08-22 17:28:30.289] runtime error: bad arg name 'log_globally'
[2018-08-22 17:28:30.289] 
[2018-08-22 17:28:30.463] runtime error: Cannot modify null.icon_state.
[2018-08-22 17:28:30.463] 
[2018-08-22 17:28:32.588] runtime error: bad arg name 'log_globally'
[2018-08-22 17:28:32.588] 
[2018-08-22 17:28:35.133] runtime error: bad arg name 'log_globally'
[2018-08-22 17:28:35.133] 
[2018-08-22 17:28:38.185] runtime error: bad arg name 'log_globally'
[2018-08-22 17:28:38.185] 
[2018-08-22 17:28:39.138] runtime error: Cannot modify null.icon_state.
[2018-08-22 17:28:39.138] 
[2018-08-22 17:28:41.054] runtime error: bad arg name 'log_globally'
[2018-08-22 17:28:41.054] 
[2018-08-22 17:28:42.496] runtime error: Cannot modify null.icon_state.
[2018-08-22 17:28:42.496] 
[2018-08-22 17:28:43.629] runtime error: bad arg name 'log_globally'
[2018-08-22 17:28:43.629] 
[2018-08-22 17:28:46.490] runtime error: bad arg name 'log_globally'
[2018-08-22 17:28:46.490] 
[2018-08-22 17:28:48.889] runtime error: bad arg name 'log_globally'
[2018-08-22 17:28:48.889] 
[2018-08-22 17:28:49.042] runtime error: addtimer called with a callback assigned to a qdeleted object. In the future such timers will not be supported and may refuse to run or run with a 0 wait
[2018-08-22 17:28:49.043] 
[2018-08-22 17:29:07.525] runtime error: Cannot modify null.icon_state.
[2018-08-22 17:29:07.525] 
[2018-08-22 17:29:11.824] runtime error: Cannot modify null.icon_state.
[2018-08-22 17:29:11.824] 
[2018-08-22 17:30:05.166] runtime error: Cannot modify null.icon_state.
[2018-08-22 17:30:05.166] 
[2018-08-22 17:30:07.971] runtime error: bad arg name 'log_globally'
[2018-08-22 17:30:07.971] 
[2018-08-22 17:30:12.984] runtime error: Cannot modify null.icon_state.
[2018-08-22 17:30:12.984] 
[2018-08-22 17:30:29.751] runtime error: bad arg name 'log_globally'
[2018-08-22 17:30:29.751] 
[2018-08-22 17:30:37.290] runtime error: bad arg name 'log_globally'
[2018-08-22 17:30:37.290] 
[2018-08-22 17:30:37.470] runtime error: Cannot modify null.icon_state.
[2018-08-22 17:30:37.470] 
[2018-08-22 17:30:37.470] runtime error: Cannot modify null.icon_state.
[2018-08-22 17:30:37.470] 
[2018-08-22 17:30:39.499] runtime error: Cannot modify null.icon_state.
[2018-08-22 17:30:39.499] 
[2018-08-22 17:31:26.112] runtime error: bad arg name 'log_globally'
[2018-08-22 17:31:26.113] 
[2018-08-22 17:31:32.526] runtime error: bad arg name 'log_globally'
[2018-08-22 17:31:32.526] 
[2018-08-22 17:31:33.382] runtime error: bad arg name 'log_globally'
[2018-08-22 17:31:33.382] 
[2018-08-22 17:31:33.705] runtime error: Cannot modify null.icon_state.
[2018-08-22 17:31:33.705] 
[2018-08-22 17:31:54.709] runtime error: Cannot modify null.icon_state.
[2018-08-22 17:31:54.709] 
[2018-08-22 17:31:56.448] runtime error: Cannot modify null.icon_state.
[2018-08-22 17:31:56.448] 
[2018-08-22 17:32:16.169] runtime error: Cannot modify null.icon_state.
[2018-08-22 17:32:16.169] 
[2018-08-22 17:32:16.169] runtime error: Cannot modify null.icon_state.
[2018-08-22 17:32:16.169] 
[2018-08-22 17:32:30.637] runtime error: Cannot modify null.icon_state.
[2018-08-22 17:32:30.637] 
[2018-08-22 17:32:34.685] runtime error: Cannot modify null.icon_state.
[2018-08-22 17:32:34.685] 
[2018-08-22 17:33:06.319] runtime error: Cannot modify null.icon_state.
[2018-08-22 17:33:06.320] 
[2018-08-22 17:33:06.920] runtime error: Cannot modify null.icon_state.
[2018-08-22 17:33:06.920] 
[2018-08-22 17:33:07.650] runtime error: Cannot modify null.icon_state.
[2018-08-22 17:33:07.650] 
[2018-08-22 17:33:34.044] runtime error: Cannot modify null.icon_state.
[2018-08-22 17:33:34.044] 
[2018-08-22 17:34:03.385] runtime error: Cannot execute null.archive().
[2018-08-22 17:34:03.385] 
[2018-08-22 17:34:03.385] runtime error: Cannot read null.gases
[2018-08-22 17:34:03.385] 
[2018-08-22 17:34:03.385] runtime error: undefined variable /turf/closed/wall/mineral/plastitanium/interior/var/air
[2018-08-22 17:34:03.385] 
[2018-08-22 17:34:03.386] runtime error: Cannot execute null.archive().
[2018-08-22 17:34:03.386] 
[2018-08-22 17:34:03.386] runtime error: Cannot read null.gases
[2018-08-22 17:34:03.386] 
[2018-08-22 17:34:03.386] runtime error: Cannot execute null.archive().
[2018-08-22 17:34:03.386] 
[2018-08-22 17:34:03.386] runtime error: Cannot read null.gases
[2018-08-22 17:34:03.386] 
[2018-08-22 17:34:03.387] runtime error: Cannot execute null.archive().
[2018-08-22 17:34:03.387] 
[2018-08-22 17:34:03.387] runtime error: Cannot read null.gases
[2018-08-22 17:34:03.387] 
[2018-08-22 17:34:03.387] runtime error: Cannot execute null.archive().
[2018-08-22 17:34:03.387] 
[2018-08-22 17:34:03.387] runtime error: Cannot read null.gases
[2018-08-22 17:34:03.387] 
[2018-08-22 17:34:03.387] runtime error: Cannot execute null.archive().
[2018-08-22 17:34:03.387] 
[2018-08-22 17:34:03.388] runtime error: Cannot read null.gases
[2018-08-22 17:34:03.388] 
[2018-08-22 17:34:03.388] runtime error: Cannot execute null.archive().
[2018-08-22 17:34:03.388] 
[2018-08-22 17:34:03.388] runtime error: Cannot read null.gases
[2018-08-22 17:34:03.388] 
[2018-08-22 17:34:03.388] runtime error: Cannot execute null.archive().
[2018-08-22 17:34:03.388] 
[2018-08-22 17:34:03.389] runtime error: Cannot read null.gases
[2018-08-22 17:34:03.389] 
[2018-08-22 17:34:03.389] runtime error: Cannot execute null.archive().
[2018-08-22 17:34:03.389] 
[2018-08-22 17:34:03.389] runtime error: Cannot read null.gases
[2018-08-22 17:34:03.389] 
[2018-08-22 17:34:03.389] runtime error: Cannot execute null.archive().
[2018-08-22 17:34:03.389] 
[2018-08-22 17:34:03.389] runtime error: Cannot read null.gases
[2018-08-22 17:34:03.389] 
[2018-08-22 17:34:03.390] runtime error: Cannot execute null.archive().
[2018-08-22 17:34:03.390] 
[2018-08-22 17:34:03.390] runtime error: Cannot read null.gases
[2018-08-22 17:34:03.390] 
[2018-08-22 17:34:03.390] runtime error: Cannot execute null.archive().
[2018-08-22 17:34:03.390] 
[2018-08-22 17:34:03.390] runtime error: Cannot read null.gases
[2018-08-22 17:34:03.390] 
[2018-08-22 17:34:03.391] runtime error: undefined variable /turf/closed/wall/mineral/plastitanium/interior/var/air
[2018-08-22 17:34:03.391] 
[2018-08-22 17:34:03.391] runtime error: Cannot execute null.archive().
[2018-08-22 17:34:03.391] 
[2018-08-22 17:34:03.391] runtime error: Cannot read null.gases
[2018-08-22 17:34:03.391] 
[2018-08-22 17:34:03.391] runtime error: undefined variable /turf/closed/wall/mineral/plastitanium/interior/var/air
[2018-08-22 17:34:03.391] 
[2018-08-22 17:34:03.392] runtime error: Cannot execute null.archive().
[2018-08-22 17:34:03.392] 
[2018-08-22 17:34:03.392] runtime error: Cannot read null.gases
[2018-08-22 17:34:03.392] 
[2018-08-22 17:34:03.392] runtime error: Cannot execute null.archive().
[2018-08-22 17:34:03.392] 
[2018-08-22 17:34:03.392] runtime error: Cannot read null.gases
[2018-08-22 17:34:03.392] 
[2018-08-22 17:34:03.392] runtime error: Cannot execute null.archive().
[2018-08-22 17:34:03.393] 
[2018-08-22 17:34:03.393] runtime error: Cannot read null.gases
[2018-08-22 17:34:03.393] 
[2018-08-22 17:34:03.393] runtime error: Cannot execute null.archive().
[2018-08-22 17:34:03.393] 
[2018-08-22 17:34:03.393] runtime error: Cannot read null.gases
[2018-08-22 17:34:03.393] 
[2018-08-22 17:34:03.393] runtime error: Cannot execute null.archive().
[2018-08-22 17:34:03.393] 
[2018-08-22 17:34:03.394] runtime error: Cannot read null.gases
[2018-08-22 17:34:03.394] 
[2018-08-22 17:34:03.394] runtime error: Cannot execute null.archive().
[2018-08-22 17:34:03.394] 
[2018-08-22 17:34:03.394] runtime error: Cannot read null.gases
[2018-08-22 17:34:03.394] 
[2018-08-22 17:34:03.394] runtime error: Cannot execute null.archive().
[2018-08-22 17:34:03.394] 
[2018-08-22 17:34:03.395] runtime error: Cannot read null.gases
[2018-08-22 17:34:03.395] 
[2018-08-22 17:34:03.395] runtime error: Cannot execute null.archive().
[2018-08-22 17:34:03.395] 
[2018-08-22 17:34:03.395] runtime error: Cannot read null.gases
[2018-08-22 17:34:03.395] 
[2018-08-22 17:34:03.395] runtime error: Cannot execute null.archive().
[2018-08-22 17:34:03.395] 
[2018-08-22 17:34:03.395] runtime error: Cannot read null.gases
[2018-08-22 17:34:03.395] 
[2018-08-22 17:34:03.396] runtime error: Cannot execute null.archive().
[2018-08-22 17:34:03.396] 
[2018-08-22 17:34:03.396] runtime error: Cannot read null.gases
[2018-08-22 17:34:03.396] 
[2018-08-22 17:34:03.396] runtime error: Cannot execute null.archive().
[2018-08-22 17:34:03.396] 
[2018-08-22 17:34:03.396] runtime error: Cannot read null.gases
[2018-08-22 17:34:03.396] 
[2018-08-22 17:34:03.396] runtime error: undefined variable /turf/closed/wall/mineral/plastitanium/var/air
[2018-08-22 17:34:03.396] 
[2018-08-22 17:34:03.397] runtime error: undefined variable /turf/closed/wall/mineral/plastitanium/interior/var/air
[2018-08-22 17:34:03.397] 
[2018-08-22 17:34:03.397] runtime error: undefined variable /turf/closed/wall/mineral/plastitanium/interior/var/air
[2018-08-22 17:34:03.397] 
[2018-08-22 17:34:03.397] runtime error: Cannot execute null.archive().
[2018-08-22 17:34:03.397] 
[2018-08-22 17:34:03.397] runtime error: Cannot read null.gases
[2018-08-22 17:34:03.397] 
[2018-08-22 17:34:03.398] runtime error: undefined variable /turf/closed/wall/mineral/plastitanium/interior/var/air
[2018-08-22 17:34:03.398] 
[2018-08-22 17:34:03.398] runtime error: Cannot execute null.archive().
[2018-08-22 17:34:03.398] 
[2018-08-22 17:34:03.398] runtime error: Cannot read null.gases
[2018-08-22 17:34:03.398] 
[2018-08-22 17:34:03.398] runtime error: undefined variable /turf/closed/wall/mineral/plastitanium/interior/var/air
[2018-08-22 17:34:03.398] 
[2018-08-22 17:34:03.399] runtime error: Cannot execute null.archive().
[2018-08-22 17:34:03.399] 
[2018-08-22 17:34:03.399] runtime error: Cannot read null.gases
[2018-08-22 17:34:03.399] 
[2018-08-22 17:34:03.399] runtime error: Cannot execute null.archive().
[2018-08-22 17:34:03.399] 
[2018-08-22 17:34:03.399] runtime error: Cannot read null.gases
[2018-08-22 17:34:03.399] 
[2018-08-22 17:34:03.399] runtime error: Cannot execute null.archive().
[2018-08-22 17:34:03.399] 
[2018-08-22 17:34:03.400] runtime error: Cannot read null.gases
[2018-08-22 17:34:03.400] 
[2018-08-22 17:34:03.400] runtime error: undefined variable /turf/closed/wall/mineral/plastitanium/interior/var/air
[2018-08-22 17:34:03.400] 
[2018-08-22 17:34:03.400] runtime error: undefined variable /turf/closed/wall/mineral/plastitanium/interior/var/air
[2018-08-22 17:34:03.400] 
[2018-08-22 17:34:03.400] runtime error: undefined variable /turf/closed/wall/mineral/plastitanium/interior/var/air
[2018-08-22 17:34:03.400] 
[2018-08-22 17:34:03.401] runtime error: Cannot execute null.archive().
[2018-08-22 17:34:03.401] 
[2018-08-22 17:34:03.401] runtime error: Cannot read null.gases
[2018-08-22 17:34:03.401] 
[2018-08-22 17:34:03.401] runtime error: Cannot execute null.archive().
[2018-08-22 17:34:03.401] 
[2018-08-22 17:34:03.401] runtime error: Cannot read null.gases
[2018-08-22 17:34:03.401] 
[2018-08-22 17:34:03.401] runtime error: Cannot execute null.archive().
[2018-08-22 17:34:03.401] 
[2018-08-22 17:34:03.402] runtime error: Cannot read null.gases
[2018-08-22 17:34:03.402] 
[2018-08-22 17:34:03.402] runtime error: undefined variable /turf/closed/wall/mineral/plastitanium/interior/var/air
[2018-08-22 17:34:03.402] 
[2018-08-22 17:34:03.402] runtime error: Cannot execute null.archive().
[2018-08-22 17:34:03.402] 
[2018-08-22 17:34:03.402] runtime error: Cannot read null.gases
[2018-08-22 17:34:03.402] 
[2018-08-22 17:34:03.402] runtime error: Cannot execute null.archive().
[2018-08-22 17:34:03.402] 
[2018-08-22 17:34:03.403] runtime error: Cannot read null.gases
[2018-08-22 17:34:03.403] 
[2018-08-22 17:34:03.403] runtime error: Cannot execute null.archive().
[2018-08-22 17:34:03.403] 
[2018-08-22 17:34:03.403] runtime error: Cannot read null.gases
[2018-08-22 17:34:03.403] 
[2018-08-22 17:34:03.403] runtime error: undefined variable /turf/closed/wall/mineral/plastitanium/interior/var/air
[2018-08-22 17:34:03.403] 
[2018-08-22 17:34:03.404] runtime error: Cannot execute null.archive().
[2018-08-22 17:34:03.404] 
[2018-08-22 17:34:03.404] runtime error: Cannot read null.gases
[2018-08-22 17:34:03.404] 
[2018-08-22 17:34:03.404] runtime error: Cannot execute null.archive().
[2018-08-22 17:34:03.404] 
[2018-08-22 17:34:03.404] runtime error: Cannot read null.gases
[2018-08-22 17:34:03.404] 
[2018-08-22 17:34:03.404] runtime error: undefined variable /turf/closed/wall/mineral/plastitanium/interior/var/air
[2018-08-22 17:34:03.404] 
[2018-08-22 17:34:03.405] runtime error: undefined variable /turf/closed/wall/mineral/plastitanium/interior/var/air
[2018-08-22 17:34:03.405] 
[2018-08-22 17:34:03.405] runtime error: undefined variable /turf/closed/wall/mineral/plastitanium/interior/var/air
[2018-08-22 17:34:03.405] 
[2018-08-22 17:34:03.405] runtime error: Cannot execute null.archive().
[2018-08-22 17:34:03.405] 
[2018-08-22 17:34:03.405] runtime error: Cannot read null.gases
[2018-08-22 17:34:03.405] 
[2018-08-22 17:34:03.851] runtime error: Cannot execute null.archive().
[2018-08-22 17:34:03.851] 
[2018-08-22 17:34:03.851] runtime error: Cannot read null.gases
[2018-08-22 17:34:03.851] 
[2018-08-22 17:34:03.852] runtime error: Cannot execute null.archive().
[2018-08-22 17:34:03.852] 
[2018-08-22 17:34:03.852] runtime error: Cannot read null.gases
[2018-08-22 17:34:03.852] 
[2018-08-22 17:34:03.852] runtime error: Cannot execute null.archive().
[2018-08-22 17:34:03.852] 
[2018-08-22 17:34:03.853] runtime error: Cannot read null.gases
[2018-08-22 17:34:03.853] 
[2018-08-22 17:34:03.853] runtime error: Cannot execute null.archive().
[2018-08-22 17:34:03.853] 
[2018-08-22 17:34:03.853] runtime error: Cannot read null.gases
[2018-08-22 17:34:03.853] 
[2018-08-22 17:34:03.854] runtime error: Cannot execute null.archive().
[2018-08-22 17:34:03.854] 
[2018-08-22 17:34:03.854] runtime error: Cannot read null.gases
[2018-08-22 17:34:03.854] 
[2018-08-22 17:34:03.854] runtime error: Cannot execute null.archive().
[2018-08-22 17:34:03.854] 
[2018-08-22 17:34:03.854] runtime error: Cannot read null.gases
[2018-08-22 17:34:03.854] 
[2018-08-22 17:34:03.855] runtime error: undefined variable /turf/closed/wall/mineral/plastitanium/var/air
[2018-08-22 17:34:03.855] 
[2018-08-22 17:34:03.855] runtime error: Cannot execute null.archive().
[2018-08-22 17:34:03.855] 
[2018-08-22 17:34:03.855] runtime error: Cannot read null.gases
[2018-08-22 17:34:03.855] 
[2018-08-22 17:34:03.856] runtime error: undefined variable /turf/closed/wall/mineral/plastitanium/var/air
[2018-08-22 17:34:03.856] 
[2018-08-22 17:34:03.856] runtime error: Cannot execute null.archive().
[2018-08-22 17:34:03.856] 
[2018-08-22 17:34:03.856] runtime error: Cannot read null.gases
[2018-08-22 17:34:03.856] 
[2018-08-22 17:34:03.857] runtime error: Cannot execute null.archive().
[2018-08-22 17:34:03.857] 
[2018-08-22 17:34:03.857] runtime error: Cannot read null.gases
[2018-08-22 17:34:03.857] 
[2018-08-22 17:34:03.857] runtime error: undefined variable /turf/closed/wall/mineral/plastitanium/interior/var/air
[2018-08-22 17:34:03.857] 
[2018-08-22 17:34:03.858] runtime error: undefined variable /turf/closed/wall/mineral/plastitanium/nodiagonal/var/air
[2018-08-22 17:34:03.858] 
[2018-08-22 17:34:03.858] runtime error: Cannot execute null.archive().
[2018-08-22 17:34:03.858] 
[2018-08-22 17:34:03.858] runtime error: Cannot read null.gases
[2018-08-22 17:34:03.858] 
[2018-08-22 17:34:03.859] runtime error: Cannot execute null.archive().
[2018-08-22 17:34:03.859] 
[2018-08-22 17:34:03.859] runtime error: Cannot read null.gases
[2018-08-22 17:34:03.859] 
[2018-08-22 17:34:03.859] runtime error: undefined variable /turf/closed/wall/mineral/plastitanium/nodiagonal/var/air
[2018-08-22 17:34:03.859] 
[2018-08-22 17:34:03.860] runtime error: Cannot execute null.archive().
[2018-08-22 17:34:03.860] 
[2018-08-22 17:34:03.860] runtime error: Cannot read null.gases
[2018-08-22 17:34:03.860] 
[2018-08-22 17:34:03.860] runtime error: Cannot execute null.archive().
[2018-08-22 17:34:03.860] 
[2018-08-22 17:34:03.861] runtime error: Cannot read null.gases
[2018-08-22 17:34:03.861] 
[2018-08-22 17:34:03.861] runtime error: undefined variable /turf/closed/wall/mineral/plastitanium/interior/var/air
[2018-08-22 17:34:03.861] 
[2018-08-22 17:34:03.861] runtime error: undefined variable /turf/closed/wall/mineral/plastitanium/var/air
[2018-08-22 17:34:03.861] 
[2018-08-22 17:34:03.862] runtime error: undefined variable /turf/closed/wall/mineral/plastitanium/var/air
[2018-08-22 17:34:03.862] 
[2018-08-22 17:34:03.863] runtime error: undefined variable /turf/closed/wall/mineral/plastitanium/interior/var/air
[2018-08-22 17:34:03.863] 
[2018-08-22 17:34:03.863] runtime error: undefined variable /turf/closed/wall/mineral/plastitanium/interior/var/air
[2018-08-22 17:34:03.863] 
[2018-08-22 17:34:03.864] runtime error: undefined variable /turf/closed/wall/mineral/plastitanium/interior/var/air
[2018-08-22 17:34:03.864] 
[2018-08-22 17:34:03.864] runtime error: undefined variable /turf/closed/wall/mineral/plastitanium/interior/var/air
[2018-08-22 17:34:03.864] 
[2018-08-22 17:34:03.864] runtime error: undefined variable /turf/closed/wall/mineral/plastitanium/interior/var/air
[2018-08-22 17:34:03.864] 
[2018-08-22 17:34:03.865] runtime error: undefined variable /turf/closed/wall/mineral/plastitanium/interior/var/air
[2018-08-22 17:34:03.865] 
[2018-08-22 17:34:03.865] runtime error: undefined variable /turf/closed/wall/mineral/plastitanium/interior/var/air
[2018-08-22 17:34:03.865] 
[2018-08-22 17:34:03.865] runtime error: undefined variable /turf/closed/wall/mineral/plastitanium/interior/var/air
[2018-08-22 17:34:03.865] 
[2018-08-22 17:34:03.866] runtime error: undefined variable /turf/closed/wall/mineral/plastitanium/interior/var/air
[2018-08-22 17:34:03.866] 
[2018-08-22 17:34:03.866] runtime error: undefined variable /turf/closed/wall/mineral/plastitanium/interior/var/air
[2018-08-22 17:34:03.866] 
[2018-08-22 17:34:03.866] runtime error: undefined variable /turf/closed/wall/mineral/plastitanium/interior/var/air
[2018-08-22 17:34:03.866] 
[2018-08-22 17:34:03.867] runtime error: undefined variable /turf/closed/wall/mineral/plastitanium/interior/var/air
[2018-08-22 17:34:03.867] 
[2018-08-22 17:34:03.867] runtime error: undefined variable /turf/closed/wall/mineral/plastitanium/interior/var/air
[2018-08-22 17:34:03.867] 
[2018-08-22 17:34:03.995] runtime error: undefined variable /turf/closed/wall/mineral/plastitanium/nodiagonal/var/air
[2018-08-22 17:34:03.995] 
[2018-08-22 17:34:03.995] runtime error: undefined variable /turf/closed/wall/mineral/plastitanium/interior/var/air
[2018-08-22 17:34:03.995] 
[2018-08-22 17:34:03.996] runtime error: undefined variable /turf/closed/wall/mineral/plastitanium/interior/var/air
[2018-08-22 17:34:03.996] 
[2018-08-22 17:34:03.996] runtime error: undefined variable /turf/closed/wall/mineral/plastitanium/interior/var/air
[2018-08-22 17:34:03.996] 
[2018-08-22 17:34:03.996] runtime error: undefined variable /turf/closed/wall/mineral/plastitanium/interior/var/air
[2018-08-22 17:34:03.996] 
[2018-08-22 17:34:03.996] runtime error: undefined variable /turf/closed/wall/mineral/plastitanium/interior/var/air
[2018-08-22 17:34:03.996] 
[2018-08-22 17:34:03.997] runtime error: undefined variable /turf/closed/wall/mineral/plastitanium/var/air
[2018-08-22 17:34:03.997] 
[2018-08-22 17:34:03.997] runtime error: undefined variable /turf/closed/wall/mineral/plastitanium/var/air
[2018-08-22 17:34:03.997] 
[2018-08-22 17:34:03.997] runtime error: undefined variable /turf/closed/wall/mineral/plastitanium/nodiagonal/var/air
[2018-08-22 17:34:03.997] 
[2018-08-22 17:34:03.998] runtime error: undefined variable /turf/closed/wall/mineral/plastitanium/interior/var/air
[2018-08-22 17:34:03.998] 
[2018-08-22 17:34:03.998] runtime error: undefined variable /turf/closed/wall/mineral/plastitanium/interior/var/air
[2018-08-22 17:34:03.998] 
[2018-08-22 17:34:03.998] runtime error: undefined variable /turf/closed/wall/mineral/plastitanium/interior/var/air
[2018-08-22 17:34:03.998] 
[2018-08-22 17:34:03.999] runtime error: undefined variable /turf/closed/wall/mineral/plastitanium/interior/var/air
[2018-08-22 17:34:03.999] 
[2018-08-22 17:34:03.999] runtime error: undefined variable /turf/closed/wall/mineral/plastitanium/interior/var/air
[2018-08-22 17:34:03.999] 
[2018-08-22 17:34:07.671] runtime error: Cannot modify null.icon_state.
[2018-08-22 17:34:07.671] 
[2018-08-22 17:35:09.012] runtime error: Cannot modify null.icon_state.
[2018-08-22 17:35:09.012] 
[2018-08-22 17:36:11.240] runtime error: Cannot modify null.icon_state.
[2018-08-22 17:36:11.240] 
[2018-08-22 17:36:37.529] runtime error: Cannot modify null.icon_state.
[2018-08-22 17:36:37.529] 
[2018-08-22 17:37:00.396] runtime error: Cannot modify null.icon_state.
[2018-08-22 17:37:00.396] 
[2018-08-22 17:37:10.570] runtime error: Cannot modify null.icon_state.
[2018-08-22 17:37:10.570] 
[2018-08-22 17:37:20.545] runtime error: Cannot modify null.icon_state.
[2018-08-22 17:37:20.545] 
[2018-08-22 17:37:40.417] runtime error: Cannot modify null.icon_state.
[2018-08-22 17:37:40.417] 
[2018-08-22 17:37:42.387] runtime error: Cannot modify null.icon_state.
[2018-08-22 17:37:42.387] 
[2018-08-22 17:48:18.722] runtime error: Cannot modify null.icon_state.
[2018-08-22 17:48:18.723] 
[2018-08-22 17:48:46.770] runtime error: Cannot modify null.icon_state.
[2018-08-22 17:48:46.770] 
[2018-08-22 17:49:05.772] runtime error: Cannot modify null.icon_state.
[2018-08-22 17:49:05.772] 
[2018-08-22 17:49:10.786] runtime error: Cannot modify null.icon_state.
[2018-08-22 17:49:10.786] 
[2018-08-22 17:49:35.114] runtime error: Cannot modify null.icon_state.
[2018-08-22 17:49:35.114] 
[2018-08-22 17:49:38.852] runtime error: Cannot modify null.icon_state.
[2018-08-22 17:49:38.852] 
[2018-08-22 17:49:42.423] Saved 23 engraved messages on map Box Station
[2018-08-22 17:49:57.207] runtime error: Cannot modify null.icon_state.
[2018-08-22 17:49:57.207] 
[2018-08-22 17:50:12.103] runtime error: bad arg name 'log_globally'
[2018-08-22 17:50:12.103] 
[2018-08-22 17:50:14.476] runtime error: bad arg name 'log_globally'
[2018-08-22 17:50:14.476] 
[2018-08-22 17:50:20.454] runtime error: bad arg name 'log_globally'
[2018-08-22 17:50:20.454] 
[2018-08-22 17:50:28.995] runtime error: bad arg name 'log_globally'
[2018-08-22 17:50:28.995] 
[2018-08-22 17:50:47.591] runtime error: Cannot modify null.icon_state.
[2018-08-22 17:50:47.591] 
[2018-08-22 17:50:47.591] runtime error: Cannot modify null.icon_state.
[2018-08-22 17:50:47.591] 
[2018-08-22 17:50:47.955] runtime error: bad arg name 'log_globally'
[2018-08-22 17:50:47.955] 
[2018-08-22 17:50:51.467] runtime error: Cannot modify null.icon_state.
[2018-08-22 17:50:51.467] 
[2018-08-22 17:50:53.411] runtime error: Cannot modify null.icon_state.
[2018-08-22 17:50:53.411] 
[2018-08-22 17:51:17.417] Shutting down Persistence subsystem...
[2018-08-22 17:51:17.418] Shutting down Pathfinder subsystem...
[2018-08-22 17:51:17.418] Shutting down Squeak subsystem...
[2018-08-22 17:51:17.418] Shutting down Shuttle subsystem...
[2018-08-22 17:51:17.418] Shutting down Lighting subsystem...
[2018-08-22 17:51:17.418] Shutting down XKeyScore subsystem...
[2018-08-22 17:51:17.418] Shutting down Sticky Ban subsystem...
[2018-08-22 17:51:17.418] Shutting down Overlay subsystem...
[2018-08-22 17:51:17.482] Shutting down Icon Smoothing subsystem...
[2018-08-22 17:51:17.482] Shutting down Assets subsystem...
[2018-08-22 17:51:17.482] Shutting down Minimap subsystem...
[2018-08-22 17:51:17.482] Shutting down Atmospherics subsystem...
[2018-08-22 17:51:17.482] Shutting down Wet floors subsystem...
[2018-08-22 17:51:17.482] Shutting down Weather subsystem...
[2018-08-22 17:51:17.482] Shutting down Vote subsystem...
[2018-08-22 17:51:17.482] Shutting down Traumas subsystem...
[2018-08-22 17:51:17.482] Shutting down Title Screen subsystem...
[2018-08-22 17:51:17.483] Shutting down Time Tracking subsystem...
[2018-08-22 17:51:17.483] Shutting down Throwing subsystem...
[2018-08-22 17:51:17.483] Shutting down tgui subsystem...
[2018-08-22 17:51:17.483] Shutting down Sun subsystem...
[2018-08-22 17:51:17.483] Shutting down Space Drift subsystem...
[2018-08-22 17:51:17.483] Shutting down Religion subsystem...
[2018-08-22 17:51:17.483] Shutting down Radio subsystem...
[2018-08-22 17:51:17.483] Shutting down Radiation subsystem...
[2018-08-22 17:51:17.483] Shutting down Projectiles subsystem...
[2018-08-22 17:51:17.483] Shutting down Processing subsystem...
[2018-08-22 17:51:17.483] Shutting down Ping subsystem...
[2018-08-22 17:51:17.483] Shutting down Parallax subsystem...
[2018-08-22 17:51:17.483] Shutting down pAI subsystem...
[2018-08-22 17:51:17.483] Shutting down Orbits subsystem...
[2018-08-22 17:51:17.483] Shutting down Objects subsystem...
[2018-08-22 17:51:17.483] Shutting down NPC Pool subsystem...
[2018-08-22 17:51:17.483] Shutting down Night Shift subsystem...
[2018-08-22 17:51:17.483] Shutting down Mood subsystem...
[2018-08-22 17:51:17.484] Shutting down Mobs subsystem...
[2018-08-22 17:51:17.484] Shutting down Medals subsystem...
[2018-08-22 17:51:17.484] Shutting down Idling NPC Pool subsystem...
[2018-08-22 17:51:17.484] Shutting down Fire Burning subsystem...
[2018-08-22 17:51:17.484] Shutting down Fields subsystem...
[2018-08-22 17:51:17.484] Shutting down Fast Processing subsystem...
[2018-08-22 17:51:17.484] Shutting down Disease subsystem...
[2018-08-22 17:51:17.484] Shutting down Datum Component System subsystem...
[2018-08-22 17:51:17.484] Shutting down Communications subsystem...
[2018-08-22 17:51:17.484] Shutting down Augury subsystem...
[2018-08-22 17:51:17.484] Shutting down Acid subsystem...
[2018-08-22 17:51:17.484] Shutting down Timer subsystem...
[2018-08-22 17:51:17.484] Shutting down Circuit subsystem...
[2018-08-22 17:51:17.484] Shutting down Machines subsystem...
[2018-08-22 17:51:17.484] Shutting down Language subsystem...
[2018-08-22 17:51:17.484] Shutting down Atoms subsystem...
[2018-08-22 17:51:17.485] Shutting down Networks subsystem...
[2018-08-22 17:51:17.485] Shutting down Mapping subsystem...
[2018-08-22 17:51:17.485] Shutting down Ticker subsystem...
[2018-08-22 17:51:17.738] Shutting down Quirks subsystem...
[2018-08-22 17:51:17.739] Shutting down Jobs subsystem...
[2018-08-22 17:51:17.739] Shutting down Events subsystem...
[2018-08-22 17:51:17.739] Shutting down Research subsystem...
[2018-08-22 17:51:17.739] Shutting down Input subsystem...
[2018-08-22 17:51:17.739] Shutting down Server Tasks subsystem...
[2018-08-22 17:51:17.739] Shutting down Blackbox subsystem...
[2018-08-22 17:51:18.074] Shutting down Database subsystem...
[2018-08-22 17:51:18.111] Shutting down Garbage subsystem...
[2018-08-22 17:51:18.230] Shutdown complete
[2018-08-22 17:51:18.230] World rebooted at 17:51:18
