[2018-07-28 03:57:48.721] runtime error: bad index
[2018-07-28 03:57:48.721] proc name: Get (/datum/controller/configuration/proc/Get)
[2018-07-28 03:57:48.721]   source file: configuration.dm,178
[2018-07-28 03:57:48.721]   usr: null
[2018-07-28 03:57:48.721]   src: Configuration (/datum/controller/configuration)
[2018-07-28 03:57:48.721]   call stack:
[2018-07-28 03:57:48.721] Configuration (/datum/controller/configuration): Get(/datum/config_entry/flag/log_w... (/datum/config_entry/flag/log_world_topic))
[2018-07-28 03:57:48.721] world: Topic("status", "212.237.9.101", null, null)
[2018-07-28 03:57:48.721] 
[2018-07-28 03:57:48.722] runtime error: bad index
[2018-07-28 03:57:48.722] proc name: Get (/datum/controller/configuration/proc/Get)
[2018-07-28 03:57:48.722]   source file: configuration.dm,178
[2018-07-28 03:57:48.722]   usr: null
[2018-07-28 03:57:48.722]   src: Configuration (/datum/controller/configuration)
[2018-07-28 03:57:48.722]   call stack:
[2018-07-28 03:57:48.722] Configuration (/datum/controller/configuration): Get(/datum/config_entry/string/com... (/datum/config_entry/string/comms_key))
[2018-07-28 03:57:48.722] /datum/world_topic/status (/datum/world_topic/status): TryRun(/list (/list))
[2018-07-28 03:57:48.722] world: Topic("status", "212.237.9.101", null, null)
[2018-07-28 03:57:48.722] 
[2018-07-28 03:57:48.724] runtime error: bad index
[2018-07-28 03:57:48.724] proc name: Get (/datum/controller/configuration/proc/Get)
[2018-07-28 03:57:48.724]   source file: configuration.dm,178
[2018-07-28 03:57:48.724]   usr: null
[2018-07-28 03:57:48.724]   src: Configuration (/datum/controller/configuration)
[2018-07-28 03:57:48.724]   call stack:
[2018-07-28 03:57:48.724] Configuration (/datum/controller/configuration): Get(/datum/config_entry/flag/nores... (/datum/config_entry/flag/norespawn))
[2018-07-28 03:57:48.724] /datum/world_topic/status (/datum/world_topic/status): Run(/list (/list))
[2018-07-28 03:57:48.724] /datum/world_topic/status (/datum/world_topic/status): TryRun(/list (/list))
[2018-07-28 03:57:48.724] world: Topic("status", "212.237.9.101", null, null)
[2018-07-28 03:57:48.724] 
[2018-07-28 03:57:48.726] runtime error: bad index
[2018-07-28 03:57:48.726] proc name: Get (/datum/controller/configuration/proc/Get)
[2018-07-28 03:57:48.726]   source file: configuration.dm,178
[2018-07-28 03:57:48.726]   usr: null
[2018-07-28 03:57:48.726]   src: Configuration (/datum/controller/configuration)
[2018-07-28 03:57:48.726]   call stack:
[2018-07-28 03:57:48.726] Configuration (/datum/controller/configuration): Get(/datum/config_entry/flag/allow... (/datum/config_entry/flag/allow_vote_mode))
[2018-07-28 03:57:48.726] /datum/world_topic/status (/datum/world_topic/status): Run(/list (/list))
[2018-07-28 03:57:48.726] /datum/world_topic/status (/datum/world_topic/status): TryRun(/list (/list))
[2018-07-28 03:57:48.726] world: Topic("status", "212.237.9.101", null, null)
[2018-07-28 03:57:48.726] 
[2018-07-28 03:57:48.727] runtime error: bad index
[2018-07-28 03:57:48.727] proc name: Get (/datum/controller/configuration/proc/Get)
[2018-07-28 03:57:48.727]   source file: configuration.dm,178
[2018-07-28 03:57:48.727]   usr: null
[2018-07-28 03:57:48.727]   src: Configuration (/datum/controller/configuration)
[2018-07-28 03:57:48.727]   call stack:
[2018-07-28 03:57:48.727] Configuration (/datum/controller/configuration): Get(/datum/config_entry/flag/allow... (/datum/config_entry/flag/allow_ai))
[2018-07-28 03:57:48.727] /datum/world_topic/status (/datum/world_topic/status): Run(/list (/list))
[2018-07-28 03:57:48.727] /datum/world_topic/status (/datum/world_topic/status): TryRun(/list (/list))
[2018-07-28 03:57:48.727] world: Topic("status", "212.237.9.101", null, null)
[2018-07-28 03:57:48.727] 
[2018-07-28 03:57:48.729] runtime error: Cannot read null.commit
[2018-07-28 03:57:48.729] proc name: Run (/datum/world_topic/status/Run)
[2018-07-28 03:57:48.729]   source file: world_topic.dm,151
[2018-07-28 03:57:48.729]   usr: null
[2018-07-28 03:57:48.729]   src: /datum/world_topic/status (/datum/world_topic/status)
[2018-07-28 03:57:48.729]   call stack:
[2018-07-28 03:57:48.729] /datum/world_topic/status (/datum/world_topic/status): Run(/list (/list))
[2018-07-28 03:57:48.729] /datum/world_topic/status (/datum/world_topic/status): TryRun(/list (/list))
[2018-07-28 03:57:48.729] world: Topic("status", "212.237.9.101", null, null)
[2018-07-28 03:57:48.729] 
[2018-07-28 03:57:48.730] runtime error: bad index
[2018-07-28 03:57:48.730] proc name: Get (/datum/controller/configuration/proc/Get)
[2018-07-28 03:57:48.730]   source file: configuration.dm,178
[2018-07-28 03:57:48.730]   usr: null
[2018-07-28 03:57:48.730]   src: Configuration (/datum/controller/configuration)
[2018-07-28 03:57:48.730]   call stack:
[2018-07-28 03:57:48.730] Configuration (/datum/controller/configuration): Get(/datum/config_entry/flag/log_w... (/datum/config_entry/flag/log_world_topic))
[2018-07-28 03:57:48.730] world: Topic("status", "212.237.9.101", null, null)
[2018-07-28 03:57:48.730] 
[2018-07-28 03:57:48.731] runtime error: bad index
[2018-07-28 03:57:48.731] proc name: Get (/datum/controller/configuration/proc/Get)
[2018-07-28 03:57:48.731]   source file: configuration.dm,178
[2018-07-28 03:57:48.731]   usr: null
[2018-07-28 03:57:48.731]   src: Configuration (/datum/controller/configuration)
[2018-07-28 03:57:48.731]   call stack:
[2018-07-28 03:57:48.731] Configuration (/datum/controller/configuration): Get(/datum/config_entry/string/com... (/datum/config_entry/string/comms_key))
[2018-07-28 03:57:48.731] /datum/world_topic/status (/datum/world_topic/status): TryRun(/list (/list))
[2018-07-28 03:57:48.731] world: Topic("status", "212.237.9.101", null, null)
[2018-07-28 03:57:48.731] 
[2018-07-28 03:57:48.733] runtime error: bad index
[2018-07-28 03:57:48.733] proc name: Get (/datum/controller/configuration/proc/Get)
[2018-07-28 03:57:48.733]   source file: configuration.dm,178
[2018-07-28 03:57:48.733]   usr: null
[2018-07-28 03:57:48.733]   src: Configuration (/datum/controller/configuration)
[2018-07-28 03:57:48.733]   call stack:
[2018-07-28 03:57:48.733] Configuration (/datum/controller/configuration): Get(/datum/config_entry/flag/nores... (/datum/config_entry/flag/norespawn))
[2018-07-28 03:57:48.733] /datum/world_topic/status (/datum/world_topic/status): Run(/list (/list))
[2018-07-28 03:57:48.733] /datum/world_topic/status (/datum/world_topic/status): TryRun(/list (/list))
[2018-07-28 03:57:48.733] world: Topic("status", "212.237.9.101", null, null)
[2018-07-28 03:57:48.733] 
[2018-07-28 03:57:48.734] runtime error: bad index
[2018-07-28 03:57:48.734] proc name: Get (/datum/controller/configuration/proc/Get)
[2018-07-28 03:57:48.734]   source file: configuration.dm,178
[2018-07-28 03:57:48.734]   usr: null
[2018-07-28 03:57:48.734]   src: Configuration (/datum/controller/configuration)
[2018-07-28 03:57:48.734]   call stack:
[2018-07-28 03:57:48.734] Configuration (/datum/controller/configuration): Get(/datum/config_entry/flag/allow... (/datum/config_entry/flag/allow_vote_mode))
[2018-07-28 03:57:48.734] /datum/world_topic/status (/datum/world_topic/status): Run(/list (/list))
[2018-07-28 03:57:48.734] /datum/world_topic/status (/datum/world_topic/status): TryRun(/list (/list))
[2018-07-28 03:57:48.734] world: Topic("status", "212.237.9.101", null, null)
[2018-07-28 03:57:48.734] 
[2018-07-28 03:57:48.734] runtime error: bad index
[2018-07-28 03:57:48.734] proc name: Get (/datum/controller/configuration/proc/Get)
[2018-07-28 03:57:48.734]   source file: configuration.dm,178
[2018-07-28 03:57:48.734] 
[2018-07-28 03:57:48.735] runtime error: Cannot read null.commit
[2018-07-28 03:57:48.735] proc name: Run (/datum/world_topic/status/Run)
[2018-07-28 03:57:48.735]   source file: world_topic.dm,151
[2018-07-28 03:57:48.735] 
[2018-07-28 03:57:48.736] runtime error: bad index
[2018-07-28 03:57:48.736] proc name: Get (/datum/controller/configuration/proc/Get)
[2018-07-28 03:57:48.736]   source file: configuration.dm,178
[2018-07-28 03:57:48.736] 
[2018-07-28 03:57:48.736] runtime error: bad index
[2018-07-28 03:57:48.736] proc name: Get (/datum/controller/configuration/proc/Get)
[2018-07-28 03:57:48.736]   source file: configuration.dm,178
[2018-07-28 03:57:48.736] 
[2018-07-28 03:57:48.737] runtime error: bad index
[2018-07-28 03:57:48.737] proc name: Get (/datum/controller/configuration/proc/Get)
[2018-07-28 03:57:48.737]   source file: configuration.dm,178
[2018-07-28 03:57:48.737] 
[2018-07-28 03:57:48.737] runtime error: bad index
[2018-07-28 03:57:48.737] proc name: Get (/datum/controller/configuration/proc/Get)
[2018-07-28 03:57:48.737]   source file: configuration.dm,178
[2018-07-28 03:57:48.737] 
[2018-07-28 03:57:48.738] runtime error: bad index
[2018-07-28 03:57:48.738] proc name: Get (/datum/controller/configuration/proc/Get)
[2018-07-28 03:57:48.738]   source file: configuration.dm,178
[2018-07-28 03:57:48.738] 
[2018-07-28 03:57:48.738] runtime error: Cannot read null.commit
[2018-07-28 03:57:48.738] proc name: Run (/datum/world_topic/status/Run)
[2018-07-28 03:57:48.738]   source file: world_topic.dm,151
[2018-07-28 03:57:48.738] 
[2018-07-28 03:57:48.739] runtime error: bad index
[2018-07-28 03:57:48.739] proc name: Get (/datum/controller/configuration/proc/Get)
[2018-07-28 03:57:48.739]   source file: configuration.dm,178
[2018-07-28 03:57:48.739] 
[2018-07-28 03:57:48.739] runtime error: bad index
[2018-07-28 03:57:48.739] proc name: Get (/datum/controller/configuration/proc/Get)
[2018-07-28 03:57:48.739]   source file: configuration.dm,178
[2018-07-28 03:57:48.739] 
[2018-07-28 03:57:48.740] runtime error: bad index
[2018-07-28 03:57:48.740] proc name: Get (/datum/controller/configuration/proc/Get)
[2018-07-28 03:57:48.740]   source file: configuration.dm,178
[2018-07-28 03:57:48.740] 
[2018-07-28 03:57:48.740] runtime error: bad index
[2018-07-28 03:57:48.740] proc name: Get (/datum/controller/configuration/proc/Get)
[2018-07-28 03:57:48.740]   source file: configuration.dm,178
[2018-07-28 03:57:48.740] 
[2018-07-28 03:57:48.741] runtime error: bad index
[2018-07-28 03:57:48.741] proc name: Get (/datum/controller/configuration/proc/Get)
[2018-07-28 03:57:48.741]   source file: configuration.dm,178
[2018-07-28 03:57:48.741] 
[2018-07-28 03:57:48.741] runtime error: Cannot read null.commit
[2018-07-28 03:57:48.741] proc name: Run (/datum/world_topic/status/Run)
[2018-07-28 03:57:48.741]   source file: world_topic.dm,151
[2018-07-28 03:57:48.741] 
[2018-07-28 03:57:48.827] Running /tg/ revision:
[2018-07-28 03:57:48.828] e37a055cd0cdc509812833ddeea4f2e1885abca6: 2018-07-24
[2018-07-28 03:57:48.829] runtime error: list index out of bounds
[2018-07-28 03:57:48.829] proc name: New (/datum/getrev/New)
[2018-07-28 03:57:48.829]   source file: getrev.dm,23
[2018-07-28 03:57:48.829] 
[2018-07-28 03:57:48.839] Loading config file config.txt...
[2018-07-28 03:57:48.840] Loading config file game_options.txt...
[2018-07-28 03:57:48.842] Unknown setting in configuration: 'w##'
[2018-07-28 03:57:48.845] Failed to validate setting "DOUBLE_AGENTS 20" for min_pop
[2018-07-28 03:57:48.845] Failed to validate setting "DOUBLE_AGENTS -1" for max_pop
[2018-07-28 03:57:48.849] Loading config file dbconfig.txt...
[2018-07-28 03:57:48.850] Loading config file comms.txt...
[2018-07-28 03:57:48.854] Loading config file maps.txt...
[2018-07-28 03:57:49.019] Database connection established.
[2018-07-28 03:57:49.051] SQL: Could not get schema version from database
