

Starting up round ID 405. 21:42:20
---------------------
jane123 \ Samantha Warren \ Medical Doctor \ NONE \ ROUNDSTART
lotionabuse \ Barry Lotionion \ Medical Doctor \ NONE \ ROUNDSTART
froglegsofkekistan \ Popeye Spinachson \ Shaft Miner \ NONE \ ROUNDSTART
ilef \ Silence \ AI \ NONE \ ROUNDSTART
asciisquid \ Trades-The-Goods \ Chaplain \ NONE \ ROUNDSTART
robbierotten \ Ziahri Suraheok \ Roboticist \ NONE \ ROUNDSTART
beckyvissarionovich \ Becky Vissarionovich \ Captain \ NONE \ ROUNDSTART
babahuhu \ Leonel Rockwell \ Security Officer \ NONE \ ROUNDSTART
Skubblers \ Zachariah Matthews \ Head of Security \ NONE \ LATEJOIN
Kyutness \ Quinn Terrance \ Scientist \ NONE \ LATEJOIN
SkatesMcGates \ Johnny Westside \ Chief Medical Officer \ NONE \ LATEJOIN
Datmanisdumb \ Bubbles \ Clown \ NONE \ LATEJOIN
SpecialtyHeadaches \ Nathan Mays \ Shaft Miner \ NONE \ LATEJOIN
Toned Mcstone \ Cindy Kate \ Bartender \ NONE \ LATEJOIN
BeerBears \ Johnny Banana \ Detective \ NONE \ LATEJOIN
MlgDatBoiWEW \ Kylee Vasilyev \ Head of Personnel \ NONE \ LATEJOIN
ImNotTraitor \ Jadon Lloyd \ Station Engineer \ NONE \ LATEJOIN
Dnexus \ Tends-the-Garden \ Botanist \ NONE \ LATEJOIN
JaxonMaxx \ Pantomime \ Mime \ NONE \ LATEJOIN
Guest-550876442 \ Nan Hayhurst \ Warden \ NONE \ LATEJOIN
DarkVaderV2 \ Charles H. Swanson \ Atmospheric Technician \ NONE \ LATEJOIN
