[2018-09-01 06:36:37.810] Starting up round ID 2148.
[2018-09-01 06:36:37.810] -------------------------
[2018-09-01 06:36:39.738] Initialized Database subsystem within 0 seconds!
[2018-09-01 06:36:39.738] Initialized Blackbox subsystem within 0 seconds!
[2018-09-01 06:36:39.738] Initialized Server Tasks subsystem within 0 seconds!
[2018-09-01 06:36:39.739] Initialized Input subsystem within 0 seconds!
[2018-09-01 06:36:39.774] Initialized Research subsystem within 0 seconds!
[2018-09-01 06:36:39.779] Initialized Events subsystem within 0 seconds!
[2018-09-01 06:36:39.782] Initialized Jobs subsystem within 0 seconds!
[2018-09-01 06:36:39.784] Initialized Quirks subsystem within 0 seconds!
[2018-09-01 06:36:39.794] Initialized Ticker subsystem within 0 seconds!
[2018-09-01 06:36:39.795] Loading Box Station...
[2018-09-01 06:36:45.245] Loaded Station in 5.5s!
[2018-09-01 06:36:50.738] Loaded Lavaland in 5.2s!
[2018-09-01 06:37:02.013] Ruin loader finished with 0 left to spend.
[2018-09-01 06:37:04.166] Ruin loader finished with 0 left to spend.
[2018-09-01 06:37:05.707] Initialized Mapping subsystem within 26 seconds!
[2018-09-01 06:37:05.715] Initialized Networks subsystem within 0 seconds!
[2018-09-01 06:37:57.624] Initialized Atoms subsystem within 51.9 seconds!
[2018-09-01 06:37:57.642] Initialized Language subsystem within 0 seconds!
[2018-09-01 06:37:58.079] Initialized Machines subsystem within 0.4 seconds!
[2018-09-01 06:37:58.287] Initialized Circuit subsystem within 0 seconds!
[2018-09-01 06:37:58.289] Initialized Disease subsystem within 0 seconds!
[2018-09-01 06:37:58.290] Initialized Medals subsystem within 0 seconds!
[2018-09-01 06:37:58.290] Initialized Night Shift subsystem within 0 seconds!
[2018-09-01 06:37:58.290] Initialized Parallax subsystem within 0 seconds!
[2018-09-01 06:37:58.440] Initialized Traumas subsystem within 0.2 seconds!
[2018-09-01 06:37:58.442] Initialized Weather subsystem within 0 seconds!
[2018-09-01 06:38:07.522] Initialized Atmospherics subsystem within 9.1 seconds!
[2018-09-01 06:38:07.540] Initialized Minimap subsystem within 0 seconds!
[2018-09-01 06:38:09.957] Initialized Assets subsystem within 2.4 seconds!
[2018-09-01 06:38:18.546] Initialized Icon Smoothing subsystem within 8.6 seconds!
[2018-09-01 06:38:20.734] Initialized Overlay subsystem within 2.2 seconds!
[2018-09-01 06:38:20.734] Initialized XKeyScore subsystem within 0 seconds!
[2018-09-01 06:38:20.735] Initialized Sticky Ban subsystem within 0 seconds!
[2018-09-01 06:38:39.424] Initialized Lighting subsystem within 18.7 seconds!
[2018-09-01 06:38:44.136] Initialized Shuttle subsystem within 4.7 seconds!
[2018-09-01 06:38:44.176] Initialized Squeak subsystem within 0 seconds!
[2018-09-01 06:38:44.178] Initialized Pathfinder subsystem within 0 seconds!
[2018-09-01 06:38:44.231] Loaded 20 engraved messages on map Box Station
[2018-09-01 06:38:44.244] Initialized Persistence subsystem within 0.1 seconds!
[2018-09-01 06:38:44.245] Initializations complete within 124.5 seconds!
[2018-09-01 06:40:04.914] Game start took 1.5s
[2018-09-01 07:06:09.384] runtime error: addtimer called with a callback assigned to a qdeleted object. In the future such timers will not be supported and may refuse to run or run with a 0 wait
[2018-09-01 07:06:09.384] proc name: stack trace (/proc/stack_trace)
[2018-09-01 07:06:09.385]   source file: unsorted.dm,1166
[2018-09-01 07:06:09.385]   usr: Rachiplusia Rufulosa (/mob/living/carbon/human)
[2018-09-01 07:06:09.385]   src: null
[2018-09-01 07:06:09.385]   usr.loc: the floor (123,125,2) (/turf/open/floor/wood)
[2018-09-01 07:06:09.385]   call stack:
[2018-09-01 07:06:09.385] stack trace("addtimer called with a callbac...")
[2018-09-01 07:06:09.385] addtimer(/datum/callback (/datum/callback), 20, 0)
[2018-09-01 07:06:09.385] /datum/effect_system/spark_spr... (/datum/effect_system/spark_spread): generate effect()
[2018-09-01 07:06:09.385] world: ImmediateInvokeAsync(/datum/effect_system/spark_spr... (/datum/effect_system/spark_spread), /datum/effect_system/proc/gene... (/datum/effect_system/proc/generate_effect))
[2018-09-01 07:06:09.385] 
[2018-09-01 07:06:09.386] runtime error: addtimer called with a callback assigned to a qdeleted object. In the future such timers will not be supported and may refuse to run or run with a 0 wait
[2018-09-01 07:06:09.386] proc name: stack trace (/proc/stack_trace)
[2018-09-01 07:06:09.386]   source file: unsorted.dm,1166
[2018-09-01 07:06:09.386]   usr: Rachiplusia Rufulosa (/mob/living/carbon/human)
[2018-09-01 07:06:09.386]   src: null
[2018-09-01 07:06:09.386]   usr.loc: the floor (123,125,2) (/turf/open/floor/wood)
[2018-09-01 07:06:09.386]   call stack:
[2018-09-01 07:06:09.386] stack trace("addtimer called with a callbac...")
[2018-09-01 07:06:09.386] addtimer(/datum/callback (/datum/callback), 20, 0)
[2018-09-01 07:06:09.386] /datum/effect_system/spark_spr... (/datum/effect_system/spark_spread): generate effect()
[2018-09-01 07:06:09.386] world: ImmediateInvokeAsync(/datum/effect_system/spark_spr... (/datum/effect_system/spark_spread), /datum/effect_system/proc/gene... (/datum/effect_system/proc/generate_effect))
[2018-09-01 07:06:09.386] 
