[2018-07-27 00:32:56.623] Starting up round ID 1739.
[2018-07-27 00:32:56.623] -------------------------
[2018-07-27 00:32:57.686] Initialized Database subsystem within 0 seconds!
[2018-07-27 00:32:57.687] Initialized Blackbox subsystem within 0 seconds!
[2018-07-27 00:32:57.687] Initialized Server Tasks subsystem within 0 seconds!
[2018-07-27 00:32:57.688] Initialized Input subsystem within 0 seconds!
[2018-07-27 00:32:57.736] Initialized Research subsystem within 0.1 seconds!
[2018-07-27 00:32:57.740] Initialized Events subsystem within 0 seconds!
[2018-07-27 00:32:57.746] Initialized Jobs subsystem within 0 seconds!
[2018-07-27 00:32:57.746] Initialized Quirks subsystem within 0 seconds!
[2018-07-27 00:32:57.755] Initialized Ticker subsystem within 0 seconds!
[2018-07-27 00:32:57.756] Loading Delta Station...
[2018-07-27 00:33:23.107] Loaded Station in 25.4s!
[2018-07-27 00:33:30.569] Loaded Lavaland in 6.5s!
[2018-07-27 00:33:47.942] Ruin loader finished with 0 left to spend.
[2018-07-27 00:33:49.453] Ruin loader finished with 0 left to spend.
[2018-07-27 00:34:00.059] Initialized Mapping subsystem within 62.3 seconds!
[2018-07-27 00:34:00.061] Initialized Networks subsystem within 0 seconds!
[2018-07-27 00:34:05.876] ### VarEdit by Qwertyquerty/(Qwertyquerty): /turf/closed/indestructible/splashscreen icon=config/title_screens/images/glitch.dmi => image-19.jpg
[2018-07-27 00:34:54.415] Initialized Atoms subsystem within 54.4 seconds!
[2018-07-27 00:34:54.436] Initialized Language subsystem within 0 seconds!
[2018-07-27 00:34:55.833] Initialized Machines subsystem within 1.4 seconds!
[2018-07-27 00:34:55.982] Initialized Circuit subsystem within 0 seconds!
[2018-07-27 00:34:55.985] Initialized Disease subsystem within 0 seconds!
[2018-07-27 00:34:55.985] Initialized Medals subsystem within 0 seconds!
[2018-07-27 00:34:55.986] Initialized Night Shift subsystem within 0 seconds!
[2018-07-27 00:34:55.987] Initialized Parallax subsystem within 0 seconds!
[2018-07-27 00:34:56.115] Initialized Traumas subsystem within 0.2 seconds!
[2018-07-27 00:34:56.117] Initialized Weather subsystem within 0 seconds!
[2018-07-27 00:36:16.740] Initialized Atmospherics subsystem within 80.6 seconds!
[2018-07-27 00:36:16.788] Initialized Minimap subsystem within 0 seconds!
[2018-07-27 00:36:18.876] Initialized Assets subsystem within 2.1 seconds!
[2018-07-27 00:36:20.942] [2018-07-27 00:36:41] Client: BuckyBoy triggered JS error: Error: The URI to be decoded is not a valid encoding | url: http://127.0.0.1:54001/tmp3032/browserOutput.js | line: 161 | column: 2 | error: URIError: The URI to be decoded is not a valid encoding | user agent: Mozilla/4.0 (compatible; MSIE 7.0; Windows NT 6.2; WOW64; Trident/7.0; .NET4.0C; .NET4.0E; .NET CLR 2.0.50727; .NET CLR 3.0.30729; .NET CLR 3.5.30729)
[2018-07-27 00:36:20.942] [2018-07-27 00:36:41] Client: Infinitys true end triggered JS error: Error: The URI to be decoded is not a valid encoding | url: http://127.0.0.1:60321/tmp23964/browserOutput.js | line: 161 | column: 2 | error: URIError: The URI to be decoded is not a valid encoding | user agent: Mozilla/4.0 (compatible; MSIE 7.0; Windows NT 6.2; WOW64; Trident/7.0; .NET4.0C; .NET4.0E; .NET CLR 2.0.50727; .NET CLR 3.0.30729; .NET CLR 3.5.30729)
[2018-07-27 00:36:20.942] [2018-07-27 00:36:41] Client: Lorenzo Heinz triggered JS error: Error: El identificador URI para descodificar no tiene una codificación válida | url: http://127.0.0.1:64165/tmp6476/browserOutput.js | line: 161 | column: 2 | error: URIError: El identificador URI para descodificar no tiene una codificación válida | user agent: Mozilla/4.0 (compatible; MSIE 7.0; Windows NT 6.1; WOW64; Trident/7.0; SLCC2; .NET CLR 2.0.50727; .NET CLR 3.5.30729; .NET CLR 3.0.30729; Media Center PC 6.0; .NET4.0C; .NET4.0E; InfoPath.3; GWX:DOWNLOADED)
[2018-07-27 00:36:20.943] [2018-07-27 00:36:41] Client: GreenTea98 triggered JS error: Error: The URI to be decoded is not a valid encoding | url: http://127.0.0.1:56930/tmp11352/browserOutput.js | line: 161 | column: 2 | error: URIError: The URI to be decoded is not a valid encoding | user agent: Mozilla/4.0 (compatible; MSIE 7.0; Windows NT 6.2; WOW64; Trident/7.0; .NET4.0C; .NET4.0E; .NET CLR 2.0.50727; .NET CLR 3.0.30729; .NET CLR 3.5.30729)
[2018-07-27 00:36:20.943] [2018-07-27 00:36:41] Client: Goobwallace triggered JS error: Error: The URI to be decoded is not a valid encoding | url: http://127.0.0.1:17480/tmp13756/browserOutput.js | line: 161 | column: 2 | error: URIError: The URI to be decoded is not a valid encoding | user agent: Mozilla/4.0 (compatible; MSIE 7.0; Windows NT 6.2; WOW64; Trident/7.0; .NET4.0C; .NET4.0E; .NET CLR 2.0.50727; .NET CLR 3.0.30729; .NET CLR 3.5.30729; InfoPath.3)
[2018-07-27 00:36:20.943] [2018-07-27 00:36:41] Client: Drunkenpeasant triggered JS error: Error: The URI to be decoded is not a valid encoding | url: http://127.0.0.1:2360/tmp8284/browserOutput.js | line: 161 | column: 2 | error: URIError: The URI to be decoded is not a valid encoding | user agent: Mozilla/4.0 (compatible; MSIE 7.0; Windows NT 6.2; WOW64; Trident/7.0; .NET4.0C; .NET4.0E; .NET CLR 2.0.50727; .NET CLR 3.0.30729; .NET CLR 3.5.30729)
[2018-07-27 00:36:20.943] [2018-07-27 00:36:41] Client: SuperbDingaling triggered JS error: Error: The URI to be decoded is not a valid encoding | url: http://127.0.0.1:54809/tmp12232/browserOutput.js | line: 161 | column: 2 | error: URIError: The URI to be decoded is not a valid encoding | user agent: Mozilla/4.0 (compatible; MSIE 7.0; Windows NT 6.2; WOW64; Trident/7.0; .NET4.0C; .NET4.0E; .NET CLR 2.0.50727; .NET CLR 3.0.30729; .NET CLR 3.5.30729; ASTE)
[2018-07-27 00:36:20.943] [2018-07-27 00:36:41] Client: Dinnrguy triggered JS error: Error: The URI to be decoded is not a valid encoding | url: http://127.0.0.1:61783/tmp16568/browserOutput.js | line: 161 | column: 2 | error: URIError: The URI to be decoded is not a valid encoding | user agent: Mozilla/4.0 (compatible; MSIE 7.0; Windows NT 6.2; WOW64; Trident/7.0; .NET4.0C; .NET4.0E; .NET CLR 2.0.50727; .NET CLR 3.0.30729; .NET CLR 3.5.30729)
[2018-07-27 00:36:20.943] [2018-07-27 00:36:41] Client: Frontline03 triggered JS error: Error: The URI to be decoded is not a valid encoding | url: http://127.0.0.1:50129/tmp12500/browserOutput.js | line: 161 | column: 2 | error: URIError: The URI to be decoded is not a valid encoding | user agent: Mozilla/4.0 (compatible; MSIE 7.0; Windows NT 6.2; WOW64; Trident/7.0; .NET4.0C; .NET4.0E; .NET CLR 2.0.50727; .NET CLR 3.0.30729; .NET CLR 3.5.30729)
[2018-07-27 00:36:20.944] [2018-07-27 00:36:41] Client: InternetDweller triggered JS error: Error: The URI to be decoded is not a valid encoding | url: http://127.0.0.1:56746/tmp1700/browserOutput.js | line: 161 | column: 2 | error: URIError: The URI to be decoded is not a valid encoding | user agent: Mozilla/4.0 (compatible; MSIE 7.0; Windows NT 6.2; WOW64; Trident/7.0; .NET4.0C; .NET4.0E; .NET CLR 2.0.50727; .NET CLR 3.0.30729; .NET CLR 3.5.30729)
[2018-07-27 00:36:20.944] [2018-07-27 00:36:41] Client: Qwertyquerty triggered JS error: Error: The URI to be decoded is not a valid encoding | url: http://127.0.0.1:54829/tmp7560/browserOutput.js | line: 161 | column: 2 | error: URIError: The URI to be decoded is not a valid encoding | user agent: Mozilla/4.0 (compatible; MSIE 7.0; Windows NT 6.2; WOW64; Trident/7.0; .NET4.0C; .NET4.0E; .NET CLR 2.0.50727; .NET CLR 3.0.30729; .NET CLR 3.5.30729; Tablet PC 2.0; Zoom 3.6.0)
[2018-07-27 00:36:21.204] [2018-07-27 00:36:41] Client: FunkieBaby triggered JS error: Error: The URI to be decoded is not a valid encoding | url: http://127.0.0.1:56063/tmp17668/browserOutput.js | line: 161 | column: 2 | error: URIError: The URI to be decoded is not a valid encoding | user agent: Mozilla/4.0 (compatible; MSIE 7.0; Windows NT 6.1; WOW64; Trident/7.0; SLCC2; .NET CLR 2.0.50727; .NET CLR 3.5.30729; .NET CLR 3.0.30729; Media Center PC 6.0; .NET4.0C; .NET4.0E)
[2018-07-27 00:36:21.204] [2018-07-27 00:36:41] Client: AzlanonPc triggered JS error: Error: El identificador URI para descodificar no tiene una codificación válida | url: http://127.0.0.1:51185/tmp10548/browserOutput.js | line: 161 | column: 2 | error: URIError: El identificador URI para descodificar no tiene una codificación válida | user agent: Mozilla/4.0 (compatible; MSIE 7.0; Windows NT 6.1; WOW64; Trident/7.0; SLCC2; .NET CLR 2.0.50727; .NET CLR 3.5.30729; .NET CLR 3.0.30729; Media Center PC 6.0; InfoPath.3; .NET4.0C; .NET4.0E)
[2018-07-27 00:36:21.205] [2018-07-27 00:36:41] Client: Mynameajeff triggered JS error: Error: The URI to be decoded is not a valid encoding | url: http://127.0.0.1:57650/tmp8960/browserOutput.js | line: 161 | column: 2 | error: URIError: The URI to be decoded is not a valid encoding | user agent: Mozilla/4.0 (compatible; MSIE 7.0; Windows NT 6.2; WOW64; Trident/7.0; .NET4.0C; .NET4.0E; .NET CLR 2.0.50727; .NET CLR 3.0.30729; .NET CLR 3.5.30729)
[2018-07-27 00:36:21.205] [2018-07-27 00:36:41] Client: Caracol triggered JS error: Error: O URI a ser decodificado não é uma codificação válida | url: http://127.0.0.1:58559/tmp6876/browserOutput.js | line: 161 | column: 2 | error: URIError: O URI a ser decodificado não é uma codificação válida | user agent: Mozilla/4.0 (compatible; MSIE 7.0; Windows NT 6.2; WOW64; Trident/7.0; .NET4.0C; .NET4.0E; .NET CLR 2.0.50727; .NET CLR 3.0.30729; .NET CLR 3.5.30729; InfoPath.3)
[2018-07-27 00:36:21.459] [2018-07-27 00:36:41] Client: I like D0nUts triggered JS error: Error: El identificador URI para descodificar no tiene una codificación válida | url: http://127.0.0.1:52528/tmp3788/browserOutput.js | line: 161 | column: 2 | error: URIError: El identificador URI para descodificar no tiene una codificación válida | user agent: Mozilla/4.0 (compatible; MSIE 7.0; Windows NT 6.1; WOW64; Trident/7.0; SLCC2; .NET CLR 2.0.50727; .NET CLR 3.5.30729; .NET CLR 3.0.30729; Media Center PC 6.0; .NET4.0C; .NET4.0E; InfoPath.3)
[2018-07-27 00:36:27.060] Initialized Icon Smoothing subsystem within 8.2 seconds!
[2018-07-27 00:36:29.048] Initialized Overlay subsystem within 2 seconds!
[2018-07-27 00:36:29.049] Initialized XKeyScore subsystem within 0 seconds!
[2018-07-27 00:36:29.050] Initialized Sticky Ban subsystem within 0 seconds!
[2018-07-27 00:36:47.956] Initialized Lighting subsystem within 18.9 seconds!
[2018-07-27 00:36:51.490] Initialized Shuttle subsystem within 3.5 seconds!
[2018-07-27 00:36:51.525] Initialized Squeak subsystem within 0.1 seconds!
[2018-07-27 00:36:51.527] Initialized Pathfinder subsystem within 0 seconds!
[2018-07-27 00:36:51.575] Loaded 0 engraved messages on map Delta Station
[2018-07-27 00:36:51.605] Initialized Persistence subsystem within 0.1 seconds!
[2018-07-27 00:36:51.606] Initializations complete within 234 seconds!
[2018-07-27 00:37:59.062] Game start took 3.5s
[2018-07-27 00:41:24.214] ### MAP WARNING, Mining Shuttle Airlock at Mining Shuttle (54, 36, 5) failed to find a valid airlock to cyclelink with!
[2018-07-27 00:51:10.413] ### MAP WARNING, Mining Shuttle Airlock at Mining Shuttle (162, 47, 12) failed to find a valid airlock to cyclelink with!
[2018-07-27 00:51:47.080] ### MAP WARNING, Mining Shuttle Airlock at Mining Shuttle (54, 36, 5) failed to find a valid airlock to cyclelink with!
[2018-07-27 00:55:06.110] ### MAP WARNING, Mining Shuttle Airlock at Mining Shuttle (229, 47, 12) failed to find a valid airlock to cyclelink with!
[2018-07-27 00:59:31.984] ### MAP WARNING, Mining Shuttle Airlock at Mining Shuttle (54, 36, 5) failed to find a valid airlock to cyclelink with!
[2018-07-27 01:10:40.795] ### MAP WARNING, Mining Shuttle Airlock at Mining Shuttle (37, 52, 12) failed to find a valid airlock to cyclelink with!
[2018-07-27 01:26:19.428] Saved 0 engraved messages on map Delta Station
[2018-07-27 01:27:34.963] runtime error: Cannot read null.species
[2018-07-27 01:27:34.963] proc name: handle environment (/mob/living/carbon/human/handle_environment)
[2018-07-27 01:27:34.963]   source file: life.dm,112
[2018-07-27 01:27:34.963] 
[2018-07-27 01:27:34.963] runtime error: Cannot read null.species
[2018-07-27 01:27:34.963] proc name: mob negates gravity (/mob/living/carbon/human/mob_negates_gravity)
[2018-07-27 01:27:34.963]   source file: human_movement.dm,35
[2018-07-27 01:27:34.963] 
[2018-07-27 01:27:34.964] runtime error: Cannot read null.mutations
[2018-07-27 01:27:34.964] proc name: handle active genes (/mob/living/carbon/human/proc/handle_active_genes)
[2018-07-27 01:27:34.964]   source file: life.dm,299
[2018-07-27 01:27:34.964] 
[2018-07-27 01:27:34.964] runtime error: Cannot execute null.handle fall().
[2018-07-27 01:27:34.964] proc name: fall (/mob/living/carbon/fall)
[2018-07-27 01:27:34.964]   source file: carbon.dm,243
[2018-07-27 01:27:34.964] 
[2018-07-27 01:27:34.965] runtime error: Cannot read null.species
[2018-07-27 01:27:34.965] proc name: Unconscious (/mob/living/carbon/human/Unconscious)
[2018-07-27 01:27:34.965]   source file: status_procs.dm,11
[2018-07-27 01:27:34.965] 
[2018-07-27 01:27:34.965] runtime error: Cannot execute null.handle fall().
[2018-07-27 01:27:34.965] proc name: fall (/mob/living/carbon/fall)
[2018-07-27 01:27:34.965]   source file: carbon.dm,243
[2018-07-27 01:27:34.965] 
[2018-07-27 01:27:34.965] runtime error: Cannot read null.species
[2018-07-27 01:27:34.965] proc name: Life (/mob/living/carbon/human/Life)
[2018-07-27 01:27:34.965]   source file: life.dm,40
[2018-07-27 01:27:34.965] 
[2018-07-27 01:27:57.141] Shutting down Persistence subsystem...
[2018-07-27 01:27:57.142] Shutting down Pathfinder subsystem...
[2018-07-27 01:27:57.142] Shutting down Squeak subsystem...
[2018-07-27 01:27:57.142] Shutting down Shuttle subsystem...
[2018-07-27 01:27:57.142] Shutting down Lighting subsystem...
[2018-07-27 01:27:57.142] Shutting down XKeyScore subsystem...
[2018-07-27 01:27:57.142] Shutting down Sticky Ban subsystem...
[2018-07-27 01:27:57.143] Shutting down Overlay subsystem...
[2018-07-27 01:27:57.189] Shutting down Icon Smoothing subsystem...
[2018-07-27 01:27:57.189] Shutting down Assets subsystem...
[2018-07-27 01:27:57.189] Shutting down Minimap subsystem...
[2018-07-27 01:27:57.189] Shutting down Atmospherics subsystem...
[2018-07-27 01:27:57.190] Shutting down Wet floors subsystem...
[2018-07-27 01:27:57.190] Shutting down Weather subsystem...
[2018-07-27 01:27:57.190] Shutting down Vote subsystem...
[2018-07-27 01:27:57.190] Shutting down Traumas subsystem...
[2018-07-27 01:27:57.190] Shutting down Title Screen subsystem...
[2018-07-27 01:27:57.191] Shutting down Time Tracking subsystem...
[2018-07-27 01:27:57.191] Shutting down Throwing subsystem...
[2018-07-27 01:27:57.192] Shutting down tgui subsystem...
[2018-07-27 01:27:57.192] Shutting down Sun subsystem...
[2018-07-27 01:27:57.192] Shutting down Space Drift subsystem...
[2018-07-27 01:27:57.192] Shutting down Religion subsystem...
[2018-07-27 01:27:57.192] Shutting down Radio subsystem...
[2018-07-27 01:27:57.192] Shutting down Radiation subsystem...
[2018-07-27 01:27:57.192] Shutting down Projectiles subsystem...
[2018-07-27 01:27:57.193] Shutting down Processing subsystem...
[2018-07-27 01:27:57.193] Shutting down Ping subsystem...
[2018-07-27 01:27:57.193] Shutting down Parallax subsystem...
[2018-07-27 01:27:57.193] Shutting down pAI subsystem...
[2018-07-27 01:27:57.193] Shutting down Orbits subsystem...
[2018-07-27 01:27:57.193] Shutting down Objects subsystem...
[2018-07-27 01:27:57.194] Shutting down NPC Pool subsystem...
[2018-07-27 01:27:57.194] Shutting down Night Shift subsystem...
[2018-07-27 01:27:57.194] Shutting down Mood subsystem...
[2018-07-27 01:27:57.194] Shutting down Mobs subsystem...
[2018-07-27 01:27:57.194] Shutting down Medals subsystem...
[2018-07-27 01:27:57.194] Shutting down Idling NPC Pool subsystem...
[2018-07-27 01:27:57.194] Shutting down Fire Burning subsystem...
[2018-07-27 01:27:57.195] Shutting down Fields subsystem...
[2018-07-27 01:27:57.195] Shutting down Fast Processing subsystem...
[2018-07-27 01:27:57.195] Shutting down Disease subsystem...
[2018-07-27 01:27:57.195] Shutting down Datum Component System subsystem...
[2018-07-27 01:27:57.195] Shutting down Communications subsystem...
[2018-07-27 01:27:57.195] Shutting down Augury subsystem...
[2018-07-27 01:27:57.195] Shutting down Acid subsystem...
[2018-07-27 01:27:57.196] Shutting down Timer subsystem...
[2018-07-27 01:27:57.196] Shutting down Circuit subsystem...
[2018-07-27 01:27:57.196] Shutting down Machines subsystem...
[2018-07-27 01:27:57.196] Shutting down Language subsystem...
[2018-07-27 01:27:57.196] Shutting down Atoms subsystem...
[2018-07-27 01:27:57.197] Shutting down Networks subsystem...
[2018-07-27 01:27:57.197] Shutting down Mapping subsystem...
[2018-07-27 01:27:57.197] Shutting down Ticker subsystem...
[2018-07-27 01:27:57.328] Shutting down Quirks subsystem...
[2018-07-27 01:27:57.328] Shutting down Jobs subsystem...
[2018-07-27 01:27:57.329] Shutting down Events subsystem...
[2018-07-27 01:27:57.329] Shutting down Research subsystem...
[2018-07-27 01:27:57.329] Shutting down Input subsystem...
[2018-07-27 01:27:57.329] Shutting down Server Tasks subsystem...
[2018-07-27 01:27:57.329] Shutting down Blackbox subsystem...
[2018-07-27 01:27:57.503] Shutting down Database subsystem...
[2018-07-27 01:27:57.540] Shutting down Garbage subsystem...
[2018-07-27 01:27:57.654] Shutdown complete
[2018-07-27 01:27:57.654] World rebooted at 01:27:57
