

Starting up round ID 18. 00:30:37
---------------------
[00:30:37]GAME: Round ID: 18
[00:30:37]ADMIN: Loading Banlist
[00:30:38]ACCESS: Login: Clone305 from 71.183.82.80-3921279692 || BYOND v511
[00:30:38]ACCESS: Mob Login: Clone305/(Clone305) was assigned to a /mob/dead/new_player
[00:30:38]ACCESS: Login: Oakydoky from 71.183.82.172-3992574364 || BYOND v511
[00:30:38]ACCESS: Mob Login: Oakydoky/(Oakydoky) was assigned to a /mob/dead/new_player
[00:30:38]ACCESS: Login: TonyRavioli from 68.190.110.67-3110224072 || BYOND v512
[00:30:38]ACCESS: Mob Login: TonyRavioli/(TonyRavioli) was assigned to a /mob/dead/new_player
[00:30:38]ACCESS: Login: NeonGuardian from 67.83.9.173-1525442193 || BYOND v511
[00:30:38]ACCESS: Mob Login: NeonGuardian/(NeonGuardian) was assigned to a /mob/dead/new_player
[00:30:39]GAME: Saved mode is 'secret_extended'
[00:30:58]GAME: Hierophant's Arena loaded at at 23,181,5
[00:30:58]GAME: Blood-Drunk Miner loaded at at 113,97,5
[00:30:58]GAME: Makeshift Shelter loaded at at 121,162,5
[00:30:58]GAME: Survival Capsule Ruins loaded at at 81,128,5
[00:30:58]GAME: Ruin of Sloth loaded at at 67,141,5
[00:30:58]GAME: Animal Hospital loaded at at 75,171,5
[00:30:58]GAME: Biodome Clown Planet loaded at at 203,34,5
[00:30:58]GAME: Summoning Ritual loaded at at 198,200,5
[00:30:58]GAME: Xenomorph Nest loaded at at 137,84,5
[00:30:58]GAME: Biodome Winter loaded at at 70,57,5
[00:30:59]GAME: Asteroid 4 loaded at at 85,163,11
[00:30:59]GAME: Unnamed Turreted Outpost loaded at at 180,187,7
[00:30:59]GAME: Crashed Clown Ship loaded at at 103,114,11
[00:30:59]GAME: NT Medical Ship loaded at at 95,165,10
[00:30:59]GAME: Derelict 6 loaded at at 66,78,9
[00:30:59]GAME: Dinner for Two loaded at at 101,39,8
[00:30:59]GAME: Biological Storage Facility loaded at at 41,29,8
[00:30:59]GAME: Survivalist Bunker loaded at at 167,132,9
[00:30:59]GAME: Abandoned Teleporter loaded at at 64,147,9
[00:30:59]GAME: Whiteship Dock loaded at at 172,204,4
[00:30:59]GAME: A Giant Ball of Paper in Space loaded at at 109,183,3
[00:30:59]GAME: Salvation loaded at at 25,86,9
[00:31:00]GAME: Asteroid 5 loaded at at 48,46,11
[00:31:00]GAME: Derelict 5 loaded at at 33,106,8
[00:31:00]GAME: Derelict 1 loaded at at 73,165,8
[00:32:36]ACCESS: Logout: TonyRavioli/(TonyRavioli)
[00:32:37]GAME: fancy transport ferry loaded at at 115,146,1
[00:32:37]GAME: Box Station Emergency Shuttle loaded at at 116,137,1
[00:32:38]GAME: basic syndicate infiltrator loaded at at 113,137,1
[00:32:38]GAME: cargo ferry (Box) loaded at at 118,142,1
[00:32:39]GAME: arrival shuttle (Box) loaded at at 114,145,1
[00:32:39]GAME: mining shuttle (Box) loaded at at 119,145,1
[00:32:39]GAME: labour shuttle (Box) loaded at at 119,144,1
[00:32:40]GAME: NT Recovery Whiteship loaded at at 107,141,1
[00:34:02]SAY: Mjor the Creative/ : Rise, my creations! Jump off your pages and into this realm! (142,196,3)
[00:34:08]ACCESS: Mob Login: Clone305/(Alexa Focell) was assigned to a /mob/living/carbon/human
[00:34:08]ACCESS: Mob Login: Oakydoky/(Todd Meyers) was assigned to a /mob/living/carbon/human
[00:34:08]ACCESS: Mob Login: NeonGuardian/(Santiago Buttersworth) was assigned to a /mob/living/carbon/human
[00:34:13]SAY: Prison Ofitser/ : Engaging patrol mode. (23,36,5)
[00:34:13]SAY: Prison Ofitser/ : Disengaging patrol mode. (23,36,5)
[00:34:13]SAY: Officer Beepsky/ : Engaging patrol mode. (94,159,2)
[00:34:21]SAY: emergency Medibot/ : There&#39;s always a catch, and I&#39;m the best there is. (90,180,5)
[00:34:23]EMOTE: *no key*/(Paperwork) : <b>Paperwork</b> looks around sleepily. (79,122,2)
[00:34:23]SAY: Mjor the Creative/ : Rise, my creations! Jump off your pages and into this realm! (141,196,3)
[00:34:30]EMOTE: *no key*/(Poly) : <b>Poly</b> turns and flies towards the folder. (118,80,2)
[00:34:32]EMOTE: *no key*/(Runtime) : <b>Runtime</b> shivers. (160,110,2)
[00:34:34]EMOTE: *no key*/(crab) : <b>The crab</b> clacks. (43,32,8)
[00:34:40]SAY: mouse/ : Squeek? (95,90,2)
[00:34:46]SAY: Clown/ : HONK (224,64,5)
[00:34:48]SAY: Clown/ : Welcome to clown planet! (222,64,5)
[00:34:53]EMOTE: *no key*/(monkey (36)) : <b>The monkey (36)</b> waves her tail. (159,101,2)
[00:34:56]EMOTE: *no key*/(mouse) : <b>The mouse</b> squeeks. (165,136,2)
[00:35:02]SAY: mouse/ : Squeek! (60,154,2)
[00:35:07]EMOTE: *no key*/(monkey (954)) : <b>The monkey (954)</b> jumps! (157,100,2)
[00:35:14]SAY: Medibot/ : Radar, put a mask on! (154,73,1)
[00:35:15]EMOTE: *no key*/(monkey (610)) : <b>The monkey (610)</b> jumps! (161,118,2)
[00:35:24]EMOTE: *no key*/(mouse) : <b>The mouse</b> runs in a circle. (95,92,2)
[00:35:27]EMOTE: *no key*/(Ian) : <b>Ian</b> dances around. (105,121,2)
[00:35:28]SAY: Nobody's Perfect/ : I knew it, I should&#39;ve been a plastic surgeon. (24,75,1)
[00:35:28]SAY: Mjor the Creative/ : Rise, my creations! Jump off your pages and into this realm! (141,196,3)
[00:35:35]EMOTE: *no key*/(grey baby slime (655)) : <b>The grey baby slime (655)</b> bounces in place. (177,94,2)
[00:35:43]EMOTE: *no key*/(monkey (320)) : <b>The monkey (320)</b> waves his tail. (161,116,2)
[00:35:46]EMOTE: *no key*/(crab) : <b>The crab</b> clacks. (45,32,8)
[00:35:49]EMOTE: *no key*/(monkey (36)) : <b>The monkey (36)</b> scratches. (159,99,2)
[00:35:52]EMOTE: *no key*/(Poly) : <b>Poly</b> looks in the Power-ON cartridge's direction and takes flight. (115,79,2)
[00:36:05]EMOTE: *no key*/(monkey (634)) : <b>The monkey (634)</b> waves her tail. (160,119,2)
[00:36:14]EMOTE: *no key*/(mouse) : <b>The mouse</b> runs in a circle. (159,147,2)
[00:36:16]EMOTE: *no key*/(mouse) : <b>The mouse</b> squeeks. (81,83,2)
[00:36:16]EMOTE: *no key*/(mouse) : <b>The mouse</b> squeeks. (95,90,2)
[00:36:20]SAY: emergency Medibot/ : I knew it, I should&#39;ve been a plastic surgeon. (90,180,5)
[00:36:26]SAY: mouse/ : SQUEEK! (140,145,2)
[00:36:34]SAY: mouse/ : SQUEEK! (165,136,2)
[00:36:42]EMOTE: *no key*/(Paperwork) : <b>Paperwork</b> looks around sleepily. (80,124,2)
[00:36:49]EMOTE: *no key*/(Runtime) : <b>Runtime</b> twitches its whiskers. (158,107,2)
[00:36:50]EMOTE: *no key*/(crab) : <b>The crab</b> clacks. (43,32,8)
[00:36:55]EMOTE: *no key*/(monkey (610)) : <b>The monkey (610)</b> rolls. (160,120,2)
[00:36:55]EMOTE: *no key*/(Runtime) : <b>Runtime</b> grooms its fur. (158,107,2)
[00:37:00]SAY: Medibot/ : Delicious! (154,73,1)
[00:37:06]SAY: mouse/ : Squeek! (80,80,2)
[00:37:07]SAY: Alexa Focell/Clone305 : i would like to remind all of the crew to turn on their suit tracking beacons for safety reasons (150,117,2)
[00:37:14]SAY: mouse/ : Squeek! (167,81,2)
[00:37:17]GAME: Random Event triggering: Minor Space Dust (/datum/round_event/space_dust)
[00:37:18]EMOTE: *no key*/(mouse) : <b>The mouse</b> squeeks. (167,81,2)
[00:37:28]EMOTE: *no key*/(Poly) : <b>Poly</b> looks in the Power-ON cartridge's direction and takes flight. (115,79,2)
[00:37:29]EMOTE: *no key*/(Kong III) : <b>Kong III</b> jumps! (143,136,2)
[00:37:31]EMOTE: *no key*/(monkey (310)) : <b>The monkey (310)</b> jumps! (161,116,2)
[00:37:42]GAME: Clone305/(Alexa Focell) added an the beaker to cyro containing | Cryoxadone, 30 | 
[00:37:42]SAY: Poly/ : Don&#39;t believe the reports - smoke today! (115,79,2)
[00:37:44]GAME: Clone305/(Alexa Focell) added an the beaker to cyro containing | Cryoxadone, 30 | 
[00:37:44]SAY: emergency Medibot/ : I knew it, I should&#39;ve been a plastic surgeon. (90,180,5)
[00:37:46]EMOTE: *no key*/(mouse) : <b>The mouse</b> runs in a circle. (146,85,2)
[00:37:48]SAY: Poly/ : Smoke! (115,79,2)
[00:37:54]EMOTE: *no key*/(Paperwork) : <b>Paperwork</b> snores. (83,124,2)
[00:37:58]SAY: Medibot/ : What kind of medbay is this? Everyone&#39;s dropping like flies. (154,73,1)
[00:37:59]EMOTE: *no key*/(monkey (310)) : <b>The monkey (310)</b> rolls. (160,116,2)
[00:38:09]EMOTE: *no key*/(monkey (954)) : <b>The monkey (954)</b> jumps! (160,100,2)
[00:38:16]EMOTE: *no key*/(crab) : <b>The crab</b> clicks. (42,32,8)
[00:38:18]SAY: mouse/ : SQUEEK! (81,80,2)
[00:38:20]EMOTE: *no key*/(Paperwork) : <b>Paperwork</b> snores. (82,124,2)
[00:38:22]SAY: mouse/ : Squeek? (89,153,2)
[00:38:26]SAY: mouse/ : Squeek? (165,142,2)
[00:38:28]EMOTE: *no key*/(mouse) : <b>The mouse</b> shakes. (138,145,2)
[00:38:29]EMOTE: *no key*/(monkey (634)) : <b>The monkey (634)</b> jumps! (160,117,2)
[00:38:32]EMOTE: *no key*/(Poly) : <b>Poly</b> looks in the Power-ON cartridge's direction and takes flight. (115,79,2)
[00:38:34]EMOTE: *no key*/(mouse) : <b>The mouse</b> squeeks. (165,142,2)
[00:38:34]SAY: Poly/ : Twice the calories for half the price! (115,79,2)
[00:38:35]EMOTE: *no key*/(monkey (310)) : <b>The monkey (310)</b> jumps! (161,117,2)
[00:38:45]EMOTE: *no key*/(monkey (729)) : <b>The monkey (729)</b> waves her tail. (161,99,2)
[00:38:48]ACCESS: Login: Rspikes10 from 107.217.235.4-3263053675 || BYOND v512
[00:38:48]ACCESS: Mob Login: Rspikes10/(Rspikes10) was assigned to a /mob/dead/new_player
[00:38:49]EMOTE: *no key*/(monkey (451)) : <b>The monkey (451)</b> waves her tail. (158,99,2)
[00:38:51]EMOTE: *no key*/(monkey (94)) : <b>The monkey (94)</b> jumps! (161,119,2)
[00:38:55]EMOTE: *no key*/(monkey (36)) : <b>The monkey (36)</b> scratches. (160,100,2)
[00:39:04]ACCESS: Login: Jsupp620 from 148.74.211.30-1100072048 || BYOND v511
[00:39:04]ACCESS: Mob Login: Jsupp620/(Jsupp620) was assigned to a /mob/dead/new_player
[00:39:05]EMOTE: *no key*/(mouse) : <b>The mouse</b> shakes. (146,85,2)
[00:39:10]EMOTE: *no key*/(grey baby slime (655)) : <b>The grey baby slime (655)</b> lights up for a bit, then stops. (175,94,2)
[00:39:10]EMOTE: *no key*/(monkey (954)) : <b>The monkey (954)</b> jumps! (161,101,2)
[00:39:12]EMOTE: *no key*/(monkey (785)) : <b>The monkey (785)</b> waves her tail. (161,120,2)
[00:39:24]EMOTE: *no key*/(monkey (36)) : <b>The monkey (36)</b> scratches. (160,99,2)
[00:39:25]SAY: mouse/ : SQUEEK! (60,158,2)
[00:39:29]SAY: Poly/ : Twice the calories for half the price! (115,79,2)
[00:39:37]EMOTE: *no key*/(Poly) : <b>Poly</b> looks in the Power-ON cartridge's direction and takes flight. (115,79,2)
[00:39:37]EMOTE: *no key*/(Ian) : <b>Ian</b> woofs! (105,121,2)
[00:39:41]EMOTE: *no key*/(crab) : <b>The crab</b> clicks. (42,32,8)
[00:39:50]ACCESS: Mob Login: Rspikes10/(Rachael Stern) was assigned to a /mob/living/carbon/human
[00:40:01]EMOTE: *no key*/(monkey (320)) : <b>The monkey (320)</b> jumps! (161,119,2)
[00:40:04]SAY: mouse/ : Squeek? (95,83,2)
[00:40:10]SAY: Medibot/ : Delicious! (155,73,1)
[00:40:11]EMOTE: *no key*/(monkey (610)) : <b>The monkey (610)</b> rolls. (160,118,2)
[00:40:14]SAY: mouse/ : Squeek? (95,83,2)
[00:40:23]EMOTE: *no key*/(Runtime) : <b>Runtime</b> looks alert. (158,108,2)
[00:40:28]EMOTE: *no key*/(Paperwork) : <b>Paperwork</b> dozes off. (82,121,2)
[00:40:32]SAY: mouse/ : SQUEEK! (165,146,2)
[00:40:36]SAY: mouse/ : Squeek! (159,148,2)
[00:40:36]SAY: Medibot/ : Delicious! (154,73,1)
[00:40:37]EMOTE: *no key*/(monkey (954)) : <b>The monkey (954)</b> rolls. (161,101,2)
[00:40:44]SAY: Tom/ : Squeek? (100,190,2)
[00:40:46]SAY: Nobody's Perfect/ : I knew it, I should&#39;ve been a plastic surgeon. (24,75,1)
[00:40:48]EMOTE: *no key*/(Poly) : <b>Poly</b> looks in the Power-ON cartridge's direction and takes flight. (115,79,2)
[00:40:56]SAY: Poly/ : Try our new nougat bar! (116,79,2)
[00:40:59]EMOTE: *no key*/(Runtime) : <b>Runtime</b> lies down. (158,108,2)
[00:41:07]EMOTE: *no key*/(Ian) : <b>Ian</b> woofs! (106,121,2)
[00:41:09]SAY: mouse/ : Squeek? (90,153,2)
[00:41:11]SAY: mouse/ : Squeek? (146,85,2)
[00:41:11]EMOTE: *no key*/(monkey (785)) : <b>The monkey (785)</b> rolls. (160,117,2)
[00:41:13]EMOTE: *no key*/(mouse) : <b>The mouse</b> runs in a circle. (146,85,2)
[00:41:13]EMOTE: *no key*/(Runtime) : <b>Runtime</b> looks alert. (158,108,2)
[00:41:20]EMOTE: *no key*/(monkey (954)) : <b>The monkey (954)</b> scratches. (160,99,2)
[00:41:40]EMOTE: *no key*/(monkey (729)) : <b>The monkey (729)</b> rolls. (159,99,2)
[00:41:42]SAY: Ian/ : Bark! (106,121,2)
[00:42:01]EMOTE: *no key*/(monkey (954)) : <b>The monkey (954)</b> scratches. (160,100,2)
[00:42:02]SAY: Medibot/ : Delicious! (154,73,1)
[00:42:05]EMOTE: *no key*/(Runtime) : <b>Runtime</b> looks alert. (158,108,2)
[00:42:09]SAY: Nobody's Perfect/ : Delicious! (24,75,1)
[00:42:12]SAY: Alexa Focell/Clone305 : I would like to remind all of the crew to turn on their suit tracking beacons for safety reasons (150,117,2)
[00:42:21]EMOTE: *no key*/(crab) : <b>The crab</b> clacks. (45,32,8)
[00:42:27]EMOTE: *no key*/(grey baby slime (913)) : <b>The grey baby slime (913)</b> lights up for a bit, then stops. (166,94,2)
[00:42:38]EMOTE: *no key*/(monkey (94)) : <b>The monkey (94)</b> waves his tail. (161,116,2)
[00:42:42]SAY: mouse/ : Squeek? (95,81,2)
[00:42:48]EMOTE: *no key*/(monkey (954)) : <b>The monkey (954)</b> scratches. (160,99,2)
[00:42:49]ACCESS: Logout: Jsupp620/(Jsupp620)
[00:42:52]EMOTE: *no key*/(Runtime) : <b>Runtime</b> stops resting. (158,108,2)
[00:42:54]SAY: Todd Meyers/Oakydoky : hi (136,129,2)
[00:42:56]EMOTE: *no key*/(grey baby slime (655)) : <b>The grey baby slime (655)</b> vibrates! (177,94,2)
[00:42:57]ACCESS: Login: Guest-395459848 from 50.65.234.109-395459848 || BYOND v511
[00:42:57]ACCESS: Mob Login: Guest-395459848/(Guest-395459848) was assigned to a /mob/dead/new_player
[00:42:59]SAY: Alexa Focell/Clone305 : hello (136,130,2)
[00:43:00]SAY: Todd Meyers/Oakydoky : do you know (137,130,2)
[00:43:00]EMOTE: *no key*/(mouse) : <b>The mouse</b> shakes. (177,81,2)
[00:43:00]EMOTE: *no key*/(Poly) : <b>Poly</b> looks in the Power-ON cartridge's direction and takes flight. (115,79,2)
[00:43:04]SAY: Poly/ : Twice the calories for half the price! (116,79,2)
[00:43:06]EMOTE: *no key*/(Paperwork) : <b>Paperwork</b> dozes off. (80,124,2)
[00:43:07]SAY: Todd Meyers/Oakydoky : what to use for nutrients (137,130,2)
[00:43:08]EMOTE: *no key*/(monkey (320)) : <b>The monkey (320)</b> waves his tail. (160,119,2)
[00:43:09]SAY: Todd Meyers/Oakydoky : for plants (137,130,2)
[00:43:10]EMOTE: *no key*/(monkey (36)) : <b>The monkey (36)</b> scratches. (159,101,2)
[00:43:20]SAY: Alexa Focell/Clone305 : i have no idea sorry (136,130,2)
[00:43:27]EMOTE: *no key*/(mouse) : <b>The mouse</b> shakes. (94,82,2)
[00:43:30]EMOTE: *no key*/(monkey (36)) : <b>The monkey (36)</b> rolls. (157,101,2)
[00:43:31]SAY: Todd Meyers/Oakydoky : i&#39;m afraid i&#39;ll go insane if i don&#39;t figure it out (137,130,2)
[00:43:31]SAY: Poly/ : Twice the calories for half the price! (116,83,2)
[00:43:41]SAY: Medibot/ : Delicious! (154,73,1)
[00:43:48]SAY: Alexa Focell/Clone305 : i have pills for that (136,130,2)
[00:43:51]EMOTE: *no key*/(crab) : <b>The crab</b> clacks. (42,32,8)
[00:43:52]SAY: Todd Meyers/Oakydoky : pls no (137,130,2)
[00:43:53]SAY: mouse/ : Squeek? (80,79,2)
[00:43:55]EMOTE: *no key*/(Ian) : <b>Ian</b> chases its tail! (106,121,2)
[00:43:59]EMOTE: *no key*/(monkey (94)) : <b>The monkey (94)</b> jumps! (161,117,2)
[00:44:00]SAY: Todd Meyers/Oakydoky : well, if you do find something out tell me (137,130,2)
[00:44:00]SAY: Rachael Stern/Rspikes10 : hello (135,128,2)
[00:44:07]EMOTE: *no key*/(monkey (451)) : <b>The monkey (451)</b> rolls. (161,101,2)
[00:44:07]SAY: Alexa Focell/Clone305 : hello captin (136,130,2)
[00:44:08]SAY: Poly/ : Try our new nougat bar! (115,79,2)
[00:44:08]EMOTE: *no key*/(Tom) : <b>Tom</b> shakes. (100,191,2)
[00:44:10]SAY: Todd Meyers/Oakydoky : hello (137,129,2)
[00:44:11]EMOTE: *no key*/(monkey (204)) : <b>The monkey (204)</b> waves his tail. (161,99,2)
[00:44:15]EMOTE: *no key*/(monkey (320)) : <b>The monkey (320)</b> waves his tail. (160,119,2)
[00:44:33]EMOTE: *no key*/(grey baby slime (913)) : <b>The grey baby slime (913)</b> vibrates! (166,93,2)
[00:44:34]EMOTE: *no key*/(Poly) : <b>Poly</b> looks in the Power-ON cartridge's direction and takes flight. (115,79,2)
[00:44:39]SAY: Rachael Stern/Rspikes10 : going to go check on engine (134,128,2)
[00:44:43]EMOTE: *no key*/(monkey (451)) : <b>The monkey (451)</b> rolls. (161,101,2)
[00:44:47]SAY: Poly/ : Try our new nougat bar! (115,79,2)
[00:44:55]SAY: Todd Meyers/Oakydoky : why is there blood here (140,120,2)
[00:44:56]EMOTE: *no key*/(monkey (729)) : <b>The monkey (729)</b> waves her tail. (159,100,2)
[00:45:05]SAY: Alexa Focell/Clone305 : it was already there (140,119,2)
[00:45:07]SAY: Rachael Stern/Rspikes10 : hey (122,76,2)
[00:45:09]SAY: Todd Meyers/Oakydoky : and also i&#39;m just seeing what could be used as nutrients for plants (140,120,2)
[00:45:09]SAY: mouse/ : Squeek? (90,155,2)
[00:45:10]EMOTE: *no key*/(monkey (785)) : <b>The monkey (785)</b> jumps! (161,117,2)
[00:45:12]EMOTE: *no key*/(monkey (36)) : <b>The monkey (36)</b> scratches. (158,99,2)
[00:45:12]SAY: Rachael Stern/Rspikes10 : hows it going here? (122,76,2)
[00:45:12]SAY: Alexa Focell/Clone305 : its old (140,119,2)
[00:45:14]EMOTE: *no key*/(monkey (94)) : <b>The monkey (94)</b> scratches. (160,117,2)
[00:45:16]SAY: Santiago Buttersworth/NeonGuardian : Good (120,76,2)
[00:45:18]EMOTE: *no key*/(grey baby slime (655)) : <b>The grey baby slime (655)</b> jiggles! (175,92,2)
[00:45:23]SAY: Medibot/ : Radar, put a mask on! (155,73,1)
[00:45:23]SAY: Ian/ : Woof! (105,121,2)
[00:45:25]EMOTE: *no key*/(Tom) : <b>Tom</b> shakes. (101,189,2)
[00:45:26]SAY: Alexa Focell/Clone305 : alright just dont poke around to much (140,119,2)
[00:45:29]SAY: Todd Meyers/Oakydoky : ok (140,119,2)
[00:45:30]SAY: Santiago Buttersworth/NeonGuardian : I started should be done soon (120,76,2)
[00:45:32]SAY: Poly/ : Try our new nougat bar! (115,79,2)
[00:45:32]EMOTE: *no key*/(monkey (204)) : <b>The monkey (204)</b> scratches. (158,101,2)
[00:45:32]EMOTE: *no key*/(monkey (634)) : <b>The monkey (634)</b> waves her tail. (160,120,2)
[00:45:32]EMOTE: *no key*/(monkey (729)) : <b>The monkey (729)</b> rolls. (159,100,2)
[00:45:34]EMOTE: *no key*/(monkey (451)) : <b>The monkey (451)</b> scratches. (160,99,2)
[00:45:36]EMOTE: *no key*/(Poly) : <b>Poly</b> looks in the Power-ON cartridge's direction and takes flight. (115,79,2)
[00:45:36]EMOTE: *no key*/(monkey (94)) : <b>The monkey (94)</b> rolls. (161,120,2)
[00:45:36]EMOTE: *no key*/(Runtime) : <b>Runtime</b> wags its tail. (159,110,2)
[00:45:38]EMOTE: *no key*/(monkey (634)) : <b>The monkey (634)</b> jumps! (160,118,2)
[00:45:44]EMOTE: *no key*/(monkey (36)) : <b>The monkey (36)</b> jumps! (158,99,2)
[00:45:46]EMOTE: *no key*/(Runtime) : <b>Runtime</b> crouches on its hind legs. (159,110,2)
[00:45:56]EMOTE: *no key*/(monkey (785)) : <b>The monkey (785)</b> rolls. (161,118,2)
[00:45:58]SAY: Medibot/ : Radar, put a mask on! (155,73,1)
[00:46:07]EMOTE: *no key*/(monkey (451)) : <b>The monkey (451)</b> scratches. (159,100,2)
[00:46:08]SAY: mouse/ : SQUEEK! (165,147,2)
[00:46:10]SAY: Medibot/ : Radar, put a mask on! (155,73,1)
[00:46:14]SAY: mouse/ : SQUEEK! (96,152,2)
[00:46:23]EMOTE: *no key*/(monkey (610)) : <b>The monkey (610)</b> waves his tail. (160,119,2)
[00:46:31]SAY: Todd Meyers/Oakydoky : hello (154,119,2)
[00:46:31]EMOTE: *no key*/(monkey (204)) : <b>The monkey (204)</b> rolls. (160,99,2)
[00:46:31]EMOTE: *no key*/(monkey (451)) : <b>The monkey (451)</b> rolls. (157,99,2)
[00:46:35]SAY: Runtime/ : HSSSSS (159,110,2)
[00:46:35]EMOTE: *no key*/(monkey (320)) : <b>The monkey (320)</b> jumps! (160,116,2)
[00:46:35]EMOTE: *no key*/(Runtime) : <b>Runtime</b> lies down. (159,110,2)
[00:46:37]SAY: mouse/ : Squeek! (96,153,2)
[00:46:37]SAY: Runtime/ : Esp! (159,110,2)
[00:46:40]SAY: Todd Meyers/Oakydoky : can i ask a question (154,119,2)
[00:46:42]GAME: Random Event triggering: Minor Space Dust (/datum/round_event/space_dust)
[00:46:46]SAY: Alexa Focell/Clone305 : sure (157,119,2)
[00:46:47]EMOTE: *no key*/(crab) : <b>The crab</b> clicks. (44,32,8)
[00:46:47]EMOTE: *no key*/(Poly) : <b>Poly</b> looks in the Power-ON cartridge's direction and takes flight. (115,79,2)
[00:46:55]SAY: Todd Meyers/Oakydoky : can blood suffice as a nutrient for plants (154,119,2)
[00:47:01]SAY: Tom/ : Squeek! (101,191,2)
[00:47:05]EMOTE: *no key*/(monkey (320)) : <b>The monkey (320)</b> rolls. (161,118,2)
[00:47:13]SAY: mouse/ : Squeek? (95,153,2)
[00:47:14]SAY: Todd Meyers/Oakydoky : i know weird question (154,119,2)
[00:47:16]SAY: Alexa Focell/Clone305 : i belive so but i wouldnt recoment it (157,119,2)
[00:47:19]SAY: Todd Meyers/Oakydoky : okay (154,119,2)
[00:47:21]SAY: Todd Meyers/Oakydoky : thanks (154,119,2)
[00:47:25]SAY: Todd Meyers/Oakydoky : also could you let me out (154,119,2)
[00:47:26]EMOTE: *no key*/(Paperwork) : <b>Paperwork</b> looks around sleepily. (76,119,2)
[00:47:29]SAY: Alexa Focell/Clone305 : ok (157,119,2)
[00:47:32]SAY: Rachael Stern/Rspikes10 : hello  crew, i am your captain for today. (113,107,2)
[00:47:32]SAY: Todd Meyers/Oakydoky : thanks (154,119,2)
[00:47:38]SAY: mouse/ : SQUEEK! (159,150,2)
[00:47:40]SAY: Poly/ : Twice the calories for half the price! (115,79,2)
[00:47:42]EMOTE: *no key*/(Runtime) : <b>Runtime</b> looks alert. (159,110,2)
[00:47:46]EMOTE: *no key*/(grey baby slime (913)) : <b>The grey baby slime (913)</b> jiggles! (166,93,2)
[00:47:48]EMOTE: *no key*/(monkey (310)) : <b>The monkey (310)</b> waves his tail. (160,118,2)
[00:47:50]EMOTE: *no key*/(Poly) : <b>Poly</b> looks in the Power-ON cartridge's direction and takes flight. (115,79,2)
[00:48:02]EMOTE: *no key*/(monkey (310)) : <b>The monkey (310)</b> waves his tail. (160,119,2)
[00:48:02]EMOTE: *no key*/(Kong III) : <b>Kong III</b> jumps! (145,132,2)
[00:48:20]EMOTE: *no key*/(monkey (320)) : <b>The monkey (320)</b> waves his tail. (160,120,2)
[00:48:22]EMOTE: *no key*/(monkey (610)) : <b>The monkey (610)</b> scratches. (161,118,2)
[00:48:23]EMOTE: Rspikes10/(Rachael Stern) : <b>Rachael Stern</b> screams. (154,110,2)
[00:48:25]EMOTE: *no key*/(mouse) : <b>The mouse</b> squeeks. (160,149,2)
[00:48:31]SAY: Poly/ : Smoke! (115,79,2)
[00:48:33]SAY: mouse/ : SQUEEK! (91,153,2)
[00:48:35]SAY: mouse/ : Squeek? (174,81,2)
[00:48:37]EMOTE: *no key*/(mouse) : <b>The mouse</b> squeeks. (82,79,2)
[00:48:50]EMOTE: *no key*/(monkey (954)) : <b>The monkey (954)</b> scratches. (158,100,2)
[00:48:51]EMOTE: *no key*/(crab) : <b>The crab</b> clicks. (45,32,8)
[00:49:00]EMOTE: *no key*/(monkey (729)) : <b>The monkey (729)</b> jumps! (161,101,2)
[00:49:03]SAY: mouse/ : Squeek! (91,154,2)
[00:49:05]EMOTE: *no key*/(Poly) : <b>Poly</b> looks in the Power-ON cartridge's direction and takes flight. (115,79,2)
[00:49:14]EMOTE: *no key*/(monkey (204)) : <b>The monkey (204)</b> jumps! (161,99,2)
[00:49:16]EMOTE: *no key*/(monkey (634)) : <b>The monkey (634)</b> jumps! (159,120,2)
[00:49:16]EMOTE: *no key*/(Runtime) : <b>Runtime</b> lies down. (159,110,2)
[00:49:30]EMOTE: *no key*/(monkey (94)) : <b>The monkey (94)</b> waves his tail. (160,118,2)
[00:49:31]EMOTE: *no key*/(mouse) : <b>The mouse</b> runs in a circle. (172,81,2)
[00:49:34]EMOTE: *no key*/(monkey (320)) : <b>The monkey (320)</b> scratches. (161,119,2)
[00:49:38]EMOTE: *no key*/(monkey (204)) : <b>The monkey (204)</b> jumps! (161,100,2)
[00:49:38]EMOTE: *no key*/(Runtime) : <b>Runtime</b> stops resting. (159,110,2)
[00:49:40]EMOTE: *no key*/(monkey (634)) : <b>The monkey (634)</b> rolls. (159,120,2)
[00:49:40]EMOTE: *no key*/(monkey (36)) : <b>The monkey (36)</b> waves her tail. (159,101,2)
[00:49:45]EMOTE: *no key*/(mouse) : <b>The mouse</b> squeeks. (93,82,2)
[00:49:57]SAY: mouse/ : SQUEEK! (159,150,2)
[00:50:03]EMOTE: *no key*/(mouse) : <b>The mouse</b> squeeks. (167,148,2)
[00:50:08]EMOTE: *no key*/(monkey (634)) : <b>The monkey (634)</b> scratches. (159,120,2)
[00:50:09]EMOTE: *no key*/(Poly) : <b>Poly</b> looks in the Power-ON cartridge's direction and takes flight. (115,79,2)
[00:50:11]SAY: Nobody's Perfect/ : What kind of medbay is this? Everyone&#39;s dropping like flies. (24,75,1)
[00:50:15]EMOTE: *no key*/(crab) : <b>The crab</b> clicks. (45,32,8)
[00:50:19]GAME: Random Event triggering: Minor Space Dust (/datum/round_event/space_dust)
[00:50:20]EMOTE: *no key*/(Runtime) : <b>Runtime</b> grooms its fur. (157,110,2)
[00:50:32]EMOTE: *no key*/(monkey (785)) : <b>The monkey (785)</b> rolls. (161,118,2)
[00:50:34]EMOTE: *no key*/(Runtime) : <b>Runtime</b> crouches on its hind legs. (158,110,2)
[00:50:38]EMOTE: *no key*/(Runtime) : <b>Runtime</b> lies down. (158,110,2)
[00:50:41]EMOTE: *no key*/(Poly) : <b>Poly</b> flutters its wings. (116,79,2)
[00:50:42]EMOTE: *no key*/(Runtime) : <b>Runtime</b> crouches on its hind legs. (158,110,2)
[00:50:47]ACCESS: Mob Login: Guest-395459848/(ghost) was assigned to a /mob/dead/observer
[00:50:56]EMOTE: *no key*/(monkey (954)) : <b>The monkey (954)</b> jumps! (159,100,2)
[00:50:58]EMOTE: *no key*/(Runtime) : <b>Runtime</b> walks around. (158,110,2)
[00:51:04]SAY: mouse/ : Squeek? (172,80,2)
[00:51:20]SAY: emergency Medibot/ : There&#39;s always a catch, and I&#39;m the best there is. (90,180,5)
[00:51:20]EMOTE: *no key*/(Paperwork) : <b>Paperwork</b> dozes off. (81,123,2)
[00:51:20]EMOTE: *no key*/(Ian) : <b>Ian</b> dances around. (106,121,2)
[00:51:24]EMOTE: *no key*/(monkey (634)) : <b>The monkey (634)</b> rolls. (159,120,2)
[00:51:26]SAY: mouse/ : SQUEEK! (159,150,2)
[00:51:39]EMOTE: *no key*/(Runtime) : <b>Runtime</b> wags its tail. (158,110,2)
[00:51:41]SAY: grey baby slime (655)/ : Rawr... (175,94,2)
[00:51:56]EMOTE: *no key*/(Poly) : <b>Poly</b> looks in the Power-ON cartridge's direction and takes flight. (115,79,2)
[00:51:56]EMOTE: *no key*/(monkey (729)) : <b>The monkey (729)</b> waves her tail. (159,101,2)
[00:51:58]EMOTE: *no key*/(crab) : <b>The crab</b> clacks. (45,32,8)
[00:52:04]SAY: mouse/ : Squeek? (168,148,2)
[00:52:04]SAY: Poly/ : Twice the calories for half the price! (116,79,2)
[00:52:08]SAY: Medibot/ : Delicious! (155,73,1)
[00:52:12]SAY: Medibot/ : There&#39;s always a catch, and I&#39;m the best there is. (155,73,1)
[00:52:20]SAY: Medibot/ : There&#39;s always a catch, and I&#39;m the best there is. (154,73,1)
[00:52:23]EMOTE: *no key*/(Runtime) : <b>Runtime</b> lies down. (158,110,2)
[00:52:39]SAY: grey baby slime (655)/ : Blop... (176,93,2)
[00:52:57]SAY: Poly/ : Twice the calories for half the price! (115,79,2)
[00:52:57]EMOTE: *no key*/(monkey (310)) : <b>The monkey (310)</b> waves his tail. (161,118,2)
[00:52:57]EMOTE: *no key*/(Runtime) : <b>Runtime</b> wags its tail. (158,110,2)
[00:53:01]EMOTE: *no key*/(mouse) : <b>The mouse</b> runs in a circle. (160,150,2)
[00:53:01]SAY: Poly/ : Twice the calories for half the price! (115,79,2)
[00:53:10]EMOTE: *no key*/(Runtime) : <b>Runtime</b> crouches on its hind legs. (158,110,2)
[00:53:11]SAY: Poly/ : Space cigs taste good like a cigarette should. (115,79,2)
[00:53:14]EMOTE: *no key*/(Runtime) : <b>Runtime</b> lies down. (158,110,2)
[00:53:19]EMOTE: *no key*/(Poly) : <b>Poly</b> looks in the Power-ON cartridge's direction and takes flight. (115,79,2)
[00:53:27]EMOTE: *no key*/(Tom) : <b>Tom</b> shakes. (101,191,2)
[00:53:29]EMOTE: *no key*/(mouse) : <b>The mouse</b> shakes. (95,81,2)
[00:53:31]EMOTE: *no key*/(mouse) : <b>The mouse</b> squeeks. (172,81,2)
[00:53:34]EMOTE: *no key*/(monkey (610)) : <b>The monkey (610)</b> rolls. (160,120,2)
[00:53:34]EMOTE: *no key*/(monkey (954)) : <b>The monkey (954)</b> waves his tail. (160,101,2)
[00:53:37]EMOTE: *no key*/(monkey (785)) : <b>The monkey (785)</b> scratches. (160,117,2)
[00:53:38]SAY: Todd Meyers/Oakydoky : helllllloooooo (140,122,2)
[00:53:42]SAY: Todd Meyers/Oakydoky : anyone here (140,122,2)
[00:53:47]EMOTE: *no key*/(mouse) : <b>The mouse</b> runs in a circle. (91,155,2)
[00:53:53]EMOTE: *no key*/(monkey (954)) : <b>The monkey (954)</b> rolls. (160,101,2)
[00:53:54]SAY: Rachael Stern/Rspikes10 : sup (136,141,2)
[00:54:01]EMOTE: *no key*/(Runtime) : <b>Runtime</b> sits down. (158,110,2)
[00:54:02]SAY: Alexa Focell/Clone305 : oh hi (134,142,2)
[00:54:13]SAY: Medibot/ : There&#39;s always a catch, and I&#39;m the best there is. (155,73,1)
[00:54:31]SAY: emergency Medibot/ : Radar, put a mask on! (90,180,5)
[00:54:32]EMOTE: *no key*/(monkey (36)) : <b>The monkey (36)</b> scratches. (160,100,2)
[00:54:33]EMOTE: *no key*/(Poly) : <b>Poly</b> looks in the Power-ON cartridge's direction and takes flight. (115,79,2)
[00:54:37]EMOTE: *no key*/(mouse) : <b>The mouse</b> runs in a circle. (172,81,2)
[00:54:37]EMOTE: *no key*/(Runtime) : <b>Runtime</b> mews. (158,110,2)
[00:54:37]SAY: Poly/ : Don&#39;t believe the reports - smoke today! (116,79,2)
[00:54:42]EMOTE: *no key*/(monkey (729)) : <b>The monkey (729)</b> scratches. (161,99,2)
[00:54:50]EMOTE: Clone305/(Alexa Focell) : <b>Alexa Focell</b> seizes up and falls limp, his eyes dead and lifeless... (134,142,2)
[00:54:50]ACCESS: Mob Login: Clone305/(Alexa Focell) was assigned to a /mob/living/brain
[00:54:54]EMOTE: *no key*/(Ian) : <b>Ian</b> dances around. (106,120,2)
[00:55:00]EMOTE: *no key*/(monkey (634)) : <b>The monkey (634)</b> rolls. (159,120,2)
[00:55:02]EMOTE: *no key*/(Ian) : <b>Ian</b> dances around. (106,120,2)
[00:55:13]EMOTE: *no key*/(Poly) : <b>Poly</b> flutters its wings. (115,79,2)
[00:55:25]SAY: Nobody's Perfect/ : Delicious! (24,75,1)
[00:55:27]EMOTE: *no key*/(Runtime) : <b>Runtime</b> shakes its head. (158,110,2)
[00:55:28]EMOTE: *no key*/(Runtime) : <b>Runtime</b> wags its tail. (158,110,2)
[00:55:30]SAY: Todd Meyers/Oakydoky : do you know what happened here (138,123,2)
[00:55:35]SAY: Rachael Stern/Rspikes10 : no (140,118,2)
[00:55:35]EMOTE: *no key*/(Poly) : <b>Poly</b> looks in the Power-ON cartridge's direction and takes flight. (115,79,2)
[00:55:36]ACCESS: Mob Login: Clone305/(Alexa Focell) was assigned to a /mob/dead/observer
[00:55:38]EMOTE: *no key*/(grey baby slime (913)) : <b>The grey baby slime (913)</b> vibrates! (166,93,2)
[00:55:40]SAY: Todd Meyers/Oakydoky : i just picked up a wire (140,124,2)
[00:55:45]SAY: Medibot/ : Delicious! (154,73,1)
[00:55:47]SAY: Todd Meyers/Oakydoky : took my hatchet out in case (141,124,2)
[00:55:48]EMOTE: *no key*/(monkey (310)) : <b>The monkey (310)</b> jumps! (161,117,2)
[00:55:49]SAY: emergency Medibot/ : What kind of medbay is this? Everyone&#39;s dropping like flies. (90,180,5)
[00:55:51]SAY: mouse/ : Squeek! (82,79,2)
[00:56:01]EMOTE: *no key*/(mouse) : <b>The mouse</b> shakes. (91,157,2)
[00:56:04]EMOTE: *no key*/(monkey (785)) : <b>The monkey (785)</b> jumps! (161,116,2)
[00:56:10]EMOTE: *no key*/(monkey (204)) : <b>The monkey (204)</b> waves his tail. (160,100,2)
[00:56:11]EMOTE: *no key*/(Ian) : <b>Ian</b> barks! (105,119,2)
[00:56:30]EMOTE: *no key*/(Kong III) : <b>Kong III</b> waves its tail. (139,133,2)
[00:56:47]EMOTE: *no key*/(Paperwork) : <b>Paperwork</b> yawns. (82,121,2)
[00:56:48]EMOTE: *no key*/(monkey (451)) : <b>The monkey (451)</b> jumps! (157,101,2)
[00:56:52]EMOTE: *no key*/(grey baby slime (655)) : <b>The grey baby slime (655)</b> vibrates! (175,93,2)
[00:56:52]EMOTE: *no key*/(monkey (204)) : <b>The monkey (204)</b> scratches. (160,99,2)
[00:56:53]EMOTE: *no key*/(Poly) : <b>Poly</b> looks in the Power-ON cartridge's direction and takes flight. (115,79,2)
[00:57:02]EMOTE: *no key*/(monkey (320)) : <b>The monkey (320)</b> jumps! (161,116,2)
[00:57:17]SAY: Medibot/ : What kind of medbay is this? Everyone&#39;s dropping like flies. (154,73,1)
[00:57:18]EMOTE: *no key*/(monkey (785)) : <b>The monkey (785)</b> rolls. (160,117,2)
[00:57:25]EMOTE: *no key*/(mouse) : <b>The mouse</b> shakes. (91,153,2)
[00:57:41]SAY: Medibot/ : What kind of medbay is this? Everyone&#39;s dropping like flies. (155,73,1)
[00:57:41]EMOTE: *no key*/(Ian) : <b>Ian</b> shakes its head. (103,119,2)
[00:57:44]EMOTE: *no key*/(monkey (36)) : <b>The monkey (36)</b> jumps! (161,99,2)
[00:57:45]SAY: Poly/ : Space cigs taste good like a cigarette should. (116,79,2)
[00:57:54]ACCESS: Logout: Guest-395459848/(Jimothy Simmons)
[00:58:00]SAY: Poly/ : No air in engineering (116,81,2)
[00:58:00]EMOTE: *no key*/(Tom) : <b>Tom</b> squeeks. (99,191,2)
[00:58:00]EMOTE: *no key*/(Paperwork) : <b>Paperwork</b> looks around sleepily. (83,120,2)
[00:58:00]EMOTE: *no key*/(grey baby slime (655)) : <b>The grey baby slime (655)</b> bounces in place. (176,94,2)
[00:58:06]EMOTE: *no key*/(monkey (320)) : <b>The monkey (320)</b> scratches. (160,116,2)
[00:58:06]EMOTE: *no key*/(monkey (785)) : <b>The monkey (785)</b> waves her tail. (161,118,2)
[00:58:14]EMOTE: *no key*/(Runtime) : <b>Runtime</b> sits down. (158,110,2)
[00:58:16]EMOTE: *no key*/(monkey (320)) : <b>The monkey (320)</b> jumps! (160,116,2)
[00:58:22]EMOTE: *no key*/(monkey (310)) : <b>The monkey (310)</b> jumps! (160,118,2)
[00:58:24]EMOTE: *no key*/(Runtime) : <b>Runtime</b> looks alert. (158,110,2)
[00:58:50]SAY: emergency Medibot/ : I knew it, I should&#39;ve been a plastic surgeon. (90,180,5)
[00:58:58]EMOTE: *no key*/(crab) : <b>The crab</b> clicks. (45,32,8)
[00:59:00]EMOTE: *no key*/(Runtime) : <b>Runtime</b> crouches on its hind legs. (158,110,2)
[00:59:00]EMOTE: *no key*/(Kong III) : <b>Kong III</b> jumps! (138,132,2)
[00:59:04]SAY: Poly/ : No air in engineering (117,83,2)
[00:59:14]EMOTE: *no key*/(mouse) : <b>The mouse</b> runs in a circle. (97,81,2)
[00:59:18]EMOTE: *no key*/(monkey (785)) : <b>The monkey (785)</b> jumps! (160,119,2)
[00:59:20]EMOTE: *no key*/(mouse) : <b>The mouse</b> squeeks. (79,81,2)
[00:59:26]EMOTE: *no key*/(Ian) : <b>Ian</b> chases its tail! (106,120,2)
[00:59:34]SAY: Tom/ : Squeek! (100,190,2)
[00:59:36]SAY: Poly/ : I started should be done soon (115,79,2)
[00:59:42]EMOTE: *no key*/(monkey (204)) : <b>The monkey (204)</b> jumps! (158,101,2)
[00:59:52]SAY: Poly/ : Don&#39;t believe the reports - smoke today! (115,79,2)
[00:59:54]EMOTE: *no key*/(monkey (94)) : <b>The monkey (94)</b> waves his tail. (161,116,2)
[00:59:56]EMOTE: *no key*/(Paperwork) : <b>Paperwork</b> looks around sleepily. (82,122,2)
[00:59:57]GAME: Random Event triggering: Minor Space Dust (/datum/round_event/space_dust)
[01:00:00]EMOTE: *no key*/(Poly) : <b>Poly</b> looks in the Power-ON cartridge's direction and takes flight. (115,79,2)
[01:00:00]EMOTE: *no key*/(Poly) : <b>Poly</b> bawks! (115,79,2)
[01:00:06]EMOTE: *no key*/(monkey (204)) : <b>The monkey (204)</b> waves his tail. (157,101,2)
[01:00:14]SAY: Nobody's Perfect/ : Delicious! (24,75,1)
[01:00:16]SAY: Medibot/ : Radar, put a mask on! (154,73,1)
[01:00:18]EMOTE: *no key*/(Ian) : <b>Ian</b> yaps. (105,121,2)
[01:00:20]EMOTE: *no key*/(Runtime) : <b>Runtime</b> looks alert. (158,110,2)
[01:00:28]EMOTE: *no key*/(Ian) : <b>Ian</b> barks! (105,121,2)
[01:00:32]SAY: Medibot/ : Delicious! (154,73,1)
[01:00:44]EMOTE: *no key*/(Ian) : <b>Ian</b> shivers. (105,121,2)
[01:00:48]SAY: mouse/ : Squeek! (91,157,2)
[01:00:56]EMOTE: *no key*/(Poly) : <b>Poly</b> squawks. (115,79,2)
[01:00:58]EMOTE: *no key*/(Paperwork) : <b>Paperwork</b> dozes off. (83,124,2)
[01:01:00]EMOTE: *no key*/(Poly) : <b>Poly</b> looks in the Power-ON cartridge's direction and takes flight. (115,79,2)
[01:01:00]EMOTE: *no key*/(Runtime) : <b>Runtime</b> stretches out for a belly rub. (158,110,2)
[01:01:06]EMOTE: *no key*/(monkey (94)) : <b>The monkey (94)</b> jumps! (161,118,2)
[01:01:08]EMOTE: *no key*/(monkey (954)) : <b>The monkey (954)</b> jumps! (161,101,2)
[01:01:10]EMOTE: *no key*/(Poly) : <b>Poly</b> bawks! (116,79,2)
[01:01:16]EMOTE: *no key*/(monkey (634)) : <b>The monkey (634)</b> rolls. (159,120,2)
[01:01:28]EMOTE: *no key*/(mouse) : <b>The mouse</b> shakes. (95,83,2)
[01:01:28]EMOTE: *no key*/(monkey (451)) : <b>The monkey (451)</b> jumps! (158,101,2)
[01:01:36]SAY: Nobody's Perfect/ : I knew it, I should&#39;ve been a plastic surgeon. (24,75,1)
[01:01:40]EMOTE: *no key*/(monkey (634)) : <b>The monkey (634)</b> waves her tail. (159,120,2)
[01:01:42]EMOTE: *no key*/(mouse) : <b>The mouse</b> squeeks. (159,145,2)
[01:01:44]EMOTE: *no key*/(monkey (954)) : <b>The monkey (954)</b> scratches. (159,100,2)
[01:01:58]EMOTE: *no key*/(grey baby slime (913)) : <b>The grey baby slime (913)</b> vibrates! (167,93,2)
[01:02:00]EMOTE: *no key*/(monkey (729)) : <b>The monkey (729)</b> scratches. (158,99,2)
[01:02:08]EMOTE: *no key*/(mouse) : <b>The mouse</b> squeeks. (82,80,2)
[01:02:26]EMOTE: *no key*/(mouse) : <b>The mouse</b> shakes. (159,146,2)
[01:02:28]EMOTE: *no key*/(monkey (94)) : <b>The monkey (94)</b> rolls. (160,117,2)
[01:02:36]EMOTE: *no key*/(mouse) : <b>The mouse</b> runs in a circle. (163,86,2)
[01:02:36]EMOTE: *no key*/(monkey (729)) : <b>The monkey (729)</b> scratches. (158,101,2)
[01:02:38]EMOTE: *no key*/(mouse) : <b>The mouse</b> shakes. (163,86,2)
[01:02:48]SAY: Poly/ : I started should be done soon (115,79,2)
[01:03:02]EMOTE: *no key*/(Ian) : <b>Ian</b> dances around. (106,120,2)
[01:03:14]SAY: mouse/ : SQUEEK! (91,157,2)
[01:03:14]EMOTE: *no key*/(Poly) : <b>Poly</b> flutters its wings. (115,79,2)
[01:03:24]EMOTE: *no key*/(Poly) : <b>Poly</b> looks in the Power-ON cartridge's direction and takes flight. (115,79,2)
[01:03:26]EMOTE: *no key*/(monkey (729)) : <b>The monkey (729)</b> rolls. (159,101,2)
[01:03:26]EMOTE: *no key*/(monkey (610)) : <b>The monkey (610)</b> jumps! (160,119,2)
[01:03:38]EMOTE: *no key*/(monkey (729)) : <b>The monkey (729)</b> scratches. (160,100,2)
[01:03:52]EMOTE: *no key*/(monkey (451)) : <b>The monkey (451)</b> waves her tail. (160,100,2)
[01:04:00]EMOTE: *no key*/(monkey (204)) : <b>The monkey (204)</b> jumps! (159,100,2)
[01:04:01]GAME: Random Event triggering: Random Human-level Intelligence (/datum/round_event/ghost_role/sentience)
[01:04:06]EMOTE: *no key*/(monkey (94)) : <b>The monkey (94)</b> scratches. (160,119,2)
[01:04:10]EMOTE: *no key*/(grey baby slime (913)) : <b>The grey baby slime (913)</b> lights up for a bit, then stops. (165,92,2)
[01:04:26]EMOTE: *no key*/(crab) : <b>The crab</b> clicks. (44,32,8)
[01:04:30]EMOTE: *no key*/(Poly) : <b>Poly</b> looks in the Power-ON cartridge's direction and takes flight. (115,79,2)
[01:04:30]EMOTE: *no key*/(Poly) : <b>Poly</b> flutters its wings. (115,79,2)
[01:04:32]ACCESS: Mob Login: Clone305/(mouse) was assigned to a /mob/living/simple_animal/mouse
[01:04:34]EMOTE: *no key*/(Ian) : <b>Ian</b> chases its tail! (106,120,2)
[01:04:36]EMOTE: *no key*/(monkey (954)) : <b>The monkey (954)</b> scratches. (157,101,2)
[01:04:42]SAY: emergency Medibot/ : What kind of medbay is this? Everyone&#39;s dropping like flies. (90,180,5)
[01:04:48]SAY: emergency Medibot/ : Delicious! (90,180,5)
[01:04:48]SAY: Nobody's Perfect/ : Radar, put a mask on! (24,75,1)
[01:04:56]SAY: Medibot/ : What kind of medbay is this? Everyone&#39;s dropping like flies. (154,73,1)
[01:05:08]EMOTE: *no key*/(Ian) : <b>Ian</b> dances around. (106,120,2)
[01:05:10]EMOTE: *no key*/(grey baby slime (913)) : <b>The grey baby slime (913)</b> lights up for a bit, then stops. (166,94,2)
[01:05:12]EMOTE: *no key*/(Ian) : <b>Ian</b> stops moving... (106,120,2)
[01:05:14]EMOTE: *no key*/(Tom) : <b>Tom</b> runs in a circle. (100,190,2)
[01:05:14]EMOTE: *no key*/(Kong III) : <b>Kong III</b> jumps! (133,134,2)
[01:05:26]EMOTE: *no key*/(monkey (94)) : <b>The monkey (94)</b> scratches. (161,117,2)
[01:05:32]EMOTE: *no key*/(Poly) : <b>Poly</b> looks in the Power-ON cartridge's direction and takes flight. (115,79,2)
[01:06:00]EMOTE: Clone305/(mouse) : <b>The mouse</b> nuzzles the reinforced window. (166,81,2)
[01:06:00]EMOTE: Clone305/(mouse) : <b>The mouse</b> nuzzles the reinforced window. (166,81,2)
[01:06:00]EMOTE: Clone305/(mouse) : <b>The mouse</b> nuzzles the reinforced window. (166,81,2)
[01:06:01]EMOTE: Clone305/(mouse) : <b>The mouse</b> nuzzles the reinforced window. (166,81,2)
[01:06:01]EMOTE: Clone305/(mouse) : <b>The mouse</b> nuzzles the reinforced window. (166,81,2)
[01:06:01]EMOTE: Clone305/(mouse) : <b>The mouse</b> nuzzles the reinforced window. (166,81,2)
[01:06:02]EMOTE: Clone305/(mouse) : <b>The mouse</b> nuzzles the reinforced window. (166,81,2)
[01:06:02]EMOTE: Clone305/(mouse) : <b>The mouse</b> nuzzles the reinforced window. (166,81,2)
[01:06:02]EMOTE: Clone305/(mouse) : <b>The mouse</b> nuzzles the reinforced window. (166,81,2)
[01:06:02]EMOTE: Clone305/(mouse) : <b>The mouse</b> nuzzles the reinforced window. (166,81,2)
[01:06:02]EMOTE: Clone305/(mouse) : <b>The mouse</b> nuzzles the reinforced window. (166,81,2)
[01:06:02]EMOTE: Clone305/(mouse) : <b>The mouse</b> nuzzles the reinforced window. (166,81,2)
[01:06:03]EMOTE: Clone305/(mouse) : <b>The mouse</b> nuzzles the reinforced window. (166,81,2)
[01:06:03]EMOTE: Clone305/(mouse) : <b>The mouse</b> nuzzles the reinforced window. (166,81,2)
[01:06:03]EMOTE: Clone305/(mouse) : <b>The mouse</b> nuzzles the reinforced window. (166,81,2)
[01:06:03]EMOTE: Clone305/(mouse) : <b>The mouse</b> nuzzles the reinforced window. (166,81,2)
[01:06:03]EMOTE: Clone305/(mouse) : <b>The mouse</b> nuzzles the reinforced window. (166,81,2)
[01:06:03]EMOTE: Clone305/(mouse) : <b>The mouse</b> nuzzles the reinforced window. (166,81,2)
[01:06:04]EMOTE: Clone305/(mouse) : <b>The mouse</b> nuzzles the reinforced window. (166,81,2)
[01:06:04]EMOTE: Clone305/(mouse) : <b>The mouse</b> nuzzles the reinforced window. (166,81,2)
[01:06:04]EMOTE: Clone305/(mouse) : <b>The mouse</b> nuzzles the reinforced window. (166,81,2)
[01:06:04]EMOTE: Clone305/(mouse) : <b>The mouse</b> nuzzles the reinforced window. (166,81,2)
[01:06:04]EMOTE: Clone305/(mouse) : <b>The mouse</b> nuzzles the reinforced window. (166,81,2)
[01:06:04]EMOTE: Clone305/(mouse) : <b>The mouse</b> nuzzles the reinforced window. (166,81,2)
[01:06:05]EMOTE: Clone305/(mouse) : <b>The mouse</b> nuzzles the reinforced window. (166,81,2)
[01:06:06]SAY: emergency Medibot/ : There&#39;s always a catch, and I&#39;m the best there is. (90,180,5)
[01:06:08]EMOTE: Clone305/(mouse) : <b>The mouse</b> nuzzles the scrubbers pipe. (166,80,2)
[01:06:09]EMOTE: Clone305/(mouse) : <b>The mouse</b> nuzzles the scrubbers pipe. (166,80,2)
[01:06:10]EMOTE: Clone305/(mouse) : <b>The mouse</b> nuzzles the scrubbers pipe. (166,80,2)
[01:06:10]EMOTE: Clone305/(mouse) : <b>The mouse</b> nuzzles the scrubbers pipe. (166,80,2)
[01:06:10]EMOTE: Clone305/(mouse) : <b>The mouse</b> nuzzles the scrubbers pipe. (166,80,2)
[01:06:10]EMOTE: Clone305/(mouse) : <b>The mouse</b> nuzzles the scrubbers pipe. (166,80,2)
[01:06:10]EMOTE: Clone305/(mouse) : <b>The mouse</b> nuzzles the scrubbers pipe. (166,80,2)
[01:06:11]EMOTE: Clone305/(mouse) : <b>The mouse</b> nuzzles the scrubbers pipe. (166,80,2)
[01:06:11]EMOTE: Clone305/(mouse) : <b>The mouse</b> nuzzles the scrubbers pipe. (166,80,2)
[01:06:11]EMOTE: Clone305/(mouse) : <b>The mouse</b> nuzzles the scrubbers pipe. (166,80,2)
[01:06:15]SAY: Santiago Buttersworth/NeonGuardian : Hi (109,71,2)
[01:06:16]EMOTE: *no key*/(grey baby slime (913)) : <b>The grey baby slime (913)</b> bounces in place. (166,94,2)
[01:06:20]SAY: Rachael Stern/Rspikes10 : i just found the geneticist dead (111,71,2)
[01:06:21]EMOTE: Clone305/(mouse) : <b>The mouse</b> nuzzles the disposal pipe. (166,81,2)
[01:06:21]EMOTE: Clone305/(mouse) : <b>The mouse</b> nuzzles the disposal pipe. (166,81,2)
[01:06:21]EMOTE: Clone305/(mouse) : <b>The mouse</b> nuzzles the disposal pipe. (166,81,2)
[01:06:22]EMOTE: Clone305/(mouse) : <b>The mouse</b> nuzzles the air supply pipe. (166,81,2)
[01:06:22]EMOTE: Clone305/(mouse) : <b>The mouse</b> nuzzles the air supply pipe. (166,81,2)
[01:06:22]EMOTE: Clone305/(mouse) : <b>The mouse</b> nuzzles the air supply pipe. (166,81,2)
[01:06:22]EMOTE: Clone305/(mouse) : <b>The mouse</b> nuzzles the air supply pipe. (166,81,2)
[01:06:22]SAY: Medibot/ : Delicious! (154,73,1)
[01:06:22]EMOTE: Clone305/(mouse) : <b>The mouse</b> nuzzles the air supply pipe. (166,81,2)
[01:06:23]EMOTE: Clone305/(mouse) : <b>The mouse</b> nuzzles the air supply pipe. (166,81,2)
[01:06:23]EMOTE: Clone305/(mouse) : <b>The mouse</b> nuzzles the air supply pipe. (166,81,2)
[01:06:23]EMOTE: Clone305/(mouse) : <b>The mouse</b> nuzzles the air supply pipe. (166,81,2)
[01:06:23]EMOTE: Clone305/(mouse) : <b>The mouse</b> nuzzles the air supply pipe. (166,81,2)
[01:06:23]EMOTE: Clone305/(mouse) : <b>The mouse</b> nuzzles the air supply pipe. (166,81,2)
[01:06:23]EMOTE: Clone305/(mouse) : <b>The mouse</b> nuzzles the air supply pipe. (166,81,2)
[01:06:24]EMOTE: Clone305/(mouse) : <b>The mouse</b> nuzzles the air supply pipe. (166,81,2)
[01:06:26]EMOTE: Clone305/(mouse) : <b>The mouse</b> nuzzles the chair. (169,80,2)
[01:06:26]EMOTE: Clone305/(mouse) : <b>The mouse</b> nuzzles the chair. (169,80,2)
[01:06:27]SAY: Rachael Stern/Rspikes10 : your the only one i could find (111,71,2)
[01:06:34]EMOTE: *no key*/(grey baby slime (655)) : <b>The grey baby slime (655)</b> jiggles! (175,92,2)
[01:06:42]SAY: Santiago Buttersworth/NeonGuardian : I have been here the entire time (109,71,2)
[01:06:42]EMOTE: *no key*/(mouse) : <b>The mouse</b> runs in a circle. (91,154,2)
[01:06:45]SAY: Rachael Stern/Rspikes10 : they were decapitated (111,71,2)
[01:06:49]SAY: mouse/Clone305 : hello?! (169,80,2)
[01:06:51]SAY: Santiago Buttersworth/NeonGuardian : Oh crap (109,71,2)
[01:06:54]EMOTE: *no key*/(Tom) : <b>Tom</b> runs in a circle. (100,189,2)
[01:06:56]EMOTE: *no key*/(Paperwork) : <b>Paperwork</b> dozes off. (83,124,2)
[01:06:59]EMOTE: *no key*/(monkey (204)) : <b>The monkey (204)</b> jumps! (159,99,2)
[01:06:59]EMOTE: *no key*/(monkey (320)) : <b>The monkey (320)</b> scratches. (161,117,2)
[01:07:04]EMOTE: Clone305/(mouse) : <b>The mouse</b> nuzzles the maintenance access. (163,86,2)
[01:07:05]EMOTE: Clone305/(mouse) : <b>The mouse</b> nuzzles the maintenance access. (163,86,2)
[01:07:05]EMOTE: Clone305/(mouse) : <b>The mouse</b> nuzzles the maintenance access. (163,86,2)
[01:07:05]EMOTE: Clone305/(mouse) : <b>The mouse</b> nuzzles the maintenance access. (163,86,2)
[01:07:05]EMOTE: Clone305/(mouse) : <b>The mouse</b> nuzzles the maintenance access. (163,86,2)
[01:07:05]EMOTE: Clone305/(mouse) : <b>The mouse</b> nuzzles the maintenance access. (163,86,2)
[01:07:05]EMOTE: Clone305/(mouse) : <b>The mouse</b> nuzzles the maintenance access. (163,86,2)
[01:07:06]EMOTE: Clone305/(mouse) : <b>The mouse</b> nuzzles the maintenance access. (163,86,2)
[01:07:10]SAY: mouse/ : Squeek! (96,77,2)
[01:07:19]EMOTE: *no key*/(Runtime) : <b>Runtime</b> gets up and meows. (158,110,2)
[01:07:20]SAY: Santiago Buttersworth/NeonGuardian : So what happens now? (109,71,2)
[01:07:25]SAY: Rachael Stern/Rspikes10 : i dont know (111,71,2)
[01:07:30]SAY: Rachael Stern/Rspikes10 : but i need to ask questions (111,71,2)
[01:07:33]SAY: Rachael Stern/Rspikes10 : follow me (111,71,2)
[01:07:35]EMOTE: *no key*/(monkey (451)) : <b>The monkey (451)</b> waves her tail. (158,99,2)
[01:07:38]EMOTE: *no key*/(Paperwork) : <b>Paperwork</b> dozes off. (83,124,2)
[01:07:42]EMOTE: *no key*/(Poly) : <b>Poly</b> looks in the Power-ON cartridge's direction and takes flight. (115,79,2)
[01:07:44]EMOTE: *no key*/(mouse) : <b>The mouse</b> runs in a circle. (97,79,2)
[01:07:46]EMOTE: Clone305/(mouse) : <b>The mouse</b> nuzzles the reinforced window. (166,80,2)
[01:07:46]EMOTE: Clone305/(mouse) : <b>The mouse</b> nuzzles the reinforced window. (166,80,2)
[01:07:46]EMOTE: *no key*/(mouse) : <b>The mouse</b> squeeks. (164,147,2)
[01:07:47]EMOTE: Clone305/(mouse) : <b>The mouse</b> nuzzles the reinforced window. (166,80,2)
[01:07:47]EMOTE: Clone305/(mouse) : <b>The mouse</b> nuzzles the reinforced window. (166,80,2)
[01:07:47]EMOTE: Clone305/(mouse) : <b>The mouse</b> nuzzles the reinforced window. (166,80,2)
[01:07:47]EMOTE: Clone305/(mouse) : <b>The mouse</b> nuzzles the reinforced window. (166,80,2)
[01:07:47]EMOTE: Clone305/(mouse) : <b>The mouse</b> nuzzles the reinforced window. (166,80,2)
[01:07:50]EMOTE: Clone305/(mouse) : <b>The mouse</b> nuzzles the reinforced window. (166,80,2)
[01:07:50]EMOTE: Clone305/(mouse) : <b>The mouse</b> nuzzles the reinforced window. (166,80,2)
[01:07:50]EMOTE: Clone305/(mouse) : <b>The mouse</b> nuzzles the reinforced window. (166,80,2)
[01:07:50]EMOTE: Clone305/(mouse) : <b>The mouse</b> nuzzles the reinforced window. (166,80,2)
[01:07:50]EMOTE: Clone305/(mouse) : <b>The mouse</b> nuzzles the reinforced window. (166,80,2)
[01:07:51]EMOTE: Clone305/(mouse) : <b>The mouse</b> nuzzles the reinforced window. (166,80,2)
[01:07:51]EMOTE: Clone305/(mouse) : <b>The mouse</b> nuzzles the reinforced window. (166,80,2)
[01:07:51]EMOTE: Clone305/(mouse) : <b>The mouse</b> nuzzles the reinforced window. (166,80,2)
[01:07:51]EMOTE: Clone305/(mouse) : <b>The mouse</b> nuzzles the reinforced window. (166,80,2)
[01:07:54]SAY: Rachael Stern/Rspikes10 : this will do (121,91,2)
[01:08:00]SAY: Nobody's Perfect/ : Delicious! (24,75,1)
[01:08:03]EMOTE: *no key*/(monkey (94)) : <b>The monkey (94)</b> waves his tail. (161,118,2)
[01:08:04]SAY: Rachael Stern/Rspikes10 : so (121,90,2)
[01:08:07]EMOTE: *no key*/(monkey (954)) : <b>The monkey (954)</b> scratches. (160,99,2)
[01:08:10]EMOTE: *no key*/(mouse) : <b>The mouse</b> shakes. (91,153,2)
[01:08:14]SAY: Medibot/ : I knew it, I should&#39;ve been a plastic surgeon. (155,73,1)
[01:08:15]EMOTE: *no key*/(grey baby slime (913)) : <b>The grey baby slime (913)</b> bounces in place. (167,93,2)
[01:08:17]EMOTE: *no key*/(monkey (729)) : <b>The monkey (729)</b> scratches. (159,101,2)
[01:08:24]SAY: mouse/Clone305 : HELP!! (168,80,2)
[01:08:30]SAY: Rachael Stern/Rspikes10 : bye (121,90,2)
[01:08:31]EMOTE: *no key*/(monkey (785)) : <b>The monkey (785)</b> jumps! (160,118,2)
[01:08:32]SAY: mouse/Clone305 : HELP ME!!!!!!!!!!!!!!!!!! (168,80,2)
[01:08:33]EMOTE: *no key*/(Runtime) : <b>Runtime</b> stretches out for a belly rub. (160,110,2)
[01:08:33]SAY: Medibot/ : I knew it, I should&#39;ve been a plastic surgeon. (154,73,1)
[01:08:35]EMOTE: NeonGuardian/(Santiago Buttersworth) : <b>Santiago Buttersworth</b> seizes up and falls limp, their eyes dead and lifeless... (121,91,2)
[01:08:37]SAY: Medibot/ : Radar, put a mask on! (155,73,1)
[01:08:42]ACCESS: Mob Login: NeonGuardian/(Santiago Buttersworth) was assigned to a /mob/dead/observer
[01:08:57]EMOTE: *no key*/(monkey (729)) : <b>The monkey (729)</b> waves her tail. (158,101,2)
[01:09:03]EMOTE: *no key*/(Runtime) : <b>Runtime</b> sits down. (160,110,2)
[01:09:15]EMOTE: *no key*/(grey baby slime (655)) : <b>The grey baby slime (655)</b> lights up for a bit, then stops. (176,93,2)
[01:09:15]SAY: Poly/ : I started should be done soon (117,82,2)
[01:09:29]SAY: Nobody's Perfect/ : There&#39;s always a catch, and I&#39;m the best there is. (24,75,1)
[01:09:37]EMOTE: *no key*/(monkey (204)) : <b>The monkey (204)</b> scratches. (161,99,2)
[01:09:39]EMOTE: *no key*/(monkey (729)) : <b>The monkey (729)</b> waves her tail. (161,101,2)
[01:09:45]EMOTE: *no key*/(mouse) : <b>The mouse</b> runs in a circle. (165,148,2)
[01:09:47]SAY: mouse/ : Squeek? (81,79,2)
[01:09:53]SAY: grey baby slime (913)/ : Blop... (167,94,2)
[01:10:01]EMOTE: *no key*/(monkey (36)) : <b>The monkey (36)</b> scratches. (157,101,2)
[01:10:11]EMOTE: *no key*/(Poly) : <b>Poly</b> looks in the Power-ON cartridge's direction and takes flight. (115,79,2)
[01:10:15]ACCESS: Mob Login: Clone305/(mouse) was assigned to a /mob/dead/observer
[01:10:17]EMOTE: *no key*/(Runtime) : <b>Runtime</b> crouches on its hind legs. (160,110,2)
[01:10:21]EMOTE: *no key*/(monkey (451)) : <b>The monkey (451)</b> scratches. (160,99,2)
[01:10:21]SAY: Tom/ : Squeek! (101,190,2)
[01:10:25]EMOTE: *no key*/(Runtime) : <b>Runtime</b> stops resting. (160,110,2)
[01:10:35]EMOTE: *no key*/(Runtime) : <b>Runtime</b> grooms its fur. (160,110,2)
[01:10:45]EMOTE: *no key*/(mouse) : <b>The mouse</b> squeeks. (166,148,2)
[01:10:49]EMOTE: *no key*/(Runtime) : <b>Runtime</b> meows. (160,109,2)
[01:10:53]EMOTE: *no key*/(monkey (94)) : <b>The monkey (94)</b> waves his tail. (161,117,2)
[01:10:53]EMOTE: *no key*/(monkey (610)) : <b>The monkey (610)</b> rolls. (160,119,2)
[01:11:09]EMOTE: *no key*/(grey baby slime (913)) : <b>The grey baby slime (913)</b> jiggles! (166,94,2)
[01:11:11]EMOTE: *no key*/(grey baby slime (655)) : <b>The grey baby slime (655)</b> lights up for a bit, then stops. (176,93,2)
[01:11:11]EMOTE: *no key*/(Poly) : <b>Poly</b> looks in the Power-ON cartridge's direction and takes flight. (115,79,2)
[01:11:17]EMOTE: *no key*/(grey baby slime (913)) : <b>The grey baby slime (913)</b> vibrates! (166,92,2)
[01:11:17]EMOTE: *no key*/(monkey (36)) : <b>The monkey (36)</b> scratches. (158,100,2)
[01:11:19]EMOTE: *no key*/(Runtime) : <b>Runtime</b> shakes out its coat. (159,107,2)
[01:11:34]GAME: Random Event triggering: Minor Space Dust (/datum/round_event/space_dust)
[01:11:41]EMOTE: *no key*/(mouse) : <b>The mouse</b> runs in a circle. (81,83,2)
[01:11:45]SAY: mouse/ : Squeek! (165,148,2)
[01:11:45]SAY: emergency Medibot/ : I knew it, I should&#39;ve been a plastic surgeon. (90,180,5)
[01:11:55]EMOTE: *no key*/(monkey (310)) : <b>The monkey (310)</b> rolls. (161,117,2)
[01:12:07]EMOTE: *no key*/(Poly) : <b>Poly</b> flutters its wings. (115,79,2)
[01:12:09]SAY: Poly/ : I&#39;d rather toolbox than switch. (115,79,2)
[01:12:17]EMOTE: *no key*/(Poly) : <b>Poly</b> looks in the Power-ON cartridge's direction and takes flight. (115,79,2)
[01:12:33]EMOTE: *no key*/(mouse) : <b>The mouse</b> squeeks. (93,153,2)
[01:12:43]EMOTE: *no key*/(monkey (451)) : <b>The monkey (451)</b> rolls. (158,99,2)
[01:12:47]SAY: Medibot/ : What kind of medbay is this? Everyone&#39;s dropping like flies. (154,73,1)
[01:12:47]EMOTE: *no key*/(Paperwork) : <b>Paperwork</b> snores. (77,123,2)
[01:12:49]EMOTE: *no key*/(monkey (610)) : <b>The monkey (610)</b> rolls. (160,119,2)
[01:12:50]SAY: Todd Meyers/Oakydoky : come out (119,80,2)
[01:12:51]EMOTE: *no key*/(monkey (634)) : <b>The monkey (634)</b> rolls. (159,120,2)
[01:12:53]EMOTE: *no key*/(grey baby slime (655)) : <b>The grey baby slime (655)</b> vibrates! (177,94,2)
[01:12:54]SAY: Todd Meyers/Oakydoky : with no weapons (119,80,2)
[01:13:05]EMOTE: *no key*/(monkey (94)) : <b>The monkey (94)</b> scratches. (161,117,2)
[01:13:10]SAY: Todd Meyers/Oakydoky : now (119,79,2)
[01:13:11]EMOTE: *no key*/(Paperwork) : <b>Paperwork</b> yawns. (79,123,2)
[01:13:17]SAY: Medibot/ : Delicious! (155,73,1)
[01:13:19]EMOTE: *no key*/(Poly) : <b>Poly</b> looks in the Power-ON cartridge's direction and takes flight. (115,79,2)
[01:13:35]EMOTE: *no key*/(monkey (954)) : <b>The monkey (954)</b> scratches. (157,100,2)
[01:13:37]SAY: Medibot/ : What kind of medbay is this? Everyone&#39;s dropping like flies. (155,73,1)
[01:13:51]EMOTE: *no key*/(monkey (785)) : <b>The monkey (785)</b> rolls. (161,118,2)
[01:13:53]EMOTE: *no key*/(Runtime) : <b>Runtime</b> lies down. (159,107,2)
[01:13:59]EMOTE: Rspikes10/(Rachael Stern) : <b>Rachael Stern</b> gasps! (120,76,2)
[01:14:03]EMOTE: Rspikes10/(Rachael Stern) : <b>Rachael Stern</b> seizes up and falls limp, their eyes dead and lifeless... (120,76,2)
[01:14:22]OOC: Rspikes10/(Rachael Stern) : damnit (120,76,2)
[01:14:31]EMOTE: *no key*/(Poly) : <b>Poly</b> looks in the Power-ON cartridge's direction and takes flight. (115,79,2)
[01:14:33]SAY: Tom/ : Squeek? (102,190,2)
[01:14:39]EMOTE: *no key*/(Runtime) : <b>Runtime</b> stops resting. (159,107,2)
[01:14:49]SAY: emergency Medibot/ : Radar, put a mask on! (90,180,5)
[01:14:51]EMOTE: *no key*/(monkey (785)) : <b>The monkey (785)</b> scratches. (161,120,2)
[01:14:59]EMOTE: *no key*/(monkey (94)) : <b>The monkey (94)</b> scratches. (160,119,2)
[01:15:16]ACCESS: Logout: Rspikes10/(Rachael Stern)
[01:15:19]EMOTE: *no key*/(Poly) : <b>Poly</b> flutters its wings. (115,79,2)
[01:15:21]SAY: emergency Medibot/ : There&#39;s always a catch, and I&#39;m the best there is. (90,180,5)
[01:15:23]EMOTE: *no key*/(grey baby slime (655)) : <b>The grey baby slime (655)</b> jiggles! (175,93,2)
[01:15:23]EMOTE: *no key*/(mouse) : <b>The mouse</b> shakes. (93,154,2)
[01:15:33]EMOTE: *no key*/(Poly) : <b>Poly</b> looks in the Power-ON cartridge's direction and takes flight. (115,79,2)
[01:15:35]EMOTE: *no key*/(monkey (729)) : <b>The monkey (729)</b> scratches. (161,99,2)
[01:15:37]EMOTE: *no key*/(Runtime) : <b>Runtime</b> looks alert. (158,108,2)
[01:15:37]SAY: Medibot/ : Radar, put a mask on! (154,73,1)
[01:15:51]EMOTE: *no key*/(monkey (610)) : <b>The monkey (610)</b> scratches. (160,118,2)
[01:15:51]EMOTE: *no key*/(Paperwork) : <b>Paperwork</b> looks around sleepily. (77,123,2)
[01:15:57]GAME: Random Event triggering: Camera Failure (/datum/round_event/camera_failure)
[01:15:59]EMOTE: *no key*/(grey baby slime (655)) : <b>The grey baby slime (655)</b> bounces in place. (176,92,2)
[01:16:03]SAY: Nobody's Perfect/ : There&#39;s always a catch, and I&#39;m the best there is. (24,75,1)
[01:16:15]EMOTE: *no key*/(monkey (94)) : <b>The monkey (94)</b> jumps! (161,120,2)
[01:16:15]SAY: Medibot/ : There&#39;s always a catch, and I&#39;m the best there is. (154,73,1)
[01:16:25]SAY: emergency Medibot/ : Delicious! (90,180,5)
[01:16:29]SAY: mouse/ : Squeek? (165,148,2)
[01:16:35]EMOTE: *no key*/(Runtime) : <b>Runtime</b> walks around. (158,108,2)
[01:16:39]EMOTE: *no key*/(Runtime) : <b>Runtime</b> sits down. (158,108,2)
[01:16:39]EMOTE: *no key*/(Poly) : <b>Poly</b> looks in the Power-ON cartridge's direction and takes flight. (115,79,2)
[01:16:49]EMOTE: *no key*/(mouse) : <b>The mouse</b> shakes. (166,147,2)
[01:16:51]EMOTE: *no key*/(monkey (729)) : <b>The monkey (729)</b> waves her tail. (160,99,2)
[01:16:53]EMOTE: *no key*/(mouse) : <b>The mouse</b> shakes. (97,80,2)
[01:17:09]EMOTE: *no key*/(Runtime) : <b>Runtime</b> sits down. (158,108,2)
[01:17:11]EMOTE: *no key*/(Runtime) : <b>Runtime</b> sits down. (158,108,2)
[01:17:19]EMOTE: *no key*/(monkey (785)) : <b>The monkey (785)</b> jumps! (161,119,2)
[01:17:21]EMOTE: *no key*/(Kong III) : <b>Kong III</b> scratches. (138,138,2)
[01:17:23]EMOTE: *no key*/(Runtime) : <b>Runtime</b> sits down. (158,108,2)
[01:17:37]SAY: Medibot/ : There&#39;s always a catch, and I&#39;m the best there is. (155,73,1)
[01:17:39]SAY: mouse/ : SQUEEK! (79,80,2)
[01:17:43]EMOTE: *no key*/(Poly) : <b>Poly</b> looks in the Power-ON cartridge's direction and takes flight. (115,79,2)
[01:17:55]EMOTE: *no key*/(monkey (451)) : <b>The monkey (451)</b> rolls. (157,101,2)
[01:17:59]EMOTE: *no key*/(grey baby slime (913)) : <b>The grey baby slime (913)</b> jiggles! (165,92,2)
[01:18:13]SAY: Poly/ : Don&#39;t believe the reports - smoke today! (119,79,2)
[01:18:47]SAY: grey baby slime (655)/ : Rawr... (176,94,2)
[01:18:47]SAY: grey baby slime (913)/ : Rawr... (166,93,2)
[01:19:11]EMOTE: *no key*/(monkey (36)) : <b>The monkey (36)</b> waves her tail. (161,101,2)
[01:19:13]EMOTE: *no key*/(monkey (634)) : <b>The monkey (634)</b> scratches. (159,120,2)
[01:19:27]EMOTE: *no key*/(Poly) : <b>Poly</b> bawks! (117,82,2)
[01:19:37]EMOTE: *no key*/(Kong III) : <b>Kong III</b> waves its tail. (142,137,2)
[01:19:37]SAY: mouse/ : Squeek? (98,81,2)
[01:19:47]EMOTE: *no key*/(monkey (36)) : <b>The monkey (36)</b> rolls. (160,100,2)
[01:19:57]GAME: Random Event triggering: Camera Failure (/datum/round_event/camera_failure)
[01:19:57]SAY: emergency Medibot/ : There&#39;s always a catch, and I&#39;m the best there is. (90,180,5)
[01:20:01]SAY: grey baby slime (655)/ : Lonely... (177,94,2)
[01:20:01]EMOTE: *no key*/(monkey (94)) : <b>The monkey (94)</b> waves his tail. (160,117,2)
[01:20:21]EMOTE: *no key*/(Poly) : <b>Poly</b> looks in the Power-ON cartridge's direction and takes flight. (115,79,2)
[01:20:37]EMOTE: *no key*/(mouse) : <b>The mouse</b> shakes. (168,149,2)
[01:20:47]EMOTE: *no key*/(monkey (451)) : <b>The monkey (451)</b> jumps! (159,99,2)
[01:20:49]EMOTE: *no key*/(grey baby slime (913)) : <b>The grey baby slime (913)</b> vibrates! (167,92,2)
[01:20:51]GAME: Oakydoky/(Todd Meyers) has called the shuttle.
[01:20:51]GAME: Shuttle call reason: EVERYONE WAS KILLED BY THE CAPTAIN AND I&#34;M THE TRAITOR
[01:21:05]EMOTE: *no key*/(monkey (320)) : <b>The monkey (320)</b> rolls. (160,119,2)
[01:21:11]EMOTE: *no key*/(monkey (729)) : <b>The monkey (729)</b> jumps! (161,101,2)
[01:21:31]EMOTE: *no key*/(monkey (94)) : <b>The monkey (94)</b> rolls. (160,118,2)
[01:21:31]SAY: emergency Medibot/ : There&#39;s always a catch, and I&#39;m the best there is. (90,180,5)
[01:21:33]EMOTE: *no key*/(monkey (785)) : <b>The monkey (785)</b> jumps! (161,119,2)
[01:21:39]EMOTE: *no key*/(monkey (785)) : <b>The monkey (785)</b> rolls. (160,118,2)
[01:21:40]EMOTE: *no key*/(Paperwork) : <b>Paperwork</b> dozes off. (74,121,2)
[01:21:51]EMOTE: *no key*/(monkey (451)) : <b>The monkey (451)</b> waves her tail. (159,99,2)
[01:21:54]SAY: Nobody's Perfect/ : Delicious! (24,75,1)
[01:21:57]SAY: mouse/ : SQUEEK! (97,149,2)
[01:22:03]EMOTE: *no key*/(monkey (954)) : <b>The monkey (954)</b> rolls. (158,100,2)
[01:22:10]EMOTE: *no key*/(Paperwork) : <b>Paperwork</b> yawns. (75,119,2)
[01:22:11]EMOTE: *no key*/(Poly) : <b>Poly</b> bawks! (118,81,2)
[01:22:21]EMOTE: *no key*/(Runtime) : <b>Runtime</b> lies down. (158,108,2)
[01:22:21]EMOTE: *no key*/(mouse) : <b>The mouse</b> runs in a circle. (169,149,2)
[01:22:39]EMOTE: *no key*/(crab) : <b>The crab</b> clicks. (43,32,8)
[01:22:49]EMOTE: *no key*/(monkey (310)) : <b>The monkey (310)</b> rolls. (161,118,2)
[01:22:50]SAY: Poly/ : No air in engineering (115,79,2)
[01:22:51]SAY: mouse/ : SQUEEK! (169,148,2)
[01:23:11]EMOTE: *no key*/(monkey (320)) : <b>The monkey (320)</b> scratches. (160,118,2)
[01:23:15]SAY: Medibot/ : Radar, put a mask on! (155,73,1)
[01:23:16]EMOTE: *no key*/(Poly) : <b>Poly</b> looks in the Power-ON cartridge's direction and takes flight. (115,79,2)
[01:23:21]EMOTE: *no key*/(monkey (634)) : <b>The monkey (634)</b> jumps! (159,120,2)
[01:23:21]EMOTE: *no key*/(monkey (729)) : <b>The monkey (729)</b> scratches. (159,100,2)
[01:23:31]EMOTE: *no key*/(crab) : <b>The crab</b> clacks. (42,32,8)
[01:23:35]SAY: Tom/ : SQUEEK! (102,190,2)
[01:23:39]SAY: grey baby slime (655)/ : I want to eat... (176,92,2)
[01:23:45]EMOTE: *no key*/(monkey (310)) : <b>The monkey (310)</b> waves his tail. (160,118,2)
[01:23:47]EMOTE: *no key*/(mouse) : <b>The mouse</b> runs in a circle. (98,79,2)
[01:23:51]EMOTE: *no key*/(Runtime) : <b>Runtime</b> mews. (158,108,2)
[01:24:09]EMOTE: *no key*/(Runtime) : <b>Runtime</b> sits down. (158,108,2)
[01:24:19]SAY: Medibot/ : I knew it, I should&#39;ve been a plastic surgeon. (155,73,1)
[01:24:21]EMOTE: *no key*/(monkey (310)) : <b>The monkey (310)</b> rolls. (161,117,2)
[01:24:38]EMOTE: *no key*/(Poly) : <b>Poly</b> looks in the Power-ON cartridge's direction and takes flight. (115,79,2)
[01:24:38]EMOTE: *no key*/(Paperwork) : <b>Paperwork</b> snores. (77,120,2)
[01:24:55]EMOTE: *no key*/(monkey (634)) : <b>The monkey (634)</b> scratches. (159,120,2)
[01:25:05]EMOTE: *no key*/(Runtime) : <b>Runtime</b> crouches on its hind legs. (158,108,2)
[01:25:09]EMOTE: *no key*/(monkey (610)) : <b>The monkey (610)</b> rolls. (160,116,2)
[01:25:12]SAY: Poly/ : With no weapons (115,79,2)
[01:25:25]EMOTE: *no key*/(monkey (610)) : <b>The monkey (610)</b> scratches. (160,116,2)
[01:25:37]EMOTE: *no key*/(monkey (36)) : <b>The monkey (36)</b> waves her tail. (160,101,2)
[01:25:40]EMOTE: *no key*/(Poly) : <b>Poly</b> looks in the Power-ON cartridge's direction and takes flight. (115,79,2)
[01:25:43]EMOTE: *no key*/(Runtime) : <b>Runtime</b> wags its tail. (158,108,2)
[01:25:49]EMOTE: *no key*/(Runtime) : <b>Runtime</b> stops resting. (158,108,2)
[01:26:00]SAY: Medibot/ : I knew it, I should&#39;ve been a plastic surgeon. (154,73,1)
[01:26:08]EMOTE: *no key*/(mouse) : <b>The mouse</b> squeeks. (96,146,2)
[01:26:10]SAY: mouse/ : Squeek! (81,79,2)
[01:26:19]EMOTE: *no key*/(monkey (320)) : <b>The monkey (320)</b> waves his tail. (160,120,2)
[01:26:19]EMOTE: *no key*/(Runtime) : <b>Runtime</b> lies down. (158,107,2)
[01:26:24]SAY: Medibot/ : Delicious! (154,73,1)
[01:26:27]EMOTE: *no key*/(monkey (204)) : <b>The monkey (204)</b> jumps! (157,101,2)
[01:26:27]EMOTE: *no key*/(monkey (610)) : <b>The monkey (610)</b> rolls. (161,118,2)
[01:26:44]EMOTE: *no key*/(mouse) : <b>The mouse</b> squeeks. (98,81,2)
[01:26:45]EMOTE: *no key*/(Runtime) : <b>Runtime</b> lies down. (158,107,2)
[01:26:47]EMOTE: *no key*/(monkey (634)) : <b>The monkey (634)</b> scratches. (159,120,2)
[01:26:52]EMOTE: *no key*/(Poly) : <b>Poly</b> looks in the Power-ON cartridge's direction and takes flight. (115,79,2)
[01:26:54]EMOTE: *no key*/(crab) : <b>The crab</b> clacks. (45,32,8)
[01:27:08]EMOTE: *no key*/(Paperwork) : <b>Paperwork</b> dozes off. (76,120,2)
[01:27:26]EMOTE: *no key*/(Tom) : <b>Tom</b> squeeks. (103,191,2)
[01:27:35]EMOTE: *no key*/(Kong III) : <b>Kong III</b> waves its tail. (136,138,2)
[01:27:39]EMOTE: *no key*/(monkey (954)) : <b>The monkey (954)</b> jumps! (157,99,2)
[01:27:44]EMOTE: *no key*/(Poly) : <b>Poly</b> bawks! (115,79,2)
[01:27:50]SAY: emergency Medibot/ : I knew it, I should&#39;ve been a plastic surgeon. (90,180,5)
[01:27:53]EMOTE: *no key*/(monkey (36)) : <b>The monkey (36)</b> jumps! (159,100,2)
[01:28:10]EMOTE: *no key*/(Poly) : <b>Poly</b> looks in the Power-ON cartridge's direction and takes flight. (115,79,2)
[01:28:15]EMOTE: *no key*/(monkey (94)) : <b>The monkey (94)</b> jumps! (160,117,2)
[01:28:33]EMOTE: *no key*/(monkey (634)) : <b>The monkey (634)</b> scratches. (159,120,2)
[01:28:35]GAME: Random Event triggering: Minor Space Dust (/datum/round_event/space_dust)
[01:28:42]SAY: Poly/ : I&#39;d rather toolbox than switch. (115,79,2)
[01:28:44]SAY: Runtime/ : Meow! (158,107,2)
[01:28:48]SAY: mouse/ : SQUEEK! (97,144,2)
[01:28:50]EMOTE: *no key*/(mouse) : <b>The mouse</b> squeeks. (173,149,2)
[01:28:52]EMOTE: *no key*/(mouse) : <b>The mouse</b> squeeks. (97,144,2)
[01:28:58]SAY: Poly/ : Smoke! (115,79,2)
[01:29:11]EMOTE: *no key*/(Runtime) : <b>Runtime</b> gets up and meows. (158,107,2)
[01:29:16]EMOTE: *no key*/(Poly) : <b>Poly</b> looks in the Power-ON cartridge's direction and takes flight. (115,79,2)
[01:29:23]EMOTE: *no key*/(monkey (785)) : <b>The monkey (785)</b> rolls. (161,117,2)
[01:29:30]EMOTE: *no key*/(mouse) : <b>The mouse</b> runs in a circle. (82,80,2)
[01:29:31]EMOTE: *no key*/(Kong III) : <b>Kong III</b> waves its tail. (133,138,2)
[01:29:34]SAY: mouse/ : Squeek! (173,149,2)
[01:29:57]EMOTE: *no key*/(Runtime) : <b>Runtime</b> looks alert. (159,109,2)
[01:30:14]EMOTE: *no key*/(Paperwork) : <b>Paperwork</b> snores. (73,120,2)
[01:30:19]EMOTE: *no key*/(monkey (204)) : <b>The monkey (204)</b> scratches. (159,99,2)
[01:30:20]SAY: Medibot/ : Delicious! (155,73,1)
[01:30:23]EMOTE: *no key*/(monkey (94)) : <b>The monkey (94)</b> jumps! (160,117,2)
[01:30:24]SAY: emergency Medibot/ : There&#39;s always a catch, and I&#39;m the best there is. (90,180,5)
[01:30:36]SAY: Medibot/ : What kind of medbay is this? Everyone&#39;s dropping like flies. (155,73,1)
[01:30:38]EMOTE: *no key*/(Poly) : <b>Poly</b> looks in the Power-ON cartridge's direction and takes flight. (115,79,2)
[01:30:48]SAY: Poly/ : Space cigs taste good like a cigarette should. (116,79,2)
[01:30:53]EMOTE: *no key*/(monkey (954)) : <b>The monkey (954)</b> waves his tail. (160,99,2)
[01:30:54]SAY: Poly/ : Space cigs taste good like a cigarette should. (116,79,2)
[01:31:06]SAY: Poly/ : No air in engineering (116,79,2)
[01:31:10]EMOTE: *no key*/(mouse) : <b>The mouse</b> shakes. (97,78,2)
[01:31:12]EMOTE: *no key*/(crab) : <b>The crab</b> clicks. (45,32,8)
[01:31:12]SAY: Tom/ : Squeek? (103,189,2)
[01:31:13]EMOTE: *no key*/(Runtime) : <b>Runtime</b> sits down. (159,109,2)
[01:31:43]EMOTE: *no key*/(Kong III) : <b>Kong III</b> scratches. (137,136,2)
[01:31:54]SAY: Nobody's Perfect/ : Delicious! (24,75,1)
[01:32:00]EMOTE: *no key*/(Poly) : <b>Poly</b> looks in the Power-ON cartridge's direction and takes flight. (115,79,2)
[01:32:02]ACCESS: Mob Login: NeonGuardian/(Santiago Buttersworth) was assigned to a /mob/living/carbon/human
[01:32:04]EMOTE: *no key*/(Poly) : <b>Poly</b> bawks! (116,79,2)
[01:32:05]ACCESS: Mob Login: NeonGuardian/(Santiago Buttersworth) was assigned to a /mob/dead/observer
[01:32:08]ACCESS: Mob Login: NeonGuardian/(Santiago Buttersworth) was assigned to a /mob/living/carbon/human
[01:32:09]ACCESS: Mob Login: NeonGuardian/(Santiago Buttersworth) was assigned to a /mob/dead/observer
[01:32:38]EMOTE: *no key*/(Runtime) : <b>Runtime</b> mews. (159,109,2)
[01:32:41]EMOTE: *no key*/(grey baby slime (913)) : <b>The grey baby slime (913)</b> lights up for a bit, then stops. (165,92,2)
[01:32:43]EMOTE: *no key*/(monkey (320)) : <b>The monkey (320)</b> jumps! (161,119,2)
[01:32:47]EMOTE: *no key*/(monkey (785)) : <b>The monkey (785)</b> scratches. (161,117,2)
[01:32:54]SAY: emergency Medibot/ : I knew it, I should&#39;ve been a plastic surgeon. (90,180,5)
[01:32:59]EMOTE: *no key*/(monkey (94)) : <b>The monkey (94)</b> scratches. (161,120,2)
[01:33:02]SAY: Poly/ : No air in engineering (115,79,2)
[01:33:05]EMOTE: *no key*/(monkey (785)) : <b>The monkey (785)</b> jumps! (160,119,2)
[01:33:07]EMOTE: *no key*/(Kong III) : <b>Kong III</b> waves its tail. (134,134,2)
[01:33:25]EMOTE: *no key*/(monkey (610)) : <b>The monkey (610)</b> jumps! (160,116,2)
[01:33:42]EMOTE: *no key*/(Poly) : <b>Poly</b> looks in the Power-ON cartridge's direction and takes flight. (115,79,2)
[01:33:46]EMOTE: *no key*/(Kong III) : <b>Kong III</b> jumps! (133,135,2)
[01:34:00]SAY: mouse/ : SQUEEK! (80,79,2)
[01:34:28]EMOTE: *no key*/(Runtime) : <b>Runtime</b> shivers. (159,109,2)
[01:34:29]EMOTE: *no key*/(monkey (785)) : <b>The monkey (785)</b> scratches. (160,118,2)
[01:34:31]EMOTE: *no key*/(monkey (320)) : <b>The monkey (320)</b> rolls. (161,117,2)
[01:34:48]EMOTE: *no key*/(Poly) : <b>Poly</b> looks in the Power-ON cartridge's direction and takes flight. (115,79,2)
[01:35:04]EMOTE: *no key*/(mouse) : <b>The mouse</b> runs in a circle. (82,78,2)
[01:35:09]EMOTE: *no key*/(Runtime) : <b>Runtime</b> stops resting. (159,109,2)
[01:35:14]EMOTE: *no key*/(Poly) : <b>Poly</b> squawks. (115,79,2)
[01:35:27]EMOTE: *no key*/(monkey (634)) : <b>The monkey (634)</b> scratches. (159,120,2)
[01:35:27]EMOTE: *no key*/(monkey (729)) : <b>The monkey (729)</b> jumps! (158,99,2)
[01:35:30]SAY: Poly/ : With no weapons (115,79,2)
[01:35:31]EMOTE: *no key*/(Runtime) : <b>Runtime</b> lies down. (157,109,2)
[01:35:38]SAY: Poly/ : I started should be done soon (115,79,2)
[01:35:40]EMOTE: *no key*/(mouse) : <b>The mouse</b> squeeks. (168,154,2)
[01:35:55]EMOTE: *no key*/(grey baby slime (655)) : <b>The grey baby slime (655)</b> bounces in place. (176,92,2)
[01:35:59]GAME: Z-TRACKING: Todd Meyers has somehow ended up in Z-level 1 despite being registered in Z-level 13.
[01:36:00]GAME: Antagonists at round end were...
[01:36:00]GAME: Blackbox sealed.
[01:36:01]EMOTE: *no key*/(monkey (954)) : <b>The monkey (954)</b> waves his tail. (157,101,2)
[01:36:04]EMOTE: *no key*/(Poly) : <b>Poly</b> looks in the Power-ON cartridge's direction and takes flight. (115,79,2)
[01:36:08]EMOTE: *no key*/(mouse) : <b>The mouse</b> runs in a circle. (82,79,2)
[01:36:08]SAY: emergency Medibot/ : I knew it, I should&#39;ve been a plastic surgeon. (90,180,5)
[01:36:09]EMOTE: *no key*/(monkey (320)) : <b>The monkey (320)</b> scratches. (161,118,2)
[01:36:10]EMOTE: *no key*/(Paperwork) : <b>Paperwork</b> snores. (72,121,2)
[01:36:16]SAY: Nobody's Perfect/ : There&#39;s always a catch, and I&#39;m the best there is. (24,75,1)
[01:36:27]EMOTE: *no key*/(monkey (204)) : <b>The monkey (204)</b> waves his tail. (159,99,2)
[01:36:27]EMOTE: *no key*/(Kong III) : <b>Kong III</b> jumps! (132,138,2)
[01:36:33]EMOTE: *no key*/(Runtime) : <b>Runtime</b> wags its tail. (157,109,2)
[01:36:36]SAY: mouse/ : Squeek! (81,80,2)
[01:36:37]EMOTE: *no key*/(monkey (204)) : <b>The monkey (204)</b> rolls. (159,99,2)
[01:36:37]EMOTE: *no key*/(monkey (610)) : <b>The monkey (610)</b> scratches. (160,120,2)
[01:36:42]EMOTE: *no key*/(crab) : <b>The crab</b> clicks. (42,32,8)
[01:36:45]EMOTE: *no key*/(monkey (954)) : <b>The monkey (954)</b> jumps! (158,100,2)
[01:36:49]EMOTE: *no key*/(monkey (729)) : <b>The monkey (729)</b> scratches. (158,101,2)
[01:36:51]EMOTE: *no key*/(monkey (94)) : <b>The monkey (94)</b> waves his tail. (161,120,2)
[01:36:56]SAY: Poly/ : Twice the calories for half the price! (115,79,2)
[01:37:04]EMOTE: *no key*/(Poly) : <b>Poly</b> bawks! (115,79,2)
[01:37:07]EMOTE: *no key*/(monkey (320)) : <b>The monkey (320)</b> jumps! (161,118,2)
[01:37:20]EMOTE: *no key*/(Poly) : <b>Poly</b> squawks. (115,79,2)
[01:37:23]EMOTE: *no key*/(Runtime) : <b>Runtime</b> wags its tail. (157,109,2)
[01:37:33]EMOTE: *no key*/(monkey (954)) : <b>The monkey (954)</b> waves his tail. (160,99,2)
[01:37:35]GAME: <span class='boldannounce'>Rebooting World. Round ended.</span>
[01:37:35]ACCESS: Logout: Oakydoky/(Todd Meyers)
[01:37:35]ACCESS: Logout: Clone305/(mouse)
[01:37:35]ACCESS: Logout: NeonGuardian/(Santiago Buttersworth)
