

Starting up round ID 7. 00:03:40
---------------------
Initialized Blackbox subsystem within 0 seconds!
Initialized Server Tasks subsystem within 0 seconds!
Initialized Input subsystem within 0 seconds!
Initialized Research subsystem within 0 seconds!
Initialized Events subsystem within 0 seconds!
Initialized Jobs subsystem within 0 seconds!
Initialized Traits subsystem within 0 seconds!
Initialized Ticker subsystem within 0 seconds!
Loading OmegaStation...
Loaded Station in 2.8s!
Loaded Lavaland in 3.7s!
Loaded Reebe in 3.5s!
Ruin loader finished with 0 left to spend.
Ruin loader finished with 0 left to spend.
Initialized Mapping subsystem within 16.3 seconds!
Initialized Networks subsystem within 0 seconds!
runtime error: 
[00:04:26]Cannot execute null.copy from().
[00:04:26]proc name: Assimilate Air (/turf/open/proc/Assimilate_Air)
[00:04:26]  source file: ChangeTurf.dm,263
[00:04:26]  usr: null
[00:04:26]  src: the asteroid sand (116,121,8) (/turf/open/floor/plating/asteroid/airless/cave)
[00:04:26]  call stack:
[00:04:26]the asteroid sand (116,121,8) (/turf/open/floor/plating/asteroid/airless/cave): Assimilate Air()
[00:04:26]the asteroid sand (116,121,8) (/turf/open/floor/plating/asteroid/airless/cave): AfterChange(0)
[00:04:26]the asteroid sand (116,121,8) (/turf/open/floor/plating/asteroid/airless/cave): ChangeTurf(/turf/open/floor/plating/aster... (/turf/open/floor/plating/asteroid/airless/cave), 0, 0, 1)
[00:04:26]the asteroid sand (116,121,8) (/turf/open/floor/plating/asteroid/airless/cave): ChangeTurf(/turf/open/floor/plating/aster... (/turf/open/floor/plating/asteroid/airless/cave), 0, 0, 1)
[00:04:26]the asteroid sand (116,121,8) (/turf/open/floor/plating/asteroid/airless/cave): Initialize(1)
[00:04:26]Atoms (/datum/controller/subsystem/atoms): InitAtom(the asteroid sand (116,121,8) (/turf/open/floor/plating/asteroid/airless/cave), /list (/list))
[00:04:26]Atoms (/datum/controller/subsystem/atoms): InitializeAtoms(null)
[00:04:26]Atoms (/datum/controller/subsystem/atoms): Initialize(2376)
[00:04:26]Master (/datum/controller/master): Initialize(10, 0)
Initialized Atoms subsystem within 33 seconds!
Initialized Language subsystem within 0 seconds!
Initialized Machines subsystem within 0.2 seconds!
Initialized Circuit subsystem within 0 seconds!
Initialized Disease subsystem within 0 seconds!
Initialized Medals subsystem within 0 seconds!
Initialized Night Shift subsystem within 0 seconds!
Initialized Weather subsystem within 0 seconds!
runtime error: 
[00:04:40]Cannot execute null.compare().
[00:04:40]proc name: Initalize Atmos (/turf/open/Initalize_Atmos)
[00:04:40]  source file: open.dm,137
[00:04:40]  usr: null
[00:04:40]  src: the asteroid sand (116,121,8) (/turf/open/floor/plating/asteroid/airless/cave)
[00:04:40]  call stack:
[00:04:40]the asteroid sand (116,121,8) (/turf/open/floor/plating/asteroid/airless/cave): Initalize Atmos(1)
[00:04:40]Atmospherics (/datum/controller/subsystem/air): setup allturfs()
[00:04:40]Atmospherics (/datum/controller/subsystem/air): Initialize(2709)
[00:04:40]Master (/datum/controller/master): Initialize(10, 0)
## WARNING: There are 6 active turfs at roundstart, this is a mapping error caused by a difference of the air between the adjacent turfs. You can see its coordinates using "Mapping -> Show roundstart AT list" verb (debug verbs required)
## WARNING: HEY! LISTEN! 0.9 seconds were wasted processing 6 turf(s) (connected to 19606 other turfs) with atmos differences at round start.
Initialized Atmospherics subsystem within 12.2 seconds!
Initialized Minimap subsystem within 0 seconds!
Initialized Assets subsystem within 0.8 seconds!
Initialized Icon Smoothing subsystem within 4.9 seconds!
Initialized Overlay subsystem within 15 seconds!
Initialized XKeyScore subsystem within 0 seconds!
Initialized Lighting subsystem within 10.6 seconds!
Initialized Shuttle subsystem within 21.9 seconds!
Initialized Squeak subsystem within 0.1 seconds!
Loaded 0 engraved messages on map OmegaStation
Initialized Persistence subsystem within 0 seconds!
Initializations complete within 115.1 seconds!
Game start took 2.6s
runtime error: 
[00:13:22]Cannot read null.client
[00:13:22]proc name: remove from client (/datum/action/vote/proc/remove_from_client)
[00:13:22]  source file: vote.dm,321
[00:13:22]  usr: null
[00:13:22]  src: Vote! (/datum/action/vote)
[00:13:22]  call stack:
[00:13:22]Vote! (/datum/action/vote): remove from client()
[00:13:22]Vote (/datum/controller/subsystem/vote): remove action buttons()
[00:13:22]Vote (/datum/controller/subsystem/vote): announce result()
[00:13:22]Vote (/datum/controller/subsystem/vote): result()
[00:13:22]Vote (/datum/controller/subsystem/vote): fire(0)
[00:13:22]Vote (/datum/controller/subsystem/vote): ignite(0)
[00:13:22]Master (/datum/controller/master): RunQueue()
[00:13:22]Master (/datum/controller/master): Loop()
[00:13:22]Master (/datum/controller/master): StartProcessing(0)
Shutting down Persistence subsystem...
Shutting down pathfinder subsystem...
Shutting down Squeak subsystem...
Shutting down Shuttle subsystem...
Shutting down Lighting subsystem...
Shutting down XKeyScore subsystem...
Shutting down Sticky Ban subsystem...
Shutting down Overlay subsystem...
Shutting down Icon Smoothing subsystem...
Shutting down Assets subsystem...
Shutting down Minimap subsystem...
Shutting down Atmospherics subsystem...
Shutting down Weather subsystem...
Shutting down Vote subsystem...
Shutting down Traumas subsystem...
Shutting down Title Screen subsystem...
Shutting down Time Tracking subsystem...
Shutting down Throwing subsystem...
Shutting down tgui subsystem...
Shutting down Sun subsystem...
Shutting down Space Drift subsystem...
Shutting down Religion subsystem...
Shutting down Radio subsystem...
Shutting down Radiation subsystem...
Shutting down Projectiles subsystem...
Shutting down Processing subsystem...
Shutting down Parallax subsystem...
Shutting down pAI subsystem...
Shutting down Orbits subsystem...
Shutting down Objects subsystem...
Shutting down NPC Pool subsystem...
Shutting down Night Shift subsystem...
Shutting down Mood subsystem...
Shutting down Mobs subsystem...
Shutting down Medals subsystem...
Shutting down Inbounds subsystem...
Shutting down Idling NPC Pool subsystem...
Shutting down Flightpack Movement subsystem...
Shutting down Fire Burning subsystem...
Shutting down Fields subsystem...
Shutting down Fast Processing subsystem...
Shutting down Disease subsystem...
Shutting down Communications subsystem...
Shutting down Augury subsystem...
Shutting down Acid subsystem...
Shutting down Timer subsystem...
Shutting down Circuit subsystem...
Shutting down Machines subsystem...
Shutting down Language subsystem...
Shutting down Atoms subsystem...
Shutting down Networks subsystem...
Shutting down Mapping subsystem...
Shutting down Ticker subsystem...
Shutting down Traits subsystem...
Shutting down Jobs subsystem...
Shutting down Events subsystem...
Shutting down Research subsystem...
Shutting down Input subsystem...
Shutting down Server Tasks subsystem...
Shutting down Blackbox subsystem...
Shutting down Database subsystem...
Shutting down Garbage subsystem...
Shutdown complete
World rebooted at 00:14:53
