

Starting up round ID 892. 18:56:02
---------------------
[19:08:31]PDA: Mr.Cheese1/(Benny Tequilla) (PDA: botanist PDA) sent "wheat is in for u" to Helps-The-Station (Cook) (161,136,2)
[19:08:39]PDA: GreenTea98/(Helps-The-Station) (PDA: cook PDA) sent "Heck yis" to Benny Tequilla (Botanist) (150,141,2)
[19:21:16]PDA: Blazikenowen/(Making The Music) (PDA: chaplain PDA) sent "also lawyer is trying to threaten people to make a cult" to Tyron Reade (Warden) (130,129,2)
[19:56:15]PDA: Catmanpop/(Catitao) (PDA: medical PDA) sent "Demon... Slamed me... im scared" to Making The Music (Chaplain) (181,138,2)
[20:06:02]PDA: Jeffery jefferson/(Jeffery Jefferson) (PDA: head of personnel PDA) sent "Don&#39;t kill anyone else please or i&#39;ll have to fire you." to Isaac Wile (Security Officer) (153,122,2)
[20:07:00]PDA: Disguiser/(Isaac Wile) (PDA: security PDA) sent "i&#39;ll try not to" to Jeffery Jefferson (Head of Personnel) (92,113,2)
[20:07:06]PDA: Jeffery jefferson/(Jeffery Jefferson) (PDA: head of personnel PDA) sent "Thanks." to Isaac Wile (Security Officer) (102,120,2)
[20:10:57]PDA: Disguiser/(Isaac Wile) (PDA: security PDA) sent "so why there is no power?" to Jeffery Jefferson (Head of Personnel) (88,107,2)
[20:11:12]PDA: Jeffery jefferson/(Jeffery Jefferson) (PDA: head of personnel PDA) sent "Shit is fucked, thas why" to Isaac Wile (Security Officer) (102,120,2)
[20:11:16]PDA: Disguiser/(Isaac Wile) (PDA: security PDA) sent "i think i can fix the power" to Jeffery Jefferson (Head of Personnel) (88,107,2)
[20:12:31]PDA: Disguiser/(Isaac Wile) (PDA: security PDA) sent "do you think you can come with me to engineering so i can fix the power?" to Jeffery Jefferson (Head of Personnel) (88,107,2)
[20:12:45]PDA: Jeffery jefferson/(Jeffery Jefferson) (PDA: head of personnel PDA) sent "I don&#39;t know how to do it, do you?" to Isaac Wile (Security Officer) (113,137,2)
[20:12:56]PDA: Disguiser/(Isaac Wile) (PDA: security PDA) sent "i think i can" to Jeffery Jefferson (Head of Personnel) (88,107,2)
[20:13:13]PDA: Jeffery jefferson/(Jeffery Jefferson) (PDA: head of personnel PDA) sent "I need a yes or no if you can do it, a shitty engie can kill us all" to Isaac Wile (Security Officer) (113,137,2)
[20:13:20]PDA: Disguiser/(Isaac Wile) (PDA: security PDA) sent "yes" to Jeffery Jefferson (Head of Personnel) (88,107,2)
[20:13:27]PDA: Jeffery jefferson/(Jeffery Jefferson) (PDA: head of personnel PDA) sent "Okay." to Isaac Wile (Security Officer) (113,137,2)
[20:13:58]PDA: Disguiser/(Isaac Wile) (PDA: security PDA) sent "go to your office" to Jeffery Jefferson (Head of Personnel) (105,113,2)
[20:14:03]PDA: Jeffery jefferson/(Jeffery Jefferson) (PDA: head of personnel PDA) sent "WHY" to Isaac Wile (Security Officer) (117,75,2)
[20:14:19]PDA: Disguiser/(Isaac Wile) (PDA: security PDA) sent "so you can give me your ID card so I dont have to bother hacking doors open" to Jeffery Jefferson (Head of Personnel) (105,113,2)
[20:14:30]PDA: Jeffery jefferson/(Jeffery Jefferson) (PDA: head of personnel PDA) sent "I can just open doors for you." to Isaac Wile (Security Officer) (117,75,2)
[20:14:44]PDA: Disguiser/(Isaac Wile) (PDA: security PDA) sent "alright meet me in science then" to Jeffery Jefferson (Head of Personnel) (105,113,2)
[20:15:20]PDA: Jeffery jefferson/(Jeffery Jefferson) (PDA: head of personnel PDA) sent "Trying to help a robotocist fix the power." to Isaac Wile (Security Officer) (118,75,2)
[20:15:41]PDA: Disguiser/(Isaac Wile) (PDA: security PDA) sent "where are you right now?" to Jeffery Jefferson (Head of Personnel) (181,127,2)
[20:15:49]PDA: Jeffery jefferson/(Jeffery Jefferson) (PDA: head of personnel PDA) sent "Engineering." to Isaac Wile (Security Officer) (107,75,2)
