

Starting up round ID 502. 20:39:31
---------------------
hnry345 \ Hen Rey \ Cargo Technician \ NONE \ ROUNDSTART
chemicalpills5379 \ Marnu Stimbo \ Head of Security \ NONE \ ROUNDSTART
papaputin \ Papa Putini \ Chemist \ NONE \ ROUNDSTART
disrespectisrespect \ Three Taps \ Warden \ NONE \ ROUNDSTART
ilef \ Dana Styles \ Bartender \ traitor \ ROUNDSTART
ornagbal \ Redshirt McBeat \ Clown \ NONE \ ROUNDSTART
xentro \ May Reade \ Botanist \ NONE \ ROUNDSTART
endzo \ Jack Wise \ Chemist \ NONE \ ROUNDSTART
Jesteroz \ Percivel Naasch \ Captain \ NONE \ LATEJOIN
Oscswe \ Darell Shafer \ Chief Engineer \ NONE \ LATEJOIN
Gromble2 \ Leland Philips \ Atmospheric Technician \ NONE \ LATEJOIN
Cabro782 \ Kobe Hawker \ Cook \ NONE \ LATEJOIN
Bobcat49 \ Min Contour \ Shaft Miner \ NONE \ LATEJOIN
Monitis \ Sgt. Price \ Atmospheric Technician \ NONE \ LATEJOIN
Beaniebenis \ Isaiah Linton \ Geneticist \ NONE \ LATEJOIN
LuKat \ Con Faulter \ Quartermaster \ NONE \ LATEJOIN
AsciiSquid \ Brouzof Chomski \ Roboticist \ NONE \ LATEJOIN
HelixBanana \ Slice Loaf \ Station Engineer \ NONE \ LATEJOIN
EmperorRyuga \ Priest Gravity \ Chaplain \ NONE \ LATEJOIN
SkatesMcGates \ Johnny Westside \ Head of Personnel \ NONE \ LATEJOIN
Golden Touch \ Yukikage Sora \ Assistant \ NONE \ LATEJOIN
