[2018-08-10 23:35:14.005] runtime error: bad index
[2018-08-10 23:35:14.006] proc name: Get (/datum/controller/configuration/proc/Get)
[2018-08-10 23:35:14.006]   source file: configuration.dm,178
[2018-08-10 23:35:14.006]   usr: null
[2018-08-10 23:35:14.006]   src: Configuration (/datum/controller/configuration)
[2018-08-10 23:35:14.006]   call stack:
[2018-08-10 23:35:14.006] Configuration (/datum/controller/configuration): Get(/datum/config_entry/flag/log_w... (/datum/config_entry/flag/log_world_topic))
[2018-08-10 23:35:14.006] world: Topic("status", "24.222.35.234", null, null)
[2018-08-10 23:35:14.006] 
[2018-08-10 23:35:14.007] runtime error: bad index
[2018-08-10 23:35:14.007] proc name: Get (/datum/controller/configuration/proc/Get)
[2018-08-10 23:35:14.007]   source file: configuration.dm,178
[2018-08-10 23:35:14.007]   usr: null
[2018-08-10 23:35:14.007]   src: Configuration (/datum/controller/configuration)
[2018-08-10 23:35:14.007]   call stack:
[2018-08-10 23:35:14.007] Configuration (/datum/controller/configuration): Get(/datum/config_entry/string/com... (/datum/config_entry/string/comms_key))
[2018-08-10 23:35:14.007] /datum/world_topic/status (/datum/world_topic/status): TryRun(/list (/list))
[2018-08-10 23:35:14.007] world: Topic("status", "24.222.35.234", null, null)
[2018-08-10 23:35:14.007] 
[2018-08-10 23:35:14.007] runtime error: bad index
[2018-08-10 23:35:14.007] proc name: Get (/datum/controller/configuration/proc/Get)
[2018-08-10 23:35:14.007]   source file: configuration.dm,178
[2018-08-10 23:35:14.007]   usr: null
[2018-08-10 23:35:14.007]   src: Configuration (/datum/controller/configuration)
[2018-08-10 23:35:14.007]   call stack:
[2018-08-10 23:35:14.007] Configuration (/datum/controller/configuration): Get(/datum/config_entry/flag/nores... (/datum/config_entry/flag/norespawn))
[2018-08-10 23:35:14.007] /datum/world_topic/status (/datum/world_topic/status): Run(/list (/list))
[2018-08-10 23:35:14.007] /datum/world_topic/status (/datum/world_topic/status): TryRun(/list (/list))
[2018-08-10 23:35:14.007] world: Topic("status", "24.222.35.234", null, null)
[2018-08-10 23:35:14.007] 
[2018-08-10 23:35:14.008] runtime error: bad index
[2018-08-10 23:35:14.008] proc name: Get (/datum/controller/configuration/proc/Get)
[2018-08-10 23:35:14.008]   source file: configuration.dm,178
[2018-08-10 23:35:14.008]   usr: null
[2018-08-10 23:35:14.008]   src: Configuration (/datum/controller/configuration)
[2018-08-10 23:35:14.008]   call stack:
[2018-08-10 23:35:14.008] Configuration (/datum/controller/configuration): Get(/datum/config_entry/flag/allow... (/datum/config_entry/flag/allow_vote_mode))
[2018-08-10 23:35:14.008] /datum/world_topic/status (/datum/world_topic/status): Run(/list (/list))
[2018-08-10 23:35:14.008] /datum/world_topic/status (/datum/world_topic/status): TryRun(/list (/list))
[2018-08-10 23:35:14.008] world: Topic("status", "24.222.35.234", null, null)
[2018-08-10 23:35:14.008] 
[2018-08-10 23:35:14.008] runtime error: bad index
[2018-08-10 23:35:14.008] proc name: Get (/datum/controller/configuration/proc/Get)
[2018-08-10 23:35:14.008]   source file: configuration.dm,178
[2018-08-10 23:35:14.008]   usr: null
[2018-08-10 23:35:14.008]   src: Configuration (/datum/controller/configuration)
[2018-08-10 23:35:14.008]   call stack:
[2018-08-10 23:35:14.008] Configuration (/datum/controller/configuration): Get(/datum/config_entry/flag/allow... (/datum/config_entry/flag/allow_ai))
[2018-08-10 23:35:14.008] /datum/world_topic/status (/datum/world_topic/status): Run(/list (/list))
[2018-08-10 23:35:14.008] /datum/world_topic/status (/datum/world_topic/status): TryRun(/list (/list))
[2018-08-10 23:35:14.008] world: Topic("status", "24.222.35.234", null, null)
[2018-08-10 23:35:14.008] 
[2018-08-10 23:35:14.009] runtime error: Cannot read null.commit
[2018-08-10 23:35:14.009] proc name: Run (/datum/world_topic/status/Run)
[2018-08-10 23:35:14.009]   source file: world_topic.dm,151
[2018-08-10 23:35:14.009]   usr: null
[2018-08-10 23:35:14.009]   src: /datum/world_topic/status (/datum/world_topic/status)
[2018-08-10 23:35:14.009]   call stack:
[2018-08-10 23:35:14.010] /datum/world_topic/status (/datum/world_topic/status): Run(/list (/list))
[2018-08-10 23:35:14.010] /datum/world_topic/status (/datum/world_topic/status): TryRun(/list (/list))
[2018-08-10 23:35:14.010] world: Topic("status", "24.222.35.234", null, null)
[2018-08-10 23:35:14.010] 
[2018-08-10 23:35:14.010] runtime error: bad index
[2018-08-10 23:35:14.010] proc name: Get (/datum/controller/configuration/proc/Get)
[2018-08-10 23:35:14.010]   source file: configuration.dm,178
[2018-08-10 23:35:14.010]   usr: null
[2018-08-10 23:35:14.010]   src: Configuration (/datum/controller/configuration)
[2018-08-10 23:35:14.010]   call stack:
[2018-08-10 23:35:14.010] Configuration (/datum/controller/configuration): Get(/datum/config_entry/flag/log_w... (/datum/config_entry/flag/log_world_topic))
[2018-08-10 23:35:14.010] world: Topic("status", "198.58.107.171", null, null)
[2018-08-10 23:35:14.010] 
[2018-08-10 23:35:14.011] runtime error: bad index
[2018-08-10 23:35:14.011] proc name: Get (/datum/controller/configuration/proc/Get)
[2018-08-10 23:35:14.011]   source file: configuration.dm,178
[2018-08-10 23:35:14.011]   usr: null
[2018-08-10 23:35:14.011]   src: Configuration (/datum/controller/configuration)
[2018-08-10 23:35:14.011]   call stack:
[2018-08-10 23:35:14.011] Configuration (/datum/controller/configuration): Get(/datum/config_entry/string/com... (/datum/config_entry/string/comms_key))
[2018-08-10 23:35:14.011] /datum/world_topic/status (/datum/world_topic/status): TryRun(/list (/list))
[2018-08-10 23:35:14.011] world: Topic("status", "198.58.107.171", null, null)
[2018-08-10 23:35:14.011] 
[2018-08-10 23:35:14.011] runtime error: bad index
[2018-08-10 23:35:14.011] proc name: Get (/datum/controller/configuration/proc/Get)
[2018-08-10 23:35:14.011]   source file: configuration.dm,178
[2018-08-10 23:35:14.011]   usr: null
[2018-08-10 23:35:14.011]   src: Configuration (/datum/controller/configuration)
[2018-08-10 23:35:14.011]   call stack:
[2018-08-10 23:35:14.011] Configuration (/datum/controller/configuration): Get(/datum/config_entry/flag/nores... (/datum/config_entry/flag/norespawn))
[2018-08-10 23:35:14.011] /datum/world_topic/status (/datum/world_topic/status): Run(/list (/list))
[2018-08-10 23:35:14.011] /datum/world_topic/status (/datum/world_topic/status): TryRun(/list (/list))
[2018-08-10 23:35:14.011] world: Topic("status", "198.58.107.171", null, null)
[2018-08-10 23:35:14.011] 
[2018-08-10 23:35:14.012] runtime error: bad index
[2018-08-10 23:35:14.012] proc name: Get (/datum/controller/configuration/proc/Get)
[2018-08-10 23:35:14.012]   source file: configuration.dm,178
[2018-08-10 23:35:14.012]   usr: null
[2018-08-10 23:35:14.012]   src: Configuration (/datum/controller/configuration)
[2018-08-10 23:35:14.012]   call stack:
[2018-08-10 23:35:14.012] Configuration (/datum/controller/configuration): Get(/datum/config_entry/flag/allow... (/datum/config_entry/flag/allow_vote_mode))
[2018-08-10 23:35:14.012] /datum/world_topic/status (/datum/world_topic/status): Run(/list (/list))
[2018-08-10 23:35:14.012] /datum/world_topic/status (/datum/world_topic/status): TryRun(/list (/list))
[2018-08-10 23:35:14.012] world: Topic("status", "198.58.107.171", null, null)
[2018-08-10 23:35:14.012] 
[2018-08-10 23:35:14.012] runtime error: bad index
[2018-08-10 23:35:14.012] proc name: Get (/datum/controller/configuration/proc/Get)
[2018-08-10 23:35:14.012]   source file: configuration.dm,178
[2018-08-10 23:35:14.012] 
[2018-08-10 23:35:14.012] runtime error: Cannot read null.commit
[2018-08-10 23:35:14.012] proc name: Run (/datum/world_topic/status/Run)
[2018-08-10 23:35:14.013]   source file: world_topic.dm,151
[2018-08-10 23:35:14.013] 
[2018-08-10 23:35:14.013] runtime error: bad index
[2018-08-10 23:35:14.013] proc name: Get (/datum/controller/configuration/proc/Get)
[2018-08-10 23:35:14.013]   source file: configuration.dm,178
[2018-08-10 23:35:14.013] 
[2018-08-10 23:35:14.013] runtime error: bad index
[2018-08-10 23:35:14.013] proc name: Get (/datum/controller/configuration/proc/Get)
[2018-08-10 23:35:14.013]   source file: configuration.dm,178
[2018-08-10 23:35:14.013] 
[2018-08-10 23:35:14.013] runtime error: bad index
[2018-08-10 23:35:14.013] proc name: Get (/datum/controller/configuration/proc/Get)
[2018-08-10 23:35:14.013]   source file: configuration.dm,178
[2018-08-10 23:35:14.013] 
[2018-08-10 23:35:14.014] runtime error: bad index
[2018-08-10 23:35:14.014] proc name: Get (/datum/controller/configuration/proc/Get)
[2018-08-10 23:35:14.014]   source file: configuration.dm,178
[2018-08-10 23:35:14.014] 
[2018-08-10 23:35:14.014] runtime error: bad index
[2018-08-10 23:35:14.014] proc name: Get (/datum/controller/configuration/proc/Get)
[2018-08-10 23:35:14.014]   source file: configuration.dm,178
[2018-08-10 23:35:14.014] 
[2018-08-10 23:35:14.014] runtime error: Cannot read null.commit
[2018-08-10 23:35:14.014] proc name: Run (/datum/world_topic/status/Run)
[2018-08-10 23:35:14.014]   source file: world_topic.dm,151
[2018-08-10 23:35:14.014] 
[2018-08-10 23:35:14.015] runtime error: bad index
[2018-08-10 23:35:14.015] proc name: Get (/datum/controller/configuration/proc/Get)
[2018-08-10 23:35:14.015]   source file: configuration.dm,178
[2018-08-10 23:35:14.015] 
[2018-08-10 23:35:14.015] runtime error: bad index
[2018-08-10 23:35:14.015] proc name: Get (/datum/controller/configuration/proc/Get)
[2018-08-10 23:35:14.015]   source file: configuration.dm,178
[2018-08-10 23:35:14.015] 
[2018-08-10 23:35:14.015] runtime error: bad index
[2018-08-10 23:35:14.015] proc name: Get (/datum/controller/configuration/proc/Get)
[2018-08-10 23:35:14.015]   source file: configuration.dm,178
[2018-08-10 23:35:14.015] 
[2018-08-10 23:35:14.015] runtime error: bad index
[2018-08-10 23:35:14.015] proc name: Get (/datum/controller/configuration/proc/Get)
[2018-08-10 23:35:14.015]   source file: configuration.dm,178
[2018-08-10 23:35:14.015] 
[2018-08-10 23:35:14.016] runtime error: bad index
[2018-08-10 23:35:14.016] proc name: Get (/datum/controller/configuration/proc/Get)
[2018-08-10 23:35:14.016]   source file: configuration.dm,178
[2018-08-10 23:35:14.016] 
[2018-08-10 23:35:14.016] runtime error: Cannot read null.commit
[2018-08-10 23:35:14.016] proc name: Run (/datum/world_topic/status/Run)
[2018-08-10 23:35:14.016]   source file: world_topic.dm,151
[2018-08-10 23:35:14.016] 
[2018-08-10 23:35:14.106] Running /tg/ revision:
[2018-08-10 23:35:14.107] db27af7a87af97cd92ad82cb4cb27efdce063c54: 2018-07-29
[2018-08-10 23:35:14.108] runtime error: list index out of bounds
[2018-08-10 23:35:14.108] proc name: New (/datum/getrev/New)
[2018-08-10 23:35:14.108]   source file: getrev.dm,23
[2018-08-10 23:35:14.108] 
[2018-08-10 23:35:14.122] Loading config file config.txt...
[2018-08-10 23:35:14.124] Loading config file game_options.txt...
[2018-08-10 23:35:14.126] Unknown setting in configuration: 'w##'
[2018-08-10 23:35:14.130] Failed to validate setting "DOUBLE_AGENTS 20" for min_pop
[2018-08-10 23:35:14.130] Failed to validate setting "DOUBLE_AGENTS -1" for max_pop
[2018-08-10 23:35:14.137] Loading config file dbconfig.txt...
[2018-08-10 23:35:14.138] Loading config file comms.txt...
[2018-08-10 23:35:14.145] Loading config file maps.txt...
[2018-08-10 23:35:14.317] Database connection established.
[2018-08-10 23:35:14.349] SQL: Could not get schema version from database
