

Starting up round ID 793. 20:55:12
---------------------
[21:17:11]PDA: HaggisShuu/(Gragnir Grolob) (PDA: bartender PDA) sent "You working o settign up power?" to Fixes-The-Station (Chief Engineer) (143,136,2)
[21:27:33]PDA: HaggisShuu/(Gragnir Grolob) (PDA: bartender PDA) sent "come to bar now" to Jack Gray (Head of Security) (139,135,2)
[22:07:14]PDA: Jeffery jefferson/(Jeffery Jefferson) (PDA: lawyer PDA) sent "Hello my fellow LAW man." to Alexus Summy (Lawyer) (160,130,2)
[22:10:28]PDA: HaggisShuu/(Gragnir Grolob) (PDA: bartender PDA) sent "can i get a health analyzer?" to Rufus Jantorr (Medical Doctor) (139,124,2)
[23:00:31]PDA: Vuk Farkas/(Vuk Farkas) (PDA: research director PDA) sent "if ya want ya can come to xeno" to Peyton Meyers (Geneticist) (168,101,2)
[23:00:36]PDA: TwoTar/(Peyton Meyers) (PDA: geneticist PDA) sent "Okey" to Vuk Farkas (Research Director) (153,122,2)
[23:05:29]PDA: HaggisShuu/(Gragnir Grolob) (PDA: bartender PDA) sent "anyway you can analyze my health?" to WatchDog (pAI Messenger) (79,95,2)
[23:06:25]PDA: Re12/(WatchDog) (PDA: PDA) sent "SOFTWARE NOT FOUND" to Gragnir Grolob (Bartender) (78,96,2)
[23:06:58]PDA: HaggisShuu/(Gragnir Grolob) (PDA: bartender PDA) sent "okay, thank you" to WatchDog (pAI Messenger) (79,95,2)
[23:07:19]PDA: Re12/(WatchDog) (PDA: PDA) sent "I am able to access medical records in event of emergency, although." to Gragnir Grolob (Bartender) (80,95,2)
[23:07:41]PDA: HaggisShuu/(Gragnir Grolob) (PDA: bartender PDA) sent "okay, please can you download that and the doorjack?" to WatchDog (pAI Messenger) (79,95,2)
[23:09:02]PDA: Re12/(WatchDog) (PDA: PDA) sent "ERROR 25 MEMORY REMAINING ONLY, MEDICAL RECORDS HAVE ALTHOUGH BEEN ACCESSED." to Gragnir Grolob (Bartender) (80,94,2)
[23:09:20]PDA: HaggisShuu/(Gragnir Grolob) (PDA: bartender PDA) sent "that&#39;s fine, thank you" to WatchDog (pAI Messenger) (79,95,2)
[23:10:31]PDA: Re12/(WatchDog) (PDA: PDA) sent "GOING INTO PORTABLE CARRY MODE." to Gragnir Grolob (Bartender) (80,95,2)
[23:16:50]PDA: Re12/(WatchDog) (PDA: PDA) sent "GOING OFFLINE UNTIL NEEDED" to Gragnir Grolob (Bartender) (79,95,2)
[23:16:59]PDA: HaggisShuu/(Gragnir Grolob) (PDA: bartender PDA) sent "okay" to WatchDog (pAI Messenger) (79,95,2)
[23:18:29]PDA: HaggisShuu/(Gragnir Grolob) (PDA: bartender PDA) sent "pai i have to go off now, find a new master" to WatchDog (pAI Messenger) (79,95,2)
[23:18:43]PDA: Re12/(WatchDog) (PDA: PDA) sent "UNDERSTOOD, PLEASE SET DOWN." to Gragnir Grolob (Bartender) (79,95,2)
[23:18:56]PDA: HaggisShuu/(Gragnir Grolob) (PDA: bartender PDA) sent "i lost you inside my pda" to WatchDog (pAI Messenger) (79,95,2)
[23:19:27]PDA: HaggisShuu/(Gragnir Grolob) (PDA: bartender PDA) sent "please fold, i need to clear my dna" to WatchDog (pAI Messenger) (81,95,2)
[23:20:13]PDA: HaggisShuu/(Gragnir Grolob) (PDA: bartender PDA) sent "i cannot clear my dna but just do what other people tell you, goodbye" to WatchDog (pAI Messenger) (82,95,2)
[23:20:23]PDA: Re12/(WatchDog) (PDA: PDA) sent "UNDERSTOOD." to Gragnir Grolob (Bartender) (82,95,2)
