runtime error: 
[13:35:17]bad index
[13:35:17]proc name: Get (/datum/controller/configuration/proc/Get)
[13:35:17]  source file: configuration.dm,156
[13:35:17]  usr: null
[13:35:17]  src: Configuration (/datum/controller/configuration)
[13:35:17]  call stack:
[13:35:17]Configuration (/datum/controller/configuration): Get(/datum/config_entry/flag/log_w... (/datum/config_entry/flag/log_world_topic))
[13:35:17]world: Topic("status", "212.237.9.101", null, null)
runtime error: 
[13:35:17]bad index
[13:35:17]proc name: Get (/datum/controller/configuration/proc/Get)
[13:35:17]  source file: configuration.dm,156
[13:35:17]  usr: null
[13:35:17]  src: Configuration (/datum/controller/configuration)
[13:35:17]  call stack:
[13:35:17]Configuration (/datum/controller/configuration): Get(/datum/config_entry/string/com... (/datum/config_entry/string/comms_key))
[13:35:17]/datum/world_topic/status (/datum/world_topic/status): TryRun(/list (/list))
[13:35:17]world: Topic("status", "212.237.9.101", null, null)
runtime error: 
[13:35:17]bad index
[13:35:17]proc name: Get (/datum/controller/configuration/proc/Get)
[13:35:17]  source file: configuration.dm,156
[13:35:17]  usr: null
[13:35:17]  src: Configuration (/datum/controller/configuration)
[13:35:17]  call stack:
[13:35:17]Configuration (/datum/controller/configuration): Get(/datum/config_entry/flag/nores... (/datum/config_entry/flag/norespawn))
[13:35:17]/datum/world_topic/status (/datum/world_topic/status): Run(/list (/list))
[13:35:17]/datum/world_topic/status (/datum/world_topic/status): TryRun(/list (/list))
[13:35:17]world: Topic("status", "212.237.9.101", null, null)
runtime error: 
[13:35:17]bad index
[13:35:17]proc name: Get (/datum/controller/configuration/proc/Get)
[13:35:17]  source file: configuration.dm,156
[13:35:17]  usr: null
[13:35:17]  src: Configuration (/datum/controller/configuration)
[13:35:17]  call stack:
[13:35:17]Configuration (/datum/controller/configuration): Get(/datum/config_entry/flag/allow... (/datum/config_entry/flag/allow_vote_mode))
[13:35:17]/datum/world_topic/status (/datum/world_topic/status): Run(/list (/list))
[13:35:17]/datum/world_topic/status (/datum/world_topic/status): TryRun(/list (/list))
[13:35:17]world: Topic("status", "212.237.9.101", null, null)
runtime error: 
[13:35:17]bad index
[13:35:17]proc name: Get (/datum/controller/configuration/proc/Get)
[13:35:17]  source file: configuration.dm,156
[13:35:17]  usr: null
[13:35:17]  src: Configuration (/datum/controller/configuration)
[13:35:17]  call stack:
[13:35:17]Configuration (/datum/controller/configuration): Get(/datum/config_entry/flag/allow... (/datum/config_entry/flag/allow_ai))
[13:35:17]/datum/world_topic/status (/datum/world_topic/status): Run(/list (/list))
[13:35:17]/datum/world_topic/status (/datum/world_topic/status): TryRun(/list (/list))
[13:35:17]world: Topic("status", "212.237.9.101", null, null)
runtime error: 
[13:35:17]bad index
[13:35:17]proc name: Get (/datum/controller/configuration/proc/Get)
[13:35:17]  source file: configuration.dm,156
[13:35:17]  usr: null
[13:35:17]  src: Configuration (/datum/controller/configuration)
[13:35:17]  call stack:
[13:35:17]Configuration (/datum/controller/configuration): Get(/datum/config_entry/flag/log_w... (/datum/config_entry/flag/log_world_topic))
[13:35:17]world: Topic("status", "212.237.9.101", null, null)
runtime error: 
[13:35:17]bad index
[13:35:17]proc name: Get (/datum/controller/configuration/proc/Get)
[13:35:17]  source file: configuration.dm,156
[13:35:17]  usr: null
[13:35:17]  src: Configuration (/datum/controller/configuration)
[13:35:17]  call stack:
[13:35:17]Configuration (/datum/controller/configuration): Get(/datum/config_entry/string/com... (/datum/config_entry/string/comms_key))
[13:35:17]/datum/world_topic/status (/datum/world_topic/status): TryRun(/list (/list))
[13:35:17]world: Topic("status", "212.237.9.101", null, null)
runtime error: 
[13:35:17]bad index
[13:35:17]proc name: Get (/datum/controller/configuration/proc/Get)
[13:35:17]  source file: configuration.dm,156
[13:35:17]  usr: null
[13:35:17]  src: Configuration (/datum/controller/configuration)
[13:35:17]  call stack:
[13:35:17]Configuration (/datum/controller/configuration): Get(/datum/config_entry/flag/nores... (/datum/config_entry/flag/norespawn))
[13:35:17]/datum/world_topic/status (/datum/world_topic/status): Run(/list (/list))
[13:35:17]/datum/world_topic/status (/datum/world_topic/status): TryRun(/list (/list))
[13:35:17]world: Topic("status", "212.237.9.101", null, null)
runtime error: 
[13:35:17]bad index
[13:35:17]proc name: Get (/datum/controller/configuration/proc/Get)
[13:35:17]  source file: configuration.dm,156
[13:35:17]  usr: null
[13:35:17]  src: Configuration (/datum/controller/configuration)
[13:35:17]  call stack:
[13:35:17]Configuration (/datum/controller/configuration): Get(/datum/config_entry/flag/allow... (/datum/config_entry/flag/allow_vote_mode))
[13:35:17]/datum/world_topic/status (/datum/world_topic/status): Run(/list (/list))
[13:35:17]/datum/world_topic/status (/datum/world_topic/status): TryRun(/list (/list))
[13:35:17]world: Topic("status", "212.237.9.101", null, null)
runtime error: 
[13:35:17]bad index
[13:35:17]proc name: Get (/datum/controller/configuration/proc/Get)
[13:35:17]  source file: configuration.dm,156
Loading config file config.txt...
Loading config file game_options.txt...
Unknown setting in configuration: 'w##'
Unknown setting in configuration: 'overflow_job'
Unknown setting in configuration: 'overflow_cap'
Loading config file dbconfig.txt...
Loading config file comms.txt...
Loading config file maps.txt...
Database connection established.
[13:35:17]SQL: Could not get schema version from database
