[2018-07-17 07:59:57.635] Running /tg/ revision:
[2018-07-17 07:59:57.636] 1eb6cb76bb992a0eb30a4631afe90eaf88e2a94a: 2018-07-15
[2018-07-17 07:59:57.636] runtime error: list index out of bounds
[2018-07-17 07:59:57.637] proc name: New (/datum/getrev/New)
[2018-07-17 07:59:57.637]   source file: getrev.dm,23
[2018-07-17 07:59:57.637]   usr: null
[2018-07-17 07:59:57.637]   src: /datum/getrev (/datum/getrev)
[2018-07-17 07:59:57.637]   call stack:
[2018-07-17 07:59:57.637] /datum/getrev (/datum/getrev): New()
[2018-07-17 07:59:57.637] world: New()
[2018-07-17 07:59:57.637] 
[2018-07-17 07:59:57.644] Loading config file config.txt...
[2018-07-17 07:59:57.645] Loading config file game_options.txt...
[2018-07-17 07:59:57.647] Unknown setting in configuration: 'w##'
[2018-07-17 07:59:57.649] Failed to validate setting "DOUBLE_AGENTS 20" for min_pop
[2018-07-17 07:59:57.649] Failed to validate setting "DOUBLE_AGENTS -1" for max_pop
[2018-07-17 07:59:57.653] Loading config file dbconfig.txt...
[2018-07-17 07:59:57.654] Loading config file comms.txt...
[2018-07-17 07:59:57.657] Loading config file maps.txt...
[2018-07-17 07:59:57.866] Database connection established.
[2018-07-17 07:59:57.899] SQL: Could not get schema version from database
