[2018-08-15 20:20:18.595] Starting up round ID 1957.
[2018-08-15 20:20:18.595] -------------------------
[2018-08-15 20:20:22.504] Initialized Database subsystem within 0 seconds!
[2018-08-15 20:20:22.505] Initialized Blackbox subsystem within 0 seconds!
[2018-08-15 20:20:22.505] Initialized Server Tasks subsystem within 0 seconds!
[2018-08-15 20:20:22.507] Initialized Input subsystem within 0 seconds!
[2018-08-15 20:20:22.573] Initialized Research subsystem within 0 seconds!
[2018-08-15 20:20:22.580] Initialized Events subsystem within 0 seconds!
[2018-08-15 20:20:22.589] Initialized Jobs subsystem within 0 seconds!
[2018-08-15 20:20:22.591] Initialized Quirks subsystem within 0 seconds!
[2018-08-15 20:20:22.601] Initialized Ticker subsystem within 0.1 seconds!
[2018-08-15 20:20:22.602] Loading Box Station...
[2018-08-15 20:20:29.471] Loaded Station in 6.8s!
[2018-08-15 20:20:35.653] Loaded Lavaland in 5.9s!
[2018-08-15 20:20:40.075] Ruin loader finished with 0 left to spend.
[2018-08-15 20:20:42.203] Ruin loader finished with 0 left to spend.
[2018-08-15 20:20:53.412] Initialized Mapping subsystem within 30.8 seconds!
[2018-08-15 20:20:53.414] Initialized Networks subsystem within 0 seconds!
[2018-08-15 20:21:44.592] Initialized Atoms subsystem within 51.1 seconds!
[2018-08-15 20:21:44.616] Initialized Language subsystem within 0.1 seconds!
[2018-08-15 20:21:45.119] Initialized Machines subsystem within 0.5 seconds!
[2018-08-15 20:21:45.178] Initialized Circuit subsystem within 0 seconds!
[2018-08-15 20:21:45.180] Initialized Disease subsystem within 0 seconds!
[2018-08-15 20:21:45.180] Initialized Medals subsystem within 0 seconds!
[2018-08-15 20:21:45.181] Initialized Night Shift subsystem within 0 seconds!
[2018-08-15 20:21:45.181] Initialized Parallax subsystem within 0 seconds!
[2018-08-15 20:21:45.321] Initialized Traumas subsystem within 0.2 seconds!
[2018-08-15 20:21:45.323] Initialized Weather subsystem within 0 seconds!
[2018-08-15 20:23:09.360] Initialized Atmospherics subsystem within 84 seconds!
[2018-08-15 20:23:09.378] Initialized Minimap subsystem within 0 seconds!
[2018-08-15 20:23:12.014] Initialized Assets subsystem within 2.7 seconds!
[2018-08-15 20:23:19.327] Initialized Icon Smoothing subsystem within 7.3 seconds!
[2018-08-15 20:23:21.326] Initialized Overlay subsystem within 2 seconds!
[2018-08-15 20:23:21.327] Initialized XKeyScore subsystem within 0 seconds!
[2018-08-15 20:23:21.328] Initialized Sticky Ban subsystem within 0 seconds!
[2018-08-15 20:23:37.287] Initialized Lighting subsystem within 15.9 seconds!
[2018-08-15 20:23:40.587] Initialized Shuttle subsystem within 3.3 seconds!
[2018-08-15 20:23:40.629] Initialized Squeak subsystem within 0.1 seconds!
[2018-08-15 20:23:40.631] Initialized Pathfinder subsystem within 0 seconds!
[2018-08-15 20:23:40.697] Loaded 24 engraved messages on map Box Station
[2018-08-15 20:23:40.737] Initialized Persistence subsystem within 0.1 seconds!
[2018-08-15 20:23:40.738] Initializations complete within 198.2 seconds!
[2018-08-15 20:24:48.784] Game start took 3.5s
[2018-08-15 20:24:51.848] runtime error: Cannot modify null.icon_state.
[2018-08-15 20:24:51.848] 
[2018-08-15 20:25:20.623] runtime error: Cannot modify null.icon_state.
[2018-08-15 20:25:20.623] 
[2018-08-15 20:25:20.624] runtime error: Cannot modify null.icon_state.
[2018-08-15 20:25:20.624] 
[2018-08-15 20:27:11.872] runtime error: Cannot modify null.icon_state.
[2018-08-15 20:27:11.872] 
[2018-08-15 20:27:14.954] runtime error: Cannot modify null.icon_state.
[2018-08-15 20:27:14.954] 
[2018-08-15 20:28:37.148] runtime error: Cannot modify null.icon_state.
[2018-08-15 20:28:37.148] 
[2018-08-15 20:28:59.705] runtime error: Cannot modify null.icon_state.
[2018-08-15 20:28:59.705] 
[2018-08-15 20:29:13.714] runtime error: Cannot modify null.icon_state.
[2018-08-15 20:29:13.715] 
[2018-08-15 20:29:38.978] runtime error: Cannot modify null.icon_state.
[2018-08-15 20:29:38.978] 
[2018-08-15 20:31:03.660] runtime error: Cannot modify null.icon_state.
[2018-08-15 20:31:03.661] 
[2018-08-15 20:32:34.234] runtime error: Cannot modify null.icon_state.
[2018-08-15 20:32:34.234] 
[2018-08-15 20:33:44.818] runtime error: Cannot modify null.icon_state.
[2018-08-15 20:33:44.818] 
[2018-08-15 20:33:51.632] runtime error: Cannot modify null.icon_state.
[2018-08-15 20:33:51.632] 
[2018-08-15 20:34:15.908] runtime error: Cannot modify null.icon_state.
[2018-08-15 20:34:15.908] 
[2018-08-15 20:37:51.437] runtime error: Cannot modify null.icon_state.
[2018-08-15 20:37:51.437] 
[2018-08-15 20:38:53.141] runtime error: Cannot modify null.icon_state.
[2018-08-15 20:38:53.141] 
[2018-08-15 20:41:11.950] runtime error: Cannot modify null.icon_state.
[2018-08-15 20:41:11.950] 
[2018-08-15 20:41:11.951] runtime error: Cannot modify null.icon_state.
[2018-08-15 20:41:11.951] 
[2018-08-15 20:41:21.908] runtime error: Cannot modify null.icon_state.
[2018-08-15 20:41:21.908] 
[2018-08-15 20:41:21.909] runtime error: Cannot modify null.icon_state.
[2018-08-15 20:41:21.909] 
[2018-08-15 20:41:39.429] runtime error: Cannot modify null.icon_state.
[2018-08-15 20:41:39.429] 
[2018-08-15 20:41:47.196] runtime error: Cannot modify null.icon_state.
[2018-08-15 20:41:47.196] 
[2018-08-15 20:41:51.140] runtime error: Cannot modify null.icon_state.
[2018-08-15 20:41:51.140] 
[2018-08-15 20:41:57.546] runtime error: Cannot modify null.icon_state.
[2018-08-15 20:41:57.546] 
[2018-08-15 20:43:49.513] runtime error: Cannot modify null.icon_state.
[2018-08-15 20:43:49.513] 
[2018-08-15 20:43:59.965] runtime error: Cannot modify null.icon_state.
[2018-08-15 20:43:59.965] 
[2018-08-15 20:44:39.720] runtime error: Cannot modify null.icon_state.
[2018-08-15 20:44:39.720] 
[2018-08-15 20:44:52.786] runtime error: Cannot modify null.icon_state.
[2018-08-15 20:44:52.786] 
[2018-08-15 20:45:02.278] runtime error: Cannot modify null.icon_state.
[2018-08-15 20:45:02.279] 
[2018-08-15 20:47:36.774] runtime error: Cannot modify null.icon_state.
[2018-08-15 20:47:36.774] 
[2018-08-15 20:48:50.338] runtime error: Cannot modify null.icon_state.
[2018-08-15 20:48:50.338] 
[2018-08-15 20:49:41.155] runtime error: Cannot modify null.icon_state.
[2018-08-15 20:49:41.155] 
[2018-08-15 20:49:45.241] runtime error: Cannot modify null.icon_state.
[2018-08-15 20:49:45.241] 
[2018-08-15 20:50:52.033] runtime error: Cannot modify null.icon_state.
[2018-08-15 20:50:52.033] 
[2018-08-15 20:51:21.731] runtime error: Cannot modify null.icon_state.
[2018-08-15 20:51:21.731] 
[2018-08-15 20:51:33.926] runtime error: Cannot modify null.icon_state.
[2018-08-15 20:51:33.926] 
[2018-08-15 20:51:53.913] runtime error: Cannot modify null.icon_state.
[2018-08-15 20:51:53.913] 
[2018-08-15 20:52:32.738] runtime error: Cannot modify null.icon_state.
[2018-08-15 20:52:32.739] 
[2018-08-15 20:52:42.874] runtime error: Cannot modify null.icon_state.
[2018-08-15 20:52:42.874] 
[2018-08-15 20:53:23.581] runtime error: Cannot modify null.icon_state.
[2018-08-15 20:53:23.581] 
[2018-08-15 20:53:55.948] runtime error: Cannot modify null.icon_state.
[2018-08-15 20:53:55.948] 
[2018-08-15 20:55:03.658] runtime error: Cannot modify null.icon_state.
[2018-08-15 20:55:03.658] 
[2018-08-15 20:58:06.978] runtime error: Cannot modify null.icon_state.
[2018-08-15 20:58:06.978] 
[2018-08-15 20:58:07.778] runtime error: addtimer called with a callback assigned to a qdeleted object. In the future such timers will not be supported and may refuse to run or run with a 0 wait
[2018-08-15 20:58:07.778] 
[2018-08-15 20:58:07.778] runtime error: addtimer called with a callback assigned to a qdeleted object. In the future such timers will not be supported and may refuse to run or run with a 0 wait
[2018-08-15 20:58:07.778] 
[2018-08-15 20:58:19.444] runtime error: Cannot modify null.icon_state.
[2018-08-15 20:58:19.444] 
[2018-08-15 20:58:21.188] runtime error: Cannot modify null.icon_state.
[2018-08-15 20:58:21.188] 
[2018-08-15 20:58:53.581] runtime error: Cannot modify null.icon_state.
[2018-08-15 20:58:53.581] 
[2018-08-15 20:58:58.517] runtime error: Cannot execute null.start().
[2018-08-15 20:58:58.517] 
[2018-08-15 21:00:48.891] runtime error: Cannot modify null.icon_state.
[2018-08-15 21:00:48.892] 
[2018-08-15 21:00:55.006] runtime error: Cannot modify null.icon_state.
[2018-08-15 21:00:55.006] 
[2018-08-15 21:02:22.659] runtime error: Cannot modify null.icon_state.
[2018-08-15 21:02:22.659] 
[2018-08-15 21:04:29.654] runtime error: Cannot modify null.icon_state.
[2018-08-15 21:04:29.654] 
[2018-08-15 21:05:23.534] runtime error: Cannot modify null.icon_state.
[2018-08-15 21:05:23.534] 
[2018-08-15 21:05:23.535] runtime error: Cannot modify null.icon_state.
[2018-08-15 21:05:23.536] 
[2018-08-15 21:05:24.101] runtime error: Cannot modify null.icon_state.
[2018-08-15 21:05:24.101] 
[2018-08-15 21:05:34.368] runtime error: Cannot modify null.icon_state.
[2018-08-15 21:05:34.368] 
[2018-08-15 21:05:41.231] runtime error: Cannot modify null.icon_state.
[2018-08-15 21:05:41.231] 
[2018-08-15 21:06:07.929] runtime error: Cannot modify null.icon_state.
[2018-08-15 21:06:07.929] 
[2018-08-15 21:06:13.350] runtime error: Cannot modify null.icon_state.
[2018-08-15 21:06:13.350] 
[2018-08-15 21:06:13.522] runtime error: Cannot modify null.icon_state.
[2018-08-15 21:06:13.522] 
[2018-08-15 21:06:19.352] runtime error: Cannot modify null.icon_state.
[2018-08-15 21:06:19.352] 
[2018-08-15 21:06:51.989] runtime error: Cannot modify null.icon_state.
[2018-08-15 21:06:51.990] 
[2018-08-15 21:06:53.536] runtime error: Cannot modify null.icon_state.
[2018-08-15 21:06:53.536] 
[2018-08-15 21:06:55.815] runtime error: Cannot modify null.icon_state.
[2018-08-15 21:06:55.815] 
[2018-08-15 21:07:03.372] runtime error: Cannot modify null.icon_state.
[2018-08-15 21:07:03.372] 
[2018-08-15 21:07:27.213] runtime error: Cannot modify null.icon_state.
[2018-08-15 21:07:27.213] 
[2018-08-15 21:08:10.476] runtime error: Cannot modify null.icon_state.
[2018-08-15 21:08:10.476] 
[2018-08-15 21:08:45.157] runtime error: Cannot modify null.icon_state.
[2018-08-15 21:08:45.157] 
[2018-08-15 21:08:56.329] runtime error: Cannot modify null.icon_state.
[2018-08-15 21:08:56.329] 
[2018-08-15 21:08:58.186] runtime error: Cannot modify null.icon_state.
[2018-08-15 21:08:58.186] 
[2018-08-15 21:09:20.910] runtime error: Cannot modify null.icon_state.
[2018-08-15 21:09:20.910] 
[2018-08-15 21:09:22.414] runtime error: Cannot modify null.icon_state.
[2018-08-15 21:09:22.414] 
[2018-08-15 21:09:23.251] runtime error: Cannot modify null.icon_state.
[2018-08-15 21:09:23.251] 
[2018-08-15 21:09:45.425] runtime error: Cannot modify null.icon_state.
[2018-08-15 21:09:45.425] 
[2018-08-15 21:09:56.253] runtime error: Cannot modify null.icon_state.
[2018-08-15 21:09:56.253] 
[2018-08-15 21:10:10.723] runtime error: Cannot modify null.icon_state.
[2018-08-15 21:10:10.723] 
[2018-08-15 21:10:29.125] runtime error: Cannot modify null.icon_state.
[2018-08-15 21:10:29.125] 
[2018-08-15 21:10:29.126] runtime error: Cannot modify null.icon_state.
[2018-08-15 21:10:29.126] 
[2018-08-15 21:10:33.648] runtime error: Cannot modify null.icon_state.
[2018-08-15 21:10:33.649] 
[2018-08-15 21:10:33.649] runtime error: Cannot modify null.icon_state.
[2018-08-15 21:10:33.649] 
[2018-08-15 21:10:59.799] runtime error: Cannot modify null.icon_state.
[2018-08-15 21:10:59.799] 
[2018-08-15 21:11:22.925] runtime error: Cannot modify null.icon_state.
[2018-08-15 21:11:22.925] 
[2018-08-15 21:11:24.360] runtime error: Cannot modify null.icon_state.
[2018-08-15 21:11:24.360] 
[2018-08-15 21:11:45.487] runtime error: Cannot modify null.icon_state.
[2018-08-15 21:11:45.487] 
[2018-08-15 21:12:10.352] runtime error: Cannot modify null.icon_state.
[2018-08-15 21:12:10.352] 
[2018-08-15 21:12:27.656] runtime error: Cannot modify null.icon_state.
[2018-08-15 21:12:27.656] 
[2018-08-15 21:12:28.744] runtime error: Cannot modify null.icon_state.
[2018-08-15 21:12:28.744] 
[2018-08-15 21:12:28.745] runtime error: Cannot modify null.icon_state.
[2018-08-15 21:12:28.745] 
[2018-08-15 21:13:03.259] runtime error: Cannot modify null.icon_state.
[2018-08-15 21:13:03.259] 
[2018-08-15 21:14:14.116] runtime error: Cannot modify null.icon_state.
[2018-08-15 21:14:14.116] 
[2018-08-15 21:14:59.170] runtime error: Cannot modify null.icon_state.
[2018-08-15 21:14:59.170] 
[2018-08-15 21:14:59.643] runtime error: Cannot modify null.icon_state.
[2018-08-15 21:14:59.643] 
[2018-08-15 21:17:04.155] runtime error: Cannot modify null.icon_state.
[2018-08-15 21:17:04.155] 
[2018-08-15 21:17:58.054] runtime error: Cannot modify null.icon_state.
[2018-08-15 21:17:58.054] 
[2018-08-15 21:20:12.027] runtime error: Cannot modify null.icon_state.
[2018-08-15 21:20:12.027] 
[2018-08-15 21:20:40.988] runtime error: Cannot modify null.icon_state.
[2018-08-15 21:20:40.988] 
[2018-08-15 21:21:31.761] runtime error: Cannot modify null.icon_state.
[2018-08-15 21:21:31.761] 
[2018-08-15 21:22:14.525] runtime error: Cannot modify null.icon_state.
[2018-08-15 21:22:14.525] 
[2018-08-15 21:22:18.472] runtime error: Cannot modify null.icon_state.
[2018-08-15 21:22:18.472] 
[2018-08-15 21:23:35.486] runtime error: Cannot modify null.icon_state.
[2018-08-15 21:23:35.487] 
[2018-08-15 21:24:30.176] runtime error: Cannot execute null.archive().
[2018-08-15 21:24:30.176] 
[2018-08-15 21:24:30.176] runtime error: Cannot read null.gases
[2018-08-15 21:24:30.176] 
[2018-08-15 21:24:30.176] runtime error: Cannot execute null.archive().
[2018-08-15 21:24:30.176] 
[2018-08-15 21:24:30.176] runtime error: Cannot read null.gases
[2018-08-15 21:24:30.176] 
[2018-08-15 21:24:30.179] runtime error: Cannot execute null.archive().
[2018-08-15 21:24:30.179] 
[2018-08-15 21:24:30.179] runtime error: Cannot read null.gases
[2018-08-15 21:24:30.179] 
[2018-08-15 21:24:30.180] runtime error: Cannot execute null.archive().
[2018-08-15 21:24:30.180] 
[2018-08-15 21:24:30.180] runtime error: Cannot read null.gases
[2018-08-15 21:24:30.180] 
[2018-08-15 21:24:30.180] runtime error: Cannot execute null.archive().
[2018-08-15 21:24:30.180] 
[2018-08-15 21:24:30.180] runtime error: Cannot read null.gases
[2018-08-15 21:24:30.180] 
[2018-08-15 21:24:30.180] runtime error: Cannot execute null.archive().
[2018-08-15 21:24:30.180] 
[2018-08-15 21:24:30.181] runtime error: Cannot read null.gases
[2018-08-15 21:24:30.181] 
[2018-08-15 21:24:30.181] runtime error: Cannot execute null.archive().
[2018-08-15 21:24:30.181] 
[2018-08-15 21:24:30.181] runtime error: Cannot read null.gases
[2018-08-15 21:24:30.181] 
[2018-08-15 21:24:30.181] runtime error: Cannot execute null.archive().
[2018-08-15 21:24:30.181] 
[2018-08-15 21:24:30.182] runtime error: Cannot read null.gases
[2018-08-15 21:24:30.182] 
[2018-08-15 21:24:30.182] runtime error: Cannot execute null.archive().
[2018-08-15 21:24:30.182] 
[2018-08-15 21:24:30.182] runtime error: Cannot read null.gases
[2018-08-15 21:24:30.182] 
[2018-08-15 21:24:30.310] runtime error: Cannot execute null.archive().
[2018-08-15 21:24:30.310] 
[2018-08-15 21:24:30.310] runtime error: Cannot read null.gases
[2018-08-15 21:24:30.311] 
[2018-08-15 21:24:30.311] runtime error: Cannot execute null.archive().
[2018-08-15 21:24:30.311] 
[2018-08-15 21:24:30.311] runtime error: Cannot read null.gases
[2018-08-15 21:24:30.311] 
[2018-08-15 21:24:30.311] runtime error: Cannot execute null.archive().
[2018-08-15 21:24:30.311] 
[2018-08-15 21:24:30.312] runtime error: Cannot read null.gases
[2018-08-15 21:24:30.312] 
[2018-08-15 21:24:30.312] runtime error: Cannot execute null.archive().
[2018-08-15 21:24:30.312] 
[2018-08-15 21:24:30.312] runtime error: Cannot read null.gases
[2018-08-15 21:24:30.312] 
[2018-08-15 21:24:30.312] runtime error: Cannot execute null.archive().
[2018-08-15 21:24:30.312] 
[2018-08-15 21:24:30.312] runtime error: Cannot read null.gases
[2018-08-15 21:24:30.312] 
[2018-08-15 21:24:30.313] runtime error: Cannot execute null.archive().
[2018-08-15 21:24:30.313] 
[2018-08-15 21:24:30.313] runtime error: Cannot read null.gases
[2018-08-15 21:24:30.313] 
[2018-08-15 21:24:30.313] runtime error: Cannot execute null.archive().
[2018-08-15 21:24:30.313] 
[2018-08-15 21:24:30.313] runtime error: Cannot read null.gases
[2018-08-15 21:24:30.313] 
[2018-08-15 21:24:30.314] runtime error: Cannot execute null.archive().
[2018-08-15 21:24:30.314] 
[2018-08-15 21:24:30.314] runtime error: Cannot read null.gases
[2018-08-15 21:24:30.314] 
[2018-08-15 21:24:30.317] runtime error: Cannot execute null.archive().
[2018-08-15 21:24:30.317] 
[2018-08-15 21:24:30.317] runtime error: Cannot read null.gases
[2018-08-15 21:24:30.317] 
[2018-08-15 21:24:30.317] runtime error: Cannot execute null.archive().
[2018-08-15 21:24:30.317] 
[2018-08-15 21:24:30.318] runtime error: Cannot read null.gases
[2018-08-15 21:24:30.318] 
[2018-08-15 21:24:30.318] runtime error: Cannot execute null.archive().
[2018-08-15 21:24:30.318] 
[2018-08-15 21:24:30.318] runtime error: Cannot read null.gases
[2018-08-15 21:24:30.318] 
[2018-08-15 21:24:30.318] runtime error: Cannot execute null.archive().
[2018-08-15 21:24:30.318] 
[2018-08-15 21:24:30.319] runtime error: Cannot read null.gases
[2018-08-15 21:24:30.319] 
[2018-08-15 21:24:31.292] runtime error: Cannot execute null.archive().
[2018-08-15 21:24:31.292] 
[2018-08-15 21:24:31.293] runtime error: Cannot read null.gases
[2018-08-15 21:24:31.293] 
[2018-08-15 21:24:31.293] runtime error: Cannot execute null.archive().
[2018-08-15 21:24:31.293] 
[2018-08-15 21:24:31.293] runtime error: Cannot read null.gases
[2018-08-15 21:24:31.293] 
[2018-08-15 21:24:31.293] runtime error: Cannot execute null.archive().
[2018-08-15 21:24:31.293] 
[2018-08-15 21:24:31.294] runtime error: Cannot read null.gases
[2018-08-15 21:24:31.294] 
[2018-08-15 21:24:31.294] runtime error: Cannot execute null.archive().
[2018-08-15 21:24:31.294] 
[2018-08-15 21:24:31.294] runtime error: Cannot read null.gases
[2018-08-15 21:24:31.294] 
[2018-08-15 21:24:31.369] runtime error: Cannot execute null.archive().
[2018-08-15 21:24:31.369] 
[2018-08-15 21:24:31.369] runtime error: Cannot read null.gases
[2018-08-15 21:24:31.369] 
[2018-08-15 21:24:31.370] runtime error: Cannot execute null.archive().
[2018-08-15 21:24:31.370] 
[2018-08-15 21:24:31.370] runtime error: Cannot read null.gases
[2018-08-15 21:24:31.370] 
[2018-08-15 21:24:31.370] runtime error: Cannot execute null.archive().
[2018-08-15 21:24:31.370] 
[2018-08-15 21:24:31.371] runtime error: Cannot read null.gases
[2018-08-15 21:24:31.371] 
[2018-08-15 21:24:31.371] runtime error: Cannot execute null.archive().
[2018-08-15 21:24:31.371] 
[2018-08-15 21:24:31.371] runtime error: Cannot read null.gases
[2018-08-15 21:24:31.371] 
[2018-08-15 21:24:31.371] runtime error: Cannot execute null.archive().
[2018-08-15 21:24:31.371] 
[2018-08-15 21:24:31.372] runtime error: Cannot read null.gases
[2018-08-15 21:24:31.372] 
[2018-08-15 21:24:31.372] runtime error: Cannot execute null.archive().
[2018-08-15 21:24:31.372] 
[2018-08-15 21:24:31.372] runtime error: Cannot read null.gases
[2018-08-15 21:24:31.372] 
[2018-08-15 21:24:31.373] runtime error: Cannot execute null.archive().
[2018-08-15 21:24:31.373] 
[2018-08-15 21:24:31.373] runtime error: Cannot read null.gases
[2018-08-15 21:24:31.373] 
[2018-08-15 21:24:31.373] runtime error: Cannot execute null.archive().
[2018-08-15 21:24:31.373] 
[2018-08-15 21:24:31.373] runtime error: Cannot read null.gases
[2018-08-15 21:24:31.373] 
[2018-08-15 21:24:31.374] runtime error: Cannot execute null.archive().
[2018-08-15 21:24:31.374] 
[2018-08-15 21:24:31.374] runtime error: Cannot read null.gases
[2018-08-15 21:24:31.374] 
[2018-08-15 21:24:31.374] runtime error: Cannot execute null.archive().
[2018-08-15 21:24:31.374] 
[2018-08-15 21:24:31.374] runtime error: Cannot read null.gases
[2018-08-15 21:24:31.374] 
[2018-08-15 21:24:31.375] runtime error: Cannot execute null.archive().
[2018-08-15 21:24:31.375] 
[2018-08-15 21:24:31.375] runtime error: Cannot read null.gases
[2018-08-15 21:24:31.375] 
[2018-08-15 21:24:31.375] runtime error: Cannot execute null.archive().
[2018-08-15 21:24:31.375] 
[2018-08-15 21:24:31.375] runtime error: Cannot read null.gases
[2018-08-15 21:24:31.375] 
[2018-08-15 21:24:31.376] runtime error: Cannot execute null.archive().
[2018-08-15 21:24:31.376] 
[2018-08-15 21:24:31.376] runtime error: Cannot read null.gases
[2018-08-15 21:24:31.376] 
[2018-08-15 21:24:31.376] runtime error: Cannot execute null.archive().
[2018-08-15 21:24:31.376] 
[2018-08-15 21:24:31.376] runtime error: Cannot read null.gases
[2018-08-15 21:24:31.376] 
[2018-08-15 21:24:31.377] runtime error: Cannot execute null.archive().
[2018-08-15 21:24:31.377] 
[2018-08-15 21:24:31.377] runtime error: Cannot read null.gases
[2018-08-15 21:24:31.377] 
[2018-08-15 21:24:31.377] runtime error: Cannot execute null.archive().
[2018-08-15 21:24:31.377] 
[2018-08-15 21:24:31.377] runtime error: Cannot read null.gases
[2018-08-15 21:24:31.377] 
[2018-08-15 21:24:31.378] runtime error: Cannot execute null.archive().
[2018-08-15 21:24:31.378] 
[2018-08-15 21:24:31.378] runtime error: Cannot read null.gases
[2018-08-15 21:24:31.378] 
[2018-08-15 21:24:31.378] runtime error: Cannot execute null.archive().
[2018-08-15 21:24:31.378] 
[2018-08-15 21:24:31.378] runtime error: Cannot read null.gases
[2018-08-15 21:24:31.378] 
[2018-08-15 21:24:31.804] runtime error: Cannot execute null.archive().
[2018-08-15 21:24:31.804] 
[2018-08-15 21:24:31.805] runtime error: Cannot read null.gases
[2018-08-15 21:24:31.805] 
[2018-08-15 21:24:31.805] runtime error: Cannot execute null.archive().
[2018-08-15 21:24:31.805] 
[2018-08-15 21:24:31.805] runtime error: Cannot read null.gases
[2018-08-15 21:24:31.805] 
[2018-08-15 21:24:31.806] runtime error: Cannot execute null.archive().
[2018-08-15 21:24:31.806] 
[2018-08-15 21:24:31.806] runtime error: Cannot read null.gases
[2018-08-15 21:24:31.806] 
[2018-08-15 21:24:31.829] runtime error: Cannot execute null.archive().
[2018-08-15 21:24:31.829] 
[2018-08-15 21:24:31.829] runtime error: Cannot read null.gases
[2018-08-15 21:24:31.829] 
[2018-08-15 21:24:31.830] runtime error: Cannot execute null.archive().
[2018-08-15 21:24:31.830] 
[2018-08-15 21:24:31.830] runtime error: Cannot read null.gases
[2018-08-15 21:24:31.830] 
[2018-08-15 21:24:31.830] runtime error: Cannot execute null.archive().
[2018-08-15 21:24:31.830] 
[2018-08-15 21:24:31.831] runtime error: Cannot read null.gases
[2018-08-15 21:24:31.831] 
[2018-08-15 21:24:31.831] runtime error: Cannot execute null.archive().
[2018-08-15 21:24:31.831] 
[2018-08-15 21:24:31.831] runtime error: Cannot read null.gases
[2018-08-15 21:24:31.831] 
[2018-08-15 21:24:31.832] runtime error: Cannot execute null.archive().
[2018-08-15 21:24:31.832] 
[2018-08-15 21:24:31.832] runtime error: Cannot read null.gases
[2018-08-15 21:24:31.832] 
[2018-08-15 21:25:12.170] runtime error: Cannot modify null.icon_state.
[2018-08-15 21:25:12.170] 
[2018-08-15 21:25:12.171] runtime error: Cannot modify null.icon_state.
[2018-08-15 21:25:12.171] 
[2018-08-15 21:25:12.418] runtime error: Cannot modify null.icon_state.
[2018-08-15 21:25:12.418] 
[2018-08-15 21:25:14.235] runtime error: Cannot modify null.icon_state.
[2018-08-15 21:25:14.235] 
[2018-08-15 21:25:28.757] runtime error: Cannot modify null.icon_state.
[2018-08-15 21:25:28.757] 
[2018-08-15 21:25:39.007] runtime error: Cannot modify null.icon_state.
[2018-08-15 21:25:39.007] 
[2018-08-15 21:25:51.838] runtime error: Cannot modify null.icon_state.
[2018-08-15 21:25:51.838] 
[2018-08-15 21:26:43.643] runtime error: Cannot modify null.icon_state.
[2018-08-15 21:26:43.643] 
[2018-08-15 21:27:15.195] runtime error: Cannot modify null.icon_state.
[2018-08-15 21:27:15.195] 
[2018-08-15 21:28:23.696] runtime error: Cannot modify null.icon_state.
[2018-08-15 21:28:23.696] 
[2018-08-15 21:28:31.964] runtime error: Cannot modify null.icon_state.
[2018-08-15 21:28:31.965] 
[2018-08-15 21:28:48.640] runtime error: Cannot modify null.icon_state.
[2018-08-15 21:28:48.640] 
[2018-08-15 21:29:13.587] runtime error: Cannot modify null.icon_state.
[2018-08-15 21:29:13.587] 
[2018-08-15 21:29:20.632] runtime error: Cannot modify null.icon_state.
[2018-08-15 21:29:20.632] 
[2018-08-15 21:29:21.919] runtime error: Cannot modify null.icon_state.
[2018-08-15 21:29:21.919] 
[2018-08-15 21:36:04.839] Saved 24 engraved messages on map Box Station
[2018-08-15 21:37:40.483] Shutting down Persistence subsystem...
[2018-08-15 21:37:40.484] Shutting down Pathfinder subsystem...
[2018-08-15 21:37:40.484] Shutting down Squeak subsystem...
[2018-08-15 21:37:40.484] Shutting down Shuttle subsystem...
[2018-08-15 21:37:40.484] Shutting down Lighting subsystem...
[2018-08-15 21:37:40.484] Shutting down XKeyScore subsystem...
[2018-08-15 21:37:40.484] Shutting down Sticky Ban subsystem...
[2018-08-15 21:37:40.484] Shutting down Overlay subsystem...
[2018-08-15 21:37:40.522] Shutting down Icon Smoothing subsystem...
[2018-08-15 21:37:40.523] Shutting down Assets subsystem...
[2018-08-15 21:37:40.523] Shutting down Minimap subsystem...
[2018-08-15 21:37:40.523] Shutting down Atmospherics subsystem...
[2018-08-15 21:37:40.523] Shutting down Wet floors subsystem...
[2018-08-15 21:37:40.523] Shutting down Weather subsystem...
[2018-08-15 21:37:40.523] Shutting down Vote subsystem...
[2018-08-15 21:37:40.523] Shutting down Traumas subsystem...
[2018-08-15 21:37:40.523] Shutting down Title Screen subsystem...
[2018-08-15 21:37:40.524] Shutting down Time Tracking subsystem...
[2018-08-15 21:37:40.525] Shutting down Throwing subsystem...
[2018-08-15 21:37:40.525] Shutting down tgui subsystem...
[2018-08-15 21:37:40.525] Shutting down Sun subsystem...
[2018-08-15 21:37:40.525] Shutting down Space Drift subsystem...
[2018-08-15 21:37:40.525] Shutting down Religion subsystem...
[2018-08-15 21:37:40.525] Shutting down Radio subsystem...
[2018-08-15 21:37:40.525] Shutting down Radiation subsystem...
[2018-08-15 21:37:40.525] Shutting down Projectiles subsystem...
[2018-08-15 21:37:40.525] Shutting down Processing subsystem...
[2018-08-15 21:37:40.525] Shutting down Ping subsystem...
[2018-08-15 21:37:40.525] Shutting down Parallax subsystem...
[2018-08-15 21:37:40.525] Shutting down pAI subsystem...
[2018-08-15 21:37:40.525] Shutting down Orbits subsystem...
[2018-08-15 21:37:40.525] Shutting down Objects subsystem...
[2018-08-15 21:37:40.525] Shutting down NPC Pool subsystem...
[2018-08-15 21:37:40.525] Shutting down Night Shift subsystem...
[2018-08-15 21:37:40.526] Shutting down Mood subsystem...
[2018-08-15 21:37:40.526] Shutting down Mobs subsystem...
[2018-08-15 21:37:40.526] Shutting down Medals subsystem...
[2018-08-15 21:37:40.526] Shutting down Idling NPC Pool subsystem...
[2018-08-15 21:37:40.526] Shutting down Fire Burning subsystem...
[2018-08-15 21:37:40.526] Shutting down Fields subsystem...
[2018-08-15 21:37:40.526] Shutting down Fast Processing subsystem...
[2018-08-15 21:37:40.526] Shutting down Disease subsystem...
[2018-08-15 21:37:40.526] Shutting down Datum Component System subsystem...
[2018-08-15 21:37:40.526] Shutting down Communications subsystem...
[2018-08-15 21:37:40.526] Shutting down Augury subsystem...
[2018-08-15 21:37:40.526] Shutting down Acid subsystem...
[2018-08-15 21:37:40.526] Shutting down Timer subsystem...
[2018-08-15 21:37:40.526] Shutting down Circuit subsystem...
[2018-08-15 21:37:40.526] Shutting down Machines subsystem...
[2018-08-15 21:37:40.526] Shutting down Language subsystem...
[2018-08-15 21:37:40.527] Shutting down Atoms subsystem...
[2018-08-15 21:37:40.527] Shutting down Networks subsystem...
[2018-08-15 21:37:40.527] Shutting down Mapping subsystem...
[2018-08-15 21:37:40.527] Shutting down Ticker subsystem...
[2018-08-15 21:37:40.799] Shutting down Quirks subsystem...
[2018-08-15 21:37:40.799] Shutting down Jobs subsystem...
[2018-08-15 21:37:40.799] Shutting down Events subsystem...
[2018-08-15 21:37:40.799] Shutting down Research subsystem...
[2018-08-15 21:37:40.799] Shutting down Input subsystem...
[2018-08-15 21:37:40.799] Shutting down Server Tasks subsystem...
[2018-08-15 21:37:40.800] Shutting down Blackbox subsystem...
[2018-08-15 21:37:41.075] Shutting down Database subsystem...
[2018-08-15 21:37:41.114] Shutting down Garbage subsystem...
[2018-08-15 21:37:41.231] Shutdown complete
[2018-08-15 21:37:41.232] World rebooted at 21:37:41
