runtime error: 
[03:45:14]bad index
[03:45:14]proc name: Get (/datum/controller/configuration/proc/Get)
[03:45:14]  source file: configuration.dm,156
[03:45:14]  usr: null
[03:45:14]  src: Configuration (/datum/controller/configuration)
[03:45:14]  call stack:
[03:45:14]Configuration (/datum/controller/configuration): Get(/datum/config_entry/flag/log_w... (/datum/config_entry/flag/log_world_topic))
[03:45:14]world: Topic("status", "212.237.9.101", null, null)
runtime error: 
[03:45:14]bad index
[03:45:14]proc name: Get (/datum/controller/configuration/proc/Get)
[03:45:14]  source file: configuration.dm,156
[03:45:14]  usr: null
[03:45:14]  src: Configuration (/datum/controller/configuration)
[03:45:14]  call stack:
[03:45:14]Configuration (/datum/controller/configuration): Get(/datum/config_entry/string/com... (/datum/config_entry/string/comms_key))
[03:45:14]/datum/world_topic/status (/datum/world_topic/status): TryRun(/list (/list))
[03:45:14]world: Topic("status", "212.237.9.101", null, null)
runtime error: 
[03:45:14]bad index
[03:45:14]proc name: Get (/datum/controller/configuration/proc/Get)
[03:45:14]  source file: configuration.dm,156
[03:45:14]  usr: null
[03:45:14]  src: Configuration (/datum/controller/configuration)
[03:45:14]  call stack:
[03:45:14]Configuration (/datum/controller/configuration): Get(/datum/config_entry/flag/nores... (/datum/config_entry/flag/norespawn))
[03:45:14]/datum/world_topic/status (/datum/world_topic/status): Run(/list (/list))
[03:45:14]/datum/world_topic/status (/datum/world_topic/status): TryRun(/list (/list))
[03:45:14]world: Topic("status", "212.237.9.101", null, null)
runtime error: 
[03:45:14]bad index
[03:45:14]proc name: Get (/datum/controller/configuration/proc/Get)
[03:45:14]  source file: configuration.dm,156
[03:45:14]  usr: null
[03:45:14]  src: Configuration (/datum/controller/configuration)
[03:45:14]  call stack:
[03:45:14]Configuration (/datum/controller/configuration): Get(/datum/config_entry/flag/allow... (/datum/config_entry/flag/allow_vote_mode))
[03:45:14]/datum/world_topic/status (/datum/world_topic/status): Run(/list (/list))
[03:45:14]/datum/world_topic/status (/datum/world_topic/status): TryRun(/list (/list))
[03:45:14]world: Topic("status", "212.237.9.101", null, null)
runtime error: 
[03:45:14]bad index
[03:45:14]proc name: Get (/datum/controller/configuration/proc/Get)
[03:45:14]  source file: configuration.dm,156
[03:45:14]  usr: null
[03:45:14]  src: Configuration (/datum/controller/configuration)
[03:45:14]  call stack:
[03:45:14]Configuration (/datum/controller/configuration): Get(/datum/config_entry/flag/allow... (/datum/config_entry/flag/allow_ai))
[03:45:14]/datum/world_topic/status (/datum/world_topic/status): Run(/list (/list))
[03:45:14]/datum/world_topic/status (/datum/world_topic/status): TryRun(/list (/list))
[03:45:14]world: Topic("status", "212.237.9.101", null, null)
Loading config file config.txt...
Loading config file game_options.txt...
Unknown setting in configuration: 'overflow_job'
Unknown setting in configuration: 'overflow_cap'
Loading config file dbconfig.txt...
Loading config file comms.txt...
Loading config file maps.txt...
Database connection established.
[03:45:14]SQL: Could not get schema version from database
