[2018-07-21 15:07:48.857] runtime error: bad index
[2018-07-21 15:07:48.857] proc name: Get (/datum/controller/configuration/proc/Get)
[2018-07-21 15:07:48.857]   source file: configuration.dm,178
[2018-07-21 15:07:48.857]   usr: null
[2018-07-21 15:07:48.857]   src: Configuration (/datum/controller/configuration)
[2018-07-21 15:07:48.857]   call stack:
[2018-07-21 15:07:48.857] Configuration (/datum/controller/configuration): Get(/datum/config_entry/flag/log_w... (/datum/config_entry/flag/log_world_topic))
[2018-07-21 15:07:48.857] world: Topic("status", "212.237.9.101", null, null)
[2018-07-21 15:07:48.857] 
[2018-07-21 15:07:48.857] runtime error: bad index
[2018-07-21 15:07:48.857] proc name: Get (/datum/controller/configuration/proc/Get)
[2018-07-21 15:07:48.857]   source file: configuration.dm,178
[2018-07-21 15:07:48.857]   usr: null
[2018-07-21 15:07:48.857]   src: Configuration (/datum/controller/configuration)
[2018-07-21 15:07:48.857]   call stack:
[2018-07-21 15:07:48.857] Configuration (/datum/controller/configuration): Get(/datum/config_entry/string/com... (/datum/config_entry/string/comms_key))
[2018-07-21 15:07:48.857] /datum/world_topic/status (/datum/world_topic/status): TryRun(/list (/list))
[2018-07-21 15:07:48.857] world: Topic("status", "212.237.9.101", null, null)
[2018-07-21 15:07:48.857] 
[2018-07-21 15:07:48.858] runtime error: bad index
[2018-07-21 15:07:48.858] proc name: Get (/datum/controller/configuration/proc/Get)
[2018-07-21 15:07:48.858]   source file: configuration.dm,178
[2018-07-21 15:07:48.858]   usr: null
[2018-07-21 15:07:48.858]   src: Configuration (/datum/controller/configuration)
[2018-07-21 15:07:48.858]   call stack:
[2018-07-21 15:07:48.858] Configuration (/datum/controller/configuration): Get(/datum/config_entry/flag/nores... (/datum/config_entry/flag/norespawn))
[2018-07-21 15:07:48.858] /datum/world_topic/status (/datum/world_topic/status): Run(/list (/list))
[2018-07-21 15:07:48.858] /datum/world_topic/status (/datum/world_topic/status): TryRun(/list (/list))
[2018-07-21 15:07:48.858] world: Topic("status", "212.237.9.101", null, null)
[2018-07-21 15:07:48.858] 
[2018-07-21 15:07:48.859] runtime error: bad index
[2018-07-21 15:07:48.859] proc name: Get (/datum/controller/configuration/proc/Get)
[2018-07-21 15:07:48.859]   source file: configuration.dm,178
[2018-07-21 15:07:48.859]   usr: null
[2018-07-21 15:07:48.859]   src: Configuration (/datum/controller/configuration)
[2018-07-21 15:07:48.859]   call stack:
[2018-07-21 15:07:48.859] Configuration (/datum/controller/configuration): Get(/datum/config_entry/flag/allow... (/datum/config_entry/flag/allow_vote_mode))
[2018-07-21 15:07:48.859] /datum/world_topic/status (/datum/world_topic/status): Run(/list (/list))
[2018-07-21 15:07:48.859] /datum/world_topic/status (/datum/world_topic/status): TryRun(/list (/list))
[2018-07-21 15:07:48.859] world: Topic("status", "212.237.9.101", null, null)
[2018-07-21 15:07:48.859] 
[2018-07-21 15:07:48.859] runtime error: bad index
[2018-07-21 15:07:48.859] proc name: Get (/datum/controller/configuration/proc/Get)
[2018-07-21 15:07:48.859]   source file: configuration.dm,178
[2018-07-21 15:07:48.859]   usr: null
[2018-07-21 15:07:48.859]   src: Configuration (/datum/controller/configuration)
[2018-07-21 15:07:48.859]   call stack:
[2018-07-21 15:07:48.859] Configuration (/datum/controller/configuration): Get(/datum/config_entry/flag/allow... (/datum/config_entry/flag/allow_ai))
[2018-07-21 15:07:48.859] /datum/world_topic/status (/datum/world_topic/status): Run(/list (/list))
[2018-07-21 15:07:48.859] /datum/world_topic/status (/datum/world_topic/status): TryRun(/list (/list))
[2018-07-21 15:07:48.859] world: Topic("status", "212.237.9.101", null, null)
[2018-07-21 15:07:48.859] 
[2018-07-21 15:07:48.860] runtime error: Cannot read null.commit
[2018-07-21 15:07:48.860] proc name: Run (/datum/world_topic/status/Run)
[2018-07-21 15:07:48.860]   source file: world_topic.dm,151
[2018-07-21 15:07:48.860]   usr: null
[2018-07-21 15:07:48.860]   src: /datum/world_topic/status (/datum/world_topic/status)
[2018-07-21 15:07:48.860]   call stack:
[2018-07-21 15:07:48.860] /datum/world_topic/status (/datum/world_topic/status): Run(/list (/list))
[2018-07-21 15:07:48.860] /datum/world_topic/status (/datum/world_topic/status): TryRun(/list (/list))
[2018-07-21 15:07:48.860] world: Topic("status", "212.237.9.101", null, null)
[2018-07-21 15:07:48.860] 
[2018-07-21 15:07:48.860] runtime error: bad index
[2018-07-21 15:07:48.860] proc name: Get (/datum/controller/configuration/proc/Get)
[2018-07-21 15:07:48.860]   source file: configuration.dm,178
[2018-07-21 15:07:48.860]   usr: null
[2018-07-21 15:07:48.860]   src: Configuration (/datum/controller/configuration)
[2018-07-21 15:07:48.860]   call stack:
[2018-07-21 15:07:48.860] Configuration (/datum/controller/configuration): Get(/datum/config_entry/flag/log_w... (/datum/config_entry/flag/log_world_topic))
[2018-07-21 15:07:48.860] world: Topic("status", "212.237.9.101", null, null)
[2018-07-21 15:07:48.860] 
[2018-07-21 15:07:48.861] runtime error: bad index
[2018-07-21 15:07:48.861] proc name: Get (/datum/controller/configuration/proc/Get)
[2018-07-21 15:07:48.861]   source file: configuration.dm,178
[2018-07-21 15:07:48.861]   usr: null
[2018-07-21 15:07:48.861]   src: Configuration (/datum/controller/configuration)
[2018-07-21 15:07:48.861]   call stack:
[2018-07-21 15:07:48.861] Configuration (/datum/controller/configuration): Get(/datum/config_entry/string/com... (/datum/config_entry/string/comms_key))
[2018-07-21 15:07:48.861] /datum/world_topic/status (/datum/world_topic/status): TryRun(/list (/list))
[2018-07-21 15:07:48.861] world: Topic("status", "212.237.9.101", null, null)
[2018-07-21 15:07:48.861] 
[2018-07-21 15:07:48.861] runtime error: bad index
[2018-07-21 15:07:48.861] proc name: Get (/datum/controller/configuration/proc/Get)
[2018-07-21 15:07:48.861]   source file: configuration.dm,178
[2018-07-21 15:07:48.861]   usr: null
[2018-07-21 15:07:48.861]   src: Configuration (/datum/controller/configuration)
[2018-07-21 15:07:48.861]   call stack:
[2018-07-21 15:07:48.861] Configuration (/datum/controller/configuration): Get(/datum/config_entry/flag/nores... (/datum/config_entry/flag/norespawn))
[2018-07-21 15:07:48.861] /datum/world_topic/status (/datum/world_topic/status): Run(/list (/list))
[2018-07-21 15:07:48.861] /datum/world_topic/status (/datum/world_topic/status): TryRun(/list (/list))
[2018-07-21 15:07:48.861] world: Topic("status", "212.237.9.101", null, null)
[2018-07-21 15:07:48.861] 
[2018-07-21 15:07:48.862] runtime error: bad index
[2018-07-21 15:07:48.862] proc name: Get (/datum/controller/configuration/proc/Get)
[2018-07-21 15:07:48.862]   source file: configuration.dm,178
[2018-07-21 15:07:48.862]   usr: null
[2018-07-21 15:07:48.862]   src: Configuration (/datum/controller/configuration)
[2018-07-21 15:07:48.862]   call stack:
[2018-07-21 15:07:48.862] Configuration (/datum/controller/configuration): Get(/datum/config_entry/flag/allow... (/datum/config_entry/flag/allow_vote_mode))
[2018-07-21 15:07:48.862] /datum/world_topic/status (/datum/world_topic/status): Run(/list (/list))
[2018-07-21 15:07:48.862] /datum/world_topic/status (/datum/world_topic/status): TryRun(/list (/list))
[2018-07-21 15:07:48.862] world: Topic("status", "212.237.9.101", null, null)
[2018-07-21 15:07:48.862] 
[2018-07-21 15:07:48.862] runtime error: bad index
[2018-07-21 15:07:48.862] proc name: Get (/datum/controller/configuration/proc/Get)
[2018-07-21 15:07:48.862]   source file: configuration.dm,178
[2018-07-21 15:07:48.862] 
[2018-07-21 15:07:48.862] runtime error: Cannot read null.commit
[2018-07-21 15:07:48.862] proc name: Run (/datum/world_topic/status/Run)
[2018-07-21 15:07:48.862]   source file: world_topic.dm,151
[2018-07-21 15:07:48.862] 
[2018-07-21 15:07:48.863] runtime error: bad index
[2018-07-21 15:07:48.863] proc name: Get (/datum/controller/configuration/proc/Get)
[2018-07-21 15:07:48.863]   source file: configuration.dm,178
[2018-07-21 15:07:48.863] 
[2018-07-21 15:07:48.863] runtime error: bad index
[2018-07-21 15:07:48.863] proc name: Get (/datum/controller/configuration/proc/Get)
[2018-07-21 15:07:48.863]   source file: configuration.dm,178
[2018-07-21 15:07:48.863] 
[2018-07-21 15:07:48.863] runtime error: bad index
[2018-07-21 15:07:48.863] proc name: Get (/datum/controller/configuration/proc/Get)
[2018-07-21 15:07:48.863]   source file: configuration.dm,178
[2018-07-21 15:07:48.863] 
[2018-07-21 15:07:48.863] runtime error: bad index
[2018-07-21 15:07:48.863] proc name: Get (/datum/controller/configuration/proc/Get)
[2018-07-21 15:07:48.863]   source file: configuration.dm,178
[2018-07-21 15:07:48.863] 
[2018-07-21 15:07:48.863] runtime error: bad index
[2018-07-21 15:07:48.863] proc name: Get (/datum/controller/configuration/proc/Get)
[2018-07-21 15:07:48.863]   source file: configuration.dm,178
[2018-07-21 15:07:48.863] 
[2018-07-21 15:07:48.864] runtime error: Cannot read null.commit
[2018-07-21 15:07:48.864] proc name: Run (/datum/world_topic/status/Run)
[2018-07-21 15:07:48.864]   source file: world_topic.dm,151
[2018-07-21 15:07:48.864] 
[2018-07-21 15:07:48.864] runtime error: bad index
[2018-07-21 15:07:48.864] proc name: Get (/datum/controller/configuration/proc/Get)
[2018-07-21 15:07:48.864]   source file: configuration.dm,178
[2018-07-21 15:07:48.864] 
[2018-07-21 15:07:48.864] runtime error: bad index
[2018-07-21 15:07:48.864] proc name: Get (/datum/controller/configuration/proc/Get)
[2018-07-21 15:07:48.864]   source file: configuration.dm,178
[2018-07-21 15:07:48.864] 
[2018-07-21 15:07:48.865] runtime error: bad index
[2018-07-21 15:07:48.865] proc name: Get (/datum/controller/configuration/proc/Get)
[2018-07-21 15:07:48.865]   source file: configuration.dm,178
[2018-07-21 15:07:48.865] 
[2018-07-21 15:07:48.865] runtime error: bad index
[2018-07-21 15:07:48.865] proc name: Get (/datum/controller/configuration/proc/Get)
[2018-07-21 15:07:48.865]   source file: configuration.dm,178
[2018-07-21 15:07:48.865] 
[2018-07-21 15:07:48.865] runtime error: bad index
[2018-07-21 15:07:48.865] proc name: Get (/datum/controller/configuration/proc/Get)
[2018-07-21 15:07:48.865]   source file: configuration.dm,178
[2018-07-21 15:07:48.865] 
[2018-07-21 15:07:48.865] runtime error: Cannot read null.commit
[2018-07-21 15:07:48.865] proc name: Run (/datum/world_topic/status/Run)
[2018-07-21 15:07:48.865]   source file: world_topic.dm,151
[2018-07-21 15:07:48.865] 
[2018-07-21 15:07:48.866] runtime error: bad index
[2018-07-21 15:07:48.866] proc name: Get (/datum/controller/configuration/proc/Get)
[2018-07-21 15:07:48.866]   source file: configuration.dm,178
[2018-07-21 15:07:48.866] 
[2018-07-21 15:07:48.866] runtime error: bad index
[2018-07-21 15:07:48.866] proc name: Get (/datum/controller/configuration/proc/Get)
[2018-07-21 15:07:48.866]   source file: configuration.dm,178
[2018-07-21 15:07:48.866] 
[2018-07-21 15:07:48.866] runtime error: bad index
[2018-07-21 15:07:48.866] proc name: Get (/datum/controller/configuration/proc/Get)
[2018-07-21 15:07:48.866]   source file: configuration.dm,178
[2018-07-21 15:07:48.866] 
[2018-07-21 15:07:48.866] runtime error: bad index
[2018-07-21 15:07:48.866] proc name: Get (/datum/controller/configuration/proc/Get)
[2018-07-21 15:07:48.866]   source file: configuration.dm,178
[2018-07-21 15:07:48.866] 
[2018-07-21 15:07:48.866] runtime error: bad index
[2018-07-21 15:07:48.866] proc name: Get (/datum/controller/configuration/proc/Get)
[2018-07-21 15:07:48.866]   source file: configuration.dm,178
[2018-07-21 15:07:48.866] 
[2018-07-21 15:07:48.867] runtime error: Cannot read null.commit
[2018-07-21 15:07:48.867] proc name: Run (/datum/world_topic/status/Run)
[2018-07-21 15:07:48.867]   source file: world_topic.dm,151
[2018-07-21 15:07:48.867] 
[2018-07-21 15:07:48.867] runtime error: bad index
[2018-07-21 15:07:48.867] proc name: Get (/datum/controller/configuration/proc/Get)
[2018-07-21 15:07:48.867]   source file: configuration.dm,178
[2018-07-21 15:07:48.867] 
[2018-07-21 15:07:48.867] runtime error: bad index
[2018-07-21 15:07:48.867] proc name: Get (/datum/controller/configuration/proc/Get)
[2018-07-21 15:07:48.867]   source file: configuration.dm,178
[2018-07-21 15:07:48.867] 
[2018-07-21 15:07:48.867] runtime error: bad index
[2018-07-21 15:07:48.867] proc name: Get (/datum/controller/configuration/proc/Get)
[2018-07-21 15:07:48.867]   source file: configuration.dm,178
[2018-07-21 15:07:48.867] 
[2018-07-21 15:07:48.867] runtime error: bad index
[2018-07-21 15:07:48.868] proc name: Get (/datum/controller/configuration/proc/Get)
[2018-07-21 15:07:48.868]   source file: configuration.dm,178
[2018-07-21 15:07:48.868] 
[2018-07-21 15:07:48.868] runtime error: bad index
[2018-07-21 15:07:48.868] proc name: Get (/datum/controller/configuration/proc/Get)
[2018-07-21 15:07:48.868]   source file: configuration.dm,178
[2018-07-21 15:07:48.868] 
[2018-07-21 15:07:48.868] runtime error: Cannot read null.commit
[2018-07-21 15:07:48.868] proc name: Run (/datum/world_topic/status/Run)
[2018-07-21 15:07:48.868]   source file: world_topic.dm,151
[2018-07-21 15:07:48.868] 
[2018-07-21 15:07:48.955] Running /tg/ revision:
[2018-07-21 15:07:48.956] 9c9893b11024068d056f99a424072532aff01f75: 2018-07-20
[2018-07-21 15:07:48.956] runtime error: list index out of bounds
[2018-07-21 15:07:48.956] proc name: New (/datum/getrev/New)
[2018-07-21 15:07:48.956]   source file: getrev.dm,23
[2018-07-21 15:07:48.956] 
[2018-07-21 15:07:48.965] Loading config file config.txt...
[2018-07-21 15:07:48.967] Loading config file game_options.txt...
[2018-07-21 15:07:48.968] Unknown setting in configuration: 'w##'
[2018-07-21 15:07:48.970] Failed to validate setting "DOUBLE_AGENTS 20" for min_pop
[2018-07-21 15:07:48.971] Failed to validate setting "DOUBLE_AGENTS -1" for max_pop
[2018-07-21 15:07:48.975] Loading config file dbconfig.txt...
[2018-07-21 15:07:48.975] Loading config file comms.txt...
[2018-07-21 15:07:48.980] Loading config file maps.txt...
[2018-07-21 15:07:49.144] Database connection established.
[2018-07-21 15:07:49.178] SQL: Could not get schema version from database
