[2018-08-14 16:53:18.734] runtime error: bad index
[2018-08-14 16:53:18.734] proc name: Get (/datum/controller/configuration/proc/Get)
[2018-08-14 16:53:18.734]   source file: configuration.dm,178
[2018-08-14 16:53:18.734]   usr: null
[2018-08-14 16:53:18.734]   src: Configuration (/datum/controller/configuration)
[2018-08-14 16:53:18.734]   call stack:
[2018-08-14 16:53:18.734] Configuration (/datum/controller/configuration): Get(/datum/config_entry/flag/log_w... (/datum/config_entry/flag/log_world_topic))
[2018-08-14 16:53:18.735] world: Topic("status", "24.222.35.234", null, null)
[2018-08-14 16:53:18.735] 
[2018-08-14 16:53:18.736] runtime error: bad index
[2018-08-14 16:53:18.736] proc name: Get (/datum/controller/configuration/proc/Get)
[2018-08-14 16:53:18.736]   source file: configuration.dm,178
[2018-08-14 16:53:18.736]   usr: null
[2018-08-14 16:53:18.736]   src: Configuration (/datum/controller/configuration)
[2018-08-14 16:53:18.736]   call stack:
[2018-08-14 16:53:18.736] Configuration (/datum/controller/configuration): Get(/datum/config_entry/string/com... (/datum/config_entry/string/comms_key))
[2018-08-14 16:53:18.736] /datum/world_topic/status (/datum/world_topic/status): TryRun(/list (/list))
[2018-08-14 16:53:18.736] world: Topic("status", "24.222.35.234", null, null)
[2018-08-14 16:53:18.736] 
[2018-08-14 16:53:18.737] runtime error: bad index
[2018-08-14 16:53:18.737] proc name: Get (/datum/controller/configuration/proc/Get)
[2018-08-14 16:53:18.737]   source file: configuration.dm,178
[2018-08-14 16:53:18.737]   usr: null
[2018-08-14 16:53:18.737]   src: Configuration (/datum/controller/configuration)
[2018-08-14 16:53:18.737]   call stack:
[2018-08-14 16:53:18.737] Configuration (/datum/controller/configuration): Get(/datum/config_entry/flag/nores... (/datum/config_entry/flag/norespawn))
[2018-08-14 16:53:18.737] /datum/world_topic/status (/datum/world_topic/status): Run(/list (/list))
[2018-08-14 16:53:18.737] /datum/world_topic/status (/datum/world_topic/status): TryRun(/list (/list))
[2018-08-14 16:53:18.737] world: Topic("status", "24.222.35.234", null, null)
[2018-08-14 16:53:18.737] 
[2018-08-14 16:53:18.738] runtime error: bad index
[2018-08-14 16:53:18.738] proc name: Get (/datum/controller/configuration/proc/Get)
[2018-08-14 16:53:18.738]   source file: configuration.dm,178
[2018-08-14 16:53:18.738]   usr: null
[2018-08-14 16:53:18.738]   src: Configuration (/datum/controller/configuration)
[2018-08-14 16:53:18.738]   call stack:
[2018-08-14 16:53:18.738] Configuration (/datum/controller/configuration): Get(/datum/config_entry/flag/allow... (/datum/config_entry/flag/allow_vote_mode))
[2018-08-14 16:53:18.738] /datum/world_topic/status (/datum/world_topic/status): Run(/list (/list))
[2018-08-14 16:53:18.738] /datum/world_topic/status (/datum/world_topic/status): TryRun(/list (/list))
[2018-08-14 16:53:18.738] world: Topic("status", "24.222.35.234", null, null)
[2018-08-14 16:53:18.738] 
[2018-08-14 16:53:18.738] runtime error: bad index
[2018-08-14 16:53:18.738] proc name: Get (/datum/controller/configuration/proc/Get)
[2018-08-14 16:53:18.738]   source file: configuration.dm,178
[2018-08-14 16:53:18.738]   usr: null
[2018-08-14 16:53:18.738]   src: Configuration (/datum/controller/configuration)
[2018-08-14 16:53:18.738]   call stack:
[2018-08-14 16:53:18.738] Configuration (/datum/controller/configuration): Get(/datum/config_entry/flag/allow... (/datum/config_entry/flag/allow_ai))
[2018-08-14 16:53:18.738] /datum/world_topic/status (/datum/world_topic/status): Run(/list (/list))
[2018-08-14 16:53:18.739] /datum/world_topic/status (/datum/world_topic/status): TryRun(/list (/list))
[2018-08-14 16:53:18.739] world: Topic("status", "24.222.35.234", null, null)
[2018-08-14 16:53:18.739] 
[2018-08-14 16:53:18.739] runtime error: Cannot read null.commit
[2018-08-14 16:53:18.739] proc name: Run (/datum/world_topic/status/Run)
[2018-08-14 16:53:18.739]   source file: world_topic.dm,151
[2018-08-14 16:53:18.739]   usr: null
[2018-08-14 16:53:18.740]   src: /datum/world_topic/status (/datum/world_topic/status)
[2018-08-14 16:53:18.740]   call stack:
[2018-08-14 16:53:18.740] /datum/world_topic/status (/datum/world_topic/status): Run(/list (/list))
[2018-08-14 16:53:18.740] /datum/world_topic/status (/datum/world_topic/status): TryRun(/list (/list))
[2018-08-14 16:53:18.740] world: Topic("status", "24.222.35.234", null, null)
[2018-08-14 16:53:18.740] 
[2018-08-14 16:53:18.741] runtime error: bad index
[2018-08-14 16:53:18.741] proc name: Get (/datum/controller/configuration/proc/Get)
[2018-08-14 16:53:18.741]   source file: configuration.dm,178
[2018-08-14 16:53:18.741]   usr: null
[2018-08-14 16:53:18.741]   src: Configuration (/datum/controller/configuration)
[2018-08-14 16:53:18.741]   call stack:
[2018-08-14 16:53:18.741] Configuration (/datum/controller/configuration): Get(/datum/config_entry/flag/log_w... (/datum/config_entry/flag/log_world_topic))
[2018-08-14 16:53:18.741] world: Topic("status", "212.237.9.101", null, null)
[2018-08-14 16:53:18.741] 
[2018-08-14 16:53:18.742] runtime error: bad index
[2018-08-14 16:53:18.742] proc name: Get (/datum/controller/configuration/proc/Get)
[2018-08-14 16:53:18.742]   source file: configuration.dm,178
[2018-08-14 16:53:18.742]   usr: null
[2018-08-14 16:53:18.742]   src: Configuration (/datum/controller/configuration)
[2018-08-14 16:53:18.742]   call stack:
[2018-08-14 16:53:18.742] Configuration (/datum/controller/configuration): Get(/datum/config_entry/string/com... (/datum/config_entry/string/comms_key))
[2018-08-14 16:53:18.742] /datum/world_topic/status (/datum/world_topic/status): TryRun(/list (/list))
[2018-08-14 16:53:18.742] world: Topic("status", "212.237.9.101", null, null)
[2018-08-14 16:53:18.742] 
[2018-08-14 16:53:18.743] runtime error: bad index
[2018-08-14 16:53:18.743] proc name: Get (/datum/controller/configuration/proc/Get)
[2018-08-14 16:53:18.743]   source file: configuration.dm,178
[2018-08-14 16:53:18.743]   usr: null
[2018-08-14 16:53:18.743]   src: Configuration (/datum/controller/configuration)
[2018-08-14 16:53:18.743]   call stack:
[2018-08-14 16:53:18.743] Configuration (/datum/controller/configuration): Get(/datum/config_entry/flag/nores... (/datum/config_entry/flag/norespawn))
[2018-08-14 16:53:18.743] /datum/world_topic/status (/datum/world_topic/status): Run(/list (/list))
[2018-08-14 16:53:18.743] /datum/world_topic/status (/datum/world_topic/status): TryRun(/list (/list))
[2018-08-14 16:53:18.743] world: Topic("status", "212.237.9.101", null, null)
[2018-08-14 16:53:18.743] 
[2018-08-14 16:53:18.744] runtime error: bad index
[2018-08-14 16:53:18.744] proc name: Get (/datum/controller/configuration/proc/Get)
[2018-08-14 16:53:18.744]   source file: configuration.dm,178
[2018-08-14 16:53:18.744]   usr: null
[2018-08-14 16:53:18.744]   src: Configuration (/datum/controller/configuration)
[2018-08-14 16:53:18.744]   call stack:
[2018-08-14 16:53:18.744] Configuration (/datum/controller/configuration): Get(/datum/config_entry/flag/allow... (/datum/config_entry/flag/allow_vote_mode))
[2018-08-14 16:53:18.744] /datum/world_topic/status (/datum/world_topic/status): Run(/list (/list))
[2018-08-14 16:53:18.744] /datum/world_topic/status (/datum/world_topic/status): TryRun(/list (/list))
[2018-08-14 16:53:18.744] world: Topic("status", "212.237.9.101", null, null)
[2018-08-14 16:53:18.744] 
[2018-08-14 16:53:18.744] runtime error: bad index
[2018-08-14 16:53:18.744] proc name: Get (/datum/controller/configuration/proc/Get)
[2018-08-14 16:53:18.744]   source file: configuration.dm,178
[2018-08-14 16:53:18.744] 
[2018-08-14 16:53:18.744] runtime error: Cannot read null.commit
[2018-08-14 16:53:18.744] proc name: Run (/datum/world_topic/status/Run)
[2018-08-14 16:53:18.744]   source file: world_topic.dm,151
[2018-08-14 16:53:18.744] 
[2018-08-14 16:53:18.745] runtime error: bad index
[2018-08-14 16:53:18.745] proc name: Get (/datum/controller/configuration/proc/Get)
[2018-08-14 16:53:18.745]   source file: configuration.dm,178
[2018-08-14 16:53:18.745] 
[2018-08-14 16:53:18.746] runtime error: bad index
[2018-08-14 16:53:18.746] proc name: Get (/datum/controller/configuration/proc/Get)
[2018-08-14 16:53:18.746]   source file: configuration.dm,178
[2018-08-14 16:53:18.746] 
[2018-08-14 16:53:18.746] runtime error: bad index
[2018-08-14 16:53:18.746] proc name: Get (/datum/controller/configuration/proc/Get)
[2018-08-14 16:53:18.746]   source file: configuration.dm,178
[2018-08-14 16:53:18.746] 
[2018-08-14 16:53:18.746] runtime error: bad index
[2018-08-14 16:53:18.746] proc name: Get (/datum/controller/configuration/proc/Get)
[2018-08-14 16:53:18.746]   source file: configuration.dm,178
[2018-08-14 16:53:18.746] 
[2018-08-14 16:53:18.747] runtime error: bad index
[2018-08-14 16:53:18.747] proc name: Get (/datum/controller/configuration/proc/Get)
[2018-08-14 16:53:18.747]   source file: configuration.dm,178
[2018-08-14 16:53:18.747] 
[2018-08-14 16:53:18.747] runtime error: Cannot read null.commit
[2018-08-14 16:53:18.747] proc name: Run (/datum/world_topic/status/Run)
[2018-08-14 16:53:18.747]   source file: world_topic.dm,151
[2018-08-14 16:53:18.747] 
[2018-08-14 16:53:18.748] runtime error: bad index
[2018-08-14 16:53:18.748] proc name: Get (/datum/controller/configuration/proc/Get)
[2018-08-14 16:53:18.748]   source file: configuration.dm,178
[2018-08-14 16:53:18.748] 
[2018-08-14 16:53:18.748] runtime error: bad index
[2018-08-14 16:53:18.748] proc name: Get (/datum/controller/configuration/proc/Get)
[2018-08-14 16:53:18.748]   source file: configuration.dm,178
[2018-08-14 16:53:18.748] 
[2018-08-14 16:53:18.748] runtime error: bad index
[2018-08-14 16:53:18.748] proc name: Get (/datum/controller/configuration/proc/Get)
[2018-08-14 16:53:18.748]   source file: configuration.dm,178
[2018-08-14 16:53:18.748] 
[2018-08-14 16:53:18.749] runtime error: bad index
[2018-08-14 16:53:18.749] proc name: Get (/datum/controller/configuration/proc/Get)
[2018-08-14 16:53:18.749]   source file: configuration.dm,178
[2018-08-14 16:53:18.749] 
[2018-08-14 16:53:18.749] runtime error: bad index
[2018-08-14 16:53:18.749] proc name: Get (/datum/controller/configuration/proc/Get)
[2018-08-14 16:53:18.749]   source file: configuration.dm,178
[2018-08-14 16:53:18.749] 
[2018-08-14 16:53:18.749] runtime error: Cannot read null.commit
[2018-08-14 16:53:18.749] proc name: Run (/datum/world_topic/status/Run)
[2018-08-14 16:53:18.749]   source file: world_topic.dm,151
[2018-08-14 16:53:18.749] 
[2018-08-14 16:53:18.750] runtime error: bad index
[2018-08-14 16:53:18.750] proc name: Get (/datum/controller/configuration/proc/Get)
[2018-08-14 16:53:18.750]   source file: configuration.dm,178
[2018-08-14 16:53:18.750] 
[2018-08-14 16:53:18.750] runtime error: bad index
[2018-08-14 16:53:18.750] proc name: Get (/datum/controller/configuration/proc/Get)
[2018-08-14 16:53:18.750]   source file: configuration.dm,178
[2018-08-14 16:53:18.750] 
[2018-08-14 16:53:18.751] runtime error: bad index
[2018-08-14 16:53:18.751] proc name: Get (/datum/controller/configuration/proc/Get)
[2018-08-14 16:53:18.751]   source file: configuration.dm,178
[2018-08-14 16:53:18.751] 
[2018-08-14 16:53:18.751] runtime error: bad index
[2018-08-14 16:53:18.751] proc name: Get (/datum/controller/configuration/proc/Get)
[2018-08-14 16:53:18.751]   source file: configuration.dm,178
[2018-08-14 16:53:18.751] 
[2018-08-14 16:53:18.751] runtime error: bad index
[2018-08-14 16:53:18.751] proc name: Get (/datum/controller/configuration/proc/Get)
[2018-08-14 16:53:18.751]   source file: configuration.dm,178
[2018-08-14 16:53:18.751] 
[2018-08-14 16:53:18.751] runtime error: Cannot read null.commit
[2018-08-14 16:53:18.751] proc name: Run (/datum/world_topic/status/Run)
[2018-08-14 16:53:18.751]   source file: world_topic.dm,151
[2018-08-14 16:53:18.751] 
[2018-08-14 16:53:18.752] runtime error: bad index
[2018-08-14 16:53:18.752] proc name: Get (/datum/controller/configuration/proc/Get)
[2018-08-14 16:53:18.752]   source file: configuration.dm,178
[2018-08-14 16:53:18.752] 
[2018-08-14 16:53:18.752] runtime error: bad index
[2018-08-14 16:53:18.752] proc name: Get (/datum/controller/configuration/proc/Get)
[2018-08-14 16:53:18.752]   source file: configuration.dm,178
[2018-08-14 16:53:18.752] 
[2018-08-14 16:53:18.753] runtime error: bad index
[2018-08-14 16:53:18.753] proc name: Get (/datum/controller/configuration/proc/Get)
[2018-08-14 16:53:18.753]   source file: configuration.dm,178
[2018-08-14 16:53:18.753] 
[2018-08-14 16:53:18.753] runtime error: bad index
[2018-08-14 16:53:18.753] proc name: Get (/datum/controller/configuration/proc/Get)
[2018-08-14 16:53:18.753]   source file: configuration.dm,178
[2018-08-14 16:53:18.753] 
[2018-08-14 16:53:18.753] runtime error: bad index
[2018-08-14 16:53:18.753] proc name: Get (/datum/controller/configuration/proc/Get)
[2018-08-14 16:53:18.753]   source file: configuration.dm,178
[2018-08-14 16:53:18.753] 
[2018-08-14 16:53:18.754] runtime error: Cannot read null.commit
[2018-08-14 16:53:18.754] proc name: Run (/datum/world_topic/status/Run)
[2018-08-14 16:53:18.754]   source file: world_topic.dm,151
[2018-08-14 16:53:18.754] 
[2018-08-14 16:53:18.754] runtime error: bad index
[2018-08-14 16:53:18.754] proc name: Get (/datum/controller/configuration/proc/Get)
[2018-08-14 16:53:18.754]   source file: configuration.dm,178
[2018-08-14 16:53:18.754] 
[2018-08-14 16:53:18.755] runtime error: bad index
[2018-08-14 16:53:18.755] proc name: Get (/datum/controller/configuration/proc/Get)
[2018-08-14 16:53:18.755]   source file: configuration.dm,178
[2018-08-14 16:53:18.755] 
[2018-08-14 16:53:18.755] runtime error: bad index
[2018-08-14 16:53:18.755] proc name: Get (/datum/controller/configuration/proc/Get)
[2018-08-14 16:53:18.755]   source file: configuration.dm,178
[2018-08-14 16:53:18.755] 
[2018-08-14 16:53:18.755] runtime error: bad index
[2018-08-14 16:53:18.755] proc name: Get (/datum/controller/configuration/proc/Get)
[2018-08-14 16:53:18.755]   source file: configuration.dm,178
[2018-08-14 16:53:18.755] 
[2018-08-14 16:53:18.756] runtime error: bad index
[2018-08-14 16:53:18.756] proc name: Get (/datum/controller/configuration/proc/Get)
[2018-08-14 16:53:18.756]   source file: configuration.dm,178
[2018-08-14 16:53:18.756] 
[2018-08-14 16:53:18.756] runtime error: Cannot read null.commit
[2018-08-14 16:53:18.756] proc name: Run (/datum/world_topic/status/Run)
[2018-08-14 16:53:18.756]   source file: world_topic.dm,151
[2018-08-14 16:53:18.756] 
[2018-08-14 16:53:18.866] Running /tg/ revision:
[2018-08-14 16:53:18.867] db27af7a87af97cd92ad82cb4cb27efdce063c54: 2018-07-29
[2018-08-14 16:53:18.867] runtime error: list index out of bounds
[2018-08-14 16:53:18.867] proc name: New (/datum/getrev/New)
[2018-08-14 16:53:18.868]   source file: getrev.dm,23
[2018-08-14 16:53:18.868] 
[2018-08-14 16:53:18.879] Loading config file config.txt...
[2018-08-14 16:53:18.882] Loading config file game_options.txt...
[2018-08-14 16:53:18.884] Unknown setting in configuration: 'w##'
[2018-08-14 16:53:18.887] Failed to validate setting "DOUBLE_AGENTS 20" for min_pop
[2018-08-14 16:53:18.887] Failed to validate setting "DOUBLE_AGENTS -1" for max_pop
[2018-08-14 16:53:18.892] Loading config file dbconfig.txt...
[2018-08-14 16:53:18.893] Loading config file comms.txt...
[2018-08-14 16:53:18.897] Loading config file maps.txt...
[2018-08-14 16:53:19.066] Database connection established.
[2018-08-14 16:53:19.099] SQL: Could not get schema version from database
