

Starting up round ID 710. 04:23:35
---------------------
necrolor1465 \ Sandra Dumont \ Cargo Technician \ NONE \ ROUNDSTART
blazikenowen \ Blaziborg \ Cyborg \ NONE \ ROUNDSTART
yoshka \ Fickle \ AI \ NONE \ ROUNDSTART
zomgbees \ Seeb Gmoz \ Atmospheric Technician \ NONE \ ROUNDSTART
braincrab \ Cory Rowley \ Detective \ NONE \ ROUNDSTART
lipplop \ Devin Hice \ Assistant \ traitor \ ROUNDSTART
chemicalpills5379 \ Biggie Bongie \ Captain \ NONE \ ROUNDSTART
asciisquid \ Pretends-To-Care \ Chief Engineer \ NONE \ ROUNDSTART
datacasket \ Corneille Rainier \ Cargo Technician \ NONE \ ROUNDSTART
tonedmcstone \ Cindy Kate \ Medical Doctor \ NONE \ ROUNDSTART
lordkk \ Arthur Wolfe \ Bartender \ NONE \ ROUNDSTART
raddog \ Motya Zhenya \ Shaft Miner \ traitor \ ROUNDSTART
PILATUS \ Phillip Poehl \ Botanist \ NONE \ LATEJOIN
2cwldys \ Emmanuel N. Wittgenstein \ Assistant \ NONE \ LATEJOIN
Kaddo-Oddak \ Tristen Randolph \ Chaplain \ NONE \ LATEJOIN
KirbytheWizard101 \ Xa'Karoth \ Head of Personnel \ NONE \ LATEJOIN
SamONella \ Jefferson Steelflex \ Janitor \ NONE \ LATEJOIN
AtlasKi \ Chloe Driggers \ Cook \ NONE \ LATEJOIN
Unknown Truth \ Bridget Pratt \ Assistant \ NONE \ LATEJOIN
David Blanc2 \ Edwin Saylor \ Station Engineer \ NONE \ LATEJOIN
FootWorship16 \ Button \ Clown \ NONE \ LATEJOIN
