[2018-07-29 18:55:51.749] Starting up round ID 1774.
[2018-07-29 18:55:51.749] -------------------------
[2018-07-29 18:55:52.860] Initialized Database subsystem within 0 seconds!
[2018-07-29 18:55:52.861] Initialized Blackbox subsystem within 0 seconds!
[2018-07-29 18:55:52.861] Initialized Server Tasks subsystem within 0 seconds!
[2018-07-29 18:55:52.861] Initialized Input subsystem within 0 seconds!
[2018-07-29 18:55:52.898] Initialized Research subsystem within 0 seconds!
[2018-07-29 18:55:52.903] Initialized Events subsystem within 0.1 seconds!
[2018-07-29 18:55:52.907] Initialized Jobs subsystem within 0 seconds!
[2018-07-29 18:55:52.908] Initialized Quirks subsystem within 0 seconds!
[2018-07-29 18:55:52.922] Initialized Ticker subsystem within 0 seconds!
[2018-07-29 18:55:52.922] Loading Box Station...
[2018-07-29 18:56:01.238] Loaded Station in 8.3s!
[2018-07-29 18:56:07.351] Loaded Lavaland in 5.5s!
[2018-07-29 18:56:12.520] Ruin loader finished with 0 left to spend.
[2018-07-29 18:56:13.357] Ruin loader finished with 0 left to spend.
[2018-07-29 18:56:25.969] Initialized Mapping subsystem within 33 seconds!
[2018-07-29 18:56:25.970] Initialized Networks subsystem within 0 seconds!
[2018-07-29 18:57:06.617] Initialized Atoms subsystem within 40.7 seconds!
[2018-07-29 18:57:06.635] Initialized Language subsystem within 0 seconds!
[2018-07-29 18:57:06.975] Initialized Machines subsystem within 0.3 seconds!
[2018-07-29 18:57:07.028] Initialized Circuit subsystem within 0.1 seconds!
[2018-07-29 18:57:07.030] Initialized Disease subsystem within 0 seconds!
[2018-07-29 18:57:07.030] Initialized Medals subsystem within 0 seconds!
[2018-07-29 18:57:07.031] Initialized Night Shift subsystem within 0 seconds!
[2018-07-29 18:57:07.031] Initialized Parallax subsystem within 0 seconds!
[2018-07-29 18:57:07.159] Initialized Traumas subsystem within 0.1 seconds!
[2018-07-29 18:57:07.160] Initialized Weather subsystem within 0 seconds!
[2018-07-29 18:58:24.930] Initialized Atmospherics subsystem within 77.8 seconds!
[2018-07-29 18:58:24.957] Initialized Minimap subsystem within 0 seconds!
[2018-07-29 18:58:27.088] Initialized Assets subsystem within 2.1 seconds!
[2018-07-29 18:58:33.313] Initialized Icon Smoothing subsystem within 6.3 seconds!
[2018-07-29 18:58:34.559] Initialized Overlay subsystem within 1.2 seconds!
[2018-07-29 18:58:34.560] Initialized XKeyScore subsystem within 0 seconds!
[2018-07-29 18:58:34.561] Initialized Sticky Ban subsystem within 0 seconds!
[2018-07-29 18:58:46.328] Initialized Lighting subsystem within 11.8 seconds!
[2018-07-29 18:58:48.954] Initialized Shuttle subsystem within 2.6 seconds!
[2018-07-29 18:58:48.988] Initialized Squeak subsystem within 0 seconds!
[2018-07-29 18:58:48.989] Initialized Pathfinder subsystem within 0 seconds!
[2018-07-29 18:58:49.044] Loaded 23 engraved messages on map Box Station
[2018-07-29 18:58:49.056] Initialized Persistence subsystem within 0.1 seconds!
[2018-07-29 18:58:49.057] Initializations complete within 176.2 seconds!
[2018-07-29 19:00:00.021] Game start took 2.7s
[2018-07-29 19:06:09.403] [2018-07-29 19:06:01] Client: Enkidienne triggered JS error: Error: L'URI à décoder contient un caractère incorrect | url: http://127.0.0.1:57731/tmp7808/browserOutput.js | line: 161 | column: 2 | error: URIError: L'URI à décoder contient un caractère incorrect | user agent: Mozilla/4.0 (compatible; MSIE 7.0; Windows NT 6.2; WOW64; Trident/7.0; .NET4.0C; .NET4.0E; .NET CLR 2.0.50727; .NET CLR 3.0.30729; .NET CLR 3.5.30729)
[2018-07-29 19:06:09.420] [2018-07-29 19:06:01] Client: Dabaddict6969 triggered JS error: Error: The URI to be decoded is not a valid encoding | url: http://127.0.0.1:59553/tmp4104/browserOutput.js | line: 161 | column: 2 | error: URIError: The URI to be decoded is not a valid encoding | user agent: Mozilla/4.0 (compatible; MSIE 7.0; Windows NT 6.2; WOW64; Trident/7.0; .NET4.0C; .NET4.0E; .NET CLR 2.0.50727; .NET CLR 3.0.30729; .NET CLR 3.5.30729)
[2018-07-29 19:06:09.428] [2018-07-29 19:06:01] Client: I like D0nUts triggered JS error: Error: El identificador URI para descodificar no tiene una codificación válida | url: http://127.0.0.1:49331/tmp4424/browserOutput.js | line: 161 | column: 2 | error: URIError: El identificador URI para descodificar no tiene una codificación válida | user agent: Mozilla/4.0 (compatible; MSIE 7.0; Windows NT 6.1; WOW64; Trident/7.0; SLCC2; .NET CLR 2.0.50727; .NET CLR 3.5.30729; .NET CLR 3.0.30729; Media Center PC 6.0; .NET4.0C; .NET4.0E; InfoPath.3)
[2018-07-29 19:06:09.628] [2018-07-29 19:06:01] Client: AzlanonPc triggered JS error: Error: El identificador URI para descodificar no tiene una codificación válida | url: http://127.0.0.1:59486/tmp6996/browserOutput.js | line: 161 | column: 2 | error: URIError: El identificador URI para descodificar no tiene una codificación válida | user agent: Mozilla/4.0 (compatible; MSIE 7.0; Windows NT 6.1; WOW64; Trident/7.0; SLCC2; .NET CLR 2.0.50727; .NET CLR 3.5.30729; .NET CLR 3.0.30729; Media Center PC 6.0; InfoPath.3; .NET4.0C; .NET4.0E)
[2018-07-29 19:06:09.846] [2018-07-29 19:06:01] Client: AzlanonPc triggered JS error: Error: El identificador URI para descodificar no tiene una codificación válida | url: http://127.0.0.1:59486/tmp6996/browserOutput.js | line: 161 | column: 2 | error: URIError: El identificador URI para descodificar no tiene una codificación válida | user agent: Mozilla/4.0 (compatible; MSIE 7.0; Windows NT 6.1; WOW64; Trident/7.0; SLCC2; .NET CLR 2.0.50727; .NET CLR 3.5.30729; .NET CLR 3.0.30729; Media Center PC 6.0; InfoPath.3; .NET4.0C; .NET4.0E)
[2018-07-29 19:21:54.577] [2018-07-29 19:22:14] Client: Enkidienne triggered JS error: Error: L'URI à décoder contient un caractère incorrect | url: http://127.0.0.1:57731/tmp7808/browserOutput.js | line: 161 | column: 2 | error: URIError: L'URI à décoder contient un caractère incorrect | user agent: Mozilla/4.0 (compatible; MSIE 7.0; Windows NT 6.2; WOW64; Trident/7.0; .NET4.0C; .NET4.0E; .NET CLR 2.0.50727; .NET CLR 3.0.30729; .NET CLR 3.5.30729)
[2018-07-29 20:15:59.953] runtime error: Ghostize was called on a virtual reality mob
[2018-07-29 20:15:59.953] proc name: stack trace (/datum/proc/stack_trace)
[2018-07-29 20:15:59.953]   source file: unsorted.dm,1243
[2018-07-29 20:15:59.953] 
[2018-07-29 20:23:32.735] runtime error: Cannot modify null.parallax_animate_timer.
[2018-07-29 20:23:32.735] proc name: update parallax motionblur (/datum/hud/proc/update_parallax_motionblur)
[2018-07-29 20:23:32.735]   source file: parallax.dm,149
[2018-07-29 20:23:32.735] 
[2018-07-29 20:26:34.659] [2018-07-29 20:26:14] Client: PapaSkEddie triggered JS error: Error: The URI to be decoded is not a valid encoding | url: http://127.0.0.1:62028/tmp106904/browserOutput.js | line: 161 | column: 2 | error: URIError: The URI to be decoded is not a valid encoding | user agent: Mozilla/4.0 (compatible; MSIE 7.0; Windows NT 6.2; WOW64; Trident/7.0; .NET4.0C; .NET4.0E; .NET CLR 2.0.50727; .NET CLR 3.0.30729; .NET CLR 3.5.30729)
[2018-07-29 20:26:34.675] [2018-07-29 20:26:14] Client: GreenTea98 triggered JS error: Error: The URI to be decoded is not a valid encoding | url: http://127.0.0.1:53364/tmp14748/browserOutput.js | line: 161 | column: 2 | error: URIError: The URI to be decoded is not a valid encoding | user agent: Mozilla/4.0 (compatible; MSIE 7.0; Windows NT 6.2; WOW64; Trident/7.0; .NET4.0C; .NET4.0E; .NET CLR 2.0.50727; .NET CLR 3.0.30729; .NET CLR 3.5.30729)
[2018-07-29 20:26:34.682] [2018-07-29 20:26:14] Client: Enkidienne triggered JS error: Error: L'URI à décoder contient un caractère incorrect | url: http://127.0.0.1:57731/tmp7808/browserOutput.js | line: 161 | column: 2 | error: URIError: L'URI à décoder contient un caractère incorrect | user agent: Mozilla/4.0 (compatible; MSIE 7.0; Windows NT 6.2; WOW64; Trident/7.0; .NET4.0C; .NET4.0E; .NET CLR 2.0.50727; .NET CLR 3.0.30729; .NET CLR 3.5.30729)
[2018-07-29 20:26:34.783] [2018-07-29 20:26:14] Client: XXReCterXx triggered JS error: Error: The URI to be decoded is not a valid encoding | url: http://127.0.0.1:50892/tmp9140/browserOutput.js | line: 161 | column: 2 | error: URIError: The URI to be decoded is not a valid encoding | user agent: Mozilla/4.0 (compatible; MSIE 7.0; Windows NT 6.2; WOW64; Trident/7.0; .NET4.0C; .NET4.0E; .NET CLR 2.0.50727; .NET CLR 3.0.30729; .NET CLR 3.5.30729; InfoPath.3)
[2018-07-29 20:52:58.071] runtime error: Cannot read null.player_details
[2018-07-29 20:52:58.071] proc name: Login (/mob/Login)
[2018-07-29 20:52:58.071]   source file: login.dm,48
[2018-07-29 20:52:58.071] 
[2018-07-29 20:53:43.534] ## WARNING: couldn't find dock with id: pod_away in code/controllers/subsystem/shuttle.dm at line 165 src: Shuttle usr: .
[2018-07-29 20:53:43.535] runtime error: Cannot execute null.get docked().
[2018-07-29 20:53:43.535] proc name: initiate docking (/obj/docking_port/mobile/proc/initiate_docking)
[2018-07-29 20:53:43.535]   source file: docking.dm,5
[2018-07-29 20:53:43.535] 
[2018-07-29 20:53:43.535] ## WARNING: couldn't find dock with id: pod_away in code/controllers/subsystem/shuttle.dm at line 165 src: Shuttle usr: .
[2018-07-29 20:53:43.535] runtime error: Cannot execute null.get docked().
[2018-07-29 20:53:43.535] proc name: initiate docking (/obj/docking_port/mobile/proc/initiate_docking)
[2018-07-29 20:53:43.535]   source file: docking.dm,5
[2018-07-29 20:53:43.535] 
[2018-07-29 20:53:46.321] Saved 23 engraved messages on map Box Station
[2018-07-29 20:55:24.044] Shutting down Persistence subsystem...
[2018-07-29 20:55:24.045] Shutting down Pathfinder subsystem...
[2018-07-29 20:55:24.045] Shutting down Squeak subsystem...
[2018-07-29 20:55:24.045] Shutting down Shuttle subsystem...
[2018-07-29 20:55:24.045] Shutting down Lighting subsystem...
[2018-07-29 20:55:24.045] Shutting down XKeyScore subsystem...
[2018-07-29 20:55:24.045] Shutting down Sticky Ban subsystem...
[2018-07-29 20:55:24.045] Shutting down Overlay subsystem...
[2018-07-29 20:55:24.086] Shutting down Icon Smoothing subsystem...
[2018-07-29 20:55:24.087] Shutting down Assets subsystem...
[2018-07-29 20:55:24.087] Shutting down Minimap subsystem...
[2018-07-29 20:55:24.087] Shutting down Atmospherics subsystem...
[2018-07-29 20:55:24.087] Shutting down Wet floors subsystem...
[2018-07-29 20:55:24.087] Shutting down Weather subsystem...
[2018-07-29 20:55:24.087] Shutting down Vote subsystem...
[2018-07-29 20:55:24.087] Shutting down Traumas subsystem...
[2018-07-29 20:55:24.087] Shutting down Title Screen subsystem...
[2018-07-29 20:55:24.089] Shutting down Time Tracking subsystem...
[2018-07-29 20:55:24.089] Shutting down Throwing subsystem...
[2018-07-29 20:55:24.089] Shutting down tgui subsystem...
[2018-07-29 20:55:24.089] Shutting down Sun subsystem...
[2018-07-29 20:55:24.089] Shutting down Space Drift subsystem...
[2018-07-29 20:55:24.089] Shutting down Religion subsystem...
[2018-07-29 20:55:24.089] Shutting down Radio subsystem...
[2018-07-29 20:55:24.089] Shutting down Radiation subsystem...
[2018-07-29 20:55:24.090] Shutting down Projectiles subsystem...
[2018-07-29 20:55:24.090] Shutting down Processing subsystem...
[2018-07-29 20:55:24.090] Shutting down Ping subsystem...
[2018-07-29 20:55:24.090] Shutting down Parallax subsystem...
[2018-07-29 20:55:24.090] Shutting down pAI subsystem...
[2018-07-29 20:55:24.090] Shutting down Orbits subsystem...
[2018-07-29 20:55:24.090] Shutting down Objects subsystem...
[2018-07-29 20:55:24.090] Shutting down NPC Pool subsystem...
[2018-07-29 20:55:24.090] Shutting down Night Shift subsystem...
[2018-07-29 20:55:24.090] Shutting down Mood subsystem...
[2018-07-29 20:55:24.090] Shutting down Mobs subsystem...
[2018-07-29 20:55:24.090] Shutting down Medals subsystem...
[2018-07-29 20:55:24.091] Shutting down Idling NPC Pool subsystem...
[2018-07-29 20:55:24.091] Shutting down Fire Burning subsystem...
[2018-07-29 20:55:24.091] Shutting down Fields subsystem...
[2018-07-29 20:55:24.091] Shutting down Fast Processing subsystem...
[2018-07-29 20:55:24.091] Shutting down Disease subsystem...
[2018-07-29 20:55:24.091] Shutting down Datum Component System subsystem...
[2018-07-29 20:55:24.091] Shutting down Communications subsystem...
[2018-07-29 20:55:24.091] Shutting down Augury subsystem...
[2018-07-29 20:55:24.091] Shutting down Acid subsystem...
[2018-07-29 20:55:24.091] Shutting down Timer subsystem...
[2018-07-29 20:55:24.092] Shutting down Circuit subsystem...
[2018-07-29 20:55:24.092] Shutting down Machines subsystem...
[2018-07-29 20:55:24.092] Shutting down Language subsystem...
[2018-07-29 20:55:24.092] Shutting down Atoms subsystem...
[2018-07-29 20:55:24.092] Shutting down Networks subsystem...
[2018-07-29 20:55:24.092] Shutting down Mapping subsystem...
[2018-07-29 20:55:24.092] Shutting down Ticker subsystem...
[2018-07-29 20:55:24.320] Shutting down Quirks subsystem...
[2018-07-29 20:55:24.320] Shutting down Jobs subsystem...
[2018-07-29 20:55:24.320] Shutting down Events subsystem...
[2018-07-29 20:55:24.320] Shutting down Research subsystem...
[2018-07-29 20:55:24.320] Shutting down Input subsystem...
[2018-07-29 20:55:24.320] Shutting down Server Tasks subsystem...
[2018-07-29 20:55:24.321] Shutting down Blackbox subsystem...
[2018-07-29 20:55:24.542] Shutting down Database subsystem...
[2018-07-29 20:55:24.580] Shutting down Garbage subsystem...
[2018-07-29 20:55:24.718] Shutdown complete
[2018-07-29 20:55:24.718] World rebooted at 20:55:24
