[2018-09-07 21:21:22.527] Starting up round ID 2203.
[2018-09-07 21:21:22.527] -------------------------
[2018-09-07 21:21:27.141] Initialized Database subsystem within 0 seconds!
[2018-09-07 21:21:27.141] Initialized Blackbox subsystem within 0 seconds!
[2018-09-07 21:21:27.142] Initialized Server Tasks subsystem within 0 seconds!
[2018-09-07 21:21:27.142] Initialized Input subsystem within 0 seconds!
[2018-09-07 21:21:27.187] Initialized Research subsystem within 0 seconds!
[2018-09-07 21:21:27.194] Initialized Events subsystem within 0 seconds!
[2018-09-07 21:21:27.199] Initialized Jobs subsystem within 0 seconds!
[2018-09-07 21:21:27.200] Initialized Quirks subsystem within 0.1 seconds!
[2018-09-07 21:21:27.206] Initialized Ticker subsystem within 0 seconds!
[2018-09-07 21:21:27.207] Loading MetaStation...
[2018-09-07 21:21:33.447] Loaded Station in 6.2s!
[2018-09-07 21:21:36.251] Loaded Lavaland in 2.4s!
[2018-09-07 21:21:40.360] Ruin loader finished with 0 left to spend.
[2018-09-07 21:21:42.448] Ruin loader finished with 0 left to spend.
[2018-09-07 21:21:44.165] Initialized Mapping subsystem within 16.9 seconds!
[2018-09-07 21:21:44.226] Initialized Networks subsystem within 0 seconds!
[2018-09-07 21:22:41.438] Initialized Atoms subsystem within 57.2 seconds!
[2018-09-07 21:22:41.458] Initialized Language subsystem within 0 seconds!
[2018-09-07 21:22:42.498] Initialized Machines subsystem within 1 second!
[2018-09-07 21:22:42.555] Initialized Circuit subsystem within 0 seconds!
[2018-09-07 21:22:42.557] Initialized Disease subsystem within 0 seconds!
[2018-09-07 21:22:42.557] Initialized Medals subsystem within 0 seconds!
[2018-09-07 21:22:42.557] Initialized Night Shift subsystem within 0 seconds!
[2018-09-07 21:22:42.559] Initialized Parallax subsystem within 0 seconds!
[2018-09-07 21:22:42.706] Initialized Traumas subsystem within 0.2 seconds!
[2018-09-07 21:22:42.707] Initialized Weather subsystem within 0 seconds!
[2018-09-07 21:22:49.759] Initialized Atmospherics subsystem within 7 seconds!
[2018-09-07 21:22:49.782] Initialized Minimap subsystem within 0 seconds!
[2018-09-07 21:22:52.434] Initialized Assets subsystem within 2.7 seconds!
[2018-09-07 21:22:59.846] Initialized Icon Smoothing subsystem within 7.4 seconds!
[2018-09-07 21:23:01.734] Initialized Overlay subsystem within 1.9 seconds!
[2018-09-07 21:23:01.735] Initialized XKeyScore subsystem within 0 seconds!
[2018-09-07 21:23:01.741] Initialized Sticky Ban subsystem within 0 seconds!
[2018-09-07 21:23:17.826] Initialized Lighting subsystem within 16.1 seconds!
[2018-09-07 21:23:21.913] Initialized Shuttle subsystem within 4.1 seconds!
[2018-09-07 21:23:21.950] Initialized Squeak subsystem within 0 seconds!
[2018-09-07 21:23:21.952] Initialized Pathfinder subsystem within 0 seconds!
[2018-09-07 21:23:22.002] Loaded 2 engraved messages on map MetaStation
[2018-09-07 21:23:22.016] Initialized Persistence subsystem within 0.1 seconds!
[2018-09-07 21:23:22.016] Initializations complete within 114.9 seconds!
[2018-09-07 21:24:49.981] Game start took 3.8s
[2018-09-07 21:34:02.831] runtime error: Invalid individual logging type: 1536. Defaulting to 4096 (LOG_GAME).
[2018-09-07 21:34:02.831] proc name: stack trace (/datum/proc/stack_trace)
[2018-09-07 21:34:02.831]   source file: unsorted.dm,1164
[2018-09-07 21:34:02.831]   usr: (src)
[2018-09-07 21:34:02.831]   src: Connor Brooks (/mob/living/carbon/human)
[2018-09-07 21:34:02.831]   src.loc: the plating (101,97,2) (/turf/open/floor/plating)
[2018-09-07 21:34:02.831]   call stack:
[2018-09-07 21:34:02.831] Connor Brooks (/mob/living/carbon/human): stack trace("Invalid individual logging typ...")
[2018-09-07 21:34:02.831] Connor Brooks (/mob/living/carbon/human): log message("(LOCAL): i was getting my new ...", 1536, null, 1)
[2018-09-07 21:34:02.831] Connor Brooks (/mob/living/carbon/human): log message("(LOCAL): i was getting my new ...", 1536, null, 1)
[2018-09-07 21:34:02.831] X1pr0 (/client): LOOC("i was getting my new headset")
[2018-09-07 21:34:02.831] 
[2018-09-07 21:37:16.032] runtime error: addtimer called with a callback assigned to a qdeleted object. In the future such timers will not be supported and may refuse to run or run with a 0 wait
[2018-09-07 21:37:16.032] proc name: stack trace (/proc/stack_trace)
[2018-09-07 21:37:16.032]   source file: unsorted.dm,1161
[2018-09-07 21:37:16.032]   usr: Lara Black (/mob/living/carbon/human)
[2018-09-07 21:37:16.032]   src: null
[2018-09-07 21:37:16.032]   usr.loc: the reinforced floor (134,105,2) (/turf/open/floor/engine)
[2018-09-07 21:37:16.032]   call stack:
[2018-09-07 21:37:16.032] stack trace("addtimer called with a callbac...")
[2018-09-07 21:37:16.032] addtimer(/datum/callback (/datum/callback), 218, 0)
[2018-09-07 21:37:16.032] the silly device (/obj/item/relic): attack self(Lara Black (/mob/living/carbon/human))
[2018-09-07 21:37:16.032] Lara Black (/mob/living/carbon/human): ClickOn(the silly device (/obj/item/relic), "icon-x=11;icon-y=18;left=1;scr...")
[2018-09-07 21:37:16.032] the silly device (/obj/item/relic): Click(null, "mapwindow.map", "icon-x=11;icon-y=18;left=1;scr...")
[2018-09-07 21:37:16.032] Bilary (/client): Click(the silly device (/obj/item/relic), null, "mapwindow.map", "icon-x=11;icon-y=18;left=1;scr...")
[2018-09-07 21:37:16.032] 
[2018-09-07 21:49:52.134] runtime error: undefined proc or verb /turf/open/floor/plating/try destroy().
[2018-09-07 21:49:52.134] 
[2018-09-07 21:49:52.134] proc name: attackby (/turf/closed/wall/attackby)
[2018-09-07 21:49:52.134]   source file: walls.dm,174
[2018-09-07 21:49:52.134]   usr: Lyna Lavas (/mob/living/carbon/human)
[2018-09-07 21:49:52.134]   src: the plating (156,118,5) (/turf/open/floor/plating)
[2018-09-07 21:49:52.134]   usr.loc: the plating (156,118,5) (/turf/open/floor/plating)
[2018-09-07 21:49:52.134]   call stack:
[2018-09-07 21:49:52.134] the plating (156,118,5) (/turf/open/floor/plating): attackby(the plasma cutter (/obj/item/gun/energy/plasmacutter), Lyna Lavas (/mob/living/carbon/human), "icon-x=29;icon-y=-9;left=1;scr...")
[2018-09-07 21:49:52.134] the plasma cutter (/obj/item/gun/energy/plasmacutter): melee attack chain(Lyna Lavas (/mob/living/carbon/human), the plating (156,118,5) (/turf/open/floor/plating), "icon-x=29;icon-y=-9;left=1;scr...")
[2018-09-07 21:49:52.134] Lyna Lavas (/mob/living/carbon/human): ClickOn(the plating (156,118,5) (/turf/open/floor/plating), "icon-x=29;icon-y=-9;left=1;scr...")
[2018-09-07 21:49:52.134] the plating (156,118,5) (/turf/open/floor/plating): Click(the plating (156,118,5) (/turf/open/floor/plating), "mapwindow.map", "icon-x=29;icon-y=-9;left=1;scr...")
[2018-09-07 21:49:52.134] 
[2018-09-07 21:56:46.782] runtime error: Invalid individual logging type: 1536. Defaulting to 4096 (LOG_GAME).
[2018-09-07 21:56:46.782] proc name: stack trace (/datum/proc/stack_trace)
[2018-09-07 21:56:46.782]   source file: unsorted.dm,1164
[2018-09-07 21:56:46.782]   usr: (src)
[2018-09-07 21:56:46.782]   src: Mr Fluffles (/mob/living/carbon/human)
[2018-09-07 21:56:46.782]   src.loc: the floor (113,113,2) (/turf/open/floor/plasteel/purple/corner)
[2018-09-07 21:56:46.782]   call stack:
[2018-09-07 21:56:46.782] Mr Fluffles (/mob/living/carbon/human): stack trace("Invalid individual logging typ...")
[2018-09-07 21:56:46.782] Mr Fluffles (/mob/living/carbon/human): log message("(LOCAL): idiot", 1536, null, 1)
[2018-09-07 21:56:46.782] Mr Fluffles (/mob/living/carbon/human): log message("(LOCAL): idiot", 1536, null, 1)
[2018-09-07 21:56:46.782] Juicy_Chicken (/client): LOOC("idiot")
[2018-09-07 21:56:46.782] 
[2018-09-07 21:56:59.179] runtime error: Invalid individual logging type: 1536. Defaulting to 4096 (LOG_GAME).
[2018-09-07 21:56:59.179] proc name: stack trace (/datum/proc/stack_trace)
[2018-09-07 21:56:59.179]   source file: unsorted.dm,1164
[2018-09-07 21:56:59.179]   usr: (src)
[2018-09-07 21:56:59.179]   src: Johnny 5 shell 986 - Security (/mob/living/silicon/robot/shell)
[2018-09-07 21:56:59.179]   src.loc: the floor (97,145,2) (/turf/open/floor/plasteel)
[2018-09-07 21:56:59.179]   call stack:
[2018-09-07 21:56:59.179] Johnny 5 shell 986 - Security (/mob/living/silicon/robot/shell): stack trace("Invalid individual logging typ...")
[2018-09-07 21:56:59.179] Johnny 5 shell 986 - Security (/mob/living/silicon/robot/shell): log message("(LOCAL): Fucking moths", 1536, null, 1)
[2018-09-07 21:56:59.179] Johnny 5 shell 986 - Security (/mob/living/silicon/robot/shell): log message("(LOCAL): Fucking moths", 1536, null, 1)
[2018-09-07 21:56:59.179] I like D0nUts (/client): LOOC("Fucking moths")
[2018-09-07 21:56:59.179] 
[2018-09-07 21:59:28.744] runtime error: Cannot read null.charge
[2018-09-07 21:59:28.744] proc name: can shoot (/obj/item/gun/energy/can_shoot)
[2018-09-07 21:59:28.744]   source file: energy.dm,82
[2018-09-07 21:59:28.744]   usr: null
[2018-09-07 21:59:28.744]   src: the proto-kinetic accelerator (/obj/item/gun/energy/kinetic_accelerator/minebot)
[2018-09-07 21:59:28.745]   src.loc: the nanotrasen minebot (/mob/living/simple_animal/hostile/mining_drone)
[2018-09-07 21:59:28.745]   call stack:
[2018-09-07 21:59:28.745] the proto-kinetic accelerator (/obj/item/gun/energy/kinetic_accelerator/minebot): can shoot()
[2018-09-07 21:59:28.745] the proto-kinetic accelerator (/obj/item/gun/energy/kinetic_accelerator/minebot): update icon()
[2018-09-07 21:59:28.745] the proto-kinetic accelerator (/obj/item/gun/energy/kinetic_accelerator/minebot): handle atom del(the energy weapon lens (/obj/item/ammo_casing/energy/kinetic))
[2018-09-07 21:59:28.745] the energy weapon lens (/obj/item/ammo_casing/energy/kinetic): Destroy(0)
[2018-09-07 21:59:28.745] the energy weapon lens (/obj/item/ammo_casing/energy/kinetic): Destroy(0)
[2018-09-07 21:59:28.745] the energy weapon lens (/obj/item/ammo_casing/energy/kinetic): Destroy(0)
[2018-09-07 21:59:28.745] the energy weapon lens (/obj/item/ammo_casing/energy/kinetic): Destroy(0)
[2018-09-07 21:59:28.745] the energy weapon lens (/obj/item/ammo_casing/energy/kinetic): Destroy(0)
[2018-09-07 21:59:28.745] qdel(the energy weapon lens (/obj/item/ammo_casing/energy/kinetic), 0)
[2018-09-07 21:59:28.745] the proto-kinetic accelerator (/obj/item/gun/energy/kinetic_accelerator/minebot): Destroy(0)
[2018-09-07 21:59:28.745] ...
[2018-09-07 21:59:28.745] the nanotrasen minebot (/mob/living/simple_animal/hostile/mining_drone): Destroy(0)
[2018-09-07 21:59:28.745] qdel(the nanotrasen minebot (/mob/living/simple_animal/hostile/mining_drone), 0)
[2018-09-07 21:59:28.745] the nanotrasen minebot (/mob/living/simple_animal/hostile/mining_drone): death(1)
[2018-09-07 21:59:28.745] the nanotrasen minebot (/mob/living/simple_animal/hostile/mining_drone): gib(null, null, null)
[2018-09-07 21:59:28.745] space (58,162,2) (/turf/open/space): toShuttleMove(the shuttle floor (174,42,12) (/turf/open/floor/mineral/titanium), 7, the mining shuttle (/obj/docking_port/mobile))
[2018-09-07 21:59:28.745] the mining shuttle (/obj/docking_port/mobile): initiate docking(the mining shuttle bay (/obj/docking_port/stationary), 1, 0)
[2018-09-07 21:59:28.745] Shuttle (/datum/controller/subsystem/shuttle): fire(0)
[2018-09-07 21:59:28.745] Master (/datum/controller/master): RunQueue()
[2018-09-07 21:59:28.745] Master (/datum/controller/master): StartProcessing(0)
[2018-09-07 21:59:28.745] 
[2018-09-07 22:01:24.642] runtime error: Cannot read null.armor
[2018-09-07 22:01:24.642] proc name: checkarmor (/mob/living/carbon/human/proc/checkarmor)
[2018-09-07 22:01:24.642]   source file: human_defense.dm,32
[2018-09-07 22:01:24.642]   usr: null
[2018-09-07 22:01:24.642]   src: Alec Cooper (/mob/living/carbon/human)
[2018-09-07 22:01:24.642]   src.loc: null
[2018-09-07 22:01:24.642]   call stack:
[2018-09-07 22:01:24.642] Alec Cooper (/mob/living/carbon/human): checkarmor(null, "bullet")
[2018-09-07 22:01:24.642] Alec Cooper (/mob/living/carbon/human): getarmor("l_leg", "bullet")
[2018-09-07 22:01:24.642] Alec Cooper (/mob/living/carbon/human): run armor check("l_leg", "bullet", "", "", 100, null)
[2018-09-07 22:01:24.642] Alec Cooper (/mob/living/carbon/human): bullet act(the death bolt (/obj/item/projectile/colossus), "l_leg")
[2018-09-07 22:01:24.642] Alec Cooper (/mob/living/carbon/human): bullet act(the death bolt (/obj/item/projectile/colossus), "l_leg")
[2018-09-07 22:01:24.642] the death bolt (/obj/item/projectile/colossus): Bump(Alec Cooper (/mob/living/carbon/human))
[2018-09-07 22:01:24.642] the death bolt (/obj/item/projectile/colossus): pixel move(1, 0)
[2018-09-07 22:01:24.642] the death bolt (/obj/item/projectile/colossus): process(1)
[2018-09-07 22:01:24.642] Projectiles (/datum/controller/subsystem/processing/projectiles): fire(0)
[2018-09-07 22:01:24.642] Projectiles (/datum/controller/subsystem/processing/projectiles): ignite(0)
[2018-09-07 22:01:24.642] Master (/datum/controller/master): RunQueue()
[2018-09-07 22:01:24.642] Master (/datum/controller/master): Loop()
[2018-09-07 22:01:24.642] Master (/datum/controller/master): StartProcessing(0)
[2018-09-07 22:01:24.642] 
[2018-09-07 22:01:24.644] runtime error: Cannot read null.species
[2018-09-07 22:01:24.644] proc name: apply damage (/mob/living/carbon/human/apply_damage)
[2018-09-07 22:01:24.644]   source file: damage_procs.dm,5
[2018-09-07 22:01:24.644]   usr: null
[2018-09-07 22:01:24.644]   src: Alec Cooper (/mob/living/carbon/human)
[2018-09-07 22:01:24.644]   src.loc: null
[2018-09-07 22:01:24.644]   call stack:
[2018-09-07 22:01:24.644] Alec Cooper (/mob/living/carbon/human): apply damage(25, "brute", "l_leg", 0)
[2018-09-07 22:01:24.644] Alec Cooper (/mob/living/carbon/human): bullet act(the death bolt (/obj/item/projectile/colossus), "l_leg")
[2018-09-07 22:01:24.644] Alec Cooper (/mob/living/carbon/human): bullet act(the death bolt (/obj/item/projectile/colossus), "l_leg")
[2018-09-07 22:01:24.644] the death bolt (/obj/item/projectile/colossus): Bump(Alec Cooper (/mob/living/carbon/human))
[2018-09-07 22:01:24.644] the death bolt (/obj/item/projectile/colossus): pixel move(1, 0)
[2018-09-07 22:01:24.644] the death bolt (/obj/item/projectile/colossus): process(1)
[2018-09-07 22:01:24.644] Projectiles (/datum/controller/subsystem/processing/projectiles): fire(0)
[2018-09-07 22:01:24.644] Projectiles (/datum/controller/subsystem/processing/projectiles): ignite(0)
[2018-09-07 22:01:24.644] Master (/datum/controller/master): RunQueue()
[2018-09-07 22:01:24.644] Master (/datum/controller/master): Loop()
[2018-09-07 22:01:24.644] Master (/datum/controller/master): StartProcessing(0)
[2018-09-07 22:01:24.644] 
[2018-09-07 22:01:24.716] runtime error: Cannot read null.armor
[2018-09-07 22:01:24.716] proc name: checkarmor (/mob/living/carbon/human/proc/checkarmor)
[2018-09-07 22:01:24.716]   source file: human_defense.dm,32
[2018-09-07 22:01:24.716]   usr: null
[2018-09-07 22:01:24.716]   src: Alec Cooper (/mob/living/carbon/human)
[2018-09-07 22:01:24.716]   src.loc: null
[2018-09-07 22:01:24.716]   call stack:
[2018-09-07 22:01:24.716] Alec Cooper (/mob/living/carbon/human): checkarmor(null, "bullet")
[2018-09-07 22:01:24.717] Alec Cooper (/mob/living/carbon/human): getarmor("r_leg", "bullet")
[2018-09-07 22:01:24.717] Alec Cooper (/mob/living/carbon/human): run armor check("r_leg", "bullet", "", "", 100, null)
[2018-09-07 22:01:24.717] Alec Cooper (/mob/living/carbon/human): bullet act(the death bolt (/obj/item/projectile/colossus), "r_leg")
[2018-09-07 22:01:24.717] Alec Cooper (/mob/living/carbon/human): bullet act(the death bolt (/obj/item/projectile/colossus), "r_leg")
[2018-09-07 22:01:24.717] the death bolt (/obj/item/projectile/colossus): Bump(Alec Cooper (/mob/living/carbon/human))
[2018-09-07 22:01:24.717] the death bolt (/obj/item/projectile/colossus): pixel move(1, 0)
[2018-09-07 22:01:24.717] the death bolt (/obj/item/projectile/colossus): process(1)
[2018-09-07 22:01:24.717] Projectiles (/datum/controller/subsystem/processing/projectiles): fire(0)
[2018-09-07 22:01:24.717] Projectiles (/datum/controller/subsystem/processing/projectiles): ignite(0)
[2018-09-07 22:01:24.717] Master (/datum/controller/master): RunQueue()
[2018-09-07 22:01:24.717] Master (/datum/controller/master): Loop()
[2018-09-07 22:01:24.717] Master (/datum/controller/master): StartProcessing(0)
[2018-09-07 22:01:24.717] 
[2018-09-07 22:01:24.718] runtime error: Cannot read null.species
[2018-09-07 22:01:24.718] proc name: apply damage (/mob/living/carbon/human/apply_damage)
[2018-09-07 22:01:24.718]   source file: damage_procs.dm,5
[2018-09-07 22:01:24.718]   usr: null
[2018-09-07 22:01:24.718]   src: Alec Cooper (/mob/living/carbon/human)
[2018-09-07 22:01:24.718]   src.loc: null
[2018-09-07 22:01:24.718]   call stack:
[2018-09-07 22:01:24.718] Alec Cooper (/mob/living/carbon/human): apply damage(25, "brute", "r_leg", 0)
[2018-09-07 22:01:24.718] Alec Cooper (/mob/living/carbon/human): bullet act(the death bolt (/obj/item/projectile/colossus), "r_leg")
[2018-09-07 22:01:24.718] Alec Cooper (/mob/living/carbon/human): bullet act(the death bolt (/obj/item/projectile/colossus), "r_leg")
[2018-09-07 22:01:24.718] the death bolt (/obj/item/projectile/colossus): Bump(Alec Cooper (/mob/living/carbon/human))
[2018-09-07 22:01:24.718] the death bolt (/obj/item/projectile/colossus): pixel move(1, 0)
[2018-09-07 22:01:24.718] the death bolt (/obj/item/projectile/colossus): process(1)
[2018-09-07 22:01:24.718] Projectiles (/datum/controller/subsystem/processing/projectiles): fire(0)
[2018-09-07 22:01:24.718] Projectiles (/datum/controller/subsystem/processing/projectiles): ignite(0)
[2018-09-07 22:01:24.718] Master (/datum/controller/master): RunQueue()
[2018-09-07 22:01:24.718] Master (/datum/controller/master): Loop()
[2018-09-07 22:01:24.718] Master (/datum/controller/master): StartProcessing(0)
[2018-09-07 22:01:24.718] 
[2018-09-07 22:01:24.720] runtime error: Cannot read null.species
[2018-09-07 22:01:24.721] proc name: add splatter floor (/mob/living/carbon/human/add_splatter_floor)
[2018-09-07 22:01:24.721]   source file: blood.dm,279
[2018-09-07 22:01:24.721]   usr: null
[2018-09-07 22:01:24.721]   src: Alec Cooper (/mob/living/carbon/human)
[2018-09-07 22:01:24.721]   src.loc: null
[2018-09-07 22:01:24.721]   call stack:
[2018-09-07 22:01:24.721] Alec Cooper (/mob/living/carbon/human): add splatter floor(null, null)
[2018-09-07 22:01:24.721] the death bolt (/obj/item/projectile/colossus): on hit(Alec Cooper (/mob/living/carbon/human), 0)
[2018-09-07 22:01:24.721] the death bolt (/obj/item/projectile/colossus): on hit(Alec Cooper (/mob/living/carbon/human), 0)
[2018-09-07 22:01:24.721] Alec Cooper (/mob/living/carbon/human): bullet act(the death bolt (/obj/item/projectile/colossus), "r_leg")
[2018-09-07 22:01:24.721] Alec Cooper (/mob/living/carbon/human): bullet act(the death bolt (/obj/item/projectile/colossus), "r_leg")
[2018-09-07 22:01:24.721] the death bolt (/obj/item/projectile/colossus): Bump(Alec Cooper (/mob/living/carbon/human))
[2018-09-07 22:01:24.721] the death bolt (/obj/item/projectile/colossus): pixel move(1, 0)
[2018-09-07 22:01:24.721] the death bolt (/obj/item/projectile/colossus): process(1)
[2018-09-07 22:01:24.721] Projectiles (/datum/controller/subsystem/processing/projectiles): fire(0)
[2018-09-07 22:01:24.721] Projectiles (/datum/controller/subsystem/processing/projectiles): ignite(0)
[2018-09-07 22:01:24.721] Master (/datum/controller/master): RunQueue()
[2018-09-07 22:01:24.721] Master (/datum/controller/master): Loop()
[2018-09-07 22:01:24.721] Master (/datum/controller/master): StartProcessing(0)
[2018-09-07 22:01:24.721] 
[2018-09-07 22:01:24.868] runtime error: Cannot read null.armor
[2018-09-07 22:01:24.868] proc name: checkarmor (/mob/living/carbon/human/proc/checkarmor)
[2018-09-07 22:01:24.868]   source file: human_defense.dm,32
[2018-09-07 22:01:24.868]   usr: null
[2018-09-07 22:01:24.868]   src: Alec Cooper (/mob/living/carbon/human)
[2018-09-07 22:01:24.868]   src.loc: null
[2018-09-07 22:01:24.868]   call stack:
[2018-09-07 22:01:24.868] Alec Cooper (/mob/living/carbon/human): checkarmor(null, "bullet")
[2018-09-07 22:01:24.868] Alec Cooper (/mob/living/carbon/human): getarmor("l_leg", "bullet")
[2018-09-07 22:01:24.868] Alec Cooper (/mob/living/carbon/human): run armor check("l_leg", "bullet", "", "", 100, null)
[2018-09-07 22:01:24.868] Alec Cooper (/mob/living/carbon/human): bullet act(the death bolt (/obj/item/projectile/colossus), "l_leg")
[2018-09-07 22:01:24.868] Alec Cooper (/mob/living/carbon/human): bullet act(the death bolt (/obj/item/projectile/colossus), "l_leg")
[2018-09-07 22:01:24.868] the death bolt (/obj/item/projectile/colossus): Bump(Alec Cooper (/mob/living/carbon/human))
[2018-09-07 22:01:24.868] the death bolt (/obj/item/projectile/colossus): pixel move(1, 0)
[2018-09-07 22:01:24.868] the death bolt (/obj/item/projectile/colossus): process(1)
[2018-09-07 22:01:24.868] Projectiles (/datum/controller/subsystem/processing/projectiles): fire(0)
[2018-09-07 22:01:24.868] Projectiles (/datum/controller/subsystem/processing/projectiles): ignite(0)
[2018-09-07 22:01:24.868] Master (/datum/controller/master): RunQueue()
[2018-09-07 22:01:24.868] Master (/datum/controller/master): Loop()
[2018-09-07 22:01:24.868] Master (/datum/controller/master): StartProcessing(0)
[2018-09-07 22:01:24.868] 
[2018-09-07 22:01:24.870] runtime error: Cannot read null.species
[2018-09-07 22:01:24.870] proc name: apply damage (/mob/living/carbon/human/apply_damage)
[2018-09-07 22:01:24.870]   source file: damage_procs.dm,5
[2018-09-07 22:01:24.870]   usr: null
[2018-09-07 22:01:24.870]   src: Alec Cooper (/mob/living/carbon/human)
[2018-09-07 22:01:24.870]   src.loc: null
[2018-09-07 22:01:24.870]   call stack:
[2018-09-07 22:01:24.870] Alec Cooper (/mob/living/carbon/human): apply damage(25, "brute", "l_leg", 0)
[2018-09-07 22:01:24.870] Alec Cooper (/mob/living/carbon/human): bullet act(the death bolt (/obj/item/projectile/colossus), "l_leg")
[2018-09-07 22:01:24.870] Alec Cooper (/mob/living/carbon/human): bullet act(the death bolt (/obj/item/projectile/colossus), "l_leg")
[2018-09-07 22:01:24.870] the death bolt (/obj/item/projectile/colossus): Bump(Alec Cooper (/mob/living/carbon/human))
[2018-09-07 22:01:24.870] the death bolt (/obj/item/projectile/colossus): pixel move(1, 0)
[2018-09-07 22:01:24.870] the death bolt (/obj/item/projectile/colossus): process(1)
[2018-09-07 22:01:24.870] Projectiles (/datum/controller/subsystem/processing/projectiles): fire(0)
[2018-09-07 22:01:24.870] Projectiles (/datum/controller/subsystem/processing/projectiles): ignite(0)
[2018-09-07 22:01:24.870] Master (/datum/controller/master): RunQueue()
[2018-09-07 22:01:24.870] Master (/datum/controller/master): Loop()
[2018-09-07 22:01:24.870] Master (/datum/controller/master): StartProcessing(0)
[2018-09-07 22:01:24.870] 
[2018-09-07 22:01:24.872] runtime error: Cannot read null.species
[2018-09-07 22:01:24.872] proc name: add splatter floor (/mob/living/carbon/human/add_splatter_floor)
[2018-09-07 22:01:24.872]   source file: blood.dm,279
[2018-09-07 22:01:24.872]   usr: null
[2018-09-07 22:01:24.872]   src: Alec Cooper (/mob/living/carbon/human)
[2018-09-07 22:01:24.872]   src.loc: null
[2018-09-07 22:01:24.872]   call stack:
[2018-09-07 22:01:24.872] Alec Cooper (/mob/living/carbon/human): add splatter floor(null, null)
[2018-09-07 22:01:24.872] the death bolt (/obj/item/projectile/colossus): on hit(Alec Cooper (/mob/living/carbon/human), 0)
[2018-09-07 22:01:24.872] the death bolt (/obj/item/projectile/colossus): on hit(Alec Cooper (/mob/living/carbon/human), 0)
[2018-09-07 22:01:24.872] Alec Cooper (/mob/living/carbon/human): bullet act(the death bolt (/obj/item/projectile/colossus), "l_leg")
[2018-09-07 22:01:24.872] Alec Cooper (/mob/living/carbon/human): bullet act(the death bolt (/obj/item/projectile/colossus), "l_leg")
[2018-09-07 22:01:24.872] the death bolt (/obj/item/projectile/colossus): Bump(Alec Cooper (/mob/living/carbon/human))
[2018-09-07 22:01:24.872] the death bolt (/obj/item/projectile/colossus): pixel move(1, 0)
[2018-09-07 22:01:24.872] the death bolt (/obj/item/projectile/colossus): process(1)
[2018-09-07 22:01:24.872] Projectiles (/datum/controller/subsystem/processing/projectiles): fire(0)
[2018-09-07 22:01:24.872] Projectiles (/datum/controller/subsystem/processing/projectiles): ignite(0)
[2018-09-07 22:01:24.872] Master (/datum/controller/master): RunQueue()
[2018-09-07 22:01:24.872] Master (/datum/controller/master): Loop()
[2018-09-07 22:01:24.872] Master (/datum/controller/master): StartProcessing(0)
[2018-09-07 22:01:24.872] 
[2018-09-07 22:01:24.915] runtime error: Cannot read null.armor
[2018-09-07 22:01:24.915] proc name: checkarmor (/mob/living/carbon/human/proc/checkarmor)
[2018-09-07 22:01:24.915]   source file: human_defense.dm,32
[2018-09-07 22:01:24.915]   usr: null
[2018-09-07 22:01:24.915]   src: Alec Cooper (/mob/living/carbon/human)
[2018-09-07 22:01:24.915]   src.loc: null
[2018-09-07 22:01:24.915]   call stack:
[2018-09-07 22:01:24.915] Alec Cooper (/mob/living/carbon/human): checkarmor(null, "bullet")
[2018-09-07 22:01:24.915] Alec Cooper (/mob/living/carbon/human): getarmor("l_arm", "bullet")
[2018-09-07 22:01:24.915] Alec Cooper (/mob/living/carbon/human): run armor check("l_arm", "bullet", "", "", 100, null)
[2018-09-07 22:01:24.915] Alec Cooper (/mob/living/carbon/human): bullet act(the death bolt (/obj/item/projectile/colossus), "l_arm")
[2018-09-07 22:01:24.915] Alec Cooper (/mob/living/carbon/human): bullet act(the death bolt (/obj/item/projectile/colossus), "l_arm")
[2018-09-07 22:01:24.916] the death bolt (/obj/item/projectile/colossus): Bump(Alec Cooper (/mob/living/carbon/human))
[2018-09-07 22:01:24.916] the death bolt (/obj/item/projectile/colossus): pixel move(1, 0)
[2018-09-07 22:01:24.916] the death bolt (/obj/item/projectile/colossus): process(1)
[2018-09-07 22:01:24.916] Projectiles (/datum/controller/subsystem/processing/projectiles): fire(0)
[2018-09-07 22:01:24.916] Projectiles (/datum/controller/subsystem/processing/projectiles): ignite(0)
[2018-09-07 22:01:24.916] Master (/datum/controller/master): RunQueue()
[2018-09-07 22:01:24.916] Master (/datum/controller/master): Loop()
[2018-09-07 22:01:24.916] Master (/datum/controller/master): StartProcessing(0)
[2018-09-07 22:01:24.916] 
[2018-09-07 22:01:24.917] runtime error: Cannot read null.species
[2018-09-07 22:01:24.917] proc name: apply damage (/mob/living/carbon/human/apply_damage)
[2018-09-07 22:01:24.917]   source file: damage_procs.dm,5
[2018-09-07 22:01:24.917]   usr: null
[2018-09-07 22:01:24.917]   src: Alec Cooper (/mob/living/carbon/human)
[2018-09-07 22:01:24.917]   src.loc: null
[2018-09-07 22:01:24.917]   call stack:
[2018-09-07 22:01:24.917] Alec Cooper (/mob/living/carbon/human): apply damage(25, "brute", "l_arm", 0)
[2018-09-07 22:01:24.917] Alec Cooper (/mob/living/carbon/human): bullet act(the death bolt (/obj/item/projectile/colossus), "l_arm")
[2018-09-07 22:01:24.917] Alec Cooper (/mob/living/carbon/human): bullet act(the death bolt (/obj/item/projectile/colossus), "l_arm")
[2018-09-07 22:01:24.917] the death bolt (/obj/item/projectile/colossus): Bump(Alec Cooper (/mob/living/carbon/human))
[2018-09-07 22:01:24.917] the death bolt (/obj/item/projectile/colossus): pixel move(1, 0)
[2018-09-07 22:01:24.917] the death bolt (/obj/item/projectile/colossus): process(1)
[2018-09-07 22:01:24.917] Projectiles (/datum/controller/subsystem/processing/projectiles): fire(0)
[2018-09-07 22:01:24.917] Projectiles (/datum/controller/subsystem/processing/projectiles): ignite(0)
[2018-09-07 22:01:24.917] Master (/datum/controller/master): RunQueue()
[2018-09-07 22:01:24.917] Master (/datum/controller/master): Loop()
[2018-09-07 22:01:24.917] Master (/datum/controller/master): StartProcessing(0)
[2018-09-07 22:01:24.917] 
[2018-09-07 22:01:24.919] runtime error: Cannot read null.species
[2018-09-07 22:01:24.919] proc name: add splatter floor (/mob/living/carbon/human/add_splatter_floor)
[2018-09-07 22:01:24.919]   source file: blood.dm,279
[2018-09-07 22:01:24.919]   usr: null
[2018-09-07 22:01:24.919]   src: Alec Cooper (/mob/living/carbon/human)
[2018-09-07 22:01:24.919]   src.loc: null
[2018-09-07 22:01:24.919]   call stack:
[2018-09-07 22:01:24.919] Alec Cooper (/mob/living/carbon/human): add splatter floor(null, null)
[2018-09-07 22:01:24.919] the death bolt (/obj/item/projectile/colossus): on hit(Alec Cooper (/mob/living/carbon/human), 0)
[2018-09-07 22:01:24.919] the death bolt (/obj/item/projectile/colossus): on hit(Alec Cooper (/mob/living/carbon/human), 0)
[2018-09-07 22:01:24.919] Alec Cooper (/mob/living/carbon/human): bullet act(the death bolt (/obj/item/projectile/colossus), "l_arm")
[2018-09-07 22:01:24.919] Alec Cooper (/mob/living/carbon/human): bullet act(the death bolt (/obj/item/projectile/colossus), "l_arm")
[2018-09-07 22:01:24.919] the death bolt (/obj/item/projectile/colossus): Bump(Alec Cooper (/mob/living/carbon/human))
[2018-09-07 22:01:24.919] the death bolt (/obj/item/projectile/colossus): pixel move(1, 0)
[2018-09-07 22:01:24.919] the death bolt (/obj/item/projectile/colossus): process(1)
[2018-09-07 22:01:24.919] Projectiles (/datum/controller/subsystem/processing/projectiles): fire(0)
[2018-09-07 22:01:24.919] Projectiles (/datum/controller/subsystem/processing/projectiles): ignite(0)
[2018-09-07 22:01:24.919] Master (/datum/controller/master): RunQueue()
[2018-09-07 22:01:24.919] Master (/datum/controller/master): Loop()
[2018-09-07 22:01:24.919] Master (/datum/controller/master): StartProcessing(0)
[2018-09-07 22:01:24.919] 
[2018-09-07 22:01:25.114] runtime error: Cannot read null.armor
[2018-09-07 22:01:25.114] proc name: checkarmor (/mob/living/carbon/human/proc/checkarmor)
[2018-09-07 22:01:25.114]   source file: human_defense.dm,32
[2018-09-07 22:01:25.114] 
[2018-09-07 22:01:25.115] runtime error: Cannot read null.species
[2018-09-07 22:01:25.115] proc name: apply damage (/mob/living/carbon/human/apply_damage)
[2018-09-07 22:01:25.115]   source file: damage_procs.dm,5
[2018-09-07 22:01:25.115] 
[2018-09-07 22:01:25.416] runtime error: Cannot read null.armor
[2018-09-07 22:01:25.416] proc name: checkarmor (/mob/living/carbon/human/proc/checkarmor)
[2018-09-07 22:01:25.416]   source file: human_defense.dm,32
[2018-09-07 22:01:25.416] 
[2018-09-07 22:01:25.416] runtime error: Cannot read null.species
[2018-09-07 22:01:25.416] proc name: apply damage (/mob/living/carbon/human/apply_damage)
[2018-09-07 22:01:25.416]   source file: damage_procs.dm,5
[2018-09-07 22:01:25.416] 
[2018-09-07 22:01:25.673] runtime error: Cannot read null.armor
[2018-09-07 22:01:25.673] proc name: checkarmor (/mob/living/carbon/human/proc/checkarmor)
[2018-09-07 22:01:25.673]   source file: human_defense.dm,32
[2018-09-07 22:01:25.673] 
[2018-09-07 22:01:25.674] runtime error: Cannot read null.species
[2018-09-07 22:01:25.674] proc name: apply damage (/mob/living/carbon/human/apply_damage)
[2018-09-07 22:01:25.674]   source file: damage_procs.dm,5
[2018-09-07 22:01:25.674] 
[2018-09-07 22:01:25.675] runtime error: Cannot read null.species
[2018-09-07 22:01:25.675] proc name: add splatter floor (/mob/living/carbon/human/add_splatter_floor)
[2018-09-07 22:01:25.675]   source file: blood.dm,279
[2018-09-07 22:01:25.675] 
[2018-09-07 22:01:25.767] runtime error: Cannot read null.armor
[2018-09-07 22:01:25.767] proc name: checkarmor (/mob/living/carbon/human/proc/checkarmor)
[2018-09-07 22:01:25.767]   source file: human_defense.dm,32
[2018-09-07 22:01:25.767] 
[2018-09-07 22:01:25.767] runtime error: Cannot read null.species
[2018-09-07 22:01:25.767] proc name: apply damage (/mob/living/carbon/human/apply_damage)
[2018-09-07 22:01:25.767]   source file: damage_procs.dm,5
[2018-09-07 22:01:25.767] 
[2018-09-07 22:01:25.815] runtime error: Cannot read null.armor
[2018-09-07 22:01:25.815] proc name: checkarmor (/mob/living/carbon/human/proc/checkarmor)
[2018-09-07 22:01:25.815]   source file: human_defense.dm,32
[2018-09-07 22:01:25.815] 
[2018-09-07 22:01:25.816] runtime error: Cannot read null.species
[2018-09-07 22:01:25.816] proc name: apply damage (/mob/living/carbon/human/apply_damage)
[2018-09-07 22:01:25.816]   source file: damage_procs.dm,5
[2018-09-07 22:01:25.816] 
[2018-09-07 22:01:25.818] runtime error: Cannot read null.armor
[2018-09-07 22:01:25.818] proc name: checkarmor (/mob/living/carbon/human/proc/checkarmor)
[2018-09-07 22:01:25.818]   source file: human_defense.dm,32
[2018-09-07 22:01:25.818] 
[2018-09-07 22:01:25.818] runtime error: Cannot read null.species
[2018-09-07 22:01:25.818] proc name: apply damage (/mob/living/carbon/human/apply_damage)
[2018-09-07 22:01:25.818]   source file: damage_procs.dm,5
[2018-09-07 22:01:25.818] 
[2018-09-07 22:01:25.866] runtime error: Cannot read null.armor
[2018-09-07 22:01:25.866] proc name: checkarmor (/mob/living/carbon/human/proc/checkarmor)
[2018-09-07 22:01:25.866]   source file: human_defense.dm,32
[2018-09-07 22:01:25.866] 
[2018-09-07 22:01:25.867] runtime error: Cannot read null.species
[2018-09-07 22:01:25.867] proc name: apply damage (/mob/living/carbon/human/apply_damage)
[2018-09-07 22:01:25.867]   source file: damage_procs.dm,5
[2018-09-07 22:01:25.867] 
[2018-09-07 22:01:26.117] runtime error: Cannot read null.armor
[2018-09-07 22:01:26.117] proc name: checkarmor (/mob/living/carbon/human/proc/checkarmor)
[2018-09-07 22:01:26.117]   source file: human_defense.dm,32
[2018-09-07 22:01:26.117] 
[2018-09-07 22:01:26.118] runtime error: Cannot read null.species
[2018-09-07 22:01:26.118] proc name: apply damage (/mob/living/carbon/human/apply_damage)
[2018-09-07 22:01:26.118]   source file: damage_procs.dm,5
[2018-09-07 22:01:26.118] 
[2018-09-07 22:01:26.168] runtime error: Cannot read null.armor
[2018-09-07 22:01:26.168] proc name: checkarmor (/mob/living/carbon/human/proc/checkarmor)
[2018-09-07 22:01:26.168]   source file: human_defense.dm,32
[2018-09-07 22:01:26.168] 
[2018-09-07 22:01:26.169] runtime error: Cannot read null.species
[2018-09-07 22:01:26.169] proc name: apply damage (/mob/living/carbon/human/apply_damage)
[2018-09-07 22:01:26.169]   source file: damage_procs.dm,5
[2018-09-07 22:01:26.169] 
[2018-09-07 22:01:26.224] runtime error: Cannot read null.armor
[2018-09-07 22:01:26.224] proc name: checkarmor (/mob/living/carbon/human/proc/checkarmor)
[2018-09-07 22:01:26.224]   source file: human_defense.dm,32
[2018-09-07 22:01:26.224] 
[2018-09-07 22:01:26.224] runtime error: Cannot read null.species
[2018-09-07 22:01:26.224] proc name: apply damage (/mob/living/carbon/human/apply_damage)
[2018-09-07 22:01:26.224]   source file: damage_procs.dm,5
[2018-09-07 22:01:26.224] 
[2018-09-07 22:01:26.290] runtime error: Cannot read null.armor
[2018-09-07 22:01:26.290] proc name: checkarmor (/mob/living/carbon/human/proc/checkarmor)
[2018-09-07 22:01:26.290]   source file: human_defense.dm,32
[2018-09-07 22:01:26.290] 
[2018-09-07 22:01:26.291] runtime error: Cannot read null.species
[2018-09-07 22:01:26.291] proc name: apply damage (/mob/living/carbon/human/apply_damage)
[2018-09-07 22:01:26.291]   source file: damage_procs.dm,5
[2018-09-07 22:01:26.291] 
[2018-09-07 22:01:26.418] runtime error: Cannot read null.armor
[2018-09-07 22:01:26.418] proc name: checkarmor (/mob/living/carbon/human/proc/checkarmor)
[2018-09-07 22:01:26.418]   source file: human_defense.dm,32
[2018-09-07 22:01:26.418] 
[2018-09-07 22:01:26.418] runtime error: Cannot read null.species
[2018-09-07 22:01:26.418] proc name: apply damage (/mob/living/carbon/human/apply_damage)
[2018-09-07 22:01:26.418]   source file: damage_procs.dm,5
[2018-09-07 22:01:26.418] 
[2018-09-07 22:01:26.421] runtime error: Cannot read null.armor
[2018-09-07 22:01:26.421] proc name: checkarmor (/mob/living/carbon/human/proc/checkarmor)
[2018-09-07 22:01:26.421]   source file: human_defense.dm,32
[2018-09-07 22:01:26.421] 
[2018-09-07 22:01:26.421] runtime error: Cannot read null.species
[2018-09-07 22:01:26.421] proc name: apply damage (/mob/living/carbon/human/apply_damage)
[2018-09-07 22:01:26.421]   source file: damage_procs.dm,5
[2018-09-07 22:01:26.421] 
[2018-09-07 22:01:26.422] runtime error: Cannot read null.species
[2018-09-07 22:01:26.422] proc name: add splatter floor (/mob/living/carbon/human/add_splatter_floor)
[2018-09-07 22:01:26.422]   source file: blood.dm,279
[2018-09-07 22:01:26.422] 
[2018-09-07 22:01:26.515] runtime error: Cannot read null.armor
[2018-09-07 22:01:26.515] proc name: checkarmor (/mob/living/carbon/human/proc/checkarmor)
[2018-09-07 22:01:26.515]   source file: human_defense.dm,32
[2018-09-07 22:01:26.515] 
[2018-09-07 22:01:26.515] runtime error: Cannot read null.species
[2018-09-07 22:01:26.516] proc name: apply damage (/mob/living/carbon/human/apply_damage)
[2018-09-07 22:01:26.516]   source file: damage_procs.dm,5
[2018-09-07 22:01:26.516] 
[2018-09-07 22:01:26.665] runtime error: Cannot read null.armor
[2018-09-07 22:01:26.665] proc name: checkarmor (/mob/living/carbon/human/proc/checkarmor)
[2018-09-07 22:01:26.665]   source file: human_defense.dm,32
[2018-09-07 22:01:26.665] 
[2018-09-07 22:01:26.666] runtime error: Cannot read null.species
[2018-09-07 22:01:26.666] proc name: apply damage (/mob/living/carbon/human/apply_damage)
[2018-09-07 22:01:26.666]   source file: damage_procs.dm,5
[2018-09-07 22:01:26.666] 
[2018-09-07 22:01:26.866] runtime error: Cannot read null.armor
[2018-09-07 22:01:26.866] proc name: checkarmor (/mob/living/carbon/human/proc/checkarmor)
[2018-09-07 22:01:26.866]   source file: human_defense.dm,32
[2018-09-07 22:01:26.866] 
[2018-09-07 22:01:26.867] runtime error: Cannot read null.species
[2018-09-07 22:01:26.867] proc name: apply damage (/mob/living/carbon/human/apply_damage)
[2018-09-07 22:01:26.867]   source file: damage_procs.dm,5
[2018-09-07 22:01:26.867] 
[2018-09-07 22:01:27.069] runtime error: Cannot read null.armor
[2018-09-07 22:01:27.069] proc name: checkarmor (/mob/living/carbon/human/proc/checkarmor)
[2018-09-07 22:01:27.069]   source file: human_defense.dm,32
[2018-09-07 22:01:27.069] 
[2018-09-07 22:01:27.070] runtime error: Cannot read null.species
[2018-09-07 22:01:27.070] proc name: apply damage (/mob/living/carbon/human/apply_damage)
[2018-09-07 22:01:27.070]   source file: damage_procs.dm,5
[2018-09-07 22:01:27.070] 
[2018-09-07 22:01:27.220] runtime error: Cannot read null.armor
[2018-09-07 22:01:27.220] proc name: checkarmor (/mob/living/carbon/human/proc/checkarmor)
[2018-09-07 22:01:27.221]   source file: human_defense.dm,32
[2018-09-07 22:01:27.221] 
[2018-09-07 22:01:27.221] runtime error: Cannot read null.species
[2018-09-07 22:01:27.221] proc name: apply damage (/mob/living/carbon/human/apply_damage)
[2018-09-07 22:01:27.221]   source file: damage_procs.dm,5
[2018-09-07 22:01:27.221] 
[2018-09-07 22:01:27.277] runtime error: Cannot read null.armor
[2018-09-07 22:01:27.277] proc name: checkarmor (/mob/living/carbon/human/proc/checkarmor)
[2018-09-07 22:01:27.277]   source file: human_defense.dm,32
[2018-09-07 22:01:27.277] 
[2018-09-07 22:01:27.278] runtime error: Cannot read null.species
[2018-09-07 22:01:27.278] proc name: apply damage (/mob/living/carbon/human/apply_damage)
[2018-09-07 22:01:27.278]   source file: damage_procs.dm,5
[2018-09-07 22:01:27.278] 
[2018-09-07 22:13:06.175] runtime error: Cannot execute null.log message().
[2018-09-07 22:13:06.175] proc name: log combat (/proc/log_combat)
[2018-09-07 22:13:06.175]   source file: atoms.dm,667
[2018-09-07 22:13:06.175] 
[2018-09-07 22:16:05.463] runtime error: Invalid individual logging type: 1536. Defaulting to 4096 (LOG_GAME).
[2018-09-07 22:16:05.463] proc name: stack trace (/datum/proc/stack_trace)
[2018-09-07 22:16:05.463]   source file: unsorted.dm,1164
[2018-09-07 22:16:05.463] 
[2018-09-07 22:16:10.171] runtime error: Invalid individual logging type: 1536. Defaulting to 4096 (LOG_GAME).
[2018-09-07 22:16:10.171] proc name: stack trace (/datum/proc/stack_trace)
[2018-09-07 22:16:10.171]   source file: unsorted.dm,1164
[2018-09-07 22:16:10.171] 
[2018-09-07 22:18:26.631] runtime error: Invalid individual logging type: 1536. Defaulting to 4096 (LOG_GAME).
[2018-09-07 22:18:26.631] proc name: stack trace (/datum/proc/stack_trace)
[2018-09-07 22:18:26.631]   source file: unsorted.dm,1164
[2018-09-07 22:18:26.631] 
[2018-09-07 22:20:48.608] runtime error: Invalid individual logging type: . Defaulting to 4096 (LOG_GAME).
[2018-09-07 22:20:48.608] proc name: stack trace (/datum/proc/stack_trace)
[2018-09-07 22:20:48.608]   source file: unsorted.dm,1164
[2018-09-07 22:20:48.608] 
[2018-09-07 22:26:31.019] runtime error: Invalid individual logging type: 1536. Defaulting to 4096 (LOG_GAME).
[2018-09-07 22:26:31.019] proc name: stack trace (/datum/proc/stack_trace)
[2018-09-07 22:26:31.019]   source file: unsorted.dm,1164
[2018-09-07 22:26:31.019] 
[2018-09-07 22:26:46.148] [2018-09-07 22:26:33] Client: I like D0nUts triggered JS error: Error: El identificador URI para descodificar no tiene una codificación válida | url: http://127.0.0.1:50591/tmp5764/browserOutput.js | line: 161 | column: 2 | error: URIError: El identificador URI para descodificar no tiene una codificación válida | user agent: Mozilla/4.0 (compatible; MSIE 7.0; Windows NT 6.1; WOW64; Trident/7.0; SLCC2; .NET CLR 2.0.50727; .NET CLR 3.5.30729; .NET CLR 3.0.30729; Media Center PC 6.0; .NET4.0C; .NET4.0E; InfoPath.3)
[2018-09-07 22:26:46.173] [2018-09-07 22:26:33] Client: Bilary triggered JS error: Error: Der zu entschlüsselnde URI hat keine gültige Verschlüsselung. | url: http://127.0.0.1:58895/tmp11080/browserOutput.js | line: 161 | column: 2 | error: URIError: Der zu entschlüsselnde URI hat keine gültige Verschlüsselung. | user agent: Mozilla/4.0 (compatible; MSIE 7.0; Windows NT 6.2; WOW64; Trident/7.0; .NET4.0C; .NET4.0E; .NET CLR 2.0.50727; .NET CLR 3.0.30729; .NET CLR 3.5.30729; LCTE)
[2018-09-07 22:30:17.723] runtime error: Invalid individual logging type: 1536. Defaulting to 4096 (LOG_GAME).
[2018-09-07 22:30:17.723] proc name: stack trace (/datum/proc/stack_trace)
[2018-09-07 22:30:17.723]   source file: unsorted.dm,1164
[2018-09-07 22:30:17.723] 
[2018-09-07 22:30:28.092] runtime error: Invalid individual logging type: 1536. Defaulting to 4096 (LOG_GAME).
[2018-09-07 22:30:28.092] proc name: stack trace (/datum/proc/stack_trace)
[2018-09-07 22:30:28.092]   source file: unsorted.dm,1164
[2018-09-07 22:30:28.092] 
[2018-09-07 22:30:32.528] runtime error: Invalid individual logging type: 1536. Defaulting to 4096 (LOG_GAME).
[2018-09-07 22:30:32.528] proc name: stack trace (/datum/proc/stack_trace)
[2018-09-07 22:30:32.528]   source file: unsorted.dm,1164
[2018-09-07 22:30:32.528] 
[2018-09-07 22:30:36.635] runtime error: Invalid individual logging type: 1536. Defaulting to 4096 (LOG_GAME).
[2018-09-07 22:30:36.635] proc name: stack trace (/datum/proc/stack_trace)
[2018-09-07 22:30:36.635]   source file: unsorted.dm,1164
[2018-09-07 22:30:36.635] 
[2018-09-07 22:30:53.366] runtime error: Invalid individual logging type: . Defaulting to 4096 (LOG_GAME).
[2018-09-07 22:30:53.366] proc name: stack trace (/datum/proc/stack_trace)
[2018-09-07 22:30:53.366]   source file: unsorted.dm,1164
[2018-09-07 22:30:53.367] 
[2018-09-07 22:30:54.999] runtime error: Cannot execute null.log message().
[2018-09-07 22:30:54.999] proc name: log combat (/proc/log_combat)
[2018-09-07 22:30:54.999]   source file: atoms.dm,667
[2018-09-07 22:30:54.999] 
[2018-09-07 22:30:55.001] runtime error: Cannot execute null.log message().
[2018-09-07 22:30:55.001] proc name: log combat (/proc/log_combat)
[2018-09-07 22:30:55.001]   source file: atoms.dm,667
[2018-09-07 22:30:55.001] 
[2018-09-07 22:30:59.128] runtime error: Cannot execute null.log message().
[2018-09-07 22:30:59.128] proc name: log combat (/proc/log_combat)
[2018-09-07 22:30:59.128]   source file: atoms.dm,667
[2018-09-07 22:30:59.128] 
[2018-09-07 22:30:59.133] runtime error: Cannot execute null.log message().
[2018-09-07 22:30:59.133] proc name: log combat (/proc/log_combat)
[2018-09-07 22:30:59.133]   source file: atoms.dm,667
[2018-09-07 22:30:59.133] 
[2018-09-07 22:31:00.563] runtime error: Cannot execute null.log message().
[2018-09-07 22:31:00.563] proc name: log combat (/proc/log_combat)
[2018-09-07 22:31:00.563]   source file: atoms.dm,667
[2018-09-07 22:31:00.563] 
[2018-09-07 22:31:00.565] runtime error: Cannot execute null.log message().
[2018-09-07 22:31:00.565] proc name: log combat (/proc/log_combat)
[2018-09-07 22:31:00.565]   source file: atoms.dm,667
[2018-09-07 22:31:00.565] 
[2018-09-07 22:31:02.746] runtime error: Cannot execute null.log message().
[2018-09-07 22:31:02.746] proc name: log combat (/proc/log_combat)
[2018-09-07 22:31:02.746]   source file: atoms.dm,667
[2018-09-07 22:31:02.746] 
[2018-09-07 22:31:02.748] runtime error: Cannot execute null.log message().
[2018-09-07 22:31:02.748] proc name: log combat (/proc/log_combat)
[2018-09-07 22:31:02.748]   source file: atoms.dm,667
[2018-09-07 22:31:02.748] 
[2018-09-07 22:31:04.675] runtime error: Cannot execute null.log message().
[2018-09-07 22:31:04.675] proc name: log combat (/proc/log_combat)
[2018-09-07 22:31:04.675]   source file: atoms.dm,667
[2018-09-07 22:31:04.675] 
[2018-09-07 22:31:07.235] runtime error: Cannot execute null.log message().
[2018-09-07 22:31:07.236] proc name: log combat (/proc/log_combat)
[2018-09-07 22:31:07.236]   source file: atoms.dm,667
[2018-09-07 22:31:07.236] 
[2018-09-07 22:31:07.238] runtime error: Cannot execute null.log message().
[2018-09-07 22:31:07.238] proc name: log combat (/proc/log_combat)
[2018-09-07 22:31:07.238]   source file: atoms.dm,667
[2018-09-07 22:31:07.238] 
[2018-09-07 22:31:37.618] runtime error: Invalid individual logging type: 1536. Defaulting to 4096 (LOG_GAME).
[2018-09-07 22:31:37.618] proc name: stack trace (/datum/proc/stack_trace)
[2018-09-07 22:31:37.618]   source file: unsorted.dm,1164
[2018-09-07 22:31:37.618] 
[2018-09-07 22:42:22.501] runtime error: Invalid individual logging type: 1536. Defaulting to 4096 (LOG_GAME).
[2018-09-07 22:42:22.501] proc name: stack trace (/datum/proc/stack_trace)
[2018-09-07 22:42:22.501]   source file: unsorted.dm,1164
[2018-09-07 22:42:22.501] 
[2018-09-07 22:42:23.861] runtime error: Invalid individual logging type: 1536. Defaulting to 4096 (LOG_GAME).
[2018-09-07 22:42:23.861] proc name: stack trace (/datum/proc/stack_trace)
[2018-09-07 22:42:23.861]   source file: unsorted.dm,1164
[2018-09-07 22:42:23.861] 
[2018-09-07 22:42:36.073] runtime error: Invalid individual logging type: 1536. Defaulting to 4096 (LOG_GAME).
[2018-09-07 22:42:36.073] proc name: stack trace (/datum/proc/stack_trace)
[2018-09-07 22:42:36.073]   source file: unsorted.dm,1164
[2018-09-07 22:42:36.073] 
[2018-09-07 22:42:40.239] runtime error: Invalid individual logging type: 1536. Defaulting to 4096 (LOG_GAME).
[2018-09-07 22:42:40.239] proc name: stack trace (/datum/proc/stack_trace)
[2018-09-07 22:42:40.239]   source file: unsorted.dm,1164
[2018-09-07 22:42:40.239] 
[2018-09-07 23:16:10.801] runtime error: Invalid individual logging type: 1536. Defaulting to 4096 (LOG_GAME).
[2018-09-07 23:16:10.801] proc name: stack trace (/datum/proc/stack_trace)
[2018-09-07 23:16:10.801]   source file: unsorted.dm,1164
[2018-09-07 23:16:10.801] 
[2018-09-07 23:16:18.658] runtime error: Invalid individual logging type: 1536. Defaulting to 4096 (LOG_GAME).
[2018-09-07 23:16:18.658] proc name: stack trace (/datum/proc/stack_trace)
[2018-09-07 23:16:18.658]   source file: unsorted.dm,1164
[2018-09-07 23:16:18.658] 
[2018-09-07 23:25:33.367] runtime error: Invalid individual logging type: 1536. Defaulting to 4096 (LOG_GAME).
[2018-09-07 23:25:33.367] proc name: stack trace (/datum/proc/stack_trace)
[2018-09-07 23:25:33.367]   source file: unsorted.dm,1164
[2018-09-07 23:25:33.367] 
[2018-09-07 23:32:00.377] runtime error: addtimer called with a callback assigned to a qdeleted object. In the future such timers will not be supported and may refuse to run or run with a 0 wait
[2018-09-07 23:32:00.377] proc name: stack trace (/proc/stack_trace)
[2018-09-07 23:32:00.377]   source file: unsorted.dm,1161
[2018-09-07 23:32:00.377] 
[2018-09-07 23:33:27.419] runtime error: addtimer called with a callback assigned to a qdeleted object. In the future such timers will not be supported and may refuse to run or run with a 0 wait
[2018-09-07 23:33:27.419] proc name: stack trace (/proc/stack_trace)
[2018-09-07 23:33:27.419]   source file: unsorted.dm,1161
[2018-09-07 23:33:27.419] 
[2018-09-07 23:37:38.688] runtime error: addtimer called with a callback assigned to a qdeleted object. In the future such timers will not be supported and may refuse to run or run with a 0 wait
[2018-09-07 23:37:38.688] proc name: stack trace (/proc/stack_trace)
[2018-09-07 23:37:38.688]   source file: unsorted.dm,1161
[2018-09-07 23:37:38.688] 
[2018-09-07 23:43:55.888] runtime error: addtimer called with a callback assigned to a qdeleted object. In the future such timers will not be supported and may refuse to run or run with a 0 wait
[2018-09-07 23:43:55.888] proc name: stack trace (/proc/stack_trace)
[2018-09-07 23:43:55.888]   source file: unsorted.dm,1161
[2018-09-07 23:43:55.888] 
[2018-09-07 23:50:33.085] runtime error: addtimer called with a callback assigned to a qdeleted object. In the future such timers will not be supported and may refuse to run or run with a 0 wait
[2018-09-07 23:50:33.085] proc name: stack trace (/proc/stack_trace)
[2018-09-07 23:50:33.085]   source file: unsorted.dm,1161
[2018-09-07 23:50:33.085] 
[2018-09-07 23:50:43.336] runtime error: addtimer called with a callback assigned to a qdeleted object. In the future such timers will not be supported and may refuse to run or run with a 0 wait
[2018-09-07 23:50:43.336] proc name: stack trace (/proc/stack_trace)
[2018-09-07 23:50:43.336]   source file: unsorted.dm,1161
[2018-09-07 23:50:43.336] 
[2018-09-07 23:51:49.538] runtime error: Invalid individual logging type: 1536. Defaulting to 4096 (LOG_GAME).
[2018-09-07 23:51:49.538] proc name: stack trace (/datum/proc/stack_trace)
[2018-09-07 23:51:49.538]   source file: unsorted.dm,1164
[2018-09-07 23:51:49.538] 
[2018-09-08 00:04:40.507] runtime error: Cannot execute null.log message().
[2018-09-08 00:04:40.507] proc name: log combat (/proc/log_combat)
[2018-09-08 00:04:40.507]   source file: atoms.dm,667
[2018-09-08 00:04:40.507] 
[2018-09-08 00:04:41.042] runtime error: Cannot execute null.log message().
[2018-09-08 00:04:41.042] proc name: log combat (/proc/log_combat)
[2018-09-08 00:04:41.042]   source file: atoms.dm,667
[2018-09-08 00:04:41.042] 
[2018-09-08 00:10:21.111] runtime error: The femto-manipulator taking damage after deletion
[2018-09-08 00:10:21.111] proc name: stack trace (/datum/proc/stack_trace)
[2018-09-08 00:10:21.111]   source file: unsorted.dm,1164
[2018-09-08 00:10:21.111] 
[2018-09-08 00:10:21.112] runtime error: The femto-manipulator taking damage after deletion
[2018-09-08 00:10:21.112] Warning: further proc crash messages are being suppressed to prevent overload...
[2018-09-08 00:10:21.112] 
[2018-09-08 00:10:21.112] runtime error: The femto-manipulator taking damage after deletion
[2018-09-08 00:10:21.112] 
[2018-09-08 00:10:21.112] runtime error: The femto-manipulator taking damage after deletion
[2018-09-08 00:10:21.112] 
[2018-09-08 00:10:21.113] runtime error: The femto-manipulator taking damage after deletion
[2018-09-08 00:10:21.113] 
[2018-09-08 00:10:21.113] runtime error: The quad-ultra micro-laser taking damage after deletion
[2018-09-08 00:10:21.113] 
[2018-09-08 00:10:21.113] runtime error: The quad-ultra micro-laser taking damage after deletion
[2018-09-08 00:10:21.113] 
[2018-09-08 00:10:21.113] runtime error: The quad-ultra micro-laser taking damage after deletion
[2018-09-08 00:10:21.113] 
[2018-09-08 00:10:21.113] runtime error: The quad-ultra micro-laser taking damage after deletion
[2018-09-08 00:10:21.113] 
[2018-09-08 00:10:21.114] runtime error: The quad-ultra micro-laser taking damage after deletion
[2018-09-08 00:10:21.114] 
[2018-09-08 00:10:21.114] runtime error: The quad-ultra micro-laser taking damage after deletion
[2018-09-08 00:10:21.114] 
[2018-09-08 00:10:21.114] runtime error: The quad-ultra micro-laser taking damage after deletion
[2018-09-08 00:10:21.114] 
[2018-09-08 00:10:21.114] runtime error: The quad-ultra micro-laser taking damage after deletion
[2018-09-08 00:10:21.114] 
[2018-09-08 00:10:21.114] runtime error: The quad-ultra micro-laser taking damage after deletion
[2018-09-08 00:10:21.114] 
[2018-09-08 00:10:21.115] runtime error: The quad-ultra micro-laser taking damage after deletion
[2018-09-08 00:10:21.115] 
[2018-09-08 00:10:21.115] runtime error: The quad-ultra micro-laser taking damage after deletion
[2018-09-08 00:10:21.115] 
[2018-09-08 00:10:21.115] runtime error: The quad-ultra micro-laser taking damage after deletion
[2018-09-08 00:10:21.115] 
[2018-09-08 00:10:21.115] runtime error: The quad-ultra micro-laser taking damage after deletion
[2018-09-08 00:10:21.115] 
[2018-09-08 00:10:21.115] runtime error: The quad-ultra micro-laser taking damage after deletion
[2018-09-08 00:10:21.115] 
[2018-09-08 00:10:21.115] runtime error: The quad-ultra micro-laser taking damage after deletion
[2018-09-08 00:10:21.115] 
[2018-09-08 00:10:21.116] runtime error: The quad-ultra micro-laser taking damage after deletion
[2018-09-08 00:10:21.116] 
[2018-09-08 00:10:21.116] runtime error: The quad-ultra micro-laser taking damage after deletion
[2018-09-08 00:10:21.116] 
[2018-09-08 00:10:21.116] runtime error: The quad-ultra micro-laser taking damage after deletion
[2018-09-08 00:10:21.116] 
[2018-09-08 00:10:21.116] runtime error: The quad-ultra micro-laser taking damage after deletion
[2018-09-08 00:10:21.116] 
[2018-09-08 00:10:21.116] runtime error: The quad-ultra micro-laser taking damage after deletion
[2018-09-08 00:10:21.116] 
[2018-09-08 00:10:21.116] runtime error: The triphasic scanning module taking damage after deletion
[2018-09-08 00:10:21.116] 
[2018-09-08 00:10:21.117] runtime error: The triphasic scanning module taking damage after deletion
[2018-09-08 00:10:21.117] 
[2018-09-08 00:10:21.117] runtime error: The triphasic scanning module taking damage after deletion
[2018-09-08 00:10:21.117] 
[2018-09-08 00:10:21.117] runtime error: The triphasic scanning module taking damage after deletion
[2018-09-08 00:10:21.117] 
[2018-09-08 00:10:21.117] runtime error: The quad-ultra micro-laser taking damage after deletion
[2018-09-08 00:10:21.117] 
[2018-09-08 00:10:21.117] runtime error: The quad-ultra micro-laser taking damage after deletion
[2018-09-08 00:10:21.117] 
[2018-09-08 00:10:21.117] runtime error: The quad-ultra micro-laser taking damage after deletion
[2018-09-08 00:10:21.117] 
[2018-09-08 00:10:21.118] runtime error: The quad-ultra micro-laser taking damage after deletion
[2018-09-08 00:10:21.118] 
[2018-09-08 00:10:21.118] runtime error: The quad-ultra micro-laser taking damage after deletion
[2018-09-08 00:10:21.118] 
[2018-09-08 00:10:21.118] runtime error: The quad-ultra micro-laser taking damage after deletion
[2018-09-08 00:10:21.118] 
[2018-09-08 00:10:21.118] runtime error: The quad-ultra micro-laser taking damage after deletion
[2018-09-08 00:10:21.118] 
[2018-09-08 00:10:21.118] runtime error: The quad-ultra micro-laser taking damage after deletion
[2018-09-08 00:10:21.118] 
[2018-09-08 00:10:21.118] runtime error: The quad-ultra micro-laser taking damage after deletion
[2018-09-08 00:10:21.118] 
[2018-09-08 00:10:21.119] runtime error: The quad-ultra micro-laser taking damage after deletion
[2018-09-08 00:10:21.119] 
[2018-09-08 00:10:21.119] runtime error: The quad-ultra micro-laser taking damage after deletion
[2018-09-08 00:10:21.119] 
[2018-09-08 00:10:21.119] runtime error: The femto-manipulator taking damage after deletion
[2018-09-08 00:10:21.119] 
[2018-09-08 00:10:21.119] runtime error: The femto-manipulator taking damage after deletion
[2018-09-08 00:10:21.119] 
[2018-09-08 00:10:21.119] runtime error: The femto-manipulator taking damage after deletion
[2018-09-08 00:10:21.119] 
[2018-09-08 00:10:21.119] runtime error: The femto-manipulator taking damage after deletion
[2018-09-08 00:10:21.119] 
[2018-09-08 00:10:21.120] runtime error: The femto-manipulator taking damage after deletion
[2018-09-08 00:10:21.120] 
[2018-09-08 00:10:21.120] runtime error: The advanced matter bin taking damage after deletion
[2018-09-08 00:10:21.120] 
[2018-09-08 00:10:21.120] runtime error: The advanced matter bin taking damage after deletion
[2018-09-08 00:10:21.120] 
[2018-09-08 00:10:21.120] runtime error: The quadratic capacitor taking damage after deletion
[2018-09-08 00:10:21.120] 
[2018-09-08 00:10:21.120] runtime error: The triphasic scanning module taking damage after deletion
[2018-09-08 00:10:21.120] 
[2018-09-08 00:10:21.121] runtime error: The capacitor taking damage after deletion
[2018-09-08 00:10:21.121] 
[2018-09-08 00:10:21.121] runtime error: The matter bin taking damage after deletion
[2018-09-08 00:10:21.121] 
[2018-09-08 00:11:15.387] runtime error: addtimer called with a callback assigned to a qdeleted object. In the future such timers will not be supported and may refuse to run or run with a 0 wait
[2018-09-08 00:11:15.387] 
[2018-09-08 00:11:30.041] runtime error: addtimer called with a callback assigned to a qdeleted object. In the future such timers will not be supported and may refuse to run or run with a 0 wait
[2018-09-08 00:11:30.041] 
[2018-09-08 00:11:44.811] runtime error: addtimer called with a callback assigned to a qdeleted object. In the future such timers will not be supported and may refuse to run or run with a 0 wait
[2018-09-08 00:11:44.811] 
[2018-09-08 00:12:37.920] runtime error: addtimer called with a callback assigned to a qdeleted object. In the future such timers will not be supported and may refuse to run or run with a 0 wait
[2018-09-08 00:12:37.920] 
[2018-09-08 00:29:39.218] runtime error: Cannot execute null.archive().
[2018-09-08 00:29:39.218] 
[2018-09-08 00:29:39.218] runtime error: Cannot read null.gases
[2018-09-08 00:29:39.218] 
[2018-09-08 00:29:39.219] runtime error: Cannot execute null.archive().
[2018-09-08 00:29:39.219] 
[2018-09-08 00:29:39.219] runtime error: Cannot read null.gases
[2018-09-08 00:29:39.219] 
[2018-09-08 00:29:39.219] runtime error: Cannot execute null.archive().
[2018-09-08 00:29:39.219] 
[2018-09-08 00:29:39.219] runtime error: Cannot read null.gases
[2018-09-08 00:29:39.219] 
[2018-09-08 00:29:39.219] runtime error: Cannot execute null.archive().
[2018-09-08 00:29:39.219] 
[2018-09-08 00:29:39.220] runtime error: Cannot read null.gases
[2018-09-08 00:29:39.220] 
[2018-09-08 00:29:39.220] runtime error: Cannot execute null.archive().
[2018-09-08 00:29:39.220] 
[2018-09-08 00:29:39.220] runtime error: Cannot read null.gases
[2018-09-08 00:29:39.220] 
[2018-09-08 00:29:39.220] runtime error: Cannot execute null.archive().
[2018-09-08 00:29:39.220] 
[2018-09-08 00:29:39.220] runtime error: Cannot read null.gases
[2018-09-08 00:29:39.220] 
[2018-09-08 00:29:39.220] runtime error: Cannot execute null.archive().
[2018-09-08 00:29:39.221] 
[2018-09-08 00:29:39.221] runtime error: Cannot read null.gases
[2018-09-08 00:29:39.221] 
[2018-09-08 00:29:39.221] runtime error: Cannot execute null.archive().
[2018-09-08 00:29:39.221] 
[2018-09-08 00:29:39.221] runtime error: Cannot read null.gases
[2018-09-08 00:29:39.221] 
[2018-09-08 00:29:39.221] runtime error: Cannot execute null.archive().
[2018-09-08 00:29:39.221] 
[2018-09-08 00:29:39.221] runtime error: Cannot read null.gases
[2018-09-08 00:29:39.221] 
[2018-09-08 00:29:39.222] runtime error: Cannot execute null.archive().
[2018-09-08 00:29:39.222] 
[2018-09-08 00:29:39.222] runtime error: Cannot read null.gases
[2018-09-08 00:29:39.222] 
[2018-09-08 00:29:39.366] runtime error: Cannot execute null.archive().
[2018-09-08 00:29:39.366] 
[2018-09-08 00:29:39.366] runtime error: Cannot read null.gases
[2018-09-08 00:29:39.366] 
[2018-09-08 00:29:39.366] runtime error: Cannot execute null.archive().
[2018-09-08 00:29:39.366] 
[2018-09-08 00:29:39.366] runtime error: Cannot read null.gases
[2018-09-08 00:29:39.366] 
[2018-09-08 00:29:39.367] runtime error: Cannot execute null.archive().
[2018-09-08 00:29:39.367] 
[2018-09-08 00:29:39.367] runtime error: Cannot read null.gases
[2018-09-08 00:29:39.367] 
[2018-09-08 00:29:39.367] runtime error: Cannot execute null.archive().
[2018-09-08 00:29:39.367] 
[2018-09-08 00:29:39.367] runtime error: Cannot read null.gases
[2018-09-08 00:29:39.367] 
[2018-09-08 00:29:39.368] runtime error: Cannot execute null.archive().
[2018-09-08 00:29:39.368] 
[2018-09-08 00:29:39.368] runtime error: Cannot read null.gases
[2018-09-08 00:29:39.368] 
[2018-09-08 00:29:39.368] runtime error: Cannot execute null.archive().
[2018-09-08 00:29:39.368] 
[2018-09-08 00:29:39.368] runtime error: Cannot read null.gases
[2018-09-08 00:29:39.368] 
[2018-09-08 00:29:39.369] runtime error: Cannot execute null.archive().
[2018-09-08 00:29:39.369] 
[2018-09-08 00:29:39.369] runtime error: Cannot read null.gases
[2018-09-08 00:29:39.369] 
[2018-09-08 00:29:39.369] runtime error: Cannot execute null.archive().
[2018-09-08 00:29:39.369] 
[2018-09-08 00:29:39.369] runtime error: Cannot read null.gases
[2018-09-08 00:29:39.369] 
[2018-09-08 00:29:39.370] runtime error: Cannot execute null.archive().
[2018-09-08 00:29:39.370] 
[2018-09-08 00:29:39.370] runtime error: Cannot read null.gases
[2018-09-08 00:29:39.370] 
[2018-09-08 00:29:39.370] runtime error: Cannot execute null.archive().
[2018-09-08 00:29:39.370] 
[2018-09-08 00:29:39.370] runtime error: Cannot read null.gases
[2018-09-08 00:29:39.370] 
[2018-09-08 00:29:39.373] runtime error: Cannot execute null.archive().
[2018-09-08 00:29:39.373] 
[2018-09-08 00:29:39.373] runtime error: Cannot read null.gases
[2018-09-08 00:29:39.373] 
[2018-09-08 00:29:39.373] runtime error: Cannot execute null.archive().
[2018-09-08 00:29:39.373] 
[2018-09-08 00:29:39.374] runtime error: Cannot read null.gases
[2018-09-08 00:29:39.374] 
[2018-09-08 00:29:39.374] runtime error: Cannot execute null.archive().
[2018-09-08 00:29:39.374] 
[2018-09-08 00:29:39.374] runtime error: Cannot read null.gases
[2018-09-08 00:29:39.374] 
[2018-09-08 00:29:39.374] runtime error: Cannot execute null.archive().
[2018-09-08 00:29:39.374] 
[2018-09-08 00:29:39.374] runtime error: Cannot read null.gases
[2018-09-08 00:29:39.374] 
[2018-09-08 00:29:39.375] runtime error: Cannot execute null.archive().
[2018-09-08 00:29:39.375] 
[2018-09-08 00:29:39.375] runtime error: Cannot read null.gases
[2018-09-08 00:29:39.375] 
[2018-09-08 00:29:39.376] runtime error: Cannot execute null.archive().
[2018-09-08 00:29:39.376] 
[2018-09-08 00:29:39.376] runtime error: Cannot read null.gases
[2018-09-08 00:29:39.376] 
[2018-09-08 00:29:39.377] runtime error: Cannot execute null.archive().
[2018-09-08 00:29:39.377] 
[2018-09-08 00:29:39.377] runtime error: Cannot read null.gases
[2018-09-08 00:29:39.377] 
[2018-09-08 00:29:39.377] runtime error: Cannot execute null.archive().
[2018-09-08 00:29:39.377] 
[2018-09-08 00:29:39.377] runtime error: Cannot read null.gases
[2018-09-08 00:29:39.377] 
[2018-09-08 00:29:39.377] runtime error: Cannot execute null.archive().
[2018-09-08 00:29:39.377] 
[2018-09-08 00:29:39.377] runtime error: Cannot read null.gases
[2018-09-08 00:29:39.377] 
[2018-09-08 00:29:39.378] runtime error: Cannot execute null.archive().
[2018-09-08 00:29:39.378] 
[2018-09-08 00:29:39.378] runtime error: Cannot read null.gases
[2018-09-08 00:29:39.378] 
[2018-09-08 00:29:39.378] runtime error: Cannot execute null.archive().
[2018-09-08 00:29:39.378] 
[2018-09-08 00:29:39.379] runtime error: Cannot read null.gases
[2018-09-08 00:29:39.379] 
[2018-09-08 00:29:39.379] runtime error: Cannot execute null.archive().
[2018-09-08 00:29:39.379] 
[2018-09-08 00:29:39.379] runtime error: Cannot read null.gases
[2018-09-08 00:29:39.379] 
[2018-09-08 00:29:39.379] runtime error: Cannot execute null.archive().
[2018-09-08 00:29:39.379] 
[2018-09-08 00:29:39.380] runtime error: Cannot read null.gases
[2018-09-08 00:29:39.380] 
[2018-09-08 00:29:39.380] runtime error: Cannot execute null.archive().
[2018-09-08 00:29:39.380] 
[2018-09-08 00:29:39.380] runtime error: Cannot read null.gases
[2018-09-08 00:29:39.380] 
[2018-09-08 00:38:59.298] runtime error: Cannot read null.body_part
[2018-09-08 00:38:59.298] 
[2018-09-08 00:43:52.329] runtime error: bad arg name 'log_globally'
[2018-09-08 00:43:52.329] 
[2018-09-08 00:45:28.684] Saved 2 engraved messages on map MetaStation
[2018-09-08 00:45:40.373] runtime error: bad arg name 'log_globally'
[2018-09-08 00:45:40.373] 
[2018-09-08 00:45:51.029] runtime error: bad arg name 'log_globally'
[2018-09-08 00:45:51.029] 
[2018-09-08 00:46:04.181] runtime error: bad arg name 'log_globally'
[2018-09-08 00:46:04.181] 
[2018-09-08 00:46:04.334] runtime error: bad arg name 'log_globally'
[2018-09-08 00:46:04.334] 
[2018-09-08 00:46:04.534] runtime error: bad arg name 'log_globally'
[2018-09-08 00:46:04.534] 
[2018-09-08 00:46:05.801] runtime error: bad arg name 'log_globally'
[2018-09-08 00:46:05.801] 
[2018-09-08 00:46:05.953] runtime error: bad arg name 'log_globally'
[2018-09-08 00:46:05.953] 
[2018-09-08 00:46:06.154] runtime error: bad arg name 'log_globally'
[2018-09-08 00:46:06.154] 
[2018-09-08 00:46:10.492] runtime error: bad arg name 'log_globally'
[2018-09-08 00:46:10.492] 
[2018-09-08 00:46:10.645] runtime error: bad arg name 'log_globally'
[2018-09-08 00:46:10.645] 
[2018-09-08 00:46:10.846] runtime error: bad arg name 'log_globally'
[2018-09-08 00:46:10.846] 
[2018-09-08 00:46:27.784] runtime error: bad arg name 'log_globally'
[2018-09-08 00:46:27.784] 
[2018-09-08 00:46:27.850] runtime error: Cannot execute null.log message().
[2018-09-08 00:46:27.850] 
[2018-09-08 00:46:28.336] runtime error: addtimer called with a callback assigned to a qdeleted object. In the future such timers will not be supported and may refuse to run or run with a 0 wait
[2018-09-08 00:46:28.336] 
[2018-09-08 00:46:29.139] runtime error: addtimer called with a callback assigned to a qdeleted object. In the future such timers will not be supported and may refuse to run or run with a 0 wait
[2018-09-08 00:46:29.139] 
[2018-09-08 00:46:29.139] runtime error: addtimer called with a callback assigned to a qdeleted object. In the future such timers will not be supported and may refuse to run or run with a 0 wait
[2018-09-08 00:46:29.139] 
[2018-09-08 00:46:29.339] runtime error: addtimer called with a callback assigned to a qdeleted object. In the future such timers will not be supported and may refuse to run or run with a 0 wait
[2018-09-08 00:46:29.339] 
[2018-09-08 00:46:29.544] runtime error: Cannot execute null.log message().
[2018-09-08 00:46:29.544] 
[2018-09-08 00:46:31.247] runtime error: Cannot execute null.log message().
[2018-09-08 00:46:31.247] 
[2018-09-08 00:46:34.379] runtime error: Cannot execute null.log message().
[2018-09-08 00:46:34.379] 
[2018-09-08 00:46:36.324] runtime error: Cannot execute null.log message().
[2018-09-08 00:46:36.324] 
[2018-09-08 00:46:36.361] runtime error: Cannot read null.species
[2018-09-08 00:46:36.361] 
[2018-09-08 00:46:37.432] runtime error: Cannot execute null.log message().
[2018-09-08 00:46:37.432] 
[2018-09-08 00:46:48.127] runtime error: Cannot execute null.log message().
[2018-09-08 00:46:48.127] 
[2018-09-08 00:46:53.541] runtime error: Cannot execute null.log message().
[2018-09-08 00:46:53.541] 
[2018-09-08 00:46:53.788] runtime error: Cannot execute null.log message().
[2018-09-08 00:46:53.788] 
[2018-09-08 00:46:54.053] runtime error: Cannot execute null.log message().
[2018-09-08 00:46:54.053] 
[2018-09-08 00:46:54.692] runtime error: Cannot execute null.log message().
[2018-09-08 00:46:54.692] 
[2018-09-08 00:46:54.937] runtime error: Cannot execute null.log message().
[2018-09-08 00:46:54.938] 
[2018-09-08 00:46:55.238] runtime error: Cannot execute null.log message().
[2018-09-08 00:46:55.238] 
[2018-09-08 00:46:55.538] runtime error: Cannot execute null.log message().
[2018-09-08 00:46:55.538] 
[2018-09-08 00:46:55.743] runtime error: Cannot read null.body_part
[2018-09-08 00:46:55.743] 
[2018-09-08 00:46:55.745] runtime error: Cannot execute null.log message().
[2018-09-08 00:46:55.745] 
[2018-09-08 00:46:56.038] runtime error: Cannot execute null.log message().
[2018-09-08 00:46:56.038] 
[2018-09-08 00:46:56.238] runtime error: Cannot execute null.log message().
[2018-09-08 00:46:56.238] 
[2018-09-08 00:46:56.439] runtime error: Cannot execute null.log message().
[2018-09-08 00:46:56.439] 
[2018-09-08 00:46:57.037] runtime error: Cannot execute null.log message().
[2018-09-08 00:46:57.038] 
[2018-09-08 00:46:57.393] runtime error: Cannot execute null.log message().
[2018-09-08 00:46:57.393] 
[2018-09-08 00:46:57.638] runtime error: Cannot execute null.log message().
[2018-09-08 00:46:57.638] 
[2018-09-08 00:46:57.788] runtime error: Cannot execute null.log message().
[2018-09-08 00:46:57.788] 
[2018-09-08 00:46:57.988] runtime error: Cannot execute null.log message().
[2018-09-08 00:46:57.988] 
[2018-09-08 00:46:58.238] runtime error: Cannot execute null.log message().
[2018-09-08 00:46:58.238] 
[2018-09-08 00:47:04.758] Shutting down Persistence subsystem...
[2018-09-08 00:47:04.758] Shutting down Pathfinder subsystem...
[2018-09-08 00:47:04.759] Shutting down Squeak subsystem...
[2018-09-08 00:47:04.759] Shutting down Shuttle subsystem...
[2018-09-08 00:47:04.759] Shutting down Lighting subsystem...
[2018-09-08 00:47:04.759] Shutting down XKeyScore subsystem...
[2018-09-08 00:47:04.759] Shutting down Sticky Ban subsystem...
[2018-09-08 00:47:04.759] Shutting down Overlay subsystem...
[2018-09-08 00:47:04.806] Shutting down Icon Smoothing subsystem...
[2018-09-08 00:47:04.807] Shutting down Assets subsystem...
[2018-09-08 00:47:04.807] Shutting down Minimap subsystem...
[2018-09-08 00:47:04.807] Shutting down Atmospherics subsystem...
[2018-09-08 00:47:04.807] Shutting down Wet floors subsystem...
[2018-09-08 00:47:04.807] Shutting down Weather subsystem...
[2018-09-08 00:47:04.807] Shutting down Vote subsystem...
[2018-09-08 00:47:04.807] Shutting down Traumas subsystem...
[2018-09-08 00:47:04.807] Shutting down Title Screen subsystem...
[2018-09-08 00:47:04.808] Shutting down Time Tracking subsystem...
[2018-09-08 00:47:04.808] Shutting down Throwing subsystem...
[2018-09-08 00:47:04.808] Shutting down tgui subsystem...
[2018-09-08 00:47:04.808] Shutting down Sun subsystem...
[2018-09-08 00:47:04.809] Shutting down Space Drift subsystem...
[2018-09-08 00:47:04.809] Shutting down Religion subsystem...
[2018-09-08 00:47:04.809] Shutting down Radio subsystem...
[2018-09-08 00:47:04.809] Shutting down Radiation subsystem...
[2018-09-08 00:47:04.809] Shutting down Projectiles subsystem...
[2018-09-08 00:47:04.809] Shutting down Processing subsystem...
[2018-09-08 00:47:04.809] Shutting down Ping subsystem...
[2018-09-08 00:47:04.809] Shutting down Parallax subsystem...
[2018-09-08 00:47:04.809] Shutting down pAI subsystem...
[2018-09-08 00:47:04.809] Shutting down Orbits subsystem...
[2018-09-08 00:47:04.809] Shutting down Objects subsystem...
[2018-09-08 00:47:04.810] Shutting down NPC Pool subsystem...
[2018-09-08 00:47:04.810] Shutting down Night Shift subsystem...
[2018-09-08 00:47:04.810] Shutting down Nanites subsystem...
[2018-09-08 00:47:04.810] Shutting down Mood subsystem...
[2018-09-08 00:47:04.810] Shutting down Mobs subsystem...
[2018-09-08 00:47:04.810] Shutting down Medals subsystem...
[2018-09-08 00:47:04.810] Shutting down Idling NPC Pool subsystem...
[2018-09-08 00:47:04.810] Shutting down Fire Burning subsystem...
[2018-09-08 00:47:04.810] Shutting down Fields subsystem...
[2018-09-08 00:47:04.810] Shutting down Fast Processing subsystem...
[2018-09-08 00:47:04.811] Shutting down Disease subsystem...
[2018-09-08 00:47:04.811] Shutting down Datum Component System subsystem...
[2018-09-08 00:47:04.811] Shutting down Communications subsystem...
[2018-09-08 00:47:04.811] Shutting down Augury subsystem...
[2018-09-08 00:47:04.811] Shutting down Acid subsystem...
[2018-09-08 00:47:04.811] Shutting down Timer subsystem...
[2018-09-08 00:47:04.811] Shutting down Circuit subsystem...
[2018-09-08 00:47:04.811] Shutting down Machines subsystem...
[2018-09-08 00:47:04.811] Shutting down Language subsystem...
[2018-09-08 00:47:04.811] Shutting down Atoms subsystem...
[2018-09-08 00:47:04.812] Shutting down Networks subsystem...
[2018-09-08 00:47:04.812] Shutting down Mapping subsystem...
[2018-09-08 00:47:04.812] Shutting down Ticker subsystem...
[2018-09-08 00:47:05.082] Shutting down Quirks subsystem...
[2018-09-08 00:47:05.083] Shutting down Jobs subsystem...
[2018-09-08 00:47:05.083] Shutting down Events subsystem...
[2018-09-08 00:47:05.083] Shutting down Research subsystem...
[2018-09-08 00:47:05.083] Shutting down Input subsystem...
[2018-09-08 00:47:05.083] Shutting down Server Tasks subsystem...
[2018-09-08 00:47:05.084] Shutting down Blackbox subsystem...
[2018-09-08 00:47:05.423] Shutting down Database subsystem...
[2018-09-08 00:47:05.461] Shutting down Garbage subsystem...
[2018-09-08 00:47:05.585] Shutdown complete
[2018-09-08 00:47:05.585] World rebooted at 00:47:05
