

Starting up round ID 115. 17:45:20
---------------------
Initialized Database subsystem within 0 seconds!
Initialized Blackbox subsystem within 0 seconds!
Initialized Server Tasks subsystem within 0 seconds!
Initialized Input subsystem within 0 seconds!
Initialized Research subsystem within 0.1 seconds!
Initialized Events subsystem within 0 seconds!
Initialized Jobs subsystem within 0 seconds!
Initialized Traits subsystem within 0 seconds!
Initialized Ticker subsystem within 0 seconds!
Loading Box Station...
Loaded Station in 5s!
Loaded Lavaland in 4.3s!
Loaded Reebe in 3.8s!
Ruin loader finished with 0 left to spend.
Ruin loader finished with 0 left to spend.
Initialized Mapping subsystem within 18.9 seconds!
Initialized Networks subsystem within 0 seconds!
Initialized Atoms subsystem within 37.7 seconds!
Initialized Language subsystem within 0 seconds!
Initialized Machines subsystem within 0.2 seconds!
Initialized Circuit subsystem within 0.1 seconds!
Initialized Disease subsystem within 0 seconds!
Initialized Medals subsystem within 0 seconds!
Initialized Night Shift subsystem within 0 seconds!
Initialized Parallax subsystem within 0 seconds!
Initialized Traumas subsystem within 0.1 seconds!
Initialized Weather subsystem within 0 seconds!
## WARNING: There are 7 active turfs at roundstart, this is a mapping error caused by a difference of the air between the adjacent turfs. You can see its coordinates using "Mapping -> Show roundstart AT list" verb (debug verbs required)
## WARNING: HEY! LISTEN! 0 seconds were wasted processing 7 turf(s) (connected to 135 other turfs) with atmos differences at round start.
Initialized Atmospherics subsystem within 11.9 seconds!
Initialized Minimap subsystem within 0 seconds!
Initialized Assets subsystem within 0.9 seconds!
Initialized Icon Smoothing subsystem within 5.6 seconds!
Initialized Overlay subsystem within 17.9 seconds!
Initialized XKeyScore subsystem within 0 seconds!
Initialized Sticky Ban subsystem within 0 seconds!
Initialized Lighting subsystem within 11.5 seconds!
Initialized Shuttle subsystem within 22 seconds!
Initialized Squeak subsystem within 0.1 seconds!
Initialized pathfinder subsystem within 0 seconds!
Loaded 0 engraved messages on map Box Station
Initialized Persistence subsystem within 0 seconds!
Initializations complete within 127 seconds!
Game start took 0.5s
runtime error: 
[18:06:03]/datum/action/innate/ai/ranged/overload_machine destroy proc was called multiple times, likely due to a qdel loop in the Destroy logic
[18:06:03]proc name: qdel (/proc/qdel)
[18:06:03]  source file: garbage.dm,329
[18:06:03]  usr: S.K.I.P. (/mob/living/silicon/ai)
[18:06:03]  src: null
[18:06:03]  usr.loc: the floor (150,32,2) (/turf/open/floor/circuit)
[18:06:03]  call stack:
[18:06:03]qdel(Overload Machine (/datum/action/innate/ai/ranged/overload_machine), 0)
[18:06:03]the overload machine (/obj/effect/proc_holder/ranged_ai/overload_machine): Destroy(0)
[18:06:03]qdel(the overload machine (/obj/effect/proc_holder/ranged_ai/overload_machine), 0)
[18:06:03]Overload Machine (/datum/action/innate/ai/ranged/overload_machine): Destroy(0)
[18:06:03]qdel(Overload Machine (/datum/action/innate/ai/ranged/overload_machine), 0)
[18:06:03]/datum/callback (/datum/callback): Invoke()
[18:06:03]world: PushUsr(S.K.I.P. (/mob/living/silicon/ai), /datum/callback (/datum/callback))
[18:06:03]/datum/callback (/datum/callback): InvokeAsync()
[18:06:03]Timer (/datum/controller/subsystem/timer): fire(0)
[18:06:03]Timer (/datum/controller/subsystem/timer): ignite(0)
[18:06:03]Master (/datum/controller/master): RunQueue()
[18:06:03]Master (/datum/controller/master): Loop()
[18:06:03]Master (/datum/controller/master): StartProcessing(0)
runtime error: 
[18:08:43]/datum/action/innate/ai/ranged/overload_machine destroy proc was called multiple times, likely due to a qdel loop in the Destroy logic
[18:08:43]proc name: qdel (/proc/qdel)
[18:08:43]  source file: garbage.dm,329
[18:08:43]  usr: S.K.I.P. (/mob/living/silicon/ai)
[18:08:43]  src: null
[18:08:43]  usr.loc: the floor (150,32,2) (/turf/open/floor/circuit)
[18:08:43]  call stack:
[18:08:43]qdel(Overload Machine (/datum/action/innate/ai/ranged/overload_machine), 0)
[18:08:43]the overload machine (/obj/effect/proc_holder/ranged_ai/overload_machine): Destroy(0)
[18:08:43]qdel(the overload machine (/obj/effect/proc_holder/ranged_ai/overload_machine), 0)
[18:08:43]Overload Machine (/datum/action/innate/ai/ranged/overload_machine): Destroy(0)
[18:08:43]qdel(Overload Machine (/datum/action/innate/ai/ranged/overload_machine), 0)
[18:08:43]/datum/callback (/datum/callback): Invoke()
[18:08:43]world: PushUsr(S.K.I.P. (/mob/living/silicon/ai), /datum/callback (/datum/callback))
[18:08:43]/datum/callback (/datum/callback): InvokeAsync()
[18:08:43]Timer (/datum/controller/subsystem/timer): fire(0)
[18:08:43]Timer (/datum/controller/subsystem/timer): ignite(0)
[18:08:43]Master (/datum/controller/master): RunQueue()
[18:08:43]Master (/datum/controller/master): Loop()
[18:08:43]Master (/datum/controller/master): StartProcessing(0)
Saved 0 engraved messages on map Box Station
Shutting down Persistence subsystem...
Shutting down pathfinder subsystem...
Shutting down Squeak subsystem...
Shutting down Shuttle subsystem...
Shutting down Lighting subsystem...
Shutting down XKeyScore subsystem...
Shutting down Sticky Ban subsystem...
Shutting down Overlay subsystem...
Shutting down Icon Smoothing subsystem...
Shutting down Assets subsystem...
Shutting down Minimap subsystem...
Shutting down Atmospherics subsystem...
Shutting down Wet floors subsystem...
Shutting down Weather subsystem...
Shutting down Vote subsystem...
Shutting down Traumas subsystem...
Shutting down Title Screen subsystem...
Shutting down Time Tracking subsystem...
Shutting down Throwing subsystem...
Shutting down tgui subsystem...
Shutting down Sun subsystem...
Shutting down Space Drift subsystem...
Shutting down Religion subsystem...
Shutting down Radio subsystem...
Shutting down Radiation subsystem...
Shutting down Projectiles subsystem...
Shutting down Processing subsystem...
Shutting down Parallax subsystem...
Shutting down pAI subsystem...
Shutting down Orbits subsystem...
Shutting down Objects subsystem...
Shutting down NPC Pool subsystem...
Shutting down Night Shift subsystem...
Shutting down Mood subsystem...
Shutting down Mobs subsystem...
Shutting down Medals subsystem...
Shutting down Inbounds subsystem...
Shutting down Idling NPC Pool subsystem...
Shutting down Flightpack Movement subsystem...
Shutting down Fire Burning subsystem...
Shutting down Fields subsystem...
Shutting down Fast Processing subsystem...
Shutting down Disease subsystem...
Shutting down Communications subsystem...
Shutting down Augury subsystem...
Shutting down Acid subsystem...
Shutting down Timer subsystem...
Shutting down Circuit subsystem...
Shutting down Machines subsystem...
Shutting down Language subsystem...
Shutting down Atoms subsystem...
Shutting down Networks subsystem...
Shutting down Mapping subsystem...
Shutting down Ticker subsystem...
Shutting down Traits subsystem...
Shutting down Jobs subsystem...
Shutting down Events subsystem...
Shutting down Research subsystem...
Shutting down Input subsystem...
Shutting down Server Tasks subsystem...
Shutting down Blackbox subsystem...
Shutting down Database subsystem...
Shutting down Garbage subsystem...
Shutdown complete
World rebooted at 18:15:58
