[2018-09-08 01:35:27.677] Starting up round ID 2205.
[2018-09-08 01:35:27.677] -------------------------
[2018-09-08 01:35:28.816] Initialized Database subsystem within 0 seconds!
[2018-09-08 01:35:28.817] Initialized Blackbox subsystem within 0 seconds!
[2018-09-08 01:35:28.817] Initialized Server Tasks subsystem within 0 seconds!
[2018-09-08 01:35:28.817] Initialized Input subsystem within 0 seconds!
[2018-09-08 01:35:28.856] Initialized Research subsystem within 0 seconds!
[2018-09-08 01:35:28.861] Initialized Events subsystem within 0 seconds!
[2018-09-08 01:35:28.865] Initialized Jobs subsystem within 0 seconds!
[2018-09-08 01:35:28.867] Initialized Quirks subsystem within 0 seconds!
[2018-09-08 01:35:28.872] Initialized Ticker subsystem within 0 seconds!
[2018-09-08 01:35:28.873] Loading MetaStation...
[2018-09-08 01:35:34.487] Loaded Station in 5.6s!
[2018-09-08 01:35:36.980] Loaded Lavaland in 2.1s!
[2018-09-08 01:35:39.317] Ruin loader finished with 0 left to spend.
[2018-09-08 01:35:40.557] Ruin loader finished with 0 left to spend.
[2018-09-08 01:35:42.141] Initialized Mapping subsystem within 13.3 seconds!
[2018-09-08 01:35:42.144] Initialized Networks subsystem within 0 seconds!
[2018-09-08 01:36:35.966] Initialized Atoms subsystem within 53.8 seconds!
[2018-09-08 01:36:35.985] Initialized Language subsystem within 0 seconds!
[2018-09-08 01:36:36.927] Initialized Machines subsystem within 1 second!
[2018-09-08 01:36:36.981] Initialized Circuit subsystem within 0 seconds!
[2018-09-08 01:36:36.983] Initialized Disease subsystem within 0 seconds!
[2018-09-08 01:36:36.983] Initialized Medals subsystem within 0 seconds!
[2018-09-08 01:36:36.984] Initialized Night Shift subsystem within 0 seconds!
[2018-09-08 01:36:36.984] Initialized Parallax subsystem within 0 seconds!
[2018-09-08 01:36:37.131] Initialized Traumas subsystem within 0.2 seconds!
[2018-09-08 01:36:37.133] Initialized Weather subsystem within 0 seconds!
[2018-09-08 01:36:43.435] ## WARNING: There are 1 active turfs at roundstart, this is a mapping error caused by a difference of the air between the adjacent turfs. You can see its coordinates using "Mapping -> Show roundstart AT list" verb (debug verbs required)
[2018-09-08 01:36:43.441] ## WARNING: HEY! LISTEN! 0 seconds were wasted processing 1 turf(s) (connected to 2 other turfs) with atmos differences at round start.
[2018-09-08 01:36:44.048] Initialized Atmospherics subsystem within 6.9 seconds!
[2018-09-08 01:36:44.071] Initialized Minimap subsystem within 0 seconds!
[2018-09-08 01:36:46.948] Initialized Assets subsystem within 2.9 seconds!
[2018-09-08 01:36:53.579] Initialized Icon Smoothing subsystem within 6.6 seconds!
[2018-09-08 01:36:55.266] Initialized Overlay subsystem within 1.7 seconds!
[2018-09-08 01:36:55.266] Initialized XKeyScore subsystem within 0 seconds!
[2018-09-08 01:36:55.270] Initialized Sticky Ban subsystem within 0 seconds!
[2018-09-08 01:37:10.165] Initialized Lighting subsystem within 14.9 seconds!
[2018-09-08 01:37:15.178] Initialized Shuttle subsystem within 5 seconds!
[2018-09-08 01:37:15.214] Initialized Squeak subsystem within 0.1 seconds!
[2018-09-08 01:37:15.215] Initialized Pathfinder subsystem within 0 seconds!
[2018-09-08 01:37:15.267] Loaded 2 engraved messages on map MetaStation
[2018-09-08 01:37:15.300] Initialized Persistence subsystem within 0.1 seconds!
[2018-09-08 01:37:15.300] Initializations complete within 106.5 seconds!
[2018-09-08 01:38:40.964] Game start took 1.9s
[2018-09-08 01:39:22.714] runtime error: undefined proc or verb /client/log talk().
[2018-09-08 01:39:22.714] 
[2018-09-08 01:39:22.714] proc name: log directed talk (/proc/log_directed_talk)
[2018-09-08 01:39:22.714]   source file: atoms.dm,637
[2018-09-08 01:39:22.714]   usr: Helps-The-Station (/mob/dead/observer)
[2018-09-08 01:39:22.714]   src: null
[2018-09-08 01:39:22.714]   usr.loc: the floor (107,144,2) (/turf/open/floor/plasteel)
[2018-09-08 01:39:22.714]   call stack:
[2018-09-08 01:39:22.714] log directed talk(GreenTea98 (/client), Mr Fluffles (/mob/living/carbon/human), "Good Moff", 1024, "reply")
[2018-09-08 01:39:22.714] GreenTea98 (/client): admin headset message(Mr Fluffles (/mob/living/carbon/human), "Syndicate")
[2018-09-08 01:39:22.714] GreenTea98 (/client): Headset Message(Mr Fluffles (/mob/living/carbon/human))
[2018-09-08 01:39:22.714] 
[2018-09-08 02:10:32.914] runtime error: Invalid individual logging type: 1536. Defaulting to 4096 (LOG_GAME).
[2018-09-08 02:10:32.915] proc name: stack trace (/datum/proc/stack_trace)
[2018-09-08 02:10:32.915]   source file: unsorted.dm,1164
[2018-09-08 02:10:32.915]   usr: (src)
[2018-09-08 02:10:32.915]   src: Mr Fluffles (/mob/living/carbon/human)
[2018-09-08 02:10:32.915]   src.loc: the shuttle floor (157,51,12) (/turf/open/floor/mineral/titanium/blue)
[2018-09-08 02:10:32.915]   call stack:
[2018-09-08 02:10:32.915] Mr Fluffles (/mob/living/carbon/human): stack trace("Invalid individual logging typ...")
[2018-09-08 02:10:32.915] Mr Fluffles (/mob/living/carbon/human): log message("(LOCAL): this shift was terrib...", 1536, null, 1)
[2018-09-08 02:10:32.915] Mr Fluffles (/mob/living/carbon/human): log message("(LOCAL): this shift was terrib...", 1536, null, 1)
[2018-09-08 02:10:32.915] Juicy_Chicken (/client): LOOC("this shift was terrible")
[2018-09-08 02:10:32.915] 
[2018-09-08 02:10:40.817] runtime error: Invalid individual logging type: 1536. Defaulting to 4096 (LOG_GAME).
[2018-09-08 02:10:40.817] proc name: stack trace (/datum/proc/stack_trace)
[2018-09-08 02:10:40.817]   source file: unsorted.dm,1164
[2018-09-08 02:10:40.817]   usr: (src)
[2018-09-08 02:10:40.817]   src: Sunshine Greenwood (as Avery S... (/mob/living/carbon/human)
[2018-09-08 02:10:40.817]   src.loc: the shuttle floor (157,50,12) (/turf/open/floor/mineral/titanium/blue)
[2018-09-08 02:10:40.817]   call stack:
[2018-09-08 02:10:40.817] Sunshine Greenwood (as Avery S... (/mob/living/carbon/human): stack trace("Invalid individual logging typ...")
[2018-09-08 02:10:40.817] Sunshine Greenwood (as Avery S... (/mob/living/carbon/human): log message("(LOCAL): for sure", 1536, null, 1)
[2018-09-08 02:10:40.817] Sunshine Greenwood (as Avery S... (/mob/living/carbon/human): log message("(LOCAL): for sure", 1536, null, 1)
[2018-09-08 02:10:40.817] Angryman666 (/client): LOOC("for sure")
[2018-09-08 02:10:40.817] 
[2018-09-08 02:11:29.623] runtime error: Invalid individual logging type: 1536. Defaulting to 4096 (LOG_GAME).
[2018-09-08 02:11:29.623] proc name: stack trace (/datum/proc/stack_trace)
[2018-09-08 02:11:29.623]   source file: unsorted.dm,1164
[2018-09-08 02:11:29.623]   usr: (src)
[2018-09-08 02:11:29.623]   src: Mr Fluffles (/mob/living/carbon/human)
[2018-09-08 02:11:29.623]   src.loc: the shuttle floor (157,51,12) (/turf/open/floor/mineral/titanium/blue)
[2018-09-08 02:11:29.623]   call stack:
[2018-09-08 02:11:29.623] Mr Fluffles (/mob/living/carbon/human): stack trace("Invalid individual logging typ...")
[2018-09-08 02:11:29.623] Mr Fluffles (/mob/living/carbon/human): log message("(LOCAL): im counting it as a w...", 1536, null, 1)
[2018-09-08 02:11:29.623] Mr Fluffles (/mob/living/carbon/human): log message("(LOCAL): im counting it as a w...", 1536, null, 1)
[2018-09-08 02:11:29.623] Juicy_Chicken (/client): LOOC("im counting it as a win cause ...")
[2018-09-08 02:11:29.623] 
[2018-09-08 02:11:39.113] runtime error: Invalid individual logging type: 1536. Defaulting to 4096 (LOG_GAME).
[2018-09-08 02:11:39.113] proc name: stack trace (/datum/proc/stack_trace)
[2018-09-08 02:11:39.113]   source file: unsorted.dm,1164
[2018-09-08 02:11:39.113]   usr: (src)
[2018-09-08 02:11:39.113]   src: Sunshine Greenwood (as Avery S... (/mob/living/carbon/human)
[2018-09-08 02:11:39.113]   src.loc: the shuttle floor (157,50,12) (/turf/open/floor/mineral/titanium/blue)
[2018-09-08 02:11:39.113]   call stack:
[2018-09-08 02:11:39.113] Sunshine Greenwood (as Avery S... (/mob/living/carbon/human): stack trace("Invalid individual logging typ...")
[2018-09-08 02:11:39.113] Sunshine Greenwood (as Avery S... (/mob/living/carbon/human): log message("(LOCAL): ayy lmao", 1536, null, 1)
[2018-09-08 02:11:39.114] Sunshine Greenwood (as Avery S... (/mob/living/carbon/human): log message("(LOCAL): ayy lmao", 1536, null, 1)
[2018-09-08 02:11:39.114] Angryman666 (/client): LOOC("ayy lmao")
[2018-09-08 02:11:39.114] 
[2018-09-08 02:11:56.110] runtime error: Invalid individual logging type: 1536. Defaulting to 4096 (LOG_GAME).
[2018-09-08 02:11:56.110] proc name: stack trace (/datum/proc/stack_trace)
[2018-09-08 02:11:56.110]   source file: unsorted.dm,1164
[2018-09-08 02:11:56.110]   usr: (src)
[2018-09-08 02:11:56.110]   src: Mr Fluffles (/mob/living/carbon/human)
[2018-09-08 02:11:56.110]   src.loc: the shuttle floor (157,51,12) (/turf/open/floor/mineral/titanium/blue)
[2018-09-08 02:11:56.110]   call stack:
[2018-09-08 02:11:56.110] Mr Fluffles (/mob/living/carbon/human): stack trace("Invalid individual logging typ...")
[2018-09-08 02:11:56.110] Mr Fluffles (/mob/living/carbon/human): log message("(LOCAL): weird conflict object...", 1536, null, 1)
[2018-09-08 02:11:56.110] Mr Fluffles (/mob/living/carbon/human): log message("(LOCAL): weird conflict object...", 1536, null, 1)
[2018-09-08 02:11:56.110] Juicy_Chicken (/client): LOOC("weird conflict objectives shou...")
[2018-09-08 02:11:56.110] 
[2018-09-08 02:12:34.062] Saved 2 engraved messages on map MetaStation
[2018-09-08 02:14:09.049] Shutting down Persistence subsystem...
[2018-09-08 02:14:09.050] Shutting down Pathfinder subsystem...
[2018-09-08 02:14:09.050] Shutting down Squeak subsystem...
[2018-09-08 02:14:09.050] Shutting down Shuttle subsystem...
[2018-09-08 02:14:09.050] Shutting down Lighting subsystem...
[2018-09-08 02:14:09.051] Shutting down XKeyScore subsystem...
[2018-09-08 02:14:09.051] Shutting down Sticky Ban subsystem...
[2018-09-08 02:14:09.051] Shutting down Overlay subsystem...
[2018-09-08 02:14:09.102] Shutting down Icon Smoothing subsystem...
[2018-09-08 02:14:09.102] Shutting down Assets subsystem...
[2018-09-08 02:14:09.102] Shutting down Minimap subsystem...
[2018-09-08 02:14:09.102] Shutting down Atmospherics subsystem...
[2018-09-08 02:14:09.102] Shutting down Wet floors subsystem...
[2018-09-08 02:14:09.102] Shutting down Weather subsystem...
[2018-09-08 02:14:09.102] Shutting down Vote subsystem...
[2018-09-08 02:14:09.102] Shutting down Traumas subsystem...
[2018-09-08 02:14:09.102] Shutting down Title Screen subsystem...
[2018-09-08 02:14:09.103] Shutting down Time Tracking subsystem...
[2018-09-08 02:14:09.103] Shutting down Throwing subsystem...
[2018-09-08 02:14:09.103] Shutting down tgui subsystem...
[2018-09-08 02:14:09.103] Shutting down Sun subsystem...
[2018-09-08 02:14:09.103] Shutting down Space Drift subsystem...
[2018-09-08 02:14:09.103] Shutting down Religion subsystem...
[2018-09-08 02:14:09.103] Shutting down Radio subsystem...
[2018-09-08 02:14:09.103] Shutting down Radiation subsystem...
[2018-09-08 02:14:09.103] Shutting down Projectiles subsystem...
[2018-09-08 02:14:09.103] Shutting down Processing subsystem...
[2018-09-08 02:14:09.103] Shutting down Ping subsystem...
[2018-09-08 02:14:09.103] Shutting down Parallax subsystem...
[2018-09-08 02:14:09.103] Shutting down pAI subsystem...
[2018-09-08 02:14:09.103] Shutting down Orbits subsystem...
[2018-09-08 02:14:09.103] Shutting down Objects subsystem...
[2018-09-08 02:14:09.104] Shutting down NPC Pool subsystem...
[2018-09-08 02:14:09.104] Shutting down Night Shift subsystem...
[2018-09-08 02:14:09.104] Shutting down Nanites subsystem...
[2018-09-08 02:14:09.104] Shutting down Mood subsystem...
[2018-09-08 02:14:09.104] Shutting down Mobs subsystem...
[2018-09-08 02:14:09.104] Shutting down Medals subsystem...
[2018-09-08 02:14:09.104] Shutting down Idling NPC Pool subsystem...
[2018-09-08 02:14:09.104] Shutting down Fire Burning subsystem...
[2018-09-08 02:14:09.104] Shutting down Fields subsystem...
[2018-09-08 02:14:09.104] Shutting down Fast Processing subsystem...
[2018-09-08 02:14:09.104] Shutting down Disease subsystem...
[2018-09-08 02:14:09.104] Shutting down Datum Component System subsystem...
[2018-09-08 02:14:09.104] Shutting down Communications subsystem...
[2018-09-08 02:14:09.104] Shutting down Augury subsystem...
[2018-09-08 02:14:09.104] Shutting down Acid subsystem...
[2018-09-08 02:14:09.104] Shutting down Timer subsystem...
[2018-09-08 02:14:09.104] Shutting down Circuit subsystem...
[2018-09-08 02:14:09.104] Shutting down Machines subsystem...
[2018-09-08 02:14:09.104] Shutting down Language subsystem...
[2018-09-08 02:14:09.104] Shutting down Atoms subsystem...
[2018-09-08 02:14:09.105] Shutting down Networks subsystem...
[2018-09-08 02:14:09.105] Shutting down Mapping subsystem...
[2018-09-08 02:14:09.105] Shutting down Ticker subsystem...
[2018-09-08 02:14:09.371] Shutting down Quirks subsystem...
[2018-09-08 02:14:09.371] Shutting down Jobs subsystem...
[2018-09-08 02:14:09.371] Shutting down Events subsystem...
[2018-09-08 02:14:09.371] Shutting down Research subsystem...
[2018-09-08 02:14:09.371] Shutting down Input subsystem...
[2018-09-08 02:14:09.371] Shutting down Server Tasks subsystem...
[2018-09-08 02:14:09.371] Shutting down Blackbox subsystem...
[2018-09-08 02:14:09.641] Shutting down Database subsystem...
[2018-09-08 02:14:09.679] Shutting down Garbage subsystem...
[2018-09-08 02:14:09.732] Shutdown complete
[2018-09-08 02:14:09.732] World rebooted at 02:14:09
