

Starting up round ID 748. 19:12:06
---------------------
Initialized Database subsystem within 0 seconds!
Initialized Blackbox subsystem within 0 seconds!
Initialized Server Tasks subsystem within 0 seconds!
Initialized Input subsystem within 0 seconds!
Initialized Research subsystem within 0 seconds!
Initialized Events subsystem within 0 seconds!
Initialized Jobs subsystem within 0 seconds!
Initialized Traits subsystem within 0 seconds!
Initialized Ticker subsystem within 0 seconds!
Loading Box Station...
Loaded Station in 6.5s!
Loaded Lavaland in 5.3s!
Loaded Reebe in 5.5s!
Ruin loader finished with 0 left to spend.
Ruin loader finished with 0 left to spend.
Initialized Mapping subsystem within 24.5 seconds!
Initialized Networks subsystem within 0 seconds!
runtime error: 
[19:12:42]Bad areastring path for Vacant Office APC, area/security/vacantoffice
[19:12:42]proc name: stack trace (/datum/proc/stack_trace)
[19:12:42]  source file: unsorted.dm,1257
[19:12:42]  usr: null
[19:12:42]  src: Vacant Office APC (/obj/machinery/power/apc)
[19:12:42]  src.loc: the floor (88,129,2) (/turf/open/floor/plasteel/grimy)
[19:12:42]  call stack:
[19:12:42]Vacant Office APC (/obj/machinery/power/apc): stack trace("Bad areastring path for Vacant...")
[19:12:42]Vacant Office APC (/obj/machinery/power/apc): Initialize(1)
[19:12:42]Atoms (/datum/controller/subsystem/atoms): InitAtom(Vacant Office APC (/obj/machinery/power/apc), /list (/list))
[19:12:42]Atoms (/datum/controller/subsystem/atoms): InitializeAtoms(null)
[19:12:42]Atoms (/datum/controller/subsystem/atoms): Initialize(691545)
[19:12:42]Master (/datum/controller/master): Initialize(10, 0)
Initialized Atoms subsystem within 47 seconds!
Initialized Language subsystem within 0 seconds!
Initialized Machines subsystem within 0.3 seconds!
Initialized Circuit subsystem within 0.1 seconds!
Initialized Disease subsystem within 0 seconds!
Initialized Medals subsystem within 0 seconds!
Initialized Night Shift subsystem within 0 seconds!
Initialized Parallax subsystem within 0 seconds!
Initialized Traumas subsystem within 0.1 seconds!
Initialized Weather subsystem within 0 seconds!
## WARNING: There are 1 active turfs at roundstart, this is a mapping error caused by a difference of the air between the adjacent turfs. You can see its coordinates using "Mapping -> Show roundstart AT list" verb (debug verbs required)
## WARNING: HEY! LISTEN! 0 seconds were wasted processing 1 turf(s) (connected to 7 other turfs) with atmos differences at round start.
## WARNING: build_pipeline(): /obj/machinery/atmospherics/pipe/simple/supply/hidden added to a pipenet while still having one. (pipes leading to the same spot stacking in one turf) Nearby: (108, 118, 2)
## WARNING: build_pipeline(): /obj/machinery/atmospherics/pipe/manifold/supply/hidden added to a pipenet while still having one. (pipes leading to the same spot stacking in one turf) Nearby: (106, 118, 2)
## WARNING: build_pipeline(): /obj/machinery/atmospherics/pipe/simple/supply/hidden added to a pipenet while still having one. (pipes leading to the same spot stacking in one turf) Nearby: (109, 118, 2)
## WARNING: build_pipeline(): /obj/machinery/atmospherics/pipe/simple/supply/hidden added to a pipenet while still having one. (pipes leading to the same spot stacking in one turf) Nearby: (107, 118, 2)
## WARNING: build_pipeline(): /obj/machinery/atmospherics/pipe/simple/supply/hidden added to a pipenet while still having one. (pipes leading to the same spot stacking in one turf) Nearby: (106, 119, 2)
## WARNING: build_pipeline(): /obj/machinery/atmospherics/pipe/simple/supply/hidden added to a pipenet while still having one. (pipes leading to the same spot stacking in one turf) Nearby: (106, 117, 2)
## WARNING: build_pipeline(): /obj/machinery/atmospherics/pipe/simple/supply/hidden added to a pipenet while still having one. (pipes leading to the same spot stacking in one turf) Nearby: (106, 120, 2)
## WARNING: build_pipeline(): /obj/machinery/atmospherics/pipe/simple/supply/hidden added to a pipenet while still having one. (pipes leading to the same spot stacking in one turf) Nearby: (106, 116, 2)
## WARNING: build_pipeline(): /obj/machinery/atmospherics/pipe/simple/supply/hidden added to a pipenet while still having one. (pipes leading to the same spot stacking in one turf) Nearby: (106, 121, 2)
## WARNING: build_pipeline(): /obj/machinery/atmospherics/pipe/simple/supply/hidden added to a pipenet while still having one. (pipes leading to the same spot stacking in one turf) Nearby: (106, 115, 2)
## WARNING: build_pipeline(): further messages about pipenets will be supressed
Initialized Atmospherics subsystem within 15.3 seconds!
Initialized Minimap subsystem within 0.3 seconds!
Initialized Assets subsystem within 0.8 seconds!
Initialized Icon Smoothing subsystem within 6.2 seconds!
Initialized Overlay subsystem within 21.4 seconds!
Initialized XKeyScore subsystem within 0 seconds!
Initialized Sticky Ban subsystem within 0 seconds!
Initialized Lighting subsystem within 14.3 seconds!
Initialized Shuttle subsystem within 24.8 seconds!
Initialized Squeak subsystem within 0.1 seconds!
Initialized pathfinder subsystem within 0 seconds!
Loaded 108 engraved messages on map Box Station
Initialized Persistence subsystem within 0.1 seconds!
Initializations complete within 155.4 seconds!
Game start took 10s
runtime error: 
[19:20:48]nothing to animate
[19:20:48]proc name: shake camera (/proc/shake_camera)
[19:20:48]  source file: mob_helpers.dm,270
[19:20:48]  usr: (src)
[19:20:48]  src: null
[19:20:48]  call stack:
[19:20:48]shake camera(Blazikenowen (/mob/living/carbon/human), 0.75, 1)
[19:20:48]Blazikenowen (/mob/living/carbon/human): afterShuttleMove(space (27,19,13) (/turf/open/space/transit/west), /list (/list), 8, 8, 8, 0)
[19:20:48]Blazikenowen (/mob/living/carbon/human): afterShuttleMove(space (27,19,13) (/turf/open/space/transit/west), /list (/list), 8, 8, 8, 0)
[19:20:48]the arrivals shuttle (/obj/docking_port/mobile/arrivals): cleanup runway(the arrivals (/obj/docking_port/stationary), /list (/list), /list (/list), /list (/list), /list (/list), 0, 8, Space (/area/space), /turf/open/space/transit/west (/turf/open/space/transit/west), /turf/open/space (/turf/open/space))
[19:20:48]the arrivals shuttle (/obj/docking_port/mobile/arrivals): initiate docking(the arrivals (/obj/docking_port/stationary), 8, 0)
[19:20:48]the arrivals shuttle (/obj/docking_port/mobile/arrivals): initiate docking(the arrivals (/obj/docking_port/stationary), 8)
[19:20:48]the arrivals shuttle (/obj/docking_port/mobile/arrivals): check()
[19:20:48]the arrivals shuttle (/obj/docking_port/mobile/arrivals): check()
[19:20:48]Shuttle (/datum/controller/subsystem/shuttle): fire(0)
[19:20:48]Shuttle (/datum/controller/subsystem/shuttle): ignite(0)
runtime error: 
[19:29:52]wrong type of value for list
[19:29:52]proc name: updateSeeStaticMobs (/mob/living/simple_animal/drone/proc/updateSeeStaticMobs)
[19:29:52]  source file: visuals_icons.dm,163
[19:29:52]  usr: (src)
[19:29:52]  src: Drone (478) (/mob/living/simple_animal/drone)
[19:29:52]  src.loc: the plating (162,124,2) (/turf/open/floor/plating)
[19:29:52]  call stack:
[19:29:52]Drone (478) (/mob/living/simple_animal/drone): updateSeeStaticMobs()
[19:29:52]Drone (478) (/mob/living/simple_animal/drone): Login()
[19:29:52]the drone shell (/obj/item/drone_shell): attack ghost(Chandler Richardson (/mob/dead/observer))
[19:29:52]Body created (/obj/screen/alert/notify_action): Click(null, "mapwindow.map", "icon-x=20;icon-y=20;left=1;scr...")
runtime error: 
[19:31:12]wrong type of value for list
[19:31:12]proc name: updateSeeStaticMobs (/mob/living/simple_animal/drone/proc/updateSeeStaticMobs)
[19:31:12]  source file: visuals_icons.dm,163
[19:31:12]  usr: (src)
[19:31:12]  src: Drone (478) (/mob/living/simple_animal/drone)
[19:31:12]  src.loc: the floor (167,129,2) (/turf/open/floor/plasteel)
[19:31:12]  call stack:
[19:31:12]Drone (478) (/mob/living/simple_animal/drone): updateSeeStaticMobs()
[19:31:12]Drone (478) (/mob/living/simple_animal/drone): Change Vision Filter(Drone (478) (/mob/living/simple_animal/drone))
[19:31:12]Select Vision Filter (/datum/action/generic/drone/select_filter): Trigger()
[19:31:12]Select Vision Filter (/obj/screen/movable/action_button): Click(null, "mapwindow.map", "icon-x=11;icon-y=16;left=1;scr...")
runtime error: 
[19:43:21]addtimer called with a callback assigned to a qdeleted object
[19:43:21]proc name: stack trace (/proc/stack_trace)
[19:43:21]  source file: unsorted.dm,1254
[19:43:21]  usr: (src)
[19:43:21]  src: null
[19:43:21]  call stack:
[19:43:21]stack trace("addtimer called with a callbac...")
[19:43:21]addtimer(/datum/callback (/datum/callback), 20, 0)
[19:43:21]/datum/effect_system/spark_spr... (/datum/effect_system/spark_spread): generate effect()
[19:43:21]world: ImmediateInvokeAsync(/datum/effect_system/spark_spr... (/datum/effect_system/spark_spread), /datum/effect_system/proc/gene... (/datum/effect_system/proc/generate_effect))
runtime error: 
[19:44:09]addtimer called with a callback assigned to a qdeleted object
[19:44:09]proc name: stack trace (/proc/stack_trace)
[19:44:09]  source file: unsorted.dm,1254
[19:44:09]  usr: (src)
[19:44:09]  src: null
[19:44:09]  call stack:
[19:44:09]stack trace("addtimer called with a callbac...")
[19:44:09]addtimer(/datum/callback (/datum/callback), 20, 0)
[19:44:09]/datum/effect_system/spark_spr... (/datum/effect_system/spark_spread): generate effect()
[19:44:09]world: ImmediateInvokeAsync(/datum/effect_system/spark_spr... (/datum/effect_system/spark_spread), /datum/effect_system/proc/gene... (/datum/effect_system/proc/generate_effect))
runtime error: 
[19:48:04]nothing to animate
[19:48:04]proc name: shake camera (/proc/shake_camera)
[19:48:04]  source file: mob_helpers.dm,270
[19:48:04]  usr: (src)
[19:48:04]  src: null
[19:48:04]  call stack:
[19:48:04]shake camera(Donatello Versus (/mob/living/carbon/human), 0.75, 1)
[19:48:04]Donatello Versus (/mob/living/carbon/human): afterShuttleMove(space (21,18,13) (/turf/open/space/transit/west), /list (/list), 8, 8, 8, 0)
[19:48:04]Donatello Versus (/mob/living/carbon/human): afterShuttleMove(space (21,18,13) (/turf/open/space/transit/west), /list (/list), 8, 8, 8, 0)
[19:48:04]the arrivals shuttle (/obj/docking_port/mobile/arrivals): cleanup runway(the arrivals (/obj/docking_port/stationary), /list (/list), /list (/list), /list (/list), /list (/list), 0, 8, Space (/area/space), /turf/open/space/transit/west (/turf/open/space/transit/west), /turf/open/space (/turf/open/space))
[19:48:04]the arrivals shuttle (/obj/docking_port/mobile/arrivals): initiate docking(the arrivals (/obj/docking_port/stationary), 8, 0)
[19:48:04]the arrivals shuttle (/obj/docking_port/mobile/arrivals): initiate docking(the arrivals (/obj/docking_port/stationary), 8)
[19:48:04]the arrivals shuttle (/obj/docking_port/mobile/arrivals): check()
[19:48:04]the arrivals shuttle (/obj/docking_port/mobile/arrivals): check()
[19:48:04]Shuttle (/datum/controller/subsystem/shuttle): fire(0)
[19:48:04]Shuttle (/datum/controller/subsystem/shuttle): ignite(0)
Saved 108 engraved messages on map Box Station
Shutting down Persistence subsystem...
Shutting down pathfinder subsystem...
Shutting down Squeak subsystem...
Shutting down Shuttle subsystem...
Shutting down Lighting subsystem...
Shutting down XKeyScore subsystem...
Shutting down Sticky Ban subsystem...
Shutting down Overlay subsystem...
Shutting down Icon Smoothing subsystem...
Shutting down Assets subsystem...
Shutting down Minimap subsystem...
Shutting down Atmospherics subsystem...
Shutting down Wet floors subsystem...
Shutting down Weather subsystem...
Shutting down Vote subsystem...
Shutting down Traumas subsystem...
Shutting down Title Screen subsystem...
Shutting down Time Tracking subsystem...
Shutting down Throwing subsystem...
Shutting down tgui subsystem...
Shutting down Sun subsystem...
Shutting down Space Drift subsystem...
Shutting down Religion subsystem...
Shutting down Radio subsystem...
Shutting down Radiation subsystem...
Shutting down Projectiles subsystem...
Shutting down Processing subsystem...
Shutting down Parallax subsystem...
Shutting down pAI subsystem...
Shutting down Orbits subsystem...
Shutting down Objects subsystem...
Shutting down NPC Pool subsystem...
Shutting down Night Shift subsystem...
Shutting down Mood subsystem...
Shutting down Mobs subsystem...
Shutting down Medals subsystem...
Shutting down Inbounds subsystem...
Shutting down Idling NPC Pool subsystem...
Shutting down Flightpack Movement subsystem...
Shutting down Fire Burning subsystem...
Shutting down Fields subsystem...
Shutting down Fast Processing subsystem...
Shutting down Disease subsystem...
Shutting down Communications subsystem...
Shutting down Augury subsystem...
Shutting down Acid subsystem...
Shutting down Timer subsystem...
Shutting down Circuit subsystem...
Shutting down Machines subsystem...
Shutting down Language subsystem...
Shutting down Atoms subsystem...
Shutting down Networks subsystem...
Shutting down Mapping subsystem...
Shutting down Ticker subsystem...
Shutting down Traits subsystem...
Shutting down Jobs subsystem...
Shutting down Events subsystem...
Shutting down Research subsystem...
Shutting down Input subsystem...
Shutting down Server Tasks subsystem...
Shutting down Blackbox subsystem...
Shutting down Database subsystem...
Shutting down Garbage subsystem...
Shutdown complete
World rebooted at 19:54:23
