

Starting up round ID 741. 04:13:37
---------------------
[04:13:37]GAME: Round ID: 741
[04:13:37]ADMIN: Loading Banlist
[04:13:37]ADMINPRIVATE: Ban Expired: zanderdowdall
[04:13:38]ACCESS: Login: AsciiSquid from 216.197.173.135-1002174302 || BYOND v512
[04:13:38]ACCESS: Mob Login: AsciiSquid/(AsciiSquid) was assigned to a /mob/dead/new_player
[04:13:39]GAME: Saved mode is 'secret'
[04:13:39]ACCESS: Login: Innovlectual from 108.173.124.100-1837864817 || BYOND v511
[04:13:39]ACCESS: Mob Login: Innovlectual/(Innovlectual) was assigned to a /mob/dead/new_player
[04:13:39]ACCESS: Login: Ekrub_Cela from 173.189.133.96-1589338793 || BYOND v512
[04:13:39]ACCESS: Mob Login: Ekrub_Cela/(Ekrub_Cela) was assigned to a /mob/dead/new_player
[04:13:41]ACCESS: Login: Kyutness from 104.0.154.34-952120221 || BYOND v512
[04:13:41]ACCESS: Mob Login: Kyutness/(Kyutness) was assigned to a /mob/dead/new_player
[04:13:58]GAME: Hierophant's Arena loaded at at 27,170,5
[04:13:58]GAME: Seed Vault loaded at at 170,112,5
[04:13:58]GAME: Biodome Winter loaded at at 148,80,5
[04:13:58]GAME: Makeshift Shelter loaded at at 158,64,5
[04:13:58]GAME: Ruin of Envy loaded at at 118,24,5
[04:13:58]GAME: Xenomorph Nest loaded at at 183,135,5
[04:13:58]GAME: Survival Capsule Ruins loaded at at 48,131,5
[04:13:58]GAME: Authorship loaded at at 176,156,7
[04:13:58]GAME: Detached Teleporter loaded at at 119,155,11
[04:13:58]GAME: Asteroid 1 loaded at at 202,89,11
[04:13:59]GAME: DK Excavator 453 loaded at at 32,27,3
[04:13:59]GAME: Syndicate Listening Station loaded at at 173,81,7
[04:13:59]GAME: Whiteship Dock loaded at at 139,92,10
[04:13:59]GAME: Ancient Cloning Lab loaded at at 171,220,3
[04:13:59]GAME: Gondoland loaded at at 135,27,10
[04:13:59]GAME: Derelict 4 loaded at at 169,125,10
[04:13:59]GAME: Ordinary Space Tile loaded at at 200,119,8
[04:13:59]GAME: Biological Storage Facility loaded at at 60,179,9
[04:13:59]GAME: Asteroid 2 loaded at at 56,110,4
[04:13:59]GAME: NT Medical Ship loaded at at 115,170,9
[04:13:59]GAME: Asteroid 5 loaded at at 66,71,10
[04:13:59]GAME: Dinner for Two loaded at at 185,124,3
[04:13:59]GAME: Derelict Tradepost loaded at at 110,23,7
[04:14:35]OOC: Ekrub_Cela/(Ekrub_Cela) : my prefrences on traitor is set to off, why did i become traitor? (8,174,1)
[04:14:35]OOC: Kyutness/(Kyutness) : Tfw AI informs you surgery APC is fucked. You go to touch it, accidentally yoink the battery before bluespace banana makes you teleport. V o i d c o r e (8,174,1)
[04:15:56]GAME: fancy transport ferry loaded at at 115,146,1
[04:15:56]GAME: Box Station Emergency Shuttle loaded at at 116,137,1
[04:15:57]GAME: basic syndicate infiltrator loaded at at 113,137,1
[04:15:58]GAME: cargo ferry (Box) loaded at at 118,142,1
[04:15:58]GAME: labour shuttle (Box) loaded at at 119,144,1
[04:15:58]GAME: arrival shuttle (Box) loaded at at 114,145,1
[04:15:59]GAME: mining shuttle (Box) loaded at at 119,145,1
[04:15:59]GAME: NT Recovery Whiteship loaded at at 107,141,1
[04:16:29]OOC: Kyutness/(Kyutness) : Think I&#39;m gonna skidaddle. Sleepy (8,174,1)
[04:17:04]ADMINPRIVATE: Ticket #1: Ekrub_Cela/(Ekrub_Cela): Hey, I set my occupation prefrence to no traitor. Why did i get traitor last round? - heard by 0 non-AFK admins who have +BAN.
[04:17:07]ACCESS: Logout: Kyutness/(Kyutness)
[04:17:21]GAME: AsciiSquid (ckey) has been selected as a traitor
[04:17:25]ACCESS: Mob Login: AsciiSquid/(Pretends-To-Care) was assigned to a /mob/living/carbon/human
[04:17:25]ACCESS: Mob Login: Ekrub_Cela/(Randy Keener) was assigned to a /mob/living/carbon/human
[04:17:29]SAY: Prison Ofitser/ : Engaging patrol mode. (23,36,5)
[04:17:29]SAY: Prison Ofitser/ : Disengaging patrol mode. (23,36,5)
[04:17:29]SAY: Officer Beepsky/ : Engaging patrol mode. (94,159,2)
[04:17:30]EMOTE: *no key*/(Runtime) : <b>Runtime</b> grooms its fur. (159,109,2)
[04:17:34]EMOTE: *no key*/(monkey (569)) : <b>The monkey (569)</b> scratches. (160,119,2)
[04:17:37]SAY: Poly/ : No, It was over! (117,83,2)
[04:17:39]EMOTE: *no key*/(mouse) : <b>The mouse</b> shakes. (95,154,2)
[04:17:43]EMOTE: *no key*/(Poly) : <b>Poly</b> turns and flies towards the Zippo lighter. (117,83,2)
[04:17:45]ACCESS: Mob Login: Innovlectual/(ghost) was assigned to a /mob/dead/observer
[04:17:57]EMOTE: *no key*/(monkey (700)) : <b>The monkey (700)</b> scratches. (157,101,2)
[04:17:59]EMOTE: *no key*/(mouse) : <b>The mouse</b> squeeks. (167,148,2)
[04:18:05]SAY: mouse/ : SQUEEK! (168,148,2)
[04:18:07]EMOTE: *no key*/(Paperwork) : <b>Paperwork</b> snores. (80,122,2)
[04:18:10]EMOTE: *no key*/(mouse) : <b>The mouse</b> squeeks. (117,65,2)
[04:18:13]EMOTE: *no key*/(Runtime) : <b>Runtime</b> stretches out for a belly rub. (157,109,2)
[04:18:17]EMOTE: *no key*/(Paperwork) : <b>Paperwork</b> looks around sleepily. (81,122,2)
[04:18:19]SAY: mouse/ : Squeek? (57,157,2)
[04:18:25]EMOTE: *no key*/(grey baby slime (13)) : <b>The grey baby slime (13)</b> vibrates! (177,94,2)
[04:18:28]SAY: Poly/ : PSHOOOM (118,83,2)
[04:18:32]EMOTE: *no key*/(crab) : <b>The crab</b> clicks. (63,182,9)
[04:18:41]EMOTE: *no key*/(monkey (937)) : <b>The monkey (937)</b> scratches. (161,100,2)
[04:18:42]EMOTE: *no key*/(Poly) : <b>Poly</b> looks in the burn patch's direction and takes flight. (118,83,2)
[04:18:45]EMOTE: *no key*/(Runtime) : <b>Runtime</b> wags its tail. (157,109,2)
[04:18:52]SAY: mouse/ : Squeek? (95,108,2)
[04:18:59]EMOTE: *no key*/(monkey (569)) : <b>The monkey (569)</b> rolls. (161,117,2)
[04:19:00]EMOTE: *no key*/(Ian) : <b>Ian</b> yaps. (108,118,2)
[04:19:04]EMOTE: *no key*/(mouse) : <b>The mouse</b> shakes. (167,148,2)
[04:19:11]EMOTE: *no key*/(Runtime) : <b>Runtime</b> wags its tail. (157,109,2)
[04:19:14]SAY: Medibot/ : Delicious! (154,73,1)
[04:19:22]SAY: Nobody's Perfect/ : Radar, put a mask on! (24,75,1)
[04:19:23]EMOTE: *no key*/(grey baby slime (13)) : <b>The grey baby slime (13)</b> lights up for a bit, then stops. (175,92,2)
[04:19:25]EMOTE: *no key*/(Runtime) : <b>Runtime</b> walks around. (157,109,2)
[04:19:34]SAY: Ian/ : YAP (108,116,2)
[04:19:36]EMOTE: *no key*/(Poly) : <b>Poly</b> looks in the monitor decryption key's direction and takes flight. (118,83,2)
[04:19:38]EMOTE: *no key*/(Paperwork) : <b>Paperwork</b> yawns. (77,123,2)
[04:19:53]EMOTE: *no key*/(Runtime) : <b>Runtime</b> sits down. (158,108,2)
[04:19:55]GAME: Random Event triggering: Minor Space Dust (/datum/round_event/space_dust)
[04:19:59]EMOTE: *no key*/(grey baby slime (283)) : <b>The grey baby slime (283)</b> bounces in place. (167,92,2)
[04:20:01]EMOTE: *no key*/(monkey (380)) : <b>The monkey (380)</b> rolls. (160,117,2)
[04:20:05]SAY: Nobody's Perfect/ : There&#39;s always a catch, and I&#39;m the best there is. (24,75,1)
[04:20:07]EMOTE: *no key*/(mouse) : <b>The mouse</b> shakes. (96,102,2)
[04:20:17]SAY: Medibot/ : Delicious! (155,73,1)
[04:20:17]EMOTE: *no key*/(monkey (702)) : <b>The monkey (702)</b> scratches. (158,100,2)
[04:20:19]EMOTE: *no key*/(mouse) : <b>The mouse</b> runs in a circle. (96,152,2)
[04:20:21]SAY: Nobody's Perfect/ : Delicious! (24,75,1)
[04:20:23]EMOTE: *no key*/(mouse) : <b>The mouse</b> runs in a circle. (185,152,2)
[04:20:23]EMOTE: *no key*/(Runtime) : <b>Runtime</b> wags its tail. (158,108,2)
[04:20:23]EMOTE: *no key*/(monkey (571)) : <b>The monkey (571)</b> waves his tail. (160,119,2)
[04:20:27]SAY: mouse/ : Squeek? (120,66,2)
[04:20:27]SAY: Poly/ : What The Hell! (118,83,2)
[04:20:33]EMOTE: *no key*/(Poly) : <b>Poly</b> looks in the chief engineer's rubber stamp's direction and takes flight. (118,83,2)
[04:20:41]EMOTE: *no key*/(grey baby slime (13)) : <b>The grey baby slime (13)</b> jiggles! (176,94,2)
[04:20:47]EMOTE: *no key*/(mouse) : <b>The mouse</b> runs in a circle. (165,138,2)
[04:20:57]SAY: Tom/ : SQUEEK! (104,188,2)
[04:20:57]EMOTE: *no key*/(Mala II) : <b>Mala II</b> jumps! (144,139,2)
[04:21:03]EMOTE: *no key*/(Ian) : <b>Ian</b> shivers. (109,117,2)
[04:21:11]EMOTE: *no key*/(Runtime) : <b>Runtime</b> looks alert. (158,108,2)
[04:21:17]SAY: Poly/ : Oh lol (118,83,2)
[04:21:21]SAY: Poly/ : My genes are messed up. (118,83,2)
[04:21:25]SAY: Poly/ : Oh lol (118,83,2)
[04:21:27]SAY: Medibot/ : Radar, put a mask on! (180,160,7)
[04:21:27]EMOTE: *no key*/(monkey (569)) : <b>The monkey (569)</b> waves his tail. (161,117,2)
[04:21:29]SAY: mouse/ : SQUEEK! (97,158,2)
[04:21:33]EMOTE: *no key*/(Poly) : <b>Poly</b> looks in the chief engineer's rubber stamp's direction and takes flight. (118,83,2)
[04:21:33]EMOTE: *no key*/(Runtime) : <b>Runtime</b> looks alert. (158,108,2)
[04:21:49]SAY: Medibot/ : There&#39;s always a catch, and I&#39;m the best there is. (154,73,1)
[04:21:49]EMOTE: *no key*/(monkey (923)) : <b>The monkey (923)</b> waves her tail. (161,116,2)
[04:21:55]SAY: Nobody's Perfect/ : Delicious! (24,75,1)
[04:21:59]EMOTE: *no key*/(monkey (923)) : <b>The monkey (923)</b> jumps! (160,117,2)
[04:22:01]SAY: Poly/ : I must of been radiated. (118,83,2)
[04:22:09]SAY: Medibot/ : What kind of medbay is this? Everyone&#39;s dropping like flies. (154,73,1)
[04:22:09]SAY: Medibot/ : I knew it, I should&#39;ve been a plastic surgeon. (180,160,7)
[04:22:17]SAY: Medibot/ : Delicious! (180,160,7)
[04:22:17]EMOTE: *no key*/(Ian) : <b>Ian</b> chases its tail! (108,119,2)
[04:22:23]SAY: mouse/ : Squeek? (167,147,2)
[04:22:23]EMOTE: *no key*/(monkey (571)) : <b>The monkey (571)</b> rolls. (160,119,2)
[04:22:31]EMOTE: *no key*/(Poly) : <b>Poly</b> looks in the Power-ON cartridge's direction and takes flight. (118,83,2)
[04:22:41]EMOTE: *no key*/(Runtime) : <b>Runtime</b> walks around. (158,108,2)
[04:22:51]SAY: Medibot/ : Radar, put a mask on! (180,160,7)
[04:22:57]EMOTE: *no key*/(mouse) : <b>The mouse</b> runs in a circle. (92,109,2)
[04:22:57]EMOTE: *no key*/(Paperwork) : <b>Paperwork</b> dozes off. (80,123,2)
[04:23:05]EMOTE: *no key*/(monkey (923)) : <b>The monkey (923)</b> waves her tail. (160,118,2)
[04:23:09]SAY: Medibot/ : There&#39;s always a catch, and I&#39;m the best there is. (180,160,7)
[04:23:11]EMOTE: *no key*/(grey baby slime (13)) : <b>The grey baby slime (13)</b> vibrates! (176,93,2)
[04:23:13]SAY: Medibot/ : What kind of medbay is this? Everyone&#39;s dropping like flies. (155,73,1)
[04:23:19]SAY: mouse/ : Squeek? (122,66,2)
[04:23:30]EMOTE: *no key*/(Poly) : <b>Poly</b> looks in the Power-ON cartridge's direction and takes flight. (118,83,2)
[04:23:44]SAY: mouse/ : SQUEEK! (123,66,2)
[04:23:50]EMOTE: *no key*/(Ian) : <b>Ian</b> chases its tail! (109,121,2)
[04:23:54]EMOTE: *no key*/(monkey (700)) : <b>The monkey (700)</b> scratches. (157,99,2)
[04:24:04]EMOTE: *no key*/(Poly) : <b>Poly</b> squawks. (118,83,2)
[04:24:08]EMOTE: *no key*/(Runtime) : <b>Runtime</b> sits down. (159,107,2)
[04:24:14]EMOTE: *no key*/(Runtime) : <b>Runtime</b> sits down. (159,107,2)
[04:24:18]SAY: Medibot/ : Radar, put a mask on! (154,73,1)
[04:24:18]EMOTE: *no key*/(Ian) : <b>Ian</b> woofs! (108,121,2)
[04:24:29]GAME: Random Event triggering: Minor Space Dust (/datum/round_event/space_dust)
[04:24:29]EMOTE: *no key*/(mouse) : <b>The mouse</b> runs in a circle. (165,142,2)
[04:24:29]EMOTE: *no key*/(Poly) : <b>Poly</b> looks in the Power-ON cartridge's direction and takes flight. (118,83,2)
[04:24:30]EMOTE: *no key*/(monkey (937)) : <b>The monkey (937)</b> jumps! (158,99,2)
[04:24:35]SAY: Nobody's Perfect/ : What kind of medbay is this? Everyone&#39;s dropping like flies. (24,75,1)
[04:24:39]SAY: mouse/ : Squeek? (92,109,2)
[04:24:47]EMOTE: *no key*/(mouse) : <b>The mouse</b> shakes. (96,99,2)
[04:24:55]SAY: Poly/ : Thanks for buckshot (118,83,2)
[04:25:04]EMOTE: *no key*/(Runtime) : <b>Runtime</b> crouches on its hind legs. (159,107,2)
[04:25:08]SAY: grey baby slime (283)/ : Blorble... (167,93,2)
[04:25:09]EMOTE: *no key*/(crab) : <b>The crab</b> clacks. (64,182,9)
[04:25:11]SAY: Tom/ : Squeek! (104,190,2)
[04:25:12]EMOTE: *no key*/(monkey (83)) : <b>The monkey (83)</b> waves his tail. (160,120,2)
[04:25:21]SAY: Poly/ : Thanks for buckshot (118,83,2)
[04:25:22]EMOTE: *no key*/(monkey (569)) : <b>The monkey (569)</b> waves his tail. (161,120,2)
[04:25:26]EMOTE: *no key*/(grey baby slime (283)) : <b>The grey baby slime (283)</b> bounces in place. (167,92,2)
[04:25:27]EMOTE: *no key*/(Poly) : <b>Poly</b> looks in the BreatheDeep cartridge's direction and takes flight. (118,83,2)
[04:25:51]EMOTE: *no key*/(mouse) : <b>The mouse</b> shakes. (96,99,2)
[04:25:53]GAME: Emitter lost power in (110,56,2)
[04:25:53]GAME: Emitter lost power in (116,57,2)
[04:25:53]GAME: Emitter lost power in (110,57,2)
[04:25:53]GAME: Emitter lost power in (116,56,2)
[04:25:57]SAY: mouse/ : SQUEEK! (97,160,2)
[04:25:58]EMOTE: *no key*/(monkey (571)) : <b>The monkey (571)</b> rolls. (160,119,2)
[04:26:03]SAY: Medibot/ : I knew it, I should&#39;ve been a plastic surgeon. (155,73,1)
[04:26:06]EMOTE: *no key*/(monkey (569)) : <b>The monkey (569)</b> waves his tail. (161,120,2)
[04:26:13]EMOTE: *no key*/(Paperwork) : <b>Paperwork</b> dozes off. (76,115,2)
[04:26:18]EMOTE: *no key*/(Runtime) : <b>Runtime</b> sits down. (159,107,2)
[04:26:22]EMOTE: *no key*/(Runtime) : <b>Runtime</b> stops resting. (159,107,2)
[04:26:32]SAY: mouse/ : SQUEEK! (96,152,2)
[04:26:40]SAY: mouse/ : Squeek! (165,145,2)
[04:26:46]EMOTE: *no key*/(Runtime) : <b>Runtime</b> shakes out its coat. (160,107,2)
[04:26:55]ACCESS: Login: PokefanBrez from 172.91.82.248-4085297818 || BYOND v511
[04:26:55]ACCESS: Mob Login: PokefanBrez/(PokefanBrez) was assigned to a /mob/dead/new_player
[04:26:57]EMOTE: *no key*/(Mala II) : <b>Mala II</b> rolls. (144,139,2)
[04:27:00]SAY: Poly/ : Tactical Cleaning (118,83,2)
[04:27:07]EMOTE: *no key*/(Runtime) : <b>Runtime</b> twitches its whiskers. (160,107,2)
[04:27:16]SAY: Nobody's Perfect/ : There&#39;s always a catch, and I&#39;m the best there is. (24,75,1)
[04:27:18]ACCESS: Logout: PokefanBrez/(PokefanBrez)
[04:27:24]SAY: Poly/ : NUKIES? (118,83,2)
[04:27:25]EMOTE: *no key*/(Runtime) : <b>Runtime</b> lies down. (159,108,2)
[04:27:27]EMOTE: *no key*/(monkey (562)) : <b>The monkey (562)</b> scratches. (161,99,2)
[04:27:27]EMOTE: *no key*/(Mala II) : <b>Mala II</b> waves its tail. (144,139,2)
[04:27:28]SAY: Poly/ : Nevermind (118,83,2)
[04:27:31]EMOTE: *no key*/(monkey (569)) : <b>The monkey (569)</b> jumps! (161,120,2)
[04:27:32]SAY: mouse/ : Squeek! (96,152,2)
[04:27:33]EMOTE: *no key*/(monkey (858)) : <b>The monkey (858)</b> jumps! (160,101,2)
[04:27:40]SAY: Poly/ : Smoke! (118,83,2)
[04:27:45]EMOTE: *no key*/(monkey (937)) : <b>The monkey (937)</b> scratches. (159,101,2)
[04:27:46]EMOTE: *no key*/(mouse) : <b>The mouse</b> shakes. (97,158,2)
[04:27:48]EMOTE: *no key*/(mouse) : <b>The mouse</b> runs in a circle. (165,146,2)
[04:27:48]EMOTE: *no key*/(Runtime) : <b>Runtime</b> shivers. (159,108,2)
[04:27:49]EMOTE: *no key*/(monkey (166)) : <b>The monkey (166)</b> rolls. (160,116,2)
[04:27:49]EMOTE: *no key*/(monkey (83)) : <b>The monkey (83)</b> scratches. (160,119,2)
[04:27:50]SAY: Medibot/ : Delicious! (180,160,7)
[04:27:52]EMOTE: *no key*/(crab) : <b>The crab</b> clacks. (63,182,9)
[04:27:59]EMOTE: *no key*/(Mala II) : <b>Mala II</b> waves its tail. (144,139,2)
[04:28:20]ACCESS: Login: PokefanBrez from 172.91.82.248-4085297818 || BYOND v511
[04:28:20]ACCESS: Mob Login: PokefanBrez/(PokefanBrez) was assigned to a /mob/dead/new_player
[04:28:21]EMOTE: *no key*/(mouse) : <b>The mouse</b> squeeks. (118,69,2)
[04:28:25]EMOTE: *no key*/(monkey (562)) : <b>The monkey (562)</b> rolls. (161,99,2)
[04:28:29]EMOTE: *no key*/(monkey (562)) : <b>The monkey (562)</b> scratches. (161,99,2)
[04:28:32]ACCESS: Mob Login: PokefanBrez/(Jazmine Scott) was assigned to a /mob/living/carbon/human
[04:28:34]EMOTE: *no key*/(monkey (702)) : <b>The monkey (702)</b> scratches. (159,101,2)
[04:28:36]EMOTE: *no key*/(grey baby slime (13)) : <b>The grey baby slime (13)</b> lights up for a bit, then stops. (176,93,2)
[04:28:43]EMOTE: *no key*/(monkey (562)) : <b>The monkey (562)</b> jumps! (161,99,2)
[04:29:01]SAY: Medibot/ : Radar, put a mask on! (180,160,7)
[04:29:03]EMOTE: *no key*/(crab) : <b>The crab</b> clicks. (62,182,9)
[04:29:07]SAY: Poly/ : Thanks bro (118,83,2)
[04:29:07]EMOTE: *no key*/(monkey (937)) : <b>The monkey (937)</b> waves her tail. (158,101,2)
[04:29:07]EMOTE: *no key*/(Mala II) : <b>Mala II</b> scratches. (144,139,2)
[04:29:13]SAY: mouse/ : Squeek! (97,158,2)
[04:29:15]SAY: Medibot/ : There&#39;s always a catch, and I&#39;m the best there is. (180,160,7)
[04:29:23]EMOTE: *no key*/(Ian) : <b>Ian</b> chases its tail! (109,120,2)
[04:29:25]EMOTE: *no key*/(monkey (923)) : <b>The monkey (923)</b> scratches. (161,117,2)
[04:29:42]SAY: mouse/ : SQUEEK! (121,67,2)
[04:29:58]SAY: Medibot/ : Radar, put a mask on! (155,73,1)
[04:30:12]EMOTE: *no key*/(monkey (166)) : <b>The monkey (166)</b> jumps! (160,120,2)
[04:30:12]EMOTE: *no key*/(monkey (571)) : <b>The monkey (571)</b> jumps! (161,117,2)
[04:30:18]SAY: mouse/ : Squeek! (122,64,2)
[04:30:24]EMOTE: *no key*/(mouse) : <b>The mouse</b> runs in a circle. (96,150,2)
[04:30:26]EMOTE: *no key*/(Runtime) : <b>Runtime</b> looks alert. (159,108,2)
[04:30:28]EMOTE: *no key*/(monkey (700)) : <b>The monkey (700)</b> jumps! (160,101,2)
[04:30:30]EMOTE: *no key*/(monkey (702)) : <b>The monkey (702)</b> scratches. (159,99,2)
[04:30:43]EMOTE: *no key*/(monkey (569)) : <b>The monkey (569)</b> jumps! (161,120,2)
[04:30:45]EMOTE: *no key*/(mouse) : <b>The mouse</b> shakes. (120,63,2)
[04:30:52]GAME: Random Event triggering: Minor Space Dust (/datum/round_event/space_dust)
[04:31:07]EMOTE: *no key*/(mouse) : <b>The mouse</b> shakes. (182,155,2)
[04:31:15]SAY: Poly/ : I fixed it (118,83,2)
[04:31:19]EMOTE: *no key*/(monkey (923)) : <b>The monkey (923)</b> waves her tail. (160,116,2)
[04:31:19]SAY: Medibot/ : Radar, put a mask on! (154,73,1)
[04:31:29]SAY: mouse/ : Squeek! (166,148,2)
[04:31:39]EMOTE: *no key*/(Runtime) : <b>Runtime</b> lies down. (159,108,2)
[04:31:49]SAY: Medibot/ : What kind of medbay is this? Everyone&#39;s dropping like flies. (154,73,1)
[04:31:51]EMOTE: *no key*/(crab) : <b>The crab</b> clacks. (61,182,9)
[04:31:55]EMOTE: *no key*/(monkey (937)) : <b>The monkey (937)</b> rolls. (161,100,2)
[04:31:55]EMOTE: *no key*/(monkey (380)) : <b>The monkey (380)</b> rolls. (160,118,2)
[04:31:55]SAY: mouse/ : Squeek! (97,160,2)
[04:32:05]SAY: Medibot/ : Radar, put a mask on! (180,160,7)
[04:32:11]SAY: Poly/ : Power pls (118,83,2)
[04:32:15]SAY: mouse/ : Squeek! (52,155,2)
[04:32:17]SAY: Medibot/ : There&#39;s always a catch, and I&#39;m the best there is. (154,73,1)
[04:32:21]EMOTE: *no key*/(Runtime) : <b>Runtime</b> stretches out for a belly rub. (159,108,2)
[04:32:27]EMOTE: *no key*/(mouse) : <b>The mouse</b> runs in a circle. (96,150,2)
[04:32:27]EMOTE: *no key*/(Ian) : <b>Ian</b> shakes its head. (108,121,2)
[04:32:33]EMOTE: *no key*/(monkey (858)) : <b>The monkey (858)</b> waves his tail. (157,101,2)
[04:32:39]SAY: Medibot/ : There&#39;s always a catch, and I&#39;m the best there is. (180,160,7)
[04:32:45]EMOTE: *no key*/(grey baby slime (13)) : <b>The grey baby slime (13)</b> lights up for a bit, then stops. (177,94,2)
[04:32:47]EMOTE: *no key*/(monkey (562)) : <b>The monkey (562)</b> scratches. (160,100,2)
[04:32:51]EMOTE: *no key*/(Ian) : <b>Ian</b> chases its tail! (109,121,2)
[04:33:13]SAY: Nobody's Perfect/ : Delicious! (24,75,1)
[04:33:15]EMOTE: *no key*/(grey baby slime (13)) : <b>The grey baby slime (13)</b> lights up for a bit, then stops. (177,94,2)
[04:33:35]EMOTE: *no key*/(mouse) : <b>The mouse</b> squeeks. (185,155,2)
[04:33:37]SAY: Nobody's Perfect/ : What kind of medbay is this? Everyone&#39;s dropping like flies. (24,75,1)
[04:33:47]EMOTE: *no key*/(mouse) : <b>The mouse</b> squeeks. (52,153,2)
[04:34:12]SAY: Randy Keener/Ekrub_Cela : out (74,118,2)
[04:34:14]SAY: Randy Keener/Ekrub_Cela : now (74,118,2)
[04:34:21]EMOTE: *no key*/(Paperwork) : <b>Paperwork</b> yawns. (73,120,2)
[04:34:27]EMOTE: *no key*/(monkey (562)) : <b>The monkey (562)</b> rolls. (159,99,2)
[04:34:29]SAY: mouse/ : SQUEEK! (96,152,2)
[04:34:43]EMOTE: *no key*/(grey baby slime (13)) : <b>The grey baby slime (13)</b> jiggles! (176,92,2)
[04:34:47]EMOTE: *no key*/(Runtime) : <b>Runtime</b> stops resting. (159,108,2)
[04:34:55]EMOTE: *no key*/(Ian) : <b>Ian</b> dances around. (108,118,2)
[04:34:59]EMOTE: *no key*/(monkey (702)) : <b>The monkey (702)</b> waves his tail. (158,100,2)
[04:35:19]EMOTE: *no key*/(monkey (562)) : <b>The monkey (562)</b> scratches. (158,101,2)
[04:35:23]EMOTE: *no key*/(monkey (83)) : <b>The monkey (83)</b> rolls. (160,116,2)
[04:35:27]EMOTE: *no key*/(monkey (166)) : <b>The monkey (166)</b> waves his tail. (161,119,2)
[04:35:45]SAY: Runtime/ : Esp! (159,107,2)
[04:35:49]EMOTE: *no key*/(monkey (923)) : <b>The monkey (923)</b> scratches. (160,119,2)
[04:35:55]EMOTE: *no key*/(Runtime) : <b>Runtime</b> grooms its fur. (159,107,2)
[04:35:57]EMOTE: *no key*/(mouse) : <b>The mouse</b> runs in a circle. (52,154,2)
[04:36:17]GAME: Random Event triggering: Minor Space Dust (/datum/round_event/space_dust)
[04:36:25]EMOTE: *no key*/(mouse) : <b>The mouse</b> runs in a circle. (97,156,2)
[04:36:27]SAY: Poly/ : Who the hell are you? (118,83,2)
[04:36:49]EMOTE: *no key*/(Runtime) : <b>Runtime</b> shakes out its coat. (158,108,2)
[04:37:01]EMOTE: *no key*/(Ian) : <b>Ian</b> chases its tail! (108,120,2)
[04:37:03]EMOTE: *no key*/(grey baby slime (13)) : <b>The grey baby slime (13)</b> jiggles! (176,92,2)
[04:37:08]ACCESS: Logout: Ekrub_Cela/(Randy Keener)
[04:37:09]ACCESS: Login: Ekrub_Cela from 173.189.133.96-1589338793 || BYOND v512
[04:37:09]ACCESS: Mob Login: Ekrub_Cela/(Randy Keener) was assigned to a /mob/living/carbon/human
[04:37:10]SAY: Poly/ : Gay ass nigga (118,83,2)
[04:37:17]EMOTE: *no key*/(monkey (562)) : <b>The monkey (562)</b> scratches. (160,99,2)
[04:37:17]EMOTE: *no key*/(Runtime) : <b>Runtime</b> sits down. (160,109,2)
[04:37:17]EMOTE: *no key*/(monkey (166)) : <b>The monkey (166)</b> scratches. (161,119,2)
[04:37:26]SAY: Poly/ : Twice the calories for half the price! (118,83,2)
[04:37:32]EMOTE: *no key*/(Paperwork) : <b>Paperwork</b> dozes off. (76,119,2)
[04:37:39]EMOTE: *no key*/(Runtime) : <b>Runtime</b> wags its tail. (160,109,2)
[04:37:50]EMOTE: *no key*/(Paperwork) : <b>Paperwork</b> yawns. (76,119,2)
[04:37:52]EMOTE: *no key*/(Poly) : <b>Poly</b> bawks! (118,83,2)
[04:38:03]EMOTE: *no key*/(Runtime) : <b>Runtime</b> sits down. (160,109,2)
[04:38:12]EMOTE: *no key*/(Poly) : <b>Poly</b> squawks. (118,83,2)
[04:38:14]SAY: Medibot/ : Radar, put a mask on! (155,73,1)
[04:38:15]EMOTE: *no key*/(Mala II) : <b>Mala II</b> waves its tail. (144,139,2)
[04:38:19]EMOTE: *no key*/(Mala II) : <b>Mala II</b> waves its tail. (144,139,2)
[04:38:35]EMOTE: *no key*/(Runtime) : <b>Runtime</b> lies down. (160,109,2)
[04:38:44]EMOTE: *no key*/(Tom) : <b>Tom</b> shakes. (99,186,2)
[04:38:59]EMOTE: *no key*/(monkey (569)) : <b>The monkey (569)</b> scratches. (160,116,2)
[04:39:03]EMOTE: *no key*/(monkey (700)) : <b>The monkey (700)</b> waves her tail. (160,99,2)
[04:39:11]EMOTE: *no key*/(monkey (923)) : <b>The monkey (923)</b> waves her tail. (161,119,2)
[04:39:13]EMOTE: *no key*/(Runtime) : <b>Runtime</b> stops resting. (160,109,2)
[04:39:18]EMOTE: *no key*/(crab) : <b>The crab</b> clacks. (64,182,9)
[04:39:20]EMOTE: *no key*/(Poly) : <b>Poly</b> flutters its wings. (118,83,2)
[04:39:53]SAY: Medibot/ : I knew it, I should&#39;ve been a plastic surgeon. (154,73,1)
[04:39:59]EMOTE: *no key*/(Tom) : <b>Tom</b> shakes. (99,186,2)
[04:40:21]EMOTE: *no key*/(Poly) : <b>Poly</b> squawks. (118,83,2)
[04:40:23]EMOTE: *no key*/(monkey (380)) : <b>The monkey (380)</b> rolls. (160,117,2)
[04:40:41]ACCESS: Logout: PokefanBrez/(Jazmine Scott)
[04:40:49]SAY: mouse/ : Squeek! (50,155,2)
[04:40:51]SAY: Nobody's Perfect/ : What kind of medbay is this? Everyone&#39;s dropping like flies. (24,75,1)
[04:40:55]SAY: Poly/ : Helps-The-Station has signed up as Bartender (118,83,2)
[04:40:55]EMOTE: *no key*/(Ian) : <b>Ian</b> dances around. (109,121,2)
[04:40:59]EMOTE: *no key*/(Runtime) : <b>Runtime</b> shakes out its coat. (160,109,2)
[04:41:06]EMOTE: *no key*/(Runtime) : <b>Runtime</b> crouches on its hind legs. (160,108,2)
[04:41:10]EMOTE: *no key*/(monkey (702)) : <b>The monkey (702)</b> waves his tail. (159,101,2)
[04:41:15]EMOTE: *no key*/(Ian) : <b>Ian</b> woofs! (109,121,2)
[04:41:19]SAY: Poly/ : So what is wrong in there? (118,83,2)
[04:41:26]EMOTE: *no key*/(monkey (700)) : <b>The monkey (700)</b> waves her tail. (161,99,2)
[04:41:27]SAY: Medibot/ : I knew it, I should&#39;ve been a plastic surgeon. (180,160,7)
[04:41:31]SAY: Medibot/ : Delicious! (154,73,1)
[04:41:31]EMOTE: *no key*/(crab) : <b>The crab</b> clacks. (62,182,9)
[04:41:35]SAY: mouse/ : Squeek? (50,156,2)
[04:41:36]EMOTE: *no key*/(Runtime) : <b>Runtime</b> walks around. (160,108,2)
[04:41:37]SAY: mouse/ : Squeek? (182,153,2)
[04:41:42]SAY: Medibot/ : What kind of medbay is this? Everyone&#39;s dropping like flies. (155,73,1)
[04:41:48]EMOTE: *no key*/(crab) : <b>The crab</b> clacks. (62,182,9)
[04:41:48]SAY: Poly/ : Clown is okay (118,83,2)
[04:41:50]SAY: mouse/ : SQUEEK! (50,156,2)
[04:41:58]EMOTE: *no key*/(grey baby slime (13)) : <b>The grey baby slime (13)</b> lights up for a bit, then stops. (176,92,2)
[04:42:04]SAY: Tom/ : SQUEEK! (100,184,2)
[04:42:06]SAY: Medibot/ : Radar, put a mask on! (155,73,1)
[04:42:06]EMOTE: *no key*/(monkey (702)) : <b>The monkey (702)</b> rolls. (160,101,2)
[04:42:08]EMOTE: *no key*/(Mala II) : <b>Mala II</b> scratches. (144,139,2)
[04:42:24]SAY: Tom/ : SQUEEK! (101,184,2)
[04:42:34]EMOTE: *no key*/(monkey (858)) : <b>The monkey (858)</b> scratches. (158,99,2)
[04:42:36]SAY: Ian/ : Woof! (109,121,2)
[04:42:36]EMOTE: *no key*/(monkey (858)) : <b>The monkey (858)</b> rolls. (158,99,2)
[04:42:38]SAY: Runtime/ : Meow! (160,107,2)
[04:42:48]SAY: Medibot/ : I knew it, I should&#39;ve been a plastic surgeon. (155,73,1)
[04:43:00]EMOTE: *no key*/(monkey (700)) : <b>The monkey (700)</b> jumps! (161,100,2)
[04:43:14]EMOTE: *no key*/(monkey (937)) : <b>The monkey (937)</b> waves her tail. (159,100,2)
[04:43:18]EMOTE: *no key*/(monkey (937)) : <b>The monkey (937)</b> scratches. (159,100,2)
[04:43:20]EMOTE: *no key*/(monkey (923)) : <b>The monkey (923)</b> waves her tail. (160,119,2)
[04:43:20]EMOTE: *no key*/(monkey (571)) : <b>The monkey (571)</b> scratches. (161,118,2)
[04:43:42]EMOTE: *no key*/(monkey (562)) : <b>The monkey (562)</b> scratches. (161,100,2)
[04:43:42]EMOTE: *no key*/(crab) : <b>The crab</b> clicks. (61,182,9)
[04:43:47]GAME: Random Event triggering: Camera Failure (/datum/round_event/camera_failure)
[04:43:56]EMOTE: *no key*/(grey baby slime (283)) : <b>The grey baby slime (283)</b> bounces in place. (167,94,2)
[04:44:08]EMOTE: *no key*/(Runtime) : <b>Runtime</b> grooms its fur. (159,107,2)
[04:44:14]EMOTE: *no key*/(Tom) : <b>Tom</b> squeeks. (101,184,2)
[04:44:18]EMOTE: *no key*/(Runtime) : <b>Runtime</b> sits down. (160,107,2)
[04:44:18]EMOTE: *no key*/(Ian) : <b>Ian</b> dances around. (109,120,2)
[04:44:20]EMOTE: *no key*/(monkey (562)) : <b>The monkey (562)</b> scratches. (159,100,2)
[04:44:22]EMOTE: *no key*/(Poly) : <b>Poly</b> flutters its wings. (118,83,2)
[04:44:34]SAY: mouse/ : Squeek! (91,154,2)
[04:44:36]EMOTE: *no key*/(monkey (571)) : <b>The monkey (571)</b> waves his tail. (161,117,2)
[04:44:44]EMOTE: *no key*/(Poly) : <b>Poly</b> squawks. (118,83,2)
[04:44:52]SAY: Nobody's Perfect/ : Radar, put a mask on! (24,75,1)
[04:44:56]EMOTE: *no key*/(monkey (380)) : <b>The monkey (380)</b> jumps! (161,120,2)
[04:44:58]EMOTE: *no key*/(monkey (571)) : <b>The monkey (571)</b> jumps! (161,116,2)
[04:45:10]SAY: Medibot/ : I knew it, I should&#39;ve been a plastic surgeon. (154,73,1)
[04:45:28]EMOTE: *no key*/(mouse) : <b>The mouse</b> shakes. (181,152,2)
[04:45:46]EMOTE: *no key*/(Mala II) : <b>Mala II</b> rolls. (144,139,2)
[04:45:50]EMOTE: *no key*/(Mala II) : <b>Mala II</b> waves its tail. (144,139,2)
[04:45:56]SAY: Poly/ : AI please open this door (118,83,2)
[04:46:00]EMOTE: *no key*/(monkey (380)) : <b>The monkey (380)</b> scratches. (160,118,2)
[04:46:11]SAY: Poly/ : The fuck (118,83,2)
[04:46:23]EMOTE: *no key*/(monkey (923)) : <b>The monkey (923)</b> rolls. (160,117,2)
[04:46:27]EMOTE: *no key*/(monkey (702)) : <b>The monkey (702)</b> rolls. (159,101,2)
[04:46:27]EMOTE: *no key*/(mouse) : <b>The mouse</b> shakes. (50,156,2)
[04:46:27]SAY: Poly/ : I need a doctor (118,83,2)
[04:46:49]EMOTE: *no key*/(Ian) : <b>Ian</b> chases its tail! (109,121,2)
[04:46:51]EMOTE: *no key*/(monkey (166)) : <b>The monkey (166)</b> rolls. (160,117,2)
[04:46:55]SAY: Poly/ : What the fuck. (118,83,2)
[04:46:59]EMOTE: *no key*/(mouse) : <b>The mouse</b> shakes. (107,62,2)
[04:47:07]SAY: Nobody's Perfect/ : There&#39;s always a catch, and I&#39;m the best there is. (24,75,1)
[04:47:09]SAY: Tom/ : Squeek? (99,186,2)
[04:47:17]EMOTE: *no key*/(monkey (562)) : <b>The monkey (562)</b> waves her tail. (160,101,2)
[04:47:19]EMOTE: *no key*/(monkey (702)) : <b>The monkey (702)</b> scratches. (159,99,2)
[04:47:21]EMOTE: *no key*/(monkey (858)) : <b>The monkey (858)</b> rolls. (157,99,2)
[04:47:31]EMOTE: *no key*/(crab) : <b>The crab</b> clacks. (62,182,9)
[04:47:43]SAY: Tom/ : SQUEEK! (98,185,2)
[04:47:51]EMOTE: *no key*/(Tom) : <b>Tom</b> runs in a circle. (98,185,2)
[04:47:53]SAY: mouse/ : Squeek? (96,148,2)
[04:48:00]GAME: Emitter lost power in (110,56,2)
[04:48:00]GAME: Emitter lost power in (116,57,2)
[04:48:00]GAME: Emitter lost power in (110,57,2)
[04:48:00]GAME: Emitter lost power in (116,56,2)
[04:48:05]EMOTE: *no key*/(mouse) : <b>The mouse</b> squeeks. (96,147,2)
[04:48:12]EMOTE: *no key*/(crab) : <b>The crab</b> clicks. (63,182,9)
[04:48:22]SAY: Runtime/ : HSSSSS (160,107,2)
[04:48:25]EMOTE: *no key*/(Ian) : <b>Ian</b> dances around. (108,120,2)
[04:48:37]EMOTE: *no key*/(monkey (83)) : <b>The monkey (83)</b> scratches. (160,118,2)
[04:48:43]EMOTE: *no key*/(monkey (702)) : <b>The monkey (702)</b> jumps! (159,99,2)
[04:48:56]EMOTE: *no key*/(mouse) : <b>The mouse</b> squeeks. (181,151,2)
[04:49:01]EMOTE: *no key*/(monkey (562)) : <b>The monkey (562)</b> scratches. (160,99,2)
[04:49:07]EMOTE: *no key*/(Mala II) : <b>Mala II</b> jumps! (144,139,2)
[04:49:10]SAY: mouse/ : Squeek! (94,153,2)
[04:49:11]EMOTE: *no key*/(Runtime) : <b>Runtime</b> crouches on its hind legs. (160,107,2)
[04:49:17]EMOTE: *no key*/(monkey (569)) : <b>The monkey (569)</b> jumps! (160,118,2)
[04:49:23]SAY: Nobody's Perfect/ : I knew it, I should&#39;ve been a plastic surgeon. (24,75,1)
[04:49:27]SAY: Ian/ : Bark! (108,121,2)
[04:49:31]EMOTE: *no key*/(Mala II) : <b>Mala II</b> scratches. (144,139,2)
[04:49:35]SAY: grey baby slime (283)/ : Rawr... (165,92,2)
[04:50:05]EMOTE: *no key*/(Paperwork) : <b>Paperwork</b> looks around sleepily. (74,118,2)
[04:50:09]GAME: Random Event triggering: False Alarm (/datum/round_event/falsealarm)
[04:50:13]EMOTE: *no key*/(mouse) : <b>The mouse</b> runs in a circle. (181,152,2)
[04:50:23]EMOTE: *no key*/(monkey (380)) : <b>The monkey (380)</b> scratches. (160,120,2)
[04:50:37]EMOTE: *no key*/(mouse) : <b>The mouse</b> runs in a circle. (181,152,2)
[04:50:41]EMOTE: *no key*/(grey baby slime (283)) : <b>The grey baby slime (283)</b> vibrates! (165,93,2)
[04:50:43]EMOTE: *no key*/(monkey (937)) : <b>The monkey (937)</b> rolls. (159,101,2)
[04:50:51]EMOTE: *no key*/(mouse) : <b>The mouse</b> runs in a circle. (96,146,2)
[04:50:55]SAY: Runtime/ : Meow! (160,107,2)
[04:50:55]EMOTE: *no key*/(grey baby slime (283)) : <b>The grey baby slime (283)</b> vibrates! (165,92,2)
[04:51:01]SAY: Poly/ : Check this out (118,83,2)
[04:51:11]EMOTE: *no key*/(crab) : <b>The crab</b> clicks. (63,182,9)
[04:51:27]EMOTE: *no key*/(monkey (166)) : <b>The monkey (166)</b> jumps! (161,118,2)
[04:51:29]SAY: Runtime/ : Esp! (160,107,2)
[04:51:31]EMOTE: *no key*/(grey baby slime (283)) : <b>The grey baby slime (283)</b> jiggles! (166,94,2)
[04:51:43]EMOTE: *no key*/(monkey (923)) : <b>The monkey (923)</b> rolls. (161,118,2)
[04:51:55]EMOTE: *no key*/(monkey (923)) : <b>The monkey (923)</b> jumps! (160,118,2)
[04:51:57]EMOTE: *no key*/(monkey (571)) : <b>The monkey (571)</b> jumps! (161,120,2)
[04:52:15]EMOTE: *no key*/(monkey (562)) : <b>The monkey (562)</b> jumps! (158,100,2)
[04:52:17]EMOTE: *no key*/(Runtime) : <b>Runtime</b> sits down. (160,107,2)
[04:52:21]SAY: mouse/ : SQUEEK! (96,147,2)
[04:52:30]SAY: Medibot/ : What kind of medbay is this? Everyone&#39;s dropping like flies. (180,160,7)
[04:52:31]EMOTE: *no key*/(monkey (571)) : <b>The monkey (571)</b> scratches. (160,117,2)
[04:52:48]SAY: Poly/ : I want a pressure-proofing potion from science ASAP (118,83,2)
[04:52:53]EMOTE: *no key*/(monkey (569)) : <b>The monkey (569)</b> waves his tail. (161,120,2)
[04:52:55]EMOTE: *no key*/(monkey (923)) : <b>The monkey (923)</b> scratches. (160,117,2)
[04:53:09]EMOTE: *no key*/(Runtime) : <b>Runtime</b> stops resting. (160,107,2)
[04:53:14]SAY: mouse/ : Squeek! (96,148,2)
[04:53:18]SAY: mouse/ : Squeek? (96,148,2)
[04:53:19]EMOTE: *no key*/(monkey (702)) : <b>The monkey (702)</b> rolls. (161,101,2)
[04:53:22]SAY: Poly/ : That would harm humans (118,83,2)
[04:53:28]SAY: Medibot/ : I knew it, I should&#39;ve been a plastic surgeon. (154,73,1)
[04:53:30]EMOTE: *no key*/(Paperwork) : <b>Paperwork</b> dozes off. (72,118,2)
[04:53:37]EMOTE: *no key*/(monkey (937)) : <b>The monkey (937)</b> rolls. (159,101,2)
[04:53:38]SAY: mouse/ : Squeek! (182,153,2)
[04:53:45]EMOTE: *no key*/(monkey (569)) : <b>The monkey (569)</b> waves his tail. (161,118,2)
[04:53:46]SAY: Poly/ : Is anyone injured? (118,83,2)
[04:53:50]SAY: Runtime/ : Purr! (158,109,2)
[04:53:53]SAY: grey baby slime (283)/ : Blorble... (165,92,2)
[04:53:53]EMOTE: *no key*/(Runtime) : <b>Runtime</b> lies down. (158,109,2)
[04:53:56]SAY: Runtime/ : Purr! (158,109,2)
[04:54:02]SAY: mouse/ : Squeek! (93,153,2)
[04:54:04]SAY: Ian/ : AUUUUUU (109,117,2)
[04:54:08]EMOTE: *no key*/(crab) : <b>The crab</b> clacks. (64,182,9)
[04:54:12]SAY: Medibot/ : Delicious! (155,73,1)
[04:54:18]SAY: Poly/ : Hello human (118,83,2)
[04:54:20]SAY: Medibot/ : Delicious! (180,160,7)
[04:54:25]EMOTE: *no key*/(monkey (380)) : <b>The monkey (380)</b> rolls. (161,118,2)
[04:54:26]SAY: Medibot/ : What kind of medbay is this? Everyone&#39;s dropping like flies. (180,160,7)
[04:54:27]EMOTE: *no key*/(monkey (571)) : <b>The monkey (571)</b> jumps! (160,118,2)
[04:54:30]EMOTE: *no key*/(Paperwork) : <b>Paperwork</b> dozes off. (73,115,2)
[04:54:30]SAY: Tom/ : Squeek! (101,185,2)
[04:54:37]EMOTE: *no key*/(Runtime) : <b>Runtime</b> gets up and meows. (158,109,2)
[04:54:41]EMOTE: *no key*/(monkey (702)) : <b>The monkey (702)</b> jumps! (160,100,2)
[04:54:44]ACCESS: Logout: Innovlectual/(Dayna Gibson)
[04:54:44]EMOTE: *no key*/(crab) : <b>The crab</b> clacks. (64,182,9)
[04:54:46]SAY: mouse/ : Squeek? (182,153,2)
[04:54:52]EMOTE: *no key*/(monkey (562)) : <b>The monkey (562)</b> waves her tail. (157,101,2)
[04:54:56]EMOTE: *no key*/(mouse) : <b>The mouse</b> shakes. (96,149,2)
[04:54:58]SAY: Medibot/ : Delicious! (180,160,7)
[04:55:04]EMOTE: *no key*/(Paperwork) : <b>Paperwork</b> yawns. (72,115,2)
[04:55:06]EMOTE: *no key*/(monkey (83)) : <b>The monkey (83)</b> rolls. (160,118,2)
[04:55:28]EMOTE: *no key*/(Runtime) : <b>Runtime</b> shakes out its coat. (160,109,2)
[04:55:32]GAME: Random Event triggering: Grid Check (/datum/round_event/grid_check)
[04:55:33]SAY: mouse/ : Squeek! (96,150,2)
[04:55:42]EMOTE: *no key*/(monkey (700)) : <b>The monkey (700)</b> scratches. (160,99,2)
[04:55:51]EMOTE: *no key*/(mouse) : <b>The mouse</b> runs in a circle. (113,62,2)
[04:55:54]EMOTE: *no key*/(grey baby slime (13)) : <b>The grey baby slime (13)</b> jiggles! (177,93,2)
[04:55:54]EMOTE: *no key*/(Runtime) : <b>Runtime</b> wags its tail. (159,108,2)
[04:56:14]SAY: Officer Beepsky/ : Engaging patrol mode. (132,130,2)
[04:56:16]SAY: grey baby slime (13)/ : Blop... (176,94,2)
[04:56:18]SAY: Officer Beepsky/ : Engaging patrol mode. (132,130,2)
[04:56:22]EMOTE: *no key*/(monkey (937)) : <b>The monkey (937)</b> scratches. (161,100,2)
[04:56:23]SAY: Officer Beepsky/ : Engaging patrol mode. (132,130,2)
[04:56:44]SAY: Medibot/ : There&#39;s always a catch, and I&#39;m the best there is. (155,73,1)
[04:56:44]SAY: grey baby slime (283)/ : Rawr... (166,94,2)
[04:56:50]SAY: mouse/ : SQUEEK! (185,154,2)
[04:56:50]SAY: Medibot/ : I knew it, I should&#39;ve been a plastic surgeon. (154,73,1)
[04:56:50]EMOTE: *no key*/(monkey (83)) : <b>The monkey (83)</b> rolls. (160,117,2)
[04:56:58]EMOTE: *no key*/(Runtime) : <b>Runtime</b> sits down. (159,108,2)
[04:57:03]SAY: Officer Beepsky/ : Engaging patrol mode. (114,141,2)
[04:57:04]EMOTE: *no key*/(monkey (83)) : <b>The monkey (83)</b> scratches. (161,116,2)
[04:57:12]EMOTE: *no key*/(monkey (562)) : <b>The monkey (562)</b> rolls. (157,101,2)
[04:57:14]EMOTE: *no key*/(Runtime) : <b>Runtime</b> looks alert. (159,108,2)
[04:57:22]SAY: Runtime/ : Purr! (159,108,2)
[04:57:22]SAY: Tom/ : Squeek! (100,186,2)
[04:57:26]SAY: Medibot/ : I knew it, I should&#39;ve been a plastic surgeon. (154,73,1)
[04:57:41]EMOTE: *no key*/(Runtime) : <b>Runtime</b> stops resting. (159,108,2)
[04:57:42]SAY: Medibot/ : What kind of medbay is this? Everyone&#39;s dropping like flies. (180,160,7)
[04:57:43]EMOTE: *no key*/(monkey (569)) : <b>The monkey (569)</b> scratches. (160,116,2)
[04:57:45]EMOTE: *no key*/(monkey (562)) : <b>The monkey (562)</b> scratches. (158,101,2)
[04:57:55]EMOTE: *no key*/(Runtime) : <b>Runtime</b> meows. (160,108,2)
[04:57:59]EMOTE: *no key*/(monkey (702)) : <b>The monkey (702)</b> rolls. (161,101,2)
[04:58:03]EMOTE: *no key*/(Tom) : <b>Tom</b> shakes. (100,185,2)
[04:58:13]EMOTE: *no key*/(Paperwork) : <b>Paperwork</b> yawns. (73,117,2)
[04:58:25]EMOTE: *no key*/(monkey (700)) : <b>The monkey (700)</b> rolls. (161,101,2)
[04:58:31]EMOTE: *no key*/(monkey (380)) : <b>The monkey (380)</b> rolls. (161,118,2)
[04:58:37]EMOTE: *no key*/(Runtime) : <b>Runtime</b> grooms its fur. (160,108,2)
[04:58:39]EMOTE: *no key*/(Runtime) : <b>Runtime</b> wags its tail. (160,108,2)
[04:58:39]EMOTE: *no key*/(monkey (571)) : <b>The monkey (571)</b> waves his tail. (160,120,2)
[04:58:46]EMOTE: *no key*/(Ian) : <b>Ian</b> shakes its head. (109,120,2)
[04:58:47]EMOTE: *no key*/(grey baby slime (283)) : <b>The grey baby slime (283)</b> bounces in place. (166,93,2)
[04:59:19]EMOTE: *no key*/(monkey (569)) : <b>The monkey (569)</b> rolls. (160,117,2)
[04:59:27]EMOTE: *no key*/(Ian) : <b>Ian</b> dances around. (108,120,2)
[04:59:29]EMOTE: *no key*/(Runtime) : <b>Runtime</b> wags its tail. (160,108,2)
[04:59:29]EMOTE: *no key*/(monkey (571)) : <b>The monkey (571)</b> scratches. (160,120,2)
[04:59:32]SAY: Runtime/ : Esp! (160,108,2)
[04:59:44]EMOTE: *no key*/(crab) : <b>The crab</b> clicks. (62,182,9)
[04:59:56]EMOTE: *no key*/(mouse) : <b>The mouse</b> runs in a circle. (97,153,2)
[05:00:21]EMOTE: *no key*/(mouse) : <b>The mouse</b> squeeks. (91,154,2)
[05:00:25]EMOTE: *no key*/(monkey (700)) : <b>The monkey (700)</b> scratches. (161,100,2)
[05:00:43]SAY: Medibot/ : Delicious! (154,73,1)
[05:00:43]EMOTE: *no key*/(Paperwork) : <b>Paperwork</b> yawns. (74,116,2)
[05:00:45]EMOTE: *no key*/(monkey (569)) : <b>The monkey (569)</b> rolls. (161,118,2)
[05:00:49]EMOTE: *no key*/(monkey (700)) : <b>The monkey (700)</b> waves her tail. (161,100,2)
[05:00:49]EMOTE: *no key*/(monkey (83)) : <b>The monkey (83)</b> jumps! (161,116,2)
[05:00:57]EMOTE: *no key*/(Runtime) : <b>Runtime</b> walks around. (160,108,2)
[05:01:03]SAY: Poly/ : Elo (118,83,2)
[05:01:09]EMOTE: *no key*/(Tom) : <b>Tom</b> squeeks. (99,187,2)
[05:01:15]GAME: Random Event triggering: Minor Space Dust (/datum/round_event/space_dust)
[05:01:15]EMOTE: *no key*/(Ian) : <b>Ian</b> chases its tail! (109,120,2)
[05:01:17]EMOTE: *no key*/(Runtime) : <b>Runtime</b> twitches its whiskers. (160,108,2)
[05:01:19]SAY: Medibot/ : There&#39;s always a catch, and I&#39;m the best there is. (180,160,7)
[05:01:21]EMOTE: *no key*/(monkey (937)) : <b>The monkey (937)</b> jumps! (161,101,2)
[05:01:21]SAY: mouse/ : Squeek! (97,156,2)
[05:01:23]EMOTE: *no key*/(Runtime) : <b>Runtime</b> sits down. (159,108,2)
[05:01:23]SAY: Medibot/ : There&#39;s always a catch, and I&#39;m the best there is. (154,73,1)
[05:01:43]EMOTE: *no key*/(Runtime) : <b>Runtime</b> gets up and meows. (159,108,2)
[05:01:47]EMOTE: *no key*/(Runtime) : <b>Runtime</b> looks alert. (159,108,2)
[05:01:47]SAY: Poly/ : Excesstive force (118,83,2)
[05:01:51]EMOTE: *no key*/(Runtime) : <b>Runtime</b> sits down. (159,108,2)
[05:01:55]EMOTE: *no key*/(grey baby slime (13)) : <b>The grey baby slime (13)</b> lights up for a bit, then stops. (175,92,2)
[05:02:01]EMOTE: *no key*/(Runtime) : <b>Runtime</b> sits down. (159,108,2)
[05:02:03]SAY: Medibot/ : I knew it, I should&#39;ve been a plastic surgeon. (180,160,7)
[05:02:11]EMOTE: *no key*/(Ian) : <b>Ian</b> pants. (108,120,2)
[05:02:21]EMOTE: *no key*/(Runtime) : <b>Runtime</b> lies down. (159,108,2)
[05:02:26]EMOTE: *no key*/(Paperwork) : <b>Paperwork</b> looks around sleepily. (75,115,2)
[05:02:35]EMOTE: *no key*/(monkey (562)) : <b>The monkey (562)</b> scratches. (160,99,2)
[05:02:37]EMOTE: *no key*/(Runtime) : <b>Runtime</b> stops resting. (159,108,2)
[05:02:39]SAY: grey baby slime (13)/ : Blop... (175,94,2)
[05:02:55]SAY: Randy Keener/Ekrub_Cela : should call shuttle? (196,82,2)
[05:03:00]SAY: Randy Keener/Ekrub_Cela : maybe? (196,82,2)
[05:03:00]SAY: Pretends-To-Care/AsciiSquid : Yeah (104,72,2)
[05:03:07]SAY: Pretends-To-Care/AsciiSquid : We&#39;re the only two here (107,66,2)
[05:03:27]SAY: Randy Keener/Ekrub_Cela : you the lizard man? (183,82,2)
[05:03:38]SAY: Medibot/ : Delicious! (155,73,1)
[05:04:02]SAY: Poly/ : Typycally people say no (118,83,2)
[05:04:04]SAY: Medibot/ : Radar, put a mask on! (155,73,1)
[05:04:24]EMOTE: *no key*/(Poly) : <b>Poly</b> squawks. (118,83,2)
[05:04:28]SAY: Randy Keener/Ekrub_Cela : hey PTC, are oyu the lizard man? (180,77,2)
[05:04:29]GAME: Luxury Shuttle loaded at at 109,141,1
[05:04:30]GAME: Luxury Shuttle loaded at at 109,141,1
[05:04:34]EMOTE: *no key*/(Ian) : <b>Ian</b> chases its tail! (109,119,2)
[05:04:35]EMOTE: *no key*/(Paperwork) : <b>Paperwork</b> dozes off. (75,118,2)
[05:04:36]EMOTE: *no key*/(monkey (923)) : <b>The monkey (923)</b> waves her tail. (161,120,2)
[05:04:39]SAY: Pretends-To-Care/AsciiSquid : Yep (113,137,2)
[05:04:43]EMOTE: *no key*/(crab) : <b>The crab</b> clacks. (63,182,9)
[05:04:46]EMOTE: *no key*/(Runtime) : <b>Runtime</b> twitches its whiskers. (157,108,2)
[05:04:46]EMOTE: *no key*/(Ian) : <b>Ian</b> chases its tail! (109,119,2)
[05:04:47]SAY: Randy Keener/Ekrub_Cela : why you chase earlier? (180,77,2)
[05:04:48]EMOTE: *no key*/(monkey (569)) : <b>The monkey (569)</b> scratches. (160,119,2)
[05:04:51]EMOTE: *no key*/(Ian) : <b>Ian</b> shakes its head. (109,119,2)
[05:05:00]EMOTE: *no key*/(Runtime) : <b>Runtime</b> twitches its whiskers. (157,107,2)
[05:05:06]EMOTE: *no key*/(monkey (166)) : <b>The monkey (166)</b> rolls. (160,116,2)
[05:05:12]EMOTE: *no key*/(monkey (702)) : <b>The monkey (702)</b> scratches. (160,101,2)
[05:05:16]SAY: Pretends-To-Care/AsciiSquid : We are the only two here, figured we should at least meet up (125,134,2)
[05:05:19]SAY: Medibot/ : Radar, put a mask on! (155,73,1)
[05:05:23]SAY: Medibot/ : There&#39;s always a catch, and I&#39;m the best there is. (154,73,1)
[05:05:28]SAY: Pretends-To-Care/AsciiSquid : But you kept running off (139,136,2)
[05:05:28]EMOTE: *no key*/(monkey (571)) : <b>The monkey (571)</b> jumps! (160,119,2)
[05:05:29]GAME: Random Event triggering: Minor Space Dust (/datum/round_event/space_dust)
[05:05:32]SAY: mouse/ : SQUEEK! (107,66,2)
[05:05:34]EMOTE: *no key*/(crab) : <b>The crab</b> clicks. (61,182,9)
[05:05:36]EMOTE: *no key*/(monkey (923)) : <b>The monkey (923)</b> scratches. (161,118,2)
[05:05:38]SAY: Randy Keener/Ekrub_Cela : yeah sure, why not say somthing? (177,71,2)
[05:05:46]SAY: grey baby slime (13)/ : Blorble... (175,93,2)
[05:05:54]EMOTE: *no key*/(monkey (166)) : <b>The monkey (166)</b> scratches. (160,117,2)
[05:05:55]SAY: Pretends-To-Care/AsciiSquid : We were chasing eachother while the power was out (169,126,2)
[05:06:00]EMOTE: *no key*/(monkey (700)) : <b>The monkey (700)</b> waves her tail. (158,100,2)
[05:06:03]SAY: Randy Keener/Ekrub_Cela : I thought you had &#34;other&#34; intentions. (177,71,2)
[05:06:05]SAY: Pretends-To-Care/AsciiSquid : The comms were down (169,126,2)
[05:06:26]SAY: Pretends-To-Care/AsciiSquid : Also the other cargo was a traitor, but they SD (169,128,2)
[05:06:34]SAY: Poly/ : The queen is back in maint (118,83,2)
[05:06:40]SAY: Randy Keener/Ekrub_Cela : SSSD? (177,70,2)
[05:06:42]EMOTE: *no key*/(monkey (166)) : <b>The monkey (166)</b> waves his tail. (160,120,2)
[05:06:46]EMOTE: *no key*/(Ian) : <b>Ian</b> chases its tail! (108,118,2)
[05:06:51]SAY: Pretends-To-Care/AsciiSquid : Space Sleep Disorder, AFK (188,132,2)
[05:06:54]EMOTE: *no key*/(Mala II) : <b>Mala II</b> scratches. (144,139,2)
[05:07:06]EMOTE: *no key*/(monkey (702)) : <b>The monkey (702)</b> scratches. (157,100,2)
[05:07:16]EMOTE: *no key*/(Mala II) : <b>Mala II</b> jumps! (144,139,2)
[05:07:24]SAY: Medibot/ : Delicious! (155,73,1)
[05:07:42]EMOTE: *no key*/(mouse) : <b>The mouse</b> runs in a circle. (183,154,2)
[05:07:46]SAY: Nobody's Perfect/ : Radar, put a mask on! (24,75,1)
[05:07:54]SAY: Randy Keener/Ekrub_Cela : hmm, well. waht should we do until the heat death of the universe? (177,70,2)
[05:07:54]SAY: grey baby slime (283)/ : Blop... (165,92,2)
[05:07:58]EMOTE: *no key*/(monkey (380)) : <b>The monkey (380)</b> scratches. (160,117,2)
[05:08:01]GAME: AsciiSquid/(Pretends-To-Care) has called the shuttle.
[05:08:01]GAME: Shuttle call reason: Nothing to do
[05:08:12]SAY: Randy Keener/Ekrub_Cela : well, what should we do until the heat death of the universe? (177,70,2)
[05:08:12]EMOTE: *no key*/(Ian) : <b>Ian</b> chases its tail! (109,120,2)
[05:08:18]EMOTE: *no key*/(Poly) : <b>Poly</b> squawks. (118,83,2)
[05:08:18]EMOTE: *no key*/(Runtime) : <b>Runtime</b> crouches on its hind legs. (158,108,2)
[05:08:21]EMOTE: *no key*/(monkey (923)) : <b>The monkey (923)</b> scratches. (160,118,2)
[05:08:22]GAME: Emitter lost power in (110,56,2)
[05:08:22]GAME: Emitter lost power in (116,57,2)
[05:08:22]GAME: Emitter lost power in (110,57,2)
[05:08:22]GAME: Emitter lost power in (116,56,2)
[05:08:26]SAY: Pretends-To-Care/AsciiSquid : Pretend to care (123,140,2)
[05:08:38]EMOTE: *no key*/(Ian) : <b>Ian</b> chases its tail. (108,119,2)
[05:08:44]SAY: Medibot/ : Radar, put a mask on! (180,160,7)
[05:08:45]EMOTE: *no key*/(monkey (702)) : <b>The monkey (702)</b> scratches. (160,100,2)
[05:08:53]EMOTE: *no key*/(grey baby slime (283)) : <b>The grey baby slime (283)</b> bounces in place. (165,93,2)
[05:08:55]EMOTE: *no key*/(monkey (83)) : <b>The monkey (83)</b> rolls. (161,117,2)
[05:08:57]EMOTE: *no key*/(grey baby slime (13)) : <b>The grey baby slime (13)</b> jiggles! (177,93,2)
[05:08:58]EMOTE: *no key*/(Tom) : <b>Tom</b> runs in a circle. (105,190,2)
[05:08:59]EMOTE: *no key*/(monkey (562)) : <b>The monkey (562)</b> waves her tail. (158,99,2)
[05:09:00]EMOTE: *no key*/(crab) : <b>The crab</b> clacks. (62,182,9)
[05:09:11]EMOTE: *no key*/(mouse) : <b>The mouse</b> runs in a circle. (106,68,2)
[05:09:13]SAY: Nobody's Perfect/ : There&#39;s always a catch, and I&#39;m the best there is. (24,75,1)
[05:09:17]EMOTE: *no key*/(monkey (562)) : <b>The monkey (562)</b> rolls. (158,101,2)
[05:09:29]EMOTE: *no key*/(monkey (923)) : <b>The monkey (923)</b> jumps! (161,120,2)
[05:09:29]EMOTE: *no key*/(crab) : <b>The crab</b> clacks. (63,182,9)
[05:09:31]EMOTE: *no key*/(Paperwork) : <b>Paperwork</b> snores. (72,121,2)
[05:09:37]EMOTE: *no key*/(Ian) : <b>Ian</b> chases its tail! (109,121,2)
[05:09:57]EMOTE: *no key*/(Runtime) : <b>Runtime</b> lies down. (158,108,2)
[05:09:57]EMOTE: *no key*/(monkey (569)) : <b>The monkey (569)</b> rolls. (161,120,2)
[05:10:02]ACCESS: Logout: Ekrub_Cela/(Randy Keener)
[05:10:02]ACCESS: Login: Ekrub_Cela from 173.189.133.96-1589338793 || BYOND v512
[05:10:02]ACCESS: Mob Login: Ekrub_Cela/(Randy Keener) was assigned to a /mob/living/carbon/human
[05:10:07]SAY: Poly/ : Come back soon. (118,83,2)
[05:10:09]EMOTE: *no key*/(Tom) : <b>Tom</b> squeeks. (102,190,2)
[05:10:11]EMOTE: *no key*/(mouse) : <b>The mouse</b> squeeks. (182,152,2)
[05:10:17]SAY: Medibot/ : Delicious! (180,160,7)
[05:10:17]EMOTE: *no key*/(Paperwork) : <b>Paperwork</b> snores. (74,119,2)
[05:10:31]SAY: Runtime/ : Meow! (158,108,2)
[05:10:35]EMOTE: *no key*/(monkey (571)) : <b>The monkey (571)</b> scratches. (161,116,2)
[05:10:37]EMOTE: *no key*/(crab) : <b>The crab</b> clacks. (64,182,9)
[05:10:37]SAY: Poly/ : Come back soon. (118,83,2)
[05:10:47]SAY: mouse/ : SQUEEK! (180,152,2)
[05:10:49]EMOTE: *no key*/(Poly) : <b>Poly</b> squawks. (118,83,2)
[05:11:01]SAY: mouse/ : Squeek! (180,152,2)
[05:11:07]EMOTE: *no key*/(Ian) : <b>Ian</b> chases its tail! (108,121,2)
[05:11:19]EMOTE: *no key*/(monkey (562)) : <b>The monkey (562)</b> rolls. (158,100,2)
[05:11:42]SAY: Pretends-To-Care/AsciiSquid : Oh hi (77,127,2)
[05:11:47]SAY: Nobody's Perfect/ : What kind of medbay is this? Everyone&#39;s dropping like flies. (24,75,1)
[05:12:01]EMOTE: *no key*/(monkey (937)) : <b>The monkey (937)</b> waves her tail. (159,101,2)
[05:12:08]GAME: Random Event triggering: Minor Space Dust (/datum/round_event/space_dust)
[05:12:21]EMOTE: *no key*/(monkey (571)) : <b>The monkey (571)</b> waves his tail. (160,119,2)
[05:12:24]EMOTE: *no key*/(Runtime) : <b>Runtime</b> shakes its head. (158,108,2)
[05:12:35]EMOTE: *no key*/(monkey (702)) : <b>The monkey (702)</b> waves his tail. (158,101,2)
[05:12:52]SAY: mouse/ : Squeek! (182,152,2)
[05:13:12]EMOTE: *no key*/(Poly) : <b>Poly</b> flutters its wings. (118,83,2)
[05:13:28]EMOTE: AsciiSquid/(Pretends-To-Care) : <b>Pretends-To-Care</b> wags his tail. (136,148,2)
[05:13:35]SAY: grey baby slime (283)/ : Lonely... (166,94,2)
[05:13:36]EMOTE: *no key*/(Poly) : <b>Poly</b> bawks! (118,83,2)
[05:13:53]EMOTE: *no key*/(grey baby slime (283)) : <b>The grey baby slime (283)</b> jiggles! (166,94,2)
[05:13:56]EMOTE: *no key*/(Tom) : <b>Tom</b> runs in a circle. (102,190,2)
[05:14:16]EMOTE: *no key*/(Poly) : <b>Poly</b> squawks. (118,83,2)
[05:14:17]EMOTE: *no key*/(grey baby slime (283)) : <b>The grey baby slime (283)</b> vibrates! (167,94,2)
[05:14:21]EMOTE: *no key*/(monkey (166)) : <b>The monkey (166)</b> rolls. (160,116,2)
[05:14:27]EMOTE: *no key*/(Mala II) : <b>Mala II</b> waves its tail. (144,139,2)
[05:14:32]SAY: Poly/ : 6 Sheets (118,83,2)
[05:14:36]EMOTE: *no key*/(Tom) : <b>Tom</b> shakes. (101,190,2)
[05:14:40]SAY: Medibot/ : There&#39;s always a catch, and I&#39;m the best there is. (154,73,1)
[05:15:03]EMOTE: *no key*/(grey baby slime (13)) : <b>The grey baby slime (13)</b> lights up for a bit, then stops. (176,92,2)
[05:15:04]SAY: Medibot/ : Radar, put a mask on! (180,160,7)
[05:15:07]EMOTE: *no key*/(Runtime) : <b>Runtime</b> sits down. (158,108,2)
[05:15:07]EMOTE: *no key*/(Ian) : <b>Ian</b> chases its tail! (109,120,2)
[05:15:08]EMOTE: *no key*/(mouse) : <b>The mouse</b> shakes. (183,154,2)
[05:15:17]EMOTE: *no key*/(monkey (858)) : <b>The monkey (858)</b> scratches. (160,100,2)
[05:15:23]EMOTE: *no key*/(monkey (700)) : <b>The monkey (700)</b> scratches. (159,99,2)
[05:15:24]EMOTE: *no key*/(Ian) : <b>Ian</b> pants. (108,120,2)
[05:15:29]EMOTE: *no key*/(monkey (166)) : <b>The monkey (166)</b> rolls. (160,117,2)
[05:15:36]EMOTE: *no key*/(Paperwork) : <b>Paperwork</b> snores. (83,115,2)
[05:15:39]EMOTE: *no key*/(grey baby slime (13)) : <b>The grey baby slime (13)</b> lights up for a bit, then stops. (175,93,2)
[05:15:45]EMOTE: *no key*/(monkey (380)) : <b>The monkey (380)</b> rolls. (160,119,2)
[05:15:52]SAY: Medibot/ : There&#39;s always a catch, and I&#39;m the best there is. (154,73,1)
[05:16:02]SAY: Runtime/ : Esp! (158,108,2)
[05:16:05]GAME: Random Event triggering: False Alarm (/datum/round_event/falsealarm)
[05:16:11]SAY: Pretends-To-Care/AsciiSquid : Oh shit (190,134,2)
[05:16:13]EMOTE: *no key*/(monkey (858)) : <b>The monkey (858)</b> scratches. (158,101,2)
[05:16:23]EMOTE: *no key*/(monkey (858)) : <b>The monkey (858)</b> scratches. (157,100,2)
[05:16:23]EMOTE: *no key*/(monkey (166)) : <b>The monkey (166)</b> waves his tail. (161,118,2)
[05:16:25]EMOTE: *no key*/(monkey (562)) : <b>The monkey (562)</b> rolls. (161,100,2)
[05:16:29]SAY: Pretends-To-Care/AsciiSquid : Hope you&#39;re still crawling in maint (176,153,2)
[05:16:29]SAY: grey baby slime (283)/ : Blorble... (167,93,2)
[05:16:31]EMOTE: *no key*/(monkey (83)) : <b>The monkey (83)</b> rolls. (161,120,2)
[05:16:43]EMOTE: *no key*/(Runtime) : <b>Runtime</b> sits down. (158,108,2)
[05:16:44]SAY: Medibot/ : I knew it, I should&#39;ve been a plastic surgeon. (154,73,1)
[05:17:07]EMOTE: *no key*/(monkey (380)) : <b>The monkey (380)</b> jumps! (161,117,2)
[05:17:15]EMOTE: *no key*/(monkey (569)) : <b>The monkey (569)</b> rolls. (160,117,2)
[05:17:24]SAY: Randy Keener/Ekrub_Cela : might be. (190,125,2)
[05:17:27]SAY: Randy Keener/Ekrub_Cela : might be (190,125,2)
[05:17:31]SAY: grey baby slime (13)/ : Rawr... (175,94,2)
[05:17:33]EMOTE: *no key*/(grey baby slime (283)) : <b>The grey baby slime (283)</b> lights up for a bit, then stops. (167,92,2)
[05:17:35]SAY: Randy Keener/Ekrub_Cela : hiding from you (190,125,2)
[05:17:36]EMOTE: *no key*/(Paperwork) : <b>Paperwork</b> snores. (80,117,2)
[05:17:43]EMOTE: *no key*/(monkey (858)) : <b>The monkey (858)</b> scratches. (157,101,2)
[05:17:46]EMOTE: *no key*/(Ian) : <b>Ian</b> shivers. (109,118,2)
[05:17:55]EMOTE: *no key*/(monkey (166)) : <b>The monkey (166)</b> waves his tail. (160,120,2)
[05:17:58]SAY: Pretends-To-Care/AsciiSquid : Oh (176,148,2)
[05:17:59]EMOTE: *no key*/(monkey (700)) : <b>The monkey (700)</b> jumps! (160,99,2)
[05:18:04]SAY: Pretends-To-Care/AsciiSquid : Well that&#39;s a bit harsh (176,148,2)
[05:18:04]EMOTE: *no key*/(crab) : <b>The crab</b> clicks. (61,182,9)
[05:18:16]EMOTE: *no key*/(crab) : <b>The crab</b> clacks. (61,182,9)
[05:18:26]EMOTE: *no key*/(monkey (858)) : <b>The monkey (858)</b> rolls. (160,99,2)
[05:18:26]EMOTE: *no key*/(Paperwork) : <b>Paperwork</b> snores. (79,115,2)
[05:18:28]SAY: Pretends-To-Care/AsciiSquid : I even bought this shuttle (205,132,2)
[05:18:30]EMOTE: *no key*/(monkey (166)) : <b>The monkey (166)</b> scratches. (160,118,2)
[05:18:35]SAY: Pretends-To-Care/AsciiSquid : You like? (205,132,2)
[05:18:38]EMOTE: *no key*/(monkey (83)) : <b>The monkey (83)</b> scratches. (161,120,2)
[05:18:42]SAY: Randy Keener/Ekrub_Cela : wow, you invest in stocks? (208,134,2)
[05:18:48]SAY: Pretends-To-Care/AsciiSquid : Someone did (205,132,2)
[05:18:54]EMOTE: *no key*/(monkey (380)) : <b>The monkey (380)</b> rolls. (161,116,2)
[05:18:55]EMOTE: *no key*/(Paperwork) : <b>Paperwork</b> dozes off. (77,116,2)
[05:18:55]SAY: Pretends-To-Care/AsciiSquid : We had a ton of credits (205,132,2)
[05:19:01]SAY: Randy Keener/Ekrub_Cela : you said that cargo tech was a traitor? (208,134,2)
[05:19:03]EMOTE: *no key*/(Poly) : <b>Poly</b> squawks. (118,83,2)
[05:19:05]SAY: Medibot/ : Radar, put a mask on! (180,160,7)
[05:19:12]SAY: Pretends-To-Care/AsciiSquid : Yeah, found them trying to take gloves (205,132,2)
[05:19:17]SAY: Medibot/ : There&#39;s always a catch, and I&#39;m the best there is. (154,73,1)
[05:19:22]SAY: Randy Keener/Ekrub_Cela : wow (208,134,2)
[05:19:33]SAY: Nobody's Perfect/ : There&#39;s always a catch, and I&#39;m the best there is. (24,75,1)
[05:19:40]EMOTE: *no key*/(monkey (702)) : <b>The monkey (702)</b> jumps! (159,99,2)
[05:20:01]EMOTE: *no key*/(Runtime) : <b>Runtime</b> meows. (158,108,2)
[05:20:03]SAY: mouse/ : SQUEEK! (182,156,2)
[05:20:04]SAY: Randy Keener/Ekrub_Cela : you sure he wasnt just, trying to get gloves? (208,130,2)
[05:20:05]SAY: mouse/ : SQUEEK! (182,156,2)
[05:20:05]SAY: Tom/ : Squeek! (102,190,2)
[05:20:08]EMOTE: *no key*/(monkey (923)) : <b>The monkey (923)</b> waves her tail. (161,119,2)
[05:20:09]SAY: Randy Keener/Ekrub_Cela : not a traitor? (208,130,2)
[05:20:17]SAY: Pretends-To-Care/AsciiSquid : Could have been (205,130,2)
[05:20:27]SAY: mouse/ : Squeek! (181,155,2)
[05:20:28]SAY: Pretends-To-Care/AsciiSquid : I just saw them breaking in (205,130,2)
[05:20:29]SAY: Medibot/ : I knew it, I should&#39;ve been a plastic surgeon. (154,73,1)
[05:20:39]SAY: Pretends-To-Care/AsciiSquid : Whiped them then shut them in a locker (205,130,2)
[05:20:40]SAY: Randy Keener/Ekrub_Cela : into engineering? (208,130,2)
[05:20:43]SAY: Pretends-To-Care/AsciiSquid : Yeah (205,130,2)
[05:20:59]SAY: Randy Keener/Ekrub_Cela : wow, theres multitools around the station... (208,130,2)
[05:21:01]EMOTE: *no key*/(grey baby slime (283)) : <b>The grey baby slime (283)</b> jiggles! (167,93,2)
[05:21:03]SAY: Randy Keener/Ekrub_Cela : waht a moron (208,130,2)
[05:21:09]SAY: Poly/ : Heya (118,83,2)
[05:21:13]EMOTE: *no key*/(Runtime) : <b>Runtime</b> lies down. (158,108,2)
[05:21:13]EMOTE: *no key*/(Mala II) : <b>Mala II</b> jumps! (144,139,2)
[05:21:18]SAY: Pretends-To-Care/AsciiSquid : I think he wanted the insulated gloves (180,28,13)
[05:21:29]EMOTE: *no key*/(Runtime) : <b>Runtime</b> looks alert. (158,108,2)
[05:21:31]SAY: Randy Keener/Ekrub_Cela : he couldve used a multi though (183,28,13)
[05:21:35]EMOTE: *no key*/(monkey (858)) : <b>The monkey (858)</b> rolls. (158,101,2)
[05:21:36]SAY: Randy Keener/Ekrub_Cela : easier (183,28,13)
[05:21:37]EMOTE: *no key*/(monkey (858)) : <b>The monkey (858)</b> jumps! (158,101,2)
[05:21:39]EMOTE: *no key*/(monkey (702)) : <b>The monkey (702)</b> waves his tail. (160,99,2)
[05:21:41]SAY: Nobody's Perfect/ : What kind of medbay is this? Everyone&#39;s dropping like flies. (24,75,1)
[05:21:42]SAY: Pretends-To-Care/AsciiSquid : Yeah but that is a risk of shock (180,28,13)
[05:21:43]SAY: Poly/ : Its technically not harm to humans (118,83,2)
[05:21:43]EMOTE: *no key*/(Paperwork) : <b>Paperwork</b> looks around sleepily. (73,115,2)
[05:21:51]SAY: Nobody's Perfect/ : Delicious! (24,75,1)
[05:21:57]EMOTE: *no key*/(Paperwork) : <b>Paperwork</b> looks around sleepily. (73,115,2)
[05:22:01]SAY: grey baby slime (13)/ : Blorble... (176,93,2)
[05:22:15]SAY: Randy Keener/Ekrub_Cela : yeah, but with med boxes arund the station.... he couldve just took it (183,28,13)
[05:22:19]EMOTE: *no key*/(Runtime) : <b>Runtime</b> walks around. (158,108,2)
[05:22:21]SAY: Nobody's Perfect/ : Radar, put a mask on! (24,75,1)
[05:22:23]EMOTE: *no key*/(monkey (562)) : <b>The monkey (562)</b> waves her tail. (161,101,2)
[05:22:25]SAY: mouse/ : Squeek? (106,63,2)
[05:22:27]SAY: Randy Keener/Ekrub_Cela : but youre right though (183,28,13)
[05:22:39]EMOTE: *no key*/(Poly) : <b>Poly</b> bawks! (118,83,2)
[05:22:41]SAY: Nobody's Perfect/ : Radar, put a mask on! (24,75,1)
[05:22:47]EMOTE: *no key*/(grey baby slime (283)) : <b>The grey baby slime (283)</b> lights up for a bit, then stops. (167,94,2)
[05:22:49]SAY: mouse/ : SQUEEK! (106,63,2)
[05:22:50]GAME: Random Event triggering: Minor Space Dust (/datum/round_event/space_dust)
[05:22:51]SAY: Medibot/ : Delicious! (180,160,7)
[05:23:03]EMOTE: *no key*/(Ian) : <b>Ian</b> dances around. (108,121,2)
[05:23:03]EMOTE: *no key*/(monkey (571)) : <b>The monkey (571)</b> jumps! (160,118,2)
[05:23:12]GAME: Z-TRACKING: Randy Keener has somehow ended up in Z-level 1 despite being registered in Z-level 13.
[05:23:12]GAME: Z-TRACKING: Pretends-To-Care has somehow ended up in Z-level 1 despite being registered in Z-level 13.
[05:23:13]EMOTE: *no key*/(monkey (700)) : <b>The monkey (700)</b> rolls. (161,100,2)
[05:23:14]GAME: Antagonists at round end were...
[05:23:14]GAME: traitors: Pretends-To-Care(AsciiSquid).
[05:23:14]GAME: Blackbox sealed.
[05:23:15]EMOTE: *no key*/(Runtime) : <b>Runtime</b> twitches its whiskers. (160,107,2)
[05:23:16]EMOTE: *no key*/(monkey (380)) : <b>The monkey (380)</b> rolls. (161,118,2)
[05:23:27]EMOTE: *no key*/(Mala II) : <b>Mala II</b> rolls. (144,139,2)
[05:23:35]EMOTE: Ekrub_Cela/(Randy Keener) : <b>Randy Keener</b> seizes up and falls limp, his eyes dead and lifeless... (214,70,1)
[05:23:44]SAY: Medibot/ : Delicious! (180,160,7)
[05:23:49]OOC: Ekrub_Cela/(Randy Keener) : i still win (214,70,1)
[05:23:52]SAY: mouse/ : Squeek? (107,66,2)
[05:23:57]OOC: AsciiSquid/(Pretends-To-Care) : Eh (215,70,1)
[05:24:08]SAY: grey baby slime (13)/ : Lonely... (176,93,2)
[05:24:10]EMOTE: *no key*/(monkey (923)) : <b>The monkey (923)</b> rolls. (161,118,2)
[05:24:12]EMOTE: *no key*/(grey baby slime (13)) : <b>The grey baby slime (13)</b> bounces in place. (176,93,2)
[05:24:12]EMOTE: *no key*/(monkey (571)) : <b>The monkey (571)</b> scratches. (161,116,2)
[05:24:22]EMOTE: *no key*/(monkey (702)) : <b>The monkey (702)</b> scratches. (160,99,2)
[05:24:22]EMOTE: *no key*/(Runtime) : <b>Runtime</b> sits down. (159,109,2)
[05:24:28]EMOTE: *no key*/(Runtime) : <b>Runtime</b> walks around. (159,109,2)
[05:24:40]EMOTE: *no key*/(Poly) : <b>Poly</b> bawks! (118,83,2)
[05:24:40]SAY: Tom/ : Squeek? (107,189,2)
[05:24:46]EMOTE: *no key*/(monkey (571)) : <b>The monkey (571)</b> scratches. (160,116,2)
[05:24:49]GAME: <span class='boldannounce'>Rebooting World. Round ended.</span>
[05:24:50]ACCESS: Logout: AsciiSquid/(Pretends-To-Care)
[05:24:50]ACCESS: Logout: Ekrub_Cela/(Randy Keener)
