[2018-07-29 13:23:09.348] runtime error: bad index
[2018-07-29 13:23:09.348] proc name: Get (/datum/controller/configuration/proc/Get)
[2018-07-29 13:23:09.348]   source file: configuration.dm,178
[2018-07-29 13:23:09.348]   usr: null
[2018-07-29 13:23:09.348]   src: Configuration (/datum/controller/configuration)
[2018-07-29 13:23:09.348]   call stack:
[2018-07-29 13:23:09.348] Configuration (/datum/controller/configuration): Get(/datum/config_entry/flag/log_w... (/datum/config_entry/flag/log_world_topic))
[2018-07-29 13:23:09.348] world: Topic("status", "198.58.107.171", null, null)
[2018-07-29 13:23:09.348] 
[2018-07-29 13:23:09.349] runtime error: bad index
[2018-07-29 13:23:09.349] proc name: Get (/datum/controller/configuration/proc/Get)
[2018-07-29 13:23:09.349]   source file: configuration.dm,178
[2018-07-29 13:23:09.349]   usr: null
[2018-07-29 13:23:09.349]   src: Configuration (/datum/controller/configuration)
[2018-07-29 13:23:09.349]   call stack:
[2018-07-29 13:23:09.349] Configuration (/datum/controller/configuration): Get(/datum/config_entry/string/com... (/datum/config_entry/string/comms_key))
[2018-07-29 13:23:09.349] /datum/world_topic/status (/datum/world_topic/status): TryRun(/list (/list))
[2018-07-29 13:23:09.349] world: Topic("status", "198.58.107.171", null, null)
[2018-07-29 13:23:09.349] 
[2018-07-29 13:23:09.350] runtime error: bad index
[2018-07-29 13:23:09.350] proc name: Get (/datum/controller/configuration/proc/Get)
[2018-07-29 13:23:09.350]   source file: configuration.dm,178
[2018-07-29 13:23:09.350]   usr: null
[2018-07-29 13:23:09.350]   src: Configuration (/datum/controller/configuration)
[2018-07-29 13:23:09.350]   call stack:
[2018-07-29 13:23:09.350] Configuration (/datum/controller/configuration): Get(/datum/config_entry/flag/nores... (/datum/config_entry/flag/norespawn))
[2018-07-29 13:23:09.350] /datum/world_topic/status (/datum/world_topic/status): Run(/list (/list))
[2018-07-29 13:23:09.350] /datum/world_topic/status (/datum/world_topic/status): TryRun(/list (/list))
[2018-07-29 13:23:09.350] world: Topic("status", "198.58.107.171", null, null)
[2018-07-29 13:23:09.350] 
[2018-07-29 13:23:09.350] runtime error: bad index
[2018-07-29 13:23:09.350] proc name: Get (/datum/controller/configuration/proc/Get)
[2018-07-29 13:23:09.350]   source file: configuration.dm,178
[2018-07-29 13:23:09.350]   usr: null
[2018-07-29 13:23:09.350]   src: Configuration (/datum/controller/configuration)
[2018-07-29 13:23:09.350]   call stack:
[2018-07-29 13:23:09.350] Configuration (/datum/controller/configuration): Get(/datum/config_entry/flag/allow... (/datum/config_entry/flag/allow_vote_mode))
[2018-07-29 13:23:09.350] /datum/world_topic/status (/datum/world_topic/status): Run(/list (/list))
[2018-07-29 13:23:09.350] /datum/world_topic/status (/datum/world_topic/status): TryRun(/list (/list))
[2018-07-29 13:23:09.350] world: Topic("status", "198.58.107.171", null, null)
[2018-07-29 13:23:09.350] 
[2018-07-29 13:23:09.351] runtime error: bad index
[2018-07-29 13:23:09.351] proc name: Get (/datum/controller/configuration/proc/Get)
[2018-07-29 13:23:09.351]   source file: configuration.dm,178
[2018-07-29 13:23:09.351]   usr: null
[2018-07-29 13:23:09.351]   src: Configuration (/datum/controller/configuration)
[2018-07-29 13:23:09.351]   call stack:
[2018-07-29 13:23:09.351] Configuration (/datum/controller/configuration): Get(/datum/config_entry/flag/allow... (/datum/config_entry/flag/allow_ai))
[2018-07-29 13:23:09.351] /datum/world_topic/status (/datum/world_topic/status): Run(/list (/list))
[2018-07-29 13:23:09.351] /datum/world_topic/status (/datum/world_topic/status): TryRun(/list (/list))
[2018-07-29 13:23:09.351] world: Topic("status", "198.58.107.171", null, null)
[2018-07-29 13:23:09.351] 
[2018-07-29 13:23:09.352] runtime error: Cannot read null.commit
[2018-07-29 13:23:09.352] proc name: Run (/datum/world_topic/status/Run)
[2018-07-29 13:23:09.352]   source file: world_topic.dm,151
[2018-07-29 13:23:09.352]   usr: null
[2018-07-29 13:23:09.352]   src: /datum/world_topic/status (/datum/world_topic/status)
[2018-07-29 13:23:09.352]   call stack:
[2018-07-29 13:23:09.352] /datum/world_topic/status (/datum/world_topic/status): Run(/list (/list))
[2018-07-29 13:23:09.352] /datum/world_topic/status (/datum/world_topic/status): TryRun(/list (/list))
[2018-07-29 13:23:09.352] world: Topic("status", "198.58.107.171", null, null)
[2018-07-29 13:23:09.352] 
[2018-07-29 13:23:09.432] Running /tg/ revision:
[2018-07-29 13:23:09.433] 508bf72f9a94b387ec3c5ac814a8c9ae8d0d2a3e: 2018-07-25
[2018-07-29 13:23:09.434] runtime error: list index out of bounds
[2018-07-29 13:23:09.434] proc name: New (/datum/getrev/New)
[2018-07-29 13:23:09.434]   source file: getrev.dm,23
[2018-07-29 13:23:09.434]   usr: null
[2018-07-29 13:23:09.434]   src: /datum/getrev (/datum/getrev)
[2018-07-29 13:23:09.434]   call stack:
[2018-07-29 13:23:09.434] /datum/getrev (/datum/getrev): New()
[2018-07-29 13:23:09.434] world: New()
[2018-07-29 13:23:09.434] 
[2018-07-29 13:23:09.441] Loading config file config.txt...
[2018-07-29 13:23:09.443] Loading config file game_options.txt...
[2018-07-29 13:23:09.444] Unknown setting in configuration: 'w##'
[2018-07-29 13:23:09.446] Failed to validate setting "DOUBLE_AGENTS 20" for min_pop
[2018-07-29 13:23:09.446] Failed to validate setting "DOUBLE_AGENTS -1" for max_pop
[2018-07-29 13:23:09.450] Loading config file dbconfig.txt...
[2018-07-29 13:23:09.450] Loading config file comms.txt...
[2018-07-29 13:23:09.454] Loading config file maps.txt...
[2018-07-29 13:23:09.662] Database connection established.
[2018-07-29 13:23:09.696] SQL: Could not get schema version from database
