[2018-07-13 22:44:55.093] runtime error: bad index
[2018-07-13 22:44:55.093] proc name: Get (/datum/controller/configuration/proc/Get)
[2018-07-13 22:44:55.093]   source file: configuration.dm,176
[2018-07-13 22:44:55.093]   usr: null
[2018-07-13 22:44:55.093]   src: Configuration (/datum/controller/configuration)
[2018-07-13 22:44:55.093]   call stack:
[2018-07-13 22:44:55.093] Configuration (/datum/controller/configuration): Get(/datum/config_entry/flag/log_w... (/datum/config_entry/flag/log_world_topic))
[2018-07-13 22:44:55.093] world: Topic("status", "204.83.111.144", null, null)
[2018-07-13 22:44:55.093] 
[2018-07-13 22:44:55.093] runtime error: bad index
[2018-07-13 22:44:55.093] proc name: Get (/datum/controller/configuration/proc/Get)
[2018-07-13 22:44:55.093]   source file: configuration.dm,176
[2018-07-13 22:44:55.093]   usr: null
[2018-07-13 22:44:55.093]   src: Configuration (/datum/controller/configuration)
[2018-07-13 22:44:55.093]   call stack:
[2018-07-13 22:44:55.093] Configuration (/datum/controller/configuration): Get(/datum/config_entry/string/com... (/datum/config_entry/string/comms_key))
[2018-07-13 22:44:55.094] /datum/world_topic/status (/datum/world_topic/status): TryRun(/list (/list))
[2018-07-13 22:44:55.094] world: Topic("status", "204.83.111.144", null, null)
[2018-07-13 22:44:55.094] 
[2018-07-13 22:44:55.094] runtime error: bad index
[2018-07-13 22:44:55.094] proc name: Get (/datum/controller/configuration/proc/Get)
[2018-07-13 22:44:55.094]   source file: configuration.dm,176
[2018-07-13 22:44:55.094]   usr: null
[2018-07-13 22:44:55.094]   src: Configuration (/datum/controller/configuration)
[2018-07-13 22:44:55.094]   call stack:
[2018-07-13 22:44:55.094] Configuration (/datum/controller/configuration): Get(/datum/config_entry/flag/nores... (/datum/config_entry/flag/norespawn))
[2018-07-13 22:44:55.094] /datum/world_topic/status (/datum/world_topic/status): Run(/list (/list))
[2018-07-13 22:44:55.094] /datum/world_topic/status (/datum/world_topic/status): TryRun(/list (/list))
[2018-07-13 22:44:55.094] world: Topic("status", "204.83.111.144", null, null)
[2018-07-13 22:44:55.094] 
[2018-07-13 22:44:55.095] runtime error: bad index
[2018-07-13 22:44:55.095] proc name: Get (/datum/controller/configuration/proc/Get)
[2018-07-13 22:44:55.095]   source file: configuration.dm,176
[2018-07-13 22:44:55.095]   usr: null
[2018-07-13 22:44:55.095]   src: Configuration (/datum/controller/configuration)
[2018-07-13 22:44:55.095]   call stack:
[2018-07-13 22:44:55.095] Configuration (/datum/controller/configuration): Get(/datum/config_entry/flag/allow... (/datum/config_entry/flag/allow_vote_mode))
[2018-07-13 22:44:55.095] /datum/world_topic/status (/datum/world_topic/status): Run(/list (/list))
[2018-07-13 22:44:55.095] /datum/world_topic/status (/datum/world_topic/status): TryRun(/list (/list))
[2018-07-13 22:44:55.095] world: Topic("status", "204.83.111.144", null, null)
[2018-07-13 22:44:55.095] 
[2018-07-13 22:44:55.095] runtime error: bad index
[2018-07-13 22:44:55.095] proc name: Get (/datum/controller/configuration/proc/Get)
[2018-07-13 22:44:55.095]   source file: configuration.dm,176
[2018-07-13 22:44:55.095]   usr: null
[2018-07-13 22:44:55.095]   src: Configuration (/datum/controller/configuration)
[2018-07-13 22:44:55.095]   call stack:
[2018-07-13 22:44:55.095] Configuration (/datum/controller/configuration): Get(/datum/config_entry/flag/allow... (/datum/config_entry/flag/allow_ai))
[2018-07-13 22:44:55.095] /datum/world_topic/status (/datum/world_topic/status): Run(/list (/list))
[2018-07-13 22:44:55.095] /datum/world_topic/status (/datum/world_topic/status): TryRun(/list (/list))
[2018-07-13 22:44:55.095] world: Topic("status", "204.83.111.144", null, null)
[2018-07-13 22:44:55.095] 
[2018-07-13 22:44:55.096] runtime error: Cannot read null.commit
[2018-07-13 22:44:55.096] proc name: Run (/datum/world_topic/status/Run)
[2018-07-13 22:44:55.096]   source file: world_topic.dm,151
[2018-07-13 22:44:55.096]   usr: null
[2018-07-13 22:44:55.096]   src: /datum/world_topic/status (/datum/world_topic/status)
[2018-07-13 22:44:55.096]   call stack:
[2018-07-13 22:44:55.096] /datum/world_topic/status (/datum/world_topic/status): Run(/list (/list))
[2018-07-13 22:44:55.096] /datum/world_topic/status (/datum/world_topic/status): TryRun(/list (/list))
[2018-07-13 22:44:55.096] world: Topic("status", "204.83.111.144", null, null)
[2018-07-13 22:44:55.096] 
[2018-07-13 22:44:55.097] runtime error: bad index
[2018-07-13 22:44:55.097] proc name: Get (/datum/controller/configuration/proc/Get)
[2018-07-13 22:44:55.097]   source file: configuration.dm,176
[2018-07-13 22:44:55.097]   usr: null
[2018-07-13 22:44:55.097]   src: Configuration (/datum/controller/configuration)
[2018-07-13 22:44:55.097]   call stack:
[2018-07-13 22:44:55.097] Configuration (/datum/controller/configuration): Get(/datum/config_entry/flag/log_w... (/datum/config_entry/flag/log_world_topic))
[2018-07-13 22:44:55.097] world: Topic("status", "24.222.35.234", null, null)
[2018-07-13 22:44:55.097] 
[2018-07-13 22:44:55.098] runtime error: bad index
[2018-07-13 22:44:55.098] proc name: Get (/datum/controller/configuration/proc/Get)
[2018-07-13 22:44:55.098]   source file: configuration.dm,176
[2018-07-13 22:44:55.098]   usr: null
[2018-07-13 22:44:55.098]   src: Configuration (/datum/controller/configuration)
[2018-07-13 22:44:55.098]   call stack:
[2018-07-13 22:44:55.098] Configuration (/datum/controller/configuration): Get(/datum/config_entry/string/com... (/datum/config_entry/string/comms_key))
[2018-07-13 22:44:55.098] /datum/world_topic/status (/datum/world_topic/status): TryRun(/list (/list))
[2018-07-13 22:44:55.098] world: Topic("status", "24.222.35.234", null, null)
[2018-07-13 22:44:55.098] 
[2018-07-13 22:44:55.098] runtime error: bad index
[2018-07-13 22:44:55.098] proc name: Get (/datum/controller/configuration/proc/Get)
[2018-07-13 22:44:55.098]   source file: configuration.dm,176
[2018-07-13 22:44:55.098]   usr: null
[2018-07-13 22:44:55.098]   src: Configuration (/datum/controller/configuration)
[2018-07-13 22:44:55.098]   call stack:
[2018-07-13 22:44:55.098] Configuration (/datum/controller/configuration): Get(/datum/config_entry/flag/nores... (/datum/config_entry/flag/norespawn))
[2018-07-13 22:44:55.098] /datum/world_topic/status (/datum/world_topic/status): Run(/list (/list))
[2018-07-13 22:44:55.098] /datum/world_topic/status (/datum/world_topic/status): TryRun(/list (/list))
[2018-07-13 22:44:55.098] world: Topic("status", "24.222.35.234", null, null)
[2018-07-13 22:44:55.098] 
[2018-07-13 22:44:55.099] runtime error: bad index
[2018-07-13 22:44:55.099] proc name: Get (/datum/controller/configuration/proc/Get)
[2018-07-13 22:44:55.099]   source file: configuration.dm,176
[2018-07-13 22:44:55.099]   usr: null
[2018-07-13 22:44:55.099]   src: Configuration (/datum/controller/configuration)
[2018-07-13 22:44:55.099]   call stack:
[2018-07-13 22:44:55.099] Configuration (/datum/controller/configuration): Get(/datum/config_entry/flag/allow... (/datum/config_entry/flag/allow_vote_mode))
[2018-07-13 22:44:55.099] /datum/world_topic/status (/datum/world_topic/status): Run(/list (/list))
[2018-07-13 22:44:55.099] /datum/world_topic/status (/datum/world_topic/status): TryRun(/list (/list))
[2018-07-13 22:44:55.099] world: Topic("status", "24.222.35.234", null, null)
[2018-07-13 22:44:55.099] 
[2018-07-13 22:44:55.099] runtime error: bad index
[2018-07-13 22:44:55.099] proc name: Get (/datum/controller/configuration/proc/Get)
[2018-07-13 22:44:55.099]   source file: configuration.dm,176
[2018-07-13 22:44:55.099] 
[2018-07-13 22:44:55.099] runtime error: Cannot read null.commit
[2018-07-13 22:44:55.099] proc name: Run (/datum/world_topic/status/Run)
[2018-07-13 22:44:55.099]   source file: world_topic.dm,151
[2018-07-13 22:44:55.100] 
[2018-07-13 22:44:55.193] Running /tg/ revision:
[2018-07-13 22:44:55.194] b9c9e0b87134b0a817f3785c1bb75efc6ed4c45e: 2018-07-12
[2018-07-13 22:44:55.194] runtime error: list index out of bounds
[2018-07-13 22:44:55.194] proc name: New (/datum/getrev/New)
[2018-07-13 22:44:55.194]   source file: getrev.dm,23
[2018-07-13 22:44:55.194] 
[2018-07-13 22:44:55.202] Loading config file config.txt...
[2018-07-13 22:44:55.204] Loading config file game_options.txt...
[2018-07-13 22:44:55.205] Unknown setting in configuration: 'w##'
[2018-07-13 22:44:55.208] Failed to validate setting "DOUBLE_AGENTS 20" for min_pop
[2018-07-13 22:44:55.208] Failed to validate setting "DOUBLE_AGENTS -1" for max_pop
[2018-07-13 22:44:55.212] Loading config file dbconfig.txt...
[2018-07-13 22:44:55.212] Loading config file comms.txt...
[2018-07-13 22:44:55.216] Loading config file maps.txt...
[2018-07-13 22:44:55.422] Database connection established.
[2018-07-13 22:44:55.454] SQL: Could not get schema version from database
