[2018-08-04 18:06:00.685] Starting up round ID 1858.
[2018-08-04 18:06:00.685] -------------------------
[2018-08-04 18:10:35.583] smarrazzo \ I-DERP \ AI \ traitor \ ROUNDSTART
[2018-08-04 18:10:35.583] joca2511 \ Lukas Wolfe \ Shaft Miner \ NONE \ ROUNDSTART
[2018-08-04 18:20:35.924] WarriorThirteen \ Hungry Coates \ Shaft Miner \ NONE \ LATEJOIN
[2018-08-04 18:31:43.742] Lizard_Blizzard_Wizard \ Grandpa Woodworth \ Botanist \ NONE \ LATEJOIN
[2018-08-04 18:33:38.537] Bobcat49 \ Rose White \ Virologist \ NONE \ LATEJOIN
[2018-08-04 18:33:46.769] Leschaps \ Milton Dennis \ Captain \ NONE \ LATEJOIN
[2018-08-04 18:34:55.002] Floofster \ Wih-Skee \ Chief Medical Officer \ NONE \ LATEJOIN
[2018-08-04 18:51:20.014] MlgGendalf \ Aleksey Karansinov \ Scientist \ NONE \ LATEJOIN
[2018-08-04 18:53:32.145] Mayhem88 \ Eva \ Warden \ NONE \ LATEJOIN
[2018-08-04 19:13:03.428] Davidththird \ Tyron Jamal \ Shaft Miner \ NONE \ LATEJOIN
[2018-08-04 19:17:14.284] Luigi69420 \ Lane Eagleton \ Bartender \ NONE \ LATEJOIN
[2018-08-04 19:17:25.703] Boxtastic \ Nefer Pitou \ Cook \ NONE \ LATEJOIN
[2018-08-04 19:18:40.343] Kevinspacey2002 \ Quiet Riot \ Mime \ NONE \ LATEJOIN
[2018-08-04 19:20:55.432] BoxxyBooty \ Honks-The-Crew \ Clown \ NONE \ LATEJOIN
[2018-08-04 19:20:58.666] Catmanpop \ Arcade Ahri \ Medical Doctor \ NONE \ LATEJOIN
[2018-08-04 19:40:00.946] Asymov \ Lane Prosswell \ Quartermaster \ NONE \ LATEJOIN
[2018-08-04 19:45:43.219] JaxonMaxx \ Dallas Cowper \ Chaplain \ NONE \ LATEJOIN
[2018-08-04 19:53:06.574] L5_gmar \ Claudio Martines \ Cook \ NONE \ LATEJOIN
[2018-08-04 20:07:23.851] Enkidienne \ Nerissa Ratcliff \ Scientist \ NONE \ LATEJOIN
[2018-08-04 20:16:20.631] Zeropol \ Raul Trovato \ Scientist \ NONE \ LATEJOIN
[2018-08-04 20:18:16.527] Supe22 \ Braeden Haves \ Janitor \ NONE \ LATEJOIN
[2018-08-04 20:30:23.196] Ceanox \ Verna Sandys \ Assistant \ traitor \ LATEJOIN
