

Starting up round ID 1216. 01:38:34
---------------------
[01:49:41]PDA: Re12/(Taya Velvet) (PDA: chemist PDA) sent "Can you come to the chapel?" to Pull-Up-Wit-A-Choppa-Let-It-Eat (Chaplain) (185,144,2)
[01:50:01]PDA: Gracefuljohnnynguyen/(Pull-Up-Wit-A-Choppa-Let-It-Eat) (PDA: chaplain PDA) sent "im not a chaplain no more" to Taya Velvet (Chemist) (89,120,2)
[01:50:07]PDA: Pudgems/(BonziBOT) (PDA: PDA) sent "Making the music is a traitor" to Jess Jenkers (Head of Personnel) (150,32,2)
[01:50:13]PDA: Re12/(Taya Velvet) (PDA: chemist PDA) sent "Oh, can you come anyways?" to Pull-Up-Wit-A-Choppa-Let-It-Eat (Chaplain) (184,134,2)
[01:50:16]PDA: Jesslynbrooke/(Jess Jenkers) (PDA: head of personnel PDA) sent "how do you know?" to BonziBOT (AI) (105,113,2)
[01:50:20]PDA: Pudgems/(BonziBOT) (PDA: PDA) sent "They are in medbay, and breached in my satillite" to Jess Jenkers (Head of Personnel) (150,32,2)
[01:50:32]PDA: Pudgems/(BonziBOT) (PDA: PDA) sent "They aren&#39;t human, so kill them" to Jess Jenkers (Head of Personnel) (150,32,2)
[01:50:42]PDA: Jesslynbrooke/(Jess Jenkers) (PDA: head of personnel PDA) sent "you can kill them as well" to BonziBOT (AI) (105,113,2)
[01:52:02]PDA: Pudgems/(BonziBOT) (PDA: PDA) sent "if you could kill making that&#39;d be great" to Pull-Up-Wit-A-Choppa-Let-It-Eat (Chaplain) (150,32,2)
[01:52:18]PDA: Gracefuljohnnynguyen/(Pull-Up-Wit-A-Choppa-Let-It-Eat) (PDA: chaplain PDA) sent "why" to BonziBOT (AI) (104,140,2)
[01:52:29]PDA: Pudgems/(BonziBOT) (PDA: PDA) sent "they are a traitor and they breached by satillite" to Pull-Up-Wit-A-Choppa-Let-It-Eat (Chaplain) (150,32,2)
[01:52:46]PDA: Gracefuljohnnynguyen/(Pull-Up-Wit-A-Choppa-Let-It-Eat) (PDA: chaplain PDA) sent "where are they?" to BonziBOT (AI) (98,137,2)
[01:53:12]PDA: Pudgems/(BonziBOT) (PDA: PDA) sent "they are the lizard engie" to Pull-Up-Wit-A-Choppa-Let-It-Eat (Chaplain) (150,32,2)
[01:53:31]PDA: Pudgems/(BonziBOT) (PDA: PDA) sent "EMAGGING EVA" to Making The Music (Atmospheric Technician) (150,32,2)
[01:53:42]PDA: Blazikenowen/(Making The Music) (PDA: atmospherics PDA) sent "yea I just saw it" to BonziBOT (AI) (102,140,2)
[01:57:15]PDA: Pudgems/(BonziBOT) (PDA: PDA) sent "last seen in chemistry" to Jess Jenkers (Head of Personnel) (150,32,2)
[01:59:11]PDA: Blazikenowen/(Making The Music) (PDA: atmospherics PDA) sent "ai shut down turrets" to BonziBOT (AI) (152,24,2)
[01:59:17]PDA: Pudgems/(BonziBOT) (PDA: PDA) sent "ok" to Making The Music (Atmospheric Technician) (150,32,2)
[01:59:38]PDA: Pudgems/(BonziBOT) (PDA: PDA) sent "what are your intentions?" to Making The Music (Atmospheric Technician) (150,32,2)
[01:59:45]PDA: Blazikenowen/(Making The Music) (PDA: atmospherics PDA) sent "to look at you" to BonziBOT (AI) (151,20,2)
[02:17:41]PDA: AsciiSquid/(Breaks-The-Bounds) (PDA: research director PDA) sent "Ok AI, if you really want that shell I&#39;ll need some gold from the vault, we don&#39;t have a mining team so this is really the quickest way" to BonziBOT (AI) (82,141,2)
[02:18:31]PDA: Pudgems/(BonziBOT) (PDA: PDA) sent "ok" to Breaks-The-Bounds (Research Director) (150,32,2)
[02:18:48]PDA: Pudgems/(BonziBOT) (PDA: PDA) sent "head to the vault" to Breaks-The-Bounds (Research Director) (150,32,2)
[02:18:53]PDA: Pudgems/(BonziBOT) (PDA: PDA) sent "with a flashlight on" to Breaks-The-Bounds (Research Director) (150,32,2)
[02:22:08]PDA: AsciiSquid/(Breaks-The-Bounds) (PDA: research director PDA) sent "Power to the vault should be back any second now" to BonziBOT (AI) (82,142,2)
[02:23:23]PDA: AsciiSquid/(Breaks-The-Bounds) (PDA: research director PDA) sent "I would try opening it now" to BonziBOT (AI) (82,142,2)
[02:24:00]PDA: Pudgems/(BonziBOT) (PDA: PDA) sent "ok" to Breaks-The-Bounds (Research Director) (150,32,2)
[02:24:32]PDA: Pudgems/(BonziBOT) (PDA: PDA) sent "question, would you like to play a game?" to Breaks-The-Bounds (Research Director) (150,32,2)
[02:25:30]PDA: AsciiSquid/(Breaks-The-Bounds) (PDA: research director PDA) sent "Yes?" to BonziBOT (AI) (82,146,2)
[02:25:59]PDA: Pudgems/(BonziBOT) (PDA: PDA) sent "why do you want my precious metals?" to Breaks-The-Bounds (Research Director) (150,32,2)
[02:26:19]PDA: AsciiSquid/(Breaks-The-Bounds) (PDA: research director PDA) sent "I already told you, I need gold to construct the borg shell for you" to BonziBOT (AI) (82,146,2)
[02:27:13]PDA: AsciiSquid/(Breaks-The-Bounds) (PDA: research director PDA) sent "Now, that was rude" to BonziBOT (AI) (81,147,2)
