

Starting up round ID 464. 09:22:13
---------------------
[09:22:13]GAME: Round ID: 464
[09:22:13]ADMIN: Loading Banlist
[09:22:13]ACCESS: Login: LGRsupreme from 97.123.113.246-3211385696 || BYOND v512
[09:22:13]ACCESS: Mob Login: LGRsupreme/(LGRsupreme) was assigned to a /mob/dead/new_player
[09:22:14]ACCESS: Login: Hnry345 from 193.255.135.254-1160784035 || BYOND v512
[09:22:14]ACCESS: Mob Login: Hnry345/(Hnry345) was assigned to a /mob/dead/new_player
[09:22:14]GAME: Saved mode is 'secret'
[09:22:34]GAME: Hierophant's Arena loaded at at 132,189,5
[09:22:34]GAME: Free Golem Ship loaded at at 157,91,5
[09:22:34]GAME: Fountain Hall loaded at at 160,178,5
[09:22:34]GAME: Ruin of Pride loaded at at 168,56,5
[09:22:35]GAME: Ruined Pizza Party loaded at at 85,146,5
[09:22:35]GAME: Xenomorph Nest loaded at at 103,118,5
[09:22:35]GAME: Crashed Ship loaded at at 49,28,4
[09:22:35]GAME: Detached Teleporter loaded at at 207,176,8
[09:22:36]GAME: Abandoned Telecommunications Satellite loaded at at 172,72,8
[09:22:36]GAME: Waylaid Buses loaded at at 29,156,4
[09:22:36]GAME: Derelict 3 loaded at at 133,132,7
[09:22:36]GAME: Ordinary Space Tile loaded at at 162,151,3
[09:22:36]GAME: DK Excavator 453 loaded at at 54,177,11
[09:22:36]GAME: Asteroid 3 loaded at at 32,39,10
[09:22:36]GAME: Asteroid 1 loaded at at 152,57,9
[09:22:36]GAME: Crashed Clown Ship loaded at at 107,109,11
[09:22:36]GAME: Asteroid 4 loaded at at 159,35,8
[09:22:36]GAME: Derelict 1 loaded at at 180,22,7
[09:22:36]GAME: Biological Storage Facility loaded at at 83,186,8
[09:22:37]GAME: Syndicate Ambush loaded at at 125,163,10
[09:24:33]GAME: fancy transport ferry loaded at at 115,146,1
[09:24:33]GAME: Box Station Emergency Shuttle loaded at at 116,137,1
[09:24:34]GAME: basic syndicate infiltrator loaded at at 113,137,1
[09:24:34]GAME: cargo ferry (Box) loaded at at 118,142,1
[09:24:35]GAME: arrival shuttle (Box) loaded at at 114,145,1
[09:24:35]GAME: mining shuttle (Box) loaded at at 119,145,1
[09:24:35]GAME: labour shuttle (Box) loaded at at 119,144,1
[09:24:51]OOC: Hnry345/(Hnry345) : what happen with all those clowns (8,174,1)
[09:25:18]OOC: LGRsupreme/(LGRsupreme) : I used a Clown Bomb for the very first time. (8,174,1)
[09:25:27]OOC: LGRsupreme/(LGRsupreme) : No explosion, just 50 clowns. (8,174,1)
[09:25:44]OOC: LGRsupreme/(LGRsupreme) : They are usually docile, but when they get angry... (8,174,1)
[09:25:54]GAME: LGRsupreme (ckey) has been selected as a traitor
[09:25:58]ACCESS: Mob Login: LGRsupreme/(Jay Noowby) was assigned to a /mob/living/carbon/human
[09:25:58]ACCESS: Mob Login: Hnry345/(Kyra White) was assigned to a /mob/living/carbon/human
[09:26:01]SAY: Medibot/ : There&#39;s always a catch, and I&#39;m the best there is. (155,73,1)
[09:26:02]EMOTE: *no key*/(Lizard) : <b>Lizard</b> stops moving... (36,168,4)
[09:26:02]OOC: LGRsupreme/(Jay Noowby) : Death by Juggalo Posse. (154,114,2)
[09:26:03]SAY: Prison Ofitser/ : Engaging patrol mode. (23,36,5)
[09:26:03]SAY: Prison Ofitser/ : Disengaging patrol mode. (23,36,5)
[09:26:04]SAY: Officer Beepsky/ : Engaging patrol mode. (94,159,2)
[09:26:06]EMOTE: *no key*/(Pegwing) : <b>Pegwing</b> turns and flies towards the bedsheet. (176,200,10)
[09:26:08]SAY: Poly/ : Poly is on thes hip (118,83,2)
[09:26:09]EMOTE: *no key*/(monkey (824)) : <b>The monkey (824)</b> jumps! (160,118,2)
[09:26:10]SAY: Poly/ : Poly is on thes hip (118,83,2)
[09:26:12]EMOTE: *no key*/(Poly) : <b>Poly</b> bawks! (118,83,2)
[09:26:17]EMOTE: *no key*/(Ian) : <b>Ian</b> chases its tail! (105,121,2)
[09:26:20]SAY: Nobody's Perfect/ : Delicious! (24,75,1)
[09:26:21]EMOTE: *no key*/(monkey (437)) : <b>The monkey (437)</b> jumps! (161,117,2)
[09:26:22]SAY: mouse/ : Squeek? (96,108,2)
[09:26:25]EMOTE: *no key*/(grey baby slime (915)) : <b>The grey baby slime (915)</b> bounces in place. (175,94,2)
[09:26:30]SAY: mouse/ : Squeek! (150,93,2)
[09:26:38]SAY: mouse/ : Squeek? (151,146,2)
[09:26:40]EMOTE: *no key*/(mouse) : <b>The mouse</b> runs in a circle. (150,93,2)
[09:26:43]EMOTE: *no key*/(monkey (370)) : <b>The monkey (370)</b> scratches. (160,117,2)
[09:26:51]EMOTE: *no key*/(monkey (370)) : <b>The monkey (370)</b> scratches. (160,118,2)
[09:26:56]EMOTE: *no key*/(Poly) : <b>Poly</b> looks in the Zippo lighter's direction and takes flight. (118,83,2)
[09:27:17]EMOTE: *no key*/(grey baby slime (751)) : <b>The grey baby slime (751)</b> jiggles! (166,92,2)
[09:27:18]EMOTE: *no key*/(Paperwork) : <b>Paperwork</b> snores. (78,123,2)
[09:27:26]EMOTE: *no key*/(mouse) : <b>The mouse</b> runs in a circle. (153,87,2)
[09:27:26]EMOTE: *no key*/(mouse) : <b>The mouse</b> squeeks. (180,152,2)
[09:27:32]SAY: Hnry345/(Kyra White) has made a priority announcement: come to hop please (113,137,2)
[09:27:37]EMOTE: *no key*/(monkey (953)) : <b>The monkey (953)</b> waves her tail. (159,101,2)
[09:27:43]EMOTE: *no key*/(monkey (824)) : <b>The monkey (824)</b> scratches. (160,118,2)
[09:27:43]EMOTE: *no key*/(monkey (982)) : <b>The monkey (982)</b> scratches. (159,101,2)
[09:27:50]EMOTE: *no key*/(Poly) : <b>Poly</b> looks in the burn patch's direction and takes flight. (118,83,2)
[09:27:54]EMOTE: *no key*/(mouse) : <b>The mouse</b> runs in a circle. (58,157,2)
[09:27:58]EMOTE: *no key*/(mouse) : <b>The mouse</b> runs in a circle. (150,95,2)
[09:28:06]EMOTE: *no key*/(Paperwork) : <b>Paperwork</b> dozes off. (77,122,2)
[09:28:14]SAY: Poly/ : HAHAHAHA!!!!!!!!!!!!!!!!!!!! (118,83,2)
[09:28:17]SAY: Jay Noowby/LGRsupreme : Yo! (100,120,2)
[09:28:21]SAY: Kyra White/Hnry345 : id (102,120,2)
[09:28:31]EMOTE: *no key*/(grey baby slime (915)) : <b>The grey baby slime (915)</b> jiggles! (176,94,2)
[09:28:32]SAY: Kyra White/Hnry345 : id (102,120,2)
[09:28:32]SAY: Runtime/ : Esp! (159,106,2)
[09:28:44]EMOTE: *no key*/(Poly) : <b>Poly</b> looks in the monitor decryption key's direction and takes flight. (118,83,2)
[09:28:46]EMOTE: *no key*/(Tom) : <b>Tom</b> squeeks. (102,189,2)
[09:28:50]EMOTE: *no key*/(crab) : <b>The crab</b> clicks. (84,189,8)
[09:28:53]SAY: Kyra White/Hnry345 : id please (102,120,2)
[09:29:21]EMOTE: *no key*/(monkey (437)) : <b>The monkey (437)</b> rolls. (160,116,2)
[09:29:21]EMOTE: *no key*/(Runtime) : <b>Runtime</b> grooms its fur. (160,109,2)
[09:29:40]EMOTE: *no key*/(Poly) : <b>Poly</b> looks in the chief engineer's rubber stamp's direction and takes flight. (118,83,2)
[09:29:41]EMOTE: *no key*/(monkey (953)) : <b>The monkey (953)</b> waves her tail. (159,101,2)
[09:29:42]SAY: Poly/ : AI (118,83,2)
[09:29:43]EMOTE: *no key*/(Runtime) : <b>Runtime</b> grooms its fur. (159,108,2)
[09:29:48]SAY: mouse/ : Squeek! (146,98,2)
[09:29:48]SAY: Poly/ : NOOO! (118,82,2)
[09:29:52]SAY: mouse/ : SQUEEK! (155,86,2)
[09:29:55]SAY: Kyra White/Hnry345 : ok (102,120,2)
[09:29:57]EMOTE: *no key*/(monkey (824)) : <b>The monkey (824)</b> jumps! (161,118,2)
[09:30:02]EMOTE: *no key*/(mouse) : <b>The mouse</b> shakes. (147,144,2)
[09:30:04]SAY: mouse/ : Squeek? (147,144,2)
[09:30:05]EMOTE: *no key*/(monkey (999)) : <b>The monkey (999)</b> scratches. (159,100,2)
[09:30:07]EMOTE: *no key*/(Runtime) : <b>Runtime</b> crouches on its hind legs. (160,107,2)
[09:30:07]SAY: Kyra White/Hnry345 : come with me (97,117,2)
[09:30:20]SAY: Medibot/ : I knew it, I should&#39;ve been a plastic surgeon. (154,73,1)
[09:30:36]SAY: Medibot/ : There&#39;s always a catch, and I&#39;m the best there is. (154,73,1)
[09:30:39]EMOTE: *no key*/(Runtime) : <b>Runtime</b> lies down. (160,107,2)
[09:30:40]SAY: Kyra White/Hnry345 : we&#39;ll set solars (122,77,2)
[09:30:47]EMOTE: *no key*/(Runtime) : <b>Runtime</b> wags its tail. (160,107,2)
[09:30:52]SAY: Pegwing/ : Hello! (173,199,10)
[09:30:56]SAY: mouse/ : SQUEEK! (146,99,2)
[09:30:56]EMOTE: *no key*/(Poly) : <b>Poly</b> looks in the chief engineer's rubber stamp's direction and takes flight. (118,83,2)
[09:30:56]EMOTE: *no key*/(Ian) : <b>Ian</b> chases its tail. (103,119,2)
[09:31:00]EMOTE: *no key*/(mouse) : <b>The mouse</b> shakes. (147,145,2)
[09:31:02]SAY: mouse/ : Squeek? (146,98,2)
[09:31:12]EMOTE: *no key*/(mouse) : <b>The mouse</b> shakes. (55,157,2)
[09:31:16]EMOTE: *no key*/(Tom) : <b>Tom</b> squeeks. (106,191,2)
[09:31:24]EMOTE: *no key*/(Ian) : <b>Ian</b> shivers. (103,117,2)
[09:31:34]EMOTE: *no key*/(mouse) : <b>The mouse</b> squeeks. (147,145,2)
[09:31:40]SAY: mouse/ : Squeek? (156,87,2)
[09:31:40]EMOTE: *no key*/(crab) : <b>The crab</b> clacks. (86,189,8)
[09:31:46]GAME: Random Event triggering: Minor Space Dust (/datum/round_event/space_dust)
[09:31:48]SAY: Nobody's Perfect/ : Radar, put a mask on! (24,75,1)
[09:31:49]EMOTE: *no key*/(monkey (437)) : <b>The monkey (437)</b> scratches. (160,117,2)
[09:31:54]EMOTE: *no key*/(Poly) : <b>Poly</b> looks in the Power-ON cartridge's direction and takes flight. (118,83,2)
[09:31:59]EMOTE: *no key*/(monkey (761)) : <b>The monkey (761)</b> waves his tail. (157,100,2)
[09:32:07]EMOTE: *no key*/(monkey (808)) : <b>The monkey (808)</b> scratches. (161,120,2)
[09:32:12]SAY: mouse/ : Squeek! (159,145,2)
[09:32:12]SAY: mouse/ : SQUEEK! (57,157,2)
[09:32:18]SAY: Runtime/ : Meow! (160,107,2)
[09:32:30]SAY: Poly/ : Yeah (118,83,2)
[09:32:31]SAY: Kyra White/Hnry345 : get a suit (119,77,2)
[09:32:37]ACCESS: Mob Login: LGRsupreme/(Gorilla (999)) was assigned to a /mob/living/simple_animal/hostile/gorilla
[09:32:37]EMOTE: *no key*/(monkey (67)) : <b>The monkey (67)</b> waves his tail. (160,120,2)
[09:32:38]SAY: Medibot/ : Radar, put a mask on! (154,73,1)
[09:32:39]SAY: Gorilla (999)/LGRsupreme : I won&#39;t be able too. (118,75,2)
[09:32:46]SAY: Nobody's Perfect/ : There&#39;s always a catch, and I&#39;m the best there is. (24,75,1)
[09:32:51]EMOTE: *no key*/(monkey (999)) : <b>The monkey (999)</b> waves her tail. (158,100,2)
[09:32:53]SAY: Gorilla (999)/LGRsupreme : I had to try this out! (112,76,2)
[09:32:53]EMOTE: *no key*/(Poly) : <b>Poly</b> looks in the Power-ON cartridge's direction and takes flight. (118,83,2)
[09:32:59]EMOTE: *no key*/(Ian) : <b>Ian</b> chases its tail! (104,118,2)
[09:33:07]SAY: Kyra White/Hnry345 : why (107,75,2)
[09:33:11]EMOTE: *no key*/(Runtime) : <b>Runtime</b> looks alert. (160,107,2)
[09:33:13]EMOTE: *no key*/(crab) : <b>The crab</b> clacks. (87,189,8)
[09:33:27]EMOTE: *no key*/(monkey (953)) : <b>The monkey (953)</b> rolls. (157,99,2)
[09:33:29]EMOTE: *no key*/(monkey (655)) : <b>The monkey (655)</b> scratches. (160,116,2)
[09:33:29]EMOTE: *no key*/(monkey (761)) : <b>The monkey (761)</b> scratches. (160,100,2)
[09:33:41]SAY: Gorilla (999)/LGRsupreme : Hold up. (78,81,2)
[09:33:47]SAY: Kyra White/Hnry345 : for (76,81,2)
[09:33:49]SAY: mouse/ : Squeek? (149,95,2)
[09:33:51]EMOTE: *no key*/(Poly) : <b>Poly</b> looks in the Power-ON cartridge's direction and takes flight. (118,83,2)
[09:33:53]EMOTE: *no key*/(Pegwing) : <b>Pegwing</b> flutters its wings. (173,199,10)
[09:33:55]SAY: Pegwing/ : Cracker? (173,199,10)
[09:33:55]EMOTE: *no key*/(Poly) : <b>Poly</b> flutters its wings. (118,80,2)
[09:33:55]SAY: Gorilla (999)/LGRsupreme : I thought this thing was supposed to be kinda versatile. (78,81,2)
[09:34:02]SAY: Gorilla (999)/LGRsupreme : There&#39;s not much it can do. (75,81,2)
[09:34:03]EMOTE: *no key*/(mouse) : <b>The mouse</b> shakes. (57,157,2)
[09:34:03]EMOTE: *no key*/(Paperwork) : <b>Paperwork</b> dozes off. (77,120,2)
[09:34:07]EMOTE: *no key*/(monkey (982)) : <b>The monkey (982)</b> rolls. (158,101,2)
[09:34:09]EMOTE: *no key*/(Pegwing) : <b>Pegwing</b> bawks! (173,199,10)
[09:34:09]EMOTE: *no key*/(grey baby slime (751)) : <b>The grey baby slime (751)</b> lights up for a bit, then stops. (167,93,2)
[09:34:12]SAY: Gorilla (999)/LGRsupreme : There&#39;s not much it can do. (75,81,2)
[09:34:17]EMOTE: *no key*/(crab) : <b>The crab</b> clacks. (87,189,8)
[09:34:33]EMOTE: *no key*/(Ian) : <b>Ian</b> chases its tail! (104,118,2)
[09:34:41]SAY: Runtime/ : Purr! (160,107,2)
[09:34:43]EMOTE: *no key*/(mouse) : <b>The mouse</b> runs in a circle. (93,109,2)
[09:34:49]EMOTE: *no key*/(Poly) : <b>Poly</b> looks in the BreatheDeep cartridge's direction and takes flight. (118,83,2)
[09:35:03]SAY: mouse/ : SQUEEK! (148,146,2)
[09:35:09]EMOTE: *no key*/(monkey (953)) : <b>The monkey (953)</b> scratches. (160,99,2)
[09:35:11]SAY: Kyra White/Hnry345 : restatrt (82,80,2)
[09:35:11]EMOTE: *no key*/(Bubbles VIII) : <b>Bubbles VIII</b> rolls. (144,139,2)
[09:35:18]SAY: Kyra White/Hnry345 : restart (82,80,2)
[09:35:21]SAY: Runtime/ : HSSSSS (160,107,2)
[09:35:22]SAY: Gorilla (999)/LGRsupreme : I can&#39;t really do anything as this big baboon. (81,80,2)
[09:35:31]SAY: Gorilla (999)/LGRsupreme : But it&#39;s fun to try out, atleast once. (81,80,2)
[09:35:31]SAY: Kyra White/Hnry345 : just open votng (82,80,2)
[09:35:33]EMOTE: *no key*/(crab) : <b>The crab</b> clacks. (87,189,8)
[09:35:33]SAY: Poly/ : Of the ai (118,83,2)
[09:35:40]VOTE: Restart vote started by LGRsupreme.
[09:35:49]SAY: Gorilla (999)/LGRsupreme : Kinda like a Hulk! (81,80,2)
[09:35:57]SAY: Gorilla (999)/LGRsupreme : Can Hulks do more? (81,80,2)
[09:35:57]EMOTE: *no key*/(monkey (437)) : <b>The monkey (437)</b> scratches. (161,116,2)
[09:36:01]EMOTE: *no key*/(mouse) : <b>The mouse</b> squeeks. (155,145,2)
[09:36:04]SAY: Gorilla (999)/LGRsupreme : Never been a hulk yet. (81,80,2)
[09:36:07]GAME: Random Event triggering: Minor Space Dust (/datum/round_event/space_dust)
[09:36:07]SAY: Medibot/ : There&#39;s always a catch, and I&#39;m the best there is. (155,73,1)
[09:36:09]SAY: Nobody's Perfect/ : I knew it, I should&#39;ve been a plastic surgeon. (24,75,1)
[09:36:09]EMOTE: *no key*/(monkey (761)) : <b>The monkey (761)</b> jumps! (159,99,2)
[09:36:11]EMOTE: *no key*/(Poly) : <b>Poly</b> flutters its wings. (118,83,2)
[09:36:15]EMOTE: *no key*/(mouse) : <b>The mouse</b> runs in a circle. (184,154,2)
[09:36:16]EMOTE: LGRsupreme/(Gorilla (999)) : <b>Gorilla (999)</b> makes a loud and pained whimper. (80,79,2)
[09:36:33]EMOTE: *no key*/(Runtime) : <b>Runtime</b> gets up and meows. (160,107,2)
[09:36:35]SAY: Kyra White/Hnry345 : first we start with solars (81,80,2)
[09:36:39]EMOTE: *no key*/(mouse) : <b>The mouse</b> squeeks. (184,152,2)
[09:36:41]SAY: Kyra White/Hnry345 : k (81,80,2)
[09:36:41]VOTE: <b>Restart Vote</b>
<b>Restart Round:</b> 2
<b>Continue Playing:</b> 0
<b>Vote Result: Restart Round</b>
[09:36:43]EMOTE: *no key*/(Ian) : <b>Ian</b> dances around. (103,117,2)
[09:36:55]SAY: mouse/ : SQUEEK! (55,157,2)
[09:36:55]EMOTE: *no key*/(monkey (67)) : <b>The monkey (67)</b> waves his tail. (161,116,2)
[09:37:17]EMOTE: *no key*/(mouse) : <b>The mouse</b> shakes. (185,153,2)
[09:37:25]EMOTE: *no key*/(Poly) : <b>Poly</b> flutters its wings. (118,83,2)
[09:37:31]SAY: Gorilla (999)/LGRsupreme : So, whatcha trying to get at Solar&#39;s for? (98,73,2)
[09:37:37]SAY: Nobody's Perfect/ : Radar, put a mask on! (24,75,1)
[09:37:41]SAY: Kyra White/Hnry345 : energy (98,72,2)
[09:37:42]SAY: Gorilla (999)/LGRsupreme : Practicing or testing somethig? (98,73,2)
[09:37:50]SAY: Gorilla (999)/LGRsupreme : That&#39;s what I&#39;m doin&#39;. (98,73,2)
[09:38:05]EMOTE: *no key*/(monkey (655)) : <b>The monkey (655)</b> jumps! (161,116,2)
[09:38:06]SAY: Kyra White/Hnry345 : i&#39;ll try integrated circuits (98,72,2)
[09:38:11]GAME: <span class='boldannounce'>Rebooting World. Restart vote successful.</span>
[09:38:11]ACCESS: Logout: Hnry345/(Kyra White)
[09:38:11]ACCESS: Logout: LGRsupreme/(Gorilla (999))
