[2018-07-12 17:26:38.606] Starting up round ID 1522.
[2018-07-12 17:26:38.606] -------------------------
[2018-07-12 17:30:57.709] mynameajeff \ Alec Costello \ Botanist \ NONE \ ROUNDSTART
[2018-07-12 17:30:57.991] asymov \ Lane Prosswell \ Janitor \ traitor \ ROUNDSTART
[2018-07-12 17:30:58.078] boxtastic \ Belliott Gurley \ Head of Personnel \ NONE \ ROUNDSTART
[2018-07-12 17:30:58.265] ceanox \ Verna Sandys \ Chemist \ NONE \ ROUNDSTART
[2018-07-12 17:30:58.462] boxxybooty \ Ruru \ Captain \ NONE \ ROUNDSTART
[2018-07-12 17:30:58.736] azlanonpc \ Jetra Norlan \ Shaft Miner \ NONE \ ROUNDSTART
[2018-07-12 17:30:59.171] braincrab \ Weston Wolfe \ Chaplain \ NONE \ ROUNDSTART
[2018-07-12 17:30:59.504] tythesmonk \ Melvin Harris \ Scientist \ NONE \ ROUNDSTART
[2018-07-12 17:30:59.844] bilary \ Kristina Houston \ Assistant \ NONE \ ROUNDSTART
[2018-07-12 17:31:00.184] buckyboy \ S.A.S \ AI \ NONE \ ROUNDSTART
[2018-07-12 17:31:00.184] juicychicken \ Xarx \ Virologist \ NONE \ ROUNDSTART
[2018-07-12 17:31:00.586] pandolphina \ Does-The-Gimmick \ Atmospheric Technician \ traitor \ ROUNDSTART
[2018-07-12 17:31:03.256] Bobcat49 \ Rose White \ Medical Doctor \ NONE \ LATEJOIN
[2018-07-12 17:31:10.076] Catmanpop \ Kagamine Rin \ Assistant \ NONE \ LATEJOIN
[2018-07-12 17:33:39.448] qwertyquerty \ Julia Luna \ Bartender \ NONE \ LATEJOIN
[2018-07-12 17:41:27.396] Arkadiusz123 \ Gei-Pajeen \ Research Director \ NONE \ LATEJOIN
[2018-07-12 17:45:48.236] Smarrazzo \ Simon Fenix \ Roboticist \ NONE \ LATEJOIN
[2018-07-12 17:51:01.039] XXReCterXx \ Lina Bright \ Detective \ NONE \ LATEJOIN
[2018-07-12 18:12:47.755] Wicker0 \ Wicker Atmos \ Head of Security \ NONE \ LATEJOIN
[2018-07-12 18:17:13.352] DDanik \ Daniil Dunko \ Shaft Miner \ NONE \ LATEJOIN
[2018-07-12 18:19:40.019] Kelesis \ Jay Gronko \ Chief Engineer \ NONE \ LATEJOIN
