[2018-07-11 15:40:10.633] Starting up round ID 1508.
[2018-07-11 15:40:10.633] -------------------------
[2018-07-11 15:44:07.749] greentea98 \ Helps-The-Station \ Bartender \ traitor \ ROUNDSTART
[2018-07-11 15:44:08.526] snapnix \ Grant Harrison \ Chemist \ NONE \ ROUNDSTART
[2018-07-11 15:46:10.483] Mynameajeff \ Alec Costello \ Chaplain \ NONE \ LATEJOIN
[2018-07-11 15:46:38.118] BoxxyBooty \ Ruru \ Captain \ NONE \ LATEJOIN
[2018-07-11 15:46:53.760] Ty the Smonk \ Melvin Harris \ Scientist \ NONE \ LATEJOIN
[2018-07-11 15:47:09.509] Ceanox \ Bonker \ Clown \ NONE \ LATEJOIN
[2018-07-11 15:52:00.378] Boxtastic \ Belliott Gurley \ Head of Personnel \ NONE \ LATEJOIN
[2018-07-11 15:53:47.673] VONIME \ Erasmus \ AI \ NONE \ LATEJOIN
[2018-07-11 15:55:49.544] AstronautCat \ J.J. Jones \ Shaft Miner \ NONE \ LATEJOIN
[2018-07-11 16:04:42.775] AzlanonPc \ Jetra Norlan \ Scientist \ NONE \ LATEJOIN
[2018-07-11 16:08:54.824] SeaMelonus \ Tulius Von Pinkbeard \ Janitor \ NONE \ LATEJOIN
[2018-07-11 16:26:06.558] Catmanpop \ Kagamine Rin \ Botanist \ NONE \ LATEJOIN
[2018-07-11 16:31:40.644] BuckyBoy \ Beau Richards \ Station Engineer \ NONE \ LATEJOIN
[2018-07-11 16:52:38.693] Blurbo \ Poco Loco \ Scientist \ NONE \ LATEJOIN
[2018-07-11 16:53:58.046] Enkidienne \ Nerissa Ratcliff \ Head of Security \ NONE \ LATEJOIN
[2018-07-11 17:13:46.089] Goodie_boy \ Dan Ox \ Botanist \ NONE \ LATEJOIN
[2018-07-11 17:22:30.819] Qwertyquerty \ Julia Luna \ Chief Medical Officer \ NONE \ LATEJOIN
[2018-07-11 17:40:46.495] Re1Taz \ Jack Gray \ Security Officer \ NONE \ LATEJOIN
[2018-07-11 17:43:12.225] Reckless One \ Genevieve Brown \ Station Engineer \ NONE \ LATEJOIN
