

Starting up round ID 778. 18:06:17
---------------------
Initialized Database subsystem within 0 seconds!
Initialized Blackbox subsystem within 0 seconds!
Initialized Server Tasks subsystem within 0 seconds!
Initialized Input subsystem within 0 seconds!
Initialized Research subsystem within 0 seconds!
Initialized Events subsystem within 0 seconds!
Initialized Jobs subsystem within 0 seconds!
Initialized Traits subsystem within 0 seconds!
Initialized Ticker subsystem within 0 seconds!
Loading Box Station...
Loaded Station in 6.8s!
Loaded Lavaland in 7s!
runtime error: 
[18:06:46]Cannot read null.melee
[18:06:46]proc name: attachArmor (/datum/armor/proc/attachArmor)
[18:06:46]  source file: armor.dm,59
[18:06:46]  usr: I_LOVE_SS13 (/mob/dead/new_player)
[18:06:46]  src: /datum/armor (/datum/armor)
[18:06:46]  usr.loc: the plating (8,174,1) (/turf/open/floor/plating)
[18:06:46]  call stack:
[18:06:46]/datum/armor (/datum/armor): attachArmor(null)
[18:06:46]the medal of captaincy (/obj/item/clothing/accessory/medal/gold/captain): attach(the captain\'s jumpsuit (/obj/item/clothing/under/rank/captain), null)
[18:06:46]the captain\'s jumpsuit (/obj/item/clothing/under/rank/captain): attach accessory(the medal of captaincy (/obj/item/clothing/accessory/medal/gold/captain), null, 1)
[18:06:46]Captain (/datum/outfit/job/captain): equip(Tyron Reade (/mob/living/carbon/human/dummy), 1)
[18:06:46]Tyron Reade (/mob/living/carbon/human/dummy): equipOutfit(/datum/outfit/job/captain (/datum/outfit/job/captain), 1)
[18:06:46]/datum/job/captain (/datum/job/captain): equip(Tyron Reade (/mob/living/carbon/human/dummy), 1, 1)
[18:06:46]/datum/preferences (/datum/preferences): update preview icon()
[18:06:46]/datum/preferences (/datum/preferences): ShowChoices(I_LOVE_SS13 (/mob/dead/new_player))
[18:06:46]I_LOVE_SS13 (/mob/dead/new_player): Topic("src=\[mob_27];show_preferences...", /list (/list))
[18:06:46]I_LOVE_SS13 (/client): Topic("src=\[mob_27];show_preferences...", /list (/list), I_LOVE_SS13 (/mob/dead/new_player))
[18:06:46]I_LOVE_SS13 (/client): Topic("src=\[mob_27];show_preferences...", /list (/list), I_LOVE_SS13 (/mob/dead/new_player))
Loaded Reebe in 5.5s!
Ruin loader finished with 0 left to spend.
Ruin loader finished with 0 left to spend.
Initialized Mapping subsystem within 35.8 seconds!
Initialized Networks subsystem within 0 seconds!
runtime error: 
[18:07:12]Bad areastring path for Vacant Office APC, area/security/vacantoffice
[18:07:12]proc name: stack trace (/datum/proc/stack_trace)
[18:07:12]  source file: unsorted.dm,1257
[18:07:12]  usr: null
[18:07:12]  src: Vacant Office APC (/obj/machinery/power/apc)
[18:07:12]  src.loc: the floor (88,129,2) (/turf/open/floor/plasteel/grimy)
[18:07:12]  call stack:
[18:07:12]Vacant Office APC (/obj/machinery/power/apc): stack trace("Bad areastring path for Vacant...")
[18:07:12]Vacant Office APC (/obj/machinery/power/apc): Initialize(1)
[18:07:12]Atoms (/datum/controller/subsystem/atoms): InitAtom(Vacant Office APC (/obj/machinery/power/apc), /list (/list))
[18:07:12]Atoms (/datum/controller/subsystem/atoms): InitializeAtoms(null)
[18:07:12]Atoms (/datum/controller/subsystem/atoms): Initialize(652226)
[18:07:12]Master (/datum/controller/master): Initialize(10, 0)
Initialized Atoms subsystem within 51.9 seconds!
Initialized Language subsystem within 0 seconds!
Initialized Machines subsystem within 0.4 seconds!
Initialized Circuit subsystem within 0.1 seconds!
Initialized Disease subsystem within 0 seconds!
Initialized Medals subsystem within 0 seconds!
Initialized Night Shift subsystem within 0 seconds!
Initialized Parallax subsystem within 0 seconds!
Initialized Traumas subsystem within 0.1 seconds!
Initialized Weather subsystem within 0 seconds!
## WARNING: There are 1 active turfs at roundstart, this is a mapping error caused by a difference of the air between the adjacent turfs. You can see its coordinates using "Mapping -> Show roundstart AT list" verb (debug verbs required)
## WARNING: HEY! LISTEN! 0 seconds were wasted processing 1 turf(s) (connected to 7 other turfs) with atmos differences at round start.
## WARNING: build_pipeline(): /obj/machinery/atmospherics/pipe/simple/supply/hidden added to a pipenet while still having one. (pipes leading to the same spot stacking in one turf) Nearby: (108, 118, 2)
## WARNING: build_pipeline(): /obj/machinery/atmospherics/pipe/manifold/supply/hidden added to a pipenet while still having one. (pipes leading to the same spot stacking in one turf) Nearby: (106, 118, 2)
## WARNING: build_pipeline(): /obj/machinery/atmospherics/pipe/simple/supply/hidden added to a pipenet while still having one. (pipes leading to the same spot stacking in one turf) Nearby: (109, 118, 2)
## WARNING: build_pipeline(): /obj/machinery/atmospherics/pipe/simple/supply/hidden added to a pipenet while still having one. (pipes leading to the same spot stacking in one turf) Nearby: (107, 118, 2)
## WARNING: build_pipeline(): /obj/machinery/atmospherics/pipe/simple/supply/hidden added to a pipenet while still having one. (pipes leading to the same spot stacking in one turf) Nearby: (106, 119, 2)
## WARNING: build_pipeline(): /obj/machinery/atmospherics/pipe/simple/supply/hidden added to a pipenet while still having one. (pipes leading to the same spot stacking in one turf) Nearby: (106, 117, 2)
## WARNING: build_pipeline(): /obj/machinery/atmospherics/pipe/simple/supply/hidden added to a pipenet while still having one. (pipes leading to the same spot stacking in one turf) Nearby: (106, 120, 2)
## WARNING: build_pipeline(): /obj/machinery/atmospherics/pipe/simple/supply/hidden added to a pipenet while still having one. (pipes leading to the same spot stacking in one turf) Nearby: (106, 116, 2)
## WARNING: build_pipeline(): /obj/machinery/atmospherics/pipe/simple/supply/hidden added to a pipenet while still having one. (pipes leading to the same spot stacking in one turf) Nearby: (106, 121, 2)
## WARNING: build_pipeline(): /obj/machinery/atmospherics/pipe/simple/supply/hidden added to a pipenet while still having one. (pipes leading to the same spot stacking in one turf) Nearby: (106, 115, 2)
## WARNING: build_pipeline(): further messages about pipenets will be supressed
Initialized Atmospherics subsystem within 16.5 seconds!
Initialized Minimap subsystem within 0.3 seconds!
Initialized Assets subsystem within 0.8 seconds!
Initialized Icon Smoothing subsystem within 7.6 seconds!
Initialized Overlay subsystem within 26.5 seconds!
Initialized XKeyScore subsystem within 0 seconds!
Initialized Sticky Ban subsystem within 0 seconds!
Initialized Lighting subsystem within 20.1 seconds!
Initialized Shuttle subsystem within 25.4 seconds!
Initialized Squeak subsystem within 0 seconds!
Initialized pathfinder subsystem within 0 seconds!
Loaded 117 engraved messages on map Box Station
Initialized Persistence subsystem within 0.1 seconds!
Initializations complete within 185.7 seconds!
runtime error: 
[18:10:47]addtimer called with a callback assigned to a qdeleted object
[18:10:47]proc name: stack trace (/proc/stack_trace)
[18:10:47]  source file: unsorted.dm,1254
[18:10:47]  usr: (src)
[18:10:47]  src: null
[18:10:47]  call stack:
[18:10:47]stack trace("addtimer called with a callbac...")
[18:10:47]addtimer(/datum/callback (/datum/callback), 10, 4)
[18:10:47] (/mob/living/carbon/human): clear fullscreen("nearsighted", 10)
[18:10:47] (/mob/living/carbon/human): equip to slot(the prescription glasses (/obj/item/clothing/glasses/regular), 8)
[18:10:47]Nearsighted (/datum/trait/nearsighted): on spawn()
[18:10:47]Nearsighted (/datum/trait/nearsighted): New( (/mob/living/carbon/human), 1)
[18:10:47] (/mob/living/carbon/human): add trait datum("Nearsighted", 1)
[18:10:47]Traits (/datum/controller/subsystem/processing/traits): AssignTraits( (/mob/living/carbon/human), ShawnTates (/client), 1)
[18:10:47]Ticker (/datum/controller/subsystem/ticker): equip characters()
[18:10:47]Ticker (/datum/controller/subsystem/ticker): setup()
[18:10:47]Ticker (/datum/controller/subsystem/ticker): fire(0)
[18:10:47]Ticker (/datum/controller/subsystem/ticker): ignite(0)
Game start took 22.7s
runtime error: 
[18:11:31]nothing to animate
[18:11:31]proc name: shake camera (/proc/shake_camera)
[18:11:31]  source file: mob_helpers.dm,270
[18:11:31]  usr: (src)
[18:11:31]  src: null
[18:11:31]  call stack:
[18:11:31]shake camera(Cash Sheets (/mob/living/carbon/human), 0.75, 1)
[18:11:31]Cash Sheets (/mob/living/carbon/human): afterShuttleMove(space (23,19,13) (/turf/open/space/transit/west), /list (/list), 8, 8, 8, 0)
[18:11:31]Cash Sheets (/mob/living/carbon/human): afterShuttleMove(space (23,19,13) (/turf/open/space/transit/west), /list (/list), 8, 8, 8, 0)
[18:11:31]the arrivals shuttle (/obj/docking_port/mobile/arrivals): cleanup runway(the arrivals (/obj/docking_port/stationary), /list (/list), /list (/list), /list (/list), /list (/list), 0, 8, Space (/area/space), /turf/open/space/transit/west (/turf/open/space/transit/west), /turf/open/space (/turf/open/space))
[18:11:31]the arrivals shuttle (/obj/docking_port/mobile/arrivals): initiate docking(the arrivals (/obj/docking_port/stationary), 8, 0)
[18:11:31]the arrivals shuttle (/obj/docking_port/mobile/arrivals): initiate docking(the arrivals (/obj/docking_port/stationary), 8)
[18:11:31]the arrivals shuttle (/obj/docking_port/mobile/arrivals): check()
[18:11:31]the arrivals shuttle (/obj/docking_port/mobile/arrivals): check()
[18:11:31]Shuttle (/datum/controller/subsystem/shuttle): fire(0)
[18:11:31]Shuttle (/datum/controller/subsystem/shuttle): ignite(0)
runtime error: 
[18:14:43]nothing to animate
[18:14:43]proc name: shake camera (/proc/shake_camera)
[18:14:43]  source file: mob_helpers.dm,270
[18:14:43]  usr: (src)
[18:14:43]  src: null
[18:14:43]  call stack:
[18:14:43]shake camera(Gragnir Grolob (/mob/living/carbon/human), 0.75, 1)
[18:14:43]Gragnir Grolob (/mob/living/carbon/human): afterShuttleMove(space (18,18,13) (/turf/open/space/transit/north), /list (/list), 8, 1, 1, 0)
[18:14:43]Gragnir Grolob (/mob/living/carbon/human): afterShuttleMove(space (18,18,13) (/turf/open/space/transit/north), /list (/list), 8, 1, 1, 0)
[18:14:43]the mining shuttle (/obj/docking_port/mobile): cleanup runway(the lavaland mine (/obj/docking_port/stationary), /list (/list), /list (/list), /list (/list), /list (/list), 0, 1, Space (/area/space), /turf/open/space/transit/north (/turf/open/space/transit/north), /turf/open/space (/turf/open/space))
[18:14:43]the mining shuttle (/obj/docking_port/mobile): initiate docking(the lavaland mine (/obj/docking_port/stationary), 1, 0)
[18:14:43]the mining shuttle (/obj/docking_port/mobile): check()
[18:14:43]Shuttle (/datum/controller/subsystem/shuttle): fire(0)
[18:14:43]Shuttle (/datum/controller/subsystem/shuttle): ignite(0)
runtime error: 
[18:14:43]nothing to animate
[18:14:43]proc name: shake camera (/proc/shake_camera)
[18:14:43]  source file: mob_helpers.dm,270
[18:14:43]  usr: (src)
[18:14:43]  src: null
[18:14:43]  call stack:
[18:14:43]shake camera(Raul Tejada (/mob/living/carbon/human), 0.75, 1)
[18:14:43]Raul Tejada (/mob/living/carbon/human): afterShuttleMove(space (18,20,13) (/turf/open/space/transit/north), /list (/list), 8, 1, 1, 0)
[18:14:43]Raul Tejada (/mob/living/carbon/human): afterShuttleMove(space (18,20,13) (/turf/open/space/transit/north), /list (/list), 8, 1, 1, 0)
[18:14:43]the mining shuttle (/obj/docking_port/mobile): cleanup runway(the lavaland mine (/obj/docking_port/stationary), /list (/list), /list (/list), /list (/list), /list (/list), 0, 1, Space (/area/space), /turf/open/space/transit/north (/turf/open/space/transit/north), /turf/open/space (/turf/open/space))
[18:14:43]the mining shuttle (/obj/docking_port/mobile): initiate docking(the lavaland mine (/obj/docking_port/stationary), 1, 0)
[18:14:43]the mining shuttle (/obj/docking_port/mobile): check()
[18:14:43]Shuttle (/datum/controller/subsystem/shuttle): fire(0)
[18:14:43]Shuttle (/datum/controller/subsystem/shuttle): ignite(0)
runtime error: 
[18:17:22]nothing to animate
[18:17:22]proc name: shake camera (/proc/shake_camera)
[18:17:22]  source file: mob_helpers.dm,270
[18:17:22]  usr: (src)
[18:17:22]  src: null
[18:17:22]  call stack:
[18:17:22]shake camera(Tony Black (/mob/living/carbon/human), 0.75, 1)
[18:17:22]Tony Black (/mob/living/carbon/human): afterShuttleMove(space (50,20,13) (/turf/open/space/transit/north), /list (/list), 8, 1, 1, 0)
[18:17:22]Tony Black (/mob/living/carbon/human): afterShuttleMove(space (50,20,13) (/turf/open/space/transit/north), /list (/list), 8, 1, 1, 0)
[18:17:22]the mining shuttle (/obj/docking_port/mobile): cleanup runway(the lavaland mine (/obj/docking_port/stationary), /list (/list), /list (/list), /list (/list), /list (/list), 0, 1, Space (/area/space), /turf/open/space/transit/north (/turf/open/space/transit/north), /turf/open/space (/turf/open/space))
[18:17:22]the mining shuttle (/obj/docking_port/mobile): initiate docking(the lavaland mine (/obj/docking_port/stationary), 1, 0)
[18:17:22]the mining shuttle (/obj/docking_port/mobile): check()
[18:17:22]Shuttle (/datum/controller/subsystem/shuttle): fire(0)
[18:17:22]Shuttle (/datum/controller/subsystem/shuttle): ignite(0)
## WARNING: couldn't find shuttle with id:  in code/controllers/subsystem/shuttle.dm at line 209 src: Shuttle usr: GanDorf The Beard of the Grey.
runtime error: 
[18:20:12]nothing to animate
[18:20:12]proc name: shake camera (/proc/shake_camera)
[18:20:12]  source file: mob_helpers.dm,270
[18:20:12]  usr: (src)
[18:20:12]  src: null
[18:20:12]  call stack:
[18:20:12]shake camera(Finecially Unstable (/mob/living/carbon/human), 0.75, 1)
[18:20:12]Finecially Unstable (/mob/living/carbon/human): afterShuttleMove(space (25,19,13) (/turf/open/space/transit/west), /list (/list), 8, 8, 8, 0)
[18:20:12]Finecially Unstable (/mob/living/carbon/human): afterShuttleMove(space (25,19,13) (/turf/open/space/transit/west), /list (/list), 8, 8, 8, 0)
[18:20:12]the arrivals shuttle (/obj/docking_port/mobile/arrivals): cleanup runway(the arrivals (/obj/docking_port/stationary), /list (/list), /list (/list), /list (/list), /list (/list), 0, 8, Space (/area/space), /turf/open/space/transit/west (/turf/open/space/transit/west), /turf/open/space (/turf/open/space))
[18:20:12]the arrivals shuttle (/obj/docking_port/mobile/arrivals): initiate docking(the arrivals (/obj/docking_port/stationary), 8, 0)
[18:20:12]the arrivals shuttle (/obj/docking_port/mobile/arrivals): initiate docking(the arrivals (/obj/docking_port/stationary), 8)
[18:20:12]the arrivals shuttle (/obj/docking_port/mobile/arrivals): check()
[18:20:12]the arrivals shuttle (/obj/docking_port/mobile/arrivals): check()
[18:20:12]Shuttle (/datum/controller/subsystem/shuttle): fire(0)
[18:20:12]Shuttle (/datum/controller/subsystem/shuttle): ignite(0)
runtime error: 
[18:23:48]Cannot read null.species
[18:23:48]proc name: remove (/datum/trait/deviant_tastes/remove)
[18:23:48]  source file: neutral.dm,31
[18:23:48]  usr: null
[18:23:48]  src: Deviant Tastes (/datum/trait/deviant_tastes)
[18:23:48]  call stack:
[18:23:48]Deviant Tastes (/datum/trait/deviant_tastes): remove()
[18:23:48]Deviant Tastes (/datum/trait/deviant_tastes): Destroy(0)
[18:23:48]qdel(Deviant Tastes (/datum/trait/deviant_tastes), 0)
[18:23:48]Deviant Tastes (/datum/trait/deviant_tastes): process(10)
[18:23:48]Traits (/datum/controller/subsystem/processing/traits): fire(0)
[18:23:48]Traits (/datum/controller/subsystem/processing/traits): ignite(0)
[18:23:48]Master (/datum/controller/master): RunQueue()
[18:23:48]Master (/datum/controller/master): Loop()
[18:23:48]Master (/datum/controller/master): StartProcessing(0)
runtime error: 
[18:23:53]A ref was requested of an object with DF_USE_TAG set but no tag: Wack Grandpap
[18:23:53]proc name: stack trace (/proc/stack_trace)
[18:23:53]  source file: unsorted.dm,1254
[18:23:53]  usr: (src)
[18:23:53]  src: null
[18:23:53]  call stack:
[18:23:53]stack trace("A ref was requested of an obje...")
[18:23:53]REF(Wack Grandpap (/mob/living/carbon/human))
[18:23:53]Wack Grandpap (/mob/living/carbon/human): investigate log("was afflicted with a hallucina...", "hallucinations")
[18:23:53]/datum/hallucination/hudscrew (/datum/hallucination/hudscrew): Destroy(0)
[18:23:53]qdel(/datum/hallucination/hudscrew (/datum/hallucination/hudscrew), 0)
[18:23:53]/datum/hallucination/hudscrew (/datum/hallucination/hudscrew): New(Wack Grandpap (/mob/living/carbon/human), 0)
## WARNING: couldn't find shuttle with id:  in code/controllers/subsystem/shuttle.dm at line 209 src: Shuttle usr: Noaey'gief.
runtime error: 
[18:28:39]nothing to animate
[18:28:39]proc name: shake camera (/proc/shake_camera)
[18:28:39]  source file: mob_helpers.dm,270
[18:28:39]  usr: (src)
[18:28:39]  src: null
[18:28:39]  call stack:
[18:28:39]shake camera(Tony Black (/mob/living/carbon/human), 0.75, 1)
[18:28:39]Tony Black (/mob/living/carbon/human): afterShuttleMove(space (51,18,13) (/turf/open/space/transit/north), /list (/list), 8, 1, 1, 0)
[18:28:39]Tony Black (/mob/living/carbon/human): afterShuttleMove(space (51,18,13) (/turf/open/space/transit/north), /list (/list), 8, 1, 1, 0)
[18:28:39]the mining shuttle (/obj/docking_port/mobile): cleanup runway(the mining shuttle bay (/obj/docking_port/stationary), /list (/list), /list (/list), /list (/list), /list (/list), 0, 1, Space (/area/space), /turf/open/space/transit/north (/turf/open/space/transit/north), /turf/open/space (/turf/open/space))
[18:28:39]the mining shuttle (/obj/docking_port/mobile): initiate docking(the mining shuttle bay (/obj/docking_port/stationary), 1, 0)
[18:28:39]the mining shuttle (/obj/docking_port/mobile): check()
[18:28:39]Shuttle (/datum/controller/subsystem/shuttle): fire(0)
[18:28:39]Shuttle (/datum/controller/subsystem/shuttle): ignite(0)
runtime error: 
[18:28:39]nothing to animate
[18:28:39]proc name: shake camera (/proc/shake_camera)
[18:28:39]  source file: mob_helpers.dm,270
[18:28:39]  usr: (src)
[18:28:39]  src: null
[18:28:39]  call stack:
[18:28:39]shake camera(Raul Tejada (/mob/living/carbon/human), 0.75, 1)
[18:28:39]Raul Tejada (/mob/living/carbon/human): afterShuttleMove(space (49,18,13) (/turf/open/space/transit/north), /list (/list), 8, 1, 1, 0)
[18:28:39]Raul Tejada (/mob/living/carbon/human): afterShuttleMove(space (49,18,13) (/turf/open/space/transit/north), /list (/list), 8, 1, 1, 0)
[18:28:39]the mining shuttle (/obj/docking_port/mobile): cleanup runway(the mining shuttle bay (/obj/docking_port/stationary), /list (/list), /list (/list), /list (/list), /list (/list), 0, 1, Space (/area/space), /turf/open/space/transit/north (/turf/open/space/transit/north), /turf/open/space (/turf/open/space))
[18:28:39]the mining shuttle (/obj/docking_port/mobile): initiate docking(the mining shuttle bay (/obj/docking_port/stationary), 1, 0)
[18:28:39]the mining shuttle (/obj/docking_port/mobile): check()
[18:28:39]Shuttle (/datum/controller/subsystem/shuttle): fire(0)
[18:28:39]Shuttle (/datum/controller/subsystem/shuttle): ignite(0)
runtime error: 
[18:28:39]nothing to animate
[18:28:39]proc name: shake camera (/proc/shake_camera)
[18:28:39]  source file: mob_helpers.dm,270
[18:28:39]  usr: (src)
[18:28:39]  src: null
[18:28:39]  call stack:
[18:28:39]shake camera(Gragnir Grolob (/mob/living/carbon/human), 0.75, 1)
[18:28:39]Gragnir Grolob (/mob/living/carbon/human): afterShuttleMove(space (50,20,13) (/turf/open/space/transit/north), /list (/list), 8, 1, 1, 0)
[18:28:39]Gragnir Grolob (/mob/living/carbon/human): afterShuttleMove(space (50,20,13) (/turf/open/space/transit/north), /list (/list), 8, 1, 1, 0)
[18:28:39]the mining shuttle (/obj/docking_port/mobile): cleanup runway(the mining shuttle bay (/obj/docking_port/stationary), /list (/list), /list (/list), /list (/list), /list (/list), 0, 1, Space (/area/space), /turf/open/space/transit/north (/turf/open/space/transit/north), /turf/open/space (/turf/open/space))
[18:28:39]the mining shuttle (/obj/docking_port/mobile): initiate docking(the mining shuttle bay (/obj/docking_port/stationary), 1, 0)
[18:28:39]the mining shuttle (/obj/docking_port/mobile): check()
[18:28:39]Shuttle (/datum/controller/subsystem/shuttle): fire(0)
[18:28:39]Shuttle (/datum/controller/subsystem/shuttle): ignite(0)
[2018-05-11 18:29:45] Client: Kag3rou triggered JS error: Error: The URI to be decoded is not a valid encoding | url: http://127.0.0.1:57511/tmp15692/browserOutput.js | line: 116 | column: 2 | error: URIError: The URI to be decoded is not a valid encoding | user agent: Mozilla/4.0 (compatible; MSIE 7.0; Windows NT 6.2; WOW64; Trident/7.0; .NET4.0C; .NET4.0E; .NET CLR 2.0.50727; .NET CLR 3.0.30729; .NET CLR 3.5.30729)
[2018-05-11 18:29:45] Client: Toned Mcstone triggered JS error: Error: The URI to be decoded is not a valid encoding | url: http://127.0.0.1:49707/browserOutput.js | line: 116 | column: 2 | error: URIError: The URI to be decoded is not a valid encoding | user agent: Mozilla/4.0 (compatible; MSIE 7.0; Windows NT 6.1; WOW64; Trident/7.0; SLCC2; .NET CLR 2.0.50727; .NET CLR 3.5.30729; .NET CLR 3.0.30729; Media Center PC 6.0; .NET4.0C; .NET4.0E; .NET CLR 1.1.4322; BRI/2)
[2018-05-11 18:29:45] Client: Iagotodesco triggered JS error: Error: O URI a ser decodificado não é uma codificação válida | url: http://127.0.0.1:51048/browserOutput.js | line: 116 | column: 2 | error: URIError: O URI a ser decodificado não é uma codificação válida | user agent: Mozilla/4.0 (compatible; MSIE 7.0; Windows NT 6.1; Trident/7.0; SLCC2; .NET CLR 2.0.50727; .NET CLR 3.5.30729; .NET CLR 3.0.30729; Media Center PC 6.0; InfoPath.3; .NET4.0C; .NET4.0E)
runtime error: 
[18:33:14]list index out of bounds
[18:33:14]proc name: tick (/datum/round_event/aurora_caelus/tick)
[18:33:14]  source file: aurora_caelus.dm,39
[18:33:14]  usr: null
[18:33:14]  src: /datum/round_event/aurora_cael... (/datum/round_event/aurora_caelus)
[18:33:14]  call stack:
[18:33:14]/datum/round_event/aurora_cael... (/datum/round_event/aurora_caelus): tick()
[18:33:14]/datum/round_event/aurora_cael... (/datum/round_event/aurora_caelus): process()
[18:33:14]Events (/datum/controller/subsystem/events): fire(0)
[18:33:14]Events (/datum/controller/subsystem/events): ignite(0)
[18:33:14]Master (/datum/controller/master): RunQueue()
[18:33:14]Master (/datum/controller/master): Loop()
[18:33:14]Master (/datum/controller/master): StartProcessing(0)
runtime error: 
[18:37:37]nothing to animate
[18:37:37]proc name: shake camera (/proc/shake_camera)
[18:37:37]  source file: mob_helpers.dm,270
[18:37:37]  usr: (src)
[18:37:37]  src: null
[18:37:37]  call stack:
[18:37:37]shake camera(Unknown (/mob/living/carbon/human), 0.75, 1)
[18:37:37]Unknown (/mob/living/carbon/human): afterShuttleMove(space (50,18,13) (/turf/open/space/transit/north), /list (/list), 8, 1, 1, 0)
[18:37:37]Unknown (/mob/living/carbon/human): afterShuttleMove(space (50,18,13) (/turf/open/space/transit/north), /list (/list), 8, 1, 1, 0)
[18:37:37]the mining shuttle (/obj/docking_port/mobile): cleanup runway(the lavaland mine (/obj/docking_port/stationary), /list (/list), /list (/list), /list (/list), /list (/list), 0, 1, Space (/area/space), /turf/open/space/transit/north (/turf/open/space/transit/north), /turf/open/space (/turf/open/space))
[18:37:37]the mining shuttle (/obj/docking_port/mobile): initiate docking(the lavaland mine (/obj/docking_port/stationary), 1, 0)
[18:37:37]the mining shuttle (/obj/docking_port/mobile): check()
[18:37:37]Shuttle (/datum/controller/subsystem/shuttle): fire(0)
[18:37:37]Shuttle (/datum/controller/subsystem/shuttle): ignite(0)
runtime error: 
[18:37:37]nothing to animate
[18:37:37]proc name: shake camera (/proc/shake_camera)
[18:37:37]  source file: mob_helpers.dm,270
[18:37:37]  usr: (src)
[18:37:37]  src: null
[18:37:37]  call stack:
[18:37:37]shake camera(Raul Tejada (/mob/living/carbon/human), 0.75, 1)
[18:37:37]Raul Tejada (/mob/living/carbon/human): afterShuttleMove(space (50,20,13) (/turf/open/space/transit/north), /list (/list), 8, 1, 1, 0)
[18:37:37]Raul Tejada (/mob/living/carbon/human): afterShuttleMove(space (50,20,13) (/turf/open/space/transit/north), /list (/list), 8, 1, 1, 0)
[18:37:37]the mining shuttle (/obj/docking_port/mobile): cleanup runway(the lavaland mine (/obj/docking_port/stationary), /list (/list), /list (/list), /list (/list), /list (/list), 0, 1, Space (/area/space), /turf/open/space/transit/north (/turf/open/space/transit/north), /turf/open/space (/turf/open/space))
[18:37:37]the mining shuttle (/obj/docking_port/mobile): initiate docking(the lavaland mine (/obj/docking_port/stationary), 1, 0)
[18:37:37]the mining shuttle (/obj/docking_port/mobile): check()
[18:37:37]Shuttle (/datum/controller/subsystem/shuttle): fire(0)
[18:37:37]Shuttle (/datum/controller/subsystem/shuttle): ignite(0)
runtime error: 
[18:38:41]nothing to animate
[18:38:41]proc name: shake camera (/proc/shake_camera)
[18:38:41]  source file: mob_helpers.dm,270
[18:38:41]  usr: (src)
[18:38:41]  src: null
[18:38:41]  call stack:
[18:38:41]shake camera(Mckenna Kimple (/mob/living/carbon/human), 0.75, 1)
[18:38:41]Mckenna Kimple (/mob/living/carbon/human): afterShuttleMove(space (21,20,13) (/turf/open/space/transit/west), /list (/list), 8, 8, 8, 0)
[18:38:41]Mckenna Kimple (/mob/living/carbon/human): afterShuttleMove(space (21,20,13) (/turf/open/space/transit/west), /list (/list), 8, 8, 8, 0)
[18:38:41]the arrivals shuttle (/obj/docking_port/mobile/arrivals): cleanup runway(the arrivals (/obj/docking_port/stationary), /list (/list), /list (/list), /list (/list), /list (/list), 0, 8, Space (/area/space), /turf/open/space/transit/west (/turf/open/space/transit/west), /turf/open/space (/turf/open/space))
[18:38:41]the arrivals shuttle (/obj/docking_port/mobile/arrivals): initiate docking(the arrivals (/obj/docking_port/stationary), 8, 0)
[18:38:41]the arrivals shuttle (/obj/docking_port/mobile/arrivals): initiate docking(the arrivals (/obj/docking_port/stationary), 8)
[18:38:41]the arrivals shuttle (/obj/docking_port/mobile/arrivals): check()
[18:38:41]the arrivals shuttle (/obj/docking_port/mobile/arrivals): check()
[18:38:41]Shuttle (/datum/controller/subsystem/shuttle): fire(0)
[18:38:41]Shuttle (/datum/controller/subsystem/shuttle): ignite(0)
runtime error: 
[18:41:01]nothing to animate
[18:41:01]proc name: shake camera (/proc/shake_camera)
[18:41:01]  source file: mob_helpers.dm,270
[18:41:01]  usr: (src)
[18:41:01]  src: null
[18:41:01]  call stack:
[18:41:01]shake camera(Alex Dowdall (/mob/living/carbon/human), 0.75, 1)
[18:41:01]Alex Dowdall (/mob/living/carbon/human): afterShuttleMove(space (21,18,13) (/turf/open/space/transit/west), /list (/list), 8, 8, 8, 0)
[18:41:01]Alex Dowdall (/mob/living/carbon/human): afterShuttleMove(space (21,18,13) (/turf/open/space/transit/west), /list (/list), 8, 8, 8, 0)
[18:41:01]the arrivals shuttle (/obj/docking_port/mobile/arrivals): cleanup runway(the arrivals (/obj/docking_port/stationary), /list (/list), /list (/list), /list (/list), /list (/list), 0, 8, Space (/area/space), /turf/open/space/transit/west (/turf/open/space/transit/west), /turf/open/space (/turf/open/space))
[18:41:01]the arrivals shuttle (/obj/docking_port/mobile/arrivals): initiate docking(the arrivals (/obj/docking_port/stationary), 8, 0)
[18:41:01]the arrivals shuttle (/obj/docking_port/mobile/arrivals): initiate docking(the arrivals (/obj/docking_port/stationary), 8)
[18:41:01]the arrivals shuttle (/obj/docking_port/mobile/arrivals): check()
[18:41:01]the arrivals shuttle (/obj/docking_port/mobile/arrivals): check()
[18:41:01]Shuttle (/datum/controller/subsystem/shuttle): fire(0)
[18:41:01]Shuttle (/datum/controller/subsystem/shuttle): ignite(0)
runtime error: 
[18:43:16]nothing to animate
[18:43:16]proc name: shake camera (/proc/shake_camera)
[18:43:16]  source file: mob_helpers.dm,270
runtime error: 
[18:46:25]nothing to animate
[18:46:25]proc name: shake camera (/proc/shake_camera)
[18:46:25]  source file: mob_helpers.dm,270
runtime error: 
[18:49:17]nothing to animate
[18:49:17]proc name: shake camera (/proc/shake_camera)
[18:49:17]  source file: mob_helpers.dm,270
runtime error: 
[18:57:18]nothing to animate
[18:57:18]proc name: shake camera (/proc/shake_camera)
[18:57:18]  source file: mob_helpers.dm,270
runtime error: 
[18:57:58]Cannot read null.client
[18:57:58]proc name: remove from client (/datum/action/vote/proc/remove_from_client)
[18:57:58]  source file: vote.dm,321
runtime error: 
[18:57:58]Cannot read null.client
[18:57:58]proc name: remove from client (/datum/action/vote/proc/remove_from_client)
[18:57:58]  source file: vote.dm,321
runtime error: 
[18:57:58]Cannot read null.client
[18:57:58]proc name: remove from client (/datum/action/vote/proc/remove_from_client)
[18:57:58]  source file: vote.dm,321
runtime error: 
[18:57:58]Cannot read null.client
[18:57:58]proc name: remove from client (/datum/action/vote/proc/remove_from_client)
[18:57:58]  source file: vote.dm,321
runtime error: 
[18:58:55]nothing to animate
[18:58:55]proc name: shake camera (/proc/shake_camera)
[18:58:55]  source file: mob_helpers.dm,270
[2018-05-11 18:58:46] Client: Kag3rou triggered JS error: Error: The URI to be decoded is not a valid encoding | url: http://127.0.0.1:57511/tmp15692/browserOutput.js | line: 116 | column: 2 | error: URIError: The URI to be decoded is not a valid encoding | user agent: Mozilla/4.0 (compatible; MSIE 7.0; Windows NT 6.2; WOW64; Trident/7.0; .NET4.0C; .NET4.0E; .NET CLR 2.0.50727; .NET CLR 3.0.30729; .NET CLR 3.5.30729)
[2018-05-11 18:58:46] Client: HaggisShuu triggered JS error: Error: The URI to be decoded is not a valid encoding | url: http://127.0.0.1:50041/tmp5468/browserOutput.js | line: 116 | user agent: Mozilla/4.0 (compatible; MSIE 7.0; Windows NT 6.1; WOW64; Trident/4.0; byond_5.0; SLCC2; .NET CLR 2.0.50727; .NET CLR 3.5.30729; .NET CLR 3.0.30729; Media Center PC 6.0; .NET4.0C; .NET4.0E)
[2018-05-11 18:58:46] Client: Kevinspacey2002 triggered JS error: Error: The URI to be decoded is not a valid encoding | url: http://127.0.0.1:52991/tmp10092/browserOutput.js | line: 116 | column: 2 | error: URIError: The URI to be decoded is not a valid encoding | user agent: Mozilla/4.0 (compatible; MSIE 7.0; Windows NT 6.2; WOW64; Trident/7.0; .NET4.0C; .NET4.0E; .NET CLR 2.0.50727; .NET CLR 3.0.30729; .NET CLR 3.5.30729)
[2018-05-11 18:58:46] Client: Blurbo triggered JS error: Error: The URI to be decoded is not a valid encoding | url: http://127.0.0.1:52996/tmp3916/browserOutput.js | line: 116 | column: 2 | error: URIError: The URI to be decoded is not a valid encoding | user agent: Mozilla/4.0 (compatible; MSIE 7.0; Windows NT 6.2; WOW64; Trident/7.0; .NET4.0C; .NET4.0E)
[2018-05-11 18:58:46] Client: Iagotodesco triggered JS error: Error: O URI a ser decodificado não é uma codificação válida | url: http://127.0.0.1:51048/browserOutput.js | line: 116 | column: 2 | error: URIError: O URI a ser decodificado não é uma codificação válida | user agent: Mozilla/4.0 (compatible; MSIE 7.0; Windows NT 6.1; Trident/7.0; SLCC2; .NET CLR 2.0.50727; .NET CLR 3.5.30729; .NET CLR 3.0.30729; Media Center PC 6.0; InfoPath.3; .NET4.0C; .NET4.0E)
runtime error: 
[19:01:32]Loading pirate ship failed!
[19:01:32]proc name: spawn shuttle (/datum/round_event/pirates/proc/spawn_shuttle)
[19:01:32]  source file: pirates.dm,75
runtime error: 
[19:07:42]nothing to animate
[19:07:42]proc name: shake camera (/proc/shake_camera)
[19:07:42]  source file: mob_helpers.dm,270
runtime error: 
[19:09:18]nothing to animate
[19:09:18]proc name: shake camera (/proc/shake_camera)
[19:09:18]  source file: mob_helpers.dm,270
runtime error: 
[19:10:41]Cannot execute null.archive().
[19:10:41]proc name: archive (/turf/open/archive)
[19:10:41]  source file: LINDA_turf_tile.dm,91
runtime error: 
[19:10:41]Cannot read null.gases
[19:10:41]proc name: compare (/datum/gas_mixture/compare)
[19:10:41]  source file: gas_mixture.dm,387
runtime error: 
[19:10:41]Cannot execute null.archive().
[19:10:41]proc name: archive (/turf/open/archive)
[19:10:41]  source file: LINDA_turf_tile.dm,91
runtime error: 
[19:10:41]Cannot read null.gases
[19:10:41]proc name: compare (/datum/gas_mixture/compare)
[19:10:41]  source file: gas_mixture.dm,387
runtime error: 
[19:10:41]Cannot execute null.archive().
[19:10:41]proc name: archive (/turf/open/archive)
[19:10:41]  source file: LINDA_turf_tile.dm,91
runtime error: 
[19:10:41]Cannot read null.gases
[19:10:41]proc name: compare (/datum/gas_mixture/compare)
[19:10:41]  source file: gas_mixture.dm,387
runtime error: 
[19:10:41]Cannot execute null.archive().
[19:10:41]proc name: archive (/turf/open/archive)
[19:10:41]  source file: LINDA_turf_tile.dm,91
runtime error: 
[19:10:41]Cannot read null.gases
[19:10:41]proc name: compare (/datum/gas_mixture/compare)
[19:10:41]  source file: gas_mixture.dm,387
runtime error: 
[19:10:41]Cannot execute null.archive().
[19:10:41]proc name: archive (/turf/open/archive)
[19:10:41]  source file: LINDA_turf_tile.dm,91
runtime error: 
[19:10:41]Cannot read null.gases
[19:10:41]proc name: compare (/datum/gas_mixture/compare)
[19:10:41]  source file: gas_mixture.dm,387
runtime error: 
[19:10:41]Cannot execute null.archive().
[19:10:41]proc name: archive (/turf/open/archive)
[19:10:41]  source file: LINDA_turf_tile.dm,91
runtime error: 
[19:10:41]Cannot read null.gases
[19:10:41]proc name: compare (/datum/gas_mixture/compare)
[19:10:41]  source file: gas_mixture.dm,387
runtime error: 
[19:10:41]Cannot execute null.archive().
[19:10:41]proc name: archive (/turf/open/archive)
[19:10:41]  source file: LINDA_turf_tile.dm,91
runtime error: 
[19:10:41]Cannot read null.gases
[19:10:41]proc name: compare (/datum/gas_mixture/compare)
[19:10:41]  source file: gas_mixture.dm,387
runtime error: 
[19:10:41]Cannot execute null.archive().
[19:10:41]proc name: archive (/turf/open/archive)
[19:10:41]  source file: LINDA_turf_tile.dm,91
runtime error: 
[19:10:41]Cannot read null.gases
[19:10:41]proc name: compare (/datum/gas_mixture/compare)
[19:10:41]  source file: gas_mixture.dm,387
runtime error: 
[19:10:41]Cannot execute null.archive().
[19:10:41]proc name: archive (/turf/open/archive)
[19:10:41]  source file: LINDA_turf_tile.dm,91
runtime error: 
[19:10:41]Cannot read null.gases
[19:10:41]proc name: compare (/datum/gas_mixture/compare)
[19:10:41]  source file: gas_mixture.dm,387
runtime error: 
[19:10:41]Cannot execute null.archive().
[19:10:41]proc name: archive (/turf/open/archive)
[19:10:41]  source file: LINDA_turf_tile.dm,91
runtime error: 
[19:10:41]Cannot read null.gases
[19:10:41]proc name: compare (/datum/gas_mixture/compare)
[19:10:41]  source file: gas_mixture.dm,387
runtime error: 
[19:10:41]Cannot execute null.archive().
[19:10:41]proc name: archive (/turf/open/archive)
[19:10:41]  source file: LINDA_turf_tile.dm,91
runtime error: 
[19:10:41]Cannot read null.gases
[19:10:41]proc name: compare (/datum/gas_mixture/compare)
[19:10:41]  source file: gas_mixture.dm,387
runtime error: 
[19:10:41]Cannot execute null.archive().
[19:10:41]proc name: archive (/turf/open/archive)
[19:10:41]  source file: LINDA_turf_tile.dm,91
runtime error: 
[19:10:41]Cannot read null.gases
[19:10:41]proc name: compare (/datum/gas_mixture/compare)
[19:10:41]  source file: gas_mixture.dm,387
runtime error: 
[19:10:41]Cannot execute null.archive().
[19:10:41]proc name: archive (/turf/open/archive)
[19:10:41]  source file: LINDA_turf_tile.dm,91
runtime error: 
[19:10:41]Cannot read null.gases
[19:10:41]proc name: compare (/datum/gas_mixture/compare)
[19:10:41]  source file: gas_mixture.dm,387
runtime error: 
[19:10:41]Cannot execute null.archive().
[19:10:41]proc name: archive (/turf/open/archive)
[19:10:41]  source file: LINDA_turf_tile.dm,91
runtime error: 
[19:10:41]Cannot read null.gases
[19:10:41]proc name: compare (/datum/gas_mixture/compare)
[19:10:41]  source file: gas_mixture.dm,387
runtime error: 
[19:10:41]Cannot execute null.archive().
[19:10:41]proc name: archive (/turf/open/archive)
[19:10:41]  source file: LINDA_turf_tile.dm,91
runtime error: 
[19:10:41]Cannot read null.gases
[19:10:41]proc name: compare (/datum/gas_mixture/compare)
[19:10:41]  source file: gas_mixture.dm,387
runtime error: 
[19:10:41]Cannot execute null.archive().
[19:10:41]proc name: archive (/turf/open/archive)
[19:10:41]  source file: LINDA_turf_tile.dm,91
runtime error: 
[19:10:41]Cannot read null.gases
[19:10:41]proc name: compare (/datum/gas_mixture/compare)
[19:10:41]  source file: gas_mixture.dm,387
runtime error: 
[19:10:41]Cannot execute null.archive().
[19:10:41]proc name: archive (/turf/open/archive)
[19:10:41]  source file: LINDA_turf_tile.dm,91
runtime error: 
[19:10:41]Cannot read null.gases
[19:10:41]proc name: compare (/datum/gas_mixture/compare)
[19:10:41]  source file: gas_mixture.dm,387
runtime error: 
[19:10:41]Cannot execute null.archive().
[19:10:41]proc name: archive (/turf/open/archive)
[19:10:41]  source file: LINDA_turf_tile.dm,91
runtime error: 
[19:10:41]Cannot read null.gases
[19:10:41]proc name: compare (/datum/gas_mixture/compare)
[19:10:41]  source file: gas_mixture.dm,387
runtime error: 
[19:10:41]Cannot execute null.archive().
[19:10:41]proc name: archive (/turf/open/archive)
[19:10:41]  source file: LINDA_turf_tile.dm,91
runtime error: 
[19:10:41]Cannot read null.gases
[19:10:41]proc name: compare (/datum/gas_mixture/compare)
[19:10:41]  source file: gas_mixture.dm,387
runtime error: 
[19:10:41]Cannot execute null.archive().
[19:10:41]proc name: archive (/turf/open/archive)
[19:10:41]  source file: LINDA_turf_tile.dm,91
runtime error: 
[19:10:41]Cannot read null.gases
[19:10:41]proc name: compare (/datum/gas_mixture/compare)
[19:10:41]  source file: gas_mixture.dm,387
runtime error: 
[19:10:41]Cannot execute null.archive().
[19:10:41]proc name: archive (/turf/open/archive)
[19:10:41]  source file: LINDA_turf_tile.dm,91
runtime error: 
[19:10:41]Cannot read null.gases
[19:10:41]proc name: compare (/datum/gas_mixture/compare)
[19:10:41]  source file: gas_mixture.dm,387
runtime error: 
[19:10:41]Cannot execute null.archive().
[19:10:41]proc name: archive (/turf/open/archive)
[19:10:41]  source file: LINDA_turf_tile.dm,91
runtime error: 
[19:10:41]Cannot read null.gases
[19:10:41]proc name: compare (/datum/gas_mixture/compare)
[19:10:41]  source file: gas_mixture.dm,387
runtime error: 
[19:10:41]Cannot execute null.archive().
[19:10:41]proc name: archive (/turf/open/archive)
[19:10:41]  source file: LINDA_turf_tile.dm,91
runtime error: 
[19:10:41]Cannot read null.gases
[19:10:41]proc name: compare (/datum/gas_mixture/compare)
[19:10:41]  source file: gas_mixture.dm,387
runtime error: 
[19:10:41]Cannot execute null.archive().
[19:10:41]proc name: archive (/turf/open/archive)
[19:10:41]  source file: LINDA_turf_tile.dm,91
runtime error: 
[19:10:41]Cannot read null.gases
[19:10:41]proc name: compare (/datum/gas_mixture/compare)
[19:10:41]  source file: gas_mixture.dm,387
runtime error: 
[19:10:41]Cannot execute null.archive().
[19:10:41]proc name: archive (/turf/open/archive)
[19:10:41]  source file: LINDA_turf_tile.dm,91
runtime error: 
[19:10:41]Cannot read null.gases
[19:10:41]proc name: compare (/datum/gas_mixture/compare)
[19:10:41]  source file: gas_mixture.dm,387
runtime error: 
[19:10:41]Cannot execute null.archive().
[19:10:41]proc name: archive (/turf/open/archive)
[19:10:41]  source file: LINDA_turf_tile.dm,91
runtime error: 
[19:10:41]Cannot read null.gases
[19:10:41]proc name: compare (/datum/gas_mixture/compare)
[19:10:41]  source file: gas_mixture.dm,387
runtime error: 
[19:10:41]Cannot execute null.archive().
[19:10:41]proc name: archive (/turf/open/archive)
[19:10:41]  source file: LINDA_turf_tile.dm,91
runtime error: 
[19:10:41]Cannot read null.gases
[19:10:41]proc name: compare (/datum/gas_mixture/compare)
[19:10:41]  source file: gas_mixture.dm,387
runtime error: 
[19:10:41]Cannot execute null.archive().
[19:10:41]proc name: archive (/turf/open/archive)
[19:10:41]  source file: LINDA_turf_tile.dm,91
runtime error: 
[19:10:41]Cannot read null.gases
[19:10:41]proc name: compare (/datum/gas_mixture/compare)
[19:10:41]  source file: gas_mixture.dm,387
runtime error: 
[19:10:41]Cannot execute null.archive().
[19:10:41]proc name: archive (/turf/open/archive)
[19:10:41]  source file: LINDA_turf_tile.dm,91
runtime error: 
[19:10:41]Cannot read null.gases
[19:10:41]proc name: compare (/datum/gas_mixture/compare)
[19:10:41]  source file: gas_mixture.dm,387
runtime error: 
[19:10:41]Cannot execute null.archive().
[19:10:41]proc name: archive (/turf/open/archive)
[19:10:41]  source file: LINDA_turf_tile.dm,91
runtime error: 
[19:10:41]Cannot read null.gases
[19:10:41]proc name: compare (/datum/gas_mixture/compare)
[19:10:41]  source file: gas_mixture.dm,387
runtime error: 
[19:10:41]Cannot execute null.archive().
[19:10:41]proc name: archive (/turf/open/archive)
[19:10:41]  source file: LINDA_turf_tile.dm,91
runtime error: 
[19:10:41]Cannot read null.gases
[19:10:41]proc name: compare (/datum/gas_mixture/compare)
[19:10:41]  source file: gas_mixture.dm,387
runtime error: 
[19:10:41]undefined variable /turf/closed/wall/mineral/titanium/var/air
[19:10:41]proc name: process cell (/turf/open/process_cell)
[19:10:41]  source file: LINDA_turf_tile.dm,184
runtime error: 
[19:10:41]undefined variable /turf/closed/wall/mineral/titanium/var/air
[19:10:41]proc name: process cell (/turf/open/process_cell)
[19:10:41]  source file: LINDA_turf_tile.dm,184
runtime error: 
[19:10:41]undefined variable /turf/closed/wall/mineral/titanium/var/air
[19:10:41]proc name: process cell (/turf/open/process_cell)
[19:10:41]  source file: LINDA_turf_tile.dm,184
runtime error: 
[19:10:41]undefined variable /turf/closed/wall/mineral/titanium/var/air
[19:10:41]proc name: process cell (/turf/open/process_cell)
[19:10:41]  source file: LINDA_turf_tile.dm,184
runtime error: 
[19:10:41]undefined variable /turf/closed/wall/mineral/titanium/var/air
[19:10:41]proc name: process cell (/turf/open/process_cell)
[19:10:41]  source file: LINDA_turf_tile.dm,184
runtime error: 
[19:10:41]undefined variable /turf/closed/wall/mineral/titanium/var/air
[19:10:41]proc name: process cell (/turf/open/process_cell)
[19:10:41]  source file: LINDA_turf_tile.dm,184
runtime error: 
[19:10:41]undefined variable /turf/closed/wall/mineral/titanium/var/air
[19:10:41]Warning: further proc crash messages are being suppressed to prevent overload...
runtime error: 
[19:10:41]undefined variable /turf/closed/wall/mineral/titanium/var/air
runtime error: 
[19:10:41]undefined variable /turf/closed/wall/mineral/titanium/var/air
runtime error: 
[19:10:41]Cannot execute null.archive().
runtime error: 
[19:10:41]Cannot read null.gases
runtime error: 
[19:10:41]undefined variable /turf/closed/wall/mineral/titanium/var/air
runtime error: 
[19:10:41]Cannot execute null.archive().
runtime error: 
[19:10:41]Cannot read null.gases
runtime error: 
[19:10:41]undefined variable /turf/closed/wall/mineral/titanium/var/air
runtime error: 
[19:10:41]Cannot execute null.archive().
runtime error: 
[19:10:41]Cannot read null.gases
runtime error: 
[19:10:41]Cannot execute null.archive().
runtime error: 
[19:10:41]Cannot read null.gases
runtime error: 
[19:10:41]Cannot execute null.archive().
runtime error: 
[19:10:41]Cannot read null.gases
runtime error: 
[19:10:41]undefined variable /turf/closed/wall/mineral/titanium/var/air
runtime error: 
[19:10:41]Cannot execute null.archive().
runtime error: 
[19:10:41]Cannot read null.gases
runtime error: 
[19:10:41]undefined variable /turf/closed/wall/mineral/titanium/var/air
runtime error: 
[19:10:41]Cannot execute null.archive().
runtime error: 
[19:10:41]Cannot read null.gases
runtime error: 
[19:10:41]undefined variable /turf/closed/wall/mineral/titanium/var/air
runtime error: 
[19:10:41]undefined variable /turf/closed/wall/mineral/titanium/var/air
runtime error: 
[19:10:41]undefined variable /turf/closed/wall/mineral/titanium/var/air
runtime error: 
[19:10:41]undefined variable /turf/closed/wall/mineral/titanium/var/air
runtime error: 
[19:10:43]Cannot execute null.archive().
runtime error: 
[19:10:43]Cannot read null.gases
runtime error: 
[19:10:43]Cannot execute null.archive().
runtime error: 
[19:10:43]Cannot read null.gases
runtime error: 
[19:10:43]undefined variable /turf/closed/wall/mineral/titanium/var/air
runtime error: 
[19:10:43]undefined variable /turf/closed/wall/mineral/titanium/var/air
runtime error: 
[19:10:43]undefined variable /turf/closed/wall/mineral/titanium/var/air
runtime error: 
[19:10:43]undefined variable /turf/closed/wall/mineral/titanium/nodiagonal/var/air
runtime error: 
[19:10:43]Cannot execute null.archive().
runtime error: 
[19:10:43]Cannot read null.gases
runtime error: 
[19:10:43]Cannot execute null.archive().
runtime error: 
[19:10:43]Cannot read null.gases
runtime error: 
[19:10:43]Cannot execute null.archive().
runtime error: 
[19:10:43]Cannot read null.gases
runtime error: 
[19:10:43]Cannot execute null.archive().
runtime error: 
[19:10:43]Cannot read null.gases
runtime error: 
[19:10:43]Cannot execute null.archive().
runtime error: 
[19:10:43]Cannot read null.gases
runtime error: 
[19:10:43]Cannot execute null.archive().
runtime error: 
[19:10:43]Cannot read null.gases
runtime error: 
[19:10:43]Cannot execute null.archive().
runtime error: 
[19:10:43]Cannot read null.gases
runtime error: 
[19:10:43]Cannot execute null.archive().
runtime error: 
[19:10:43]Cannot read null.gases
runtime error: 
[19:10:43]Cannot execute null.archive().
runtime error: 
[19:10:43]Cannot read null.gases
runtime error: 
[19:10:43]Cannot execute null.archive().
runtime error: 
[19:10:43]Cannot read null.gases
runtime error: 
[19:10:43]undefined variable /turf/closed/wall/mineral/titanium/var/air
runtime error: 
[19:10:43]undefined variable /turf/closed/wall/mineral/titanium/var/air
runtime error: 
[19:10:43]Cannot execute null.archive().
runtime error: 
[19:10:43]Cannot read null.gases
runtime error: 
[19:10:43]undefined variable /turf/closed/wall/mineral/titanium/var/air
runtime error: 
[19:10:43]undefined variable /turf/closed/wall/mineral/titanium/var/air
runtime error: 
[19:10:43]undefined variable /turf/closed/wall/mineral/titanium/var/air
runtime error: 
[19:10:43]undefined variable /turf/closed/wall/mineral/titanium/var/air
runtime error: 
[19:10:43]undefined variable /turf/closed/wall/mineral/titanium/var/air
runtime error: 
[19:10:43]undefined variable /turf/closed/wall/mineral/titanium/var/air
runtime error: 
[19:10:43]undefined variable /turf/closed/wall/mineral/titanium/var/air
runtime error: 
[19:10:43]undefined variable /turf/closed/wall/mineral/titanium/var/air
runtime error: 
[19:10:43]undefined variable /turf/closed/wall/mineral/titanium/var/air
runtime error: 
[19:10:43]undefined variable /turf/closed/wall/mineral/titanium/var/air
runtime error: 
[19:10:43]undefined variable /turf/closed/wall/mineral/titanium/var/air
runtime error: 
[19:10:43]undefined variable /turf/closed/wall/mineral/titanium/var/air
runtime error: 
[19:10:43]undefined variable /turf/closed/wall/mineral/titanium/var/air
runtime error: 
[19:10:43]undefined variable /turf/closed/wall/mineral/titanium/var/air
runtime error: 
[19:10:43]undefined variable /turf/closed/wall/mineral/titanium/var/air
runtime error: 
[19:10:43]undefined variable /turf/closed/wall/mineral/titanium/var/air
runtime error: 
[19:10:43]undefined variable /turf/closed/wall/mineral/titanium/var/air
runtime error: 
[19:12:58]Cannot read null.client
runtime error: 
[19:12:58]Cannot read null.client
runtime error: 
[19:14:24]nothing to animate
runtime error: 
[19:19:40]nothing to animate
## WARNING: couldn't find shuttle with id:  in code/controllers/subsystem/shuttle.dm at line 209 src: Shuttle usr: Adamantine Seismic.
## WARNING: couldn't find shuttle with id:  in code/controllers/subsystem/shuttle.dm at line 209 src: Shuttle usr: Adamantine Seismic.
## WARNING: couldn't find shuttle with id:  in code/controllers/subsystem/shuttle.dm at line 209 src: Shuttle usr: Adamantine Seismic.
## WARNING: couldn't find shuttle with id:  in code/controllers/subsystem/shuttle.dm at line 209 src: Shuttle usr: Adamantine Seismic.
## WARNING: couldn't find shuttle with id:  in code/controllers/subsystem/shuttle.dm at line 209 src: Shuttle usr: Adamantine Seismic.
## WARNING: couldn't find shuttle with id:  in code/controllers/subsystem/shuttle.dm at line 209 src: Shuttle usr: Adamantine Seismic.
runtime error: 
[19:24:55]nothing to animate
runtime error: 
[19:25:30]nothing to animate
runtime error: 
[19:26:17]nothing to animate
runtime error: 
[19:26:17]nothing to animate
runtime error: 
[19:30:52]nothing to animate
runtime error: 
[19:30:52]nothing to animate
runtime error: 
[19:30:52]nothing to animate
Saved 117 engraved messages on map Box Station
runtime error: 
[19:32:30]pick() from empty list
runtime error: 
[19:32:31]pick() from empty list
Shutting down Persistence subsystem...
Shutting down pathfinder subsystem...
Shutting down Squeak subsystem...
Shutting down Shuttle subsystem...
Shutting down Lighting subsystem...
Shutting down XKeyScore subsystem...
Shutting down Sticky Ban subsystem...
Shutting down Overlay subsystem...
Shutting down Icon Smoothing subsystem...
Shutting down Assets subsystem...
Shutting down Minimap subsystem...
Shutting down Atmospherics subsystem...
Shutting down Wet floors subsystem...
Shutting down Weather subsystem...
Shutting down Vote subsystem...
Shutting down Traumas subsystem...
Shutting down Title Screen subsystem...
Shutting down Time Tracking subsystem...
Shutting down Throwing subsystem...
Shutting down tgui subsystem...
Shutting down Sun subsystem...
Shutting down Space Drift subsystem...
Shutting down Religion subsystem...
Shutting down Radio subsystem...
Shutting down Radiation subsystem...
Shutting down Projectiles subsystem...
Shutting down Processing subsystem...
Shutting down Parallax subsystem...
Shutting down pAI subsystem...
Shutting down Orbits subsystem...
Shutting down Objects subsystem...
Shutting down NPC Pool subsystem...
Shutting down Night Shift subsystem...
Shutting down Mood subsystem...
Shutting down Mobs subsystem...
Shutting down Medals subsystem...
Shutting down Inbounds subsystem...
Shutting down Idling NPC Pool subsystem...
Shutting down Flightpack Movement subsystem...
Shutting down Fire Burning subsystem...
Shutting down Fields subsystem...
Shutting down Fast Processing subsystem...
Shutting down Disease subsystem...
Shutting down Communications subsystem...
Shutting down Augury subsystem...
Shutting down Acid subsystem...
Shutting down Timer subsystem...
Shutting down Circuit subsystem...
Shutting down Machines subsystem...
Shutting down Language subsystem...
Shutting down Atoms subsystem...
Shutting down Networks subsystem...
Shutting down Mapping subsystem...
Shutting down Ticker subsystem...
Shutting down Traits subsystem...
Shutting down Jobs subsystem...
Shutting down Events subsystem...
Shutting down Research subsystem...
Shutting down Input subsystem...
Shutting down Server Tasks subsystem...
Shutting down Blackbox subsystem...
Shutting down Database subsystem...
Shutting down Garbage subsystem...
Shutdown complete
World rebooted at 19:32:32
