[2018-07-17 10:28:49.811] Starting up round ID 1598.
[2018-07-17 10:28:49.811] -------------------------
[2018-07-17 10:28:51.221] Initialized Database subsystem within 0 seconds!
[2018-07-17 10:28:51.221] Initialized Blackbox subsystem within 0 seconds!
[2018-07-17 10:28:51.221] Initialized Server Tasks subsystem within 0 seconds!
[2018-07-17 10:28:51.221] Initialized Input subsystem within 0 seconds!
[2018-07-17 10:28:51.264] Initialized Research subsystem within 0 seconds!
[2018-07-17 10:28:51.268] Initialized Events subsystem within 0 seconds!
[2018-07-17 10:28:51.272] Initialized Jobs subsystem within 0 seconds!
[2018-07-17 10:28:51.273] Initialized Quirks subsystem within 0 seconds!
[2018-07-17 10:28:51.282] Initialized Ticker subsystem within 0 seconds!
[2018-07-17 10:28:51.282] Loading Box Station...
[2018-07-17 10:28:59.248] Loaded Station in 8s!
[2018-07-17 10:29:04.631] Loaded Lavaland in 4.9s!
[2018-07-17 10:29:08.852] Ruin loader finished with 0 left to spend.
[2018-07-17 10:29:10.715] Ruin loader finished with 0 left to spend.
[2018-07-17 10:29:20.537] Initialized Mapping subsystem within 29.3 seconds!
[2018-07-17 10:29:20.539] Initialized Networks subsystem within 0 seconds!
[2018-07-17 10:30:00.386] Initialized Atoms subsystem within 39.8 seconds!
[2018-07-17 10:30:00.402] Initialized Language subsystem within 0.1 seconds!
[2018-07-17 10:30:00.732] Initialized Machines subsystem within 0.3 seconds!
[2018-07-17 10:30:00.780] Initialized Circuit subsystem within 0 seconds!
[2018-07-17 10:30:00.782] Initialized Disease subsystem within 0 seconds!
[2018-07-17 10:30:00.782] Initialized Medals subsystem within 0 seconds!
[2018-07-17 10:30:00.782] Initialized Night Shift subsystem within 0 seconds!
[2018-07-17 10:30:00.782] Initialized Parallax subsystem within 0 seconds!
[2018-07-17 10:30:00.907] Initialized Traumas subsystem within 0.2 seconds!
[2018-07-17 10:30:00.908] Initialized Weather subsystem within 0 seconds!
[2018-07-17 10:31:18.441] ## WARNING: There are 1 active turfs at roundstart, this is a mapping error caused by a difference of the air between the adjacent turfs. You can see its coordinates using "Mapping -> Show roundstart AT list" verb (debug verbs required)
[2018-07-17 10:31:18.446] ## WARNING: HEY! LISTEN! 0 seconds were wasted processing 1 turf(s) (connected to 2 other turfs) with atmos differences at round start.
[2018-07-17 10:31:18.937] Initialized Atmospherics subsystem within 78 seconds!
[2018-07-17 10:31:18.965] Initialized Minimap subsystem within 0 seconds!
[2018-07-17 10:31:20.990] Initialized Assets subsystem within 2 seconds!
[2018-07-17 10:31:26.841] Initialized Icon Smoothing subsystem within 5.9 seconds!
[2018-07-17 10:31:28.056] Initialized Overlay subsystem within 1.2 seconds!
[2018-07-17 10:31:28.056] Initialized XKeyScore subsystem within 0 seconds!
[2018-07-17 10:31:28.063] Initialized Sticky Ban subsystem within 0 seconds!
[2018-07-17 10:31:38.565] Initialized Lighting subsystem within 10.5 seconds!
[2018-07-17 10:31:40.611] Initialized Shuttle subsystem within 2.1 seconds!
[2018-07-17 10:31:40.644] Initialized Squeak subsystem within 0 seconds!
[2018-07-17 10:31:40.645] Initialized Pathfinder subsystem within 0 seconds!
[2018-07-17 10:31:40.698] Loaded 10 engraved messages on map Box Station
[2018-07-17 10:31:40.720] Initialized Persistence subsystem within 0.1 seconds!
[2018-07-17 10:31:40.721] Initializations complete within 169.5 seconds!
[2018-07-17 10:32:51.064] Game start took 0.9s
[2018-07-17 10:55:04.095] runtime error: Cannot execute null.archive().
[2018-07-17 10:55:04.095] proc name: archive (/turf/open/archive)
[2018-07-17 10:55:04.095]   source file: LINDA_turf_tile.dm,91
[2018-07-17 10:55:04.095]   usr: null
[2018-07-17 10:55:04.095]   src: the shuttle floor (91,215,1) (/turf/open/floor/mineral/titanium)
[2018-07-17 10:55:04.095]   call stack:
[2018-07-17 10:55:04.095] the shuttle floor (91,215,1) (/turf/open/floor/mineral/titanium): archive()
[2018-07-17 10:55:04.095] space (92,215,1) (/turf/open/space): process cell(2660)
[2018-07-17 10:55:04.095] Atmospherics (/datum/controller/subsystem/air): process active turfs(1)
[2018-07-17 10:55:04.095] Atmospherics (/datum/controller/subsystem/air): fire(1)
[2018-07-17 10:55:04.095] Atmospherics (/datum/controller/subsystem/air): ignite(1)
[2018-07-17 10:55:04.095] Master (/datum/controller/master): RunQueue()
[2018-07-17 10:55:04.095] Master (/datum/controller/master): Loop()
[2018-07-17 10:55:04.095] Master (/datum/controller/master): StartProcessing(0)
[2018-07-17 10:55:04.095] 
[2018-07-17 10:55:04.095] runtime error: Cannot read null.gases
[2018-07-17 10:55:04.095] proc name: compare (/datum/gas_mixture/compare)
[2018-07-17 10:55:04.095]   source file: gas_mixture.dm,384
[2018-07-17 10:55:04.095]   usr: null
[2018-07-17 10:55:04.095]   src: /datum/gas_mixture/immutable/s... (/datum/gas_mixture/immutable/space)
[2018-07-17 10:55:04.095]   call stack:
[2018-07-17 10:55:04.095] /datum/gas_mixture/immutable/s... (/datum/gas_mixture/immutable/space): compare(null)
[2018-07-17 10:55:04.095] space (92,215,1) (/turf/open/space): process cell(2660)
[2018-07-17 10:55:04.095] Atmospherics (/datum/controller/subsystem/air): process active turfs(1)
[2018-07-17 10:55:04.095] Atmospherics (/datum/controller/subsystem/air): fire(1)
[2018-07-17 10:55:04.095] Atmospherics (/datum/controller/subsystem/air): ignite(1)
[2018-07-17 10:55:04.095] Master (/datum/controller/master): RunQueue()
[2018-07-17 10:55:04.095] Master (/datum/controller/master): Loop()
[2018-07-17 10:55:04.096] Master (/datum/controller/master): StartProcessing(0)
[2018-07-17 10:55:04.096] 
[2018-07-17 10:55:04.096] runtime error: undefined variable /turf/closed/wall/mineral/titanium/var/air
[2018-07-17 10:55:04.096] proc name: process cell (/turf/open/process_cell)
[2018-07-17 10:55:04.096]   source file: LINDA_turf_tile.dm,178
[2018-07-17 10:55:04.096]   usr: null
[2018-07-17 10:55:04.096]   src: space (92,216,1) (/turf/open/space)
[2018-07-17 10:55:04.096]   call stack:
[2018-07-17 10:55:04.096] space (92,216,1) (/turf/open/space): process cell(2660)
[2018-07-17 10:55:04.096] Atmospherics (/datum/controller/subsystem/air): process active turfs(1)
[2018-07-17 10:55:04.096] Atmospherics (/datum/controller/subsystem/air): fire(1)
[2018-07-17 10:55:04.096] Atmospherics (/datum/controller/subsystem/air): ignite(1)
[2018-07-17 10:55:04.096] Master (/datum/controller/master): RunQueue()
[2018-07-17 10:55:04.096] Master (/datum/controller/master): Loop()
[2018-07-17 10:55:04.096] Master (/datum/controller/master): StartProcessing(0)
[2018-07-17 10:55:04.096] 
[2018-07-17 10:55:04.097] runtime error: Cannot execute null.archive().
[2018-07-17 10:55:04.097] proc name: archive (/turf/open/archive)
[2018-07-17 10:55:04.097]   source file: LINDA_turf_tile.dm,91
[2018-07-17 10:55:04.097]   usr: null
[2018-07-17 10:55:04.097]   src: the shuttle floor (91,217,1) (/turf/open/floor/mineral/titanium)
[2018-07-17 10:55:04.097]   call stack:
[2018-07-17 10:55:04.097] the shuttle floor (91,217,1) (/turf/open/floor/mineral/titanium): archive()
[2018-07-17 10:55:04.097] space (92,217,1) (/turf/open/space): process cell(2660)
[2018-07-17 10:55:04.097] Atmospherics (/datum/controller/subsystem/air): process active turfs(1)
[2018-07-17 10:55:04.097] Atmospherics (/datum/controller/subsystem/air): fire(1)
[2018-07-17 10:55:04.097] Atmospherics (/datum/controller/subsystem/air): ignite(1)
[2018-07-17 10:55:04.097] Master (/datum/controller/master): RunQueue()
[2018-07-17 10:55:04.097] Master (/datum/controller/master): Loop()
[2018-07-17 10:55:04.097] Master (/datum/controller/master): StartProcessing(0)
[2018-07-17 10:55:04.097] 
[2018-07-17 10:55:04.098] runtime error: Cannot read null.gases
[2018-07-17 10:55:04.098] proc name: compare (/datum/gas_mixture/compare)
[2018-07-17 10:55:04.098]   source file: gas_mixture.dm,384
[2018-07-17 10:55:04.098]   usr: null
[2018-07-17 10:55:04.098]   src: /datum/gas_mixture/immutable/s... (/datum/gas_mixture/immutable/space)
[2018-07-17 10:55:04.098]   call stack:
[2018-07-17 10:55:04.098] /datum/gas_mixture/immutable/s... (/datum/gas_mixture/immutable/space): compare(null)
[2018-07-17 10:55:04.098] space (92,217,1) (/turf/open/space): process cell(2660)
[2018-07-17 10:55:04.098] Atmospherics (/datum/controller/subsystem/air): process active turfs(1)
[2018-07-17 10:55:04.098] Atmospherics (/datum/controller/subsystem/air): fire(1)
[2018-07-17 10:55:04.098] Atmospherics (/datum/controller/subsystem/air): ignite(1)
[2018-07-17 10:55:04.098] Master (/datum/controller/master): RunQueue()
[2018-07-17 10:55:04.098] Master (/datum/controller/master): Loop()
[2018-07-17 10:55:04.098] Master (/datum/controller/master): StartProcessing(0)
[2018-07-17 10:55:04.098] 
[2018-07-17 10:55:04.098] runtime error: Cannot execute null.archive().
[2018-07-17 10:55:04.098] proc name: archive (/turf/open/archive)
[2018-07-17 10:55:04.098]   source file: LINDA_turf_tile.dm,91
[2018-07-17 10:55:04.098]   usr: null
[2018-07-17 10:55:04.098]   src: the shuttle floor (91,218,1) (/turf/open/floor/mineral/titanium)
[2018-07-17 10:55:04.098]   call stack:
[2018-07-17 10:55:04.098] the shuttle floor (91,218,1) (/turf/open/floor/mineral/titanium): archive()
[2018-07-17 10:55:04.098] space (92,218,1) (/turf/open/space): process cell(2660)
[2018-07-17 10:55:04.099] Atmospherics (/datum/controller/subsystem/air): process active turfs(1)
[2018-07-17 10:55:04.099] Atmospherics (/datum/controller/subsystem/air): fire(1)
[2018-07-17 10:55:04.099] Atmospherics (/datum/controller/subsystem/air): ignite(1)
[2018-07-17 10:55:04.099] Master (/datum/controller/master): RunQueue()
[2018-07-17 10:55:04.099] Master (/datum/controller/master): Loop()
[2018-07-17 10:55:04.099] Master (/datum/controller/master): StartProcessing(0)
[2018-07-17 10:55:04.099] 
[2018-07-17 10:55:04.099] runtime error: Cannot read null.gases
[2018-07-17 10:55:04.099] proc name: compare (/datum/gas_mixture/compare)
[2018-07-17 10:55:04.099]   source file: gas_mixture.dm,384
[2018-07-17 10:55:04.099]   usr: null
[2018-07-17 10:55:04.099]   src: /datum/gas_mixture/immutable/s... (/datum/gas_mixture/immutable/space)
[2018-07-17 10:55:04.099]   call stack:
[2018-07-17 10:55:04.099] /datum/gas_mixture/immutable/s... (/datum/gas_mixture/immutable/space): compare(null)
[2018-07-17 10:55:04.099] space (92,218,1) (/turf/open/space): process cell(2660)
[2018-07-17 10:55:04.099] Atmospherics (/datum/controller/subsystem/air): process active turfs(1)
[2018-07-17 10:55:04.099] Atmospherics (/datum/controller/subsystem/air): fire(1)
[2018-07-17 10:55:04.099] Atmospherics (/datum/controller/subsystem/air): ignite(1)
[2018-07-17 10:55:04.099] Master (/datum/controller/master): RunQueue()
[2018-07-17 10:55:04.099] Master (/datum/controller/master): Loop()
[2018-07-17 10:55:04.099] Master (/datum/controller/master): StartProcessing(0)
[2018-07-17 10:55:04.099] 
[2018-07-17 10:55:04.100] runtime error: undefined variable /turf/closed/wall/mineral/titanium/interior/var/air
[2018-07-17 10:55:04.100] proc name: process cell (/turf/open/process_cell)
[2018-07-17 10:55:04.100]   source file: LINDA_turf_tile.dm,178
[2018-07-17 10:55:04.100]   usr: null
[2018-07-17 10:55:04.100]   src: space (92,219,1) (/turf/open/space)
[2018-07-17 10:55:04.100]   call stack:
[2018-07-17 10:55:04.100] space (92,219,1) (/turf/open/space): process cell(2660)
[2018-07-17 10:55:04.100] Atmospherics (/datum/controller/subsystem/air): process active turfs(1)
[2018-07-17 10:55:04.100] Atmospherics (/datum/controller/subsystem/air): fire(1)
[2018-07-17 10:55:04.100] Atmospherics (/datum/controller/subsystem/air): ignite(1)
[2018-07-17 10:55:04.100] Master (/datum/controller/master): RunQueue()
[2018-07-17 10:55:04.100] Master (/datum/controller/master): Loop()
[2018-07-17 10:55:04.100] Master (/datum/controller/master): StartProcessing(0)
[2018-07-17 10:55:04.100] 
[2018-07-17 10:55:04.101] runtime error: Cannot execute null.archive().
[2018-07-17 10:55:04.101] proc name: archive (/turf/open/archive)
[2018-07-17 10:55:04.101]   source file: LINDA_turf_tile.dm,91
[2018-07-17 10:55:04.101]   usr: null
[2018-07-17 10:55:04.101]   src: the plating (90,199,1) (/turf/open/floor/plating/airless)
[2018-07-17 10:55:04.101]   call stack:
[2018-07-17 10:55:04.101] the plating (90,199,1) (/turf/open/floor/plating/airless): archive()
[2018-07-17 10:55:04.101] space (91,199,1) (/turf/open/space): process cell(2660)
[2018-07-17 10:55:04.101] Atmospherics (/datum/controller/subsystem/air): process active turfs(1)
[2018-07-17 10:55:04.101] Atmospherics (/datum/controller/subsystem/air): fire(1)
[2018-07-17 10:55:04.101] Atmospherics (/datum/controller/subsystem/air): ignite(1)
[2018-07-17 10:55:04.101] Master (/datum/controller/master): RunQueue()
[2018-07-17 10:55:04.101] Master (/datum/controller/master): Loop()
[2018-07-17 10:55:04.101] Master (/datum/controller/master): StartProcessing(0)
[2018-07-17 10:55:04.101] 
[2018-07-17 10:55:04.101] runtime error: Cannot read null.gases
[2018-07-17 10:55:04.101] proc name: compare (/datum/gas_mixture/compare)
[2018-07-17 10:55:04.101]   source file: gas_mixture.dm,384
[2018-07-17 10:55:04.101]   usr: null
[2018-07-17 10:55:04.101]   src: /datum/gas_mixture/immutable/s... (/datum/gas_mixture/immutable/space)
[2018-07-17 10:55:04.101]   call stack:
[2018-07-17 10:55:04.101] /datum/gas_mixture/immutable/s... (/datum/gas_mixture/immutable/space): compare(null)
[2018-07-17 10:55:04.101] space (91,199,1) (/turf/open/space): process cell(2660)
[2018-07-17 10:55:04.101] Atmospherics (/datum/controller/subsystem/air): process active turfs(1)
[2018-07-17 10:55:04.101] Atmospherics (/datum/controller/subsystem/air): fire(1)
[2018-07-17 10:55:04.101] Atmospherics (/datum/controller/subsystem/air): ignite(1)
[2018-07-17 10:55:04.101] Master (/datum/controller/master): RunQueue()
[2018-07-17 10:55:04.101] Master (/datum/controller/master): Loop()
[2018-07-17 10:55:04.101] Master (/datum/controller/master): StartProcessing(0)
[2018-07-17 10:55:04.101] 
[2018-07-17 10:55:04.102] runtime error: Cannot execute null.archive().
[2018-07-17 10:55:04.102] proc name: archive (/turf/open/archive)
[2018-07-17 10:55:04.102]   source file: LINDA_turf_tile.dm,91
[2018-07-17 10:55:04.102]   usr: null
[2018-07-17 10:55:04.102]   src: the plating (90,200,1) (/turf/open/floor/plating/airless)
[2018-07-17 10:55:04.102]   call stack:
[2018-07-17 10:55:04.102] the plating (90,200,1) (/turf/open/floor/plating/airless): archive()
[2018-07-17 10:55:04.102] space (91,200,1) (/turf/open/space): process cell(2660)
[2018-07-17 10:55:04.102] Atmospherics (/datum/controller/subsystem/air): process active turfs(1)
[2018-07-17 10:55:04.102] Atmospherics (/datum/controller/subsystem/air): fire(1)
[2018-07-17 10:55:04.102] Atmospherics (/datum/controller/subsystem/air): ignite(1)
[2018-07-17 10:55:04.102] Master (/datum/controller/master): RunQueue()
[2018-07-17 10:55:04.102] Master (/datum/controller/master): Loop()
[2018-07-17 10:55:04.102] Master (/datum/controller/master): StartProcessing(0)
[2018-07-17 10:55:04.102] 
[2018-07-17 10:55:04.103] runtime error: Cannot read null.gases
[2018-07-17 10:55:04.103] proc name: compare (/datum/gas_mixture/compare)
[2018-07-17 10:55:04.103]   source file: gas_mixture.dm,384
[2018-07-17 10:55:04.103]   usr: null
[2018-07-17 10:55:04.103]   src: /datum/gas_mixture/immutable/s... (/datum/gas_mixture/immutable/space)
[2018-07-17 10:55:04.103]   call stack:
[2018-07-17 10:55:04.103] /datum/gas_mixture/immutable/s... (/datum/gas_mixture/immutable/space): compare(null)
[2018-07-17 10:55:04.103] space (91,200,1) (/turf/open/space): process cell(2660)
[2018-07-17 10:55:04.103] Atmospherics (/datum/controller/subsystem/air): process active turfs(1)
[2018-07-17 10:55:04.103] Atmospherics (/datum/controller/subsystem/air): fire(1)
[2018-07-17 10:55:04.103] Atmospherics (/datum/controller/subsystem/air): ignite(1)
[2018-07-17 10:55:04.103] Master (/datum/controller/master): RunQueue()
[2018-07-17 10:55:04.103] Master (/datum/controller/master): Loop()
[2018-07-17 10:55:04.103] Master (/datum/controller/master): StartProcessing(0)
[2018-07-17 10:55:04.103] 
[2018-07-17 10:55:04.104] runtime error: Cannot execute null.archive().
[2018-07-17 10:55:04.104] proc name: archive (/turf/open/archive)
[2018-07-17 10:55:04.104]   source file: LINDA_turf_tile.dm,91
[2018-07-17 10:55:04.104]   usr: null
[2018-07-17 10:55:04.104]   src: the shuttle floor (90,201,1) (/turf/open/floor/mineral/titanium)
[2018-07-17 10:55:04.104]   call stack:
[2018-07-17 10:55:04.104] the shuttle floor (90,201,1) (/turf/open/floor/mineral/titanium): archive()
[2018-07-17 10:55:04.104] space (91,201,1) (/turf/open/space): process cell(2660)
[2018-07-17 10:55:04.104] Atmospherics (/datum/controller/subsystem/air): process active turfs(1)
[2018-07-17 10:55:04.104] Atmospherics (/datum/controller/subsystem/air): fire(1)
[2018-07-17 10:55:04.104] Atmospherics (/datum/controller/subsystem/air): ignite(1)
[2018-07-17 10:55:04.104] Master (/datum/controller/master): RunQueue()
[2018-07-17 10:55:04.104] Master (/datum/controller/master): Loop()
[2018-07-17 10:55:04.104] Master (/datum/controller/master): StartProcessing(0)
[2018-07-17 10:55:04.104] 
[2018-07-17 10:55:04.104] runtime error: Cannot read null.gases
[2018-07-17 10:55:04.104] proc name: compare (/datum/gas_mixture/compare)
[2018-07-17 10:55:04.104]   source file: gas_mixture.dm,384
[2018-07-17 10:55:04.104]   usr: null
[2018-07-17 10:55:04.104]   src: /datum/gas_mixture/immutable/s... (/datum/gas_mixture/immutable/space)
[2018-07-17 10:55:04.104]   call stack:
[2018-07-17 10:55:04.104] /datum/gas_mixture/immutable/s... (/datum/gas_mixture/immutable/space): compare(null)
[2018-07-17 10:55:04.104] space (91,201,1) (/turf/open/space): process cell(2660)
[2018-07-17 10:55:04.104] Atmospherics (/datum/controller/subsystem/air): process active turfs(1)
[2018-07-17 10:55:04.104] Atmospherics (/datum/controller/subsystem/air): fire(1)
[2018-07-17 10:55:04.104] Atmospherics (/datum/controller/subsystem/air): ignite(1)
[2018-07-17 10:55:04.104] Master (/datum/controller/master): RunQueue()
[2018-07-17 10:55:04.104] Master (/datum/controller/master): Loop()
[2018-07-17 10:55:04.104] Master (/datum/controller/master): StartProcessing(0)
[2018-07-17 10:55:04.104] 
[2018-07-17 10:55:04.105] runtime error: Cannot execute null.archive().
[2018-07-17 10:55:04.105] proc name: archive (/turf/open/archive)
[2018-07-17 10:55:04.105]   source file: LINDA_turf_tile.dm,91
[2018-07-17 10:55:04.105]   usr: null
[2018-07-17 10:55:04.105]   src: the shuttle floor (90,202,1) (/turf/open/floor/mineral/titanium)
[2018-07-17 10:55:04.105]   call stack:
[2018-07-17 10:55:04.105] the shuttle floor (90,202,1) (/turf/open/floor/mineral/titanium): archive()
[2018-07-17 10:55:04.105] space (91,202,1) (/turf/open/space): process cell(2660)
[2018-07-17 10:55:04.105] Atmospherics (/datum/controller/subsystem/air): process active turfs(1)
[2018-07-17 10:55:04.105] Atmospherics (/datum/controller/subsystem/air): fire(1)
[2018-07-17 10:55:04.105] Atmospherics (/datum/controller/subsystem/air): ignite(1)
[2018-07-17 10:55:04.105] Master (/datum/controller/master): RunQueue()
[2018-07-17 10:55:04.105] Master (/datum/controller/master): Loop()
[2018-07-17 10:55:04.105] Master (/datum/controller/master): StartProcessing(0)
[2018-07-17 10:55:04.105] 
[2018-07-17 10:55:04.106] runtime error: Cannot read null.gases
[2018-07-17 10:55:04.106] proc name: compare (/datum/gas_mixture/compare)
[2018-07-17 10:55:04.106]   source file: gas_mixture.dm,384
[2018-07-17 10:55:04.106]   usr: null
[2018-07-17 10:55:04.106]   src: /datum/gas_mixture/immutable/s... (/datum/gas_mixture/immutable/space)
[2018-07-17 10:55:04.106]   call stack:
[2018-07-17 10:55:04.106] /datum/gas_mixture/immutable/s... (/datum/gas_mixture/immutable/space): compare(null)
[2018-07-17 10:55:04.106] space (91,202,1) (/turf/open/space): process cell(2660)
[2018-07-17 10:55:04.106] Atmospherics (/datum/controller/subsystem/air): process active turfs(1)
[2018-07-17 10:55:04.106] Atmospherics (/datum/controller/subsystem/air): fire(1)
[2018-07-17 10:55:04.106] Atmospherics (/datum/controller/subsystem/air): ignite(1)
[2018-07-17 10:55:04.106] Master (/datum/controller/master): RunQueue()
[2018-07-17 10:55:04.106] Master (/datum/controller/master): Loop()
[2018-07-17 10:55:04.106] Master (/datum/controller/master): StartProcessing(0)
[2018-07-17 10:55:04.106] 
[2018-07-17 10:55:04.107] runtime error: Cannot execute null.archive().
[2018-07-17 10:55:04.107] proc name: archive (/turf/open/archive)
[2018-07-17 10:55:04.107]   source file: LINDA_turf_tile.dm,91
[2018-07-17 10:55:04.107]   usr: null
[2018-07-17 10:55:04.107]   src: the shuttle floor (90,203,1) (/turf/open/floor/mineral/titanium)
[2018-07-17 10:55:04.107]   call stack:
[2018-07-17 10:55:04.107] the shuttle floor (90,203,1) (/turf/open/floor/mineral/titanium): archive()
[2018-07-17 10:55:04.107] space (91,203,1) (/turf/open/space): process cell(2660)
[2018-07-17 10:55:04.107] Atmospherics (/datum/controller/subsystem/air): process active turfs(1)
[2018-07-17 10:55:04.107] Atmospherics (/datum/controller/subsystem/air): fire(1)
[2018-07-17 10:55:04.107] Atmospherics (/datum/controller/subsystem/air): ignite(1)
[2018-07-17 10:55:04.107] Master (/datum/controller/master): RunQueue()
[2018-07-17 10:55:04.107] Master (/datum/controller/master): Loop()
[2018-07-17 10:55:04.107] Master (/datum/controller/master): StartProcessing(0)
[2018-07-17 10:55:04.107] 
[2018-07-17 10:55:04.107] runtime error: Cannot read null.gases
[2018-07-17 10:55:04.107] proc name: compare (/datum/gas_mixture/compare)
[2018-07-17 10:55:04.107]   source file: gas_mixture.dm,384
[2018-07-17 10:55:04.107] 
[2018-07-17 10:55:04.107] runtime error: Cannot execute null.archive().
[2018-07-17 10:55:04.107] proc name: archive (/turf/open/archive)
[2018-07-17 10:55:04.107]   source file: LINDA_turf_tile.dm,91
[2018-07-17 10:55:04.107] 
[2018-07-17 10:55:04.107] runtime error: Cannot read null.gases
[2018-07-17 10:55:04.107] proc name: compare (/datum/gas_mixture/compare)
[2018-07-17 10:55:04.107]   source file: gas_mixture.dm,384
[2018-07-17 10:55:04.107] 
[2018-07-17 10:55:04.108] runtime error: Cannot execute null.archive().
[2018-07-17 10:55:04.108] proc name: archive (/turf/open/archive)
[2018-07-17 10:55:04.108]   source file: LINDA_turf_tile.dm,91
[2018-07-17 10:55:04.108] 
[2018-07-17 10:55:04.108] runtime error: Cannot read null.gases
[2018-07-17 10:55:04.108] proc name: compare (/datum/gas_mixture/compare)
[2018-07-17 10:55:04.108]   source file: gas_mixture.dm,384
[2018-07-17 10:55:04.108] 
[2018-07-17 10:55:04.108] runtime error: Cannot execute null.archive().
[2018-07-17 10:55:04.108] proc name: archive (/turf/open/archive)
[2018-07-17 10:55:04.108]   source file: LINDA_turf_tile.dm,91
[2018-07-17 10:55:04.108] 
[2018-07-17 10:55:04.109] runtime error: Cannot read null.gases
[2018-07-17 10:55:04.109] proc name: compare (/datum/gas_mixture/compare)
[2018-07-17 10:55:04.109]   source file: gas_mixture.dm,384
[2018-07-17 10:55:04.109] 
[2018-07-17 10:55:04.109] runtime error: Cannot execute null.archive().
[2018-07-17 10:55:04.109] proc name: archive (/turf/open/archive)
[2018-07-17 10:55:04.109]   source file: LINDA_turf_tile.dm,91
[2018-07-17 10:55:04.109] 
[2018-07-17 10:55:04.109] runtime error: Cannot read null.gases
[2018-07-17 10:55:04.109] proc name: compare (/datum/gas_mixture/compare)
[2018-07-17 10:55:04.109]   source file: gas_mixture.dm,384
[2018-07-17 10:55:04.109] 
[2018-07-17 10:55:04.109] runtime error: Cannot execute null.archive().
[2018-07-17 10:55:04.109] proc name: archive (/turf/open/archive)
[2018-07-17 10:55:04.109]   source file: LINDA_turf_tile.dm,91
[2018-07-17 10:55:04.109] 
[2018-07-17 10:55:04.110] runtime error: Cannot read null.gases
[2018-07-17 10:55:04.110] proc name: compare (/datum/gas_mixture/compare)
[2018-07-17 10:55:04.110]   source file: gas_mixture.dm,384
[2018-07-17 10:55:04.110] 
[2018-07-17 10:55:04.110] runtime error: Cannot execute null.archive().
[2018-07-17 10:55:04.110] proc name: archive (/turf/open/archive)
[2018-07-17 10:55:04.110]   source file: LINDA_turf_tile.dm,91
[2018-07-17 10:55:04.110] 
[2018-07-17 10:55:04.110] runtime error: Cannot read null.gases
[2018-07-17 10:55:04.110] proc name: compare (/datum/gas_mixture/compare)
[2018-07-17 10:55:04.110]   source file: gas_mixture.dm,384
[2018-07-17 10:55:04.110] 
[2018-07-17 10:55:04.110] runtime error: Cannot execute null.archive().
[2018-07-17 10:55:04.110] proc name: archive (/turf/open/archive)
[2018-07-17 10:55:04.110]   source file: LINDA_turf_tile.dm,91
[2018-07-17 10:55:04.110] 
[2018-07-17 10:55:04.111] runtime error: Cannot read null.gases
[2018-07-17 10:55:04.111] proc name: compare (/datum/gas_mixture/compare)
[2018-07-17 10:55:04.111]   source file: gas_mixture.dm,384
[2018-07-17 10:55:04.111] 
[2018-07-17 10:55:04.111] runtime error: Cannot execute null.archive().
[2018-07-17 10:55:04.111] proc name: archive (/turf/open/archive)
[2018-07-17 10:55:04.111]   source file: LINDA_turf_tile.dm,91
[2018-07-17 10:55:04.111] 
[2018-07-17 10:55:04.111] runtime error: Cannot read null.gases
[2018-07-17 10:55:04.111] proc name: compare (/datum/gas_mixture/compare)
[2018-07-17 10:55:04.111]   source file: gas_mixture.dm,384
[2018-07-17 10:55:04.111] 
[2018-07-17 10:55:04.112] runtime error: Cannot execute null.archive().
[2018-07-17 10:55:04.112] proc name: archive (/turf/open/archive)
[2018-07-17 10:55:04.112]   source file: LINDA_turf_tile.dm,91
[2018-07-17 10:55:04.112] 
[2018-07-17 10:55:04.112] runtime error: Cannot read null.gases
[2018-07-17 10:55:04.112] proc name: compare (/datum/gas_mixture/compare)
[2018-07-17 10:55:04.112]   source file: gas_mixture.dm,384
[2018-07-17 10:55:04.112] 
[2018-07-17 10:55:04.112] runtime error: Cannot execute null.archive().
[2018-07-17 10:55:04.112] proc name: archive (/turf/open/archive)
[2018-07-17 10:55:04.112]   source file: LINDA_turf_tile.dm,91
[2018-07-17 10:55:04.112] 
[2018-07-17 10:55:04.112] runtime error: Cannot read null.gases
[2018-07-17 10:55:04.112] proc name: compare (/datum/gas_mixture/compare)
[2018-07-17 10:55:04.112]   source file: gas_mixture.dm,384
[2018-07-17 10:55:04.112] 
[2018-07-17 10:55:04.113] runtime error: Cannot execute null.archive().
[2018-07-17 10:55:04.113] proc name: archive (/turf/open/archive)
[2018-07-17 10:55:04.113]   source file: LINDA_turf_tile.dm,91
[2018-07-17 10:55:04.113] 
[2018-07-17 10:55:04.113] runtime error: Cannot read null.gases
[2018-07-17 10:55:04.113] proc name: compare (/datum/gas_mixture/compare)
[2018-07-17 10:55:04.113]   source file: gas_mixture.dm,384
[2018-07-17 10:55:04.113] 
[2018-07-17 10:55:04.113] runtime error: Cannot execute null.archive().
[2018-07-17 10:55:04.113] proc name: archive (/turf/open/archive)
[2018-07-17 10:55:04.113]   source file: LINDA_turf_tile.dm,91
[2018-07-17 10:55:04.113] 
[2018-07-17 10:55:04.113] runtime error: Cannot read null.gases
[2018-07-17 10:55:04.113] proc name: compare (/datum/gas_mixture/compare)
[2018-07-17 10:55:04.113]   source file: gas_mixture.dm,384
[2018-07-17 10:55:04.113] 
[2018-07-17 10:55:04.116] runtime error: undefined variable /turf/closed/wall/mineral/titanium/var/air
[2018-07-17 10:55:04.116] proc name: process cell (/turf/open/process_cell)
[2018-07-17 10:55:04.116]   source file: LINDA_turf_tile.dm,178
[2018-07-17 10:55:04.116] 
[2018-07-17 10:55:04.116] runtime error: undefined variable /turf/closed/wall/mineral/titanium/var/air
[2018-07-17 10:55:04.116] proc name: process cell (/turf/open/process_cell)
[2018-07-17 10:55:04.116]   source file: LINDA_turf_tile.dm,178
[2018-07-17 10:55:04.116] 
[2018-07-17 10:55:04.116] runtime error: Cannot execute null.archive().
[2018-07-17 10:55:04.116] proc name: archive (/turf/open/archive)
[2018-07-17 10:55:04.116]   source file: LINDA_turf_tile.dm,91
[2018-07-17 10:55:04.116] 
[2018-07-17 10:55:04.117] runtime error: Cannot read null.gases
[2018-07-17 10:55:04.117] proc name: compare (/datum/gas_mixture/compare)
[2018-07-17 10:55:04.117]   source file: gas_mixture.dm,384
[2018-07-17 10:55:04.117] 
[2018-07-17 10:55:04.117] runtime error: Cannot execute null.archive().
[2018-07-17 10:55:04.117] proc name: archive (/turf/open/archive)
[2018-07-17 10:55:04.117]   source file: LINDA_turf_tile.dm,91
[2018-07-17 10:55:04.117] 
[2018-07-17 10:55:04.117] runtime error: Cannot read null.gases
[2018-07-17 10:55:04.117] proc name: compare (/datum/gas_mixture/compare)
[2018-07-17 10:55:04.117]   source file: gas_mixture.dm,384
[2018-07-17 10:55:04.117] 
[2018-07-17 10:55:04.117] runtime error: Cannot execute null.archive().
[2018-07-17 10:55:04.117] proc name: archive (/turf/open/archive)
[2018-07-17 10:55:04.117]   source file: LINDA_turf_tile.dm,91
[2018-07-17 10:55:04.117] 
[2018-07-17 10:55:04.118] runtime error: Cannot read null.gases
[2018-07-17 10:55:04.118] proc name: compare (/datum/gas_mixture/compare)
[2018-07-17 10:55:04.118]   source file: gas_mixture.dm,384
[2018-07-17 10:55:04.118] 
[2018-07-17 10:55:04.118] runtime error: Cannot execute null.archive().
[2018-07-17 10:55:04.118] proc name: archive (/turf/open/archive)
[2018-07-17 10:55:04.118]   source file: LINDA_turf_tile.dm,91
[2018-07-17 10:55:04.118] 
[2018-07-17 10:55:04.118] runtime error: Cannot read null.gases
[2018-07-17 10:55:04.118] proc name: compare (/datum/gas_mixture/compare)
[2018-07-17 10:55:04.118]   source file: gas_mixture.dm,384
[2018-07-17 10:55:04.118] 
[2018-07-17 10:55:04.119] runtime error: Cannot execute null.archive().
[2018-07-17 10:55:04.119] proc name: archive (/turf/open/archive)
[2018-07-17 10:55:04.119]   source file: LINDA_turf_tile.dm,91
[2018-07-17 10:55:04.119] 
[2018-07-17 10:55:04.119] runtime error: Cannot read null.gases
[2018-07-17 10:55:04.119] proc name: compare (/datum/gas_mixture/compare)
[2018-07-17 10:55:04.119]   source file: gas_mixture.dm,384
[2018-07-17 10:55:04.119] 
[2018-07-17 10:55:04.119] runtime error: Cannot execute null.archive().
[2018-07-17 10:55:04.119] proc name: archive (/turf/open/archive)
[2018-07-17 10:55:04.119]   source file: LINDA_turf_tile.dm,91
[2018-07-17 10:55:04.119] 
[2018-07-17 10:55:04.119] runtime error: Cannot read null.gases
[2018-07-17 10:55:04.119] proc name: compare (/datum/gas_mixture/compare)
[2018-07-17 10:55:04.119]   source file: gas_mixture.dm,384
[2018-07-17 10:55:04.119] 
[2018-07-17 10:55:04.120] runtime error: Cannot execute null.archive().
[2018-07-17 10:55:04.120] proc name: archive (/turf/open/archive)
[2018-07-17 10:55:04.120]   source file: LINDA_turf_tile.dm,91
[2018-07-17 10:55:04.120] 
[2018-07-17 10:55:04.120] runtime error: Cannot read null.gases
[2018-07-17 10:55:04.120] proc name: compare (/datum/gas_mixture/compare)
[2018-07-17 10:55:04.120]   source file: gas_mixture.dm,384
[2018-07-17 10:55:04.120] 
[2018-07-17 10:55:04.120] runtime error: Cannot execute null.archive().
[2018-07-17 10:55:04.120] proc name: archive (/turf/open/archive)
[2018-07-17 10:55:04.120]   source file: LINDA_turf_tile.dm,91
[2018-07-17 10:55:04.120] 
[2018-07-17 10:55:04.121] runtime error: Cannot read null.gases
[2018-07-17 10:55:04.121] proc name: compare (/datum/gas_mixture/compare)
[2018-07-17 10:55:04.121]   source file: gas_mixture.dm,384
[2018-07-17 10:55:04.121] 
[2018-07-17 10:55:04.121] runtime error: Cannot execute null.archive().
[2018-07-17 10:55:04.121] proc name: archive (/turf/open/archive)
[2018-07-17 10:55:04.121]   source file: LINDA_turf_tile.dm,91
[2018-07-17 10:55:04.121] 
[2018-07-17 10:55:04.121] runtime error: Cannot read null.gases
[2018-07-17 10:55:04.121] proc name: compare (/datum/gas_mixture/compare)
[2018-07-17 10:55:04.121]   source file: gas_mixture.dm,384
[2018-07-17 10:55:04.121] 
[2018-07-17 10:55:04.121] runtime error: Cannot execute null.archive().
[2018-07-17 10:55:04.121] proc name: archive (/turf/open/archive)
[2018-07-17 10:55:04.121]   source file: LINDA_turf_tile.dm,91
[2018-07-17 10:55:04.121] 
[2018-07-17 10:55:04.122] runtime error: Cannot read null.gases
[2018-07-17 10:55:04.122] proc name: compare (/datum/gas_mixture/compare)
[2018-07-17 10:55:04.122]   source file: gas_mixture.dm,384
[2018-07-17 10:55:04.122] 
[2018-07-17 10:55:04.122] runtime error: Cannot execute null.archive().
[2018-07-17 10:55:04.122] proc name: archive (/turf/open/archive)
[2018-07-17 10:55:04.122]   source file: LINDA_turf_tile.dm,91
[2018-07-17 10:55:04.122] 
[2018-07-17 10:55:04.122] runtime error: Cannot read null.gases
[2018-07-17 10:55:04.122] proc name: compare (/datum/gas_mixture/compare)
[2018-07-17 10:55:04.122]   source file: gas_mixture.dm,384
[2018-07-17 10:55:04.122] 
[2018-07-17 10:55:04.123] runtime error: undefined variable /turf/closed/wall/mineral/titanium/var/air
[2018-07-17 10:55:04.123] proc name: process cell (/turf/open/process_cell)
[2018-07-17 10:55:04.123]   source file: LINDA_turf_tile.dm,178
[2018-07-17 10:55:04.123] 
[2018-07-17 10:55:04.123] runtime error: undefined variable /turf/closed/wall/mineral/titanium/var/air
[2018-07-17 10:55:04.123] proc name: process cell (/turf/open/process_cell)
[2018-07-17 10:55:04.123]   source file: LINDA_turf_tile.dm,178
[2018-07-17 10:55:04.123] 
[2018-07-17 10:55:04.123] runtime error: undefined variable /turf/closed/wall/mineral/titanium/var/air
[2018-07-17 10:55:04.123] proc name: process cell (/turf/open/process_cell)
[2018-07-17 10:55:04.123]   source file: LINDA_turf_tile.dm,178
[2018-07-17 10:55:04.123] 
[2018-07-17 10:55:04.123] runtime error: undefined variable /turf/closed/wall/mineral/titanium/var/air
[2018-07-17 10:55:04.124] proc name: process cell (/turf/open/process_cell)
[2018-07-17 10:55:04.124]   source file: LINDA_turf_tile.dm,178
[2018-07-17 10:55:04.124] 
[2018-07-17 10:55:04.124] runtime error: undefined variable /turf/closed/wall/mineral/titanium/var/air
[2018-07-17 10:55:04.124] proc name: process cell (/turf/open/process_cell)
[2018-07-17 10:55:04.124]   source file: LINDA_turf_tile.dm,178
[2018-07-17 10:55:04.124] 
[2018-07-17 10:55:04.124] runtime error: undefined variable /turf/closed/wall/mineral/titanium/var/air
[2018-07-17 10:55:04.124] proc name: process cell (/turf/open/process_cell)
[2018-07-17 10:55:04.124]   source file: LINDA_turf_tile.dm,178
[2018-07-17 10:55:04.124] 
[2018-07-17 10:55:04.124] runtime error: undefined variable /turf/closed/wall/mineral/titanium/var/air
[2018-07-17 10:55:04.124] proc name: process cell (/turf/open/process_cell)
[2018-07-17 10:55:04.124]   source file: LINDA_turf_tile.dm,178
[2018-07-17 10:55:04.124] 
[2018-07-17 10:55:04.125] runtime error: undefined variable /turf/closed/wall/mineral/titanium/var/air
[2018-07-17 10:55:04.125] proc name: process cell (/turf/open/process_cell)
[2018-07-17 10:55:04.125]   source file: LINDA_turf_tile.dm,178
[2018-07-17 10:55:04.125] 
[2018-07-17 10:55:04.125] runtime error: undefined variable /turf/closed/wall/mineral/titanium/var/air
[2018-07-17 10:55:04.125] proc name: process cell (/turf/open/process_cell)
[2018-07-17 10:55:04.125]   source file: LINDA_turf_tile.dm,178
[2018-07-17 10:55:04.125] 
[2018-07-17 10:55:04.125] runtime error: Cannot execute null.archive().
[2018-07-17 10:55:04.125] proc name: archive (/turf/open/archive)
[2018-07-17 10:55:04.125]   source file: LINDA_turf_tile.dm,91
[2018-07-17 10:55:04.125] 
[2018-07-17 10:55:04.126] runtime error: Cannot read null.gases
[2018-07-17 10:55:04.126] proc name: compare (/datum/gas_mixture/compare)
[2018-07-17 10:55:04.126]   source file: gas_mixture.dm,384
[2018-07-17 10:55:04.126] 
[2018-07-17 10:55:04.126] runtime error: undefined variable /turf/closed/wall/mineral/titanium/var/air
[2018-07-17 10:55:04.126] proc name: process cell (/turf/open/process_cell)
[2018-07-17 10:55:04.126]   source file: LINDA_turf_tile.dm,178
[2018-07-17 10:55:04.126] 
[2018-07-17 10:55:04.126] runtime error: Cannot execute null.archive().
[2018-07-17 10:55:04.126] proc name: archive (/turf/open/archive)
[2018-07-17 10:55:04.126]   source file: LINDA_turf_tile.dm,91
[2018-07-17 10:55:04.126] 
[2018-07-17 10:55:04.127] runtime error: Cannot read null.gases
[2018-07-17 10:55:04.127] proc name: compare (/datum/gas_mixture/compare)
[2018-07-17 10:55:04.127]   source file: gas_mixture.dm,384
[2018-07-17 10:55:04.127] 
[2018-07-17 10:55:04.127] runtime error: undefined variable /turf/closed/wall/mineral/titanium/var/air
[2018-07-17 10:55:04.127] proc name: process cell (/turf/open/process_cell)
[2018-07-17 10:55:04.127]   source file: LINDA_turf_tile.dm,178
[2018-07-17 10:55:04.127] 
[2018-07-17 10:55:04.127] runtime error: Cannot execute null.archive().
[2018-07-17 10:55:04.127] proc name: archive (/turf/open/archive)
[2018-07-17 10:55:04.127]   source file: LINDA_turf_tile.dm,91
[2018-07-17 10:55:04.127] 
[2018-07-17 10:55:04.127] runtime error: Cannot read null.gases
[2018-07-17 10:55:04.127] proc name: compare (/datum/gas_mixture/compare)
[2018-07-17 10:55:04.127]   source file: gas_mixture.dm,384
[2018-07-17 10:55:04.127] 
[2018-07-17 10:55:04.128] runtime error: Cannot execute null.archive().
[2018-07-17 10:55:04.128] proc name: archive (/turf/open/archive)
[2018-07-17 10:55:04.128]   source file: LINDA_turf_tile.dm,91
[2018-07-17 10:55:04.128] 
[2018-07-17 10:55:04.128] runtime error: Cannot read null.gases
[2018-07-17 10:55:04.128] proc name: compare (/datum/gas_mixture/compare)
[2018-07-17 10:55:04.128]   source file: gas_mixture.dm,384
[2018-07-17 10:55:04.128] 
[2018-07-17 10:55:04.128] runtime error: Cannot execute null.archive().
[2018-07-17 10:55:04.128] proc name: archive (/turf/open/archive)
[2018-07-17 10:55:04.128]   source file: LINDA_turf_tile.dm,91
[2018-07-17 10:55:04.128] 
[2018-07-17 10:55:04.129] runtime error: Cannot read null.gases
[2018-07-17 10:55:04.129] proc name: compare (/datum/gas_mixture/compare)
[2018-07-17 10:55:04.129]   source file: gas_mixture.dm,384
[2018-07-17 10:55:04.129] 
[2018-07-17 10:55:04.129] runtime error: undefined variable /turf/closed/wall/mineral/titanium/var/air
[2018-07-17 10:55:04.129] proc name: process cell (/turf/open/process_cell)
[2018-07-17 10:55:04.129]   source file: LINDA_turf_tile.dm,178
[2018-07-17 10:55:04.129] 
[2018-07-17 10:55:04.129] runtime error: Cannot execute null.archive().
[2018-07-17 10:55:04.129] proc name: archive (/turf/open/archive)
[2018-07-17 10:55:04.129]   source file: LINDA_turf_tile.dm,91
[2018-07-17 10:55:04.129] 
[2018-07-17 10:55:04.129] runtime error: Cannot read null.gases
[2018-07-17 10:55:04.129] proc name: compare (/datum/gas_mixture/compare)
[2018-07-17 10:55:04.129]   source file: gas_mixture.dm,384
[2018-07-17 10:55:04.129] 
[2018-07-17 10:55:04.130] runtime error: undefined variable /turf/closed/wall/mineral/titanium/var/air
[2018-07-17 10:55:04.130] proc name: process cell (/turf/open/process_cell)
[2018-07-17 10:55:04.130]   source file: LINDA_turf_tile.dm,178
[2018-07-17 10:55:04.130] 
[2018-07-17 10:55:04.130] runtime error: Cannot execute null.archive().
[2018-07-17 10:55:04.130] proc name: archive (/turf/open/archive)
[2018-07-17 10:55:04.130]   source file: LINDA_turf_tile.dm,91
[2018-07-17 10:55:04.130] 
[2018-07-17 10:55:04.130] runtime error: Cannot read null.gases
[2018-07-17 10:55:04.130] proc name: compare (/datum/gas_mixture/compare)
[2018-07-17 10:55:04.130]   source file: gas_mixture.dm,384
[2018-07-17 10:55:04.130] 
[2018-07-17 10:55:04.131] runtime error: undefined variable /turf/closed/wall/mineral/titanium/var/air
[2018-07-17 10:55:04.131] proc name: process cell (/turf/open/process_cell)
[2018-07-17 10:55:04.131]   source file: LINDA_turf_tile.dm,178
[2018-07-17 10:55:04.131] 
[2018-07-17 10:55:04.131] runtime error: undefined variable /turf/closed/wall/mineral/titanium/var/air
[2018-07-17 10:55:04.131] proc name: process cell (/turf/open/process_cell)
[2018-07-17 10:55:04.131]   source file: LINDA_turf_tile.dm,178
[2018-07-17 10:55:04.131] 
[2018-07-17 10:55:04.131] runtime error: undefined variable /turf/closed/wall/mineral/titanium/var/air
[2018-07-17 10:55:04.131] proc name: process cell (/turf/open/process_cell)
[2018-07-17 10:55:04.131]   source file: LINDA_turf_tile.dm,178
[2018-07-17 10:55:04.131] 
[2018-07-17 10:55:04.131] runtime error: undefined variable /turf/closed/wall/mineral/titanium/var/air
[2018-07-17 10:55:04.131] proc name: process cell (/turf/open/process_cell)
[2018-07-17 10:55:04.131]   source file: LINDA_turf_tile.dm,178
[2018-07-17 10:55:04.131] 
[2018-07-17 10:55:04.664] runtime error: Cannot execute null.archive().
[2018-07-17 10:55:04.664] Warning: further proc crash messages are being suppressed to prevent overload...
[2018-07-17 10:55:04.664] 
[2018-07-17 10:55:04.664] runtime error: Cannot read null.gases
[2018-07-17 10:55:04.664] 
[2018-07-17 10:55:04.664] runtime error: Cannot execute null.archive().
[2018-07-17 10:55:04.664] 
[2018-07-17 10:55:04.665] runtime error: Cannot read null.gases
[2018-07-17 10:55:04.665] 
[2018-07-17 10:55:04.671] runtime error: Cannot execute null.archive().
[2018-07-17 10:55:04.672] 
[2018-07-17 10:55:04.672] runtime error: Cannot read null.gases
[2018-07-17 10:55:04.672] 
[2018-07-17 10:55:04.672] runtime error: Cannot execute null.archive().
[2018-07-17 10:55:04.672] 
[2018-07-17 10:55:04.672] runtime error: Cannot read null.gases
[2018-07-17 10:55:04.672] 
[2018-07-17 10:55:04.672] runtime error: Cannot execute null.archive().
[2018-07-17 10:55:04.672] 
[2018-07-17 10:55:04.672] runtime error: Cannot read null.gases
[2018-07-17 10:55:04.672] 
[2018-07-17 10:55:04.673] runtime error: Cannot execute null.archive().
[2018-07-17 10:55:04.673] 
[2018-07-17 10:55:04.673] runtime error: Cannot read null.gases
[2018-07-17 10:55:04.673] 
[2018-07-17 10:55:04.673] runtime error: Cannot execute null.archive().
[2018-07-17 10:55:04.673] 
[2018-07-17 10:55:04.673] runtime error: Cannot read null.gases
[2018-07-17 10:55:04.673] 
[2018-07-17 10:55:04.675] runtime error: Cannot execute null.archive().
[2018-07-17 10:55:04.675] 
[2018-07-17 10:55:04.675] runtime error: Cannot read null.gases
[2018-07-17 10:55:04.675] 
[2018-07-17 11:11:09.738] Saved 10 engraved messages on map Box Station
[2018-07-17 11:12:44.696] Shutting down Persistence subsystem...
[2018-07-17 11:12:44.696] Shutting down Pathfinder subsystem...
[2018-07-17 11:12:44.696] Shutting down Squeak subsystem...
[2018-07-17 11:12:44.696] Shutting down Shuttle subsystem...
[2018-07-17 11:12:44.696] Shutting down Lighting subsystem...
[2018-07-17 11:12:44.696] Shutting down XKeyScore subsystem...
[2018-07-17 11:12:44.696] Shutting down Sticky Ban subsystem...
[2018-07-17 11:12:44.696] Shutting down Overlay subsystem...
[2018-07-17 11:12:44.732] Shutting down Icon Smoothing subsystem...
[2018-07-17 11:12:44.732] Shutting down Assets subsystem...
[2018-07-17 11:12:44.733] Shutting down Minimap subsystem...
[2018-07-17 11:12:44.733] Shutting down Atmospherics subsystem...
[2018-07-17 11:12:44.733] Shutting down Wet floors subsystem...
[2018-07-17 11:12:44.733] Shutting down Weather subsystem...
[2018-07-17 11:12:44.733] Shutting down Vote subsystem...
[2018-07-17 11:12:44.733] Shutting down Traumas subsystem...
[2018-07-17 11:12:44.733] Shutting down Title Screen subsystem...
[2018-07-17 11:12:44.733] Shutting down Time Tracking subsystem...
[2018-07-17 11:12:44.733] Shutting down Throwing subsystem...
[2018-07-17 11:12:44.733] Shutting down tgui subsystem...
[2018-07-17 11:12:44.733] Shutting down Sun subsystem...
[2018-07-17 11:12:44.733] Shutting down Space Drift subsystem...
[2018-07-17 11:12:44.733] Shutting down Religion subsystem...
[2018-07-17 11:12:44.733] Shutting down Radio subsystem...
[2018-07-17 11:12:44.733] Shutting down Radiation subsystem...
[2018-07-17 11:12:44.733] Shutting down Projectiles subsystem...
[2018-07-17 11:12:44.733] Shutting down Processing subsystem...
[2018-07-17 11:12:44.733] Shutting down Ping subsystem...
[2018-07-17 11:12:44.733] Shutting down Parallax subsystem...
[2018-07-17 11:12:44.733] Shutting down pAI subsystem...
[2018-07-17 11:12:44.733] Shutting down Orbits subsystem...
[2018-07-17 11:12:44.733] Shutting down Objects subsystem...
[2018-07-17 11:12:44.733] Shutting down NPC Pool subsystem...
[2018-07-17 11:12:44.733] Shutting down Night Shift subsystem...
[2018-07-17 11:12:44.733] Shutting down Mood subsystem...
[2018-07-17 11:12:44.733] Shutting down Mobs subsystem...
[2018-07-17 11:12:44.733] Shutting down Medals subsystem...
[2018-07-17 11:12:44.733] Shutting down Idling NPC Pool subsystem...
[2018-07-17 11:12:44.733] Shutting down Flightpack Movement subsystem...
[2018-07-17 11:12:44.733] Shutting down Fire Burning subsystem...
[2018-07-17 11:12:44.734] Shutting down Fields subsystem...
[2018-07-17 11:12:44.734] Shutting down Fast Processing subsystem...
[2018-07-17 11:12:44.734] Shutting down Disease subsystem...
[2018-07-17 11:12:44.734] Shutting down Datum Component System subsystem...
[2018-07-17 11:12:44.734] Shutting down Communications subsystem...
[2018-07-17 11:12:44.734] Shutting down Augury subsystem...
[2018-07-17 11:12:44.734] Shutting down Acid subsystem...
[2018-07-17 11:12:44.734] Shutting down Timer subsystem...
[2018-07-17 11:12:44.734] Shutting down Circuit subsystem...
[2018-07-17 11:12:44.734] Shutting down Machines subsystem...
[2018-07-17 11:12:44.734] Shutting down Language subsystem...
[2018-07-17 11:12:44.734] Shutting down Atoms subsystem...
[2018-07-17 11:12:44.734] Shutting down Networks subsystem...
[2018-07-17 11:12:44.734] Shutting down Mapping subsystem...
[2018-07-17 11:12:44.734] Shutting down Ticker subsystem...
[2018-07-17 11:12:44.868] Shutting down Quirks subsystem...
[2018-07-17 11:12:44.868] Shutting down Jobs subsystem...
[2018-07-17 11:12:44.868] Shutting down Events subsystem...
[2018-07-17 11:12:44.868] Shutting down Research subsystem...
[2018-07-17 11:12:44.868] Shutting down Input subsystem...
[2018-07-17 11:12:44.869] Shutting down Server Tasks subsystem...
[2018-07-17 11:12:44.869] Shutting down Blackbox subsystem...
[2018-07-17 11:12:44.916] Shutting down Database subsystem...
[2018-07-17 11:12:44.960] Shutting down Garbage subsystem...
[2018-07-17 11:12:44.994] Shutdown complete
[2018-07-17 11:12:44.995] World rebooted at 11:12:44
