

Starting up round ID 1234. 01:06:06
---------------------
[01:28:47]PDA: AsciiSquid/(MasterKey) (PDA: PDA) sent "Get pranked" to Chuckles-The-Fuck (Clown) (150,32,2)
[01:28:51]PDA: greentea98/(Chuckles-The-Fuck) (PDA: clown PDA) sent ":ccccccc" to MasterKey (AI) (80,137,2)
[01:44:24]PDA: Swindel_/(Protect-and-Serve) (PDA: head of security PDA) sent "keep me updated on sus chuckle fucks alright?" to MasterKey (AI) (119,164,2)
[01:44:39]PDA: AsciiSquid/(MasterKey) (PDA: PDA) sent "Update: Is still a funny lizard" to Protect-and-Serve (Head of Security) (150,32,2)
[01:44:49]PDA: Swindel_/(Protect-and-Serve) (PDA: head of security PDA) sent "you or me?" to MasterKey (AI) (128,135,2)
[01:45:04]PDA: AsciiSquid/(MasterKey) (PDA: PDA) sent "Chuckles-the-fucks" to Protect-and-Serve (Head of Security) (150,32,2)
[01:45:53]PDA: AsciiSquid/(MasterKey) (PDA: PDA) sent "He is funny cause he is currently trying to cryo Dildo baggins in medical" to Protect-and-Serve (Head of Security) (150,32,2)
[01:46:02]PDA: Swindel_/(Protect-and-Serve) (PDA: head of security PDA) sent "thats bad?" to MasterKey (AI) (130,120,2)
[01:46:17]PDA: AsciiSquid/(MasterKey) (PDA: PDA) sent "Its funny cause he doesnt know how, and baggins tries to break into the vault over and over" to Protect-and-Serve (Head of Security) (150,32,2)
[01:46:23]PDA: Swindel_/(Protect-and-Serve) (PDA: head of security PDA) sent "oh" to MasterKey (AI) (118,140,2)
[01:57:44]PDA: AsciiSquid/(MasterKey) (PDA: PDA) sent "Impersonation is grounds for a zapping" to Chuckles-The-Fuck (Clown) (150,32,2)
[01:59:28]PDA: Gracefuljohnnynguyen/(Pull-Up-Wit-A-Choppa-Let-It-Eat) (PDA: chaplain PDA) sent "where you at?" to Trips On Feet (Shaft Miner) (88,119,2)
[02:03:01]PDA: Swindel_/(Protect-and-Serve) (PDA: head of security PDA) sent "you got disk?" to Reece Auman (Captain) (106,134,2)
[02:03:16]PDA: CthulhuOnIce/(Reece Auman) (PDA: captain PDA) sent "tes" to Protect-and-Serve (Head of Security) (121,129,2)
[02:03:19]PDA: CthulhuOnIce/(Reece Auman) (PDA: captain PDA) sent "yes" to Protect-and-Serve (Head of Security) (121,129,2)
[02:03:24]PDA: Swindel_/(Protect-and-Serve) (PDA: head of security PDA) sent "damn" to Reece Auman (Captain) (129,181,2)
[02:13:16]PDA: AsciiSquid/(MasterKey) (PDA: PDA) sent "You&#39;re welcome" to Catitao (Scientist) (150,32,2)
[02:24:46]PDA: Jesslynbrooke/(Jess Jenkers) (PDA: chemist PDA) sent "you came out mid-clone so ya fucked." to Beau Richards (Cook) (153,115,2)
[02:24:55]PDA: BuckyBoy/(Beau Richards) (PDA: cook PDA) sent "What am i supposed to do then?" to Jess Jenkers (Chemist) (153,116,2)
[02:25:01]PDA: Jesslynbrooke/(Jess Jenkers) (PDA: chemist PDA) sent "Uh.. I mean" to Beau Richards (Cook) (154,115,2)
[02:25:10]PDA: Jesslynbrooke/(Jess Jenkers) (PDA: chemist PDA) sent "I can kill you and reclone you maybe?" to Beau Richards (Cook) (154,115,2)
[02:25:34]PDA: Jesslynbrooke/(Jess Jenkers) (PDA: chemist PDA) sent "The power went out and you went out of the cloner." to Beau Richards (Cook) (154,115,2)
[02:54:51]PDA: CthulhuOnIce/(Reece Auman) (PDA: captain PDA) sent "go to courtroom, we have xenos, THIS IS NOT A DRILL, YOU WILL DIE IF YOU STAY" to Everyone (102,163,2)
[02:55:03]PDA: Swindel_/(Protect-and-Serve) (PDA: head of security PDA) sent "thats pizza" to Reece Auman (Captain) (128,137,2)
[02:55:11]PDA: Mr.Cheese1/(Benny Tequilla) (PDA: PDA) sent "A GOOD TRICK FLOOR TILE SUBORDINATE" to Reece Auman (Captain) (70,134,2)
[02:55:15]PDA: CthulhuOnIce/(Reece Auman) (PDA: captain PDA) sent "xenos, look in escape" to Protect-and-Serve (Head of Security) (128,165,2)
[02:55:18]PDA: Mr.Cheese1/(Benny Tequilla) (PDA: PDA) sent "BUT NOT GOOD ENOUGH" to Reece Auman (Captain) (67,132,2)
[02:55:22]PDA: Williamholtz/(William Holtz) (PDA: engineering PDA) sent "Kill em all!!!! Yipikiya Cap!!!" to Reece Auman (Captain) (173,129,2)
[02:55:28]PDA: Jesslynbrooke/(Jess Jenkers) (PDA: chemist PDA) sent "..we have a courtroom?" to Reece Auman (Captain) (147,114,2)
[02:56:10]PDA: Mr.Cheese1/(Benny Tequilla) (PDA: PDA) sent "Xeno at arrivals" to Reece Auman (Captain) (89,139,2)
[02:56:46]PDA: Mr.Cheese1/(Benny Tequilla) (PDA: PDA) sent "I do not trust you. But I hate xenos about as much as I hate floor tiles" to Reece Auman (Captain) (89,139,2)
