[2018-07-18 10:30:22.719] runtime error: bad index
[2018-07-18 10:30:22.719] proc name: Get (/datum/controller/configuration/proc/Get)
[2018-07-18 10:30:22.719]   source file: configuration.dm,178
[2018-07-18 10:30:22.719]   usr: null
[2018-07-18 10:30:22.719]   src: Configuration (/datum/controller/configuration)
[2018-07-18 10:30:22.719]   call stack:
[2018-07-18 10:30:22.719] Configuration (/datum/controller/configuration): Get(/datum/config_entry/flag/log_w... (/datum/config_entry/flag/log_world_topic))
[2018-07-18 10:30:22.719] world: Topic("status", "212.237.9.101", null, null)
[2018-07-18 10:30:22.719] 
[2018-07-18 10:30:22.720] runtime error: bad index
[2018-07-18 10:30:22.720] proc name: Get (/datum/controller/configuration/proc/Get)
[2018-07-18 10:30:22.720]   source file: configuration.dm,178
[2018-07-18 10:30:22.720]   usr: null
[2018-07-18 10:30:22.720]   src: Configuration (/datum/controller/configuration)
[2018-07-18 10:30:22.720]   call stack:
[2018-07-18 10:30:22.720] Configuration (/datum/controller/configuration): Get(/datum/config_entry/string/com... (/datum/config_entry/string/comms_key))
[2018-07-18 10:30:22.720] /datum/world_topic/status (/datum/world_topic/status): TryRun(/list (/list))
[2018-07-18 10:30:22.720] world: Topic("status", "212.237.9.101", null, null)
[2018-07-18 10:30:22.720] 
[2018-07-18 10:30:22.720] runtime error: bad index
[2018-07-18 10:30:22.720] proc name: Get (/datum/controller/configuration/proc/Get)
[2018-07-18 10:30:22.720]   source file: configuration.dm,178
[2018-07-18 10:30:22.720]   usr: null
[2018-07-18 10:30:22.720]   src: Configuration (/datum/controller/configuration)
[2018-07-18 10:30:22.720]   call stack:
[2018-07-18 10:30:22.720] Configuration (/datum/controller/configuration): Get(/datum/config_entry/flag/nores... (/datum/config_entry/flag/norespawn))
[2018-07-18 10:30:22.720] /datum/world_topic/status (/datum/world_topic/status): Run(/list (/list))
[2018-07-18 10:30:22.720] /datum/world_topic/status (/datum/world_topic/status): TryRun(/list (/list))
[2018-07-18 10:30:22.720] world: Topic("status", "212.237.9.101", null, null)
[2018-07-18 10:30:22.720] 
[2018-07-18 10:30:22.721] runtime error: bad index
[2018-07-18 10:30:22.721] proc name: Get (/datum/controller/configuration/proc/Get)
[2018-07-18 10:30:22.721]   source file: configuration.dm,178
[2018-07-18 10:30:22.721]   usr: null
[2018-07-18 10:30:22.721]   src: Configuration (/datum/controller/configuration)
[2018-07-18 10:30:22.721]   call stack:
[2018-07-18 10:30:22.721] Configuration (/datum/controller/configuration): Get(/datum/config_entry/flag/allow... (/datum/config_entry/flag/allow_vote_mode))
[2018-07-18 10:30:22.721] /datum/world_topic/status (/datum/world_topic/status): Run(/list (/list))
[2018-07-18 10:30:22.721] /datum/world_topic/status (/datum/world_topic/status): TryRun(/list (/list))
[2018-07-18 10:30:22.721] world: Topic("status", "212.237.9.101", null, null)
[2018-07-18 10:30:22.721] 
[2018-07-18 10:30:22.721] runtime error: bad index
[2018-07-18 10:30:22.721] proc name: Get (/datum/controller/configuration/proc/Get)
[2018-07-18 10:30:22.721]   source file: configuration.dm,178
[2018-07-18 10:30:22.721]   usr: null
[2018-07-18 10:30:22.721]   src: Configuration (/datum/controller/configuration)
[2018-07-18 10:30:22.721]   call stack:
[2018-07-18 10:30:22.721] Configuration (/datum/controller/configuration): Get(/datum/config_entry/flag/allow... (/datum/config_entry/flag/allow_ai))
[2018-07-18 10:30:22.721] /datum/world_topic/status (/datum/world_topic/status): Run(/list (/list))
[2018-07-18 10:30:22.721] /datum/world_topic/status (/datum/world_topic/status): TryRun(/list (/list))
[2018-07-18 10:30:22.721] world: Topic("status", "212.237.9.101", null, null)
[2018-07-18 10:30:22.721] 
[2018-07-18 10:30:22.722] runtime error: Cannot read null.commit
[2018-07-18 10:30:22.722] proc name: Run (/datum/world_topic/status/Run)
[2018-07-18 10:30:22.722]   source file: world_topic.dm,151
[2018-07-18 10:30:22.722]   usr: null
[2018-07-18 10:30:22.722]   src: /datum/world_topic/status (/datum/world_topic/status)
[2018-07-18 10:30:22.722]   call stack:
[2018-07-18 10:30:22.722] /datum/world_topic/status (/datum/world_topic/status): Run(/list (/list))
[2018-07-18 10:30:22.722] /datum/world_topic/status (/datum/world_topic/status): TryRun(/list (/list))
[2018-07-18 10:30:22.722] world: Topic("status", "212.237.9.101", null, null)
[2018-07-18 10:30:22.722] 
[2018-07-18 10:30:22.722] runtime error: bad index
[2018-07-18 10:30:22.722] proc name: Get (/datum/controller/configuration/proc/Get)
[2018-07-18 10:30:22.722]   source file: configuration.dm,178
[2018-07-18 10:30:22.722]   usr: null
[2018-07-18 10:30:22.722]   src: Configuration (/datum/controller/configuration)
[2018-07-18 10:30:22.722]   call stack:
[2018-07-18 10:30:22.722] Configuration (/datum/controller/configuration): Get(/datum/config_entry/flag/log_w... (/datum/config_entry/flag/log_world_topic))
[2018-07-18 10:30:22.722] world: Topic("status", "212.237.9.101", null, null)
[2018-07-18 10:30:22.722] 
[2018-07-18 10:30:22.722] runtime error: bad index
[2018-07-18 10:30:22.722] proc name: Get (/datum/controller/configuration/proc/Get)
[2018-07-18 10:30:22.722]   source file: configuration.dm,178
[2018-07-18 10:30:22.722]   usr: null
[2018-07-18 10:30:22.722]   src: Configuration (/datum/controller/configuration)
[2018-07-18 10:30:22.722]   call stack:
[2018-07-18 10:30:22.722] Configuration (/datum/controller/configuration): Get(/datum/config_entry/string/com... (/datum/config_entry/string/comms_key))
[2018-07-18 10:30:22.722] /datum/world_topic/status (/datum/world_topic/status): TryRun(/list (/list))
[2018-07-18 10:30:22.722] world: Topic("status", "212.237.9.101", null, null)
[2018-07-18 10:30:22.722] 
[2018-07-18 10:30:22.723] runtime error: bad index
[2018-07-18 10:30:22.723] proc name: Get (/datum/controller/configuration/proc/Get)
[2018-07-18 10:30:22.723]   source file: configuration.dm,178
[2018-07-18 10:30:22.723]   usr: null
[2018-07-18 10:30:22.723]   src: Configuration (/datum/controller/configuration)
[2018-07-18 10:30:22.723]   call stack:
[2018-07-18 10:30:22.723] Configuration (/datum/controller/configuration): Get(/datum/config_entry/flag/nores... (/datum/config_entry/flag/norespawn))
[2018-07-18 10:30:22.723] /datum/world_topic/status (/datum/world_topic/status): Run(/list (/list))
[2018-07-18 10:30:22.723] /datum/world_topic/status (/datum/world_topic/status): TryRun(/list (/list))
[2018-07-18 10:30:22.723] world: Topic("status", "212.237.9.101", null, null)
[2018-07-18 10:30:22.723] 
[2018-07-18 10:30:22.723] runtime error: bad index
[2018-07-18 10:30:22.723] proc name: Get (/datum/controller/configuration/proc/Get)
[2018-07-18 10:30:22.723]   source file: configuration.dm,178
[2018-07-18 10:30:22.723]   usr: null
[2018-07-18 10:30:22.723]   src: Configuration (/datum/controller/configuration)
[2018-07-18 10:30:22.723]   call stack:
[2018-07-18 10:30:22.723] Configuration (/datum/controller/configuration): Get(/datum/config_entry/flag/allow... (/datum/config_entry/flag/allow_vote_mode))
[2018-07-18 10:30:22.723] /datum/world_topic/status (/datum/world_topic/status): Run(/list (/list))
[2018-07-18 10:30:22.723] /datum/world_topic/status (/datum/world_topic/status): TryRun(/list (/list))
[2018-07-18 10:30:22.723] world: Topic("status", "212.237.9.101", null, null)
[2018-07-18 10:30:22.723] 
[2018-07-18 10:30:22.723] runtime error: bad index
[2018-07-18 10:30:22.723] proc name: Get (/datum/controller/configuration/proc/Get)
[2018-07-18 10:30:22.723]   source file: configuration.dm,178
[2018-07-18 10:30:22.723] 
[2018-07-18 10:30:22.724] runtime error: Cannot read null.commit
[2018-07-18 10:30:22.724] proc name: Run (/datum/world_topic/status/Run)
[2018-07-18 10:30:22.724]   source file: world_topic.dm,151
[2018-07-18 10:30:22.724] 
[2018-07-18 10:30:22.799] Running /tg/ revision:
[2018-07-18 10:30:22.800] 05bfe7ebd766f53a94007df5ca8c0fe666a89d00: 2018-07-15
[2018-07-18 10:30:22.800] runtime error: list index out of bounds
[2018-07-18 10:30:22.800] proc name: New (/datum/getrev/New)
[2018-07-18 10:30:22.800]   source file: getrev.dm,23
[2018-07-18 10:30:22.800] 
[2018-07-18 10:30:22.806] Loading config file config.txt...
[2018-07-18 10:30:22.807] Loading config file game_options.txt...
[2018-07-18 10:30:22.808] Unknown setting in configuration: 'w##'
[2018-07-18 10:30:22.810] Failed to validate setting "DOUBLE_AGENTS 20" for min_pop
[2018-07-18 10:30:22.810] Failed to validate setting "DOUBLE_AGENTS -1" for max_pop
[2018-07-18 10:30:22.814] Loading config file dbconfig.txt...
[2018-07-18 10:30:22.814] Loading config file comms.txt...
[2018-07-18 10:30:22.818] Loading config file maps.txt...
[2018-07-18 10:30:22.973] Database connection established.
[2018-07-18 10:30:23.006] SQL: Could not get schema version from database
