[2018-08-15 16:33:13.898] Starting up round ID 1953.
[2018-08-15 16:33:13.898] -------------------------
[2018-08-15 16:33:16.110] Initialized Database subsystem within 0 seconds!
[2018-08-15 16:33:16.111] Initialized Blackbox subsystem within 0 seconds!
[2018-08-15 16:33:16.111] Initialized Server Tasks subsystem within 0 seconds!
[2018-08-15 16:33:16.113] Initialized Input subsystem within 0 seconds!
[2018-08-15 16:33:16.174] Initialized Research subsystem within 0 seconds!
[2018-08-15 16:33:16.180] Initialized Events subsystem within 0 seconds!
[2018-08-15 16:33:16.187] Initialized Jobs subsystem within 0 seconds!
[2018-08-15 16:33:16.188] Initialized Quirks subsystem within 0 seconds!
[2018-08-15 16:33:16.198] Initialized Ticker subsystem within 0 seconds!
[2018-08-15 16:33:16.199] Loading Box Station...
[2018-08-15 16:33:22.380] Loaded Station in 6.1s!
[2018-08-15 16:33:27.864] Loaded Lavaland in 5.2s!
[2018-08-15 16:33:31.340] Ruin loader finished with 0 left to spend.
[2018-08-15 16:33:33.525] Ruin loader finished with 0 left to spend.
[2018-08-15 16:33:43.966] Initialized Mapping subsystem within 27.8 seconds!
[2018-08-15 16:33:43.968] Initialized Networks subsystem within 0 seconds!
[2018-08-15 16:34:32.509] Initialized Atoms subsystem within 48.6 seconds!
[2018-08-15 16:34:32.530] Initialized Language subsystem within 0 seconds!
[2018-08-15 16:34:32.956] Initialized Machines subsystem within 0.4 seconds!
[2018-08-15 16:34:33.013] Initialized Circuit subsystem within 0.1 seconds!
[2018-08-15 16:34:33.015] Initialized Disease subsystem within 0 seconds!
[2018-08-15 16:34:33.015] Initialized Medals subsystem within 0 seconds!
[2018-08-15 16:34:33.015] Initialized Night Shift subsystem within 0 seconds!
[2018-08-15 16:34:33.016] Initialized Parallax subsystem within 0 seconds!
[2018-08-15 16:34:33.149] Initialized Traumas subsystem within 0.1 seconds!
[2018-08-15 16:34:33.150] Initialized Weather subsystem within 0 seconds!
[2018-08-15 16:35:56.057] Initialized Atmospherics subsystem within 82.9 seconds!
[2018-08-15 16:35:56.078] Initialized Minimap subsystem within 0 seconds!
[2018-08-15 16:35:58.827] Initialized Assets subsystem within 2.8 seconds!
[2018-08-15 16:36:06.652] Initialized Icon Smoothing subsystem within 7.8 seconds!
[2018-08-15 16:36:08.625] Initialized Overlay subsystem within 2 seconds!
[2018-08-15 16:36:08.625] Initialized XKeyScore subsystem within 0 seconds!
[2018-08-15 16:36:08.627] Initialized Sticky Ban subsystem within 0 seconds!
[2018-08-15 16:36:25.216] Initialized Lighting subsystem within 16.6 seconds!
[2018-08-15 16:36:29.819] Initialized Shuttle subsystem within 4.6 seconds!
[2018-08-15 16:36:29.861] Initialized Squeak subsystem within 0 seconds!
[2018-08-15 16:36:29.864] Initialized Pathfinder subsystem within 0 seconds!
[2018-08-15 16:36:29.939] Loaded 24 engraved messages on map Box Station
[2018-08-15 16:36:29.956] Initialized Persistence subsystem within 0.1 seconds!
[2018-08-15 16:36:29.956] Initializations complete within 193.8 seconds!
[2018-08-15 16:37:38.397] Game start took 1.2s
[2018-08-15 16:37:40.955] runtime error: Cannot modify null.icon_state.
[2018-08-15 16:37:40.955] proc name: update mood icon (/datum/component/mood/proc/update_mood_icon)
[2018-08-15 16:37:40.955]   source file: mood.dm,122
[2018-08-15 16:37:40.955] 
[2018-08-15 16:37:42.722] runtime error: Cannot modify null.icon_state.
[2018-08-15 16:37:42.722] proc name: update mood icon (/datum/component/mood/proc/update_mood_icon)
[2018-08-15 16:37:42.722]   source file: mood.dm,122
[2018-08-15 16:37:42.722] 
[2018-08-15 16:37:43.323] runtime error: Cannot modify null.icon_state.
[2018-08-15 16:37:43.323] proc name: update mood icon (/datum/component/mood/proc/update_mood_icon)
[2018-08-15 16:37:43.323]   source file: mood.dm,122
[2018-08-15 16:37:43.323] 
[2018-08-15 16:38:58.428] runtime error: Cannot modify null.icon_state.
[2018-08-15 16:38:58.428] proc name: update mood icon (/datum/component/mood/proc/update_mood_icon)
[2018-08-15 16:38:58.428]   source file: mood.dm,122
[2018-08-15 16:38:58.428] 
[2018-08-15 16:39:00.426] runtime error: Cannot modify null.icon_state.
[2018-08-15 16:39:00.426] proc name: update mood icon (/datum/component/mood/proc/update_mood_icon)
[2018-08-15 16:39:00.426]   source file: mood.dm,122
[2018-08-15 16:39:00.426] 
[2018-08-15 16:44:50.649] runtime error: Cannot modify null.icon_state.
[2018-08-15 16:44:50.649] proc name: update mood icon (/datum/component/mood/proc/update_mood_icon)
[2018-08-15 16:44:50.649]   source file: mood.dm,122
[2018-08-15 16:44:50.649] 
[2018-08-15 16:49:20.039] runtime error: Cannot modify null.icon_state.
[2018-08-15 16:49:20.039] proc name: update mood icon (/datum/component/mood/proc/update_mood_icon)
[2018-08-15 16:49:20.039]   source file: mood.dm,122
[2018-08-15 16:49:20.039] 
[2018-08-15 16:50:12.571] runtime error: Cannot modify null.icon_state.
[2018-08-15 16:50:12.571] proc name: update mood icon (/datum/component/mood/proc/update_mood_icon)
[2018-08-15 16:50:12.571]   source file: mood.dm,122
[2018-08-15 16:50:12.571] 
[2018-08-15 16:52:59.590] runtime error: Cannot modify null.icon_state.
[2018-08-15 16:52:59.591] proc name: update mood icon (/datum/component/mood/proc/update_mood_icon)
[2018-08-15 16:52:59.591]   source file: mood.dm,122
[2018-08-15 16:52:59.591] 
[2018-08-15 16:53:42.913] ### VarEdit by Pandolphina/(Does-The-Gimmick): /obj/item/gun/ballistic/shotgun/automatic/combat/compact weapon_weight=2 => 1
[2018-08-15 16:54:00.502] runtime error: Cannot modify null.icon_state.
[2018-08-15 16:54:00.502] proc name: update mood icon (/datum/component/mood/proc/update_mood_icon)
[2018-08-15 16:54:00.502]   source file: mood.dm,122
[2018-08-15 16:54:00.502] 
[2018-08-15 16:57:02.475] runtime error: Cannot modify null.icon_state.
[2018-08-15 16:57:02.475] proc name: update mood icon (/datum/component/mood/proc/update_mood_icon)
[2018-08-15 16:57:02.475]   source file: mood.dm,122
[2018-08-15 16:57:02.475] 
[2018-08-15 16:57:18.333] runtime error: Cannot modify null.icon_state.
[2018-08-15 16:57:18.333] proc name: update mood icon (/datum/component/mood/proc/update_mood_icon)
[2018-08-15 16:57:18.333]   source file: mood.dm,122
[2018-08-15 16:57:18.333] 
[2018-08-15 16:58:25.833] runtime error: Cannot modify null.icon_state.
[2018-08-15 16:58:25.833] proc name: update mood icon (/datum/component/mood/proc/update_mood_icon)
[2018-08-15 16:58:25.833]   source file: mood.dm,122
[2018-08-15 16:58:25.833] 
[2018-08-15 16:58:31.731] runtime error: Cannot modify null.icon_state.
[2018-08-15 16:58:31.731] Warning: further proc crash messages are being suppressed to prevent overload...
[2018-08-15 16:58:31.731] 
[2018-08-15 17:05:36.753] runtime error: Cannot modify null.icon_state.
[2018-08-15 17:05:36.753] 
[2018-08-15 17:05:40.673] runtime error: Cannot modify null.icon_state.
[2018-08-15 17:05:40.673] 
[2018-08-15 17:07:08.498] runtime error: undefined variable /turf/closed/wall/mineral/plastitanium/interior/var/air
[2018-08-15 17:07:08.498] 
[2018-08-15 17:07:08.498] runtime error: Cannot execute null.archive().
[2018-08-15 17:07:08.498] 
[2018-08-15 17:07:08.499] runtime error: Cannot read null.gases
[2018-08-15 17:07:08.499] 
[2018-08-15 17:07:08.499] runtime error: Cannot execute null.archive().
[2018-08-15 17:07:08.499] 
[2018-08-15 17:07:08.499] runtime error: Cannot read null.gases
[2018-08-15 17:07:08.499] 
[2018-08-15 17:07:08.500] runtime error: Cannot execute null.archive().
[2018-08-15 17:07:08.500] 
[2018-08-15 17:07:08.500] runtime error: Cannot read null.gases
[2018-08-15 17:07:08.500] 
[2018-08-15 17:07:08.501] runtime error: undefined variable /turf/closed/wall/mineral/plastitanium/interior/var/air
[2018-08-15 17:07:08.501] 
[2018-08-15 17:07:08.501] runtime error: Cannot execute null.archive().
[2018-08-15 17:07:08.501] 
[2018-08-15 17:07:08.501] runtime error: Cannot read null.gases
[2018-08-15 17:07:08.501] 
[2018-08-15 17:07:08.502] runtime error: Cannot execute null.archive().
[2018-08-15 17:07:08.502] 
[2018-08-15 17:07:08.502] runtime error: Cannot read null.gases
[2018-08-15 17:07:08.502] 
[2018-08-15 17:07:08.503] runtime error: undefined variable /turf/closed/wall/mineral/plastitanium/interior/var/air
[2018-08-15 17:07:08.503] 
[2018-08-15 17:07:08.503] runtime error: Cannot execute null.archive().
[2018-08-15 17:07:08.503] 
[2018-08-15 17:07:08.503] runtime error: Cannot read null.gases
[2018-08-15 17:07:08.503] 
[2018-08-15 17:07:08.504] runtime error: Cannot execute null.archive().
[2018-08-15 17:07:08.504] 
[2018-08-15 17:07:08.504] runtime error: Cannot read null.gases
[2018-08-15 17:07:08.504] 
[2018-08-15 17:07:08.504] runtime error: Cannot execute null.archive().
[2018-08-15 17:07:08.504] 
[2018-08-15 17:07:08.505] runtime error: Cannot read null.gases
[2018-08-15 17:07:08.505] 
[2018-08-15 17:07:08.505] runtime error: Cannot execute null.archive().
[2018-08-15 17:07:08.505] 
[2018-08-15 17:07:08.506] runtime error: Cannot read null.gases
[2018-08-15 17:07:08.506] 
[2018-08-15 17:07:08.506] runtime error: Cannot execute null.archive().
[2018-08-15 17:07:08.506] 
[2018-08-15 17:07:08.506] runtime error: Cannot read null.gases
[2018-08-15 17:07:08.506] 
[2018-08-15 17:07:08.507] runtime error: undefined variable /turf/closed/wall/mineral/plastitanium/interior/var/air
[2018-08-15 17:07:08.507] 
[2018-08-15 17:07:08.507] runtime error: Cannot execute null.archive().
[2018-08-15 17:07:08.507] 
[2018-08-15 17:07:08.507] runtime error: Cannot read null.gases
[2018-08-15 17:07:08.507] 
[2018-08-15 17:07:08.508] runtime error: undefined variable /turf/closed/wall/mineral/plastitanium/interior/var/air
[2018-08-15 17:07:08.508] 
[2018-08-15 17:07:08.508] runtime error: Cannot execute null.archive().
[2018-08-15 17:07:08.508] 
[2018-08-15 17:07:08.508] runtime error: Cannot read null.gases
[2018-08-15 17:07:08.508] 
[2018-08-15 17:07:08.509] runtime error: Cannot execute null.archive().
[2018-08-15 17:07:08.509] 
[2018-08-15 17:07:08.509] runtime error: Cannot read null.gases
[2018-08-15 17:07:08.509] 
[2018-08-15 17:07:08.509] runtime error: Cannot execute null.archive().
[2018-08-15 17:07:08.509] 
[2018-08-15 17:07:08.510] runtime error: Cannot read null.gases
[2018-08-15 17:07:08.510] 
[2018-08-15 17:07:08.510] runtime error: Cannot execute null.archive().
[2018-08-15 17:07:08.510] 
[2018-08-15 17:07:08.510] runtime error: Cannot read null.gases
[2018-08-15 17:07:08.510] 
[2018-08-15 17:07:08.511] runtime error: Cannot execute null.archive().
[2018-08-15 17:07:08.511] 
[2018-08-15 17:07:08.511] runtime error: Cannot read null.gases
[2018-08-15 17:07:08.511] 
[2018-08-15 17:07:08.511] runtime error: Cannot execute null.archive().
[2018-08-15 17:07:08.511] 
[2018-08-15 17:07:08.511] runtime error: Cannot read null.gases
[2018-08-15 17:07:08.511] 
[2018-08-15 17:07:08.512] runtime error: Cannot execute null.archive().
[2018-08-15 17:07:08.512] 
[2018-08-15 17:07:08.512] runtime error: Cannot read null.gases
[2018-08-15 17:07:08.512] 
[2018-08-15 17:07:08.512] runtime error: undefined variable /turf/closed/wall/mineral/plastitanium/var/air
[2018-08-15 17:07:08.512] 
[2018-08-15 17:07:08.513] runtime error: undefined variable /turf/closed/wall/mineral/plastitanium/interior/var/air
[2018-08-15 17:07:08.513] 
[2018-08-15 17:07:08.513] runtime error: Cannot execute null.archive().
[2018-08-15 17:07:08.513] 
[2018-08-15 17:07:08.513] runtime error: Cannot read null.gases
[2018-08-15 17:07:08.513] 
[2018-08-15 17:07:08.513] runtime error: undefined variable /turf/closed/wall/mineral/plastitanium/interior/var/air
[2018-08-15 17:07:08.513] 
[2018-08-15 17:07:08.514] runtime error: undefined variable /turf/closed/wall/mineral/plastitanium/interior/var/air
[2018-08-15 17:07:08.514] 
[2018-08-15 17:07:08.514] runtime error: undefined variable /turf/closed/wall/mineral/plastitanium/interior/var/air
[2018-08-15 17:07:08.514] 
[2018-08-15 17:07:08.514] runtime error: Cannot execute null.archive().
[2018-08-15 17:07:08.514] 
[2018-08-15 17:07:08.515] runtime error: Cannot read null.gases
[2018-08-15 17:07:08.515] 
[2018-08-15 17:07:08.515] runtime error: undefined variable /turf/closed/wall/mineral/plastitanium/interior/var/air
[2018-08-15 17:07:08.515] 
[2018-08-15 17:07:08.515] runtime error: Cannot execute null.archive().
[2018-08-15 17:07:08.515] 
[2018-08-15 17:07:08.516] runtime error: Cannot read null.gases
[2018-08-15 17:07:08.516] 
[2018-08-15 17:07:08.516] runtime error: undefined variable /turf/closed/wall/mineral/plastitanium/interior/var/air
[2018-08-15 17:07:08.516] 
[2018-08-15 17:07:08.516] runtime error: Cannot execute null.archive().
[2018-08-15 17:07:08.516] 
[2018-08-15 17:07:08.516] runtime error: Cannot read null.gases
[2018-08-15 17:07:08.516] 
[2018-08-15 17:07:08.517] runtime error: Cannot execute null.archive().
[2018-08-15 17:07:08.517] 
[2018-08-15 17:07:08.517] runtime error: Cannot read null.gases
[2018-08-15 17:07:08.517] 
[2018-08-15 17:07:08.517] runtime error: Cannot execute null.archive().
[2018-08-15 17:07:08.517] 
[2018-08-15 17:07:08.518] runtime error: Cannot read null.gases
[2018-08-15 17:07:08.518] 
[2018-08-15 17:07:08.518] runtime error: undefined variable /turf/closed/wall/mineral/plastitanium/interior/var/air
[2018-08-15 17:07:08.518] 
[2018-08-15 17:07:08.518] runtime error: undefined variable /turf/closed/wall/mineral/plastitanium/interior/var/air
[2018-08-15 17:07:08.518] 
[2018-08-15 17:07:08.660] runtime error: Cannot execute null.archive().
[2018-08-15 17:07:08.660] 
[2018-08-15 17:07:08.661] runtime error: Cannot read null.gases
[2018-08-15 17:07:08.661] 
[2018-08-15 17:07:08.661] runtime error: Cannot execute null.archive().
[2018-08-15 17:07:08.661] 
[2018-08-15 17:07:08.661] runtime error: Cannot read null.gases
[2018-08-15 17:07:08.661] 
[2018-08-15 17:07:08.662] runtime error: Cannot execute null.archive().
[2018-08-15 17:07:08.662] 
[2018-08-15 17:07:08.662] runtime error: Cannot read null.gases
[2018-08-15 17:07:08.662] 
[2018-08-15 17:07:08.662] runtime error: Cannot execute null.archive().
[2018-08-15 17:07:08.662] 
[2018-08-15 17:07:08.663] runtime error: Cannot read null.gases
[2018-08-15 17:07:08.663] 
[2018-08-15 17:07:08.663] runtime error: Cannot execute null.archive().
[2018-08-15 17:07:08.663] 
[2018-08-15 17:07:08.663] runtime error: Cannot read null.gases
[2018-08-15 17:07:08.663] 
[2018-08-15 17:07:08.663] runtime error: Cannot execute null.archive().
[2018-08-15 17:07:08.663] 
[2018-08-15 17:07:08.664] runtime error: Cannot read null.gases
[2018-08-15 17:07:08.664] 
[2018-08-15 17:07:08.664] runtime error: Cannot execute null.archive().
[2018-08-15 17:07:08.664] 
[2018-08-15 17:07:08.664] runtime error: Cannot read null.gases
[2018-08-15 17:07:08.664] 
[2018-08-15 17:07:08.665] runtime error: Cannot execute null.archive().
[2018-08-15 17:07:08.665] 
[2018-08-15 17:07:08.665] runtime error: Cannot read null.gases
[2018-08-15 17:07:08.665] 
[2018-08-15 17:07:08.665] runtime error: Cannot execute null.archive().
[2018-08-15 17:07:08.665] 
[2018-08-15 17:07:08.665] runtime error: Cannot read null.gases
[2018-08-15 17:07:08.665] 
[2018-08-15 17:07:08.666] runtime error: Cannot execute null.archive().
[2018-08-15 17:07:08.666] 
[2018-08-15 17:07:08.666] runtime error: Cannot read null.gases
[2018-08-15 17:07:08.666] 
[2018-08-15 17:07:08.666] runtime error: Cannot execute null.archive().
[2018-08-15 17:07:08.666] 
[2018-08-15 17:07:08.667] runtime error: Cannot read null.gases
[2018-08-15 17:07:08.667] 
[2018-08-15 17:07:08.667] runtime error: Cannot execute null.archive().
[2018-08-15 17:07:08.667] 
[2018-08-15 17:07:08.667] runtime error: Cannot read null.gases
[2018-08-15 17:07:08.667] 
[2018-08-15 17:07:08.667] runtime error: Cannot execute null.archive().
[2018-08-15 17:07:08.667] 
[2018-08-15 17:07:08.668] runtime error: Cannot read null.gases
[2018-08-15 17:07:08.668] 
[2018-08-15 17:07:08.668] runtime error: undefined variable /turf/closed/wall/mineral/plastitanium/interior/var/air
[2018-08-15 17:07:08.668] 
[2018-08-15 17:07:08.668] runtime error: undefined variable /turf/closed/wall/mineral/plastitanium/interior/var/air
[2018-08-15 17:07:08.668] 
[2018-08-15 17:07:08.669] runtime error: Cannot execute null.archive().
[2018-08-15 17:07:08.669] 
[2018-08-15 17:07:08.669] runtime error: Cannot read null.gases
[2018-08-15 17:07:08.669] 
[2018-08-15 17:07:08.980] runtime error: Cannot execute null.archive().
[2018-08-15 17:07:08.980] 
[2018-08-15 17:07:08.980] runtime error: Cannot read null.gases
[2018-08-15 17:07:08.980] 
[2018-08-15 17:07:08.981] runtime error: Cannot execute null.archive().
[2018-08-15 17:07:08.981] 
[2018-08-15 17:07:08.981] runtime error: Cannot read null.gases
[2018-08-15 17:07:08.981] 
[2018-08-15 17:07:08.981] runtime error: Cannot execute null.archive().
[2018-08-15 17:07:08.981] 
[2018-08-15 17:07:08.982] runtime error: Cannot read null.gases
[2018-08-15 17:07:08.982] 
[2018-08-15 17:07:08.982] runtime error: Cannot execute null.archive().
[2018-08-15 17:07:08.982] 
[2018-08-15 17:07:08.982] runtime error: Cannot read null.gases
[2018-08-15 17:07:08.982] 
[2018-08-15 17:07:08.983] runtime error: Cannot execute null.archive().
[2018-08-15 17:07:08.983] 
[2018-08-15 17:07:08.983] runtime error: Cannot read null.gases
[2018-08-15 17:07:08.983] 
[2018-08-15 17:07:08.983] runtime error: Cannot execute null.archive().
[2018-08-15 17:07:08.983] 
[2018-08-15 17:07:08.983] runtime error: Cannot read null.gases
[2018-08-15 17:07:08.983] 
[2018-08-15 17:07:09.379] runtime error: Cannot execute null.archive().
[2018-08-15 17:07:09.379] 
[2018-08-15 17:07:09.380] runtime error: Cannot read null.gases
[2018-08-15 17:07:09.380] 
[2018-08-15 17:07:09.380] runtime error: Cannot execute null.archive().
[2018-08-15 17:07:09.380] 
[2018-08-15 17:07:09.380] runtime error: Cannot read null.gases
[2018-08-15 17:07:09.380] 
[2018-08-15 17:07:09.381] runtime error: Cannot execute null.archive().
[2018-08-15 17:07:09.381] 
[2018-08-15 17:07:09.381] runtime error: Cannot read null.gases
[2018-08-15 17:07:09.381] 
[2018-08-15 17:07:09.381] runtime error: Cannot execute null.archive().
[2018-08-15 17:07:09.381] 
[2018-08-15 17:07:09.381] runtime error: Cannot read null.gases
[2018-08-15 17:07:09.381] 
[2018-08-15 17:07:09.382] runtime error: Cannot execute null.archive().
[2018-08-15 17:07:09.382] 
[2018-08-15 17:07:09.382] runtime error: Cannot read null.gases
[2018-08-15 17:07:09.382] 
[2018-08-15 17:07:09.382] runtime error: Cannot execute null.archive().
[2018-08-15 17:07:09.382] 
[2018-08-15 17:07:09.383] runtime error: Cannot read null.gases
[2018-08-15 17:07:09.383] 
[2018-08-15 17:07:09.383] runtime error: Cannot execute null.archive().
[2018-08-15 17:07:09.383] 
[2018-08-15 17:07:09.384] runtime error: Cannot read null.gases
[2018-08-15 17:07:09.384] 
[2018-08-15 17:07:12.618] Map warning: Shuttle Template _maps/shuttles/emergency_raven.dmm has multiple mobile docking ports.
[2018-08-15 17:07:12.618] Map warning: Shuttle Template _maps/shuttles/emergency_raven.dmm has multiple mobile docking ports.
[2018-08-15 17:07:13.954] runtime error: Cannot read null.gases
[2018-08-15 17:07:13.954] 
[2018-08-15 17:07:13.955] runtime error: Cannot read null.gases
[2018-08-15 17:07:13.955] 
[2018-08-15 17:07:13.963] runtime error: Cannot read null.gases
[2018-08-15 17:07:13.963] 
[2018-08-15 17:07:13.964] runtime error: Cannot read null.gases
[2018-08-15 17:07:13.964] 
[2018-08-15 17:07:13.966] runtime error: Cannot read null.gases
[2018-08-15 17:07:13.966] 
[2018-08-15 17:07:13.967] runtime error: Cannot read null.gases
[2018-08-15 17:07:13.967] 
[2018-08-15 17:07:13.975] runtime error: Cannot read null.gases
[2018-08-15 17:07:13.975] 
[2018-08-15 17:07:13.976] runtime error: Cannot read null.gases
[2018-08-15 17:07:13.976] 
[2018-08-15 17:07:13.980] runtime error: Cannot read null.gases
[2018-08-15 17:07:13.980] 
[2018-08-15 17:07:13.981] runtime error: Cannot read null.gases
[2018-08-15 17:07:13.981] 
[2018-08-15 17:07:13.987] runtime error: Cannot read null.gases
[2018-08-15 17:07:13.987] 
[2018-08-15 17:07:13.987] runtime error: Cannot read null.gases
[2018-08-15 17:07:13.987] 
[2018-08-15 17:07:13.994] runtime error: Cannot read null.gases
[2018-08-15 17:07:13.994] 
[2018-08-15 17:07:13.995] runtime error: Cannot read null.gases
[2018-08-15 17:07:13.995] 
[2018-08-15 17:07:14.001] runtime error: Cannot read null.gases
[2018-08-15 17:07:14.001] 
[2018-08-15 17:07:14.002] runtime error: Cannot read null.gases
[2018-08-15 17:07:14.002] 
[2018-08-15 17:07:14.009] runtime error: Cannot read null.gases
[2018-08-15 17:07:14.010] 
[2018-08-15 17:07:14.010] runtime error: Cannot read null.gases
[2018-08-15 17:07:14.010] 
[2018-08-15 17:07:14.012] runtime error: Cannot read null.gases
[2018-08-15 17:07:14.012] 
[2018-08-15 17:07:14.013] runtime error: Cannot read null.gases
[2018-08-15 17:07:14.013] 
[2018-08-15 17:07:14.020] runtime error: Cannot read null.gases
[2018-08-15 17:07:14.020] 
[2018-08-15 17:07:14.021] runtime error: Cannot read null.gases
[2018-08-15 17:07:14.021] 
[2018-08-15 17:07:14.024] runtime error: Cannot read null.gases
[2018-08-15 17:07:14.024] 
[2018-08-15 17:07:14.025] runtime error: Cannot read null.gases
[2018-08-15 17:07:14.025] 
[2018-08-15 17:07:14.029] runtime error: Cannot read null.gases
[2018-08-15 17:07:14.029] 
[2018-08-15 17:07:14.030] runtime error: Cannot read null.gases
[2018-08-15 17:07:14.030] 
[2018-08-15 17:07:14.032] runtime error: Cannot read null.gases
[2018-08-15 17:07:14.032] 
[2018-08-15 17:07:14.032] runtime error: Cannot read null.gases
[2018-08-15 17:07:14.032] 
[2018-08-15 17:07:14.034] runtime error: Cannot read null.gases
[2018-08-15 17:07:14.034] 
[2018-08-15 17:07:14.035] runtime error: Cannot read null.gases
[2018-08-15 17:07:14.035] 
[2018-08-15 17:07:14.036] runtime error: Cannot read null.gases
[2018-08-15 17:07:14.036] 
[2018-08-15 17:07:14.037] runtime error: Cannot read null.gases
[2018-08-15 17:07:14.037] 
[2018-08-15 17:07:14.039] runtime error: Cannot read null.gases
[2018-08-15 17:07:14.039] 
[2018-08-15 17:07:14.039] runtime error: Cannot read null.gases
[2018-08-15 17:07:14.039] 
[2018-08-15 17:07:14.041] runtime error: Cannot read null.gases
[2018-08-15 17:07:14.041] 
[2018-08-15 17:07:14.042] runtime error: Cannot read null.gases
[2018-08-15 17:07:14.042] 
[2018-08-15 17:07:14.048] runtime error: Cannot read null.gases
[2018-08-15 17:07:14.048] 
[2018-08-15 17:07:14.048] runtime error: Cannot read null.gases
[2018-08-15 17:07:14.049] 
[2018-08-15 17:07:14.054] runtime error: Cannot read null.gases
[2018-08-15 17:07:14.054] 
[2018-08-15 17:07:14.055] runtime error: Cannot read null.gases
[2018-08-15 17:07:14.055] 
[2018-08-15 17:07:14.075] runtime error: Cannot read null.gases
[2018-08-15 17:07:14.075] 
[2018-08-15 17:07:14.076] runtime error: Cannot read null.gases
[2018-08-15 17:07:14.076] 
[2018-08-15 17:07:14.083] runtime error: Cannot read null.gases
[2018-08-15 17:07:14.083] 
[2018-08-15 17:07:14.084] runtime error: Cannot read null.gases
[2018-08-15 17:07:14.084] 
[2018-08-15 17:07:14.091] runtime error: Cannot read null.gases
[2018-08-15 17:07:14.091] 
[2018-08-15 17:07:14.092] runtime error: Cannot read null.gases
[2018-08-15 17:07:14.092] 
[2018-08-15 17:07:14.094] runtime error: Cannot read null.gases
[2018-08-15 17:07:14.094] 
[2018-08-15 17:07:14.094] runtime error: Cannot read null.gases
[2018-08-15 17:07:14.094] 
[2018-08-15 17:07:14.097] runtime error: Cannot read null.gases
[2018-08-15 17:07:14.097] 
[2018-08-15 17:07:14.098] runtime error: Cannot read null.gases
[2018-08-15 17:07:14.098] 
[2018-08-15 17:07:14.101] runtime error: Cannot read null.gases
[2018-08-15 17:07:14.101] 
[2018-08-15 17:07:15.822] ## WARNING: load_template(): Shuttle Template _maps/shuttles/emergency_raven.dmm has no mobile docking port. Aborting import. in code/modules/shuttle/manipulator.dm at line 285 src: the shuttle manipulator usr: Does-The-Gimmick.
[2018-08-15 17:07:15.823] runtime error: No dock found for preview shuttle (CentCom Raven Battlecruiser), aborting.
[2018-08-15 17:07:15.823] 
[2018-08-15 17:07:19.861] runtime error: Cannot modify null.icon_state.
[2018-08-15 17:07:19.861] 
[2018-08-15 17:07:21.849] runtime error: Cannot modify null.icon_state.
[2018-08-15 17:07:21.849] 
[2018-08-15 17:07:23.853] runtime error: Cannot modify null.icon_state.
[2018-08-15 17:07:23.853] 
[2018-08-15 17:07:25.852] runtime error: Cannot modify null.icon_state.
[2018-08-15 17:07:25.853] 
[2018-08-15 17:07:27.850] runtime error: Cannot modify null.icon_state.
[2018-08-15 17:07:27.850] 
[2018-08-15 17:07:29.900] runtime error: Cannot modify null.icon_state.
[2018-08-15 17:07:29.900] 
[2018-08-15 17:07:33.574] runtime error: Cannot modify null.icon_state.
[2018-08-15 17:07:33.574] 
[2018-08-15 17:07:33.852] runtime error: Cannot modify null.icon_state.
[2018-08-15 17:07:33.852] 
[2018-08-15 17:07:42.752] runtime error: Cannot modify null.icon_state.
[2018-08-15 17:07:42.753] 
[2018-08-15 17:08:04.427] runtime error: Cannot modify null.icon_state.
[2018-08-15 17:08:04.427] 
[2018-08-15 17:08:38.783] runtime error: Cannot modify null.icon_state.
[2018-08-15 17:08:38.783] 
[2018-08-15 17:08:38.783] runtime error: Cannot modify null.icon_state.
[2018-08-15 17:08:38.783] 
[2018-08-15 17:09:31.987] runtime error: Cannot modify null.icon_state.
[2018-08-15 17:09:31.987] 
[2018-08-15 17:11:29.857] runtime error: Cannot modify null.icon_state.
[2018-08-15 17:11:29.857] 
[2018-08-15 17:11:31.855] runtime error: Cannot modify null.icon_state.
[2018-08-15 17:11:31.855] 
[2018-08-15 17:12:07.325] runtime error: Cannot modify null.icon_state.
[2018-08-15 17:12:07.325] 
[2018-08-15 17:14:12.903] Saved 24 engraved messages on map Box Station
[2018-08-15 17:14:38.186] runtime error: Cannot modify null.icon_state.
[2018-08-15 17:14:38.186] 
[2018-08-15 17:14:38.938] runtime error: Cannot modify null.icon_state.
[2018-08-15 17:14:38.938] 
[2018-08-15 17:14:40.687] runtime error: Cannot modify null.icon_state.
[2018-08-15 17:14:40.687] 
[2018-08-15 17:15:11.248] runtime error: Cannot modify null.icon_state.
[2018-08-15 17:15:11.248] 
[2018-08-15 17:15:47.913] Shutting down Persistence subsystem...
[2018-08-15 17:15:47.913] Shutting down Pathfinder subsystem...
[2018-08-15 17:15:47.913] Shutting down Squeak subsystem...
[2018-08-15 17:15:47.913] Shutting down Shuttle subsystem...
[2018-08-15 17:15:47.914] Shutting down Lighting subsystem...
[2018-08-15 17:15:47.914] Shutting down XKeyScore subsystem...
[2018-08-15 17:15:47.914] Shutting down Sticky Ban subsystem...
[2018-08-15 17:15:47.914] Shutting down Overlay subsystem...
[2018-08-15 17:15:47.953] Shutting down Icon Smoothing subsystem...
[2018-08-15 17:15:47.953] Shutting down Assets subsystem...
[2018-08-15 17:15:47.953] Shutting down Minimap subsystem...
[2018-08-15 17:15:47.953] Shutting down Atmospherics subsystem...
[2018-08-15 17:15:47.953] Shutting down Wet floors subsystem...
[2018-08-15 17:15:47.953] Shutting down Weather subsystem...
[2018-08-15 17:15:47.953] Shutting down Vote subsystem...
[2018-08-15 17:15:47.953] Shutting down Traumas subsystem...
[2018-08-15 17:15:47.953] Shutting down Title Screen subsystem...
[2018-08-15 17:15:47.954] Shutting down Time Tracking subsystem...
[2018-08-15 17:15:47.954] Shutting down Throwing subsystem...
[2018-08-15 17:15:47.954] Shutting down tgui subsystem...
[2018-08-15 17:15:47.954] Shutting down Sun subsystem...
[2018-08-15 17:15:47.954] Shutting down Space Drift subsystem...
[2018-08-15 17:15:47.954] Shutting down Religion subsystem...
[2018-08-15 17:15:47.954] Shutting down Radio subsystem...
[2018-08-15 17:15:47.954] Shutting down Radiation subsystem...
[2018-08-15 17:15:47.955] Shutting down Projectiles subsystem...
[2018-08-15 17:15:47.955] Shutting down Processing subsystem...
[2018-08-15 17:15:47.955] Shutting down Ping subsystem...
[2018-08-15 17:15:47.955] Shutting down Parallax subsystem...
[2018-08-15 17:15:47.955] Shutting down pAI subsystem...
[2018-08-15 17:15:47.955] Shutting down Orbits subsystem...
[2018-08-15 17:15:47.955] Shutting down Objects subsystem...
[2018-08-15 17:15:47.955] Shutting down NPC Pool subsystem...
[2018-08-15 17:15:47.956] Shutting down Night Shift subsystem...
[2018-08-15 17:15:47.956] Shutting down Mood subsystem...
[2018-08-15 17:15:47.956] Shutting down Mobs subsystem...
[2018-08-15 17:15:47.956] Shutting down Medals subsystem...
[2018-08-15 17:15:47.956] Shutting down Idling NPC Pool subsystem...
[2018-08-15 17:15:47.956] Shutting down Fire Burning subsystem...
[2018-08-15 17:15:47.956] Shutting down Fields subsystem...
[2018-08-15 17:15:47.956] Shutting down Fast Processing subsystem...
[2018-08-15 17:15:47.956] Shutting down Disease subsystem...
[2018-08-15 17:15:47.956] Shutting down Datum Component System subsystem...
[2018-08-15 17:15:47.956] Shutting down Communications subsystem...
[2018-08-15 17:15:47.956] Shutting down Augury subsystem...
[2018-08-15 17:15:47.956] Shutting down Acid subsystem...
[2018-08-15 17:15:47.956] Shutting down Timer subsystem...
[2018-08-15 17:15:47.956] Shutting down Circuit subsystem...
[2018-08-15 17:15:47.956] Shutting down Machines subsystem...
[2018-08-15 17:15:47.956] Shutting down Language subsystem...
[2018-08-15 17:15:47.956] Shutting down Atoms subsystem...
[2018-08-15 17:15:47.957] Shutting down Networks subsystem...
[2018-08-15 17:15:47.957] Shutting down Mapping subsystem...
[2018-08-15 17:15:47.957] Shutting down Ticker subsystem...
[2018-08-15 17:15:48.240] Shutting down Quirks subsystem...
[2018-08-15 17:15:48.240] Shutting down Jobs subsystem...
[2018-08-15 17:15:48.240] Shutting down Events subsystem...
[2018-08-15 17:15:48.240] Shutting down Research subsystem...
[2018-08-15 17:15:48.240] Shutting down Input subsystem...
[2018-08-15 17:15:48.241] Shutting down Server Tasks subsystem...
[2018-08-15 17:15:48.241] Shutting down Blackbox subsystem...
[2018-08-15 17:15:48.506] Shutting down Database subsystem...
[2018-08-15 17:15:48.544] Shutting down Garbage subsystem...
[2018-08-15 17:15:48.604] Shutdown complete
[2018-08-15 17:15:48.604] World rebooted at 17:15:48
