

Starting up round ID 2. 10:03:45
---------------------
[10:03:45]GAME: Round ID: 2
[10:03:45]ADMIN: Loading Banlist
[10:03:45]ACCESS: Login: Beeskee from 98.183.197.146-2625159807 || BYOND v511
[10:03:45]ACCESS: Mob Login: Beeskee/(Beeskee) was assigned to a /mob/dead/new_player
[10:03:46]GAME: Saved mode is 'extended'
[10:03:58]GAME: Hierophant's Arena loaded at at 130,176,5
[10:03:58]GAME: Ruined Pizza Party loaded at at 212,43,5
[10:03:58]GAME: Ripley loaded at at 166,155,5
[10:03:58]GAME: Makeshift Shelter loaded at at 153,201,5
[10:03:58]GAME: Seed Vault loaded at at 189,172,5
[10:03:58]GAME: UFO Crash loaded at at 109,130,5
[10:03:58]GAME: Fountain Hall loaded at at 36,140,5
[10:03:58]GAME: Survival Capsule Ruins loaded at at 180,139,5
[10:03:58]GAME: Biodome Clown Planet loaded at at 157,24,5
[10:03:58]GAME: Ruin of Pride loaded at at 214,185,5
[10:03:58]GAME: A Giant Ball of Paper in Space loaded at at 137,98,8
[10:03:58]GAME: Derelict 6 loaded at at 108,143,11
[10:03:58]GAME: Asteroid 1 loaded at at 22,165,7
[10:03:59]GAME: Aesthetic Outpost loaded at at 193,210,10
[10:03:59]GAME: Salvation loaded at at 62,197,8
[10:03:59]GAME: Whiteship Dock loaded at at 188,23,8
[10:03:59]GAME: Derelict 1 loaded at at 123,103,10
[10:03:59]GAME: Feline-Human Combination Den loaded at at 68,36,8
[10:03:59]GAME: Asteroid 2 loaded at at 25,48,4
[10:03:59]GAME: Abandoned Teleporter loaded at at 56,56,3
[10:03:59]GAME: Survivalist Bunker loaded at at 182,177,11
[10:03:59]GAME: Detached Teleporter loaded at at 191,200,4
[10:03:59]GAME: Asteroid 5 loaded at at 138,41,10
[10:03:59]GAME: Waylaid Buses loaded at at 81,140,4
[10:03:59]GAME: Asteroid 3 loaded at at 60,63,9
[10:05:24]GAME: fancy transport ferry loaded at at 115,146,1
[10:05:25]GAME: Omegastation Emergency Shuttle loaded at at 116,139,1
[10:05:25]GAME: basic syndicate infiltrator loaded at at 113,137,1
[10:05:26]GAME: cargo ferry (Delta) loaded at at 118,142,1
[10:05:26]GAME: arrival shuttle (Delta) loaded at at 117,140,1
[10:05:27]GAME: mining shuttle (Delta) loaded at at 119,145,1
[10:05:27]GAME: NT Medical Ship loaded at at 104,137,1
[10:06:01]ACCESS: Logout: Beeskee/(Beeskee)
[10:08:32]ACCESS: Login: Frontline03 from 2.25.184.225-683448852 || BYOND v511
[10:08:32]ACCESS: Mob Login: Frontline03/(Frontline03) was assigned to a /mob/dead/new_player
[10:08:57]EMOTE: *no key*/(Lizard) : <b>Lizard</b> stops moving... (88,151,4)
[10:08:58]SAY: Prison Ofitser/ : Engaging patrol mode. (23,36,5)
[10:08:58]SAY: Prison Ofitser/ : Disengaging patrol mode. (23,36,5)
[10:08:59]SAY: Mjor the Creative/ : Rise, my creations! Jump off your pages and into this realm! (170,112,8)
[10:09:06]EMOTE: *no key*/(grey baby slime (334)) : <b>The grey baby slime (334)</b> bounces in place. (171,113,2)
[10:09:12]SAY: Mjor the Creative/ : Rise, my creations! Jump off your pages and into this realm! (170,112,8)
[10:09:13]SAY: mouse/ : Squeek! (143,122,2)
[10:09:17]SAY: chicken/ : Bwaak bwak. (157,138,2)
[10:09:20]EMOTE: *no key*/(space cat) : <b>The space cat</b> sits down. (76,54,8)
[10:09:21]EMOTE: *no key*/(mouse) : <b>The mouse</b> shakes. (143,123,2)
[10:09:25]SAY: mouse/ : SQUEEK! (143,122,2)
[10:09:27]SAY: chicken/ : BWAAAAARK BWAK BWAK BWAK! (157,137,2)
[10:09:29]EMOTE: *no key*/(Clown) : <b>Clown</b> honks (176,54,5)
[10:09:41]SAY: Clown/ : Welcome to clown planet! (178,54,5)
[10:09:55]SAY: space cat/ : HSSSSS (76,54,8)
[10:09:56]EMOTE: *no key*/(space cat) : <b>The space cat</b> walks around. (76,54,8)
[10:10:00]EMOTE: *no key*/(space cat) : <b>The space cat</b> wags its tail. (76,54,8)
[10:10:08]EMOTE: *no key*/(space cat) : <b>The space cat</b> crouches on its hind legs. (76,54,8)
[10:10:13]SAY: Nobody's Perfect/ : What kind of medbay is this? Everyone&#39;s dropping like flies. (24,75,1)
[10:10:14]SAY: Mjor the Creative/ : Rise, my creations! Jump off your pages and into this realm! (170,112,8)
[10:10:16]EMOTE: *no key*/(grey baby slime (334)) : <b>The grey baby slime (334)</b> lights up for a bit, then stops. (170,112,2)
[10:10:16]EMOTE: *no key*/(butterfly) : <b>The butterfly</b> stops moving... (39,139,5)
[10:10:40]SAY: cow/ : moo? (157,138,2)
[10:10:50]SAY: mouse/ : Squeek! (153,155,2)
[10:11:06]SAY: mouse/ : Squeek? (131,121,2)
[10:11:08]SAY: mouse/ : SQUEEK! (131,121,2)
[10:11:08]EMOTE: *no key*/(cow) : <b>The cow</b> shakes its head. (157,138,2)
[10:11:55]SAY: grey baby slime (334)/ : Blorble... (171,114,2)
[10:12:05]EMOTE: *no key*/(space cat) : <b>The space cat</b> looks alert. (76,54,8)
[10:12:08]EMOTE: *no key*/(cow) : <b>The cow</b> brays. (157,138,2)
[10:12:15]EMOTE: *no key*/(Ian) : <b>Ian</b> chases its tail! (171,172,2)
[10:12:16]SAY: mouse/ : Squeek! (183,116,2)
[10:12:22]SAY: Medibot/ : What kind of medbay is this? Everyone&#39;s dropping like flies. (154,73,1)
[10:12:24]SAY: emergency medibot/ : Radar, put a mask on! (210,76,1)
[10:12:27]EMOTE: *no key*/(space cat) : <b>The space cat</b> sits down. (76,54,8)
[10:12:38]SAY: emergency medibot/ : There&#39;s always a catch, and I&#39;m the best there is. (210,76,1)
[10:12:50]EMOTE: *no key*/(mouse) : <b>The mouse</b> squeeks. (180,131,2)
[10:12:52]SAY: mouse/ : Squeek? (156,158,2)
[10:12:56]EMOTE: *no key*/(mouse) : <b>The mouse</b> runs in a circle. (180,131,2)
[10:13:00]SAY: mouse/ : Squeek! (180,131,2)
[10:13:02]SAY: Nobody's Perfect/ : What kind of medbay is this? Everyone&#39;s dropping like flies. (24,75,1)
[10:13:06]EMOTE: *no key*/(chicken) : <b>The chicken</b> clucks. (158,138,2)
[10:13:32]SAY: Medibot/ : There&#39;s always a catch, and I&#39;m the best there is. (155,73,1)
[10:13:48]SAY: mouse/ : SQUEEK! (148,170,2)
[10:14:00]SAY: mouse/ : Squeek? (151,158,2)
[10:14:12]SAY: Ian/ : YAP (171,173,2)
[10:14:30]EMOTE: *no key*/(mouse) : <b>The mouse</b> squeeks. (153,143,2)
[10:14:37]EMOTE: *no key*/(grey baby slime (334)) : <b>The grey baby slime (334)</b> lights up for a bit, then stops. (171,114,2)
[10:14:44]SAY: mouse/ : SQUEEK! (151,158,2)
[10:14:48]SAY: emergency medibot/ : I knew it, I should&#39;ve been a plastic surgeon. (210,76,1)
[10:14:52]SAY: mouse/ : SQUEEK! (178,131,2)
[10:14:57]SAY: mouse/ : Squeek! (148,171,2)
[10:15:03]GAME: Random Event triggering: Minor Space Dust (/datum/round_event/space_dust)
[10:15:13]EMOTE: *no key*/(space cat) : <b>The space cat</b> walks around. (76,54,8)
[10:15:13]EMOTE: *no key*/(grey baby slime (334)) : <b>The grey baby slime (334)</b> jiggles! (171,114,2)
[10:15:20]SAY: Ian/ : Woof! (171,172,2)
[10:15:21]EMOTE: *no key*/(space cat) : <b>The space cat</b> stretches out for a belly rub. (76,53,8)
[10:15:25]EMOTE: *no key*/(space cat) : <b>The space cat</b> gets up and meows. (76,53,8)
[10:15:32]SAY: chicken/ : Bwaak bwak. (157,138,2)
[10:15:34]SAY: emergency medibot/ : Radar, put a mask on! (210,76,1)
[10:15:47]EMOTE: *no key*/(grey baby slime (21)) : <b>The grey baby slime (21)</b> lights up for a bit, then stops. (171,110,2)
[10:15:56]EMOTE: *no key*/(mouse) : <b>The mouse</b> squeeks. (148,169,2)
[10:15:57]EMOTE: *no key*/(space cat) : <b>The space cat</b> crouches on its hind legs. (76,52,8)
[10:15:58]SAY: Medibot/ : I knew it, I should&#39;ve been a plastic surgeon. (155,73,1)
[10:16:08]SAY: Medibot/ : I knew it, I should&#39;ve been a plastic surgeon. (154,73,1)
[10:16:22]EMOTE: *no key*/(Ian) : <b>Ian</b> shivers. (172,172,2)
[10:16:33]SAY: space cat/ : Meow! (76,52,8)
[10:16:35]SAY: cow/ : moo? (158,138,2)
[10:16:40]SAY: Medibot/ : Delicious! (155,73,1)
[10:16:49]SAY: Nobody's Perfect/ : I knew it, I should&#39;ve been a plastic surgeon. (24,75,1)
[10:16:50]ACCESS: Mob Login: Frontline03/(Isaac Riker) was assigned to a /mob/living/carbon/human
[10:16:52]EMOTE: *no key*/(space cat) : <b>The space cat</b> stops resting. (76,52,8)
[10:16:58]GAME: Z-TRACKING: Isaac Riker has somehow ended up in Z-level 2 despite being registered in Z-level 13.
[10:16:59]EMOTE: *no key*/(Ian) : <b>Ian</b> pants. (172,172,2)
[10:17:03]SAY: grey baby slime (21)/ : Lonely... (171,109,2)
[10:17:09]SAY: cow/ : MOOOOOO (158,137,2)
[10:17:56]SAY: chicken/ : BWAAAAARK BWAK BWAK BWAK! (157,137,2)
[10:17:58]SAY: cow/ : moo? (157,137,2)
[10:18:02]SAY: mouse/ : SQUEEK! (178,132,2)
[10:18:16]EMOTE: *no key*/(butterfly) : <b>The butterfly</b> stops moving... (41,139,5)
[10:18:30]SAY: space cat/ : HSSSSS (75,52,8)
[10:18:31]ACCESS: Logout: Frontline03/(Isaac Riker)
[15:02:03]SAY: Medibot/ : Radar, put a mask on! (154,73,1)
[15:02:05]SAY: Ian/ : Bark! (174,172,2)
[15:02:25]EMOTE: *no key*/(Ian) : <b>Ian</b> chases its tail! (174,172,2)
[15:02:27]EMOTE: *no key*/(cow) : <b>The cow</b> brays. (157,138,2)
[15:02:32]ACCESS: Login: Random_User237 from 85.140.5.55-2360384254 || BYOND v511
[15:02:32]ACCESS: Mob Login: Random_User237/(Random_User237) was assigned to a /mob/dead/new_player
[15:02:35]SAY: chicken/ : Bwaak bwak. (157,138,2)
[15:02:41]EMOTE: *no key*/(space cat) : <b>The space cat</b> stretches out for a belly rub. (77,52,8)
[15:02:43]ACCESS: Mob Login: Random_User237/(Evan Sheets) was assigned to a /mob/living/carbon/human
[15:02:53]EMOTE: *no key*/(space cat) : <b>The space cat</b> wags its tail. (77,52,8)
[15:03:13]SAY: mouse/ : Squeek? (148,172,2)
[15:03:25]ACCESS: Logout: Random_User237/(Evan Sheets)
[16:55:10]SAY: chicken/ : Cluck! (158,138,2)
[16:55:28]SAY: Medibot/ : Radar, put a mask on! (154,73,1)
[16:55:34]EMOTE: *no key*/(mouse) : <b>The mouse</b> runs in a circle. (148,172,2)
[16:55:39]ACCESS: Login: Mike the gamer from 64.237.232.6-4033813209 || BYOND v512
[16:55:39]ACCESS: Mob Login: Mike the gamer/(Mike the gamer) was assigned to a /mob/dead/new_player
[16:55:56]EMOTE: *no key*/(chicken) : <b>The chicken</b> pecks at the ground. (158,138,2)
[16:56:02]SAY: chicken/ : Cluck! (158,138,2)
[16:56:04]SAY: Medibot/ : There&#39;s always a catch, and I&#39;m the best there is. (155,73,1)
[16:56:06]SAY: Medibot/ : There&#39;s always a catch, and I&#39;m the best there is. (155,73,1)
[16:56:08]EMOTE: *no key*/(Ian) : <b>Ian</b> chases its tail! (175,171,2)
[16:56:13]SAY: chicken/ : Cluck! (157,138,2)
[16:56:32]EMOTE: *no key*/(space cat) : <b>The space cat</b> gets up and meows. (77,52,8)
[16:56:37]EMOTE: *no key*/(mouse) : <b>The mouse</b> runs in a circle. (132,121,2)
[16:56:37]EMOTE: *no key*/(mouse) : <b>The mouse</b> squeeks. (158,160,2)
[16:56:49]EMOTE: *no key*/(space cat) : <b>The space cat</b> grooms its fur. (78,52,8)
[16:56:57]EMOTE: *no key*/(space cat) : <b>The space cat</b> stretches out for a belly rub. (77,52,8)
[16:57:05]EMOTE: *no key*/(Ian) : <b>Ian</b> dances around. (175,172,2)
[16:57:07]SAY: mouse/ : Squeek! (134,121,2)
[16:57:15]GAME: Random Event triggering: Minor Space Dust (/datum/round_event/space_dust)
[16:57:15]SAY: mouse/ : SQUEEK! (140,124,2)
[16:57:34]SAY: grey baby slime (21)/ : Blorble... (171,109,2)
[16:57:34]EMOTE: *no key*/(chicken) : <b>The chicken</b> pecks at the ground. (157,137,2)
[16:57:43]SAY: Ian/ : AUUUUUU (174,172,2)
[16:57:49]SAY: Medibot/ : Radar, put a mask on! (154,73,1)
[16:57:55]EMOTE: *no key*/(mouse) : <b>The mouse</b> shakes. (141,124,2)
[16:58:13]EMOTE: *no key*/(mouse) : <b>The mouse</b> squeeks. (133,121,2)
[16:58:24]EMOTE: *no key*/(mouse) : <b>The mouse</b> runs in a circle. (159,161,2)
[16:58:33]SAY: mouse/ : Squeek? (153,146,2)
[16:58:36]EMOTE: *no key*/(grey baby slime (334)) : <b>The grey baby slime (334)</b> vibrates! (171,114,2)
[16:58:39]EMOTE: *no key*/(mouse) : <b>The mouse</b> shakes. (148,173,2)
[16:58:42]EMOTE: *no key*/(space cat) : <b>The space cat</b> looks alert. (77,52,8)
[16:58:46]ACCESS: Mob Login: Mike the gamer/(Owen Mildred) was assigned to a /mob/living/carbon/human
[16:59:01]SAY: mouse/ : Squeek! (159,160,2)
[16:59:02]EMOTE: *no key*/(space cat) : <b>The space cat</b> sits down. (77,52,8)
[16:59:03]EMOTE: *no key*/(Ian) : <b>Ian</b> woofs! (173,172,2)
[16:59:03]EMOTE: *no key*/(cow) : <b>The cow</b> shakes its head. (157,138,2)
[16:59:15]SAY: mouse/ : Squeek! (151,156,2)
[16:59:17]SAY: mouse/ : Squeek! (158,159,2)
[16:59:21]SAY: Medibot/ : I knew it, I should&#39;ve been a plastic surgeon. (154,73,1)
[16:59:32]EMOTE: *no key*/(space cat) : <b>The space cat</b> walks around. (77,52,8)
[16:59:43]EMOTE: *no key*/(butterfly) : <b>The butterfly</b> stops moving... (202,213,10)
[16:59:45]SAY: mouse/ : SQUEEK! (135,121,2)
[16:59:58]SAY: space cat/ : Purr! (75,51,8)
[17:00:00]SAY: Medibot/ : Radar, put a mask on! (154,73,1)
[17:00:01]EMOTE: *no key*/(space cat) : <b>The space cat</b> crouches on its hind legs. (75,51,8)
[17:00:04]SAY: Nobody's Perfect/ : I knew it, I should&#39;ve been a plastic surgeon. (24,75,1)
[17:00:08]EMOTE: *no key*/(chicken) : <b>The chicken</b> clucks. (157,138,2)
[17:00:10]SAY: Nobody's Perfect/ : Radar, put a mask on! (24,75,1)
[17:00:23]EMOTE: *no key*/(space cat) : <b>The space cat</b> stretches out for a belly rub. (75,51,8)
[17:00:41]EMOTE: *no key*/(chicken) : <b>The chicken</b> clucks. (157,138,2)
[17:00:51]SAY: Nobody's Perfect/ : There&#39;s always a catch, and I&#39;m the best there is. (24,75,1)
[17:00:53]EMOTE: *no key*/(chicken) : <b>The chicken</b> clucks. (158,138,2)
[17:01:15]EMOTE: *no key*/(Ian) : <b>Ian</b> pants. (172,172,2)
[17:01:19]EMOTE: *no key*/(space cat) : <b>The space cat</b> looks alert. (75,51,8)
[17:01:36]EMOTE: *no key*/(butterfly) : <b>The butterfly</b> stops moving... (40,138,5)
[17:01:49]EMOTE: *no key*/(mouse) : <b>The mouse</b> runs in a circle. (157,158,2)
[17:01:49]EMOTE: *no key*/(Ian) : <b>Ian</b> pants. (171,172,2)
[17:01:55]SAY: emergency medibot/ : What kind of medbay is this? Everyone&#39;s dropping like flies. (210,76,1)
[17:01:55]SAY: Nobody's Perfect/ : I knew it, I should&#39;ve been a plastic surgeon. (24,75,1)
[17:01:57]EMOTE: *no key*/(mouse) : <b>The mouse</b> squeeks. (148,169,2)
[17:01:57]EMOTE: *no key*/(space cat) : <b>The space cat</b> gets up and meows. (75,51,8)
[17:02:25]EMOTE: *no key*/(Ian) : <b>Ian</b> dances around. (171,173,2)
[17:02:26]GAME: Random Event triggering: Minor Space Dust (/datum/round_event/space_dust)
[17:02:39]SAY: space cat/ : Meow! (78,51,8)
[17:02:43]EMOTE: *no key*/(space cat) : <b>The space cat</b> shivers. (78,51,8)
[17:02:57]SAY: chicken/ : Cluck! (158,138,2)
[17:02:57]EMOTE: *no key*/(grey baby slime (21)) : <b>The grey baby slime (21)</b> bounces in place. (170,109,2)
[17:03:03]EMOTE: *no key*/(Ian) : <b>Ian</b> dances around. (172,173,2)
[17:03:11]SAY: emergency medibot/ : Radar, put a mask on! (210,76,1)
[17:03:11]EMOTE: *no key*/(butterfly) : <b>The butterfly</b> stops moving... (39,139,5)
[17:03:23]EMOTE: *no key*/(Ian) : <b>Ian</b> shakes its head. (172,173,2)
[17:03:25]EMOTE: *no key*/(Ian) : <b>Ian</b> chases its tail! (172,173,2)
[17:03:43]SAY: space cat/ : Purr! (76,51,8)
[17:03:45]SAY: mouse/ : Squeek! (139,124,2)
[17:03:45]EMOTE: *no key*/(Ian) : <b>Ian</b> dances around. (172,173,2)
[17:03:51]EMOTE: *no key*/(space cat) : <b>The space cat</b> stretches out for a belly rub. (76,51,8)
[17:04:05]EMOTE: *no key*/(chicken) : <b>The chicken</b> pecks at the ground. (157,138,2)
[17:04:09]SAY: Medibot/ : Delicious! (155,73,1)
[17:04:09]EMOTE: *no key*/(Ian) : <b>Ian</b> chases its tail. (172,173,2)
[17:04:29]SAY: chicken/ : Cluck! (158,138,2)
[17:04:39]SAY: Medibot/ : Radar, put a mask on! (155,73,1)
[17:04:49]SAY: mouse/ : Squeek! (153,149,2)
[17:04:52]SAY: grey baby slime (21)/ : Blorble... (170,110,2)
[17:04:56]EMOTE: *no key*/(space cat) : <b>The space cat</b> crouches on its hind legs. (76,51,8)
[17:04:59]SAY: emergency medibot/ : There&#39;s always a catch, and I&#39;m the best there is. (210,76,1)
[17:05:10]EMOTE: *no key*/(grey baby slime (334)) : <b>The grey baby slime (334)</b> vibrates! (170,112,2)
[17:05:23]EMOTE: *no key*/(Ian) : <b>Ian</b> barks! (171,173,2)
[17:05:23]EMOTE: *no key*/(chicken) : <b>The chicken</b> clucks. (158,137,2)
[17:05:45]SAY: Medibot/ : What kind of medbay is this? Everyone&#39;s dropping like flies. (155,73,1)
[17:05:59]EMOTE: *no key*/(mouse) : <b>The mouse</b> shakes. (148,171,2)
[17:06:15]EMOTE: *no key*/(mouse) : <b>The mouse</b> squeeks. (148,170,2)
[17:06:15]SAY: emergency medibot/ : Delicious! (210,76,1)
[17:06:30]EMOTE: *no key*/(space cat) : <b>The space cat</b> stops resting. (76,51,8)
[17:06:47]EMOTE: *no key*/(mouse) : <b>The mouse</b> squeeks. (153,154,2)
[17:06:51]EMOTE: *no key*/(cow) : <b>The cow</b> brays. (158,137,2)
[17:06:56]EMOTE: *no key*/(space cat) : <b>The space cat</b> crouches on its hind legs. (76,51,8)
[17:07:08]EMOTE: *no key*/(space cat) : <b>The space cat</b> wags its tail. (76,51,8)
[17:07:09]SAY: Medibot/ : There&#39;s always a catch, and I&#39;m the best there is. (155,73,1)
[17:07:13]SAY: emergency medibot/ : Radar, put a mask on! (210,76,1)
[17:07:22]EMOTE: *no key*/(space cat) : <b>The space cat</b> stretches out for a belly rub. (76,51,8)
[17:07:36]EMOTE: *no key*/(space cat) : <b>The space cat</b> walks around. (76,51,8)
[17:07:45]SAY: Nobody's Perfect/ : There&#39;s always a catch, and I&#39;m the best there is. (24,75,1)
[17:07:48]EMOTE: *no key*/(Ian) : <b>Ian</b> chases its tail! (172,173,2)
[17:07:51]EMOTE: *no key*/(mouse) : <b>The mouse</b> shakes. (151,155,2)
[17:07:51]SAY: Medibot/ : I knew it, I should&#39;ve been a plastic surgeon. (155,73,1)
[17:07:53]EMOTE: *no key*/(chicken) : <b>The chicken</b> clucks. (158,138,2)
[17:08:01]SAY: mouse/ : Squeek! (148,173,2)
[17:08:15]SAY: Nobody's Perfect/ : What kind of medbay is this? Everyone&#39;s dropping like flies. (24,75,1)
[17:08:25]EMOTE: *no key*/(Ian) : <b>Ian</b> yaps. (171,173,2)
[17:08:27]EMOTE: *no key*/(Ian) : <b>Ian</b> barks! (171,173,2)
[17:08:37]SAY: chicken/ : Cluck! (157,138,2)
[17:08:43]SAY: space cat/ : Esp! (75,51,8)
[17:08:57]EMOTE: *no key*/(butterfly) : <b>The butterfly</b> stops moving... (37,130,5)
[17:09:04]EMOTE: *no key*/(space cat) : <b>The space cat</b> looks alert. (76,51,8)
[17:09:08]EMOTE: *no key*/(space cat) : <b>The space cat</b> stops resting. (76,51,8)
[17:09:27]SAY: Ian/ : AUUUUUU (171,173,2)
[17:09:42]EMOTE: *no key*/(grey baby slime (334)) : <b>The grey baby slime (334)</b> lights up for a bit, then stops. (171,113,2)
[17:10:04]EMOTE: *no key*/(grey baby slime (334)) : <b>The grey baby slime (334)</b> jiggles! (170,113,2)
[17:10:12]GAME: Random Event triggering: False Alarm (/datum/round_event/falsealarm)
[17:10:34]EMOTE: *no key*/(space cat) : <b>The space cat</b> shakes out its coat. (75,51,8)
[17:11:19]EMOTE: *no key*/(cow) : <b>The cow</b> brays. (158,138,2)
[17:11:27]SAY: Nobody's Perfect/ : I knew it, I should&#39;ve been a plastic surgeon. (24,75,1)
[17:11:29]SAY: mouse/ : Squeek! (148,175,2)
[17:11:36]EMOTE: *no key*/(space cat) : <b>The space cat</b> lies down. (75,51,8)
[17:11:53]SAY: mouse/ : Squeek? (148,175,2)
[17:11:55]EMOTE: *no key*/(mouse) : <b>The mouse</b> runs in a circle. (148,175,2)
[17:12:22]EMOTE: *no key*/(space cat) : <b>The space cat</b> wags its tail. (75,51,8)
[17:12:37]EMOTE: *no key*/(space cat) : <b>The space cat</b> mews. (75,51,8)
[17:12:53]SAY: Nobody's Perfect/ : Radar, put a mask on! (24,75,1)
[17:12:57]SAY: Medibot/ : Delicious! (154,73,1)
[17:12:57]EMOTE: *no key*/(chicken) : <b>The chicken</b> flaps its wings viciously. (158,137,2)
[17:13:12]EMOTE: *no key*/(grey baby slime (334)) : <b>The grey baby slime (334)</b> vibrates! (170,113,2)
[17:13:24]EMOTE: *no key*/(space cat) : <b>The space cat</b> gets up and meows. (75,51,8)
[17:13:35]SAY: chicken/ : Cluck! (158,138,2)
[17:13:43]EMOTE: *no key*/(chicken) : <b>The chicken</b> clucks. (158,137,2)
[17:13:48]EMOTE: *no key*/(space cat) : <b>The space cat</b> sits down. (75,51,8)
[17:13:49]SAY: space cat/ : Esp! (75,51,8)
[17:13:51]EMOTE: *no key*/(Ian) : <b>Ian</b> pants. (171,173,2)
[17:13:54]EMOTE: *no key*/(space cat) : <b>The space cat</b> stops resting. (75,51,8)
[17:13:57]SAY: Ian/ : Bark! (171,173,2)
[17:13:58]EMOTE: *no key*/(space cat) : <b>The space cat</b> lies down. (75,51,8)
[17:14:13]SAY: emergency medibot/ : Radar, put a mask on! (210,76,1)
[17:14:35]SAY: chicken/ : BWAAAAARK BWAK BWAK BWAK! (157,138,2)
[17:14:39]SAY: mouse/ : Squeek? (143,117,2)
[17:14:39]EMOTE: *no key*/(Ian) : <b>Ian</b> woofs! (172,173,2)
[17:14:59]EMOTE: *no key*/(chicken) : <b>The chicken</b> flaps its wings viciously. (158,138,2)
[17:15:03]SAY: emergency medibot/ : What kind of medbay is this? Everyone&#39;s dropping like flies. (210,76,1)
[17:15:09]EMOTE: *no key*/(cow) : <b>The cow</b> shakes its head. (157,138,2)
[17:15:20]EMOTE: *no key*/(space cat) : <b>The space cat</b> stretches out for a belly rub. (75,51,8)
[17:15:35]EMOTE: *no key*/(Ian) : <b>Ian</b> shakes its head. (172,173,2)
[17:15:50]EMOTE: *no key*/(space cat) : <b>The space cat</b> stretches out for a belly rub. (75,51,8)
[17:15:51]EMOTE: *no key*/(chicken) : <b>The chicken</b> flaps its wings viciously. (158,137,2)
[17:16:28]EMOTE: *no key*/(grey baby slime (21)) : <b>The grey baby slime (21)</b> bounces in place. (171,110,2)
[17:16:35]SAY: mouse/ : SQUEEK! (152,143,2)
[17:16:39]SAY: emergency medibot/ : I knew it, I should&#39;ve been a plastic surgeon. (210,76,1)
[17:16:53]SAY: Ian/ : AUUUUUU (172,173,2)
[17:17:07]EMOTE: *no key*/(chicken) : <b>The chicken</b> clucks. (157,138,2)
[17:17:10]EMOTE: *no key*/(Ian) : <b>Ian</b> dances around. (172,173,2)
[17:17:11]EMOTE: *no key*/(chicken) : <b>The chicken</b> flaps its wings viciously. (157,138,2)
[17:17:15]EMOTE: *no key*/(space cat) : <b>The space cat</b> shivers. (75,51,8)
[17:17:20]EMOTE: *no key*/(space cat) : <b>The space cat</b> crouches on its hind legs. (75,51,8)
[17:17:38]EMOTE: *no key*/(Ian) : <b>Ian</b> chases its tail! (172,173,2)
[17:17:41]EMOTE: Mike the gamer/(Owen Mildred) : <b>Owen Mildred</b> wags her tail. (170,134,2)
[17:17:43]SAY: chicken/ : BWAAAAARK BWAK BWAK BWAK! (157,138,2)
[17:17:47]SAY: mouse/ : Squeek! (151,156,2)
[17:17:58]EMOTE: *no key*/(space cat) : <b>The space cat</b> wags its tail. (75,51,8)
[17:17:59]EMOTE: *no key*/(mouse) : <b>The mouse</b> squeeks. (147,143,2)
[17:18:26]EMOTE: *no key*/(butterfly) : <b>The butterfly</b> stops moving... (45,139,5)
[17:18:33]SAY: Medibot/ : I knew it, I should&#39;ve been a plastic surgeon. (155,73,1)
[17:18:33]EMOTE: *no key*/(chicken) : <b>The chicken</b> pecks at the ground. (158,138,2)
[17:18:44]EMOTE: *no key*/(grey baby slime (334)) : <b>The grey baby slime (334)</b> jiggles! (170,112,2)
[17:18:55]EMOTE: *no key*/(chicken) : <b>The chicken</b> clucks. (158,137,2)
[17:18:57]EMOTE: *no key*/(mouse) : <b>The mouse</b> runs in a circle. (146,142,2)
[17:19:03]ACCESS: Logout: Mike the gamer/(Owen Mildred)
[18:21:21]ACCESS: Login: Mike the gamer from 64.237.232.6-4033813209 || BYOND v512
[18:21:21]ACCESS: Mob Login: Mike the gamer/(Owen Mildred) was assigned to a /mob/living/carbon/human
[18:21:24]SAY: Nobody's Perfect/ : Delicious! (24,75,1)
[18:21:30]SAY: mouse/ : Squeek! (143,118,2)
[18:21:39]EMOTE: *no key*/(grey baby slime (334)) : <b>The grey baby slime (334)</b> vibrates! (170,112,2)
[18:21:44]SAY: mouse/ : Squeek! (147,142,2)
[18:21:53]EMOTE: *no key*/(space cat) : <b>The space cat</b> looks alert. (75,51,8)
[18:22:02]SAY: chicken/ : BWAAAAARK BWAK BWAK BWAK! (157,137,2)
[18:22:03]EMOTE: *no key*/(space cat) : <b>The space cat</b> gets up and meows. (75,51,8)
[18:22:04]EMOTE: *no key*/(butterfly) : <b>The butterfly</b> stops moving... (39,139,5)
[18:22:25]GAME: Random Event triggering: Communications Blackout (/datum/round_event/communications_blackout)
[18:22:31]WHISPER: Mike the gamer/(Owen Mildred) : agh (177,156,2)
[18:22:37]EMOTE: Mike the gamer/(Owen Mildred) : <b>Owen Mildred</b> seizes up and falls limp, her eyes dead and lifeless... (177,156,2)
[18:22:46]SAY: emergency medibot/ : I knew it, I should&#39;ve been a plastic surgeon. (210,76,1)
[18:23:27]EMOTE: Mike the gamer/(Owen Mildred) : <b>Owen Mildred</b> seizes up and falls limp, her eyes dead and lifeless... (169,167,2)
[18:23:32]SAY: chicken/ : Cluck! (158,137,2)
[18:23:33]EMOTE: *no key*/(space cat) : <b>The space cat</b> twitches its whiskers. (75,53,8)
[18:23:33]ACCESS: Mob Login: Mike the gamer/(Owen Mildred) was assigned to a /mob/dead/observer
[18:23:43]EMOTE: *no key*/(space cat) : <b>The space cat</b> stretches out for a belly rub. (75,52,8)
[18:23:48]SAY: chicken/ : Cluck! (157,137,2)
[18:24:06]SAY: mouse/ : Squeek! (143,120,2)
[18:24:30]EMOTE: *no key*/(chicken) : <b>The chicken</b> flaps its wings viciously. (157,137,2)
[18:24:38]SAY: chicken/ : Cluck! (157,138,2)
[18:24:50]EMOTE: *no key*/(cow) : <b>The cow</b> brays. (157,137,2)
[18:24:59]EMOTE: *no key*/(grey baby slime (334)) : <b>The grey baby slime (334)</b> jiggles! (171,114,2)
[18:25:02]SAY: chicken/ : Bwaak bwak. (158,138,2)
[18:25:03]EMOTE: *no key*/(grey baby slime (21)) : <b>The grey baby slime (21)</b> vibrates! (170,109,2)
[18:25:04]SAY: mouse/ : Squeek? (151,156,2)
[18:25:05]EMOTE: *no key*/(grey baby slime (21)) : <b>The grey baby slime (21)</b> lights up for a bit, then stops. (170,109,2)
[18:25:07]EMOTE: *no key*/(space cat) : <b>The space cat</b> gets up and meows. (75,52,8)
[18:25:20]EMOTE: *no key*/(mouse) : <b>The mouse</b> squeeks. (151,157,2)
[18:25:26]GAME: Random Event triggering: Minor Space Dust (/datum/round_event/space_dust)
[18:25:33]GAME: mikethegamer became a lifebringer
[18:25:33]ACCESS: Mob Login: mikethegamer/(a lifebringer) was assigned to a /mob/living/carbon/human
[18:25:38]SAY: Nobody's Perfect/ : Radar, put a mask on! (24,75,1)
[18:25:46]SAY: cow/ : moo? (157,138,2)
[18:26:26]EMOTE: *no key*/(mouse) : <b>The mouse</b> runs in a circle. (148,170,2)
[18:26:36]EMOTE: *no key*/(mouse) : <b>The mouse</b> shakes. (148,171,2)
[18:27:05]EMOTE: *no key*/(space cat) : <b>The space cat</b> crouches on its hind legs. (76,53,8)
[18:27:32]SAY: mouse/ : Squeek! (146,142,2)
[18:28:08]EMOTE: *no key*/(chicken) : <b>The chicken</b> clucks. (158,137,2)
[18:28:16]SAY: Medibot/ : What kind of medbay is this? Everyone&#39;s dropping like flies. (154,73,1)
[18:28:33]EMOTE: *no key*/(grey baby slime (334)) : <b>The grey baby slime (334)</b> vibrates! (171,113,2)
[18:28:40]EMOTE: *no key*/(mouse) : <b>The mouse</b> runs in a circle. (142,124,2)
[18:28:53]EMOTE: *no key*/(space cat) : <b>The space cat</b> gets up and meows. (76,53,8)
[18:28:56]EMOTE: *no key*/(space cat) : <b>The space cat</b> shakes its head. (76,53,8)
[18:28:58]SAY: space cat/ : Esp! (77,53,8)
[18:28:58]SAY: Nobody's Perfect/ : Radar, put a mask on! (24,75,1)
[18:29:13]EMOTE: *no key*/(mouse) : <b>The mouse</b> squeeks. (145,142,2)
[18:29:15]SAY: Medibot/ : Delicious! (154,73,1)
[18:29:29]SAY: mouse/ : Squeek! (148,170,2)
[18:29:35]SAY: mouse/ : SQUEEK! (145,142,2)
[18:29:41]EMOTE: *no key*/(space cat) : <b>The space cat</b> sits down. (75,52,8)
[18:29:45]EMOTE: *no key*/(space cat) : <b>The space cat</b> lies down. (75,52,8)
[18:29:51]EMOTE: *no key*/(space cat) : <b>The space cat</b> stops resting. (75,52,8)
[18:29:55]EMOTE: *no key*/(Ian) : <b>Ian</b> dances around. (171,173,2)
[18:30:09]SAY: Nobody's Perfect/ : Delicious! (24,75,1)
[18:30:47]SAY: mouse/ : Squeek! (143,142,2)
[18:30:57]SAY: Medibot/ : Delicious! (154,73,1)
[18:31:11]EMOTE: *no key*/(mouse) : <b>The mouse</b> squeeks. (151,157,2)
[18:31:15]EMOTE: mikethegamer/(Bloom) : <b>Bloom</b> gasps! (212,175,5)
[18:31:19]EMOTE: mikethegamer/(Bloom) : <b>Bloom</b> seizes up and falls limp, his eyes dead and lifeless... (212,175,5)
[18:31:19]ACCESS: Mob Login: mikethegamer/(Bloom) was assigned to a /mob/living/brain
[18:31:23]ACCESS: Mob Login: mikethegamer/(Bloom) was assigned to a /mob/dead/observer
[18:31:27]EMOTE: *no key*/(grey baby slime (21)) : <b>The grey baby slime (21)</b> bounces in place. (171,110,2)
[18:31:27]EMOTE: *no key*/(Ian) : <b>Ian</b> dances around. (172,172,2)
[18:31:33]EMOTE: *no key*/(grey baby slime (21)) : <b>The grey baby slime (21)</b> bounces in place. (171,109,2)
[18:31:35]SAY: mouse/ : Squeek? (143,142,2)
[18:31:39]EMOTE: *no key*/(space cat) : <b>The space cat</b> sits down. (77,53,8)
[18:31:41]SAY: Nobody's Perfect/ : What kind of medbay is this? Everyone&#39;s dropping like flies. (24,75,1)
[18:31:51]SAY: emergency medibot/ : What kind of medbay is this? Everyone&#39;s dropping like flies. (210,76,1)
[18:32:03]SAY: cow/ : moo? (158,138,2)
[18:32:07]SAY: Ian/ : Bark! (172,173,2)
[18:32:09]SAY: mouse/ : SQUEEK! (148,173,2)
[18:32:25]EMOTE: *no key*/(space cat) : <b>The space cat</b> walks around. (77,53,8)
[18:32:25]SAY: Nobody's Perfect/ : Radar, put a mask on! (24,75,1)
[18:32:43]SAY: chicken/ : Cluck! (158,138,2)
[18:33:03]SAY: mouse/ : Squeek! (151,157,2)
[18:33:07]EMOTE: *no key*/(grey baby slime (21)) : <b>The grey baby slime (21)</b> jiggles! (171,110,2)
[18:33:07]EMOTE: *no key*/(grey baby slime (334)) : <b>The grey baby slime (334)</b> vibrates! (170,113,2)
[18:33:09]SAY: space cat/ : Meow! (77,52,8)
[18:33:15]SAY: chicken/ : Bwaak bwak. (157,137,2)
[18:33:23]SAY: grey baby slime (21)/ : Rawr... (170,109,2)
[18:33:27]SAY: Medibot/ : There&#39;s always a catch, and I&#39;m the best there is. (154,73,1)
[18:33:40]SAY: grey baby slime (334)/ : Hungry... (170,112,2)
[18:33:42]EMOTE: *no key*/(grey baby slime (334)) : <b>The grey baby slime (334)</b> vibrates! (170,113,2)
[18:33:44]GAME: Random Event triggering: Communications Blackout (/datum/round_event/communications_blackout)
[18:33:58]SAY: mouse/ : SQUEEK! (145,142,2)
[18:34:04]EMOTE: *no key*/(cow) : <b>The cow</b> brays. (158,138,2)
[18:34:22]GAME: mikethegamer became a lifebringer
[18:34:22]ACCESS: Mob Login: mikethegamer/(a lifebringer) was assigned to a /mob/living/carbon/human
[18:34:28]SAY: grey baby slime (334)/ : Hungry... (171,113,2)
[18:34:30]EMOTE: mikethegamer/(Oak) : <b>Oak</b> gasps! (212,181,5)
[18:34:42]EMOTE: mikethegamer/(Oak) : <b>Oak</b> gasps! (213,180,5)
[18:34:52]EMOTE: mikethegamer/(Oak) : <b>Oak</b> gasps! (221,167,5)
[18:34:52]SAY: cow/ : MOOOOOO (157,138,2)
[18:34:56]EMOTE: mikethegamer/(Oak) : <b>Oak</b> gasps! (222,163,5)
[18:35:04]EMOTE: mikethegamer/(Oak) : <b>Oak</b> gasps! (220,158,5)
[18:35:08]EMOTE: mikethegamer/(Oak) : <b>Oak</b> seizes up and falls limp, his eyes dead and lifeless... (220,158,5)
[18:35:11]ACCESS: Mob Login: mikethegamer/(Oak) was assigned to a /mob/dead/observer
[18:35:16]EMOTE: *no key*/(Ian) : <b>Ian</b> chases its tail! (171,173,2)
[18:35:34]EMOTE: *no key*/(Ian) : <b>Ian</b> barks! (171,172,2)
[18:35:52]GAME: mikethegamer became a stranded hermit
[18:35:52]ACCESS: Mob Login: mikethegamer/(Nelson Woodworth) was assigned to a /mob/living/carbon/human
[18:36:00]EMOTE: *no key*/(Ian) : <b>Ian</b> pants. (172,172,2)
[18:36:24]SAY: Medibot/ : I knew it, I should&#39;ve been a plastic surgeon. (154,73,1)
[18:37:02]EMOTE: mikethegamer/(Nelson Woodworth) : <b>Unknown</b> gasps! (161,202,5)
[18:37:20]SAY: Medibot/ : What kind of medbay is this? Everyone&#39;s dropping like flies. (154,73,1)
[18:37:57]EMOTE: *no key*/(space cat) : <b>The space cat</b> grooms its fur. (78,52,8)
[18:37:59]SAY: grey baby slime (21)/ : Lonely... (170,109,2)
[18:38:43]SAY: Nobody's Perfect/ : There&#39;s always a catch, and I&#39;m the best there is. (24,75,1)
[18:38:59]SAY: emergency medibot/ : Radar, put a mask on! (210,76,1)
[18:39:06]GAME: Random Event triggering: Anomaly: Pyroclastic (/datum/round_event/anomaly/anomaly_pyro)
[18:39:07]EMOTE: *no key*/(Ian) : <b>Ian</b> dances around. (172,173,2)
[18:39:13]SAY: Medibot/ : There&#39;s always a catch, and I&#39;m the best there is. (155,73,1)
[18:39:19]SAY: mouse/ : SQUEEK! (151,155,2)
[18:39:25]EMOTE: *no key*/(mouse) : <b>The mouse</b> squeeks. (151,155,2)
[18:39:27]EMOTE: *no key*/(space cat) : <b>The space cat</b> lies down. (76,51,8)
[18:39:55]SAY: Medibot/ : I knew it, I should&#39;ve been a plastic surgeon. (154,73,1)
[18:40:03]SAY: Nobody's Perfect/ : Delicious! (24,75,1)
[18:40:07]SAY: Medibot/ : Radar, put a mask on! (154,73,1)
[18:40:33]SAY: emergency medibot/ : I knew it, I should&#39;ve been a plastic surgeon. (210,76,1)
[18:40:35]SAY: space cat/ : HSSSSS (76,51,8)
[18:40:55]EMOTE: *no key*/(orange adult slime (348)) : <b>The orange adult slime (348)</b> vibrates! (175,130,2)
[18:41:27]EMOTE: *no key*/(orange adult slime (348)) : <b>The orange adult slime (348)</b> vibrates! (172,130,2)
[18:41:27]SAY: Medibot/ : I knew it, I should&#39;ve been a plastic surgeon. (155,73,1)
[18:41:59]EMOTE: *no key*/(mouse) : <b>The mouse</b> squeeks. (148,173,2)
[18:42:07]GAME: Random Event triggering: Minor Space Dust (/datum/round_event/space_dust)
[18:42:11]EMOTE: *no key*/(space cat) : <b>The space cat</b> wags its tail. (76,51,8)
[18:42:17]EMOTE: *no key*/(space cat) : <b>The space cat</b> stretches out for a belly rub. (76,51,8)
[18:42:23]SAY: Nobody's Perfect/ : I knew it, I should&#39;ve been a plastic surgeon. (24,75,1)
[18:42:25]SAY: chicken/ : BWAAAAARK BWAK BWAK BWAK! (157,137,2)
[18:42:29]EMOTE: *no key*/(Ian) : <b>Ian</b> chases its tail! (172,172,2)
[18:42:35]EMOTE: *no key*/(Ian) : <b>Ian</b> dances around. (172,172,2)
[18:42:55]EMOTE: *no key*/(mouse) : <b>The mouse</b> squeeks. (148,170,2)
[18:43:11]EMOTE: *no key*/(grey baby slime (21)) : <b>The grey baby slime (21)</b> lights up for a bit, then stops. (170,110,2)
[18:43:13]EMOTE: *no key*/(space cat) : <b>The space cat</b> looks alert. (76,51,8)
[18:43:19]EMOTE: *no key*/(Ian) : <b>Ian</b> chases its tail. (171,173,2)
[18:43:25]SAY: Medibot/ : Delicious! (155,73,1)
[18:43:37]SAY: orange adult slime (348)/ : Rawr... (170,120,2)
[18:44:05]SAY: orange adult slime (348)/ : Unn... (169,118,2)
[18:44:09]EMOTE: *no key*/(Ian) : <b>Ian</b> shakes its head. (171,173,2)
[18:44:11]SAY: chicken/ : Bwaak bwak. (157,137,2)
[18:44:19]EMOTE: *no key*/(grey baby slime (21)) : <b>The grey baby slime (21)</b> bounces in place. (171,110,2)
[18:44:21]SAY: grey baby slime (21)/ : Rawr... (171,109,2)
[18:44:33]EMOTE: *no key*/(mouse) : <b>The mouse</b> shakes. (151,157,2)
[18:44:33]SAY: chicken/ : Cluck! (157,137,2)
[18:44:37]EMOTE: *no key*/(grey baby slime (21)) : <b>The grey baby slime (21)</b> jiggles! (171,109,2)
[18:44:37]EMOTE: *no key*/(mouse) : <b>The mouse</b> shakes. (148,170,2)
[18:44:47]GAME: mikethegamer/(Nelson Woodworth) has triggered a gibtonite deposit reaction at Lavaland Wastes (212,193,5).
[18:44:51]EMOTE: *no key*/(orange adult slime (348)) : <b>The orange adult slime (348)</b> lights up for a bit, then stops. (169,118,2)
[18:44:51]GAME: An explosion has triggered a gibtonite deposit reaction at Lavaland Wastes (210,197,5)
[18:44:53]EMOTE: *no key*/(chicken) : <b>The chicken</b> pecks at the ground. (157,138,2)
[18:45:28]SAY: emergency medibot/ : Delicious! (210,76,1)
[18:45:56]EMOTE: *no key*/(Ian) : <b>Ian</b> shivers. (171,173,2)
[18:46:00]SAY: mouse/ : Squeek! (148,170,2)
[18:46:15]EMOTE: *no key*/(grey baby slime (334)) : <b>The grey baby slime (334)</b> jiggles! (171,113,2)
[18:46:20]SAY: emergency medibot/ : There&#39;s always a catch, and I&#39;m the best there is. (210,76,1)
[18:46:44]SAY: mouse/ : Squeek? (148,170,2)
[18:46:44]SAY: Medibot/ : Radar, put a mask on! (155,73,1)
[18:46:45]EMOTE: *no key*/(space cat) : <b>The space cat</b> walks around. (76,51,8)
[18:47:05]EMOTE: *no key*/(space cat) : <b>The space cat</b> looks alert. (75,52,8)
[18:47:09]EMOTE: *no key*/(orange adult slime (348)) : <b>The orange adult slime (348)</b> vibrates! (169,121,2)
[18:47:10]SAY: mouse/ : Squeek? (148,171,2)
[18:47:36]SAY: mouse/ : Squeek? (151,155,2)
[18:47:43]EMOTE: *no key*/(grey baby slime (21)) : <b>The grey baby slime (21)</b> jiggles! (171,110,2)
[18:47:57]EMOTE: *no key*/(Ian) : <b>Ian</b> dances around. (172,173,2)
[18:48:10]SAY: cow/ : moo? (157,137,2)
[18:48:17]GAME: Random Event triggering: Camera Failure (/datum/round_event/camera_failure)
[18:49:05]EMOTE: *no key*/(grey baby slime (334)) : <b>The grey baby slime (334)</b> jiggles! (170,112,2)
[18:49:08]SAY: Nobody's Perfect/ : I knew it, I should&#39;ve been a plastic surgeon. (24,75,1)
[18:49:20]SAY: Nobody's Perfect/ : There&#39;s always a catch, and I&#39;m the best there is. (24,75,1)
[18:49:23]EMOTE: *no key*/(space cat) : <b>The space cat</b> gets up and meows. (75,52,8)
[18:49:51]EMOTE: *no key*/(Ian) : <b>Ian</b> dances around. (171,173,2)
[18:50:09]EMOTE: *no key*/(space cat) : <b>The space cat</b> lies down. (76,53,8)
[18:50:23]EMOTE: *no key*/(orange adult slime (348)) : <b>The orange adult slime (348)</b> lights up for a bit, then stops. (172,122,2)
[18:50:30]SAY: cow/ : moo? (158,137,2)
[18:50:36]SAY: cow/ : moo (158,137,2)
[18:51:11]EMOTE: *no key*/(space cat) : <b>The space cat</b> looks alert. (76,53,8)
[18:51:21]EMOTE: *no key*/(grey baby slime (334)) : <b>The grey baby slime (334)</b> lights up for a bit, then stops. (170,114,2)
[18:51:22]SAY: mouse/ : Squeek! (148,173,2)
[18:51:45]ACCESS: Logout: Mike the gamer/(Nelson Woodworth)
[19:47:01]EMOTE: *no key*/(mouse) : <b>The mouse</b> squeeks. (151,157,2)
[19:47:01]ACCESS: Failed Login: Guest-1868426899 - Guests not allowed
[05:29:28]SAY: Ian/ : YAP (172,172,2)
[05:29:37]EMOTE: *no key*/(space cat) : <b>The space cat</b> stops resting. (76,53,8)
[05:29:44]SAY: Nobody's Perfect/ : There&#39;s always a catch, and I&#39;m the best there is. (24,75,1)
[05:29:50]ACCESS: Login: LA Noir from 24.141.201.135-196916560 || BYOND v511
[05:29:50]ACCESS: Mob Login: LA Noir/(LA Noir) was assigned to a /mob/dead/new_player
[05:30:00]EMOTE: *no key*/(Ian) : <b>Ian</b> chases its tail. (173,172,2)
[05:30:32]SAY: Medibot/ : Radar, put a mask on! (155,73,1)
[05:30:46]EMOTE: *no key*/(space cat) : <b>The space cat</b> shakes its head. (78,52,8)
[05:30:50]SAY: Medibot/ : I knew it, I should&#39;ve been a plastic surgeon. (155,73,1)
[05:30:52]EMOTE: *no key*/(chicken) : <b>The chicken</b> clucks. (158,137,2)
[05:30:55]SAY: grey baby slime (334)/ : Where food? (170,112,2)
[05:31:12]SAY: emergency medibot/ : Delicious! (210,76,1)
[05:31:23]EMOTE: *no key*/(cow) : <b>The cow</b> shakes its head. (158,138,2)
[05:31:27]SAY: Medibot/ : There&#39;s always a catch, and I&#39;m the best there is. (155,73,1)
[05:31:30]EMOTE: *no key*/(space cat) : <b>The space cat</b> grooms its fur. (77,52,8)
[05:31:47]SAY: mouse/ : Squeek? (151,156,2)
[05:31:56]SAY: Medibot/ : I knew it, I should&#39;ve been a plastic surgeon. (155,73,1)
[05:32:00]ACCESS: Login: ItsNilin from 172.103.151.213-3132514685 || BYOND v511
[05:32:00]ACCESS: Mob Login: ItsNilin/(ItsNilin) was assigned to a /mob/dead/new_player
[05:32:04]EMOTE: *no key*/(chicken) : <b>The chicken</b> clucks. (158,137,2)
[05:32:05]EMOTE: *no key*/(orange adult slime (348)) : <b>The orange adult slime (348)</b> bounces in place. (169,118,2)
[05:32:07]SAY: grey baby slime (21)/ : Hungry... (171,110,2)
[05:32:29]EMOTE: *no key*/(space cat) : <b>The space cat</b> grooms its fur. (78,52,8)
[05:32:36]EMOTE: *no key*/(Ian) : <b>Ian</b> chases its tail. (174,172,2)
[05:32:41]EMOTE: *no key*/(space cat) : <b>The space cat</b> looks alert. (78,51,8)
[05:33:02]SAY: emergency medibot/ : Radar, put a mask on! (210,76,1)
[05:33:09]ACCESS: Mob Login: LA Noir/(Nep Vantas) was assigned to a /mob/living/carbon/human
[05:33:29]EMOTE: *no key*/(grey baby slime (21)) : <b>The grey baby slime (21)</b> jiggles! (170,108,2)
[05:33:30]SAY: Medibot/ : I knew it, I should&#39;ve been a plastic surgeon. (154,73,1)
[05:33:32]SAY: space cat/ : HSSSSS (78,51,8)
[05:33:47]SAY: Medibot/ : Delicious! (154,73,1)
[05:33:49]EMOTE: *no key*/(Ian) : <b>Ian</b> shakes its head. (174,172,2)
[05:33:53]SAY: space cat/ : HSSSSS (78,51,8)
[05:34:18]SAY: Nobody's Perfect/ : There&#39;s always a catch, and I&#39;m the best there is. (24,75,1)
[05:34:35]SAY: Medibot/ : What kind of medbay is this? Everyone&#39;s dropping like flies. (155,73,1)
[05:34:35]EMOTE: *no key*/(space cat) : <b>The space cat</b> meows. (78,51,8)
[05:34:37]EMOTE: *no key*/(space cat) : <b>The space cat</b> shivers. (78,51,8)
[05:34:43]EMOTE: *no key*/(space cat) : <b>The space cat</b> crouches on its hind legs. (78,51,8)
[05:34:49]SAY: emergency medibot/ : What kind of medbay is this? Everyone&#39;s dropping like flies. (210,76,1)
[05:34:51]EMOTE: *no key*/(space cat) : <b>The space cat</b> gets up and meows. (78,51,8)
[05:35:04]SAY: Medibot/ : What kind of medbay is this? Everyone&#39;s dropping like flies. (155,73,1)
[05:35:19]GAME: Random Event triggering: Anomaly: Bluespace (/datum/round_event/anomaly/anomaly_bluespace)
[05:35:36]SAY: mouse/ : Squeek? (151,158,2)
[05:35:49]SAY: mouse/ : Squeek! (148,174,2)
[05:36:00]EMOTE: *no key*/(Ian) : <b>Ian</b> chases its tail! (174,172,2)
[05:36:02]EMOTE: *no key*/(space cat) : <b>The space cat</b> sits down. (76,52,8)
[05:36:06]ACCESS: Mob Login: ItsNilin/(Prince LaIi Jhamba) was assigned to a /mob/living/carbon/human
[05:36:07]EMOTE: *no key*/(space cat) : <b>The space cat</b> wags its tail. (76,52,8)
[05:36:17]SAY: Nep Vantas/LA Noir : Hello nerd. i will be your guide to spess man (140,148,2)
[05:36:21]SAY: Medibot/ : What kind of medbay is this? Everyone&#39;s dropping like flies. (154,73,1)
[05:36:21]SAY: space cat/ : Purr! (76,52,8)
[05:36:56]EMOTE: *no key*/(Ian) : <b>Ian</b> dances around. (173,172,2)
[05:36:59]SAY: Ian/ : YAP (173,172,2)
[05:37:03]EMOTE: *no key*/(mouse) : <b>The mouse</b> squeeks. (151,158,2)
[05:37:05]SAY: Nobody's Perfect/ : Radar, put a mask on! (24,75,1)
[05:37:09]EMOTE: *no key*/(chicken) : <b>The chicken</b> flaps its wings viciously. (157,138,2)
[05:37:15]SAY: Medibot/ : There&#39;s always a catch, and I&#39;m the best there is. (155,73,1)
[05:37:38]SAY: grey baby slime (334)/ : Hungry... (170,112,2)
[05:37:46]EMOTE: *no key*/(grey baby slime (21)) : <b>The grey baby slime (21)</b> jiggles! (170,110,2)
[05:37:59]SAY: Nep Vantas/LA Noir : Im gonna robust you (164,101,2)
[05:38:01]SAY: chicken/ : BWAAAAARK BWAK BWAK BWAK! (157,137,2)
[05:38:02]EMOTE: *no key*/(grey baby slime (21)) : <b>The grey baby slime (21)</b> lights up for a bit, then stops. (170,108,2)
[05:38:09]SAY: Medibot/ : Radar, put a mask on! (155,73,1)
[05:38:11]EMOTE: *no key*/(space cat) : <b>The space cat</b> walks around. (76,52,8)
[05:38:24]EMOTE: *no key*/(space cat) : <b>The space cat</b> wags its tail. (77,52,8)
[05:38:34]SAY: grey baby slime (334)/ : Where food? (170,113,2)
[05:38:35]SAY: Nobody's Perfect/ : Radar, put a mask on! (24,75,1)
[05:38:38]EMOTE: *no key*/(space cat) : <b>The space cat</b> wags its tail. (77,52,8)
[05:38:41]EMOTE: *no key*/(space cat) : <b>The space cat</b> meows. (77,52,8)
[05:38:55]EMOTE: *no key*/(chicken) : <b>The chicken</b> clucks. (157,138,2)
[05:39:03]EMOTE: LA Noir/(Nep Vantas) : <b>Nep Vantas</b> screams. (164,134,2)
[05:39:13]SAY: Medibot/ : I knew it, I should&#39;ve been a plastic surgeon. (154,73,1)
[05:39:13]SAY: space cat/ : Purr! (77,52,8)
[05:39:31]EMOTE: *no key*/(space cat) : <b>The space cat</b> looks alert. (77,52,8)
[05:39:33]SAY: Medibot/ : What kind of medbay is this? Everyone&#39;s dropping like flies. (155,73,1)
[05:39:35]SAY: Ian/ : YAP (172,173,2)
[05:39:54]SAY: Nep Vantas/LA Noir : Well nerd. (163,152,2)
[05:40:19]SAY: Nobody's Perfect/ : What kind of medbay is this? Everyone&#39;s dropping like flies. (24,75,1)
[05:40:35]GAME: Random Event triggering: Minor Space Dust (/datum/round_event/space_dust)
[05:40:39]SAY: Nobody's Perfect/ : Delicious! (24,75,1)
[05:41:15]SAY: emergency medibot/ : What kind of medbay is this? Everyone&#39;s dropping like flies. (210,76,1)
[05:41:17]EMOTE: *no key*/(chicken) : <b>The chicken</b> flaps its wings viciously. (157,138,2)
[05:41:24]ACCESS: Logout: ItsNilin/(Prince LaIi Jhamba)
[05:41:31]SAY: Medibot/ : Delicious! (155,73,1)
[05:41:33]EMOTE: *no key*/(Ian) : <b>Ian</b> barks! (171,172,2)
[05:41:48]EMOTE: *no key*/(Ian) : <b>Ian</b> chases its tail. (171,172,2)
[05:41:58]EMOTE: *no key*/(Ian) : <b>Ian</b> shakes its head. (171,172,2)
[05:42:19]ACCESS: Login: ItsNilin from 172.103.151.213-3132514685 || BYOND v511
[05:42:19]ACCESS: Mob Login: ItsNilin/(Prince LaIi Jhamba) was assigned to a /mob/living/carbon/human
[05:42:20]SAY: Medibot/ : Radar, put a mask on! (154,73,1)
[05:42:24]EMOTE: *no key*/(Ian) : <b>Ian</b> chases its tail! (171,172,2)
[05:42:26]SAY: space cat/ : Meow! (77,52,8)
[05:42:28]EMOTE: *no key*/(Ian) : <b>Ian</b> shivers. (171,172,2)
[05:42:40]SAY: chicken/ : Cluck! (157,137,2)
[05:43:08]SAY: Medibot/ : I knew it, I should&#39;ve been a plastic surgeon. (154,73,1)
[05:43:14]EMOTE: *no key*/(grey baby slime (21)) : <b>The grey baby slime (21)</b> bounces in place. (170,109,2)
[05:43:28]SAY: Ian/ : Woof! (171,172,2)
[05:43:40]SAY: Ian/ : AUUUUUU (171,172,2)
[05:43:40]SAY: cow/ : MOOOOOO (157,137,2)
[05:43:44]EMOTE: *no key*/(space cat) : <b>The space cat</b> gets up and meows. (77,52,8)
[05:43:54]SAY: Nobody's Perfect/ : I knew it, I should&#39;ve been a plastic surgeon. (24,75,1)
[05:43:55]EMOTE: *no key*/(Ian) : <b>Ian</b> dances around. (171,173,2)
[05:43:56]EMOTE: *no key*/(cow) : <b>The cow</b> brays. (157,138,2)
[05:44:04]SAY: cow/ : MOOOOOO (157,138,2)
[05:44:11]EMOTE: ItsNilin/(Prince LaIi Jhamba) : <b>Prince LaIi Jhamba</b> gasps! (174,125,2)
[05:44:23]EMOTE: *no key*/(space cat) : <b>The space cat</b> lies down. (78,51,8)
[05:44:25]EMOTE: ItsNilin/(Prince LaIi Jhamba) : <b>Prince LaIi Jhamba</b> gasps! (174,125,2)
[05:44:27]EMOTE: ItsNilin/(Prince LaIi Jhamba) : <b>Prince LaIi Jhamba</b> gasps! (174,125,2)
[05:44:29]EMOTE: ItsNilin/(Prince LaIi Jhamba) : <b>Prince LaIi Jhamba</b> gasps! (175,125,2)
[05:44:33]EMOTE: ItsNilin/(Prince LaIi Jhamba) : <b>Prince LaIi Jhamba</b> seizes up and falls limp, his eyes dead and lifeless... (170,125,2)
[05:45:04]SAY: space cat/ : Meow! (78,51,8)
[05:45:06]SAY: Ian/ : Bark! (171,172,2)
[05:45:11]EMOTE: *no key*/(grey baby slime (334)) : <b>The grey baby slime (334)</b> jiggles! (170,113,2)
[05:45:15]EMOTE: *no key*/(grey baby slime (334)) : <b>The grey baby slime (334)</b> jiggles! (170,112,2)
[05:45:22]SAY: space cat/ : Meow! (78,51,8)
[05:45:42]SAY: chicken/ : BWAAAAARK BWAK BWAK BWAK! (157,137,2)
[05:45:58]SAY: space cat/ : Meow! (78,51,8)
[05:46:07]EMOTE: *no key*/(Ian) : <b>Ian</b> dances around. (172,172,2)
[05:46:14]SAY: cow/ : moo (158,138,2)
[05:46:16]SAY: Medibot/ : Radar, put a mask on! (154,73,1)
[05:46:17]ACCESS: Mob Login: ItsNilin/(Prince LaIi Jhamba) was assigned to a /mob/dead/observer
[05:46:22]GAME: Random Event triggering: Camera Failure (/datum/round_event/camera_failure)
[05:46:29]EMOTE: *no key*/(space cat) : <b>The space cat</b> wags its tail. (78,51,8)
[05:46:29]EMOTE: *no key*/(Ian) : <b>Ian</b> chases its tail! (172,172,2)
[05:47:11]EMOTE: *no key*/(space cat) : <b>The space cat</b> looks alert. (78,51,8)
[05:47:37]EMOTE: *no key*/(space cat) : <b>The space cat</b> sits down. (78,51,8)
[05:47:50]SAY: Nobody's Perfect/ : Radar, put a mask on! (24,75,1)
[05:48:00]SAY: Medibot/ : What kind of medbay is this? Everyone&#39;s dropping like flies. (154,73,1)
[05:48:06]EMOTE: *no key*/(Ian) : <b>Ian</b> woofs! (172,172,2)
[05:48:28]SAY: Nobody's Perfect/ : There&#39;s always a catch, and I&#39;m the best there is. (24,75,1)
[05:48:37]EMOTE: *no key*/(space cat) : <b>The space cat</b> looks alert. (78,51,8)
[05:48:45]EMOTE: *no key*/(grey baby slime (21)) : <b>The grey baby slime (21)</b> vibrates! (171,110,2)
[05:49:04]EMOTE: *no key*/(space cat) : <b>The space cat</b> crouches on its hind legs. (78,51,8)
[05:49:24]EMOTE: *no key*/(grey baby slime (21)) : <b>The grey baby slime (21)</b> lights up for a bit, then stops. (170,108,2)
[05:49:30]SAY: Nobody's Perfect/ : Radar, put a mask on! (24,75,1)
[05:49:44]EMOTE: *no key*/(Ian) : <b>Ian</b> dances around. (171,173,2)
[05:49:50]EMOTE: *no key*/(chicken) : <b>The chicken</b> flaps its wings viciously. (158,137,2)
[05:49:52]EMOTE: *no key*/(space cat) : <b>The space cat</b> stops resting. (78,51,8)
[05:49:56]SAY: Medibot/ : What kind of medbay is this? Everyone&#39;s dropping like flies. (154,73,1)
[05:50:32]SAY: Nobody's Perfect/ : What kind of medbay is this? Everyone&#39;s dropping like flies. (24,75,1)
[05:50:38]SAY: emergency medibot/ : What kind of medbay is this? Everyone&#39;s dropping like flies. (210,76,1)
[05:50:42]EMOTE: *no key*/(grey baby slime (334)) : <b>The grey baby slime (334)</b> bounces in place. (170,112,2)
[05:50:50]EMOTE: *no key*/(space cat) : <b>The space cat</b> wags its tail. (77,52,8)
[05:50:56]SAY: Nep Vantas/LA Noir : cool and good (180,119,2)
[05:50:58]EMOTE: *no key*/(chicken) : <b>The chicken</b> flaps its wings viciously. (157,138,2)
[05:51:24]EMOTE: *no key*/(orange adult slime (348)) : <b>The orange adult slime (348)</b> vibrates! (179,139,2)
[05:51:24]SAY: Medibot/ : What kind of medbay is this? Everyone&#39;s dropping like flies. (154,73,1)
[05:51:30]SAY: emergency medibot/ : What kind of medbay is this? Everyone&#39;s dropping like flies. (210,76,1)
[05:51:34]EMOTE: *no key*/(space cat) : <b>The space cat</b> wags its tail. (77,52,8)
[05:51:34]SAY: chicken/ : BWAAAAARK BWAK BWAK BWAK! (157,138,2)
[05:51:50]SAY: Medibot/ : There&#39;s always a catch, and I&#39;m the best there is. (154,73,1)
[05:52:04]EMOTE: *no key*/(space cat) : <b>The space cat</b> stretches out for a belly rub. (77,52,8)
[05:52:36]EMOTE: *no key*/(grey baby slime (334)) : <b>The grey baby slime (334)</b> bounces in place. (170,113,2)
[05:52:54]SAY: Medibot/ : Radar, put a mask on! (155,73,1)
[05:52:54]SAY: Medibot/ : I knew it, I should&#39;ve been a plastic surgeon. (154,73,1)
[05:53:06]SAY: cow/ : moo? (158,137,2)
[05:53:24]SAY: Nobody's Perfect/ : Delicious! (24,75,1)
[05:53:32]SAY: Medibot/ : I knew it, I should&#39;ve been a plastic surgeon. (155,73,1)
[05:53:41]GAME: LA Noir/(Nep Vantas) has primed a cleaner grenade for detonation at Robotics Lab (178,121,2).
[05:53:44]EMOTE: *no key*/(space cat) : <b>The space cat</b> lies down. (77,52,8)
[05:53:46]GAME: A grenade detonated at Robotics Lab (180,121,2)
[05:54:33]SAY: Ian/ : Bark! (173,172,2)
[05:54:33]GAME: LA Noir/(Nep Vantas) has primed a cleaner grenade for detonation at Central Primary Hallway (178,137,2).
[05:54:34]GAME: Random Event triggering: Camera Failure (/datum/round_event/camera_failure)
[05:54:38]GAME: A grenade detonated at Central Primary Hallway (178,138,2)
[05:54:42]EMOTE: *no key*/(space cat) : <b>The space cat</b> stretches out for a belly rub. (77,52,8)
[05:54:44]EMOTE: *no key*/(grey baby slime (334)) : <b>The grey baby slime (334)</b> lights up for a bit, then stops. (170,113,2)
[05:54:48]EMOTE: *no key*/(space cat) : <b>The space cat</b> sits down. (77,52,8)
[05:54:58]EMOTE: *no key*/(grey baby slime (21)) : <b>The grey baby slime (21)</b> vibrates! (170,108,2)
[05:55:04]EMOTE: *no key*/(Ian) : <b>Ian</b> dances around. (173,172,2)
[05:55:10]EMOTE: *no key*/(Ian) : <b>Ian</b> chases its tail! (173,172,2)
[05:55:12]ACCESS: Mob Login: ItsNilin/(Prince LaIi Jhamba) was assigned to a /mob/living/brain
[05:55:18]EMOTE: *no key*/(Ian) : <b>Ian</b> chases its tail! (174,172,2)
[05:55:33]SAY: Medibot/ : Delicious! (154,73,1)
[05:55:33]SAY: cow/ : MOOOOOO (158,138,2)
[05:55:54]EMOTE: *no key*/(space cat) : <b>The space cat</b> gets up and meows. (77,52,8)
[05:56:12]EMOTE: *no key*/(space cat) : <b>The space cat</b> shakes out its coat. (75,52,8)
[05:56:13]SAY: chicken/ : Cluck! (158,138,2)
[05:56:17]SAY: Nobody's Perfect/ : Radar, put a mask on! (24,75,1)
[05:56:27]EMOTE: *no key*/(space cat) : <b>The space cat</b> shakes its head. (76,52,8)
[05:56:37]SAY: Nobody's Perfect/ : What kind of medbay is this? Everyone&#39;s dropping like flies. (24,75,1)
[05:56:39]SAY: Medibot/ : Delicious! (155,73,1)
[05:56:46]EMOTE: *no key*/(grey baby slime (334)) : <b>The grey baby slime (334)</b> bounces in place. (170,112,2)
[05:56:48]EMOTE: *no key*/(space cat) : <b>The space cat</b> wags its tail. (77,51,8)
[05:57:02]EMOTE: *no key*/(space cat) : <b>The space cat</b> lies down. (77,51,8)
[05:57:11]SAY: Medibot/ : What kind of medbay is this? Everyone&#39;s dropping like flies. (154,73,1)
[05:57:15]SAY: emergency medibot/ : There&#39;s always a catch, and I&#39;m the best there is. (210,76,1)
[05:57:39]EMOTE: *no key*/(chicken) : <b>The chicken</b> clucks. (158,137,2)
[05:58:17]EMOTE: *no key*/(chicken) : <b>The chicken</b> pecks at the ground. (158,137,2)
[05:58:19]SAY: cow/ : moo (157,137,2)
[05:58:26]EMOTE: *no key*/(space cat) : <b>The space cat</b> walks around. (77,51,8)
[05:58:38]EMOTE: *no key*/(grey baby slime (334)) : <b>The grey baby slime (334)</b> bounces in place. (170,112,2)
[05:59:00]EMOTE: *no key*/(space cat) : <b>The space cat</b> stretches out for a belly rub. (75,52,8)
[05:59:15]SAY: chicken/ : Bwaak bwak. (158,137,2)
[05:59:23]SAY: Nobody's Perfect/ : Radar, put a mask on! (24,75,1)
[05:59:45]EMOTE: *no key*/(mouse) : <b>The mouse</b> runs in a circle. (148,173,2)
[05:59:56]EMOTE: *no key*/(space cat) : <b>The space cat</b> stops resting. (75,52,8)
[05:59:59]SAY: chicken/ : Cluck! (157,137,2)
[06:00:03]SAY: Medibot/ : Radar, put a mask on! (155,73,1)
[06:00:05]SAY: Medibot/ : There&#39;s always a catch, and I&#39;m the best there is. (155,73,1)
[06:00:06]GAME: LA Noir/(Nep Vantas) (job: Assistant) committed suicide at Arrival Shuttle Hallway.
[06:00:06]EMOTE: LA Noir/(Nep Vantas) : <b>Prince LaIi Jhamba</b> seizes up and falls limp, her eyes dead and lifeless... (155,99,2)
[06:00:16]EMOTE: *no key*/(space cat) : <b>The space cat</b> grooms its fur. (77,52,8)
[06:00:19]ACCESS: Mob Login: LA Noir/(Nep Vantas) was assigned to a /mob/dead/observer
[06:00:20]EMOTE: *no key*/(space cat) : <b>The space cat</b> crouches on its hind legs. (77,52,8)
[06:00:23]SAY: mouse/ : SQUEEK! (148,172,2)
[06:00:24]ACCESS: Logout: ItsNilin/(Prince LaIi Jhamba)
[06:00:33]EMOTE: *no key*/(grey baby slime (334)) : <b>The grey baby slime (334)</b> lights up for a bit, then stops. (170,113,2)
[06:00:39]EMOTE: *no key*/(Ian) : <b>Ian</b> dances around. (175,171,2)
[06:00:49]ACCESS: Logout: LA Noir/(Nep Vantas)
[15:16:03]SAY: emergency medibot/ : Delicious! (210,76,1)
[15:16:05]SAY: Medibot/ : Delicious! (155,73,1)
[15:16:05]SAY: space cat/ : Purr! (77,52,8)
[15:16:11]ACCESS: Login: Beeskee from 98.183.197.146-2625159807 || BYOND v511
[15:16:11]ACCESS: Mob Login: Beeskee/(Beeskee) was assigned to a /mob/dead/new_player
[15:16:19]SAY: Medibot/ : Radar, put a mask on! (155,73,1)
[15:16:46]EMOTE: *no key*/(Ian) : <b>Ian</b> chases its tail! (175,171,2)
[15:17:00]EMOTE: *no key*/(space cat) : <b>The space cat</b> lies down. (77,52,8)
[15:17:10]SAY: emergency medibot/ : Radar, put a mask on! (210,76,1)
[15:17:30]EMOTE: *no key*/(grey baby slime (21)) : <b>The grey baby slime (21)</b> jiggles! (171,110,2)
[15:18:12]SAY: emergency medibot/ : There&#39;s always a catch, and I&#39;m the best there is. (210,76,1)
[15:19:03]SAY: emergency medibot/ : Radar, put a mask on! (210,76,1)
[15:19:07]SAY: grey baby slime (334)/ : Where food? (170,112,2)
[15:19:15]SAY: emergency medibot/ : I knew it, I should&#39;ve been a plastic surgeon. (210,76,1)
[15:19:18]GAME: Random Event triggering: Minor Space Dust (/datum/round_event/space_dust)
[15:19:21]EMOTE: *no key*/(Ian) : <b>Ian</b> dances around. (175,171,2)
[15:19:27]EMOTE: *no key*/(cow) : <b>The cow</b> shakes its head. (157,138,2)
[15:19:39]EMOTE: *no key*/(mouse) : <b>The mouse</b> squeeks. (148,170,2)
[15:19:55]EMOTE: *no key*/(chicken) : <b>The chicken</b> flaps its wings viciously. (158,138,2)
[15:20:38]SAY: cow/ : MOOOOOO (158,138,2)
[15:20:53]EMOTE: *no key*/(space cat) : <b>The space cat</b> wags its tail. (77,52,8)
[15:21:03]SAY: emergency medibot/ : What kind of medbay is this? Everyone&#39;s dropping like flies. (210,76,1)
[15:21:07]EMOTE: *no key*/(mouse) : <b>The mouse</b> squeeks. (148,170,2)
[15:21:09]SAY: Nobody's Perfect/ : What kind of medbay is this? Everyone&#39;s dropping like flies. (24,75,1)
[15:21:59]SAY: Medibot/ : Radar, put a mask on! (155,73,1)
[15:22:23]EMOTE: *no key*/(mouse) : <b>The mouse</b> squeeks. (148,169,2)
[15:22:25]EMOTE: *no key*/(space cat) : <b>The space cat</b> stretches out for a belly rub. (77,52,8)
[15:22:27]SAY: Medibot/ : Radar, put a mask on! (154,73,1)
[15:22:32]ACCESS: Mob Login: Beeskee/(ghost) was assigned to a /mob/dead/observer
[15:22:33]EMOTE: *no key*/(space cat) : <b>The space cat</b> mews. (77,52,8)
[15:22:55]EMOTE: *no key*/(grey baby slime (21)) : <b>The grey baby slime (21)</b> lights up for a bit, then stops. (170,110,2)
[15:23:01]SAY: cow/ : MOOOOOO (157,137,2)
[15:23:05]EMOTE: *no key*/(chicken) : <b>The chicken</b> pecks at the ground. (158,137,2)
[15:23:05]EMOTE: *no key*/(space cat) : <b>The space cat</b> lies down. (77,52,8)
[15:23:11]SAY: Medibot/ : There&#39;s always a catch, and I&#39;m the best there is. (154,73,1)
[15:23:49]EMOTE: *no key*/(cow) : <b>The cow</b> brays. (157,137,2)
[15:23:55]EMOTE: *no key*/(mouse) : <b>The mouse</b> shakes. (148,169,2)
[15:24:00]OOC: Beeskee/(Brian Ski) : How&#39;s the server performance so far? (177,126,2)
[15:24:09]SAY: chicken/ : BWAAAAARK BWAK BWAK BWAK! (158,137,2)
[15:24:15]EMOTE: *no key*/(space cat) : <b>The space cat</b> stops resting. (77,52,8)
[15:24:19]EMOTE: *no key*/(grey baby slime (334)) : <b>The grey baby slime (334)</b> jiggles! (171,114,2)
[15:24:31]SAY: Nobody's Perfect/ : Delicious! (24,75,1)
[15:24:37]EMOTE: *no key*/(space cat) : <b>The space cat</b> lies down. (77,53,8)
[15:25:17]SAY: Medibot/ : There&#39;s always a catch, and I&#39;m the best there is. (155,73,1)
[15:25:25]OOC: Beeskee/(Brian Ski) : IS ANYONE ON BOARD? (158,157,2)
[15:25:30]EMOTE: *no key*/(space cat) : <b>The space cat</b> lies down. (77,53,8)
[15:25:39]SAY: emergency medibot/ : Radar, put a mask on! (210,76,1)
[15:25:42]ADMIN: Beeskee/(Brian Ski) checked antagonists.
[15:25:45]EMOTE: *no key*/(chicken) : <b>The chicken</b> pecks at the ground. (158,138,2)
[15:25:48]EMOTE: *no key*/(space cat) : <b>The space cat</b> stops resting. (77,53,8)
[15:26:05]SAY: chicken/ : BWAAAAARK BWAK BWAK BWAK! (157,137,2)
[15:26:27]OOC: Beeskee/(Brian Ski) : ^NO ANSWER MEANS NOBODY OBJECTS TO A REBOOT FOR MAINTENANCE^ (161,156,2)
[15:27:00]ADMIN: Beeskee/(Brian Ski) admin-called the emergency shuttle.
[15:27:23]SAY: Medibot/ : Radar, put a mask on! (155,73,1)
[15:27:26]SAY: grey baby slime (334)/ : Lonely... (170,114,2)
[15:28:12]EMOTE: *no key*/(space cat) : <b>The space cat</b> wags its tail. (75,53,8)
[15:28:12]EMOTE: *no key*/(grey baby slime (21)) : <b>The grey baby slime (21)</b> vibrates! (170,110,2)
[15:28:15]SAY: mouse/ : Squeek? (148,172,2)
[15:28:43]SAY: Ian/ : Woof! (173,172,2)
[15:28:45]SAY: emergency medibot/ : There&#39;s always a catch, and I&#39;m the best there is. (210,76,1)
[15:29:06]GAME: Random Event triggering: Grid Check (/datum/round_event/grid_check)
[15:29:13]SAY: Nobody's Perfect/ : Delicious! (24,75,1)
[15:29:20]EMOTE: *no key*/(grey baby slime (21)) : <b>The grey baby slime (21)</b> bounces in place. (171,109,2)
[15:29:55]SAY: emergency medibot/ : Radar, put a mask on! (210,76,1)
[15:30:25]EMOTE: *no key*/(chicken) : <b>The chicken</b> flaps its wings viciously. (158,138,2)
[15:30:32]EMOTE: *no key*/(grey baby slime (21)) : <b>The grey baby slime (21)</b> lights up for a bit, then stops. (171,109,2)
[15:30:35]SAY: emergency medibot/ : What kind of medbay is this? Everyone&#39;s dropping like flies. (210,76,1)
[15:30:42]EMOTE: *no key*/(grey baby slime (21)) : <b>The grey baby slime (21)</b> bounces in place. (171,109,2)
[15:30:55]EMOTE: *no key*/(Ian) : <b>Ian</b> shivers. (172,172,2)
[15:31:20]EMOTE: *no key*/(Ian) : <b>Ian</b> dances around. (172,173,2)
[15:31:21]SAY: Medibot/ : I knew it, I should&#39;ve been a plastic surgeon. (154,73,1)
[15:32:17]EMOTE: *no key*/(chicken) : <b>The chicken</b> flaps its wings viciously. (157,138,2)
[15:32:28]EMOTE: *no key*/(grey baby slime (21)) : <b>The grey baby slime (21)</b> vibrates! (170,109,2)
[15:32:32]SAY: mouse/ : SQUEEK! (148,174,2)
[15:32:34]EMOTE: *no key*/(space cat) : <b>The space cat</b> looks alert. (75,53,8)
[15:32:40]EMOTE: *no key*/(chicken) : <b>The chicken</b> clucks. (158,137,2)
[15:33:00]EMOTE: *no key*/(chicken) : <b>The chicken</b> pecks at the ground. (157,137,2)
[15:33:10]SAY: Medibot/ : I knew it, I should&#39;ve been a plastic surgeon. (154,73,1)
[15:33:20]EMOTE: *no key*/(grey baby slime (334)) : <b>The grey baby slime (334)</b> lights up for a bit, then stops. (170,112,2)
[15:33:56]SAY: Medibot/ : There&#39;s always a catch, and I&#39;m the best there is. (154,73,1)
[15:33:58]EMOTE: *no key*/(space cat) : <b>The space cat</b> looks alert. (75,53,8)
[15:34:06]EMOTE: *no key*/(chicken) : <b>The chicken</b> pecks at the ground. (158,138,2)
[15:34:18]SAY: cow/ : MOOOOOO (158,137,2)
[15:34:22]EMOTE: *no key*/(Ian) : <b>Ian</b> chases its tail! (173,172,2)
[15:34:28]EMOTE: *no key*/(space cat) : <b>The space cat</b> wags its tail. (75,53,8)
[15:34:32]SAY: emergency medibot/ : There&#39;s always a catch, and I&#39;m the best there is. (210,76,1)
[15:34:50]SAY: Medibot/ : I knew it, I should&#39;ve been a plastic surgeon. (155,73,1)
[15:34:52]SAY: cow/ : moo? (158,137,2)
[15:34:52]SAY: chicken/ : BWAAAAARK BWAK BWAK BWAK! (157,137,2)
[15:34:58]SAY: cow/ : MOOOOOO (158,137,2)
[15:35:08]EMOTE: *no key*/(grey baby slime (21)) : <b>The grey baby slime (21)</b> bounces in place. (171,110,2)
[15:35:50]SAY: cow/ : MOOOOOO (157,137,2)
[15:36:04]EMOTE: *no key*/(chicken) : <b>The chicken</b> pecks at the ground. (157,137,2)
[15:36:38]EMOTE: *no key*/(space cat) : <b>The space cat</b> wags its tail. (75,53,8)
[15:36:48]EMOTE: *no key*/(space cat) : <b>The space cat</b> mews. (75,53,8)
[15:36:56]SAY: emergency medibot/ : There&#39;s always a catch, and I&#39;m the best there is. (210,76,1)
[15:37:16]EMOTE: *no key*/(space cat) : <b>The space cat</b> wags its tail. (75,53,8)
[15:38:14]GAME: Random Event triggering: Minor Space Dust (/datum/round_event/space_dust)
[15:38:22]EMOTE: *no key*/(space cat) : <b>The space cat</b> walks around. (75,53,8)
[15:38:26]SAY: emergency medibot/ : I knew it, I should&#39;ve been a plastic surgeon. (210,76,1)
[15:39:20]SAY: chicken/ : Bwaak bwak. (158,137,2)
[15:39:22]EMOTE: *no key*/(chicken) : <b>The chicken</b> pecks at the ground. (158,137,2)
[15:39:24]SAY: space cat/ : HSSSSS (77,54,8)
[15:39:26]SAY: mouse/ : Squeek! (148,173,2)
[15:39:28]EMOTE: *no key*/(grey baby slime (334)) : <b>The grey baby slime (334)</b> lights up for a bit, then stops. (171,113,2)
[15:39:38]SAY: emergency medibot/ : Radar, put a mask on! (210,76,1)
[15:39:40]EMOTE: *no key*/(grey baby slime (21)) : <b>The grey baby slime (21)</b> jiggles! (170,110,2)
[15:39:58]EMOTE: *no key*/(chicken) : <b>The chicken</b> flaps its wings viciously. (158,137,2)
[15:40:32]SAY: grey baby slime (21)/ : Must... eat... (170,108,2)
[15:40:42]EMOTE: *no key*/(grey baby slime (21)) : <b>The grey baby slime (21)</b> bounces in place. (170,109,2)
[15:40:48]SAY: cow/ : moo? (158,137,2)
[15:40:56]EMOTE: *no key*/(chicken) : <b>The chicken</b> clucks. (158,138,2)
[15:41:04]EMOTE: *no key*/(space cat) : <b>The space cat</b> lies down. (76,56,8)
[15:41:14]SAY: cow/ : moo? (158,137,2)
[15:41:22]SAY: Ian/ : Woof! (171,172,2)
[15:41:28]SAY: emergency medibot/ : What kind of medbay is this? Everyone&#39;s dropping like flies. (210,76,1)
[15:41:52]EMOTE: *no key*/(Ian) : <b>Ian</b> dances around. (171,172,2)
[15:41:54]EMOTE: *no key*/(space cat) : <b>The space cat</b> shivers. (76,56,8)
[15:41:56]SAY: mouse/ : SQUEEK! (148,175,2)
[15:42:06]EMOTE: *no key*/(space cat) : <b>The space cat</b> walks around. (76,56,8)
[15:42:20]SAY: space cat/ : Meow! (76,56,8)
[15:42:26]SAY: cow/ : moo? (158,138,2)
[15:42:40]SAY: grey baby slime (21)/ : Lonely... (170,108,2)
[15:42:44]SAY: Medibot/ : There&#39;s always a catch, and I&#39;m the best there is. (155,73,1)
[15:43:00]SAY: cow/ : moo (158,138,2)
[15:43:10]EMOTE: *no key*/(space cat) : <b>The space cat</b> looks alert. (76,57,8)
[15:43:20]SAY: Nobody's Perfect/ : Delicious! (24,75,1)
[15:43:22]SAY: chicken/ : BWAAAAARK BWAK BWAK BWAK! (158,137,2)
[15:43:22]EMOTE: *no key*/(space cat) : <b>The space cat</b> looks alert. (76,57,8)
[15:43:36]EMOTE: *no key*/(space cat) : <b>The space cat</b> crouches on its hind legs. (76,57,8)
[15:43:52]SAY: Medibot/ : What kind of medbay is this? Everyone&#39;s dropping like flies. (154,73,1)
[15:44:02]EMOTE: *no key*/(Ian) : <b>Ian</b> chases its tail! (172,172,2)
[15:44:06]EMOTE: *no key*/(Ian) : <b>Ian</b> dances around. (172,172,2)
[15:44:26]EMOTE: *no key*/(cow) : <b>The cow</b> shakes its head. (158,138,2)
[15:44:40]GAME: Random Event triggering: Radiation Storm (/datum/round_event/radiation_storm)
[15:44:56]SAY: Medibot/ : There&#39;s always a catch, and I&#39;m the best there is. (154,73,1)
[15:44:56]EMOTE: *no key*/(space cat) : <b>The space cat</b> stretches out for a belly rub. (76,57,8)
[15:44:58]SAY: grey baby slime (334)/ : So... hungry... (171,113,2)
[15:45:20]SAY: Medibot/ : What kind of medbay is this? Everyone&#39;s dropping like flies. (154,73,1)
[15:45:22]EMOTE: *no key*/(space cat) : <b>The space cat</b> walks around. (76,57,8)
[15:45:30]EMOTE: *no key*/(space cat) : <b>The space cat</b> shakes out its coat. (77,57,8)
[15:45:36]EMOTE: *no key*/(cow) : <b>The cow</b> brays. (157,138,2)
[15:45:50]SAY: grey baby slime (21)/ : Must... eat... (171,109,2)
[15:45:56]EMOTE: Frontline03[DC]/(Isaac Riker) : <b>Isaac Riker</b> coughs! (135,158,2)
[15:45:58]EMOTE: *no key*/(space cat) : <b>The space cat</b> mews. (75,57,8)
[15:46:02]EMOTE: *no key*/(chicken) : <b>The chicken</b> pecks at the ground. (157,137,2)
[15:46:26]EMOTE: *no key*/(space cat) : <b>The space cat</b> stretches out for a belly rub. (74,57,8)
[15:46:28]EMOTE: *no key*/(space cat) : <b>The space cat</b> lies down. (74,57,8)
[15:46:28]EMOTE: *no key*/(grey baby slime (334)) : <b>The grey baby slime (334)</b> vibrates! (171,114,2)
[15:46:32]EMOTE: *no key*/(space cat) : <b>The space cat</b> shivers. (74,57,8)
[15:46:38]SAY: cow/ : moo? (157,137,2)
[15:46:58]SAY: Nobody's Perfect/ : Radar, put a mask on! (24,75,1)
[15:47:28]EMOTE: *no key*/(chicken) : <b>The chicken</b> clucks. (158,137,2)
[15:47:32]EMOTE: *no key*/(Ian) : <b>Ian</b> chases its tail. (174,172,2)
[15:47:36]EMOTE: Frontline03[DC]/(Isaac Riker) : <b>Isaac Riker</b> coughs! (135,158,2)
[15:47:44]SAY: space cat/ : HSSSSS (74,57,8)
[15:47:49]EMOTE: Frontline03[DC]/(Isaac Riker) : <b>Isaac Riker</b> coughs! (135,158,2)
[15:47:55]EMOTE: Frontline03[DC]/(Isaac Riker) : <b>Isaac Riker</b> coughs! (135,158,2)
[15:48:01]EMOTE: Frontline03[DC]/(Isaac Riker) : <b>Isaac Riker</b> twitches violently. (135,158,2)
[15:48:03]SAY: grey baby slime (334)/ : Blorble... (170,114,2)
[15:48:09]EMOTE: Frontline03[DC]/(Isaac Riker) : <b>Isaac Riker</b> coughs! (135,158,2)
[15:48:15]EMOTE: Frontline03[DC]/(Isaac Riker) : <b>Isaac Riker</b> coughs! (135,158,2)
[15:48:31]EMOTE: Frontline03[DC]/(Isaac Riker) : <b>Isaac Riker</b> coughs! (135,158,2)
[15:48:31]EMOTE: *no key*/(grey baby slime (334)) : <b>The grey baby slime (334)</b> bounces in place. (171,113,2)
[15:48:39]EMOTE: Frontline03[DC]/(Isaac Riker) : <b>Isaac Riker</b> coughs! (135,158,2)
[15:48:44]SAY: Medibot/ : I knew it, I should&#39;ve been a plastic surgeon. (154,73,1)
[15:48:56]SAY: chicken/ : Cluck! (157,138,2)
[15:49:03]EMOTE: Frontline03[DC]/(Isaac Riker) : <b>Isaac Riker</b> coughs! (135,158,2)
[15:49:05]SAY: grey baby slime (21)/ : Very... hungry... (170,110,2)
[15:49:11]EMOTE: Frontline03[DC]/(Isaac Riker) : <b>Isaac Riker</b> coughs! (135,158,2)
[15:49:33]EMOTE: Frontline03[DC]/(Isaac Riker) : <b>Isaac Riker</b> coughs! (135,158,2)
[15:49:35]EMOTE: Frontline03[DC]/(Isaac Riker) : <b>Isaac Riker</b> coughs! (135,158,2)
[15:49:56]GAME: Random Event triggering: Minor Space Dust (/datum/round_event/space_dust)
[15:50:06]EMOTE: *no key*/(mouse) : <b>The mouse</b> squeeks. (148,169,2)
[15:50:08]EMOTE: *no key*/(space cat) : <b>The space cat</b> stretches out for a belly rub. (74,57,8)
[15:50:12]EMOTE: *no key*/(space cat) : <b>The space cat</b> stretches out for a belly rub. (74,57,8)
[15:50:14]SAY: chicken/ : Bwaak bwak. (158,138,2)
[15:50:20]SAY: Medibot/ : There&#39;s always a catch, and I&#39;m the best there is. (155,73,1)
[15:50:26]EMOTE: *no key*/(grey baby slime (334)) : <b>The grey baby slime (334)</b> bounces in place. (170,113,2)
[15:50:42]EMOTE: *no key*/(cow) : <b>The cow</b> shakes its head. (158,137,2)
[15:50:52]EMOTE: *no key*/(space cat) : <b>The space cat</b> stretches out for a belly rub. (74,57,8)
[15:50:54]SAY: cow/ : moo? (158,138,2)
[15:51:00]EMOTE: *no key*/(grey baby slime (21)) : <b>The grey baby slime (21)</b> vibrates! (170,108,2)
[15:51:04]EMOTE: Frontline03[DC]/(Isaac Riker) : <b>Isaac Riker</b> coughs! (135,158,2)
[15:51:08]EMOTE: Frontline03[DC]/(Isaac Riker) : <b>Isaac Riker</b> coughs! (135,158,2)
[15:51:18]EMOTE: Frontline03[DC]/(Isaac Riker) : <b>Isaac Riker</b> coughs! (135,158,2)
[15:51:30]EMOTE: Frontline03[DC]/(Isaac Riker) : <b>Isaac Riker</b> coughs! (135,158,2)
[15:51:38]SAY: space cat/ : Purr! (74,57,8)
[15:51:44]EMOTE: *no key*/(space cat) : <b>The space cat</b> shivers. (74,57,8)
[15:51:46]EMOTE: *no key*/(Ian) : <b>Ian</b> barks! (175,172,2)
[15:51:46]EMOTE: Frontline03[DC]/(Isaac Riker) : <b>Isaac Riker</b> coughs! (135,158,2)
[15:51:54]SAY: Medibot/ : Radar, put a mask on! (155,73,1)
[15:52:08]EMOTE: Frontline03[DC]/(Isaac Riker) : <b>Isaac Riker</b> coughs! (135,158,2)
[15:52:08]GAME: Antagonists at round end were...
[15:52:08]GAME: Blackbox sealed.
[15:52:18]EMOTE: Frontline03[DC]/(Isaac Riker) : <b>Isaac Riker</b> coughs! (135,158,2)
[15:52:22]EMOTE: *no key*/(grey baby slime (334)) : <b>The grey baby slime (334)</b> jiggles! (170,112,2)
[15:52:28]EMOTE: Frontline03[DC]/(Isaac Riker) : <b>Isaac Riker</b> coughs! (135,158,2)
[15:52:38]SAY: grey baby slime (21)/ : Very... hungry... (170,108,2)
[15:52:40]SAY: grey baby slime (21)/ : Very... hungry... (170,108,2)
[15:52:42]EMOTE: Frontline03[DC]/(Isaac Riker) : <b>Isaac Riker</b> twitches violently. (135,158,2)
[15:52:46]EMOTE: *no key*/(space cat) : <b>The space cat</b> mews. (74,57,8)
[15:53:02]SAY: Medibot/ : Radar, put a mask on! (154,73,1)
[15:53:12]EMOTE: Frontline03[DC]/(Isaac Riker) : <b>Isaac Riker</b> twitches violently. (135,158,2)
[15:53:43]GAME: <span class='boldannounce'>Rebooting World. Round ended.</span>
[15:53:43]ACCESS: Logout: Beeskee/(Brian Ski)
