[2018-08-15 21:38:15.330] Starting up round ID 1958.
[2018-08-15 21:38:15.330] -------------------------
[2018-08-15 21:38:25.277] runtime error: bad index
[2018-08-15 21:38:25.277] proc name: keyDown (/client/verb/keyDown)
[2018-08-15 21:38:25.277]   source file: bindings_client.dm,8
[2018-08-15 21:38:25.277] 
[2018-08-15 21:38:25.278] runtime error: bad index
[2018-08-15 21:38:25.278] Warning: further proc crash messages are being suppressed to prevent overload...
[2018-08-15 21:38:25.278] 
[2018-08-15 21:38:25.304] Initialized Database subsystem within 0 seconds!
[2018-08-15 21:38:25.305] Initialized Blackbox subsystem within 0 seconds!
[2018-08-15 21:38:25.306] Initialized Server Tasks subsystem within 0 seconds!
[2018-08-15 21:38:25.308] Initialized Input subsystem within 0 seconds!
[2018-08-15 21:38:25.365] Initialized Research subsystem within 0 seconds!
[2018-08-15 21:38:25.371] Initialized Events subsystem within 0 seconds!
[2018-08-15 21:38:25.378] Initialized Jobs subsystem within 0 seconds!
[2018-08-15 21:38:25.380] Initialized Quirks subsystem within 0 seconds!
[2018-08-15 21:38:25.390] Initialized Ticker subsystem within 0 seconds!
[2018-08-15 21:38:25.391] Loading Box Station...
[2018-08-15 21:38:32.390] Loaded Station in 7s!
[2018-08-15 21:38:38.331] Loaded Lavaland in 5.6s!
[2018-08-15 21:38:41.668] Ruin loader finished with 0 left to spend.
[2018-08-15 21:38:43.270] Ruin loader finished with 0 left to spend.
[2018-08-15 21:38:56.978] Initialized Mapping subsystem within 31.6 seconds!
[2018-08-15 21:38:56.980] Initialized Networks subsystem within 0 seconds!
[2018-08-15 21:39:48.457] Initialized Atoms subsystem within 51.5 seconds!
[2018-08-15 21:39:48.482] Initialized Language subsystem within 0 seconds!
[2018-08-15 21:39:48.934] Initialized Machines subsystem within 0.5 seconds!
[2018-08-15 21:39:48.995] Initialized Circuit subsystem within 0 seconds!
[2018-08-15 21:39:48.998] Initialized Disease subsystem within 0 seconds!
[2018-08-15 21:39:48.998] Initialized Medals subsystem within 0 seconds!
[2018-08-15 21:39:48.998] Initialized Night Shift subsystem within 0 seconds!
[2018-08-15 21:39:48.999] Initialized Parallax subsystem within 0 seconds!
[2018-08-15 21:39:49.131] Initialized Traumas subsystem within 0.2 seconds!
[2018-08-15 21:39:49.133] Initialized Weather subsystem within 0 seconds!
[2018-08-15 21:41:13.020] ## WARNING: There are 1 active turfs at roundstart, this is a mapping error caused by a difference of the air between the adjacent turfs. You can see its coordinates using "Mapping -> Show roundstart AT list" verb (debug verbs required)
[2018-08-15 21:41:13.026] ## WARNING: HEY! LISTEN! 0 seconds were wasted processing 1 turf(s) (connected to 2 other turfs) with atmos differences at round start.
[2018-08-15 21:41:13.600] Initialized Atmospherics subsystem within 84.5 seconds!
[2018-08-15 21:41:13.619] Initialized Minimap subsystem within 0 seconds!
[2018-08-15 21:41:15.968] Initialized Assets subsystem within 2.3 seconds!
[2018-08-15 21:41:22.747] Initialized Icon Smoothing subsystem within 6.8 seconds!
[2018-08-15 21:41:24.454] Initialized Overlay subsystem within 1.7 seconds!
[2018-08-15 21:41:24.455] Initialized XKeyScore subsystem within 0 seconds!
[2018-08-15 21:41:24.456] Initialized Sticky Ban subsystem within 0 seconds!
[2018-08-15 21:41:41.012] Initialized Lighting subsystem within 16.6 seconds!
[2018-08-15 21:41:44.598] Initialized Shuttle subsystem within 3.5 seconds!
[2018-08-15 21:41:44.636] Initialized Squeak subsystem within 0.1 seconds!
[2018-08-15 21:41:44.638] Initialized Pathfinder subsystem within 0 seconds!
[2018-08-15 21:41:44.700] Loaded 24 engraved messages on map Box Station
[2018-08-15 21:41:44.744] Initialized Persistence subsystem within 0.1 seconds!
[2018-08-15 21:41:44.812] Initializations complete within 199.5 seconds!
[2018-08-15 21:43:00.152] Game start took 5.2s
[2018-08-15 21:43:03.090] runtime error: Cannot modify null.icon_state.
[2018-08-15 21:43:03.090] 
[2018-08-15 21:43:03.091] runtime error: Cannot modify null.icon_state.
[2018-08-15 21:43:03.091] 
[2018-08-15 21:43:06.348] runtime error: Cannot modify null.icon_state.
[2018-08-15 21:43:06.348] 
[2018-08-15 21:43:06.352] runtime error: Cannot modify null.icon_state.
[2018-08-15 21:43:06.352] 
[2018-08-15 21:43:06.355] runtime error: Cannot modify null.icon_state.
[2018-08-15 21:43:06.355] 
[2018-08-15 21:43:06.357] runtime error: Cannot modify null.icon_state.
[2018-08-15 21:43:06.357] 
[2018-08-15 21:43:32.146] runtime error: Cannot modify null.icon_state.
[2018-08-15 21:43:32.146] 
[2018-08-15 21:43:40.039] runtime error: Cannot modify null.icon_state.
[2018-08-15 21:43:40.039] 
[2018-08-15 21:45:09.083] runtime error: Cannot modify null.icon_state.
[2018-08-15 21:45:09.083] 
[2018-08-15 21:45:09.111] runtime error: Cannot modify null.icon_state.
[2018-08-15 21:45:09.111] 
[2018-08-15 21:45:11.116] runtime error: Cannot modify null.icon_state.
[2018-08-15 21:45:11.116] 
[2018-08-15 21:45:30.663] runtime error: Cannot modify null.icon_state.
[2018-08-15 21:45:30.663] 
[2018-08-15 21:45:32.366] runtime error: Cannot modify null.icon_state.
[2018-08-15 21:45:32.366] 
[2018-08-15 21:45:32.366] runtime error: Cannot modify null.icon_state.
[2018-08-15 21:45:32.366] 
[2018-08-15 21:45:49.482] runtime error: Cannot modify null.icon_state.
[2018-08-15 21:45:49.482] 
[2018-08-15 21:45:50.482] runtime error: Cannot modify null.icon_state.
[2018-08-15 21:45:50.482] 
[2018-08-15 21:46:11.510] runtime error: Cannot modify null.icon_state.
[2018-08-15 21:46:11.510] 
[2018-08-15 21:47:50.906] runtime error: Cannot modify null.icon_state.
[2018-08-15 21:47:50.906] 
[2018-08-15 21:47:50.907] runtime error: Cannot modify null.icon_state.
[2018-08-15 21:47:50.907] 
[2018-08-15 21:47:54.171] runtime error: Cannot modify null.icon_state.
[2018-08-15 21:47:54.171] 
[2018-08-15 21:48:00.029] runtime error: Cannot modify null.icon_state.
[2018-08-15 21:48:00.029] 
[2018-08-15 21:48:59.159] runtime error: Cannot modify null.icon_state.
[2018-08-15 21:48:59.160] 
[2018-08-15 21:49:18.564] runtime error: Cannot modify null.icon_state.
[2018-08-15 21:49:18.564] 
[2018-08-15 21:49:52.425] runtime error: Cannot modify null.icon_state.
[2018-08-15 21:49:52.425] 
[2018-08-15 21:49:54.929] runtime error: Cannot modify null.icon_state.
[2018-08-15 21:49:54.929] 
[2018-08-15 21:50:03.203] runtime error: Cannot modify null.icon_state.
[2018-08-15 21:50:03.203] 
[2018-08-15 21:51:18.096] runtime error: Cannot modify null.icon_state.
[2018-08-15 21:51:18.096] 
[2018-08-15 21:51:26.638] runtime error: Cannot modify null.icon_state.
[2018-08-15 21:51:26.638] 
[2018-08-15 21:51:26.653] runtime error: Cannot modify null.icon_state.
[2018-08-15 21:51:26.653] 
[2018-08-15 21:52:05.481] runtime error: Cannot modify null.icon_state.
[2018-08-15 21:52:05.481] 
[2018-08-15 21:52:09.557] runtime error: Cannot modify null.icon_state.
[2018-08-15 21:52:09.557] 
[2018-08-15 21:52:09.674] runtime error: Cannot modify null.icon_state.
[2018-08-15 21:52:09.675] 
[2018-08-15 21:52:09.687] runtime error: Cannot modify null.icon_state.
[2018-08-15 21:52:09.687] 
[2018-08-15 21:52:11.689] runtime error: Cannot modify null.icon_state.
[2018-08-15 21:52:11.689] 
[2018-08-15 21:52:11.696] runtime error: Cannot modify null.icon_state.
[2018-08-15 21:52:11.696] 
[2018-08-15 21:52:14.446] runtime error: Cannot modify null.icon_state.
[2018-08-15 21:52:14.446] 
[2018-08-15 21:52:22.030] runtime error: Cannot modify null.icon_state.
[2018-08-15 21:52:22.030] 
[2018-08-15 21:52:24.111] runtime error: Cannot modify null.icon_state.
[2018-08-15 21:52:24.111] 
[2018-08-15 21:52:27.771] runtime error: Cannot modify null.icon_state.
[2018-08-15 21:52:27.771] 
[2018-08-15 21:52:31.384] runtime error: Cannot modify null.icon_state.
[2018-08-15 21:52:31.385] 
[2018-08-15 21:52:31.412] runtime error: Cannot modify null.icon_state.
[2018-08-15 21:52:31.412] 
[2018-08-15 21:52:38.511] runtime error: Cannot modify null.icon_state.
[2018-08-15 21:52:38.512] 
[2018-08-15 21:52:40.351] runtime error: Cannot modify null.icon_state.
[2018-08-15 21:52:40.351] 
[2018-08-15 21:52:50.091] Saved 24 engraved messages on map Box Station
[2018-08-15 21:52:54.517] ### ListVarEdit by BigPenorBoi: /datum/dna mutations: ADDED=Hulk
[2018-08-15 21:52:59.950] runtime error: Cannot modify null.icon_state.
[2018-08-15 21:52:59.950] 
[2018-08-15 21:53:05.947] runtime error: Cannot modify null.icon_state.
[2018-08-15 21:53:05.947] 
[2018-08-15 21:53:06.231] ### ListVarEdit by BigPenorBoi: /datum/dna mutations: REMOVED=Hulk
[2018-08-15 21:53:06.402] runtime error: Cannot modify null.icon_state.
[2018-08-15 21:53:06.402] 
[2018-08-15 21:53:12.718] runtime error: Cannot modify null.icon_state.
[2018-08-15 21:53:12.718] 
[2018-08-15 21:53:44.134] runtime error: Cannot modify null.icon_state.
[2018-08-15 21:53:44.134] 
[2018-08-15 21:53:46.733] runtime error: Cannot modify null.icon_state.
[2018-08-15 21:53:46.733] 
[2018-08-15 21:53:49.845] runtime error: Cannot modify null.icon_state.
[2018-08-15 21:53:49.845] 
[2018-08-15 21:53:49.850] runtime error: Cannot modify null.icon_state.
[2018-08-15 21:53:49.850] 
[2018-08-15 21:53:51.750] runtime error: Cannot modify null.icon_state.
[2018-08-15 21:53:51.750] 
[2018-08-15 21:54:00.208] runtime error: Cannot modify null.icon_state.
[2018-08-15 21:54:00.208] 
[2018-08-15 21:54:15.009] runtime error: Cannot modify null.icon_state.
[2018-08-15 21:54:15.009] 
[2018-08-15 21:54:28.005] Shutting down Persistence subsystem...
[2018-08-15 21:54:28.005] Shutting down Pathfinder subsystem...
[2018-08-15 21:54:28.005] Shutting down Squeak subsystem...
[2018-08-15 21:54:28.005] Shutting down Shuttle subsystem...
[2018-08-15 21:54:28.005] Shutting down Lighting subsystem...
[2018-08-15 21:54:28.005] Shutting down XKeyScore subsystem...
[2018-08-15 21:54:28.005] Shutting down Sticky Ban subsystem...
[2018-08-15 21:54:28.005] Shutting down Overlay subsystem...
[2018-08-15 21:54:28.062] Shutting down Icon Smoothing subsystem...
[2018-08-15 21:54:28.062] Shutting down Assets subsystem...
[2018-08-15 21:54:28.062] Shutting down Minimap subsystem...
[2018-08-15 21:54:28.062] Shutting down Atmospherics subsystem...
[2018-08-15 21:54:28.063] Shutting down Wet floors subsystem...
[2018-08-15 21:54:28.063] Shutting down Weather subsystem...
[2018-08-15 21:54:28.063] Shutting down Vote subsystem...
[2018-08-15 21:54:28.063] Shutting down Traumas subsystem...
[2018-08-15 21:54:28.063] Shutting down Title Screen subsystem...
[2018-08-15 21:54:28.065] Shutting down Time Tracking subsystem...
[2018-08-15 21:54:28.065] Shutting down Throwing subsystem...
[2018-08-15 21:54:28.065] Shutting down tgui subsystem...
[2018-08-15 21:54:28.065] Shutting down Sun subsystem...
[2018-08-15 21:54:28.065] Shutting down Space Drift subsystem...
[2018-08-15 21:54:28.065] Shutting down Religion subsystem...
[2018-08-15 21:54:28.065] Shutting down Radio subsystem...
[2018-08-15 21:54:28.065] Shutting down Radiation subsystem...
[2018-08-15 21:54:28.065] Shutting down Projectiles subsystem...
[2018-08-15 21:54:28.065] Shutting down Processing subsystem...
[2018-08-15 21:54:28.065] Shutting down Ping subsystem...
[2018-08-15 21:54:28.065] Shutting down Parallax subsystem...
[2018-08-15 21:54:28.066] Shutting down pAI subsystem...
[2018-08-15 21:54:28.066] Shutting down Orbits subsystem...
[2018-08-15 21:54:28.066] Shutting down Objects subsystem...
[2018-08-15 21:54:28.066] Shutting down NPC Pool subsystem...
[2018-08-15 21:54:28.066] Shutting down Night Shift subsystem...
[2018-08-15 21:54:28.066] Shutting down Mood subsystem...
[2018-08-15 21:54:28.066] Shutting down Mobs subsystem...
[2018-08-15 21:54:28.066] Shutting down Medals subsystem...
[2018-08-15 21:54:28.066] Shutting down Idling NPC Pool subsystem...
[2018-08-15 21:54:28.066] Shutting down Fire Burning subsystem...
[2018-08-15 21:54:28.066] Shutting down Fields subsystem...
[2018-08-15 21:54:28.067] Shutting down Fast Processing subsystem...
[2018-08-15 21:54:28.067] Shutting down Disease subsystem...
[2018-08-15 21:54:28.067] Shutting down Datum Component System subsystem...
[2018-08-15 21:54:28.067] Shutting down Communications subsystem...
[2018-08-15 21:54:28.067] Shutting down Augury subsystem...
[2018-08-15 21:54:28.067] Shutting down Acid subsystem...
[2018-08-15 21:54:28.067] Shutting down Timer subsystem...
[2018-08-15 21:54:28.067] Shutting down Circuit subsystem...
[2018-08-15 21:54:28.067] Shutting down Machines subsystem...
[2018-08-15 21:54:28.067] Shutting down Language subsystem...
[2018-08-15 21:54:28.067] Shutting down Atoms subsystem...
[2018-08-15 21:54:28.069] Shutting down Networks subsystem...
[2018-08-15 21:54:28.069] Shutting down Mapping subsystem...
[2018-08-15 21:54:28.069] Shutting down Ticker subsystem...
[2018-08-15 21:54:28.331] Shutting down Quirks subsystem...
[2018-08-15 21:54:28.331] Shutting down Jobs subsystem...
[2018-08-15 21:54:28.331] Shutting down Events subsystem...
[2018-08-15 21:54:28.331] Shutting down Research subsystem...
[2018-08-15 21:54:28.331] Shutting down Input subsystem...
[2018-08-15 21:54:28.331] Shutting down Server Tasks subsystem...
[2018-08-15 21:54:28.331] Shutting down Blackbox subsystem...
[2018-08-15 21:54:28.604] Shutting down Database subsystem...
[2018-08-15 21:54:28.641] Shutting down Garbage subsystem...
[2018-08-15 21:54:28.702] Shutdown complete
[2018-08-15 21:54:28.702] World rebooted at 21:54:28
