

Starting up round ID 176. 05:10:19
---------------------
Initialized Database subsystem within 0 seconds!
Initialized Blackbox subsystem within 0 seconds!
Initialized Server Tasks subsystem within 0 seconds!
Initialized Input subsystem within 0 seconds!
Initialized Research subsystem within 0 seconds!
Initialized Events subsystem within 0 seconds!
Initialized Jobs subsystem within 0.1 seconds!
Initialized Traits subsystem within 0 seconds!
Initialized Ticker subsystem within 0 seconds!
Loading Box Station...
Loaded Station in 5.9s!
Loaded Lavaland in 4.4s!
Loaded Reebe in 5s!
Ruin loader finished with 0 left to spend.
Ruin loader finished with 0 left to spend.
Initialized Mapping subsystem within 22.9 seconds!
Initialized Networks subsystem within 0 seconds!
Initialized Atoms subsystem within 42.7 seconds!
Initialized Language subsystem within 0 seconds!
Initialized Machines subsystem within 0.3 seconds!
Initialized Circuit subsystem within 0 seconds!
Initialized Disease subsystem within 0 seconds!
Initialized Medals subsystem within 0 seconds!
Initialized Night Shift subsystem within 0 seconds!
Initialized Parallax subsystem within 0 seconds!
Initialized Traumas subsystem within 0.1 seconds!
Initialized Weather subsystem within 0 seconds!
Initialized Atmospherics subsystem within 11.7 seconds!
Initialized Minimap subsystem within 0 seconds!
Initialized Assets subsystem within 0.9 seconds!
Initialized Icon Smoothing subsystem within 5.1 seconds!
Initialized Overlay subsystem within 18.9 seconds!
Initialized XKeyScore subsystem within 0 seconds!
Initialized Sticky Ban subsystem within 0 seconds!
Initialized Lighting subsystem within 11.3 seconds!
Initialized Shuttle subsystem within 21.2 seconds!
Initialized Squeak subsystem within 0.1 seconds!
Initialized pathfinder subsystem within 0 seconds!
Loaded 0 engraved messages on map Box Station
Initialized Persistence subsystem within 0 seconds!
Initializations complete within 135.3 seconds!
Game start took 5.2s
runtime error: 
[05:22:41]nothing to animate
[05:22:41]proc name: shake camera (/proc/shake_camera)
[05:22:41]  source file: mob_helpers.dm,270
[05:22:41]  usr: (src)
[05:22:41]  src: null
[05:22:41]  call stack:
[05:22:41]shake camera(Ryder Petaxial (/mob/living/carbon/human), 0.75, 1)
[05:22:41]Ryder Petaxial (/mob/living/carbon/human): afterShuttleMove(space (21,19,13) (/turf/open/space/transit/west), /list (/list), 8, 8, 8, 0)
[05:22:41]Ryder Petaxial (/mob/living/carbon/human): afterShuttleMove(space (21,19,13) (/turf/open/space/transit/west), /list (/list), 8, 8, 8, 0)
[05:22:41]the arrivals shuttle (/obj/docking_port/mobile/arrivals): cleanup runway(the arrivals (/obj/docking_port/stationary), /list (/list), /list (/list), /list (/list), /list (/list), 0, 8, Space (/area/space), /turf/open/space/transit/west (/turf/open/space/transit/west), /turf/open/space (/turf/open/space))
[05:22:41]the arrivals shuttle (/obj/docking_port/mobile/arrivals): initiate docking(the arrivals (/obj/docking_port/stationary), 8, 0)
[05:22:41]the arrivals shuttle (/obj/docking_port/mobile/arrivals): initiate docking(the arrivals (/obj/docking_port/stationary), 8)
[05:22:41]the arrivals shuttle (/obj/docking_port/mobile/arrivals): check()
[05:22:41]the arrivals shuttle (/obj/docking_port/mobile/arrivals): check()
[05:22:41]Shuttle (/datum/controller/subsystem/shuttle): fire(0)
[05:22:41]Shuttle (/datum/controller/subsystem/shuttle): ignite(0)
runtime error: 
[05:25:47]Cannot execute null.archive().
[05:25:47]proc name: archive (/turf/open/archive)
[05:25:47]  source file: LINDA_turf_tile.dm,91
[05:25:47]  usr: null
[05:25:47]  src: the reinforced floor (125,150,1) (/turf/open/floor/engine)
[05:25:47]  call stack:
[05:25:47]the reinforced floor (125,150,1) (/turf/open/floor/engine): archive()
[05:25:47]the reinforced floor (125,149,1) (/turf/open/floor/engine): process cell(1337)
[05:25:47]Atmospherics (/datum/controller/subsystem/air): process active turfs(0)
[05:25:47]Atmospherics (/datum/controller/subsystem/air): fire(0)
[05:25:47]Atmospherics (/datum/controller/subsystem/air): ignite(1)
[05:25:47]Master (/datum/controller/master): RunQueue()
[05:25:47]Master (/datum/controller/master): Loop()
[05:25:47]Master (/datum/controller/master): StartProcessing(0)
runtime error: 
[05:25:47]Cannot read null.gases
[05:25:47]proc name: compare (/datum/gas_mixture/compare)
[05:25:47]  source file: gas_mixture.dm,387
[05:25:47]  usr: null
[05:25:47]  src: /datum/gas_mixture/turf (/datum/gas_mixture/turf)
[05:25:47]  call stack:
[05:25:47]/datum/gas_mixture/turf (/datum/gas_mixture/turf): compare(null)
[05:25:47]the reinforced floor (125,149,1) (/turf/open/floor/engine): process cell(1337)
[05:25:47]Atmospherics (/datum/controller/subsystem/air): process active turfs(0)
[05:25:47]Atmospherics (/datum/controller/subsystem/air): fire(0)
[05:25:47]Atmospherics (/datum/controller/subsystem/air): ignite(1)
[05:25:47]Master (/datum/controller/master): RunQueue()
[05:25:47]Master (/datum/controller/master): Loop()
[05:25:47]Master (/datum/controller/master): StartProcessing(0)
runtime error: 
[05:25:47]Cannot execute null.archive().
[05:25:47]proc name: archive (/turf/open/archive)
[05:25:47]  source file: LINDA_turf_tile.dm,91
[05:25:47]  usr: null
[05:25:47]  src: the reinforced floor (124,150,1) (/turf/open/floor/engine)
[05:25:47]  call stack:
[05:25:47]the reinforced floor (124,150,1) (/turf/open/floor/engine): archive()
[05:25:47]the reinforced floor (124,149,1) (/turf/open/floor/engine): process cell(1337)
[05:25:47]Atmospherics (/datum/controller/subsystem/air): process active turfs(0)
[05:25:47]Atmospherics (/datum/controller/subsystem/air): fire(0)
[05:25:47]Atmospherics (/datum/controller/subsystem/air): ignite(1)
[05:25:47]Master (/datum/controller/master): RunQueue()
[05:25:47]Master (/datum/controller/master): Loop()
[05:25:47]Master (/datum/controller/master): StartProcessing(0)
runtime error: 
[05:25:47]Cannot read null.gases
[05:25:47]proc name: compare (/datum/gas_mixture/compare)
[05:25:47]  source file: gas_mixture.dm,387
[05:25:47]  usr: null
[05:25:47]  src: /datum/gas_mixture/turf (/datum/gas_mixture/turf)
[05:25:47]  call stack:
[05:25:47]/datum/gas_mixture/turf (/datum/gas_mixture/turf): compare(null)
[05:25:47]the reinforced floor (124,149,1) (/turf/open/floor/engine): process cell(1337)
[05:25:47]Atmospherics (/datum/controller/subsystem/air): process active turfs(0)
[05:25:47]Atmospherics (/datum/controller/subsystem/air): fire(0)
[05:25:47]Atmospherics (/datum/controller/subsystem/air): ignite(1)
[05:25:47]Master (/datum/controller/master): RunQueue()
[05:25:47]Master (/datum/controller/master): Loop()
[05:25:47]Master (/datum/controller/master): StartProcessing(0)
runtime error: 
[05:25:47]Cannot execute null.archive().
[05:25:47]proc name: archive (/turf/open/archive)
[05:25:47]  source file: LINDA_turf_tile.dm,91
[05:25:47]  usr: null
[05:25:47]  src: the reinforced floor (123,150,1) (/turf/open/floor/engine)
[05:25:47]  call stack:
[05:25:47]the reinforced floor (123,150,1) (/turf/open/floor/engine): archive()
[05:25:47]the reinforced floor (123,149,1) (/turf/open/floor/engine): process cell(1337)
[05:25:47]Atmospherics (/datum/controller/subsystem/air): process active turfs(0)
[05:25:47]Atmospherics (/datum/controller/subsystem/air): fire(0)
[05:25:47]Atmospherics (/datum/controller/subsystem/air): ignite(1)
[05:25:47]Master (/datum/controller/master): RunQueue()
[05:25:47]Master (/datum/controller/master): Loop()
[05:25:47]Master (/datum/controller/master): StartProcessing(0)
runtime error: 
[05:25:47]Cannot read null.gases
[05:25:47]proc name: compare (/datum/gas_mixture/compare)
[05:25:47]  source file: gas_mixture.dm,387
[05:25:47]  usr: null
[05:25:47]  src: /datum/gas_mixture/turf (/datum/gas_mixture/turf)
[05:25:47]  call stack:
[05:25:47]/datum/gas_mixture/turf (/datum/gas_mixture/turf): compare(null)
[05:25:47]the reinforced floor (123,149,1) (/turf/open/floor/engine): process cell(1337)
[05:25:47]Atmospherics (/datum/controller/subsystem/air): process active turfs(0)
[05:25:47]Atmospherics (/datum/controller/subsystem/air): fire(0)
[05:25:47]Atmospherics (/datum/controller/subsystem/air): ignite(1)
[05:25:47]Master (/datum/controller/master): RunQueue()
[05:25:47]Master (/datum/controller/master): Loop()
[05:25:47]Master (/datum/controller/master): StartProcessing(0)
runtime error: 
[05:25:47]Cannot execute null.archive().
[05:25:47]proc name: archive (/turf/open/archive)
[05:25:47]  source file: LINDA_turf_tile.dm,91
[05:25:47]  usr: null
[05:25:47]  src: the reinforced floor (122,150,1) (/turf/open/floor/engine)
[05:25:47]  call stack:
[05:25:47]the reinforced floor (122,150,1) (/turf/open/floor/engine): archive()
[05:25:47]the reinforced floor (122,149,1) (/turf/open/floor/engine): process cell(1337)
[05:25:47]Atmospherics (/datum/controller/subsystem/air): process active turfs(0)
[05:25:47]Atmospherics (/datum/controller/subsystem/air): fire(0)
[05:25:47]Atmospherics (/datum/controller/subsystem/air): ignite(1)
[05:25:47]Master (/datum/controller/master): RunQueue()
[05:25:47]Master (/datum/controller/master): Loop()
[05:25:47]Master (/datum/controller/master): StartProcessing(0)
runtime error: 
[05:25:47]Cannot read null.gases
[05:25:47]proc name: compare (/datum/gas_mixture/compare)
[05:25:47]  source file: gas_mixture.dm,387
[05:25:47]  usr: null
[05:25:47]  src: /datum/gas_mixture/turf (/datum/gas_mixture/turf)
[05:25:47]  call stack:
[05:25:47]/datum/gas_mixture/turf (/datum/gas_mixture/turf): compare(null)
[05:25:47]the reinforced floor (122,149,1) (/turf/open/floor/engine): process cell(1337)
[05:25:47]Atmospherics (/datum/controller/subsystem/air): process active turfs(0)
[05:25:47]Atmospherics (/datum/controller/subsystem/air): fire(0)
[05:25:47]Atmospherics (/datum/controller/subsystem/air): ignite(1)
[05:25:47]Master (/datum/controller/master): RunQueue()
[05:25:47]Master (/datum/controller/master): Loop()
[05:25:47]Master (/datum/controller/master): StartProcessing(0)
runtime error: 
[05:25:47]Cannot execute null.archive().
[05:25:47]proc name: archive (/turf/open/archive)
[05:25:47]  source file: LINDA_turf_tile.dm,91
[05:25:47]  usr: null
[05:25:47]  src: the reinforced floor (121,150,1) (/turf/open/floor/engine)
[05:25:47]  call stack:
[05:25:47]the reinforced floor (121,150,1) (/turf/open/floor/engine): archive()
[05:25:47]the reinforced floor (121,149,1) (/turf/open/floor/engine): process cell(1337)
[05:25:47]Atmospherics (/datum/controller/subsystem/air): process active turfs(0)
[05:25:47]Atmospherics (/datum/controller/subsystem/air): fire(0)
[05:25:47]Atmospherics (/datum/controller/subsystem/air): ignite(1)
[05:25:47]Master (/datum/controller/master): RunQueue()
[05:25:47]Master (/datum/controller/master): Loop()
[05:25:47]Master (/datum/controller/master): StartProcessing(0)
runtime error: 
[05:25:47]Cannot read null.gases
[05:25:47]proc name: compare (/datum/gas_mixture/compare)
[05:25:47]  source file: gas_mixture.dm,387
[05:25:47]  usr: null
[05:25:47]  src: /datum/gas_mixture/turf (/datum/gas_mixture/turf)
[05:25:47]  call stack:
[05:25:47]/datum/gas_mixture/turf (/datum/gas_mixture/turf): compare(null)
[05:25:47]the reinforced floor (121,149,1) (/turf/open/floor/engine): process cell(1337)
[05:25:47]Atmospherics (/datum/controller/subsystem/air): process active turfs(0)
[05:25:47]Atmospherics (/datum/controller/subsystem/air): fire(0)
[05:25:47]Atmospherics (/datum/controller/subsystem/air): ignite(1)
[05:25:47]Master (/datum/controller/master): RunQueue()
[05:25:47]Master (/datum/controller/master): Loop()
[05:25:47]Master (/datum/controller/master): StartProcessing(0)
runtime error: 
[05:25:47]Cannot execute null.archive().
[05:25:47]proc name: archive (/turf/open/archive)
[05:25:47]  source file: LINDA_turf_tile.dm,91
[05:25:47]  usr: null
[05:25:47]  src: the shuttle floor (120,150,1) (/turf/open/floor/mineral/plastitanium)
[05:25:47]  call stack:
[05:25:47]the shuttle floor (120,150,1) (/turf/open/floor/mineral/plastitanium): archive()
[05:25:47]the shuttle floor (120,149,1) (/turf/open/floor/mineral/plastitanium): process cell(1337)
[05:25:47]Atmospherics (/datum/controller/subsystem/air): process active turfs(0)
[05:25:47]Atmospherics (/datum/controller/subsystem/air): fire(0)
[05:25:47]Atmospherics (/datum/controller/subsystem/air): ignite(1)
[05:25:47]Master (/datum/controller/master): RunQueue()
[05:25:47]Master (/datum/controller/master): Loop()
[05:25:47]Master (/datum/controller/master): StartProcessing(0)
runtime error: 
[05:25:47]Cannot read null.gases
[05:25:47]proc name: compare (/datum/gas_mixture/compare)
[05:25:47]  source file: gas_mixture.dm,387
[05:25:47]  usr: null
[05:25:47]  src: /datum/gas_mixture/turf (/datum/gas_mixture/turf)
[05:25:47]  call stack:
[05:25:47]/datum/gas_mixture/turf (/datum/gas_mixture/turf): compare(null)
[05:25:47]the shuttle floor (120,149,1) (/turf/open/floor/mineral/plastitanium): process cell(1337)
[05:25:47]Atmospherics (/datum/controller/subsystem/air): process active turfs(0)
[05:25:47]Atmospherics (/datum/controller/subsystem/air): fire(0)
[05:25:47]Atmospherics (/datum/controller/subsystem/air): ignite(1)
[05:25:47]Master (/datum/controller/master): RunQueue()
[05:25:47]Master (/datum/controller/master): Loop()
[05:25:47]Master (/datum/controller/master): StartProcessing(0)
runtime error: 
[05:25:47]Cannot execute null.archive().
[05:25:47]proc name: archive (/turf/open/archive)
[05:25:47]  source file: LINDA_turf_tile.dm,91
[05:25:47]  usr: null
[05:25:47]  src: the shuttle floor (119,150,1) (/turf/open/floor/mineral/plastitanium)
[05:25:47]  call stack:
[05:25:47]the shuttle floor (119,150,1) (/turf/open/floor/mineral/plastitanium): archive()
[05:25:47]the shuttle floor (119,149,1) (/turf/open/floor/mineral/plastitanium): process cell(1337)
[05:25:47]Atmospherics (/datum/controller/subsystem/air): process active turfs(0)
[05:25:47]Atmospherics (/datum/controller/subsystem/air): fire(0)
[05:25:47]Atmospherics (/datum/controller/subsystem/air): ignite(1)
[05:25:47]Master (/datum/controller/master): RunQueue()
[05:25:47]Master (/datum/controller/master): Loop()
[05:25:47]Master (/datum/controller/master): StartProcessing(0)
runtime error: 
[05:25:47]Cannot read null.gases
[05:25:47]proc name: compare (/datum/gas_mixture/compare)
[05:25:47]  source file: gas_mixture.dm,387
[05:25:47]  usr: null
[05:25:47]  src: /datum/gas_mixture/turf (/datum/gas_mixture/turf)
[05:25:47]  call stack:
[05:25:47]/datum/gas_mixture/turf (/datum/gas_mixture/turf): compare(null)
[05:25:47]the shuttle floor (119,149,1) (/turf/open/floor/mineral/plastitanium): process cell(1337)
[05:25:47]Atmospherics (/datum/controller/subsystem/air): process active turfs(0)
[05:25:47]Atmospherics (/datum/controller/subsystem/air): fire(0)
[05:25:47]Atmospherics (/datum/controller/subsystem/air): ignite(1)
[05:25:47]Master (/datum/controller/master): RunQueue()
[05:25:47]Master (/datum/controller/master): Loop()
[05:25:47]Master (/datum/controller/master): StartProcessing(0)
runtime error: 
[05:25:47]Cannot execute null.archive().
[05:25:47]proc name: archive (/turf/open/archive)
[05:25:47]  source file: LINDA_turf_tile.dm,91
[05:25:47]  usr: null
[05:25:47]  src: the plating (123,158,1) (/turf/open/floor/plating)
[05:25:47]  call stack:
[05:25:47]the plating (123,158,1) (/turf/open/floor/plating): archive()
[05:25:47]space (123,159,1) (/turf/open/space): process cell(1337)
[05:25:47]Atmospherics (/datum/controller/subsystem/air): process active turfs(0)
[05:25:47]Atmospherics (/datum/controller/subsystem/air): fire(0)
[05:25:47]Atmospherics (/datum/controller/subsystem/air): ignite(1)
[05:25:47]Master (/datum/controller/master): RunQueue()
[05:25:47]Master (/datum/controller/master): Loop()
[05:25:47]Master (/datum/controller/master): StartProcessing(0)
runtime error: 
[05:25:47]Cannot read null.gases
[05:25:47]proc name: compare (/datum/gas_mixture/compare)
[05:25:47]  source file: gas_mixture.dm,387
[05:25:47]  usr: null
[05:25:47]  src: /datum/gas_mixture/immutable/s... (/datum/gas_mixture/immutable/space)
[05:25:47]  call stack:
[05:25:47]/datum/gas_mixture/immutable/s... (/datum/gas_mixture/immutable/space): compare(null)
[05:25:47]space (123,159,1) (/turf/open/space): process cell(1337)
[05:25:47]Atmospherics (/datum/controller/subsystem/air): process active turfs(0)
[05:25:47]Atmospherics (/datum/controller/subsystem/air): fire(0)
[05:25:47]Atmospherics (/datum/controller/subsystem/air): ignite(1)
[05:25:47]Master (/datum/controller/master): RunQueue()
[05:25:47]Master (/datum/controller/master): Loop()
[05:25:47]Master (/datum/controller/master): StartProcessing(0)
runtime error: 
[05:25:47]Cannot execute null.archive().
[05:25:47]proc name: archive (/turf/open/archive)
[05:25:47]  source file: LINDA_turf_tile.dm,91
[05:25:47]  usr: null
[05:25:47]  src: the plating (122,158,1) (/turf/open/floor/plating)
[05:25:47]  call stack:
[05:25:47]the plating (122,158,1) (/turf/open/floor/plating): archive()
[05:25:47]space (122,159,1) (/turf/open/space): process cell(1337)
[05:25:47]Atmospherics (/datum/controller/subsystem/air): process active turfs(0)
[05:25:47]Atmospherics (/datum/controller/subsystem/air): fire(0)
[05:25:47]Atmospherics (/datum/controller/subsystem/air): ignite(1)
[05:25:47]Master (/datum/controller/master): RunQueue()
[05:25:47]Master (/datum/controller/master): Loop()
[05:25:47]Master (/datum/controller/master): StartProcessing(0)
runtime error: 
[05:25:47]Cannot read null.gases
[05:25:47]proc name: compare (/datum/gas_mixture/compare)
[05:25:47]  source file: gas_mixture.dm,387
[05:25:47]  usr: null
[05:25:47]  src: /datum/gas_mixture/immutable/s... (/datum/gas_mixture/immutable/space)
[05:25:47]  call stack:
[05:25:47]/datum/gas_mixture/immutable/s... (/datum/gas_mixture/immutable/space): compare(null)
[05:25:47]space (122,159,1) (/turf/open/space): process cell(1337)
[05:25:47]Atmospherics (/datum/controller/subsystem/air): process active turfs(0)
[05:25:47]Atmospherics (/datum/controller/subsystem/air): fire(0)
[05:25:47]Atmospherics (/datum/controller/subsystem/air): ignite(1)
[05:25:47]Master (/datum/controller/master): RunQueue()
[05:25:47]Master (/datum/controller/master): Loop()
[05:25:47]Master (/datum/controller/master): StartProcessing(0)
runtime error: 
[05:25:47]Cannot execute null.archive().
[05:25:47]proc name: archive (/turf/open/archive)
[05:25:47]  source file: LINDA_turf_tile.dm,91
runtime error: 
[05:25:47]Cannot read null.gases
[05:25:47]proc name: compare (/datum/gas_mixture/compare)
[05:25:47]  source file: gas_mixture.dm,387
runtime error: 
[05:25:47]Cannot execute null.archive().
[05:25:47]proc name: archive (/turf/open/archive)
[05:25:47]  source file: LINDA_turf_tile.dm,91
runtime error: 
[05:25:47]Cannot read null.gases
[05:25:47]proc name: compare (/datum/gas_mixture/compare)
[05:25:47]  source file: gas_mixture.dm,387
runtime error: 
[05:25:47]Cannot execute null.archive().
[05:25:47]proc name: archive (/turf/open/archive)
[05:25:47]  source file: LINDA_turf_tile.dm,91
runtime error: 
[05:25:47]Cannot read null.gases
[05:25:47]proc name: compare (/datum/gas_mixture/compare)
[05:25:47]  source file: gas_mixture.dm,387
runtime error: 
[05:25:49]Cannot execute null.archive().
[05:25:49]proc name: archive (/turf/open/archive)
[05:25:49]  source file: LINDA_turf_tile.dm,91
runtime error: 
[05:25:49]Cannot read null.gases
[05:25:49]proc name: compare (/datum/gas_mixture/compare)
[05:25:49]  source file: gas_mixture.dm,387
runtime error: 
[05:25:49]Cannot execute null.archive().
[05:25:49]proc name: archive (/turf/open/archive)
[05:25:49]  source file: LINDA_turf_tile.dm,91
runtime error: 
[05:25:49]Cannot read null.gases
[05:25:49]proc name: compare (/datum/gas_mixture/compare)
[05:25:49]  source file: gas_mixture.dm,387
runtime error: 
[05:25:49]Cannot execute null.archive().
[05:25:49]proc name: archive (/turf/open/archive)
[05:25:49]  source file: LINDA_turf_tile.dm,91
runtime error: 
[05:25:49]Cannot read null.gases
[05:25:49]proc name: compare (/datum/gas_mixture/compare)
[05:25:49]  source file: gas_mixture.dm,387
runtime error: 
[05:25:49]Cannot execute null.archive().
[05:25:49]proc name: archive (/turf/open/archive)
[05:25:49]  source file: LINDA_turf_tile.dm,91
runtime error: 
[05:25:49]Cannot read null.gases
[05:25:49]proc name: compare (/datum/gas_mixture/compare)
[05:25:49]  source file: gas_mixture.dm,387
runtime error: 
[05:25:49]Cannot execute null.archive().
[05:25:49]proc name: archive (/turf/open/archive)
[05:25:49]  source file: LINDA_turf_tile.dm,91
runtime error: 
[05:25:49]Cannot read null.gases
[05:25:49]proc name: compare (/datum/gas_mixture/compare)
[05:25:49]  source file: gas_mixture.dm,387
runtime error: 
[05:25:49]Cannot execute null.archive().
[05:25:49]proc name: archive (/turf/open/archive)
[05:25:49]  source file: LINDA_turf_tile.dm,91
runtime error: 
[05:25:49]Cannot read null.gases
[05:25:49]proc name: compare (/datum/gas_mixture/compare)
[05:25:49]  source file: gas_mixture.dm,387
runtime error: 
[05:25:49]Cannot execute null.archive().
[05:25:49]proc name: archive (/turf/open/archive)
[05:25:49]  source file: LINDA_turf_tile.dm,91
runtime error: 
[05:25:49]Cannot read null.gases
[05:25:49]proc name: compare (/datum/gas_mixture/compare)
[05:25:49]  source file: gas_mixture.dm,387
runtime error: 
[05:25:49]Cannot execute null.archive().
[05:25:49]proc name: archive (/turf/open/archive)
[05:25:49]  source file: LINDA_turf_tile.dm,91
runtime error: 
[05:25:49]Cannot read null.gases
[05:25:49]proc name: compare (/datum/gas_mixture/compare)
[05:25:49]  source file: gas_mixture.dm,387
runtime error: 
[05:25:49]Cannot execute null.archive().
[05:25:49]proc name: archive (/turf/open/archive)
[05:25:49]  source file: LINDA_turf_tile.dm,91
runtime error: 
[05:25:49]Cannot read null.gases
[05:25:49]proc name: compare (/datum/gas_mixture/compare)
[05:25:49]  source file: gas_mixture.dm,387
runtime error: 
[05:25:49]Cannot execute null.archive().
[05:25:49]proc name: archive (/turf/open/archive)
[05:25:49]  source file: LINDA_turf_tile.dm,91
runtime error: 
[05:25:49]Cannot read null.gases
[05:25:49]proc name: compare (/datum/gas_mixture/compare)
[05:25:49]  source file: gas_mixture.dm,387
runtime error: 
[05:25:49]Cannot execute null.archive().
[05:25:49]proc name: archive (/turf/open/archive)
[05:25:49]  source file: LINDA_turf_tile.dm,91
runtime error: 
[05:25:49]Cannot read null.gases
[05:25:49]proc name: compare (/datum/gas_mixture/compare)
[05:25:49]  source file: gas_mixture.dm,387
runtime error: 
[05:25:49]Cannot execute null.archive().
[05:25:49]proc name: archive (/turf/open/archive)
[05:25:49]  source file: LINDA_turf_tile.dm,91
runtime error: 
[05:25:49]Cannot read null.gases
[05:25:49]proc name: compare (/datum/gas_mixture/compare)
[05:25:49]  source file: gas_mixture.dm,387
runtime error: 
[05:25:49]Cannot execute null.archive().
[05:25:49]proc name: archive (/turf/open/archive)
[05:25:49]  source file: LINDA_turf_tile.dm,91
runtime error: 
[05:25:49]Cannot read null.gases
[05:25:49]proc name: compare (/datum/gas_mixture/compare)
[05:25:49]  source file: gas_mixture.dm,387
runtime error: 
[05:25:49]Cannot execute null.archive().
[05:25:49]proc name: archive (/turf/open/archive)
[05:25:49]  source file: LINDA_turf_tile.dm,91
runtime error: 
[05:25:49]Cannot read null.gases
[05:25:49]proc name: compare (/datum/gas_mixture/compare)
[05:25:49]  source file: gas_mixture.dm,387
## WARNING: couldn't find shuttle with id:  in code/controllers/subsystem/shuttle.dm at line 209 src: Shuttle usr: Radagast the Deathless.
## WARNING: couldn't find shuttle with id:  in code/controllers/subsystem/shuttle.dm at line 209 src: Shuttle usr: Radagast the Deathless.
## WARNING: couldn't find shuttle with id:  in code/controllers/subsystem/shuttle.dm at line 209 src: Shuttle usr: Radagast the Deathless.
runtime error: 
[05:39:51]nothing to animate
[05:39:51]proc name: shake camera (/proc/shake_camera)
[05:39:51]  source file: mob_helpers.dm,270
runtime error: 
[05:50:41]Cannot read null.air
[05:50:41]proc name: return air (/obj/machinery/atmospherics/pipe/return_air)
[05:50:41]  source file: pipes.dm,60
runtime error: 
[05:50:41]Cannot read null.temperature
[05:50:41]proc name: process atmos (/obj/machinery/atmospherics/pipe/heat_exchanging/process_atmos)
[05:50:41]  source file: he_pipes.dm,42
runtime error: 
[05:50:41]Cannot read null.air
[05:50:41]proc name: return air (/obj/machinery/atmospherics/pipe/return_air)
[05:50:41]  source file: pipes.dm,60
runtime error: 
[05:50:41]Cannot read null.temperature
[05:50:41]proc name: process atmos (/obj/machinery/atmospherics/pipe/heat_exchanging/process_atmos)
[05:50:41]  source file: he_pipes.dm,42
runtime error: 
[05:50:41]Cannot read null.air
[05:50:41]proc name: return air (/obj/machinery/atmospherics/pipe/return_air)
[05:50:41]  source file: pipes.dm,60
runtime error: 
[05:50:41]Cannot read null.temperature
[05:50:41]proc name: process atmos (/obj/machinery/atmospherics/pipe/heat_exchanging/process_atmos)
[05:50:41]  source file: he_pipes.dm,42
runtime error: 
[05:50:41]Cannot read null.air
[05:50:41]proc name: return air (/obj/machinery/atmospherics/pipe/return_air)
[05:50:41]  source file: pipes.dm,60
runtime error: 
[05:50:41]Cannot read null.temperature
[05:50:41]proc name: process atmos (/obj/machinery/atmospherics/pipe/heat_exchanging/process_atmos)
[05:50:41]  source file: he_pipes.dm,42
runtime error: 
[05:50:41]Cannot read null.air
[05:50:41]proc name: return air (/obj/machinery/atmospherics/pipe/return_air)
[05:50:41]  source file: pipes.dm,60
runtime error: 
[05:50:41]Cannot read null.temperature
[05:50:41]proc name: process atmos (/obj/machinery/atmospherics/pipe/heat_exchanging/process_atmos)
[05:50:41]  source file: he_pipes.dm,42
runtime error: 
[05:50:41]Cannot read null.air
[05:50:41]proc name: return air (/obj/machinery/atmospherics/pipe/return_air)
[05:50:41]  source file: pipes.dm,60
runtime error: 
[05:50:41]Cannot read null.temperature
[05:50:41]proc name: process atmos (/obj/machinery/atmospherics/pipe/heat_exchanging/process_atmos)
[05:50:41]  source file: he_pipes.dm,42
runtime error: 
[05:50:41]Cannot read null.air
[05:50:41]proc name: return air (/obj/machinery/atmospherics/pipe/return_air)
[05:50:41]  source file: pipes.dm,60
runtime error: 
[05:50:41]Cannot read null.temperature
[05:50:41]proc name: process atmos (/obj/machinery/atmospherics/pipe/heat_exchanging/process_atmos)
[05:50:41]  source file: he_pipes.dm,42
runtime error: 
[05:50:41]Cannot read null.air
[05:50:41]proc name: return air (/obj/machinery/atmospherics/pipe/return_air)
[05:50:41]  source file: pipes.dm,60
runtime error: 
[05:50:41]Cannot read null.temperature
[05:50:41]proc name: process atmos (/obj/machinery/atmospherics/pipe/heat_exchanging/process_atmos)
[05:50:41]  source file: he_pipes.dm,42
runtime error: 
[05:50:41]Cannot read null.air
[05:50:41]proc name: return air (/obj/machinery/atmospherics/pipe/return_air)
[05:50:41]  source file: pipes.dm,60
runtime error: 
[05:50:41]Cannot read null.temperature
[05:50:41]proc name: process atmos (/obj/machinery/atmospherics/pipe/heat_exchanging/process_atmos)
[05:50:41]  source file: he_pipes.dm,42
runtime error: 
[05:50:43]Cannot read null.air
[05:50:43]proc name: return air (/obj/machinery/atmospherics/pipe/return_air)
[05:50:43]  source file: pipes.dm,60
runtime error: 
[05:50:43]Cannot read null.temperature
[05:50:43]proc name: process atmos (/obj/machinery/atmospherics/pipe/heat_exchanging/process_atmos)
[05:50:43]  source file: he_pipes.dm,42
runtime error: 
[05:50:43]Cannot read null.air
[05:50:43]proc name: return air (/obj/machinery/atmospherics/pipe/return_air)
[05:50:43]  source file: pipes.dm,60
runtime error: 
[05:50:43]Cannot read null.temperature
[05:50:43]proc name: process atmos (/obj/machinery/atmospherics/pipe/heat_exchanging/process_atmos)
[05:50:43]  source file: he_pipes.dm,42
runtime error: 
[05:50:43]Cannot read null.air
[05:50:43]proc name: return air (/obj/machinery/atmospherics/pipe/return_air)
[05:50:43]  source file: pipes.dm,60
runtime error: 
[05:50:43]Cannot read null.temperature
[05:50:43]proc name: process atmos (/obj/machinery/atmospherics/pipe/heat_exchanging/process_atmos)
[05:50:43]  source file: he_pipes.dm,42
runtime error: 
[05:50:43]Cannot read null.air
[05:50:43]proc name: return air (/obj/machinery/atmospherics/pipe/return_air)
[05:50:43]  source file: pipes.dm,60
runtime error: 
[05:50:43]Cannot read null.temperature
[05:50:43]proc name: process atmos (/obj/machinery/atmospherics/pipe/heat_exchanging/process_atmos)
[05:50:43]  source file: he_pipes.dm,42
runtime error: 
[05:50:43]Cannot read null.air
[05:50:43]proc name: return air (/obj/machinery/atmospherics/pipe/return_air)
[05:50:43]  source file: pipes.dm,60
runtime error: 
[05:50:43]Cannot read null.temperature
[05:50:43]proc name: process atmos (/obj/machinery/atmospherics/pipe/heat_exchanging/process_atmos)
[05:50:43]  source file: he_pipes.dm,42
runtime error: 
[05:50:43]Cannot read null.air
[05:50:43]proc name: return air (/obj/machinery/atmospherics/pipe/return_air)
[05:50:43]  source file: pipes.dm,60
runtime error: 
[05:50:43]Cannot read null.temperature
[05:50:43]proc name: process atmos (/obj/machinery/atmospherics/pipe/heat_exchanging/process_atmos)
[05:50:43]  source file: he_pipes.dm,42
runtime error: 
[05:50:43]Cannot read null.air
[05:50:43]proc name: return air (/obj/machinery/atmospherics/pipe/return_air)
[05:50:43]  source file: pipes.dm,60
runtime error: 
[05:50:43]Cannot read null.temperature
[05:50:43]proc name: process atmos (/obj/machinery/atmospherics/pipe/heat_exchanging/process_atmos)
[05:50:43]  source file: he_pipes.dm,42
runtime error: 
[05:50:43]Cannot read null.air
[05:50:43]proc name: return air (/obj/machinery/atmospherics/pipe/return_air)
[05:50:43]  source file: pipes.dm,60
runtime error: 
[05:50:43]Cannot read null.temperature
[05:50:43]proc name: process atmos (/obj/machinery/atmospherics/pipe/heat_exchanging/process_atmos)
[05:50:43]  source file: he_pipes.dm,42
runtime error: 
[05:50:43]Cannot read null.air
[05:50:43]proc name: return air (/obj/machinery/atmospherics/pipe/return_air)
[05:50:43]  source file: pipes.dm,60
runtime error: 
[05:50:43]Cannot read null.temperature
[05:50:43]proc name: process atmos (/obj/machinery/atmospherics/pipe/heat_exchanging/process_atmos)
[05:50:43]  source file: he_pipes.dm,42
runtime error: 
[05:51:05]addtimer called with a callback assigned to a qdeleted object
[05:51:05]proc name: stack trace (/proc/stack_trace)
[05:51:05]  source file: unsorted.dm,1254
runtime error: 
[05:51:05]addtimer called with a callback assigned to a qdeleted object
[05:51:05]proc name: stack trace (/proc/stack_trace)
[05:51:05]  source file: unsorted.dm,1254
runtime error: 
[06:02:28]addtimer called with a callback assigned to a qdeleted object
[06:02:28]proc name: stack trace (/proc/stack_trace)
[06:02:28]  source file: unsorted.dm,1254
runtime error: 
[06:04:51]Cannot read null.species
[06:04:51]proc name: death (/mob/living/carbon/human/death)
[06:04:51]  source file: death.dm,37
runtime error: 
[06:04:51]Cannot execute null.has reagent().
[06:04:51]proc name: examine (/mob/living/carbon/human/examine)
[06:04:51]  source file: examine.dm,226
Saved 0 engraved messages on map Box Station
Shutting down Persistence subsystem...
Shutting down pathfinder subsystem...
Shutting down Squeak subsystem...
Shutting down Shuttle subsystem...
Shutting down Lighting subsystem...
Shutting down XKeyScore subsystem...
Shutting down Sticky Ban subsystem...
Shutting down Overlay subsystem...
Shutting down Icon Smoothing subsystem...
Shutting down Assets subsystem...
Shutting down Minimap subsystem...
Shutting down Atmospherics subsystem...
Shutting down Wet floors subsystem...
Shutting down Weather subsystem...
Shutting down Vote subsystem...
Shutting down Traumas subsystem...
Shutting down Title Screen subsystem...
Shutting down Time Tracking subsystem...
Shutting down Throwing subsystem...
Shutting down tgui subsystem...
Shutting down Sun subsystem...
Shutting down Space Drift subsystem...
Shutting down Religion subsystem...
Shutting down Radio subsystem...
Shutting down Radiation subsystem...
Shutting down Projectiles subsystem...
Shutting down Processing subsystem...
Shutting down Parallax subsystem...
Shutting down pAI subsystem...
Shutting down Orbits subsystem...
Shutting down Objects subsystem...
Shutting down NPC Pool subsystem...
Shutting down Night Shift subsystem...
Shutting down Mood subsystem...
Shutting down Mobs subsystem...
Shutting down Medals subsystem...
Shutting down Inbounds subsystem...
Shutting down Idling NPC Pool subsystem...
Shutting down Flightpack Movement subsystem...
Shutting down Fire Burning subsystem...
Shutting down Fields subsystem...
Shutting down Fast Processing subsystem...
Shutting down Disease subsystem...
Shutting down Communications subsystem...
Shutting down Augury subsystem...
Shutting down Acid subsystem...
Shutting down Timer subsystem...
Shutting down Circuit subsystem...
Shutting down Machines subsystem...
Shutting down Language subsystem...
Shutting down Atoms subsystem...
Shutting down Networks subsystem...
Shutting down Mapping subsystem...
Shutting down Ticker subsystem...
Shutting down Traits subsystem...
Shutting down Jobs subsystem...
Shutting down Events subsystem...
Shutting down Research subsystem...
Shutting down Input subsystem...
Shutting down Server Tasks subsystem...
Shutting down Blackbox subsystem...
Shutting down Database subsystem...
Shutting down Garbage subsystem...
Shutdown complete
World rebooted at 06:11:58
