

Starting up round ID 781. 23:04:02
---------------------
Initialized Database subsystem within 0 seconds!
Initialized Blackbox subsystem within 0 seconds!
Initialized Server Tasks subsystem within 0 seconds!
Initialized Input subsystem within 0 seconds!
Initialized Research subsystem within 0 seconds!
Initialized Events subsystem within 0 seconds!
Initialized Jobs subsystem within 0 seconds!
Initialized Traits subsystem within 0 seconds!
Initialized Ticker subsystem within 0 seconds!
Loading Box Station...
runtime error: 
[23:04:08]Cannot read null.melee
[23:04:08]proc name: attachArmor (/datum/armor/proc/attachArmor)
[23:04:08]  source file: armor.dm,59
[23:04:08]  usr: I_LOVE_SS13 (/mob/dead/new_player)
[23:04:08]  src: /datum/armor (/datum/armor)
[23:04:08]  usr.loc: the plating (8,174,1) (/turf/open/floor/plating)
[23:04:08]  call stack:
[23:04:08]/datum/armor (/datum/armor): attachArmor(null)
[23:04:08]the medal of captaincy (/obj/item/clothing/accessory/medal/gold/captain): attach(the captain\'s jumpsuit (/obj/item/clothing/under/rank/captain), null)
[23:04:08]the captain\'s jumpsuit (/obj/item/clothing/under/rank/captain): attach accessory(the medal of captaincy (/obj/item/clothing/accessory/medal/gold/captain), null, 1)
[23:04:08]Captain (/datum/outfit/job/captain): equip(Tyron Reade (/mob/living/carbon/human/dummy), 1)
[23:04:08]Tyron Reade (/mob/living/carbon/human/dummy): equipOutfit(/datum/outfit/job/captain (/datum/outfit/job/captain), 1)
[23:04:08]/datum/job/captain (/datum/job/captain): equip(Tyron Reade (/mob/living/carbon/human/dummy), 1, 1)
[23:04:08]/datum/preferences (/datum/preferences): update preview icon()
[23:04:08]/datum/preferences (/datum/preferences): ShowChoices(I_LOVE_SS13 (/mob/dead/new_player))
[23:04:08]I_LOVE_SS13 (/mob/dead/new_player): Topic("src=\[mob_5];show_preferences=...", /list (/list))
[23:04:08]I_LOVE_SS13 (/client): Topic("src=\[mob_5];show_preferences=...", /list (/list), I_LOVE_SS13 (/mob/dead/new_player))
[23:04:08]I_LOVE_SS13 (/client): Topic("src=\[mob_5];show_preferences=...", /list (/list), I_LOVE_SS13 (/mob/dead/new_player))
runtime error: 
[23:04:12]Cannot read null.melee
[23:04:12]proc name: attachArmor (/datum/armor/proc/attachArmor)
[23:04:12]  source file: armor.dm,59
[23:04:12]  usr: I_LOVE_SS13 (/mob/dead/new_player)
[23:04:12]  src: /datum/armor (/datum/armor)
[23:04:12]  usr.loc: the plating (8,174,1) (/turf/open/floor/plating)
[23:04:12]  call stack:
[23:04:12]/datum/armor (/datum/armor): attachArmor(null)
[23:04:12]the medal of captaincy (/obj/item/clothing/accessory/medal/gold/captain): attach(the captain\'s jumpsuit (/obj/item/clothing/under/rank/captain), null)
[23:04:12]the captain\'s jumpsuit (/obj/item/clothing/under/rank/captain): attach accessory(the medal of captaincy (/obj/item/clothing/accessory/medal/gold/captain), null, 1)
[23:04:12]Captain (/datum/outfit/job/captain): equip(Tyron Reade (/mob/living/carbon/human/dummy), 1)
[23:04:12]Tyron Reade (/mob/living/carbon/human/dummy): equipOutfit(/datum/outfit/job/captain (/datum/outfit/job/captain), 1)
[23:04:12]/datum/job/captain (/datum/job/captain): equip(Tyron Reade (/mob/living/carbon/human/dummy), 1, 1)
[23:04:12]/datum/preferences (/datum/preferences): update preview icon()
[23:04:12]/datum/preferences (/datum/preferences): ShowChoices(I_LOVE_SS13 (/mob/dead/new_player))
[23:04:12]I_LOVE_SS13 (/mob/dead/new_player): Topic("src=\[mob_5];show_preferences=...", /list (/list))
[23:04:12]I_LOVE_SS13 (/client): Topic("src=\[mob_5];show_preferences=...", /list (/list), I_LOVE_SS13 (/mob/dead/new_player))
[23:04:12]I_LOVE_SS13 (/client): Topic("src=\[mob_5];show_preferences=...", /list (/list), I_LOVE_SS13 (/mob/dead/new_player))
Loaded Station in 8.7s!
Loaded Lavaland in 6.1s!
Loaded Reebe in 5.9s!
Ruin loader finished with 0 left to spend.
Ruin loader finished with 0 left to spend.
Initialized Mapping subsystem within 30.6 seconds!
Initialized Networks subsystem within 0 seconds!
runtime error: 
[23:04:47]Bad areastring path for Vacant Office APC, area/security/vacantoffice
[23:04:47]proc name: stack trace (/datum/proc/stack_trace)
[23:04:47]  source file: unsorted.dm,1257
[23:04:47]  usr: null
[23:04:47]  src: Vacant Office APC (/obj/machinery/power/apc)
[23:04:47]  src.loc: the floor (88,129,2) (/turf/open/floor/plasteel/grimy)
[23:04:47]  call stack:
[23:04:47]Vacant Office APC (/obj/machinery/power/apc): stack trace("Bad areastring path for Vacant...")
[23:04:47]Vacant Office APC (/obj/machinery/power/apc): Initialize(1)
[23:04:47]Atoms (/datum/controller/subsystem/atoms): InitAtom(Vacant Office APC (/obj/machinery/power/apc), /list (/list))
[23:04:47]Atoms (/datum/controller/subsystem/atoms): InitializeAtoms(null)
[23:04:47]Atoms (/datum/controller/subsystem/atoms): Initialize(830790)
[23:04:47]Master (/datum/controller/master): Initialize(10, 0)
Initialized Atoms subsystem within 51.8 seconds!
Initialized Language subsystem within 0 seconds!
Initialized Machines subsystem within 0.4 seconds!
Initialized Circuit subsystem within 0.1 seconds!
Initialized Disease subsystem within 0 seconds!
Initialized Medals subsystem within 0 seconds!
Initialized Night Shift subsystem within 0 seconds!
Initialized Parallax subsystem within 0 seconds!
Initialized Traumas subsystem within 0.1 seconds!
Initialized Weather subsystem within 0 seconds!
## WARNING: There are 1 active turfs at roundstart, this is a mapping error caused by a difference of the air between the adjacent turfs. You can see its coordinates using "Mapping -> Show roundstart AT list" verb (debug verbs required)
## WARNING: HEY! LISTEN! 0 seconds were wasted processing 1 turf(s) (connected to 7 other turfs) with atmos differences at round start.
## WARNING: build_pipeline(): /obj/machinery/atmospherics/pipe/simple/supply/hidden added to a pipenet while still having one. (pipes leading to the same spot stacking in one turf) Nearby: (108, 118, 2)
## WARNING: build_pipeline(): /obj/machinery/atmospherics/pipe/manifold/supply/hidden added to a pipenet while still having one. (pipes leading to the same spot stacking in one turf) Nearby: (106, 118, 2)
## WARNING: build_pipeline(): /obj/machinery/atmospherics/pipe/simple/supply/hidden added to a pipenet while still having one. (pipes leading to the same spot stacking in one turf) Nearby: (109, 118, 2)
## WARNING: build_pipeline(): /obj/machinery/atmospherics/pipe/simple/supply/hidden added to a pipenet while still having one. (pipes leading to the same spot stacking in one turf) Nearby: (107, 118, 2)
## WARNING: build_pipeline(): /obj/machinery/atmospherics/pipe/simple/supply/hidden added to a pipenet while still having one. (pipes leading to the same spot stacking in one turf) Nearby: (106, 119, 2)
## WARNING: build_pipeline(): /obj/machinery/atmospherics/pipe/simple/supply/hidden added to a pipenet while still having one. (pipes leading to the same spot stacking in one turf) Nearby: (106, 117, 2)
## WARNING: build_pipeline(): /obj/machinery/atmospherics/pipe/simple/supply/hidden added to a pipenet while still having one. (pipes leading to the same spot stacking in one turf) Nearby: (106, 120, 2)
## WARNING: build_pipeline(): /obj/machinery/atmospherics/pipe/simple/supply/hidden added to a pipenet while still having one. (pipes leading to the same spot stacking in one turf) Nearby: (106, 116, 2)
## WARNING: build_pipeline(): /obj/machinery/atmospherics/pipe/simple/supply/hidden added to a pipenet while still having one. (pipes leading to the same spot stacking in one turf) Nearby: (106, 121, 2)
## WARNING: build_pipeline(): /obj/machinery/atmospherics/pipe/simple/supply/hidden added to a pipenet while still having one. (pipes leading to the same spot stacking in one turf) Nearby: (106, 115, 2)
## WARNING: build_pipeline(): further messages about pipenets will be supressed
Initialized Atmospherics subsystem within 19.6 seconds!
Initialized Minimap subsystem within 0.3 seconds!
Initialized Assets subsystem within 0.8 seconds!
Initialized Icon Smoothing subsystem within 8.1 seconds!
Initialized Overlay subsystem within 23.7 seconds!
Initialized XKeyScore subsystem within 0 seconds!
Initialized Sticky Ban subsystem within 0 seconds!
Initialized Lighting subsystem within 14.7 seconds!
Initialized Shuttle subsystem within 26.5 seconds!
Initialized Squeak subsystem within 0.1 seconds!
Initialized pathfinder subsystem within 0 seconds!
Loaded 117 engraved messages on map Box Station
Initialized Persistence subsystem within 0.1 seconds!
Initializations complete within 178.4 seconds!
Game start took 32.8s
runtime error: 
[23:09:34]nothing to animate
[23:09:34]proc name: shake camera (/proc/shake_camera)
[23:09:34]  source file: mob_helpers.dm,270
[23:09:34]  usr: (src)
[23:09:34]  src: null
[23:09:34]  call stack:
[23:09:34]shake camera(Making The Music (/mob/living/carbon/human), 0.75, 1)
[23:09:34]Making The Music (/mob/living/carbon/human): afterShuttleMove(space (17,18,13) (/turf/open/space/transit/west), /list (/list), 8, 8, 8, 0)
[23:09:34]Making The Music (/mob/living/carbon/human): afterShuttleMove(space (17,18,13) (/turf/open/space/transit/west), /list (/list), 8, 8, 8, 0)
[23:09:34]the arrivals shuttle (/obj/docking_port/mobile/arrivals): cleanup runway(the arrivals (/obj/docking_port/stationary), /list (/list), /list (/list), /list (/list), /list (/list), 0, 8, Space (/area/space), /turf/open/space/transit/west (/turf/open/space/transit/west), /turf/open/space (/turf/open/space))
[23:09:34]the arrivals shuttle (/obj/docking_port/mobile/arrivals): initiate docking(the arrivals (/obj/docking_port/stationary), 8, 0)
[23:09:34]the arrivals shuttle (/obj/docking_port/mobile/arrivals): initiate docking(the arrivals (/obj/docking_port/stationary), 8)
[23:09:34]the arrivals shuttle (/obj/docking_port/mobile/arrivals): check()
[23:09:34]the arrivals shuttle (/obj/docking_port/mobile/arrivals): check()
[23:09:34]Shuttle (/datum/controller/subsystem/shuttle): fire(0)
[23:09:34]Shuttle (/datum/controller/subsystem/shuttle): ignite(0)
runtime error: 
[23:16:09]addtimer called with a callback assigned to a qdeleted object
[23:16:09]proc name: stack trace (/proc/stack_trace)
[23:16:09]  source file: unsorted.dm,1254
[23:16:09]  usr: 0
[23:16:09]  src: null
[23:16:09]  call stack:
[23:16:09]stack trace("addtimer called with a callbac...")
[23:16:09]addtimer(/datum/callback (/datum/callback), 20, 0)
[23:16:09]/datum/effect_system/spark_spr... (/datum/effect_system/spark_spread): generate effect()
[23:16:09]world: ImmediateInvokeAsync(/datum/effect_system/spark_spr... (/datum/effect_system/spark_spread), /datum/effect_system/proc/gene... (/datum/effect_system/proc/generate_effect))
runtime error: 
[23:16:09]addtimer called with a callback assigned to a qdeleted object
[23:16:09]proc name: stack trace (/proc/stack_trace)
[23:16:09]  source file: unsorted.dm,1254
[23:16:09]  usr: 0
[23:16:09]  src: null
[23:16:09]  call stack:
[23:16:09]stack trace("addtimer called with a callbac...")
[23:16:09]addtimer(/datum/callback (/datum/callback), 20, 0)
[23:16:09]/datum/effect_system/spark_spr... (/datum/effect_system/spark_spread): generate effect()
[23:16:09]world: ImmediateInvokeAsync(/datum/effect_system/spark_spr... (/datum/effect_system/spark_spread), /datum/effect_system/proc/gene... (/datum/effect_system/proc/generate_effect))
runtime error: 
[23:18:16]nothing to animate
[23:18:16]proc name: shake camera (/proc/shake_camera)
[23:18:16]  source file: mob_helpers.dm,270
[23:18:16]  usr: (src)
[23:18:16]  src: null
[23:18:16]  call stack:
[23:18:16]shake camera(Greta Hardy (/mob/living/carbon/human), 0.75, 1)
[23:18:16]Greta Hardy (/mob/living/carbon/human): afterShuttleMove(space (23,19,13) (/turf/open/space/transit/west), /list (/list), 8, 8, 8, 0)
[23:18:16]Greta Hardy (/mob/living/carbon/human): afterShuttleMove(space (23,19,13) (/turf/open/space/transit/west), /list (/list), 8, 8, 8, 0)
[23:18:16]the arrivals shuttle (/obj/docking_port/mobile/arrivals): cleanup runway(the arrivals (/obj/docking_port/stationary), /list (/list), /list (/list), /list (/list), /list (/list), 0, 8, Space (/area/space), /turf/open/space/transit/west (/turf/open/space/transit/west), /turf/open/space (/turf/open/space))
[23:18:16]the arrivals shuttle (/obj/docking_port/mobile/arrivals): initiate docking(the arrivals (/obj/docking_port/stationary), 8, 0)
[23:18:16]the arrivals shuttle (/obj/docking_port/mobile/arrivals): initiate docking(the arrivals (/obj/docking_port/stationary), 8)
[23:18:16]the arrivals shuttle (/obj/docking_port/mobile/arrivals): check()
[23:18:16]the arrivals shuttle (/obj/docking_port/mobile/arrivals): check()
[23:18:16]Shuttle (/datum/controller/subsystem/shuttle): fire(0)
[23:18:16]Shuttle (/datum/controller/subsystem/shuttle): ignite(0)
runtime error: 
[23:19:15]log(0) is not computable
[23:19:15]proc name: heat2colour g (/proc/heat2colour_g)
[23:19:15]  source file: type2type.dm,419
[23:19:15]  usr: (src)
[23:19:15]  src: null
[23:19:15]  call stack:
[23:19:15]heat2colour g(0)
[23:19:15]the hotspot (/obj/effect/hotspot): update color()
[23:19:15]the hotspot (/obj/effect/hotspot): process()
[23:19:15]Atmospherics (/datum/controller/subsystem/air): process hotspots(0)
[23:19:15]Atmospherics (/datum/controller/subsystem/air): fire(0)
[23:19:15]Atmospherics (/datum/controller/subsystem/air): ignite(1)
[23:19:15]Master (/datum/controller/master): RunQueue()
[23:19:15]Master (/datum/controller/master): Loop()
[23:19:15]Master (/datum/controller/master): StartProcessing(0)
runtime error: 
[23:24:18]list index out of bounds
[23:24:18]proc name: nullifyPipenet (/obj/machinery/atmospherics/components/proc/nullifyPipenet)
[23:24:18]  source file: components_base.dm,75
[23:24:18]  usr: null
[23:24:18]  src: the Head of Personnel\'s Offic... (/obj/machinery/atmospherics/components/unary/vent_pump/on)
[23:24:18]  src.loc: the floor (109,119,2) (/turf/open/floor/plasteel)
[23:24:18]  call stack:
[23:24:18]the Head of Personnel\'s Offic... (/obj/machinery/atmospherics/components/unary/vent_pump/on): nullifyPipenet(/datum/pipeline (/datum/pipeline))
[23:24:18]/datum/pipeline (/datum/pipeline): Destroy(0)
[23:24:18]qdel(/datum/pipeline (/datum/pipeline), 0)
[23:24:18]the scrubbers pipe (/obj/machinery/atmospherics/pipe/simple/scrubbers/visible): destroy network()
[23:24:18]the scrubbers pipe (/obj/machinery/atmospherics/pipe/manifold/scrubbers/hidden): disconnect(the scrubbers pipe (/obj/machinery/atmospherics/pipe/simple/scrubbers/visible))
[23:24:18]the scrubbers pipe (/obj/machinery/atmospherics/pipe/simple/scrubbers/visible): nullifyNode(1)
[23:24:18]the scrubbers pipe (/obj/machinery/atmospherics/pipe/simple/scrubbers/visible): nullifyNode(1)
[23:24:18]the scrubbers pipe (/obj/machinery/atmospherics/pipe/simple/scrubbers/visible): Destroy(0)
[23:24:18]the scrubbers pipe (/obj/machinery/atmospherics/pipe/simple/scrubbers/visible): Destroy(0)
[23:24:18]qdel(the scrubbers pipe (/obj/machinery/atmospherics/pipe/simple/scrubbers/visible), 0)
[23:24:18]the scrubbers pipe (/obj/machinery/atmospherics/pipe/simple/scrubbers/visible): ex act(1, null)
[23:24:18]the reinforced floor (108,61,2) (/turf/open/floor/engine): contents explosion(1, null)
[23:24:18]the reinforced floor (108,61,2) (/turf/open/floor/engine): ex act(1, null)
[23:24:18]/datum/explosion (/datum/explosion): New(space (113,66,2) (/turf/open/space), 14.98, 31.9599, 33.9599, 35.9599, 1, 1, 0, 0, 0)
runtime error: 
[23:24:18]list index out of bounds
[23:24:18]proc name: nullifyPipenet (/obj/machinery/atmospherics/components/proc/nullifyPipenet)
[23:24:18]  source file: components_base.dm,75
[23:24:18]  usr: null
[23:24:18]  src: the Head of Personnel\'s Offic... (/obj/machinery/atmospherics/components/unary/vent_pump/on)
[23:24:18]  src.loc: the floor (105,115,2) (/turf/open/floor/plasteel)
[23:24:18]  call stack:
[23:24:18]the Head of Personnel\'s Offic... (/obj/machinery/atmospherics/components/unary/vent_pump/on): nullifyPipenet(/datum/pipeline (/datum/pipeline))
[23:24:18]/datum/pipeline (/datum/pipeline): Destroy(0)
[23:24:18]qdel(/datum/pipeline (/datum/pipeline), 0)
[23:24:18]the scrubbers pipe (/obj/machinery/atmospherics/pipe/simple/scrubbers/visible): destroy network()
[23:24:18]the scrubbers pipe (/obj/machinery/atmospherics/pipe/manifold/scrubbers/hidden): disconnect(the scrubbers pipe (/obj/machinery/atmospherics/pipe/simple/scrubbers/visible))
[23:24:18]the scrubbers pipe (/obj/machinery/atmospherics/pipe/simple/scrubbers/visible): nullifyNode(1)
[23:24:18]the scrubbers pipe (/obj/machinery/atmospherics/pipe/simple/scrubbers/visible): nullifyNode(1)
[23:24:18]the scrubbers pipe (/obj/machinery/atmospherics/pipe/simple/scrubbers/visible): Destroy(0)
[23:24:18]the scrubbers pipe (/obj/machinery/atmospherics/pipe/simple/scrubbers/visible): Destroy(0)
[23:24:18]qdel(the scrubbers pipe (/obj/machinery/atmospherics/pipe/simple/scrubbers/visible), 0)
[23:24:18]the scrubbers pipe (/obj/machinery/atmospherics/pipe/simple/scrubbers/visible): ex act(1, null)
[23:24:18]the reinforced floor (108,61,2) (/turf/open/floor/engine): contents explosion(1, null)
[23:24:18]the reinforced floor (108,61,2) (/turf/open/floor/engine): ex act(1, null)
[23:24:18]/datum/explosion (/datum/explosion): New(space (113,66,2) (/turf/open/space), 14.98, 31.9599, 33.9599, 35.9599, 1, 1, 0, 0, 0)
runtime error: 
[23:24:18]list index out of bounds
[23:24:18]proc name: nullifyPipenet (/obj/machinery/atmospherics/components/proc/nullifyPipenet)
[23:24:18]  source file: components_base.dm,75
[23:24:18]  usr: null
[23:24:18]  src: the Heads of Staff Meeting Roo... (/obj/machinery/atmospherics/components/unary/vent_pump/on)
[23:24:18]  src.loc: the carpet (102,130,2) (/turf/open/floor/carpet)
[23:24:18]  call stack:
[23:24:18]the Heads of Staff Meeting Roo... (/obj/machinery/atmospherics/components/unary/vent_pump/on): nullifyPipenet(/datum/pipeline (/datum/pipeline))
[23:24:18]/datum/pipeline (/datum/pipeline): Destroy(0)
[23:24:18]qdel(/datum/pipeline (/datum/pipeline), 0)
[23:24:18]the scrubbers pipe (/obj/machinery/atmospherics/pipe/simple/scrubbers/visible): destroy network()
[23:24:18]the scrubbers pipe (/obj/machinery/atmospherics/pipe/manifold/scrubbers/hidden): disconnect(the scrubbers pipe (/obj/machinery/atmospherics/pipe/simple/scrubbers/visible))
[23:24:18]the scrubbers pipe (/obj/machinery/atmospherics/pipe/simple/scrubbers/visible): nullifyNode(1)
[23:24:18]the scrubbers pipe (/obj/machinery/atmospherics/pipe/simple/scrubbers/visible): nullifyNode(1)
[23:24:18]the scrubbers pipe (/obj/machinery/atmospherics/pipe/simple/scrubbers/visible): Destroy(0)
[23:24:18]the scrubbers pipe (/obj/machinery/atmospherics/pipe/simple/scrubbers/visible): Destroy(0)
[23:24:18]qdel(the scrubbers pipe (/obj/machinery/atmospherics/pipe/simple/scrubbers/visible), 0)
[23:24:18]the scrubbers pipe (/obj/machinery/atmospherics/pipe/simple/scrubbers/visible): ex act(1, null)
[23:24:18]the reinforced floor (108,61,2) (/turf/open/floor/engine): contents explosion(1, null)
[23:24:18]the reinforced floor (108,61,2) (/turf/open/floor/engine): ex act(1, null)
[23:24:18]/datum/explosion (/datum/explosion): New(space (113,66,2) (/turf/open/space), 14.98, 31.9599, 33.9599, 35.9599, 1, 1, 0, 0, 0)
runtime error: 
[23:24:18]list index out of bounds
[23:24:18]proc name: nullifyPipenet (/obj/machinery/atmospherics/components/proc/nullifyPipenet)
[23:24:18]  source file: components_base.dm,75
[23:24:18]  usr: null
[23:24:18]  src: the Bridge vent pump #1 (/obj/machinery/atmospherics/components/unary/vent_pump/on)
[23:24:18]  src.loc: the floor (117,136,2) (/turf/open/floor/plasteel)
[23:24:18]  call stack:
[23:24:18]the Bridge vent pump #1 (/obj/machinery/atmospherics/components/unary/vent_pump/on): nullifyPipenet(/datum/pipeline (/datum/pipeline))
[23:24:18]/datum/pipeline (/datum/pipeline): Destroy(0)
[23:24:18]qdel(/datum/pipeline (/datum/pipeline), 0)
[23:24:18]the scrubbers pipe (/obj/machinery/atmospherics/pipe/simple/scrubbers/visible): destroy network()
[23:24:18]the scrubbers pipe (/obj/machinery/atmospherics/pipe/manifold/scrubbers/hidden): disconnect(the scrubbers pipe (/obj/machinery/atmospherics/pipe/simple/scrubbers/visible))
[23:24:18]the scrubbers pipe (/obj/machinery/atmospherics/pipe/simple/scrubbers/visible): nullifyNode(1)
[23:24:18]the scrubbers pipe (/obj/machinery/atmospherics/pipe/simple/scrubbers/visible): nullifyNode(1)
[23:24:18]the scrubbers pipe (/obj/machinery/atmospherics/pipe/simple/scrubbers/visible): Destroy(0)
[23:24:18]the scrubbers pipe (/obj/machinery/atmospherics/pipe/simple/scrubbers/visible): Destroy(0)
[23:24:18]qdel(the scrubbers pipe (/obj/machinery/atmospherics/pipe/simple/scrubbers/visible), 0)
[23:24:18]the scrubbers pipe (/obj/machinery/atmospherics/pipe/simple/scrubbers/visible): ex act(1, null)
[23:24:18]the reinforced floor (108,61,2) (/turf/open/floor/engine): contents explosion(1, null)
[23:24:18]the reinforced floor (108,61,2) (/turf/open/floor/engine): ex act(1, null)
[23:24:18]/datum/explosion (/datum/explosion): New(space (113,66,2) (/turf/open/space), 14.98, 31.9599, 33.9599, 35.9599, 1, 1, 0, 0, 0)
runtime error: 
[23:24:18]list index out of bounds
[23:24:18]proc name: nullifyPipenet (/obj/machinery/atmospherics/components/proc/nullifyPipenet)
[23:24:18]  source file: components_base.dm,75
[23:24:18]  usr: null
[23:24:18]  src: the Captain\'s Office vent pum... (/obj/machinery/atmospherics/components/unary/vent_pump/on)
[23:24:18]  src.loc: the carpet (123,131,2) (/turf/open/floor/carpet)
[23:24:18]  call stack:
[23:24:18]the Captain\'s Office vent pum... (/obj/machinery/atmospherics/components/unary/vent_pump/on): nullifyPipenet(/datum/pipeline (/datum/pipeline))
[23:24:18]/datum/pipeline (/datum/pipeline): Destroy(0)
[23:24:18]qdel(/datum/pipeline (/datum/pipeline), 0)
[23:24:18]the scrubbers pipe (/obj/machinery/atmospherics/pipe/simple/scrubbers/visible): destroy network()
[23:24:18]the scrubbers pipe (/obj/machinery/atmospherics/pipe/manifold/scrubbers/hidden): disconnect(the scrubbers pipe (/obj/machinery/atmospherics/pipe/simple/scrubbers/visible))
[23:24:18]the scrubbers pipe (/obj/machinery/atmospherics/pipe/simple/scrubbers/visible): nullifyNode(1)
[23:24:18]the scrubbers pipe (/obj/machinery/atmospherics/pipe/simple/scrubbers/visible): nullifyNode(1)
[23:24:18]the scrubbers pipe (/obj/machinery/atmospherics/pipe/simple/scrubbers/visible): Destroy(0)
[23:24:18]the scrubbers pipe (/obj/machinery/atmospherics/pipe/simple/scrubbers/visible): Destroy(0)
[23:24:18]qdel(the scrubbers pipe (/obj/machinery/atmospherics/pipe/simple/scrubbers/visible), 0)
[23:24:18]the scrubbers pipe (/obj/machinery/atmospherics/pipe/simple/scrubbers/visible): ex act(1, null)
[23:24:18]the reinforced floor (108,61,2) (/turf/open/floor/engine): contents explosion(1, null)
[23:24:18]the reinforced floor (108,61,2) (/turf/open/floor/engine): ex act(1, null)
[23:24:18]/datum/explosion (/datum/explosion): New(space (113,66,2) (/turf/open/space), 14.98, 31.9599, 33.9599, 35.9599, 1, 1, 0, 0, 0)
runtime error: 
[23:24:18]list index out of bounds
[23:24:18]proc name: nullifyPipenet (/obj/machinery/atmospherics/components/proc/nullifyPipenet)
[23:24:18]  source file: components_base.dm,75
[23:24:18]  usr: null
[23:24:18]  src: the AI Upload Chamber vent pum... (/obj/machinery/atmospherics/components/unary/vent_pump/on)
[23:24:18]  src.loc: the floor (116,128,2) (/turf/open/floor/plasteel/dark)
[23:24:18]  call stack:
[23:24:18]the AI Upload Chamber vent pum... (/obj/machinery/atmospherics/components/unary/vent_pump/on): nullifyPipenet(/datum/pipeline (/datum/pipeline))
[23:24:18]/datum/pipeline (/datum/pipeline): Destroy(0)
[23:24:18]qdel(/datum/pipeline (/datum/pipeline), 0)
[23:24:18]the scrubbers pipe (/obj/machinery/atmospherics/pipe/simple/scrubbers/visible): destroy network()
[23:24:18]the scrubbers pipe (/obj/machinery/atmospherics/pipe/manifold/scrubbers/hidden): disconnect(the scrubbers pipe (/obj/machinery/atmospherics/pipe/simple/scrubbers/visible))
[23:24:18]the scrubbers pipe (/obj/machinery/atmospherics/pipe/simple/scrubbers/visible): nullifyNode(1)
[23:24:18]the scrubbers pipe (/obj/machinery/atmospherics/pipe/simple/scrubbers/visible): nullifyNode(1)
[23:24:18]the scrubbers pipe (/obj/machinery/atmospherics/pipe/simple/scrubbers/visible): Destroy(0)
[23:24:18]the scrubbers pipe (/obj/machinery/atmospherics/pipe/simple/scrubbers/visible): Destroy(0)
[23:24:18]qdel(the scrubbers pipe (/obj/machinery/atmospherics/pipe/simple/scrubbers/visible), 0)
[23:24:18]the scrubbers pipe (/obj/machinery/atmospherics/pipe/simple/scrubbers/visible): ex act(1, null)
[23:24:18]the reinforced floor (108,61,2) (/turf/open/floor/engine): contents explosion(1, null)
[23:24:18]the reinforced floor (108,61,2) (/turf/open/floor/engine): ex act(1, null)
[23:24:18]/datum/explosion (/datum/explosion): New(space (113,66,2) (/turf/open/space), 14.98, 31.9599, 33.9599, 35.9599, 1, 1, 0, 0, 0)
runtime error: 
[23:24:18]list index out of bounds
[23:24:18]proc name: nullifyPipenet (/obj/machinery/atmospherics/components/proc/nullifyPipenet)
[23:24:18]  source file: components_base.dm,75
[23:24:18]  usr: null
[23:24:18]  src: the Gravity Generator Room ven... (/obj/machinery/atmospherics/components/unary/vent_pump/on)
[23:24:18]  src.loc: the floor (115,123,2) (/turf/open/floor/plasteel/dark)
[23:24:18]  call stack:
[23:24:18]the Gravity Generator Room ven... (/obj/machinery/atmospherics/components/unary/vent_pump/on): nullifyPipenet(/datum/pipeline (/datum/pipeline))
[23:24:18]/datum/pipeline (/datum/pipeline): Destroy(0)
[23:24:18]qdel(/datum/pipeline (/datum/pipeline), 0)
[23:24:18]the scrubbers pipe (/obj/machinery/atmospherics/pipe/simple/scrubbers/visible): destroy network()
[23:24:18]the scrubbers pipe (/obj/machinery/atmospherics/pipe/manifold/scrubbers/hidden): disconnect(the scrubbers pipe (/obj/machinery/atmospherics/pipe/simple/scrubbers/visible))
[23:24:18]the scrubbers pipe (/obj/machinery/atmospherics/pipe/simple/scrubbers/visible): nullifyNode(1)
[23:24:18]the scrubbers pipe (/obj/machinery/atmospherics/pipe/simple/scrubbers/visible): nullifyNode(1)
[23:24:18]the scrubbers pipe (/obj/machinery/atmospherics/pipe/simple/scrubbers/visible): Destroy(0)
[23:24:18]the scrubbers pipe (/obj/machinery/atmospherics/pipe/simple/scrubbers/visible): Destroy(0)
[23:24:18]qdel(the scrubbers pipe (/obj/machinery/atmospherics/pipe/simple/scrubbers/visible), 0)
[23:24:18]the scrubbers pipe (/obj/machinery/atmospherics/pipe/simple/scrubbers/visible): ex act(1, null)
[23:24:18]the reinforced floor (108,61,2) (/turf/open/floor/engine): contents explosion(1, null)
[23:24:18]the reinforced floor (108,61,2) (/turf/open/floor/engine): ex act(1, null)
[23:24:18]/datum/explosion (/datum/explosion): New(space (113,66,2) (/turf/open/space), 14.98, 31.9599, 33.9599, 35.9599, 1, 1, 0, 0, 0)
runtime error: 
[23:24:18]list index out of bounds
[23:24:18]proc name: nullifyPipenet (/obj/machinery/atmospherics/components/proc/nullifyPipenet)
[23:24:18]  source file: components_base.dm,75
[23:24:18]  usr: null
[23:24:18]  src: the Captain\'s Office vent pum... (/obj/machinery/atmospherics/components/unary/vent_pump/on)
[23:24:18]  src.loc: the carpet (122,122,2) (/turf/open/floor/carpet)
[23:24:18]  call stack:
[23:24:18]the Captain\'s Office vent pum... (/obj/machinery/atmospherics/components/unary/vent_pump/on): nullifyPipenet(/datum/pipeline (/datum/pipeline))
[23:24:18]/datum/pipeline (/datum/pipeline): Destroy(0)
[23:24:18]qdel(/datum/pipeline (/datum/pipeline), 0)
[23:24:18]the scrubbers pipe (/obj/machinery/atmospherics/pipe/simple/scrubbers/visible): destroy network()
[23:24:18]the scrubbers pipe (/obj/machinery/atmospherics/pipe/manifold/scrubbers/hidden): disconnect(the scrubbers pipe (/obj/machinery/atmospherics/pipe/simple/scrubbers/visible))
[23:24:18]the scrubbers pipe (/obj/machinery/atmospherics/pipe/simple/scrubbers/visible): nullifyNode(1)
[23:24:18]the scrubbers pipe (/obj/machinery/atmospherics/pipe/simple/scrubbers/visible): nullifyNode(1)
[23:24:18]the scrubbers pipe (/obj/machinery/atmospherics/pipe/simple/scrubbers/visible): Destroy(0)
[23:24:18]the scrubbers pipe (/obj/machinery/atmospherics/pipe/simple/scrubbers/visible): Destroy(0)
[23:24:18]qdel(the scrubbers pipe (/obj/machinery/atmospherics/pipe/simple/scrubbers/visible), 0)
[23:24:18]the scrubbers pipe (/obj/machinery/atmospherics/pipe/simple/scrubbers/visible): ex act(1, null)
[23:24:18]the reinforced floor (108,61,2) (/turf/open/floor/engine): contents explosion(1, null)
[23:24:18]the reinforced floor (108,61,2) (/turf/open/floor/engine): ex act(1, null)
[23:24:18]/datum/explosion (/datum/explosion): New(space (113,66,2) (/turf/open/space), 14.98, 31.9599, 33.9599, 35.9599, 1, 1, 0, 0, 0)
runtime error: 
[23:24:18]list index out of bounds
[23:24:18]proc name: nullifyPipenet (/obj/machinery/atmospherics/components/proc/nullifyPipenet)
[23:24:18]  source file: components_base.dm,75
[23:24:18]  usr: null
[23:24:18]  src: the Captain\'s Office vent pum... (/obj/machinery/atmospherics/components/unary/vent_pump/on)
[23:24:18]  src.loc: the floor (118,121,2) (/turf/open/floor/plasteel)
[23:24:18]  call stack:
[23:24:18]the Captain\'s Office vent pum... (/obj/machinery/atmospherics/components/unary/vent_pump/on): nullifyPipenet(/datum/pipeline (/datum/pipeline))
[23:24:18]/datum/pipeline (/datum/pipeline): Destroy(0)
[23:24:18]qdel(/datum/pipeline (/datum/pipeline), 0)
[23:24:18]the scrubbers pipe (/obj/machinery/atmospherics/pipe/simple/scrubbers/visible): destroy network()
[23:24:18]the scrubbers pipe (/obj/machinery/atmospherics/pipe/manifold/scrubbers/hidden): disconnect(the scrubbers pipe (/obj/machinery/atmospherics/pipe/simple/scrubbers/visible))
[23:24:18]the scrubbers pipe (/obj/machinery/atmospherics/pipe/simple/scrubbers/visible): nullifyNode(1)
[23:24:18]the scrubbers pipe (/obj/machinery/atmospherics/pipe/simple/scrubbers/visible): nullifyNode(1)
[23:24:18]the scrubbers pipe (/obj/machinery/atmospherics/pipe/simple/scrubbers/visible): Destroy(0)
[23:24:18]the scrubbers pipe (/obj/machinery/atmospherics/pipe/simple/scrubbers/visible): Destroy(0)
[23:24:18]qdel(the scrubbers pipe (/obj/machinery/atmospherics/pipe/simple/scrubbers/visible), 0)
[23:24:18]the scrubbers pipe (/obj/machinery/atmospherics/pipe/simple/scrubbers/visible): ex act(1, null)
[23:24:18]the reinforced floor (108,61,2) (/turf/open/floor/engine): contents explosion(1, null)
[23:24:18]the reinforced floor (108,61,2) (/turf/open/floor/engine): ex act(1, null)
[23:24:18]/datum/explosion (/datum/explosion): New(space (113,66,2) (/turf/open/space), 14.98, 31.9599, 33.9599, 35.9599, 1, 1, 0, 0, 0)
runtime error: 
[23:24:18]list index out of bounds
[23:24:18]proc name: nullifyPipenet (/obj/machinery/atmospherics/components/proc/nullifyPipenet)
[23:24:18]  source file: components_base.dm,75
[23:24:18]  usr: null
[23:24:18]  src: the Gravity Generator Room ven... (/obj/machinery/atmospherics/components/unary/vent_pump/on)
[23:24:18]  src.loc: the floor (114,118,2) (/turf/open/floor/plasteel)
[23:24:18]  call stack:
[23:24:18]the Gravity Generator Room ven... (/obj/machinery/atmospherics/components/unary/vent_pump/on): nullifyPipenet(/datum/pipeline (/datum/pipeline))
[23:24:18]/datum/pipeline (/datum/pipeline): Destroy(0)
[23:24:18]qdel(/datum/pipeline (/datum/pipeline), 0)
[23:24:18]the scrubbers pipe (/obj/machinery/atmospherics/pipe/simple/scrubbers/visible): destroy network()
[23:24:18]the scrubbers pipe (/obj/machinery/atmospherics/pipe/manifold/scrubbers/hidden): disconnect(the scrubbers pipe (/obj/machinery/atmospherics/pipe/simple/scrubbers/visible))
[23:24:18]the scrubbers pipe (/obj/machinery/atmospherics/pipe/simple/scrubbers/visible): nullifyNode(1)
[23:24:18]the scrubbers pipe (/obj/machinery/atmospherics/pipe/simple/scrubbers/visible): nullifyNode(1)
[23:24:18]the scrubbers pipe (/obj/machinery/atmospherics/pipe/simple/scrubbers/visible): Destroy(0)
[23:24:18]the scrubbers pipe (/obj/machinery/atmospherics/pipe/simple/scrubbers/visible): Destroy(0)
[23:24:18]qdel(the scrubbers pipe (/obj/machinery/atmospherics/pipe/simple/scrubbers/visible), 0)
[23:24:18]the scrubbers pipe (/obj/machinery/atmospherics/pipe/simple/scrubbers/visible): ex act(1, null)
[23:24:18]the reinforced floor (108,61,2) (/turf/open/floor/engine): contents explosion(1, null)
[23:24:18]the reinforced floor (108,61,2) (/turf/open/floor/engine): ex act(1, null)
[23:24:18]/datum/explosion (/datum/explosion): New(space (113,66,2) (/turf/open/space), 14.98, 31.9599, 33.9599, 35.9599, 1, 1, 0, 0, 0)
runtime error: 
[23:24:18]list index out of bounds
[23:24:18]proc name: nullifyPipenet (/obj/machinery/atmospherics/components/proc/nullifyPipenet)
[23:24:18]  source file: components_base.dm,75
runtime error: 
[23:24:18]list index out of bounds
[23:24:18]proc name: nullifyPipenet (/obj/machinery/atmospherics/components/proc/nullifyPipenet)
[23:24:18]  source file: components_base.dm,75
runtime error: 
[23:24:18]list index out of bounds
[23:24:18]proc name: nullifyPipenet (/obj/machinery/atmospherics/components/proc/nullifyPipenet)
[23:24:18]  source file: components_base.dm,75
runtime error: 
[23:24:18]list index out of bounds
[23:24:18]proc name: nullifyPipenet (/obj/machinery/atmospherics/components/proc/nullifyPipenet)
[23:24:18]  source file: components_base.dm,75
runtime error: 
[23:24:18]list index out of bounds
[23:24:18]proc name: nullifyPipenet (/obj/machinery/atmospherics/components/proc/nullifyPipenet)
[23:24:18]  source file: components_base.dm,75
runtime error: 
[23:24:18]list index out of bounds
[23:24:18]proc name: nullifyPipenet (/obj/machinery/atmospherics/components/proc/nullifyPipenet)
[23:24:18]  source file: components_base.dm,75
runtime error: 
[23:24:18]list index out of bounds
[23:24:18]proc name: nullifyPipenet (/obj/machinery/atmospherics/components/proc/nullifyPipenet)
[23:24:18]  source file: components_base.dm,75
runtime error: 
[23:24:18]list index out of bounds
[23:24:18]proc name: nullifyPipenet (/obj/machinery/atmospherics/components/proc/nullifyPipenet)
[23:24:18]  source file: components_base.dm,75
runtime error: 
[23:24:18]list index out of bounds
[23:24:18]proc name: nullifyPipenet (/obj/machinery/atmospherics/components/proc/nullifyPipenet)
[23:24:18]  source file: components_base.dm,75
runtime error: 
[23:24:18]list index out of bounds
[23:24:18]proc name: nullifyPipenet (/obj/machinery/atmospherics/components/proc/nullifyPipenet)
[23:24:18]  source file: components_base.dm,75
runtime error: 
[23:24:18]list index out of bounds
[23:24:18]proc name: nullifyPipenet (/obj/machinery/atmospherics/components/proc/nullifyPipenet)
[23:24:18]  source file: components_base.dm,75
runtime error: 
[23:24:18]list index out of bounds
[23:24:18]proc name: nullifyPipenet (/obj/machinery/atmospherics/components/proc/nullifyPipenet)
[23:24:18]  source file: components_base.dm,75
runtime error: 
[23:24:18]list index out of bounds
[23:24:18]proc name: nullifyPipenet (/obj/machinery/atmospherics/components/proc/nullifyPipenet)
[23:24:18]  source file: components_base.dm,75
runtime error: 
[23:24:18]list index out of bounds
[23:24:18]proc name: nullifyPipenet (/obj/machinery/atmospherics/components/proc/nullifyPipenet)
[23:24:18]  source file: components_base.dm,75
runtime error: 
[23:24:18]list index out of bounds
[23:24:18]proc name: nullifyPipenet (/obj/machinery/atmospherics/components/proc/nullifyPipenet)
[23:24:18]  source file: components_base.dm,75
runtime error: 
[23:24:18]list index out of bounds
[23:24:18]proc name: nullifyPipenet (/obj/machinery/atmospherics/components/proc/nullifyPipenet)
[23:24:18]  source file: components_base.dm,75
runtime error: 
[23:24:18]list index out of bounds
[23:24:18]proc name: nullifyPipenet (/obj/machinery/atmospherics/components/proc/nullifyPipenet)
[23:24:18]  source file: components_base.dm,75
runtime error: 
[23:24:18]list index out of bounds
[23:24:18]proc name: nullifyPipenet (/obj/machinery/atmospherics/components/proc/nullifyPipenet)
[23:24:18]  source file: components_base.dm,75
runtime error: 
[23:24:18]list index out of bounds
[23:24:18]proc name: nullifyPipenet (/obj/machinery/atmospherics/components/proc/nullifyPipenet)
[23:24:18]  source file: components_base.dm,75
runtime error: 
[23:24:18]list index out of bounds
[23:24:18]proc name: nullifyPipenet (/obj/machinery/atmospherics/components/proc/nullifyPipenet)
[23:24:18]  source file: components_base.dm,75
runtime error: 
[23:24:18]list index out of bounds
[23:24:18]proc name: nullifyPipenet (/obj/machinery/atmospherics/components/proc/nullifyPipenet)
[23:24:18]  source file: components_base.dm,75
runtime error: 
[23:24:18]list index out of bounds
[23:24:18]proc name: nullifyPipenet (/obj/machinery/atmospherics/components/proc/nullifyPipenet)
[23:24:18]  source file: components_base.dm,75
runtime error: 
[23:24:18]list index out of bounds
[23:24:18]proc name: nullifyPipenet (/obj/machinery/atmospherics/components/proc/nullifyPipenet)
[23:24:18]  source file: components_base.dm,75
runtime error: 
[23:24:18]list index out of bounds
[23:24:18]proc name: nullifyPipenet (/obj/machinery/atmospherics/components/proc/nullifyPipenet)
[23:24:18]  source file: components_base.dm,75
runtime error: 
[23:24:18]list index out of bounds
[23:24:18]proc name: nullifyPipenet (/obj/machinery/atmospherics/components/proc/nullifyPipenet)
[23:24:18]  source file: components_base.dm,75
runtime error: 
[23:24:18]list index out of bounds
[23:24:18]proc name: nullifyPipenet (/obj/machinery/atmospherics/components/proc/nullifyPipenet)
[23:24:18]  source file: components_base.dm,75
runtime error: 
[23:24:18]list index out of bounds
[23:24:18]proc name: nullifyPipenet (/obj/machinery/atmospherics/components/proc/nullifyPipenet)
[23:24:18]  source file: components_base.dm,75
runtime error: 
[23:24:18]list index out of bounds
[23:24:18]proc name: nullifyPipenet (/obj/machinery/atmospherics/components/proc/nullifyPipenet)
[23:24:18]  source file: components_base.dm,75
runtime error: 
[23:24:18]list index out of bounds
[23:24:18]proc name: nullifyPipenet (/obj/machinery/atmospherics/components/proc/nullifyPipenet)
[23:24:18]  source file: components_base.dm,75
runtime error: 
[23:24:18]list index out of bounds
[23:24:18]proc name: nullifyPipenet (/obj/machinery/atmospherics/components/proc/nullifyPipenet)
[23:24:18]  source file: components_base.dm,75
runtime error: 
[23:24:18]list index out of bounds
[23:24:18]proc name: nullifyPipenet (/obj/machinery/atmospherics/components/proc/nullifyPipenet)
[23:24:18]  source file: components_base.dm,75
runtime error: 
[23:24:18]list index out of bounds
[23:24:18]proc name: nullifyPipenet (/obj/machinery/atmospherics/components/proc/nullifyPipenet)
[23:24:18]  source file: components_base.dm,75
runtime error: 
[23:24:18]list index out of bounds
[23:24:18]proc name: nullifyPipenet (/obj/machinery/atmospherics/components/proc/nullifyPipenet)
[23:24:18]  source file: components_base.dm,75
runtime error: 
[23:24:18]list index out of bounds
[23:24:18]proc name: nullifyPipenet (/obj/machinery/atmospherics/components/proc/nullifyPipenet)
[23:24:18]  source file: components_base.dm,75
runtime error: 
[23:24:18]list index out of bounds
[23:24:18]proc name: nullifyPipenet (/obj/machinery/atmospherics/components/proc/nullifyPipenet)
[23:24:18]  source file: components_base.dm,75
runtime error: 
[23:24:18]list index out of bounds
[23:24:18]proc name: nullifyPipenet (/obj/machinery/atmospherics/components/proc/nullifyPipenet)
[23:24:18]  source file: components_base.dm,75
runtime error: 
[23:24:18]list index out of bounds
[23:24:18]proc name: nullifyPipenet (/obj/machinery/atmospherics/components/proc/nullifyPipenet)
[23:24:18]  source file: components_base.dm,75
runtime error: 
[23:24:18]list index out of bounds
[23:24:18]proc name: nullifyPipenet (/obj/machinery/atmospherics/components/proc/nullifyPipenet)
[23:24:18]  source file: components_base.dm,75
runtime error: 
[23:24:18]list index out of bounds
[23:24:18]proc name: nullifyPipenet (/obj/machinery/atmospherics/components/proc/nullifyPipenet)
[23:24:18]  source file: components_base.dm,75
runtime error: 
[23:24:18]list index out of bounds
[23:24:18]proc name: nullifyPipenet (/obj/machinery/atmospherics/components/proc/nullifyPipenet)
[23:24:18]  source file: components_base.dm,75
runtime error: 
[23:24:18]list index out of bounds
[23:24:18]proc name: nullifyPipenet (/obj/machinery/atmospherics/components/proc/nullifyPipenet)
[23:24:18]  source file: components_base.dm,75
runtime error: 
[23:24:22]Cannot read null.air
runtime error: 
[23:24:22]Cannot read null.air
runtime error: 
[23:24:22]Cannot read null.air
runtime error: 
[23:24:22]Cannot read null.air
runtime error: 
[23:24:23]Component is missing a pipenet! Rebuilding...
runtime error: 
[23:24:23]Component is missing a pipenet! Rebuilding...
runtime error: 
[23:24:23]Component is missing a pipenet! Rebuilding...
runtime error: 
[23:24:23]Component is missing a pipenet! Rebuilding...
runtime error: 
[23:24:23]Component is missing a pipenet! Rebuilding...
runtime error: 
[23:24:23]Component is missing a pipenet! Rebuilding...
runtime error: 
[23:24:23]Component is missing a pipenet! Rebuilding...
runtime error: 
[23:24:23]Component is missing a pipenet! Rebuilding...
runtime error: 
[23:24:23]Component is missing a pipenet! Rebuilding...
runtime error: 
[23:24:23]Component is missing a pipenet! Rebuilding...
runtime error: 
[23:24:23]Component is missing a pipenet! Rebuilding...
runtime error: 
[23:24:23]Component is missing a pipenet! Rebuilding...
runtime error: 
[23:24:23]Component is missing a pipenet! Rebuilding...
runtime error: 
[23:24:23]Component is missing a pipenet! Rebuilding...
runtime error: 
[23:24:23]Component is missing a pipenet! Rebuilding...
runtime error: 
[23:24:23]Component is missing a pipenet! Rebuilding...
runtime error: 
[23:24:23]Component is missing a pipenet! Rebuilding...
runtime error: 
[23:24:23]Component is missing a pipenet! Rebuilding...
runtime error: 
[23:24:23]Component is missing a pipenet! Rebuilding...
runtime error: 
[23:24:23]Component is missing a pipenet! Rebuilding...
runtime error: 
[23:24:23]Component is missing a pipenet! Rebuilding...
runtime error: 
[23:24:23]Component is missing a pipenet! Rebuilding...
runtime error: 
[23:24:23]Component is missing a pipenet! Rebuilding...
runtime error: 
[23:24:23]Component is missing a pipenet! Rebuilding...
runtime error: 
[23:24:23]Component is missing a pipenet! Rebuilding...
runtime error: 
[23:24:23]Component is missing a pipenet! Rebuilding...
runtime error: 
[23:24:23]Component is missing a pipenet! Rebuilding...
runtime error: 
[23:24:23]Component is missing a pipenet! Rebuilding...
runtime error: 
[23:24:23]Component is missing a pipenet! Rebuilding...
runtime error: 
[23:24:23]Component is missing a pipenet! Rebuilding...
runtime error: 
[23:24:23]Component is missing a pipenet! Rebuilding...
runtime error: 
[23:24:23]Component is missing a pipenet! Rebuilding...
runtime error: 
[23:24:23]Component is missing a pipenet! Rebuilding...
runtime error: 
[23:24:23]Component is missing a pipenet! Rebuilding...
runtime error: 
[23:24:23]Component is missing a pipenet! Rebuilding...
runtime error: 
[23:24:23]Component is missing a pipenet! Rebuilding...
runtime error: 
[23:24:23]Component is missing a pipenet! Rebuilding...
runtime error: 
[23:24:23]Component is missing a pipenet! Rebuilding...
runtime error: 
[23:24:23]Component is missing a pipenet! Rebuilding...
runtime error: 
[23:24:23]Component is missing a pipenet! Rebuilding...
runtime error: 
[23:24:23]Component is missing a pipenet! Rebuilding...
runtime error: 
[23:24:23]Component is missing a pipenet! Rebuilding...
runtime error: 
[23:24:23]Component is missing a pipenet! Rebuilding...
runtime error: 
[23:24:23]Component is missing a pipenet! Rebuilding...
runtime error: 
[23:24:23]Component is missing a pipenet! Rebuilding...
runtime error: 
[23:24:23]Component is missing a pipenet! Rebuilding...
runtime error: 
[23:24:23]Component is missing a pipenet! Rebuilding...
runtime error: 
[23:24:23]Component is missing a pipenet! Rebuilding...
runtime error: 
[23:24:23]Component is missing a pipenet! Rebuilding...
runtime error: 
[23:24:23]Component is missing a pipenet! Rebuilding...
runtime error: 
[23:24:23]Component is missing a pipenet! Rebuilding...
runtime error: 
[23:24:29]Cannot read null.air
runtime error: 
[23:24:29]Cannot read null.air
runtime error: 
[23:24:29]Cannot read null.air
runtime error: 
[23:24:29]Cannot read null.air
runtime error: 
[23:24:41]Cannot read null.air
runtime error: 
[23:24:41]Cannot read null.air
runtime error: 
[23:24:41]Cannot read null.air
runtime error: 
[23:24:41]Cannot read null.air
runtime error: 
[23:24:50]addtimer called with a callback assigned to a qdeleted object
runtime error: 
[23:24:50]addtimer called with a callback assigned to a qdeleted object
runtime error: 
[23:24:51]Cannot read null.air
runtime error: 
[23:24:51]Cannot read null.air
runtime error: 
[23:24:52]Cannot read null.air
runtime error: 
[23:24:52]Cannot read null.air
runtime error: 
[23:24:57]Cannot read null.air
runtime error: 
[23:24:57]Cannot read null.air
runtime error: 
[23:24:57]Cannot read null.air
runtime error: 
[23:24:59]Cannot read null.air
runtime error: 
[23:24:59]Cannot read null.air
runtime error: 
[23:24:59]Cannot read null.air
runtime error: 
[23:25:02]Cannot read null.air
runtime error: 
[23:25:02]Cannot read null.air
runtime error: 
[23:25:02]Cannot read null.air
runtime error: 
[23:25:17]nothing to animate
runtime error: 
[23:28:51]list index out of bounds
runtime error: 
[23:29:30]/datum/pipeline has one or more null gas mixtures, which may cause bugs. Null mixtures will not be considered in reconcile_air().
runtime error: 
[23:29:31]/datum/pipeline has one or more null gas mixtures, which may cause bugs. Null mixtures will not be considered in reconcile_air().
runtime error: 
[23:29:31]/datum/pipeline has one or more null gas mixtures, which may cause bugs. Null mixtures will not be considered in reconcile_air().
runtime error: 
[23:29:32]/datum/pipeline has one or more null gas mixtures, which may cause bugs. Null mixtures will not be considered in reconcile_air().
runtime error: 
[23:29:33]/datum/pipeline has one or more null gas mixtures, which may cause bugs. Null mixtures will not be considered in reconcile_air().
runtime error: 
[23:29:34]/datum/pipeline has one or more null gas mixtures, which may cause bugs. Null mixtures will not be considered in reconcile_air().
runtime error: 
[23:29:34]/datum/pipeline has one or more null gas mixtures, which may cause bugs. Null mixtures will not be considered in reconcile_air().
runtime error: 
[23:29:35]/datum/pipeline has one or more null gas mixtures, which may cause bugs. Null mixtures will not be considered in reconcile_air().
runtime error: 
[23:29:36]/datum/pipeline has one or more null gas mixtures, which may cause bugs. Null mixtures will not be considered in reconcile_air().
runtime error: 
[23:29:36]/datum/pipeline has one or more null gas mixtures, which may cause bugs. Null mixtures will not be considered in reconcile_air().
runtime error: 
[23:29:37]/datum/pipeline has one or more null gas mixtures, which may cause bugs. Null mixtures will not be considered in reconcile_air().
runtime error: 
[23:29:37]/datum/pipeline has one or more null gas mixtures, which may cause bugs. Null mixtures will not be considered in reconcile_air().
runtime error: 
[23:29:38]/datum/pipeline has one or more null gas mixtures, which may cause bugs. Null mixtures will not be considered in reconcile_air().
runtime error: 
[23:29:39]/datum/pipeline has one or more null gas mixtures, which may cause bugs. Null mixtures will not be considered in reconcile_air().
runtime error: 
[23:29:39]/datum/pipeline has one or more null gas mixtures, which may cause bugs. Null mixtures will not be considered in reconcile_air().
runtime error: 
[23:29:40]/datum/pipeline has one or more null gas mixtures, which may cause bugs. Null mixtures will not be considered in reconcile_air().
runtime error: 
[23:29:41]/datum/pipeline has one or more null gas mixtures, which may cause bugs. Null mixtures will not be considered in reconcile_air().
runtime error: 
[23:29:41]/datum/pipeline has one or more null gas mixtures, which may cause bugs. Null mixtures will not be considered in reconcile_air().
runtime error: 
[23:29:42]/datum/pipeline has one or more null gas mixtures, which may cause bugs. Null mixtures will not be considered in reconcile_air().
runtime error: 
[23:29:43]/datum/pipeline has one or more null gas mixtures, which may cause bugs. Null mixtures will not be considered in reconcile_air().
runtime error: 
[23:29:43]/datum/pipeline has one or more null gas mixtures, which may cause bugs. Null mixtures will not be considered in reconcile_air().
runtime error: 
[23:29:44]/datum/pipeline has one or more null gas mixtures, which may cause bugs. Null mixtures will not be considered in reconcile_air().
runtime error: 
[23:29:44]/datum/pipeline has one or more null gas mixtures, which may cause bugs. Null mixtures will not be considered in reconcile_air().
runtime error: 
[23:29:46]/datum/pipeline has one or more null gas mixtures, which may cause bugs. Null mixtures will not be considered in reconcile_air().
runtime error: 
[23:29:46]/datum/pipeline has one or more null gas mixtures, which may cause bugs. Null mixtures will not be considered in reconcile_air().
runtime error: 
[23:29:47]/datum/pipeline has one or more null gas mixtures, which may cause bugs. Null mixtures will not be considered in reconcile_air().
runtime error: 
[23:29:48]/datum/pipeline has one or more null gas mixtures, which may cause bugs. Null mixtures will not be considered in reconcile_air().
runtime error: 
[23:29:48]/datum/pipeline has one or more null gas mixtures, which may cause bugs. Null mixtures will not be considered in reconcile_air().
runtime error: 
[23:29:49]/datum/pipeline has one or more null gas mixtures, which may cause bugs. Null mixtures will not be considered in reconcile_air().
runtime error: 
[23:29:50]/datum/pipeline has one or more null gas mixtures, which may cause bugs. Null mixtures will not be considered in reconcile_air().
runtime error: 
[23:29:51]/datum/pipeline has one or more null gas mixtures, which may cause bugs. Null mixtures will not be considered in reconcile_air().
runtime error: 
[23:29:51]/datum/pipeline has one or more null gas mixtures, which may cause bugs. Null mixtures will not be considered in reconcile_air().
runtime error: 
[23:29:52]/datum/pipeline has one or more null gas mixtures, which may cause bugs. Null mixtures will not be considered in reconcile_air().
runtime error: 
[23:29:53]/datum/pipeline has one or more null gas mixtures, which may cause bugs. Null mixtures will not be considered in reconcile_air().
runtime error: 
[23:29:53]/datum/pipeline has one or more null gas mixtures, which may cause bugs. Null mixtures will not be considered in reconcile_air().
runtime error: 
[23:29:54]/datum/pipeline has one or more null gas mixtures, which may cause bugs. Null mixtures will not be considered in reconcile_air().
runtime error: 
[23:29:54]/datum/pipeline has one or more null gas mixtures, which may cause bugs. Null mixtures will not be considered in reconcile_air().
runtime error: 
[23:29:55]/datum/pipeline has one or more null gas mixtures, which may cause bugs. Null mixtures will not be considered in reconcile_air().
runtime error: 
[23:29:56]/datum/pipeline has one or more null gas mixtures, which may cause bugs. Null mixtures will not be considered in reconcile_air().
runtime error: 
[23:29:56]/datum/pipeline has one or more null gas mixtures, which may cause bugs. Null mixtures will not be considered in reconcile_air().
runtime error: 
[23:29:57]/datum/pipeline has one or more null gas mixtures, which may cause bugs. Null mixtures will not be considered in reconcile_air().
runtime error: 
[23:29:58]/datum/pipeline has one or more null gas mixtures, which may cause bugs. Null mixtures will not be considered in reconcile_air().
runtime error: 
[23:29:59]/datum/pipeline has one or more null gas mixtures, which may cause bugs. Null mixtures will not be considered in reconcile_air().
runtime error: 
[23:30:00]/datum/pipeline has one or more null gas mixtures, which may cause bugs. Null mixtures will not be considered in reconcile_air().
runtime error: 
[23:30:00]/datum/pipeline has one or more null gas mixtures, which may cause bugs. Null mixtures will not be considered in reconcile_air().
runtime error: 
[23:30:01]/datum/pipeline has one or more null gas mixtures, which may cause bugs. Null mixtures will not be considered in reconcile_air().
runtime error: 
[23:30:01]/datum/pipeline has one or more null gas mixtures, which may cause bugs. Null mixtures will not be considered in reconcile_air().
runtime error: 
[23:30:02]/datum/pipeline has one or more null gas mixtures, which may cause bugs. Null mixtures will not be considered in reconcile_air().
runtime error: 
[23:30:03]/datum/pipeline has one or more null gas mixtures, which may cause bugs. Null mixtures will not be considered in reconcile_air().
runtime error: 
[23:30:03]/datum/pipeline has one or more null gas mixtures, which may cause bugs. Null mixtures will not be considered in reconcile_air().
runtime error: 
[23:30:04]/datum/pipeline has one or more null gas mixtures, which may cause bugs. Null mixtures will not be considered in reconcile_air().
runtime error: 
[23:37:23]nothing to animate
runtime error: 
[23:38:44]nothing to animate
runtime error: 
[23:41:39]/datum/pipeline has one or more null gas mixtures, which may cause bugs. Null mixtures will not be considered in reconcile_air().
runtime error: 
[23:41:40]/datum/pipeline has one or more null gas mixtures, which may cause bugs. Null mixtures will not be considered in reconcile_air().
runtime error: 
[23:41:41]/datum/pipeline has one or more null gas mixtures, which may cause bugs. Null mixtures will not be considered in reconcile_air().
runtime error: 
[23:41:41]/datum/pipeline has one or more null gas mixtures, which may cause bugs. Null mixtures will not be considered in reconcile_air().
runtime error: 
[23:41:42]/datum/pipeline has one or more null gas mixtures, which may cause bugs. Null mixtures will not be considered in reconcile_air().
runtime error: 
[23:41:42]/datum/pipeline has one or more null gas mixtures, which may cause bugs. Null mixtures will not be considered in reconcile_air().
runtime error: 
[23:41:43]/datum/pipeline has one or more null gas mixtures, which may cause bugs. Null mixtures will not be considered in reconcile_air().
runtime error: 
[23:41:44]/datum/pipeline has one or more null gas mixtures, which may cause bugs. Null mixtures will not be considered in reconcile_air().
runtime error: 
[23:41:44]/datum/pipeline has one or more null gas mixtures, which may cause bugs. Null mixtures will not be considered in reconcile_air().
runtime error: 
[23:41:45]/datum/pipeline has one or more null gas mixtures, which may cause bugs. Null mixtures will not be considered in reconcile_air().
runtime error: 
[23:41:45]/datum/pipeline has one or more null gas mixtures, which may cause bugs. Null mixtures will not be considered in reconcile_air().
runtime error: 
[23:41:46]/datum/pipeline has one or more null gas mixtures, which may cause bugs. Null mixtures will not be considered in reconcile_air().
runtime error: 
[23:41:47]/datum/pipeline has one or more null gas mixtures, which may cause bugs. Null mixtures will not be considered in reconcile_air().
runtime error: 
[23:41:47]/datum/pipeline has one or more null gas mixtures, which may cause bugs. Null mixtures will not be considered in reconcile_air().
runtime error: 
[23:41:48]/datum/pipeline has one or more null gas mixtures, which may cause bugs. Null mixtures will not be considered in reconcile_air().
runtime error: 
[23:41:48]/datum/pipeline has one or more null gas mixtures, which may cause bugs. Null mixtures will not be considered in reconcile_air().
runtime error: 
[23:41:49]/datum/pipeline has one or more null gas mixtures, which may cause bugs. Null mixtures will not be considered in reconcile_air().
runtime error: 
[23:41:50]/datum/pipeline has one or more null gas mixtures, which may cause bugs. Null mixtures will not be considered in reconcile_air().
runtime error: 
[23:41:50]/datum/pipeline has one or more null gas mixtures, which may cause bugs. Null mixtures will not be considered in reconcile_air().
runtime error: 
[23:41:51]/datum/pipeline has one or more null gas mixtures, which may cause bugs. Null mixtures will not be considered in reconcile_air().
runtime error: 
[23:41:51]/datum/pipeline has one or more null gas mixtures, which may cause bugs. Null mixtures will not be considered in reconcile_air().
runtime error: 
[23:41:52]/datum/pipeline has one or more null gas mixtures, which may cause bugs. Null mixtures will not be considered in reconcile_air().
runtime error: 
[23:41:53]/datum/pipeline has one or more null gas mixtures, which may cause bugs. Null mixtures will not be considered in reconcile_air().
runtime error: 
[23:41:53]/datum/pipeline has one or more null gas mixtures, which may cause bugs. Null mixtures will not be considered in reconcile_air().
runtime error: 
[23:41:54]/datum/pipeline has one or more null gas mixtures, which may cause bugs. Null mixtures will not be considered in reconcile_air().
runtime error: 
[23:41:54]/datum/pipeline has one or more null gas mixtures, which may cause bugs. Null mixtures will not be considered in reconcile_air().
runtime error: 
[23:41:55]/datum/pipeline has one or more null gas mixtures, which may cause bugs. Null mixtures will not be considered in reconcile_air().
runtime error: 
[23:41:56]/datum/pipeline has one or more null gas mixtures, which may cause bugs. Null mixtures will not be considered in reconcile_air().
runtime error: 
[23:41:56]/datum/pipeline has one or more null gas mixtures, which may cause bugs. Null mixtures will not be considered in reconcile_air().
runtime error: 
[23:41:57]/datum/pipeline has one or more null gas mixtures, which may cause bugs. Null mixtures will not be considered in reconcile_air().
runtime error: 
[23:41:57]/datum/pipeline has one or more null gas mixtures, which may cause bugs. Null mixtures will not be considered in reconcile_air().
runtime error: 
[23:41:58]/datum/pipeline has one or more null gas mixtures, which may cause bugs. Null mixtures will not be considered in reconcile_air().
runtime error: 
[23:41:59]/datum/pipeline has one or more null gas mixtures, which may cause bugs. Null mixtures will not be considered in reconcile_air().
runtime error: 
[23:41:59]/datum/pipeline has one or more null gas mixtures, which may cause bugs. Null mixtures will not be considered in reconcile_air().
runtime error: 
[23:42:00]/datum/pipeline has one or more null gas mixtures, which may cause bugs. Null mixtures will not be considered in reconcile_air().
runtime error: 
[23:42:00]/datum/pipeline has one or more null gas mixtures, which may cause bugs. Null mixtures will not be considered in reconcile_air().
runtime error: 
[23:42:01]/datum/pipeline has one or more null gas mixtures, which may cause bugs. Null mixtures will not be considered in reconcile_air().
runtime error: 
[23:42:02]/datum/pipeline has one or more null gas mixtures, which may cause bugs. Null mixtures will not be considered in reconcile_air().
runtime error: 
[23:42:02]/datum/pipeline has one or more null gas mixtures, which may cause bugs. Null mixtures will not be considered in reconcile_air().
runtime error: 
[23:42:03]/datum/pipeline has one or more null gas mixtures, which may cause bugs. Null mixtures will not be considered in reconcile_air().
runtime error: 
[23:42:03]/datum/pipeline has one or more null gas mixtures, which may cause bugs. Null mixtures will not be considered in reconcile_air().
runtime error: 
[23:42:04]/datum/pipeline has one or more null gas mixtures, which may cause bugs. Null mixtures will not be considered in reconcile_air().
runtime error: 
[23:42:05]/datum/pipeline has one or more null gas mixtures, which may cause bugs. Null mixtures will not be considered in reconcile_air().
runtime error: 
[23:42:05]/datum/pipeline has one or more null gas mixtures, which may cause bugs. Null mixtures will not be considered in reconcile_air().
runtime error: 
[23:42:06]/datum/pipeline has one or more null gas mixtures, which may cause bugs. Null mixtures will not be considered in reconcile_air().
runtime error: 
[23:42:06]/datum/pipeline has one or more null gas mixtures, which may cause bugs. Null mixtures will not be considered in reconcile_air().
runtime error: 
[23:42:07]/datum/pipeline has one or more null gas mixtures, which may cause bugs. Null mixtures will not be considered in reconcile_air().
runtime error: 
[23:42:08]/datum/pipeline has one or more null gas mixtures, which may cause bugs. Null mixtures will not be considered in reconcile_air().
runtime error: 
[23:42:08]/datum/pipeline has one or more null gas mixtures, which may cause bugs. Null mixtures will not be considered in reconcile_air().
runtime error: 
[23:42:09]/datum/pipeline has one or more null gas mixtures, which may cause bugs. Null mixtures will not be considered in reconcile_air().
runtime error: 
[23:42:09]/datum/pipeline has one or more null gas mixtures, which may cause bugs. Null mixtures will not be considered in reconcile_air().
runtime error: 
[23:45:48]undefined variable /turf/closed/wall/rust/var/air
runtime error: 
[23:45:48]Cannot execute null.archive().
runtime error: 
[23:45:48]Cannot read null.gases
runtime error: 
[23:45:48]Cannot execute null.archive().
runtime error: 
[23:45:48]Cannot read null.gases
runtime error: 
[23:45:48]undefined variable /turf/closed/wall/rust/var/air
runtime error: 
[23:45:48]Cannot execute null.archive().
runtime error: 
[23:45:48]Cannot read null.gases
runtime error: 
[23:45:48]Cannot execute null.archive().
runtime error: 
[23:45:48]Cannot read null.gases
runtime error: 
[23:45:48]Cannot execute null.archive().
runtime error: 
[23:45:48]Cannot read null.gases
runtime error: 
[23:45:48]Cannot execute null.archive().
runtime error: 
[23:45:48]Cannot read null.gases
runtime error: 
[23:45:48]Cannot execute null.archive().
runtime error: 
[23:45:48]Cannot read null.gases
runtime error: 
[23:45:48]Cannot execute null.archive().
runtime error: 
[23:45:48]Cannot read null.gases
runtime error: 
[23:45:48]undefined variable /turf/closed/wall/r_wall/var/air
runtime error: 
[23:45:48]Cannot execute null.archive().
runtime error: 
[23:45:48]Cannot read null.gases
runtime error: 
[23:45:48]undefined variable /turf/closed/wall/r_wall/rust/var/air
runtime error: 
[23:45:48]Cannot execute null.archive().
runtime error: 
[23:45:48]Cannot read null.gases
runtime error: 
[23:45:48]undefined variable /turf/closed/wall/r_wall/var/air
runtime error: 
[23:45:48]undefined variable /turf/closed/wall/var/air
runtime error: 
[23:45:48]undefined variable /turf/closed/wall/rust/var/air
runtime error: 
[23:45:48]undefined variable /turf/closed/wall/rust/var/air
runtime error: 
[23:45:48]undefined variable /turf/closed/wall/rust/var/air
runtime error: 
[23:45:48]undefined variable /turf/closed/wall/var/air
runtime error: 
[23:45:48]undefined variable /turf/closed/wall/var/air
runtime error: 
[23:45:48]undefined variable /turf/closed/wall/rust/var/air
runtime error: 
[23:45:48]Cannot execute null.archive().
runtime error: 
[23:45:48]Cannot read null.gases
runtime error: 
[23:45:48]undefined variable /turf/closed/wall/rust/var/air
runtime error: 
[23:45:48]undefined variable /turf/closed/wall/rust/var/air
runtime error: 
[23:45:48]Cannot execute null.archive().
runtime error: 
[23:45:48]Cannot read null.gases
runtime error: 
[23:45:48]Cannot execute null.archive().
runtime error: 
[23:45:48]Cannot read null.gases
runtime error: 
[23:45:48]Cannot execute null.archive().
runtime error: 
[23:45:48]Cannot read null.gases
runtime error: 
[23:45:48]Cannot execute null.archive().
runtime error: 
[23:45:48]Cannot read null.gases
runtime error: 
[23:45:48]Cannot execute null.archive().
runtime error: 
[23:45:48]Cannot read null.gases
runtime error: 
[23:45:48]Cannot execute null.archive().
runtime error: 
[23:45:48]Cannot read null.gases
runtime error: 
[23:45:48]Cannot execute null.archive().
runtime error: 
[23:45:48]Cannot read null.gases
runtime error: 
[23:45:48]Cannot execute null.archive().
runtime error: 
[23:45:48]Cannot read null.gases
runtime error: 
[23:45:48]Cannot execute null.archive().
runtime error: 
[23:45:48]Cannot read null.gases
runtime error: 
[23:45:48]Cannot execute null.archive().
runtime error: 
[23:45:48]Cannot read null.gases
runtime error: 
[23:45:48]Cannot execute null.archive().
runtime error: 
[23:45:48]Cannot read null.gases
runtime error: 
[23:45:48]undefined variable /turf/closed/wall/var/air
runtime error: 
[23:45:48]undefined variable /turf/closed/wall/rust/var/air
runtime error: 
[23:45:48]undefined variable /turf/closed/wall/var/air
runtime error: 
[23:45:48]undefined variable /turf/closed/wall/rust/var/air
runtime error: 
[23:45:48]undefined variable /turf/closed/wall/rust/var/air
runtime error: 
[23:45:48]undefined variable /turf/closed/wall/rust/var/air
runtime error: 
[23:45:48]undefined variable /turf/closed/wall/var/air
runtime error: 
[23:45:48]undefined variable /turf/closed/wall/rust/var/air
runtime error: 
[23:45:48]undefined variable /turf/closed/wall/var/air
runtime error: 
[23:45:48]undefined variable /turf/closed/wall/rust/var/air
runtime error: 
[23:45:48]undefined variable /turf/closed/wall/var/air
runtime error: 
[23:45:48]Cannot execute null.archive().
runtime error: 
[23:45:48]Cannot read null.gases
runtime error: 
[23:45:48]undefined variable /turf/closed/wall/rust/var/air
runtime error: 
[23:45:48]Cannot execute null.archive().
runtime error: 
[23:45:48]Cannot read null.gases
runtime error: 
[23:45:48]undefined variable /turf/closed/wall/rust/var/air
runtime error: 
[23:45:48]Cannot execute null.archive().
runtime error: 
[23:45:48]Cannot read null.gases
runtime error: 
[23:45:48]Cannot execute null.archive().
runtime error: 
[23:45:48]Cannot read null.gases
runtime error: 
[23:45:48]Cannot execute null.archive().
runtime error: 
[23:45:48]Cannot read null.gases
runtime error: 
[23:45:48]undefined variable /turf/closed/wall/rust/var/air
runtime error: 
[23:45:48]Cannot execute null.archive().
runtime error: 
[23:45:48]Cannot read null.gases
runtime error: 
[23:45:48]undefined variable /turf/closed/wall/var/air
runtime error: 
[23:45:48]Cannot execute null.archive().
runtime error: 
[23:45:48]Cannot read null.gases
runtime error: 
[23:45:48]undefined variable /turf/closed/wall/rust/var/air
runtime error: 
[23:45:48]undefined variable /turf/closed/wall/var/air
runtime error: 
[23:45:48]undefined variable /turf/closed/wall/rust/var/air
runtime error: 
[23:45:48]undefined variable /turf/closed/wall/rust/var/air
runtime error: 
[23:45:50]Cannot execute null.archive().
runtime error: 
[23:45:50]Cannot read null.gases
runtime error: 
[23:45:50]Cannot execute null.archive().
runtime error: 
[23:45:50]Cannot read null.gases
runtime error: 
[23:45:50]Cannot execute null.archive().
runtime error: 
[23:45:50]Cannot read null.gases
runtime error: 
[23:45:50]Cannot execute null.archive().
runtime error: 
[23:45:50]Cannot read null.gases
runtime error: 
[23:45:50]Cannot execute null.archive().
runtime error: 
[23:45:50]Cannot read null.gases
runtime error: 
[23:45:50]Cannot execute null.archive().
runtime error: 
[23:45:50]Cannot read null.gases
runtime error: 
[23:45:50]Cannot execute null.archive().
runtime error: 
[23:45:50]Cannot read null.gases
runtime error: 
[23:45:50]Cannot execute null.archive().
runtime error: 
[23:45:50]Cannot read null.gases
runtime error: 
[23:45:50]Cannot execute null.archive().
runtime error: 
[23:45:50]Cannot read null.gases
runtime error: 
[23:45:50]Cannot execute null.archive().
runtime error: 
[23:45:50]Cannot read null.gases
runtime error: 
[23:45:50]Cannot execute null.archive().
runtime error: 
[23:45:50]Cannot read null.gases
runtime error: 
[23:45:50]Cannot execute null.archive().
runtime error: 
[23:45:50]Cannot read null.gases
runtime error: 
[23:45:50]Cannot execute null.archive().
runtime error: 
[23:45:50]Cannot read null.gases
runtime error: 
[23:45:50]Cannot execute null.archive().
runtime error: 
[23:45:50]Cannot read null.gases
runtime error: 
[23:45:50]Cannot execute null.archive().
runtime error: 
[23:45:50]Cannot read null.gases
runtime error: 
[23:45:50]Cannot execute null.archive().
runtime error: 
[23:45:50]Cannot read null.gases
runtime error: 
[23:45:50]Cannot execute null.archive().
runtime error: 
[23:45:50]Cannot read null.gases
runtime error: 
[23:45:50]Cannot execute null.archive().
runtime error: 
[23:45:50]Cannot read null.gases
runtime error: 
[23:45:50]Cannot execute null.archive().
runtime error: 
[23:45:50]Cannot read null.gases
runtime error: 
[23:45:51]Cannot execute null.archive().
runtime error: 
[23:45:51]Cannot read null.gases
runtime error: 
[23:45:51]Cannot execute null.archive().
runtime error: 
[23:45:51]Cannot read null.gases
runtime error: 
[23:49:14]Cannot read null.client
runtime error: 
[23:49:14]Cannot read null.client
runtime error: 
[23:53:02]/datum/pipeline has one or more null gas mixtures, which may cause bugs. Null mixtures will not be considered in reconcile_air().
runtime error: 
[23:53:02]/datum/pipeline has one or more null gas mixtures, which may cause bugs. Null mixtures will not be considered in reconcile_air().
runtime error: 
[23:53:03]/datum/pipeline has one or more null gas mixtures, which may cause bugs. Null mixtures will not be considered in reconcile_air().
runtime error: 
[23:53:03]/datum/pipeline has one or more null gas mixtures, which may cause bugs. Null mixtures will not be considered in reconcile_air().
runtime error: 
[23:53:04]/datum/pipeline has one or more null gas mixtures, which may cause bugs. Null mixtures will not be considered in reconcile_air().
runtime error: 
[23:53:04]/datum/pipeline has one or more null gas mixtures, which may cause bugs. Null mixtures will not be considered in reconcile_air().
runtime error: 
[23:53:05]/datum/pipeline has one or more null gas mixtures, which may cause bugs. Null mixtures will not be considered in reconcile_air().
runtime error: 
[23:53:06]/datum/pipeline has one or more null gas mixtures, which may cause bugs. Null mixtures will not be considered in reconcile_air().
runtime error: 
[23:53:07]/datum/pipeline has one or more null gas mixtures, which may cause bugs. Null mixtures will not be considered in reconcile_air().
runtime error: 
[23:53:07]/datum/pipeline has one or more null gas mixtures, which may cause bugs. Null mixtures will not be considered in reconcile_air().
runtime error: 
[23:53:08]/datum/pipeline has one or more null gas mixtures, which may cause bugs. Null mixtures will not be considered in reconcile_air().
runtime error: 
[23:53:08]/datum/pipeline has one or more null gas mixtures, which may cause bugs. Null mixtures will not be considered in reconcile_air().
runtime error: 
[23:53:09]/datum/pipeline has one or more null gas mixtures, which may cause bugs. Null mixtures will not be considered in reconcile_air().
runtime error: 
[23:53:09]/datum/pipeline has one or more null gas mixtures, which may cause bugs. Null mixtures will not be considered in reconcile_air().
runtime error: 
[23:53:10]/datum/pipeline has one or more null gas mixtures, which may cause bugs. Null mixtures will not be considered in reconcile_air().
runtime error: 
[23:53:10]/datum/pipeline has one or more null gas mixtures, which may cause bugs. Null mixtures will not be considered in reconcile_air().
runtime error: 
[23:53:11]/datum/pipeline has one or more null gas mixtures, which may cause bugs. Null mixtures will not be considered in reconcile_air().
runtime error: 
[23:53:11]/datum/pipeline has one or more null gas mixtures, which may cause bugs. Null mixtures will not be considered in reconcile_air().
runtime error: 
[23:53:12]/datum/pipeline has one or more null gas mixtures, which may cause bugs. Null mixtures will not be considered in reconcile_air().
runtime error: 
[23:53:12]/datum/pipeline has one or more null gas mixtures, which may cause bugs. Null mixtures will not be considered in reconcile_air().
runtime error: 
[23:53:13]/datum/pipeline has one or more null gas mixtures, which may cause bugs. Null mixtures will not be considered in reconcile_air().
runtime error: 
[23:53:13]/datum/pipeline has one or more null gas mixtures, which may cause bugs. Null mixtures will not be considered in reconcile_air().
runtime error: 
[23:53:14]/datum/pipeline has one or more null gas mixtures, which may cause bugs. Null mixtures will not be considered in reconcile_air().
runtime error: 
[23:53:14]/datum/pipeline has one or more null gas mixtures, which may cause bugs. Null mixtures will not be considered in reconcile_air().
runtime error: 
[23:53:15]/datum/pipeline has one or more null gas mixtures, which may cause bugs. Null mixtures will not be considered in reconcile_air().
runtime error: 
[23:53:15]/datum/pipeline has one or more null gas mixtures, which may cause bugs. Null mixtures will not be considered in reconcile_air().
runtime error: 
[23:53:16]/datum/pipeline has one or more null gas mixtures, which may cause bugs. Null mixtures will not be considered in reconcile_air().
runtime error: 
[23:53:16]/datum/pipeline has one or more null gas mixtures, which may cause bugs. Null mixtures will not be considered in reconcile_air().
runtime error: 
[23:53:17]/datum/pipeline has one or more null gas mixtures, which may cause bugs. Null mixtures will not be considered in reconcile_air().
runtime error: 
[23:53:17]/datum/pipeline has one or more null gas mixtures, which may cause bugs. Null mixtures will not be considered in reconcile_air().
runtime error: 
[23:53:18]/datum/pipeline has one or more null gas mixtures, which may cause bugs. Null mixtures will not be considered in reconcile_air().
runtime error: 
[23:53:18]/datum/pipeline has one or more null gas mixtures, which may cause bugs. Null mixtures will not be considered in reconcile_air().
runtime error: 
[23:53:19]/datum/pipeline has one or more null gas mixtures, which may cause bugs. Null mixtures will not be considered in reconcile_air().
runtime error: 
[23:53:19]/datum/pipeline has one or more null gas mixtures, which may cause bugs. Null mixtures will not be considered in reconcile_air().
runtime error: 
[23:53:20]/datum/pipeline has one or more null gas mixtures, which may cause bugs. Null mixtures will not be considered in reconcile_air().
runtime error: 
[23:53:20]/datum/pipeline has one or more null gas mixtures, which may cause bugs. Null mixtures will not be considered in reconcile_air().
runtime error: 
[23:53:21]/datum/pipeline has one or more null gas mixtures, which may cause bugs. Null mixtures will not be considered in reconcile_air().
runtime error: 
[23:53:21]/datum/pipeline has one or more null gas mixtures, which may cause bugs. Null mixtures will not be considered in reconcile_air().
runtime error: 
[23:53:22]/datum/pipeline has one or more null gas mixtures, which may cause bugs. Null mixtures will not be considered in reconcile_air().
runtime error: 
[23:53:22]/datum/pipeline has one or more null gas mixtures, which may cause bugs. Null mixtures will not be considered in reconcile_air().
runtime error: 
[23:53:23]/datum/pipeline has one or more null gas mixtures, which may cause bugs. Null mixtures will not be considered in reconcile_air().
runtime error: 
[23:53:23]/datum/pipeline has one or more null gas mixtures, which may cause bugs. Null mixtures will not be considered in reconcile_air().
runtime error: 
[23:53:24]/datum/pipeline has one or more null gas mixtures, which may cause bugs. Null mixtures will not be considered in reconcile_air().
runtime error: 
[23:53:24]/datum/pipeline has one or more null gas mixtures, which may cause bugs. Null mixtures will not be considered in reconcile_air().
runtime error: 
[23:53:25]/datum/pipeline has one or more null gas mixtures, which may cause bugs. Null mixtures will not be considered in reconcile_air().
runtime error: 
[23:53:25]/datum/pipeline has one or more null gas mixtures, which may cause bugs. Null mixtures will not be considered in reconcile_air().
runtime error: 
[23:53:27]/datum/pipeline has one or more null gas mixtures, which may cause bugs. Null mixtures will not be considered in reconcile_air().
runtime error: 
[23:53:28]/datum/pipeline has one or more null gas mixtures, which may cause bugs. Null mixtures will not be considered in reconcile_air().
runtime error: 
[23:53:28]/datum/pipeline has one or more null gas mixtures, which may cause bugs. Null mixtures will not be considered in reconcile_air().
runtime error: 
[23:53:29]/datum/pipeline has one or more null gas mixtures, which may cause bugs. Null mixtures will not be considered in reconcile_air().
runtime error: 
[23:53:29]/datum/pipeline has one or more null gas mixtures, which may cause bugs. Null mixtures will not be considered in reconcile_air().
runtime error: 
[23:53:34]nothing to animate
[2018-05-11 23:57:26] Client: Infinitys true end triggered JS error: Error: The URI to be decoded is not a valid encoding | url: http://127.0.0.1:56139/tmp7972/browserOutput.js | line: 116 | column: 2 | error: URIError: The URI to be decoded is not a valid encoding | user agent: Mozilla/4.0 (compatible; MSIE 7.0; Windows NT 6.2; WOW64; Trident/7.0; .NET4.0C; .NET4.0E; .NET CLR 2.0.50727; .NET CLR 3.0.30729; .NET CLR 3.5.30729; Tablet PC 2.0)
[2018-05-11 23:57:26] Client: Infinitys true end triggered JS error: Error: The URI to be decoded is not a valid encoding | url: http://127.0.0.1:56139/tmp7972/browserOutput.js | line: 116 | column: 2 | error: URIError: The URI to be decoded is not a valid encoding | user agent: Mozilla/4.0 (compatible; MSIE 7.0; Windows NT 6.2; WOW64; Trident/7.0; .NET4.0C; .NET4.0E; .NET CLR 2.0.50727; .NET CLR 3.0.30729; .NET CLR 3.5.30729; Tablet PC 2.0)
[2018-05-11 23:57:26] Client: Infinitys true end triggered JS error: Error: The URI to be decoded is not a valid encoding | url: http://127.0.0.1:56139/tmp7972/browserOutput.js | line: 116 | column: 2 | error: URIError: The URI to be decoded is not a valid encoding | user agent: Mozilla/4.0 (compatible; MSIE 7.0; Windows NT 6.2; WOW64; Trident/7.0; .NET4.0C; .NET4.0E; .NET CLR 2.0.50727; .NET CLR 3.0.30729; .NET CLR 3.5.30729; Tablet PC 2.0)
[2018-05-11 23:57:26] Client: Infinitys true end triggered JS error: Error: The URI to be decoded is not a valid encoding | url: http://127.0.0.1:56139/tmp7972/browserOutput.js | line: 116 | column: 2 | error: URIError: The URI to be decoded is not a valid encoding | user agent: Mozilla/4.0 (compatible; MSIE 7.0; Windows NT 6.2; WOW64; Trident/7.0; .NET4.0C; .NET4.0E; .NET CLR 2.0.50727; .NET CLR 3.0.30729; .NET CLR 3.5.30729; Tablet PC 2.0)
[2018-05-11 23:57:26] Client: Infinitys true end triggered JS error: Error: The URI to be decoded is not a valid encoding | url: http://127.0.0.1:56139/tmp7972/browserOutput.js | line: 116 | column: 2 | error: URIError: The URI to be decoded is not a valid encoding | user agent: Mozilla/4.0 (compatible; MSIE 7.0; Windows NT 6.2; WOW64; Trident/7.0; .NET4.0C; .NET4.0E; .NET CLR 2.0.50727; .NET CLR 3.0.30729; .NET CLR 3.5.30729; Tablet PC 2.0)
[2018-05-11 23:57:26] Client: Infinitys true end triggered JS error: Error: The URI to be decoded is not a valid encoding | url: http://127.0.0.1:56139/tmp7972/browserOutput.js | line: 116 | column: 2 | error: URIError: The URI to be decoded is not a valid encoding | user agent: Mozilla/4.0 (compatible; MSIE 7.0; Windows NT 6.2; WOW64; Trident/7.0; .NET4.0C; .NET4.0E; .NET CLR 2.0.50727; .NET CLR 3.0.30729; .NET CLR 3.5.30729; Tablet PC 2.0)
runtime error: 
[23:59:40]type mismatch: -20 + 'sound/weapons/bladeslice.ogg'
runtime error: 
[00:00:23]type mismatch: -20 + 'sound/weapons/bladeslice.ogg'
[2018-05-12 00:00:51] Client: Goodie_boy triggered JS error: Error: The URI to be decoded is not a valid encoding | url: http://127.0.0.1:65326/tmp6964/browserOutput.js | line: 116 | column: 2 | error: URIError: The URI to be decoded is not a valid encoding | user agent: Mozilla/4.0 (compatible; MSIE 7.0; Windows NT 6.2; WOW64; Trident/7.0; .NET4.0C; .NET4.0E; .NET CLR 2.0.50727; .NET CLR 3.0.30729; .NET CLR 3.5.30729)
[2018-05-12 00:00:51] Client: CthulhuOnIce triggered JS error: Error: The URI to be decoded is not a valid encoding | url: http://127.0.0.1:52980/tmp15076/browserOutput.js | line: 116 | column: 2 | error: URIError: The URI to be decoded is not a valid encoding | user agent: Mozilla/4.0 (compatible; MSIE 7.0; Windows NT 6.2; WOW64; Trident/7.0; .NET4.0C; .NET4.0E; .NET CLR 2.0.50727; .NET CLR 3.0.30729; .NET CLR 3.5.30729; Tablet PC 2.0)
[2018-05-12 00:00:51] Client: Mr. Negi gen X triggered JS error: Error: The URI to be decoded is not a valid encoding | url: http://127.0.0.1:52733/tmp7472/browserOutput.js | line: 116 | column: 2 | error: URIError: The URI to be decoded is not a valid encoding | user agent: Mozilla/4.0 (compatible; MSIE 7.0; Windows NT 6.1; WOW64; Trident/7.0; SLCC2; .NET CLR 2.0.50727; .NET CLR 3.5.30729; .NET CLR 3.0.30729; .NET4.0C; .NET4.0E; Media Center PC 6.0)
[2018-05-12 00:00:51] Client: PureLeper triggered JS error: Error: The URI to be decoded is not a valid encoding | url: http://127.0.0.1:62269/tmp11436/browserOutput.js | line: 116 | column: 2 | error: URIError: The URI to be decoded is not a valid encoding | user agent: Mozilla/4.0 (compatible; MSIE 7.0; Windows NT 6.2; WOW64; Trident/7.0; .NET4.0C; .NET4.0E; .NET CLR 2.0.50727; .NET CLR 3.0.30729; .NET CLR 3.5.30729)
[2018-05-12 00:00:51] Client: GreenTea98 triggered JS error: Error: The URI to be decoded is not a valid encoding | url: http://127.0.0.1:61699/tmp9856/browserOutput.js | line: 116 | column: 2 | error: URIError: The URI to be decoded is not a valid encoding | user agent: Mozilla/4.0 (compatible; MSIE 7.0; Windows NT 6.2; WOW64; Trident/7.0; .NET4.0C; .NET4.0E; .NET CLR 2.0.50727; .NET CLR 3.0.30729; .NET CLR 3.5.30729)
[2018-05-12 00:00:51] Client: Raddog triggered JS error: Error: The URI to be decoded is not a valid encoding | url: http://127.0.0.1:50256/tmp7512/browserOutput.js | line: 116 | column: 2 | error: URIError: The URI to be decoded is not a valid encoding | user agent: Mozilla/4.0 (compatible; MSIE 7.0; Windows NT 6.2; WOW64; Trident/7.0; .NET4.0C; .NET4.0E; .NET CLR 2.0.50727; .NET CLR 3.0.30729; .NET CLR 3.5.30729)
[2018-05-12 00:00:51] Client: Catmanpop triggered JS error: Error: The URI to be decoded is not a valid encoding | url: http://127.0.0.1:54606/browserOutput.js | line: 116 | column: 2 | error: URIError: The URI to be decoded is not a valid encoding | user agent: Mozilla/4.0 (compatible; MSIE 7.0; Windows NT 6.2; WOW64; Trident/7.0; .NET4.0C; .NET4.0E; .NET CLR 2.0.50727; .NET CLR 3.0.30729; .NET CLR 3.5.30729; Tablet PC 2.0)
[2018-05-12 00:00:51] Client: Blazikenowen triggered JS error: Error: The URI to be decoded is not a valid encoding | url: http://127.0.0.1:49379/tmp4876/browserOutput.js | line: 116 | column: 2 | error: URIError: The URI to be decoded is not a valid encoding | user agent: Mozilla/4.0 (compatible; MSIE 7.0; Windows NT 6.2; WOW64; Trident/7.0; .NET4.0C; .NET4.0E; .NET CLR 2.0.50727; .NET CLR 3.0.30729; .NET CLR 3.5.30729)
[2018-05-12 00:00:51] Client: Joca2511 triggered JS error: Error: O URI a ser decodificado no  uma codificao vlida | url: http://127.0.0.1:58120/browserOutput.js | line: 116 | column: 2 | error: URIError: O URI a ser decodificado no  uma codificao vlida | user agent: Mozilla/4.0 (compatible; MSIE 7.0; Windows NT 6.2; WOW64; Trident/7.0; .NET4.0C; .NET4.0E; InfoPath.3; .NET CLR 2.0.50727; .NET CLR 3.0.30729; .NET CLR 3.5.30729)
[2018-05-12 00:00:51] Client: Infinitys true end triggered JS error: Error: The URI to be decoded is not a valid encoding | url: http://127.0.0.1:56139/tmp7972/browserOutput.js | line: 116 | column: 2 | error: URIError: The URI to be decoded is not a valid encoding | user agent: Mozilla/4.0 (compatible; MSIE 7.0; Windows NT 6.2; WOW64; Trident/7.0; .NET4.0C; .NET4.0E; .NET CLR 2.0.50727; .NET CLR 3.0.30729; .NET CLR 3.5.30729; Tablet PC 2.0)
[2018-05-12 00:00:51] Client: Jeffery jefferson triggered JS error: Error: The URI to be decoded is not a valid encoding | url: http://127.0.0.1:54163/tmp9520/browserOutput.js | line: 116 | column: 2 | error: URIError: The URI to be decoded is not a valid encoding | user agent: Mozilla/4.0 (compatible; MSIE 7.0; Windows NT 6.2; WOW64; Trident/7.0; .NET4.0C; .NET4.0E; .NET CLR 2.0.50727; .NET CLR 3.0.30729; .NET CLR 3.5.30729)
[2018-05-12 00:00:51] Client: Cscottburgess triggered JS error: Error: The URI to be decoded is not a valid encoding | url: http://127.0.0.1:50013/browserOutput.js | line: 116 | column: 2 | error: URIError: The URI to be decoded is not a valid encoding | user agent: Mozilla/4.0 (compatible; MSIE 7.0; Windows NT 6.2; WOW64; Trident/7.0; .NET4.0C; .NET4.0E; .NET CLR 2.0.50727; .NET CLR 3.0.30729; .NET CLR 3.5.30729; McAfee)
[2018-05-12 00:00:51] Client: DrakeSealis triggered JS error: Error: The URI to be decoded is not a valid encoding | url: http://127.0.0.1:54855/tmp10508/browserOutput.js | line: 116 | column: 2 | error: URIError: The URI to be decoded is not a valid encoding | user agent: Mozilla/4.0 (compatible; MSIE 7.0; Windows NT 6.2; WOW64; Trident/7.0; .NET4.0C; .NET4.0E; .NET CLR 2.0.50727; .NET CLR 3.0.30729; .NET CLR 3.5.30729)
[2018-05-12 00:00:51] Client: Enukar triggered JS error: Error: El identificador URI para descodificar no tiene una codificacin vlida | url: http://127.0.0.1:55640/tmp3624/browserOutput.js | line: 116 | column: 2 | error: URIError: El identificador URI para descodificar no tiene una codificacin vlida | user agent: Mozilla/4.0 (compatible; MSIE 7.0; Windows NT 6.1; WOW64; Trident/7.0; SLCC2; .NET CLR 2.0.50727; .NET CLR 3.5.30729; .NET CLR 3.0.30729; .NET4.0C; .NET4.0E)
runtime error: 
[00:01:44]type mismatch: -20 + 'sound/weapons/bladeslice.ogg'
runtime error: 
[00:01:45]type mismatch: -20 + 'sound/weapons/bladeslice.ogg'
runtime error: 
[00:01:45]type mismatch: -20 + 'sound/weapons/bladeslice.ogg'
runtime error: 
[00:01:47]type mismatch: -20 + 'sound/weapons/bladeslice.ogg'
runtime error: 
[00:01:48]type mismatch: -20 + 'sound/weapons/bladeslice.ogg'
runtime error: 
[00:01:49]type mismatch: -20 + 'sound/weapons/bladeslice.ogg'
runtime error: 
[00:01:50]type mismatch: -20 + 'sound/weapons/bladeslice.ogg'
Saved 120 engraved messages on map Box Station
runtime error: 
[00:03:03]Cannot read null.loc
Shutting down Persistence subsystem...
Shutting down pathfinder subsystem...
Shutting down Squeak subsystem...
Shutting down Shuttle subsystem...
Shutting down Lighting subsystem...
Shutting down XKeyScore subsystem...
Shutting down Sticky Ban subsystem...
Shutting down Overlay subsystem...
Shutting down Icon Smoothing subsystem...
Shutting down Assets subsystem...
Shutting down Minimap subsystem...
Shutting down Atmospherics subsystem...
Shutting down Wet floors subsystem...
Shutting down Weather subsystem...
Shutting down Vote subsystem...
Shutting down Traumas subsystem...
Shutting down Title Screen subsystem...
Shutting down Time Tracking subsystem...
Shutting down Throwing subsystem...
Shutting down tgui subsystem...
Shutting down Sun subsystem...
Shutting down Space Drift subsystem...
Shutting down Religion subsystem...
Shutting down Radio subsystem...
Shutting down Radiation subsystem...
Shutting down Projectiles subsystem...
Shutting down Processing subsystem...
Shutting down Parallax subsystem...
Shutting down pAI subsystem...
Shutting down Orbits subsystem...
Shutting down Objects subsystem...
Shutting down NPC Pool subsystem...
Shutting down Night Shift subsystem...
Shutting down Mood subsystem...
Shutting down Mobs subsystem...
Shutting down Medals subsystem...
Shutting down Inbounds subsystem...
Shutting down Idling NPC Pool subsystem...
Shutting down Flightpack Movement subsystem...
Shutting down Fire Burning subsystem...
Shutting down Fields subsystem...
Shutting down Fast Processing subsystem...
Shutting down Disease subsystem...
Shutting down Communications subsystem...
Shutting down Augury subsystem...
Shutting down Acid subsystem...
Shutting down Timer subsystem...
Shutting down Circuit subsystem...
Shutting down Machines subsystem...
Shutting down Language subsystem...
Shutting down Atoms subsystem...
Shutting down Networks subsystem...
Shutting down Mapping subsystem...
Shutting down Ticker subsystem...
Shutting down Traits subsystem...
Shutting down Jobs subsystem...
Shutting down Events subsystem...
Shutting down Research subsystem...
Shutting down Input subsystem...
Shutting down Server Tasks subsystem...
Shutting down Blackbox subsystem...
Shutting down Database subsystem...
Shutting down Garbage subsystem...
Shutdown complete
World rebooted at 00:03:31
