[2018-08-24 20:30:29.107] Starting up round ID 2068.
[2018-08-24 20:30:29.107] -------------------------
[2018-08-24 20:50:44.035] PDA: AzraelKnightquest/(Azrael Watts) (PDA: warden PDA to Hana Robusto (Research Director)) "I got a job for you, if you&#39;re interested." (Brig Control (113, 175, 2))
[2018-08-24 20:50:57.342] PDA: ChippedIce/(Hana Robusto) (PDA: research director PDA to Azrael Watts (Warden)) "Explain" (Research and Development (185, 121, 2))
[2018-08-24 20:51:07.542] PDA: AzraelKnightquest/(Azrael Watts) (PDA: warden PDA to Hana Robusto (Research Director)) "You be nice now. I need some bots made. You game?" (Brig Control (113, 175, 2))
[2018-08-24 20:51:19.000] PDA: ChippedIce/(Hana Robusto) (PDA: research director PDA to Azrael Watts (Warden)) "or rather since you are one of me, SEND IT" (Research and Development (185, 121, 2))
[2018-08-24 20:51:24.011] PDA: ChippedIce/(Hana Robusto) (PDA: research director PDA to Azrael Watts (Warden)) "sure" (Research Division (176, 116, 2))
[2018-08-24 20:55:12.550] PDA: MonkeyMan901/(Jerry Robinson) (PDA: cook PDA to Jetra Norlan (Shaft Miner)) "Howdy Jetra." (Kitchen (152, 137, 2))
[2018-08-24 20:55:14.899] PDA: AzraelKnightquest/(Azrael Watts) (PDA: warden PDA to Hana Robusto (Research Director)) "You wanna inject me with a drug and fight me, you stupid bitch?! I thought we were friends!" (Brig Control (113, 174, 2))
[2018-08-24 20:55:17.849] PDA: AzlanonPc/(Jetra Norlan) (PDA: shaft miner PDA to Jerry Robinson (Cook)) "Howdy Jerry." (Lavaland Wastes (95, 64, 5))
[2018-08-24 20:55:22.503] PDA: ChippedIce/(Hana Robusto) (PDA: research director PDA to Azrael Watts (Warden)) "What" (Fore Primary Hallway (119, 163, 2))
[2018-08-24 20:55:26.093] PDA: MonkeyMan901/(Jerry Robinson) (PDA: cook PDA to Jetra Norlan (Shaft Miner)) "Is it really that hard to tell the difference between a joke and ERP?" (Kitchen (152, 137, 2))
[2018-08-24 20:55:36.481] PDA: AzlanonPc/(Jetra Norlan) (PDA: shaft miner PDA to Jerry Robinson (Cook)) "not really" (Lavaland Wastes (99, 61, 5))
[2018-08-24 20:55:56.650] PDA: MonkeyMan901/(Jerry Robinson) (PDA: cook PDA to Jetra Norlan (Shaft Miner)) "Like did you seriously think I was gonna let them go if they gave me a blowjob." (Kitchen (153, 137, 2))
[2018-08-24 20:56:08.570] PDA: MonkeyMan901/(Jerry Robinson) (PDA: cook PDA to Jetra Norlan (Shaft Miner)) "How dense do you gotta be to think that" (Kitchen (153, 137, 2))
[2018-08-24 20:56:16.514] PDA: AzlanonPc/(Jetra Norlan) (PDA: shaft miner PDA to Jerry Robinson (Cook)) "the fuck you be talking about" (Lavaland Wastes (116, 70, 5))
[2018-08-24 20:56:33.164] PDA: MonkeyMan901/(Jerry Robinson) (PDA: cook PDA to Jetra Norlan (Shaft Miner)) "A couple shifts back." (Kitchen (153, 137, 2))
[2018-08-24 20:56:38.774] PDA: AzlanonPc/(Jetra Norlan) (PDA: shaft miner PDA to Jerry Robinson (Cook)) "oooh that" (Lavaland Wastes (119, 71, 5))
[2018-08-24 20:56:58.008] PDA: MonkeyMan901/(Jerry Robinson) (PDA: cook PDA to Jetra Norlan (Shaft Miner)) "If you don&#39;t fucking know what I&#39;m talking about, you shouldn&#39;t even be making complaints in the first place." (Kitchen (153, 137, 2))
[2018-08-24 20:57:00.011] PDA: AzlanonPc/(Jetra Norlan) (PDA: shaft miner PDA to Jerry Robinson (Cook)) "wait a diddly darn sec there is a ancient goliath here and i gotta yiff it to hell" (Lavaland Wastes (119, 70, 5))
[2018-08-24 20:57:05.620] PDA: ChippedIce/(Hana Robusto) (PDA: research director PDA to Alex Gerog (Captain)) "Message from Azrael Watts (Warden), &#34;You wanna inject me with a drug and fight me, you stupid bitch?! I thought we were friends!&#34; (Reply)" (Fore Primary Hallway (115, 164, 2))
[2018-08-24 20:57:13.706] PDA: I like D0nUts/(Alex Gerog) (PDA: chief medical officer PDA to Hana Robusto (Research Director)) "Sike" (Fore Primary Hallway (116, 163, 2))
[2018-08-24 20:57:20.509] PDA: I like D0nUts/(Alex Gerog) (PDA: chief medical officer PDA to Hana Robusto (Research Director)) "What a gay boi" (Fore Primary Hallway (117, 164, 2))
[2018-08-24 20:57:26.096] PDA: MonkeyMan901/(Jerry Robinson) (PDA: cook PDA to Jetra Norlan (Shaft Miner)) "Like it really isn&#39;t that hard to tell my &#34;attempts to ERP&#34; are a joke." (Kitchen (152, 137, 2))
[2018-08-24 20:57:38.449] PDA: AzlanonPc/(Jetra Norlan) (PDA: shaft miner PDA to Jerry Robinson (Cook)) "you might be thinking of someone else" (Lavaland Wastes (119, 70, 5))
[2018-08-24 20:57:45.804] PDA: MonkeyMan901/(Jerry Robinson) (PDA: cook PDA to Jetra Norlan (Shaft Miner)) "Who?" (Kitchen (150, 133, 2))
[2018-08-24 20:57:54.853] PDA: AzlanonPc/(Jetra Norlan) (PDA: shaft miner PDA to Jerry Robinson (Cook)) "dunno, not me" (Lavaland Wastes (119, 70, 5))
[2018-08-24 20:58:07.778] PDA: MonkeyMan901/(Jerry Robinson) (PDA: cook PDA to Jetra Norlan (Shaft Miner)) "I just randomly picked a gamer girl." (Kitchen (151, 133, 2))
[2018-08-24 21:01:16.905] PDA: MonkeyMan901/(Jerry Robinson) (PDA: cook PDA to Lara Black (Station Engineer)) "Tad ick ock, are you Bilary?" (Kitchen (151, 133, 2))
[2018-08-24 21:01:28.846] PDA: bilary/(Lara Black) (PDA: engineering PDA to Jerry Robinson (Cook)) "yeah." (Prison Wing (101, 191, 2))
[2018-08-24 21:01:47.427] PDA: MonkeyMan901/(Jerry Robinson) (PDA: cook PDA to Lara Black (Station Engineer)) "I seriously can&#39;t tell how&#39;d you get confused with a joke and &#34;attempted ERP&#34;" (Kitchen (153, 137, 2))
[2018-08-24 21:02:09.334] PDA: MonkeyMan901/(Jerry Robinson) (PDA: cook PDA to Lara Black (Station Engineer)) "Did you seriously think I was gonna let them go if they gave me a blowjob? I was kidding." (Kitchen (153, 137, 2))
[2018-08-24 21:02:36.351] PDA: MonkeyMan901/(Jerry Robinson) (PDA: cook PDA to Lara Black (Station Engineer)) "I&#39;m seriously concerned over here" (Kitchen (152, 137, 2))
[2018-08-24 21:04:22.568] PDA: MonkeyMan901/(Jerry Robinson) (PDA: cook PDA to Lara Black (Station Engineer)) "And I only have one ckey, that being MonkeyMan901." (Kitchen (153, 136, 2))
[2018-08-24 21:04:44.939] PDA: MonkeyMan901/(Jerry Robinson) (PDA: cook PDA to Lara Black (Station Engineer)) "Please stop trying to get me into shit for horrible reasons." (Kitchen (152, 137, 2))
[2018-08-24 21:05:41.787] PDA: MonkeyMan901/(Jerry Robinson) (PDA: cook PDA to Lara Black (Station Engineer)) "Gonna give me a response?" (Kitchen (151, 134, 2))
[2018-08-24 21:06:04.790] PDA: bilary/(Lara Black) (PDA: engineering PDA to Jerry Robinson (Cook)) "Why would i?" (Starboard Maintenance (198, 121, 2))
[2018-08-24 21:06:31.335] PDA: MonkeyMan901/(Jerry Robinson) (PDA: cook PDA to Lara Black (Station Engineer)) "I&#39;m simply asking why&#39;d you make a report without knowing my side of the story." (Bar (140, 141, 2))
[2018-08-24 21:07:00.333] PDA: bilary/(Lara Black) (PDA: engineering PDA to Jerry Robinson (Cook)) "You nearly critted 3 people, besides that wans&#39;t the only thing" (Aft Maintenance (147, 89, 2))
[2018-08-24 21:07:05.321] PDA: MonkeyMan901/(Jerry Robinson) (PDA: cook PDA to Lara Black (Station Engineer)) "I only have one ckey, I arrested with proper reason, the ERp thing was a joke, etc etc." (Kitchen (150, 137, 2))
[2018-08-24 21:07:31.619] PDA: MonkeyMan901/(Jerry Robinson) (PDA: cook PDA to Lara Black (Station Engineer)) "Not to mention you all broke into sec, and thus you were all supposed to be arrested." (Kitchen (150, 137, 2))
[2018-08-24 21:07:56.786] PDA: bilary/(Lara Black) (PDA: engineering PDA to Jerry Robinson (Cook)) "Yes, you have flashbangs for taking down crowds non lethalls." (Medbay Central (139, 126, 2))
[2018-08-24 21:08:05.348] PDA: MonkeyMan901/(Jerry Robinson) (PDA: cook PDA to Lara Black (Station Engineer)) "Like how dumb do you gotta be to break into sec and whine when you&#39;re beat with a baton" (Kitchen (150, 137, 2))
[2018-08-24 21:12:38.472] PDA: MonkeyMan901/(Jerry Robinson) (PDA: cook PDA to Lara Black (Station Engineer)) "&gt;Chase me into sec with two other people" (Kitchen (150, 141, 2))
[2018-08-24 21:12:56.991] PDA: MonkeyMan901/(Jerry Robinson) (PDA: cook PDA to Lara Black (Station Engineer)) "&gt;Yourself armed with a whip" (Kitchen (150, 141, 2))
[2018-08-24 21:13:03.691] PDA: bilary/(Lara Black) (PDA: engineering PDA to Jerry Robinson (Cook)) "what" (Engineering (97, 72, 2))
[2018-08-24 21:13:10.320] PDA: bilary/(Lara Black) (PDA: engineering PDA to Jerry Robinson (Cook)) "A whip?" (Engineering (97, 72, 2))
[2018-08-24 21:13:10.522] PDA: MonkeyMan901/(Jerry Robinson) (PDA: cook PDA to Lara Black (Station Engineer)) "&gt;Whine when you&#39;re harmbatonned???" (Kitchen (150, 141, 2))
[2018-08-24 21:13:20.101] PDA: MonkeyMan901/(Jerry Robinson) (PDA: cook PDA to Lara Black (Station Engineer)) "You had the chain of command." (Kitchen (150, 140, 2))
[2018-08-24 21:13:31.161] PDA: bilary/(Lara Black) (PDA: engineering PDA to Jerry Robinson (Cook)) "no, i was the engineer." (Engineering SMES (94, 73, 2))
[2018-08-24 21:13:40.644] PDA: MonkeyMan901/(Jerry Robinson) (PDA: cook PDA to Lara Black (Station Engineer)) "The engineer had the chain of command." (Kitchen (152, 134, 2))
[2018-08-24 21:13:50.533] PDA: MonkeyMan901/(Jerry Robinson) (PDA: cook PDA to Lara Black (Station Engineer)) "You were literally armed and dangerous" (Kitchen (152, 134, 2))
[2018-08-24 21:13:55.979] PDA: MonkeyMan901/(Jerry Robinson) (PDA: cook PDA to Lara Black (Station Engineer)) "Along with two others." (Kitchen (152, 134, 2))
[2018-08-24 21:14:10.793] PDA: MonkeyMan901/(Jerry Robinson) (PDA: cook PDA to Lara Black (Station Engineer)) "Why would you whine about being harmbattoned? Like seriously Lara." (Kitchen (152, 134, 2))
[2018-08-24 21:14:15.958] PDA: bilary/(Lara Black) (PDA: engineering PDA to Jerry Robinson (Cook)) "I think this is enougn IC in OOC for tday." (Courtroom (131, 163, 2))
[2018-08-24 21:14:41.885] PDA: MonkeyMan901/(Jerry Robinson) (PDA: cook PDA to Lara Black (Station Engineer)) "Had no other way to exactly talk to you." (Kitchen (152, 137, 2))
[2018-08-24 21:14:51.113] PDA: MonkeyMan901/(Jerry Robinson) (PDA: cook PDA to Lara Black (Station Engineer)) "Jesus christ, this whole thing is stupid." (Kitchen (152, 137, 2))
[2018-08-24 21:14:55.903] PDA: bilary/(Lara Black) (PDA: engineering PDA to Jerry Robinson (Cook)) "mhm, alright." (Fore Maintenance (133, 159, 2))
[2018-08-24 21:15:39.005] PDA: MonkeyMan901/(Jerry Robinson) (PDA: cook PDA to Lara Black (Station Engineer)) "You charge into sec with two other people and expect not to get harmbatonned by the sec officer in panic" (Kitchen (150, 133, 2))
[2018-08-24 21:15:43.426] PDA: MonkeyMan901/(Jerry Robinson) (PDA: cook PDA to Lara Black (Station Engineer)) "Like ???" (Kitchen (150, 133, 2))
