[2018-07-30 13:58:08.072] Starting up round ID 1785.
[2018-07-30 13:58:08.072] -------------------------
[2018-07-30 13:58:09.566] Initialized Database subsystem within 0 seconds!
[2018-07-30 13:58:09.566] Initialized Blackbox subsystem within 0 seconds!
[2018-07-30 13:58:09.567] Initialized Server Tasks subsystem within 0 seconds!
[2018-07-30 13:58:09.567] Initialized Input subsystem within 0 seconds!
[2018-07-30 13:58:09.599] Initialized Research subsystem within 0 seconds!
[2018-07-30 13:58:09.604] Initialized Events subsystem within 0 seconds!
[2018-07-30 13:58:09.608] Initialized Jobs subsystem within 0 seconds!
[2018-07-30 13:58:09.610] Initialized Quirks subsystem within 0 seconds!
[2018-07-30 13:58:09.622] Initialized Ticker subsystem within 0 seconds!
[2018-07-30 13:58:09.623] Loading Box Station...
[2018-07-30 13:58:14.638] Loaded Station in 5s!
[2018-07-30 13:58:20.015] Loaded Lavaland in 4.9s!
[2018-07-30 13:58:23.938] Ruin loader finished with 0 left to spend.
[2018-07-30 13:58:25.724] Ruin loader finished with 0 left to spend.
[2018-07-30 13:58:35.653] Initialized Mapping subsystem within 26 seconds!
[2018-07-30 13:58:35.655] Initialized Networks subsystem within 0 seconds!
[2018-07-30 13:59:19.832] Initialized Atoms subsystem within 44.2 seconds!
[2018-07-30 13:59:19.850] Initialized Language subsystem within 0 seconds!
[2018-07-30 13:59:20.226] Initialized Machines subsystem within 0.4 seconds!
[2018-07-30 13:59:20.277] Initialized Circuit subsystem within 0 seconds!
[2018-07-30 13:59:20.278] Initialized Disease subsystem within 0 seconds!
[2018-07-30 13:59:20.278] Initialized Medals subsystem within 0 seconds!
[2018-07-30 13:59:20.279] Initialized Night Shift subsystem within 0 seconds!
[2018-07-30 13:59:20.279] Initialized Parallax subsystem within 0 seconds!
[2018-07-30 13:59:20.407] Initialized Traumas subsystem within 0.2 seconds!
[2018-07-30 13:59:20.408] Initialized Weather subsystem within 0 seconds!
[2018-07-30 14:00:38.984] ## WARNING: There are 1 active turfs at roundstart, this is a mapping error caused by a difference of the air between the adjacent turfs. You can see its coordinates using "Mapping -> Show roundstart AT list" verb (debug verbs required)
[2018-07-30 14:00:38.989] ## WARNING: HEY! LISTEN! 0 seconds were wasted processing 1 turf(s) (connected to 2 other turfs) with atmos differences at round start.
[2018-07-30 14:00:39.470] Initialized Atmospherics subsystem within 79 seconds!
[2018-07-30 14:00:39.487] Initialized Minimap subsystem within 0 seconds!
[2018-07-30 14:00:41.983] Initialized Assets subsystem within 2.5 seconds!
[2018-07-30 14:00:47.863] Initialized Icon Smoothing subsystem within 5.9 seconds!
[2018-07-30 14:00:49.204] Initialized Overlay subsystem within 1.4 seconds!
[2018-07-30 14:00:49.204] Initialized XKeyScore subsystem within 0 seconds!
[2018-07-30 14:00:49.205] Initialized Sticky Ban subsystem within 0 seconds!
[2018-07-30 14:01:02.373] Initialized Lighting subsystem within 13.1 seconds!
[2018-07-30 14:01:05.008] Initialized Shuttle subsystem within 2.7 seconds!
[2018-07-30 14:01:05.043] Initialized Squeak subsystem within 0 seconds!
[2018-07-30 14:01:05.045] Initialized Pathfinder subsystem within 0 seconds!
[2018-07-30 14:01:05.101] Loaded 23 engraved messages on map Box Station
[2018-07-30 14:01:05.134] Initialized Persistence subsystem within 0.1 seconds!
[2018-07-30 14:01:05.134] Initializations complete within 175.6 seconds!
[2018-07-30 14:02:12.756] Game start took 0s
[2018-07-30 14:35:32.662] runtime error: Cannot read null.uni_identity
[2018-07-30 14:35:32.662] proc name: add fingerprint (/datum/component/forensics/proc/add_fingerprint)
[2018-07-30 14:35:32.662]   source file: forensics.dm,73
[2018-07-30 14:35:32.662]   usr: Melany Wilson (/mob/living/carbon/human/species/mush)
[2018-07-30 14:35:32.662]   src: /datum/component/forensics (/datum/component/forensics)
[2018-07-30 14:35:32.662]   usr.loc: null
[2018-07-30 14:35:32.662]   call stack:
[2018-07-30 14:35:32.662] /datum/component/forensics (/datum/component/forensics): add fingerprint(Melany Wilson (/mob/living/carbon/human/species/mush), 0)
[2018-07-30 14:35:32.662] Outbomb Cuban Pete (/obj/machinery/computer/arcade/battle): add fingerprint(Melany Wilson (/mob/living/carbon/human/species/mush), 0)
[2018-07-30 14:35:32.662] Outbomb Cuban Pete (/obj/machinery/computer/arcade/battle): Topic("src=\[0x20125fd];charge=1", /list (/list))
[2018-07-30 14:35:32.662] BigPenorBoi (/client): Topic("src=\[0x20125fd];charge=1", /list (/list), Outbomb Cuban Pete (/obj/machinery/computer/arcade/battle))
[2018-07-30 14:35:32.662] BigPenorBoi (/client): Topic("src=\[0x20125fd];charge=1", /list (/list), Outbomb Cuban Pete (/obj/machinery/computer/arcade/battle))
[2018-07-30 14:35:32.662] 
[2018-07-30 14:39:15.423] ### VarEdit by BigPenorBoi/(Melany Pavlov): /datum/gas_mixture temperature=293.15 => 43.15
[2018-07-30 14:39:29.328] ### ListVarEdit by BigPenorBoi: /list contents: 1871.71=4871.71
[2018-07-30 14:39:39.697] ### ListVarEdit by BigPenorBoi: /list contents: 4871.71=8871.71
[2018-07-30 14:39:56.894] ### VarEdit by BigPenorBoi/(Melany Pavlov): /datum/gas_mixture temperature=293.15 => 43.15
[2018-07-30 14:40:05.653] ### ListVarEdit by BigPenorBoi: /list contents: 1871.71=8871.71
[2018-07-30 14:46:26.143] ### ListVarEdit by BigPenorBoi: /datum/gas_mixture gases: ADDED=Plasma
[2018-07-30 14:46:26.425] runtime error: cannot read from list
[2018-07-30 14:46:26.425] proc name: heat capacity (/datum/gas_mixture/proc/heat_capacity)
[2018-07-30 14:46:26.425]   source file: gas_mixture.dm,81
[2018-07-30 14:46:26.425]   usr: null
[2018-07-30 14:46:26.425]   src: /datum/gas_mixture (/datum/gas_mixture)
[2018-07-30 14:46:26.425]   call stack:
[2018-07-30 14:46:26.425] /datum/gas_mixture (/datum/gas_mixture): heat capacity(1)
[2018-07-30 14:46:26.425] /datum/gas_mixture (/datum/gas_mixture): react(the canister (/obj/machinery/portable_atmospherics/canister))
[2018-07-30 14:46:26.425] the canister (/obj/machinery/portable_atmospherics/canister): process atmos(0.5)
[2018-07-30 14:46:26.425] the canister (/obj/machinery/portable_atmospherics/canister): process atmos(0.5)
[2018-07-30 14:46:26.425] Atmospherics (/datum/controller/subsystem/air): process atmos machinery(0)
[2018-07-30 14:46:26.425] Atmospherics (/datum/controller/subsystem/air): fire(0)
[2018-07-30 14:46:26.425] Atmospherics (/datum/controller/subsystem/air): ignite(0)
[2018-07-30 14:46:26.425] Master (/datum/controller/master): RunQueue()
[2018-07-30 14:46:26.425] Master (/datum/controller/master): Loop()
[2018-07-30 14:46:26.425] Master (/datum/controller/master): StartProcessing(0)
[2018-07-30 14:46:26.425] 
[2018-07-30 14:46:26.916] runtime error: cannot read from list
[2018-07-30 14:46:26.916] proc name: heat capacity (/datum/gas_mixture/proc/heat_capacity)
[2018-07-30 14:46:26.916]   source file: gas_mixture.dm,81
[2018-07-30 14:46:26.916]   usr: null
[2018-07-30 14:46:26.916]   src: /datum/gas_mixture (/datum/gas_mixture)
[2018-07-30 14:46:26.916]   call stack:
[2018-07-30 14:46:26.916] /datum/gas_mixture (/datum/gas_mixture): heat capacity(1)
[2018-07-30 14:46:26.916] /datum/gas_mixture (/datum/gas_mixture): react(the canister (/obj/machinery/portable_atmospherics/canister))
[2018-07-30 14:46:26.916] the canister (/obj/machinery/portable_atmospherics/canister): process atmos(0.5)
[2018-07-30 14:46:26.916] the canister (/obj/machinery/portable_atmospherics/canister): process atmos(0.5)
[2018-07-30 14:46:26.916] Atmospherics (/datum/controller/subsystem/air): process atmos machinery(0)
[2018-07-30 14:46:26.916] Atmospherics (/datum/controller/subsystem/air): fire(0)
[2018-07-30 14:46:26.916] Atmospherics (/datum/controller/subsystem/air): ignite(0)
[2018-07-30 14:46:26.916] Master (/datum/controller/master): RunQueue()
[2018-07-30 14:46:26.916] Master (/datum/controller/master): Loop()
[2018-07-30 14:46:26.916] Master (/datum/controller/master): StartProcessing(0)
[2018-07-30 14:46:26.916] 
[2018-07-30 14:46:27.419] runtime error: cannot read from list
[2018-07-30 14:46:27.419] proc name: heat capacity (/datum/gas_mixture/proc/heat_capacity)
[2018-07-30 14:46:27.419]   source file: gas_mixture.dm,81
[2018-07-30 14:46:27.419]   usr: null
[2018-07-30 14:46:27.419]   src: /datum/gas_mixture (/datum/gas_mixture)
[2018-07-30 14:46:27.419]   call stack:
[2018-07-30 14:46:27.419] /datum/gas_mixture (/datum/gas_mixture): heat capacity(1)
[2018-07-30 14:46:27.419] /datum/gas_mixture (/datum/gas_mixture): react(the canister (/obj/machinery/portable_atmospherics/canister))
[2018-07-30 14:46:27.419] the canister (/obj/machinery/portable_atmospherics/canister): process atmos(0.5)
[2018-07-30 14:46:27.419] the canister (/obj/machinery/portable_atmospherics/canister): process atmos(0.5)
[2018-07-30 14:46:27.419] Atmospherics (/datum/controller/subsystem/air): process atmos machinery(0)
[2018-07-30 14:46:27.419] Atmospherics (/datum/controller/subsystem/air): fire(0)
[2018-07-30 14:46:27.419] Atmospherics (/datum/controller/subsystem/air): ignite(0)
[2018-07-30 14:46:27.419] Master (/datum/controller/master): RunQueue()
[2018-07-30 14:46:27.419] Master (/datum/controller/master): Loop()
[2018-07-30 14:46:27.419] Master (/datum/controller/master): StartProcessing(0)
[2018-07-30 14:46:27.419] 
[2018-07-30 14:46:27.918] runtime error: cannot read from list
[2018-07-30 14:46:27.918] proc name: heat capacity (/datum/gas_mixture/proc/heat_capacity)
[2018-07-30 14:46:27.918]   source file: gas_mixture.dm,81
[2018-07-30 14:46:27.918]   usr: null
[2018-07-30 14:46:27.918]   src: /datum/gas_mixture (/datum/gas_mixture)
[2018-07-30 14:46:27.918]   call stack:
[2018-07-30 14:46:27.918] /datum/gas_mixture (/datum/gas_mixture): heat capacity(1)
[2018-07-30 14:46:27.918] /datum/gas_mixture (/datum/gas_mixture): react(the canister (/obj/machinery/portable_atmospherics/canister))
[2018-07-30 14:46:27.918] the canister (/obj/machinery/portable_atmospherics/canister): process atmos(0.5)
[2018-07-30 14:46:27.918] the canister (/obj/machinery/portable_atmospherics/canister): process atmos(0.5)
[2018-07-30 14:46:27.918] Atmospherics (/datum/controller/subsystem/air): process atmos machinery(0)
[2018-07-30 14:46:27.918] Atmospherics (/datum/controller/subsystem/air): fire(0)
[2018-07-30 14:46:27.918] Atmospherics (/datum/controller/subsystem/air): ignite(0)
[2018-07-30 14:46:27.918] Master (/datum/controller/master): RunQueue()
[2018-07-30 14:46:27.918] Master (/datum/controller/master): Loop()
[2018-07-30 14:46:27.918] Master (/datum/controller/master): StartProcessing(0)
[2018-07-30 14:46:27.918] 
[2018-07-30 14:46:28.425] runtime error: cannot read from list
[2018-07-30 14:46:28.425] proc name: heat capacity (/datum/gas_mixture/proc/heat_capacity)
[2018-07-30 14:46:28.425]   source file: gas_mixture.dm,81
[2018-07-30 14:46:28.425] 
[2018-07-30 14:46:28.919] runtime error: cannot read from list
[2018-07-30 14:46:28.919] proc name: heat capacity (/datum/gas_mixture/proc/heat_capacity)
[2018-07-30 14:46:28.919]   source file: gas_mixture.dm,81
[2018-07-30 14:46:28.919] 
[2018-07-30 14:46:29.418] runtime error: cannot read from list
[2018-07-30 14:46:29.418] proc name: heat capacity (/datum/gas_mixture/proc/heat_capacity)
[2018-07-30 14:46:29.418]   source file: gas_mixture.dm,81
[2018-07-30 14:46:29.418] 
[2018-07-30 14:46:29.915] runtime error: cannot read from list
[2018-07-30 14:46:29.916] proc name: heat capacity (/datum/gas_mixture/proc/heat_capacity)
[2018-07-30 14:46:29.916]   source file: gas_mixture.dm,81
[2018-07-30 14:46:29.916] 
[2018-07-30 14:46:30.427] runtime error: cannot read from list
[2018-07-30 14:46:30.427] proc name: heat capacity (/datum/gas_mixture/proc/heat_capacity)
[2018-07-30 14:46:30.427]   source file: gas_mixture.dm,81
[2018-07-30 14:46:30.427] 
[2018-07-30 14:46:30.915] runtime error: cannot read from list
[2018-07-30 14:46:30.915] proc name: heat capacity (/datum/gas_mixture/proc/heat_capacity)
[2018-07-30 14:46:30.915]   source file: gas_mixture.dm,81
[2018-07-30 14:46:30.915] 
[2018-07-30 14:46:31.416] runtime error: cannot read from list
[2018-07-30 14:46:31.416] proc name: heat capacity (/datum/gas_mixture/proc/heat_capacity)
[2018-07-30 14:46:31.416]   source file: gas_mixture.dm,81
[2018-07-30 14:46:31.416] 
[2018-07-30 14:46:31.916] runtime error: cannot read from list
[2018-07-30 14:46:31.916] proc name: heat capacity (/datum/gas_mixture/proc/heat_capacity)
[2018-07-30 14:46:31.916]   source file: gas_mixture.dm,81
[2018-07-30 14:46:31.916] 
[2018-07-30 14:46:32.426] runtime error: cannot read from list
[2018-07-30 14:46:32.426] proc name: heat capacity (/datum/gas_mixture/proc/heat_capacity)
[2018-07-30 14:46:32.426]   source file: gas_mixture.dm,81
[2018-07-30 14:46:32.426] 
[2018-07-30 14:46:32.918] runtime error: cannot read from list
[2018-07-30 14:46:32.918] proc name: heat capacity (/datum/gas_mixture/proc/heat_capacity)
[2018-07-30 14:46:32.918]   source file: gas_mixture.dm,81
[2018-07-30 14:46:32.918] 
[2018-07-30 14:46:33.421] runtime error: cannot read from list
[2018-07-30 14:46:33.421] proc name: heat capacity (/datum/gas_mixture/proc/heat_capacity)
[2018-07-30 14:46:33.421]   source file: gas_mixture.dm,81
[2018-07-30 14:46:33.421] 
[2018-07-30 14:46:33.915] runtime error: cannot read from list
[2018-07-30 14:46:33.915] proc name: heat capacity (/datum/gas_mixture/proc/heat_capacity)
[2018-07-30 14:46:33.915]   source file: gas_mixture.dm,81
[2018-07-30 14:46:33.915] 
[2018-07-30 14:46:34.423] runtime error: cannot read from list
[2018-07-30 14:46:34.423] proc name: heat capacity (/datum/gas_mixture/proc/heat_capacity)
[2018-07-30 14:46:34.423]   source file: gas_mixture.dm,81
[2018-07-30 14:46:34.423] 
[2018-07-30 14:46:34.915] runtime error: cannot read from list
[2018-07-30 14:46:34.916] proc name: heat capacity (/datum/gas_mixture/proc/heat_capacity)
[2018-07-30 14:46:34.916]   source file: gas_mixture.dm,81
[2018-07-30 14:46:34.916] 
[2018-07-30 14:46:35.418] runtime error: cannot read from list
[2018-07-30 14:46:35.418] proc name: heat capacity (/datum/gas_mixture/proc/heat_capacity)
[2018-07-30 14:46:35.418]   source file: gas_mixture.dm,81
[2018-07-30 14:46:35.418] 
[2018-07-30 14:46:35.919] runtime error: cannot read from list
[2018-07-30 14:46:35.919] proc name: heat capacity (/datum/gas_mixture/proc/heat_capacity)
[2018-07-30 14:46:35.919]   source file: gas_mixture.dm,81
[2018-07-30 14:46:35.919] 
[2018-07-30 14:46:36.422] runtime error: cannot read from list
[2018-07-30 14:46:36.422] proc name: heat capacity (/datum/gas_mixture/proc/heat_capacity)
[2018-07-30 14:46:36.422]   source file: gas_mixture.dm,81
[2018-07-30 14:46:36.422] 
[2018-07-30 14:46:36.917] runtime error: cannot read from list
[2018-07-30 14:46:36.917] proc name: heat capacity (/datum/gas_mixture/proc/heat_capacity)
[2018-07-30 14:46:36.917]   source file: gas_mixture.dm,81
[2018-07-30 14:46:36.917] 
[2018-07-30 14:46:37.418] runtime error: cannot read from list
[2018-07-30 14:46:37.418] proc name: heat capacity (/datum/gas_mixture/proc/heat_capacity)
[2018-07-30 14:46:37.418]   source file: gas_mixture.dm,81
[2018-07-30 14:46:37.418] 
[2018-07-30 14:46:37.918] runtime error: cannot read from list
[2018-07-30 14:46:37.918] proc name: heat capacity (/datum/gas_mixture/proc/heat_capacity)
[2018-07-30 14:46:37.918]   source file: gas_mixture.dm,81
[2018-07-30 14:46:37.918] 
[2018-07-30 14:46:38.425] runtime error: cannot read from list
[2018-07-30 14:46:38.425] proc name: heat capacity (/datum/gas_mixture/proc/heat_capacity)
[2018-07-30 14:46:38.425]   source file: gas_mixture.dm,81
[2018-07-30 14:46:38.425] 
[2018-07-30 14:46:38.918] runtime error: cannot read from list
[2018-07-30 14:46:38.918] proc name: heat capacity (/datum/gas_mixture/proc/heat_capacity)
[2018-07-30 14:46:38.918]   source file: gas_mixture.dm,81
[2018-07-30 14:46:38.918] 
[2018-07-30 14:46:39.418] runtime error: cannot read from list
[2018-07-30 14:46:39.418] proc name: heat capacity (/datum/gas_mixture/proc/heat_capacity)
[2018-07-30 14:46:39.418]   source file: gas_mixture.dm,81
[2018-07-30 14:46:39.418] 
[2018-07-30 14:46:39.917] runtime error: cannot read from list
[2018-07-30 14:46:39.917] proc name: heat capacity (/datum/gas_mixture/proc/heat_capacity)
[2018-07-30 14:46:39.917]   source file: gas_mixture.dm,81
[2018-07-30 14:46:39.917] 
[2018-07-30 14:46:40.422] runtime error: cannot read from list
[2018-07-30 14:46:40.422] proc name: heat capacity (/datum/gas_mixture/proc/heat_capacity)
[2018-07-30 14:46:40.422]   source file: gas_mixture.dm,81
[2018-07-30 14:46:40.422] 
[2018-07-30 14:46:40.918] runtime error: cannot read from list
[2018-07-30 14:46:40.918] proc name: heat capacity (/datum/gas_mixture/proc/heat_capacity)
[2018-07-30 14:46:40.918]   source file: gas_mixture.dm,81
[2018-07-30 14:46:40.918] 
[2018-07-30 14:46:41.418] runtime error: cannot read from list
[2018-07-30 14:46:41.418] proc name: heat capacity (/datum/gas_mixture/proc/heat_capacity)
[2018-07-30 14:46:41.418]   source file: gas_mixture.dm,81
[2018-07-30 14:46:41.418] 
[2018-07-30 14:46:41.853] ### ListVarEdit by BigPenorBoi: /datum/gas_mixture gases: ADDED=Oxygen
[2018-07-30 14:46:41.918] runtime error: cannot read from list
[2018-07-30 14:46:41.918] proc name: heat capacity (/datum/gas_mixture/proc/heat_capacity)
[2018-07-30 14:46:41.918]   source file: gas_mixture.dm,81
[2018-07-30 14:46:41.918] 
[2018-07-30 14:46:42.427] runtime error: cannot read from list
[2018-07-30 14:46:42.427] proc name: heat capacity (/datum/gas_mixture/proc/heat_capacity)
[2018-07-30 14:46:42.427]   source file: gas_mixture.dm,81
[2018-07-30 14:46:42.427] 
[2018-07-30 14:46:42.919] runtime error: cannot read from list
[2018-07-30 14:46:42.919] proc name: heat capacity (/datum/gas_mixture/proc/heat_capacity)
[2018-07-30 14:46:42.919]   source file: gas_mixture.dm,81
[2018-07-30 14:46:42.919] 
[2018-07-30 14:46:43.418] runtime error: cannot read from list
[2018-07-30 14:46:43.418] proc name: heat capacity (/datum/gas_mixture/proc/heat_capacity)
[2018-07-30 14:46:43.418]   source file: gas_mixture.dm,81
[2018-07-30 14:46:43.418] 
[2018-07-30 14:46:43.918] runtime error: cannot read from list
[2018-07-30 14:46:43.918] proc name: heat capacity (/datum/gas_mixture/proc/heat_capacity)
[2018-07-30 14:46:43.918]   source file: gas_mixture.dm,81
[2018-07-30 14:46:43.918] 
[2018-07-30 14:46:44.425] runtime error: cannot read from list
[2018-07-30 14:46:44.425] proc name: heat capacity (/datum/gas_mixture/proc/heat_capacity)
[2018-07-30 14:46:44.425]   source file: gas_mixture.dm,81
[2018-07-30 14:46:44.425] 
[2018-07-30 14:46:44.918] runtime error: cannot read from list
[2018-07-30 14:46:44.918] proc name: heat capacity (/datum/gas_mixture/proc/heat_capacity)
[2018-07-30 14:46:44.918]   source file: gas_mixture.dm,81
[2018-07-30 14:46:44.918] 
[2018-07-30 14:46:45.419] runtime error: cannot read from list
[2018-07-30 14:46:45.419] proc name: heat capacity (/datum/gas_mixture/proc/heat_capacity)
[2018-07-30 14:46:45.419]   source file: gas_mixture.dm,81
[2018-07-30 14:46:45.419] 
[2018-07-30 14:46:45.918] runtime error: cannot read from list
[2018-07-30 14:46:45.918] proc name: heat capacity (/datum/gas_mixture/proc/heat_capacity)
[2018-07-30 14:46:45.918]   source file: gas_mixture.dm,81
[2018-07-30 14:46:45.918] 
[2018-07-30 14:46:46.425] runtime error: cannot read from list
[2018-07-30 14:46:46.425] proc name: heat capacity (/datum/gas_mixture/proc/heat_capacity)
[2018-07-30 14:46:46.425]   source file: gas_mixture.dm,81
[2018-07-30 14:46:46.425] 
[2018-07-30 14:46:46.920] runtime error: cannot read from list
[2018-07-30 14:46:46.920] proc name: heat capacity (/datum/gas_mixture/proc/heat_capacity)
[2018-07-30 14:46:46.920]   source file: gas_mixture.dm,81
[2018-07-30 14:46:46.920] 
[2018-07-30 14:46:47.420] runtime error: cannot read from list
[2018-07-30 14:46:47.420] proc name: heat capacity (/datum/gas_mixture/proc/heat_capacity)
[2018-07-30 14:46:47.420]   source file: gas_mixture.dm,81
[2018-07-30 14:46:47.420] 
[2018-07-30 14:46:47.917] runtime error: cannot read from list
[2018-07-30 14:46:47.917] proc name: heat capacity (/datum/gas_mixture/proc/heat_capacity)
[2018-07-30 14:46:47.917]   source file: gas_mixture.dm,81
[2018-07-30 14:46:47.917] 
[2018-07-30 14:46:48.426] runtime error: cannot read from list
[2018-07-30 14:46:48.426] proc name: heat capacity (/datum/gas_mixture/proc/heat_capacity)
[2018-07-30 14:46:48.426]   source file: gas_mixture.dm,81
[2018-07-30 14:46:48.426] 
[2018-07-30 14:46:48.919] runtime error: cannot read from list
[2018-07-30 14:46:48.919] proc name: heat capacity (/datum/gas_mixture/proc/heat_capacity)
[2018-07-30 14:46:48.919]   source file: gas_mixture.dm,81
[2018-07-30 14:46:48.919] 
[2018-07-30 14:46:49.418] runtime error: cannot read from list
[2018-07-30 14:46:49.418] proc name: heat capacity (/datum/gas_mixture/proc/heat_capacity)
[2018-07-30 14:46:49.418]   source file: gas_mixture.dm,81
[2018-07-30 14:46:49.418] 
[2018-07-30 14:46:49.921] runtime error: cannot read from list
[2018-07-30 14:46:49.921] proc name: heat capacity (/datum/gas_mixture/proc/heat_capacity)
[2018-07-30 14:46:49.921]   source file: gas_mixture.dm,81
[2018-07-30 14:46:49.921] 
[2018-07-30 14:46:50.425] runtime error: cannot read from list
[2018-07-30 14:46:50.426] proc name: heat capacity (/datum/gas_mixture/proc/heat_capacity)
[2018-07-30 14:46:50.426]   source file: gas_mixture.dm,81
[2018-07-30 14:46:50.426] 
[2018-07-30 14:46:50.918] runtime error: cannot read from list
[2018-07-30 14:46:50.918] proc name: heat capacity (/datum/gas_mixture/proc/heat_capacity)
[2018-07-30 14:46:50.918]   source file: gas_mixture.dm,81
[2018-07-30 14:46:50.918] 
[2018-07-30 14:46:51.418] runtime error: cannot read from list
[2018-07-30 14:46:51.419] proc name: heat capacity (/datum/gas_mixture/proc/heat_capacity)
[2018-07-30 14:46:51.419]   source file: gas_mixture.dm,81
[2018-07-30 14:46:51.419] 
[2018-07-30 14:46:58.817] runtime error: cannot read from list
[2018-07-30 14:46:58.817] proc name: return pressure (/datum/gas_mixture/proc/return_pressure)
[2018-07-30 14:46:58.817]   source file: gas_mixture.dm,102
[2018-07-30 14:46:58.817] 
[2018-07-30 14:46:59.205] runtime error: cannot read from list
[2018-07-30 14:46:59.206] proc name: return pressure (/datum/gas_mixture/proc/return_pressure)
[2018-07-30 14:46:59.206]   source file: gas_mixture.dm,102
[2018-07-30 14:46:59.206] 
[2018-07-30 14:47:00.112] runtime error: cannot read from list
[2018-07-30 14:47:00.113] proc name: return pressure (/datum/gas_mixture/proc/return_pressure)
[2018-07-30 14:47:00.113]   source file: gas_mixture.dm,102
[2018-07-30 14:47:00.113] 
[2018-07-30 14:52:26.487] runtime error: Cannot execute null.archive().
[2018-07-30 14:52:26.487] 
[2018-07-30 14:52:26.487] runtime error: Cannot read null.gases
[2018-07-30 14:52:26.487] 
[2018-07-30 14:52:26.487] runtime error: Cannot execute null.archive().
[2018-07-30 14:52:26.487] 
[2018-07-30 14:52:26.488] runtime error: Cannot read null.gases
[2018-07-30 14:52:26.488] 
[2018-07-30 14:52:26.488] runtime error: Cannot execute null.archive().
[2018-07-30 14:52:26.488] 
[2018-07-30 14:52:26.488] runtime error: Cannot read null.gases
[2018-07-30 14:52:26.488] 
[2018-07-30 14:52:26.489] runtime error: Cannot execute null.archive().
[2018-07-30 14:52:26.489] 
[2018-07-30 14:52:26.489] runtime error: Cannot read null.gases
[2018-07-30 14:52:26.489] 
[2018-07-30 14:52:26.489] runtime error: Cannot execute null.archive().
[2018-07-30 14:52:26.489] 
[2018-07-30 14:52:26.489] runtime error: Cannot read null.gases
[2018-07-30 14:52:26.489] 
[2018-07-30 14:52:26.490] runtime error: Cannot execute null.archive().
[2018-07-30 14:52:26.490] 
[2018-07-30 14:52:26.490] runtime error: Cannot read null.gases
[2018-07-30 14:52:26.490] 
[2018-07-30 14:52:26.490] runtime error: Cannot execute null.archive().
[2018-07-30 14:52:26.490] 
[2018-07-30 14:52:26.490] runtime error: Cannot read null.gases
[2018-07-30 14:52:26.490] 
[2018-07-30 14:52:26.490] runtime error: Cannot execute null.archive().
[2018-07-30 14:52:26.490] 
[2018-07-30 14:52:26.491] runtime error: Cannot read null.gases
[2018-07-30 14:52:26.491] 
[2018-07-30 14:52:26.491] runtime error: Cannot execute null.archive().
[2018-07-30 14:52:26.491] 
[2018-07-30 14:52:26.491] runtime error: Cannot read null.gases
[2018-07-30 14:52:26.491] 
[2018-07-30 14:52:26.491] runtime error: Cannot execute null.archive().
[2018-07-30 14:52:26.491] 
[2018-07-30 14:52:26.492] runtime error: Cannot read null.gases
[2018-07-30 14:52:26.492] 
[2018-07-30 14:52:26.492] runtime error: Cannot execute null.archive().
[2018-07-30 14:52:26.492] 
[2018-07-30 14:52:26.492] runtime error: Cannot read null.gases
[2018-07-30 14:52:26.492] 
[2018-07-30 14:52:26.492] runtime error: Cannot execute null.archive().
[2018-07-30 14:52:26.492] 
[2018-07-30 14:52:26.493] runtime error: Cannot read null.gases
[2018-07-30 14:52:26.493] 
[2018-07-30 14:52:26.493] runtime error: Cannot execute null.archive().
[2018-07-30 14:52:26.493] 
[2018-07-30 14:52:26.493] runtime error: Cannot read null.gases
[2018-07-30 14:52:26.493] 
[2018-07-30 14:52:26.493] runtime error: Cannot execute null.archive().
[2018-07-30 14:52:26.493] 
[2018-07-30 14:52:26.494] runtime error: Cannot read null.gases
[2018-07-30 14:52:26.494] 
[2018-07-30 14:52:26.494] runtime error: Cannot execute null.archive().
[2018-07-30 14:52:26.494] 
[2018-07-30 14:52:26.494] runtime error: Cannot read null.gases
[2018-07-30 14:52:26.494] 
[2018-07-30 14:52:26.494] runtime error: Cannot execute null.archive().
[2018-07-30 14:52:26.494] 
[2018-07-30 14:52:26.495] runtime error: Cannot read null.gases
[2018-07-30 14:52:26.495] 
[2018-07-30 14:52:26.495] runtime error: Cannot execute null.archive().
[2018-07-30 14:52:26.495] 
[2018-07-30 14:52:26.495] runtime error: Cannot read null.gases
[2018-07-30 14:52:26.495] 
[2018-07-30 14:52:26.495] runtime error: Cannot execute null.archive().
[2018-07-30 14:52:26.495] 
[2018-07-30 14:52:26.496] runtime error: Cannot read null.gases
[2018-07-30 14:52:26.496] 
[2018-07-30 14:52:26.496] runtime error: Cannot execute null.archive().
[2018-07-30 14:52:26.496] 
[2018-07-30 14:52:26.496] runtime error: Cannot read null.gases
[2018-07-30 14:52:26.496] 
[2018-07-30 14:52:26.496] runtime error: Cannot execute null.archive().
[2018-07-30 14:52:26.496] 
[2018-07-30 14:52:26.497] runtime error: Cannot read null.gases
[2018-07-30 14:52:26.497] 
[2018-07-30 14:52:26.497] runtime error: Cannot execute null.archive().
[2018-07-30 14:52:26.497] 
[2018-07-30 14:52:26.497] runtime error: Cannot read null.gases
[2018-07-30 14:52:26.497] 
[2018-07-30 14:52:26.497] runtime error: Cannot execute null.archive().
[2018-07-30 14:52:26.497] 
[2018-07-30 14:52:26.497] runtime error: Cannot read null.gases
[2018-07-30 14:52:26.497] 
[2018-07-30 14:52:26.498] runtime error: undefined variable /turf/closed/wall/rust/var/air
[2018-07-30 14:52:26.498] 
[2018-07-30 14:52:26.498] runtime error: Cannot execute null.archive().
[2018-07-30 14:52:26.498] 
[2018-07-30 14:52:26.498] runtime error: Cannot read null.gases
[2018-07-30 14:52:26.498] 
[2018-07-30 14:52:26.498] runtime error: Cannot execute null.archive().
[2018-07-30 14:52:26.498] 
[2018-07-30 14:52:26.499] runtime error: Cannot read null.gases
[2018-07-30 14:52:26.499] 
[2018-07-30 14:52:26.499] runtime error: Cannot execute null.archive().
[2018-07-30 14:52:26.499] 
[2018-07-30 14:52:26.499] runtime error: Cannot read null.gases
[2018-07-30 14:52:26.499] 
[2018-07-30 14:52:26.500] runtime error: Cannot execute null.archive().
[2018-07-30 14:52:26.500] 
[2018-07-30 14:52:26.500] runtime error: Cannot read null.gases
[2018-07-30 14:52:26.500] 
[2018-07-30 14:52:26.500] runtime error: Cannot execute null.archive().
[2018-07-30 14:52:26.500] 
[2018-07-30 14:52:26.500] runtime error: Cannot read null.gases
[2018-07-30 14:52:26.500] 
[2018-07-30 14:52:26.501] runtime error: Cannot execute null.archive().
[2018-07-30 14:52:26.501] 
[2018-07-30 14:52:26.501] runtime error: Cannot read null.gases
[2018-07-30 14:52:26.501] 
[2018-07-30 14:52:26.501] runtime error: Cannot execute null.archive().
[2018-07-30 14:52:26.501] 
[2018-07-30 14:52:26.501] runtime error: Cannot read null.gases
[2018-07-30 14:52:26.501] 
[2018-07-30 14:52:26.502] runtime error: Cannot execute null.archive().
[2018-07-30 14:52:26.502] 
[2018-07-30 14:52:26.502] runtime error: Cannot read null.gases
[2018-07-30 14:52:26.502] 
[2018-07-30 14:52:26.502] runtime error: Cannot execute null.archive().
[2018-07-30 14:52:26.502] 
[2018-07-30 14:52:26.502] runtime error: Cannot read null.gases
[2018-07-30 14:52:26.502] 
[2018-07-30 14:52:26.503] runtime error: Cannot execute null.archive().
[2018-07-30 14:52:26.503] 
[2018-07-30 14:52:26.503] runtime error: Cannot read null.gases
[2018-07-30 14:52:26.503] 
[2018-07-30 14:52:26.503] runtime error: undefined variable /turf/closed/wall/var/air
[2018-07-30 14:52:26.503] 
[2018-07-30 14:52:26.503] runtime error: undefined variable /turf/closed/wall/rust/var/air
[2018-07-30 14:52:26.503] 
[2018-07-30 14:52:26.504] runtime error: undefined variable /turf/closed/wall/var/air
[2018-07-30 14:52:26.504] 
[2018-07-30 14:52:26.504] runtime error: undefined variable /turf/closed/wall/rust/var/air
[2018-07-30 14:52:26.504] 
[2018-07-30 14:52:26.504] runtime error: undefined variable /turf/closed/wall/rust/var/air
[2018-07-30 14:52:26.504] 
[2018-07-30 14:52:26.504] runtime error: undefined variable /turf/closed/wall/rust/var/air
[2018-07-30 14:52:26.504] 
[2018-07-30 14:52:26.505] runtime error: undefined variable /turf/closed/wall/rust/var/air
[2018-07-30 14:52:26.505] 
[2018-07-30 14:52:26.505] runtime error: undefined variable /turf/closed/wall/rust/var/air
[2018-07-30 14:52:26.505] 
[2018-07-30 14:52:26.505] runtime error: undefined variable /turf/closed/wall/var/air
[2018-07-30 14:52:26.505] 
[2018-07-30 14:52:26.505] runtime error: undefined variable /turf/closed/wall/rust/var/air
[2018-07-30 14:52:26.505] 
[2018-07-30 14:52:26.506] runtime error: undefined variable /turf/closed/wall/var/air
[2018-07-30 14:52:26.506] 
[2018-07-30 14:52:26.506] runtime error: Cannot execute null.archive().
[2018-07-30 14:52:26.506] 
[2018-07-30 14:52:26.506] runtime error: Cannot read null.gases
[2018-07-30 14:52:26.506] 
[2018-07-30 14:52:26.506] runtime error: undefined variable /turf/closed/wall/rust/var/air
[2018-07-30 14:52:26.506] 
[2018-07-30 14:52:26.506] runtime error: Cannot execute null.archive().
[2018-07-30 14:52:26.507] 
[2018-07-30 14:52:26.507] runtime error: Cannot read null.gases
[2018-07-30 14:52:26.507] 
[2018-07-30 14:52:26.507] runtime error: undefined variable /turf/closed/wall/rust/var/air
[2018-07-30 14:52:26.507] 
[2018-07-30 14:52:26.507] runtime error: Cannot execute null.archive().
[2018-07-30 14:52:26.507] 
[2018-07-30 14:52:26.507] runtime error: Cannot read null.gases
[2018-07-30 14:52:26.507] 
[2018-07-30 14:52:26.508] runtime error: Cannot execute null.archive().
[2018-07-30 14:52:26.508] 
[2018-07-30 14:52:26.508] runtime error: Cannot read null.gases
[2018-07-30 14:52:26.508] 
[2018-07-30 14:52:26.508] runtime error: Cannot execute null.archive().
[2018-07-30 14:52:26.508] 
[2018-07-30 14:52:26.508] runtime error: Cannot read null.gases
[2018-07-30 14:52:26.508] 
[2018-07-30 14:52:26.509] runtime error: undefined variable /turf/closed/wall/rust/var/air
[2018-07-30 14:52:26.509] 
[2018-07-30 14:52:26.509] runtime error: Cannot execute null.archive().
[2018-07-30 14:52:26.509] 
[2018-07-30 14:52:26.509] runtime error: Cannot read null.gases
[2018-07-30 14:52:26.509] 
[2018-07-30 14:52:26.509] runtime error: undefined variable /turf/closed/wall/var/air
[2018-07-30 14:52:26.509] 
[2018-07-30 14:52:26.510] runtime error: Cannot execute null.archive().
[2018-07-30 14:52:26.510] 
[2018-07-30 14:52:26.510] runtime error: Cannot read null.gases
[2018-07-30 14:52:26.510] 
[2018-07-30 14:52:26.510] runtime error: undefined variable /turf/closed/wall/rust/var/air
[2018-07-30 14:52:26.510] 
[2018-07-30 14:52:26.510] runtime error: undefined variable /turf/closed/wall/var/air
[2018-07-30 14:52:26.510] 
[2018-07-30 14:52:26.511] runtime error: undefined variable /turf/closed/wall/rust/var/air
[2018-07-30 14:52:26.511] 
[2018-07-30 14:52:26.511] runtime error: undefined variable /turf/closed/wall/rust/var/air
[2018-07-30 14:52:26.511] 
[2018-07-30 14:52:27.004] runtime error: Cannot execute null.archive().
[2018-07-30 14:52:27.004] 
[2018-07-30 14:52:27.005] runtime error: Cannot read null.gases
[2018-07-30 14:52:27.005] 
[2018-07-30 14:52:27.005] runtime error: Cannot execute null.archive().
[2018-07-30 14:52:27.005] 
[2018-07-30 14:52:27.005] runtime error: Cannot read null.gases
[2018-07-30 14:52:27.005] 
[2018-07-30 14:52:27.005] runtime error: Cannot execute null.archive().
[2018-07-30 14:52:27.005] 
[2018-07-30 14:52:27.006] runtime error: Cannot read null.gases
[2018-07-30 14:52:27.006] 
[2018-07-30 14:52:27.006] runtime error: Cannot execute null.archive().
[2018-07-30 14:52:27.006] 
[2018-07-30 14:52:27.006] runtime error: Cannot read null.gases
[2018-07-30 14:52:27.006] 
[2018-07-30 14:52:27.006] runtime error: Cannot execute null.archive().
[2018-07-30 14:52:27.006] 
[2018-07-30 14:52:27.007] runtime error: Cannot read null.gases
[2018-07-30 14:52:27.007] 
[2018-07-30 14:52:27.007] runtime error: Cannot execute null.archive().
[2018-07-30 14:52:27.007] 
[2018-07-30 14:52:27.007] runtime error: Cannot read null.gases
[2018-07-30 14:52:27.007] 
[2018-07-30 14:52:27.007] runtime error: Cannot execute null.archive().
[2018-07-30 14:52:27.007] 
[2018-07-30 14:52:27.008] runtime error: Cannot read null.gases
[2018-07-30 14:52:27.008] 
[2018-07-30 14:52:27.008] runtime error: Cannot execute null.archive().
[2018-07-30 14:52:27.008] 
[2018-07-30 14:52:27.008] runtime error: Cannot read null.gases
[2018-07-30 14:52:27.008] 
[2018-07-30 14:52:27.008] runtime error: Cannot execute null.archive().
[2018-07-30 14:52:27.008] 
[2018-07-30 14:52:27.009] runtime error: Cannot read null.gases
[2018-07-30 14:52:27.009] 
[2018-07-30 14:52:27.009] runtime error: Cannot execute null.archive().
[2018-07-30 14:52:27.009] 
[2018-07-30 14:52:27.009] runtime error: Cannot read null.gases
[2018-07-30 14:52:27.009] 
[2018-07-30 14:52:27.010] runtime error: Cannot execute null.archive().
[2018-07-30 14:52:27.010] 
[2018-07-30 14:52:27.010] runtime error: Cannot read null.gases
[2018-07-30 14:52:27.010] 
[2018-07-30 14:52:27.011] runtime error: Cannot execute null.archive().
[2018-07-30 14:52:27.011] 
[2018-07-30 14:52:27.011] runtime error: Cannot read null.gases
[2018-07-30 14:52:27.011] 
[2018-07-30 14:52:27.852] runtime error: undefined variable /turf/closed/wall/rust/var/air
[2018-07-30 14:52:27.852] 
[2018-07-30 14:52:27.852] runtime error: undefined variable /turf/closed/wall/rust/var/air
[2018-07-30 14:52:27.852] 
[2018-07-30 14:52:27.853] runtime error: undefined variable /turf/closed/wall/rust/var/air
[2018-07-30 14:52:27.853] 
[2018-07-30 14:52:27.928] runtime error: undefined variable /turf/closed/wall/var/air
[2018-07-30 14:52:27.928] 
[2018-07-30 14:52:27.929] runtime error: undefined variable /turf/closed/wall/var/air
[2018-07-30 14:52:27.929] 
[2018-07-30 14:52:27.930] runtime error: undefined variable /turf/closed/wall/rust/var/air
[2018-07-30 14:52:27.930] 
[2018-07-30 14:52:27.930] runtime error: undefined variable /turf/closed/wall/var/air
[2018-07-30 14:52:27.930] 
[2018-07-30 14:52:27.930] runtime error: undefined variable /turf/closed/wall/rust/var/air
[2018-07-30 14:52:27.930] 
[2018-07-30 14:52:27.931] runtime error: undefined variable /turf/closed/wall/var/air
[2018-07-30 14:52:27.931] 
[2018-07-30 14:52:27.931] runtime error: undefined variable /turf/closed/wall/rust/var/air
[2018-07-30 14:52:27.931] 
[2018-07-30 14:52:27.931] runtime error: undefined variable /turf/closed/wall/var/air
[2018-07-30 14:52:27.931] 
[2018-07-30 14:52:27.932] runtime error: undefined variable /turf/closed/wall/var/air
[2018-07-30 14:52:27.932] 
[2018-07-30 14:52:27.932] runtime error: undefined variable /turf/closed/wall/var/air
[2018-07-30 14:52:27.932] 
[2018-07-30 14:52:27.932] runtime error: undefined variable /turf/closed/wall/rust/var/air
[2018-07-30 14:52:27.932] 
[2018-07-30 14:52:27.933] runtime error: undefined variable /turf/closed/wall/rust/var/air
[2018-07-30 14:52:27.933] 
[2018-07-30 14:52:27.933] runtime error: undefined variable /turf/closed/wall/rust/var/air
[2018-07-30 14:52:27.933] 
[2018-07-30 14:52:27.934] runtime error: undefined variable /turf/closed/wall/rust/var/air
[2018-07-30 14:52:27.934] 
[2018-07-30 14:52:27.934] runtime error: undefined variable /turf/closed/wall/rust/var/air
[2018-07-30 14:52:27.934] 
[2018-07-30 14:52:27.935] runtime error: undefined variable /turf/closed/wall/var/air
[2018-07-30 14:52:27.935] 
[2018-07-30 14:52:27.935] runtime error: undefined variable /turf/closed/wall/rust/var/air
[2018-07-30 14:52:27.935] 
[2018-07-30 14:52:27.936] runtime error: undefined variable /turf/closed/wall/var/air
[2018-07-30 14:52:27.936] 
[2018-07-30 14:52:27.936] runtime error: undefined variable /turf/closed/wall/rust/var/air
[2018-07-30 14:52:27.936] 
[2018-07-30 14:52:27.936] runtime error: undefined variable /turf/closed/wall/rust/var/air
[2018-07-30 14:52:27.936] 
[2018-07-30 15:00:03.934] ### ListVarEdit by BigPenorBoi: /list contents: 4.36601=30.366
[2018-07-30 15:09:53.973] runtime error: Cannot execute null.contents explosion().
[2018-07-30 15:09:53.973] 
[2018-07-30 15:11:50.114] runtime error: bad index
[2018-07-30 15:11:50.114] 
[2018-07-30 15:11:57.648] runtime error: bad index
[2018-07-30 15:11:57.648] 
[2018-07-30 15:12:01.163] runtime error: bad index
[2018-07-30 15:12:01.163] 
[2018-07-30 15:26:29.410] runtime error: The grille taking damage after deletion
[2018-07-30 15:26:29.410] 
[2018-07-30 15:26:31.463] runtime error: The grille taking damage after deletion
[2018-07-30 15:26:31.463] 
[2018-07-30 15:27:18.537] runtime error: The grille taking damage after deletion
[2018-07-30 15:27:18.537] 
[2018-07-30 15:28:34.124] runtime error: The grille taking damage after deletion
[2018-07-30 15:28:34.125] 
[2018-07-30 15:30:01.670] runtime error: The grille taking damage after deletion
[2018-07-30 15:30:01.670] 
[2018-07-30 15:30:29.130] runtime error: The grille taking damage after deletion
[2018-07-30 15:30:29.130] 
[2018-07-30 15:32:12.327] runtime error: The grille taking damage after deletion
[2018-07-30 15:32:12.327] 
[2018-07-30 15:32:14.110] runtime error: The grille taking damage after deletion
[2018-07-30 15:32:14.110] 
[2018-07-30 15:33:17.915] runtime error: The grille taking damage after deletion
[2018-07-30 15:33:17.915] 
[2018-07-30 15:33:48.039] runtime error: The grille taking damage after deletion
[2018-07-30 15:33:48.040] 
[2018-07-30 15:33:49.789] runtime error: The grille taking damage after deletion
[2018-07-30 15:33:49.789] 
[2018-07-30 15:33:54.492] runtime error: The grille taking damage after deletion
[2018-07-30 15:33:54.493] 
[2018-07-30 15:33:55.287] runtime error: The grille taking damage after deletion
[2018-07-30 15:33:55.287] 
[2018-07-30 15:37:43.839] runtime error: The grille taking damage after deletion
[2018-07-30 15:37:43.839] 
[2018-07-30 15:38:09.293] runtime error: The grille taking damage after deletion
[2018-07-30 15:38:09.293] 
[2018-07-30 15:41:32.911] ## WARNING: couldn't find dock with id: pod_away in code/controllers/subsystem/shuttle.dm at line 165 src: Shuttle usr: .
[2018-07-30 15:41:32.912] runtime error: Cannot execute null.get docked().
[2018-07-30 15:41:32.912] 
[2018-07-30 15:41:32.912] ## WARNING: couldn't find dock with id: pod_away in code/controllers/subsystem/shuttle.dm at line 165 src: Shuttle usr: .
[2018-07-30 15:41:32.912] runtime error: Cannot execute null.get docked().
[2018-07-30 15:41:32.912] 
[2018-07-30 15:41:35.717] Saved 23 engraved messages on map Box Station
[2018-07-30 15:42:25.170] runtime error: The grille taking damage after deletion
[2018-07-30 15:42:25.170] 
[2018-07-30 15:43:10.869] Shutting down Persistence subsystem...
[2018-07-30 15:43:10.869] Shutting down Pathfinder subsystem...
[2018-07-30 15:43:10.869] Shutting down Squeak subsystem...
[2018-07-30 15:43:10.869] Shutting down Shuttle subsystem...
[2018-07-30 15:43:10.869] Shutting down Lighting subsystem...
[2018-07-30 15:43:10.869] Shutting down XKeyScore subsystem...
[2018-07-30 15:43:10.869] Shutting down Sticky Ban subsystem...
[2018-07-30 15:43:10.869] Shutting down Overlay subsystem...
[2018-07-30 15:43:10.923] Shutting down Icon Smoothing subsystem...
[2018-07-30 15:43:10.923] Shutting down Assets subsystem...
[2018-07-30 15:43:10.923] Shutting down Minimap subsystem...
[2018-07-30 15:43:10.923] Shutting down Atmospherics subsystem...
[2018-07-30 15:43:10.923] Shutting down Wet floors subsystem...
[2018-07-30 15:43:10.923] Shutting down Weather subsystem...
[2018-07-30 15:43:10.923] Shutting down Vote subsystem...
[2018-07-30 15:43:10.923] Shutting down Traumas subsystem...
[2018-07-30 15:43:10.923] Shutting down Title Screen subsystem...
[2018-07-30 15:43:10.924] Shutting down Time Tracking subsystem...
[2018-07-30 15:43:10.924] Shutting down Throwing subsystem...
[2018-07-30 15:43:10.924] Shutting down tgui subsystem...
[2018-07-30 15:43:10.924] Shutting down Sun subsystem...
[2018-07-30 15:43:10.924] Shutting down Space Drift subsystem...
[2018-07-30 15:43:10.924] Shutting down Religion subsystem...
[2018-07-30 15:43:10.924] Shutting down Radio subsystem...
[2018-07-30 15:43:10.924] Shutting down Radiation subsystem...
[2018-07-30 15:43:10.924] Shutting down Projectiles subsystem...
[2018-07-30 15:43:10.924] Shutting down Processing subsystem...
[2018-07-30 15:43:10.924] Shutting down Ping subsystem...
[2018-07-30 15:43:10.924] Shutting down Parallax subsystem...
[2018-07-30 15:43:10.924] Shutting down pAI subsystem...
[2018-07-30 15:43:10.925] Shutting down Orbits subsystem...
[2018-07-30 15:43:10.925] Shutting down Objects subsystem...
[2018-07-30 15:43:10.925] Shutting down NPC Pool subsystem...
[2018-07-30 15:43:10.925] Shutting down Night Shift subsystem...
[2018-07-30 15:43:10.925] Shutting down Mood subsystem...
[2018-07-30 15:43:10.925] Shutting down Mobs subsystem...
[2018-07-30 15:43:10.925] Shutting down Medals subsystem...
[2018-07-30 15:43:10.925] Shutting down Idling NPC Pool subsystem...
[2018-07-30 15:43:10.925] Shutting down Fire Burning subsystem...
[2018-07-30 15:43:10.925] Shutting down Fields subsystem...
[2018-07-30 15:43:10.925] Shutting down Fast Processing subsystem...
[2018-07-30 15:43:10.925] Shutting down Disease subsystem...
[2018-07-30 15:43:10.925] Shutting down Datum Component System subsystem...
[2018-07-30 15:43:10.925] Shutting down Communications subsystem...
[2018-07-30 15:43:10.925] Shutting down Augury subsystem...
[2018-07-30 15:43:10.925] Shutting down Acid subsystem...
[2018-07-30 15:43:10.925] Shutting down Timer subsystem...
[2018-07-30 15:43:10.925] Shutting down Circuit subsystem...
[2018-07-30 15:43:10.925] Shutting down Machines subsystem...
[2018-07-30 15:43:10.925] Shutting down Language subsystem...
[2018-07-30 15:43:10.925] Shutting down Atoms subsystem...
[2018-07-30 15:43:10.926] Shutting down Networks subsystem...
[2018-07-30 15:43:10.926] Shutting down Mapping subsystem...
[2018-07-30 15:43:10.926] Shutting down Ticker subsystem...
[2018-07-30 15:43:11.154] Shutting down Quirks subsystem...
[2018-07-30 15:43:11.154] Shutting down Jobs subsystem...
[2018-07-30 15:43:11.154] Shutting down Events subsystem...
[2018-07-30 15:43:11.154] Shutting down Research subsystem...
[2018-07-30 15:43:11.154] Shutting down Input subsystem...
[2018-07-30 15:43:11.154] Shutting down Server Tasks subsystem...
[2018-07-30 15:43:11.155] Shutting down Blackbox subsystem...
[2018-07-30 15:43:11.368] Shutting down Database subsystem...
[2018-07-30 15:43:11.406] Shutting down Garbage subsystem...
[2018-07-30 15:43:11.587] Shutdown complete
[2018-07-30 15:43:11.588] World rebooted at 15:43:11
