

Starting up round ID 632. 03:11:23
---------------------
runtime error: 
[03:11:32]bad index
[03:11:32]proc name: keyDown (/client/verb/keyDown)
[03:11:32]  source file: bindings_client.dm,8
[03:11:32]  usr: ChemicalPills5379 (/mob/dead/new_player)
[03:11:32]  src: ChemicalPills5379 (/client)
[03:11:32]  usr.loc: the plating (8,174,1) (/turf/open/floor/plating)
[03:11:32]  call stack:
[03:11:32]ChemicalPills5379 (/client): keyDown("O")
runtime error: 
[03:11:32]bad index
[03:11:32]proc name: keyUp (/client/verb/keyUp)
[03:11:32]  source file: bindings_client.dm,39
[03:11:32]  usr: ChemicalPills5379 (/mob/dead/new_player)
[03:11:32]  src: ChemicalPills5379 (/client)
[03:11:32]  usr.loc: the plating (8,174,1) (/turf/open/floor/plating)
[03:11:32]  call stack:
[03:11:32]ChemicalPills5379 (/client): keyUp("O")
Initialized Database subsystem within 0 seconds!
Initialized Blackbox subsystem within 0 seconds!
Initialized Server Tasks subsystem within 0 seconds!
Initialized Input subsystem within 0 seconds!
Initialized Research subsystem within 0 seconds!
Initialized Events subsystem within 0 seconds!
Initialized Jobs subsystem within 0 seconds!
Initialized Traits subsystem within 0 seconds!
Initialized Ticker subsystem within 0 seconds!
Loading Box Station...
Loaded Station in 6.9s!
Loaded Lavaland in 8.9s!
Loaded Reebe in 5.6s!
Ruin loader finished with 0 left to spend.
Ruin loader finished with 0 left to spend.
Initialized Mapping subsystem within 29.7 seconds!
Initialized Networks subsystem within 0 seconds!
Initialized Atoms subsystem within 55 seconds!
Initialized Language subsystem within 0.1 seconds!
Initialized Machines subsystem within 0.3 seconds!
Initialized Circuit subsystem within 0 seconds!
Initialized Disease subsystem within 0 seconds!
Initialized Medals subsystem within 0 seconds!
Initialized Night Shift subsystem within 0 seconds!
Initialized Parallax subsystem within 0 seconds!
Initialized Traumas subsystem within 0.1 seconds!
Initialized Weather subsystem within 0 seconds!
## WARNING: There are 2 active turfs at roundstart, this is a mapping error caused by a difference of the air between the adjacent turfs. You can see its coordinates using "Mapping -> Show roundstart AT list" verb (debug verbs required)
## WARNING: HEY! LISTEN! 0.9 seconds were wasted processing 2 turf(s) (connected to 17253 other turfs) with atmos differences at round start.
Initialized Atmospherics subsystem within 18.5 seconds!
Initialized Minimap subsystem within 0.3 seconds!
Initialized Assets subsystem within 0.9 seconds!
Initialized Icon Smoothing subsystem within 6.6 seconds!
Initialized Overlay subsystem within 29.2 seconds!
Initialized XKeyScore subsystem within 0 seconds!
Initialized Sticky Ban subsystem within 0 seconds!
Initialized Lighting subsystem within 15.9 seconds!
Initialized Shuttle subsystem within 24.5 seconds!
Initialized Squeak subsystem within 0 seconds!
Initialized pathfinder subsystem within 0 seconds!
Loaded 102 engraved messages on map Box Station
Initialized Persistence subsystem within 0.1 seconds!
Initializations complete within 181.5 seconds!
Game start took 33.9s
runtime error: 
[03:17:34]nothing to animate
[03:17:34]proc name: shake camera (/proc/shake_camera)
[03:17:34]  source file: mob_helpers.dm,270
[03:17:34]  usr: (src)
[03:17:34]  src: null
[03:17:34]  call stack:
[03:17:34]shake camera(La-Niima (/mob/living/carbon/human), 0.75, 1)
[03:17:34]La-Niima (/mob/living/carbon/human): afterShuttleMove(space (18,18,13) (/turf/open/space/transit/west), /list (/list), 8, 8, 8, 0)
[03:17:34]La-Niima (/mob/living/carbon/human): afterShuttleMove(space (18,18,13) (/turf/open/space/transit/west), /list (/list), 8, 8, 8, 0)
[03:17:34]the arrivals shuttle (/obj/docking_port/mobile/arrivals): cleanup runway(the arrivals (/obj/docking_port/stationary), /list (/list), /list (/list), /list (/list), /list (/list), 0, 8, Space (/area/space), /turf/open/space/transit/west (/turf/open/space/transit/west), /turf/open/space (/turf/open/space))
[03:17:34]the arrivals shuttle (/obj/docking_port/mobile/arrivals): initiate docking(the arrivals (/obj/docking_port/stationary), 8, 0)
[03:17:34]the arrivals shuttle (/obj/docking_port/mobile/arrivals): initiate docking(the arrivals (/obj/docking_port/stationary), 8)
[03:17:34]the arrivals shuttle (/obj/docking_port/mobile/arrivals): check()
[03:17:34]the arrivals shuttle (/obj/docking_port/mobile/arrivals): check()
[03:17:34]Shuttle (/datum/controller/subsystem/shuttle): fire(0)
[03:17:34]Shuttle (/datum/controller/subsystem/shuttle): ignite(0)
runtime error: 
[03:17:34]nothing to animate
[03:17:34]proc name: shake camera (/proc/shake_camera)
[03:17:34]  source file: mob_helpers.dm,270
[03:17:34]  usr: (src)
[03:17:34]  src: null
[03:17:34]  call stack:
[03:17:34]shake camera(Helps-The-Station (/mob/living/carbon/human), 0.75, 1)
[03:17:34]Helps-The-Station (/mob/living/carbon/human): afterShuttleMove(space (21,20,13) (/turf/open/space/transit/west), /list (/list), 8, 8, 8, 0)
[03:17:34]Helps-The-Station (/mob/living/carbon/human): afterShuttleMove(space (21,20,13) (/turf/open/space/transit/west), /list (/list), 8, 8, 8, 0)
[03:17:34]the arrivals shuttle (/obj/docking_port/mobile/arrivals): cleanup runway(the arrivals (/obj/docking_port/stationary), /list (/list), /list (/list), /list (/list), /list (/list), 0, 8, Space (/area/space), /turf/open/space/transit/west (/turf/open/space/transit/west), /turf/open/space (/turf/open/space))
[03:17:34]the arrivals shuttle (/obj/docking_port/mobile/arrivals): initiate docking(the arrivals (/obj/docking_port/stationary), 8, 0)
[03:17:34]the arrivals shuttle (/obj/docking_port/mobile/arrivals): initiate docking(the arrivals (/obj/docking_port/stationary), 8)
[03:17:34]the arrivals shuttle (/obj/docking_port/mobile/arrivals): check()
[03:17:34]the arrivals shuttle (/obj/docking_port/mobile/arrivals): check()
[03:17:34]Shuttle (/datum/controller/subsystem/shuttle): fire(0)
[03:17:34]Shuttle (/datum/controller/subsystem/shuttle): ignite(0)
runtime error: 
[03:18:01]nothing to animate
[03:18:01]proc name: shake camera (/proc/shake_camera)
[03:18:01]  source file: mob_helpers.dm,270
[03:18:01]  usr: (src)
[03:18:01]  src: null
[03:18:01]  call stack:
[03:18:01]shake camera(Alan Kanaga (/mob/living/carbon/human), 0.75, 1)
[03:18:01]Alan Kanaga (/mob/living/carbon/human): afterShuttleMove(space (50,20,13) (/turf/open/space/transit/north), /list (/list), 8, 1, 1, 0)
[03:18:01]Alan Kanaga (/mob/living/carbon/human): afterShuttleMove(space (50,20,13) (/turf/open/space/transit/north), /list (/list), 8, 1, 1, 0)
[03:18:01]the mining shuttle (/obj/docking_port/mobile): cleanup runway(the lavaland mine (/obj/docking_port/stationary), /list (/list), /list (/list), /list (/list), /list (/list), 0, 1, Space (/area/space), /turf/open/space/transit/north (/turf/open/space/transit/north), /turf/open/space (/turf/open/space))
[03:18:01]the mining shuttle (/obj/docking_port/mobile): initiate docking(the lavaland mine (/obj/docking_port/stationary), 1, 0)
[03:18:01]the mining shuttle (/obj/docking_port/mobile): check()
[03:18:01]Shuttle (/datum/controller/subsystem/shuttle): fire(0)
[03:18:01]Shuttle (/datum/controller/subsystem/shuttle): ignite(0)
runtime error: 
[03:25:00]nothing to animate
[03:25:00]proc name: shake camera (/proc/shake_camera)
[03:25:00]  source file: mob_helpers.dm,270
[03:25:00]  usr: (src)
[03:25:00]  src: null
[03:25:00]  call stack:
[03:25:00]shake camera(Yeeterius IV (/mob/living/carbon/human), 0.75, 1)
[03:25:00]Yeeterius IV (/mob/living/carbon/human): afterShuttleMove(space (25,18,13) (/turf/open/space/transit/west), /list (/list), 8, 8, 8, 0)
[03:25:00]Yeeterius IV (/mob/living/carbon/human): afterShuttleMove(space (25,18,13) (/turf/open/space/transit/west), /list (/list), 8, 8, 8, 0)
[03:25:00]the arrivals shuttle (/obj/docking_port/mobile/arrivals): cleanup runway(the arrivals (/obj/docking_port/stationary), /list (/list), /list (/list), /list (/list), /list (/list), 0, 8, Space (/area/space), /turf/open/space/transit/west (/turf/open/space/transit/west), /turf/open/space (/turf/open/space))
[03:25:00]the arrivals shuttle (/obj/docking_port/mobile/arrivals): initiate docking(the arrivals (/obj/docking_port/stationary), 8, 0)
[03:25:00]the arrivals shuttle (/obj/docking_port/mobile/arrivals): initiate docking(the arrivals (/obj/docking_port/stationary), 8)
[03:25:00]the arrivals shuttle (/obj/docking_port/mobile/arrivals): check()
[03:25:00]the arrivals shuttle (/obj/docking_port/mobile/arrivals): check()
[03:25:00]Shuttle (/datum/controller/subsystem/shuttle): fire(0)
[03:25:00]Shuttle (/datum/controller/subsystem/shuttle): ignite(0)
### VarEdit by LuigiBoiBY/(Kayla Moore): /obj/structure/flora/rock name=rock => Pet Rock
runtime error: 
[03:27:06]nothing to animate
[03:27:06]proc name: shake camera (/proc/shake_camera)
[03:27:06]  source file: mob_helpers.dm,270
[03:27:06]  usr: (src)
[03:27:06]  src: null
[03:27:06]  call stack:
[03:27:06]shake camera(Frank D\'Hassey (/mob/living/carbon/human), 0.75, 1)
[03:27:06]Frank D\'Hassey (/mob/living/carbon/human): afterShuttleMove(space (27,18,13) (/turf/open/space/transit/west), /list (/list), 8, 8, 8, 0)
[03:27:06]Frank D\'Hassey (/mob/living/carbon/human): afterShuttleMove(space (27,18,13) (/turf/open/space/transit/west), /list (/list), 8, 8, 8, 0)
[03:27:06]the arrivals shuttle (/obj/docking_port/mobile/arrivals): cleanup runway(the arrivals (/obj/docking_port/stationary), /list (/list), /list (/list), /list (/list), /list (/list), 0, 8, Space (/area/space), /turf/open/space/transit/west (/turf/open/space/transit/west), /turf/open/space (/turf/open/space))
[03:27:06]the arrivals shuttle (/obj/docking_port/mobile/arrivals): initiate docking(the arrivals (/obj/docking_port/stationary), 8, 0)
[03:27:06]the arrivals shuttle (/obj/docking_port/mobile/arrivals): initiate docking(the arrivals (/obj/docking_port/stationary), 8)
[03:27:06]the arrivals shuttle (/obj/docking_port/mobile/arrivals): check()
[03:27:06]the arrivals shuttle (/obj/docking_port/mobile/arrivals): check()
[03:27:06]Shuttle (/datum/controller/subsystem/shuttle): fire(0)
[03:27:06]Shuttle (/datum/controller/subsystem/shuttle): ignite(0)
runtime error: 
[03:28:16]nothing to animate
[03:28:16]proc name: shake camera (/proc/shake_camera)
[03:28:16]  source file: mob_helpers.dm,270
[03:28:16]  usr: (src)
[03:28:16]  src: null
[03:28:16]  call stack:
[03:28:16]shake camera(Alan Kanaga (/mob/living/carbon/human), 0.75, 1)
[03:28:16]Alan Kanaga (/mob/living/carbon/human): afterShuttleMove(space (50,20,13) (/turf/open/space/transit/north), /list (/list), 8, 1, 1, 0)
[03:28:16]Alan Kanaga (/mob/living/carbon/human): afterShuttleMove(space (50,20,13) (/turf/open/space/transit/north), /list (/list), 8, 1, 1, 0)
[03:28:16]the mining shuttle (/obj/docking_port/mobile): cleanup runway(the mining shuttle bay (/obj/docking_port/stationary), /list (/list), /list (/list), /list (/list), /list (/list), 0, 1, Space (/area/space), /turf/open/space/transit/north (/turf/open/space/transit/north), /turf/open/space (/turf/open/space))
[03:28:16]the mining shuttle (/obj/docking_port/mobile): initiate docking(the mining shuttle bay (/obj/docking_port/stationary), 1, 0)
[03:28:16]the mining shuttle (/obj/docking_port/mobile): check()
[03:28:16]Shuttle (/datum/controller/subsystem/shuttle): fire(0)
[03:28:16]Shuttle (/datum/controller/subsystem/shuttle): ignite(0)
[2018-05-01 03:40:35] Client: Braincrab triggered JS error: Error: The URI to be decoded is not a valid encoding | url: http://127.0.0.1:55150/tmp4464/browserOutput.js | line: 116 | column: 2 | error: URIError: The URI to be decoded is not a valid encoding | user agent: Mozilla/4.0 (compatible; MSIE 7.0; Windows NT 6.2; WOW64; Trident/7.0; .NET4.0C; .NET4.0E; .NET CLR 2.0.50727; .NET CLR 3.0.30729; .NET CLR 3.5.30729)
runtime error: 
[03:46:53]nothing to animate
[03:46:53]proc name: shake camera (/proc/shake_camera)
[03:46:53]  source file: mob_helpers.dm,270
[03:46:53]  usr: (src)
[03:46:53]  src: null
[03:46:53]  call stack:
[03:46:53]shake camera(Terry Stern (/mob/living/carbon/human), 0.75, 1)
[03:46:53]Terry Stern (/mob/living/carbon/human): afterShuttleMove(space (17,18,13) (/turf/open/space/transit/west), /list (/list), 8, 8, 8, 0)
[03:46:53]Terry Stern (/mob/living/carbon/human): afterShuttleMove(space (17,18,13) (/turf/open/space/transit/west), /list (/list), 8, 8, 8, 0)
[03:46:53]the arrivals shuttle (/obj/docking_port/mobile/arrivals): cleanup runway(the arrivals (/obj/docking_port/stationary), /list (/list), /list (/list), /list (/list), /list (/list), 0, 8, Space (/area/space), /turf/open/space/transit/west (/turf/open/space/transit/west), /turf/open/space (/turf/open/space))
[03:46:53]the arrivals shuttle (/obj/docking_port/mobile/arrivals): initiate docking(the arrivals (/obj/docking_port/stationary), 8, 0)
[03:46:53]the arrivals shuttle (/obj/docking_port/mobile/arrivals): initiate docking(the arrivals (/obj/docking_port/stationary), 8)
[03:46:53]the arrivals shuttle (/obj/docking_port/mobile/arrivals): check()
[03:46:53]the arrivals shuttle (/obj/docking_port/mobile/arrivals): check()
[03:46:53]Shuttle (/datum/controller/subsystem/shuttle): fire(0)
[03:46:53]Shuttle (/datum/controller/subsystem/shuttle): ignite(0)
runtime error: 
[03:48:48]nothing to animate
[03:48:48]proc name: shake camera (/proc/shake_camera)
[03:48:48]  source file: mob_helpers.dm,270
[03:48:48]  usr: (src)
[03:48:48]  src: null
[03:48:48]  call stack:
[03:48:48]shake camera(Greta Hardy (/mob/living/carbon/human), 0.75, 1)
[03:48:48]Greta Hardy (/mob/living/carbon/human): afterShuttleMove(space (25,20,13) (/turf/open/space/transit/west), /list (/list), 8, 8, 8, 0)
[03:48:48]Greta Hardy (/mob/living/carbon/human): afterShuttleMove(space (25,20,13) (/turf/open/space/transit/west), /list (/list), 8, 8, 8, 0)
[03:48:48]the arrivals shuttle (/obj/docking_port/mobile/arrivals): cleanup runway(the arrivals (/obj/docking_port/stationary), /list (/list), /list (/list), /list (/list), /list (/list), 0, 8, Space (/area/space), /turf/open/space/transit/west (/turf/open/space/transit/west), /turf/open/space (/turf/open/space))
[03:48:48]the arrivals shuttle (/obj/docking_port/mobile/arrivals): initiate docking(the arrivals (/obj/docking_port/stationary), 8, 0)
[03:48:48]the arrivals shuttle (/obj/docking_port/mobile/arrivals): initiate docking(the arrivals (/obj/docking_port/stationary), 8)
[03:48:48]the arrivals shuttle (/obj/docking_port/mobile/arrivals): check()
[03:48:48]the arrivals shuttle (/obj/docking_port/mobile/arrivals): check()
[03:48:48]Shuttle (/datum/controller/subsystem/shuttle): fire(0)
[03:48:48]Shuttle (/datum/controller/subsystem/shuttle): ignite(0)
runtime error: 
[03:53:41]nothing to animate
[03:53:41]proc name: shake camera (/proc/shake_camera)
[03:53:41]  source file: mob_helpers.dm,270
[03:53:41]  usr: (src)
[03:53:41]  src: null
[03:53:41]  call stack:
[03:53:41]shake camera(Pepsiman (/mob/living/carbon/human), 0.75, 1)
[03:53:41]Pepsiman (/mob/living/carbon/human): afterShuttleMove(space (25,19,13) (/turf/open/space/transit/west), /list (/list), 8, 8, 8, 0)
[03:53:41]Pepsiman (/mob/living/carbon/human): afterShuttleMove(space (25,19,13) (/turf/open/space/transit/west), /list (/list), 8, 8, 8, 0)
[03:53:41]the arrivals shuttle (/obj/docking_port/mobile/arrivals): cleanup runway(the arrivals (/obj/docking_port/stationary), /list (/list), /list (/list), /list (/list), /list (/list), 0, 8, Space (/area/space), /turf/open/space/transit/west (/turf/open/space/transit/west), /turf/open/space (/turf/open/space))
[03:53:41]the arrivals shuttle (/obj/docking_port/mobile/arrivals): initiate docking(the arrivals (/obj/docking_port/stationary), 8, 0)
[03:53:41]the arrivals shuttle (/obj/docking_port/mobile/arrivals): initiate docking(the arrivals (/obj/docking_port/stationary), 8)
[03:53:41]the arrivals shuttle (/obj/docking_port/mobile/arrivals): check()
[03:53:41]the arrivals shuttle (/obj/docking_port/mobile/arrivals): check()
[03:53:41]Shuttle (/datum/controller/subsystem/shuttle): fire(0)
[03:53:41]Shuttle (/datum/controller/subsystem/shuttle): ignite(0)
runtime error: 
[04:03:38]nothing to animate
[04:03:38]proc name: shake camera (/proc/shake_camera)
[04:03:38]  source file: mob_helpers.dm,270
[04:03:38]  usr: (src)
[04:03:38]  src: null
[04:03:38]  call stack:
[04:03:38]shake camera(Alan Kanaga (/mob/living/carbon/human), 0.75, 1)
[04:03:38]Alan Kanaga (/mob/living/carbon/human): afterShuttleMove(space (50,20,13) (/turf/open/space/transit/north), /list (/list), 8, 1, 1, 0)
[04:03:38]Alan Kanaga (/mob/living/carbon/human): afterShuttleMove(space (50,20,13) (/turf/open/space/transit/north), /list (/list), 8, 1, 1, 0)
[04:03:38]the mining shuttle (/obj/docking_port/mobile): cleanup runway(the lavaland mine (/obj/docking_port/stationary), /list (/list), /list (/list), /list (/list), /list (/list), 0, 1, Space (/area/space), /turf/open/space/transit/north (/turf/open/space/transit/north), /turf/open/space (/turf/open/space))
[04:03:38]the mining shuttle (/obj/docking_port/mobile): initiate docking(the lavaland mine (/obj/docking_port/stationary), 1, 0)
[04:03:38]the mining shuttle (/obj/docking_port/mobile): check()
[04:03:38]Shuttle (/datum/controller/subsystem/shuttle): fire(0)
[04:03:38]Shuttle (/datum/controller/subsystem/shuttle): ignite(0)
runtime error: 
[04:14:43]nothing to animate
[04:14:43]proc name: shake camera (/proc/shake_camera)
[04:14:43]  source file: mob_helpers.dm,270
[04:14:43]  usr: (src)
[04:14:43]  src: null
[04:14:43]  call stack:
[04:14:43]shake camera(Alan Kanaga (/mob/living/carbon/human), 0.75, 1)
[04:14:43]Alan Kanaga (/mob/living/carbon/human): afterShuttleMove(space (50,20,13) (/turf/open/space/transit/north), /list (/list), 8, 1, 1, 0)
[04:14:43]Alan Kanaga (/mob/living/carbon/human): afterShuttleMove(space (50,20,13) (/turf/open/space/transit/north), /list (/list), 8, 1, 1, 0)
[04:14:43]the mining shuttle (/obj/docking_port/mobile): cleanup runway(the mining shuttle bay (/obj/docking_port/stationary), /list (/list), /list (/list), /list (/list), /list (/list), 0, 1, Space (/area/space), /turf/open/space/transit/north (/turf/open/space/transit/north), /turf/open/space (/turf/open/space))
[04:14:43]the mining shuttle (/obj/docking_port/mobile): initiate docking(the mining shuttle bay (/obj/docking_port/stationary), 1, 0)
[04:14:43]the mining shuttle (/obj/docking_port/mobile): check()
[04:14:43]Shuttle (/datum/controller/subsystem/shuttle): fire(0)
[04:14:43]Shuttle (/datum/controller/subsystem/shuttle): ignite(0)
runtime error: 
[04:26:44]nothing to animate
[04:26:44]proc name: shake camera (/proc/shake_camera)
[04:26:44]  source file: mob_helpers.dm,270
[04:26:44]  usr: (src)
[04:26:44]  src: null
[04:26:44]  call stack:
[04:26:44]shake camera(Alan Kanaga (/mob/living/carbon/human), 0.75, 1)
[04:26:44]Alan Kanaga (/mob/living/carbon/human): afterShuttleMove(space (50,20,13) (/turf/open/space/transit/north), /list (/list), 8, 1, 1, 0)
[04:26:44]Alan Kanaga (/mob/living/carbon/human): afterShuttleMove(space (50,20,13) (/turf/open/space/transit/north), /list (/list), 8, 1, 1, 0)
[04:26:44]the mining shuttle (/obj/docking_port/mobile): cleanup runway(the lavaland mine (/obj/docking_port/stationary), /list (/list), /list (/list), /list (/list), /list (/list), 0, 1, Space (/area/space), /turf/open/space/transit/north (/turf/open/space/transit/north), /turf/open/space (/turf/open/space))
[04:26:44]the mining shuttle (/obj/docking_port/mobile): initiate docking(the lavaland mine (/obj/docking_port/stationary), 1, 0)
[04:26:44]the mining shuttle (/obj/docking_port/mobile): check()
[04:26:44]Shuttle (/datum/controller/subsystem/shuttle): fire(0)
[04:26:44]Shuttle (/datum/controller/subsystem/shuttle): ignite(0)
runtime error: 
[04:35:50]A ref was requested of an object with DF_USE_TAG set but no tag: the blue adult slime (207)
[04:35:50]proc name: stack trace (/proc/stack_trace)
[04:35:50]  source file: unsorted.dm,1254
[04:35:50]  usr: Kayla Moore (/mob/living/carbon/human)
[04:35:50]  src: null
[04:35:50]  usr.loc: the floor (179,117,2) (/turf/open/floor/plasteel/white/side)
[04:35:50]  call stack:
[04:35:50]stack trace("A ref was requested of an obje...")
[04:35:50]REF(the blue adult slime (207) (/mob/living/carbon/alien/humanoid/royal/queen))
[04:35:50]Xenomorph (/datum/antagonist/xeno): antag listing name()
[04:35:50]Xenomorph (/datum/antagonist/xeno): antag listing entry()
[04:35:50]Aliens (/datum/team/xeno): antag listing entry()
[04:35:50]luigiboiby\'s admin datum (Tri... (/datum/admins): build antag listing()
[04:35:50]luigiboiby\'s admin datum (Tri... (/datum/admins): check antagonists()
[04:35:50]LuigiBoiBY (/client): Check Antagonists()
runtime error: 
[04:35:50]A ref was requested of an object with DF_USE_TAG set but no tag: Arthur Wolfe
[04:35:50]proc name: stack trace (/proc/stack_trace)
[04:35:50]  source file: unsorted.dm,1254
[04:35:50]  usr: Kayla Moore (/mob/living/carbon/human)
[04:35:50]  src: null
[04:35:50]  usr.loc: the floor (179,117,2) (/turf/open/floor/plasteel/white/side)
[04:35:50]  call stack:
[04:35:50]stack trace("A ref was requested of an obje...")
[04:35:50]REF(Arthur Wolfe (/mob/living/carbon/human))
[04:35:50]Brainwashed Victim (/datum/antagonist/brainwashed): antag listing name()
[04:35:50]Brainwashed Victim (/datum/antagonist/brainwashed): antag listing entry()
[04:35:50]luigiboiby\'s admin datum (Tri... (/datum/admins): build antag listing()
[04:35:50]luigiboiby\'s admin datum (Tri... (/datum/admins): check antagonists()
[04:35:50]LuigiBoiBY (/client): Check Antagonists()
runtime error: 
[04:39:19]nothing to animate
[04:39:19]proc name: shake camera (/proc/shake_camera)
[04:39:19]  source file: mob_helpers.dm,270
[04:39:19]  usr: (src)
[04:39:19]  src: null
[04:39:19]  call stack:
[04:39:19]shake camera(Humphrey Worthington (/mob/living/carbon/human), 0.75, 1)
[04:39:19]Humphrey Worthington (/mob/living/carbon/human): afterShuttleMove(space (25,20,13) (/turf/open/space/transit/west), /list (/list), 8, 8, 8, 0)
[04:39:19]Humphrey Worthington (/mob/living/carbon/human): afterShuttleMove(space (25,20,13) (/turf/open/space/transit/west), /list (/list), 8, 8, 8, 0)
[04:39:19]the arrivals shuttle (/obj/docking_port/mobile/arrivals): cleanup runway(the arrivals (/obj/docking_port/stationary), /list (/list), /list (/list), /list (/list), /list (/list), 0, 8, Space (/area/space), /turf/open/space/transit/west (/turf/open/space/transit/west), /turf/open/space (/turf/open/space))
[04:39:19]the arrivals shuttle (/obj/docking_port/mobile/arrivals): initiate docking(the arrivals (/obj/docking_port/stationary), 8, 0)
[04:39:19]the arrivals shuttle (/obj/docking_port/mobile/arrivals): initiate docking(the arrivals (/obj/docking_port/stationary), 8)
[04:39:19]the arrivals shuttle (/obj/docking_port/mobile/arrivals): check()
[04:39:19]the arrivals shuttle (/obj/docking_port/mobile/arrivals): check()
[04:39:19]Shuttle (/datum/controller/subsystem/shuttle): fire(0)
[04:39:19]Shuttle (/datum/controller/subsystem/shuttle): ignite(0)
runtime error: 
[04:40:34]nothing to animate
[04:40:34]proc name: shake camera (/proc/shake_camera)
[04:40:34]  source file: mob_helpers.dm,270
[04:40:34]  usr: (src)
[04:40:34]  src: null
[04:40:34]  call stack:
[04:40:34]shake camera(Alan Kanaga (/mob/living/carbon/human), 0.75, 1)
[04:40:34]Alan Kanaga (/mob/living/carbon/human): afterShuttleMove(space (18,20,13) (/turf/open/space/transit/north), /list (/list), 8, 1, 1, 0)
[04:40:34]Alan Kanaga (/mob/living/carbon/human): afterShuttleMove(space (18,20,13) (/turf/open/space/transit/north), /list (/list), 8, 1, 1, 0)
[04:40:34]the mining shuttle (/obj/docking_port/mobile): cleanup runway(the mining shuttle bay (/obj/docking_port/stationary), /list (/list), /list (/list), /list (/list), /list (/list), 0, 1, Space (/area/space), /turf/open/space/transit/north (/turf/open/space/transit/north), /turf/open/space (/turf/open/space))
[04:40:34]the mining shuttle (/obj/docking_port/mobile): initiate docking(the mining shuttle bay (/obj/docking_port/stationary), 1, 0)
[04:40:34]the mining shuttle (/obj/docking_port/mobile): check()
[04:40:34]Shuttle (/datum/controller/subsystem/shuttle): fire(0)
[04:40:34]Shuttle (/datum/controller/subsystem/shuttle): ignite(0)
runtime error: 
[04:43:31]addtimer called with a callback assigned to a qdeleted object
[04:43:31]proc name: stack trace (/proc/stack_trace)
[04:43:31]  source file: unsorted.dm,1254
[04:43:31]  usr: Shade of Connor Paynter (/mob/living/simple_animal/shade)
[04:43:31]  src: null
[04:43:31]  usr.loc: the shuttle floor (206,139,2) (/turf/open/floor/mineral/titanium)
[04:43:31]  call stack:
[04:43:31]stack trace("addtimer called with a callbac...")
[04:43:31]addtimer(/datum/callback (/datum/callback), 20, 0)
[04:43:31]/datum/effect_system/spark_spr... (/datum/effect_system/spark_spread): generate effect()
[04:43:31]world: ImmediateInvokeAsync(/datum/effect_system/spark_spr... (/datum/effect_system/spark_spread), /datum/effect_system/proc/gene... (/datum/effect_system/proc/generate_effect))
runtime error: 
[04:43:31]addtimer called with a callback assigned to a qdeleted object
[04:43:31]proc name: stack trace (/proc/stack_trace)
[04:43:31]  source file: unsorted.dm,1254
runtime error: 
[04:43:42]nothing to animate
[04:43:42]proc name: shake camera (/proc/shake_camera)
[04:43:42]  source file: mob_helpers.dm,270
Saved 102 engraved messages on map Box Station
runtime error: 
[04:45:23]A ref was requested of an object with DF_USE_TAG set but no tag: Marnu Stimbo
[04:45:23]proc name: stack trace (/proc/stack_trace)
[04:45:23]  source file: unsorted.dm,1254
runtime error: 
[04:45:38]Cannot execute null.playsound local().
[04:45:38]proc name: process (/obj/structure/destructible/clockwork/massive/ratvar/process)
[04:45:38]  source file: ratvar_the_clockwork_justicar.dm,85
runtime error: 
[04:45:44]Cannot read null.revivecost
[04:45:44]proc name: update power (/obj/item/defibrillator/proc/update_power)
[04:45:44]  source file: defib.dm,50
runtime error: 
[04:45:45]Cannot execute null.playsound local().
[04:45:45]proc name: process (/obj/structure/destructible/clockwork/massive/ratvar/process)
[04:45:45]  source file: ratvar_the_clockwork_justicar.dm,85
Shutting down Persistence subsystem...
Shutting down pathfinder subsystem...
Shutting down Squeak subsystem...
Shutting down Shuttle subsystem...
Shutting down Lighting subsystem...
Shutting down XKeyScore subsystem...
Shutting down Sticky Ban subsystem...
Shutting down Overlay subsystem...
Shutting down Icon Smoothing subsystem...
Shutting down Assets subsystem...
Shutting down Minimap subsystem...
Shutting down Atmospherics subsystem...
Shutting down Wet floors subsystem...
Shutting down Weather subsystem...
Shutting down Vote subsystem...
Shutting down Traumas subsystem...
Shutting down Title Screen subsystem...
Shutting down Time Tracking subsystem...
Shutting down Throwing subsystem...
Shutting down tgui subsystem...
Shutting down Sun subsystem...
Shutting down Space Drift subsystem...
Shutting down Religion subsystem...
Shutting down Radio subsystem...
Shutting down Radiation subsystem...
Shutting down Projectiles subsystem...
Shutting down Processing subsystem...
Shutting down Parallax subsystem...
Shutting down pAI subsystem...
Shutting down Orbits subsystem...
Shutting down Objects subsystem...
Shutting down NPC Pool subsystem...
Shutting down Night Shift subsystem...
Shutting down Mood subsystem...
Shutting down Mobs subsystem...
Shutting down Medals subsystem...
Shutting down Inbounds subsystem...
Shutting down Idling NPC Pool subsystem...
Shutting down Flightpack Movement subsystem...
Shutting down Fire Burning subsystem...
Shutting down Fields subsystem...
Shutting down Fast Processing subsystem...
Shutting down Disease subsystem...
Shutting down Communications subsystem...
Shutting down Augury subsystem...
Shutting down Acid subsystem...
Shutting down Timer subsystem...
Shutting down Circuit subsystem...
Shutting down Machines subsystem...
Shutting down Language subsystem...
Shutting down Atoms subsystem...
Shutting down Networks subsystem...
Shutting down Mapping subsystem...
Shutting down Ticker subsystem...
Shutting down Traits subsystem...
Shutting down Jobs subsystem...
Shutting down Events subsystem...
Shutting down Research subsystem...
Shutting down Input subsystem...
Shutting down Server Tasks subsystem...
Shutting down Blackbox subsystem...
Shutting down Database subsystem...
Shutting down Garbage subsystem...
Shutdown complete
World rebooted at 04:46:07
