

Starting up round ID 444. 01:00:47
---------------------
Initialized Database subsystem within 0 seconds!
Initialized Blackbox subsystem within 0 seconds!
Initialized Server Tasks subsystem within 0 seconds!
Initialized Input subsystem within 0 seconds!
Initialized Research subsystem within 0.1 seconds!
Initialized Events subsystem within 0 seconds!
Initialized Jobs subsystem within 0 seconds!
Initialized Traits subsystem within 0 seconds!
Initialized Ticker subsystem within 0 seconds!
Loading Box Station...
Loaded Station in 8.1s!
Loaded Lavaland in 7.6s!
Loaded Reebe in 4s!
Ruin loader finished with 0 left to spend.
Ruin loader finished with 0 left to spend.
Initialized Mapping subsystem within 27.5 seconds!
Initialized Networks subsystem within 0 seconds!
Initialized Atoms subsystem within 47.3 seconds!
Initialized Language subsystem within 0 seconds!
Initialized Machines subsystem within 0.3 seconds!
Initialized Circuit subsystem within 0.1 seconds!
Initialized Disease subsystem within 0 seconds!
Initialized Medals subsystem within 0 seconds!
Initialized Night Shift subsystem within 0 seconds!
Initialized Parallax subsystem within 0 seconds!
Initialized Traumas subsystem within 0.1 seconds!
Initialized Weather subsystem within 0 seconds!
## WARNING: There are 11 active turfs at roundstart, this is a mapping error caused by a difference of the air between the adjacent turfs. You can see its coordinates using "Mapping -> Show roundstart AT list" verb (debug verbs required)
## WARNING: HEY! LISTEN! 1 second were wasted processing 11 turf(s) (connected to 18949 other turfs) with atmos differences at round start.
Initialized Atmospherics subsystem within 14.1 seconds!
Initialized Minimap subsystem within 0 seconds!
Initialized Assets subsystem within 0.8 seconds!
Initialized Icon Smoothing subsystem within 5.9 seconds!
Initialized Overlay subsystem within 29.5 seconds!
Initialized XKeyScore subsystem within 0 seconds!
Initialized Sticky Ban subsystem within 0 seconds!
Initialized Lighting subsystem within 13.9 seconds!
Initialized Shuttle subsystem within 20.4 seconds!
Initialized Squeak subsystem within 0 seconds!
Initialized pathfinder subsystem within 0 seconds!
Loaded 5 engraved messages on map Box Station
Initialized Persistence subsystem within 0.1 seconds!
Initializations complete within 160.3 seconds!
runtime error: 
[01:05:02]Cannot read null.species
[01:05:02]proc name: update body (/mob/living/carbon/human/update_body)
[01:05:02]  source file: update_icons.dm,62
[01:05:02]  usr: null
[01:05:02]  src:  (/mob/living/carbon/human)
[01:05:02]  src.loc: null
[01:05:02]  call stack:
[01:05:02] (/mob/living/carbon/human): update body()
[01:05:02]the surplus prosthetic right l... (/obj/item/bodypart/r_leg/robot/surplus): attach limb( (/mob/living/carbon/human), null)
[01:05:02]the surplus prosthetic right l... (/obj/item/bodypart/r_leg/robot/surplus): replace limb( (/mob/living/carbon/human), null)
[01:05:02]Prosthetic Limb (/datum/trait/prosthetic_limb): on spawn()
[01:05:02]Prosthetic Limb (/datum/trait/prosthetic_limb): New( (/mob/living/carbon/human), 1)
[01:05:02] (/mob/living/carbon/human): add trait datum("Prosthetic Limb", 1)
[01:05:02]Traits (/datum/controller/subsystem/processing/traits): AssignTraits( (/mob/living/carbon/human), RunRunAway (/client), 1)
[01:05:02]Ticker (/datum/controller/subsystem/ticker): equip characters()
[01:05:02]Ticker (/datum/controller/subsystem/ticker): setup()
[01:05:02]Ticker (/datum/controller/subsystem/ticker): fire(0)
[01:05:02]Ticker (/datum/controller/subsystem/ticker): ignite(0)
runtime error: 
[01:05:02]Cannot read null.species
[01:05:02]proc name: update hair (/mob/living/carbon/human/update_hair)
[01:05:02]  source file: update_icons.dm,53
[01:05:02]  usr: null
[01:05:02]  src:  (/mob/living/carbon/human)
[01:05:02]  src.loc: null
[01:05:02]  call stack:
[01:05:02] (/mob/living/carbon/human): update hair()
[01:05:02]the surplus prosthetic right l... (/obj/item/bodypart/r_leg/robot/surplus): attach limb( (/mob/living/carbon/human), null)
[01:05:02]the surplus prosthetic right l... (/obj/item/bodypart/r_leg/robot/surplus): replace limb( (/mob/living/carbon/human), null)
[01:05:02]Prosthetic Limb (/datum/trait/prosthetic_limb): on spawn()
[01:05:02]Prosthetic Limb (/datum/trait/prosthetic_limb): New( (/mob/living/carbon/human), 1)
[01:05:02] (/mob/living/carbon/human): add trait datum("Prosthetic Limb", 1)
[01:05:02]Traits (/datum/controller/subsystem/processing/traits): AssignTraits( (/mob/living/carbon/human), RunRunAway (/client), 1)
[01:05:02]Ticker (/datum/controller/subsystem/ticker): equip characters()
[01:05:02]Ticker (/datum/controller/subsystem/ticker): setup()
[01:05:02]Ticker (/datum/controller/subsystem/ticker): fire(0)
[01:05:02]Ticker (/datum/controller/subsystem/ticker): ignite(0)
runtime error: 
[01:05:03]Cannot read null.species
[01:05:03]proc name: update body (/mob/living/carbon/human/update_body)
[01:05:03]  source file: update_icons.dm,62
[01:05:03]  usr: null
[01:05:03]  src:  (/mob/living/carbon/human)
[01:05:03]  src.loc: null
[01:05:03]  call stack:
[01:05:03] (/mob/living/carbon/human): update body()
[01:05:03]the surplus prosthetic right l... (/obj/item/bodypart/r_leg/robot/surplus): attach limb( (/mob/living/carbon/human), null)
[01:05:03]the surplus prosthetic right l... (/obj/item/bodypart/r_leg/robot/surplus): replace limb( (/mob/living/carbon/human), null)
[01:05:03]Prosthetic Limb (/datum/trait/prosthetic_limb): on spawn()
[01:05:03]Prosthetic Limb (/datum/trait/prosthetic_limb): New( (/mob/living/carbon/human), 1)
[01:05:03] (/mob/living/carbon/human): add trait datum("Prosthetic Limb", 1)
[01:05:03]Traits (/datum/controller/subsystem/processing/traits): AssignTraits( (/mob/living/carbon/human), Jane123 (/client), 1)
[01:05:03]Ticker (/datum/controller/subsystem/ticker): equip characters()
[01:05:03]Ticker (/datum/controller/subsystem/ticker): setup()
[01:05:03]Ticker (/datum/controller/subsystem/ticker): fire(0)
[01:05:03]Ticker (/datum/controller/subsystem/ticker): ignite(0)
runtime error: 
[01:05:03]Cannot read null.species
[01:05:03]proc name: update hair (/mob/living/carbon/human/update_hair)
[01:05:03]  source file: update_icons.dm,53
[01:05:03]  usr: null
[01:05:03]  src:  (/mob/living/carbon/human)
[01:05:03]  src.loc: null
[01:05:03]  call stack:
[01:05:03] (/mob/living/carbon/human): update hair()
[01:05:03]the surplus prosthetic right l... (/obj/item/bodypart/r_leg/robot/surplus): attach limb( (/mob/living/carbon/human), null)
[01:05:03]the surplus prosthetic right l... (/obj/item/bodypart/r_leg/robot/surplus): replace limb( (/mob/living/carbon/human), null)
[01:05:03]Prosthetic Limb (/datum/trait/prosthetic_limb): on spawn()
[01:05:03]Prosthetic Limb (/datum/trait/prosthetic_limb): New( (/mob/living/carbon/human), 1)
[01:05:03] (/mob/living/carbon/human): add trait datum("Prosthetic Limb", 1)
[01:05:03]Traits (/datum/controller/subsystem/processing/traits): AssignTraits( (/mob/living/carbon/human), Jane123 (/client), 1)
[01:05:03]Ticker (/datum/controller/subsystem/ticker): equip characters()
[01:05:03]Ticker (/datum/controller/subsystem/ticker): setup()
[01:05:03]Ticker (/datum/controller/subsystem/ticker): fire(0)
[01:05:03]Ticker (/datum/controller/subsystem/ticker): ignite(0)
Game start took 26.8s
runtime error: 
[01:06:17]nothing to animate
[01:06:17]proc name: shake camera (/proc/shake_camera)
[01:06:17]  source file: mob_helpers.dm,270
[01:06:17]  usr: (src)
[01:06:17]  src: null
[01:06:17]  call stack:
[01:06:17]shake camera(Tends-the-Garden (/mob/living/carbon/human), 0.75, 1)
[01:06:17]Tends-the-Garden (/mob/living/carbon/human): afterShuttleMove(space (21,20,13) (/turf/open/space/transit/west), /list (/list), 8, 8, 8, 0)
[01:06:17]Tends-the-Garden (/mob/living/carbon/human): afterShuttleMove(space (21,20,13) (/turf/open/space/transit/west), /list (/list), 8, 8, 8, 0)
[01:06:17]the arrivals shuttle (/obj/docking_port/mobile/arrivals): cleanup runway(the arrivals (/obj/docking_port/stationary), /list (/list), /list (/list), /list (/list), /list (/list), 0, 8, Space (/area/space), /turf/open/space/transit/west (/turf/open/space/transit/west), /turf/open/space (/turf/open/space))
[01:06:17]the arrivals shuttle (/obj/docking_port/mobile/arrivals): initiate docking(the arrivals (/obj/docking_port/stationary), 8, 0)
[01:06:17]the arrivals shuttle (/obj/docking_port/mobile/arrivals): initiate docking(the arrivals (/obj/docking_port/stationary), 8)
[01:06:17]the arrivals shuttle (/obj/docking_port/mobile/arrivals): check()
[01:06:17]the arrivals shuttle (/obj/docking_port/mobile/arrivals): check()
[01:06:17]Shuttle (/datum/controller/subsystem/shuttle): fire(0)
[01:06:17]Shuttle (/datum/controller/subsystem/shuttle): ignite(0)
runtime error: 
[01:06:55]nothing to animate
[01:06:55]proc name: shake camera (/proc/shake_camera)
[01:06:55]  source file: mob_helpers.dm,270
[01:06:55]  usr: (src)
[01:06:55]  src: null
[01:06:55]  call stack:
[01:06:55]shake camera(Min Contour (/mob/living/carbon/human), 0.75, 1)
[01:06:55]Min Contour (/mob/living/carbon/human): afterShuttleMove(space (49,18,13) (/turf/open/space/transit/north), /list (/list), 8, 1, 1, 0)
[01:06:55]Min Contour (/mob/living/carbon/human): afterShuttleMove(space (49,18,13) (/turf/open/space/transit/north), /list (/list), 8, 1, 1, 0)
[01:06:55]the mining shuttle (/obj/docking_port/mobile): cleanup runway(the lavaland mine (/obj/docking_port/stationary), /list (/list), /list (/list), /list (/list), /list (/list), 0, 1, Space (/area/space), /turf/open/space/transit/north (/turf/open/space/transit/north), /turf/open/space (/turf/open/space))
[01:06:55]the mining shuttle (/obj/docking_port/mobile): initiate docking(the lavaland mine (/obj/docking_port/stationary), 1, 0)
[01:06:55]the mining shuttle (/obj/docking_port/mobile): check()
[01:06:55]Shuttle (/datum/controller/subsystem/shuttle): fire(0)
[01:06:55]Shuttle (/datum/controller/subsystem/shuttle): ignite(0)
runtime error: 
[01:06:55]nothing to animate
[01:06:55]proc name: shake camera (/proc/shake_camera)
[01:06:55]  source file: mob_helpers.dm,270
[01:06:55]  usr: (src)
[01:06:55]  src: null
[01:06:55]  call stack:
[01:06:55]shake camera(Sloppy Joe (/mob/living/carbon/human), 0.75, 1)
[01:06:55]Sloppy Joe (/mob/living/carbon/human): afterShuttleMove(space (50,20,13) (/turf/open/space/transit/north), /list (/list), 8, 1, 1, 0)
[01:06:55]Sloppy Joe (/mob/living/carbon/human): afterShuttleMove(space (50,20,13) (/turf/open/space/transit/north), /list (/list), 8, 1, 1, 0)
[01:06:55]the mining shuttle (/obj/docking_port/mobile): cleanup runway(the lavaland mine (/obj/docking_port/stationary), /list (/list), /list (/list), /list (/list), /list (/list), 0, 1, Space (/area/space), /turf/open/space/transit/north (/turf/open/space/transit/north), /turf/open/space (/turf/open/space))
[01:06:55]the mining shuttle (/obj/docking_port/mobile): initiate docking(the lavaland mine (/obj/docking_port/stationary), 1, 0)
[01:06:55]the mining shuttle (/obj/docking_port/mobile): check()
[01:06:55]Shuttle (/datum/controller/subsystem/shuttle): fire(0)
[01:06:55]Shuttle (/datum/controller/subsystem/shuttle): ignite(0)
runtime error: 
[01:08:01]nothing to animate
[01:08:01]proc name: shake camera (/proc/shake_camera)
[01:08:01]  source file: mob_helpers.dm,270
[01:08:01]  usr: (src)
[01:08:01]  src: null
[01:08:01]  call stack:
[01:08:01]shake camera(Esteban Cox (/mob/living/carbon/human), 0.75, 1)
[01:08:01]Esteban Cox (/mob/living/carbon/human): afterShuttleMove(space (21,19,13) (/turf/open/space/transit/west), /list (/list), 8, 8, 8, 0)
[01:08:01]Esteban Cox (/mob/living/carbon/human): afterShuttleMove(space (21,19,13) (/turf/open/space/transit/west), /list (/list), 8, 8, 8, 0)
[01:08:01]the arrivals shuttle (/obj/docking_port/mobile/arrivals): cleanup runway(the arrivals (/obj/docking_port/stationary), /list (/list), /list (/list), /list (/list), /list (/list), 0, 8, Space (/area/space), /turf/open/space/transit/west (/turf/open/space/transit/west), /turf/open/space (/turf/open/space))
[01:08:01]the arrivals shuttle (/obj/docking_port/mobile/arrivals): initiate docking(the arrivals (/obj/docking_port/stationary), 8, 0)
[01:08:01]the arrivals shuttle (/obj/docking_port/mobile/arrivals): initiate docking(the arrivals (/obj/docking_port/stationary), 8)
[01:08:01]the arrivals shuttle (/obj/docking_port/mobile/arrivals): check()
[01:08:01]the arrivals shuttle (/obj/docking_port/mobile/arrivals): check()
[01:08:01]Shuttle (/datum/controller/subsystem/shuttle): fire(0)
[01:08:01]Shuttle (/datum/controller/subsystem/shuttle): ignite(0)
runtime error: 
[01:10:57]addtimer called with a callback assigned to a qdeleted object
[01:10:57]proc name: stack trace (/proc/stack_trace)
[01:10:57]  source file: unsorted.dm,1254
[01:10:57]  usr: Marnu Stimbo (/mob/living/carbon/human)
[01:10:57]  src: null
[01:10:57]  usr.loc: the floor (96,123,2) (/turf/open/floor/plasteel/brown/corner)
[01:10:57]  call stack:
[01:10:57]stack trace("addtimer called with a callbac...")
[01:10:57]addtimer(/datum/callback (/datum/callback), 20, 0)
[01:10:57]/datum/effect_system/spark_spr... (/datum/effect_system/spark_spread): generate effect()
[01:10:57]world: ImmediateInvokeAsync(/datum/effect_system/spark_spr... (/datum/effect_system/spark_spread), /datum/effect_system/proc/gene... (/datum/effect_system/proc/generate_effect))
runtime error: 
[01:13:43]nothing to animate
[01:13:43]proc name: shake camera (/proc/shake_camera)
[01:13:43]  source file: mob_helpers.dm,270
[01:13:43]  usr: (src)
[01:13:43]  src: null
[01:13:43]  call stack:
[01:13:43]shake camera(Pepsiman (/mob/living/carbon/human), 0.75, 1)
[01:13:43]Pepsiman (/mob/living/carbon/human): afterShuttleMove(space (23,20,13) (/turf/open/space/transit/west), /list (/list), 8, 8, 8, 0)
[01:13:43]Pepsiman (/mob/living/carbon/human): afterShuttleMove(space (23,20,13) (/turf/open/space/transit/west), /list (/list), 8, 8, 8, 0)
[01:13:43]the arrivals shuttle (/obj/docking_port/mobile/arrivals): cleanup runway(the arrivals (/obj/docking_port/stationary), /list (/list), /list (/list), /list (/list), /list (/list), 0, 8, Space (/area/space), /turf/open/space/transit/west (/turf/open/space/transit/west), /turf/open/space (/turf/open/space))
[01:13:43]the arrivals shuttle (/obj/docking_port/mobile/arrivals): initiate docking(the arrivals (/obj/docking_port/stationary), 8, 0)
[01:13:43]the arrivals shuttle (/obj/docking_port/mobile/arrivals): initiate docking(the arrivals (/obj/docking_port/stationary), 8)
[01:13:43]the arrivals shuttle (/obj/docking_port/mobile/arrivals): check()
[01:13:43]the arrivals shuttle (/obj/docking_port/mobile/arrivals): check()
[01:13:43]Shuttle (/datum/controller/subsystem/shuttle): fire(0)
[01:13:43]Shuttle (/datum/controller/subsystem/shuttle): ignite(0)
runtime error: 
[01:19:48]nothing to animate
[01:19:48]proc name: shake camera (/proc/shake_camera)
[01:19:48]  source file: mob_helpers.dm,270
[01:19:48]  usr: (src)
[01:19:48]  src: null
[01:19:48]  call stack:
[01:19:48]shake camera(Barry Lotionion (/mob/living/carbon/human), 0.75, 1)
[01:19:48]Barry Lotionion (/mob/living/carbon/human): afterShuttleMove(space (23,18,13) (/turf/open/space/transit/west), /list (/list), 8, 8, 8, 0)
[01:19:48]Barry Lotionion (/mob/living/carbon/human): afterShuttleMove(space (23,18,13) (/turf/open/space/transit/west), /list (/list), 8, 8, 8, 0)
[01:19:48]the arrivals shuttle (/obj/docking_port/mobile/arrivals): cleanup runway(the arrivals (/obj/docking_port/stationary), /list (/list), /list (/list), /list (/list), /list (/list), 0, 8, Space (/area/space), /turf/open/space/transit/west (/turf/open/space/transit/west), /turf/open/space (/turf/open/space))
[01:19:48]the arrivals shuttle (/obj/docking_port/mobile/arrivals): initiate docking(the arrivals (/obj/docking_port/stationary), 8, 0)
[01:19:48]the arrivals shuttle (/obj/docking_port/mobile/arrivals): initiate docking(the arrivals (/obj/docking_port/stationary), 8)
[01:19:48]the arrivals shuttle (/obj/docking_port/mobile/arrivals): check()
[01:19:48]the arrivals shuttle (/obj/docking_port/mobile/arrivals): check()
[01:19:48]Shuttle (/datum/controller/subsystem/shuttle): fire(0)
[01:19:48]Shuttle (/datum/controller/subsystem/shuttle): ignite(0)
runtime error: 
[01:22:28]nothing to animate
[01:22:28]proc name: shake camera (/proc/shake_camera)
[01:22:28]  source file: mob_helpers.dm,270
[01:22:28]  usr: (src)
[01:22:28]  src: null
[01:22:28]  call stack:
[01:22:28]shake camera(Earl Scruggs (/mob/living/carbon/human), 0.75, 1)
[01:22:28]Earl Scruggs (/mob/living/carbon/human): afterShuttleMove(space (25,18,13) (/turf/open/space/transit/west), /list (/list), 8, 8, 8, 0)
[01:22:28]Earl Scruggs (/mob/living/carbon/human): afterShuttleMove(space (25,18,13) (/turf/open/space/transit/west), /list (/list), 8, 8, 8, 0)
[01:22:28]the arrivals shuttle (/obj/docking_port/mobile/arrivals): cleanup runway(the arrivals (/obj/docking_port/stationary), /list (/list), /list (/list), /list (/list), /list (/list), 0, 8, Space (/area/space), /turf/open/space/transit/west (/turf/open/space/transit/west), /turf/open/space (/turf/open/space))
[01:22:28]the arrivals shuttle (/obj/docking_port/mobile/arrivals): initiate docking(the arrivals (/obj/docking_port/stationary), 8, 0)
[01:22:28]the arrivals shuttle (/obj/docking_port/mobile/arrivals): initiate docking(the arrivals (/obj/docking_port/stationary), 8)
[01:22:28]the arrivals shuttle (/obj/docking_port/mobile/arrivals): check()
[01:22:28]the arrivals shuttle (/obj/docking_port/mobile/arrivals): check()
[01:22:28]Shuttle (/datum/controller/subsystem/shuttle): fire(0)
[01:22:28]Shuttle (/datum/controller/subsystem/shuttle): ignite(0)
runtime error: 
[01:22:48]nothing to animate
[01:22:48]proc name: shake camera (/proc/shake_camera)
[01:22:48]  source file: mob_helpers.dm,270
[01:22:48]  usr: (src)
[01:22:48]  src: null
[01:22:48]  call stack:
[01:22:48]shake camera(Sloppy Joe (/mob/living/carbon/human), 0.75, 1)
[01:22:48]Sloppy Joe (/mob/living/carbon/human): afterShuttleMove(space (19,18,13) (/turf/open/space/transit/north), /list (/list), 8, 1, 1, 0)
[01:22:48]Sloppy Joe (/mob/living/carbon/human): afterShuttleMove(space (19,18,13) (/turf/open/space/transit/north), /list (/list), 8, 1, 1, 0)
[01:22:48]the mining shuttle (/obj/docking_port/mobile): cleanup runway(the mining shuttle bay (/obj/docking_port/stationary), /list (/list), /list (/list), /list (/list), /list (/list), 0, 1, Space (/area/space), /turf/open/space/transit/north (/turf/open/space/transit/north), /turf/open/space (/turf/open/space))
[01:22:48]the mining shuttle (/obj/docking_port/mobile): initiate docking(the mining shuttle bay (/obj/docking_port/stationary), 1, 0)
[01:22:48]the mining shuttle (/obj/docking_port/mobile): check()
[01:22:48]Shuttle (/datum/controller/subsystem/shuttle): fire(1)
[01:22:48]Shuttle (/datum/controller/subsystem/shuttle): ignite(1)
runtime error: 
[01:22:48]nothing to animate
[01:22:48]proc name: shake camera (/proc/shake_camera)
[01:22:48]  source file: mob_helpers.dm,270
[01:22:48]  usr: (src)
[01:22:48]  src: null
[01:22:48]  call stack:
[01:22:48]shake camera(Min Contour (/mob/living/carbon/human), 0.75, 1)
[01:22:48]Min Contour (/mob/living/carbon/human): afterShuttleMove(space (18,20,13) (/turf/open/space/transit/north), /list (/list), 8, 1, 1, 0)
[01:22:48]Min Contour (/mob/living/carbon/human): afterShuttleMove(space (18,20,13) (/turf/open/space/transit/north), /list (/list), 8, 1, 1, 0)
[01:22:48]the mining shuttle (/obj/docking_port/mobile): cleanup runway(the mining shuttle bay (/obj/docking_port/stationary), /list (/list), /list (/list), /list (/list), /list (/list), 0, 1, Space (/area/space), /turf/open/space/transit/north (/turf/open/space/transit/north), /turf/open/space (/turf/open/space))
[01:22:48]the mining shuttle (/obj/docking_port/mobile): initiate docking(the mining shuttle bay (/obj/docking_port/stationary), 1, 0)
[01:22:48]the mining shuttle (/obj/docking_port/mobile): check()
[01:22:48]Shuttle (/datum/controller/subsystem/shuttle): fire(1)
[01:22:48]Shuttle (/datum/controller/subsystem/shuttle): ignite(1)
runtime error: 
[01:26:28]nothing to animate
[01:26:28]proc name: shake camera (/proc/shake_camera)
[01:26:28]  source file: mob_helpers.dm,270
[01:26:28]  usr: (src)
[01:26:28]  src: null
[01:26:28]  call stack:
[01:26:28]shake camera(S H O C K  (/mob/living/silicon/robot), 0.75, 1)
[01:26:28]S H O C K  (/mob/living/silicon/robot): afterShuttleMove(space (18,20,13) (/turf/open/space/transit/north), /list (/list), 8, 1, 1, 0)
[01:26:28]S H O C K  (/mob/living/silicon/robot): afterShuttleMove(space (18,20,13) (/turf/open/space/transit/north), /list (/list), 8, 1, 1, 0)
[01:26:28]the mining shuttle (/obj/docking_port/mobile): cleanup runway(the mining shuttle bay (/obj/docking_port/stationary), /list (/list), /list (/list), /list (/list), /list (/list), 0, 1, Space (/area/space), /turf/open/space/transit/north (/turf/open/space/transit/north), /turf/open/space (/turf/open/space))
[01:26:28]the mining shuttle (/obj/docking_port/mobile): initiate docking(the mining shuttle bay (/obj/docking_port/stationary), 1, 0)
[01:26:28]the mining shuttle (/obj/docking_port/mobile): check()
[01:26:28]Shuttle (/datum/controller/subsystem/shuttle): fire(0)
[01:26:28]Shuttle (/datum/controller/subsystem/shuttle): ignite(0)
runtime error: 
[01:27:48]Cannot execute null.archive().
[01:27:48]proc name: archive (/turf/open/archive)
[01:27:48]  source file: LINDA_turf_tile.dm,91
[01:27:48]  usr: null
[01:27:48]  src: the plating (128,141,1) (/turf/open/floor/plating)
[01:27:48]  call stack:
[01:27:48]the plating (128,141,1) (/turf/open/floor/plating): archive()
[01:27:48]space (129,141,1) (/turf/open/space): process cell(2322)
[01:27:48]Atmospherics (/datum/controller/subsystem/air): process active turfs(1)
[01:27:48]Atmospherics (/datum/controller/subsystem/air): fire(1)
[01:27:48]Atmospherics (/datum/controller/subsystem/air): ignite(1)
[01:27:48]Master (/datum/controller/master): RunQueue()
[01:27:48]Master (/datum/controller/master): Loop()
[01:27:48]Master (/datum/controller/master): StartProcessing(0)
runtime error: 
[01:27:48]Cannot read null.gases
[01:27:48]proc name: compare (/datum/gas_mixture/compare)
[01:27:48]  source file: gas_mixture.dm,387
[01:27:48]  usr: null
[01:27:48]  src: /datum/gas_mixture/immutable/s... (/datum/gas_mixture/immutable/space)
[01:27:48]  call stack:
[01:27:48]/datum/gas_mixture/immutable/s... (/datum/gas_mixture/immutable/space): compare(null)
[01:27:48]space (129,141,1) (/turf/open/space): process cell(2322)
[01:27:48]Atmospherics (/datum/controller/subsystem/air): process active turfs(1)
[01:27:48]Atmospherics (/datum/controller/subsystem/air): fire(1)
[01:27:48]Atmospherics (/datum/controller/subsystem/air): ignite(1)
[01:27:48]Master (/datum/controller/master): RunQueue()
[01:27:48]Master (/datum/controller/master): Loop()
[01:27:48]Master (/datum/controller/master): StartProcessing(0)
runtime error: 
[01:27:49]Cannot execute null.archive().
[01:27:49]proc name: archive (/turf/open/archive)
[01:27:49]  source file: LINDA_turf_tile.dm,91
[01:27:49]  usr: null
[01:27:49]  src: the shuttle floor (120,146,1) (/turf/open/floor/mineral/plastitanium)
[01:27:49]  call stack:
[01:27:49]the shuttle floor (120,146,1) (/turf/open/floor/mineral/plastitanium): archive()
[01:27:49]the shuttle floor (120,145,1) (/turf/open/floor/mineral/plastitanium): process cell(2322)
[01:27:49]Atmospherics (/datum/controller/subsystem/air): process active turfs(1)
[01:27:49]Atmospherics (/datum/controller/subsystem/air): fire(1)
[01:27:49]Atmospherics (/datum/controller/subsystem/air): ignite(1)
[01:27:49]Master (/datum/controller/master): RunQueue()
[01:27:49]Master (/datum/controller/master): Loop()
[01:27:49]Master (/datum/controller/master): StartProcessing(0)
runtime error: 
[01:27:49]Cannot read null.gases
[01:27:49]proc name: compare (/datum/gas_mixture/compare)
[01:27:49]  source file: gas_mixture.dm,387
[01:27:49]  usr: null
[01:27:49]  src: /datum/gas_mixture/turf (/datum/gas_mixture/turf)
[01:27:49]  call stack:
[01:27:49]/datum/gas_mixture/turf (/datum/gas_mixture/turf): compare(null)
[01:27:49]the shuttle floor (120,145,1) (/turf/open/floor/mineral/plastitanium): process cell(2322)
[01:27:49]Atmospherics (/datum/controller/subsystem/air): process active turfs(1)
[01:27:49]Atmospherics (/datum/controller/subsystem/air): fire(1)
[01:27:49]Atmospherics (/datum/controller/subsystem/air): ignite(1)
[01:27:49]Master (/datum/controller/master): RunQueue()
[01:27:49]Master (/datum/controller/master): Loop()
[01:27:49]Master (/datum/controller/master): StartProcessing(0)
runtime error: 
[01:27:49]Cannot execute null.archive().
[01:27:49]proc name: archive (/turf/open/archive)
[01:27:49]  source file: LINDA_turf_tile.dm,91
runtime error: 
[01:27:49]Cannot read null.gases
[01:27:49]proc name: compare (/datum/gas_mixture/compare)
[01:27:49]  source file: gas_mixture.dm,387
runtime error: 
[01:27:49]Cannot execute null.archive().
[01:27:49]proc name: archive (/turf/open/archive)
[01:27:49]  source file: LINDA_turf_tile.dm,91
runtime error: 
[01:27:49]Cannot read null.gases
[01:27:49]proc name: compare (/datum/gas_mixture/compare)
[01:27:49]  source file: gas_mixture.dm,387
runtime error: 
[01:27:49]Cannot execute null.archive().
[01:27:49]proc name: archive (/turf/open/archive)
[01:27:49]  source file: LINDA_turf_tile.dm,91
runtime error: 
[01:27:49]Cannot read null.gases
[01:27:49]proc name: compare (/datum/gas_mixture/compare)
[01:27:49]  source file: gas_mixture.dm,387
runtime error: 
[01:27:49]Cannot execute null.archive().
[01:27:49]proc name: archive (/turf/open/archive)
[01:27:49]  source file: LINDA_turf_tile.dm,91
runtime error: 
[01:27:49]Cannot read null.gases
[01:27:49]proc name: compare (/datum/gas_mixture/compare)
[01:27:49]  source file: gas_mixture.dm,387
runtime error: 
[01:27:49]Cannot execute null.archive().
[01:27:49]proc name: archive (/turf/open/archive)
[01:27:49]  source file: LINDA_turf_tile.dm,91
runtime error: 
[01:27:49]Cannot read null.gases
[01:27:49]proc name: compare (/datum/gas_mixture/compare)
[01:27:49]  source file: gas_mixture.dm,387
runtime error: 
[01:27:49]Cannot execute null.archive().
[01:27:49]proc name: archive (/turf/open/archive)
[01:27:49]  source file: LINDA_turf_tile.dm,91
runtime error: 
[01:27:49]Cannot read null.gases
[01:27:49]proc name: compare (/datum/gas_mixture/compare)
[01:27:49]  source file: gas_mixture.dm,387
runtime error: 
[01:27:49]Cannot execute null.archive().
[01:27:49]proc name: archive (/turf/open/archive)
[01:27:49]  source file: LINDA_turf_tile.dm,91
runtime error: 
[01:27:49]Cannot read null.gases
[01:27:49]proc name: compare (/datum/gas_mixture/compare)
[01:27:49]  source file: gas_mixture.dm,387
runtime error: 
[01:27:49]Cannot execute null.archive().
[01:27:49]proc name: archive (/turf/open/archive)
[01:27:49]  source file: LINDA_turf_tile.dm,91
runtime error: 
[01:27:49]Cannot read null.gases
[01:27:49]proc name: compare (/datum/gas_mixture/compare)
[01:27:49]  source file: gas_mixture.dm,387
runtime error: 
[01:27:49]Cannot execute null.archive().
[01:27:49]proc name: archive (/turf/open/archive)
[01:27:49]  source file: LINDA_turf_tile.dm,91
runtime error: 
[01:27:49]Cannot read null.gases
[01:27:49]proc name: compare (/datum/gas_mixture/compare)
[01:27:49]  source file: gas_mixture.dm,387
runtime error: 
[01:27:49]Cannot execute null.archive().
[01:27:49]proc name: archive (/turf/open/archive)
[01:27:49]  source file: LINDA_turf_tile.dm,91
runtime error: 
[01:27:49]Cannot read null.gases
[01:27:49]proc name: compare (/datum/gas_mixture/compare)
[01:27:49]  source file: gas_mixture.dm,387
runtime error: 
[01:27:49]Cannot execute null.archive().
[01:27:49]proc name: archive (/turf/open/archive)
[01:27:49]  source file: LINDA_turf_tile.dm,91
runtime error: 
[01:27:49]Cannot read null.gases
[01:27:49]proc name: compare (/datum/gas_mixture/compare)
[01:27:49]  source file: gas_mixture.dm,387
runtime error: 
[01:27:49]Cannot execute null.archive().
[01:27:49]proc name: archive (/turf/open/archive)
[01:27:49]  source file: LINDA_turf_tile.dm,91
runtime error: 
[01:27:49]Cannot read null.gases
[01:27:49]proc name: compare (/datum/gas_mixture/compare)
[01:27:49]  source file: gas_mixture.dm,387
runtime error: 
[01:27:49]Cannot execute null.archive().
[01:27:49]proc name: archive (/turf/open/archive)
[01:27:49]  source file: LINDA_turf_tile.dm,91
runtime error: 
[01:27:49]Cannot read null.gases
[01:27:49]proc name: compare (/datum/gas_mixture/compare)
[01:27:49]  source file: gas_mixture.dm,387
runtime error: 
[01:27:49]Cannot execute null.archive().
[01:27:49]proc name: archive (/turf/open/archive)
[01:27:49]  source file: LINDA_turf_tile.dm,91
runtime error: 
[01:27:49]Cannot read null.gases
[01:27:49]proc name: compare (/datum/gas_mixture/compare)
[01:27:49]  source file: gas_mixture.dm,387
runtime error: 
[01:27:49]Cannot execute null.archive().
[01:27:49]proc name: archive (/turf/open/archive)
[01:27:49]  source file: LINDA_turf_tile.dm,91
runtime error: 
[01:27:49]Cannot read null.gases
[01:27:49]proc name: compare (/datum/gas_mixture/compare)
[01:27:49]  source file: gas_mixture.dm,387
runtime error: 
[01:27:49]Cannot execute null.archive().
[01:27:49]proc name: archive (/turf/open/archive)
[01:27:49]  source file: LINDA_turf_tile.dm,91
runtime error: 
[01:27:49]Cannot read null.gases
[01:27:49]proc name: compare (/datum/gas_mixture/compare)
[01:27:49]  source file: gas_mixture.dm,387
runtime error: 
[01:27:49]Cannot execute null.archive().
[01:27:49]proc name: archive (/turf/open/archive)
[01:27:49]  source file: LINDA_turf_tile.dm,91
runtime error: 
[01:27:49]Cannot read null.gases
[01:27:49]proc name: compare (/datum/gas_mixture/compare)
[01:27:49]  source file: gas_mixture.dm,387
runtime error: 
[01:27:49]Cannot execute null.archive().
[01:27:49]proc name: archive (/turf/open/archive)
[01:27:49]  source file: LINDA_turf_tile.dm,91
runtime error: 
[01:27:49]Cannot read null.gases
[01:27:49]proc name: compare (/datum/gas_mixture/compare)
[01:27:49]  source file: gas_mixture.dm,387
runtime error: 
[01:27:49]Cannot execute null.archive().
[01:27:49]proc name: archive (/turf/open/archive)
[01:27:49]  source file: LINDA_turf_tile.dm,91
runtime error: 
[01:27:49]Cannot read null.gases
[01:27:49]proc name: compare (/datum/gas_mixture/compare)
[01:27:49]  source file: gas_mixture.dm,387
runtime error: 
[01:27:49]Cannot execute null.archive().
[01:27:49]proc name: archive (/turf/open/archive)
[01:27:49]  source file: LINDA_turf_tile.dm,91
runtime error: 
[01:27:49]Cannot read null.gases
[01:27:49]proc name: compare (/datum/gas_mixture/compare)
[01:27:49]  source file: gas_mixture.dm,387
runtime error: 
[01:27:49]Cannot execute null.archive().
[01:27:49]proc name: archive (/turf/open/archive)
[01:27:49]  source file: LINDA_turf_tile.dm,91
runtime error: 
[01:27:49]Cannot read null.gases
[01:27:49]proc name: compare (/datum/gas_mixture/compare)
[01:27:49]  source file: gas_mixture.dm,387
runtime error: 
[01:27:49]Cannot execute null.archive().
[01:27:49]proc name: archive (/turf/open/archive)
[01:27:49]  source file: LINDA_turf_tile.dm,91
runtime error: 
[01:27:49]Cannot read null.gases
[01:27:49]proc name: compare (/datum/gas_mixture/compare)
[01:27:49]  source file: gas_mixture.dm,387
runtime error: 
[01:27:49]Cannot execute null.archive().
[01:27:49]proc name: archive (/turf/open/archive)
[01:27:49]  source file: LINDA_turf_tile.dm,91
runtime error: 
[01:27:49]Cannot read null.gases
[01:27:49]proc name: compare (/datum/gas_mixture/compare)
[01:27:49]  source file: gas_mixture.dm,387
runtime error: 
[01:27:49]Cannot execute null.archive().
[01:27:49]proc name: archive (/turf/open/archive)
[01:27:49]  source file: LINDA_turf_tile.dm,91
runtime error: 
[01:27:49]Cannot read null.gases
[01:27:49]proc name: compare (/datum/gas_mixture/compare)
[01:27:49]  source file: gas_mixture.dm,387
runtime error: 
[01:27:49]Cannot execute null.archive().
[01:27:49]proc name: archive (/turf/open/archive)
[01:27:49]  source file: LINDA_turf_tile.dm,91
runtime error: 
[01:27:49]Cannot read null.gases
[01:27:49]proc name: compare (/datum/gas_mixture/compare)
[01:27:49]  source file: gas_mixture.dm,387
runtime error: 
[01:27:49]Cannot execute null.archive().
[01:27:49]proc name: archive (/turf/open/archive)
[01:27:49]  source file: LINDA_turf_tile.dm,91
runtime error: 
[01:27:49]Cannot read null.gases
[01:27:49]proc name: compare (/datum/gas_mixture/compare)
[01:27:49]  source file: gas_mixture.dm,387
runtime error: 
[01:27:49]Cannot execute null.archive().
[01:27:49]proc name: archive (/turf/open/archive)
[01:27:49]  source file: LINDA_turf_tile.dm,91
runtime error: 
[01:27:49]Cannot read null.gases
[01:27:49]proc name: compare (/datum/gas_mixture/compare)
[01:27:49]  source file: gas_mixture.dm,387
runtime error: 
[01:27:49]Cannot execute null.archive().
[01:27:49]proc name: archive (/turf/open/archive)
[01:27:49]  source file: LINDA_turf_tile.dm,91
runtime error: 
[01:27:49]Cannot read null.gases
[01:27:49]proc name: compare (/datum/gas_mixture/compare)
[01:27:49]  source file: gas_mixture.dm,387
runtime error: 
[01:27:49]Cannot execute null.archive().
[01:27:49]proc name: archive (/turf/open/archive)
[01:27:49]  source file: LINDA_turf_tile.dm,91
runtime error: 
[01:27:49]Cannot read null.gases
[01:27:49]proc name: compare (/datum/gas_mixture/compare)
[01:27:49]  source file: gas_mixture.dm,387
runtime error: 
[01:27:49]Cannot execute null.archive().
[01:27:49]proc name: archive (/turf/open/archive)
[01:27:49]  source file: LINDA_turf_tile.dm,91
runtime error: 
[01:27:49]Cannot read null.gases
[01:27:49]proc name: compare (/datum/gas_mixture/compare)
[01:27:49]  source file: gas_mixture.dm,387
runtime error: 
[01:27:51]Cannot execute null.archive().
[01:27:51]proc name: archive (/turf/open/archive)
[01:27:51]  source file: LINDA_turf_tile.dm,91
runtime error: 
[01:27:51]Cannot read null.gases
[01:27:51]proc name: compare (/datum/gas_mixture/compare)
[01:27:51]  source file: gas_mixture.dm,387
runtime error: 
[01:27:51]Cannot execute null.archive().
[01:27:51]proc name: archive (/turf/open/archive)
[01:27:51]  source file: LINDA_turf_tile.dm,91
runtime error: 
[01:27:51]Cannot read null.gases
[01:27:51]proc name: compare (/datum/gas_mixture/compare)
[01:27:51]  source file: gas_mixture.dm,387
runtime error: 
[01:27:51]Cannot execute null.archive().
[01:27:51]proc name: archive (/turf/open/archive)
[01:27:51]  source file: LINDA_turf_tile.dm,91
runtime error: 
[01:27:51]Cannot read null.gases
[01:27:51]proc name: compare (/datum/gas_mixture/compare)
[01:27:51]  source file: gas_mixture.dm,387
runtime error: 
[01:27:51]Cannot execute null.archive().
[01:27:51]proc name: archive (/turf/open/archive)
[01:27:51]  source file: LINDA_turf_tile.dm,91
runtime error: 
[01:27:51]Cannot read null.gases
[01:27:51]proc name: compare (/datum/gas_mixture/compare)
[01:27:51]  source file: gas_mixture.dm,387
runtime error: 
[01:27:51]Cannot execute null.archive().
[01:27:51]proc name: archive (/turf/open/archive)
[01:27:51]  source file: LINDA_turf_tile.dm,91
runtime error: 
[01:27:51]Cannot read null.gases
[01:27:51]proc name: compare (/datum/gas_mixture/compare)
[01:27:51]  source file: gas_mixture.dm,387
runtime error: 
[01:27:52]Cannot execute null.archive().
[01:27:52]proc name: archive (/turf/open/archive)
[01:27:52]  source file: LINDA_turf_tile.dm,91
runtime error: 
[01:27:52]Cannot read null.gases
[01:27:52]proc name: compare (/datum/gas_mixture/compare)
[01:27:52]  source file: gas_mixture.dm,387
runtime error: 
[01:27:52]Cannot execute null.archive().
[01:27:52]proc name: archive (/turf/open/archive)
[01:27:52]  source file: LINDA_turf_tile.dm,91
runtime error: 
[01:27:52]Cannot read null.gases
[01:27:52]proc name: compare (/datum/gas_mixture/compare)
[01:27:52]  source file: gas_mixture.dm,387
runtime error: 
[01:27:52]Cannot execute null.archive().
[01:27:52]proc name: archive (/turf/open/archive)
[01:27:52]  source file: LINDA_turf_tile.dm,91
runtime error: 
[01:27:52]Cannot read null.gases
[01:27:52]proc name: compare (/datum/gas_mixture/compare)
[01:27:52]  source file: gas_mixture.dm,387
runtime error: 
[01:27:52]Cannot execute null.archive().
[01:27:52]proc name: archive (/turf/open/archive)
[01:27:52]  source file: LINDA_turf_tile.dm,91
runtime error: 
[01:27:52]Cannot read null.gases
[01:27:52]proc name: compare (/datum/gas_mixture/compare)
[01:27:52]  source file: gas_mixture.dm,387
runtime error: 
[01:27:52]Cannot execute null.archive().
[01:27:52]proc name: archive (/turf/open/archive)
[01:27:52]  source file: LINDA_turf_tile.dm,91
runtime error: 
[01:27:52]Cannot read null.gases
[01:27:52]proc name: compare (/datum/gas_mixture/compare)
[01:27:52]  source file: gas_mixture.dm,387
runtime error: 
[01:27:52]Cannot execute null.archive().
[01:27:52]Warning: further proc crash messages are being suppressed to prevent overload...
runtime error: 
[01:27:52]Cannot read null.gases
runtime error: 
[01:27:52]Cannot execute null.archive().
runtime error: 
[01:27:52]Cannot read null.gases
runtime error: 
[01:27:52]Cannot execute null.archive().
runtime error: 
[01:27:52]Cannot read null.gases
runtime error: 
[01:27:52]Cannot execute null.archive().
runtime error: 
[01:27:52]Cannot read null.gases
runtime error: 
[01:27:52]Cannot execute null.archive().
runtime error: 
[01:27:52]Cannot read null.gases
runtime error: 
[01:27:52]Cannot execute null.archive().
runtime error: 
[01:27:52]Cannot read null.gases
runtime error: 
[01:27:52]Cannot execute null.archive().
runtime error: 
[01:27:52]Cannot read null.gases
runtime error: 
[01:27:52]Cannot execute null.archive().
runtime error: 
[01:27:52]Cannot read null.gases
runtime error: 
[01:27:52]Cannot execute null.archive().
runtime error: 
[01:27:52]Cannot read null.gases
runtime error: 
[01:30:18]addtimer called with a callback assigned to a qdeleted object
runtime error: 
[01:33:06]Cannot read null.ckey
runtime error: 
[01:33:09]Cannot read null.ckey
runtime error: 
[01:33:11]Cannot read null.ckey
runtime error: 
[01:33:13]Cannot read null.ckey
runtime error: 
[01:33:15]Cannot read null.ckey
runtime error: 
[01:33:17]Cannot read null.ckey
runtime error: 
[01:33:19]Cannot read null.ckey
runtime error: 
[01:33:22]Cannot read null.ckey
runtime error: 
[01:33:24]Cannot read null.ckey
runtime error: 
[01:33:26]Cannot read null.ckey
runtime error: 
[01:33:28]Cannot read null.ckey
runtime error: 
[01:33:30]Cannot read null.ckey
runtime error: 
[01:33:32]Cannot read null.ckey
runtime error: 
[01:33:35]Cannot read null.ckey
runtime error: 
[01:33:37]Cannot read null.ckey
runtime error: 
[01:33:39]Cannot read null.ckey
runtime error: 
[01:33:41]Cannot read null.ckey
runtime error: 
[01:33:43]Cannot read null.ckey
runtime error: 
[01:33:46]Cannot read null.ckey
runtime error: 
[01:33:48]Cannot read null.ckey
runtime error: 
[01:33:50]Cannot read null.ckey
runtime error: 
[01:33:52]Cannot read null.ckey
runtime error: 
[01:33:54]Cannot read null.ckey
runtime error: 
[01:33:57]Cannot read null.ckey
runtime error: 
[01:33:59]Cannot read null.ckey
runtime error: 
[01:34:01]Cannot read null.ckey
runtime error: 
[01:34:03]Cannot read null.ckey
runtime error: 
[01:34:06]Cannot read null.ckey
runtime error: 
[01:34:08]Cannot read null.ckey
runtime error: 
[01:34:10]Cannot read null.ckey
runtime error: 
[01:34:13]Cannot read null.ckey
runtime error: 
[01:34:15]Cannot read null.ckey
runtime error: 
[01:34:17]Cannot read null.ckey
runtime error: 
[01:34:19]Cannot read null.ckey
runtime error: 
[01:34:21]Cannot read null.ckey
runtime error: 
[01:34:23]Cannot read null.ckey
runtime error: 
[01:34:26]Cannot read null.ckey
runtime error: 
[01:34:28]Cannot read null.ckey
runtime error: 
[01:34:30]Cannot read null.ckey
runtime error: 
[01:34:33]Cannot read null.ckey
runtime error: 
[01:34:35]Cannot read null.ckey
runtime error: 
[01:34:37]Cannot read null.ckey
runtime error: 
[01:34:40]Cannot read null.ckey
runtime error: 
[01:34:42]Cannot read null.ckey
runtime error: 
[01:34:44]Cannot read null.ckey
runtime error: 
[01:34:46]Cannot read null.ckey
runtime error: 
[01:34:48]Cannot read null.ckey
runtime error: 
[01:34:50]Cannot read null.ckey
runtime error: 
[01:34:53]Cannot read null.ckey
runtime error: 
[01:34:55]Cannot read null.ckey
runtime error: 
[01:34:57]Cannot read null.ckey
runtime error: 
[01:34:59]Cannot read null.ckey
runtime error: 
[01:35:43]nothing to animate
runtime error: 
[01:38:58]Cannot read null.client
runtime error: 
[01:38:58]Cannot read null.client
runtime error: 
[01:38:58]Cannot read null.client
runtime error: 
[01:38:58]Cannot read null.client
runtime error: 
[01:39:55]undefined proc or verb /turf/closed/wall/high pressure movements().

runtime error: 
[01:39:56]undefined proc or verb /turf/closed/wall/high pressure movements().

runtime error: 
[01:40:07]undefined proc or verb /turf/closed/wall/high pressure movements().

runtime error: 
[01:40:07]undefined proc or verb /turf/closed/wall/high pressure movements().

runtime error: 
[01:40:29]Cannot execute null.force give().
runtime error: 
[01:40:37]Cannot execute null.force give().
runtime error: 
[01:41:02]Cannot execute null.force give().
runtime error: 
[01:41:08]Cannot execute null.force give().
runtime error: 
[01:41:09]Cannot execute null.force give().
runtime error: 
[01:45:24]Cannot read null.ckey
runtime error: 
[01:45:26]Cannot read null.ckey
runtime error: 
[01:45:29]Cannot read null.ckey
runtime error: 
[01:45:31]Cannot read null.ckey
runtime error: 
[01:45:33]Cannot read null.ckey
runtime error: 
[01:45:36]Cannot read null.ckey
runtime error: 
[01:45:38]Cannot read null.ckey
runtime error: 
[01:45:40]Cannot read null.ckey
runtime error: 
[01:45:42]Cannot read null.ckey
runtime error: 
[01:45:44]Cannot read null.ckey
runtime error: 
[01:45:46]Cannot read null.ckey
runtime error: 
[01:45:48]Cannot read null.ckey
runtime error: 
[01:45:50]Cannot read null.ckey
runtime error: 
[01:45:52]Cannot read null.ckey
runtime error: 
[01:45:55]Cannot read null.ckey
runtime error: 
[01:45:57]Cannot read null.ckey
runtime error: 
[01:45:59]Cannot read null.ckey
runtime error: 
[01:46:01]Cannot read null.ckey
runtime error: 
[01:46:03]Cannot read null.ckey
runtime error: 
[01:46:05]Cannot read null.ckey
runtime error: 
[01:46:07]Cannot read null.ckey
runtime error: 
[01:46:09]Cannot read null.ckey
runtime error: 
[01:46:12]Cannot read null.ckey
runtime error: 
[01:46:14]Cannot read null.ckey
runtime error: 
[01:46:16]Cannot read null.ckey
runtime error: 
[01:46:18]Cannot read null.ckey
runtime error: 
[01:46:20]Cannot read null.ckey
runtime error: 
[01:46:22]Cannot read null.ckey
runtime error: 
[01:46:24]Cannot read null.ckey
runtime error: 
[01:46:26]Cannot read null.ckey
runtime error: 
[01:46:29]Cannot read null.ckey
runtime error: 
[01:46:31]Cannot read null.ckey
runtime error: 
[01:46:33]Cannot read null.ckey
runtime error: 
[01:46:36]Cannot read null.ckey
runtime error: 
[01:46:38]Cannot read null.ckey
runtime error: 
[01:46:40]Cannot read null.ckey
runtime error: 
[01:46:42]Cannot read null.ckey
runtime error: 
[01:46:44]Cannot read null.ckey
runtime error: 
[01:46:46]Cannot read null.ckey
runtime error: 
[01:46:48]Cannot read null.ckey
runtime error: 
[01:46:50]Cannot read null.ckey
runtime error: 
[01:46:52]Cannot read null.ckey
runtime error: 
[01:46:54]Cannot read null.ckey
runtime error: 
[01:46:57]Cannot read null.ckey
runtime error: 
[01:46:59]Cannot read null.ckey
runtime error: 
[01:47:01]Cannot read null.ckey
runtime error: 
[01:47:03]Cannot read null.ckey
runtime error: 
[01:47:05]Cannot read null.ckey
runtime error: 
[01:47:07]Cannot read null.ckey
runtime error: 
[01:47:09]Cannot read null.ckey
runtime error: 
[01:47:11]Cannot read null.ckey
runtime error: 
[01:47:13]Cannot read null.ckey
runtime error: 
[01:47:27]list index out of bounds
Saved 5 engraved messages on map Box Station
runtime error: 
[01:47:59]Cannot modify null.moved.
runtime error: 
[01:47:59]Cannot read null.revivecost
Shutting down Persistence subsystem...
Shutting down pathfinder subsystem...
Shutting down Squeak subsystem...
Shutting down Shuttle subsystem...
Shutting down Lighting subsystem...
Shutting down XKeyScore subsystem...
Shutting down Sticky Ban subsystem...
Shutting down Overlay subsystem...
Shutting down Icon Smoothing subsystem...
Shutting down Assets subsystem...
Shutting down Minimap subsystem...
Shutting down Atmospherics subsystem...
Shutting down Wet floors subsystem...
Shutting down Weather subsystem...
Shutting down Vote subsystem...
Shutting down Traumas subsystem...
Shutting down Title Screen subsystem...
Shutting down Time Tracking subsystem...
Shutting down Throwing subsystem...
Shutting down tgui subsystem...
Shutting down Sun subsystem...
Shutting down Space Drift subsystem...
Shutting down Religion subsystem...
Shutting down Radio subsystem...
Shutting down Radiation subsystem...
Shutting down Projectiles subsystem...
Shutting down Processing subsystem...
Shutting down Parallax subsystem...
Shutting down pAI subsystem...
Shutting down Orbits subsystem...
Shutting down Objects subsystem...
Shutting down NPC Pool subsystem...
Shutting down Night Shift subsystem...
Shutting down Mood subsystem...
Shutting down Mobs subsystem...
Shutting down Medals subsystem...
Shutting down Inbounds subsystem...
Shutting down Idling NPC Pool subsystem...
Shutting down Flightpack Movement subsystem...
Shutting down Fire Burning subsystem...
Shutting down Fields subsystem...
Shutting down Fast Processing subsystem...
Shutting down Disease subsystem...
Shutting down Communications subsystem...
Shutting down Augury subsystem...
Shutting down Acid subsystem...
Shutting down Timer subsystem...
Shutting down Circuit subsystem...
Shutting down Machines subsystem...
Shutting down Language subsystem...
Shutting down Atoms subsystem...
Shutting down Networks subsystem...
Shutting down Mapping subsystem...
Shutting down Ticker subsystem...
Shutting down Traits subsystem...
Shutting down Jobs subsystem...
Shutting down Events subsystem...
Shutting down Research subsystem...
Shutting down Input subsystem...
Shutting down Server Tasks subsystem...
Shutting down Blackbox subsystem...
Shutting down Database subsystem...
Shutting down Garbage subsystem...
Shutdown complete
World rebooted at 01:49:39
