

Starting up round ID 1370. 18:54:14
---------------------
Initialized Database subsystem within 0 seconds!
Initialized Blackbox subsystem within 0 seconds!
Initialized Server Tasks subsystem within 0 seconds!
Initialized Input subsystem within 0 seconds!
Initialized Research subsystem within 0 seconds!
Initialized Events subsystem within 0 seconds!
Initialized Jobs subsystem within 0 seconds!
Initialized Traits subsystem within 0 seconds!
Initialized Ticker subsystem within 0 seconds!
Loading PubbyStation...
Loaded Station in 6.7s!
Loaded Lavaland in 5.5s!
Loaded Reebe in 4.6s!
Ruin loader finished with 0 left to spend.
runtime error: 
[18:54:54]Cannot read null.melee
[18:54:54]proc name: attachArmor (/datum/armor/proc/attachArmor)
[18:54:54]  source file: armor.dm,59
[18:54:54]  usr: HaggisShuu (/mob/dead/new_player)
[18:54:54]  src: /datum/armor (/datum/armor)
[18:54:54]  usr.loc: the plating (8,174,1) (/turf/open/floor/plating)
[18:54:54]  call stack:
[18:54:54]/datum/armor (/datum/armor): attachArmor(null)
[18:54:54]the pocket protector (/obj/item/clothing/accessory/pocketprotector/full): attach(the sensible suit (/obj/item/clothing/under/rank/curator), null)
[18:54:54]the sensible suit (/obj/item/clothing/under/rank/curator): attach accessory(the pocket protector (/obj/item/clothing/accessory/pocketprotector/full), null, 1)
[18:54:54]Curator (/datum/outfit/job/curator): equip(Gragnir Grolob (/mob/living/carbon/human/dummy), 1)
[18:54:54]Gragnir Grolob (/mob/living/carbon/human/dummy): equipOutfit(/datum/outfit/job/curator (/datum/outfit/job/curator), 1)
[18:54:54]/datum/job/curator (/datum/job/curator): equip(Gragnir Grolob (/mob/living/carbon/human/dummy), 1, 1)
[18:54:54]/datum/preferences (/datum/preferences): update preview icon()
[18:54:54]/datum/preferences (/datum/preferences): ShowChoices(HaggisShuu (/mob/dead/new_player))
[18:54:54]HaggisShuu (/mob/dead/new_player): Topic("src=\[mob_27];show_preferences...", /list (/list))
[18:54:54]HaggisShuu (/client): Topic("src=\[mob_27];show_preferences...", /list (/list), HaggisShuu (/mob/dead/new_player))
[18:54:54]HaggisShuu (/client): Topic("src=\[mob_27];show_preferences...", /list (/list), HaggisShuu (/mob/dead/new_player))
Ruin loader finished with 0 left to spend.
Initialized Mapping subsystem within 32.6 seconds!
Initialized Networks subsystem within 0 seconds!
Initialized Atoms subsystem within 52.3 seconds!
Initialized Language subsystem within 0 seconds!
Initialized Machines subsystem within 0.2 seconds!
Initialized Circuit subsystem within 0.1 seconds!
Initialized Disease subsystem within 0 seconds!
Initialized Medals subsystem within 0 seconds!
Initialized Night Shift subsystem within 0 seconds!
Initialized Parallax subsystem within 0 seconds!
Initialized Traumas subsystem within 0.1 seconds!
Initialized Weather subsystem within 0 seconds!
## WARNING: There are 24 active turfs at roundstart, this is a mapping error caused by a difference of the air between the adjacent turfs. You can see its coordinates using "Mapping -> Show roundstart AT list" verb (debug verbs required)
## WARNING: HEY! LISTEN! 0 seconds were wasted processing 24 turf(s) (connected to 48 other turfs) with atmos differences at round start.
Initialized Atmospherics subsystem within 17.2 seconds!
Failed to find backup file for map PubbyStation on zlevel 2.
Initialized Assets subsystem within 0.8 seconds!
Initialized Icon Smoothing subsystem within 8.5 seconds!
Initialized Overlay subsystem within 1.6 seconds!
Initialized XKeyScore subsystem within 0 seconds!
Initialized Sticky Ban subsystem within 0 seconds!
Initialized Lighting subsystem within 13.5 seconds!
Initialized Shuttle subsystem within 18.7 seconds!
Initialized Squeak subsystem within 0 seconds!
Initialized pathfinder subsystem within 0 seconds!
Loaded 5 engraved messages on map PubbyStation
Initialized Persistence subsystem within 0.1 seconds!
Initializations complete within 146.6 seconds!
Game start took 19.8s
runtime error: 
[18:58:47]nothing to animate
[18:58:47]proc name: shake camera (/proc/shake_camera)
[18:58:47]  source file: mob_helpers.dm,270
[18:58:47]  usr: (src)
[18:58:47]  src: null
[18:58:47]  call stack:
[18:58:47]shake camera(Mike Wadibidowski (/mob/living/carbon/human), 0.75, 1)
[18:58:47]Mike Wadibidowski (/mob/living/carbon/human): afterShuttleMove(space (24,18,13) (/turf/open/space/transit/west), /list (/list), 8, 8, 8, 0)
[18:58:47]Mike Wadibidowski (/mob/living/carbon/human): afterShuttleMove(space (24,18,13) (/turf/open/space/transit/west), /list (/list), 8, 8, 8, 0)
[18:58:47]the pubby arrivals shuttle (/obj/docking_port/mobile/arrivals): cleanup runway(the pubby arrivals (/obj/docking_port/stationary), /list (/list), /list (/list), /list (/list), /list (/list), 0, 8, Space (/area/space), /turf/open/space/transit/west (/turf/open/space/transit/west), /turf/open/space (/turf/open/space))
[18:58:47]the pubby arrivals shuttle (/obj/docking_port/mobile/arrivals): initiate docking(the pubby arrivals (/obj/docking_port/stationary), 8, 0)
[18:58:47]the pubby arrivals shuttle (/obj/docking_port/mobile/arrivals): initiate docking(the pubby arrivals (/obj/docking_port/stationary), 8)
[18:58:47]the pubby arrivals shuttle (/obj/docking_port/mobile/arrivals): check()
[18:58:47]the pubby arrivals shuttle (/obj/docking_port/mobile/arrivals): check()
[18:58:47]Shuttle (/datum/controller/subsystem/shuttle): fire(0)
[18:58:47]Shuttle (/datum/controller/subsystem/shuttle): ignite(0)
runtime error: 
[19:08:46]nothing to animate
[19:08:46]proc name: shake camera (/proc/shake_camera)
[19:08:46]  source file: mob_helpers.dm,270
[19:08:46]  usr: (src)
[19:08:46]  src: null
[19:08:46]  call stack:
[19:08:46]shake camera(Alex Dowdall (/mob/living/carbon/human), 0.75, 1)
[19:08:46]Alex Dowdall (/mob/living/carbon/human): afterShuttleMove(space (24,19,13) (/turf/open/space/transit/west), /list (/list), 8, 8, 8, 0)
[19:08:46]Alex Dowdall (/mob/living/carbon/human): afterShuttleMove(space (24,19,13) (/turf/open/space/transit/west), /list (/list), 8, 8, 8, 0)
[19:08:46]the pubby arrivals shuttle (/obj/docking_port/mobile/arrivals): cleanup runway(the pubby arrivals (/obj/docking_port/stationary), /list (/list), /list (/list), /list (/list), /list (/list), 0, 8, Space (/area/space), /turf/open/space/transit/west (/turf/open/space/transit/west), /turf/open/space (/turf/open/space))
[19:08:46]the pubby arrivals shuttle (/obj/docking_port/mobile/arrivals): initiate docking(the pubby arrivals (/obj/docking_port/stationary), 8, 0)
[19:08:46]the pubby arrivals shuttle (/obj/docking_port/mobile/arrivals): initiate docking(the pubby arrivals (/obj/docking_port/stationary), 8)
[19:08:46]the pubby arrivals shuttle (/obj/docking_port/mobile/arrivals): check()
[19:08:46]the pubby arrivals shuttle (/obj/docking_port/mobile/arrivals): check()
[19:08:46]Shuttle (/datum/controller/subsystem/shuttle): fire(0)
[19:08:46]Shuttle (/datum/controller/subsystem/shuttle): ignite(0)
runtime error: 
[19:08:59]nothing to animate
[19:08:59]proc name: shake camera (/proc/shake_camera)
[19:08:59]  source file: mob_helpers.dm,270
[19:08:59]  usr: (src)
[19:08:59]  src: null
[19:08:59]  call stack:
[19:08:59]shake camera(Mercury CVXI (/mob/living/carbon/human), 0.75, 1)
[19:08:59]Mercury CVXI (/mob/living/carbon/human): afterShuttleMove(space (47,19,13) (/turf/open/space/transit/north), /list (/list), 1, 1, 1, 0)
[19:08:59]Mercury CVXI (/mob/living/carbon/human): afterShuttleMove(space (47,19,13) (/turf/open/space/transit/north), /list (/list), 1, 1, 1, 0)
[19:08:59]the monastery shuttle (/obj/docking_port/mobile): cleanup runway(the monastery (/obj/docking_port/stationary), /list (/list), /list (/list), /list (/list), /list (/list), 0, 1, Space (/area/space), /turf/open/space/transit/north (/turf/open/space/transit/north), /turf/open/space (/turf/open/space))
[19:08:59]the monastery shuttle (/obj/docking_port/mobile): initiate docking(the monastery (/obj/docking_port/stationary), 1, 0)
[19:08:59]the monastery shuttle (/obj/docking_port/mobile): check()
[19:08:59]Shuttle (/datum/controller/subsystem/shuttle): fire(0)
[19:08:59]Shuttle (/datum/controller/subsystem/shuttle): ignite(0)
runtime error: 
[19:10:39]nothing to animate
[19:10:39]proc name: shake camera (/proc/shake_camera)
[19:10:39]  source file: mob_helpers.dm,270
[19:10:39]  usr: (src)
[19:10:39]  src: null
[19:10:39]  call stack:
[19:10:39]shake camera(Jane Hawes (/mob/living/carbon/human), 0.75, 1)
[19:10:39]Jane Hawes (/mob/living/carbon/human): afterShuttleMove(space (22,19,13) (/turf/open/space/transit/west), /list (/list), 8, 8, 8, 0)
[19:10:39]Jane Hawes (/mob/living/carbon/human): afterShuttleMove(space (22,19,13) (/turf/open/space/transit/west), /list (/list), 8, 8, 8, 0)
[19:10:39]the pubby arrivals shuttle (/obj/docking_port/mobile/arrivals): cleanup runway(the pubby arrivals (/obj/docking_port/stationary), /list (/list), /list (/list), /list (/list), /list (/list), 0, 8, Space (/area/space), /turf/open/space/transit/west (/turf/open/space/transit/west), /turf/open/space (/turf/open/space))
[19:10:39]the pubby arrivals shuttle (/obj/docking_port/mobile/arrivals): initiate docking(the pubby arrivals (/obj/docking_port/stationary), 8, 0)
[19:10:39]the pubby arrivals shuttle (/obj/docking_port/mobile/arrivals): initiate docking(the pubby arrivals (/obj/docking_port/stationary), 8)
[19:10:39]the pubby arrivals shuttle (/obj/docking_port/mobile/arrivals): check()
[19:10:39]the pubby arrivals shuttle (/obj/docking_port/mobile/arrivals): check()
[19:10:39]Shuttle (/datum/controller/subsystem/shuttle): fire(0)
[19:10:39]Shuttle (/datum/controller/subsystem/shuttle): ignite(0)
runtime error: 
[19:11:42]nothing to animate
[19:11:42]proc name: shake camera (/proc/shake_camera)
[19:11:42]  source file: mob_helpers.dm,270
[19:11:42]  usr: (src)
[19:11:42]  src: null
[19:11:42]  call stack:
[19:11:42]shake camera(Mercury CVXI (/mob/living/carbon/human), 0.75, 1)
[19:11:42]Mercury CVXI (/mob/living/carbon/human): afterShuttleMove(space (47,19,13) (/turf/open/space/transit/north), /list (/list), 1, 1, 1, 0)
[19:11:42]Mercury CVXI (/mob/living/carbon/human): afterShuttleMove(space (47,19,13) (/turf/open/space/transit/north), /list (/list), 1, 1, 1, 0)
[19:11:42]the monastery shuttle (/obj/docking_port/mobile): cleanup runway(the station (/obj/docking_port/stationary), /list (/list), /list (/list), /list (/list), /list (/list), 0, 1, Space (/area/space), /turf/open/space/transit/north (/turf/open/space/transit/north), /turf/open/space (/turf/open/space))
[19:11:42]the monastery shuttle (/obj/docking_port/mobile): initiate docking(the station (/obj/docking_port/stationary), 1, 0)
[19:11:42]the monastery shuttle (/obj/docking_port/mobile): check()
[19:11:42]Shuttle (/datum/controller/subsystem/shuttle): fire(0)
[19:11:42]Shuttle (/datum/controller/subsystem/shuttle): ignite(0)
runtime error: 
[19:19:26]nothing to animate
[19:19:26]proc name: shake camera (/proc/shake_camera)
[19:19:26]  source file: mob_helpers.dm,270
[19:19:26]  usr: (src)
[19:19:26]  src: null
[19:19:26]  call stack:
[19:19:26]shake camera(J.J. Jones (/mob/living/carbon/human), 0.75, 1)
[19:19:26]J.J. Jones (/mob/living/carbon/human): afterShuttleMove(space (20,19,13) (/turf/open/space/transit/west), /list (/list), 8, 8, 8, 0)
[19:19:26]J.J. Jones (/mob/living/carbon/human): afterShuttleMove(space (20,19,13) (/turf/open/space/transit/west), /list (/list), 8, 8, 8, 0)
[19:19:26]the pubby arrivals shuttle (/obj/docking_port/mobile/arrivals): cleanup runway(the pubby arrivals (/obj/docking_port/stationary), /list (/list), /list (/list), /list (/list), /list (/list), 0, 8, Space (/area/space), /turf/open/space/transit/west (/turf/open/space/transit/west), /turf/open/space (/turf/open/space))
[19:19:26]the pubby arrivals shuttle (/obj/docking_port/mobile/arrivals): initiate docking(the pubby arrivals (/obj/docking_port/stationary), 8, 0)
[19:19:26]the pubby arrivals shuttle (/obj/docking_port/mobile/arrivals): initiate docking(the pubby arrivals (/obj/docking_port/stationary), 8)
[19:19:26]the pubby arrivals shuttle (/obj/docking_port/mobile/arrivals): check()
[19:19:26]the pubby arrivals shuttle (/obj/docking_port/mobile/arrivals): check()
[19:19:26]Shuttle (/datum/controller/subsystem/shuttle): fire(0)
[19:19:26]Shuttle (/datum/controller/subsystem/shuttle): ignite(0)
runtime error: 
[19:22:08]Cannot read null.species
[19:22:08]proc name: remove (/datum/trait/deviant_tastes/remove)
[19:22:08]  source file: neutral.dm,31
[19:22:08]  usr: null
[19:22:08]  src: Deviant Tastes (/datum/trait/deviant_tastes)
[19:22:08]  call stack:
[19:22:08]Deviant Tastes (/datum/trait/deviant_tastes): remove()
[19:22:08]Deviant Tastes (/datum/trait/deviant_tastes): Destroy(0)
[19:22:08]qdel(Deviant Tastes (/datum/trait/deviant_tastes), 0)
[19:22:08]Deviant Tastes (/datum/trait/deviant_tastes): process(10)
[19:22:08]Traits (/datum/controller/subsystem/processing/traits): fire(0)
[19:22:08]Traits (/datum/controller/subsystem/processing/traits): ignite(0)
[19:22:08]Master (/datum/controller/master): RunQueue()
[19:22:08]Master (/datum/controller/master): Loop()
[19:22:08]Master (/datum/controller/master): StartProcessing(0)
runtime error: 
[19:23:02]nothing to animate
[19:23:02]proc name: shake camera (/proc/shake_camera)
[19:23:02]  source file: mob_helpers.dm,270
runtime error: 
[19:27:39]Cannot execute null.browse rsc icon().
[19:27:39]proc name: ui interact (/obj/machinery/computer/cloning/ui_interact)
[19:27:39]  source file: cloning.dm,266
runtime error: 
[19:28:01]nothing to animate
[19:28:01]proc name: shake camera (/proc/shake_camera)
[19:28:01]  source file: mob_helpers.dm,270
### MAP WARNING, Mining Shuttle Airlock at Mining Shuttle (54,36,5) failed to find a valid airlock to cyclelink with!
runtime error: 
[19:29:21]Cannot read null.client
[19:29:21]proc name: open (/datum/tgui/proc/open)
[19:29:21]  source file: tgui.dm,87
runtime error: 
[19:34:18]nothing to animate
[19:34:18]proc name: shake camera (/proc/shake_camera)
[19:34:18]  source file: mob_helpers.dm,270
runtime error: 
[19:34:39]Cannot read null.loc
[19:34:39]proc name: update parallax (/datum/hud/proc/update_parallax)
[19:34:39]  source file: parallax.dm,170
### MAP WARNING, Mining Shuttle Airlock at Mining Shuttle (68,19,13) failed to find a valid airlock to cyclelink with!
runtime error: 
[19:36:33]nothing to animate
[19:36:33]proc name: shake camera (/proc/shake_camera)
[19:36:33]  source file: mob_helpers.dm,270
runtime error: 
[19:39:15]nothing to animate
[19:39:15]proc name: shake camera (/proc/shake_camera)
[19:39:15]  source file: mob_helpers.dm,270
### MAP WARNING, Mining Shuttle Airlock at Mining Shuttle (54,36,5) failed to find a valid airlock to cyclelink with!
runtime error: 
[19:39:33]Cannot execute null.is cut().
[19:39:33]proc name: requiresID (/obj/machinery/door/airlock/requiresID)
[19:39:33]  source file: airlock.dm,384
runtime error: 
[19:39:34]addtimer called with a callback assigned to a qdeleted object
[19:39:34]proc name: stack trace (/proc/stack_trace)
[19:39:34]  source file: unsorted.dm,1254
runtime error: 
[19:40:23]Cannot execute null.is cut().
[19:40:23]proc name: requiresID (/obj/machinery/door/airlock/requiresID)
[19:40:23]  source file: airlock.dm,384
runtime error: 
[19:40:23]addtimer called with a callback assigned to a qdeleted object
[19:40:23]proc name: stack trace (/proc/stack_trace)
[19:40:23]  source file: unsorted.dm,1254
runtime error: 
[19:40:23]addtimer called with a callback assigned to a qdeleted object
[19:40:23]proc name: stack trace (/proc/stack_trace)
[19:40:23]  source file: unsorted.dm,1254
runtime error: 
[19:41:19]Cannot execute null.is cut().
[19:41:19]proc name: requiresID (/obj/machinery/door/airlock/requiresID)
[19:41:19]  source file: airlock.dm,384
### MAP WARNING, Mining Shuttle Airlock at Mining Shuttle (68,19,13) failed to find a valid airlock to cyclelink with!
runtime error: 
[19:43:05]nothing to animate
[19:43:05]proc name: shake camera (/proc/shake_camera)
[19:43:05]  source file: mob_helpers.dm,270
runtime error: 
[19:43:35]Cannot execute null.is cut().
[19:43:35]proc name: requiresID (/obj/machinery/door/airlock/requiresID)
[19:43:35]  source file: airlock.dm,384
runtime error: 
[19:43:40]nothing to animate
[19:43:40]proc name: shake camera (/proc/shake_camera)
[19:43:40]  source file: mob_helpers.dm,270
### MAP WARNING, Mining Shuttle Airlock at Mining Shuttle (54,36,5) failed to find a valid airlock to cyclelink with!
runtime error: 
[19:44:44]Cannot execute null.is cut().
[19:44:44]proc name: requiresID (/obj/machinery/door/airlock/requiresID)
[19:44:44]  source file: airlock.dm,384
runtime error: 
[19:44:44]addtimer called with a callback assigned to a qdeleted object
[19:44:44]proc name: stack trace (/proc/stack_trace)
[19:44:44]  source file: unsorted.dm,1254
runtime error: 
[19:44:44]addtimer called with a callback assigned to a qdeleted object
[19:44:44]proc name: stack trace (/proc/stack_trace)
[19:44:44]  source file: unsorted.dm,1254
### MAP WARNING, Mining Shuttle Airlock at Mining Shuttle (16,19,13) failed to find a valid airlock to cyclelink with!
runtime error: 
[19:45:51]nothing to animate
[19:45:51]proc name: shake camera (/proc/shake_camera)
[19:45:51]  source file: mob_helpers.dm,270
runtime error: 
[19:50:42]nothing to animate
[19:50:42]proc name: shake camera (/proc/shake_camera)
[19:50:42]  source file: mob_helpers.dm,270
Saved 5 engraved messages on map PubbyStation
Shutting down Persistence subsystem...
Shutting down pathfinder subsystem...
Shutting down Squeak subsystem...
Shutting down Shuttle subsystem...
Shutting down Lighting subsystem...
Shutting down XKeyScore subsystem...
Shutting down Sticky Ban subsystem...
Shutting down Overlay subsystem...
Shutting down Icon Smoothing subsystem...
Shutting down Assets subsystem...
Shutting down Minimap subsystem...
Shutting down Atmospherics subsystem...
Shutting down Wet floors subsystem...
Shutting down Weather subsystem...
Shutting down Vote subsystem...
Shutting down Traumas subsystem...
Shutting down Title Screen subsystem...
Shutting down Time Tracking subsystem...
Shutting down Throwing subsystem...
Shutting down tgui subsystem...
Shutting down Sun subsystem...
Shutting down Space Drift subsystem...
Shutting down Religion subsystem...
Shutting down Radio subsystem...
Shutting down Radiation subsystem...
Shutting down Projectiles subsystem...
Shutting down Processing subsystem...
Shutting down Parallax subsystem...
Shutting down pAI subsystem...
Shutting down Orbits subsystem...
Shutting down Objects subsystem...
Shutting down NPC Pool subsystem...
Shutting down Night Shift subsystem...
Shutting down Mood subsystem...
Shutting down Mobs subsystem...
Shutting down Medals subsystem...
Shutting down Inbounds subsystem...
Shutting down Idling NPC Pool subsystem...
Shutting down Flightpack Movement subsystem...
Shutting down Fire Burning subsystem...
Shutting down Fields subsystem...
Shutting down Fast Processing subsystem...
Shutting down Disease subsystem...
Shutting down Communications subsystem...
Shutting down Augury subsystem...
Shutting down Acid subsystem...
Shutting down Timer subsystem...
Shutting down Circuit subsystem...
Shutting down Machines subsystem...
Shutting down Language subsystem...
Shutting down Atoms subsystem...
Shutting down Networks subsystem...
Shutting down Mapping subsystem...
Shutting down Ticker subsystem...
Shutting down Traits subsystem...
Shutting down Jobs subsystem...
Shutting down Events subsystem...
Shutting down Research subsystem...
Shutting down Input subsystem...
Shutting down Server Tasks subsystem...
Shutting down Blackbox subsystem...
Shutting down Database subsystem...
Shutting down Garbage subsystem...
Shutdown complete
World rebooted at 19:52:24
