

Starting up round ID 548. 21:55:48
---------------------
Initialized Database subsystem within 0 seconds!
Initialized Blackbox subsystem within 0 seconds!
Initialized Server Tasks subsystem within 0 seconds!
Initialized Input subsystem within 0 seconds!
Initialized Research subsystem within 0 seconds!
Initialized Events subsystem within 0 seconds!
Initialized Jobs subsystem within 0 seconds!
Initialized Traits subsystem within 0 seconds!
Initialized Ticker subsystem within 0.1 seconds!
Loading Box Station...
Loaded Station in 7s!
Loaded Lavaland in 6s!
Loaded Reebe in 5s!
Ruin loader finished with 0 left to spend.
Ruin loader finished with 0 left to spend.
Initialized Mapping subsystem within 24.6 seconds!
Initialized Networks subsystem within 0 seconds!
Initialized Atoms subsystem within 45.7 seconds!
Initialized Language subsystem within 0 seconds!
Initialized Machines subsystem within 0.3 seconds!
Initialized Circuit subsystem within 0.1 seconds!
Initialized Disease subsystem within 0 seconds!
Initialized Medals subsystem within 0 seconds!
Initialized Night Shift subsystem within 0 seconds!
Initialized Parallax subsystem within 0 seconds!
Initialized Traumas subsystem within 0.1 seconds!
Initialized Weather subsystem within 0 seconds!
## WARNING: There are 2 active turfs at roundstart, this is a mapping error caused by a difference of the air between the adjacent turfs. You can see its coordinates using "Mapping -> Show roundstart AT list" verb (debug verbs required)
## WARNING: HEY! LISTEN! 1 second were wasted processing 2 turf(s) (connected to 20222 other turfs) with atmos differences at round start.
Initialized Atmospherics subsystem within 18.5 seconds!
Initialized Minimap subsystem within 0.3 seconds!
Initialized Assets subsystem within 0.8 seconds!
Initialized Icon Smoothing subsystem within 6 seconds!
Initialized Overlay subsystem within 20.4 seconds!
Initialized XKeyScore subsystem within 0 seconds!
Initialized Sticky Ban subsystem within 0 seconds!
Initialized Lighting subsystem within 13.4 seconds!
Initialized Shuttle subsystem within 25.3 seconds!
Initialized Squeak subsystem within 0 seconds!
Initialized pathfinder subsystem within 0 seconds!
Loaded 96 engraved messages on map Box Station
Initialized Persistence subsystem within 0.1 seconds!
Initializations complete within 156.5 seconds!
Game start took 19s
runtime error: 
[22:02:10]nothing to animate
[22:02:10]proc name: shake camera (/proc/shake_camera)
[22:02:10]  source file: mob_helpers.dm,270
[22:02:10]  usr: (src)
[22:02:10]  src: null
[22:02:10]  call stack:
[22:02:10]shake camera(Exiled Prophet (/mob/living/carbon/human), 0.75, 1)
[22:02:10]Exiled Prophet (/mob/living/carbon/human): afterShuttleMove(space (27,18,13) (/turf/open/space/transit/west), /list (/list), 8, 8, 8, 0)
[22:02:10]Exiled Prophet (/mob/living/carbon/human): afterShuttleMove(space (27,18,13) (/turf/open/space/transit/west), /list (/list), 8, 8, 8, 0)
[22:02:10]the arrivals shuttle (/obj/docking_port/mobile/arrivals): cleanup runway(the arrivals (/obj/docking_port/stationary), /list (/list), /list (/list), /list (/list), /list (/list), 0, 8, Space (/area/space), /turf/open/space/transit/west (/turf/open/space/transit/west), /turf/open/space (/turf/open/space))
[22:02:10]the arrivals shuttle (/obj/docking_port/mobile/arrivals): initiate docking(the arrivals (/obj/docking_port/stationary), 8, 0)
[22:02:10]the arrivals shuttle (/obj/docking_port/mobile/arrivals): initiate docking(the arrivals (/obj/docking_port/stationary), 8)
[22:02:10]the arrivals shuttle (/obj/docking_port/mobile/arrivals): check()
[22:02:10]the arrivals shuttle (/obj/docking_port/mobile/arrivals): check()
[22:02:10]Shuttle (/datum/controller/subsystem/shuttle): fire(0)
[22:02:10]Shuttle (/datum/controller/subsystem/shuttle): ignite(0)
runtime error: 
[22:06:48]nothing to animate
[22:06:48]proc name: shake camera (/proc/shake_camera)
[22:06:48]  source file: mob_helpers.dm,270
[22:06:48]  usr: (src)
[22:06:48]  src: null
[22:06:48]  call stack:
[22:06:48]shake camera(Alondra Campbell (/mob/living/carbon/human), 0.75, 1)
[22:06:48]Alondra Campbell (/mob/living/carbon/human): afterShuttleMove(space (50,20,13) (/turf/open/space/transit/north), /list (/list), 8, 1, 1, 0)
[22:06:48]Alondra Campbell (/mob/living/carbon/human): afterShuttleMove(space (50,20,13) (/turf/open/space/transit/north), /list (/list), 8, 1, 1, 0)
[22:06:48]the mining shuttle (/obj/docking_port/mobile): cleanup runway(the lavaland mine (/obj/docking_port/stationary), /list (/list), /list (/list), /list (/list), /list (/list), 0, 1, Space (/area/space), /turf/open/space/transit/north (/turf/open/space/transit/north), /turf/open/space (/turf/open/space))
[22:06:48]the mining shuttle (/obj/docking_port/mobile): initiate docking(the lavaland mine (/obj/docking_port/stationary), 1, 0)
[22:06:48]the mining shuttle (/obj/docking_port/mobile): check()
[22:06:48]Shuttle (/datum/controller/subsystem/shuttle): fire(0)
[22:06:48]Shuttle (/datum/controller/subsystem/shuttle): ignite(0)
[22:06:48]Master (/datum/controller/master): RunQueue()
[22:06:48]Master (/datum/controller/master): Loop()
[22:06:48]Master (/datum/controller/master): StartProcessing(0)
runtime error: 
[22:11:16]nothing to animate
[22:11:16]proc name: shake camera (/proc/shake_camera)
[22:11:16]  source file: mob_helpers.dm,270
[22:11:16]  usr: (src)
[22:11:16]  src: null
[22:11:16]  call stack:
[22:11:16]shake camera(Three Taps (/mob/living/carbon/human), 0.75, 1)
[22:11:16]Three Taps (/mob/living/carbon/human): afterShuttleMove(space (27,20,13) (/turf/open/space/transit/west), /list (/list), 8, 8, 8, 0)
[22:11:16]Three Taps (/mob/living/carbon/human): afterShuttleMove(space (27,20,13) (/turf/open/space/transit/west), /list (/list), 8, 8, 8, 0)
[22:11:16]the arrivals shuttle (/obj/docking_port/mobile/arrivals): cleanup runway(the arrivals (/obj/docking_port/stationary), /list (/list), /list (/list), /list (/list), /list (/list), 0, 8, Space (/area/space), /turf/open/space/transit/west (/turf/open/space/transit/west), /turf/open/space (/turf/open/space))
[22:11:16]the arrivals shuttle (/obj/docking_port/mobile/arrivals): initiate docking(the arrivals (/obj/docking_port/stationary), 8, 0)
[22:11:16]the arrivals shuttle (/obj/docking_port/mobile/arrivals): initiate docking(the arrivals (/obj/docking_port/stationary), 8)
[22:11:16]the arrivals shuttle (/obj/docking_port/mobile/arrivals): check()
[22:11:16]the arrivals shuttle (/obj/docking_port/mobile/arrivals): check()
[22:11:16]Shuttle (/datum/controller/subsystem/shuttle): fire(0)
[22:11:16]Shuttle (/datum/controller/subsystem/shuttle): ignite(0)
runtime error: 
[22:13:28]nothing to animate
[22:13:28]proc name: shake camera (/proc/shake_camera)
[22:13:28]  source file: mob_helpers.dm,270
[22:13:28]  usr: (src)
[22:13:28]  src: null
[22:13:28]  call stack:
[22:13:28]shake camera(Horst Gubbelman (/mob/living/carbon/human), 0.75, 1)
[22:13:28]Horst Gubbelman (/mob/living/carbon/human): afterShuttleMove(space (18,20,13) (/turf/open/space/transit/west), /list (/list), 8, 8, 8, 0)
[22:13:28]Horst Gubbelman (/mob/living/carbon/human): afterShuttleMove(space (18,20,13) (/turf/open/space/transit/west), /list (/list), 8, 8, 8, 0)
[22:13:28]the arrivals shuttle (/obj/docking_port/mobile/arrivals): cleanup runway(the arrivals (/obj/docking_port/stationary), /list (/list), /list (/list), /list (/list), /list (/list), 0, 8, Space (/area/space), /turf/open/space/transit/west (/turf/open/space/transit/west), /turf/open/space (/turf/open/space))
[22:13:28]the arrivals shuttle (/obj/docking_port/mobile/arrivals): initiate docking(the arrivals (/obj/docking_port/stationary), 8, 0)
[22:13:28]the arrivals shuttle (/obj/docking_port/mobile/arrivals): initiate docking(the arrivals (/obj/docking_port/stationary), 8)
[22:13:28]the arrivals shuttle (/obj/docking_port/mobile/arrivals): check()
[22:13:28]the arrivals shuttle (/obj/docking_port/mobile/arrivals): check()
[22:13:28]Shuttle (/datum/controller/subsystem/shuttle): fire(0)
[22:13:28]Shuttle (/datum/controller/subsystem/shuttle): ignite(0)
runtime error: 
[22:17:13]Cannot read null.loc
[22:17:13]proc name: update parallax (/datum/hud/proc/update_parallax)
[22:17:13]  source file: parallax.dm,170
[22:17:13]  usr: Alondra Campbell (/mob/living/brain)
[22:17:13]  src: /datum/hud (/datum/hud)
[22:17:13]  usr.loc: Alondra Campbell\'s brain (/obj/item/organ/brain)
[22:17:13]  call stack:
[22:17:13]/datum/hud (/datum/hud): update parallax()
[22:17:13]/datum/hud (/datum/hud): update parallax pref(Alondra Campbell (/mob/living/brain))
[22:17:13]/datum/hud (/datum/hud): show hud(1, null)
[22:17:13]Alondra Campbell (/mob/living/brain): Login()
[22:17:13]Alondra Campbell (/mob/living/brain): Login()
[22:17:13]Alondra Campbell (/datum/mind): transfer to(Alondra Campbell (/mob/living/brain), 0)
[22:17:13]Alondra Campbell\'s brain (/obj/item/organ/brain): transfer identity(Alondra Campbell (/mob/living/carbon/human))
[22:17:13]Alondra Campbell\'s brain (/obj/item/organ/brain): Remove(Alondra Campbell (/mob/living/carbon/human), 0, 0)
[22:17:13]Alondra Campbell\'s brain (/obj/item/organ/brain): transfer to limb(Alondra Campbell\'s head (/obj/item/bodypart/head), Alondra Campbell (/mob/living/carbon/human))
[22:17:13]Alondra Campbell\'s head (/obj/item/bodypart/head): drop limb(null)
[22:17:13]Alondra Campbell\'s head (/obj/item/bodypart/head): drop limb(null)
[22:17:13]Alondra Campbell (/mob/living/carbon/human): spread bodyparts(null, null)
[22:17:13]Alondra Campbell (/mob/living/carbon/human): gib(null, null, null)
[22:17:13]Alondra Campbell (/mob/living/carbon/human): gib(null, null, null)
[22:17:13]the bubblegum (/mob/living/simple_animal/hostile/megafauna/bubblegum): devour(Alondra Campbell (/mob/living/carbon/human))
[22:17:13]/datum/callback (/datum/callback): InvokeAsync()
[22:17:13]Timer (/datum/controller/subsystem/timer): fire(0)
[22:17:13]Timer (/datum/controller/subsystem/timer): ignite(0)
[22:17:13]Master (/datum/controller/master): RunQueue()
[22:17:13]Master (/datum/controller/master): Loop()
[22:17:13]Master (/datum/controller/master): StartProcessing(0)
runtime error: 
[22:20:58]nothing to animate
[22:20:58]proc name: shake camera (/proc/shake_camera)
[22:20:58]  source file: mob_helpers.dm,270
[22:20:58]  usr: (src)
[22:20:58]  src: null
[22:20:58]  call stack:
[22:20:58]shake camera(Mikael (/mob/living/carbon/human), 0.75, 1)
[22:20:58]Mikael (/mob/living/carbon/human): afterShuttleMove(space (17,20,13) (/turf/open/space/transit/west), /list (/list), 8, 8, 8, 0)
[22:20:58]Mikael (/mob/living/carbon/human): afterShuttleMove(space (17,20,13) (/turf/open/space/transit/west), /list (/list), 8, 8, 8, 0)
[22:20:58]the arrivals shuttle (/obj/docking_port/mobile/arrivals): cleanup runway(the arrivals (/obj/docking_port/stationary), /list (/list), /list (/list), /list (/list), /list (/list), 0, 8, Space (/area/space), /turf/open/space/transit/west (/turf/open/space/transit/west), /turf/open/space (/turf/open/space))
[22:20:58]the arrivals shuttle (/obj/docking_port/mobile/arrivals): initiate docking(the arrivals (/obj/docking_port/stationary), 8, 0)
[22:20:58]the arrivals shuttle (/obj/docking_port/mobile/arrivals): initiate docking(the arrivals (/obj/docking_port/stationary), 8)
[22:20:58]the arrivals shuttle (/obj/docking_port/mobile/arrivals): check()
[22:20:58]the arrivals shuttle (/obj/docking_port/mobile/arrivals): check()
[22:20:58]Shuttle (/datum/controller/subsystem/shuttle): fire(0)
[22:20:58]Shuttle (/datum/controller/subsystem/shuttle): ignite(0)
runtime error: 
[22:23:36]list index out of bounds
[22:23:36]proc name: check macro part (/obj/machinery/chem_dispenser/proc/check_macro_part)
[22:23:36]  source file: chem_dispenser.dm,354
[22:23:36]  usr: Sar-Sie Tedrow (/mob/living/carbon/human)
[22:23:36]  src: the chem dispenser (/obj/machinery/chem_dispenser)
[22:23:36]  usr.loc: the floor (135,125,2) (/turf/open/floor/plasteel/white)
[22:23:36]  src.loc: the floor (135,126,2) (/turf/open/floor/plasteel/whiteyellow/side)
[22:23:36]  call stack:
[22:23:36]the chem dispenser (/obj/machinery/chem_dispenser): check macro part("water", 5)
[22:23:36]the chem dispenser (/obj/machinery/chem_dispenser): ui act("add_recipe", /list (/list), /datum/tgui (/datum/tgui), /datum/ui_state/default (/datum/ui_state/default))
[22:23:36]/datum/tgui (/datum/tgui): Topic("src=%5B0x2103e504%5D&action=ad...", /list (/list))
[22:23:36]Pauls4eva (/client): Topic("src=%5B0x2103e504%5D&action=ad...", /list (/list), /datum/tgui (/datum/tgui))
[22:23:36]Pauls4eva (/client): Topic("src=%5B0x2103e504%5D&action=ad...", /list (/list), /datum/tgui (/datum/tgui))
runtime error: 
[22:33:18]Cannot read null.client
[22:33:18]proc name: onclose (/proc/onclose)
[22:33:18]  source file: browser.dm,433
[22:33:18]  usr: (src)
[22:33:18]  src: null
[22:33:18]  call stack:
[22:33:18]onclose(null, "pai", null)
[22:33:18]Speakerfox v1.0.2 (/mob/living/silicon/pai): paiInterface()
[22:33:18]Speakerfox v1.0.2 (/mob/living/silicon/pai): process hack()
[22:33:18]Speakerfox v1.0.2 (/mob/living/silicon/pai): Life(2, 960)
[22:33:18]Speakerfox v1.0.2 (/mob/living/silicon/pai): Life(2, 960)
[22:33:18]Mobs (/datum/controller/subsystem/mobs): fire(0)
[22:33:18]Mobs (/datum/controller/subsystem/mobs): ignite(0)
[22:33:18]Master (/datum/controller/master): RunQueue()
[22:33:18]Master (/datum/controller/master): Loop()
[22:33:18]Master (/datum/controller/master): StartProcessing(0)
runtime error: 
[22:33:20]Cannot read null.client
[22:33:20]proc name: onclose (/proc/onclose)
[22:33:20]  source file: browser.dm,433
[22:33:20]  usr: (src)
[22:33:20]  src: null
[22:33:20]  call stack:
[22:33:20]onclose(null, "pai", null)
[22:33:20]Speakerfox v1.0.2 (/mob/living/silicon/pai): paiInterface()
[22:33:20]Speakerfox v1.0.2 (/mob/living/silicon/pai): process hack()
[22:33:20]Speakerfox v1.0.2 (/mob/living/silicon/pai): Life(2, 961)
[22:33:20]Speakerfox v1.0.2 (/mob/living/silicon/pai): Life(2, 961)
[22:33:20]Mobs (/datum/controller/subsystem/mobs): fire(0)
[22:33:20]Mobs (/datum/controller/subsystem/mobs): ignite(0)
[22:33:20]Master (/datum/controller/master): RunQueue()
[22:33:20]Master (/datum/controller/master): Loop()
[22:33:20]Master (/datum/controller/master): StartProcessing(0)
runtime error: 
[22:33:22]Cannot read null.client
[22:33:22]proc name: onclose (/proc/onclose)
[22:33:22]  source file: browser.dm,433
[22:33:22]  usr: (src)
[22:33:22]  src: null
[22:33:22]  call stack:
[22:33:22]onclose(null, "pai", null)
[22:33:22]Speakerfox v1.0.2 (/mob/living/silicon/pai): paiInterface()
[22:33:22]Speakerfox v1.0.2 (/mob/living/silicon/pai): process hack()
[22:33:22]Speakerfox v1.0.2 (/mob/living/silicon/pai): Life(2, 962)
[22:33:22]Speakerfox v1.0.2 (/mob/living/silicon/pai): Life(2, 962)
[22:33:22]Mobs (/datum/controller/subsystem/mobs): fire(1)
[22:33:22]Mobs (/datum/controller/subsystem/mobs): ignite(1)
[22:33:22]Master (/datum/controller/master): RunQueue()
[22:33:22]Master (/datum/controller/master): Loop()
[22:33:22]Master (/datum/controller/master): StartProcessing(0)
runtime error: 
[22:33:26]Cannot read null.client
[22:33:26]proc name: onclose (/proc/onclose)
[22:33:26]  source file: browser.dm,433
[22:33:26]  usr: (src)
[22:33:26]  src: null
[22:33:26]  call stack:
[22:33:26]onclose(null, "pai", null)
[22:33:26]Speakerfox v1.0.2 (/mob/living/silicon/pai): paiInterface()
[22:33:26]Speakerfox v1.0.2 (/mob/living/silicon/pai): process hack()
[22:33:26]Speakerfox v1.0.2 (/mob/living/silicon/pai): Life(2, 964)
[22:33:26]Speakerfox v1.0.2 (/mob/living/silicon/pai): Life(2, 964)
[22:33:26]Mobs (/datum/controller/subsystem/mobs): fire(0)
[22:33:26]Mobs (/datum/controller/subsystem/mobs): ignite(0)
[22:33:26]Master (/datum/controller/master): RunQueue()
[22:33:26]Master (/datum/controller/master): Loop()
[22:33:26]Master (/datum/controller/master): StartProcessing(0)
runtime error: 
[22:33:28]Cannot read null.client
[22:33:28]proc name: onclose (/proc/onclose)
[22:33:28]  source file: browser.dm,433
[22:33:28]  usr: (src)
[22:33:28]  src: null
[22:33:28]  call stack:
[22:33:28]onclose(null, "pai", null)
[22:33:28]Speakerfox v1.0.2 (/mob/living/silicon/pai): paiInterface()
[22:33:28]Speakerfox v1.0.2 (/mob/living/silicon/pai): process hack()
[22:33:28]Speakerfox v1.0.2 (/mob/living/silicon/pai): Life(2, 965)
[22:33:28]Speakerfox v1.0.2 (/mob/living/silicon/pai): Life(2, 965)
[22:33:28]Mobs (/datum/controller/subsystem/mobs): fire(0)
[22:33:28]Mobs (/datum/controller/subsystem/mobs): ignite(0)
[22:33:28]Master (/datum/controller/master): RunQueue()
[22:33:28]Master (/datum/controller/master): Loop()
[22:33:28]Master (/datum/controller/master): StartProcessing(0)
runtime error: 
[22:33:30]Cannot read null.client
[22:33:30]proc name: onclose (/proc/onclose)
[22:33:30]  source file: browser.dm,433
[22:33:30]  usr: (src)
[22:33:30]  src: null
[22:33:30]  call stack:
[22:33:30]onclose(null, "pai", null)
[22:33:30]Speakerfox v1.0.2 (/mob/living/silicon/pai): paiInterface()
[22:33:30]Speakerfox v1.0.2 (/mob/living/silicon/pai): process hack()
[22:33:30]Speakerfox v1.0.2 (/mob/living/silicon/pai): Life(2, 966)
[22:33:30]Speakerfox v1.0.2 (/mob/living/silicon/pai): Life(2, 966)
[22:33:30]Mobs (/datum/controller/subsystem/mobs): fire(0)
[22:33:30]Mobs (/datum/controller/subsystem/mobs): ignite(0)
[22:33:30]Master (/datum/controller/master): RunQueue()
[22:33:30]Master (/datum/controller/master): Loop()
[22:33:30]Master (/datum/controller/master): StartProcessing(0)
runtime error: 
[22:33:32]Cannot read null.client
[22:33:32]proc name: onclose (/proc/onclose)
[22:33:32]  source file: browser.dm,433
[22:33:32]  usr: (src)
[22:33:32]  src: null
[22:33:32]  call stack:
[22:33:32]onclose(null, "pai", null)
[22:33:32]Speakerfox v1.0.2 (/mob/living/silicon/pai): paiInterface()
[22:33:32]Speakerfox v1.0.2 (/mob/living/silicon/pai): process hack()
[22:33:32]Speakerfox v1.0.2 (/mob/living/silicon/pai): Life(2, 967)
[22:33:32]Speakerfox v1.0.2 (/mob/living/silicon/pai): Life(2, 967)
[22:33:32]Mobs (/datum/controller/subsystem/mobs): fire(0)
[22:33:32]Mobs (/datum/controller/subsystem/mobs): ignite(0)
[22:33:32]Master (/datum/controller/master): RunQueue()
[22:33:32]Master (/datum/controller/master): Loop()
[22:33:32]Master (/datum/controller/master): StartProcessing(0)
runtime error: 
[22:33:34]Cannot read null.client
[22:33:34]proc name: onclose (/proc/onclose)
[22:33:34]  source file: browser.dm,433
[22:33:34]  usr: (src)
[22:33:34]  src: null
[22:33:34]  call stack:
[22:33:34]onclose(null, "pai", null)
[22:33:34]Speakerfox v1.0.2 (/mob/living/silicon/pai): paiInterface()
[22:33:34]Speakerfox v1.0.2 (/mob/living/silicon/pai): process hack()
[22:33:34]Speakerfox v1.0.2 (/mob/living/silicon/pai): Life(2, 968)
[22:33:34]Speakerfox v1.0.2 (/mob/living/silicon/pai): Life(2, 968)
[22:33:34]Mobs (/datum/controller/subsystem/mobs): fire(0)
[22:33:34]Mobs (/datum/controller/subsystem/mobs): ignite(0)
[22:33:34]Master (/datum/controller/master): RunQueue()
[22:33:34]Master (/datum/controller/master): Loop()
[22:33:34]Master (/datum/controller/master): StartProcessing(0)
runtime error: 
[22:33:36]Cannot read null.client
[22:33:36]proc name: onclose (/proc/onclose)
[22:33:36]  source file: browser.dm,433
[22:33:36]  usr: (src)
[22:33:36]  src: null
[22:33:36]  call stack:
[22:33:36]onclose(null, "pai", null)
[22:33:36]Speakerfox v1.0.2 (/mob/living/silicon/pai): paiInterface()
[22:33:36]Speakerfox v1.0.2 (/mob/living/silicon/pai): process hack()
[22:33:36]Speakerfox v1.0.2 (/mob/living/silicon/pai): Life(2, 969)
[22:33:36]Speakerfox v1.0.2 (/mob/living/silicon/pai): Life(2, 969)
[22:33:36]Mobs (/datum/controller/subsystem/mobs): fire(0)
[22:33:36]Mobs (/datum/controller/subsystem/mobs): ignite(0)
[22:33:36]Master (/datum/controller/master): RunQueue()
[22:33:36]Master (/datum/controller/master): Loop()
[22:33:36]Master (/datum/controller/master): StartProcessing(0)
runtime error: 
[22:33:39]Cannot read null.client
[22:33:39]proc name: onclose (/proc/onclose)
[22:33:39]  source file: browser.dm,433
[22:33:39]  usr: (src)
[22:33:39]  src: null
[22:33:39]  call stack:
[22:33:39]onclose(null, "pai", null)
[22:33:39]Speakerfox v1.0.2 (/mob/living/silicon/pai): paiInterface()
[22:33:39]Speakerfox v1.0.2 (/mob/living/silicon/pai): process hack()
[22:33:39]Speakerfox v1.0.2 (/mob/living/silicon/pai): Life(2, 970)
[22:33:39]Speakerfox v1.0.2 (/mob/living/silicon/pai): Life(2, 970)
[22:33:39]Mobs (/datum/controller/subsystem/mobs): fire(0)
[22:33:39]Mobs (/datum/controller/subsystem/mobs): ignite(0)
[22:33:39]Master (/datum/controller/master): RunQueue()
[22:33:39]Master (/datum/controller/master): Loop()
[22:33:39]Master (/datum/controller/master): StartProcessing(0)
runtime error: 
[22:33:41]Cannot read null.client
[22:33:41]proc name: onclose (/proc/onclose)
[22:33:41]  source file: browser.dm,433
[22:33:41]  usr: (src)
[22:33:41]  src: null
[22:33:41]  call stack:
[22:33:41]onclose(null, "pai", null)
[22:33:41]Speakerfox v1.0.2 (/mob/living/silicon/pai): paiInterface()
[22:33:41]Speakerfox v1.0.2 (/mob/living/silicon/pai): process hack()
[22:33:41]Speakerfox v1.0.2 (/mob/living/silicon/pai): Life(2, 971)
[22:33:41]Speakerfox v1.0.2 (/mob/living/silicon/pai): Life(2, 971)
[22:33:41]Mobs (/datum/controller/subsystem/mobs): fire(0)
[22:33:41]Mobs (/datum/controller/subsystem/mobs): ignite(0)
[22:33:41]Master (/datum/controller/master): RunQueue()
[22:33:41]Master (/datum/controller/master): Loop()
[22:33:41]Master (/datum/controller/master): StartProcessing(0)
runtime error: 
[22:33:43]Cannot read null.client
[22:33:43]proc name: onclose (/proc/onclose)
[22:33:43]  source file: browser.dm,433
[22:33:43]  usr: (src)
[22:33:43]  src: null
[22:33:43]  call stack:
[22:33:43]onclose(null, "pai", null)
[22:33:43]Speakerfox v1.0.2 (/mob/living/silicon/pai): paiInterface()
[22:33:43]Speakerfox v1.0.2 (/mob/living/silicon/pai): process hack()
[22:33:43]Speakerfox v1.0.2 (/mob/living/silicon/pai): Life(2, 972)
[22:33:43]Speakerfox v1.0.2 (/mob/living/silicon/pai): Life(2, 972)
[22:33:43]Mobs (/datum/controller/subsystem/mobs): fire(0)
[22:33:43]Mobs (/datum/controller/subsystem/mobs): ignite(0)
[22:33:43]Master (/datum/controller/master): RunQueue()
[22:33:43]Master (/datum/controller/master): Loop()
[22:33:43]Master (/datum/controller/master): StartProcessing(0)
runtime error: 
[22:33:45]Cannot read null.client
[22:33:45]proc name: onclose (/proc/onclose)
[22:33:45]  source file: browser.dm,433
runtime error: 
[22:33:47]Cannot read null.client
[22:33:47]proc name: onclose (/proc/onclose)
[22:33:47]  source file: browser.dm,433
runtime error: 
[22:33:49]Cannot read null.client
[22:33:49]proc name: onclose (/proc/onclose)
[22:33:49]  source file: browser.dm,433
runtime error: 
[22:33:51]Cannot read null.client
[22:33:51]proc name: onclose (/proc/onclose)
[22:33:51]  source file: browser.dm,433
runtime error: 
[22:33:55]Cannot read null.client
[22:33:55]proc name: onclose (/proc/onclose)
[22:33:55]  source file: browser.dm,433
runtime error: 
[22:33:57]Cannot read null.client
[22:33:57]proc name: onclose (/proc/onclose)
[22:33:57]  source file: browser.dm,433
runtime error: 
[22:33:59]Cannot read null.client
[22:33:59]proc name: onclose (/proc/onclose)
[22:33:59]  source file: browser.dm,433
runtime error: 
[22:34:01]Cannot read null.client
[22:34:01]proc name: onclose (/proc/onclose)
[22:34:01]  source file: browser.dm,433
runtime error: 
[22:34:03]Cannot read null.client
[22:34:03]proc name: onclose (/proc/onclose)
[22:34:03]  source file: browser.dm,433
runtime error: 
[22:34:05]Cannot read null.client
[22:34:05]proc name: onclose (/proc/onclose)
[22:34:05]  source file: browser.dm,433
runtime error: 
[22:34:07]Cannot read null.client
[22:34:07]proc name: onclose (/proc/onclose)
[22:34:07]  source file: browser.dm,433
runtime error: 
[22:43:40]nothing to animate
[22:43:40]proc name: shake camera (/proc/shake_camera)
[22:43:40]  source file: mob_helpers.dm,270
runtime error: 
[22:45:01]nothing to animate
[22:45:01]proc name: shake camera (/proc/shake_camera)
[22:45:01]  source file: mob_helpers.dm,270
runtime error: 
[22:45:38]nothing to animate
[22:45:38]proc name: shake camera (/proc/shake_camera)
[22:45:38]  source file: mob_helpers.dm,270
runtime error: 
[22:51:05]Cannot read null.client
[22:51:05]proc name: onclose (/proc/onclose)
[22:51:05]  source file: browser.dm,433
runtime error: 
[22:51:07]Cannot read null.client
[22:51:07]proc name: onclose (/proc/onclose)
[22:51:07]  source file: browser.dm,433
runtime error: 
[22:51:09]Cannot read null.client
[22:51:09]proc name: onclose (/proc/onclose)
[22:51:09]  source file: browser.dm,433
runtime error: 
[22:51:11]Cannot read null.client
[22:51:11]proc name: onclose (/proc/onclose)
[22:51:11]  source file: browser.dm,433
runtime error: 
[22:51:13]Cannot read null.client
[22:51:13]proc name: onclose (/proc/onclose)
[22:51:13]  source file: browser.dm,433
runtime error: 
[22:51:15]Cannot read null.client
[22:51:15]proc name: onclose (/proc/onclose)
[22:51:15]  source file: browser.dm,433
runtime error: 
[22:51:17]Cannot read null.client
[22:51:17]proc name: onclose (/proc/onclose)
[22:51:17]  source file: browser.dm,433
runtime error: 
[22:51:20]Cannot read null.client
[22:51:20]proc name: onclose (/proc/onclose)
[22:51:20]  source file: browser.dm,433
runtime error: 
[22:51:22]Cannot read null.client
[22:51:22]proc name: onclose (/proc/onclose)
[22:51:22]  source file: browser.dm,433
runtime error: 
[22:51:24]Cannot read null.client
[22:51:24]proc name: onclose (/proc/onclose)
[22:51:24]  source file: browser.dm,433
runtime error: 
[22:51:26]Cannot read null.client
[22:51:26]proc name: onclose (/proc/onclose)
[22:51:26]  source file: browser.dm,433
runtime error: 
[22:51:28]Cannot read null.client
[22:51:28]proc name: onclose (/proc/onclose)
[22:51:28]  source file: browser.dm,433
runtime error: 
[22:51:30]Cannot read null.client
[22:51:30]proc name: onclose (/proc/onclose)
[22:51:30]  source file: browser.dm,433
runtime error: 
[22:51:32]Cannot read null.client
[22:51:32]proc name: onclose (/proc/onclose)
[22:51:32]  source file: browser.dm,433
runtime error: 
[22:51:34]Cannot read null.client
[22:51:34]proc name: onclose (/proc/onclose)
[22:51:34]  source file: browser.dm,433
runtime error: 
[22:51:36]Cannot read null.client
[22:51:36]proc name: onclose (/proc/onclose)
[22:51:36]  source file: browser.dm,433
runtime error: 
[22:51:38]Cannot read null.client
[22:51:38]proc name: onclose (/proc/onclose)
[22:51:38]  source file: browser.dm,433
runtime error: 
[22:51:40]Cannot read null.client
[22:51:40]proc name: onclose (/proc/onclose)
[22:51:40]  source file: browser.dm,433
runtime error: 
[22:51:42]Cannot read null.client
[22:51:42]proc name: onclose (/proc/onclose)
[22:51:42]  source file: browser.dm,433
runtime error: 
[22:51:44]Cannot read null.client
[22:51:44]proc name: onclose (/proc/onclose)
[22:51:44]  source file: browser.dm,433
runtime error: 
[22:51:46]Cannot read null.client
[22:51:46]proc name: onclose (/proc/onclose)
[22:51:46]  source file: browser.dm,433
runtime error: 
[22:51:48]Cannot read null.client
[22:51:48]proc name: onclose (/proc/onclose)
[22:51:48]  source file: browser.dm,433
runtime error: 
[22:51:50]Cannot read null.client
[22:51:50]proc name: onclose (/proc/onclose)
[22:51:50]  source file: browser.dm,433
runtime error: 
[22:51:52]Cannot read null.client
[22:51:52]proc name: onclose (/proc/onclose)
[22:51:52]  source file: browser.dm,433
runtime error: 
[22:51:54]Cannot read null.client
[22:51:54]proc name: onclose (/proc/onclose)
[22:51:54]  source file: browser.dm,433
runtime error: 
[22:52:27]nothing to animate
[22:52:27]proc name: shake camera (/proc/shake_camera)
[22:52:27]  source file: mob_helpers.dm,270
runtime error: 
[22:52:36]Cannot read null.client
[22:52:36]proc name: onclose (/proc/onclose)
[22:52:36]  source file: browser.dm,433
runtime error: 
[22:52:38]Cannot read null.client
[22:52:38]proc name: onclose (/proc/onclose)
[22:52:38]  source file: browser.dm,433
runtime error: 
[22:52:41]Cannot read null.client
[22:52:41]proc name: onclose (/proc/onclose)
[22:52:41]  source file: browser.dm,433
runtime error: 
[22:52:43]Cannot read null.client
[22:52:43]proc name: onclose (/proc/onclose)
[22:52:43]  source file: browser.dm,433
runtime error: 
[22:52:45]Cannot read null.client
[22:52:45]proc name: onclose (/proc/onclose)
[22:52:45]  source file: browser.dm,433
runtime error: 
[22:52:47]Cannot read null.client
[22:52:47]proc name: onclose (/proc/onclose)
[22:52:47]  source file: browser.dm,433
runtime error: 
[22:52:49]Cannot read null.client
[22:52:49]proc name: onclose (/proc/onclose)
[22:52:49]  source file: browser.dm,433
runtime error: 
[22:52:51]Cannot read null.client
[22:52:51]proc name: onclose (/proc/onclose)
[22:52:51]  source file: browser.dm,433
runtime error: 
[22:52:53]Cannot read null.client
[22:52:53]proc name: onclose (/proc/onclose)
[22:52:53]  source file: browser.dm,433
runtime error: 
[22:52:55]Cannot read null.client
[22:52:55]proc name: onclose (/proc/onclose)
[22:52:55]  source file: browser.dm,433
runtime error: 
[22:52:57]Cannot read null.client
[22:52:57]proc name: onclose (/proc/onclose)
[22:52:57]  source file: browser.dm,433
runtime error: 
[22:52:59]Cannot read null.client
[22:52:59]proc name: onclose (/proc/onclose)
[22:52:59]  source file: browser.dm,433
runtime error: 
[22:53:01]Cannot read null.client
[22:53:01]proc name: onclose (/proc/onclose)
[22:53:01]  source file: browser.dm,433
runtime error: 
[22:53:03]Cannot read null.client
[22:53:03]proc name: onclose (/proc/onclose)
[22:53:03]  source file: browser.dm,433
runtime error: 
[22:53:05]Cannot read null.client
[22:53:05]proc name: onclose (/proc/onclose)
[22:53:05]  source file: browser.dm,433
runtime error: 
[22:53:07]Cannot read null.client
[22:53:07]proc name: onclose (/proc/onclose)
[22:53:07]  source file: browser.dm,433
runtime error: 
[22:53:09]Cannot read null.client
[22:53:09]proc name: onclose (/proc/onclose)
[22:53:09]  source file: browser.dm,433
runtime error: 
[22:53:11]Cannot read null.client
[22:53:11]proc name: onclose (/proc/onclose)
[22:53:11]  source file: browser.dm,433
runtime error: 
[22:53:14]Cannot read null.client
[22:53:14]proc name: onclose (/proc/onclose)
[22:53:14]  source file: browser.dm,433
runtime error: 
[22:53:16]Cannot read null.client
[22:53:16]proc name: onclose (/proc/onclose)
[22:53:16]  source file: browser.dm,433
runtime error: 
[22:53:18]Cannot read null.client
[22:53:18]proc name: onclose (/proc/onclose)
[22:53:18]  source file: browser.dm,433
runtime error: 
[22:53:20]Cannot read null.client
[22:53:20]proc name: onclose (/proc/onclose)
[22:53:20]  source file: browser.dm,433
runtime error: 
[22:56:06]Cannot read null.verbs
[22:56:06]proc name: giveadminhelpverb (/client/proc/giveadminhelpverb)
[22:56:06]  source file: adminhelp.dm,474
runtime error: 
[22:56:10]Cannot read null.verbs
[22:56:10]proc name: giveadminhelpverb (/client/proc/giveadminhelpverb)
[22:56:10]  source file: adminhelp.dm,474
runtime error: 
[22:59:09]nothing to animate
[22:59:09]proc name: shake camera (/proc/shake_camera)
[22:59:09]  source file: mob_helpers.dm,270
runtime error: 
[23:02:42]nothing to animate
[23:02:42]proc name: shake camera (/proc/shake_camera)
[23:02:42]  source file: mob_helpers.dm,270
runtime error: 
[23:07:41]nothing to animate
[23:07:41]proc name: shake camera (/proc/shake_camera)
[23:07:41]  source file: mob_helpers.dm,270
runtime error: 
[23:09:15]nothing to animate
[23:09:15]proc name: shake camera (/proc/shake_camera)
[23:09:15]  source file: mob_helpers.dm,270
runtime error: 
[23:10:59]nothing to animate
[23:10:59]proc name: shake camera (/proc/shake_camera)
[23:10:59]  source file: mob_helpers.dm,270
runtime error: 
[23:13:02]Cannot execute null.archive().
[23:13:02]proc name: archive (/turf/open/archive)
[23:13:02]  source file: LINDA_turf_tile.dm,91
runtime error: 
[23:13:02]Cannot read null.gases
[23:13:02]proc name: compare (/datum/gas_mixture/compare)
[23:13:02]  source file: gas_mixture.dm,387
runtime error: 
[23:13:02]Cannot execute null.archive().
[23:13:02]proc name: archive (/turf/open/archive)
[23:13:02]  source file: LINDA_turf_tile.dm,91
runtime error: 
[23:13:02]Cannot read null.gases
[23:13:02]proc name: compare (/datum/gas_mixture/compare)
[23:13:02]  source file: gas_mixture.dm,387
runtime error: 
[23:13:02]Cannot execute null.archive().
[23:13:02]proc name: archive (/turf/open/archive)
[23:13:02]  source file: LINDA_turf_tile.dm,91
runtime error: 
[23:13:02]Cannot read null.gases
[23:13:02]proc name: compare (/datum/gas_mixture/compare)
[23:13:02]  source file: gas_mixture.dm,387
runtime error: 
[23:13:02]Cannot execute null.archive().
[23:13:02]proc name: archive (/turf/open/archive)
[23:13:02]  source file: LINDA_turf_tile.dm,91
runtime error: 
[23:13:02]Cannot read null.gases
[23:13:02]proc name: compare (/datum/gas_mixture/compare)
[23:13:02]  source file: gas_mixture.dm,387
runtime error: 
[23:13:03]Cannot execute null.archive().
[23:13:03]Warning: further proc crash messages are being suppressed to prevent overload...
runtime error: 
[23:13:03]Cannot read null.gases
runtime error: 
[23:13:03]Cannot execute null.archive().
runtime error: 
[23:13:03]Cannot read null.gases
runtime error: 
[23:13:03]Cannot execute null.archive().
runtime error: 
[23:13:03]Cannot read null.gases
runtime error: 
[23:13:03]Cannot execute null.archive().
runtime error: 
[23:13:03]Cannot read null.gases
runtime error: 
[23:13:03]Cannot execute null.archive().
runtime error: 
[23:13:03]Cannot read null.gases
runtime error: 
[23:13:03]Cannot execute null.archive().
runtime error: 
[23:13:03]Cannot read null.gases
runtime error: 
[23:13:03]Cannot execute null.archive().
runtime error: 
[23:13:03]Cannot read null.gases
runtime error: 
[23:13:03]Cannot execute null.archive().
runtime error: 
[23:13:03]Cannot read null.gases
runtime error: 
[23:13:03]Cannot execute null.archive().
runtime error: 
[23:13:03]Cannot read null.gases
runtime error: 
[23:13:03]Cannot execute null.archive().
runtime error: 
[23:13:03]Cannot read null.gases
runtime error: 
[23:13:03]Cannot execute null.archive().
runtime error: 
[23:13:03]Cannot read null.gases
runtime error: 
[23:13:03]Cannot execute null.archive().
runtime error: 
[23:13:03]Cannot read null.gases
runtime error: 
[23:13:03]Cannot execute null.archive().
runtime error: 
[23:13:03]Cannot read null.gases
runtime error: 
[23:13:03]Cannot execute null.archive().
runtime error: 
[23:13:03]Cannot read null.gases
runtime error: 
[23:13:03]Cannot execute null.archive().
runtime error: 
[23:13:03]Cannot read null.gases
runtime error: 
[23:13:03]Cannot execute null.archive().
runtime error: 
[23:13:03]Cannot read null.gases
runtime error: 
[23:13:03]Cannot execute null.archive().
runtime error: 
[23:13:03]Cannot read null.gases
runtime error: 
[23:13:03]Cannot execute null.archive().
runtime error: 
[23:13:03]Cannot read null.gases
runtime error: 
[23:13:03]Cannot execute null.archive().
runtime error: 
[23:13:03]Cannot read null.gases
runtime error: 
[23:13:03]Cannot execute null.archive().
runtime error: 
[23:13:03]Cannot read null.gases
runtime error: 
[23:13:42]Cannot read null.host
runtime error: 
[23:13:42]Cannot read null.host
runtime error: 
[23:13:43]Cannot read null.host
runtime error: 
[23:13:43]Cannot read null.host
runtime error: 
[23:13:44]Cannot read null.host
runtime error: 
[23:13:44]Cannot read null.host
runtime error: 
[23:13:45]Cannot read null.host
runtime error: 
[23:13:45]Cannot read null.host
runtime error: 
[23:13:49]Cannot read null.host
runtime error: 
[23:13:49]Cannot read null.host
runtime error: 
[23:13:50]Cannot read null.host
runtime error: 
[23:13:50]Cannot read null.host
runtime error: 
[23:13:51]Cannot read null.host
runtime error: 
[23:13:51]Cannot read null.host
runtime error: 
[23:13:52]nothing to animate
runtime error: 
[23:13:53]Cannot read null.host
runtime error: 
[23:13:53]Cannot read null.host
runtime error: 
[23:13:54]Cannot read null.host
runtime error: 
[23:13:54]Cannot read null.host
runtime error: 
[23:13:54]Cannot read null.host
runtime error: 
[23:13:54]Cannot read null.host
runtime error: 
[23:13:55]Cannot read null.host
runtime error: 
[23:13:55]Cannot read null.host
runtime error: 
[23:13:56]Cannot read null.host
runtime error: 
[23:13:56]Cannot read null.host
runtime error: 
[23:13:57]Cannot read null.host
runtime error: 
[23:13:57]Cannot read null.host
runtime error: 
[23:13:58]Cannot read null.host
runtime error: 
[23:13:58]Cannot read null.host
runtime error: 
[23:13:58]Cannot read null.host
runtime error: 
[23:13:58]Cannot read null.host
runtime error: 
[23:13:59]Cannot read null.host
runtime error: 
[23:13:59]Cannot read null.host
runtime error: 
[23:14:00]Cannot read null.host
runtime error: 
[23:14:00]Cannot read null.host
runtime error: 
[23:14:01]Cannot read null.host
runtime error: 
[23:14:01]Cannot read null.host
runtime error: 
[23:14:01]Cannot read null.host
runtime error: 
[23:14:01]Cannot read null.host
runtime error: 
[23:14:02]Cannot read null.host
runtime error: 
[23:14:02]Cannot read null.host
runtime error: 
[23:14:03]Cannot read null.host
runtime error: 
[23:14:03]Cannot read null.host
runtime error: 
[23:14:04]Cannot read null.host
runtime error: 
[23:14:04]Cannot read null.host
runtime error: 
[23:14:05]Cannot read null.host
runtime error: 
[23:14:05]Cannot read null.host
runtime error: 
[23:14:06]Cannot read null.host
runtime error: 
[23:14:06]Cannot read null.host
runtime error: 
[23:14:06]Cannot read null.host
runtime error: 
[23:14:06]Cannot read null.host
runtime error: 
[23:14:07]Cannot read null.host
runtime error: 
[23:14:22]nothing to animate
runtime error: 
[23:14:29]undefined proc or verb /turf/closed/wall/mineral/cult/artificer/high pressure movements().

runtime error: 
[23:14:55]undefined proc or verb /turf/closed/wall/mineral/cult/artificer/high pressure movements().

runtime error: 
[23:15:00]undefined proc or verb /turf/closed/wall/mineral/cult/artificer/high pressure movements().

runtime error: 
[23:15:25]nothing to animate
runtime error: 
[23:15:28]undefined proc or verb /turf/closed/wall/mineral/cult/artificer/high pressure movements().

runtime error: 
[23:15:40]undefined variable /turf/closed/wall/mineral/titanium/var/air
runtime error: 
[23:15:40]undefined variable /turf/closed/wall/mineral/titanium/var/air
runtime error: 
[23:15:40]undefined variable /turf/closed/wall/mineral/titanium/var/air
runtime error: 
[23:15:40]undefined variable /turf/closed/wall/mineral/titanium/var/air
runtime error: 
[23:15:40]undefined variable /turf/closed/wall/mineral/titanium/var/air
runtime error: 
[23:15:40]Cannot execute null.archive().
runtime error: 
[23:15:40]Cannot read null.gases
runtime error: 
[23:15:40]Cannot execute null.archive().
runtime error: 
[23:15:40]Cannot read null.gases
runtime error: 
[23:15:40]Cannot execute null.archive().
runtime error: 
[23:15:40]Cannot read null.gases
runtime error: 
[23:15:40]Cannot execute null.archive().
runtime error: 
[23:15:40]Cannot read null.gases
runtime error: 
[23:15:40]Cannot execute null.archive().
runtime error: 
[23:15:40]Cannot read null.gases
runtime error: 
[23:15:40]Cannot execute null.archive().
runtime error: 
[23:15:40]Cannot read null.gases
runtime error: 
[23:15:40]Cannot execute null.archive().
runtime error: 
[23:15:40]Cannot read null.gases
runtime error: 
[23:15:40]Cannot execute null.archive().
runtime error: 
[23:15:40]Cannot read null.gases
runtime error: 
[23:15:40]undefined variable /turf/closed/wall/mineral/titanium/nodiagonal/var/air
runtime error: 
[23:15:40]Cannot execute null.archive().
runtime error: 
[23:15:40]Cannot read null.gases
runtime error: 
[23:15:40]undefined variable /turf/closed/wall/mineral/titanium/nodiagonal/var/air
runtime error: 
[23:15:40]Cannot execute null.archive().
runtime error: 
[23:15:40]Cannot read null.gases
runtime error: 
[23:15:40]Cannot execute null.archive().
runtime error: 
[23:15:40]Cannot read null.gases
runtime error: 
[23:15:40]Cannot execute null.archive().
runtime error: 
[23:15:40]Cannot read null.gases
runtime error: 
[23:15:40]undefined variable /turf/closed/wall/mineral/titanium/nodiagonal/var/air
runtime error: 
[23:15:40]Cannot execute null.archive().
runtime error: 
[23:15:40]Cannot read null.gases
runtime error: 
[23:15:40]undefined variable /turf/closed/wall/mineral/titanium/nodiagonal/var/air
runtime error: 
[23:15:40]Cannot execute null.archive().
runtime error: 
[23:15:40]Cannot read null.gases
runtime error: 
[23:15:40]Cannot execute null.archive().
runtime error: 
[23:15:40]Cannot read null.gases
runtime error: 
[23:15:40]Cannot execute null.archive().
runtime error: 
[23:15:40]Cannot read null.gases
runtime error: 
[23:15:40]undefined variable /turf/closed/wall/mineral/titanium/var/air
runtime error: 
[23:15:40]undefined variable /turf/closed/wall/mineral/titanium/var/air
runtime error: 
[23:15:40]Cannot execute null.archive().
runtime error: 
[23:15:40]Cannot read null.gases
runtime error: 
[23:15:40]undefined variable /turf/closed/wall/mineral/titanium/var/air
runtime error: 
[23:15:40]undefined variable /turf/closed/wall/mineral/titanium/var/air
runtime error: 
[23:15:40]undefined variable /turf/closed/wall/mineral/titanium/var/air
runtime error: 
[23:15:40]undefined variable /turf/closed/wall/mineral/titanium/var/air
runtime error: 
[23:15:40]undefined variable /turf/closed/wall/mineral/titanium/var/air
runtime error: 
[23:15:40]undefined variable /turf/closed/wall/mineral/titanium/var/air
runtime error: 
[23:15:40]Cannot execute null.archive().
runtime error: 
[23:15:40]Cannot read null.gases
runtime error: 
[23:15:40]undefined variable /turf/closed/wall/mineral/titanium/var/air
runtime error: 
[23:15:40]Cannot execute null.archive().
runtime error: 
[23:15:40]Cannot read null.gases
runtime error: 
[23:15:40]undefined variable /turf/closed/wall/mineral/titanium/var/air
runtime error: 
[23:15:40]Cannot execute null.archive().
runtime error: 
[23:15:40]Cannot read null.gases
runtime error: 
[23:15:40]Cannot execute null.archive().
runtime error: 
[23:15:40]Cannot read null.gases
runtime error: 
[23:15:40]Cannot execute null.archive().
runtime error: 
[23:15:40]Cannot read null.gases
runtime error: 
[23:15:40]undefined variable /turf/closed/wall/mineral/titanium/var/air
runtime error: 
[23:15:40]Cannot execute null.archive().
runtime error: 
[23:15:40]Cannot read null.gases
runtime error: 
[23:15:40]undefined variable /turf/closed/wall/mineral/titanium/var/air
runtime error: 
[23:15:40]Cannot execute null.archive().
runtime error: 
[23:15:40]Cannot read null.gases
runtime error: 
[23:15:40]undefined variable /turf/closed/wall/mineral/titanium/var/air
runtime error: 
[23:15:40]undefined variable /turf/closed/wall/mineral/titanium/var/air
runtime error: 
[23:15:40]Cannot execute null.archive().
runtime error: 
[23:15:40]Cannot read null.gases
runtime error: 
[23:15:40]Cannot execute null.archive().
runtime error: 
[23:15:40]Cannot read null.gases
runtime error: 
[23:15:40]undefined variable /turf/closed/wall/mineral/titanium/var/air
runtime error: 
[23:15:40]undefined variable /turf/closed/wall/mineral/titanium/var/air
runtime error: 
[23:15:40]undefined variable /turf/closed/wall/mineral/titanium/nodiagonal/var/air
runtime error: 
[23:15:40]Cannot execute null.archive().
runtime error: 
[23:15:40]Cannot read null.gases
runtime error: 
[23:15:40]Cannot execute null.archive().
runtime error: 
[23:15:40]Cannot read null.gases
runtime error: 
[23:15:40]Cannot execute null.archive().
runtime error: 
[23:15:40]Cannot read null.gases
runtime error: 
[23:15:41]undefined variable /turf/closed/wall/mineral/titanium/var/air
runtime error: 
[23:15:41]undefined variable /turf/closed/wall/mineral/titanium/var/air
runtime error: 
[23:15:41]undefined variable /turf/closed/wall/mineral/titanium/var/air
runtime error: 
[23:15:41]undefined variable /turf/closed/wall/mineral/titanium/var/air
runtime error: 
[23:15:41]undefined variable /turf/closed/wall/mineral/titanium/nodiagonal/var/air
runtime error: 
[23:15:41]undefined variable /turf/closed/wall/mineral/titanium/var/air
runtime error: 
[23:15:41]undefined variable /turf/closed/wall/mineral/titanium/var/air
runtime error: 
[23:15:41]undefined variable /turf/closed/wall/mineral/titanium/var/air
runtime error: 
[23:15:44]Turf decal initialized in an object/nullspace
Map warning: Shuttle Template _maps/shuttles/emergency_delta.dmm has multiple mobile docking ports.
Map warning: Shuttle Template _maps/shuttles/emergency_delta.dmm has multiple mobile docking ports.
Map warning: Shuttle Template _maps/shuttles/emergency_delta.dmm has multiple mobile docking ports.
Map warning: Shuttle Template _maps/shuttles/emergency_delta.dmm has multiple mobile docking ports.
runtime error: 
[23:15:45]/mob/living/silicon/pai destroy proc was called multiple times, likely due to a qdel loop in the Destroy logic
runtime error: 
[23:15:46]No dock found for preview shuttle (Delta Station Emergency Shuttle), aborting.
runtime error: 
[23:15:46]No dock found for preview shuttle (Delta Station Emergency Shuttle), aborting.
runtime error: 
[23:15:46]No dock found for preview shuttle (Delta Station Emergency Shuttle), aborting.
runtime error: 
[23:15:46]No dock found for preview shuttle (Delta Station Emergency Shuttle), aborting.
runtime error: 
[23:15:46]No dock found for preview shuttle (Delta Station Emergency Shuttle), aborting.
runtime error: 
[23:15:46]No dock found for preview shuttle (Delta Station Emergency Shuttle), aborting.
runtime error: 
[23:15:46]Cannot read null.revivecost
runtime error: 
[23:15:46]Cannot read null.revivecost
runtime error: 
[23:15:46]bad del
runtime error: 
[23:15:46]bad del
runtime error: 
[23:15:46]bad del
runtime error: 
[23:15:46]bad del
runtime error: 
[23:15:46]bad del
runtime error: 
[23:15:46]bad del
runtime error: 
[23:15:46]bad index
runtime error: 
[23:15:46]bad index
runtime error: 
[23:15:46]bad index
runtime error: 
[23:15:47]bad index
runtime error: 
[23:15:47]bad index
runtime error: 
[23:15:47]bad index
runtime error: 
[23:15:47]bad index
runtime error: 
[23:15:47]bad index
runtime error: 
[23:15:47]bad index
runtime error: 
[23:15:47]bad index
runtime error: 
[23:15:47]bad index
runtime error: 
[23:15:47]bad index
runtime error: 
[23:15:47]bad index
runtime error: 
[23:15:47]bad index
runtime error: 
[23:15:47]bad index
runtime error: 
[23:15:47]bad index
runtime error: 
[23:15:47]bad index
runtime error: 
[23:15:47]bad index
runtime error: 
[23:15:47]bad index
runtime error: 
[23:15:47]bad index
runtime error: 
[23:15:47]bad index
runtime error: 
[23:15:47]bad index
runtime error: 
[23:15:47]bad index
runtime error: 
[23:15:47]bad index
runtime error: 
[23:15:47]bad index
runtime error: 
[23:15:47]bad index
runtime error: 
[23:15:47]bad index
runtime error: 
[23:15:47]bad index
runtime error: 
[23:15:47]bad index
runtime error: 
[23:15:47]bad index
runtime error: 
[23:15:47]bad index
runtime error: 
[23:15:47]bad index
runtime error: 
[23:15:47]bad index
runtime error: 
[23:15:47]bad index
runtime error: 
[23:15:47]bad index
runtime error: 
[23:15:47]bad index
runtime error: 
[23:15:47]bad del
runtime error: 
[23:15:47]bad del
runtime error: 
[23:15:47]bad del
runtime error: 
[23:15:47]bad del
runtime error: 
[23:15:47]bad del
runtime error: 
[23:15:47]bad del
runtime error: 
[23:15:47]bad del
runtime error: 
[23:15:47]Cannot read null.initialized
runtime error: 
[23:15:47]No dock found for preview shuttle (Delta Station Emergency Shuttle), aborting.
runtime error: 
[23:15:48]No dock found for preview shuttle (Delta Station Emergency Shuttle), aborting.
runtime error: 
[23:15:48]Cannot read null.initialized
runtime error: 
[23:15:48]No dock found for preview shuttle (Delta Station Emergency Shuttle), aborting.
runtime error: 
[23:15:48]undefined variable /turf/closed/wall/mineral/titanium/var/air
runtime error: 
[23:15:48]undefined variable /turf/closed/wall/mineral/titanium/var/air
runtime error: 
[23:15:48]undefined variable /turf/closed/wall/mineral/titanium/var/air
runtime error: 
[23:15:48]undefined variable /turf/closed/wall/mineral/titanium/var/air
Map warning: Shuttle Template _maps/shuttles/emergency_delta.dmm has multiple mobile docking ports.
Map warning: Shuttle Template _maps/shuttles/emergency_delta.dmm has multiple mobile docking ports.
Map warning: Shuttle Template _maps/shuttles/emergency_delta.dmm has multiple mobile docking ports.
runtime error: 
[23:15:51]No dock found for preview shuttle (Delta Station Emergency Shuttle), aborting.
runtime error: 
[23:15:53]Cannot read null.initialized
Map warning: Shuttle Template _maps/shuttles/emergency_delta.dmm has multiple mobile docking ports.
runtime error: 
[23:15:53]No dock found for preview shuttle (Delta Station Emergency Shuttle), aborting.
runtime error: 
[23:15:54]Cannot read null.initialized
runtime error: 
[23:15:54]No dock found for preview shuttle (Delta Station Emergency Shuttle), aborting.
runtime error: 
[23:15:55]Cannot read null.mutations
runtime error: 
[23:15:55]Cannot read null.species
runtime error: 
[23:16:00]Cannot read null.initialized
runtime error: 
[23:16:00]No dock found for preview shuttle (Delta Station Emergency Shuttle), aborting.
runtime error: 
[23:16:02]No dock found for preview shuttle (Delta Station Emergency Shuttle), aborting.
Saved 96 engraved messages on map Box Station
runtime error: 
[23:20:06]Cannot modify null.parallax_animate_timer.
Shutting down Persistence subsystem...
Shutting down pathfinder subsystem...
Shutting down Squeak subsystem...
Shutting down Shuttle subsystem...
Shutting down Lighting subsystem...
Shutting down XKeyScore subsystem...
Shutting down Sticky Ban subsystem...
Shutting down Overlay subsystem...
Shutting down Icon Smoothing subsystem...
Shutting down Assets subsystem...
Shutting down Minimap subsystem...
Shutting down Atmospherics subsystem...
Shutting down Wet floors subsystem...
Shutting down Weather subsystem...
Shutting down Vote subsystem...
Shutting down Traumas subsystem...
Shutting down Title Screen subsystem...
Shutting down Time Tracking subsystem...
Shutting down Throwing subsystem...
Shutting down tgui subsystem...
Shutting down Sun subsystem...
Shutting down Space Drift subsystem...
Shutting down Religion subsystem...
Shutting down Radio subsystem...
Shutting down Radiation subsystem...
Shutting down Projectiles subsystem...
Shutting down Processing subsystem...
Shutting down Parallax subsystem...
Shutting down pAI subsystem...
Shutting down Orbits subsystem...
Shutting down Objects subsystem...
Shutting down NPC Pool subsystem...
Shutting down Night Shift subsystem...
Shutting down Mood subsystem...
Shutting down Mobs subsystem...
Shutting down Medals subsystem...
Shutting down Inbounds subsystem...
Shutting down Idling NPC Pool subsystem...
Shutting down Flightpack Movement subsystem...
Shutting down Fire Burning subsystem...
Shutting down Fields subsystem...
Shutting down Fast Processing subsystem...
Shutting down Disease subsystem...
Shutting down Communications subsystem...
Shutting down Augury subsystem...
Shutting down Acid subsystem...
Shutting down Timer subsystem...
Shutting down Circuit subsystem...
Shutting down Machines subsystem...
Shutting down Language subsystem...
Shutting down Atoms subsystem...
Shutting down Networks subsystem...
Shutting down Mapping subsystem...
Shutting down Ticker subsystem...
Shutting down Traits subsystem...
Shutting down Jobs subsystem...
Shutting down Events subsystem...
Shutting down Research subsystem...
Shutting down Input subsystem...
Shutting down Server Tasks subsystem...
Shutting down Blackbox subsystem...
Shutting down Database subsystem...
Shutting down Garbage subsystem...
Shutdown complete
World rebooted at 23:20:39
