

Starting up round ID 224. 04:38:25
---------------------
Initialized Database subsystem within 0 seconds!
Initialized Blackbox subsystem within 0 seconds!
Initialized Server Tasks subsystem within 0 seconds!
Initialized Input subsystem within 0 seconds!
Initialized Research subsystem within 0 seconds!
Initialized Events subsystem within 0 seconds!
Initialized Jobs subsystem within 0.1 seconds!
Initialized Traits subsystem within 0 seconds!
Initialized Ticker subsystem within 0 seconds!
Loading Box Station...
Loaded Station in 6s!
Loaded Lavaland in 4.8s!
Loaded Reebe in 4.7s!
Ruin loader finished with 0 left to spend.
Ruin loader finished with 0 left to spend.
Initialized Mapping subsystem within 25.9 seconds!
Initialized Networks subsystem within 0 seconds!
Initialized Atoms subsystem within 48.2 seconds!
Initialized Language subsystem within 0 seconds!
Initialized Machines subsystem within 0.3 seconds!
Initialized Circuit subsystem within 0.1 seconds!
Initialized Disease subsystem within 0 seconds!
Initialized Medals subsystem within 0 seconds!
Initialized Night Shift subsystem within 0 seconds!
Initialized Parallax subsystem within 0 seconds!
Initialized Traumas subsystem within 0.1 seconds!
Initialized Weather subsystem within 0 seconds!
## WARNING: There are 6 active turfs at roundstart, this is a mapping error caused by a difference of the air between the adjacent turfs. You can see its coordinates using "Mapping -> Show roundstart AT list" verb (debug verbs required)
## WARNING: HEY! LISTEN! 1 second were wasted processing 6 turf(s) (connected to 21341 other turfs) with atmos differences at round start.
Initialized Atmospherics subsystem within 14 seconds!
Initialized Minimap subsystem within 0 seconds!
Initialized Assets subsystem within 1 second!
Initialized Icon Smoothing subsystem within 5.6 seconds!
Initialized Overlay subsystem within 20.3 seconds!
Initialized XKeyScore subsystem within 0 seconds!
Initialized Sticky Ban subsystem within 0 seconds!
Initialized Lighting subsystem within 12.3 seconds!
Initialized Shuttle subsystem within 20.8 seconds!
Initialized Squeak subsystem within 0 seconds!
Initialized pathfinder subsystem within 0 seconds!
Loaded 0 engraved messages on map Box Station
Initialized Persistence subsystem within 0 seconds!
Initializations complete within 148.9 seconds!
Game start took 6.9s
runtime error: 
[04:43:07]nothing to animate
[04:43:07]proc name: shake camera (/proc/shake_camera)
[04:43:07]  source file: mob_helpers.dm,270
[04:43:07]  usr: (src)
[04:43:07]  src: null
[04:43:07]  call stack:
[04:43:07]shake camera(Keegan Boyer (/mob/living/carbon/human), 0.75, 1)
[04:43:07]Keegan Boyer (/mob/living/carbon/human): afterShuttleMove(space (25,20,13) (/turf/open/space/transit/west), /list (/list), 8, 8, 8, 0)
[04:43:07]Keegan Boyer (/mob/living/carbon/human): afterShuttleMove(space (25,20,13) (/turf/open/space/transit/west), /list (/list), 8, 8, 8, 0)
[04:43:07]the arrivals shuttle (/obj/docking_port/mobile/arrivals): cleanup runway(the arrivals (/obj/docking_port/stationary), /list (/list), /list (/list), /list (/list), /list (/list), 0, 8, Space (/area/space), /turf/open/space/transit/west (/turf/open/space/transit/west), /turf/open/space (/turf/open/space))
[04:43:07]the arrivals shuttle (/obj/docking_port/mobile/arrivals): initiate docking(the arrivals (/obj/docking_port/stationary), 8, 0)
[04:43:07]the arrivals shuttle (/obj/docking_port/mobile/arrivals): initiate docking(the arrivals (/obj/docking_port/stationary), 8)
[04:43:07]the arrivals shuttle (/obj/docking_port/mobile/arrivals): check()
[04:43:07]the arrivals shuttle (/obj/docking_port/mobile/arrivals): check()
[04:43:07]Shuttle (/datum/controller/subsystem/shuttle): fire(0)
[04:43:07]Shuttle (/datum/controller/subsystem/shuttle): ignite(0)
runtime error: 
[04:43:53]nothing to animate
[04:43:53]proc name: shake camera (/proc/shake_camera)
[04:43:53]  source file: mob_helpers.dm,270
[04:43:53]  usr: (src)
[04:43:53]  src: null
[04:43:53]  call stack:
[04:43:53]shake camera(Reese Mitchell (/mob/living/carbon/human), 0.75, 1)
[04:43:53]Reese Mitchell (/mob/living/carbon/human): afterShuttleMove(space (21,19,13) (/turf/open/space/transit/west), /list (/list), 8, 8, 8, 0)
[04:43:53]Reese Mitchell (/mob/living/carbon/human): afterShuttleMove(space (21,19,13) (/turf/open/space/transit/west), /list (/list), 8, 8, 8, 0)
[04:43:53]the arrivals shuttle (/obj/docking_port/mobile/arrivals): cleanup runway(the arrivals (/obj/docking_port/stationary), /list (/list), /list (/list), /list (/list), /list (/list), 0, 8, Space (/area/space), /turf/open/space/transit/west (/turf/open/space/transit/west), /turf/open/space (/turf/open/space))
[04:43:53]the arrivals shuttle (/obj/docking_port/mobile/arrivals): initiate docking(the arrivals (/obj/docking_port/stationary), 8, 0)
[04:43:53]the arrivals shuttle (/obj/docking_port/mobile/arrivals): initiate docking(the arrivals (/obj/docking_port/stationary), 8)
[04:43:53]the arrivals shuttle (/obj/docking_port/mobile/arrivals): check()
[04:43:53]the arrivals shuttle (/obj/docking_port/mobile/arrivals): check()
[04:43:53]Shuttle (/datum/controller/subsystem/shuttle): fire(0)
[04:43:53]Shuttle (/datum/controller/subsystem/shuttle): ignite(0)
runtime error: 
[04:57:57]nothing to animate
[04:57:57]proc name: shake camera (/proc/shake_camera)
[04:57:57]  source file: mob_helpers.dm,270
[04:57:57]  usr: (src)
[04:57:57]  src: null
[04:57:57]  call stack:
[04:57:57]shake camera(Dmitri Stenovitch (/mob/living/carbon/human), 0.75, 1)
[04:57:57]Dmitri Stenovitch (/mob/living/carbon/human): afterShuttleMove(space (18,20,13) (/turf/open/space/transit/west), /list (/list), 8, 8, 8, 0)
[04:57:57]Dmitri Stenovitch (/mob/living/carbon/human): afterShuttleMove(space (18,20,13) (/turf/open/space/transit/west), /list (/list), 8, 8, 8, 0)
[04:57:57]the arrivals shuttle (/obj/docking_port/mobile/arrivals): cleanup runway(the arrivals (/obj/docking_port/stationary), /list (/list), /list (/list), /list (/list), /list (/list), 0, 8, Space (/area/space), /turf/open/space/transit/west (/turf/open/space/transit/west), /turf/open/space (/turf/open/space))
[04:57:57]the arrivals shuttle (/obj/docking_port/mobile/arrivals): initiate docking(the arrivals (/obj/docking_port/stationary), 8, 0)
[04:57:57]the arrivals shuttle (/obj/docking_port/mobile/arrivals): initiate docking(the arrivals (/obj/docking_port/stationary), 8)
[04:57:57]the arrivals shuttle (/obj/docking_port/mobile/arrivals): check()
[04:57:57]the arrivals shuttle (/obj/docking_port/mobile/arrivals): check()
[04:57:57]Shuttle (/datum/controller/subsystem/shuttle): fire(0)
[04:57:57]Shuttle (/datum/controller/subsystem/shuttle): ignite(0)
runtime error: 
[05:07:36]Cannot read null.client
[05:07:36]proc name: open (/datum/tgui/proc/open)
[05:07:36]  source file: tgui.dm,87
[05:07:36]  usr: Dmitri Stenovitch (/mob/living/carbon/human)
[05:07:36]  src: /datum/tgui (/datum/tgui)
[05:07:36]  usr.loc: the floor (117,108,2) (/turf/open/floor/plasteel)
[05:07:36]  call stack:
[05:07:36]/datum/tgui (/datum/tgui): open()
[05:07:36]the tablet computer (/obj/item/device/modular_computer/tablet/preset/advanced): ui interact(null, "main", /datum/tgui (/datum/tgui), 0, null, /datum/ui_state/default (/datum/ui_state/default))
[05:07:36]the tablet computer (/obj/item/device/modular_computer/tablet/preset/advanced): attack self(Dmitri Stenovitch (/mob/living/carbon/human))
[05:07:36]Dmitri Stenovitch (/mob/living/carbon/human): ClickOn(the tablet computer (/obj/item/device/modular_computer/tablet/preset/advanced), "icon-x=20;icon-y=13;left=1;scr...")
[05:07:36]the tablet computer (/obj/item/device/modular_computer/tablet/preset/advanced): Click(null, "mapwindow.map", "icon-x=20;icon-y=13;left=1;scr...")
runtime error: 
[05:18:41]nothing to animate
[05:18:41]proc name: shake camera (/proc/shake_camera)
[05:18:41]  source file: mob_helpers.dm,270
[05:18:41]  usr: (src)
[05:18:41]  src: null
[05:18:41]  call stack:
[05:18:41]shake camera(Frank Dollar (/mob/living/carbon/human), 0.75, 1)
[05:18:41]Frank Dollar (/mob/living/carbon/human): afterShuttleMove(space (23,19,13) (/turf/open/space/transit/west), /list (/list), 8, 8, 8, 0)
[05:18:41]Frank Dollar (/mob/living/carbon/human): afterShuttleMove(space (23,19,13) (/turf/open/space/transit/west), /list (/list), 8, 8, 8, 0)
[05:18:41]the arrivals shuttle (/obj/docking_port/mobile/arrivals): cleanup runway(the arrivals (/obj/docking_port/stationary), /list (/list), /list (/list), /list (/list), /list (/list), 0, 8, Space (/area/space), /turf/open/space/transit/west (/turf/open/space/transit/west), /turf/open/space (/turf/open/space))
[05:18:41]the arrivals shuttle (/obj/docking_port/mobile/arrivals): initiate docking(the arrivals (/obj/docking_port/stationary), 8, 0)
[05:18:41]the arrivals shuttle (/obj/docking_port/mobile/arrivals): initiate docking(the arrivals (/obj/docking_port/stationary), 8)
[05:18:41]the arrivals shuttle (/obj/docking_port/mobile/arrivals): check()
[05:18:41]the arrivals shuttle (/obj/docking_port/mobile/arrivals): check()
[05:18:41]Shuttle (/datum/controller/subsystem/shuttle): fire(0)
[05:18:41]Shuttle (/datum/controller/subsystem/shuttle): ignite(0)
runtime error: 
[05:21:17]Cannot read null.client
[05:21:17]proc name: onclose (/proc/onclose)
[05:21:17]  source file: browser.dm,433
[05:21:17]  usr: (src)
[05:21:17]  src: null
[05:21:17]  call stack:
[05:21:17]onclose(null, "pai", null)
[05:21:17]S.O.U.R.C.E. (/mob/living/silicon/pai): paiInterface()
[05:21:17]S.O.U.R.C.E. (/mob/living/silicon/pai): process hack()
[05:21:17]S.O.U.R.C.E. (/mob/living/silicon/pai): Life(2, 1143)
[05:21:17]S.O.U.R.C.E. (/mob/living/silicon/pai): Life(2, 1143)
[05:21:17]Mobs (/datum/controller/subsystem/mobs): fire(0)
[05:21:17]Mobs (/datum/controller/subsystem/mobs): ignite(0)
[05:21:17]Master (/datum/controller/master): RunQueue()
[05:21:17]Master (/datum/controller/master): Loop()
[05:21:17]Master (/datum/controller/master): StartProcessing(0)
runtime error: 
[05:21:19]Cannot read null.client
[05:21:19]proc name: onclose (/proc/onclose)
[05:21:19]  source file: browser.dm,433
[05:21:19]  usr: (src)
[05:21:19]  src: null
[05:21:19]  call stack:
[05:21:19]onclose(null, "pai", null)
[05:21:19]S.O.U.R.C.E. (/mob/living/silicon/pai): paiInterface()
[05:21:19]S.O.U.R.C.E. (/mob/living/silicon/pai): process hack()
[05:21:19]S.O.U.R.C.E. (/mob/living/silicon/pai): Life(2, 1144)
[05:21:19]S.O.U.R.C.E. (/mob/living/silicon/pai): Life(2, 1144)
[05:21:19]Mobs (/datum/controller/subsystem/mobs): fire(0)
[05:21:19]Mobs (/datum/controller/subsystem/mobs): ignite(0)
[05:21:19]Master (/datum/controller/master): RunQueue()
[05:21:19]Master (/datum/controller/master): Loop()
[05:21:19]Master (/datum/controller/master): StartProcessing(0)
runtime error: 
[05:21:21]Cannot read null.client
[05:21:21]proc name: onclose (/proc/onclose)
[05:21:21]  source file: browser.dm,433
[05:21:21]  usr: (src)
[05:21:21]  src: null
[05:21:21]  call stack:
[05:21:21]onclose(null, "pai", null)
[05:21:21]S.O.U.R.C.E. (/mob/living/silicon/pai): paiInterface()
[05:21:21]S.O.U.R.C.E. (/mob/living/silicon/pai): process hack()
[05:21:21]S.O.U.R.C.E. (/mob/living/silicon/pai): Life(2, 1145)
[05:21:21]S.O.U.R.C.E. (/mob/living/silicon/pai): Life(2, 1145)
[05:21:21]Mobs (/datum/controller/subsystem/mobs): fire(0)
[05:21:21]Mobs (/datum/controller/subsystem/mobs): ignite(0)
[05:21:21]Master (/datum/controller/master): RunQueue()
[05:21:21]Master (/datum/controller/master): Loop()
[05:21:21]Master (/datum/controller/master): StartProcessing(0)
runtime error: 
[05:21:23]Cannot read null.client
[05:21:23]proc name: onclose (/proc/onclose)
[05:21:23]  source file: browser.dm,433
[05:21:23]  usr: (src)
[05:21:23]  src: null
[05:21:23]  call stack:
[05:21:23]onclose(null, "pai", null)
[05:21:23]S.O.U.R.C.E. (/mob/living/silicon/pai): paiInterface()
[05:21:23]S.O.U.R.C.E. (/mob/living/silicon/pai): process hack()
[05:21:23]S.O.U.R.C.E. (/mob/living/silicon/pai): Life(2, 1146)
[05:21:23]S.O.U.R.C.E. (/mob/living/silicon/pai): Life(2, 1146)
[05:21:23]Mobs (/datum/controller/subsystem/mobs): fire(0)
[05:21:23]Mobs (/datum/controller/subsystem/mobs): ignite(0)
[05:21:23]Master (/datum/controller/master): RunQueue()
[05:21:23]Master (/datum/controller/master): Loop()
[05:21:23]Master (/datum/controller/master): StartProcessing(0)
runtime error: 
[05:21:25]Cannot read null.client
[05:21:25]proc name: onclose (/proc/onclose)
[05:21:25]  source file: browser.dm,433
[05:21:25]  usr: (src)
[05:21:25]  src: null
[05:21:25]  call stack:
[05:21:25]onclose(null, "pai", null)
[05:21:25]S.O.U.R.C.E. (/mob/living/silicon/pai): paiInterface()
[05:21:25]S.O.U.R.C.E. (/mob/living/silicon/pai): process hack()
[05:21:25]S.O.U.R.C.E. (/mob/living/silicon/pai): Life(2, 1147)
[05:21:25]S.O.U.R.C.E. (/mob/living/silicon/pai): Life(2, 1147)
[05:21:25]Mobs (/datum/controller/subsystem/mobs): fire(0)
[05:21:25]Mobs (/datum/controller/subsystem/mobs): ignite(0)
[05:21:25]Master (/datum/controller/master): RunQueue()
[05:21:25]Master (/datum/controller/master): Loop()
[05:21:25]Master (/datum/controller/master): StartProcessing(0)
runtime error: 
[05:21:27]Cannot read null.client
[05:21:27]proc name: onclose (/proc/onclose)
[05:21:27]  source file: browser.dm,433
[05:21:27]  usr: (src)
[05:21:27]  src: null
[05:21:27]  call stack:
[05:21:27]onclose(null, "pai", null)
[05:21:27]S.O.U.R.C.E. (/mob/living/silicon/pai): paiInterface()
[05:21:27]S.O.U.R.C.E. (/mob/living/silicon/pai): process hack()
[05:21:27]S.O.U.R.C.E. (/mob/living/silicon/pai): Life(2, 1148)
[05:21:27]S.O.U.R.C.E. (/mob/living/silicon/pai): Life(2, 1148)
[05:21:27]Mobs (/datum/controller/subsystem/mobs): fire(0)
[05:21:27]Mobs (/datum/controller/subsystem/mobs): ignite(0)
[05:21:27]Master (/datum/controller/master): RunQueue()
[05:21:27]Master (/datum/controller/master): Loop()
[05:21:27]Master (/datum/controller/master): StartProcessing(0)
runtime error: 
[05:21:29]Cannot read null.client
[05:21:29]proc name: onclose (/proc/onclose)
[05:21:29]  source file: browser.dm,433
[05:21:29]  usr: (src)
[05:21:29]  src: null
[05:21:29]  call stack:
[05:21:29]onclose(null, "pai", null)
[05:21:29]S.O.U.R.C.E. (/mob/living/silicon/pai): paiInterface()
[05:21:29]S.O.U.R.C.E. (/mob/living/silicon/pai): process hack()
[05:21:29]S.O.U.R.C.E. (/mob/living/silicon/pai): Life(2, 1149)
[05:21:29]S.O.U.R.C.E. (/mob/living/silicon/pai): Life(2, 1149)
[05:21:29]Mobs (/datum/controller/subsystem/mobs): fire(0)
[05:21:29]Mobs (/datum/controller/subsystem/mobs): ignite(0)
[05:21:29]Master (/datum/controller/master): RunQueue()
[05:21:29]Master (/datum/controller/master): Loop()
[05:21:29]Master (/datum/controller/master): StartProcessing(0)
runtime error: 
[05:21:31]Cannot read null.client
[05:21:31]proc name: onclose (/proc/onclose)
[05:21:31]  source file: browser.dm,433
[05:21:31]  usr: (src)
[05:21:31]  src: null
[05:21:31]  call stack:
[05:21:31]onclose(null, "pai", null)
[05:21:31]S.O.U.R.C.E. (/mob/living/silicon/pai): paiInterface()
[05:21:31]S.O.U.R.C.E. (/mob/living/silicon/pai): process hack()
[05:21:31]S.O.U.R.C.E. (/mob/living/silicon/pai): Life(2, 1150)
[05:21:31]S.O.U.R.C.E. (/mob/living/silicon/pai): Life(2, 1150)
[05:21:31]Mobs (/datum/controller/subsystem/mobs): fire(0)
[05:21:31]Mobs (/datum/controller/subsystem/mobs): ignite(0)
[05:21:31]Master (/datum/controller/master): RunQueue()
[05:21:31]Master (/datum/controller/master): Loop()
[05:21:31]Master (/datum/controller/master): StartProcessing(0)
runtime error: 
[05:21:33]Cannot read null.client
[05:21:33]proc name: onclose (/proc/onclose)
[05:21:33]  source file: browser.dm,433
[05:21:33]  usr: (src)
[05:21:33]  src: null
[05:21:33]  call stack:
[05:21:33]onclose(null, "pai", null)
[05:21:33]S.O.U.R.C.E. (/mob/living/silicon/pai): paiInterface()
[05:21:33]S.O.U.R.C.E. (/mob/living/silicon/pai): process hack()
[05:21:33]S.O.U.R.C.E. (/mob/living/silicon/pai): Life(2, 1151)
[05:21:33]S.O.U.R.C.E. (/mob/living/silicon/pai): Life(2, 1151)
[05:21:33]Mobs (/datum/controller/subsystem/mobs): fire(0)
[05:21:33]Mobs (/datum/controller/subsystem/mobs): ignite(0)
[05:21:33]Master (/datum/controller/master): RunQueue()
[05:21:33]Master (/datum/controller/master): Loop()
[05:21:33]Master (/datum/controller/master): StartProcessing(0)
runtime error: 
[05:21:35]Cannot read null.client
[05:21:35]proc name: onclose (/proc/onclose)
[05:21:35]  source file: browser.dm,433
[05:21:35]  usr: (src)
[05:21:35]  src: null
[05:21:35]  call stack:
[05:21:35]onclose(null, "pai", null)
[05:21:35]S.O.U.R.C.E. (/mob/living/silicon/pai): paiInterface()
[05:21:35]S.O.U.R.C.E. (/mob/living/silicon/pai): process hack()
[05:21:35]S.O.U.R.C.E. (/mob/living/silicon/pai): Life(2, 1152)
[05:21:35]S.O.U.R.C.E. (/mob/living/silicon/pai): Life(2, 1152)
[05:21:35]Mobs (/datum/controller/subsystem/mobs): fire(0)
[05:21:35]Mobs (/datum/controller/subsystem/mobs): ignite(0)
[05:21:35]Master (/datum/controller/master): RunQueue()
[05:21:35]Master (/datum/controller/master): Loop()
[05:21:35]Master (/datum/controller/master): StartProcessing(0)
runtime error: 
[05:21:37]Cannot read null.client
[05:21:37]proc name: onclose (/proc/onclose)
[05:21:37]  source file: browser.dm,433
[05:21:37]  usr: (src)
[05:21:37]  src: null
[05:21:37]  call stack:
[05:21:37]onclose(null, "pai", null)
[05:21:37]S.O.U.R.C.E. (/mob/living/silicon/pai): paiInterface()
[05:21:37]S.O.U.R.C.E. (/mob/living/silicon/pai): process hack()
[05:21:37]S.O.U.R.C.E. (/mob/living/silicon/pai): Life(2, 1153)
[05:21:37]S.O.U.R.C.E. (/mob/living/silicon/pai): Life(2, 1153)
[05:21:37]Mobs (/datum/controller/subsystem/mobs): fire(0)
[05:21:37]Mobs (/datum/controller/subsystem/mobs): ignite(0)
[05:21:37]Master (/datum/controller/master): RunQueue()
[05:21:37]Master (/datum/controller/master): Loop()
[05:21:37]Master (/datum/controller/master): StartProcessing(0)
runtime error: 
[05:21:39]Cannot read null.client
[05:21:39]proc name: onclose (/proc/onclose)
[05:21:39]  source file: browser.dm,433
[05:21:39]  usr: (src)
[05:21:39]  src: null
[05:21:39]  call stack:
[05:21:39]onclose(null, "pai", null)
[05:21:39]S.O.U.R.C.E. (/mob/living/silicon/pai): paiInterface()
[05:21:39]S.O.U.R.C.E. (/mob/living/silicon/pai): process hack()
[05:21:39]S.O.U.R.C.E. (/mob/living/silicon/pai): Life(2, 1154)
[05:21:39]S.O.U.R.C.E. (/mob/living/silicon/pai): Life(2, 1154)
[05:21:39]Mobs (/datum/controller/subsystem/mobs): fire(0)
[05:21:39]Mobs (/datum/controller/subsystem/mobs): ignite(0)
[05:21:39]Master (/datum/controller/master): RunQueue()
[05:21:39]Master (/datum/controller/master): Loop()
[05:21:39]Master (/datum/controller/master): StartProcessing(0)
runtime error: 
[05:21:41]Cannot read null.client
[05:21:41]proc name: onclose (/proc/onclose)
[05:21:41]  source file: browser.dm,433
[05:21:41]  usr: (src)
[05:21:41]  src: null
[05:21:41]  call stack:
[05:21:41]onclose(null, "pai", null)
[05:21:41]S.O.U.R.C.E. (/mob/living/silicon/pai): paiInterface()
[05:21:41]S.O.U.R.C.E. (/mob/living/silicon/pai): process hack()
[05:21:41]S.O.U.R.C.E. (/mob/living/silicon/pai): Life(2, 1155)
[05:21:41]S.O.U.R.C.E. (/mob/living/silicon/pai): Life(2, 1155)
[05:21:41]Mobs (/datum/controller/subsystem/mobs): fire(0)
[05:21:41]Mobs (/datum/controller/subsystem/mobs): ignite(0)
[05:21:41]Master (/datum/controller/master): RunQueue()
[05:21:41]Master (/datum/controller/master): Loop()
[05:21:41]Master (/datum/controller/master): StartProcessing(0)
runtime error: 
[05:21:43]Cannot read null.client
[05:21:43]proc name: onclose (/proc/onclose)
[05:21:43]  source file: browser.dm,433
[05:21:43]  usr: (src)
[05:21:43]  src: null
[05:21:43]  call stack:
[05:21:43]onclose(null, "pai", null)
[05:21:43]S.O.U.R.C.E. (/mob/living/silicon/pai): paiInterface()
[05:21:43]S.O.U.R.C.E. (/mob/living/silicon/pai): process hack()
[05:21:43]S.O.U.R.C.E. (/mob/living/silicon/pai): Life(2, 1156)
[05:21:43]S.O.U.R.C.E. (/mob/living/silicon/pai): Life(2, 1156)
[05:21:43]Mobs (/datum/controller/subsystem/mobs): fire(0)
[05:21:43]Mobs (/datum/controller/subsystem/mobs): ignite(0)
[05:21:43]Master (/datum/controller/master): RunQueue()
[05:21:43]Master (/datum/controller/master): Loop()
[05:21:43]Master (/datum/controller/master): StartProcessing(0)
runtime error: 
[05:21:45]Cannot read null.client
[05:21:45]proc name: onclose (/proc/onclose)
[05:21:45]  source file: browser.dm,433
runtime error: 
[05:21:47]Cannot read null.client
[05:21:47]proc name: onclose (/proc/onclose)
[05:21:47]  source file: browser.dm,433
runtime error: 
[05:21:49]Cannot read null.client
[05:21:49]proc name: onclose (/proc/onclose)
[05:21:49]  source file: browser.dm,433
runtime error: 
[05:21:51]Cannot read null.client
[05:21:51]proc name: onclose (/proc/onclose)
[05:21:51]  source file: browser.dm,433
runtime error: 
[05:21:53]Cannot read null.client
[05:21:53]proc name: onclose (/proc/onclose)
[05:21:53]  source file: browser.dm,433
runtime error: 
[05:21:55]Cannot read null.client
[05:21:55]proc name: onclose (/proc/onclose)
[05:21:55]  source file: browser.dm,433
runtime error: 
[05:21:57]Cannot read null.client
[05:21:57]proc name: onclose (/proc/onclose)
[05:21:57]  source file: browser.dm,433
runtime error: 
[05:21:59]Cannot read null.client
[05:21:59]proc name: onclose (/proc/onclose)
[05:21:59]  source file: browser.dm,433
runtime error: 
[05:22:01]Cannot read null.client
[05:22:01]proc name: onclose (/proc/onclose)
[05:22:01]  source file: browser.dm,433
runtime error: 
[05:22:03]Cannot read null.client
[05:22:03]proc name: onclose (/proc/onclose)
[05:22:03]  source file: browser.dm,433
runtime error: 
[05:22:05]Cannot read null.client
[05:22:05]proc name: onclose (/proc/onclose)
[05:22:05]  source file: browser.dm,433
runtime error: 
[05:22:27]Cannot read null.client
[05:22:27]proc name: onclose (/proc/onclose)
[05:22:27]  source file: browser.dm,433
runtime error: 
[05:22:29]Cannot read null.client
[05:22:29]proc name: onclose (/proc/onclose)
[05:22:29]  source file: browser.dm,433
runtime error: 
[05:22:31]Cannot read null.client
[05:22:31]proc name: onclose (/proc/onclose)
[05:22:31]  source file: browser.dm,433
runtime error: 
[05:22:33]Cannot read null.client
[05:22:33]proc name: onclose (/proc/onclose)
[05:22:33]  source file: browser.dm,433
runtime error: 
[05:22:35]Cannot read null.client
[05:22:35]proc name: onclose (/proc/onclose)
[05:22:35]  source file: browser.dm,433
runtime error: 
[05:22:37]Cannot read null.client
[05:22:37]proc name: onclose (/proc/onclose)
[05:22:37]  source file: browser.dm,433
runtime error: 
[05:22:39]Cannot read null.client
[05:22:39]proc name: onclose (/proc/onclose)
[05:22:39]  source file: browser.dm,433
runtime error: 
[05:22:41]Cannot read null.client
[05:22:41]proc name: onclose (/proc/onclose)
[05:22:41]  source file: browser.dm,433
runtime error: 
[05:22:43]Cannot read null.client
[05:22:43]proc name: onclose (/proc/onclose)
[05:22:43]  source file: browser.dm,433
runtime error: 
[05:22:45]Cannot read null.client
[05:22:45]proc name: onclose (/proc/onclose)
[05:22:45]  source file: browser.dm,433
runtime error: 
[05:22:47]Cannot read null.client
[05:22:47]proc name: onclose (/proc/onclose)
[05:22:47]  source file: browser.dm,433
runtime error: 
[05:22:49]Cannot read null.client
[05:22:49]proc name: onclose (/proc/onclose)
[05:22:49]  source file: browser.dm,433
runtime error: 
[05:22:51]Cannot read null.client
[05:22:51]proc name: onclose (/proc/onclose)
[05:22:51]  source file: browser.dm,433
runtime error: 
[05:22:53]Cannot read null.client
[05:22:53]proc name: onclose (/proc/onclose)
[05:22:53]  source file: browser.dm,433
runtime error: 
[05:22:55]Cannot read null.client
[05:22:55]proc name: onclose (/proc/onclose)
[05:22:55]  source file: browser.dm,433
runtime error: 
[05:22:57]Cannot read null.client
[05:22:57]proc name: onclose (/proc/onclose)
[05:22:57]  source file: browser.dm,433
runtime error: 
[05:22:59]Cannot read null.client
[05:22:59]proc name: onclose (/proc/onclose)
[05:22:59]  source file: browser.dm,433
runtime error: 
[05:23:01]Cannot read null.client
[05:23:01]proc name: onclose (/proc/onclose)
[05:23:01]  source file: browser.dm,433
runtime error: 
[05:23:03]Cannot read null.client
[05:23:03]proc name: onclose (/proc/onclose)
[05:23:03]  source file: browser.dm,433
runtime error: 
[05:23:05]Cannot read null.client
[05:23:05]proc name: onclose (/proc/onclose)
[05:23:05]  source file: browser.dm,433
runtime error: 
[05:23:07]Cannot read null.client
[05:23:07]proc name: onclose (/proc/onclose)
[05:23:07]  source file: browser.dm,433
runtime error: 
[05:23:09]Cannot read null.client
[05:23:09]proc name: onclose (/proc/onclose)
[05:23:09]  source file: browser.dm,433
runtime error: 
[05:23:11]Cannot read null.client
[05:23:11]proc name: onclose (/proc/onclose)
[05:23:11]  source file: browser.dm,433
runtime error: 
[05:23:13]Cannot read null.client
[05:23:13]proc name: onclose (/proc/onclose)
[05:23:13]  source file: browser.dm,433
runtime error: 
[05:23:15]Cannot read null.client
[05:23:15]proc name: onclose (/proc/onclose)
[05:23:15]  source file: browser.dm,433
runtime error: 
[05:26:16]Cannot read null.client
[05:26:16]proc name: onclose (/proc/onclose)
[05:26:16]  source file: browser.dm,433
runtime error: 
[05:26:18]Cannot read null.client
[05:26:18]proc name: onclose (/proc/onclose)
[05:26:18]  source file: browser.dm,433
runtime error: 
[05:26:20]Cannot read null.client
[05:26:20]proc name: onclose (/proc/onclose)
[05:26:20]  source file: browser.dm,433
runtime error: 
[05:26:22]Cannot read null.client
[05:26:22]proc name: onclose (/proc/onclose)
[05:26:22]  source file: browser.dm,433
runtime error: 
[05:26:24]Cannot read null.client
[05:26:24]proc name: onclose (/proc/onclose)
[05:26:24]  source file: browser.dm,433
runtime error: 
[05:26:26]Cannot read null.client
[05:26:26]proc name: onclose (/proc/onclose)
[05:26:26]  source file: browser.dm,433
runtime error: 
[05:37:03]Cannot read null.client
runtime error: 
[05:37:05]Cannot read null.client
runtime error: 
[05:37:07]Cannot read null.client
runtime error: 
[05:37:09]Cannot read null.client
runtime error: 
[05:37:11]Cannot read null.client
runtime error: 
[05:37:13]Cannot read null.client
runtime error: 
[05:37:15]Cannot read null.client
runtime error: 
[05:37:17]Cannot read null.client
runtime error: 
[05:37:19]Cannot read null.client
runtime error: 
[05:37:21]Cannot read null.client
runtime error: 
[05:37:23]Cannot read null.client
runtime error: 
[05:37:25]Cannot read null.client
runtime error: 
[05:37:27]Cannot read null.client
runtime error: 
[05:37:29]Cannot read null.client
runtime error: 
[05:37:31]Cannot read null.client
runtime error: 
[05:37:33]Cannot read null.client
runtime error: 
[05:37:35]Cannot read null.client
runtime error: 
[05:37:39]Cannot read null.client
runtime error: 
[05:37:41]Cannot read null.client
runtime error: 
[05:37:43]Cannot read null.client
runtime error: 
[05:37:45]Cannot read null.client
runtime error: 
[05:37:47]Cannot read null.client
runtime error: 
[05:37:49]Cannot read null.client
runtime error: 
[05:37:51]Cannot read null.client
runtime error: 
[05:38:13]Cannot read null.client
runtime error: 
[05:38:15]Cannot read null.client
runtime error: 
[05:38:17]Cannot read null.client
runtime error: 
[05:38:19]Cannot read null.client
runtime error: 
[05:38:21]Cannot read null.client
runtime error: 
[05:38:23]Cannot read null.client
runtime error: 
[05:38:25]Cannot read null.client
runtime error: 
[05:38:27]Cannot read null.client
runtime error: 
[05:38:29]Cannot read null.client
runtime error: 
[05:38:31]Cannot read null.client
runtime error: 
[05:38:33]Cannot read null.client
runtime error: 
[05:38:35]Cannot read null.client
runtime error: 
[05:38:37]Cannot read null.client
runtime error: 
[05:38:39]Cannot read null.client
runtime error: 
[05:38:41]Cannot read null.client
runtime error: 
[05:38:43]Cannot read null.client
runtime error: 
[05:38:45]Cannot read null.client
runtime error: 
[05:38:47]Cannot read null.client
runtime error: 
[05:38:49]Cannot read null.client
runtime error: 
[05:38:51]Cannot read null.client
runtime error: 
[05:38:53]Cannot read null.client
runtime error: 
[05:38:55]Cannot read null.client
runtime error: 
[05:38:57]Cannot read null.client
runtime error: 
[05:38:59]Cannot read null.client
runtime error: 
[05:39:01]Cannot read null.client
runtime error: 
[05:39:45]Cannot read null.client
runtime error: 
[05:39:47]Cannot read null.client
runtime error: 
[05:39:49]Cannot read null.client
runtime error: 
[05:39:51]Cannot read null.client
runtime error: 
[05:50:55]Cannot read null.client
runtime error: 
[05:50:57]Cannot read null.client
runtime error: 
[05:50:59]Cannot read null.client
runtime error: 
[05:51:01]Cannot read null.client
runtime error: 
[05:51:03]Cannot read null.client
runtime error: 
[05:51:05]Cannot read null.client
runtime error: 
[05:51:07]Cannot read null.client
runtime error: 
[05:51:09]Cannot read null.client
runtime error: 
[05:51:11]Cannot read null.client
runtime error: 
[05:51:13]Cannot read null.client
runtime error: 
[05:51:15]Cannot read null.client
runtime error: 
[05:51:17]Cannot read null.client
runtime error: 
[05:51:19]Cannot read null.client
runtime error: 
[05:51:21]Cannot read null.client
runtime error: 
[05:51:23]Cannot read null.client
runtime error: 
[05:51:25]Cannot read null.client
runtime error: 
[05:51:27]Cannot read null.client
runtime error: 
[05:51:29]Cannot read null.client
runtime error: 
[05:51:31]Cannot read null.client
runtime error: 
[05:51:33]Cannot read null.client
runtime error: 
[05:51:35]Cannot read null.client
runtime error: 
[05:51:37]Cannot read null.client
runtime error: 
[05:51:39]Cannot read null.client
runtime error: 
[05:51:41]Cannot read null.client
runtime error: 
[05:53:17]Cannot read null.client
runtime error: 
[05:53:19]Cannot read null.client
runtime error: 
[05:53:21]Cannot read null.client
runtime error: 
[05:53:23]Cannot read null.client
runtime error: 
[05:53:25]Cannot read null.client
runtime error: 
[05:53:27]Cannot read null.client
runtime error: 
[05:53:29]Cannot read null.client
runtime error: 
[05:53:31]Cannot read null.client
runtime error: 
[05:53:33]Cannot read null.client
runtime error: 
[05:53:35]Cannot read null.client
runtime error: 
[05:53:37]Cannot read null.client
runtime error: 
[05:53:39]Cannot read null.client
runtime error: 
[05:53:41]Cannot read null.client
runtime error: 
[05:53:43]Cannot read null.client
runtime error: 
[05:53:45]Cannot read null.client
runtime error: 
[05:53:47]Cannot read null.client
runtime error: 
[05:53:49]Cannot read null.client
runtime error: 
[05:53:51]Cannot read null.client
runtime error: 
[05:53:53]Cannot read null.client
runtime error: 
[05:53:55]Cannot read null.client
runtime error: 
[05:53:57]Cannot read null.client
runtime error: 
[05:53:59]Cannot read null.client
runtime error: 
[05:54:01]Cannot read null.client
runtime error: 
[05:54:03]Cannot read null.client
runtime error: 
[05:54:05]Cannot read null.client
runtime error: 
[05:55:37]Cannot read null.client
runtime error: 
[05:55:39]Cannot read null.client
runtime error: 
[05:55:41]Cannot read null.client
runtime error: 
[05:55:43]Cannot read null.client
runtime error: 
[05:55:45]Cannot read null.client
runtime error: 
[05:55:47]Cannot read null.client
Saved 0 engraved messages on map Box Station
Shutting down Persistence subsystem...
Shutting down pathfinder subsystem...
Shutting down Squeak subsystem...
Shutting down Shuttle subsystem...
Shutting down Lighting subsystem...
Shutting down XKeyScore subsystem...
Shutting down Sticky Ban subsystem...
Shutting down Overlay subsystem...
Shutting down Icon Smoothing subsystem...
Shutting down Assets subsystem...
Shutting down Minimap subsystem...
Shutting down Atmospherics subsystem...
Shutting down Wet floors subsystem...
Shutting down Weather subsystem...
Shutting down Vote subsystem...
Shutting down Traumas subsystem...
Shutting down Title Screen subsystem...
Shutting down Time Tracking subsystem...
Shutting down Throwing subsystem...
Shutting down tgui subsystem...
Shutting down Sun subsystem...
Shutting down Space Drift subsystem...
Shutting down Religion subsystem...
Shutting down Radio subsystem...
Shutting down Radiation subsystem...
Shutting down Projectiles subsystem...
Shutting down Processing subsystem...
Shutting down Parallax subsystem...
Shutting down pAI subsystem...
Shutting down Orbits subsystem...
Shutting down Objects subsystem...
Shutting down NPC Pool subsystem...
Shutting down Night Shift subsystem...
Shutting down Mood subsystem...
Shutting down Mobs subsystem...
Shutting down Medals subsystem...
Shutting down Inbounds subsystem...
Shutting down Idling NPC Pool subsystem...
Shutting down Flightpack Movement subsystem...
Shutting down Fire Burning subsystem...
Shutting down Fields subsystem...
Shutting down Fast Processing subsystem...
Shutting down Disease subsystem...
Shutting down Communications subsystem...
Shutting down Augury subsystem...
Shutting down Acid subsystem...
Shutting down Timer subsystem...
Shutting down Circuit subsystem...
Shutting down Machines subsystem...
Shutting down Language subsystem...
Shutting down Atoms subsystem...
Shutting down Networks subsystem...
Shutting down Mapping subsystem...
Shutting down Ticker subsystem...
Shutting down Traits subsystem...
Shutting down Jobs subsystem...
Shutting down Events subsystem...
Shutting down Research subsystem...
Shutting down Input subsystem...
Shutting down Server Tasks subsystem...
Shutting down Blackbox subsystem...
Shutting down Database subsystem...
Shutting down Garbage subsystem...
Shutdown complete
World rebooted at 06:18:54
