[2018-08-19 10:51:42.826] Running /tg/ revision:
[2018-08-19 10:51:42.827] f007f9d4db595f9b904cd4e7d6b1930b1192d360: 2018-08-09
[2018-08-19 10:51:42.829] runtime error: list index out of bounds
[2018-08-19 10:51:42.829] proc name: New (/datum/getrev/New)
[2018-08-19 10:51:42.829]   source file: getrev.dm,23
[2018-08-19 10:51:42.829]   usr: null
[2018-08-19 10:51:42.829]   src: /datum/getrev (/datum/getrev)
[2018-08-19 10:51:42.829]   call stack:
[2018-08-19 10:51:42.829] /datum/getrev (/datum/getrev): New()
[2018-08-19 10:51:42.829] world: New()
[2018-08-19 10:51:42.829] 
[2018-08-19 10:51:42.836] Loading config file config.txt...
[2018-08-19 10:51:42.837] Loading config file game_options.txt...
[2018-08-19 10:51:42.839] Unknown setting in configuration: 'w##'
[2018-08-19 10:51:42.839] Entry human_delay is deprecated and will be removed soon. Migrate to multiplicative_movespeed! Suggested new value is: /mob/living/carbon/human 0
[2018-08-19 10:51:42.840] Entry robot_delay is deprecated and will be removed soon. Migrate to multiplicative_movespeed! Suggested new value is: /mob/living/silicon/robot 0
[2018-08-19 10:51:42.841] Entry monkey_delay is deprecated and will be removed soon. Migrate to multiplicative_movespeed! Suggested new value is: /mob/living/carbon/monkey 0
[2018-08-19 10:51:42.842] Entry alien_delay is deprecated and will be removed soon. Migrate to multiplicative_movespeed! Suggested new value is: /mob/living/carbon/alien 0
[2018-08-19 10:51:42.842] Entry slime_delay is deprecated and will be removed soon. Migrate to multiplicative_movespeed! Suggested new value is: /mob/living/simple_animal/slime 0
[2018-08-19 10:51:42.843] Entry animal_delay is deprecated and will be removed soon. Migrate to multiplicative_movespeed! Suggested new value is: /mob/living/simple_animal 1
[2018-08-19 10:51:42.845] Failed to validate setting "DOUBLE_AGENTS 20" for min_pop
[2018-08-19 10:51:42.846] Failed to validate setting "DOUBLE_AGENTS -1" for max_pop
[2018-08-19 10:51:42.850] Loading config file dbconfig.txt...
[2018-08-19 10:51:42.850] Loading config file comms.txt...
[2018-08-19 10:51:42.854] Loading config file maps.txt...
[2018-08-19 10:51:43.018] Database connection established.
[2018-08-19 10:51:43.051] SQL: Could not get schema version from database
