[2018-07-14 20:18:14.532] Starting up round ID 1553.
[2018-07-14 20:18:14.532] -------------------------
[2018-07-14 20:18:18.409] Initialized Database subsystem within 0 seconds!
[2018-07-14 20:18:18.410] Initialized Blackbox subsystem within 0 seconds!
[2018-07-14 20:18:18.410] Initialized Server Tasks subsystem within 0 seconds!
[2018-07-14 20:18:18.411] Initialized Input subsystem within 0 seconds!
[2018-07-14 20:18:18.440] Initialized Research subsystem within 0 seconds!
[2018-07-14 20:18:18.443] Initialized Events subsystem within 0 seconds!
[2018-07-14 20:18:18.447] Initialized Jobs subsystem within 0 seconds!
[2018-07-14 20:18:18.448] Initialized Quirks subsystem within 0 seconds!
[2018-07-14 20:18:18.455] Initialized Ticker subsystem within 0 seconds!
[2018-07-14 20:18:18.455] Loading MetaStation...
[2018-07-14 20:18:29.564] Loaded Station in 11.1s!
[2018-07-14 20:18:34.715] Loaded Lavaland in 4.8s!
[2018-07-14 20:18:39.271] Ruin loader finished with 0 left to spend.
[2018-07-14 20:18:41.113] Ruin loader finished with 0 left to spend.
[2018-07-14 20:18:50.671] Initialized Mapping subsystem within 32.2 seconds!
[2018-07-14 20:18:50.673] Initialized Networks subsystem within 0 seconds!
[2018-07-14 20:19:30.457] Initialized Atoms subsystem within 39.8 seconds!
[2018-07-14 20:19:30.502] Initialized Language subsystem within 0.1 seconds!
[2018-07-14 20:19:31.073] Initialized Machines subsystem within 0.5 seconds!
[2018-07-14 20:19:31.121] Initialized Circuit subsystem within 0.1 seconds!
[2018-07-14 20:19:31.123] Initialized Disease subsystem within 0 seconds!
[2018-07-14 20:19:31.123] Initialized Medals subsystem within 0 seconds!
[2018-07-14 20:19:31.123] Initialized Night Shift subsystem within 0 seconds!
[2018-07-14 20:19:31.124] Initialized Parallax subsystem within 0 seconds!
[2018-07-14 20:19:31.249] Initialized Traumas subsystem within 0.1 seconds!
[2018-07-14 20:19:31.250] Initialized Weather subsystem within 0 seconds!
[2018-07-14 20:20:50.557] Initialized Atmospherics subsystem within 79.3 seconds!
[2018-07-14 20:20:50.595] Initialized Minimap subsystem within 0 seconds!
[2018-07-14 20:20:52.489] Initialized Assets subsystem within 1.9 seconds!
[2018-07-14 20:20:58.582] Initialized Icon Smoothing subsystem within 6.1 seconds!
[2018-07-14 20:20:59.924] Initialized Overlay subsystem within 1.4 seconds!
[2018-07-14 20:20:59.924] Initialized XKeyScore subsystem within 0 seconds!
[2018-07-14 20:20:59.931] Initialized Sticky Ban subsystem within 0 seconds!
[2018-07-14 20:21:10.543] Initialized Lighting subsystem within 10.6 seconds!
[2018-07-14 20:21:13.820] Initialized Shuttle subsystem within 3.3 seconds!
[2018-07-14 20:21:13.854] Initialized Squeak subsystem within 0 seconds!
[2018-07-14 20:21:13.855] Initialized Pathfinder subsystem within 0 seconds!
[2018-07-14 20:21:13.902] Loaded 0 engraved messages on map MetaStation
[2018-07-14 20:21:13.926] Initialized Persistence subsystem within 0.1 seconds!
[2018-07-14 20:21:13.926] Initializations complete within 175.5 seconds!
[2018-07-14 20:22:25.127] Game start took 2.4s
[2018-07-14 21:02:27.330] runtime error: bad arg name 'intentional'
[2018-07-14 21:02:27.330] proc name: emote (/mob/living/simple_animal/emote)
[2018-07-14 21:02:27.330]   usr: (src)
[2018-07-14 21:02:27.330]   src: ANGERY BOI (/mob/living/simple_animal/shade)
[2018-07-14 21:02:27.330]   src.loc: ANGERY BOI (/obj/item/nullrod/scythe/talking)
[2018-07-14 21:02:27.330]   call stack:
[2018-07-14 21:02:27.330] ANGERY BOI (/mob/living/simple_animal/shade): emote("deathgasp", null, null)
[2018-07-14 21:02:27.330] ANGERY BOI (/mob/living/simple_animal/shade): check emote("*deathgasp")
[2018-07-14 21:02:27.330] ANGERY BOI (/mob/living/simple_animal/shade): say("*deathgasp", null, /list (/list), 1, null, 0)
[2018-07-14 21:02:27.330] ANGERY BOI (/mob/living/simple_animal/shade): Say("*deathgasp")
[2018-07-14 21:02:27.330] 
[2018-07-14 21:08:22.208] runtime error: Cannot read 0.truename
[2018-07-14 21:08:22.208] proc name: update text (/obj/item/paper/contract/infernal/magic/update_text)
[2018-07-14 21:08:22.208]   source file: contract.dm,136
[2018-07-14 21:08:22.208]   usr: BONE ZONE (THE GRIM REAPER HIM... (/mob/living/carbon/human/species/skeleton)
[2018-07-14 21:08:22.208]   src: the paper- contract for magica... (/obj/item/paper/contract/infernal/magic)
[2018-07-14 21:08:22.208]   usr.loc: the floor (69,133,2) (/turf/open/floor/plasteel/neutral/corner)
[2018-07-14 21:08:22.208]   src.loc: the floor (66,133,2) (/turf/open/floor/plasteel/neutral/corner)
[2018-07-14 21:08:22.208]   call stack:
[2018-07-14 21:08:22.208] the paper- contract for magica... (/obj/item/paper/contract/infernal/magic): update text("____________", 0)
[2018-07-14 21:08:22.208] the paper- contract for magica... (/obj/item/paper/contract/infernal/magic): New(the floor (66,133,2) (/turf/open/floor/plasteel/neutral/corner), Kagamine Rin (/datum/mind), BONE ZONE (THE GRIM REAPER HIM... (/datum/mind))
[2018-07-14 21:08:22.208] Summon infernal contract (/obj/effect/proc_holder/spell/targeted/summon_contract): cast(/list (/list), BONE ZONE (THE GRIM REAPER HIM... (/mob/living/carbon/human/species/skeleton))
[2018-07-14 21:08:22.208] Summon infernal contract (/obj/effect/proc_holder/spell/targeted/summon_contract): perform(/list (/list), 1, BONE ZONE (THE GRIM REAPER HIM... (/mob/living/carbon/human/species/skeleton))
[2018-07-14 21:08:22.208] Summon infernal contract (/obj/effect/proc_holder/spell/targeted/summon_contract): choose targets(BONE ZONE (THE GRIM REAPER HIM... (/mob/living/carbon/human/species/skeleton))
[2018-07-14 21:08:22.208] Summon infernal contract (/obj/effect/proc_holder/spell/targeted/summon_contract): Click()
[2018-07-14 21:08:22.208] Summon infernal contract (/datum/action/spell_action/spell): Trigger()
[2018-07-14 21:08:22.208] Summon infernal contract (/obj/screen/movable/action_button): Click(null, "mapwindow.map", "icon-x=16;icon-y=12;left=1;scr...")
[2018-07-14 21:08:22.208] 
[2018-07-14 21:18:13.338] Saved 0 engraved messages on map MetaStation
[2018-07-14 21:19:48.733] Shutting down Persistence subsystem...
[2018-07-14 21:19:48.733] Shutting down Pathfinder subsystem...
[2018-07-14 21:19:48.733] Shutting down Squeak subsystem...
[2018-07-14 21:19:48.733] Shutting down Shuttle subsystem...
[2018-07-14 21:19:48.733] Shutting down Lighting subsystem...
[2018-07-14 21:19:48.733] Shutting down XKeyScore subsystem...
[2018-07-14 21:19:48.734] Shutting down Sticky Ban subsystem...
[2018-07-14 21:19:48.734] Shutting down Overlay subsystem...
[2018-07-14 21:19:48.772] Shutting down Icon Smoothing subsystem...
[2018-07-14 21:19:48.772] Shutting down Assets subsystem...
[2018-07-14 21:19:48.772] Shutting down Minimap subsystem...
[2018-07-14 21:19:48.772] Shutting down Atmospherics subsystem...
[2018-07-14 21:19:48.773] Shutting down Wet floors subsystem...
[2018-07-14 21:19:48.773] Shutting down Weather subsystem...
[2018-07-14 21:19:48.773] Shutting down Vote subsystem...
[2018-07-14 21:19:48.773] Shutting down Traumas subsystem...
[2018-07-14 21:19:48.773] Shutting down Title Screen subsystem...
[2018-07-14 21:19:48.774] Shutting down Time Tracking subsystem...
[2018-07-14 21:19:48.774] Shutting down Throwing subsystem...
[2018-07-14 21:19:48.774] Shutting down tgui subsystem...
[2018-07-14 21:19:48.775] Shutting down Sun subsystem...
[2018-07-14 21:19:48.775] Shutting down Space Drift subsystem...
[2018-07-14 21:19:48.775] Shutting down Religion subsystem...
[2018-07-14 21:19:48.775] Shutting down Radio subsystem...
[2018-07-14 21:19:48.775] Shutting down Radiation subsystem...
[2018-07-14 21:19:48.775] Shutting down Projectiles subsystem...
[2018-07-14 21:19:48.775] Shutting down Processing subsystem...
[2018-07-14 21:19:48.775] Shutting down Ping subsystem...
[2018-07-14 21:19:48.776] Shutting down Parallax subsystem...
[2018-07-14 21:19:48.776] Shutting down pAI subsystem...
[2018-07-14 21:19:48.776] Shutting down Orbits subsystem...
[2018-07-14 21:19:48.776] Shutting down Objects subsystem...
[2018-07-14 21:19:48.776] Shutting down NPC Pool subsystem...
[2018-07-14 21:19:48.776] Shutting down Night Shift subsystem...
[2018-07-14 21:19:48.776] Shutting down Mood subsystem...
[2018-07-14 21:19:48.777] Shutting down Mobs subsystem...
[2018-07-14 21:19:48.777] Shutting down Medals subsystem...
[2018-07-14 21:19:48.777] Shutting down Idling NPC Pool subsystem...
[2018-07-14 21:19:48.777] Shutting down Flightpack Movement subsystem...
[2018-07-14 21:19:48.777] Shutting down Fire Burning subsystem...
[2018-07-14 21:19:48.777] Shutting down Fields subsystem...
[2018-07-14 21:19:48.777] Shutting down Fast Processing subsystem...
[2018-07-14 21:19:48.778] Shutting down Disease subsystem...
[2018-07-14 21:19:48.778] Shutting down Datum Component System subsystem...
[2018-07-14 21:19:48.778] Shutting down Communications subsystem...
[2018-07-14 21:19:48.778] Shutting down Augury subsystem...
[2018-07-14 21:19:48.778] Shutting down Acid subsystem...
[2018-07-14 21:19:48.778] Shutting down Timer subsystem...
[2018-07-14 21:19:48.778] Shutting down Circuit subsystem...
[2018-07-14 21:19:48.778] Shutting down Machines subsystem...
[2018-07-14 21:19:48.778] Shutting down Language subsystem...
[2018-07-14 21:19:48.779] Shutting down Atoms subsystem...
[2018-07-14 21:19:48.779] Shutting down Networks subsystem...
[2018-07-14 21:19:48.779] Shutting down Mapping subsystem...
[2018-07-14 21:19:48.779] Shutting down Ticker subsystem...
[2018-07-14 21:19:48.891] Shutting down Quirks subsystem...
[2018-07-14 21:19:48.891] Shutting down Jobs subsystem...
[2018-07-14 21:19:48.891] Shutting down Events subsystem...
[2018-07-14 21:19:48.891] Shutting down Research subsystem...
[2018-07-14 21:19:48.891] Shutting down Input subsystem...
[2018-07-14 21:19:48.892] Shutting down Server Tasks subsystem...
[2018-07-14 21:19:48.892] Shutting down Blackbox subsystem...
[2018-07-14 21:19:48.968] Shutting down Database subsystem...
[2018-07-14 21:19:49.004] Shutting down Garbage subsystem...
[2018-07-14 21:19:49.069] Shutdown complete
[2018-07-14 21:19:49.069] World rebooted at 21:19:49
