[2018-08-24 18:12:57.522] runtime error: bad index
[2018-08-24 18:12:57.522] proc name: Get (/datum/controller/configuration/proc/Get)
[2018-08-24 18:12:57.522]   source file: configuration.dm,191
[2018-08-24 18:12:57.522]   usr: null
[2018-08-24 18:12:57.522]   src: Configuration (/datum/controller/configuration)
[2018-08-24 18:12:57.522]   call stack:
[2018-08-24 18:12:57.522] Configuration (/datum/controller/configuration): Get(/datum/config_entry/flag/log_w... (/datum/config_entry/flag/log_world_topic))
[2018-08-24 18:12:57.522] world: Topic("status", "212.237.9.101", null, null)
[2018-08-24 18:12:57.523] 
[2018-08-24 18:12:57.524] runtime error: bad index
[2018-08-24 18:12:57.524] proc name: Get (/datum/controller/configuration/proc/Get)
[2018-08-24 18:12:57.524]   source file: configuration.dm,191
[2018-08-24 18:12:57.524]   usr: null
[2018-08-24 18:12:57.524]   src: Configuration (/datum/controller/configuration)
[2018-08-24 18:12:57.524]   call stack:
[2018-08-24 18:12:57.524] Configuration (/datum/controller/configuration): Get(/datum/config_entry/string/com... (/datum/config_entry/string/comms_key))
[2018-08-24 18:12:57.524] /datum/world_topic/status (/datum/world_topic/status): TryRun(/list (/list))
[2018-08-24 18:12:57.524] world: Topic("status", "212.237.9.101", null, null)
[2018-08-24 18:12:57.524] 
[2018-08-24 18:12:57.525] runtime error: bad index
[2018-08-24 18:12:57.525] proc name: Get (/datum/controller/configuration/proc/Get)
[2018-08-24 18:12:57.525]   source file: configuration.dm,191
[2018-08-24 18:12:57.525]   usr: null
[2018-08-24 18:12:57.526]   src: Configuration (/datum/controller/configuration)
[2018-08-24 18:12:57.526]   call stack:
[2018-08-24 18:12:57.526] Configuration (/datum/controller/configuration): Get(/datum/config_entry/flag/nores... (/datum/config_entry/flag/norespawn))
[2018-08-24 18:12:57.526] /datum/world_topic/status (/datum/world_topic/status): Run(/list (/list))
[2018-08-24 18:12:57.526] /datum/world_topic/status (/datum/world_topic/status): TryRun(/list (/list))
[2018-08-24 18:12:57.526] world: Topic("status", "212.237.9.101", null, null)
[2018-08-24 18:12:57.526] 
[2018-08-24 18:12:57.527] runtime error: bad index
[2018-08-24 18:12:57.527] proc name: Get (/datum/controller/configuration/proc/Get)
[2018-08-24 18:12:57.527]   source file: configuration.dm,191
[2018-08-24 18:12:57.527]   usr: null
[2018-08-24 18:12:57.527]   src: Configuration (/datum/controller/configuration)
[2018-08-24 18:12:57.527]   call stack:
[2018-08-24 18:12:57.527] Configuration (/datum/controller/configuration): Get(/datum/config_entry/flag/allow... (/datum/config_entry/flag/allow_vote_mode))
[2018-08-24 18:12:57.527] /datum/world_topic/status (/datum/world_topic/status): Run(/list (/list))
[2018-08-24 18:12:57.527] /datum/world_topic/status (/datum/world_topic/status): TryRun(/list (/list))
[2018-08-24 18:12:57.527] world: Topic("status", "212.237.9.101", null, null)
[2018-08-24 18:12:57.527] 
[2018-08-24 18:12:57.528] runtime error: bad index
[2018-08-24 18:12:57.528] proc name: Get (/datum/controller/configuration/proc/Get)
[2018-08-24 18:12:57.528]   source file: configuration.dm,191
[2018-08-24 18:12:57.528]   usr: null
[2018-08-24 18:12:57.528]   src: Configuration (/datum/controller/configuration)
[2018-08-24 18:12:57.529]   call stack:
[2018-08-24 18:12:57.529] Configuration (/datum/controller/configuration): Get(/datum/config_entry/flag/allow... (/datum/config_entry/flag/allow_ai))
[2018-08-24 18:12:57.529] /datum/world_topic/status (/datum/world_topic/status): Run(/list (/list))
[2018-08-24 18:12:57.529] /datum/world_topic/status (/datum/world_topic/status): TryRun(/list (/list))
[2018-08-24 18:12:57.529] world: Topic("status", "212.237.9.101", null, null)
[2018-08-24 18:12:57.529] 
[2018-08-24 18:12:57.530] runtime error: Cannot read null.commit
[2018-08-24 18:12:57.530] proc name: Run (/datum/world_topic/status/Run)
[2018-08-24 18:12:57.530]   source file: world_topic.dm,151
[2018-08-24 18:12:57.530]   usr: null
[2018-08-24 18:12:57.530]   src: /datum/world_topic/status (/datum/world_topic/status)
[2018-08-24 18:12:57.530]   call stack:
[2018-08-24 18:12:57.530] /datum/world_topic/status (/datum/world_topic/status): Run(/list (/list))
[2018-08-24 18:12:57.530] /datum/world_topic/status (/datum/world_topic/status): TryRun(/list (/list))
[2018-08-24 18:12:57.530] world: Topic("status", "212.237.9.101", null, null)
[2018-08-24 18:12:57.530] 
[2018-08-24 18:12:57.531] runtime error: bad index
[2018-08-24 18:12:57.531] proc name: Get (/datum/controller/configuration/proc/Get)
[2018-08-24 18:12:57.531]   source file: configuration.dm,191
[2018-08-24 18:12:57.531]   usr: null
[2018-08-24 18:12:57.531]   src: Configuration (/datum/controller/configuration)
[2018-08-24 18:12:57.531]   call stack:
[2018-08-24 18:12:57.531] Configuration (/datum/controller/configuration): Get(/datum/config_entry/flag/log_w... (/datum/config_entry/flag/log_world_topic))
[2018-08-24 18:12:57.531] world: Topic("status", "212.237.9.101", null, null)
[2018-08-24 18:12:57.531] 
[2018-08-24 18:12:57.532] runtime error: bad index
[2018-08-24 18:12:57.532] proc name: Get (/datum/controller/configuration/proc/Get)
[2018-08-24 18:12:57.533]   source file: configuration.dm,191
[2018-08-24 18:12:57.533]   usr: null
[2018-08-24 18:12:57.533]   src: Configuration (/datum/controller/configuration)
[2018-08-24 18:12:57.533]   call stack:
[2018-08-24 18:12:57.533] Configuration (/datum/controller/configuration): Get(/datum/config_entry/string/com... (/datum/config_entry/string/comms_key))
[2018-08-24 18:12:57.533] /datum/world_topic/status (/datum/world_topic/status): TryRun(/list (/list))
[2018-08-24 18:12:57.533] world: Topic("status", "212.237.9.101", null, null)
[2018-08-24 18:12:57.533] 
[2018-08-24 18:12:57.534] runtime error: bad index
[2018-08-24 18:12:57.534] proc name: Get (/datum/controller/configuration/proc/Get)
[2018-08-24 18:12:57.534]   source file: configuration.dm,191
[2018-08-24 18:12:57.534]   usr: null
[2018-08-24 18:12:57.534]   src: Configuration (/datum/controller/configuration)
[2018-08-24 18:12:57.534]   call stack:
[2018-08-24 18:12:57.534] Configuration (/datum/controller/configuration): Get(/datum/config_entry/flag/nores... (/datum/config_entry/flag/norespawn))
[2018-08-24 18:12:57.534] /datum/world_topic/status (/datum/world_topic/status): Run(/list (/list))
[2018-08-24 18:12:57.534] /datum/world_topic/status (/datum/world_topic/status): TryRun(/list (/list))
[2018-08-24 18:12:57.534] world: Topic("status", "212.237.9.101", null, null)
[2018-08-24 18:12:57.534] 
[2018-08-24 18:12:57.535] runtime error: bad index
[2018-08-24 18:12:57.535] proc name: Get (/datum/controller/configuration/proc/Get)
[2018-08-24 18:12:57.535]   source file: configuration.dm,191
[2018-08-24 18:12:57.535]   usr: null
[2018-08-24 18:12:57.535]   src: Configuration (/datum/controller/configuration)
[2018-08-24 18:12:57.535]   call stack:
[2018-08-24 18:12:57.535] Configuration (/datum/controller/configuration): Get(/datum/config_entry/flag/allow... (/datum/config_entry/flag/allow_vote_mode))
[2018-08-24 18:12:57.535] /datum/world_topic/status (/datum/world_topic/status): Run(/list (/list))
[2018-08-24 18:12:57.535] /datum/world_topic/status (/datum/world_topic/status): TryRun(/list (/list))
[2018-08-24 18:12:57.535] world: Topic("status", "212.237.9.101", null, null)
[2018-08-24 18:12:57.535] 
[2018-08-24 18:12:57.536] runtime error: bad index
[2018-08-24 18:12:57.536] proc name: Get (/datum/controller/configuration/proc/Get)
[2018-08-24 18:12:57.536]   source file: configuration.dm,191
[2018-08-24 18:12:57.536] 
[2018-08-24 18:12:57.536] runtime error: Cannot read null.commit
[2018-08-24 18:12:57.536] proc name: Run (/datum/world_topic/status/Run)
[2018-08-24 18:12:57.536]   source file: world_topic.dm,151
[2018-08-24 18:12:57.536] 
[2018-08-24 18:12:57.537] runtime error: bad index
[2018-08-24 18:12:57.537] proc name: Get (/datum/controller/configuration/proc/Get)
[2018-08-24 18:12:57.537]   source file: configuration.dm,191
[2018-08-24 18:12:57.537] 
[2018-08-24 18:12:57.537] runtime error: bad index
[2018-08-24 18:12:57.537] proc name: Get (/datum/controller/configuration/proc/Get)
[2018-08-24 18:12:57.537]   source file: configuration.dm,191
[2018-08-24 18:12:57.537] 
[2018-08-24 18:12:57.538] runtime error: bad index
[2018-08-24 18:12:57.538] proc name: Get (/datum/controller/configuration/proc/Get)
[2018-08-24 18:12:57.538]   source file: configuration.dm,191
[2018-08-24 18:12:57.538] 
[2018-08-24 18:12:57.538] runtime error: bad index
[2018-08-24 18:12:57.538] proc name: Get (/datum/controller/configuration/proc/Get)
[2018-08-24 18:12:57.538]   source file: configuration.dm,191
[2018-08-24 18:12:57.538] 
[2018-08-24 18:12:57.539] runtime error: bad index
[2018-08-24 18:12:57.539] proc name: Get (/datum/controller/configuration/proc/Get)
[2018-08-24 18:12:57.539]   source file: configuration.dm,191
[2018-08-24 18:12:57.539] 
[2018-08-24 18:12:57.539] runtime error: Cannot read null.commit
[2018-08-24 18:12:57.539] proc name: Run (/datum/world_topic/status/Run)
[2018-08-24 18:12:57.539]   source file: world_topic.dm,151
[2018-08-24 18:12:57.539] 
[2018-08-24 18:12:57.540] runtime error: bad index
[2018-08-24 18:12:57.540] proc name: Get (/datum/controller/configuration/proc/Get)
[2018-08-24 18:12:57.540]   source file: configuration.dm,191
[2018-08-24 18:12:57.540] 
[2018-08-24 18:12:57.540] runtime error: bad index
[2018-08-24 18:12:57.540] proc name: Get (/datum/controller/configuration/proc/Get)
[2018-08-24 18:12:57.540]   source file: configuration.dm,191
[2018-08-24 18:12:57.540] 
[2018-08-24 18:12:57.541] runtime error: bad index
[2018-08-24 18:12:57.541] proc name: Get (/datum/controller/configuration/proc/Get)
[2018-08-24 18:12:57.541]   source file: configuration.dm,191
[2018-08-24 18:12:57.541] 
[2018-08-24 18:12:57.541] runtime error: bad index
[2018-08-24 18:12:57.541] proc name: Get (/datum/controller/configuration/proc/Get)
[2018-08-24 18:12:57.541]   source file: configuration.dm,191
[2018-08-24 18:12:57.541] 
[2018-08-24 18:12:57.542] runtime error: bad index
[2018-08-24 18:12:57.542] proc name: Get (/datum/controller/configuration/proc/Get)
[2018-08-24 18:12:57.542]   source file: configuration.dm,191
[2018-08-24 18:12:57.542] 
[2018-08-24 18:12:57.542] runtime error: Cannot read null.commit
[2018-08-24 18:12:57.542] proc name: Run (/datum/world_topic/status/Run)
[2018-08-24 18:12:57.542]   source file: world_topic.dm,151
[2018-08-24 18:12:57.542] 
[2018-08-24 18:12:57.543] runtime error: bad index
[2018-08-24 18:12:57.543] proc name: Get (/datum/controller/configuration/proc/Get)
[2018-08-24 18:12:57.543]   source file: configuration.dm,191
[2018-08-24 18:12:57.543] 
[2018-08-24 18:12:57.543] runtime error: bad index
[2018-08-24 18:12:57.543] proc name: Get (/datum/controller/configuration/proc/Get)
[2018-08-24 18:12:57.543]   source file: configuration.dm,191
[2018-08-24 18:12:57.543] 
[2018-08-24 18:12:57.544] runtime error: bad index
[2018-08-24 18:12:57.544] proc name: Get (/datum/controller/configuration/proc/Get)
[2018-08-24 18:12:57.544]   source file: configuration.dm,191
[2018-08-24 18:12:57.544] 
[2018-08-24 18:12:57.544] runtime error: bad index
[2018-08-24 18:12:57.544] proc name: Get (/datum/controller/configuration/proc/Get)
[2018-08-24 18:12:57.544]   source file: configuration.dm,191
[2018-08-24 18:12:57.544] 
[2018-08-24 18:12:57.545] runtime error: bad index
[2018-08-24 18:12:57.545] proc name: Get (/datum/controller/configuration/proc/Get)
[2018-08-24 18:12:57.545]   source file: configuration.dm,191
[2018-08-24 18:12:57.545] 
[2018-08-24 18:12:57.545] runtime error: Cannot read null.commit
[2018-08-24 18:12:57.545] proc name: Run (/datum/world_topic/status/Run)
[2018-08-24 18:12:57.545]   source file: world_topic.dm,151
[2018-08-24 18:12:57.545] 
[2018-08-24 18:12:57.546] runtime error: bad index
[2018-08-24 18:12:57.546] proc name: Get (/datum/controller/configuration/proc/Get)
[2018-08-24 18:12:57.546]   source file: configuration.dm,191
[2018-08-24 18:12:57.546] 
[2018-08-24 18:12:57.546] runtime error: bad index
[2018-08-24 18:12:57.546] proc name: Get (/datum/controller/configuration/proc/Get)
[2018-08-24 18:12:57.546]   source file: configuration.dm,191
[2018-08-24 18:12:57.546] 
[2018-08-24 18:12:57.547] runtime error: bad index
[2018-08-24 18:12:57.547] proc name: Get (/datum/controller/configuration/proc/Get)
[2018-08-24 18:12:57.547]   source file: configuration.dm,191
[2018-08-24 18:12:57.547] 
[2018-08-24 18:12:57.547] runtime error: bad index
[2018-08-24 18:12:57.547] proc name: Get (/datum/controller/configuration/proc/Get)
[2018-08-24 18:12:57.547]   source file: configuration.dm,191
[2018-08-24 18:12:57.547] 
[2018-08-24 18:12:57.548] runtime error: bad index
[2018-08-24 18:12:57.548] proc name: Get (/datum/controller/configuration/proc/Get)
[2018-08-24 18:12:57.548]   source file: configuration.dm,191
[2018-08-24 18:12:57.548] 
[2018-08-24 18:12:57.548] runtime error: Cannot read null.commit
[2018-08-24 18:12:57.548] proc name: Run (/datum/world_topic/status/Run)
[2018-08-24 18:12:57.548]   source file: world_topic.dm,151
[2018-08-24 18:12:57.548] 
[2018-08-24 18:12:57.646] Running /tg/ revision:
[2018-08-24 18:12:57.647] f007f9d4db595f9b904cd4e7d6b1930b1192d360: 2018-08-09
[2018-08-24 18:12:57.648] runtime error: list index out of bounds
[2018-08-24 18:12:57.648] proc name: New (/datum/getrev/New)
[2018-08-24 18:12:57.648]   source file: getrev.dm,23
[2018-08-24 18:12:57.648] 
[2018-08-24 18:12:57.658] Loading config file config.txt...
[2018-08-24 18:12:57.660] Loading config file game_options.txt...
[2018-08-24 18:12:57.662] Unknown setting in configuration: 'w##'
[2018-08-24 18:12:57.663] Entry human_delay is deprecated and will be removed soon. Migrate to multiplicative_movespeed! Suggested new value is: /mob/living/carbon/human 0
[2018-08-24 18:12:57.664] Entry robot_delay is deprecated and will be removed soon. Migrate to multiplicative_movespeed! Suggested new value is: /mob/living/silicon/robot 0
[2018-08-24 18:12:57.665] Entry monkey_delay is deprecated and will be removed soon. Migrate to multiplicative_movespeed! Suggested new value is: /mob/living/carbon/monkey 0
[2018-08-24 18:12:57.666] Entry alien_delay is deprecated and will be removed soon. Migrate to multiplicative_movespeed! Suggested new value is: /mob/living/carbon/alien 0
[2018-08-24 18:12:57.667] Entry slime_delay is deprecated and will be removed soon. Migrate to multiplicative_movespeed! Suggested new value is: /mob/living/simple_animal/slime 0
[2018-08-24 18:12:57.668] Entry animal_delay is deprecated and will be removed soon. Migrate to multiplicative_movespeed! Suggested new value is: /mob/living/simple_animal 1
[2018-08-24 18:12:57.671] Failed to validate setting "DOUBLE_AGENTS 20" for min_pop
[2018-08-24 18:12:57.671] Failed to validate setting "DOUBLE_AGENTS -1" for max_pop
[2018-08-24 18:12:57.676] Loading config file dbconfig.txt...
[2018-08-24 18:12:57.676] Loading config file comms.txt...
[2018-08-24 18:12:57.681] Loading config file maps.txt...
[2018-08-24 18:12:57.846] Database connection established.
[2018-08-24 18:12:57.878] SQL: Could not get schema version from database
