[2018-07-24 10:47:12.565] Starting up round ID 1704.
[2018-07-24 10:47:12.566] -------------------------
[2018-07-24 10:47:13.623] Initialized Database subsystem within 0 seconds!
[2018-07-24 10:47:13.623] Initialized Blackbox subsystem within 0 seconds!
[2018-07-24 10:47:13.623] Initialized Server Tasks subsystem within 0 seconds!
[2018-07-24 10:47:13.624] Initialized Input subsystem within 0 seconds!
[2018-07-24 10:47:13.654] Initialized Research subsystem within 0 seconds!
[2018-07-24 10:47:13.658] Initialized Events subsystem within 0 seconds!
[2018-07-24 10:47:13.662] Initialized Jobs subsystem within 0 seconds!
[2018-07-24 10:47:13.663] Initialized Quirks subsystem within 0 seconds!
[2018-07-24 10:47:13.674] Initialized Ticker subsystem within 0 seconds!
[2018-07-24 10:47:13.675] Loading Box Station...
[2018-07-24 10:47:21.078] Loaded Station in 7.4s!
[2018-07-24 10:47:27.900] Loaded Lavaland in 6.5s!
[2018-07-24 10:47:42.932] Ruin loader finished with 0 left to spend.
[2018-07-24 10:47:44.367] Ruin loader finished with 0 left to spend.
[2018-07-24 10:47:54.521] Initialized Mapping subsystem within 40.9 seconds!
[2018-07-24 10:47:54.522] Initialized Networks subsystem within 0 seconds!
[2018-07-24 10:48:40.435] Initialized Atoms subsystem within 45.9 seconds!
[2018-07-24 10:48:40.479] Initialized Language subsystem within 0 seconds!
[2018-07-24 10:48:40.770] Initialized Machines subsystem within 0.3 seconds!
[2018-07-24 10:48:40.823] Initialized Circuit subsystem within 0.1 seconds!
[2018-07-24 10:48:40.825] Initialized Disease subsystem within 0 seconds!
[2018-07-24 10:48:40.825] Initialized Medals subsystem within 0 seconds!
[2018-07-24 10:48:40.825] Initialized Night Shift subsystem within 0 seconds!
[2018-07-24 10:48:40.825] Initialized Parallax subsystem within 0 seconds!
[2018-07-24 10:48:40.953] Initialized Traumas subsystem within 0.1 seconds!
[2018-07-24 10:48:40.954] Initialized Weather subsystem within 0 seconds!
[2018-07-24 10:49:59.266] Initialized Atmospherics subsystem within 78.3 seconds!
[2018-07-24 10:49:59.293] Initialized Minimap subsystem within 0 seconds!
[2018-07-24 10:50:00.926] Initialized Assets subsystem within 1.7 seconds!
[2018-07-24 10:50:09.409] Initialized Icon Smoothing subsystem within 8.5 seconds!
[2018-07-24 10:50:11.036] Initialized Overlay subsystem within 1.6 seconds!
[2018-07-24 10:50:11.037] Initialized XKeyScore subsystem within 0 seconds!
[2018-07-24 10:50:11.038] Initialized Sticky Ban subsystem within 0 seconds!
[2018-07-24 10:50:27.827] Initialized Lighting subsystem within 16.8 seconds!
[2018-07-24 10:50:32.530] Initialized Shuttle subsystem within 4.7 seconds!
[2018-07-24 10:50:32.564] Initialized Squeak subsystem within 0 seconds!
[2018-07-24 10:50:32.566] Initialized Pathfinder subsystem within 0 seconds!
[2018-07-24 10:50:32.618] Loaded 21 engraved messages on map Box Station
[2018-07-24 10:50:32.644] Initialized Persistence subsystem within 0.1 seconds!
[2018-07-24 10:50:32.644] Initializations complete within 199 seconds!
[2018-07-24 10:50:34.405] Game start took 1.7s
[2018-07-24 11:04:25.523] Saved 21 engraved messages on map Box Station
[2018-07-24 11:05:56.242] Shutting down Persistence subsystem...
[2018-07-24 11:05:56.242] Shutting down Pathfinder subsystem...
[2018-07-24 11:05:56.242] Shutting down Squeak subsystem...
[2018-07-24 11:05:56.243] Shutting down Shuttle subsystem...
[2018-07-24 11:05:56.243] Shutting down Lighting subsystem...
[2018-07-24 11:05:56.243] Shutting down XKeyScore subsystem...
[2018-07-24 11:05:56.243] Shutting down Sticky Ban subsystem...
[2018-07-24 11:05:56.243] Shutting down Overlay subsystem...
[2018-07-24 11:05:56.276] Shutting down Icon Smoothing subsystem...
[2018-07-24 11:05:56.276] Shutting down Assets subsystem...
[2018-07-24 11:05:56.276] Shutting down Minimap subsystem...
[2018-07-24 11:05:56.276] Shutting down Atmospherics subsystem...
[2018-07-24 11:05:56.276] Shutting down Wet floors subsystem...
[2018-07-24 11:05:56.276] Shutting down Weather subsystem...
[2018-07-24 11:05:56.277] Shutting down Vote subsystem...
[2018-07-24 11:05:56.277] Shutting down Traumas subsystem...
[2018-07-24 11:05:56.277] Shutting down Title Screen subsystem...
[2018-07-24 11:05:56.277] Shutting down Time Tracking subsystem...
[2018-07-24 11:05:56.278] Shutting down Throwing subsystem...
[2018-07-24 11:05:56.278] Shutting down tgui subsystem...
[2018-07-24 11:05:56.278] Shutting down Sun subsystem...
[2018-07-24 11:05:56.278] Shutting down Space Drift subsystem...
[2018-07-24 11:05:56.278] Shutting down Religion subsystem...
[2018-07-24 11:05:56.278] Shutting down Radio subsystem...
[2018-07-24 11:05:56.278] Shutting down Radiation subsystem...
[2018-07-24 11:05:56.278] Shutting down Projectiles subsystem...
[2018-07-24 11:05:56.278] Shutting down Processing subsystem...
[2018-07-24 11:05:56.278] Shutting down Ping subsystem...
[2018-07-24 11:05:56.279] Shutting down Parallax subsystem...
[2018-07-24 11:05:56.279] Shutting down pAI subsystem...
[2018-07-24 11:05:56.279] Shutting down Orbits subsystem...
[2018-07-24 11:05:56.279] Shutting down Objects subsystem...
[2018-07-24 11:05:56.279] Shutting down NPC Pool subsystem...
[2018-07-24 11:05:56.279] Shutting down Night Shift subsystem...
[2018-07-24 11:05:56.279] Shutting down Mood subsystem...
[2018-07-24 11:05:56.279] Shutting down Mobs subsystem...
[2018-07-24 11:05:56.279] Shutting down Medals subsystem...
[2018-07-24 11:05:56.279] Shutting down Idling NPC Pool subsystem...
[2018-07-24 11:05:56.280] Shutting down Fire Burning subsystem...
[2018-07-24 11:05:56.280] Shutting down Fields subsystem...
[2018-07-24 11:05:56.280] Shutting down Fast Processing subsystem...
[2018-07-24 11:05:56.280] Shutting down Disease subsystem...
[2018-07-24 11:05:56.280] Shutting down Datum Component System subsystem...
[2018-07-24 11:05:56.280] Shutting down Communications subsystem...
[2018-07-24 11:05:56.280] Shutting down Augury subsystem...
[2018-07-24 11:05:56.280] Shutting down Acid subsystem...
[2018-07-24 11:05:56.280] Shutting down Timer subsystem...
[2018-07-24 11:05:56.281] Shutting down Circuit subsystem...
[2018-07-24 11:05:56.281] Shutting down Machines subsystem...
[2018-07-24 11:05:56.281] Shutting down Language subsystem...
[2018-07-24 11:05:56.281] Shutting down Atoms subsystem...
[2018-07-24 11:05:56.282] Shutting down Networks subsystem...
[2018-07-24 11:05:56.282] Shutting down Mapping subsystem...
[2018-07-24 11:05:56.282] Shutting down Ticker subsystem...
[2018-07-24 11:05:56.403] Shutting down Quirks subsystem...
[2018-07-24 11:05:56.403] Shutting down Jobs subsystem...
[2018-07-24 11:05:56.403] Shutting down Events subsystem...
[2018-07-24 11:05:56.404] Shutting down Research subsystem...
[2018-07-24 11:05:56.404] Shutting down Input subsystem...
[2018-07-24 11:05:56.404] Shutting down Server Tasks subsystem...
[2018-07-24 11:05:56.404] Shutting down Blackbox subsystem...
[2018-07-24 11:05:56.515] Shutting down Database subsystem...
[2018-07-24 11:05:56.553] Shutting down Garbage subsystem...
[2018-07-24 11:05:56.610] Shutdown complete
[2018-07-24 11:05:56.610] World rebooted at 11:05:56
