

Starting up round ID 1163. 01:35:37
---------------------
[01:35:37]GAME: Round ID: 1163
[01:35:37]ADMIN: Loading Banlist
[01:35:38]GAME: Saved mode is 'secret'
[01:35:41]ACCESS: Login: Qwertyquerty from 173.18.198.159-714551027 || BYOND v512
[01:35:41]ACCESS: Mob Login: Qwertyquerty/(Qwertyquerty) was assigned to a /mob/dead/new_player
[01:35:47]ACCESS: Login: Davidththird from 70.65.121.138-4247832973 || BYOND v512
[01:35:47]ACCESS: Mob Login: Davidththird/(Davidththird) was assigned to a /mob/dead/new_player
[01:35:49]ACCESS: Login: SeaMelonus from 76.66.171.75-2972425742 || BYOND v511
[01:35:49]ACCESS: Mob Login: SeaMelonus/(SeaMelonus) was assigned to a /mob/dead/new_player
[01:36:09]GAME: Z-level Away Mission loaded at at 0,0,14
[01:36:09]GAME: Hierophant's Arena loaded at at 137,25,5
[01:36:09]GAME: Ripley loaded at at 74,135,5
[01:36:09]GAME: Ruin of Envy loaded at at 139,140,5
[01:36:09]GAME: Ruin of Gluttony loaded at at 92,198,5
[01:36:09]GAME: Survival Capsule Ruins loaded at at 126,58,5
[01:36:09]GAME: Biodome Beach loaded at at 95,108,5
[01:36:09]GAME: Survival Capsule Ruins loaded at at 95,168,5
[01:36:09]GAME: Blood-Drunk Miner (Hunter) loaded at at 157,67,5
[01:36:09]GAME: Ruined Pizza Party loaded at at 149,169,5
[01:36:09]GAME: Survival Capsule Ruins loaded at at 134,107,5
[01:36:09]GAME: The Wishgranter Cube loaded at at 168,47,5
[01:36:10]GAME: Derelict 1 loaded at at 110,62,3
[01:36:10]GAME: A Giant Ball of Paper in Space loaded at at 187,32,7
[01:36:10]GAME: Derelict 4 loaded at at 132,92,3
[01:36:10]GAME: Empty Shell loaded at at 27,200,4
[01:36:11]GAME: The Twin-Nexus Hotel loaded at at 44,113,3
[01:36:11]GAME: Authorship loaded at at 143,28,10
[01:36:11]GAME: Waylaid Buses loaded at at 193,86,4
[01:36:11]GAME: Derelict 3 loaded at at 93,27,9
[01:36:11]GAME: CF Corsair loaded at at 107,39,7
[01:36:11]GAME: Asteroid 1 loaded at at 181,199,11
[01:36:11]GAME: Aesthetic Outpost loaded at at 183,173,7
[01:36:11]GAME: Salvation loaded at at 170,158,10
[01:36:11]GAME: Crashed Ship loaded at at 48,140,4
[01:36:11]GAME: SCP-294 Containment loaded at at 54,62,4
[01:36:11]GAME: Asteroid 4 loaded at at 136,28,3
[01:36:13]ACCESS: Login: BuckyBoy from 69.246.164.187-4169373452 || BYOND v512
[01:36:13]ACCESS: Mob Login: BuckyBoy/(BuckyBoy) was assigned to a /mob/dead/new_player
[01:38:09]ACCESS: Logout: Davidththird/(Davidththird)
[01:38:10]GAME: fancy transport ferry loaded at at 115,146,1
[01:38:10]GAME: Box Station Emergency Shuttle loaded at at 116,137,1
[01:38:11]GAME: basic syndicate infiltrator loaded at at 113,137,1
[01:38:12]GAME: cargo ferry (Box) loaded at at 118,142,1
[01:38:12]GAME: labour shuttle (Box) loaded at at 119,144,1
[01:38:12]GAME: arrival shuttle (Box) loaded at at 114,145,1
[01:38:13]GAME: mining shuttle (Box) loaded at at 119,145,1
[01:39:25]ACCESS: Logout: Davidththird
[01:39:29]SAY: Mjor the Creative/ : Rise, my creations! Jump off your pages and into this realm! (220,45,7)
[01:39:30]GAME: BuckyBoy (ckey) has been selected as a traitor
[01:39:34]ACCESS: Mob Login: Qwertyquerty/(Julia Luna) was assigned to a /mob/living/carbon/human
[01:39:34]ACCESS: Mob Login: SeaMelonus/(Ulysses) was assigned to a /mob/living/silicon/robot
[01:39:34]ACCESS: Mob Login: BuckyBoy/(Beau Richards) was assigned to a /mob/living/carbon/human
[01:39:38]EMOTE: *no key*/(Lizard) : <b>Lizard</b> stops moving... (200,98,4)
[01:39:38]SAY: Prison Ofitser/ : Engaging patrol mode. (23,36,5)
[01:39:38]SAY: Prison Ofitser/ : Disengaging patrol mode. (23,36,5)
[01:39:38]SAY: Officer Beepsky/ : Engaging patrol mode. (94,159,2)
[01:39:45]EMOTE: *no key*/(monkey (464)) : <b>The monkey (464)</b> jumps! (161,120,2)
[01:39:54]SAY: Mjor the Creative/ : Rise, my creations! Jump off your pages and into this realm! (221,46,7)
[01:40:03]EMOTE: *no key*/(Runtime) : <b>Runtime</b> twitches its whiskers. (159,109,2)
[01:40:03]EMOTE: *no key*/(monkey (904)) : <b>The monkey (904)</b> scratches. (161,118,2)
[01:40:05]EMOTE: *no key*/(crab) : <b>The crab</b> clicks. (101,120,5)
[01:40:05]EMOTE: *no key*/(monkey (594)) : <b>The monkey (594)</b> jumps! (161,101,2)
[01:40:10]EMOTE: *no key*/(monkey (594)) : <b>The monkey (594)</b> scratches. (160,101,2)
[01:40:11]EMOTE: *no key*/(crab) : <b>The crab</b> clacks. (113,117,5)
[01:40:15]EMOTE: *no key*/(crab) : <b>The crab</b> clacks. (100,120,5)
[01:40:19]EMOTE: *no key*/(Poly) : <b>Poly</b> flutters its wings. (117,82,2)
[01:40:20]EMOTE: *no key*/(monkey (252)) : <b>The monkey (252)</b> waves his tail. (161,116,2)
[01:40:27]EMOTE: *no key*/(crab) : <b>The crab</b> clicks. (154,134,14)
[01:40:29]EMOTE: *no key*/(crab) : <b>The crab</b> clacks. (113,135,14)
[01:40:30]EMOTE: *no key*/(Runtime) : <b>Runtime</b> wags its tail. (160,107,2)
[01:40:35]EMOTE: *no key*/(Poly) : <b>Poly</b> flutters its wings. (118,82,2)
[01:40:37]EMOTE: *no key*/(Poly) : <b>Poly</b> flutters its wings. (117,82,2)
[01:40:39]EMOTE: *no key*/(Poly) : <b>Poly</b> turns and flies towards the high-capacity power cell+. (117,82,2)
[01:40:45]EMOTE: *no key*/(crab) : <b>The crab</b> clacks. (119,126,5)
[01:40:47]ACCESS: Login: Davidththird from 70.65.121.138-4247832973 || BYOND v512
[01:40:47]ACCESS: Mob Login: Davidththird/(Davidththird) was assigned to a /mob/dead/new_player
[01:40:50]SAY: Mjor the Creative/ : Rise, my creations! Jump off your pages and into this realm! (221,46,7)
[01:40:51]SAY: mouse/ : Squeek! (50,155,2)
[01:40:54]SAY: Beau Richards/BuckyBoy : oh good (88,105,2)
[01:40:56]SAY: Beau Richards/BuckyBoy : a minebot (88,105,2)
[01:40:58]SAY: Ulysses/SeaMelonus : Sup (87,105,2)
[01:41:04]EMOTE: *no key*/(Runtime) : <b>Runtime</b> walks around. (160,107,2)
[01:41:04]SAY: Beau Richards/BuckyBoy : suh dude (88,105,2)
[01:41:11]SAY: mouse/ : Squeek? (154,144,2)
[01:41:11]SAY: Nobody's Perfect/ : There&#39;s always a catch, and I&#39;m the best there is. (24,75,1)
[01:41:13]SAY: Medibot/ : There&#39;s always a catch, and I&#39;m the best there is. (147,32,10)
[01:41:26]ACCESS: Mob Login: Davidththird/(Tyron Jamal) was assigned to a /mob/living/carbon/human
[01:41:33]SAY: Nobody's Perfect/ : I knew it, I should&#39;ve been a plastic surgeon. (24,75,1)
[01:41:40]EMOTE: *no key*/(Poly) : <b>Poly</b> looks in the Zippo lighter's direction and takes flight. (118,83,2)
[01:41:57]EMOTE: *no key*/(mouse) : <b>The mouse</b> shakes. (154,146,2)
[01:41:57]EMOTE: *no key*/(monkey (981)) : <b>The monkey (981)</b> rolls. (161,118,2)
[01:41:57]EMOTE: *no key*/(monkey (911)) : <b>The monkey (911)</b> jumps! (161,117,2)
[01:42:05]SAY: mouse/ : Squeek! (154,145,2)
[01:42:05]EMOTE: *no key*/(monkey (911)) : <b>The monkey (911)</b> waves her tail. (160,117,2)
[01:42:11]EMOTE: *no key*/(monkey (5)) : <b>The monkey (5)</b> rolls. (160,117,2)
[01:42:25]EMOTE: *no key*/(crab) : <b>The crab</b> clacks. (133,134,14)
[01:42:35]EMOTE: *no key*/(Poly) : <b>Poly</b> looks in the burn patch's direction and takes flight. (118,83,2)
[01:42:37]EMOTE: *no key*/(Tom) : <b>Tom</b> runs in a circle. (104,189,2)
[01:42:39]SAY: Medibot/ : I knew it, I should&#39;ve been a plastic surgeon. (155,73,1)
[01:42:55]EMOTE: *no key*/(monkey (911)) : <b>The monkey (911)</b> scratches. (160,120,2)
[01:42:57]SAY: Medibot/ : I knew it, I should&#39;ve been a plastic surgeon. (154,73,1)
[01:42:57]SAY: Poly/ : Robust Softdrinks: More robust than a toolbox to the head! (118,83,2)
[01:43:07]SAY: Poly/ : Don&#39;t believe the reports - smoke today! (118,83,2)
[01:43:07]SAY: Runtime/ : Purr! (159,107,2)
[01:43:08]GAME: SeaMelonus/(Ulysses) has triggered a gibtonite deposit reaction at Lavaland Wastes (82,41,5).
[01:43:11]SAY: Nobody's Perfect/ : Radar, put a mask on! (24,75,1)
[01:43:11]EMOTE: *no key*/(grey baby slime (796)) : <b>The grey baby slime (796)</b> jiggles! (176,92,2)
[01:43:19]EMOTE: *no key*/(crab) : <b>The crab</b> clicks. (151,134,14)
[01:43:21]EMOTE: *no key*/(mouse) : <b>The mouse</b> squeeks. (152,145,2)
[01:43:21]EMOTE: *no key*/(Paperwork) : <b>Paperwork</b> snores. (80,122,2)
[01:43:21]EMOTE: *no key*/(monkey (262)) : <b>The monkey (262)</b> jumps! (160,99,2)
[01:43:27]EMOTE: *no key*/(crab) : <b>The crab</b> clacks. (133,134,14)
[01:43:29]EMOTE: *no key*/(Poly) : <b>Poly</b> looks in the monitor decryption key's direction and takes flight. (118,83,2)
[01:43:49]EMOTE: *no key*/(mouse) : <b>The mouse</b> shakes. (152,145,2)
[01:43:51]EMOTE: *no key*/(mouse) : <b>The mouse</b> shakes. (146,88,2)
[01:43:51]EMOTE: *no key*/(monkey (5)) : <b>The monkey (5)</b> scratches. (160,118,2)
[01:43:55]SAY: Medibot/ : Delicious! (147,32,10)
[01:44:03]EMOTE: *no key*/(crab) : <b>The crab</b> clacks. (110,117,5)
[01:44:11]EMOTE: *no key*/(Runtime) : <b>Runtime</b> stretches out for a belly rub. (158,109,2)
[01:44:14]GAME: SeaMelonus/(Ulysses) has triggered a gibtonite deposit reaction at Lavaland Wastes (90,34,5).
[01:44:15]EMOTE: *no key*/(crab) : <b>The crab</b> clicks. (109,117,5)
[01:44:23]EMOTE: *no key*/(mouse) : <b>The mouse</b> shakes. (62,159,2)
[01:44:23]EMOTE: *no key*/(grey baby slime (928)) : <b>The grey baby slime (928)</b> jiggles! (167,93,2)
[01:44:25]EMOTE: *no key*/(crab) : <b>The crab</b> clacks. (115,133,14)
[01:44:25]EMOTE: *no key*/(Poly) : <b>Poly</b> looks in the chief engineer's rubber stamp's direction and takes flight. (118,83,2)
[01:44:25]EMOTE: *no key*/(monkey (749)) : <b>The monkey (749)</b> scratches. (158,99,2)
[01:44:39]EMOTE: *no key*/(Runtime) : <b>Runtime</b> stops resting. (158,109,2)
[01:44:43]SAY: Poly/ : I need toolbelt (118,83,2)
[01:44:47]EMOTE: *no key*/(crab) : <b>The crab</b> clacks. (115,135,14)
[01:44:49]EMOTE: *no key*/(crab) : <b>The crab</b> clacks. (163,133,14)
[01:44:51]SAY: Poly/ : I need toolbelt (118,83,2)
[01:44:55]SAY: Nobody's Perfect/ : Delicious! (24,75,1)
[01:44:59]SAY: Poly/ : I need toolbelt (118,83,2)
[01:45:01]EMOTE: *no key*/(monkey (623)) : <b>The monkey (623)</b> jumps! (161,100,2)
[01:45:03]EMOTE: *no key*/(monkey (252)) : <b>The monkey (252)</b> waves his tail. (160,119,2)
[01:45:03]EMOTE: *no key*/(mouse) : <b>The mouse</b> runs in a circle. (152,146,2)
[01:45:09]EMOTE: *no key*/(Paperwork) : <b>Paperwork</b> yawns. (81,122,2)
[01:45:11]SAY: Nobody's Perfect/ : I knew it, I should&#39;ve been a plastic surgeon. (24,75,1)
[01:45:13]SAY: Runtime/ : Esp! (158,109,2)
[01:45:21]SAY: Beau Richards/BuckyBoy : oh (175,126,2)
[01:45:23]GAME: Random Event triggering: Minor Space Dust (/datum/round_event/space_dust)
[01:45:24]SAY: Tyron Jamal/Davidththird : e got get one then (176,124,2)
[01:45:29]EMOTE: *no key*/(Poly) : <b>Poly</b> looks in the chief engineer's rubber stamp's direction and takes flight. (118,83,2)
[01:45:33]EMOTE: *no key*/(crab) : <b>The crab</b> clicks. (101,120,5)
[01:45:36]SAY: Tyron Jamal/Davidththird : e; go get one then (175,124,2)
[01:45:37]EMOTE: *no key*/(mouse) : <b>The mouse</b> runs in a circle. (61,159,2)
[01:45:39]EMOTE: *no key*/(crab) : <b>The crab</b> clicks. (102,120,5)
[01:45:39]EMOTE: *no key*/(penguin) : <b>Babbe</b> shakes its beak. (144,135,2)
[01:45:41]EMOTE: *no key*/(Tom) : <b>Tom</b> runs in a circle. (101,185,2)
[01:45:57]EMOTE: *no key*/(monkey (252)) : <b>The monkey (252)</b> jumps! (161,120,2)
[01:46:05]EMOTE: *no key*/(mouse) : <b>The mouse</b> squeeks. (148,146,2)
[01:46:07]SAY: mouse/ : Squeek! (147,90,2)
[01:46:09]EMOTE: *no key*/(mouse) : <b>The mouse</b> runs in a circle. (104,103,2)
[01:46:11]EMOTE: *no key*/(crab) : <b>The crab</b> clacks. (138,134,14)
[01:46:14]GAME: SeaMelonus/(Ulysses) has triggered a gibtonite deposit reaction at Lavaland Wastes (91,57,5).
[01:46:19]EMOTE: *no key*/(crab) : <b>The crab</b> clicks. (106,117,5)
[01:46:19]EMOTE: *no key*/(crab) : <b>The crab</b> clacks. (115,133,14)
[01:46:21]SAY: Medibot/ : What kind of medbay is this? Everyone&#39;s dropping like flies. (154,73,1)
[01:46:23]EMOTE: *no key*/(crab) : <b>The crab</b> clicks. (106,117,5)
[01:46:25]EMOTE: *no key*/(mouse) : <b>The mouse</b> squeeks. (61,159,2)
[01:46:27]EMOTE: *no key*/(monkey (904)) : <b>The monkey (904)</b> rolls. (161,117,2)
[01:46:27]EMOTE: *no key*/(Poly) : <b>Poly</b> looks in the Power-ON cartridge's direction and takes flight. (118,83,2)
[01:46:33]SAY: mouse/ : Squeek? (62,159,2)
[01:46:43]EMOTE: *no key*/(crab) : <b>The crab</b> clicks. (151,134,14)
[01:46:45]EMOTE: *no key*/(monkey (641)) : <b>The monkey (641)</b> rolls. (159,99,2)
[01:46:45]EMOTE: *no key*/(mouse) : <b>The mouse</b> runs in a circle. (63,159,2)
[01:46:45]EMOTE: *no key*/(crab) : <b>The crab</b> clacks. (109,126,5)
[01:46:48]SAY: Beau Richards/BuckyBoy : oh hey cmo (142,127,2)
[01:46:55]EMOTE: *no key*/(monkey (911)) : <b>The monkey (911)</b> waves her tail. (161,119,2)
[01:46:57]EMOTE: *no key*/(monkey (623)) : <b>The monkey (623)</b> jumps! (161,101,2)
[01:46:58]SAY: Medibot/ : What kind of medbay is this? Everyone&#39;s dropping like flies. (147,32,10)
[01:46:58]SAY: Beau Richards/BuckyBoy : ignore that (140,119,2)
[01:46:59]EMOTE: *no key*/(Runtime) : <b>Runtime</b> sits down. (160,110,2)
[01:47:02]SAY: Runtime/ : Esp! (160,110,2)
[01:47:12]EMOTE: *no key*/(crab) : <b>The crab</b> clacks. (119,135,14)
[01:47:13]SAY: Julia Luna/Qwertyquerty : hey (140,116,2)
[01:47:19]EMOTE: Qwertyquerty/(Julia Luna) : <b>Julia Luna</b> gasps! (149,113,2)
[01:47:20]EMOTE: *no key*/(crab) : <b>The crab</b> clicks. (151,134,14)
[01:47:20]EMOTE: Qwertyquerty/(Julia Luna) : <b>Julia Luna</b> seizes up and falls limp, his eyes dead and lifeless... (149,113,2)
[01:47:22]EMOTE: *no key*/(Tom) : <b>Tom</b> squeeks. (98,185,2)
[01:47:26]EMOTE: *no key*/(Poly) : <b>Poly</b> looks in the Power-ON cartridge's direction and takes flight. (118,83,2)
[01:47:27]EMOTE: *no key*/(monkey (262)) : <b>The monkey (262)</b> waves his tail. (159,99,2)
[01:47:27]EMOTE: *no key*/(Runtime) : <b>Runtime</b> crouches on its hind legs. (160,110,2)
[01:47:33]EMOTE: *no key*/(monkey (749)) : <b>The monkey (749)</b> waves his tail. (159,101,2)
[01:47:42]SAY: mouse/ : Squeek? (61,159,2)
[01:47:52]ADMINPRIVATE: Ticket #1: Qwertyquerty/(Julia Luna): Beau Richards killed me for no reason - heard by 0 non-AFK admins who have +BAN.
[01:47:58]EMOTE: *no key*/(mouse) : <b>The mouse</b> squeeks. (163,106,2)
[01:47:59]EMOTE: *no key*/(monkey (981)) : <b>The monkey (981)</b> rolls. (160,117,2)
[01:48:05]EMOTE: *no key*/(monkey (904)) : <b>The monkey (904)</b> waves his tail. (160,120,2)
[01:48:11]EMOTE: *no key*/(monkey (623)) : <b>The monkey (623)</b> rolls. (160,99,2)
[01:48:24]EMOTE: *no key*/(Poly) : <b>Poly</b> looks in the Power-ON cartridge's direction and takes flight. (118,83,2)
[01:48:25]EMOTE: *no key*/(monkey (262)) : <b>The monkey (262)</b> rolls. (158,101,2)
[01:48:26]SAY: Medibot/ : Radar, put a mask on! (155,73,1)
[01:48:26]EMOTE: *no key*/(crab) : <b>The crab</b> clacks. (120,135,14)
[01:48:32]OOC: Qwertyquerty/(Julia Luna) : just so you know (163,104,2)
[01:48:34]EMOTE: *no key*/(crab) : <b>The crab</b> clicks. (109,126,5)
[01:48:35]EMOTE: *no key*/(monkey (262)) : <b>The monkey (262)</b> rolls. (158,99,2)
[01:48:38]EMOTE: *no key*/(crab) : <b>The crab</b> clacks. (106,117,5)
[01:48:38]OOC: Davidththird/(Tyron Jamal) : yah (91,119,2)
[01:48:40]OOC: Qwertyquerty/(Julia Luna) : this server is supposed to be rp (163,104,2)
[01:48:42]SAY: Ian/ : YAP (108,120,2)
[01:48:46]OOC: Davidththird/(Tyron Jamal) : okay I&#34;ll stop (93,116,2)
[01:48:50]EMOTE: *no key*/(crab) : <b>The crab</b> clacks. (121,135,14)
[01:48:53]EMOTE: *no key*/(grey baby slime (928)) : <b>The grey baby slime (928)</b> vibrates! (166,93,2)
[01:49:01]EMOTE: *no key*/(monkey (641)) : <b>The monkey (641)</b> scratches. (161,99,2)
[01:49:02]EMOTE: *no key*/(Poly) : <b>Poly</b> squawks. (118,83,2)
[01:49:05]OOC: Qwertyquerty/(Julia Luna) : youre not supposed to just take people out for the entire round at the beginning (163,104,2)
[01:49:07]EMOTE: *no key*/(monkey (262)) : <b>The monkey (262)</b> scratches. (157,101,2)
[01:49:10]OOC: Qwertyquerty/(Julia Luna) : thats very unfun for that person (163,104,2)
[01:49:12]SAY: mouse/ : Squeek! (162,106,2)
[01:49:16]OOC: Davidththird/(Tyron Jamal) : wait what (182,129,2)
[01:49:18]EMOTE: *no key*/(crab) : <b>The crab</b> clacks. (157,134,14)
[01:49:19]ACCESS: Mob Login: Qwertyquerty/(Julia Luna) was assigned to a /mob/dead/observer
[01:49:20]OOC: Davidththird/(Tyron Jamal) : I wasen&#39;t doing that (182,129,2)
[01:49:22]EMOTE: *no key*/(Poly) : <b>Poly</b> looks in the BreatheDeep cartridge's direction and takes flight. (118,83,2)
[01:49:24]SAY: Accidents Happen/ : Delicious! (77,144,3)
[01:49:26]OOC: Qwertyquerty/(Julia Luna) : not talking to you (153,146,2)
[01:49:28]SAY: Poly/ : Jhonson Lutherfield has signed up as Shaft Miner (118,80,2)
[01:49:31]OOC: Davidththird/(Tyron Jamal) : okay cool (128,129,2)
[01:49:31]OOC: Qwertyquerty/(Julia Luna) : you know who you are (153,146,2)
[01:49:34]OOC: BuckyBoy/(Beau Richards) : ick ock (89,117,2)
[01:49:36]SAY: grey baby slime (796)/ : Rawr... (177,94,2)
[01:49:43]EMOTE: *no key*/(Paperwork) : <b>Paperwork</b> dozes off. (83,124,2)
[01:49:44]EMOTE: *no key*/(monkey (749)) : <b>The monkey (749)</b> waves his tail. (157,100,2)
[01:49:45]SAY: mouse/ : SQUEEK! (163,106,2)
[01:49:48]EMOTE: *no key*/(monkey (5)) : <b>The monkey (5)</b> jumps! (160,120,2)
[01:49:51]EMOTE: *no key*/(crab) : <b>The crab</b> clicks. (158,134,14)
[01:49:55]EMOTE: *no key*/(crab) : <b>The crab</b> clacks. (99,120,5)
[01:49:57]EMOTE: *no key*/(crab) : <b>The crab</b> clicks. (158,134,14)
[01:49:58]SAY: Beau Richards/BuckyBoy : get anything? (82,105,2)
[01:49:59]SAY: Medibot/ : Delicious! (154,73,1)
[01:50:05]EMOTE: *no key*/(crab) : <b>The crab</b> clicks. (122,135,14)
[01:50:07]SAY: Accidents Happen/ : There&#39;s always a catch, and I&#39;m the best there is. (77,144,3)
[01:50:09]SAY: mouse/ : Squeek? (105,104,2)
[01:50:12]SAY: Ulysses/SeaMelonus : Yeah I have a box there, im just getting something quick (85,105,2)
[01:50:15]EMOTE: *no key*/(mouse) : <b>The mouse</b> squeeks. (57,150,2)
[01:50:15]SAY: Medibot/ : Radar, put a mask on! (155,73,1)
[01:50:17]SAY: Beau Richards/BuckyBoy : mk (82,105,2)
[01:50:19]EMOTE: *no key*/(mouse) : <b>The mouse</b> runs in a circle. (57,150,2)
[01:50:22]SAY: Ulysses/SeaMelonus : Whew (90,117,2)
[01:50:25]SAY: Nobody's Perfect/ : There&#39;s always a catch, and I&#39;m the best there is. (24,75,1)
[01:50:29]SAY: Poly/ : I think it&#39;s delaminating (118,83,2)
[01:50:29]SAY: Tyron Jamal/Davidththird : hello therer (92,116,2)
[01:50:31]EMOTE: *no key*/(Tom) : <b>Tom</b> squeeks. (102,183,2)
[01:50:32]EMOTE: *no key*/(Runtime) : <b>Runtime</b> looks alert. (160,110,2)
[01:50:37]EMOTE: *no key*/(mouse) : <b>The mouse</b> shakes. (104,104,2)
[01:50:45]SAY: Ian/ : AUUUUUU (108,120,2)
[01:50:49]SAY: mouse/ : Squeek? (147,90,2)
[01:50:50]EMOTE: *no key*/(grey baby slime (928)) : <b>The grey baby slime (928)</b> bounces in place. (167,94,2)
[01:50:53]SAY: Nobody's Perfect/ : There&#39;s always a catch, and I&#39;m the best there is. (24,75,1)
[01:50:55]EMOTE: *no key*/(crab) : <b>The crab</b> clicks. (107,126,5)
[01:50:57]EMOTE: *no key*/(crab) : <b>The crab</b> clicks. (138,134,14)
[01:51:01]EMOTE: *no key*/(crab) : <b>The crab</b> clicks. (107,126,5)
[01:51:04]EMOTE: *no key*/(Runtime) : <b>Runtime</b> looks alert. (160,110,2)
[01:51:05]EMOTE: *no key*/(crab) : <b>The crab</b> clicks. (115,133,14)
[01:51:07]SAY: Poly/ : Got my own sssuit (118,83,2)
[01:51:11]EMOTE: *no key*/(Poly) : <b>Poly</b> flutters its wings. (118,83,2)
[01:51:12]EMOTE: *no key*/(Runtime) : <b>Runtime</b> wags its tail. (160,110,2)
[01:51:24]EMOTE: *no key*/(monkey (5)) : <b>The monkey (5)</b> scratches. (161,117,2)
[01:51:28]EMOTE: *no key*/(grey baby slime (796)) : <b>The grey baby slime (796)</b> vibrates! (177,93,2)
[01:51:39]EMOTE: *no key*/(crab) : <b>The crab</b> clacks. (108,117,5)
[01:52:02]EMOTE: *no key*/(mouse) : <b>The mouse</b> squeeks. (56,150,2)
[01:52:05]EMOTE: *no key*/(Runtime) : <b>Runtime</b> gets up and meows. (160,110,2)
[01:52:09]EMOTE: *no key*/(monkey (623)) : <b>The monkey (623)</b> scratches. (161,100,2)
[01:52:17]EMOTE: *no key*/(monkey (904)) : <b>The monkey (904)</b> rolls. (160,118,2)
[01:52:18]EMOTE: *no key*/(Paperwork) : <b>Paperwork</b> yawns. (82,122,2)
[01:52:24]SAY: mouse/ : SQUEEK! (162,110,2)
[01:52:24]EMOTE: *no key*/(Poly) : <b>Poly</b> squawks. (118,83,2)
[01:52:26]EMOTE: *no key*/(Ian) : <b>Ian</b> chases its tail. (109,121,2)
[01:52:30]EMOTE: *no key*/(crab) : <b>The crab</b> clicks. (118,133,14)
[01:52:32]SAY: Nobody's Perfect/ : Delicious! (24,75,1)
[01:52:44]EMOTE: *no key*/(crab) : <b>The crab</b> clacks. (158,133,14)
[01:52:54]EMOTE: *no key*/(crab) : <b>The crab</b> clacks. (107,126,5)
[01:53:01]EMOTE: *no key*/(grey baby slime (928)) : <b>The grey baby slime (928)</b> bounces in place. (166,92,2)
[01:53:02]SAY: Tom/ : Squeek? (102,181,2)
[01:53:05]EMOTE: *no key*/(Runtime) : <b>Runtime</b> crouches on its hind legs. (159,109,2)
[01:53:10]GAME: Random Event triggering: Minor Space Dust (/datum/round_event/space_dust)
[01:53:14]EMOTE: *no key*/(crab) : <b>The crab</b> clacks. (107,117,5)
[01:53:14]SAY: Ulysses/SeaMelonus : Hey (92,118,2)
[01:53:17]EMOTE: *no key*/(Runtime) : <b>Runtime</b> sits down. (159,109,2)
[01:53:19]SAY: Tyron Jamal/Davidththird : uo (93,121,2)
[01:53:19]SAY: Runtime/ : HSSSSS (159,109,2)
[01:53:20]SAY: Tyron Jamal/Davidththird : yo (93,121,2)
[01:53:21]SAY: Ulysses/SeaMelonus : Could I borrow your hands for a sec (92,118,2)
[01:53:21]EMOTE: *no key*/(crab) : <b>The crab</b> clacks. (108,117,5)
[01:53:25]SAY: Tyron Jamal/Davidththird : yah (93,121,2)
[01:53:28]SAY: Tyron Jamal/Davidththird : what do you need (93,121,2)
[01:53:31]SAY: Ulysses/SeaMelonus : Follow (96,116,2)
[01:53:33]EMOTE: *no key*/(Paperwork) : <b>Paperwork</b> yawns. (82,124,2)
[01:53:39]SAY: Nobody's Perfect/ : Radar, put a mask on! (24,75,1)
[01:53:42]EMOTE: *no key*/(monkey (464)) : <b>The monkey (464)</b> jumps! (160,118,2)
[01:53:43]SAY: Nobody's Perfect/ : Radar, put a mask on! (24,75,1)
[01:53:47]EMOTE: *no key*/(crab) : <b>The crab</b> clicks. (117,133,14)
[01:53:50]EMOTE: *no key*/(goliath) : <b>The goliath</b> stops moving... (80,46,5)
[01:53:52]EMOTE: *no key*/(Runtime) : <b>Runtime</b> sits down. (159,109,2)
[01:53:58]SAY: Ulysses/SeaMelonus : Do you have metal (163,121,2)
[01:54:00]SAY: Tyron Jamal/Davidththird : no (163,123,2)
[01:54:01]EMOTE: *no key*/(crab) : <b>The crab</b> clicks. (101,120,5)
[01:54:04]EMOTE: *no key*/(grey baby slime (928)) : <b>The grey baby slime (928)</b> jiggles! (165,92,2)
[01:54:07]SAY: Ulysses/SeaMelonus : Oh (163,121,2)
[01:54:09]SAY: mouse/ : Squeek? (148,87,2)
[01:54:12]EMOTE: *no key*/(monkey (262)) : <b>The monkey (262)</b> waves his tail. (160,100,2)
[01:54:14]EMOTE: *no key*/(grey baby slime (796)) : <b>The grey baby slime (796)</b> vibrates! (176,93,2)
[01:54:17]EMOTE: *no key*/(mouse) : <b>The mouse</b> shakes. (60,157,2)
[01:54:22]EMOTE: *no key*/(monkey (252)) : <b>The monkey (252)</b> scratches. (160,116,2)
[01:54:23]EMOTE: *no key*/(mouse) : <b>The mouse</b> runs in a circle. (148,87,2)
[01:54:29]GAME: BuckyBoy/(Beau Richards) has triggered a gibtonite deposit reaction at Lavaland Wastes (78,62,5).
[01:54:31]EMOTE: *no key*/(mouse) : <b>The mouse</b> squeeks. (148,87,2)
[01:54:31]SAY: Accidents Happen/ : I knew it, I should&#39;ve been a plastic surgeon. (77,144,3)
[01:54:43]SAY: Poly/ : Please (118,83,2)
[01:54:44]EMOTE: *no key*/(Runtime) : <b>Runtime</b> gets up and meows. (159,109,2)
[01:54:44]EMOTE: *no key*/(monkey (252)) : <b>The monkey (252)</b> scratches. (161,117,2)
[01:54:45]EMOTE: *no key*/(crab) : <b>The crab</b> clicks. (104,117,5)
[01:54:47]SAY: Accidents Happen/ : There&#39;s always a catch, and I&#39;m the best there is. (77,144,3)
[01:54:50]EMOTE: *no key*/(grey baby slime (796)) : <b>The grey baby slime (796)</b> jiggles! (177,94,2)
[01:54:55]SAY: mouse/ : Squeek! (106,104,2)
[01:54:55]EMOTE: *no key*/(crab) : <b>The crab</b> clacks. (100,120,5)
[01:54:57]EMOTE: *no key*/(crab) : <b>The crab</b> clicks. (157,133,14)
[01:55:03]SAY: Tyron Jamal/Davidththird : wwwwwwwokay (93,121,2)
[01:55:05]EMOTE: *no key*/(crab) : <b>The crab</b> clicks. (123,133,14)
[01:55:05]SAY: Tyron Jamal/Davidththird : okay (93,121,2)
[01:55:10]EMOTE: *no key*/(Runtime) : <b>Runtime</b> twitches its whiskers. (158,110,2)
[01:55:11]EMOTE: *no key*/(crab) : <b>The crab</b> clacks. (100,120,5)
[01:55:15]SAY: Medibot/ : Radar, put a mask on! (155,73,1)
[01:55:15]EMOTE: *no key*/(Paperwork) : <b>Paperwork</b> looks around sleepily. (78,122,2)
[01:55:21]EMOTE: *no key*/(Paperwork) : <b>Paperwork</b> dozes off. (78,122,2)
[01:55:23]SAY: Medibot/ : Radar, put a mask on! (147,32,10)
[01:55:25]SAY: mouse/ : SQUEEK! (150,89,2)
[01:55:25]EMOTE: *no key*/(crab) : <b>The crab</b> clacks. (101,120,5)
[01:55:30]EMOTE: *no key*/(grey baby slime (796)) : <b>The grey baby slime (796)</b> jiggles! (177,94,2)
[01:55:39]EMOTE: *no key*/(crab) : <b>The crab</b> clacks. (157,133,14)
[01:55:41]EMOTE: *no key*/(crab) : <b>The crab</b> clicks. (125,133,14)
[01:55:44]EMOTE: *no key*/(Runtime) : <b>Runtime</b> stretches out for a belly rub. (158,110,2)
[01:55:49]EMOTE: *no key*/(crab) : <b>The crab</b> clicks. (102,117,5)
[01:55:49]EMOTE: *no key*/(Paperwork) : <b>Paperwork</b> looks around sleepily. (78,122,2)
[01:55:56]SAY: Ulysses/SeaMelonus : Thanks (163,126,2)
[01:55:57]EMOTE: *no key*/(Ian) : <b>Ian</b> shivers. (108,121,2)
[01:56:04]EMOTE: *no key*/(monkey (641)) : <b>The monkey (641)</b> jumps! (159,99,2)
[01:56:04]EMOTE: *no key*/(Runtime) : <b>Runtime</b> wags its tail. (158,110,2)
[01:56:04]EMOTE: *no key*/(monkey (252)) : <b>The monkey (252)</b> scratches. (161,118,2)
[01:56:06]EMOTE: *no key*/(monkey (641)) : <b>The monkey (641)</b> jumps! (159,99,2)
[01:56:11]EMOTE: *no key*/(Paperwork) : <b>Paperwork</b> snores. (77,121,2)
[01:56:19]GAME: Random Event triggering: Minor Space Dust (/datum/round_event/space_dust)
[01:56:19]EMOTE: *no key*/(crab) : <b>The crab</b> clicks. (109,126,5)
[01:56:23]EMOTE: *no key*/(crab) : <b>The crab</b> clicks. (101,120,5)
[01:56:24]EMOTE: *no key*/(Runtime) : <b>Runtime</b> stops resting. (158,110,2)
[01:56:26]EMOTE: *no key*/(monkey (464)) : <b>The monkey (464)</b> jumps! (161,117,2)
[01:56:29]SAY: Medibot/ : Delicious! (147,32,10)
[01:56:29]EMOTE: *no key*/(crab) : <b>The crab</b> clicks. (102,117,5)
[01:56:34]EMOTE: *no key*/(monkey (262)) : <b>The monkey (262)</b> scratches. (158,101,2)
[01:56:40]SAY: Medibot/ : What kind of medbay is this? Everyone&#39;s dropping like flies. (147,32,10)
[01:56:45]EMOTE: *no key*/(monkey (749)) : <b>The monkey (749)</b> jumps! (157,101,2)
[01:56:47]EMOTE: *no key*/(monkey (641)) : <b>The monkey (641)</b> rolls. (160,99,2)
[01:56:48]SAY: Poly/ : Freaky (118,83,2)
[01:56:55]SAY: Beau Richards/BuckyBoy : hey (68,38,5)
[01:57:01]EMOTE: *no key*/(monkey (5)) : <b>The monkey (5)</b> waves his tail. (160,120,2)
[01:57:03]SAY: Ulysses/SeaMelonus : Sup (61,37,5)
[01:57:05]EMOTE: *no key*/(monkey (623)) : <b>The monkey (623)</b> rolls. (158,101,2)
[01:57:07]EMOTE: *no key*/(grey baby slime (796)) : <b>The grey baby slime (796)</b> lights up for a bit, then stops. (175,92,2)
[01:57:11]EMOTE: *no key*/(grey baby slime (928)) : <b>The grey baby slime (928)</b> lights up for a bit, then stops. (165,93,2)
[01:57:16]SAY: Tom/ : Squeek! (102,182,2)
[01:57:18]EMOTE: *no key*/(crab) : <b>The crab</b> clacks. (128,133,14)
[01:57:22]EMOTE: *no key*/(Poly) : <b>Poly</b> bawks! (118,83,2)
[01:57:35]GAME: SeaMelonus/(Ulysses) has triggered a gibtonite deposit reaction at Lavaland Wastes (69,66,5).
[01:57:35]EMOTE: *no key*/(monkey (749)) : <b>The monkey (749)</b> waves his tail. (159,100,2)
[01:57:39]SAY: Medibot/ : I knew it, I should&#39;ve been a plastic surgeon. (155,73,1)
[01:58:00]EMOTE: *no key*/(monkey (252)) : <b>The monkey (252)</b> jumps! (161,119,2)
[01:58:14]EMOTE: *no key*/(grey baby slime (928)) : <b>The grey baby slime (928)</b> bounces in place. (167,92,2)
[01:58:14]SAY: Beau Richards/BuckyBoy : mhm (81,117,2)
[01:58:18]SAY: Beau Richards/BuckyBoy : wanna not (80,117,2)
[01:58:23]SAY: Tyron Jamal/Davidththird : yah (79,116,2)
[01:58:27]SAY: Beau Richards/BuckyBoy : the base (81,117,2)
[01:58:29]EMOTE: *no key*/(crab) : <b>The crab</b> clacks. (129,133,14)
[01:58:30]EMOTE: *no key*/(monkey (623)) : <b>The monkey (623)</b> jumps! (161,101,2)
[01:58:34]EMOTE: *no key*/(monkey (464)) : <b>The monkey (464)</b> rolls. (161,116,2)
[01:58:39]EMOTE: *no key*/(crab) : <b>The crab</b> clicks. (159,133,14)
[01:58:42]EMOTE: *no key*/(Runtime) : <b>Runtime</b> lies down. (159,110,2)
[01:58:42]EMOTE: *no key*/(monkey (911)) : <b>The monkey (911)</b> scratches. (161,117,2)
[01:58:52]EMOTE: *no key*/(crab) : <b>The crab</b> clacks. (106,117,5)
[01:58:54]SAY: Babbe/ : noot (145,133,2)
[01:58:54]EMOTE: *no key*/(monkey (911)) : <b>The monkey (911)</b> waves her tail. (161,117,2)
[01:59:01]SAY: Beau Richards/BuckyBoy : leave (81,117,2)
[01:59:04]SAY: Tyron Jamal/Davidththird : no (80,115,2)
[01:59:08]EMOTE: *no key*/(crab) : <b>The crab</b> clicks. (108,126,5)
[01:59:16]EMOTE: *no key*/(monkey (262)) : <b>The monkey (262)</b> jumps! (157,100,2)
[01:59:24]SAY: mouse/ : Squeek? (163,112,2)
[01:59:34]EMOTE: *no key*/(monkey (252)) : <b>The monkey (252)</b> jumps! (160,116,2)
[01:59:38]EMOTE: *no key*/(monkey (981)) : <b>The monkey (981)</b> waves his tail. (161,118,2)
[01:59:43]SAY: Nobody's Perfect/ : What kind of medbay is this? Everyone&#39;s dropping like flies. (24,75,1)
[01:59:45]SAY: mouse/ : Squeek! (163,112,2)
[01:59:45]SAY: Medibot/ : I knew it, I should&#39;ve been a plastic surgeon. (147,32,10)
[01:59:45]EMOTE: *no key*/(crab) : <b>The crab</b> clicks. (167,134,14)
[01:59:45]SAY: Poly/ : Presssure (118,83,2)
[01:59:45]EMOTE: *no key*/(Ian) : <b>Ian</b> shivers. (108,118,2)
[01:59:47]EMOTE: *no key*/(monkey (981)) : <b>The monkey (981)</b> waves his tail. (161,117,2)
[01:59:55]EMOTE: *no key*/(crab) : <b>The crab</b> clicks. (126,133,14)
[01:59:57]SAY: Accidents Happen/ : What kind of medbay is this? Everyone&#39;s dropping like flies. (77,144,3)
[01:59:59]SAY: Medibot/ : Radar, put a mask on! (147,32,10)
[01:59:59]EMOTE: *no key*/(crab) : <b>The crab</b> clicks. (126,133,14)
[02:00:04]EMOTE: *no key*/(crab) : <b>The crab</b> clicks. (107,126,5)
[02:00:06]EMOTE: *no key*/(crab) : <b>The crab</b> clicks. (107,126,5)
[02:00:14]SAY: Medibot/ : I knew it, I should&#39;ve been a plastic surgeon. (147,32,10)
[02:00:20]SAY: mouse/ : SQUEEK! (154,88,2)
[02:00:22]SAY: Tyron Jamal/Davidththird : BAEU IS A TRAITOR!! (167,137,2)
[02:00:26]SAY: Medibot/ : Delicious! (155,73,1)
[02:00:41]SAY: Medibot/ : Delicious! (147,32,10)
[02:00:41]SAY: Poly/ : PEPSIMAN (118,83,2)
[02:00:47]EMOTE: *no key*/(Runtime) : <b>Runtime</b> meows. (159,110,2)
[02:00:47]EMOTE: *no key*/(monkey (464)) : <b>The monkey (464)</b> rolls. (160,116,2)
[02:00:51]EMOTE: *no key*/(mouse) : <b>The mouse</b> runs in a circle. (153,146,2)
[02:00:55]EMOTE: *no key*/(Runtime) : <b>Runtime</b> looks alert. (159,110,2)
[02:00:57]EMOTE: *no key*/(crab) : <b>The crab</b> clicks. (107,126,5)
[02:00:57]SAY: Poly/ : Just sit tight for a moment (118,83,2)
[02:00:57]GAME: Explosion with size (0, 1, 5, 5) in area Mining Dock (83,104,2)
[02:00:59]EMOTE: *no key*/(Poly) : <b>Poly</b> squawks. (118,83,2)
[02:00:59]EMOTE: *no key*/(monkey (252)) : <b>The monkey (252)</b> waves his tail. (160,119,2)
[02:01:01]SAY: Poly/ : Just sit tight for a moment (118,83,2)
[02:01:03]EMOTE: *no key*/(monkey (641)) : <b>The monkey (641)</b> rolls. (157,99,2)
[02:01:05]SAY: Runtime/ : Purr! (159,110,2)
[02:01:07]SAY: mouse/ : Squeek! (162,111,2)
[02:01:11]EMOTE: *no key*/(Poly) : <b>Poly</b> flutters its wings. (118,83,2)
[02:01:25]ACCESS: Mob Login: SeaMelonus/(Oswald Smalls) was assigned to a /mob/living/brain
[02:01:28]EMOTE: *no key*/(crab) : <b>The crab</b> clicks. (156,133,14)
[02:01:36]ACCESS: Mob Login: SeaMelonus/(Ulysses) was assigned to a /mob/dead/observer
[02:01:44]SAY: Babbe/ : gah (145,134,2)
[02:01:46]GAME: BuckyBoy/(Beau Richards) (job: Shaft Miner) committed suicide at Mining Station EVA.
[02:01:47]ACCESS: Logout: Qwertyquerty/(Julia Luna)
[02:01:49]EMOTE: BuckyBoy/(Beau Richards) : <b>Beau Richards</b> seizes up and falls limp, his eyes dead and lifeless... (65,38,5)
[02:01:50]SAY: Medibot/ : Delicious! (155,73,1)
[02:01:52]EMOTE: *no key*/(crab) : <b>The crab</b> clicks. (156,133,14)
[02:01:52]EMOTE: *no key*/(Runtime) : <b>Runtime</b> wags its tail. (159,110,2)
[02:01:53]GAME: Random Event triggering: Camera Failure (/datum/round_event/camera_failure)
[02:01:53]ACCESS: Logout: BuckyBoy/(Beau Richards)
[02:01:58]ACCESS: Mob Login: SeaMelonus/(Drone (447)) was assigned to a /mob/living/simple_animal/drone
[02:02:00]EMOTE: *no key*/(crab) : <b>The crab</b> clacks. (113,117,5)
[02:02:02]SAY: Nobody's Perfect/ : Delicious! (24,75,1)
[02:02:04]SAY: mouse/ : SQUEEK! (152,143,2)
[02:02:08]EMOTE: *no key*/(crab) : <b>The crab</b> clicks. (107,126,5)
[02:02:12]EMOTE: *no key*/(monkey (594)) : <b>The monkey (594)</b> waves his tail. (157,99,2)
[02:02:16]SAY: Poly/ : How? (118,83,2)
[02:02:16]EMOTE: *no key*/(monkey (911)) : <b>The monkey (911)</b> waves her tail. (161,120,2)
[02:02:20]SAY: Nobody's Perfect/ : I knew it, I should&#39;ve been a plastic surgeon. (24,75,1)
[02:02:24]EMOTE: *no key*/(mouse) : <b>The mouse</b> shakes. (154,87,2)
[02:02:28]EMOTE: *no key*/(grey baby slime (796)) : <b>The grey baby slime (796)</b> vibrates! (175,92,2)
[02:02:28]EMOTE: *no key*/(monkey (623)) : <b>The monkey (623)</b> rolls. (159,101,2)
[02:02:30]EMOTE: *no key*/(crab) : <b>The crab</b> clicks. (168,134,14)
[02:02:38]EMOTE: *no key*/(monkey (594)) : <b>The monkey (594)</b> rolls. (157,100,2)
[02:02:42]EMOTE: *no key*/(mouse) : <b>The mouse</b> runs in a circle. (152,143,2)
[02:02:42]EMOTE: *no key*/(monkey (749)) : <b>The monkey (749)</b> scratches. (157,99,2)
[02:02:50]SAY: mouse/ : Squeek? (110,108,2)
[02:02:50]EMOTE: *no key*/(monkey (904)) : <b>The monkey (904)</b> waves his tail. (161,118,2)
[02:03:10]EMOTE: *no key*/(crab) : <b>The crab</b> clicks. (127,133,14)
[02:03:20]EMOTE: *no key*/(monkey (911)) : <b>The monkey (911)</b> scratches. (160,119,2)
[02:03:24]EMOTE: *no key*/(Runtime) : <b>Runtime</b> walks around. (159,110,2)
[02:03:28]SAY: Accidents Happen/ : Delicious! (77,144,3)
[02:03:28]EMOTE: *no key*/(grey baby slime (796)) : <b>The grey baby slime (796)</b> lights up for a bit, then stops. (176,93,2)
[02:03:32]EMOTE: *no key*/(mouse) : <b>The mouse</b> shakes. (153,86,2)
[02:03:32]SAY: Tom/ : Squeek! (101,181,2)
[02:03:36]EMOTE: *no key*/(crab) : <b>The crab</b> clicks. (113,126,5)
[02:03:38]EMOTE: *no key*/(penguin) : <b>Babbe</b> noots. (144,134,2)
[02:03:42]EMOTE: *no key*/(monkey (904)) : <b>The monkey (904)</b> waves his tail. (160,116,2)
[02:03:46]EMOTE: *no key*/(Paperwork) : <b>Paperwork</b> dozes off. (74,119,2)
[02:03:52]SAY: Nobody's Perfect/ : Radar, put a mask on! (24,75,1)
[02:04:00]SAY: Poly/ : How? (118,83,2)
[02:04:02]EMOTE: *no key*/(Paperwork) : <b>Paperwork</b> looks around sleepily. (73,120,2)
[02:04:06]EMOTE: *no key*/(monkey (5)) : <b>The monkey (5)</b> jumps! (160,120,2)
[02:04:32]EMOTE: *no key*/(crab) : <b>The crab</b> clicks. (133,134,14)
[02:04:46]SAY: grey baby slime (928)/ : Blop... (167,92,2)
[02:04:52]SAY: Babbe/ : noot! (144,134,2)
[02:04:56]EMOTE: *no key*/(monkey (262)) : <b>The monkey (262)</b> jumps! (160,99,2)
[02:04:58]EMOTE: *no key*/(Runtime) : <b>Runtime</b> lies down. (160,110,2)
[02:05:02]EMOTE: *no key*/(monkey (252)) : <b>The monkey (252)</b> rolls. (161,118,2)
[02:05:06]GAME: Random Event triggering: Minor Space Dust (/datum/round_event/space_dust)
[02:05:08]SAY: Nobody's Perfect/ : I knew it, I should&#39;ve been a plastic surgeon. (24,75,1)
[02:05:10]SAY: Nobody's Perfect/ : What kind of medbay is this? Everyone&#39;s dropping like flies. (24,75,1)
[02:05:18]EMOTE: *no key*/(Ian) : <b>Ian</b> shakes its head. (108,117,2)
[02:05:22]EMOTE: *no key*/(Runtime) : <b>Runtime</b> crouches on its hind legs. (160,110,2)
[02:05:28]SAY: Poly/ : AI is super rouge (118,83,2)
[02:05:30]EMOTE: *no key*/(Runtime) : <b>Runtime</b> stops resting. (160,110,2)
[02:05:32]SAY: Nobody's Perfect/ : There&#39;s always a catch, and I&#39;m the best there is. (24,75,1)
[02:05:34]SAY: Poly/ : How? (118,83,2)
[02:05:34]EMOTE: *no key*/(Runtime) : <b>Runtime</b> meows. (160,110,2)
[02:05:36]EMOTE: *no key*/(monkey (594)) : <b>The monkey (594)</b> scratches. (157,100,2)
[02:05:50]EMOTE: *no key*/(mouse) : <b>The mouse</b> squeeks. (108,109,2)
[02:05:56]EMOTE: *no key*/(monkey (749)) : <b>The monkey (749)</b> scratches. (161,99,2)
[02:06:04]EMOTE: *no key*/(Runtime) : <b>Runtime</b> wags its tail. (160,109,2)
[02:06:10]EMOTE: *no key*/(monkey (641)) : <b>The monkey (641)</b> scratches. (157,100,2)
[02:06:12]EMOTE: *no key*/(crab) : <b>The crab</b> clicks. (168,134,14)
[02:06:26]SAY: Nobody's Perfect/ : Delicious! (24,75,1)
[02:06:34]SAY: Medibot/ : Delicious! (147,32,10)
[02:06:38]EMOTE: *no key*/(crab) : <b>The crab</b> clacks. (112,126,5)
[02:06:50]EMOTE: *no key*/(monkey (904)) : <b>The monkey (904)</b> scratches. (160,117,2)
[02:06:52]EMOTE: *no key*/(monkey (594)) : <b>The monkey (594)</b> jumps! (160,101,2)
[02:06:54]EMOTE: *no key*/(Ian) : <b>Ian</b> barks! (108,116,2)
[02:06:58]EMOTE: *no key*/(monkey (749)) : <b>The monkey (749)</b> scratches. (157,99,2)
[02:07:02]SAY: Medibot/ : Radar, put a mask on! (147,32,10)
[02:07:04]EMOTE: *no key*/(Paperwork) : <b>Paperwork</b> dozes off. (77,123,2)
[02:07:36]EMOTE: *no key*/(monkey (252)) : <b>The monkey (252)</b> jumps! (160,119,2)
[02:07:40]EMOTE: *no key*/(crab) : <b>The crab</b> clacks. (149,133,14)
[02:07:48]EMOTE: *no key*/(monkey (623)) : <b>The monkey (623)</b> waves her tail. (161,101,2)
[02:08:00]EMOTE: *no key*/(Poly) : <b>Poly</b> squawks. (118,83,2)
[02:08:02]EMOTE: *no key*/(monkey (5)) : <b>The monkey (5)</b> jumps! (160,118,2)
[02:08:16]EMOTE: *no key*/(monkey (623)) : <b>The monkey (623)</b> waves her tail. (161,101,2)
[02:08:22]SAY: grey baby slime (796)/ : Blop... (177,94,2)
[02:08:22]SAY: Accidents Happen/ : What kind of medbay is this? Everyone&#39;s dropping like flies. (77,144,3)
[02:08:24]EMOTE: *no key*/(monkey (911)) : <b>The monkey (911)</b> scratches. (160,117,2)
[02:08:30]EMOTE: *no key*/(monkey (464)) : <b>The monkey (464)</b> waves his tail. (161,120,2)
[02:08:34]EMOTE: *no key*/(mouse) : <b>The mouse</b> runs in a circle. (150,145,2)
[02:08:52]SAY: Tyron Jamal/Davidththird : uhh (111,79,2)
[02:08:54]SAY: Tyron Jamal/Davidththird : can you don&#39;t (111,79,2)
[02:08:56]SAY: Nobody's Perfect/ : I knew it, I should&#39;ve been a plastic surgeon. (24,75,1)
[02:08:58]SAY: Medibot/ : There&#39;s always a catch, and I&#39;m the best there is. (154,73,1)
[02:09:12]EMOTE: *no key*/(crab) : <b>The crab</b> clacks. (133,134,14)
[02:09:14]SAY: Poly/ : Boop (118,83,2)
[02:09:16]EMOTE: *no key*/(monkey (641)) : <b>The monkey (641)</b> rolls. (158,100,2)
[02:09:18]SAY: Nobody's Perfect/ : What kind of medbay is this? Everyone&#39;s dropping like flies. (24,75,1)
[02:09:26]EMOTE: *no key*/(crab) : <b>The crab</b> clacks. (110,126,5)
[02:09:32]SAY: mouse/ : Squeek? (107,108,2)
[02:09:38]EMOTE: *no key*/(grey baby slime (928)) : <b>The grey baby slime (928)</b> vibrates! (167,92,2)
[02:09:38]SAY: Medibot/ : Radar, put a mask on! (155,73,1)
[02:09:42]EMOTE: *no key*/(monkey (262)) : <b>The monkey (262)</b> jumps! (158,99,2)
[02:09:48]EMOTE: *no key*/(mouse) : <b>The mouse</b> runs in a circle. (106,108,2)
[02:09:54]EMOTE: *no key*/(monkey (623)) : <b>The monkey (623)</b> rolls. (161,99,2)
[02:10:02]EMOTE: *no key*/(mouse) : <b>The mouse</b> runs in a circle. (160,86,2)
[02:10:14]EMOTE: *no key*/(crab) : <b>The crab</b> clacks. (135,134,14)
[02:10:22]EMOTE: *no key*/(Poly) : <b>Poly</b> flutters its wings. (118,83,2)
[02:10:22]SAY: Nobody's Perfect/ : I knew it, I should&#39;ve been a plastic surgeon. (24,75,1)
[02:10:38]EMOTE: *no key*/(mouse) : <b>The mouse</b> runs in a circle. (104,109,2)
[02:10:38]SAY: mouse/ : Squeek! (163,109,2)
[02:10:38]SAY: Medibot/ : Delicious! (154,73,1)
[02:10:40]SAY: Poly/ : Need anyting (118,83,2)
[02:10:42]EMOTE: *no key*/(crab) : <b>The crab</b> clacks. (118,117,5)
[02:10:44]GAME: Random Event triggering: Mice Migration (/datum/round_event/mice_migration)
[02:10:48]EMOTE: *no key*/(mouse) : <b>The mouse</b> squeeks. (196,84,2)
[02:10:50]EMOTE: *no key*/(mouse) : <b>The mouse</b> shakes. (163,109,2)
[02:10:50]SAY: Poly/ : I think it&#39;s delaminating (118,83,2)
[02:10:54]SAY: Nobody's Perfect/ : I knew it, I should&#39;ve been a plastic surgeon. (24,75,1)
[02:10:56]EMOTE: *no key*/(monkey (623)) : <b>The monkey (623)</b> waves her tail. (160,100,2)
[02:10:56]SAY: mouse/ : Squeek? (196,78,2)
[02:10:57]GAME: Emitter turned off by SeaMelonus/(Drone (447)) in (110,56,2)
[02:10:58]EMOTE: *no key*/(grey baby slime (796)) : <b>The grey baby slime (796)</b> jiggles! (176,92,2)
[02:10:58]SAY: mouse/ : Squeek? (109,105,2)
[02:10:58]SAY: Runtime/ : Purr! (160,109,2)
[02:11:00]EMOTE: *no key*/(crab) : <b>The crab</b> clacks. (99,120,5)
[02:11:10]EMOTE: *no key*/(mouse) : <b>The mouse</b> shakes. (151,145,2)
[02:11:14]SAY: mouse/ : SQUEEK! (163,108,2)
[02:11:20]EMOTE: *no key*/(monkey (623)) : <b>The monkey (623)</b> waves her tail. (158,101,2)
[02:11:24]SAY: Poly/ : Need anyting (118,83,2)
[02:11:26]SAY: Runtime/ : Purr! (160,109,2)
[02:11:32]SAY: mouse/ : Squeek! (83,135,2)
[02:11:32]EMOTE: *no key*/(mouse) : <b>The mouse</b> squeeks. (194,79,2)
[02:11:32]SAY: Medibot/ : There&#39;s always a catch, and I&#39;m the best there is. (155,73,1)
[02:11:34]SAY: mouse/ : Squeek? (151,145,2)
[02:11:34]EMOTE: *no key*/(crab) : <b>The crab</b> clacks. (140,133,14)
[02:11:36]EMOTE: *no key*/(mouse) : <b>The mouse</b> runs in a circle. (77,81,2)
[02:11:42]EMOTE: *no key*/(monkey (749)) : <b>The monkey (749)</b> waves his tail. (158,100,2)
[02:11:42]EMOTE: *no key*/(Paperwork) : <b>Paperwork</b> dozes off. (80,122,2)
[02:11:46]EMOTE: *no key*/(mouse) : <b>The mouse</b> squeeks. (109,106,2)
[02:11:46]EMOTE: *no key*/(crab) : <b>The crab</b> clicks. (139,134,14)
[02:11:48]EMOTE: *no key*/(mouse) : <b>The mouse</b> shakes. (52,157,2)
[02:11:54]EMOTE: *no key*/(monkey (623)) : <b>The monkey (623)</b> jumps! (161,101,2)
[02:11:54]EMOTE: *no key*/(monkey (904)) : <b>The monkey (904)</b> waves his tail. (160,117,2)
[02:11:54]EMOTE: *no key*/(crab) : <b>The crab</b> clicks. (139,134,14)
[02:11:58]EMOTE: *no key*/(crab) : <b>The crab</b> clacks. (102,120,5)
[02:12:00]EMOTE: *no key*/(crab) : <b>The crab</b> clacks. (114,117,5)
[02:12:02]EMOTE: *no key*/(crab) : <b>The crab</b> clacks. (102,120,5)
[02:12:04]EMOTE: *no key*/(grey baby slime (928)) : <b>The grey baby slime (928)</b> vibrates! (166,92,2)
[02:12:04]EMOTE: *no key*/(mouse) : <b>The mouse</b> runs in a circle. (175,147,2)
[02:12:06]EMOTE: *no key*/(crab) : <b>The crab</b> clicks. (140,133,14)
[02:12:08]EMOTE: *no key*/(monkey (981)) : <b>The monkey (981)</b> jumps! (160,116,2)
[02:12:08]SAY: mouse/ : Squeek? (95,153,2)
[02:12:10]SAY: mouse/ : SQUEEK! (52,157,2)
[02:12:14]EMOTE: *no key*/(mouse) : <b>The mouse</b> runs in a circle. (194,82,2)
[02:12:24]EMOTE: *no key*/(crab) : <b>The crab</b> clicks. (159,134,14)
[02:12:28]EMOTE: *no key*/(monkey (464)) : <b>The monkey (464)</b> scratches. (160,118,2)
[02:12:30]SAY: Nobody's Perfect/ : What kind of medbay is this? Everyone&#39;s dropping like flies. (24,75,1)
[02:12:32]EMOTE: *no key*/(crab) : <b>The crab</b> clacks. (109,126,5)
[02:12:32]EMOTE: *no key*/(crab) : <b>The crab</b> clicks. (115,117,5)
[02:12:36]EMOTE: *no key*/(mouse) : <b>The mouse</b> runs in a circle. (104,104,2)
[02:12:38]EMOTE: *no key*/(monkey (623)) : <b>The monkey (623)</b> rolls. (160,100,2)
[02:12:44]EMOTE: *no key*/(crab) : <b>The crab</b> clacks. (110,126,5)
[02:12:46]EMOTE: *no key*/(Runtime) : <b>Runtime</b> stretches out for a belly rub. (160,109,2)
[02:12:51]SAY: mouse/ : Squeek? (197,85,2)
[02:12:51]EMOTE: *no key*/(crab) : <b>The crab</b> clacks. (138,133,14)
[02:12:53]EMOTE: *no key*/(Ian) : <b>Ian</b> woofs! (110,116,2)
[02:13:05]SAY: Poly/ : GET OUT OF HERE!! (118,83,2)
[02:13:09]SAY: Runtime/ : HSSSSS (160,109,2)
[02:13:21]EMOTE: *no key*/(crab) : <b>The crab</b> clicks. (161,134,14)
[02:13:21]SAY: Poly/ : Awsome (118,83,2)
[02:13:22]EMOTE: *no key*/(grey baby slime (796)) : <b>The grey baby slime (796)</b> lights up for a bit, then stops. (177,94,2)
[02:13:23]EMOTE: *no key*/(mouse) : <b>The mouse</b> squeeks. (196,84,2)
[02:13:23]SAY: Nobody's Perfect/ : Radar, put a mask on! (24,75,1)
[02:13:25]EMOTE: *no key*/(mouse) : <b>The mouse</b> runs in a circle. (51,155,2)
[02:13:34]EMOTE: *no key*/(monkey (262)) : <b>The monkey (262)</b> waves his tail. (160,100,2)
[02:13:35]EMOTE: *no key*/(Paperwork) : <b>Paperwork</b> snores. (80,124,2)
[02:13:37]SAY: mouse/ : SQUEEK! (154,146,2)
[02:13:39]EMOTE: *no key*/(Ian) : <b>Ian</b> yaps. (110,116,2)
[02:13:45]EMOTE: *no key*/(Runtime) : <b>Runtime</b> meows. (160,109,2)
[02:13:46]EMOTE: *no key*/(monkey (981)) : <b>The monkey (981)</b> rolls. (160,120,2)
[02:13:49]EMOTE: *no key*/(mouse) : <b>The mouse</b> shakes. (95,82,2)
[02:13:49]SAY: Accidents Happen/ : Delicious! (77,144,3)
[02:13:51]EMOTE: *no key*/(mouse) : <b>The mouse</b> runs in a circle. (50,156,2)
[02:13:52]EMOTE: *no key*/(Runtime) : <b>Runtime</b> walks around. (160,109,2)
[02:13:55]EMOTE: *no key*/(mouse) : <b>The mouse</b> squeeks. (97,158,2)
[02:14:01]SAY: Poly/ : GET OUT OF HERE!! (118,83,2)
[02:14:05]EMOTE: *no key*/(Paperwork) : <b>Paperwork</b> dozes off. (78,123,2)
[02:14:15]EMOTE: *no key*/(mouse) : <b>The mouse</b> squeeks. (94,82,2)
[02:14:18]EMOTE: *no key*/(grey baby slime (796)) : <b>The grey baby slime (796)</b> vibrates! (177,94,2)
[02:14:18]EMOTE: *no key*/(Runtime) : <b>Runtime</b> wags its tail. (160,109,2)
[02:14:29]SAY: mouse/ : SQUEEK! (163,92,2)
[02:14:37]SAY: Babbe/ : noot noot (144,132,2)
[02:14:47]EMOTE: *no key*/(Paperwork) : <b>Paperwork</b> snores. (77,122,2)
[02:14:48]EMOTE: *no key*/(monkey (623)) : <b>The monkey (623)</b> jumps! (158,100,2)
[02:14:53]SAY: Accidents Happen/ : There&#39;s always a catch, and I&#39;m the best there is. (77,144,3)
[02:15:00]EMOTE: *no key*/(grey baby slime (796)) : <b>The grey baby slime (796)</b> bounces in place. (176,93,2)
[02:15:00]EMOTE: *no key*/(monkey (464)) : <b>The monkey (464)</b> rolls. (160,118,2)
[02:15:01]EMOTE: *no key*/(Ian) : <b>Ian</b> shivers. (110,116,2)
[02:15:10]EMOTE: *no key*/(monkey (594)) : <b>The monkey (594)</b> rolls. (157,101,2)
[02:15:17]SAY: mouse/ : Squeek? (79,131,2)
[02:15:22]EMOTE: *no key*/(monkey (5)) : <b>The monkey (5)</b> jumps! (161,120,2)
[02:15:24]EMOTE: *no key*/(monkey (623)) : <b>The monkey (623)</b> jumps! (161,99,2)
[02:15:29]SAY: Medibot/ : There&#39;s always a catch, and I&#39;m the best there is. (147,32,10)
[02:15:32]EMOTE: *no key*/(grey baby slime (796)) : <b>The grey baby slime (796)</b> lights up for a bit, then stops. (176,92,2)
[02:15:33]GAME: Random Event triggering: False Alarm (/datum/round_event/falsealarm)
[02:15:35]EMOTE: *no key*/(mouse) : <b>The mouse</b> squeeks. (193,82,2)
[02:15:35]EMOTE: *no key*/(crab) : <b>The crab</b> clacks. (101,120,5)
[02:15:44]SAY: grey baby slime (928)/ : Blop... (167,94,2)
[02:15:47]EMOTE: *no key*/(mouse) : <b>The mouse</b> runs in a circle. (198,85,2)
[02:15:47]EMOTE: *no key*/(crab) : <b>The crab</b> clacks. (138,133,14)
[02:15:47]EMOTE: *no key*/(Paperwork) : <b>Paperwork</b> snores. (78,122,2)
[02:15:52]EMOTE: *no key*/(monkey (252)) : <b>The monkey (252)</b> rolls. (160,117,2)
[02:15:53]EMOTE: *no key*/(mouse) : <b>The mouse</b> runs in a circle. (176,148,2)
[02:15:53]SAY: Poly/ : YOU&#39;LL MAKE A FINE PAIR OF BOOTS, LIZARD!!! (118,83,2)
[02:15:54]EMOTE: *no key*/(monkey (594)) : <b>The monkey (594)</b> scratches. (157,99,2)
[02:15:57]SAY: mouse/ : SQUEEK! (91,82,2)
[02:16:00]EMOTE: *no key*/(grey baby slime (928)) : <b>The grey baby slime (928)</b> jiggles! (166,93,2)
[02:16:08]ACCESS: Login: TwoTar from 216.81.26.138-3320148086 || BYOND v512
[02:16:08]ACCESS: Mob Login: TwoTar/(TwoTar) was assigned to a /mob/dead/new_player
[02:16:08]ACCESS: Failed Login: TwoTar 3320148086 216.81.26.138 - CID randomizer check
[02:16:10]ACCESS: Logout: TwoTar/(TwoTar)
[02:16:12]ACCESS: Login: TwoTar from 216.81.26.138-3320148086 || BYOND v512
[02:16:12]ACCESS: Mob Login: TwoTar/(TwoTar) was assigned to a /mob/dead/new_player
[02:16:13]EMOTE: *no key*/(monkey (911)) : <b>The monkey (911)</b> scratches. (160,117,2)
[02:16:18]EMOTE: *no key*/(mouse) : <b>The mouse</b> squeeks. (195,77,2)
[02:16:28]EMOTE: *no key*/(mouse) : <b>The mouse</b> runs in a circle. (90,82,2)
[02:16:28]EMOTE: *no key*/(mouse) : <b>The mouse</b> runs in a circle. (79,132,2)
[02:16:28]SAY: Babbe/ : noot noot (144,133,2)
[02:16:29]EMOTE: *no key*/(monkey (749)) : <b>The monkey (749)</b> jumps! (160,100,2)
[02:16:30]SAY: Accidents Happen/ : I knew it, I should&#39;ve been a plastic surgeon. (77,144,3)
[02:16:37]EMOTE: *no key*/(grey baby slime (796)) : <b>The grey baby slime (796)</b> vibrates! (177,94,2)
[02:16:40]SAY: mouse/ : SQUEEK! (195,77,2)
[02:17:00]ACCESS: Mob Login: TwoTar/(ghost) was assigned to a /mob/dead/observer
[02:17:00]EMOTE: *no key*/(mouse) : <b>The mouse</b> shakes. (76,82,2)
[02:17:00]SAY: Poly/ : Awsome (118,83,2)
[02:17:05]EMOTE: *no key*/(monkey (5)) : <b>The monkey (5)</b> scratches. (161,117,2)
[02:17:10]SAY: Accidents Happen/ : Radar, put a mask on! (77,144,3)
[02:17:11]ACCESS: Logout: SeaMelonus/(Drone (447))
[02:17:16]SAY: Tyron Jamal/Davidththird : hey\ (150,138,2)
[02:17:18]SAY: Tyron Jamal/Davidththird : pete (150,138,2)
[02:17:23]SAY: Tyron Jamal/Davidththird : do you even (150,138,2)
[02:17:24]SAY: Tyron Jamal/Davidththird : like (150,138,2)
[02:17:25]SAY: Tyron Jamal/Davidththird : hh (150,138,2)
[02:17:29]SAY: mouse/ : Squeek? (79,134,2)
[02:17:29]EMOTE: *no key*/(mouse) : <b>The mouse</b> runs in a circle. (194,82,2)
[02:17:29]SAY: Medibot/ : I knew it, I should&#39;ve been a plastic surgeon. (147,32,10)
[02:17:30]EMOTE: *no key*/(monkey (911)) : <b>The monkey (911)</b> waves her tail. (160,117,2)
[02:17:32]SAY: Tyron Jamal/Davidththird : okay okay (150,138,2)
[02:17:35]SAY: mouse/ : Squeek? (108,106,2)
[02:17:35]SAY: Tyron Jamal/Davidththird : sorry man (150,138,2)
[02:17:43]SAY: Poly/ : The mime spoke, this is rape. (118,83,2)
[02:17:45]SAY: Medibot/ : What kind of medbay is this? Everyone&#39;s dropping like flies. (155,73,1)
[02:17:45]SAY: Accidents Happen/ : Delicious! (77,144,3)
[02:17:47]SAY: Nobody's Perfect/ : Delicious! (24,75,1)
[02:17:55]SAY: Medibot/ : I knew it, I should&#39;ve been a plastic surgeon. (154,73,1)
[02:17:55]EMOTE: *no key*/(crab) : <b>The crab</b> clicks. (141,134,14)
[02:17:59]EMOTE: *no key*/(mouse) : <b>The mouse</b> shakes. (93,153,2)
[02:17:59]EMOTE: *no key*/(crab) : <b>The crab</b> clicks. (122,117,5)
[02:18:03]EMOTE: *no key*/(Tom) : <b>Tom</b> squeeks. (101,182,2)
[02:18:04]EMOTE: *no key*/(monkey (464)) : <b>The monkey (464)</b> scratches. (161,116,2)
[02:18:10]EMOTE: *no key*/(monkey (749)) : <b>The monkey (749)</b> jumps! (158,99,2)
[02:18:14]EMOTE: *no key*/(Runtime) : <b>Runtime</b> lies down. (160,109,2)
[02:18:20]EMOTE: *no key*/(Runtime) : <b>Runtime</b> lies down. (160,109,2)
[02:18:21]EMOTE: *no key*/(mouse) : <b>The mouse</b> runs in a circle. (79,133,2)
[02:18:21]SAY: Poly/ : All I need (118,83,2)
[02:18:26]EMOTE: *no key*/(monkey (464)) : <b>The monkey (464)</b> jumps! (160,117,2)
[02:18:27]EMOTE: *no key*/(butterfly) : <b>The butterfly</b> stops moving... (192,176,7)
[02:18:30]SAY: Tyron Jamal/Davidththird : hey (161,115,2)
[02:18:35]SAY: Tyron Jamal/Davidththird : do you people (161,115,2)
[02:18:39]SAY: Tyron Jamal/Davidththird : even speek (161,115,2)
[02:18:40]EMOTE: *no key*/(monkey (749)) : <b>The monkey (749)</b> rolls. (157,99,2)
[02:18:42]GAME: twotar became 
[02:18:42]ACCESS: Mob Login: twotar/(Emmanuel Archibald) was assigned to a /mob/living/carbon/human
[02:18:42]SAY: Tyron Jamal/Davidththird : speak (161,115,2)
[02:18:51]SAY: Tyron Jamal/Davidththird : hey (161,115,2)
[02:18:52]EMOTE: *no key*/(monkey (252)) : <b>The monkey (252)</b> scratches. (161,116,2)
[02:18:54]SAY: Tyron Jamal/Davidththird : no? (161,115,2)
[02:18:58]SAY: Tyron Jamal/Davidththird : okay cool (161,115,2)
[02:19:01]SAY: Emmanuel Archibald/twotar : Oi (151,155,14)
[02:19:07]SAY: Tyron Jamal/Davidththird : yo (161,115,2)
[02:19:09]SAY: mouse/ : Squeek! (177,148,2)
[02:19:09]SAY: Tom/ : Squeek! (102,182,2)
[02:19:11]EMOTE: *no key*/(crab) : <b>The crab</b> clacks. (122,117,5)
[02:19:21]EMOTE: *no key*/(mouse) : <b>The mouse</b> squeeks. (194,82,2)
[02:19:22]EMOTE: *no key*/(monkey (641)) : <b>The monkey (641)</b> rolls. (161,101,2)
[02:19:23]SAY: Babbe/ : noo! (143,133,2)
[02:19:25]SAY: Emmanuel Archibald/twotar : How many people are there on your spess thing (151,153,14)
[02:19:32]SAY: Tyron Jamal/Davidththird : I dunno (146,114,2)
[02:19:35]EMOTE: *no key*/(crab) : <b>The crab</b> clacks. (137,134,14)
[02:19:37]EMOTE: *no key*/(mouse) : <b>The mouse</b> shakes. (104,103,2)
[02:19:37]SAY: Tyron Jamal/Davidththird : theres a traitor though (146,114,2)
[02:19:43]SAY: Emmanuel Archibald/twotar : Huh (128,137,14)
[02:19:45]EMOTE: *no key*/(mouse) : <b>The mouse</b> shakes. (163,89,2)
[02:19:50]EMOTE: *no key*/(monkey (464)) : <b>The monkey (464)</b> rolls. (160,116,2)
[02:19:53]SAY: mouse/ : SQUEEK! (162,110,2)
[02:19:56]GAME: Random Event triggering: Minor Space Dust (/datum/round_event/space_dust)
[02:19:57]EMOTE: *no key*/(mouse) : <b>The mouse</b> shakes. (179,148,2)
[02:19:58]EMOTE: *no key*/(grey baby slime (796)) : <b>The grey baby slime (796)</b> jiggles! (177,93,2)
[02:20:01]EMOTE: *no key*/(mouse) : <b>The mouse</b> runs in a circle. (104,103,2)
[02:20:04]EMOTE: *no key*/(monkey (594)) : <b>The monkey (594)</b> jumps! (157,99,2)
[02:20:05]SAY: Poly/ : I NEED THE PLASTEEL YOU GOT (118,83,2)
[02:20:06]EMOTE: *no key*/(monkey (252)) : <b>The monkey (252)</b> jumps! (161,117,2)
[02:20:06]EMOTE: *no key*/(monkey (464)) : <b>The monkey (464)</b> scratches. (161,116,2)
[02:20:07]EMOTE: *no key*/(crab) : <b>The crab</b> clacks. (136,133,14)
[02:20:09]SAY: Tyron Jamal/Davidththird : okay what the fuck (113,137,2)
[02:20:09]EMOTE: *no key*/(mouse) : <b>The mouse</b> shakes. (108,108,2)
[02:20:13]EMOTE: *no key*/(crab) : <b>The crab</b> clicks. (124,135,14)
[02:20:15]EMOTE: *no key*/(crab) : <b>The crab</b> clicks. (124,135,14)
[02:20:19]EMOTE: *no key*/(Paperwork) : <b>Paperwork</b> looks around sleepily. (83,121,2)
[02:20:19]SAY: Officer Beepsky/ : Engaging patrol mode. (97,140,2)
[02:20:26]EMOTE: *no key*/(Runtime) : <b>Runtime</b> looks alert. (160,109,2)
[02:20:30]EMOTE: *no key*/(Runtime) : <b>Runtime</b> looks alert. (160,109,2)
[02:20:33]SAY: Tyron Jamal/Davidththird : yee haw (119,133,2)
[02:20:34]EMOTE: *no key*/(monkey (749)) : <b>The monkey (749)</b> waves his tail. (158,101,2)
[02:20:35]EMOTE: *no key*/(mouse) : <b>The mouse</b> runs in a circle. (88,82,2)
[02:20:39]SAY: Accidents Happen/ : What kind of medbay is this? Everyone&#39;s dropping like flies. (77,144,3)
[02:20:39]EMOTE: *no key*/(crab) : <b>The crab</b> clacks. (124,135,14)
[02:20:45]EMOTE: *no key*/(mouse) : <b>The mouse</b> squeeks. (110,108,2)
[02:20:49]EMOTE: *no key*/(crab) : <b>The crab</b> clicks. (100,120,5)
[02:20:53]SAY: Emmanuel Archibald/twotar : Im at the gateway thingy (92,148,2)
[02:20:55]SAY: mouse/ : Squeek! (87,82,2)
[02:20:58]SAY: Emmanuel Archibald/twotar : Kinda stuck (92,148,2)
[02:20:59]EMOTE: *no key*/(crab) : <b>The crab</b> clicks. (122,135,14)
[02:21:01]EMOTE: *no key*/(crab) : <b>The crab</b> clicks. (99,120,5)
[02:21:02]SAY: grey baby slime (796)/ : Blop... (177,94,2)
[02:21:02]EMOTE: *no key*/(grey baby slime (928)) : <b>The grey baby slime (928)</b> bounces in place. (165,92,2)
[02:21:03]SAY: mouse/ : Squeek! (162,90,2)
[02:21:03]SAY: Nobody's Perfect/ : What kind of medbay is this? Everyone&#39;s dropping like flies. (24,75,1)
[02:21:04]EMOTE: *no key*/(monkey (981)) : <b>The monkey (981)</b> scratches. (161,119,2)
[02:21:05]EMOTE: *no key*/(crab) : <b>The crab</b> clacks. (99,120,5)
[02:21:05]EMOTE: *no key*/(crab) : <b>The crab</b> clacks. (138,134,14)
[02:21:07]EMOTE: *no key*/(mouse) : <b>The mouse</b> shakes. (75,82,2)
[02:21:07]EMOTE: *no key*/(mouse) : <b>The mouse</b> squeeks. (196,78,2)
[02:21:09]SAY: mouse/ : Squeek? (179,148,2)
[02:21:11]SAY: Medibot/ : Delicious! (147,32,10)
[02:21:13]SAY: Medibot/ : Radar, put a mask on! (147,32,10)
[02:21:15]EMOTE: *no key*/(Ian) : <b>Ian</b> yaps. (109,121,2)
[02:21:31]SAY: Tyron Jamal/Davidththird : hey fellas (113,137,2)
[02:21:33]SAY: Officer Beepsky/ : Engaging patrol mode. (97,140,2)
[02:21:38]EMOTE: *no key*/(Runtime) : <b>Runtime</b> lies down. (160,109,2)
[02:21:42]SAY: Tyron Jamal/Davidththird : should I call the shuttle (113,137,2)
[02:21:43]SAY: mouse/ : SQUEEK! (196,99,2)
[02:21:44]EMOTE: *no key*/(monkey (623)) : <b>The monkey (623)</b> jumps! (157,99,2)
[02:21:48]EMOTE: *no key*/(Runtime) : <b>Runtime</b> stops resting. (160,109,2)
[02:21:52]SAY: Emmanuel Archibald/twotar : i mean (92,149,2)
[02:21:53]SAY: Emmanuel Archibald/twotar : Sure (92,149,2)
[02:22:10]SAY: Emmanuel Archibald/twotar : Im still stuck in the gateway thing btw (92,149,2)
[02:22:16]GAME: Davidththird/(Tyron Jamal) has called the shuttle.
[02:22:16]GAME: Shuttle call reason: the lights went off and I&#39;m scared
[02:22:21]SAY: mouse/ : SQUEEK! (196,99,2)
[02:22:27]SAY: mouse/ : SQUEEK! (52,156,2)
[02:22:29]EMOTE: *no key*/(crab) : <b>The crab</b> clicks. (141,133,14)
[02:22:35]EMOTE: *no key*/(Runtime) : <b>Runtime</b> shivers. (160,109,2)
[02:22:41]SAY: mouse/ : SQUEEK! (196,101,2)
[02:22:44]EMOTE: *no key*/(Runtime) : <b>Runtime</b> crouches on its hind legs. (160,109,2)
[02:22:45]EMOTE: *no key*/(mouse) : <b>The mouse</b> squeeks. (79,134,2)
[02:22:47]EMOTE: *no key*/(mouse) : <b>The mouse</b> shakes. (163,107,2)
[02:22:47]SAY: Officer Beepsky/ : Engaging patrol mode. (97,140,2)
[02:22:53]EMOTE: *no key*/(Paperwork) : <b>Paperwork</b> snores. (81,123,2)
[02:22:56]EMOTE: *no key*/(Runtime) : <b>Runtime</b> stretches out for a belly rub. (160,109,2)
[02:23:07]EMOTE: *no key*/(crab) : <b>The crab</b> clicks. (140,133,14)
[02:23:07]SAY: Nobody's Perfect/ : There&#39;s always a catch, and I&#39;m the best there is. (24,75,1)
[02:23:15]EMOTE: *no key*/(mouse) : <b>The mouse</b> runs in a circle. (76,82,2)
[02:23:24]EMOTE: *no key*/(mouse) : <b>The mouse</b> runs in a circle. (154,88,2)
[02:23:24]EMOTE: *no key*/(monkey (252)) : <b>The monkey (252)</b> waves his tail. (161,117,2)
[02:23:30]SAY: mouse/ : SQUEEK! (196,82,2)
[02:23:32]SAY: mouse/ : Squeek! (154,88,2)
[02:23:32]EMOTE: *no key*/(penguin) : <b>Babbe</b> preens itself. (144,138,2)
[02:23:34]EMOTE: *no key*/(monkey (641)) : <b>The monkey (641)</b> waves his tail. (161,100,2)
[02:23:36]EMOTE: *no key*/(penguin) : <b>Babbe</b> noots. (144,137,2)
[02:23:38]EMOTE: *no key*/(monkey (262)) : <b>The monkey (262)</b> jumps! (157,99,2)
[02:23:42]SAY: Medibot/ : Delicious! (154,73,1)
[02:23:42]SAY: Poly/ : OH NO! (118,83,2)
[02:23:46]EMOTE: *no key*/(Runtime) : <b>Runtime</b> looks alert. (160,109,2)
[02:23:46]SAY: mouse/ : Squeek! (181,148,2)
[02:23:52]EMOTE: *no key*/(monkey (981)) : <b>The monkey (981)</b> waves his tail. (161,118,2)
[02:23:56]EMOTE: *no key*/(monkey (594)) : <b>The monkey (594)</b> waves his tail. (158,100,2)
[02:23:58]SAY: mouse/ : Squeek! (76,81,2)
[02:24:02]SAY: Officer Beepsky/ : Engaging patrol mode. (97,140,2)
[02:24:12]EMOTE: *no key*/(crab) : <b>The crab</b> clacks. (130,133,14)
[02:24:18]SAY: Medibot/ : Delicious! (147,32,10)
[02:24:20]SAY: Poly/ : Guysss, vault isss jussst (118,83,2)
[02:24:24]SAY: Medibot/ : Radar, put a mask on! (147,32,10)
[02:24:26]EMOTE: *no key*/(mouse) : <b>The mouse</b> runs in a circle. (154,89,2)
[02:24:30]EMOTE: *no key*/(monkey (252)) : <b>The monkey (252)</b> waves his tail. (160,118,2)
[02:24:30]EMOTE: *no key*/(mouse) : <b>The mouse</b> squeeks. (196,99,2)
[02:24:38]EMOTE: *no key*/(crab) : <b>The crab</b> clicks. (168,134,14)
[02:24:44]SAY: mouse/ : Squeek! (76,82,2)
[02:24:48]EMOTE: *no key*/(mouse) : <b>The mouse</b> runs in a circle. (75,82,2)
[02:24:48]EMOTE: *no key*/(Poly) : <b>Poly</b> squawks. (118,83,2)
[02:25:00]EMOTE: *no key*/(mouse) : <b>The mouse</b> squeeks. (75,82,2)
[02:25:02]SAY: mouse/ : Squeek! (79,134,2)
[02:25:08]EMOTE: *no key*/(mouse) : <b>The mouse</b> shakes. (152,143,2)
[02:25:09]GAME: Emitter lost power in (110,56,2)
[02:25:09]GAME: Emitter lost power in (116,57,2)
[02:25:09]GAME: Emitter lost power in (110,57,2)
[02:25:12]EMOTE: *no key*/(crab) : <b>The crab</b> clacks. (129,135,14)
[02:25:16]SAY: Officer Beepsky/ : Engaging patrol mode. (97,140,2)
[02:25:20]SAY: mouse/ : Squeek? (107,105,2)
[02:25:22]SAY: mouse/ : SQUEEK! (199,85,2)
[02:25:26]EMOTE: *no key*/(monkey (464)) : <b>The monkey (464)</b> jumps! (160,116,2)
[02:25:28]SAY: Medibot/ : There&#39;s always a catch, and I&#39;m the best there is. (147,32,10)
[02:25:30]EMOTE: *no key*/(crab) : <b>The crab</b> clicks. (143,133,14)
[02:25:34]SAY: Runtime/ : Esp! (160,109,2)
[02:25:42]EMOTE: *no key*/(mouse) : <b>The mouse</b> shakes. (50,155,2)
[02:25:51]EMOTE: *no key*/(mouse) : <b>The mouse</b> shakes. (50,156,2)
[02:25:53]SAY: Ian/ : Woof! (109,120,2)
[02:25:56]EMOTE: *no key*/(monkey (262)) : <b>The monkey (262)</b> scratches. (160,101,2)
[02:25:59]SAY: Medibot/ : There&#39;s always a catch, and I&#39;m the best there is. (147,32,10)
[02:25:59]EMOTE: *no key*/(crab) : <b>The crab</b> clicks. (134,134,14)
[02:26:06]EMOTE: *no key*/(monkey (981)) : <b>The monkey (981)</b> rolls. (160,117,2)
[02:26:13]SAY: mouse/ : SQUEEK! (196,98,2)
[02:26:13]SAY: Medibot/ : I knew it, I should&#39;ve been a plastic surgeon. (147,32,10)
[02:26:24]EMOTE: *no key*/(monkey (981)) : <b>The monkey (981)</b> scratches. (160,117,2)
[02:26:25]EMOTE: *no key*/(crab) : <b>The crab</b> clicks. (136,134,14)
[02:26:31]SAY: Officer Beepsky/ : Engaging patrol mode. (97,140,2)
[02:26:33]SAY: mouse/ : Squeek! (106,109,2)
[02:26:36]EMOTE: *no key*/(monkey (5)) : <b>The monkey (5)</b> rolls. (160,118,2)
[02:26:43]EMOTE: *no key*/(crab) : <b>The crab</b> clacks. (164,134,14)
[02:26:49]EMOTE: *no key*/(crab) : <b>The crab</b> clicks. (135,134,14)
[02:26:51]SAY: mouse/ : SQUEEK! (180,149,2)
[02:26:53]EMOTE: *no key*/(crab) : <b>The crab</b> clacks. (110,117,5)
[02:26:53]SAY: Nobody's Perfect/ : There&#39;s always a catch, and I&#39;m the best there is. (24,75,1)
[02:26:59]SAY: mouse/ : Squeek! (105,109,2)
[02:26:59]EMOTE: *no key*/(mouse) : <b>The mouse</b> shakes. (163,102,2)
[02:27:01]SAY: mouse/ : Squeek! (198,86,2)
[02:27:07]SAY: Babbe/ : gah (143,138,2)
[02:27:08]EMOTE: *no key*/(monkey (262)) : <b>The monkey (262)</b> rolls. (161,101,2)
[02:27:21]SAY: Medibot/ : What kind of medbay is this? Everyone&#39;s dropping like flies. (154,73,1)
[02:27:22]EMOTE: *no key*/(monkey (594)) : <b>The monkey (594)</b> rolls. (160,100,2)
[02:27:33]SAY: Tom/ : Squeek? (102,181,2)
[02:27:35]EMOTE: *no key*/(mouse) : <b>The mouse</b> shakes. (79,134,2)
[02:27:35]SAY: mouse/ : Squeek! (180,148,2)
[02:27:35]SAY: Poly/ : Oh that (118,83,2)
[02:27:36]GAME: Random Event triggering: False Alarm (/datum/round_event/falsealarm)
[02:27:37]SAY: Medibot/ : Delicious! (154,73,1)
[02:27:37]EMOTE: *no key*/(crab) : <b>The crab</b> clacks. (134,133,14)
[02:27:39]EMOTE: *no key*/(crab) : <b>The crab</b> clacks. (99,120,5)
[02:27:39]SAY: Runtime/ : Purr! (160,109,2)
[02:27:45]EMOTE: *no key*/(mouse) : <b>The mouse</b> shakes. (195,78,2)
[02:27:45]SAY: Officer Beepsky/ : Engaging patrol mode. (97,140,2)
[02:27:49]EMOTE: *no key*/(crab) : <b>The crab</b> clicks. (114,126,5)
[02:27:55]EMOTE: *no key*/(Poly) : <b>Poly</b> bawks! (118,83,2)
[02:27:58]ACCESS: Mob Login: twotar/(Emmanuel Archibald) was assigned to a /mob/dead/observer
[02:28:01]EMOTE: *no key*/(Tom) : <b>Tom</b> shakes. (102,183,2)
[02:28:06]EMOTE: *no key*/(grey baby slime (796)) : <b>The grey baby slime (796)</b> bounces in place. (175,94,2)
[02:28:11]EMOTE: *no key*/(Runtime) : <b>Runtime</b> shakes its head. (160,109,2)
[02:28:11]SAY: Nobody's Perfect/ : What kind of medbay is this? Everyone&#39;s dropping like flies. (24,75,1)
[02:28:13]SAY: Tom/ : Squeek? (102,183,2)
[02:28:17]EMOTE: *no key*/(mouse) : <b>The mouse</b> squeeks. (79,134,2)
[02:28:19]SAY: Accidents Happen/ : I knew it, I should&#39;ve been a plastic surgeon. (77,144,3)
[02:28:23]EMOTE: *no key*/(mouse) : <b>The mouse</b> shakes. (79,134,2)
[02:28:28]EMOTE: *no key*/(monkey (981)) : <b>The monkey (981)</b> waves his tail. (161,117,2)
[02:28:36]GAME: twotar became Beach Bum
[02:28:36]ACCESS: Mob Login: twotar/(Mauricio Bicknell) was assigned to a /mob/living/carbon/human
[02:28:39]EMOTE: *no key*/(mouse) : <b>The mouse</b> runs in a circle. (51,156,2)
[02:28:39]SAY: Nobody's Perfect/ : Delicious! (24,75,1)
[02:28:41]SAY: mouse/ : SQUEEK! (200,91,2)
[02:28:41]SAY: Poly/ : Can a borg come to cent access and help me? (118,83,2)
[02:28:49]EMOTE: *no key*/(crab) : <b>The crab</b> clicks. (114,126,5)
[02:28:51]SAY: Poly/ : I think it&#39;s delaminating (118,83,2)
[02:28:53]SAY: mouse/ : SQUEEK! (200,87,2)
[02:28:57]EMOTE: *no key*/(Runtime) : <b>Runtime</b> shivers. (160,109,2)
[02:28:59]SAY: Officer Beepsky/ : Engaging patrol mode. (97,140,2)
[02:29:05]EMOTE: *no key*/(crab) : <b>The crab</b> clicks. (132,134,14)
[02:29:07]EMOTE: *no key*/(Paperwork) : <b>Paperwork</b> dozes off. (83,122,2)
[02:29:09]SAY: Medibot/ : Delicious! (147,32,10)
[02:29:10]EMOTE: *no key*/(monkey (5)) : <b>The monkey (5)</b> waves his tail. (161,119,2)
[02:29:11]EMOTE: *no key*/(crab) : <b>The crab</b> clicks. (138,133,14)
[02:29:15]EMOTE: *no key*/(mouse) : <b>The mouse</b> runs in a circle. (196,100,2)
[02:29:19]EMOTE: *no key*/(mouse) : <b>The mouse</b> shakes. (200,91,2)
[02:29:21]EMOTE: *no key*/(mouse) : <b>The mouse</b> shakes. (50,156,2)
[02:29:23]EMOTE: *no key*/(mouse) : <b>The mouse</b> squeeks. (154,86,2)
[02:29:24]EMOTE: *no key*/(monkey (623)) : <b>The monkey (623)</b> scratches. (161,99,2)
[02:29:24]EMOTE: *no key*/(monkey (594)) : <b>The monkey (594)</b> waves his tail. (157,100,2)
[02:29:25]SAY: Poly/ : IT ES MI WEAPON NOW OLE! (118,83,2)
[02:29:29]EMOTE: *no key*/(mouse) : <b>The mouse</b> runs in a circle. (200,87,2)
[02:29:32]SAY: grey baby slime (928)/ : Hungry... (166,92,2)
[02:29:37]EMOTE: *no key*/(mouse) : <b>The mouse</b> squeeks. (163,93,2)
[02:29:37]SAY: Medibot/ : What kind of medbay is this? Everyone&#39;s dropping like flies. (155,73,1)
[02:29:37]SAY: Poly/ : Umm (118,83,2)
[02:29:39]EMOTE: *no key*/(Tom) : <b>Tom</b> squeeks. (101,182,2)
[02:29:41]SAY: Medibot/ : Delicious! (147,32,10)
[02:29:41]SAY: Babbe/ : gah (144,138,2)
[02:29:43]SAY: Nobody's Perfect/ : Radar, put a mask on! (24,75,1)
[02:29:47]EMOTE: *no key*/(mouse) : <b>The mouse</b> runs in a circle. (154,87,2)
[02:29:47]EMOTE: *no key*/(crab) : <b>The crab</b> clicks. (167,134,14)
[02:29:49]EMOTE: *no key*/(mouse) : <b>The mouse</b> squeeks. (200,86,2)
[02:29:49]SAY: Nobody's Perfect/ : What kind of medbay is this? Everyone&#39;s dropping like flies. (24,75,1)
[02:29:53]SAY: Medibot/ : Radar, put a mask on! (155,73,1)
[02:30:03]EMOTE: *no key*/(crab) : <b>The crab</b> clacks. (165,134,14)
[02:30:07]EMOTE: *no key*/(mouse) : <b>The mouse</b> squeeks. (196,99,2)
[02:30:11]EMOTE: *no key*/(monkey (904)) : <b>The monkey (904)</b> waves his tail. (160,117,2)
[02:30:13]EMOTE: *no key*/(Runtime) : <b>Runtime</b> wags its tail. (160,109,2)
[02:30:14]SAY: Officer Beepsky/ : Engaging patrol mode. (97,140,2)
[02:30:22]SAY: Runtime/ : Purr! (160,109,2)
[02:30:23]EMOTE: *no key*/(grey baby slime (796)) : <b>The grey baby slime (796)</b> vibrates! (175,92,2)
[02:30:24]EMOTE: *no key*/(crab) : <b>The crab</b> clicks. (141,133,14)
[02:30:28]EMOTE: *no key*/(crab) : <b>The crab</b> clicks. (141,133,14)
[02:30:30]EMOTE: *no key*/(crab) : <b>The crab</b> clacks. (135,134,14)
[02:30:32]EMOTE: *no key*/(crab) : <b>The crab</b> clacks. (116,126,5)
[02:30:36]EMOTE: *no key*/(mouse) : <b>The mouse</b> squeeks. (77,81,2)
[02:30:36]SAY: Tom/ : Squeek! (102,182,2)
[02:30:40]EMOTE: *no key*/(crab) : <b>The crab</b> clicks. (134,135,14)
[02:30:40]EMOTE: *no key*/(penguin) : <b>Babbe</b> noots. (143,138,2)
[02:30:44]EMOTE: *no key*/(mouse) : <b>The mouse</b> squeeks. (105,107,2)
[02:30:52]EMOTE: *no key*/(monkey (911)) : <b>The monkey (911)</b> waves her tail. (160,117,2)
[02:30:54]EMOTE: *no key*/(crab) : <b>The crab</b> clacks. (102,120,5)
[02:31:12]EMOTE: *no key*/(penguin) : <b>Babbe</b> gakkers! (144,138,2)
[02:31:14]SAY: mouse/ : Squeek? (196,96,2)
[02:31:22]SAY: Medibot/ : There&#39;s always a catch, and I&#39;m the best there is. (154,73,1)
[02:31:22]SAY: Medibot/ : What kind of medbay is this? Everyone&#39;s dropping like flies. (147,32,10)
[02:31:28]SAY: Officer Beepsky/ : Engaging patrol mode. (97,140,2)
[02:31:32]SAY: Runtime/ : HSSSSS (160,109,2)
[02:31:36]SAY: mouse/ : SQUEEK! (193,82,2)
[02:31:38]SAY: Poly/ : I need toolbelt (118,83,2)
[02:31:38]EMOTE: *no key*/(Runtime) : <b>Runtime</b> gets up and meows. (160,109,2)
[02:31:40]SAY: mouse/ : Squeek? (194,82,2)
[02:31:46]EMOTE: *no key*/(Runtime) : <b>Runtime</b> grooms its fur. (159,109,2)
[02:31:50]SAY: mouse/ : SQUEEK! (198,85,2)
[02:31:52]EMOTE: *no key*/(crab) : <b>The crab</b> clacks. (116,126,5)
[02:31:54]EMOTE: *no key*/(monkey (749)) : <b>The monkey (749)</b> scratches. (161,99,2)
[02:32:00]EMOTE: *no key*/(crab) : <b>The crab</b> clacks. (130,135,14)
[02:32:04]EMOTE: *no key*/(grey baby slime (928)) : <b>The grey baby slime (928)</b> bounces in place. (167,93,2)
[02:32:10]EMOTE: *no key*/(crab) : <b>The crab</b> clicks. (164,134,14)
[02:32:27]EMOTE: *no key*/(Runtime) : <b>Runtime</b> crouches on its hind legs. (159,109,2)
[02:32:29]EMOTE: *no key*/(monkey (252)) : <b>The monkey (252)</b> rolls. (161,117,2)
[02:32:29]EMOTE: *no key*/(mouse) : <b>The mouse</b> shakes. (196,93,2)
[02:32:29]EMOTE: *no key*/(Paperwork) : <b>Paperwork</b> dozes off. (83,124,2)
[02:32:37]EMOTE: *no key*/(monkey (464)) : <b>The monkey (464)</b> waves his tail. (160,118,2)
[02:32:37]EMOTE: *no key*/(crab) : <b>The crab</b> clicks. (138,133,14)
[02:32:43]SAY: Officer Beepsky/ : Engaging patrol mode. (97,140,2)
[02:32:53]EMOTE: *no key*/(crab) : <b>The crab</b> clicks. (131,135,14)
[02:32:57]EMOTE: *no key*/(grey baby slime (796)) : <b>The grey baby slime (796)</b> vibrates! (177,93,2)
[02:32:57]EMOTE: *no key*/(monkey (749)) : <b>The monkey (749)</b> scratches. (160,99,2)
[02:32:57]EMOTE: *no key*/(mouse) : <b>The mouse</b> squeeks. (163,94,2)
[02:32:57]SAY: mouse/ : SQUEEK! (106,108,2)
[02:32:59]SAY: mouse/ : Squeek? (105,106,2)
[02:33:07]EMOTE: *no key*/(Runtime) : <b>Runtime</b> gets up and meows. (159,109,2)
[02:33:07]EMOTE: *no key*/(crab) : <b>The crab</b> clacks. (142,133,14)
[02:33:17]SAY: mouse/ : SQUEEK! (196,94,2)
[02:33:27]SAY: Medibot/ : What kind of medbay is this? Everyone&#39;s dropping like flies. (154,73,1)
[02:33:31]EMOTE: *no key*/(monkey (981)) : <b>The monkey (981)</b> waves his tail. (161,120,2)
[02:33:31]SAY: Medibot/ : I knew it, I should&#39;ve been a plastic surgeon. (155,73,1)
[02:33:35]EMOTE: *no key*/(Runtime) : <b>Runtime</b> crouches on its hind legs. (159,109,2)
[02:33:43]EMOTE: *no key*/(mouse) : <b>The mouse</b> runs in a circle. (105,106,2)
[02:33:53]EMOTE: *no key*/(crab) : <b>The crab</b> clacks. (132,133,14)
[02:33:57]EMOTE: *no key*/(Runtime) : <b>Runtime</b> looks alert. (159,109,2)
[02:33:57]SAY: Officer Beepsky/ : Engaging patrol mode. (97,140,2)
[02:33:59]EMOTE: *no key*/(grey baby slime (928)) : <b>The grey baby slime (928)</b> vibrates! (166,92,2)
[02:34:05]EMOTE: *no key*/(crab) : <b>The crab</b> clicks. (119,126,5)
[02:34:07]EMOTE: *no key*/(crab) : <b>The crab</b> clacks. (115,117,5)
[02:34:11]EMOTE: *no key*/(monkey (262)) : <b>The monkey (262)</b> scratches. (159,100,2)
[02:34:11]EMOTE: *no key*/(monkey (252)) : <b>The monkey (252)</b> scratches. (161,116,2)
[02:34:21]EMOTE: *no key*/(crab) : <b>The crab</b> clicks. (120,126,5)
[02:34:23]EMOTE: *no key*/(Runtime) : <b>Runtime</b> stretches out for a belly rub. (159,109,2)
[02:34:25]EMOTE: *no key*/(mouse) : <b>The mouse</b> squeeks. (110,105,2)
[02:34:27]SAY: mouse/ : Squeek? (195,79,2)
[02:34:31]EMOTE: *no key*/(mouse) : <b>The mouse</b> squeeks. (79,132,2)
[02:34:37]EMOTE: *no key*/(Runtime) : <b>Runtime</b> stretches out for a belly rub. (159,109,2)
[02:34:39]EMOTE: *no key*/(Poly) : <b>Poly</b> squawks. (118,83,2)
[02:34:51]EMOTE: *no key*/(monkey (904)) : <b>The monkey (904)</b> jumps! (161,117,2)
[02:34:57]EMOTE: *no key*/(mouse) : <b>The mouse</b> squeeks. (50,156,2)
[02:35:01]EMOTE: *no key*/(monkey (981)) : <b>The monkey (981)</b> scratches. (160,118,2)
[02:35:07]SAY: Poly/ : Fucking AI (118,83,2)
[02:35:12]SAY: Officer Beepsky/ : Engaging patrol mode. (97,140,2)
[02:35:16]EMOTE: *no key*/(mouse) : <b>The mouse</b> runs in a circle. (181,148,2)
[02:35:16]SAY: Poly/ : We need in ai (118,83,2)
[02:35:22]SAY: mouse/ : Squeek? (77,81,2)
[02:35:28]SAY: Poly/ : Damn (118,83,2)
[02:35:30]EMOTE: *no key*/(mouse) : <b>The mouse</b> squeeks. (196,78,2)
[02:35:34]EMOTE: *no key*/(mouse) : <b>The mouse</b> shakes. (196,78,2)
[02:35:34]SAY: Medibot/ : Radar, put a mask on! (147,32,10)
[02:35:44]EMOTE: *no key*/(mouse) : <b>The mouse</b> runs in a circle. (77,80,2)
[02:35:48]EMOTE: *no key*/(Runtime) : <b>Runtime</b> lies down. (159,109,2)
[02:35:48]EMOTE: *no key*/(crab) : <b>The crab</b> clicks. (132,135,14)
[02:35:50]SAY: Poly/ : SSSo thisss prob isssn&#39;t sssafe (118,83,2)
[02:35:52]EMOTE: *no key*/(crab) : <b>The crab</b> clicks. (133,135,14)
[02:35:56]EMOTE: *no key*/(monkey (262)) : <b>The monkey (262)</b> waves his tail. (161,100,2)
[02:35:56]EMOTE: *no key*/(Poly) : <b>Poly</b> flutters its wings. (118,83,2)
[02:35:56]EMOTE: *no key*/(Tom) : <b>Tom</b> runs in a circle. (101,181,2)
[02:36:01]EMOTE: *no key*/(crab) : <b>The crab</b> clicks. (142,133,14)
[02:36:11]EMOTE: *no key*/(crab) : <b>The crab</b> clacks. (116,117,5)
[02:36:12]GAME: Random Event triggering: Minor Space Dust (/datum/round_event/space_dust)
[02:36:13]SAY: mouse/ : Squeek? (194,78,2)
[02:36:17]SAY: mouse/ : SQUEEK! (76,80,2)
[02:36:20]ACCESS: Login: RunRunAway from 65.35.115.243-568600110 || BYOND v512
[02:36:20]ACCESS: Mob Login: RunRunAway/(RunRunAway) was assigned to a /mob/dead/new_player
[02:36:21]EMOTE: *no key*/(crab) : <b>The crab</b> clicks. (167,134,14)
[02:36:23]EMOTE: *no key*/(crab) : <b>The crab</b> clicks. (140,133,14)
[02:36:23]EMOTE: *no key*/(penguin) : <b>Babbe</b> shakes its beak. (144,139,2)
[02:36:25]SAY: mouse/ : Squeek! (76,80,2)
[02:36:27]SAY: mouse/ : Squeek! (194,82,2)
[02:36:27]SAY: Officer Beepsky/ : Engaging patrol mode. (97,140,2)
[02:36:37]SAY: mouse/ : Squeek! (193,82,2)
[02:36:37]SAY: Accidents Happen/ : Radar, put a mask on! (77,144,3)
[02:36:44]EMOTE: *no key*/(Runtime) : <b>Runtime</b> crouches on its hind legs. (159,109,2)
[02:36:45]ADMIN: RunRunAway/(RunRunAway) checked antagonists.
[02:36:45]SAY: mouse/ : Squeek! (196,77,2)
[02:36:48]ADMINPRIVATE: Ticket <A HREF='?_src_=holder;admin_token=15261009898053811002289048059710279;ahelp=[0x21046ed9];ahelp_action=ticket'>#1</A> resolved by <a href='?priv_msg=runrunaway'>RunRunAway</a>/(RunRunAway)
[02:36:49]SAY: Babbe/ : noot (144,139,2)
[02:36:54]EMOTE: *no key*/(monkey (981)) : <b>The monkey (981)</b> waves his tail. (160,116,2)
[02:37:09]SAY: mouse/ : Squeek? (191,82,2)
[02:37:10]EMOTE: *no key*/(monkey (641)) : <b>The monkey (641)</b> jumps! (159,101,2)
[02:37:12]EMOTE: *no key*/(Runtime) : <b>Runtime</b> looks alert. (159,109,2)
[02:37:22]ACCESS: Logout: RunRunAway/(RunRunAway)
[02:37:24]GAME: Antagonists at round end were...
[02:37:24]GAME: traitors: Beau Richards(BuckyBoy).
[02:37:24]GAME: Blackbox sealed.
[02:37:28]EMOTE: *no key*/(Poly) : <b>Poly</b> bawks! (118,83,2)
[02:37:30]EMOTE: *no key*/(Paperwork) : <b>Paperwork</b> looks around sleepily. (85,123,2)
[02:37:32]SAY: Nobody's Perfect/ : What kind of medbay is this? Everyone&#39;s dropping like flies. (24,75,1)
[02:37:35]SAY: grey baby slime (928)/ : Blorble... (167,92,2)
[02:37:35]EMOTE: *no key*/(Runtime) : <b>Runtime</b> wags its tail. (159,109,2)
[02:37:37]SAY: Poly/ : How? (118,83,2)
[02:37:37]EMOTE: twotar/(Mauricio Bicknell) : <b>Unknown</b> seizes up and falls limp, his eyes dead and lifeless... (56,42,5)
[02:37:38]GAME: Davidththird/(Tyron Jamal) has primed a chemical grenade for detonation at CentCom Recovery Ship (195,78,1).
[02:37:38]ACCESS: Mob Login: twotar/(Mauricio Bicknell) was assigned to a /mob/dead/observer
[02:37:39]EMOTE: *no key*/(monkey (981)) : <b>The monkey (981)</b> rolls. (160,117,2)
[02:37:39]EMOTE: *no key*/(monkey (911)) : <b>The monkey (911)</b> waves her tail. (160,118,2)
[02:37:41]EMOTE: *no key*/(mouse) : <b>The mouse</b> runs in a circle. (154,89,2)
[02:37:43]SAY: Officer Beepsky/ : Engaging patrol mode. (97,140,2)
[02:37:43]GAME: Reagent explosion reaction occurred at CentCom Recovery Ship (196,76,1). Last Fingerprint: N/A.
[02:37:43]GAME: A grenade detonated at CentCom Recovery Ship (196,76,1)
[02:37:43]GAME: Explosion with size (1, 2, 4, 0) in area CentCom Recovery Ship (196,76,1)
[02:37:49]EMOTE: *no key*/(Ian) : <b>Ian</b> woofs! (108,119,2)
[02:37:51]EMOTE: *no key*/(mouse) : <b>The mouse</b> squeeks. (104,108,2)
[02:37:53]EMOTE: *no key*/(Runtime) : <b>Runtime</b> stops resting. (159,109,2)
[02:37:54]OOC: TwoTar/(Mauricio Bicknell) : Woot (89,20,5)
[02:37:55]EMOTE: *no key*/(Runtime) : <b>Runtime</b> twitches its whiskers. (160,109,2)
[02:37:57]EMOTE: *no key*/(grey baby slime (796)) : <b>The grey baby slime (796)</b> bounces in place. (177,93,2)
[02:37:57]SAY: mouse/ : Squeek! (163,92,2)
[02:38:01]EMOTE: *no key*/(grey baby slime (796)) : <b>The grey baby slime (796)</b> jiggles! (177,93,2)
[02:38:07]EMOTE: *no key*/(mouse) : <b>The mouse</b> shakes. (104,103,2)
[02:38:09]SAY: mouse/ : Squeek! (181,148,2)
[02:38:13]EMOTE: *no key*/(crab) : <b>The crab</b> clacks. (103,120,5)
[02:38:17]EMOTE: *no key*/(monkey (749)) : <b>The monkey (749)</b> jumps! (160,100,2)
[02:38:19]EMOTE: *no key*/(Runtime) : <b>Runtime</b> looks alert. (160,109,2)
[02:38:21]EMOTE: *no key*/(monkey (464)) : <b>The monkey (464)</b> scratches. (160,117,2)
[02:38:23]EMOTE: *no key*/(mouse) : <b>The mouse</b> shakes. (51,155,2)
[02:38:27]EMOTE: Davidththird/(Tyron Jamal) : <b>Tyron Jamal</b> gasps! (195,74,1)
[02:38:29]EMOTE: *no key*/(mouse) : <b>The mouse</b> shakes. (163,94,2)
[02:38:31]EMOTE: *no key*/(mouse) : <b>The mouse</b> runs in a circle. (153,87,2)
[02:38:33]EMOTE: Davidththird/(Tyron Jamal) : <b>Tyron Jamal</b> gasps! (194,71,1)
[02:38:37]SAY: grey baby slime (928)/ : Blop... (165,93,2)
[02:38:39]EMOTE: *no key*/(Runtime) : <b>Runtime</b> lies down. (160,109,2)
[02:38:43]ACCESS: Logout: Davidththird/(Tyron Jamal)
[02:38:46]EMOTE: *no key*/(mouse) : <b>The mouse</b> runs in a circle. (150,146,2)
[02:38:56]SAY: mouse/ : Squeek! (163,92,2)
[02:38:58]EMOTE: *no key*/(Runtime) : <b>Runtime</b> shakes its head. (160,109,2)
[02:38:58]SAY: Officer Beepsky/ : Engaging patrol mode. (97,140,2)
[02:38:59]GAME: <span class='boldannounce'>Rebooting World. Round ended.</span>
[02:38:59]ACCESS: Logout: TwoTar/(Mauricio Bicknell)
