[2018-08-24 03:13:45.870] runtime error: bad index
[2018-08-24 03:13:45.870] proc name: Get (/datum/controller/configuration/proc/Get)
[2018-08-24 03:13:45.870]   source file: configuration.dm,191
[2018-08-24 03:13:45.870]   usr: null
[2018-08-24 03:13:45.870]   src: Configuration (/datum/controller/configuration)
[2018-08-24 03:13:45.870]   call stack:
[2018-08-24 03:13:45.870] Configuration (/datum/controller/configuration): Get(/datum/config_entry/flag/log_w... (/datum/config_entry/flag/log_world_topic))
[2018-08-24 03:13:45.870] world: Topic("status", "212.237.9.101", null, null)
[2018-08-24 03:13:45.870] 
[2018-08-24 03:13:45.871] runtime error: bad index
[2018-08-24 03:13:45.871] proc name: Get (/datum/controller/configuration/proc/Get)
[2018-08-24 03:13:45.871]   source file: configuration.dm,191
[2018-08-24 03:13:45.871]   usr: null
[2018-08-24 03:13:45.871]   src: Configuration (/datum/controller/configuration)
[2018-08-24 03:13:45.871]   call stack:
[2018-08-24 03:13:45.871] Configuration (/datum/controller/configuration): Get(/datum/config_entry/string/com... (/datum/config_entry/string/comms_key))
[2018-08-24 03:13:45.871] /datum/world_topic/status (/datum/world_topic/status): TryRun(/list (/list))
[2018-08-24 03:13:45.871] world: Topic("status", "212.237.9.101", null, null)
[2018-08-24 03:13:45.871] 
[2018-08-24 03:13:45.872] runtime error: bad index
[2018-08-24 03:13:45.872] proc name: Get (/datum/controller/configuration/proc/Get)
[2018-08-24 03:13:45.872]   source file: configuration.dm,191
[2018-08-24 03:13:45.872]   usr: null
[2018-08-24 03:13:45.872]   src: Configuration (/datum/controller/configuration)
[2018-08-24 03:13:45.872]   call stack:
[2018-08-24 03:13:45.872] Configuration (/datum/controller/configuration): Get(/datum/config_entry/flag/nores... (/datum/config_entry/flag/norespawn))
[2018-08-24 03:13:45.872] /datum/world_topic/status (/datum/world_topic/status): Run(/list (/list))
[2018-08-24 03:13:45.872] /datum/world_topic/status (/datum/world_topic/status): TryRun(/list (/list))
[2018-08-24 03:13:45.872] world: Topic("status", "212.237.9.101", null, null)
[2018-08-24 03:13:45.872] 
[2018-08-24 03:13:45.872] runtime error: bad index
[2018-08-24 03:13:45.872] proc name: Get (/datum/controller/configuration/proc/Get)
[2018-08-24 03:13:45.872]   source file: configuration.dm,191
[2018-08-24 03:13:45.872]   usr: null
[2018-08-24 03:13:45.872]   src: Configuration (/datum/controller/configuration)
[2018-08-24 03:13:45.872]   call stack:
[2018-08-24 03:13:45.873] Configuration (/datum/controller/configuration): Get(/datum/config_entry/flag/allow... (/datum/config_entry/flag/allow_vote_mode))
[2018-08-24 03:13:45.873] /datum/world_topic/status (/datum/world_topic/status): Run(/list (/list))
[2018-08-24 03:13:45.873] /datum/world_topic/status (/datum/world_topic/status): TryRun(/list (/list))
[2018-08-24 03:13:45.873] world: Topic("status", "212.237.9.101", null, null)
[2018-08-24 03:13:45.873] 
[2018-08-24 03:13:45.873] runtime error: bad index
[2018-08-24 03:13:45.873] proc name: Get (/datum/controller/configuration/proc/Get)
[2018-08-24 03:13:45.873]   source file: configuration.dm,191
[2018-08-24 03:13:45.873]   usr: null
[2018-08-24 03:13:45.873]   src: Configuration (/datum/controller/configuration)
[2018-08-24 03:13:45.873]   call stack:
[2018-08-24 03:13:45.873] Configuration (/datum/controller/configuration): Get(/datum/config_entry/flag/allow... (/datum/config_entry/flag/allow_ai))
[2018-08-24 03:13:45.873] /datum/world_topic/status (/datum/world_topic/status): Run(/list (/list))
[2018-08-24 03:13:45.873] /datum/world_topic/status (/datum/world_topic/status): TryRun(/list (/list))
[2018-08-24 03:13:45.873] world: Topic("status", "212.237.9.101", null, null)
[2018-08-24 03:13:45.873] 
[2018-08-24 03:13:45.874] runtime error: Cannot read null.commit
[2018-08-24 03:13:45.874] proc name: Run (/datum/world_topic/status/Run)
[2018-08-24 03:13:45.874]   source file: world_topic.dm,151
[2018-08-24 03:13:45.874]   usr: null
[2018-08-24 03:13:45.874]   src: /datum/world_topic/status (/datum/world_topic/status)
[2018-08-24 03:13:45.874]   call stack:
[2018-08-24 03:13:45.874] /datum/world_topic/status (/datum/world_topic/status): Run(/list (/list))
[2018-08-24 03:13:45.874] /datum/world_topic/status (/datum/world_topic/status): TryRun(/list (/list))
[2018-08-24 03:13:45.874] world: Topic("status", "212.237.9.101", null, null)
[2018-08-24 03:13:45.874] 
[2018-08-24 03:13:45.875] runtime error: bad index
[2018-08-24 03:13:45.875] proc name: Get (/datum/controller/configuration/proc/Get)
[2018-08-24 03:13:45.875]   source file: configuration.dm,191
[2018-08-24 03:13:45.875]   usr: null
[2018-08-24 03:13:45.875]   src: Configuration (/datum/controller/configuration)
[2018-08-24 03:13:45.875]   call stack:
[2018-08-24 03:13:45.875] Configuration (/datum/controller/configuration): Get(/datum/config_entry/flag/log_w... (/datum/config_entry/flag/log_world_topic))
[2018-08-24 03:13:45.875] world: Topic("status", "212.237.9.101", null, null)
[2018-08-24 03:13:45.875] 
[2018-08-24 03:13:45.876] runtime error: bad index
[2018-08-24 03:13:45.876] proc name: Get (/datum/controller/configuration/proc/Get)
[2018-08-24 03:13:45.876]   source file: configuration.dm,191
[2018-08-24 03:13:45.876]   usr: null
[2018-08-24 03:13:45.876]   src: Configuration (/datum/controller/configuration)
[2018-08-24 03:13:45.876]   call stack:
[2018-08-24 03:13:45.876] Configuration (/datum/controller/configuration): Get(/datum/config_entry/string/com... (/datum/config_entry/string/comms_key))
[2018-08-24 03:13:45.876] /datum/world_topic/status (/datum/world_topic/status): TryRun(/list (/list))
[2018-08-24 03:13:45.876] world: Topic("status", "212.237.9.101", null, null)
[2018-08-24 03:13:45.876] 
[2018-08-24 03:13:45.877] runtime error: bad index
[2018-08-24 03:13:45.877] proc name: Get (/datum/controller/configuration/proc/Get)
[2018-08-24 03:13:45.877]   source file: configuration.dm,191
[2018-08-24 03:13:45.877]   usr: null
[2018-08-24 03:13:45.877]   src: Configuration (/datum/controller/configuration)
[2018-08-24 03:13:45.877]   call stack:
[2018-08-24 03:13:45.877] Configuration (/datum/controller/configuration): Get(/datum/config_entry/flag/nores... (/datum/config_entry/flag/norespawn))
[2018-08-24 03:13:45.877] /datum/world_topic/status (/datum/world_topic/status): Run(/list (/list))
[2018-08-24 03:13:45.877] /datum/world_topic/status (/datum/world_topic/status): TryRun(/list (/list))
[2018-08-24 03:13:45.877] world: Topic("status", "212.237.9.101", null, null)
[2018-08-24 03:13:45.877] 
[2018-08-24 03:13:45.878] runtime error: bad index
[2018-08-24 03:13:45.878] proc name: Get (/datum/controller/configuration/proc/Get)
[2018-08-24 03:13:45.878]   source file: configuration.dm,191
[2018-08-24 03:13:45.878]   usr: null
[2018-08-24 03:13:45.878]   src: Configuration (/datum/controller/configuration)
[2018-08-24 03:13:45.878]   call stack:
[2018-08-24 03:13:45.878] Configuration (/datum/controller/configuration): Get(/datum/config_entry/flag/allow... (/datum/config_entry/flag/allow_vote_mode))
[2018-08-24 03:13:45.878] /datum/world_topic/status (/datum/world_topic/status): Run(/list (/list))
[2018-08-24 03:13:45.878] /datum/world_topic/status (/datum/world_topic/status): TryRun(/list (/list))
[2018-08-24 03:13:45.878] world: Topic("status", "212.237.9.101", null, null)
[2018-08-24 03:13:45.878] 
[2018-08-24 03:13:45.878] runtime error: bad index
[2018-08-24 03:13:45.878] proc name: Get (/datum/controller/configuration/proc/Get)
[2018-08-24 03:13:45.878]   source file: configuration.dm,191
[2018-08-24 03:13:45.878] 
[2018-08-24 03:13:45.878] runtime error: Cannot read null.commit
[2018-08-24 03:13:45.878] proc name: Run (/datum/world_topic/status/Run)
[2018-08-24 03:13:45.879]   source file: world_topic.dm,151
[2018-08-24 03:13:45.879] 
[2018-08-24 03:13:45.879] runtime error: bad index
[2018-08-24 03:13:45.879] proc name: Get (/datum/controller/configuration/proc/Get)
[2018-08-24 03:13:45.879]   source file: configuration.dm,191
[2018-08-24 03:13:45.879] 
[2018-08-24 03:13:45.879] runtime error: bad index
[2018-08-24 03:13:45.879] proc name: Get (/datum/controller/configuration/proc/Get)
[2018-08-24 03:13:45.880]   source file: configuration.dm,191
[2018-08-24 03:13:45.880] 
[2018-08-24 03:13:45.880] runtime error: bad index
[2018-08-24 03:13:45.880] proc name: Get (/datum/controller/configuration/proc/Get)
[2018-08-24 03:13:45.880]   source file: configuration.dm,191
[2018-08-24 03:13:45.880] 
[2018-08-24 03:13:45.880] runtime error: bad index
[2018-08-24 03:13:45.880] proc name: Get (/datum/controller/configuration/proc/Get)
[2018-08-24 03:13:45.880]   source file: configuration.dm,191
[2018-08-24 03:13:45.880] 
[2018-08-24 03:13:45.881] runtime error: bad index
[2018-08-24 03:13:45.881] proc name: Get (/datum/controller/configuration/proc/Get)
[2018-08-24 03:13:45.881]   source file: configuration.dm,191
[2018-08-24 03:13:45.881] 
[2018-08-24 03:13:45.882] runtime error: Cannot read null.commit
[2018-08-24 03:13:45.882] proc name: Run (/datum/world_topic/status/Run)
[2018-08-24 03:13:45.882]   source file: world_topic.dm,151
[2018-08-24 03:13:45.882] 
[2018-08-24 03:13:45.883] runtime error: bad index
[2018-08-24 03:13:45.883] proc name: Get (/datum/controller/configuration/proc/Get)
[2018-08-24 03:13:45.883]   source file: configuration.dm,191
[2018-08-24 03:13:45.883] 
[2018-08-24 03:13:45.883] runtime error: bad index
[2018-08-24 03:13:45.883] proc name: Get (/datum/controller/configuration/proc/Get)
[2018-08-24 03:13:45.883]   source file: configuration.dm,191
[2018-08-24 03:13:45.883] 
[2018-08-24 03:13:45.883] runtime error: bad index
[2018-08-24 03:13:45.883] proc name: Get (/datum/controller/configuration/proc/Get)
[2018-08-24 03:13:45.883]   source file: configuration.dm,191
[2018-08-24 03:13:45.883] 
[2018-08-24 03:13:45.884] runtime error: bad index
[2018-08-24 03:13:45.884] proc name: Get (/datum/controller/configuration/proc/Get)
[2018-08-24 03:13:45.884]   source file: configuration.dm,191
[2018-08-24 03:13:45.884] 
[2018-08-24 03:13:45.884] runtime error: bad index
[2018-08-24 03:13:45.884] proc name: Get (/datum/controller/configuration/proc/Get)
[2018-08-24 03:13:45.884]   source file: configuration.dm,191
[2018-08-24 03:13:45.884] 
[2018-08-24 03:13:45.885] runtime error: Cannot read null.commit
[2018-08-24 03:13:45.885] proc name: Run (/datum/world_topic/status/Run)
[2018-08-24 03:13:45.885]   source file: world_topic.dm,151
[2018-08-24 03:13:45.885] 
[2018-08-24 03:13:45.885] runtime error: bad index
[2018-08-24 03:13:45.885] proc name: Get (/datum/controller/configuration/proc/Get)
[2018-08-24 03:13:45.885]   source file: configuration.dm,191
[2018-08-24 03:13:45.885] 
[2018-08-24 03:13:45.886] runtime error: bad index
[2018-08-24 03:13:45.886] proc name: Get (/datum/controller/configuration/proc/Get)
[2018-08-24 03:13:45.886]   source file: configuration.dm,191
[2018-08-24 03:13:45.886] 
[2018-08-24 03:13:45.886] runtime error: bad index
[2018-08-24 03:13:45.886] proc name: Get (/datum/controller/configuration/proc/Get)
[2018-08-24 03:13:45.886]   source file: configuration.dm,191
[2018-08-24 03:13:45.886] 
[2018-08-24 03:13:45.886] runtime error: bad index
[2018-08-24 03:13:45.886] proc name: Get (/datum/controller/configuration/proc/Get)
[2018-08-24 03:13:45.886]   source file: configuration.dm,191
[2018-08-24 03:13:45.886] 
[2018-08-24 03:13:45.886] runtime error: bad index
[2018-08-24 03:13:45.887] proc name: Get (/datum/controller/configuration/proc/Get)
[2018-08-24 03:13:45.887]   source file: configuration.dm,191
[2018-08-24 03:13:45.887] 
[2018-08-24 03:13:45.887] runtime error: Cannot read null.commit
[2018-08-24 03:13:45.887] proc name: Run (/datum/world_topic/status/Run)
[2018-08-24 03:13:45.887]   source file: world_topic.dm,151
[2018-08-24 03:13:45.887] 
[2018-08-24 03:13:45.999] Running /tg/ revision:
[2018-08-24 03:13:46.000] f007f9d4db595f9b904cd4e7d6b1930b1192d360: 2018-08-09
[2018-08-24 03:13:46.000] runtime error: list index out of bounds
[2018-08-24 03:13:46.000] proc name: New (/datum/getrev/New)
[2018-08-24 03:13:46.000]   source file: getrev.dm,23
[2018-08-24 03:13:46.000] 
[2018-08-24 03:13:46.011] Loading config file config.txt...
[2018-08-24 03:13:46.013] Loading config file game_options.txt...
[2018-08-24 03:13:46.015] Unknown setting in configuration: 'w##'
[2018-08-24 03:13:46.016] Entry human_delay is deprecated and will be removed soon. Migrate to multiplicative_movespeed! Suggested new value is: /mob/living/carbon/human 0
[2018-08-24 03:13:46.017] Entry robot_delay is deprecated and will be removed soon. Migrate to multiplicative_movespeed! Suggested new value is: /mob/living/silicon/robot 0
[2018-08-24 03:13:46.018] Entry monkey_delay is deprecated and will be removed soon. Migrate to multiplicative_movespeed! Suggested new value is: /mob/living/carbon/monkey 0
[2018-08-24 03:13:46.019] Entry alien_delay is deprecated and will be removed soon. Migrate to multiplicative_movespeed! Suggested new value is: /mob/living/carbon/alien 0
[2018-08-24 03:13:46.020] Entry slime_delay is deprecated and will be removed soon. Migrate to multiplicative_movespeed! Suggested new value is: /mob/living/simple_animal/slime 0
[2018-08-24 03:13:46.021] Entry animal_delay is deprecated and will be removed soon. Migrate to multiplicative_movespeed! Suggested new value is: /mob/living/simple_animal 1
[2018-08-24 03:13:46.026] Failed to validate setting "DOUBLE_AGENTS 20" for min_pop
[2018-08-24 03:13:46.026] Failed to validate setting "DOUBLE_AGENTS -1" for max_pop
[2018-08-24 03:13:46.031] Loading config file dbconfig.txt...
[2018-08-24 03:13:46.031] Loading config file comms.txt...
[2018-08-24 03:13:46.036] Loading config file maps.txt...
[2018-08-24 03:13:46.202] Database connection established.
[2018-08-24 03:13:46.234] SQL: Could not get schema version from database
