Path : /mob/dview 
- Didn't call atom/Initialize()
- Didn't return an Initialize hint
Path : /obj/screen/movable/action_button/hide_toggle 
- Qdel'd in New()
Path : /obj/screen/plane_master/game_world 
- Qdel'd in New()
Path : /obj/screen/plane_master/lighting 
- Qdel'd in New()
Path : /obj/screen/plane_master/parallax 
- Qdel'd in New()
Path : /obj/screen/plane_master/parallax_white 
- Qdel'd in New()
Path : /obj/item/organ/heart 
- Qdel'd in New()
Path : /obj/item/organ/brain 
- Qdel'd in New()
Path : /obj/item/organ/lungs 
- Qdel'd in New()
Path : /obj/item/construction/rcd/internal 
- Didn't return an Initialize hint
Path : /obj/item/organ/liver 
- Qdel'd in New()
Path : /obj/item/organ/stomach 
- Qdel'd in New()
Path : /obj/item/organ/appendix 
- Qdel'd in New()
Path : /obj/item/organ/eyes 
- Qdel'd in New()
Path : /obj/item/organ/ears 
- Qdel'd in New()
Path : /obj/item/organ/tongue 
- Qdel'd in New()
Path : /obj/screen/alert/blind 
- Qdel'd in New()
Path : /obj/item/organ/eyes/moth 
- Qdel'd in New()
Path : /obj/item/clothing/under/color/random 
- Qdel'd in New()
Path : /obj/item/storage/backpack 
- Qdel'd in New()
Path : /obj/item/device/pda 
- Qdel'd in New()
Path : /obj/item/clothing/shoes/sneakers/black 
- Qdel'd in New()
Path : /obj/item/device/radio/headset 
- Qdel'd in New()
Path : /obj/item/card/id 
- Qdel'd in New()
Path : /obj/item/construction/rcd 
- Didn't return an Initialize hint
Path : /obj/item/clothing/under/rank/cargotech 
- Qdel'd in New()
Path : /obj/item/device/pda/cargo 
- Qdel'd in New()
Path : /obj/item/device/radio/headset/headset_cargo 
- Qdel'd in New()
Path : /obj/item/device/encryptionkey/headset_cargo 
- Qdel'd in New()
Path : /obj/item/device/export_scanner 
- Qdel'd in New()
Path : /obj/item/clothing/under/rank/bartender 
- Qdel'd in New()
Path : /obj/item/clothing/suit/armor/vest 
- Qdel'd in New()
Path : /obj/item/storage/backpack/duffelbag 
- Qdel'd in New()
Path : /obj/item/device/pda/bar 
- Qdel'd in New()
Path : /obj/item/clothing/shoes/laceup 
- Qdel'd in New()
Path : /obj/item/device/radio/headset/headset_srv 
- Qdel'd in New()
Path : /obj/item/device/encryptionkey/headset_service 
- Qdel'd in New()
Path : /obj/item/clothing/glasses/sunglasses/reagent 
- Qdel'd in New()
Path : /obj/item/clothing/under/rank/cargo 
- Qdel'd in New()
Path : /obj/item/device/pda/quartermaster 
- Qdel'd in New()
Path : /obj/item/clothing/shoes/sneakers/brown 
- Qdel'd in New()
Path : /obj/item/clothing/glasses/sunglasses 
- Qdel'd in New()
Path : /obj/item/clipboard 
- Qdel'd in New()
Path : /obj/item/organ/tail/lizard 
- Qdel'd in New()
Path : /obj/item/organ/tongue/lizard 
- Qdel'd in New()
Path : /obj/item/clothing/under/rank/chief_engineer 
- Qdel'd in New()
Path : /obj/item/storage/backpack/industrial 
- Qdel'd in New()
Path : /obj/item/storage/belt/utility/chief/full 
- Qdel'd in New()
Path : /obj/item/clothing/gloves/color/black/ce 
- Qdel'd in New()
Path : /obj/item/clothing/head/hardhat/white 
- Qdel'd in New()
Path : /obj/item/device/radio/headset/heads/ce 
- Qdel'd in New()
Path : /obj/item/device/encryptionkey/heads/ce 
- Qdel'd in New()
Path : /obj/item/card/id/silver 
- Qdel'd in New()
Path : /obj/item/clothing/under/rank/captain 
- Qdel'd in New()
Path : /obj/item/clothing/suit/armor/vest/capcarapace 
- Qdel'd in New()
Path : /obj/item/storage/backpack/captain 
- Qdel'd in New()
Path : /obj/item/device/pda/captain 
- Qdel'd in New()
Path : /obj/item/clothing/gloves/color/captain 
- Qdel'd in New()
Path : /obj/item/clothing/head/caphat 
- Qdel'd in New()
Path : /obj/item/device/radio/headset/heads/captain/alt 
- Qdel'd in New()
Path : /obj/item/device/encryptionkey/heads/captain 
- Qdel'd in New()
Path : /obj/item/card/id/gold 
- Qdel'd in New()
Path : /obj/item/clothing/accessory/medal/gold/captain 
- Qdel'd in New()
Path : /obj/machinery/telecomms/allinone 
- Didn't return an Initialize hint
Path : /obj/item/construction/rcd/loaded 
- Didn't return an Initialize hint
Path : /obj/machinery/rnd/production/protolathe/department/engineering 
- Slept during Initialize()
Path : /obj/item/device/flightpack 
- Didn't return an Initialize hint

