[2018-07-09 19:52:54.417] runtime error: bad index
[2018-07-09 19:52:54.417] proc name: Get (/datum/controller/configuration/proc/Get)
[2018-07-09 19:52:54.417]   source file: configuration.dm,175
[2018-07-09 19:52:54.417]   usr: null
[2018-07-09 19:52:54.417]   src: Configuration (/datum/controller/configuration)
[2018-07-09 19:52:54.417]   call stack:
[2018-07-09 19:52:54.417] Configuration (/datum/controller/configuration): Get(/datum/config_entry/flag/log_w... (/datum/config_entry/flag/log_world_topic))
[2018-07-09 19:52:54.417] world: Topic("status", "173.18.198.159", null, null)
[2018-07-09 19:52:54.417] 
[2018-07-09 19:52:54.418] runtime error: bad index
[2018-07-09 19:52:54.418] proc name: Get (/datum/controller/configuration/proc/Get)
[2018-07-09 19:52:54.418]   source file: configuration.dm,175
[2018-07-09 19:52:54.418]   usr: null
[2018-07-09 19:52:54.418]   src: Configuration (/datum/controller/configuration)
[2018-07-09 19:52:54.418]   call stack:
[2018-07-09 19:52:54.418] Configuration (/datum/controller/configuration): Get(/datum/config_entry/string/com... (/datum/config_entry/string/comms_key))
[2018-07-09 19:52:54.418] /datum/world_topic/status (/datum/world_topic/status): TryRun(/list (/list))
[2018-07-09 19:52:54.418] world: Topic("status", "173.18.198.159", null, null)
[2018-07-09 19:52:54.418] 
[2018-07-09 19:52:54.419] runtime error: bad index
[2018-07-09 19:52:54.419] proc name: Get (/datum/controller/configuration/proc/Get)
[2018-07-09 19:52:54.419]   source file: configuration.dm,175
[2018-07-09 19:52:54.419]   usr: null
[2018-07-09 19:52:54.419]   src: Configuration (/datum/controller/configuration)
[2018-07-09 19:52:54.419]   call stack:
[2018-07-09 19:52:54.419] Configuration (/datum/controller/configuration): Get(/datum/config_entry/flag/nores... (/datum/config_entry/flag/norespawn))
[2018-07-09 19:52:54.419] /datum/world_topic/status (/datum/world_topic/status): Run(/list (/list))
[2018-07-09 19:52:54.419] /datum/world_topic/status (/datum/world_topic/status): TryRun(/list (/list))
[2018-07-09 19:52:54.419] world: Topic("status", "173.18.198.159", null, null)
[2018-07-09 19:52:54.419] 
[2018-07-09 19:52:54.419] runtime error: bad index
[2018-07-09 19:52:54.419] proc name: Get (/datum/controller/configuration/proc/Get)
[2018-07-09 19:52:54.419]   source file: configuration.dm,175
[2018-07-09 19:52:54.419]   usr: null
[2018-07-09 19:52:54.419]   src: Configuration (/datum/controller/configuration)
[2018-07-09 19:52:54.419]   call stack:
[2018-07-09 19:52:54.419] Configuration (/datum/controller/configuration): Get(/datum/config_entry/flag/allow... (/datum/config_entry/flag/allow_vote_mode))
[2018-07-09 19:52:54.419] /datum/world_topic/status (/datum/world_topic/status): Run(/list (/list))
[2018-07-09 19:52:54.419] /datum/world_topic/status (/datum/world_topic/status): TryRun(/list (/list))
[2018-07-09 19:52:54.419] world: Topic("status", "173.18.198.159", null, null)
[2018-07-09 19:52:54.419] 
[2018-07-09 19:52:54.420] runtime error: bad index
[2018-07-09 19:52:54.420] proc name: Get (/datum/controller/configuration/proc/Get)
[2018-07-09 19:52:54.420]   source file: configuration.dm,175
[2018-07-09 19:52:54.420]   usr: null
[2018-07-09 19:52:54.420]   src: Configuration (/datum/controller/configuration)
[2018-07-09 19:52:54.420]   call stack:
[2018-07-09 19:52:54.420] Configuration (/datum/controller/configuration): Get(/datum/config_entry/flag/allow... (/datum/config_entry/flag/allow_ai))
[2018-07-09 19:52:54.420] /datum/world_topic/status (/datum/world_topic/status): Run(/list (/list))
[2018-07-09 19:52:54.420] /datum/world_topic/status (/datum/world_topic/status): TryRun(/list (/list))
[2018-07-09 19:52:54.420] world: Topic("status", "173.18.198.159", null, null)
[2018-07-09 19:52:54.420] 
[2018-07-09 19:52:54.421] runtime error: Cannot read null.commit
[2018-07-09 19:52:54.421] proc name: Run (/datum/world_topic/status/Run)
[2018-07-09 19:52:54.421]   source file: world_topic.dm,151
[2018-07-09 19:52:54.421]   usr: null
[2018-07-09 19:52:54.421]   src: /datum/world_topic/status (/datum/world_topic/status)
[2018-07-09 19:52:54.421]   call stack:
[2018-07-09 19:52:54.421] /datum/world_topic/status (/datum/world_topic/status): Run(/list (/list))
[2018-07-09 19:52:54.421] /datum/world_topic/status (/datum/world_topic/status): TryRun(/list (/list))
[2018-07-09 19:52:54.421] world: Topic("status", "173.18.198.159", null, null)
[2018-07-09 19:52:54.421] 
[2018-07-09 19:52:54.422] runtime error: bad index
[2018-07-09 19:52:54.422] proc name: Get (/datum/controller/configuration/proc/Get)
[2018-07-09 19:52:54.422]   source file: configuration.dm,175
[2018-07-09 19:52:54.422]   usr: null
[2018-07-09 19:52:54.422]   src: Configuration (/datum/controller/configuration)
[2018-07-09 19:52:54.422]   call stack:
[2018-07-09 19:52:54.422] Configuration (/datum/controller/configuration): Get(/datum/config_entry/flag/log_w... (/datum/config_entry/flag/log_world_topic))
[2018-07-09 19:52:54.422] world: Topic("status", "91.110.63.50", null, null)
[2018-07-09 19:52:54.422] 
[2018-07-09 19:52:54.422] runtime error: bad index
[2018-07-09 19:52:54.422] proc name: Get (/datum/controller/configuration/proc/Get)
[2018-07-09 19:52:54.422]   source file: configuration.dm,175
[2018-07-09 19:52:54.422]   usr: null
[2018-07-09 19:52:54.422]   src: Configuration (/datum/controller/configuration)
[2018-07-09 19:52:54.422]   call stack:
[2018-07-09 19:52:54.422] Configuration (/datum/controller/configuration): Get(/datum/config_entry/string/com... (/datum/config_entry/string/comms_key))
[2018-07-09 19:52:54.422] /datum/world_topic/status (/datum/world_topic/status): TryRun(/list (/list))
[2018-07-09 19:52:54.422] world: Topic("status", "91.110.63.50", null, null)
[2018-07-09 19:52:54.422] 
[2018-07-09 19:52:54.423] runtime error: bad index
[2018-07-09 19:52:54.423] proc name: Get (/datum/controller/configuration/proc/Get)
[2018-07-09 19:52:54.423]   source file: configuration.dm,175
[2018-07-09 19:52:54.423]   usr: null
[2018-07-09 19:52:54.423]   src: Configuration (/datum/controller/configuration)
[2018-07-09 19:52:54.423]   call stack:
[2018-07-09 19:52:54.423] Configuration (/datum/controller/configuration): Get(/datum/config_entry/flag/nores... (/datum/config_entry/flag/norespawn))
[2018-07-09 19:52:54.423] /datum/world_topic/status (/datum/world_topic/status): Run(/list (/list))
[2018-07-09 19:52:54.423] /datum/world_topic/status (/datum/world_topic/status): TryRun(/list (/list))
[2018-07-09 19:52:54.423] world: Topic("status", "91.110.63.50", null, null)
[2018-07-09 19:52:54.423] 
[2018-07-09 19:52:54.423] runtime error: bad index
[2018-07-09 19:52:54.423] proc name: Get (/datum/controller/configuration/proc/Get)
[2018-07-09 19:52:54.423]   source file: configuration.dm,175
[2018-07-09 19:52:54.423]   usr: null
[2018-07-09 19:52:54.423]   src: Configuration (/datum/controller/configuration)
[2018-07-09 19:52:54.423]   call stack:
[2018-07-09 19:52:54.423] Configuration (/datum/controller/configuration): Get(/datum/config_entry/flag/allow... (/datum/config_entry/flag/allow_vote_mode))
[2018-07-09 19:52:54.423] /datum/world_topic/status (/datum/world_topic/status): Run(/list (/list))
[2018-07-09 19:52:54.423] /datum/world_topic/status (/datum/world_topic/status): TryRun(/list (/list))
[2018-07-09 19:52:54.423] world: Topic("status", "91.110.63.50", null, null)
[2018-07-09 19:52:54.423] 
[2018-07-09 19:52:54.424] runtime error: bad index
[2018-07-09 19:52:54.424] proc name: Get (/datum/controller/configuration/proc/Get)
[2018-07-09 19:52:54.424]   source file: configuration.dm,175
[2018-07-09 19:52:54.424] 
[2018-07-09 19:52:54.424] runtime error: Cannot read null.commit
[2018-07-09 19:52:54.424] proc name: Run (/datum/world_topic/status/Run)
[2018-07-09 19:52:54.424]   source file: world_topic.dm,151
[2018-07-09 19:52:54.424] 
[2018-07-09 19:52:54.424] runtime error: bad index
[2018-07-09 19:52:54.424] proc name: Get (/datum/controller/configuration/proc/Get)
[2018-07-09 19:52:54.424]   source file: configuration.dm,175
[2018-07-09 19:52:54.424] 
[2018-07-09 19:52:54.425] runtime error: bad index
[2018-07-09 19:52:54.425] proc name: Get (/datum/controller/configuration/proc/Get)
[2018-07-09 19:52:54.425]   source file: configuration.dm,175
[2018-07-09 19:52:54.425] 
[2018-07-09 19:52:54.425] runtime error: bad index
[2018-07-09 19:52:54.425] proc name: Get (/datum/controller/configuration/proc/Get)
[2018-07-09 19:52:54.425]   source file: configuration.dm,175
[2018-07-09 19:52:54.425] 
[2018-07-09 19:52:54.425] runtime error: bad index
[2018-07-09 19:52:54.425] proc name: Get (/datum/controller/configuration/proc/Get)
[2018-07-09 19:52:54.425]   source file: configuration.dm,175
[2018-07-09 19:52:54.425] 
[2018-07-09 19:52:54.425] runtime error: bad index
[2018-07-09 19:52:54.425] proc name: Get (/datum/controller/configuration/proc/Get)
[2018-07-09 19:52:54.425]   source file: configuration.dm,175
[2018-07-09 19:52:54.425] 
[2018-07-09 19:52:54.426] runtime error: Cannot read null.commit
[2018-07-09 19:52:54.426] proc name: Run (/datum/world_topic/status/Run)
[2018-07-09 19:52:54.426]   source file: world_topic.dm,151
[2018-07-09 19:52:54.426] 
[2018-07-09 19:52:54.426] runtime error: bad index
[2018-07-09 19:52:54.426] proc name: Get (/datum/controller/configuration/proc/Get)
[2018-07-09 19:52:54.426]   source file: configuration.dm,175
[2018-07-09 19:52:54.426] 
[2018-07-09 19:52:54.426] runtime error: bad index
[2018-07-09 19:52:54.426] proc name: Get (/datum/controller/configuration/proc/Get)
[2018-07-09 19:52:54.426]   source file: configuration.dm,175
[2018-07-09 19:52:54.426] 
[2018-07-09 19:52:54.426] runtime error: bad index
[2018-07-09 19:52:54.426] proc name: Get (/datum/controller/configuration/proc/Get)
[2018-07-09 19:52:54.427]   source file: configuration.dm,175
[2018-07-09 19:52:54.427] 
[2018-07-09 19:52:54.427] runtime error: bad index
[2018-07-09 19:52:54.427] proc name: Get (/datum/controller/configuration/proc/Get)
[2018-07-09 19:52:54.427]   source file: configuration.dm,175
[2018-07-09 19:52:54.427] 
[2018-07-09 19:52:54.427] runtime error: bad index
[2018-07-09 19:52:54.427] proc name: Get (/datum/controller/configuration/proc/Get)
[2018-07-09 19:52:54.427]   source file: configuration.dm,175
[2018-07-09 19:52:54.427] 
[2018-07-09 19:52:54.427] runtime error: Cannot read null.commit
[2018-07-09 19:52:54.427] proc name: Run (/datum/world_topic/status/Run)
[2018-07-09 19:52:54.427]   source file: world_topic.dm,151
[2018-07-09 19:52:54.427] 
[2018-07-09 19:52:54.534] Running /tg/ revision:
[2018-07-09 19:52:54.535] 2dcab0eec41b83652b915eb8d643dd68ed8135b4: 2018-07-04
[2018-07-09 19:52:54.535] runtime error: list index out of bounds
[2018-07-09 19:52:54.535] proc name: New (/datum/getrev/New)
[2018-07-09 19:52:54.535]   source file: getrev.dm,18
[2018-07-09 19:52:54.535] 
[2018-07-09 19:52:54.545] Loading config file config.txt...
[2018-07-09 19:52:54.547] Loading config file game_options.txt...
[2018-07-09 19:52:54.549] Unknown setting in configuration: 'w##'
[2018-07-09 19:52:54.550] Failed to validate setting "DOUBLE_AGENTS 20" for min_pop
[2018-07-09 19:52:54.551] Failed to validate setting "DOUBLE_AGENTS -1" for max_pop
[2018-07-09 19:52:54.553] Loading config file dbconfig.txt...
[2018-07-09 19:52:54.554] Loading config file comms.txt...
[2018-07-09 19:52:54.556] Loading config file maps.txt...
[2018-07-09 19:52:54.739] Database connection established.
[2018-07-09 19:52:54.771] SQL: Could not get schema version from database
