

Starting up round ID 1111. 21:48:55
---------------------
[21:56:14]PDA: Spoder13/(Sandra Parker) (PDA: head of personnel PDA) sent "are you a traitor" to Pepsiman (Scientist) (175,171,2)
[21:56:20]PDA: Bepisman/(Pepsiman) (PDA: scientist PDA) sent "ye my boi" to Sandra Parker (Head of Personnel) (174,119,2)
[21:56:26]PDA: Spoder13/(Sandra Parker) (PDA: head of personnel PDA) sent "so am i" to Pepsiman (Scientist) (175,171,2)
[21:56:27]PDA: Bepisman/(Pepsiman) (PDA: scientist PDA) sent "tc in here?" to Sandra Parker (Head of Personnel) (174,119,2)
[21:56:31]PDA: Bepisman/(Pepsiman) (PDA: scientist PDA) sent "duh" to Sandra Parker (Head of Personnel) (174,119,2)
[21:56:35]PDA: Bepisman/(Pepsiman) (PDA: scientist PDA) sent "hey" to Sandra Parker (Head of Personnel) (174,119,2)
[21:56:45]PDA: Spoder13/(Sandra Parker) (PDA: head of personnel PDA) sent "come to hop line for all acsess" to Pepsiman (Scientist) (175,171,2)
[21:56:46]PDA: Bepisman/(Pepsiman) (PDA: scientist PDA) sent "im going to head to your desk and ask for janitor" to Sandra Parker (Head of Personnel) (174,119,2)
[21:56:51]PDA: Bepisman/(Pepsiman) (PDA: scientist PDA) sent "yeah" to Sandra Parker (Head of Personnel) (174,119,2)
[21:56:59]PDA: Bepisman/(Pepsiman) (PDA: scientist PDA) sent "but dont make me janitor" to Sandra Parker (Head of Personnel) (174,119,2)
[21:57:13]PDA: Bepisman/(Pepsiman) (PDA: scientist PDA) sent "just scientist" to Sandra Parker (Head of Personnel) (163,124,2)
[21:59:59]PDA: AzlanonPc/(Jetra Norlan) (PDA: shaft miner PDA) sent "Hey, can you make a plasma cutter ripley? and if you need something shout at PDA to me" to Raul Tejada (Roboticist) (69,37,5)
[22:00:16]PDA: ManNardo/(Raul Tejada) (PDA: roboticist PDA) sent "Sure" to Jetra Norlan (Shaft Miner) (186,144,2)
[22:01:07]PDA: Bepisman/(Pepsiman) (PDA: scientist PDA) sent "i got a bunch of tools" to Sandra Parker (Head of Personnel) (181,147,2)
[22:01:18]PDA: Bepisman/(Pepsiman) (PDA: scientist PDA) sent "just use your tc how you like" to Sandra Parker (Head of Personnel) (181,147,2)
[22:07:59]PDA: Bepisman/(Pepsiman) (PDA: scientist PDA) sent "he your target?" to Sandra Parker (Head of Personnel) (159,135,2)
[22:08:12]PDA: Spoder13/(Sandra Parker) (PDA: head of personnel PDA) sent "yes gragnir is" to Pepsiman (Scientist) (166,175,2)
[22:08:16]PDA: Bepisman/(Pepsiman) (PDA: scientist PDA) sent "okay" to Sandra Parker (Head of Personnel) (167,123,2)
[22:08:25]PDA: Bepisman/(Pepsiman) (PDA: scientist PDA) sent "i got the code speak manual" to Sandra Parker (Head of Personnel) (167,123,2)
[22:08:30]PDA: Bepisman/(Pepsiman) (PDA: scientist PDA) sent "meet me in maint" to Sandra Parker (Head of Personnel) (167,123,2)
[22:08:45]PDA: Bepisman/(Pepsiman) (PDA: scientist PDA) sent "actually in the kitchen" to Sandra Parker (Head of Personnel) (163,134,2)
[22:09:57]PDA: Bepisman/(Pepsiman) (PDA: scientist PDA) sent "where are you?" to Sandra Parker (Head of Personnel) (162,143,2)
[22:10:16]PDA: Spoder13/(Sandra Parker) (PDA: head of personnel PDA) sent "medicle" to Pepsiman (Scientist) (154,129,2)
[22:10:21]PDA: Bepisman/(Pepsiman) (PDA: scientist PDA) sent "omw" to Sandra Parker (Head of Personnel) (163,136,2)
[22:10:36]PDA: ManNardo/(Raul Tejada) (PDA: roboticist PDA) sent "I need 4 plasma, for the cutter" to Jetra Norlan (Shaft Miner) (179,122,2)
[22:10:51]PDA: AzlanonPc/(Jetra Norlan) (PDA: shaft miner PDA) sent "you have plasma on the most down lab of science" to Raul Tejada (Roboticist) (52,36,5)
[22:10:59]PDA: AzlanonPc/(Jetra Norlan) (PDA: shaft miner PDA) sent "altho im coming with sum ores right now" to Raul Tejada (Roboticist) (52,36,5)
[22:11:05]PDA: ManNardo/(Raul Tejada) (PDA: roboticist PDA) sent "I&#39;m an idiot" to Jetra Norlan (Shaft Miner) (179,122,2)
[22:11:40]PDA: AzlanonPc/(Jetra Norlan) (PDA: shaft miner PDA) sent "heh, also you have metal on maint, glass also on maint, and most down lab also has like 200 metal sheets and 50 glass ones, along with 4 upgraded cells" to Raul Tejada (Roboticist) (52,35,5)
[22:13:07]PDA: ManNardo/(Raul Tejada) (PDA: roboticist PDA) sent "It&#39;s ready" to Jetra Norlan (Shaft Miner) (179,122,2)
[22:13:14]PDA: AzlanonPc/(Jetra Norlan) (PDA: shaft miner PDA) sent "im outside science" to Raul Tejada (Roboticist) (167,126,2)
[22:26:19]PDA: AzlanonPc/(Jetra Norlan) (PDA: shaft miner PDA) sent "When you get the parts of augmentation and the welding eyes tell me, i will be massive mining on lavaland" to Raul Tejada (Roboticist) (189,162,2)
