[2018-08-21 06:28:16.060] Starting up round ID 2030.
[2018-08-21 06:28:16.060] -------------------------
[2018-08-21 06:28:18.361] Initialized Database subsystem within 0 seconds!
[2018-08-21 06:28:18.361] Initialized Blackbox subsystem within 0 seconds!
[2018-08-21 06:28:18.361] Initialized Server Tasks subsystem within 0 seconds!
[2018-08-21 06:28:18.362] Initialized Input subsystem within 0 seconds!
[2018-08-21 06:28:18.401] Initialized Research subsystem within 0.1 seconds!
[2018-08-21 06:28:18.406] Initialized Events subsystem within 0 seconds!
[2018-08-21 06:28:18.410] Initialized Jobs subsystem within 0 seconds!
[2018-08-21 06:28:18.412] Initialized Quirks subsystem within 0 seconds!
[2018-08-21 06:28:18.421] Initialized Ticker subsystem within 0 seconds!
[2018-08-21 06:28:18.421] Loading Box Station...
[2018-08-21 06:28:25.189] Loaded Station in 6.7s!
[2018-08-21 06:28:30.667] Loaded Lavaland in 5.1s!
[2018-08-21 06:28:42.276] Ruin loader finished with 0 left to spend.
[2018-08-21 06:28:44.551] Ruin loader finished with 0 left to spend.
[2018-08-21 06:28:54.070] Initialized Mapping subsystem within 35.6 seconds!
[2018-08-21 06:28:54.072] Initialized Networks subsystem within 0 seconds!
[2018-08-21 06:29:48.100] Initialized Atoms subsystem within 54.1 seconds!
[2018-08-21 06:29:48.120] Initialized Language subsystem within 0 seconds!
[2018-08-21 06:29:48.563] Initialized Machines subsystem within 0.4 seconds!
[2018-08-21 06:29:48.620] Initialized Circuit subsystem within 0.1 seconds!
[2018-08-21 06:29:48.622] Initialized Disease subsystem within 0 seconds!
[2018-08-21 06:29:48.623] Initialized Medals subsystem within 0 seconds!
[2018-08-21 06:29:48.624] Initialized Night Shift subsystem within 0 seconds!
[2018-08-21 06:29:48.624] Initialized Parallax subsystem within 0 seconds!
[2018-08-21 06:29:48.754] Initialized Traumas subsystem within 0.1 seconds!
[2018-08-21 06:29:48.755] Initialized Weather subsystem within 0 seconds!
[2018-08-21 06:31:09.494] Initialized Atmospherics subsystem within 80.7 seconds!
[2018-08-21 06:31:09.521] Initialized Minimap subsystem within 0.1 seconds!
[2018-08-21 06:31:11.727] Initialized Assets subsystem within 2.2 seconds!
[2018-08-21 06:31:20.046] Initialized Icon Smoothing subsystem within 8.3 seconds!
[2018-08-21 06:31:22.215] Initialized Overlay subsystem within 2.2 seconds!
[2018-08-21 06:31:22.215] Initialized XKeyScore subsystem within 0 seconds!
[2018-08-21 06:31:22.216] Initialized Sticky Ban subsystem within 0 seconds!
[2018-08-21 06:31:41.922] Initialized Lighting subsystem within 19.7 seconds!
[2018-08-21 06:31:44.935] Initialized Shuttle subsystem within 3 seconds!
[2018-08-21 06:31:44.973] Initialized Squeak subsystem within 0 seconds!
[2018-08-21 06:31:44.975] Initialized Pathfinder subsystem within 0 seconds!
[2018-08-21 06:31:45.029] Loaded 23 engraved messages on map Box Station
[2018-08-21 06:31:45.049] Initialized Persistence subsystem within 0.1 seconds!
[2018-08-21 06:31:45.051] Initializations complete within 206.7 seconds!
[2018-08-21 06:32:28.762] Failed to connect to byond member page to get changed key for brhunter45
[2018-08-21 06:32:52.828] Game start took 1.5s
[2018-08-21 06:32:52.877] runtime error: Cannot modify null.icon_state.
[2018-08-21 06:32:52.877] proc name: update mood icon (/datum/component/mood/proc/update_mood_icon)
[2018-08-21 06:32:52.877]   source file: mood.dm,122
[2018-08-21 06:32:52.877]   usr:  (/mob/living/carbon/human)
[2018-08-21 06:32:52.877]   src: /datum/component/mood (/datum/component/mood)
[2018-08-21 06:32:52.877]   usr.loc: the floor (82,112,2) (/turf/open/floor/plasteel)
[2018-08-21 06:32:52.877]   call stack:
[2018-08-21 06:32:52.877] /datum/component/mood (/datum/component/mood): update mood icon()
[2018-08-21 06:32:52.877] /datum/component/mood (/datum/component/mood): update mood()
[2018-08-21 06:32:52.877] /datum/component/mood (/datum/component/mood): add event("antag_moodlet", /datum/mood_event/focused (/datum/mood_event/focused), null)
[2018-08-21 06:32:52.877] /datum/callback (/datum/callback): Invoke("antag_moodlet", /datum/mood_event/focused (/datum/mood_event/focused))
[2018-08-21 06:32:52.877] world: PushUsr( (/mob/living/carbon/human), /datum/callback (/datum/callback), "antag_moodlet", /datum/mood_event/focused (/datum/mood_event/focused))
[2018-08-21 06:32:52.877] /datum/callback (/datum/callback): InvokeAsync("antag_moodlet", /datum/mood_event/focused (/datum/mood_event/focused))
[2018-08-21 06:32:52.877]  (/mob/living/carbon/human):  SendSignal("add_mood", /list (/list))
[2018-08-21 06:32:52.877] Brother (/datum/antagonist/brother): give antag moodies()
[2018-08-21 06:32:52.877] Brother (/datum/antagonist/brother): on gain()
[2018-08-21 06:32:52.877] Brother (/datum/antagonist/brother): on gain()
[2018-08-21 06:32:52.877] Dee. F. Rodgers (/datum/mind): add antag datum(/datum/antagonist/brother (/datum/antagonist/brother), brotherhood (/datum/team/brother_team))
[2018-08-21 06:32:52.877] traitor+brothers (/datum/game_mode/traitor/bros): post setup()
[2018-08-21 06:32:52.877] Ticker (/datum/controller/subsystem/ticker): PostSetup()
[2018-08-21 06:32:52.877] Ticker (/datum/controller/subsystem/ticker): setup()
[2018-08-21 06:32:52.877] Ticker (/datum/controller/subsystem/ticker): fire(0)
[2018-08-21 06:32:52.877] Ticker (/datum/controller/subsystem/ticker): ignite(0)
[2018-08-21 06:32:52.877] 
[2018-08-21 06:32:52.880] runtime error: Cannot modify null.icon_state.
[2018-08-21 06:32:52.880] proc name: update mood icon (/datum/component/mood/proc/update_mood_icon)
[2018-08-21 06:32:52.880]   source file: mood.dm,122
[2018-08-21 06:32:52.880]   usr:  (/mob/living/carbon/human)
[2018-08-21 06:32:52.880]   src: /datum/component/mood (/datum/component/mood)
[2018-08-21 06:32:52.880]   usr.loc: the floor (103,116,2) (/turf/open/floor/plasteel)
[2018-08-21 06:32:52.880]   call stack:
[2018-08-21 06:32:52.880] /datum/component/mood (/datum/component/mood): update mood icon()
[2018-08-21 06:32:52.880] /datum/component/mood (/datum/component/mood): update mood()
[2018-08-21 06:32:52.880] /datum/component/mood (/datum/component/mood): add event("antag_moodlet", /datum/mood_event/focused (/datum/mood_event/focused), null)
[2018-08-21 06:32:52.880] /datum/callback (/datum/callback): Invoke("antag_moodlet", /datum/mood_event/focused (/datum/mood_event/focused))
[2018-08-21 06:32:52.880] world: PushUsr( (/mob/living/carbon/human), /datum/callback (/datum/callback), "antag_moodlet", /datum/mood_event/focused (/datum/mood_event/focused))
[2018-08-21 06:32:52.880] /datum/callback (/datum/callback): InvokeAsync("antag_moodlet", /datum/mood_event/focused (/datum/mood_event/focused))
[2018-08-21 06:32:52.880]  (/mob/living/carbon/human):  SendSignal("add_mood", /list (/list))
[2018-08-21 06:32:52.880] Brother (/datum/antagonist/brother): give antag moodies()
[2018-08-21 06:32:52.880] Brother (/datum/antagonist/brother): on gain()
[2018-08-21 06:32:52.880] Brother (/datum/antagonist/brother): on gain()
[2018-08-21 06:32:52.880] Danny Redford (/datum/mind): add antag datum(/datum/antagonist/brother (/datum/antagonist/brother), brotherhood (/datum/team/brother_team))
[2018-08-21 06:32:52.880] traitor+brothers (/datum/game_mode/traitor/bros): post setup()
[2018-08-21 06:32:52.880] Ticker (/datum/controller/subsystem/ticker): PostSetup()
[2018-08-21 06:32:52.880] Ticker (/datum/controller/subsystem/ticker): setup()
[2018-08-21 06:32:52.880] Ticker (/datum/controller/subsystem/ticker): fire(0)
[2018-08-21 06:32:52.880] Ticker (/datum/controller/subsystem/ticker): ignite(0)
[2018-08-21 06:32:52.880] 
[2018-08-21 06:32:55.397] runtime error: Cannot modify null.icon_state.
[2018-08-21 06:32:55.397] proc name: update mood icon (/datum/component/mood/proc/update_mood_icon)
[2018-08-21 06:32:55.397]   source file: mood.dm,122
[2018-08-21 06:32:55.397]   usr:  (/mob/living/carbon/human)
[2018-08-21 06:32:55.397]   src: /datum/component/mood (/datum/component/mood)
[2018-08-21 06:32:55.397]   usr.loc: the floor (103,116,2) (/turf/open/floor/plasteel)
[2018-08-21 06:32:55.397]   call stack:
[2018-08-21 06:32:55.397] /datum/component/mood (/datum/component/mood): update mood icon()
[2018-08-21 06:32:55.397] /datum/component/mood (/datum/component/mood): update mood()
[2018-08-21 06:32:55.397] /datum/component/mood (/datum/component/mood): add event("family_heirloom", /datum/mood_event/family_heirl... (/datum/mood_event/family_heirloom), null)
[2018-08-21 06:32:55.397] /datum/callback (/datum/callback): Invoke("family_heirloom", /datum/mood_event/family_heirl... (/datum/mood_event/family_heirloom))
[2018-08-21 06:32:55.397] world: PushUsr( (/mob/living/carbon/human), /datum/callback (/datum/callback), "family_heirloom", /datum/mood_event/family_heirl... (/datum/mood_event/family_heirloom))
[2018-08-21 06:32:55.397] /datum/callback (/datum/callback): InvokeAsync("family_heirloom", /datum/mood_event/family_heirl... (/datum/mood_event/family_heirloom))
[2018-08-21 06:32:55.397]  (/mob/living/carbon/human):  SendSignal("add_mood", /list (/list))
[2018-08-21 06:32:55.397] Family Heirloom (/datum/quirk/family_heirloom): on process()
[2018-08-21 06:32:55.397] Family Heirloom (/datum/quirk/family_heirloom): process(10)
[2018-08-21 06:32:55.397] Quirks (/datum/controller/subsystem/processing/quirks): fire(0)
[2018-08-21 06:32:55.397] Quirks (/datum/controller/subsystem/processing/quirks): ignite(0)
[2018-08-21 06:32:55.397] Master (/datum/controller/master): RunQueue()
[2018-08-21 06:32:55.397] Master (/datum/controller/master): Loop()
[2018-08-21 06:32:55.397] Master (/datum/controller/master): StartProcessing(0)
[2018-08-21 06:32:55.397] 
[2018-08-21 06:32:56.679] runtime error: Cannot modify null.icon_state.
[2018-08-21 06:32:56.679] proc name: update mood icon (/datum/component/mood/proc/update_mood_icon)
[2018-08-21 06:32:56.679]   source file: mood.dm,122
[2018-08-21 06:32:56.679]   usr:  (/mob/living/carbon/human)
[2018-08-21 06:32:56.679]   src: /datum/component/mood (/datum/component/mood)
[2018-08-21 06:32:56.679]   usr.loc: the floor (136,123,2) (/turf/open/floor/plasteel/whiteyellow/side)
[2018-08-21 06:32:56.679]   call stack:
[2018-08-21 06:32:56.679] /datum/component/mood (/datum/component/mood): update mood icon()
[2018-08-21 06:32:56.679] /datum/component/mood (/datum/component/mood): update mood()
[2018-08-21 06:32:56.679] /datum/component/mood (/datum/component/mood): add event("antag_moodlet", /datum/mood_event/focused (/datum/mood_event/focused), null)
[2018-08-21 06:32:56.679] /datum/callback (/datum/callback): Invoke("antag_moodlet", /datum/mood_event/focused (/datum/mood_event/focused))
[2018-08-21 06:32:56.679] world: PushUsr( (/mob/living/carbon/human), /datum/callback (/datum/callback), "antag_moodlet", /datum/mood_event/focused (/datum/mood_event/focused))
[2018-08-21 06:32:56.679] /datum/callback (/datum/callback): InvokeAsync("antag_moodlet", /datum/mood_event/focused (/datum/mood_event/focused))
[2018-08-21 06:32:56.679]  (/mob/living/carbon/human):  SendSignal("add_mood", /list (/list))
[2018-08-21 06:32:56.679] Traitor (/datum/antagonist/traitor): give antag moodies()
[2018-08-21 06:32:56.679] Traitor (/datum/antagonist/traitor): on gain()
[2018-08-21 06:32:56.679] Traitor (/datum/antagonist/traitor): on gain()
[2018-08-21 06:32:56.679] Ward Davis (/datum/mind): add antag datum(Traitor (/datum/antagonist/traitor), null)
[2018-08-21 06:32:56.679] /datum/callback (/datum/callback): InvokeAsync()
[2018-08-21 06:32:56.679] Timer (/datum/controller/subsystem/timer): fire(1)
[2018-08-21 06:32:56.679] Timer (/datum/controller/subsystem/timer): ignite(1)
[2018-08-21 06:32:56.679] Master (/datum/controller/master): RunQueue()
[2018-08-21 06:32:56.679] Master (/datum/controller/master): Loop()
[2018-08-21 06:32:56.679] Master (/datum/controller/master): StartProcessing(0)
[2018-08-21 06:32:56.679] 
[2018-08-21 06:35:04.927] runtime error: Cannot modify null.icon_state.
[2018-08-21 06:35:04.927] proc name: update mood icon (/datum/component/mood/proc/update_mood_icon)
[2018-08-21 06:35:04.927]   source file: mood.dm,122
[2018-08-21 06:35:04.927]   usr: Ward Davis (/mob/living/carbon/human)
[2018-08-21 06:35:04.927]   src: /datum/component/mood (/datum/component/mood)
[2018-08-21 06:35:04.927]   usr.loc: the floor (133,123,2) (/turf/open/floor/plasteel/white)
[2018-08-21 06:35:04.927]   call stack:
[2018-08-21 06:35:04.927] /datum/component/mood (/datum/component/mood): update mood icon()
[2018-08-21 06:35:04.927] /datum/component/mood (/datum/component/mood): update mood()
[2018-08-21 06:35:04.927] /datum/component/mood (/datum/component/mood): add event("on_fire", /datum/mood_event/on_fire (/datum/mood_event/on_fire), null)
[2018-08-21 06:35:04.927] /datum/callback (/datum/callback): Invoke("on_fire", /datum/mood_event/on_fire (/datum/mood_event/on_fire))
[2018-08-21 06:35:04.927] world: PushUsr(Ward Davis (/mob/living/carbon/human), /datum/callback (/datum/callback), "on_fire", /datum/mood_event/on_fire (/datum/mood_event/on_fire))
[2018-08-21 06:35:04.927] /datum/callback (/datum/callback): InvokeAsync("on_fire", /datum/mood_event/on_fire (/datum/mood_event/on_fire))
[2018-08-21 06:35:04.927] Ward Davis (/mob/living/carbon/human):  SendSignal("add_mood", /list (/list))
[2018-08-21 06:35:04.927] Human (/datum/species/human): handle fire(Ward Davis (/mob/living/carbon/human), 0)
[2018-08-21 06:35:04.927] Ward Davis (/mob/living/carbon/human): handle fire()
[2018-08-21 06:35:04.927] Ward Davis (/mob/living/carbon/human): Life(2, 64)
[2018-08-21 06:35:04.927] Ward Davis (/mob/living/carbon/human): Life(2, 64)
[2018-08-21 06:35:04.927] Ward Davis (/mob/living/carbon/human): Life(2, 64)
[2018-08-21 06:35:04.927] Mobs (/datum/controller/subsystem/mobs): fire(0)
[2018-08-21 06:35:04.927] Mobs (/datum/controller/subsystem/mobs): ignite(0)
[2018-08-21 06:35:04.927] Master (/datum/controller/master): RunQueue()
[2018-08-21 06:35:04.927] Master (/datum/controller/master): Loop()
[2018-08-21 06:35:04.927] Master (/datum/controller/master): StartProcessing(0)
[2018-08-21 06:35:04.927] 
[2018-08-21 06:35:06.927] runtime error: Cannot modify null.icon_state.
[2018-08-21 06:35:06.927] proc name: update mood icon (/datum/component/mood/proc/update_mood_icon)
[2018-08-21 06:35:06.927]   source file: mood.dm,122
[2018-08-21 06:35:06.927] 
[2018-08-21 06:35:15.249] runtime error: Cannot modify null.icon_state.
[2018-08-21 06:35:15.249] proc name: update mood icon (/datum/component/mood/proc/update_mood_icon)
[2018-08-21 06:35:15.249]   source file: mood.dm,122
[2018-08-21 06:35:15.249] 
[2018-08-21 06:35:24.935] runtime error: Cannot modify null.icon_state.
[2018-08-21 06:35:24.935] proc name: update mood icon (/datum/component/mood/proc/update_mood_icon)
[2018-08-21 06:35:24.935]   source file: mood.dm,122
[2018-08-21 06:35:24.935] 
[2018-08-21 06:37:12.412] runtime error: Cannot modify null.icon_state.
[2018-08-21 06:37:12.413] proc name: update mood icon (/datum/component/mood/proc/update_mood_icon)
[2018-08-21 06:37:12.413]   source file: mood.dm,122
[2018-08-21 06:37:12.413] 
[2018-08-21 06:43:09.433] runtime error: Cannot modify null.icon_state.
[2018-08-21 06:43:09.433] proc name: update mood icon (/datum/component/mood/proc/update_mood_icon)
[2018-08-21 06:43:09.433]   source file: mood.dm,122
[2018-08-21 06:43:09.433] 
[2018-08-21 06:43:11.385] runtime error: Cannot modify null.icon_state.
[2018-08-21 06:43:11.385] proc name: update mood icon (/datum/component/mood/proc/update_mood_icon)
[2018-08-21 06:43:11.385]   source file: mood.dm,122
[2018-08-21 06:43:11.385] 
[2018-08-21 06:43:11.387] runtime error: Cannot modify null.icon_state.
[2018-08-21 06:43:11.387] proc name: update mood icon (/datum/component/mood/proc/update_mood_icon)
[2018-08-21 06:43:11.387]   source file: mood.dm,122
[2018-08-21 06:43:11.387] 
[2018-08-21 06:43:13.383] runtime error: Cannot modify null.icon_state.
[2018-08-21 06:43:13.383] proc name: update mood icon (/datum/component/mood/proc/update_mood_icon)
[2018-08-21 06:43:13.383]   source file: mood.dm,122
[2018-08-21 06:43:13.383] 
[2018-08-21 06:43:16.395] runtime error: Cannot modify null.icon_state.
[2018-08-21 06:43:16.395] proc name: update mood icon (/datum/component/mood/proc/update_mood_icon)
[2018-08-21 06:43:16.395]   source file: mood.dm,122
[2018-08-21 06:43:16.395] 
[2018-08-21 06:43:20.989] runtime error: Cannot modify null.icon_state.
[2018-08-21 06:43:20.989] proc name: update mood icon (/datum/component/mood/proc/update_mood_icon)
[2018-08-21 06:43:20.989]   source file: mood.dm,122
[2018-08-21 06:43:20.989] 
[2018-08-21 06:43:35.389] runtime error: Cannot modify null.icon_state.
[2018-08-21 06:43:35.389] proc name: update mood icon (/datum/component/mood/proc/update_mood_icon)
[2018-08-21 06:43:35.389]   source file: mood.dm,122
[2018-08-21 06:43:35.389] 
[2018-08-21 06:43:46.330] runtime error: Cannot modify null.icon_state.
[2018-08-21 06:43:46.330] proc name: update mood icon (/datum/component/mood/proc/update_mood_icon)
[2018-08-21 06:43:46.330]   source file: mood.dm,122
[2018-08-21 06:43:46.330] 
[2018-08-21 06:46:48.164] runtime error: Cannot modify null.icon_state.
[2018-08-21 06:46:48.164] proc name: update mood icon (/datum/component/mood/proc/update_mood_icon)
[2018-08-21 06:46:48.164]   source file: mood.dm,122
[2018-08-21 06:46:48.164] 
[2018-08-21 06:47:34.257] runtime error: Cannot modify null.icon_state.
[2018-08-21 06:47:34.257] proc name: update mood icon (/datum/component/mood/proc/update_mood_icon)
[2018-08-21 06:47:34.257]   source file: mood.dm,122
[2018-08-21 06:47:34.257] 
[2018-08-21 06:47:39.647] runtime error: Cannot modify null.icon_state.
[2018-08-21 06:47:39.647] proc name: update mood icon (/datum/component/mood/proc/update_mood_icon)
[2018-08-21 06:47:39.647]   source file: mood.dm,122
[2018-08-21 06:47:39.647] 
[2018-08-21 06:47:45.763] runtime error: Cannot modify null.icon_state.
[2018-08-21 06:47:45.763] proc name: update mood icon (/datum/component/mood/proc/update_mood_icon)
[2018-08-21 06:47:45.763]   source file: mood.dm,122
[2018-08-21 06:47:45.763] 
[2018-08-21 06:50:35.534] runtime error: Cannot modify null.icon_state.
[2018-08-21 06:50:35.534] proc name: update mood icon (/datum/component/mood/proc/update_mood_icon)
[2018-08-21 06:50:35.534]   source file: mood.dm,122
[2018-08-21 06:50:35.534] 
[2018-08-21 06:50:40.933] runtime error: Cannot modify null.icon_state.
[2018-08-21 06:50:40.934] proc name: update mood icon (/datum/component/mood/proc/update_mood_icon)
[2018-08-21 06:50:40.934]   source file: mood.dm,122
[2018-08-21 06:50:40.934] 
[2018-08-21 06:50:45.130] runtime error: Cannot execute null.log message().
[2018-08-21 06:50:45.130] proc name: log combat (/proc/log_combat)
[2018-08-21 06:50:45.130]   source file: atoms.dm,669
[2018-08-21 06:50:45.130] 
[2018-08-21 06:50:45.131] runtime error: Cannot execute null.log message().
[2018-08-21 06:50:45.131] proc name: log combat (/proc/log_combat)
[2018-08-21 06:50:45.131]   source file: atoms.dm,669
[2018-08-21 06:50:45.131] 
[2018-08-21 06:50:45.132] runtime error: Cannot execute null.log message().
[2018-08-21 06:50:45.132] proc name: log combat (/proc/log_combat)
[2018-08-21 06:50:45.132]   source file: atoms.dm,669
[2018-08-21 06:50:45.132] 
[2018-08-21 06:50:45.133] runtime error: Cannot execute null.log message().
[2018-08-21 06:50:45.133] proc name: log combat (/proc/log_combat)
[2018-08-21 06:50:45.133]   source file: atoms.dm,669
[2018-08-21 06:50:45.133] 
[2018-08-21 06:50:47.084] runtime error: Cannot modify null.icon_state.
[2018-08-21 06:50:47.084] proc name: update mood icon (/datum/component/mood/proc/update_mood_icon)
[2018-08-21 06:50:47.084]   source file: mood.dm,122
[2018-08-21 06:50:47.084] 
[2018-08-21 06:51:09.342] runtime error: Cannot modify null.icon_state.
[2018-08-21 06:51:09.342] proc name: update mood icon (/datum/component/mood/proc/update_mood_icon)
[2018-08-21 06:51:09.342]   source file: mood.dm,122
[2018-08-21 06:51:09.342] 
[2018-08-21 06:51:10.579] runtime error: Cannot modify null.icon_state.
[2018-08-21 06:51:10.579] proc name: update mood icon (/datum/component/mood/proc/update_mood_icon)
[2018-08-21 06:51:10.579]   source file: mood.dm,122
[2018-08-21 06:51:10.579] 
[2018-08-21 06:51:11.393] runtime error: Cannot modify null.icon_state.
[2018-08-21 06:51:11.393] proc name: update mood icon (/datum/component/mood/proc/update_mood_icon)
[2018-08-21 06:51:11.394]   source file: mood.dm,122
[2018-08-21 06:51:11.394] 
[2018-08-21 06:51:17.338] runtime error: Cannot modify null.icon_state.
[2018-08-21 06:51:17.338] proc name: update mood icon (/datum/component/mood/proc/update_mood_icon)
[2018-08-21 06:51:17.338]   source file: mood.dm,122
[2018-08-21 06:51:17.338] 
[2018-08-21 06:52:05.756] runtime error: Cannot modify null.icon_state.
[2018-08-21 06:52:05.756] proc name: update mood icon (/datum/component/mood/proc/update_mood_icon)
[2018-08-21 06:52:05.756]   source file: mood.dm,122
[2018-08-21 06:52:05.756] 
[2018-08-21 06:52:07.707] runtime error: Cannot modify null.icon_state.
[2018-08-21 06:52:07.707] proc name: update mood icon (/datum/component/mood/proc/update_mood_icon)
[2018-08-21 06:52:07.707]   source file: mood.dm,122
[2018-08-21 06:52:07.707] 
[2018-08-21 06:52:09.709] runtime error: Cannot modify null.icon_state.
[2018-08-21 06:52:09.709] proc name: update mood icon (/datum/component/mood/proc/update_mood_icon)
[2018-08-21 06:52:09.709]   source file: mood.dm,122
[2018-08-21 06:52:09.709] 
[2018-08-21 06:52:15.706] runtime error: Cannot modify null.icon_state.
[2018-08-21 06:52:15.706] proc name: update mood icon (/datum/component/mood/proc/update_mood_icon)
[2018-08-21 06:52:15.706]   source file: mood.dm,122
[2018-08-21 06:52:15.706] 
[2018-08-21 06:52:41.971] runtime error: Cannot modify null.icon_state.
[2018-08-21 06:52:41.971] proc name: update mood icon (/datum/component/mood/proc/update_mood_icon)
[2018-08-21 06:52:41.971]   source file: mood.dm,122
[2018-08-21 06:52:41.971] 
[2018-08-21 06:53:07.973] runtime error: Cannot modify null.icon_state.
[2018-08-21 06:53:07.973] proc name: update mood icon (/datum/component/mood/proc/update_mood_icon)
[2018-08-21 06:53:07.973]   source file: mood.dm,122
[2018-08-21 06:53:07.973] 
[2018-08-21 07:01:14.116] runtime error: Cannot modify null.icon_state.
[2018-08-21 07:01:14.117] proc name: update mood icon (/datum/component/mood/proc/update_mood_icon)
[2018-08-21 07:01:14.117]   source file: mood.dm,122
[2018-08-21 07:01:14.117] 
[2018-08-21 07:06:15.489] runtime error: Cannot modify null.icon_state.
[2018-08-21 07:06:15.490] proc name: update mood icon (/datum/component/mood/proc/update_mood_icon)
[2018-08-21 07:06:15.490]   source file: mood.dm,122
[2018-08-21 07:06:15.490] 
[2018-08-21 07:07:52.305] runtime error: Cannot modify null.icon_state.
[2018-08-21 07:07:52.305] proc name: update mood icon (/datum/component/mood/proc/update_mood_icon)
[2018-08-21 07:07:52.305]   source file: mood.dm,122
[2018-08-21 07:07:52.305] 
[2018-08-21 07:10:40.657] runtime error: Cannot modify null.icon_state.
[2018-08-21 07:10:40.657] proc name: update mood icon (/datum/component/mood/proc/update_mood_icon)
[2018-08-21 07:10:40.657]   source file: mood.dm,122
[2018-08-21 07:10:40.657] 
[2018-08-21 07:10:40.657] runtime error: Cannot modify null.icon_state.
[2018-08-21 07:10:40.657] proc name: update mood icon (/datum/component/mood/proc/update_mood_icon)
[2018-08-21 07:10:40.657]   source file: mood.dm,122
[2018-08-21 07:10:40.657] 
[2018-08-21 07:11:06.656] runtime error: Cannot modify null.icon_state.
[2018-08-21 07:11:06.656] proc name: update mood icon (/datum/component/mood/proc/update_mood_icon)
[2018-08-21 07:11:06.656]   source file: mood.dm,122
[2018-08-21 07:11:06.656] 
[2018-08-21 07:11:06.657] runtime error: Cannot modify null.icon_state.
[2018-08-21 07:11:06.657] proc name: update mood icon (/datum/component/mood/proc/update_mood_icon)
[2018-08-21 07:11:06.657]   source file: mood.dm,122
[2018-08-21 07:11:06.657] 
[2018-08-21 07:12:52.302] runtime error: Cannot modify null.icon_state.
[2018-08-21 07:12:52.302] proc name: update mood icon (/datum/component/mood/proc/update_mood_icon)
[2018-08-21 07:12:52.302]   source file: mood.dm,122
[2018-08-21 07:12:52.303] 
[2018-08-21 07:13:52.179] runtime error: Cannot modify null.icon_state.
[2018-08-21 07:13:52.179] proc name: update mood icon (/datum/component/mood/proc/update_mood_icon)
[2018-08-21 07:13:52.179]   source file: mood.dm,122
[2018-08-21 07:13:52.179] 
[2018-08-21 07:13:52.180] runtime error: Cannot modify null.icon_state.
[2018-08-21 07:13:52.180] proc name: update mood icon (/datum/component/mood/proc/update_mood_icon)
[2018-08-21 07:13:52.180]   source file: mood.dm,122
[2018-08-21 07:13:52.180] 
[2018-08-21 07:14:02.179] runtime error: Cannot modify null.icon_state.
[2018-08-21 07:14:02.179] proc name: update mood icon (/datum/component/mood/proc/update_mood_icon)
[2018-08-21 07:14:02.179]   source file: mood.dm,122
[2018-08-21 07:14:02.179] 
[2018-08-21 07:14:02.180] runtime error: Cannot modify null.icon_state.
[2018-08-21 07:14:02.180] proc name: update mood icon (/datum/component/mood/proc/update_mood_icon)
[2018-08-21 07:14:02.180]   source file: mood.dm,122
[2018-08-21 07:14:02.180] 
[2018-08-21 07:14:08.656] runtime error: Cannot modify null.icon_state.
[2018-08-21 07:14:08.656] proc name: update mood icon (/datum/component/mood/proc/update_mood_icon)
[2018-08-21 07:14:08.656]   source file: mood.dm,122
[2018-08-21 07:14:08.656] 
[2018-08-21 07:14:08.657] runtime error: Cannot modify null.icon_state.
[2018-08-21 07:14:08.657] proc name: update mood icon (/datum/component/mood/proc/update_mood_icon)
[2018-08-21 07:14:08.657]   source file: mood.dm,122
[2018-08-21 07:14:08.657] 
[2018-08-21 07:27:08.302] Saved 23 engraved messages on map Box Station
[2018-08-21 07:28:43.293] Shutting down Persistence subsystem...
[2018-08-21 07:28:43.293] Shutting down Pathfinder subsystem...
[2018-08-21 07:28:43.294] Shutting down Squeak subsystem...
[2018-08-21 07:28:43.294] Shutting down Shuttle subsystem...
[2018-08-21 07:28:43.294] Shutting down Lighting subsystem...
[2018-08-21 07:28:43.294] Shutting down XKeyScore subsystem...
[2018-08-21 07:28:43.294] Shutting down Sticky Ban subsystem...
[2018-08-21 07:28:43.294] Shutting down Overlay subsystem...
[2018-08-21 07:28:43.326] Shutting down Icon Smoothing subsystem...
[2018-08-21 07:28:43.326] Shutting down Assets subsystem...
[2018-08-21 07:28:43.326] Shutting down Minimap subsystem...
[2018-08-21 07:28:43.327] Shutting down Atmospherics subsystem...
[2018-08-21 07:28:43.327] Shutting down Wet floors subsystem...
[2018-08-21 07:28:43.327] Shutting down Weather subsystem...
[2018-08-21 07:28:43.327] Shutting down Vote subsystem...
[2018-08-21 07:28:43.327] Shutting down Traumas subsystem...
[2018-08-21 07:28:43.327] Shutting down Title Screen subsystem...
[2018-08-21 07:28:43.327] Shutting down Time Tracking subsystem...
[2018-08-21 07:28:43.327] Shutting down Throwing subsystem...
[2018-08-21 07:28:43.327] Shutting down tgui subsystem...
[2018-08-21 07:28:43.328] Shutting down Sun subsystem...
[2018-08-21 07:28:43.328] Shutting down Space Drift subsystem...
[2018-08-21 07:28:43.328] Shutting down Religion subsystem...
[2018-08-21 07:28:43.328] Shutting down Radio subsystem...
[2018-08-21 07:28:43.328] Shutting down Radiation subsystem...
[2018-08-21 07:28:43.328] Shutting down Projectiles subsystem...
[2018-08-21 07:28:43.328] Shutting down Processing subsystem...
[2018-08-21 07:28:43.328] Shutting down Ping subsystem...
[2018-08-21 07:28:43.328] Shutting down Parallax subsystem...
[2018-08-21 07:28:43.328] Shutting down pAI subsystem...
[2018-08-21 07:28:43.328] Shutting down Orbits subsystem...
[2018-08-21 07:28:43.328] Shutting down Objects subsystem...
[2018-08-21 07:28:43.328] Shutting down NPC Pool subsystem...
[2018-08-21 07:28:43.328] Shutting down Night Shift subsystem...
[2018-08-21 07:28:43.328] Shutting down Mood subsystem...
[2018-08-21 07:28:43.329] Shutting down Mobs subsystem...
[2018-08-21 07:28:43.329] Shutting down Medals subsystem...
[2018-08-21 07:28:43.329] Shutting down Idling NPC Pool subsystem...
[2018-08-21 07:28:43.329] Shutting down Fire Burning subsystem...
[2018-08-21 07:28:43.329] Shutting down Fields subsystem...
[2018-08-21 07:28:43.329] Shutting down Fast Processing subsystem...
[2018-08-21 07:28:43.329] Shutting down Disease subsystem...
[2018-08-21 07:28:43.329] Shutting down Datum Component System subsystem...
[2018-08-21 07:28:43.329] Shutting down Communications subsystem...
[2018-08-21 07:28:43.329] Shutting down Augury subsystem...
[2018-08-21 07:28:43.329] Shutting down Acid subsystem...
[2018-08-21 07:28:43.329] Shutting down Timer subsystem...
[2018-08-21 07:28:43.330] Shutting down Circuit subsystem...
[2018-08-21 07:28:43.330] Shutting down Machines subsystem...
[2018-08-21 07:28:43.330] Shutting down Language subsystem...
[2018-08-21 07:28:43.330] Shutting down Atoms subsystem...
[2018-08-21 07:28:43.330] Shutting down Networks subsystem...
[2018-08-21 07:28:43.330] Shutting down Mapping subsystem...
[2018-08-21 07:28:43.331] Shutting down Ticker subsystem...
[2018-08-21 07:28:43.588] Shutting down Quirks subsystem...
[2018-08-21 07:28:43.588] Shutting down Jobs subsystem...
[2018-08-21 07:28:43.588] Shutting down Events subsystem...
[2018-08-21 07:28:43.588] Shutting down Research subsystem...
[2018-08-21 07:28:43.589] Shutting down Input subsystem...
[2018-08-21 07:28:43.589] Shutting down Server Tasks subsystem...
[2018-08-21 07:28:43.589] Shutting down Blackbox subsystem...
[2018-08-21 07:28:43.848] Shutting down Database subsystem...
[2018-08-21 07:28:43.886] Shutting down Garbage subsystem...
[2018-08-21 07:28:43.925] Shutdown complete
[2018-08-21 07:28:43.926] World rebooted at 07:28:43
