[2018-07-12 01:29:43.883] runtime error: bad index
[2018-07-12 01:29:43.883] proc name: Get (/datum/controller/configuration/proc/Get)
[2018-07-12 01:29:43.883]   source file: configuration.dm,176
[2018-07-12 01:29:43.883]   usr: null
[2018-07-12 01:29:43.883]   src: Configuration (/datum/controller/configuration)
[2018-07-12 01:29:43.883]   call stack:
[2018-07-12 01:29:43.883] Configuration (/datum/controller/configuration): Get(/datum/config_entry/flag/log_w... (/datum/config_entry/flag/log_world_topic))
[2018-07-12 01:29:43.883] world: Topic("status", "212.237.9.101", null, null)
[2018-07-12 01:29:43.883] 
[2018-07-12 01:29:43.884] runtime error: bad index
[2018-07-12 01:29:43.884] proc name: Get (/datum/controller/configuration/proc/Get)
[2018-07-12 01:29:43.884]   source file: configuration.dm,176
[2018-07-12 01:29:43.884]   usr: null
[2018-07-12 01:29:43.884]   src: Configuration (/datum/controller/configuration)
[2018-07-12 01:29:43.884]   call stack:
[2018-07-12 01:29:43.884] Configuration (/datum/controller/configuration): Get(/datum/config_entry/string/com... (/datum/config_entry/string/comms_key))
[2018-07-12 01:29:43.884] /datum/world_topic/status (/datum/world_topic/status): TryRun(/list (/list))
[2018-07-12 01:29:43.884] world: Topic("status", "212.237.9.101", null, null)
[2018-07-12 01:29:43.884] 
[2018-07-12 01:29:43.884] runtime error: bad index
[2018-07-12 01:29:43.884] proc name: Get (/datum/controller/configuration/proc/Get)
[2018-07-12 01:29:43.884]   source file: configuration.dm,176
[2018-07-12 01:29:43.884]   usr: null
[2018-07-12 01:29:43.884]   src: Configuration (/datum/controller/configuration)
[2018-07-12 01:29:43.884]   call stack:
[2018-07-12 01:29:43.884] Configuration (/datum/controller/configuration): Get(/datum/config_entry/flag/nores... (/datum/config_entry/flag/norespawn))
[2018-07-12 01:29:43.884] /datum/world_topic/status (/datum/world_topic/status): Run(/list (/list))
[2018-07-12 01:29:43.884] /datum/world_topic/status (/datum/world_topic/status): TryRun(/list (/list))
[2018-07-12 01:29:43.884] world: Topic("status", "212.237.9.101", null, null)
[2018-07-12 01:29:43.884] 
[2018-07-12 01:29:43.885] runtime error: bad index
[2018-07-12 01:29:43.885] proc name: Get (/datum/controller/configuration/proc/Get)
[2018-07-12 01:29:43.885]   source file: configuration.dm,176
[2018-07-12 01:29:43.885]   usr: null
[2018-07-12 01:29:43.885]   src: Configuration (/datum/controller/configuration)
[2018-07-12 01:29:43.885]   call stack:
[2018-07-12 01:29:43.885] Configuration (/datum/controller/configuration): Get(/datum/config_entry/flag/allow... (/datum/config_entry/flag/allow_vote_mode))
[2018-07-12 01:29:43.885] /datum/world_topic/status (/datum/world_topic/status): Run(/list (/list))
[2018-07-12 01:29:43.885] /datum/world_topic/status (/datum/world_topic/status): TryRun(/list (/list))
[2018-07-12 01:29:43.885] world: Topic("status", "212.237.9.101", null, null)
[2018-07-12 01:29:43.885] 
[2018-07-12 01:29:43.885] runtime error: bad index
[2018-07-12 01:29:43.885] proc name: Get (/datum/controller/configuration/proc/Get)
[2018-07-12 01:29:43.885]   source file: configuration.dm,176
[2018-07-12 01:29:43.885]   usr: null
[2018-07-12 01:29:43.885]   src: Configuration (/datum/controller/configuration)
[2018-07-12 01:29:43.885]   call stack:
[2018-07-12 01:29:43.885] Configuration (/datum/controller/configuration): Get(/datum/config_entry/flag/allow... (/datum/config_entry/flag/allow_ai))
[2018-07-12 01:29:43.885] /datum/world_topic/status (/datum/world_topic/status): Run(/list (/list))
[2018-07-12 01:29:43.885] /datum/world_topic/status (/datum/world_topic/status): TryRun(/list (/list))
[2018-07-12 01:29:43.885] world: Topic("status", "212.237.9.101", null, null)
[2018-07-12 01:29:43.885] 
[2018-07-12 01:29:43.886] runtime error: Cannot read null.commit
[2018-07-12 01:29:43.886] proc name: Run (/datum/world_topic/status/Run)
[2018-07-12 01:29:43.886]   source file: world_topic.dm,151
[2018-07-12 01:29:43.886]   usr: null
[2018-07-12 01:29:43.886]   src: /datum/world_topic/status (/datum/world_topic/status)
[2018-07-12 01:29:43.886]   call stack:
[2018-07-12 01:29:43.886] /datum/world_topic/status (/datum/world_topic/status): Run(/list (/list))
[2018-07-12 01:29:43.886] /datum/world_topic/status (/datum/world_topic/status): TryRun(/list (/list))
[2018-07-12 01:29:43.886] world: Topic("status", "212.237.9.101", null, null)
[2018-07-12 01:29:43.886] 
[2018-07-12 01:29:43.887] runtime error: bad index
[2018-07-12 01:29:43.887] proc name: Get (/datum/controller/configuration/proc/Get)
[2018-07-12 01:29:43.887]   source file: configuration.dm,176
[2018-07-12 01:29:43.887]   usr: null
[2018-07-12 01:29:43.887]   src: Configuration (/datum/controller/configuration)
[2018-07-12 01:29:43.887]   call stack:
[2018-07-12 01:29:43.887] Configuration (/datum/controller/configuration): Get(/datum/config_entry/flag/log_w... (/datum/config_entry/flag/log_world_topic))
[2018-07-12 01:29:43.887] world: Topic("status", "212.237.9.101", null, null)
[2018-07-12 01:29:43.887] 
[2018-07-12 01:29:43.887] runtime error: bad index
[2018-07-12 01:29:43.887] proc name: Get (/datum/controller/configuration/proc/Get)
[2018-07-12 01:29:43.887]   source file: configuration.dm,176
[2018-07-12 01:29:43.887]   usr: null
[2018-07-12 01:29:43.887]   src: Configuration (/datum/controller/configuration)
[2018-07-12 01:29:43.887]   call stack:
[2018-07-12 01:29:43.887] Configuration (/datum/controller/configuration): Get(/datum/config_entry/string/com... (/datum/config_entry/string/comms_key))
[2018-07-12 01:29:43.887] /datum/world_topic/status (/datum/world_topic/status): TryRun(/list (/list))
[2018-07-12 01:29:43.887] world: Topic("status", "212.237.9.101", null, null)
[2018-07-12 01:29:43.887] 
[2018-07-12 01:29:43.888] runtime error: bad index
[2018-07-12 01:29:43.888] proc name: Get (/datum/controller/configuration/proc/Get)
[2018-07-12 01:29:43.888]   source file: configuration.dm,176
[2018-07-12 01:29:43.888]   usr: null
[2018-07-12 01:29:43.888]   src: Configuration (/datum/controller/configuration)
[2018-07-12 01:29:43.888]   call stack:
[2018-07-12 01:29:43.888] Configuration (/datum/controller/configuration): Get(/datum/config_entry/flag/nores... (/datum/config_entry/flag/norespawn))
[2018-07-12 01:29:43.888] /datum/world_topic/status (/datum/world_topic/status): Run(/list (/list))
[2018-07-12 01:29:43.888] /datum/world_topic/status (/datum/world_topic/status): TryRun(/list (/list))
[2018-07-12 01:29:43.888] world: Topic("status", "212.237.9.101", null, null)
[2018-07-12 01:29:43.888] 
[2018-07-12 01:29:43.888] runtime error: bad index
[2018-07-12 01:29:43.888] proc name: Get (/datum/controller/configuration/proc/Get)
[2018-07-12 01:29:43.888]   source file: configuration.dm,176
[2018-07-12 01:29:43.888]   usr: null
[2018-07-12 01:29:43.888]   src: Configuration (/datum/controller/configuration)
[2018-07-12 01:29:43.888]   call stack:
[2018-07-12 01:29:43.888] Configuration (/datum/controller/configuration): Get(/datum/config_entry/flag/allow... (/datum/config_entry/flag/allow_vote_mode))
[2018-07-12 01:29:43.888] /datum/world_topic/status (/datum/world_topic/status): Run(/list (/list))
[2018-07-12 01:29:43.888] /datum/world_topic/status (/datum/world_topic/status): TryRun(/list (/list))
[2018-07-12 01:29:43.888] world: Topic("status", "212.237.9.101", null, null)
[2018-07-12 01:29:43.888] 
[2018-07-12 01:29:43.888] runtime error: bad index
[2018-07-12 01:29:43.888] proc name: Get (/datum/controller/configuration/proc/Get)
[2018-07-12 01:29:43.888]   source file: configuration.dm,176
[2018-07-12 01:29:43.888] 
[2018-07-12 01:29:43.889] runtime error: Cannot read null.commit
[2018-07-12 01:29:43.889] proc name: Run (/datum/world_topic/status/Run)
[2018-07-12 01:29:43.889]   source file: world_topic.dm,151
[2018-07-12 01:29:43.889] 
[2018-07-12 01:29:43.889] runtime error: bad index
[2018-07-12 01:29:43.889] proc name: Get (/datum/controller/configuration/proc/Get)
[2018-07-12 01:29:43.889]   source file: configuration.dm,176
[2018-07-12 01:29:43.889] 
[2018-07-12 01:29:43.889] runtime error: bad index
[2018-07-12 01:29:43.889] proc name: Get (/datum/controller/configuration/proc/Get)
[2018-07-12 01:29:43.889]   source file: configuration.dm,176
[2018-07-12 01:29:43.889] 
[2018-07-12 01:29:43.889] runtime error: bad index
[2018-07-12 01:29:43.889] proc name: Get (/datum/controller/configuration/proc/Get)
[2018-07-12 01:29:43.889]   source file: configuration.dm,176
[2018-07-12 01:29:43.889] 
[2018-07-12 01:29:43.890] runtime error: bad index
[2018-07-12 01:29:43.890] proc name: Get (/datum/controller/configuration/proc/Get)
[2018-07-12 01:29:43.890]   source file: configuration.dm,176
[2018-07-12 01:29:43.890] 
[2018-07-12 01:29:43.890] runtime error: bad index
[2018-07-12 01:29:43.890] proc name: Get (/datum/controller/configuration/proc/Get)
[2018-07-12 01:29:43.890]   source file: configuration.dm,176
[2018-07-12 01:29:43.890] 
[2018-07-12 01:29:43.890] runtime error: Cannot read null.commit
[2018-07-12 01:29:43.890] proc name: Run (/datum/world_topic/status/Run)
[2018-07-12 01:29:43.890]   source file: world_topic.dm,151
[2018-07-12 01:29:43.890] 
[2018-07-12 01:29:43.890] runtime error: bad index
[2018-07-12 01:29:43.890] proc name: Get (/datum/controller/configuration/proc/Get)
[2018-07-12 01:29:43.890]   source file: configuration.dm,176
[2018-07-12 01:29:43.890] 
[2018-07-12 01:29:43.891] runtime error: bad index
[2018-07-12 01:29:43.891] proc name: Get (/datum/controller/configuration/proc/Get)
[2018-07-12 01:29:43.891]   source file: configuration.dm,176
[2018-07-12 01:29:43.891] 
[2018-07-12 01:29:43.891] runtime error: bad index
[2018-07-12 01:29:43.891] proc name: Get (/datum/controller/configuration/proc/Get)
[2018-07-12 01:29:43.891]   source file: configuration.dm,176
[2018-07-12 01:29:43.891] 
[2018-07-12 01:29:43.891] runtime error: bad index
[2018-07-12 01:29:43.891] proc name: Get (/datum/controller/configuration/proc/Get)
[2018-07-12 01:29:43.891]   source file: configuration.dm,176
[2018-07-12 01:29:43.891] 
[2018-07-12 01:29:43.891] runtime error: bad index
[2018-07-12 01:29:43.891] proc name: Get (/datum/controller/configuration/proc/Get)
[2018-07-12 01:29:43.891]   source file: configuration.dm,176
[2018-07-12 01:29:43.891] 
[2018-07-12 01:29:43.891] runtime error: Cannot read null.commit
[2018-07-12 01:29:43.892] proc name: Run (/datum/world_topic/status/Run)
[2018-07-12 01:29:43.892]   source file: world_topic.dm,151
[2018-07-12 01:29:43.892] 
[2018-07-12 01:29:43.892] runtime error: bad index
[2018-07-12 01:29:43.892] proc name: Get (/datum/controller/configuration/proc/Get)
[2018-07-12 01:29:43.892]   source file: configuration.dm,176
[2018-07-12 01:29:43.892] 
[2018-07-12 01:29:43.892] runtime error: bad index
[2018-07-12 01:29:43.892] proc name: Get (/datum/controller/configuration/proc/Get)
[2018-07-12 01:29:43.892]   source file: configuration.dm,176
[2018-07-12 01:29:43.892] 
[2018-07-12 01:29:43.892] runtime error: bad index
[2018-07-12 01:29:43.892] proc name: Get (/datum/controller/configuration/proc/Get)
[2018-07-12 01:29:43.892]   source file: configuration.dm,176
[2018-07-12 01:29:43.892] 
[2018-07-12 01:29:43.893] runtime error: bad index
[2018-07-12 01:29:43.893] proc name: Get (/datum/controller/configuration/proc/Get)
[2018-07-12 01:29:43.893]   source file: configuration.dm,176
[2018-07-12 01:29:43.893] 
[2018-07-12 01:29:43.893] runtime error: bad index
[2018-07-12 01:29:43.893] proc name: Get (/datum/controller/configuration/proc/Get)
[2018-07-12 01:29:43.893]   source file: configuration.dm,176
[2018-07-12 01:29:43.893] 
[2018-07-12 01:29:43.893] runtime error: Cannot read null.commit
[2018-07-12 01:29:43.893] proc name: Run (/datum/world_topic/status/Run)
[2018-07-12 01:29:43.893]   source file: world_topic.dm,151
[2018-07-12 01:29:43.893] 
[2018-07-12 01:29:43.894] runtime error: bad index
[2018-07-12 01:29:43.894] proc name: Get (/datum/controller/configuration/proc/Get)
[2018-07-12 01:29:43.894]   source file: configuration.dm,176
[2018-07-12 01:29:43.894] 
[2018-07-12 01:29:43.894] runtime error: bad index
[2018-07-12 01:29:43.894] proc name: Get (/datum/controller/configuration/proc/Get)
[2018-07-12 01:29:43.894]   source file: configuration.dm,176
[2018-07-12 01:29:43.894] 
[2018-07-12 01:29:43.894] runtime error: bad index
[2018-07-12 01:29:43.894] proc name: Get (/datum/controller/configuration/proc/Get)
[2018-07-12 01:29:43.894]   source file: configuration.dm,176
[2018-07-12 01:29:43.894] 
[2018-07-12 01:29:43.894] runtime error: bad index
[2018-07-12 01:29:43.894] proc name: Get (/datum/controller/configuration/proc/Get)
[2018-07-12 01:29:43.894]   source file: configuration.dm,176
[2018-07-12 01:29:43.894] 
[2018-07-12 01:29:43.894] runtime error: bad index
[2018-07-12 01:29:43.894] proc name: Get (/datum/controller/configuration/proc/Get)
[2018-07-12 01:29:43.894]   source file: configuration.dm,176
[2018-07-12 01:29:43.894] 
[2018-07-12 01:29:43.895] runtime error: Cannot read null.commit
[2018-07-12 01:29:43.895] proc name: Run (/datum/world_topic/status/Run)
[2018-07-12 01:29:43.895]   source file: world_topic.dm,151
[2018-07-12 01:29:43.895] 
[2018-07-12 01:29:43.895] runtime error: bad index
[2018-07-12 01:29:43.895] proc name: Get (/datum/controller/configuration/proc/Get)
[2018-07-12 01:29:43.895]   source file: configuration.dm,176
[2018-07-12 01:29:43.895] 
[2018-07-12 01:29:43.895] runtime error: bad index
[2018-07-12 01:29:43.895] proc name: Get (/datum/controller/configuration/proc/Get)
[2018-07-12 01:29:43.895]   source file: configuration.dm,176
[2018-07-12 01:29:43.895] 
[2018-07-12 01:29:43.895] runtime error: bad index
[2018-07-12 01:29:43.895] proc name: Get (/datum/controller/configuration/proc/Get)
[2018-07-12 01:29:43.895]   source file: configuration.dm,176
[2018-07-12 01:29:43.895] 
[2018-07-12 01:29:43.896] runtime error: bad index
[2018-07-12 01:29:43.896] proc name: Get (/datum/controller/configuration/proc/Get)
[2018-07-12 01:29:43.896]   source file: configuration.dm,176
[2018-07-12 01:29:43.896] 
[2018-07-12 01:29:43.896] runtime error: bad index
[2018-07-12 01:29:43.896] proc name: Get (/datum/controller/configuration/proc/Get)
[2018-07-12 01:29:43.896]   source file: configuration.dm,176
[2018-07-12 01:29:43.896] 
[2018-07-12 01:29:43.896] runtime error: Cannot read null.commit
[2018-07-12 01:29:43.896] proc name: Run (/datum/world_topic/status/Run)
[2018-07-12 01:29:43.896]   source file: world_topic.dm,151
[2018-07-12 01:29:43.896] 
[2018-07-12 01:29:43.978] Running /tg/ revision:
[2018-07-12 01:29:43.979] 98ae0ff15ab03133e2b6703ffdec26d9ec753069: 2018-07-07
[2018-07-12 01:29:43.979] runtime error: list index out of bounds
[2018-07-12 01:29:43.979] proc name: New (/datum/getrev/New)
[2018-07-12 01:29:43.979]   source file: getrev.dm,23
[2018-07-12 01:29:43.979] 
[2018-07-12 01:29:43.988] Loading config file config.txt...
[2018-07-12 01:29:43.989] Loading config file game_options.txt...
[2018-07-12 01:29:43.991] Unknown setting in configuration: 'w##'
[2018-07-12 01:29:43.993] Failed to validate setting "DOUBLE_AGENTS 20" for min_pop
[2018-07-12 01:29:43.993] Failed to validate setting "DOUBLE_AGENTS -1" for max_pop
[2018-07-12 01:29:43.997] Loading config file dbconfig.txt...
[2018-07-12 01:29:43.997] Loading config file comms.txt...
[2018-07-12 01:29:44.001] Loading config file maps.txt...
[2018-07-12 01:29:44.252] Database connection established.
[2018-07-12 01:29:44.284] SQL: Could not get schema version from database
