

Starting up round ID 946. 08:58:08
---------------------
Initialized Database subsystem within 0 seconds!
Initialized Blackbox subsystem within 0 seconds!
Initialized Server Tasks subsystem within 0 seconds!
Initialized Input subsystem within 0 seconds!
Initialized Research subsystem within 0.1 seconds!
Initialized Events subsystem within 0 seconds!
Initialized Jobs subsystem within 0 seconds!
Initialized Traits subsystem within 0 seconds!
Initialized Ticker subsystem within 0 seconds!
Loading Box Station...
Loaded Station in 5s!
Loaded Lavaland in 6.2s!
Loaded Reebe in 5.6s!
Ruin loader finished with 0 left to spend.
Ruin loader finished with 0 left to spend.
Initialized Mapping subsystem within 23.6 seconds!
Initialized Networks subsystem within 0 seconds!
runtime error: 
[08:58:39]Bad areastring path for Vacant Office APC, area/security/vacantoffice
[08:58:39]proc name: stack trace (/datum/proc/stack_trace)
[08:58:39]  source file: unsorted.dm,1257
[08:58:39]  usr: null
[08:58:39]  src: Vacant Office APC (/obj/machinery/power/apc)
[08:58:39]  src.loc: the floor (88,129,2) (/turf/open/floor/plasteel/grimy)
[08:58:39]  call stack:
[08:58:39]Vacant Office APC (/obj/machinery/power/apc): stack trace("Bad areastring path for Vacant...")
[08:58:39]Vacant Office APC (/obj/machinery/power/apc): Initialize(1)
[08:58:39]Atoms (/datum/controller/subsystem/atoms): InitAtom(Vacant Office APC (/obj/machinery/power/apc), /list (/list))
[08:58:39]Atoms (/datum/controller/subsystem/atoms): InitializeAtoms(null)
[08:58:39]Atoms (/datum/controller/subsystem/atoms): Initialize(323132)
[08:58:39]Master (/datum/controller/master): Initialize(10, 0)
Initialized Atoms subsystem within 40.9 seconds!
Initialized Language subsystem within 0 seconds!
Initialized Machines subsystem within 0.3 seconds!
Initialized Circuit subsystem within 0.1 seconds!
Initialized Disease subsystem within 0 seconds!
Initialized Medals subsystem within 0 seconds!
Initialized Night Shift subsystem within 0 seconds!
Initialized Parallax subsystem within 0 seconds!
Initialized Traumas subsystem within 0.1 seconds!
Initialized Weather subsystem within 0 seconds!
## WARNING: There are 10 active turfs at roundstart, this is a mapping error caused by a difference of the air between the adjacent turfs. You can see its coordinates using "Mapping -> Show roundstart AT list" verb (debug verbs required)
## WARNING: HEY! LISTEN! 1 second were wasted processing 10 turf(s) (connected to 22409 other turfs) with atmos differences at round start.
## WARNING: build_pipeline(): /obj/machinery/atmospherics/pipe/simple/supply/hidden added to a pipenet while still having one. (pipes leading to the same spot stacking in one turf) Nearby: (108, 118, 2)
## WARNING: build_pipeline(): /obj/machinery/atmospherics/pipe/manifold/supply/hidden added to a pipenet while still having one. (pipes leading to the same spot stacking in one turf) Nearby: (106, 118, 2)
## WARNING: build_pipeline(): /obj/machinery/atmospherics/pipe/simple/supply/hidden added to a pipenet while still having one. (pipes leading to the same spot stacking in one turf) Nearby: (109, 118, 2)
## WARNING: build_pipeline(): /obj/machinery/atmospherics/pipe/simple/supply/hidden added to a pipenet while still having one. (pipes leading to the same spot stacking in one turf) Nearby: (107, 118, 2)
## WARNING: build_pipeline(): /obj/machinery/atmospherics/pipe/simple/supply/hidden added to a pipenet while still having one. (pipes leading to the same spot stacking in one turf) Nearby: (106, 119, 2)
## WARNING: build_pipeline(): /obj/machinery/atmospherics/pipe/simple/supply/hidden added to a pipenet while still having one. (pipes leading to the same spot stacking in one turf) Nearby: (106, 117, 2)
## WARNING: build_pipeline(): /obj/machinery/atmospherics/pipe/simple/supply/hidden added to a pipenet while still having one. (pipes leading to the same spot stacking in one turf) Nearby: (106, 120, 2)
## WARNING: build_pipeline(): /obj/machinery/atmospherics/pipe/simple/supply/hidden added to a pipenet while still having one. (pipes leading to the same spot stacking in one turf) Nearby: (106, 116, 2)
## WARNING: build_pipeline(): /obj/machinery/atmospherics/pipe/simple/supply/hidden added to a pipenet while still having one. (pipes leading to the same spot stacking in one turf) Nearby: (106, 121, 2)
## WARNING: build_pipeline(): /obj/machinery/atmospherics/pipe/simple/supply/hidden added to a pipenet while still having one. (pipes leading to the same spot stacking in one turf) Nearby: (106, 115, 2)
## WARNING: build_pipeline(): further messages about pipenets will be supressed
Initialized Atmospherics subsystem within 15.3 seconds!
Initialized Minimap subsystem within 0.3 seconds!
Initialized Assets subsystem within 0.8 seconds!
Initialized Icon Smoothing subsystem within 5.7 seconds!
Initialized Overlay subsystem within 15.4 seconds!
Initialized XKeyScore subsystem within 0 seconds!
Initialized Sticky Ban subsystem within 0 seconds!
Initialized Lighting subsystem within 12.8 seconds!
Initialized Shuttle subsystem within 23.9 seconds!
Initialized Squeak subsystem within 0 seconds!
Initialized pathfinder subsystem within 0 seconds!
Loaded 118 engraved messages on map Box Station
Initialized Persistence subsystem within 0.1 seconds!
Initializations complete within 139.4 seconds!
Game start took 1.1s
runtime error: 
[09:45:53]nothing to animate
[09:45:53]proc name: shake camera (/proc/shake_camera)
[09:45:53]  source file: mob_helpers.dm,270
[09:45:53]  usr: (src)
[09:45:53]  src: null
[09:45:53]  call stack:
[09:45:53]shake camera(Wack Grandpap (/mob/living/carbon/human), 0.75, 1)
[09:45:53]Wack Grandpap (/mob/living/carbon/human): afterShuttleMove(space (25,19,13) (/turf/open/space/transit/west), /list (/list), 8, 8, 8, 0)
[09:45:53]Wack Grandpap (/mob/living/carbon/human): afterShuttleMove(space (25,19,13) (/turf/open/space/transit/west), /list (/list), 8, 8, 8, 0)
[09:45:53]the arrivals shuttle (/obj/docking_port/mobile/arrivals): cleanup runway(the arrivals (/obj/docking_port/stationary), /list (/list), /list (/list), /list (/list), /list (/list), 0, 8, Space (/area/space), /turf/open/space/transit/west (/turf/open/space/transit/west), /turf/open/space (/turf/open/space))
[09:45:53]the arrivals shuttle (/obj/docking_port/mobile/arrivals): initiate docking(the arrivals (/obj/docking_port/stationary), 8, 0)
[09:45:53]the arrivals shuttle (/obj/docking_port/mobile/arrivals): initiate docking(the arrivals (/obj/docking_port/stationary), 8)
[09:45:53]the arrivals shuttle (/obj/docking_port/mobile/arrivals): check()
[09:45:53]the arrivals shuttle (/obj/docking_port/mobile/arrivals): check()
[09:45:53]Shuttle (/datum/controller/subsystem/shuttle): fire(0)
[09:45:53]Shuttle (/datum/controller/subsystem/shuttle): ignite(0)
runtime error: 
[09:55:28]Cannot read null.client
[09:55:28]proc name: open (/datum/tgui/proc/open)
[09:55:28]  source file: tgui.dm,87
[09:55:28]  usr: Wack Grandpap (/mob/living/carbon/human)
[09:55:28]  src: /datum/tgui (/datum/tgui)
[09:55:28]  usr.loc: the floor (117,75,2) (/turf/open/floor/plasteel)
[09:55:28]  call stack:
[09:55:28]/datum/tgui (/datum/tgui): open()
[09:55:28]the tablet computer (/obj/item/device/modular_computer/tablet/preset/advanced): ui interact(null, "main", /datum/tgui (/datum/tgui), 0, null, /datum/ui_state/default (/datum/ui_state/default))
[09:55:28]the tablet computer (/obj/item/device/modular_computer/tablet/preset/advanced): attack self(Wack Grandpap (/mob/living/carbon/human))
[09:55:28]Wack Grandpap (/mob/living/carbon/human): Activate Held Object()
[09:55:28]Wack Grandpap (/mob/living/carbon/human): key down("Z", Arrfur (/client))
[09:55:28]Wack Grandpap (/mob/living/carbon/human): key down("Z", Arrfur (/client))
[09:55:28]Wack Grandpap (/mob/living/carbon/human): key down("Z", Arrfur (/client))
[09:55:28]Wack Grandpap (/mob/living/carbon/human): key down("Z", Arrfur (/client))
[09:55:28]Arrfur (/client): keyDown("Z")
runtime error: 
[09:56:11]Cannot read null.client
[09:56:11]proc name: open (/datum/tgui/proc/open)
[09:56:11]  source file: tgui.dm,87
[09:56:11]  usr: Wack Grandpap (/mob/living/carbon/human)
[09:56:11]  src: /datum/tgui (/datum/tgui)
[09:56:11]  usr.loc: the floor (112,80,2) (/turf/open/floor/plasteel/vault)
[09:56:11]  call stack:
[09:56:11]/datum/tgui (/datum/tgui): open()
[09:56:11]/datum/computer_file/program/n... (/datum/computer_file/program/ntnetdownload): ui interact(null, "main", /datum/tgui (/datum/tgui), 0, null, /datum/ui_state/default (/datum/ui_state/default))
[09:56:11]the tablet computer (/obj/item/device/modular_computer/tablet/preset/advanced): ui interact(null, "main", null, 0, null, /datum/ui_state/default (/datum/ui_state/default))
[09:56:11]the tablet computer (/obj/item/device/modular_computer/tablet/preset/advanced): attack self(Wack Grandpap (/mob/living/carbon/human))
[09:56:11]Wack Grandpap (/mob/living/carbon/human): Activate Held Object()
[09:56:11]Wack Grandpap (/mob/living/carbon/human): key down("Z", Arrfur (/client))
[09:56:11]Wack Grandpap (/mob/living/carbon/human): key down("Z", Arrfur (/client))
[09:56:11]Wack Grandpap (/mob/living/carbon/human): key down("Z", Arrfur (/client))
[09:56:11]Wack Grandpap (/mob/living/carbon/human): key down("Z", Arrfur (/client))
[09:56:11]Arrfur (/client): keyDown("Z")
runtime error: 
[09:56:41]Cannot read null.client
[09:56:41]proc name: open (/datum/tgui/proc/open)
[09:56:41]  source file: tgui.dm,87
[09:56:41]  usr: Wack Grandpap (/mob/living/carbon/human)
[09:56:41]  src: /datum/tgui (/datum/tgui)
[09:56:41]  usr.loc: the floor (89,74,2) (/turf/open/floor/plasteel/dark)
[09:56:41]  call stack:
[09:56:41]/datum/tgui (/datum/tgui): open()
[09:56:41]/datum/computer_file/program/n... (/datum/computer_file/program/ntnetdownload): ui interact(null, "main", /datum/tgui (/datum/tgui), 0, null, /datum/ui_state/default (/datum/ui_state/default))
[09:56:41]the tablet computer (/obj/item/device/modular_computer/tablet/preset/advanced): ui interact(null, "main", null, 0, null, /datum/ui_state/default (/datum/ui_state/default))
[09:56:41]the tablet computer (/obj/item/device/modular_computer/tablet/preset/advanced): attack self(Wack Grandpap (/mob/living/carbon/human))
[09:56:41]Wack Grandpap (/mob/living/carbon/human): Activate Held Object()
[09:56:41]Wack Grandpap (/mob/living/carbon/human): key down("Z", Arrfur (/client))
[09:56:41]Wack Grandpap (/mob/living/carbon/human): key down("Z", Arrfur (/client))
[09:56:41]Wack Grandpap (/mob/living/carbon/human): key down("Z", Arrfur (/client))
[09:56:41]Wack Grandpap (/mob/living/carbon/human): key down("Z", Arrfur (/client))
[09:56:41]Arrfur (/client): keyDown("Z")
runtime error: 
[10:15:25]nothing to animate
[10:15:25]proc name: shake camera (/proc/shake_camera)
[10:15:25]  source file: mob_helpers.dm,270
[10:15:25]  usr: (src)
[10:15:25]  src: null
[10:15:25]  call stack:
[10:15:25]shake camera(Sej Tribal (/mob/living/carbon/human), 0.75, 1)
[10:15:25]Sej Tribal (/mob/living/carbon/human): afterShuttleMove(space (25,20,13) (/turf/open/space/transit/west), /list (/list), 8, 8, 8, 0)
[10:15:25]Sej Tribal (/mob/living/carbon/human): afterShuttleMove(space (25,20,13) (/turf/open/space/transit/west), /list (/list), 8, 8, 8, 0)
[10:15:25]the arrivals shuttle (/obj/docking_port/mobile/arrivals): cleanup runway(the arrivals (/obj/docking_port/stationary), /list (/list), /list (/list), /list (/list), /list (/list), 0, 8, Space (/area/space), /turf/open/space/transit/west (/turf/open/space/transit/west), /turf/open/space (/turf/open/space))
[10:15:25]the arrivals shuttle (/obj/docking_port/mobile/arrivals): initiate docking(the arrivals (/obj/docking_port/stationary), 8, 0)
[10:15:25]the arrivals shuttle (/obj/docking_port/mobile/arrivals): initiate docking(the arrivals (/obj/docking_port/stationary), 8)
[10:15:25]the arrivals shuttle (/obj/docking_port/mobile/arrivals): check()
[10:15:25]the arrivals shuttle (/obj/docking_port/mobile/arrivals): check()
[10:15:25]Shuttle (/datum/controller/subsystem/shuttle): fire(0)
[10:15:25]Shuttle (/datum/controller/subsystem/shuttle): ignite(0)
runtime error: 
[10:56:38]Cannot read null.client
[10:56:38]proc name: open (/datum/tgui/proc/open)
[10:56:38]  source file: tgui.dm,87
[10:56:38]  usr: null
[10:56:38]  src: /datum/tgui (/datum/tgui)
[10:56:38]  call stack:
[10:56:38]/datum/tgui (/datum/tgui): open()
[10:56:38]the sleeper (/obj/machinery/sleeper): ui interact(null, "main", /datum/tgui (/datum/tgui), 0, null, /datum/ui_state/notcontained_s... (/datum/ui_state/notcontained_state))
[10:56:38]the sleeper (/obj/machinery/sleeper): updateUsrDialog()
[10:56:38]the sleeper (/obj/machinery/sleeper): open machine(1)
[10:56:38]the sleeper (/obj/machinery/sleeper): open machine()
[10:56:38]the sleeper (/obj/machinery/sleeper): container resist(Wack Grandpap (/mob/living/carbon/human))
[10:56:38]the sleeper (/obj/machinery/sleeper): relaymove(Wack Grandpap (/mob/living/carbon/human), 8)
[10:56:38]Arrfur (/client): Move(the floor (140,112,2) (/turf/open/floor/plasteel/white/side), 8)
[10:56:38]Wack Grandpap (/mob/living/carbon/human): keyLoop(Arrfur (/client))
[10:56:38]Arrfur (/client): keyLoop()
[10:56:38]Input (/datum/controller/subsystem/input): fire(0)
[10:56:38]Input (/datum/controller/subsystem/input): ignite(0)
[10:56:38]Master (/datum/controller/master): RunQueue()
[10:56:38]Master (/datum/controller/master): Loop()
[10:56:38]Master (/datum/controller/master): StartProcessing(0)
runtime error: 
[11:30:25]nothing to animate
[11:30:25]proc name: shake camera (/proc/shake_camera)
[11:30:25]  source file: mob_helpers.dm,270
[11:30:25]  usr: (src)
[11:30:25]  src: null
[11:30:25]  call stack:
[11:30:25]shake camera(Wack Grandpap (/mob/living/carbon/human), 0.75, 1)
[11:30:25]Wack Grandpap (/mob/living/carbon/human): afterShuttleMove(space (50,20,13) (/turf/open/space/transit/north), /list (/list), 8, 1, 1, 0)
[11:30:25]Wack Grandpap (/mob/living/carbon/human): afterShuttleMove(space (50,20,13) (/turf/open/space/transit/north), /list (/list), 8, 1, 1, 0)
[11:30:25]the mining shuttle (/obj/docking_port/mobile): cleanup runway(the lavaland mine (/obj/docking_port/stationary), /list (/list), /list (/list), /list (/list), /list (/list), 0, 1, Space (/area/space), /turf/open/space/transit/north (/turf/open/space/transit/north), /turf/open/space (/turf/open/space))
[11:30:25]the mining shuttle (/obj/docking_port/mobile): initiate docking(the lavaland mine (/obj/docking_port/stationary), 1, 0)
[11:30:25]the mining shuttle (/obj/docking_port/mobile): check()
[11:30:25]Shuttle (/datum/controller/subsystem/shuttle): fire(0)
[11:30:25]Shuttle (/datum/controller/subsystem/shuttle): ignite(0)
runtime error: 
[11:44:07]nothing to animate
[11:44:07]proc name: shake camera (/proc/shake_camera)
[11:44:07]  source file: mob_helpers.dm,270
[11:44:07]  usr: (src)
[11:44:07]  src: null
[11:44:07]  call stack:
[11:44:07]shake camera(Nick Freeman (/mob/living/carbon/human), 0.75, 1)
[11:44:07]Nick Freeman (/mob/living/carbon/human): afterShuttleMove(space (23,18,13) (/turf/open/space/transit/west), /list (/list), 8, 8, 8, 0)
[11:44:07]Nick Freeman (/mob/living/carbon/human): afterShuttleMove(space (23,18,13) (/turf/open/space/transit/west), /list (/list), 8, 8, 8, 0)
[11:44:07]the arrivals shuttle (/obj/docking_port/mobile/arrivals): cleanup runway(the arrivals (/obj/docking_port/stationary), /list (/list), /list (/list), /list (/list), /list (/list), 0, 8, Space (/area/space), /turf/open/space/transit/west (/turf/open/space/transit/west), /turf/open/space (/turf/open/space))
[11:44:07]the arrivals shuttle (/obj/docking_port/mobile/arrivals): initiate docking(the arrivals (/obj/docking_port/stationary), 8, 0)
[11:44:07]the arrivals shuttle (/obj/docking_port/mobile/arrivals): initiate docking(the arrivals (/obj/docking_port/stationary), 8)
[11:44:07]the arrivals shuttle (/obj/docking_port/mobile/arrivals): check()
[11:44:07]the arrivals shuttle (/obj/docking_port/mobile/arrivals): check()
[11:44:07]Shuttle (/datum/controller/subsystem/shuttle): fire(0)
[11:44:07]Shuttle (/datum/controller/subsystem/shuttle): ignite(0)
## WARNING: couldn't find shuttle with id: syndie_cargo in code/controllers/subsystem/shuttle.dm at line 209 src: Shuttle usr: Mya Neely.
runtime error: 
[13:02:27]Cannot read null.loc
[13:02:27]proc name: update parallax (/datum/hud/proc/update_parallax)
[13:02:27]  source file: parallax.dm,170
[13:02:27]  usr: Klaus Michaelson (/mob/living/brain)
[13:02:27]  src: /datum/hud (/datum/hud)
[13:02:27]  usr.loc: Unknown\'s brain (/obj/item/organ/brain)
[13:02:27]  call stack:
[13:02:27]/datum/hud (/datum/hud): update parallax()
[13:02:27]/datum/hud (/datum/hud): update parallax pref(Klaus Michaelson (/mob/living/brain))
[13:02:27]/datum/hud (/datum/hud): show hud(1, null)
[13:02:27]Klaus Michaelson (/mob/living/brain): Login()
[13:02:27]Klaus Michaelson (/mob/living/brain): Login()
[13:02:27]Klaus Michaelson (/datum/mind): transfer to(Klaus Michaelson (/mob/living/brain), 0)
[13:02:27]Unknown\'s brain (/obj/item/organ/brain): transfer identity(Unknown (/mob/living/carbon/human))
[13:02:27]Unknown\'s brain (/obj/item/organ/brain): Remove(Unknown (/mob/living/carbon/human), 0, 0)
[13:02:27]Unknown\'s brain (/obj/item/organ/brain): transfer to limb(Klaus Michaelson\'s head (/obj/item/bodypart/head), Unknown (/mob/living/carbon/human))
[13:02:27]Klaus Michaelson\'s head (/obj/item/bodypart/head): drop limb(null)
[13:02:27]Klaus Michaelson\'s head (/obj/item/bodypart/head): drop limb(null)
[13:02:27]Klaus Michaelson\'s head (/obj/item/bodypart/head): dismember("brute")
[13:02:27]Human (/datum/species/human): spec attacked by(the officer\'s sabre (/obj/item/melee/sabre), Nick Freeman (/mob/living/carbon/human), Klaus Michaelson\'s head (/obj/item/bodypart/head), "harm", Unknown (/mob/living/carbon/human))
[13:02:27]Unknown (/mob/living/carbon/human): attacked by(the officer\'s sabre (/obj/item/melee/sabre), Nick Freeman (/mob/living/carbon/human))
[13:02:27]the officer\'s sabre (/obj/item/melee/sabre): attack(Unknown (/mob/living/carbon/human), Nick Freeman (/mob/living/carbon/human))
[13:02:27]Unknown (/mob/living/carbon/human): attackby(the officer\'s sabre (/obj/item/melee/sabre), Nick Freeman (/mob/living/carbon/human), "icon-x=17;icon-y=17;left=1;scr...")
[13:02:27]Unknown (/mob/living/carbon/human): attackby(the officer\'s sabre (/obj/item/melee/sabre), Nick Freeman (/mob/living/carbon/human), "icon-x=17;icon-y=17;left=1;scr...")
[13:02:27]the officer\'s sabre (/obj/item/melee/sabre): melee attack chain(Nick Freeman (/mob/living/carbon/human), Unknown (/mob/living/carbon/human), "icon-x=17;icon-y=17;left=1;scr...")
[13:02:27]Nick Freeman (/mob/living/carbon/human): ClickOn(Unknown (/mob/living/carbon/human), "icon-x=17;icon-y=17;left=1;scr...")
[13:02:27]Unknown (/mob/living/carbon/human): Click(the floor (167,118,2) (/turf/open/floor/plasteel/dark), "mapwindow.map", "icon-x=17;icon-y=17;left=1;scr...")
runtime error: 
[13:08:22]addtimer called with a callback assigned to a qdeleted object
[13:08:22]proc name: stack trace (/proc/stack_trace)
[13:08:22]  source file: unsorted.dm,1254
[13:08:22]  usr: Alfredo Ratcliff (/mob/living/carbon/human)
[13:08:22]  src: null
[13:08:22]  usr.loc: the floor (129,130,2) (/turf/open/floor/plasteel)
[13:08:22]  call stack:
[13:08:22]stack trace("addtimer called with a callbac...")
[13:08:22]addtimer(/datum/callback (/datum/callback), 20, 0)
[13:08:22]/datum/effect_system/spark_spr... (/datum/effect_system/spark_spread): generate effect()
[13:08:22]world: ImmediateInvokeAsync(/datum/effect_system/spark_spr... (/datum/effect_system/spark_spread), /datum/effect_system/proc/gene... (/datum/effect_system/proc/generate_effect))
runtime error: 
[13:08:22]addtimer called with a callback assigned to a qdeleted object
[13:08:22]proc name: stack trace (/proc/stack_trace)
[13:08:22]  source file: unsorted.dm,1254
[13:08:22]  usr: Alfredo Ratcliff (/mob/living/carbon/human)
[13:08:22]  src: null
[13:08:22]  usr.loc: the floor (129,130,2) (/turf/open/floor/plasteel)
[13:08:22]  call stack:
[13:08:22]stack trace("addtimer called with a callbac...")
[13:08:22]addtimer(/datum/callback (/datum/callback), 20, 0)
[13:08:22]/datum/effect_system/spark_spr... (/datum/effect_system/spark_spread): generate effect()
[13:08:22]world: ImmediateInvokeAsync(/datum/effect_system/spark_spr... (/datum/effect_system/spark_spread), /datum/effect_system/proc/gene... (/datum/effect_system/proc/generate_effect))
runtime error: 
[13:08:23]Component is missing a pipenet! Rebuilding...
runtime error: 
[13:08:23]addtimer called with a callback assigned to a qdeleted object
[13:08:23]proc name: stack trace (/proc/stack_trace)
[13:08:23]  source file: unsorted.dm,1254
[13:08:23]  usr: Alfredo Ratcliff (/mob/living/carbon/human)
[13:08:23]  src: null
[13:08:23]  usr.loc: the floor (129,130,2) (/turf/open/floor/plasteel)
[13:08:23]  call stack:
[13:08:23]stack trace("addtimer called with a callbac...")
[13:08:23]addtimer(/datum/callback (/datum/callback), 20, 0)
[13:08:23]/datum/effect_system/spark_spr... (/datum/effect_system/spark_spread): generate effect()
[13:08:23]world: ImmediateInvokeAsync(/datum/effect_system/spark_spr... (/datum/effect_system/spark_spread), /datum/effect_system/proc/gene... (/datum/effect_system/proc/generate_effect))
runtime error: 
[13:08:23]addtimer called with a callback assigned to a qdeleted object
[13:08:23]proc name: stack trace (/proc/stack_trace)
[13:08:23]  source file: unsorted.dm,1254
[13:08:23]  usr: Alfredo Ratcliff (/mob/living/carbon/human)
[13:08:23]  src: null
[13:08:23]  usr.loc: the floor (129,130,2) (/turf/open/floor/plasteel)
[13:08:23]  call stack:
[13:08:23]stack trace("addtimer called with a callbac...")
[13:08:23]addtimer(/datum/callback (/datum/callback), 20, 0)
[13:08:23]/datum/effect_system/spark_spr... (/datum/effect_system/spark_spread): generate effect()
[13:08:23]world: ImmediateInvokeAsync(/datum/effect_system/spark_spr... (/datum/effect_system/spark_spread), /datum/effect_system/proc/gene... (/datum/effect_system/proc/generate_effect))
runtime error: 
[13:08:24]Component is missing a pipenet! Rebuilding...
runtime error: 
[13:08:25]Component is missing a pipenet! Rebuilding...
runtime error: 
[13:08:26]Component is missing a pipenet! Rebuilding...
runtime error: 
[13:08:27]Component is missing a pipenet! Rebuilding...
runtime error: 
[13:08:28]Component is missing a pipenet! Rebuilding...
runtime error: 
[13:08:29]Component is missing a pipenet! Rebuilding...
runtime error: 
[13:08:30]Component is missing a pipenet! Rebuilding...
runtime error: 
[13:08:31]Component is missing a pipenet! Rebuilding...
runtime error: 
[13:08:33]Component is missing a pipenet! Rebuilding...
runtime error: 
[13:08:33]Component is missing a pipenet! Rebuilding...
runtime error: 
[13:08:35]Component is missing a pipenet! Rebuilding...
runtime error: 
[13:08:35]Component is missing a pipenet! Rebuilding...
runtime error: 
[13:08:37]Component is missing a pipenet! Rebuilding...
runtime error: 
[13:08:38]Component is missing a pipenet! Rebuilding...
runtime error: 
[13:08:39]Component is missing a pipenet! Rebuilding...
runtime error: 
[13:08:40]Component is missing a pipenet! Rebuilding...
runtime error: 
[13:08:41]Component is missing a pipenet! Rebuilding...
runtime error: 
[13:08:42]Component is missing a pipenet! Rebuilding...
runtime error: 
[13:08:43]Component is missing a pipenet! Rebuilding...
runtime error: 
[13:08:44]Component is missing a pipenet! Rebuilding...
runtime error: 
[13:08:45]Component is missing a pipenet! Rebuilding...
runtime error: 
[13:08:47]Component is missing a pipenet! Rebuilding...
runtime error: 
[13:08:48]Component is missing a pipenet! Rebuilding...
runtime error: 
[13:08:49]Component is missing a pipenet! Rebuilding...
runtime error: 
[13:08:50]Component is missing a pipenet! Rebuilding...
runtime error: 
[13:08:51]Component is missing a pipenet! Rebuilding...
runtime error: 
[13:08:52]Component is missing a pipenet! Rebuilding...
runtime error: 
[13:08:53]Component is missing a pipenet! Rebuilding...
runtime error: 
[13:08:54]Component is missing a pipenet! Rebuilding...
runtime error: 
[13:08:55]Component is missing a pipenet! Rebuilding...
runtime error: 
[13:08:56]Component is missing a pipenet! Rebuilding...
runtime error: 
[13:08:57]Component is missing a pipenet! Rebuilding...
runtime error: 
[13:08:58]Component is missing a pipenet! Rebuilding...
runtime error: 
[13:08:59]Component is missing a pipenet! Rebuilding...
runtime error: 
[13:09:00]Component is missing a pipenet! Rebuilding...
runtime error: 
[13:09:01]Component is missing a pipenet! Rebuilding...
runtime error: 
[13:09:02]Component is missing a pipenet! Rebuilding...
runtime error: 
[13:09:03]Component is missing a pipenet! Rebuilding...
runtime error: 
[13:09:04]Component is missing a pipenet! Rebuilding...
runtime error: 
[13:09:05]Component is missing a pipenet! Rebuilding...
runtime error: 
[13:09:06]Component is missing a pipenet! Rebuilding...
runtime error: 
[13:09:07]Component is missing a pipenet! Rebuilding...
runtime error: 
[13:09:08]Component is missing a pipenet! Rebuilding...
runtime error: 
[13:09:09]Component is missing a pipenet! Rebuilding...
runtime error: 
[13:09:10]Component is missing a pipenet! Rebuilding...
runtime error: 
[13:09:12]Component is missing a pipenet! Rebuilding...
runtime error: 
[13:09:12]Component is missing a pipenet! Rebuilding...
runtime error: 
[13:09:14]Component is missing a pipenet! Rebuilding...
runtime error: 
[13:09:15]Component is missing a pipenet! Rebuilding...
runtime error: 
[13:09:16]Component is missing a pipenet! Rebuilding...
runtime error: 
[13:17:51]Cannot read null.antag_rep
[13:17:51]proc name: EquipRank (/datum/controller/subsystem/job/proc/EquipRank)
[13:17:51]  source file: job.dm,407
[13:17:51]  usr: Jonathon Whirlow (/mob/dead/observer)
[13:17:51]  src: Jobs (/datum/controller/subsystem/job)
[13:17:51]  usr.loc: the floor (72,86,1) (/turf/open/floor/plasteel/bar)
[13:17:51]  call stack:
[13:17:51]Jobs (/datum/controller/subsystem/job): EquipRank(Kaylin Thompson (/mob/living/carbon/human), "Syndicate", 1)
[13:17:51]MintyBoi32 (/client): Respawn Character()
runtime error: 
[13:19:28]Component is missing a pipenet! Rebuilding...
runtime error: 
[13:19:30]Component is missing a pipenet! Rebuilding...
runtime error: 
[13:19:32]Component is missing a pipenet! Rebuilding...
runtime error: 
[13:19:34]Component is missing a pipenet! Rebuilding...
runtime error: 
[13:19:36]Component is missing a pipenet! Rebuilding...
runtime error: 
[13:19:39]Component is missing a pipenet! Rebuilding...
runtime error: 
[13:19:41]Component is missing a pipenet! Rebuilding...
runtime error: 
[13:19:43]Component is missing a pipenet! Rebuilding...
runtime error: 
[13:19:45]Component is missing a pipenet! Rebuilding...
runtime error: 
[13:19:47]Component is missing a pipenet! Rebuilding...
runtime error: 
[13:19:49]Component is missing a pipenet! Rebuilding...
runtime error: 
[13:19:52]Component is missing a pipenet! Rebuilding...
runtime error: 
[13:19:54]Component is missing a pipenet! Rebuilding...
runtime error: 
[13:19:56]Component is missing a pipenet! Rebuilding...
runtime error: 
[13:19:58]Component is missing a pipenet! Rebuilding...
runtime error: 
[13:20:00]Component is missing a pipenet! Rebuilding...
runtime error: 
[13:20:03]Component is missing a pipenet! Rebuilding...
runtime error: 
[13:20:05]Component is missing a pipenet! Rebuilding...
runtime error: 
[13:20:07]Component is missing a pipenet! Rebuilding...
runtime error: 
[13:20:09]Component is missing a pipenet! Rebuilding...
runtime error: 
[13:20:12]Component is missing a pipenet! Rebuilding...
runtime error: 
[13:20:14]Component is missing a pipenet! Rebuilding...
runtime error: 
[13:20:16]Component is missing a pipenet! Rebuilding...
runtime error: 
[13:20:18]Component is missing a pipenet! Rebuilding...
runtime error: 
[13:20:20]Component is missing a pipenet! Rebuilding...
runtime error: 
[13:20:22]Component is missing a pipenet! Rebuilding...
runtime error: 
[13:20:24]Component is missing a pipenet! Rebuilding...
runtime error: 
[13:20:27]Component is missing a pipenet! Rebuilding...
runtime error: 
[13:20:29]Component is missing a pipenet! Rebuilding...
runtime error: 
[13:20:31]Component is missing a pipenet! Rebuilding...
runtime error: 
[13:20:33]Component is missing a pipenet! Rebuilding...
runtime error: 
[13:20:35]Component is missing a pipenet! Rebuilding...
runtime error: 
[13:20:38]Component is missing a pipenet! Rebuilding...
runtime error: 
[13:20:40]Component is missing a pipenet! Rebuilding...
runtime error: 
[13:20:42]Component is missing a pipenet! Rebuilding...
runtime error: 
[13:20:45]Component is missing a pipenet! Rebuilding...
Saved 118 engraved messages on map Box Station
runtime error: 
[13:20:49]Component is missing a pipenet! Rebuilding...
runtime error: 
[13:20:51]Component is missing a pipenet! Rebuilding...
runtime error: 
[13:20:53]Component is missing a pipenet! Rebuilding...
runtime error: 
[13:20:55]Component is missing a pipenet! Rebuilding...
runtime error: 
[13:20:57]Component is missing a pipenet! Rebuilding...
runtime error: 
[13:20:59]Component is missing a pipenet! Rebuilding...
runtime error: 
[13:21:01]Component is missing a pipenet! Rebuilding...
runtime error: 
[13:21:03]Component is missing a pipenet! Rebuilding...
runtime error: 
[13:21:06]Component is missing a pipenet! Rebuilding...
runtime error: 
[13:21:08]Component is missing a pipenet! Rebuilding...
runtime error: 
[13:21:10]Component is missing a pipenet! Rebuilding...
runtime error: 
[13:21:12]Component is missing a pipenet! Rebuilding...
runtime error: 
[13:21:14]Component is missing a pipenet! Rebuilding...
runtime error: 
[13:21:16]Component is missing a pipenet! Rebuilding...
runtime error: 
[13:21:18]Component is missing a pipenet! Rebuilding...
runtime error: 
[13:21:21]Component is missing a pipenet! Rebuilding...
Shutting down Persistence subsystem...
Shutting down pathfinder subsystem...
Shutting down Squeak subsystem...
Shutting down Shuttle subsystem...
Shutting down Lighting subsystem...
Shutting down XKeyScore subsystem...
Shutting down Sticky Ban subsystem...
Shutting down Overlay subsystem...
Shutting down Icon Smoothing subsystem...
Shutting down Assets subsystem...
Shutting down Minimap subsystem...
Shutting down Atmospherics subsystem...
Shutting down Wet floors subsystem...
Shutting down Weather subsystem...
Shutting down Vote subsystem...
Shutting down Traumas subsystem...
Shutting down Title Screen subsystem...
Shutting down Time Tracking subsystem...
Shutting down Throwing subsystem...
Shutting down tgui subsystem...
Shutting down Sun subsystem...
Shutting down Space Drift subsystem...
Shutting down Religion subsystem...
Shutting down Radio subsystem...
Shutting down Radiation subsystem...
Shutting down Projectiles subsystem...
Shutting down Processing subsystem...
Shutting down Parallax subsystem...
Shutting down pAI subsystem...
Shutting down Orbits subsystem...
Shutting down Objects subsystem...
Shutting down NPC Pool subsystem...
Shutting down Night Shift subsystem...
Shutting down Mood subsystem...
Shutting down Mobs subsystem...
Shutting down Medals subsystem...
Shutting down Inbounds subsystem...
Shutting down Idling NPC Pool subsystem...
Shutting down Flightpack Movement subsystem...
Shutting down Fire Burning subsystem...
Shutting down Fields subsystem...
Shutting down Fast Processing subsystem...
Shutting down Disease subsystem...
Shutting down Communications subsystem...
Shutting down Augury subsystem...
Shutting down Acid subsystem...
Shutting down Timer subsystem...
Shutting down Circuit subsystem...
Shutting down Machines subsystem...
Shutting down Language subsystem...
Shutting down Atoms subsystem...
Shutting down Networks subsystem...
Shutting down Mapping subsystem...
Shutting down Ticker subsystem...
Shutting down Traits subsystem...
Shutting down Jobs subsystem...
Shutting down Events subsystem...
Shutting down Research subsystem...
Shutting down Input subsystem...
Shutting down Server Tasks subsystem...
Shutting down Blackbox subsystem...
Shutting down Database subsystem...
Shutting down Garbage subsystem...
Shutdown complete
World rebooted at 13:22:23
