

Starting up round ID 1305. 20:10:04
---------------------
datmanisdumb \ Peter Petrograd \ Cook \ traitor \ ROUNDSTART
haggisshuu \ Gragnir Grolob \ Quartermaster \ NONE \ ROUNDSTART
catmanpop \ Hatsune Miku \ Scientist \ NONE \ ROUNDSTART
qwertyquerty \ Julia Luna \ Bartender \ NONE \ ROUNDSTART
papaputin \ Syndicate Steve \ Captain \ NONE \ ROUNDSTART
redaxolotl \ Red Axolotl \ Chemist \ NONE \ ROUNDSTART
arkadiusz123 \ Neeus-Maahi \ Chaplain \ NONE \ ROUNDSTART
pandolphina \ Katherine Sinclair \ Shaft Miner \ NONE \ ROUNDSTART
asciisquid \ Breaks-The-Bounds \ Research Director \ NONE \ ROUNDSTART
imperaxum \ Kara Fayne \ Head of Security \ NONE \ ROUNDSTART
darktplaysbr \ Lisa Standley \ Head of Personnel \ traitor \ ROUNDSTART
buckyboy \ Beau Richards \ Scientist \ NONE \ ROUNDSTART
bubberduckydducker \ Clown Man \ Clown \ NONE \ ROUNDSTART
chuchundra3 \ NSAI-2000 \ AI \ NONE \ ROUNDSTART
ManNardo \ Taqi Al-Rafiq \ Cargo Technician \ NONE \ LATEJOIN
EmperorRyuga \ Bands-In-My-Pockets \ Chemist \ NONE \ LATEJOIN
ZanderDowdall \ Alex Dowdall \ Shaft Miner \ NONE \ LATEJOIN
Golden Touch \ Yukikage Sora \ Geneticist \ NONE \ LATEJOIN
Goodie_boy \ Dan Ox \ Cargo Technician \ NONE \ LATEJOIN
Disguiser \ Isaac Wile \ Assistant \ NONE \ LATEJOIN
Mr. Negi gen X \ Jamari Nash \ Roboticist \ NONE \ LATEJOIN
BoxxyBooty \ Ruru \ Warden \ NONE \ LATEJOIN
Ceanox \ Verna Sandys \ Janitor \ NONE \ LATEJOIN
