

Starting up round ID 1372. 20:35:42
---------------------
Initialized Database subsystem within 0 seconds!
Initialized Blackbox subsystem within 0 seconds!
Initialized Server Tasks subsystem within 0 seconds!
Initialized Input subsystem within 0 seconds!
Initialized Research subsystem within 0 seconds!
Initialized Events subsystem within 0 seconds!
Initialized Jobs subsystem within 0 seconds!
Initialized Traits subsystem within 0 seconds!
Initialized Ticker subsystem within 0 seconds!
Loading BoxStation...
Loaded Station in 8.3s!
Loaded Lavaland in 8.1s!
Loaded Reebe in 5.9s!
Ruin loader finished with 0 left to spend.
Ruin loader finished with 0 left to spend.
Initialized Mapping subsystem within 37.8 seconds!
Initialized Networks subsystem within 0 seconds!
runtime error: 
[20:36:31]Bad areastring path for Vacant Office APC, area/security/vacantoffice
[20:36:31]proc name: stack trace (/datum/proc/stack_trace)
[20:36:31]  source file: unsorted.dm,1257
Initialized Atoms subsystem within 44.4 seconds!
Initialized Language subsystem within 0 seconds!
Initialized Machines subsystem within 0.3 seconds!
Initialized Circuit subsystem within 0 seconds!
Initialized Disease subsystem within 0 seconds!
Initialized Medals subsystem within 0 seconds!
Initialized Night Shift subsystem within 0 seconds!
Initialized Parallax subsystem within 0 seconds!
Initialized Traumas subsystem within 0.2 seconds!
Initialized Weather subsystem within 0 seconds!
## WARNING: There are 13 active turfs at roundstart, this is a mapping error caused by a difference of the air between the adjacent turfs. You can see its coordinates using "Mapping -> Show roundstart AT list" verb (debug verbs required)
## WARNING: HEY! LISTEN! 1 second were wasted processing 13 turf(s) (connected to 21408 other turfs) with atmos differences at round start.
## WARNING: build_pipeline(): /obj/machinery/atmospherics/pipe/simple/supply/hidden added to a pipenet while still having one. (pipes leading to the same spot stacking in one turf) Nearby: (108, 118, 2)
## WARNING: build_pipeline(): /obj/machinery/atmospherics/pipe/manifold/supply/hidden added to a pipenet while still having one. (pipes leading to the same spot stacking in one turf) Nearby: (106, 118, 2)
## WARNING: build_pipeline(): /obj/machinery/atmospherics/pipe/simple/supply/hidden added to a pipenet while still having one. (pipes leading to the same spot stacking in one turf) Nearby: (109, 118, 2)
## WARNING: build_pipeline(): /obj/machinery/atmospherics/pipe/simple/supply/hidden added to a pipenet while still having one. (pipes leading to the same spot stacking in one turf) Nearby: (107, 118, 2)
## WARNING: build_pipeline(): /obj/machinery/atmospherics/pipe/simple/supply/hidden added to a pipenet while still having one. (pipes leading to the same spot stacking in one turf) Nearby: (106, 119, 2)
## WARNING: build_pipeline(): /obj/machinery/atmospherics/pipe/simple/supply/hidden added to a pipenet while still having one. (pipes leading to the same spot stacking in one turf) Nearby: (106, 117, 2)
## WARNING: build_pipeline(): /obj/machinery/atmospherics/pipe/simple/supply/hidden added to a pipenet while still having one. (pipes leading to the same spot stacking in one turf) Nearby: (106, 120, 2)
## WARNING: build_pipeline(): /obj/machinery/atmospherics/pipe/simple/supply/hidden added to a pipenet while still having one. (pipes leading to the same spot stacking in one turf) Nearby: (106, 116, 2)
## WARNING: build_pipeline(): /obj/machinery/atmospherics/pipe/simple/supply/hidden added to a pipenet while still having one. (pipes leading to the same spot stacking in one turf) Nearby: (106, 121, 2)
## WARNING: build_pipeline(): /obj/machinery/atmospherics/pipe/simple/supply/hidden added to a pipenet while still having one. (pipes leading to the same spot stacking in one turf) Nearby: (106, 115, 2)
## WARNING: build_pipeline(): further messages about pipenets will be supressed
Initialized Atmospherics subsystem within 15.1 seconds!
Failed to find backup file for map BoxStation on zlevel 2.
Initialized Assets subsystem within 0.8 seconds!
Initialized Icon Smoothing subsystem within 6.8 seconds!
Initialized Overlay subsystem within 1.3 seconds!
Initialized XKeyScore subsystem within 0 seconds!
Initialized Sticky Ban subsystem within 0 seconds!
Initialized Lighting subsystem within 13.7 seconds!
Initialized Shuttle subsystem within 17.8 seconds!
Initialized Squeak subsystem within 0 seconds!
Initialized pathfinder subsystem within 0 seconds!
Loaded 4 engraved messages on map BoxStation
Initialized Persistence subsystem within 0.1 seconds!
Initializations complete within 138.8 seconds!
Game start took 13.2s
runtime error: 
[20:40:12]nothing to animate
[20:40:12]proc name: shake camera (/proc/shake_camera)
[20:40:12]  source file: mob_helpers.dm,270
runtime error: 
[20:40:38]pick() from empty list
[20:40:38]proc name: find safe turf (/proc/find_safe_turf)
[20:40:38]  source file: teleport.dm,180
runtime error: 
[20:41:35]nothing to animate
[20:41:35]proc name: shake camera (/proc/shake_camera)
[20:41:35]  source file: mob_helpers.dm,270
runtime error: 
[20:41:35]nothing to animate
[20:41:35]proc name: shake camera (/proc/shake_camera)
[20:41:35]  source file: mob_helpers.dm,270
runtime error: 
[20:42:42]Cannot read null.species
[20:42:42]proc name: death (/mob/living/carbon/human/death)
[20:42:42]  source file: death.dm,37
runtime error: 
[20:42:42]Cannot read null.species
[20:42:42]proc name: say mod (/mob/living/carbon/human/say_mod)
[20:42:42]  source file: say.dm,2
runtime error: 
[20:43:27]Cannot read null.z
[20:43:27]proc name: toggle ai (/mob/living/simple_animal/proc/toggle_ai)
[20:43:27]  source file: simple_animal.dm,554
### VarEdit by GreenTea98/(Helps-The-Station): /obj/item/toy/plush/snakeplushie name=snake plushie => CUTE
runtime error: 
[20:50:13]Cannot read null.z
[20:50:13]proc name: toggle ai (/mob/living/simple_animal/proc/toggle_ai)
[20:50:13]  source file: simple_animal.dm,554
runtime error: 
[20:50:20]nothing to animate
[20:50:20]proc name: shake camera (/proc/shake_camera)
[20:50:20]  source file: mob_helpers.dm,270
runtime error: 
[20:52:10]Cannot read null.z
[20:52:10]proc name: toggle ai (/mob/living/simple_animal/proc/toggle_ai)
[20:52:10]  source file: simple_animal.dm,554
runtime error: 
[20:52:18]nothing to animate
[20:52:18]proc name: shake camera (/proc/shake_camera)
[20:52:18]  source file: mob_helpers.dm,270
runtime error: 
[20:53:34]Cannot read null.z
[20:53:34]proc name: toggle ai (/mob/living/simple_animal/proc/toggle_ai)
[20:53:34]  source file: simple_animal.dm,554
runtime error: 
[20:53:39]list index out of bounds
[20:53:39]proc name: tick (/datum/round_event/aurora_caelus/tick)
[20:53:39]  source file: aurora_caelus.dm,39
runtime error: 
[20:53:41]nothing to animate
[20:53:41]proc name: shake camera (/proc/shake_camera)
[20:53:41]  source file: mob_helpers.dm,270
runtime error: 
[20:58:13]Cannot read null.loc
[20:58:13]proc name: update parallax (/datum/hud/proc/update_parallax)
[20:58:13]  source file: parallax.dm,170
runtime error: 
[20:58:13]list index out of bounds
[20:58:13]proc name: nullifyPipenet (/obj/machinery/atmospherics/components/proc/nullifyPipenet)
[20:58:13]  source file: components_base.dm,75
runtime error: 
[20:58:13]list index out of bounds
[20:58:13]proc name: nullifyPipenet (/obj/machinery/atmospherics/components/proc/nullifyPipenet)
[20:58:13]  source file: components_base.dm,75
runtime error: 
[20:58:13]list index out of bounds
[20:58:13]proc name: nullifyPipenet (/obj/machinery/atmospherics/components/proc/nullifyPipenet)
[20:58:13]  source file: components_base.dm,75
runtime error: 
[20:58:13]list index out of bounds
[20:58:13]proc name: nullifyPipenet (/obj/machinery/atmospherics/components/proc/nullifyPipenet)
[20:58:13]  source file: components_base.dm,75
runtime error: 
[20:58:13]list index out of bounds
[20:58:13]proc name: nullifyPipenet (/obj/machinery/atmospherics/components/proc/nullifyPipenet)
[20:58:13]  source file: components_base.dm,75
runtime error: 
[20:58:13]list index out of bounds
[20:58:13]proc name: nullifyPipenet (/obj/machinery/atmospherics/components/proc/nullifyPipenet)
[20:58:13]  source file: components_base.dm,75
runtime error: 
[20:58:13]list index out of bounds
[20:58:13]proc name: nullifyPipenet (/obj/machinery/atmospherics/components/proc/nullifyPipenet)
[20:58:13]  source file: components_base.dm,75
runtime error: 
[20:58:13]list index out of bounds
[20:58:13]proc name: nullifyPipenet (/obj/machinery/atmospherics/components/proc/nullifyPipenet)
[20:58:13]  source file: components_base.dm,75
runtime error: 
[20:58:13]list index out of bounds
[20:58:13]proc name: nullifyPipenet (/obj/machinery/atmospherics/components/proc/nullifyPipenet)
[20:58:13]  source file: components_base.dm,75
runtime error: 
[20:58:13]list index out of bounds
[20:58:13]proc name: nullifyPipenet (/obj/machinery/atmospherics/components/proc/nullifyPipenet)
[20:58:13]  source file: components_base.dm,75
runtime error: 
[20:58:13]list index out of bounds
[20:58:13]proc name: nullifyPipenet (/obj/machinery/atmospherics/components/proc/nullifyPipenet)
[20:58:13]  source file: components_base.dm,75
runtime error: 
[20:58:13]list index out of bounds
[20:58:13]proc name: nullifyPipenet (/obj/machinery/atmospherics/components/proc/nullifyPipenet)
[20:58:13]  source file: components_base.dm,75
runtime error: 
[20:58:13]list index out of bounds
[20:58:13]proc name: nullifyPipenet (/obj/machinery/atmospherics/components/proc/nullifyPipenet)
[20:58:13]  source file: components_base.dm,75
runtime error: 
[20:58:13]list index out of bounds
[20:58:13]proc name: nullifyPipenet (/obj/machinery/atmospherics/components/proc/nullifyPipenet)
[20:58:13]  source file: components_base.dm,75
runtime error: 
[20:58:13]list index out of bounds
[20:58:13]proc name: nullifyPipenet (/obj/machinery/atmospherics/components/proc/nullifyPipenet)
[20:58:13]  source file: components_base.dm,75
runtime error: 
[20:58:13]list index out of bounds
[20:58:13]proc name: nullifyPipenet (/obj/machinery/atmospherics/components/proc/nullifyPipenet)
[20:58:13]  source file: components_base.dm,75
runtime error: 
[20:58:13]list index out of bounds
[20:58:13]proc name: nullifyPipenet (/obj/machinery/atmospherics/components/proc/nullifyPipenet)
[20:58:13]  source file: components_base.dm,75
runtime error: 
[20:58:13]list index out of bounds
[20:58:13]proc name: nullifyPipenet (/obj/machinery/atmospherics/components/proc/nullifyPipenet)
[20:58:13]  source file: components_base.dm,75
runtime error: 
[20:58:13]list index out of bounds
[20:58:13]proc name: nullifyPipenet (/obj/machinery/atmospherics/components/proc/nullifyPipenet)
[20:58:13]  source file: components_base.dm,75
runtime error: 
[20:58:13]list index out of bounds
[20:58:13]proc name: nullifyPipenet (/obj/machinery/atmospherics/components/proc/nullifyPipenet)
[20:58:13]  source file: components_base.dm,75
runtime error: 
[20:58:13]list index out of bounds
[20:58:13]proc name: nullifyPipenet (/obj/machinery/atmospherics/components/proc/nullifyPipenet)
[20:58:13]  source file: components_base.dm,75
runtime error: 
[20:58:13]list index out of bounds
[20:58:13]proc name: nullifyPipenet (/obj/machinery/atmospherics/components/proc/nullifyPipenet)
[20:58:13]  source file: components_base.dm,75
runtime error: 
[20:58:13]list index out of bounds
[20:58:13]proc name: nullifyPipenet (/obj/machinery/atmospherics/components/proc/nullifyPipenet)
[20:58:13]  source file: components_base.dm,75
runtime error: 
[20:58:13]list index out of bounds
[20:58:13]proc name: nullifyPipenet (/obj/machinery/atmospherics/components/proc/nullifyPipenet)
[20:58:13]  source file: components_base.dm,75
runtime error: 
[20:58:13]list index out of bounds
[20:58:13]proc name: nullifyPipenet (/obj/machinery/atmospherics/components/proc/nullifyPipenet)
[20:58:13]  source file: components_base.dm,75
runtime error: 
[20:58:13]list index out of bounds
[20:58:13]proc name: nullifyPipenet (/obj/machinery/atmospherics/components/proc/nullifyPipenet)
[20:58:13]  source file: components_base.dm,75
runtime error: 
[20:58:13]list index out of bounds
[20:58:13]proc name: nullifyPipenet (/obj/machinery/atmospherics/components/proc/nullifyPipenet)
[20:58:13]  source file: components_base.dm,75
runtime error: 
[20:58:13]list index out of bounds
[20:58:13]proc name: nullifyPipenet (/obj/machinery/atmospherics/components/proc/nullifyPipenet)
[20:58:13]  source file: components_base.dm,75
runtime error: 
[20:58:13]list index out of bounds
[20:58:13]proc name: nullifyPipenet (/obj/machinery/atmospherics/components/proc/nullifyPipenet)
[20:58:13]  source file: components_base.dm,75
runtime error: 
[20:58:13]list index out of bounds
[20:58:13]proc name: nullifyPipenet (/obj/machinery/atmospherics/components/proc/nullifyPipenet)
[20:58:13]  source file: components_base.dm,75
runtime error: 
[20:58:13]list index out of bounds
[20:58:13]proc name: nullifyPipenet (/obj/machinery/atmospherics/components/proc/nullifyPipenet)
[20:58:13]  source file: components_base.dm,75
runtime error: 
[20:58:13]list index out of bounds
[20:58:13]proc name: nullifyPipenet (/obj/machinery/atmospherics/components/proc/nullifyPipenet)
[20:58:13]  source file: components_base.dm,75
runtime error: 
[20:58:13]list index out of bounds
[20:58:13]proc name: nullifyPipenet (/obj/machinery/atmospherics/components/proc/nullifyPipenet)
[20:58:13]  source file: components_base.dm,75
runtime error: 
[20:58:13]list index out of bounds
[20:58:13]proc name: nullifyPipenet (/obj/machinery/atmospherics/components/proc/nullifyPipenet)
[20:58:13]  source file: components_base.dm,75
runtime error: 
[20:58:13]list index out of bounds
[20:58:13]proc name: nullifyPipenet (/obj/machinery/atmospherics/components/proc/nullifyPipenet)
[20:58:13]  source file: components_base.dm,75
runtime error: 
[20:58:13]list index out of bounds
[20:58:13]proc name: nullifyPipenet (/obj/machinery/atmospherics/components/proc/nullifyPipenet)
[20:58:13]  source file: components_base.dm,75
runtime error: 
[20:58:13]list index out of bounds
[20:58:13]proc name: nullifyPipenet (/obj/machinery/atmospherics/components/proc/nullifyPipenet)
[20:58:13]  source file: components_base.dm,75
runtime error: 
[20:58:13]list index out of bounds
[20:58:13]proc name: nullifyPipenet (/obj/machinery/atmospherics/components/proc/nullifyPipenet)
[20:58:13]  source file: components_base.dm,75
runtime error: 
[20:58:13]list index out of bounds
[20:58:13]proc name: nullifyPipenet (/obj/machinery/atmospherics/components/proc/nullifyPipenet)
[20:58:13]  source file: components_base.dm,75
runtime error: 
[20:58:13]list index out of bounds
[20:58:13]proc name: nullifyPipenet (/obj/machinery/atmospherics/components/proc/nullifyPipenet)
[20:58:13]  source file: components_base.dm,75
runtime error: 
[20:58:13]list index out of bounds
[20:58:13]proc name: nullifyPipenet (/obj/machinery/atmospherics/components/proc/nullifyPipenet)
[20:58:13]  source file: components_base.dm,75
runtime error: 
[20:58:13]list index out of bounds
[20:58:13]proc name: nullifyPipenet (/obj/machinery/atmospherics/components/proc/nullifyPipenet)
[20:58:13]  source file: components_base.dm,75
runtime error: 
[20:58:13]list index out of bounds
[20:58:13]proc name: nullifyPipenet (/obj/machinery/atmospherics/components/proc/nullifyPipenet)
[20:58:13]  source file: components_base.dm,75
runtime error: 
[20:58:13]list index out of bounds
[20:58:13]proc name: nullifyPipenet (/obj/machinery/atmospherics/components/proc/nullifyPipenet)
[20:58:13]  source file: components_base.dm,75
runtime error: 
[20:58:13]list index out of bounds
[20:58:13]proc name: nullifyPipenet (/obj/machinery/atmospherics/components/proc/nullifyPipenet)
[20:58:13]  source file: components_base.dm,75
runtime error: 
[20:58:13]list index out of bounds
[20:58:13]proc name: nullifyPipenet (/obj/machinery/atmospherics/components/proc/nullifyPipenet)
[20:58:13]  source file: components_base.dm,75
runtime error: 
[20:58:13]list index out of bounds
[20:58:13]proc name: nullifyPipenet (/obj/machinery/atmospherics/components/proc/nullifyPipenet)
[20:58:13]  source file: components_base.dm,75
runtime error: 
[20:58:13]list index out of bounds
[20:58:13]proc name: nullifyPipenet (/obj/machinery/atmospherics/components/proc/nullifyPipenet)
[20:58:13]  source file: components_base.dm,75
runtime error: 
[20:58:13]list index out of bounds
[20:58:13]proc name: nullifyPipenet (/obj/machinery/atmospherics/components/proc/nullifyPipenet)
[20:58:13]  source file: components_base.dm,75
runtime error: 
[20:58:13]list index out of bounds
[20:58:13]proc name: nullifyPipenet (/obj/machinery/atmospherics/components/proc/nullifyPipenet)
[20:58:13]  source file: components_base.dm,75
runtime error: 
[20:58:13]list index out of bounds
[20:58:13]Warning: further proc crash messages are being suppressed to prevent overload...
runtime error: 
[21:01:58]Cannot read null.body_part
runtime error: 
[21:02:23]Cannot read null.loc
runtime error: 
[21:03:59]addtimer called with a callback assigned to a qdeleted object
runtime error: 
[21:03:59]addtimer called with a callback assigned to a qdeleted object
runtime error: 
[21:06:10]list index out of bounds
runtime error: 
[21:06:24]list index out of bounds
runtime error: 
[21:07:18]list index out of bounds
runtime error: 
[21:07:39]list index out of bounds
runtime error: 
[21:07:50]list index out of bounds
runtime error: 
[21:08:04]list index out of bounds
runtime error: 
[21:08:25]list index out of bounds
runtime error: 
[21:08:26]list index out of bounds
runtime error: 
[21:10:34]list index out of bounds
runtime error: 
[21:10:45]list index out of bounds
runtime error: 
[21:11:23]list index out of bounds
runtime error: 
[21:11:39]list index out of bounds
runtime error: 
[21:11:46]list index out of bounds
runtime error: 
[21:11:47]list index out of bounds
runtime error: 
[21:12:08]list index out of bounds
runtime error: 
[21:12:20]list index out of bounds
runtime error: 
[21:12:26]list index out of bounds
runtime error: 
[21:13:00]list index out of bounds
runtime error: 
[21:13:14]list index out of bounds
runtime error: 
[21:13:15]list index out of bounds
runtime error: 
[21:13:15]list index out of bounds
runtime error: 
[21:13:28]list index out of bounds
runtime error: 
[21:13:30]list index out of bounds
runtime error: 
[21:13:36]list index out of bounds
runtime error: 
[21:13:38]list index out of bounds
runtime error: 
[21:13:40]list index out of bounds
runtime error: 
[21:13:45]list index out of bounds
runtime error: 
[21:13:50]list index out of bounds
runtime error: 
[21:13:52]list index out of bounds
runtime error: 
[21:13:52]list index out of bounds
runtime error: 
[21:13:52]list index out of bounds
runtime error: 
[21:13:53]list index out of bounds
runtime error: 
[21:13:53]list index out of bounds
runtime error: 
[21:13:53]list index out of bounds
runtime error: 
[21:13:53]list index out of bounds
runtime error: 
[21:13:53]list index out of bounds
runtime error: 
[21:13:53]list index out of bounds
runtime error: 
[21:13:53]list index out of bounds
runtime error: 
[21:13:53]list index out of bounds
runtime error: 
[21:13:53]list index out of bounds
runtime error: 
[21:13:53]list index out of bounds
runtime error: 
[21:13:54]list index out of bounds
runtime error: 
[21:13:54]list index out of bounds
runtime error: 
[21:13:54]list index out of bounds
runtime error: 
[21:13:54]list index out of bounds
runtime error: 
[21:13:54]list index out of bounds
runtime error: 
[21:13:54]list index out of bounds
runtime error: 
[21:13:54]list index out of bounds
runtime error: 
[21:13:54]list index out of bounds
runtime error: 
[21:13:54]list index out of bounds
runtime error: 
[21:13:54]list index out of bounds
runtime error: 
[21:13:55]list index out of bounds
runtime error: 
[21:13:55]list index out of bounds
runtime error: 
[21:13:55]list index out of bounds
runtime error: 
[21:13:55]list index out of bounds
runtime error: 
[21:13:55]list index out of bounds
runtime error: 
[21:13:55]list index out of bounds
runtime error: 
[21:13:55]list index out of bounds
runtime error: 
[21:15:43]Cannot read null.z
runtime error: 
[21:15:51]nothing to animate
runtime error: 
[21:21:55]Cannot execute null.emote().
runtime error: 
[21:27:28]Cannot read null.z
runtime error: 
[21:27:35]nothing to animate
runtime error: 
[21:29:45]Cannot read null.z
runtime error: 
[21:29:52]nothing to animate
runtime error: 
[21:34:32]Cannot read null.z
runtime error: 
[21:34:40]nothing to animate
runtime error: 
[21:39:13]Cannot read null.loc
### VarEdit by GreenTea98/(Best Lizard but also a sword): /obj/item/nullrod/scythe/talking/chainsword name=The gayest sword => Best Lizard but also a sword
runtime error: 
[21:41:30]Loading pirate ship failed!
runtime error: 
[21:50:55]undefined variable /obj/effect/hallucination/simple/xeno/var/client
runtime error: 
[21:52:16]undefined variable /obj/effect/hallucination/simple/xeno/var/client
runtime error: 
[21:56:17]Cannot read null.z
runtime error: 
[21:56:25]nothing to animate
runtime error: 
[21:56:28]Cannot read null.z
runtime error: 
[22:03:05]Cannot read null.z
runtime error: 
[22:03:05]nothing to animate
runtime error: 
[22:03:05]Cannot read null.z
runtime error: 
[22:03:05]Cannot read null.z
runtime error: 
[22:03:05]Cannot read null.z
runtime error: 
[22:03:05]nothing to animate
runtime error: 
[22:03:06]Cannot read null.z
runtime error: 
[22:03:06]Cannot read null.z
runtime error: 
[22:03:06]Cannot read null.z
runtime error: 
[22:03:06]Cannot read null.z
runtime error: 
[22:03:06]bad index
runtime error: 
[22:03:06]bad index
runtime error: 
[22:03:06]bad index
runtime error: 
[22:03:06]bad index
runtime error: 
[22:03:06]bad index
runtime error: 
[22:03:06]bad index
runtime error: 
[22:03:06]bad index
runtime error: 
[22:03:06]bad index
runtime error: 
[22:03:06]bad index
runtime error: 
[22:03:06]bad index
runtime error: 
[22:03:06]bad index
runtime error: 
[22:03:06]bad index
runtime error: 
[22:03:06]bad index
runtime error: 
[22:03:06]bad index
runtime error: 
[22:03:06]bad index
runtime error: 
[22:03:06]bad index
runtime error: 
[22:03:06]bad index
runtime error: 
[22:03:06]bad index
Saved 6 engraved messages on map BoxStation
runtime error: 
[22:03:44]bad index
runtime error: 
[22:03:46]bad index
runtime error: 
[22:04:28]bad index
runtime error: 
[22:04:29]bad index
Shutting down Persistence subsystem...
Shutting down pathfinder subsystem...
Shutting down Squeak subsystem...
Shutting down Shuttle subsystem...
Shutting down Lighting subsystem...
Shutting down XKeyScore subsystem...
Shutting down Sticky Ban subsystem...
Shutting down Overlay subsystem...
Shutting down Icon Smoothing subsystem...
Shutting down Assets subsystem...
Shutting down Minimap subsystem...
Shutting down Atmospherics subsystem...
Shutting down Wet floors subsystem...
Shutting down Weather subsystem...
Shutting down Vote subsystem...
Shutting down Traumas subsystem...
Shutting down Title Screen subsystem...
Shutting down Time Tracking subsystem...
Shutting down Throwing subsystem...
Shutting down tgui subsystem...
Shutting down Sun subsystem...
Shutting down Space Drift subsystem...
Shutting down Religion subsystem...
Shutting down Radio subsystem...
Shutting down Radiation subsystem...
Shutting down Projectiles subsystem...
Shutting down Processing subsystem...
Shutting down Parallax subsystem...
Shutting down pAI subsystem...
Shutting down Orbits subsystem...
Shutting down Objects subsystem...
Shutting down NPC Pool subsystem...
Shutting down Night Shift subsystem...
Shutting down Mood subsystem...
Shutting down Mobs subsystem...
Shutting down Medals subsystem...
Shutting down Inbounds subsystem...
Shutting down Idling NPC Pool subsystem...
Shutting down Flightpack Movement subsystem...
Shutting down Fire Burning subsystem...
Shutting down Fields subsystem...
Shutting down Fast Processing subsystem...
Shutting down Disease subsystem...
Shutting down Communications subsystem...
Shutting down Augury subsystem...
Shutting down Acid subsystem...
Shutting down Timer subsystem...
Shutting down Circuit subsystem...
Shutting down Machines subsystem...
Shutting down Language subsystem...
Shutting down Atoms subsystem...
Shutting down Networks subsystem...
Shutting down Mapping subsystem...
Shutting down Ticker subsystem...
Shutting down Traits subsystem...
Shutting down Jobs subsystem...
Shutting down Events subsystem...
Shutting down Research subsystem...
Shutting down Input subsystem...
Shutting down Server Tasks subsystem...
Shutting down Blackbox subsystem...
Shutting down Database subsystem...
Shutting down Garbage subsystem...
Shutdown complete
World rebooted at 22:04:43
