

Starting up round ID 984. 10:45:05
---------------------
Initialized Database subsystem within 0 seconds!
Initialized Blackbox subsystem within 0 seconds!
Initialized Server Tasks subsystem within 0 seconds!
Initialized Input subsystem within 0 seconds!
Initialized Research subsystem within 0 seconds!
Initialized Events subsystem within 0 seconds!
Initialized Jobs subsystem within 0 seconds!
Initialized Traits subsystem within 0 seconds!
Initialized Ticker subsystem within 0 seconds!
Loading BeeStation 1...
Loaded Station in 5.3s!
Loaded Lavaland in 5.9s!
Loaded Reebe in 5.5s!
Ruin loader finished with 0 left to spend.
Ruin loader finished with 0 left to spend.
Initialized Mapping subsystem within 31.2 seconds!
Initialized Networks subsystem within 0 seconds!
runtime error: 
[10:45:43]Bad areastring path for Vacant Office APC, area/security/vacantoffice
[10:45:43]proc name: stack trace (/datum/proc/stack_trace)
[10:45:43]  source file: unsorted.dm,1257
[10:45:43]  usr: null
[10:45:43]  src: Vacant Office APC (/obj/machinery/power/apc)
[10:45:43]  src.loc: the floor (88,129,2) (/turf/open/floor/plasteel/grimy)
[10:45:43]  call stack:
[10:45:43]Vacant Office APC (/obj/machinery/power/apc): stack trace("Bad areastring path for Vacant...")
[10:45:43]Vacant Office APC (/obj/machinery/power/apc): Initialize(1)
[10:45:43]Atoms (/datum/controller/subsystem/atoms): InitAtom(Vacant Office APC (/obj/machinery/power/apc), /list (/list))
[10:45:43]Atoms (/datum/controller/subsystem/atoms): InitializeAtoms(null)
[10:45:43]Atoms (/datum/controller/subsystem/atoms): Initialize(387378)
[10:45:43]Master (/datum/controller/master): Initialize(10, 0)
Initialized Atoms subsystem within 41.6 seconds!
Initialized Language subsystem within 0 seconds!
Initialized Machines subsystem within 0.3 seconds!
Initialized Circuit subsystem within 0.1 seconds!
Initialized Disease subsystem within 0 seconds!
Initialized Medals subsystem within 0 seconds!
Initialized Night Shift subsystem within 0 seconds!
Initialized Parallax subsystem within 0 seconds!
Initialized Traumas subsystem within 0.1 seconds!
Initialized Weather subsystem within 0 seconds!
## WARNING: There are 206 active turfs at roundstart, this is a mapping error caused by a difference of the air between the adjacent turfs. You can see its coordinates using "Mapping -> Show roundstart AT list" verb (debug verbs required)
## WARNING: HEY! LISTEN! 0.1 seconds were wasted processing 206 turf(s) (connected to 412 other turfs) with atmos differences at round start.
## WARNING: build_pipeline(): /obj/machinery/atmospherics/pipe/simple/supply/hidden added to a pipenet while still having one. (pipes leading to the same spot stacking in one turf) Nearby: (108, 118, 2)
## WARNING: build_pipeline(): /obj/machinery/atmospherics/pipe/manifold/supply/hidden added to a pipenet while still having one. (pipes leading to the same spot stacking in one turf) Nearby: (106, 118, 2)
## WARNING: build_pipeline(): /obj/machinery/atmospherics/pipe/simple/supply/hidden added to a pipenet while still having one. (pipes leading to the same spot stacking in one turf) Nearby: (109, 118, 2)
## WARNING: build_pipeline(): /obj/machinery/atmospherics/pipe/simple/supply/hidden added to a pipenet while still having one. (pipes leading to the same spot stacking in one turf) Nearby: (107, 118, 2)
## WARNING: build_pipeline(): /obj/machinery/atmospherics/pipe/simple/supply/hidden added to a pipenet while still having one. (pipes leading to the same spot stacking in one turf) Nearby: (106, 119, 2)
## WARNING: build_pipeline(): /obj/machinery/atmospherics/pipe/simple/supply/hidden added to a pipenet while still having one. (pipes leading to the same spot stacking in one turf) Nearby: (106, 117, 2)
## WARNING: build_pipeline(): /obj/machinery/atmospherics/pipe/simple/supply/hidden added to a pipenet while still having one. (pipes leading to the same spot stacking in one turf) Nearby: (106, 120, 2)
## WARNING: build_pipeline(): /obj/machinery/atmospherics/pipe/simple/supply/hidden added to a pipenet while still having one. (pipes leading to the same spot stacking in one turf) Nearby: (106, 116, 2)
## WARNING: build_pipeline(): /obj/machinery/atmospherics/pipe/simple/supply/hidden added to a pipenet while still having one. (pipes leading to the same spot stacking in one turf) Nearby: (106, 121, 2)
## WARNING: build_pipeline(): /obj/machinery/atmospherics/pipe/simple/supply/hidden added to a pipenet while still having one. (pipes leading to the same spot stacking in one turf) Nearby: (106, 115, 2)
## WARNING: build_pipeline(): further messages about pipenets will be supressed
Initialized Atmospherics subsystem within 12.7 seconds!
Failed to find backup file for map BeeStation 1 on zlevel 2.
Initialized Assets subsystem within 0.8 seconds!
Initialized Icon Smoothing subsystem within 6 seconds!
Initialized Overlay subsystem within 12.8 seconds!
Initialized XKeyScore subsystem within 0 seconds!
Initialized Sticky Ban subsystem within 0 seconds!
Initialized Lighting subsystem within 11.9 seconds!
Initialized Shuttle subsystem within 23.9 seconds!
Initialized Squeak subsystem within 0 seconds!
Initialized pathfinder subsystem within 0 seconds!
Loaded 0 engraved messages on map BeeStation 1
Initialized Persistence subsystem within 0.1 seconds!
Initializations complete within 141.8 seconds!
Game start took 3.4s
runtime error: 
[11:32:39]nothing to animate
[11:32:39]proc name: shake camera (/proc/shake_camera)
[11:32:39]  source file: mob_helpers.dm,270
[11:32:39]  usr: (src)
[11:32:39]  src: null
[11:32:39]  call stack:
[11:32:39]shake camera(Noelle Thomas (/mob/living/carbon/human), 0.75, 1)
[11:32:39]Noelle Thomas (/mob/living/carbon/human): afterShuttleMove(space (23,18,13) (/turf/open/space/transit/west), /list (/list), 8, 8, 8, 0)
[11:32:39]Noelle Thomas (/mob/living/carbon/human): afterShuttleMove(space (23,18,13) (/turf/open/space/transit/west), /list (/list), 8, 8, 8, 0)
[11:32:39]the arrivals shuttle (/obj/docking_port/mobile/arrivals): cleanup runway(the arrivals (/obj/docking_port/stationary), /list (/list), /list (/list), /list (/list), /list (/list), 0, 8, Space (/area/space), /turf/open/space/transit/west (/turf/open/space/transit/west), /turf/open/space (/turf/open/space))
[11:32:39]the arrivals shuttle (/obj/docking_port/mobile/arrivals): initiate docking(the arrivals (/obj/docking_port/stationary), 8, 0)
[11:32:39]the arrivals shuttle (/obj/docking_port/mobile/arrivals): initiate docking(the arrivals (/obj/docking_port/stationary), 8)
[11:32:39]the arrivals shuttle (/obj/docking_port/mobile/arrivals): check()
[11:32:39]the arrivals shuttle (/obj/docking_port/mobile/arrivals): check()
[11:32:39]Shuttle (/datum/controller/subsystem/shuttle): fire(0)
[11:32:39]Shuttle (/datum/controller/subsystem/shuttle): ignite(0)
runtime error: 
[18:04:14]list index out of bounds
[18:04:14]proc name: tick (/datum/round_event/aurora_caelus/tick)
[18:04:14]  source file: aurora_caelus.dm,39
[18:04:14]  usr: null
[18:04:14]  src: /datum/round_event/aurora_cael... (/datum/round_event/aurora_caelus)
[18:04:14]  call stack:
[18:04:14]/datum/round_event/aurora_cael... (/datum/round_event/aurora_caelus): tick()
[18:04:14]/datum/round_event/aurora_cael... (/datum/round_event/aurora_caelus): process()
[18:04:14]Events (/datum/controller/subsystem/events): fire(0)
[18:04:14]Events (/datum/controller/subsystem/events): ignite(0)
[18:04:14]Master (/datum/controller/master): RunQueue()
[18:04:14]Master (/datum/controller/master): Loop()
[18:04:14]Master (/datum/controller/master): StartProcessing(0)
runtime error: 
[18:45:30]nothing to animate
[18:45:30]proc name: shake camera (/proc/shake_camera)
[18:45:30]  source file: mob_helpers.dm,270
[18:45:30]  usr: (src)
[18:45:30]  src: null
[18:45:30]  call stack:
[18:45:30]shake camera(Sigma Lungbarrow (/mob/living/carbon/human), 0.75, 1)
[18:45:30]Sigma Lungbarrow (/mob/living/carbon/human): afterShuttleMove(space (25,18,13) (/turf/open/space/transit/west), /list (/list), 8, 8, 8, 0)
[18:45:30]Sigma Lungbarrow (/mob/living/carbon/human): afterShuttleMove(space (25,18,13) (/turf/open/space/transit/west), /list (/list), 8, 8, 8, 0)
[18:45:30]the arrivals shuttle (/obj/docking_port/mobile/arrivals): cleanup runway(the arrivals (/obj/docking_port/stationary), /list (/list), /list (/list), /list (/list), /list (/list), 0, 8, Space (/area/space), /turf/open/space/transit/west (/turf/open/space/transit/west), /turf/open/space (/turf/open/space))
[18:45:30]the arrivals shuttle (/obj/docking_port/mobile/arrivals): initiate docking(the arrivals (/obj/docking_port/stationary), 8, 0)
[18:45:30]the arrivals shuttle (/obj/docking_port/mobile/arrivals): initiate docking(the arrivals (/obj/docking_port/stationary), 8)
[18:45:30]the arrivals shuttle (/obj/docking_port/mobile/arrivals): check()
[18:45:30]the arrivals shuttle (/obj/docking_port/mobile/arrivals): check()
[18:45:30]Shuttle (/datum/controller/subsystem/shuttle): fire(0)
[18:45:30]Shuttle (/datum/controller/subsystem/shuttle): ignite(0)
runtime error: 
[18:57:17]nothing to animate
[18:57:17]proc name: shake camera (/proc/shake_camera)
[18:57:17]  source file: mob_helpers.dm,270
[18:57:17]  usr: (src)
[18:57:17]  src: null
[18:57:17]  call stack:
[18:57:17]shake camera(Brap Brapster (/mob/living/carbon/human), 0.75, 1)
[18:57:17]Brap Brapster (/mob/living/carbon/human): afterShuttleMove(space (21,20,13) (/turf/open/space/transit/west), /list (/list), 8, 8, 8, 0)
[18:57:17]Brap Brapster (/mob/living/carbon/human): afterShuttleMove(space (21,20,13) (/turf/open/space/transit/west), /list (/list), 8, 8, 8, 0)
[18:57:17]the arrivals shuttle (/obj/docking_port/mobile/arrivals): cleanup runway(the arrivals (/obj/docking_port/stationary), /list (/list), /list (/list), /list (/list), /list (/list), 0, 8, Space (/area/space), /turf/open/space/transit/west (/turf/open/space/transit/west), /turf/open/space (/turf/open/space))
[18:57:17]the arrivals shuttle (/obj/docking_port/mobile/arrivals): initiate docking(the arrivals (/obj/docking_port/stationary), 8, 0)
[18:57:17]the arrivals shuttle (/obj/docking_port/mobile/arrivals): initiate docking(the arrivals (/obj/docking_port/stationary), 8)
[18:57:17]the arrivals shuttle (/obj/docking_port/mobile/arrivals): check()
[18:57:17]the arrivals shuttle (/obj/docking_port/mobile/arrivals): check()
[18:57:17]Shuttle (/datum/controller/subsystem/shuttle): fire(0)
[18:57:17]Shuttle (/datum/controller/subsystem/shuttle): ignite(0)
runtime error: 
[19:03:23]Cannot modify null.parallax_animate_timer.
[19:03:23]proc name: update parallax motionblur (/datum/hud/proc/update_parallax_motionblur)
[19:03:23]  source file: parallax.dm,149
[19:03:23]  usr: Brap Brapster (/mob/living/carbon/human)
[19:03:23]  src: /datum/hud/human (/datum/hud/human)
[19:03:23]  usr.loc: space (202,129,2) (/turf/open/space/basic)
[19:03:23]  call stack:
[19:03:23]/datum/hud/human (/datum/hud/human): update parallax motionblur(null, null, null, null)
[19:03:23]/datum/callback (/datum/callback): Invoke()
[19:03:23]world: PushUsr(Brap Brapster (/mob/living/carbon/human), /datum/callback (/datum/callback))
[19:03:23]/datum/callback (/datum/callback): InvokeAsync()
[19:03:23]Timer (/datum/controller/subsystem/timer): fire(0)
[19:03:23]Timer (/datum/controller/subsystem/timer): ignite(0)
[19:03:23]Master (/datum/controller/master): RunQueue()
[19:03:23]Master (/datum/controller/master): Loop()
[19:03:23]Master (/datum/controller/master): StartProcessing(0)
runtime error: 
[19:22:20]Cannot read null.client
[19:22:20]proc name: open (/datum/tgui/proc/open)
[19:22:20]  source file: tgui.dm,87
[19:22:20]  usr: null
[19:22:20]  src: /datum/tgui (/datum/tgui)
[19:22:20]  call stack:
[19:22:20]/datum/tgui (/datum/tgui): open()
[19:22:20]the sleeper (/obj/machinery/sleeper): ui interact(null, "main", /datum/tgui (/datum/tgui), 0, null, /datum/ui_state/notcontained_s... (/datum/ui_state/notcontained_state))
[19:22:20]the sleeper (/obj/machinery/sleeper): updateUsrDialog()
[19:22:20]the sleeper (/obj/machinery/sleeper): open machine(1)
[19:22:20]the sleeper (/obj/machinery/sleeper): open machine()
[19:22:20]the sleeper (/obj/machinery/sleeper): container resist(Sigma Lungbarrow (/mob/living/carbon/human))
[19:22:20]the sleeper (/obj/machinery/sleeper): relaymove(Sigma Lungbarrow (/mob/living/carbon/human), 8)
[19:22:20]Camwarp (/client): Move(the shuttle floor (138,20,13) (/turf/open/floor/mineral/titanium), 8)
[19:22:20]Sigma Lungbarrow (/mob/living/carbon/human): keyLoop(Camwarp (/client))
[19:22:20]Camwarp (/client): keyLoop()
[19:22:20]Input (/datum/controller/subsystem/input): fire(0)
[19:22:20]Input (/datum/controller/subsystem/input): ignite(0)
[19:22:20]Master (/datum/controller/master): RunQueue()
[19:22:20]Master (/datum/controller/master): Loop()
[19:22:20]Master (/datum/controller/master): StartProcessing(0)
runtime error: 
[19:23:51]nothing to animate
[19:23:51]proc name: shake camera (/proc/shake_camera)
[19:23:51]  source file: mob_helpers.dm,270
[19:23:51]  usr: (src)
[19:23:51]  src: null
[19:23:51]  call stack:
[19:23:51]shake camera(Sigma Lungbarrow (/mob/living/carbon/human), 0.75, 1)
[19:23:51]Sigma Lungbarrow (/mob/living/carbon/human): afterShuttleMove(space (134,36,13) (/turf/open/space/transit/north), /list (/list), 4, 1, 2, 0)
[19:23:51]Sigma Lungbarrow (/mob/living/carbon/human): afterShuttleMove(space (134,36,13) (/turf/open/space/transit/north), /list (/list), 4, 1, 2, 0)
[19:23:51]Box emergency shuttle (/obj/docking_port/mobile/emergency): cleanup runway(CentCom Emergency Shuttle Dock (/obj/docking_port/stationary), /list (/list), /list (/list), /list (/list), /list (/list), 0, 2, Space (/area/space), /turf/open/space/transit/north (/turf/open/space/transit/north), /turf/open/space (/turf/open/space))
[19:23:51]Box emergency shuttle (/obj/docking_port/mobile/emergency): initiate docking(CentCom Emergency Shuttle Dock (/obj/docking_port/stationary), 2, 0)
[19:23:51]Box emergency shuttle (/obj/docking_port/mobile/emergency): dock id("emergency_away")
[19:23:51]Box emergency shuttle (/obj/docking_port/mobile/emergency): check()
[19:23:51]Shuttle (/datum/controller/subsystem/shuttle): fire(0)
[19:23:51]Shuttle (/datum/controller/subsystem/shuttle): ignite(0)
Saved 0 engraved messages on map BeeStation 1
Shutting down Persistence subsystem...
Shutting down pathfinder subsystem...
Shutting down Squeak subsystem...
Shutting down Shuttle subsystem...
Shutting down Lighting subsystem...
Shutting down XKeyScore subsystem...
Shutting down Sticky Ban subsystem...
Shutting down Overlay subsystem...
Shutting down Icon Smoothing subsystem...
Shutting down Assets subsystem...
Shutting down Minimap subsystem...
Shutting down Atmospherics subsystem...
Shutting down Wet floors subsystem...
Shutting down Weather subsystem...
Shutting down Vote subsystem...
Shutting down Traumas subsystem...
Shutting down Title Screen subsystem...
Shutting down Time Tracking subsystem...
Shutting down Throwing subsystem...
Shutting down tgui subsystem...
Shutting down Sun subsystem...
Shutting down Space Drift subsystem...
Shutting down Religion subsystem...
Shutting down Radio subsystem...
Shutting down Radiation subsystem...
Shutting down Projectiles subsystem...
Shutting down Processing subsystem...
Shutting down Parallax subsystem...
Shutting down pAI subsystem...
Shutting down Orbits subsystem...
Shutting down Objects subsystem...
Shutting down NPC Pool subsystem...
Shutting down Night Shift subsystem...
Shutting down Mood subsystem...
Shutting down Mobs subsystem...
Shutting down Medals subsystem...
Shutting down Inbounds subsystem...
Shutting down Idling NPC Pool subsystem...
Shutting down Flightpack Movement subsystem...
Shutting down Fire Burning subsystem...
Shutting down Fields subsystem...
Shutting down Fast Processing subsystem...
Shutting down Disease subsystem...
Shutting down Communications subsystem...
Shutting down Augury subsystem...
Shutting down Acid subsystem...
Shutting down Timer subsystem...
Shutting down Circuit subsystem...
Shutting down Machines subsystem...
Shutting down Language subsystem...
Shutting down Atoms subsystem...
Shutting down Networks subsystem...
Shutting down Mapping subsystem...
Shutting down Ticker subsystem...
Shutting down Traits subsystem...
Shutting down Jobs subsystem...
Shutting down Events subsystem...
Shutting down Research subsystem...
Shutting down Input subsystem...
Shutting down Server Tasks subsystem...
Shutting down Blackbox subsystem...
Shutting down Database subsystem...
Shutting down Garbage subsystem...
Shutdown complete
World rebooted at 20:09:23
