[2018-09-13 02:39:57.522] Starting up round ID 2262.
[2018-09-13 02:39:57.522] -------------------------
[2018-09-13 02:39:59.473] Initialized Database subsystem within 0 seconds!
[2018-09-13 02:39:59.474] Initialized Blackbox subsystem within 0 seconds!
[2018-09-13 02:39:59.474] Initialized Server Tasks subsystem within 0 seconds!
[2018-09-13 02:39:59.475] Initialized Input subsystem within 0 seconds!
[2018-09-13 02:39:59.475] Initialized Vis contents overlays subsystem within 0 seconds!
[2018-09-13 02:39:59.517] Initialized Research subsystem within 0.1 seconds!
[2018-09-13 02:39:59.522] Initialized Events subsystem within 0 seconds!
[2018-09-13 02:39:59.527] Initialized Jobs subsystem within 0 seconds!
[2018-09-13 02:39:59.529] Initialized Quirks subsystem within 0 seconds!
[2018-09-13 02:39:59.537] Initialized Ticker subsystem within 0 seconds!
[2018-09-13 02:39:59.537] Loading Box Station...
[2018-09-13 02:40:04.392] Loaded Station in 4.8s!
[2018-09-13 02:40:07.545] Loaded Lavaland in 2.8s!
[2018-09-13 02:40:11.607] Ruin loader finished with 0 left to spend.
[2018-09-13 02:40:13.448] Ruin loader finished with 0 left to spend.
[2018-09-13 02:40:15.014] Initialized Mapping subsystem within 15.5 seconds!
[2018-09-13 02:40:15.130] Initialized Networks subsystem within 0 seconds!
[2018-09-13 02:41:11.780] Initialized Atoms subsystem within 56.6 seconds!
[2018-09-13 02:41:11.798] Initialized Language subsystem within 0 seconds!
[2018-09-13 02:41:12.207] Initialized Machines subsystem within 0.5 seconds!
[2018-09-13 02:41:12.262] Initialized Circuit subsystem within 0 seconds!
[2018-09-13 02:41:12.263] Initialized Disease subsystem within 0 seconds!
[2018-09-13 02:41:12.263] Initialized Medals subsystem within 0 seconds!
[2018-09-13 02:41:12.264] Initialized Night Shift subsystem within 0 seconds!
[2018-09-13 02:41:12.264] Initialized Parallax subsystem within 0 seconds!
[2018-09-13 02:41:12.411] Initialized Traumas subsystem within 0.2 seconds!
[2018-09-13 02:41:12.412] Initialized Weather subsystem within 0 seconds!
[2018-09-13 02:41:18.542] Initialized Atmospherics subsystem within 6.1 seconds!
[2018-09-13 02:41:21.218] Initialized Assets subsystem within 2.7 seconds!
[2018-09-13 02:41:27.718] Initialized Icon Smoothing subsystem within 6.5 seconds!
[2018-09-13 02:41:29.322] Initialized Overlay subsystem within 1.6 seconds!
[2018-09-13 02:41:29.322] Initialized XKeyScore subsystem within 0 seconds!
[2018-09-13 02:41:29.327] Initialized Sticky Ban subsystem within 0 seconds!
[2018-09-13 02:41:40.055] Initialized Lighting subsystem within 10.7 seconds!
[2018-09-13 02:41:44.386] Initialized Shuttle subsystem within 4.3 seconds!
[2018-09-13 02:41:44.423] Initialized Squeak subsystem within 0.1 seconds!
[2018-09-13 02:41:44.425] Initialized Pathfinder subsystem within 0 seconds!
[2018-09-13 02:41:44.478] Loaded 22 engraved messages on map Box Station
[2018-09-13 02:41:44.512] Initialized Persistence subsystem within 0.1 seconds!
[2018-09-13 02:41:44.513] Initializations complete within 105.1 seconds!
[2018-09-13 02:43:09.370] Game start took 0.9s
[2018-09-13 04:07:25.575] Saved 22 engraved messages on map Box Station
[2018-09-13 04:09:00.542] Shutting down Persistence subsystem...
[2018-09-13 04:09:00.542] Shutting down Pathfinder subsystem...
[2018-09-13 04:09:00.542] Shutting down Squeak subsystem...
[2018-09-13 04:09:00.542] Shutting down Shuttle subsystem...
[2018-09-13 04:09:00.542] Shutting down Lighting subsystem...
[2018-09-13 04:09:00.543] Shutting down XKeyScore subsystem...
[2018-09-13 04:09:00.543] Shutting down Sticky Ban subsystem...
[2018-09-13 04:09:00.543] Shutting down Overlay subsystem...
[2018-09-13 04:09:00.613] Shutting down Icon Smoothing subsystem...
[2018-09-13 04:09:00.613] Shutting down Assets subsystem...
[2018-09-13 04:09:00.613] Shutting down Atmospherics subsystem...
[2018-09-13 04:09:00.613] Shutting down Wet floors subsystem...
[2018-09-13 04:09:00.613] Shutting down Weather subsystem...
[2018-09-13 04:09:00.613] Shutting down Vote subsystem...
[2018-09-13 04:09:00.613] Shutting down Traumas subsystem...
[2018-09-13 04:09:00.613] Shutting down Title Screen subsystem...
[2018-09-13 04:09:00.613] Shutting down Time Tracking subsystem...
[2018-09-13 04:09:00.613] Shutting down Throwing subsystem...
[2018-09-13 04:09:00.613] Shutting down tgui subsystem...
[2018-09-13 04:09:00.613] Shutting down Sun subsystem...
[2018-09-13 04:09:00.613] Shutting down Space Drift subsystem...
[2018-09-13 04:09:00.613] Shutting down Religion subsystem...
[2018-09-13 04:09:00.613] Shutting down Radio subsystem...
[2018-09-13 04:09:00.614] Shutting down Radiation subsystem...
[2018-09-13 04:09:00.614] Shutting down Projectiles subsystem...
[2018-09-13 04:09:00.614] Shutting down Processing subsystem...
[2018-09-13 04:09:00.614] Shutting down Ping subsystem...
[2018-09-13 04:09:00.614] Shutting down Parallax subsystem...
[2018-09-13 04:09:00.614] Shutting down pAI subsystem...
[2018-09-13 04:09:00.614] Shutting down Orbits subsystem...
[2018-09-13 04:09:00.614] Shutting down Objects subsystem...
[2018-09-13 04:09:00.614] Shutting down NPC Pool subsystem...
[2018-09-13 04:09:00.614] Shutting down Night Shift subsystem...
[2018-09-13 04:09:00.614] Shutting down Nanites subsystem...
[2018-09-13 04:09:00.614] Shutting down Mood subsystem...
[2018-09-13 04:09:00.614] Shutting down Mobs subsystem...
[2018-09-13 04:09:00.614] Shutting down Medals subsystem...
[2018-09-13 04:09:00.614] Shutting down Idling NPC Pool subsystem...
[2018-09-13 04:09:00.614] Shutting down Fire Burning subsystem...
[2018-09-13 04:09:00.614] Shutting down Fields subsystem...
[2018-09-13 04:09:00.614] Shutting down Fast Processing subsystem...
[2018-09-13 04:09:00.614] Shutting down Disease subsystem...
[2018-09-13 04:09:00.614] Shutting down Datum Component System subsystem...
[2018-09-13 04:09:00.615] Shutting down Communications subsystem...
[2018-09-13 04:09:00.615] Shutting down Augury subsystem...
[2018-09-13 04:09:00.615] Shutting down Acid subsystem...
[2018-09-13 04:09:00.615] Shutting down Timer subsystem...
[2018-09-13 04:09:00.615] Shutting down Circuit subsystem...
[2018-09-13 04:09:00.615] Shutting down Machines subsystem...
[2018-09-13 04:09:00.615] Shutting down Language subsystem...
[2018-09-13 04:09:00.615] Shutting down Atoms subsystem...
[2018-09-13 04:09:00.615] Shutting down Networks subsystem...
[2018-09-13 04:09:00.615] Shutting down Mapping subsystem...
[2018-09-13 04:09:00.615] Shutting down Ticker subsystem...
[2018-09-13 04:09:00.990] Shutting down Quirks subsystem...
[2018-09-13 04:09:00.990] Shutting down Jobs subsystem...
[2018-09-13 04:09:00.990] Shutting down Events subsystem...
[2018-09-13 04:09:00.990] Shutting down Research subsystem...
[2018-09-13 04:09:00.990] Shutting down Vis contents overlays subsystem...
[2018-09-13 04:09:00.990] Shutting down Input subsystem...
[2018-09-13 04:09:00.991] Shutting down Server Tasks subsystem...
[2018-09-13 04:09:00.991] Shutting down Blackbox subsystem...
[2018-09-13 04:09:01.105] Shutting down Database subsystem...
[2018-09-13 04:09:01.143] Shutting down Garbage subsystem...
[2018-09-13 04:09:01.241] Shutdown complete
[2018-09-13 04:09:01.241] World rebooted at 04:09:01
