

Starting up round ID 990. 06:48:16
---------------------
Initialized Database subsystem within 0 seconds!
Initialized Blackbox subsystem within 0 seconds!
Initialized Server Tasks subsystem within 0 seconds!
Initialized Input subsystem within 0 seconds!
Initialized Research subsystem within 0.1 seconds!
Initialized Events subsystem within 0 seconds!
Initialized Jobs subsystem within 0 seconds!
Initialized Traits subsystem within 0 seconds!
Initialized Ticker subsystem within 0 seconds!
Loading BeeStation 1...
Loaded Station in 5s!
Loaded Lavaland in 6.1s!
Loaded Reebe in 5.4s!
Ruin loader finished with 0 left to spend.
Ruin loader finished with 0 left to spend.
Initialized Mapping subsystem within 23.8 seconds!
Initialized Networks subsystem within 0 seconds!
runtime error: 
[06:48:49]Bad areastring path for Vacant Office APC, area/security/vacantoffice
[06:48:49]proc name: stack trace (/datum/proc/stack_trace)
[06:48:49]  source file: unsorted.dm,1257
[06:48:49]  usr: null
[06:48:49]  src: Vacant Office APC (/obj/machinery/power/apc)
[06:48:49]  src.loc: the floor (88,129,2) (/turf/open/floor/plasteel/grimy)
[06:48:49]  call stack:
[06:48:49]Vacant Office APC (/obj/machinery/power/apc): stack trace("Bad areastring path for Vacant...")
[06:48:49]Vacant Office APC (/obj/machinery/power/apc): Initialize(1)
[06:48:49]Atoms (/datum/controller/subsystem/atoms): InitAtom(Vacant Office APC (/obj/machinery/power/apc), /list (/list))
[06:48:49]Atoms (/datum/controller/subsystem/atoms): InitializeAtoms(null)
[06:48:49]Atoms (/datum/controller/subsystem/atoms): Initialize(245224)
[06:48:49]Master (/datum/controller/master): Initialize(10, 0)
Initialized Atoms subsystem within 41 seconds!
Initialized Language subsystem within 0.1 seconds!
Initialized Machines subsystem within 0.3 seconds!
Initialized Circuit subsystem within 0 seconds!
Initialized Disease subsystem within 0 seconds!
Initialized Medals subsystem within 0 seconds!
Initialized Night Shift subsystem within 0 seconds!
Initialized Parallax subsystem within 0 seconds!
Initialized Traumas subsystem within 0.1 seconds!
Initialized Weather subsystem within 0 seconds!
## WARNING: There are 24 active turfs at roundstart, this is a mapping error caused by a difference of the air between the adjacent turfs. You can see its coordinates using "Mapping -> Show roundstart AT list" verb (debug verbs required)
## WARNING: HEY! LISTEN! 1 second were wasted processing 24 turf(s) (connected to 19485 other turfs) with atmos differences at round start.
## WARNING: build_pipeline(): /obj/machinery/atmospherics/pipe/simple/supply/hidden added to a pipenet while still having one. (pipes leading to the same spot stacking in one turf) Nearby: (108, 118, 2)
## WARNING: build_pipeline(): /obj/machinery/atmospherics/pipe/manifold/supply/hidden added to a pipenet while still having one. (pipes leading to the same spot stacking in one turf) Nearby: (106, 118, 2)
## WARNING: build_pipeline(): /obj/machinery/atmospherics/pipe/simple/supply/hidden added to a pipenet while still having one. (pipes leading to the same spot stacking in one turf) Nearby: (109, 118, 2)
## WARNING: build_pipeline(): /obj/machinery/atmospherics/pipe/simple/supply/hidden added to a pipenet while still having one. (pipes leading to the same spot stacking in one turf) Nearby: (107, 118, 2)
## WARNING: build_pipeline(): /obj/machinery/atmospherics/pipe/simple/supply/hidden added to a pipenet while still having one. (pipes leading to the same spot stacking in one turf) Nearby: (106, 119, 2)
## WARNING: build_pipeline(): /obj/machinery/atmospherics/pipe/simple/supply/hidden added to a pipenet while still having one. (pipes leading to the same spot stacking in one turf) Nearby: (106, 117, 2)
## WARNING: build_pipeline(): /obj/machinery/atmospherics/pipe/simple/supply/hidden added to a pipenet while still having one. (pipes leading to the same spot stacking in one turf) Nearby: (106, 120, 2)
## WARNING: build_pipeline(): /obj/machinery/atmospherics/pipe/simple/supply/hidden added to a pipenet while still having one. (pipes leading to the same spot stacking in one turf) Nearby: (106, 116, 2)
## WARNING: build_pipeline(): /obj/machinery/atmospherics/pipe/simple/supply/hidden added to a pipenet while still having one. (pipes leading to the same spot stacking in one turf) Nearby: (106, 121, 2)
## WARNING: build_pipeline(): /obj/machinery/atmospherics/pipe/simple/supply/hidden added to a pipenet while still having one. (pipes leading to the same spot stacking in one turf) Nearby: (106, 115, 2)
## WARNING: build_pipeline(): further messages about pipenets will be supressed
Initialized Atmospherics subsystem within 15.4 seconds!
Failed to find backup file for map BeeStation 1 on zlevel 2.
Initialized Assets subsystem within 0.8 seconds!
Initialized Icon Smoothing subsystem within 6.2 seconds!
Initialized Overlay subsystem within 16.4 seconds!
Initialized XKeyScore subsystem within 0 seconds!
Initialized Sticky Ban subsystem within 0 seconds!
Initialized Lighting subsystem within 13.4 seconds!
Initialized Shuttle subsystem within 25.6 seconds!
Initialized Squeak subsystem within 0 seconds!
Initialized pathfinder subsystem within 0 seconds!
Loaded 0 engraved messages on map BeeStation 1
Initialized Persistence subsystem within 0.1 seconds!
Initializations complete within 143.6 seconds!
Game start took 2.8s
runtime error: 
[07:19:10]Component is missing a pipenet! Rebuilding...
runtime error: 
[07:19:10]Component is missing a pipenet! Rebuilding...
runtime error: 
[07:19:10]Component is missing a pipenet! Rebuilding...
runtime error: 
[07:19:11]Component is missing a pipenet! Rebuilding...
runtime error: 
[07:19:11]Component is missing a pipenet! Rebuilding...
runtime error: 
[07:19:12]Component is missing a pipenet! Rebuilding...
runtime error: 
[07:19:12]Component is missing a pipenet! Rebuilding...
runtime error: 
[07:19:13]Component is missing a pipenet! Rebuilding...
runtime error: 
[07:19:13]Component is missing a pipenet! Rebuilding...
runtime error: 
[07:19:14]Component is missing a pipenet! Rebuilding...
runtime error: 
[07:19:14]Component is missing a pipenet! Rebuilding...
runtime error: 
[07:19:15]Component is missing a pipenet! Rebuilding...
runtime error: 
[07:19:15]Component is missing a pipenet! Rebuilding...
runtime error: 
[07:19:16]Component is missing a pipenet! Rebuilding...
runtime error: 
[07:19:16]Component is missing a pipenet! Rebuilding...
runtime error: 
[07:19:17]Component is missing a pipenet! Rebuilding...
runtime error: 
[07:19:18]Component is missing a pipenet! Rebuilding...
runtime error: 
[07:19:18]Component is missing a pipenet! Rebuilding...
runtime error: 
[07:19:19]Component is missing a pipenet! Rebuilding...
runtime error: 
[07:19:19]Component is missing a pipenet! Rebuilding...
runtime error: 
[07:19:20]Component is missing a pipenet! Rebuilding...
runtime error: 
[07:19:20]Component is missing a pipenet! Rebuilding...
runtime error: 
[07:19:21]Component is missing a pipenet! Rebuilding...
runtime error: 
[07:19:21]Component is missing a pipenet! Rebuilding...
runtime error: 
[07:19:22]Component is missing a pipenet! Rebuilding...
runtime error: 
[07:19:22]Component is missing a pipenet! Rebuilding...
runtime error: 
[07:19:23]Component is missing a pipenet! Rebuilding...
runtime error: 
[07:19:23]Component is missing a pipenet! Rebuilding...
runtime error: 
[07:19:24]Component is missing a pipenet! Rebuilding...
runtime error: 
[07:19:24]Component is missing a pipenet! Rebuilding...
runtime error: 
[07:19:25]Component is missing a pipenet! Rebuilding...
runtime error: 
[07:19:25]Component is missing a pipenet! Rebuilding...
runtime error: 
[07:19:26]Component is missing a pipenet! Rebuilding...
runtime error: 
[07:19:26]Component is missing a pipenet! Rebuilding...
runtime error: 
[07:19:27]Component is missing a pipenet! Rebuilding...
runtime error: 
[07:19:27]Component is missing a pipenet! Rebuilding...
runtime error: 
[07:19:28]Component is missing a pipenet! Rebuilding...
runtime error: 
[07:19:28]Component is missing a pipenet! Rebuilding...
runtime error: 
[07:19:29]Component is missing a pipenet! Rebuilding...
runtime error: 
[07:19:29]Component is missing a pipenet! Rebuilding...
runtime error: 
[07:19:30]Component is missing a pipenet! Rebuilding...
runtime error: 
[07:19:30]Component is missing a pipenet! Rebuilding...
runtime error: 
[07:19:31]Component is missing a pipenet! Rebuilding...
runtime error: 
[07:19:31]Component is missing a pipenet! Rebuilding...
runtime error: 
[07:19:32]Component is missing a pipenet! Rebuilding...
runtime error: 
[07:19:32]Component is missing a pipenet! Rebuilding...
runtime error: 
[07:19:33]Component is missing a pipenet! Rebuilding...
runtime error: 
[07:19:33]Component is missing a pipenet! Rebuilding...
runtime error: 
[07:19:34]Component is missing a pipenet! Rebuilding...
runtime error: 
[07:19:34]Component is missing a pipenet! Rebuilding...
runtime error: 
[07:19:35]Component is missing a pipenet! Rebuilding...
runtime error: 
[07:29:36]Component is missing a pipenet! Rebuilding...
runtime error: 
[07:29:36]Component is missing a pipenet! Rebuilding...
runtime error: 
[07:29:37]Component is missing a pipenet! Rebuilding...
runtime error: 
[07:29:37]Component is missing a pipenet! Rebuilding...
runtime error: 
[07:29:38]Component is missing a pipenet! Rebuilding...
runtime error: 
[07:29:38]Component is missing a pipenet! Rebuilding...
runtime error: 
[07:29:39]Component is missing a pipenet! Rebuilding...
runtime error: 
[07:29:39]Component is missing a pipenet! Rebuilding...
runtime error: 
[07:29:40]Component is missing a pipenet! Rebuilding...
runtime error: 
[07:29:40]Component is missing a pipenet! Rebuilding...
runtime error: 
[07:29:41]Component is missing a pipenet! Rebuilding...
runtime error: 
[07:29:41]Component is missing a pipenet! Rebuilding...
runtime error: 
[07:29:42]Component is missing a pipenet! Rebuilding...
runtime error: 
[07:29:42]Component is missing a pipenet! Rebuilding...
runtime error: 
[07:29:43]Component is missing a pipenet! Rebuilding...
runtime error: 
[07:29:43]Component is missing a pipenet! Rebuilding...
runtime error: 
[07:29:44]Component is missing a pipenet! Rebuilding...
runtime error: 
[07:29:44]Component is missing a pipenet! Rebuilding...
runtime error: 
[07:29:45]Component is missing a pipenet! Rebuilding...
runtime error: 
[07:29:45]Component is missing a pipenet! Rebuilding...
runtime error: 
[07:29:46]Component is missing a pipenet! Rebuilding...
runtime error: 
[07:29:46]Component is missing a pipenet! Rebuilding...
runtime error: 
[07:29:47]Component is missing a pipenet! Rebuilding...
runtime error: 
[07:29:47]Component is missing a pipenet! Rebuilding...
runtime error: 
[07:29:48]Component is missing a pipenet! Rebuilding...
runtime error: 
[07:29:48]Component is missing a pipenet! Rebuilding...
runtime error: 
[07:29:49]Component is missing a pipenet! Rebuilding...
runtime error: 
[07:29:49]Component is missing a pipenet! Rebuilding...
runtime error: 
[07:29:50]Component is missing a pipenet! Rebuilding...
runtime error: 
[07:29:50]Component is missing a pipenet! Rebuilding...
runtime error: 
[07:29:51]Component is missing a pipenet! Rebuilding...
runtime error: 
[07:29:51]Component is missing a pipenet! Rebuilding...
runtime error: 
[07:29:52]Component is missing a pipenet! Rebuilding...
runtime error: 
[07:29:52]Component is missing a pipenet! Rebuilding...
runtime error: 
[07:29:53]Component is missing a pipenet! Rebuilding...
runtime error: 
[07:29:53]Component is missing a pipenet! Rebuilding...
runtime error: 
[07:29:54]Component is missing a pipenet! Rebuilding...
runtime error: 
[07:29:54]Component is missing a pipenet! Rebuilding...
runtime error: 
[07:29:55]Component is missing a pipenet! Rebuilding...
runtime error: 
[07:29:55]Component is missing a pipenet! Rebuilding...
runtime error: 
[07:29:56]Component is missing a pipenet! Rebuilding...
runtime error: 
[07:29:56]Component is missing a pipenet! Rebuilding...
runtime error: 
[07:29:57]Component is missing a pipenet! Rebuilding...
runtime error: 
[07:29:57]Component is missing a pipenet! Rebuilding...
runtime error: 
[07:29:58]Component is missing a pipenet! Rebuilding...
runtime error: 
[07:29:58]Component is missing a pipenet! Rebuilding...
runtime error: 
[07:29:59]Component is missing a pipenet! Rebuilding...
runtime error: 
[07:29:59]Component is missing a pipenet! Rebuilding...
runtime error: 
[07:30:00]Component is missing a pipenet! Rebuilding...
runtime error: 
[07:30:00]Component is missing a pipenet! Rebuilding...
runtime error: 
[07:30:01]Component is missing a pipenet! Rebuilding...
runtime error: 
[07:36:26]nothing to animate
[07:36:26]proc name: shake camera (/proc/shake_camera)
[07:36:26]  source file: mob_helpers.dm,270
[07:36:26]  usr: (src)
[07:36:26]  src: null
[07:36:26]  call stack:
[07:36:26]shake camera(Helps-The-Station (/mob/living/carbon/human), 0.75, 1)
[07:36:26]Helps-The-Station (/mob/living/carbon/human): afterShuttleMove(space (180,30,13) (/turf/open/space/transit/north), /list (/list), 4, 1, 2, 270)
[07:36:26]Helps-The-Station (/mob/living/carbon/human): afterShuttleMove(space (180,30,13) (/turf/open/space/transit/north), /list (/list), 4, 1, 2, 270)
[07:36:26]Box emergency shuttle (/obj/docking_port/mobile/emergency): cleanup runway(Syndicate Auxillary Shuttle Do... (/obj/docking_port/stationary), /list (/list), /list (/list), /list (/list), /list (/list), 270, 2, Space (/area/space), /turf/open/space/transit/north (/turf/open/space/transit/north), /turf/open/space (/turf/open/space))
[07:36:26]Box emergency shuttle (/obj/docking_port/mobile/emergency): initiate docking(Syndicate Auxillary Shuttle Do... (/obj/docking_port/stationary), 2, 0)
[07:36:26]Box emergency shuttle (/obj/docking_port/mobile/emergency): dock id("emergency_syndicate")
[07:36:26]Box emergency shuttle (/obj/docking_port/mobile/emergency): check()
[07:36:26]Shuttle (/datum/controller/subsystem/shuttle): fire(0)
[07:36:26]Shuttle (/datum/controller/subsystem/shuttle): ignite(0)
Saved 0 engraved messages on map BeeStation 1
Shutting down Persistence subsystem...
Shutting down pathfinder subsystem...
Shutting down Squeak subsystem...
Shutting down Shuttle subsystem...
Shutting down Lighting subsystem...
Shutting down XKeyScore subsystem...
Shutting down Sticky Ban subsystem...
Shutting down Overlay subsystem...
Shutting down Icon Smoothing subsystem...
Shutting down Assets subsystem...
Shutting down Minimap subsystem...
Shutting down Atmospherics subsystem...
Shutting down Wet floors subsystem...
Shutting down Weather subsystem...
Shutting down Vote subsystem...
Shutting down Traumas subsystem...
Shutting down Title Screen subsystem...
Shutting down Time Tracking subsystem...
Shutting down Throwing subsystem...
Shutting down tgui subsystem...
Shutting down Sun subsystem...
Shutting down Space Drift subsystem...
Shutting down Religion subsystem...
Shutting down Radio subsystem...
Shutting down Radiation subsystem...
Shutting down Projectiles subsystem...
Shutting down Processing subsystem...
Shutting down Parallax subsystem...
Shutting down pAI subsystem...
Shutting down Orbits subsystem...
Shutting down Objects subsystem...
Shutting down NPC Pool subsystem...
Shutting down Night Shift subsystem...
Shutting down Mood subsystem...
Shutting down Mobs subsystem...
Shutting down Medals subsystem...
Shutting down Inbounds subsystem...
Shutting down Idling NPC Pool subsystem...
Shutting down Flightpack Movement subsystem...
Shutting down Fire Burning subsystem...
Shutting down Fields subsystem...
Shutting down Fast Processing subsystem...
Shutting down Disease subsystem...
Shutting down Communications subsystem...
Shutting down Augury subsystem...
Shutting down Acid subsystem...
Shutting down Timer subsystem...
Shutting down Circuit subsystem...
Shutting down Machines subsystem...
Shutting down Language subsystem...
Shutting down Atoms subsystem...
Shutting down Networks subsystem...
Shutting down Mapping subsystem...
Shutting down Ticker subsystem...
Shutting down Traits subsystem...
Shutting down Jobs subsystem...
Shutting down Events subsystem...
Shutting down Research subsystem...
Shutting down Input subsystem...
Shutting down Server Tasks subsystem...
Shutting down Blackbox subsystem...
Shutting down Database subsystem...
Shutting down Garbage subsystem...
Shutdown complete
World rebooted at 07:38:02
