

Starting up round ID 1131. 12:35:29
---------------------
Initialized Database subsystem within 0 seconds!
Initialized Blackbox subsystem within 0 seconds!
Initialized Server Tasks subsystem within 0 seconds!
Initialized Input subsystem within 0 seconds!
Initialized Research subsystem within 0 seconds!
Initialized Events subsystem within 0 seconds!
Initialized Jobs subsystem within 0 seconds!
Initialized Traits subsystem within 0 seconds!
Initialized Ticker subsystem within 0 seconds!
Loading BoxStation...
Loaded Station in 5.9s!
Loaded Lavaland in 6s!
Loaded Reebe in 5.3s!
## WARNING: build_pipeline(): /obj/machinery/atmospherics/pipe/manifold4w/orange/visible added to a pipenet while still having one. (pipes leading to the same spot stacking in one turf) Nearby: (56, 97, 14)
## WARNING: build_pipeline(): /obj/machinery/atmospherics/pipe/manifold/orange/visible added to a pipenet while still having one. (pipes leading to the same spot stacking in one turf) Nearby: (56, 98, 14)
## WARNING: build_pipeline(): /obj/machinery/atmospherics/pipe/simple/orange/visible added to a pipenet while still having one. (pipes leading to the same spot stacking in one turf) Nearby: (57, 97, 14)
## WARNING: build_pipeline(): /obj/machinery/atmospherics/pipe/simple/orange/visible added to a pipenet while still having one. (pipes leading to the same spot stacking in one turf) Nearby: (55, 97, 14)
## WARNING: build_pipeline(): /obj/machinery/atmospherics/pipe/simple/orange/visible added to a pipenet while still having one. (pipes leading to the same spot stacking in one turf) Nearby: (57, 98, 14)
## WARNING: build_pipeline(): /obj/machinery/atmospherics/pipe/simple/orange/visible added to a pipenet while still having one. (pipes leading to the same spot stacking in one turf) Nearby: (57, 115, 14)
## WARNING: build_pipeline(): /obj/machinery/atmospherics/pipe/manifold/orange/visible added to a pipenet while still having one. (pipes leading to the same spot stacking in one turf) Nearby: (58, 115, 14)
## WARNING: build_pipeline(): /obj/machinery/atmospherics/pipe/simple/orange/visible added to a pipenet while still having one. (pipes leading to the same spot stacking in one turf) Nearby: (56, 115, 14)
## WARNING: build_pipeline(): /obj/machinery/atmospherics/pipe/simple/orange/visible added to a pipenet while still having one. (pipes leading to the same spot stacking in one turf) Nearby: (58, 116, 14)
## WARNING: build_pipeline(): /obj/machinery/atmospherics/pipe/manifold/orange/visible added to a pipenet while still having one. (pipes leading to the same spot stacking in one turf) Nearby: (59, 115, 14)
## WARNING: build_pipeline(): further messages about pipenets will be supressed
Ruin loader finished with 0 left to spend.
Ruin loader finished with 0 left to spend.
Initialized Mapping subsystem within 37.3 seconds!
Initialized Networks subsystem within 0 seconds!
runtime error: 
[12:36:15]Bad areastring path for Vacant Office APC, area/security/vacantoffice
[12:36:15]proc name: stack trace (/datum/proc/stack_trace)
[12:36:15]  source file: unsorted.dm,1257
[12:36:15]  usr: null
[12:36:15]  src: Vacant Office APC (/obj/machinery/power/apc)
[12:36:15]  src.loc: the floor (88,129,2) (/turf/open/floor/plasteel/grimy)
[12:36:15]  call stack:
[12:36:15]Vacant Office APC (/obj/machinery/power/apc): stack trace("Bad areastring path for Vacant...")
[12:36:15]Vacant Office APC (/obj/machinery/power/apc): Initialize(1)
[12:36:15]Atoms (/datum/controller/subsystem/atoms): InitAtom(Vacant Office APC (/obj/machinery/power/apc), /list (/list))
[12:36:15]Atoms (/datum/controller/subsystem/atoms): InitializeAtoms(null)
[12:36:15]Atoms (/datum/controller/subsystem/atoms): Initialize(453682)
[12:36:15]Master (/datum/controller/master): Initialize(10, 0)
### MAP WARNING, Mining Dock at Snowdin Outpost - Mining Post (45,15,14) failed to find a valid airlock to cyclelink with!
### MAP WARNING, Mining Dock at Snowdin Outpost - Underground Mine Post (178,16,14) failed to find a valid airlock to cyclelink with!
### MAP WARNING, Mining Dock at Snowdin Outpost - Underground Mine Post (180,16,14) failed to find a valid airlock to cyclelink with!
Initialized Atoms subsystem within 52.3 seconds!
Initialized Language subsystem within 0 seconds!
Initialized Machines subsystem within 0.3 seconds!
Initialized Circuit subsystem within 0.1 seconds!
Initialized Disease subsystem within 0 seconds!
Initialized Medals subsystem within 0 seconds!
Initialized Night Shift subsystem within 0 seconds!
Initialized Parallax subsystem within 0 seconds!
Initialized Traumas subsystem within 0.1 seconds!
Initialized Weather subsystem within 0 seconds!
Initialized Atmospherics subsystem within 16.1 seconds!
Failed to find backup file for map BoxStation on zlevel 2.
Initialized Assets subsystem within 0.7 seconds!
Initialized Icon Smoothing subsystem within 7.6 seconds!
Initialized Overlay subsystem within 21.2 seconds!
Initialized XKeyScore subsystem within 0 seconds!
Initialized Sticky Ban subsystem within 0 seconds!
Initialized Lighting subsystem within 30.5 seconds!
Initialized Shuttle subsystem within 25.7 seconds!
Initialized Squeak subsystem within 0 seconds!
Initialized pathfinder subsystem within 0 seconds!
Loaded 0 engraved messages on map BoxStation
Initialized Persistence subsystem within 0.1 seconds!
Initializations complete within 192.4 seconds!
Game start took 2.9s
runtime error: 
[12:44:13]nothing to animate
[12:44:13]proc name: shake camera (/proc/shake_camera)
[12:44:13]  source file: mob_helpers.dm,270
[12:44:13]  usr: (src)
[12:44:13]  src: null
[12:44:13]  call stack:
[12:44:13]shake camera(Wack Grandpap (/mob/living/carbon/human), 0.75, 1)
[12:44:13]Wack Grandpap (/mob/living/carbon/human): afterShuttleMove(space (25,20,13) (/turf/open/space/transit/west), /list (/list), 8, 8, 8, 0)
[12:44:13]Wack Grandpap (/mob/living/carbon/human): afterShuttleMove(space (25,20,13) (/turf/open/space/transit/west), /list (/list), 8, 8, 8, 0)
[12:44:13]the arrivals shuttle (/obj/docking_port/mobile/arrivals): cleanup runway(the arrivals (/obj/docking_port/stationary), /list (/list), /list (/list), /list (/list), /list (/list), 0, 8, Space (/area/space), /turf/open/space/transit/west (/turf/open/space/transit/west), /turf/open/space (/turf/open/space))
[12:44:13]the arrivals shuttle (/obj/docking_port/mobile/arrivals): initiate docking(the arrivals (/obj/docking_port/stationary), 8, 0)
[12:44:13]the arrivals shuttle (/obj/docking_port/mobile/arrivals): initiate docking(the arrivals (/obj/docking_port/stationary), 8)
[12:44:13]the arrivals shuttle (/obj/docking_port/mobile/arrivals): check()
[12:44:13]the arrivals shuttle (/obj/docking_port/mobile/arrivals): check()
[12:44:13]Shuttle (/datum/controller/subsystem/shuttle): fire(0)
[12:44:13]Shuttle (/datum/controller/subsystem/shuttle): ignite(0)
runtime error: 
[13:11:48]nothing to animate
[13:11:48]proc name: shake camera (/proc/shake_camera)
[13:11:48]  source file: mob_helpers.dm,270
[13:11:48]  usr: (src)
[13:11:48]  src: null
[13:11:48]  call stack:
[13:11:48]shake camera(Jason Valkerie (/mob/living/carbon/human), 0.75, 1)
[13:11:48]Jason Valkerie (/mob/living/carbon/human): afterShuttleMove(space (21,20,13) (/turf/open/space/transit/west), /list (/list), 8, 8, 8, 0)
[13:11:48]Jason Valkerie (/mob/living/carbon/human): afterShuttleMove(space (21,20,13) (/turf/open/space/transit/west), /list (/list), 8, 8, 8, 0)
[13:11:48]the arrivals shuttle (/obj/docking_port/mobile/arrivals): cleanup runway(the arrivals (/obj/docking_port/stationary), /list (/list), /list (/list), /list (/list), /list (/list), 0, 8, Space (/area/space), /turf/open/space/transit/west (/turf/open/space/transit/west), /turf/open/space (/turf/open/space))
[13:11:48]the arrivals shuttle (/obj/docking_port/mobile/arrivals): initiate docking(the arrivals (/obj/docking_port/stationary), 8, 0)
[13:11:48]the arrivals shuttle (/obj/docking_port/mobile/arrivals): initiate docking(the arrivals (/obj/docking_port/stationary), 8)
[13:11:48]the arrivals shuttle (/obj/docking_port/mobile/arrivals): check()
[13:11:48]the arrivals shuttle (/obj/docking_port/mobile/arrivals): check()
[13:11:48]Shuttle (/datum/controller/subsystem/shuttle): fire(0)
[13:11:48]Shuttle (/datum/controller/subsystem/shuttle): ignite(0)
runtime error: 
[13:16:39]list index out of bounds
[13:16:39]proc name: tick (/datum/round_event/aurora_caelus/tick)
[13:16:39]  source file: aurora_caelus.dm,39
[13:16:39]  usr: null
[13:16:39]  src: /datum/round_event/aurora_cael... (/datum/round_event/aurora_caelus)
[13:16:39]  call stack:
[13:16:39]/datum/round_event/aurora_cael... (/datum/round_event/aurora_caelus): tick()
[13:16:39]/datum/round_event/aurora_cael... (/datum/round_event/aurora_caelus): process()
[13:16:39]Events (/datum/controller/subsystem/events): fire(0)
[13:16:39]Events (/datum/controller/subsystem/events): ignite(0)
[13:16:39]Master (/datum/controller/master): RunQueue()
[13:16:39]Master (/datum/controller/master): Loop()
[13:16:39]Master (/datum/controller/master): StartProcessing(0)
runtime error: 
[13:18:53]nothing to animate
[13:18:53]proc name: shake camera (/proc/shake_camera)
[13:18:53]  source file: mob_helpers.dm,270
[13:18:53]  usr: (src)
[13:18:53]  src: null
[13:18:53]  call stack:
[13:18:53]shake camera(Wack Grandpap (/mob/living/carbon/human), 0.75, 1)
[13:18:53]Wack Grandpap (/mob/living/carbon/human): afterShuttleMove(space (50,18,13) (/turf/open/space/transit/north), /list (/list), 8, 1, 1, 0)
[13:18:53]Wack Grandpap (/mob/living/carbon/human): afterShuttleMove(space (50,18,13) (/turf/open/space/transit/north), /list (/list), 8, 1, 1, 0)
[13:18:53]the mining shuttle (/obj/docking_port/mobile): cleanup runway(the lavaland mine (/obj/docking_port/stationary), /list (/list), /list (/list), /list (/list), /list (/list), 0, 1, Space (/area/space), /turf/open/space/transit/north (/turf/open/space/transit/north), /turf/open/space (/turf/open/space))
[13:18:53]the mining shuttle (/obj/docking_port/mobile): initiate docking(the lavaland mine (/obj/docking_port/stationary), 1, 0)
[13:18:53]the mining shuttle (/obj/docking_port/mobile): check()
[13:18:53]Shuttle (/datum/controller/subsystem/shuttle): fire(0)
[13:18:53]Shuttle (/datum/controller/subsystem/shuttle): ignite(0)
runtime error: 
[13:20:07]nothing to animate
[13:20:07]proc name: shake camera (/proc/shake_camera)
[13:20:07]  source file: mob_helpers.dm,270
[13:20:07]  usr: (src)
[13:20:07]  src: null
[13:20:07]  call stack:
[13:20:07]shake camera(Jason Valkerie (/mob/living/carbon/human), 0.75, 1)
[13:20:07]Jason Valkerie (/mob/living/carbon/human): afterShuttleMove(space (78,106,2) (/turf/open/space), /list (/list), 8, 1, 2, 0)
[13:20:07]Jason Valkerie (/mob/living/carbon/human): afterShuttleMove(space (78,106,2) (/turf/open/space), /list (/list), 8, 1, 2, 0)
[13:20:07]the mining shuttle (/obj/docking_port/mobile): cleanup runway(Transit for mining/mining shut... (/obj/docking_port/stationary/transit), /list (/list), /list (/list), /list (/list), /list (/list), 0, 2, Space (/area/space), /turf/open/space (/turf/open/space), /turf/open/space (/turf/open/space))
[13:20:07]the mining shuttle (/obj/docking_port/mobile): initiate docking(Transit for mining/mining shut... (/obj/docking_port/stationary/transit), 2, 0)
[13:20:07]the mining shuttle (/obj/docking_port/mobile): enterTransit()
[13:20:07]the mining shuttle (/obj/docking_port/mobile): check()
[13:20:07]Shuttle (/datum/controller/subsystem/shuttle): fire(0)
[13:20:07]Shuttle (/datum/controller/subsystem/shuttle): ignite(0)
runtime error: 
[13:20:17]nothing to animate
[13:20:17]proc name: shake camera (/proc/shake_camera)
[13:20:17]  source file: mob_helpers.dm,270
[13:20:17]  usr: (src)
[13:20:17]  src: null
[13:20:17]  call stack:
[13:20:17]shake camera(Jason Valkerie (/mob/living/carbon/human), 0.75, 1)
[13:20:17]Jason Valkerie (/mob/living/carbon/human): afterShuttleMove(space (50,20,13) (/turf/open/space/transit/north), /list (/list), 8, 1, 1, 0)
[13:20:17]Jason Valkerie (/mob/living/carbon/human): afterShuttleMove(space (50,20,13) (/turf/open/space/transit/north), /list (/list), 8, 1, 1, 0)
[13:20:17]the mining shuttle (/obj/docking_port/mobile): cleanup runway(the lavaland mine (/obj/docking_port/stationary), /list (/list), /list (/list), /list (/list), /list (/list), 0, 1, Space (/area/space), /turf/open/space/transit/north (/turf/open/space/transit/north), /turf/open/space (/turf/open/space))
[13:20:17]the mining shuttle (/obj/docking_port/mobile): initiate docking(the lavaland mine (/obj/docking_port/stationary), 1, 0)
[13:20:17]the mining shuttle (/obj/docking_port/mobile): check()
[13:20:17]Shuttle (/datum/controller/subsystem/shuttle): fire(0)
[13:20:17]Shuttle (/datum/controller/subsystem/shuttle): ignite(0)
runtime error: 
[13:24:39]nothing to animate
[13:24:39]proc name: shake camera (/proc/shake_camera)
[13:24:39]  source file: mob_helpers.dm,270
[13:24:39]  usr: (src)
[13:24:39]  src: null
[13:24:39]  call stack:
[13:24:39]shake camera(Jason Valkerie (/mob/living/carbon/human), 0.75, 1)
[13:24:39]Jason Valkerie (/mob/living/carbon/human): afterShuttleMove(the volcanic floor (52,37,5) (/turf/open/floor/plating/asteroid/basalt/lava_land_surface), /list (/list), 8, 1, 2, 0)
[13:24:39]Jason Valkerie (/mob/living/carbon/human): afterShuttleMove(the volcanic floor (52,37,5) (/turf/open/floor/plating/asteroid/basalt/lava_land_surface), /list (/list), 8, 1, 2, 0)
[13:24:39]the mining shuttle (/obj/docking_port/mobile): cleanup runway(Transit for mining/mining shut... (/obj/docking_port/stationary/transit), /list (/list), /list (/list), /list (/list), /list (/list), 0, 2, Lavaland Labor Camp (/area/lavaland/surface/outdoors/explored), /turf/open/floor/plating/aster... (/turf/open/floor/plating/asteroid/basalt/lava_land_surface), /turf/open/lava/smooth/lava_la... (/turf/open/lava/smooth/lava_land_surface))
[13:24:39]the mining shuttle (/obj/docking_port/mobile): initiate docking(Transit for mining/mining shut... (/obj/docking_port/stationary/transit), 2, 0)
[13:24:39]the mining shuttle (/obj/docking_port/mobile): enterTransit()
[13:24:39]the mining shuttle (/obj/docking_port/mobile): check()
[13:24:39]Shuttle (/datum/controller/subsystem/shuttle): fire(0)
[13:24:39]Shuttle (/datum/controller/subsystem/shuttle): ignite(0)
runtime error: 
[13:24:49]nothing to animate
[13:24:49]proc name: shake camera (/proc/shake_camera)
[13:24:49]  source file: mob_helpers.dm,270
[13:24:49]  usr: (src)
[13:24:49]  src: null
[13:24:49]  call stack:
[13:24:49]shake camera(Jason Valkerie (/mob/living/carbon/human), 0.75, 1)
[13:24:49]Jason Valkerie (/mob/living/carbon/human): afterShuttleMove(space (50,20,13) (/turf/open/space/transit/north), /list (/list), 8, 1, 1, 0)
[13:24:49]Jason Valkerie (/mob/living/carbon/human): afterShuttleMove(space (50,20,13) (/turf/open/space/transit/north), /list (/list), 8, 1, 1, 0)
[13:24:49]the mining shuttle (/obj/docking_port/mobile): cleanup runway(the mining shuttle bay (/obj/docking_port/stationary), /list (/list), /list (/list), /list (/list), /list (/list), 0, 1, Space (/area/space), /turf/open/space/transit/north (/turf/open/space/transit/north), /turf/open/space (/turf/open/space))
[13:24:49]the mining shuttle (/obj/docking_port/mobile): initiate docking(the mining shuttle bay (/obj/docking_port/stationary), 1, 0)
[13:24:49]the mining shuttle (/obj/docking_port/mobile): check()
[13:24:49]Shuttle (/datum/controller/subsystem/shuttle): fire(0)
[13:24:49]Shuttle (/datum/controller/subsystem/shuttle): ignite(0)
runtime error: 
[13:30:04]nothing to animate
[13:30:04]proc name: shake camera (/proc/shake_camera)
[13:30:04]  source file: mob_helpers.dm,270
[13:30:04]  usr: (src)
[13:30:04]  src: null
[13:30:04]  call stack:
[13:30:04]shake camera(Alison Mitchell (/mob/living/carbon/human), 0.75, 1)
[13:30:04]Alison Mitchell (/mob/living/carbon/human): afterShuttleMove(space (25,18,13) (/turf/open/space/transit/west), /list (/list), 8, 8, 8, 0)
[13:30:04]Alison Mitchell (/mob/living/carbon/human): afterShuttleMove(space (25,18,13) (/turf/open/space/transit/west), /list (/list), 8, 8, 8, 0)
[13:30:04]the arrivals shuttle (/obj/docking_port/mobile/arrivals): cleanup runway(the arrivals (/obj/docking_port/stationary), /list (/list), /list (/list), /list (/list), /list (/list), 0, 8, Space (/area/space), /turf/open/space/transit/west (/turf/open/space/transit/west), /turf/open/space (/turf/open/space))
[13:30:04]the arrivals shuttle (/obj/docking_port/mobile/arrivals): initiate docking(the arrivals (/obj/docking_port/stationary), 8, 0)
[13:30:04]the arrivals shuttle (/obj/docking_port/mobile/arrivals): initiate docking(the arrivals (/obj/docking_port/stationary), 8)
[13:30:04]the arrivals shuttle (/obj/docking_port/mobile/arrivals): check()
[13:30:04]the arrivals shuttle (/obj/docking_port/mobile/arrivals): check()
[13:30:04]Shuttle (/datum/controller/subsystem/shuttle): fire(0)
[13:30:04]Shuttle (/datum/controller/subsystem/shuttle): ignite(0)
runtime error: 
[13:30:30]nothing to animate
[13:30:30]proc name: shake camera (/proc/shake_camera)
[13:30:30]  source file: mob_helpers.dm,270
[13:30:30]  usr: (src)
[13:30:30]  src: null
[13:30:30]  call stack:
[13:30:30]shake camera(Jason Valkerie (/mob/living/carbon/human), 0.75, 1)
[13:30:30]Jason Valkerie (/mob/living/carbon/human): afterShuttleMove(space (78,106,2) (/turf/open/space), /list (/list), 8, 1, 2, 0)
[13:30:30]Jason Valkerie (/mob/living/carbon/human): afterShuttleMove(space (78,106,2) (/turf/open/space), /list (/list), 8, 1, 2, 0)
[13:30:30]the mining shuttle (/obj/docking_port/mobile): cleanup runway(Transit for mining/mining shut... (/obj/docking_port/stationary/transit), /list (/list), /list (/list), /list (/list), /list (/list), 0, 2, Space (/area/space), /turf/open/space (/turf/open/space), /turf/open/space (/turf/open/space))
[13:30:30]the mining shuttle (/obj/docking_port/mobile): initiate docking(Transit for mining/mining shut... (/obj/docking_port/stationary/transit), 2, 0)
[13:30:30]the mining shuttle (/obj/docking_port/mobile): enterTransit()
[13:30:30]the mining shuttle (/obj/docking_port/mobile): check()
[13:30:30]Shuttle (/datum/controller/subsystem/shuttle): fire(0)
[13:30:30]Shuttle (/datum/controller/subsystem/shuttle): ignite(0)
runtime error: 
[13:30:40]nothing to animate
[13:30:40]proc name: shake camera (/proc/shake_camera)
[13:30:40]  source file: mob_helpers.dm,270
[13:30:40]  usr: (src)
[13:30:40]  src: null
[13:30:40]  call stack:
[13:30:40]shake camera(Jason Valkerie (/mob/living/carbon/human), 0.75, 1)
[13:30:40]Jason Valkerie (/mob/living/carbon/human): afterShuttleMove(space (50,20,13) (/turf/open/space/transit/north), /list (/list), 8, 1, 1, 0)
[13:30:40]Jason Valkerie (/mob/living/carbon/human): afterShuttleMove(space (50,20,13) (/turf/open/space/transit/north), /list (/list), 8, 1, 1, 0)
[13:30:40]the mining shuttle (/obj/docking_port/mobile): cleanup runway(the lavaland mine (/obj/docking_port/stationary), /list (/list), /list (/list), /list (/list), /list (/list), 0, 1, Space (/area/space), /turf/open/space/transit/north (/turf/open/space/transit/north), /turf/open/space (/turf/open/space))
[13:30:40]the mining shuttle (/obj/docking_port/mobile): initiate docking(the lavaland mine (/obj/docking_port/stationary), 1, 0)
[13:30:40]the mining shuttle (/obj/docking_port/mobile): check()
[13:30:40]Shuttle (/datum/controller/subsystem/shuttle): fire(0)
[13:30:40]Shuttle (/datum/controller/subsystem/shuttle): ignite(0)
runtime error: 
[13:38:29]nothing to animate
[13:38:29]proc name: shake camera (/proc/shake_camera)
[13:38:29]  source file: mob_helpers.dm,270
[13:38:29]  usr: (src)
[13:38:29]  src: null
[13:38:29]  call stack:
[13:38:29]shake camera(Mike Wadibidowski (/mob/living/carbon/human), 0.75, 1)
[13:38:29]Mike Wadibidowski (/mob/living/carbon/human): afterShuttleMove(space (25,18,13) (/turf/open/space/transit/west), /list (/list), 8, 8, 8, 0)
[13:38:29]Mike Wadibidowski (/mob/living/carbon/human): afterShuttleMove(space (25,18,13) (/turf/open/space/transit/west), /list (/list), 8, 8, 8, 0)
[13:38:29]the arrivals shuttle (/obj/docking_port/mobile/arrivals): cleanup runway(the arrivals (/obj/docking_port/stationary), /list (/list), /list (/list), /list (/list), /list (/list), 0, 8, Space (/area/space), /turf/open/space/transit/west (/turf/open/space/transit/west), /turf/open/space (/turf/open/space))
[13:38:29]the arrivals shuttle (/obj/docking_port/mobile/arrivals): initiate docking(the arrivals (/obj/docking_port/stationary), 8, 0)
[13:38:29]the arrivals shuttle (/obj/docking_port/mobile/arrivals): initiate docking(the arrivals (/obj/docking_port/stationary), 8)
[13:38:29]the arrivals shuttle (/obj/docking_port/mobile/arrivals): check()
[13:38:29]the arrivals shuttle (/obj/docking_port/mobile/arrivals): check()
[13:38:29]Shuttle (/datum/controller/subsystem/shuttle): fire(0)
[13:38:29]Shuttle (/datum/controller/subsystem/shuttle): ignite(0)
runtime error: 
[13:57:12]nothing to animate
[13:57:12]proc name: shake camera (/proc/shake_camera)
[13:57:12]  source file: mob_helpers.dm,270
[13:57:12]  usr: (src)
[13:57:12]  src: null
[13:57:12]  call stack:
[13:57:12]shake camera(Lilian Dugmore (/mob/living/carbon/human), 0.75, 1)
[13:57:12]Lilian Dugmore (/mob/living/carbon/human): afterShuttleMove(space (27,18,13) (/turf/open/space/transit/west), /list (/list), 8, 8, 8, 0)
[13:57:12]Lilian Dugmore (/mob/living/carbon/human): afterShuttleMove(space (27,18,13) (/turf/open/space/transit/west), /list (/list), 8, 8, 8, 0)
[13:57:12]the arrivals shuttle (/obj/docking_port/mobile/arrivals): cleanup runway(the arrivals (/obj/docking_port/stationary), /list (/list), /list (/list), /list (/list), /list (/list), 0, 8, Space (/area/space), /turf/open/space/transit/west (/turf/open/space/transit/west), /turf/open/space (/turf/open/space))
[13:57:12]the arrivals shuttle (/obj/docking_port/mobile/arrivals): initiate docking(the arrivals (/obj/docking_port/stationary), 8, 0)
[13:57:12]the arrivals shuttle (/obj/docking_port/mobile/arrivals): initiate docking(the arrivals (/obj/docking_port/stationary), 8)
[13:57:12]the arrivals shuttle (/obj/docking_port/mobile/arrivals): check()
[13:57:12]the arrivals shuttle (/obj/docking_port/mobile/arrivals): check()
[13:57:12]Shuttle (/datum/controller/subsystem/shuttle): fire(0)
[13:57:12]Shuttle (/datum/controller/subsystem/shuttle): ignite(0)
runtime error: 
[14:01:06]nothing to animate
[14:01:06]proc name: shake camera (/proc/shake_camera)
[14:01:06]  source file: mob_helpers.dm,270
[14:01:06]  usr: (src)
[14:01:06]  src: null
[14:01:06]  call stack:
[14:01:06]shake camera(Gragnir Grolob (/mob/living/carbon/human), 0.75, 1)
[14:01:06]Gragnir Grolob (/mob/living/carbon/human): afterShuttleMove(space (70,18,13) (/turf/open/space/transit/north), /list (/list), 1, 1, 2, 90)
[14:01:06]Gragnir Grolob (/mob/living/carbon/human): afterShuttleMove(space (70,18,13) (/turf/open/space/transit/north), /list (/list), 1, 1, 2, 90)
[14:01:06]the escape pod 2 (/obj/docking_port/mobile/pod): cleanup runway(the recovery ship (/obj/docking_port/stationary), /list (/list), /list (/list), /list (/list), /list (/list), 90, 2, Space (/area/space), /turf/open/space/transit/north (/turf/open/space/transit/north), /turf/open/space (/turf/open/space))
[14:01:06]the escape pod 2 (/obj/docking_port/mobile/pod): initiate docking(the recovery ship (/obj/docking_port/stationary), 2, 0)
[14:01:06]the escape pod 2 (/obj/docking_port/mobile/pod): on emergency dock()
[14:01:06]Box emergency shuttle (/obj/docking_port/mobile/emergency): check()
[14:01:06]Shuttle (/datum/controller/subsystem/shuttle): fire(0)
[14:01:06]Shuttle (/datum/controller/subsystem/shuttle): ignite(0)
runtime error: 
[14:01:06]nothing to animate
[14:01:06]proc name: shake camera (/proc/shake_camera)
[14:01:06]  source file: mob_helpers.dm,270
[14:01:06]  usr: (src)
[14:01:06]  src: null
[14:01:06]  call stack:
[14:01:06]shake camera(Lilian Dugmore (/mob/living/carbon/human), 0.75, 1)
[14:01:06]Lilian Dugmore (/mob/living/carbon/human): afterShuttleMove(space (179,25,13) (/turf/open/space/transit/north), /list (/list), 4, 1, 2, 0)
[14:01:06]Lilian Dugmore (/mob/living/carbon/human): afterShuttleMove(space (179,25,13) (/turf/open/space/transit/north), /list (/list), 4, 1, 2, 0)
[14:01:06]Box emergency shuttle (/obj/docking_port/mobile/emergency): cleanup runway(CentCom Emergency Shuttle Dock (/obj/docking_port/stationary), /list (/list), /list (/list), /list (/list), /list (/list), 0, 2, Space (/area/space), /turf/open/space/transit/north (/turf/open/space/transit/north), /turf/open/space (/turf/open/space))
[14:01:06]Box emergency shuttle (/obj/docking_port/mobile/emergency): initiate docking(CentCom Emergency Shuttle Dock (/obj/docking_port/stationary), 2, 0)
[14:01:06]Box emergency shuttle (/obj/docking_port/mobile/emergency): dock id("emergency_away")
[14:01:06]Box emergency shuttle (/obj/docking_port/mobile/emergency): check()
[14:01:06]Shuttle (/datum/controller/subsystem/shuttle): fire(0)
[14:01:06]Shuttle (/datum/controller/subsystem/shuttle): ignite(0)
Saved 0 engraved messages on map BoxStation
Shutting down Persistence subsystem...
Shutting down pathfinder subsystem...
Shutting down Squeak subsystem...
Shutting down Shuttle subsystem...
Shutting down Lighting subsystem...
Shutting down XKeyScore subsystem...
Shutting down Sticky Ban subsystem...
Shutting down Overlay subsystem...
Shutting down Icon Smoothing subsystem...
Shutting down Assets subsystem...
Shutting down Minimap subsystem...
Shutting down Atmospherics subsystem...
Shutting down Wet floors subsystem...
Shutting down Weather subsystem...
Shutting down Vote subsystem...
Shutting down Traumas subsystem...
Shutting down Title Screen subsystem...
Shutting down Time Tracking subsystem...
Shutting down Throwing subsystem...
Shutting down tgui subsystem...
Shutting down Sun subsystem...
Shutting down Space Drift subsystem...
Shutting down Religion subsystem...
Shutting down Radio subsystem...
Shutting down Radiation subsystem...
Shutting down Projectiles subsystem...
Shutting down Processing subsystem...
Shutting down Parallax subsystem...
Shutting down pAI subsystem...
Shutting down Orbits subsystem...
Shutting down Objects subsystem...
Shutting down NPC Pool subsystem...
Shutting down Night Shift subsystem...
Shutting down Mood subsystem...
Shutting down Mobs subsystem...
Shutting down Medals subsystem...
Shutting down Inbounds subsystem...
Shutting down Idling NPC Pool subsystem...
Shutting down Flightpack Movement subsystem...
Shutting down Fire Burning subsystem...
Shutting down Fields subsystem...
Shutting down Fast Processing subsystem...
Shutting down Disease subsystem...
Shutting down Communications subsystem...
Shutting down Augury subsystem...
Shutting down Acid subsystem...
Shutting down Timer subsystem...
Shutting down Circuit subsystem...
Shutting down Machines subsystem...
Shutting down Language subsystem...
Shutting down Atoms subsystem...
Shutting down Networks subsystem...
Shutting down Mapping subsystem...
Shutting down Ticker subsystem...
Shutting down Traits subsystem...
Shutting down Jobs subsystem...
Shutting down Events subsystem...
Shutting down Research subsystem...
Shutting down Input subsystem...
Shutting down Server Tasks subsystem...
Shutting down Blackbox subsystem...
Shutting down Database subsystem...
Shutting down Garbage subsystem...
Shutdown complete
World rebooted at 14:02:43
