[2018-09-04 21:47:16.163] Starting up round ID 2177.
[2018-09-04 21:47:16.163] -------------------------
[2018-09-04 21:47:18.044] Initialized Database subsystem within 0 seconds!
[2018-09-04 21:47:18.044] Initialized Blackbox subsystem within 0 seconds!
[2018-09-04 21:47:18.044] Initialized Server Tasks subsystem within 0 seconds!
[2018-09-04 21:47:18.045] Initialized Input subsystem within 0 seconds!
[2018-09-04 21:47:18.079] Initialized Research subsystem within 0 seconds!
[2018-09-04 21:47:18.086] Initialized Events subsystem within 0 seconds!
[2018-09-04 21:47:18.091] Initialized Jobs subsystem within 0 seconds!
[2018-09-04 21:47:18.093] Initialized Quirks subsystem within 0 seconds!
[2018-09-04 21:47:18.102] Initialized Ticker subsystem within 0.1 seconds!
[2018-09-04 21:47:18.102] Loading Box Station...
[2018-09-04 21:47:26.455] Loaded Station in 8.3s!
[2018-09-04 21:47:29.532] Loaded Lavaland in 2.8s!
[2018-09-04 21:47:31.731] Ruin loader finished with 0 left to spend.
[2018-09-04 21:47:33.537] Ruin loader finished with 0 left to spend.
[2018-09-04 21:47:34.962] Initialized Mapping subsystem within 16.8 seconds!
[2018-09-04 21:47:34.991] Initialized Networks subsystem within 0 seconds!
[2018-09-04 21:48:22.205] Initialized Atoms subsystem within 47.3 seconds!
[2018-09-04 21:48:22.222] Initialized Language subsystem within 0 seconds!
[2018-09-04 21:48:22.599] Initialized Machines subsystem within 0.3 seconds!
[2018-09-04 21:48:22.652] Initialized Circuit subsystem within 0 seconds!
[2018-09-04 21:48:22.654] Initialized Disease subsystem within 0 seconds!
[2018-09-04 21:48:22.655] Initialized Medals subsystem within 0 seconds!
[2018-09-04 21:48:22.655] Initialized Night Shift subsystem within 0 seconds!
[2018-09-04 21:48:22.655] Initialized Parallax subsystem within 0 seconds!
[2018-09-04 21:48:22.800] Initialized Traumas subsystem within 0.2 seconds!
[2018-09-04 21:48:22.801] Initialized Weather subsystem within 0 seconds!
[2018-09-04 21:48:28.109] ## WARNING: There are 1 active turfs at roundstart, this is a mapping error caused by a difference of the air between the adjacent turfs. You can see its coordinates using "Mapping -> Show roundstart AT list" verb (debug verbs required)
[2018-09-04 21:48:28.114] ## WARNING: HEY! LISTEN! 0 seconds were wasted processing 1 turf(s) (connected to 2 other turfs) with atmos differences at round start.
[2018-09-04 21:48:28.624] Initialized Atmospherics subsystem within 5.8 seconds!
[2018-09-04 21:48:28.642] Initialized Minimap subsystem within 0 seconds!
[2018-09-04 21:48:30.797] Initialized Assets subsystem within 2.1 seconds!
[2018-09-04 21:48:37.369] Initialized Icon Smoothing subsystem within 6.5 seconds!
[2018-09-04 21:48:39.286] Initialized Overlay subsystem within 1.9 seconds!
[2018-09-04 21:48:39.286] Initialized XKeyScore subsystem within 0 seconds!
[2018-09-04 21:48:39.290] Initialized Sticky Ban subsystem within 0 seconds!
[2018-09-04 21:48:54.206] Initialized Lighting subsystem within 15 seconds!
[2018-09-04 21:48:59.741] Initialized Shuttle subsystem within 5.5 seconds!
[2018-09-04 21:48:59.777] Initialized Squeak subsystem within 0 seconds!
[2018-09-04 21:48:59.779] Initialized Pathfinder subsystem within 0 seconds!
[2018-09-04 21:48:59.832] Loaded 22 engraved messages on map Box Station
[2018-09-04 21:48:59.865] Initialized Persistence subsystem within 0.1 seconds!
[2018-09-04 21:48:59.871] Initializations complete within 101.8 seconds!
[2018-09-04 21:50:34.256] Game start took 6s
[2018-09-04 22:10:30.731] runtime error: Invalid individual logging type: 1536. Defaulting to 4096 (LOG_GAME).
[2018-09-04 22:10:30.731] proc name: stack trace (/datum/proc/stack_trace)
[2018-09-04 22:10:30.731]   source file: unsorted.dm,1164
[2018-09-04 22:10:30.731]   usr: (src)
[2018-09-04 22:10:30.731]   src: Ophelia Beaumont (/mob/living/carbon/human)
[2018-09-04 22:10:30.731]   src.loc: the floor (115,137,2) (/turf/open/floor/plasteel/green/corner)
[2018-09-04 22:10:30.731]   call stack:
[2018-09-04 22:10:30.731] Ophelia Beaumont (/mob/living/carbon/human): stack trace("Invalid individual logging typ...")
[2018-09-04 22:10:30.731] Ophelia Beaumont (/mob/living/carbon/human): log message("(LOCAL): uh...is there a dude ...", 1536, null, 1)
[2018-09-04 22:10:30.731] Ophelia Beaumont (/mob/living/carbon/human): log message("(LOCAL): uh...is there a dude ...", 1536, null, 1)
[2018-09-04 22:10:30.731] BootiusMAXIMUS (/client): LOOC("uh...is there a dude whose usi...")
[2018-09-04 22:10:30.731] 
[2018-09-04 22:20:12.110] runtime error: Cannot read null.player_details
[2018-09-04 22:20:12.110] proc name: Login (/mob/Login)
[2018-09-04 22:20:12.110]   source file: login.dm,48
[2018-09-04 22:20:12.110]   usr: (src)
[2018-09-04 22:20:12.110]   src: Rain Kiefer (/mob/living/carbon/human)
[2018-09-04 22:20:12.110]   src.loc: the cloning pod (/obj/machinery/clonepod)
[2018-09-04 22:20:12.110]   call stack:
[2018-09-04 22:20:12.110] Rain Kiefer (/mob/living/carbon/human): Login()
[2018-09-04 22:20:12.110] Rain Kiefer (/mob/living/carbon/human): Login()
[2018-09-04 22:20:12.110] 
[2018-09-04 22:39:19.785] Saved 22 engraved messages on map Box Station
[2018-09-04 22:40:56.247] Shutting down Persistence subsystem...
[2018-09-04 22:40:56.247] Shutting down Pathfinder subsystem...
[2018-09-04 22:40:56.247] Shutting down Squeak subsystem...
[2018-09-04 22:40:56.247] Shutting down Shuttle subsystem...
[2018-09-04 22:40:56.247] Shutting down Lighting subsystem...
[2018-09-04 22:40:56.248] Shutting down XKeyScore subsystem...
[2018-09-04 22:40:56.248] Shutting down Sticky Ban subsystem...
[2018-09-04 22:40:56.248] Shutting down Overlay subsystem...
[2018-09-04 22:40:56.330] Shutting down Icon Smoothing subsystem...
[2018-09-04 22:40:56.330] Shutting down Assets subsystem...
[2018-09-04 22:40:56.330] Shutting down Minimap subsystem...
[2018-09-04 22:40:56.330] Shutting down Atmospherics subsystem...
[2018-09-04 22:40:56.330] Shutting down Wet floors subsystem...
[2018-09-04 22:40:56.330] Shutting down Weather subsystem...
[2018-09-04 22:40:56.330] Shutting down Vote subsystem...
[2018-09-04 22:40:56.330] Shutting down Traumas subsystem...
[2018-09-04 22:40:56.331] Shutting down Title Screen subsystem...
[2018-09-04 22:40:56.331] Shutting down Time Tracking subsystem...
[2018-09-04 22:40:56.331] Shutting down Throwing subsystem...
[2018-09-04 22:40:56.331] Shutting down tgui subsystem...
[2018-09-04 22:40:56.332] Shutting down Sun subsystem...
[2018-09-04 22:40:56.332] Shutting down Space Drift subsystem...
[2018-09-04 22:40:56.332] Shutting down Religion subsystem...
[2018-09-04 22:40:56.332] Shutting down Radio subsystem...
[2018-09-04 22:40:56.332] Shutting down Radiation subsystem...
[2018-09-04 22:40:56.332] Shutting down Projectiles subsystem...
[2018-09-04 22:40:56.332] Shutting down Processing subsystem...
[2018-09-04 22:40:56.332] Shutting down Ping subsystem...
[2018-09-04 22:40:56.332] Shutting down Parallax subsystem...
[2018-09-04 22:40:56.332] Shutting down pAI subsystem...
[2018-09-04 22:40:56.332] Shutting down Orbits subsystem...
[2018-09-04 22:40:56.332] Shutting down Objects subsystem...
[2018-09-04 22:40:56.332] Shutting down NPC Pool subsystem...
[2018-09-04 22:40:56.332] Shutting down Night Shift subsystem...
[2018-09-04 22:40:56.332] Shutting down Nanites subsystem...
[2018-09-04 22:40:56.332] Shutting down Mood subsystem...
[2018-09-04 22:40:56.332] Shutting down Mobs subsystem...
[2018-09-04 22:40:56.332] Shutting down Medals subsystem...
[2018-09-04 22:40:56.332] Shutting down Idling NPC Pool subsystem...
[2018-09-04 22:40:56.332] Shutting down Fire Burning subsystem...
[2018-09-04 22:40:56.332] Shutting down Fields subsystem...
[2018-09-04 22:40:56.333] Shutting down Fast Processing subsystem...
[2018-09-04 22:40:56.333] Shutting down Disease subsystem...
[2018-09-04 22:40:56.333] Shutting down Datum Component System subsystem...
[2018-09-04 22:40:56.333] Shutting down Communications subsystem...
[2018-09-04 22:40:56.333] Shutting down Augury subsystem...
[2018-09-04 22:40:56.333] Shutting down Acid subsystem...
[2018-09-04 22:40:56.333] Shutting down Timer subsystem...
[2018-09-04 22:40:56.333] Shutting down Circuit subsystem...
[2018-09-04 22:40:56.333] Shutting down Machines subsystem...
[2018-09-04 22:40:56.333] Shutting down Language subsystem...
[2018-09-04 22:40:56.333] Shutting down Atoms subsystem...
[2018-09-04 22:40:56.333] Shutting down Networks subsystem...
[2018-09-04 22:40:56.333] Shutting down Mapping subsystem...
[2018-09-04 22:40:56.333] Shutting down Ticker subsystem...
[2018-09-04 22:40:56.621] Shutting down Quirks subsystem...
[2018-09-04 22:40:56.621] Shutting down Jobs subsystem...
[2018-09-04 22:40:56.622] Shutting down Events subsystem...
[2018-09-04 22:40:56.622] Shutting down Research subsystem...
[2018-09-04 22:40:56.622] Shutting down Input subsystem...
[2018-09-04 22:40:56.622] Shutting down Server Tasks subsystem...
[2018-09-04 22:40:56.622] Shutting down Blackbox subsystem...
[2018-09-04 22:40:56.936] Shutting down Database subsystem...
[2018-09-04 22:40:56.975] Shutting down Garbage subsystem...
[2018-09-04 22:40:57.086] Shutdown complete
[2018-09-04 22:40:57.086] World rebooted at 22:40:57
