[2018-07-25 04:48:00.032] runtime error: bad index
[2018-07-25 04:48:00.032] proc name: Get (/datum/controller/configuration/proc/Get)
[2018-07-25 04:48:00.032]   source file: configuration.dm,178
[2018-07-25 04:48:00.032]   usr: null
[2018-07-25 04:48:00.032]   src: Configuration (/datum/controller/configuration)
[2018-07-25 04:48:00.032]   call stack:
[2018-07-25 04:48:00.032] Configuration (/datum/controller/configuration): Get(/datum/config_entry/flag/log_w... (/datum/config_entry/flag/log_world_topic))
[2018-07-25 04:48:00.032] world: Topic("status", "212.237.9.101", null, null)
[2018-07-25 04:48:00.032] 
[2018-07-25 04:48:00.032] runtime error: bad index
[2018-07-25 04:48:00.032] proc name: Get (/datum/controller/configuration/proc/Get)
[2018-07-25 04:48:00.032]   source file: configuration.dm,178
[2018-07-25 04:48:00.032]   usr: null
[2018-07-25 04:48:00.032]   src: Configuration (/datum/controller/configuration)
[2018-07-25 04:48:00.032]   call stack:
[2018-07-25 04:48:00.032] Configuration (/datum/controller/configuration): Get(/datum/config_entry/string/com... (/datum/config_entry/string/comms_key))
[2018-07-25 04:48:00.032] /datum/world_topic/status (/datum/world_topic/status): TryRun(/list (/list))
[2018-07-25 04:48:00.032] world: Topic("status", "212.237.9.101", null, null)
[2018-07-25 04:48:00.032] 
[2018-07-25 04:48:00.033] runtime error: bad index
[2018-07-25 04:48:00.033] proc name: Get (/datum/controller/configuration/proc/Get)
[2018-07-25 04:48:00.033]   source file: configuration.dm,178
[2018-07-25 04:48:00.033]   usr: null
[2018-07-25 04:48:00.033]   src: Configuration (/datum/controller/configuration)
[2018-07-25 04:48:00.033]   call stack:
[2018-07-25 04:48:00.033] Configuration (/datum/controller/configuration): Get(/datum/config_entry/flag/nores... (/datum/config_entry/flag/norespawn))
[2018-07-25 04:48:00.033] /datum/world_topic/status (/datum/world_topic/status): Run(/list (/list))
[2018-07-25 04:48:00.033] /datum/world_topic/status (/datum/world_topic/status): TryRun(/list (/list))
[2018-07-25 04:48:00.033] world: Topic("status", "212.237.9.101", null, null)
[2018-07-25 04:48:00.033] 
[2018-07-25 04:48:00.034] runtime error: bad index
[2018-07-25 04:48:00.034] proc name: Get (/datum/controller/configuration/proc/Get)
[2018-07-25 04:48:00.034]   source file: configuration.dm,178
[2018-07-25 04:48:00.034]   usr: null
[2018-07-25 04:48:00.034]   src: Configuration (/datum/controller/configuration)
[2018-07-25 04:48:00.034]   call stack:
[2018-07-25 04:48:00.034] Configuration (/datum/controller/configuration): Get(/datum/config_entry/flag/allow... (/datum/config_entry/flag/allow_vote_mode))
[2018-07-25 04:48:00.034] /datum/world_topic/status (/datum/world_topic/status): Run(/list (/list))
[2018-07-25 04:48:00.034] /datum/world_topic/status (/datum/world_topic/status): TryRun(/list (/list))
[2018-07-25 04:48:00.034] world: Topic("status", "212.237.9.101", null, null)
[2018-07-25 04:48:00.034] 
[2018-07-25 04:48:00.034] runtime error: bad index
[2018-07-25 04:48:00.034] proc name: Get (/datum/controller/configuration/proc/Get)
[2018-07-25 04:48:00.034]   source file: configuration.dm,178
[2018-07-25 04:48:00.034]   usr: null
[2018-07-25 04:48:00.034]   src: Configuration (/datum/controller/configuration)
[2018-07-25 04:48:00.034]   call stack:
[2018-07-25 04:48:00.034] Configuration (/datum/controller/configuration): Get(/datum/config_entry/flag/allow... (/datum/config_entry/flag/allow_ai))
[2018-07-25 04:48:00.034] /datum/world_topic/status (/datum/world_topic/status): Run(/list (/list))
[2018-07-25 04:48:00.034] /datum/world_topic/status (/datum/world_topic/status): TryRun(/list (/list))
[2018-07-25 04:48:00.034] world: Topic("status", "212.237.9.101", null, null)
[2018-07-25 04:48:00.034] 
[2018-07-25 04:48:00.035] runtime error: Cannot read null.commit
[2018-07-25 04:48:00.035] proc name: Run (/datum/world_topic/status/Run)
[2018-07-25 04:48:00.035]   source file: world_topic.dm,151
[2018-07-25 04:48:00.035]   usr: null
[2018-07-25 04:48:00.035]   src: /datum/world_topic/status (/datum/world_topic/status)
[2018-07-25 04:48:00.035]   call stack:
[2018-07-25 04:48:00.035] /datum/world_topic/status (/datum/world_topic/status): Run(/list (/list))
[2018-07-25 04:48:00.035] /datum/world_topic/status (/datum/world_topic/status): TryRun(/list (/list))
[2018-07-25 04:48:00.035] world: Topic("status", "212.237.9.101", null, null)
[2018-07-25 04:48:00.035] 
[2018-07-25 04:48:00.035] runtime error: bad index
[2018-07-25 04:48:00.035] proc name: Get (/datum/controller/configuration/proc/Get)
[2018-07-25 04:48:00.035]   source file: configuration.dm,178
[2018-07-25 04:48:00.035]   usr: null
[2018-07-25 04:48:00.035]   src: Configuration (/datum/controller/configuration)
[2018-07-25 04:48:00.035]   call stack:
[2018-07-25 04:48:00.035] Configuration (/datum/controller/configuration): Get(/datum/config_entry/flag/log_w... (/datum/config_entry/flag/log_world_topic))
[2018-07-25 04:48:00.035] world: Topic("status", "212.237.9.101", null, null)
[2018-07-25 04:48:00.035] 
[2018-07-25 04:48:00.036] runtime error: bad index
[2018-07-25 04:48:00.036] proc name: Get (/datum/controller/configuration/proc/Get)
[2018-07-25 04:48:00.036]   source file: configuration.dm,178
[2018-07-25 04:48:00.036]   usr: null
[2018-07-25 04:48:00.036]   src: Configuration (/datum/controller/configuration)
[2018-07-25 04:48:00.036]   call stack:
[2018-07-25 04:48:00.036] Configuration (/datum/controller/configuration): Get(/datum/config_entry/string/com... (/datum/config_entry/string/comms_key))
[2018-07-25 04:48:00.036] /datum/world_topic/status (/datum/world_topic/status): TryRun(/list (/list))
[2018-07-25 04:48:00.036] world: Topic("status", "212.237.9.101", null, null)
[2018-07-25 04:48:00.036] 
[2018-07-25 04:48:00.036] runtime error: bad index
[2018-07-25 04:48:00.036] proc name: Get (/datum/controller/configuration/proc/Get)
[2018-07-25 04:48:00.036]   source file: configuration.dm,178
[2018-07-25 04:48:00.036]   usr: null
[2018-07-25 04:48:00.036]   src: Configuration (/datum/controller/configuration)
[2018-07-25 04:48:00.036]   call stack:
[2018-07-25 04:48:00.036] Configuration (/datum/controller/configuration): Get(/datum/config_entry/flag/nores... (/datum/config_entry/flag/norespawn))
[2018-07-25 04:48:00.036] /datum/world_topic/status (/datum/world_topic/status): Run(/list (/list))
[2018-07-25 04:48:00.036] /datum/world_topic/status (/datum/world_topic/status): TryRun(/list (/list))
[2018-07-25 04:48:00.036] world: Topic("status", "212.237.9.101", null, null)
[2018-07-25 04:48:00.036] 
[2018-07-25 04:48:00.037] runtime error: bad index
[2018-07-25 04:48:00.037] proc name: Get (/datum/controller/configuration/proc/Get)
[2018-07-25 04:48:00.037]   source file: configuration.dm,178
[2018-07-25 04:48:00.037]   usr: null
[2018-07-25 04:48:00.037]   src: Configuration (/datum/controller/configuration)
[2018-07-25 04:48:00.037]   call stack:
[2018-07-25 04:48:00.037] Configuration (/datum/controller/configuration): Get(/datum/config_entry/flag/allow... (/datum/config_entry/flag/allow_vote_mode))
[2018-07-25 04:48:00.037] /datum/world_topic/status (/datum/world_topic/status): Run(/list (/list))
[2018-07-25 04:48:00.037] /datum/world_topic/status (/datum/world_topic/status): TryRun(/list (/list))
[2018-07-25 04:48:00.037] world: Topic("status", "212.237.9.101", null, null)
[2018-07-25 04:48:00.037] 
[2018-07-25 04:48:00.037] runtime error: bad index
[2018-07-25 04:48:00.037] proc name: Get (/datum/controller/configuration/proc/Get)
[2018-07-25 04:48:00.037]   source file: configuration.dm,178
[2018-07-25 04:48:00.037] 
[2018-07-25 04:48:00.037] runtime error: Cannot read null.commit
[2018-07-25 04:48:00.037] proc name: Run (/datum/world_topic/status/Run)
[2018-07-25 04:48:00.037]   source file: world_topic.dm,151
[2018-07-25 04:48:00.037] 
[2018-07-25 04:48:00.038] runtime error: bad index
[2018-07-25 04:48:00.038] proc name: Get (/datum/controller/configuration/proc/Get)
[2018-07-25 04:48:00.038]   source file: configuration.dm,178
[2018-07-25 04:48:00.038] 
[2018-07-25 04:48:00.038] runtime error: bad index
[2018-07-25 04:48:00.038] proc name: Get (/datum/controller/configuration/proc/Get)
[2018-07-25 04:48:00.038]   source file: configuration.dm,178
[2018-07-25 04:48:00.038] 
[2018-07-25 04:48:00.038] runtime error: bad index
[2018-07-25 04:48:00.038] proc name: Get (/datum/controller/configuration/proc/Get)
[2018-07-25 04:48:00.038]   source file: configuration.dm,178
[2018-07-25 04:48:00.038] 
[2018-07-25 04:48:00.038] runtime error: bad index
[2018-07-25 04:48:00.038] proc name: Get (/datum/controller/configuration/proc/Get)
[2018-07-25 04:48:00.038]   source file: configuration.dm,178
[2018-07-25 04:48:00.038] 
[2018-07-25 04:48:00.039] runtime error: bad index
[2018-07-25 04:48:00.039] proc name: Get (/datum/controller/configuration/proc/Get)
[2018-07-25 04:48:00.039]   source file: configuration.dm,178
[2018-07-25 04:48:00.039] 
[2018-07-25 04:48:00.039] runtime error: Cannot read null.commit
[2018-07-25 04:48:00.039] proc name: Run (/datum/world_topic/status/Run)
[2018-07-25 04:48:00.039]   source file: world_topic.dm,151
[2018-07-25 04:48:00.039] 
[2018-07-25 04:48:00.039] runtime error: bad index
[2018-07-25 04:48:00.039] proc name: Get (/datum/controller/configuration/proc/Get)
[2018-07-25 04:48:00.039]   source file: configuration.dm,178
[2018-07-25 04:48:00.039] 
[2018-07-25 04:48:00.039] runtime error: bad index
[2018-07-25 04:48:00.039] proc name: Get (/datum/controller/configuration/proc/Get)
[2018-07-25 04:48:00.039]   source file: configuration.dm,178
[2018-07-25 04:48:00.039] 
[2018-07-25 04:48:00.040] runtime error: bad index
[2018-07-25 04:48:00.040] proc name: Get (/datum/controller/configuration/proc/Get)
[2018-07-25 04:48:00.040]   source file: configuration.dm,178
[2018-07-25 04:48:00.040] 
[2018-07-25 04:48:00.040] runtime error: bad index
[2018-07-25 04:48:00.040] proc name: Get (/datum/controller/configuration/proc/Get)
[2018-07-25 04:48:00.040]   source file: configuration.dm,178
[2018-07-25 04:48:00.040] 
[2018-07-25 04:48:00.040] runtime error: bad index
[2018-07-25 04:48:00.040] proc name: Get (/datum/controller/configuration/proc/Get)
[2018-07-25 04:48:00.040]   source file: configuration.dm,178
[2018-07-25 04:48:00.040] 
[2018-07-25 04:48:00.041] runtime error: Cannot read null.commit
[2018-07-25 04:48:00.041] proc name: Run (/datum/world_topic/status/Run)
[2018-07-25 04:48:00.041]   source file: world_topic.dm,151
[2018-07-25 04:48:00.041] 
[2018-07-25 04:48:00.041] runtime error: bad index
[2018-07-25 04:48:00.041] proc name: Get (/datum/controller/configuration/proc/Get)
[2018-07-25 04:48:00.041]   source file: configuration.dm,178
[2018-07-25 04:48:00.041] 
[2018-07-25 04:48:00.041] runtime error: bad index
[2018-07-25 04:48:00.041] proc name: Get (/datum/controller/configuration/proc/Get)
[2018-07-25 04:48:00.041]   source file: configuration.dm,178
[2018-07-25 04:48:00.041] 
[2018-07-25 04:48:00.041] runtime error: bad index
[2018-07-25 04:48:00.041] proc name: Get (/datum/controller/configuration/proc/Get)
[2018-07-25 04:48:00.041]   source file: configuration.dm,178
[2018-07-25 04:48:00.041] 
[2018-07-25 04:48:00.042] runtime error: bad index
[2018-07-25 04:48:00.042] proc name: Get (/datum/controller/configuration/proc/Get)
[2018-07-25 04:48:00.042]   source file: configuration.dm,178
[2018-07-25 04:48:00.042] 
[2018-07-25 04:48:00.042] runtime error: bad index
[2018-07-25 04:48:00.042] proc name: Get (/datum/controller/configuration/proc/Get)
[2018-07-25 04:48:00.042]   source file: configuration.dm,178
[2018-07-25 04:48:00.042] 
[2018-07-25 04:48:00.042] runtime error: Cannot read null.commit
[2018-07-25 04:48:00.042] proc name: Run (/datum/world_topic/status/Run)
[2018-07-25 04:48:00.042]   source file: world_topic.dm,151
[2018-07-25 04:48:00.042] 
[2018-07-25 04:48:00.043] runtime error: bad index
[2018-07-25 04:48:00.043] proc name: Get (/datum/controller/configuration/proc/Get)
[2018-07-25 04:48:00.043]   source file: configuration.dm,178
[2018-07-25 04:48:00.043] 
[2018-07-25 04:48:00.043] runtime error: bad index
[2018-07-25 04:48:00.043] proc name: Get (/datum/controller/configuration/proc/Get)
[2018-07-25 04:48:00.043]   source file: configuration.dm,178
[2018-07-25 04:48:00.043] 
[2018-07-25 04:48:00.043] runtime error: bad index
[2018-07-25 04:48:00.043] proc name: Get (/datum/controller/configuration/proc/Get)
[2018-07-25 04:48:00.043]   source file: configuration.dm,178
[2018-07-25 04:48:00.043] 
[2018-07-25 04:48:00.043] runtime error: bad index
[2018-07-25 04:48:00.043] proc name: Get (/datum/controller/configuration/proc/Get)
[2018-07-25 04:48:00.043]   source file: configuration.dm,178
[2018-07-25 04:48:00.043] 
[2018-07-25 04:48:00.043] runtime error: bad index
[2018-07-25 04:48:00.043] proc name: Get (/datum/controller/configuration/proc/Get)
[2018-07-25 04:48:00.043]   source file: configuration.dm,178
[2018-07-25 04:48:00.043] 
[2018-07-25 04:48:00.044] runtime error: Cannot read null.commit
[2018-07-25 04:48:00.044] proc name: Run (/datum/world_topic/status/Run)
[2018-07-25 04:48:00.044]   source file: world_topic.dm,151
[2018-07-25 04:48:00.044] 
[2018-07-25 04:48:00.044] runtime error: bad index
[2018-07-25 04:48:00.044] proc name: Get (/datum/controller/configuration/proc/Get)
[2018-07-25 04:48:00.044]   source file: configuration.dm,178
[2018-07-25 04:48:00.044] 
[2018-07-25 04:48:00.044] runtime error: bad index
[2018-07-25 04:48:00.044] proc name: Get (/datum/controller/configuration/proc/Get)
[2018-07-25 04:48:00.044]   source file: configuration.dm,178
[2018-07-25 04:48:00.044] 
[2018-07-25 04:48:00.044] runtime error: bad index
[2018-07-25 04:48:00.044] proc name: Get (/datum/controller/configuration/proc/Get)
[2018-07-25 04:48:00.044]   source file: configuration.dm,178
[2018-07-25 04:48:00.044] 
[2018-07-25 04:48:00.045] runtime error: bad index
[2018-07-25 04:48:00.045] proc name: Get (/datum/controller/configuration/proc/Get)
[2018-07-25 04:48:00.045]   source file: configuration.dm,178
[2018-07-25 04:48:00.045] 
[2018-07-25 04:48:00.045] runtime error: bad index
[2018-07-25 04:48:00.045] proc name: Get (/datum/controller/configuration/proc/Get)
[2018-07-25 04:48:00.045]   source file: configuration.dm,178
[2018-07-25 04:48:00.045] 
[2018-07-25 04:48:00.045] runtime error: Cannot read null.commit
[2018-07-25 04:48:00.045] proc name: Run (/datum/world_topic/status/Run)
[2018-07-25 04:48:00.045]   source file: world_topic.dm,151
[2018-07-25 04:48:00.045] 
[2018-07-25 04:48:00.045] runtime error: bad index
[2018-07-25 04:48:00.045] proc name: Get (/datum/controller/configuration/proc/Get)
[2018-07-25 04:48:00.045]   source file: configuration.dm,178
[2018-07-25 04:48:00.045] 
[2018-07-25 04:48:00.045] runtime error: bad index
[2018-07-25 04:48:00.045] proc name: Get (/datum/controller/configuration/proc/Get)
[2018-07-25 04:48:00.046]   source file: configuration.dm,178
[2018-07-25 04:48:00.046] 
[2018-07-25 04:48:00.046] runtime error: bad index
[2018-07-25 04:48:00.046] proc name: Get (/datum/controller/configuration/proc/Get)
[2018-07-25 04:48:00.046]   source file: configuration.dm,178
[2018-07-25 04:48:00.046] 
[2018-07-25 04:48:00.046] runtime error: bad index
[2018-07-25 04:48:00.046] proc name: Get (/datum/controller/configuration/proc/Get)
[2018-07-25 04:48:00.046]   source file: configuration.dm,178
[2018-07-25 04:48:00.046] 
[2018-07-25 04:48:00.046] runtime error: bad index
[2018-07-25 04:48:00.046] proc name: Get (/datum/controller/configuration/proc/Get)
[2018-07-25 04:48:00.046]   source file: configuration.dm,178
[2018-07-25 04:48:00.046] 
[2018-07-25 04:48:00.046] runtime error: Cannot read null.commit
[2018-07-25 04:48:00.046] proc name: Run (/datum/world_topic/status/Run)
[2018-07-25 04:48:00.046]   source file: world_topic.dm,151
[2018-07-25 04:48:00.046] 
[2018-07-25 04:48:00.115] Running /tg/ revision:
[2018-07-25 04:48:00.115] e37a055cd0cdc509812833ddeea4f2e1885abca6: 2018-07-24
[2018-07-25 04:48:00.116] runtime error: list index out of bounds
[2018-07-25 04:48:00.116] proc name: New (/datum/getrev/New)
[2018-07-25 04:48:00.116]   source file: getrev.dm,23
[2018-07-25 04:48:00.116] 
[2018-07-25 04:48:00.122] Loading config file config.txt...
[2018-07-25 04:48:00.124] Loading config file game_options.txt...
[2018-07-25 04:48:00.125] Unknown setting in configuration: 'w##'
[2018-07-25 04:48:00.127] Failed to validate setting "DOUBLE_AGENTS 20" for min_pop
[2018-07-25 04:48:00.127] Failed to validate setting "DOUBLE_AGENTS -1" for max_pop
[2018-07-25 04:48:00.131] Loading config file dbconfig.txt...
[2018-07-25 04:48:00.131] Loading config file comms.txt...
[2018-07-25 04:48:00.135] Loading config file maps.txt...
[2018-07-25 04:48:00.292] Database connection established.
[2018-07-25 04:48:00.324] SQL: Could not get schema version from database
