[2018-07-08 04:10:26.066] Starting up round ID 1459.
[2018-07-08 04:10:26.066] -------------------------
[2018-07-08 04:10:29.049] Initialized Database subsystem within 0 seconds!
[2018-07-08 04:10:29.050] Initialized Blackbox subsystem within 0 seconds!
[2018-07-08 04:10:29.050] Initialized Server Tasks subsystem within 0 seconds!
[2018-07-08 04:10:29.051] Initialized Input subsystem within 0 seconds!
[2018-07-08 04:10:29.087] Initialized Research subsystem within 0 seconds!
[2018-07-08 04:10:29.092] Initialized Events subsystem within 0 seconds!
[2018-07-08 04:10:29.096] Initialized Jobs subsystem within 0 seconds!
[2018-07-08 04:10:29.097] Initialized Quirks subsystem within 0 seconds!
[2018-07-08 04:10:29.104] Initialized Ticker subsystem within 0.1 seconds!
[2018-07-08 04:10:29.104] Loading Box Station...
[2018-07-08 04:10:34.320] Loaded Station in 5.2s!
[2018-07-08 04:10:40.915] Loaded Lavaland in 6.1s!
[2018-07-08 04:10:46.192] Ruin loader finished with 0 left to spend.
[2018-07-08 04:10:47.512] Ruin loader finished with 0 left to spend.
[2018-07-08 04:10:57.387] Initialized Mapping subsystem within 28.2 seconds!
[2018-07-08 04:10:57.389] Initialized Networks subsystem within 0 seconds!
[2018-07-08 04:11:36.198] Initialized Atoms subsystem within 38.8 seconds!
[2018-07-08 04:11:36.216] Initialized Language subsystem within 0 seconds!
[2018-07-08 04:11:36.550] Initialized Machines subsystem within 0.3 seconds!
[2018-07-08 04:11:36.612] Initialized Circuit subsystem within 0.1 seconds!
[2018-07-08 04:11:36.614] Initialized Disease subsystem within 0 seconds!
[2018-07-08 04:11:36.614] Initialized Medals subsystem within 0 seconds!
[2018-07-08 04:11:36.614] Initialized Night Shift subsystem within 0 seconds!
[2018-07-08 04:11:36.615] Initialized Parallax subsystem within 0 seconds!
[2018-07-08 04:11:36.742] Initialized Traumas subsystem within 0.1 seconds!
[2018-07-08 04:11:36.744] Initialized Weather subsystem within 0 seconds!
[2018-07-08 04:12:56.295] Initialized Atmospherics subsystem within 79.5 seconds!
[2018-07-08 04:12:56.312] Initialized Minimap subsystem within 0.1 seconds!
[2018-07-08 04:12:58.316] Initialized Assets subsystem within 2 seconds!
[2018-07-08 04:13:04.608] Initialized Icon Smoothing subsystem within 6.3 seconds!
[2018-07-08 04:13:05.844] Initialized Overlay subsystem within 1.2 seconds!
[2018-07-08 04:13:05.845] Initialized XKeyScore subsystem within 0 seconds!
[2018-07-08 04:13:05.851] Initialized Sticky Ban subsystem within 0 seconds!
[2018-07-08 04:13:15.911] Initialized Lighting subsystem within 10.1 seconds!
[2018-07-08 04:13:19.876] Initialized Shuttle subsystem within 3.9 seconds!
[2018-07-08 04:13:19.909] Initialized Squeak subsystem within 0.1 seconds!
[2018-07-08 04:13:19.911] Initialized Pathfinder subsystem within 0 seconds!
[2018-07-08 04:13:19.962] Loaded 6 engraved messages on map Box Station
[2018-07-08 04:13:19.985] Initialized Persistence subsystem within 0 seconds!
[2018-07-08 04:13:19.986] Initializations complete within 170.9 seconds!
[2018-07-08 04:14:30.464] Game start took 1s
[2018-07-08 04:37:54.054] runtime error: addtimer called with a callback assigned to a qdeleted object. In the future such timers will not be supported and may refuse to run or run with a 0 wait
[2018-07-08 04:37:54.054] proc name: stack trace (/proc/stack_trace)
[2018-07-08 04:37:54.054]   source file: unsorted.dm,1240
[2018-07-08 04:37:54.054] 
[2018-07-08 04:37:54.054] runtime error: Cannot read null.species
[2018-07-08 04:37:54.054] proc name: death (/mob/living/carbon/human/death)
[2018-07-08 04:37:54.054]   source file: death.dm,37
[2018-07-08 04:37:54.054] 
[2018-07-08 04:37:54.054] runtime error: Cannot read null.species
[2018-07-08 04:37:54.054] proc name: handle environment (/mob/living/carbon/human/handle_environment)
[2018-07-08 04:37:54.054]   source file: life.dm,112
[2018-07-08 04:37:54.054] 
[2018-07-08 04:37:54.055] runtime error: Cannot read null.species
[2018-07-08 04:37:54.055] proc name: mob negates gravity (/mob/living/carbon/human/mob_negates_gravity)
[2018-07-08 04:37:54.055]   source file: human_movement.dm,35
[2018-07-08 04:37:54.055] 
[2018-07-08 04:37:54.055] runtime error: Cannot read null.species
[2018-07-08 04:37:54.055] proc name: Life (/mob/living/carbon/human/Life)
[2018-07-08 04:37:54.055]   source file: life.dm,40
[2018-07-08 04:37:54.055] 
[2018-07-08 04:40:13.787] runtime error: Ghostize was called on a virtual reality mob
[2018-07-08 04:40:13.787] proc name: stack trace (/datum/proc/stack_trace)
[2018-07-08 04:40:13.787]   source file: unsorted.dm,1243
[2018-07-08 04:40:13.787] 
[2018-07-08 04:47:09.784] runtime error: addtimer called with a callback assigned to a qdeleted object. In the future such timers will not be supported and may refuse to run or run with a 0 wait
[2018-07-08 04:47:09.784] proc name: stack trace (/proc/stack_trace)
[2018-07-08 04:47:09.784]   source file: unsorted.dm,1240
[2018-07-08 04:47:09.784] 
[2018-07-08 04:49:05.999] runtime error: addtimer called with a callback assigned to a qdeleted object. In the future such timers will not be supported and may refuse to run or run with a 0 wait
[2018-07-08 04:49:06.000] proc name: stack trace (/proc/stack_trace)
[2018-07-08 04:49:06.000]   source file: unsorted.dm,1240
[2018-07-08 04:49:06.000] 
[2018-07-08 04:49:06.000] runtime error: Cannot read null.species
[2018-07-08 04:49:06.000] proc name: death (/mob/living/carbon/human/death)
[2018-07-08 04:49:06.000]   source file: death.dm,37
[2018-07-08 04:49:06.000] 
[2018-07-08 04:49:06.001] runtime error: Cannot read null.species
[2018-07-08 04:49:06.001] proc name: update hair (/mob/living/carbon/human/update_hair)
[2018-07-08 04:49:06.001]   source file: update_icons.dm,53
[2018-07-08 04:49:06.001] 
[2018-07-08 04:49:26.779] runtime error: addtimer called with a callback assigned to a qdeleted object. In the future such timers will not be supported and may refuse to run or run with a 0 wait
[2018-07-08 04:49:26.779] proc name: stack trace (/proc/stack_trace)
[2018-07-08 04:49:26.779]   source file: unsorted.dm,1240
[2018-07-08 04:49:26.779] 
[2018-07-08 04:49:26.780] runtime error: Cannot read null.species
[2018-07-08 04:49:26.780] proc name: death (/mob/living/carbon/human/death)
[2018-07-08 04:49:26.780]   source file: death.dm,37
[2018-07-08 04:49:26.780] 
[2018-07-08 04:49:29.521] runtime error: addtimer called with a callback assigned to a qdeleted object. In the future such timers will not be supported and may refuse to run or run with a 0 wait
[2018-07-08 04:49:29.521] proc name: stack trace (/proc/stack_trace)
[2018-07-08 04:49:29.521]   source file: unsorted.dm,1240
[2018-07-08 04:49:29.521] 
[2018-07-08 04:49:30.056] runtime error: addtimer called with a callback assigned to a qdeleted object. In the future such timers will not be supported and may refuse to run or run with a 0 wait
[2018-07-08 04:49:30.056] proc name: stack trace (/proc/stack_trace)
[2018-07-08 04:49:30.056]   source file: unsorted.dm,1240
[2018-07-08 04:49:30.056] 
[2018-07-08 04:49:34.418] runtime error: The match taking damage after deletion
[2018-07-08 04:49:34.419] proc name: stack trace (/datum/proc/stack_trace)
[2018-07-08 04:49:34.419]   source file: unsorted.dm,1243
[2018-07-08 04:49:34.419] 
[2018-07-08 04:49:34.419] runtime error: The match taking damage after deletion
[2018-07-08 04:49:34.419] proc name: stack trace (/datum/proc/stack_trace)
[2018-07-08 04:49:34.419]   source file: unsorted.dm,1243
[2018-07-08 04:49:34.419] 
[2018-07-08 04:49:34.420] runtime error: The match taking damage after deletion
[2018-07-08 04:49:34.420] proc name: stack trace (/datum/proc/stack_trace)
[2018-07-08 04:49:34.420]   source file: unsorted.dm,1243
[2018-07-08 04:49:34.420] 
[2018-07-08 04:49:34.420] runtime error: The match taking damage after deletion
[2018-07-08 04:49:34.420] proc name: stack trace (/datum/proc/stack_trace)
[2018-07-08 04:49:34.420]   source file: unsorted.dm,1243
[2018-07-08 04:49:34.420] 
[2018-07-08 04:49:34.420] runtime error: The match taking damage after deletion
[2018-07-08 04:49:34.420] proc name: stack trace (/datum/proc/stack_trace)
[2018-07-08 04:49:34.420]   source file: unsorted.dm,1243
[2018-07-08 04:49:34.421] 
[2018-07-08 04:49:46.754] Saved 6 engraved messages on map Box Station
[2018-07-08 04:49:47.564] runtime error: addtimer called with a callback assigned to a qdeleted object. In the future such timers will not be supported and may refuse to run or run with a 0 wait
[2018-07-08 04:49:47.564] proc name: stack trace (/proc/stack_trace)
[2018-07-08 04:49:47.564]   source file: unsorted.dm,1240
[2018-07-08 04:49:47.564] 
[2018-07-08 04:49:48.564] runtime error: addtimer called with a callback assigned to a qdeleted object. In the future such timers will not be supported and may refuse to run or run with a 0 wait
[2018-07-08 04:49:48.564] proc name: stack trace (/proc/stack_trace)
[2018-07-08 04:49:48.564]   source file: unsorted.dm,1240
[2018-07-08 04:49:48.564] 
[2018-07-08 04:49:56.332] runtime error: addtimer called with a callback assigned to a qdeleted object. In the future such timers will not be supported and may refuse to run or run with a 0 wait
[2018-07-08 04:49:56.332] proc name: stack trace (/proc/stack_trace)
[2018-07-08 04:49:56.332]   source file: unsorted.dm,1240
[2018-07-08 04:49:56.332] 
[2018-07-08 04:49:56.831] runtime error: addtimer called with a callback assigned to a qdeleted object. In the future such timers will not be supported and may refuse to run or run with a 0 wait
[2018-07-08 04:49:56.831] proc name: stack trace (/proc/stack_trace)
[2018-07-08 04:49:56.831]   source file: unsorted.dm,1240
[2018-07-08 04:49:56.831] 
[2018-07-08 04:49:57.331] runtime error: addtimer called with a callback assigned to a qdeleted object. In the future such timers will not be supported and may refuse to run or run with a 0 wait
[2018-07-08 04:49:57.331] proc name: stack trace (/proc/stack_trace)
[2018-07-08 04:49:57.331]   source file: unsorted.dm,1240
[2018-07-08 04:49:57.331] 
[2018-07-08 04:49:57.331] runtime error: addtimer called with a callback assigned to a qdeleted object. In the future such timers will not be supported and may refuse to run or run with a 0 wait
[2018-07-08 04:49:57.331] proc name: stack trace (/proc/stack_trace)
[2018-07-08 04:49:57.331]   source file: unsorted.dm,1240
[2018-07-08 04:49:57.331] 
[2018-07-08 04:49:57.332] runtime error: addtimer called with a callback assigned to a qdeleted object. In the future such timers will not be supported and may refuse to run or run with a 0 wait
[2018-07-08 04:49:57.332] proc name: stack trace (/proc/stack_trace)
[2018-07-08 04:49:57.332]   source file: unsorted.dm,1240
[2018-07-08 04:49:57.332] 
[2018-07-08 04:50:01.070] runtime error: The flashbang taking damage after deletion
[2018-07-08 04:50:01.070] proc name: stack trace (/datum/proc/stack_trace)
[2018-07-08 04:50:01.070]   source file: unsorted.dm,1243
[2018-07-08 04:50:01.070] 
[2018-07-08 04:50:01.074] runtime error: The krav maga gloves taking damage after deletion
[2018-07-08 04:50:01.074] proc name: stack trace (/datum/proc/stack_trace)
[2018-07-08 04:50:01.074]   source file: unsorted.dm,1243
[2018-07-08 04:50:01.074] 
[2018-07-08 04:50:01.076] runtime error: The zipties taking damage after deletion
[2018-07-08 04:50:01.076] proc name: stack trace (/datum/proc/stack_trace)
[2018-07-08 04:50:01.076]   source file: unsorted.dm,1243
[2018-07-08 04:50:01.076] 
[2018-07-08 04:50:01.076] runtime error: The handcuffs taking damage after deletion
[2018-07-08 04:50:01.076] proc name: stack trace (/datum/proc/stack_trace)
[2018-07-08 04:50:01.076]   source file: unsorted.dm,1243
[2018-07-08 04:50:01.076] 
[2018-07-08 04:50:01.076] runtime error: The flashbang taking damage after deletion
[2018-07-08 04:50:01.076] proc name: stack trace (/datum/proc/stack_trace)
[2018-07-08 04:50:01.076]   source file: unsorted.dm,1243
[2018-07-08 04:50:01.076] 
[2018-07-08 04:50:01.077] runtime error: The flash taking damage after deletion
[2018-07-08 04:50:01.077] proc name: stack trace (/datum/proc/stack_trace)
[2018-07-08 04:50:01.077]   source file: unsorted.dm,1243
[2018-07-08 04:50:01.077] 
[2018-07-08 04:50:05.953] runtime error: The rubber shot taking damage after deletion
[2018-07-08 04:50:05.954] proc name: stack trace (/datum/proc/stack_trace)
[2018-07-08 04:50:05.954]   source file: unsorted.dm,1243
[2018-07-08 04:50:05.954] 
[2018-07-08 04:50:05.956] runtime error: The rubber shot taking damage after deletion
[2018-07-08 04:50:05.956] proc name: stack trace (/datum/proc/stack_trace)
[2018-07-08 04:50:05.956]   source file: unsorted.dm,1243
[2018-07-08 04:50:05.956] 
[2018-07-08 04:50:05.956] runtime error: The rubber shot taking damage after deletion
[2018-07-08 04:50:05.956] proc name: stack trace (/datum/proc/stack_trace)
[2018-07-08 04:50:05.956]   source file: unsorted.dm,1243
[2018-07-08 04:50:05.956] 
[2018-07-08 04:50:15.613] runtime error: Cannot execute null.start().
[2018-07-08 04:50:15.613] proc name: take damage (/obj/machinery/porta_turret/take_damage)
[2018-07-08 04:50:15.613]   source file: portable_turret.dm,328
[2018-07-08 04:50:15.613] 
[2018-07-08 04:50:16.675] runtime error: addtimer called with a callback assigned to a qdeleted object. In the future such timers will not be supported and may refuse to run or run with a 0 wait
[2018-07-08 04:50:16.675] proc name: stack trace (/proc/stack_trace)
[2018-07-08 04:50:16.675]   source file: unsorted.dm,1240
[2018-07-08 04:50:16.675] 
[2018-07-08 04:50:16.676] runtime error: addtimer called with a callback assigned to a qdeleted object. In the future such timers will not be supported and may refuse to run or run with a 0 wait
[2018-07-08 04:50:16.676] proc name: stack trace (/proc/stack_trace)
[2018-07-08 04:50:16.676]   source file: unsorted.dm,1240
[2018-07-08 04:50:16.676] 
[2018-07-08 04:50:17.175] runtime error: addtimer called with a callback assigned to a qdeleted object. In the future such timers will not be supported and may refuse to run or run with a 0 wait
[2018-07-08 04:50:17.175] proc name: stack trace (/proc/stack_trace)
[2018-07-08 04:50:17.175]   source file: unsorted.dm,1240
[2018-07-08 04:50:17.175] 
[2018-07-08 04:50:17.175] runtime error: addtimer called with a callback assigned to a qdeleted object. In the future such timers will not be supported and may refuse to run or run with a 0 wait
[2018-07-08 04:50:17.175] proc name: stack trace (/proc/stack_trace)
[2018-07-08 04:50:17.175]   source file: unsorted.dm,1240
[2018-07-08 04:50:17.175] 
[2018-07-08 04:50:17.176] runtime error: addtimer called with a callback assigned to a qdeleted object. In the future such timers will not be supported and may refuse to run or run with a 0 wait
[2018-07-08 04:50:17.176] proc name: stack trace (/proc/stack_trace)
[2018-07-08 04:50:17.176]   source file: unsorted.dm,1240
[2018-07-08 04:50:17.176] 
[2018-07-08 04:50:23.492] runtime error: The security HUDSunglasses taking damage after deletion
[2018-07-08 04:50:23.492] proc name: stack trace (/datum/proc/stack_trace)
[2018-07-08 04:50:23.492]   source file: unsorted.dm,1243
[2018-07-08 04:50:23.492] 
[2018-07-08 04:50:23.493] runtime error: The cargo bay guard armband taking damage after deletion
[2018-07-08 04:50:23.493] proc name: stack trace (/datum/proc/stack_trace)
[2018-07-08 04:50:23.493]   source file: unsorted.dm,1243
[2018-07-08 04:50:23.493] 
[2018-07-08 04:50:31.963] runtime error: addtimer called with a callback assigned to a qdeleted object. In the future such timers will not be supported and may refuse to run or run with a 0 wait
[2018-07-08 04:50:31.963] proc name: stack trace (/proc/stack_trace)
[2018-07-08 04:50:31.963]   source file: unsorted.dm,1240
[2018-07-08 04:50:31.963] 
[2018-07-08 04:50:31.965] runtime error: The empty sandbag taking damage after deletion
[2018-07-08 04:50:31.965] proc name: stack trace (/datum/proc/stack_trace)
[2018-07-08 04:50:31.965]   source file: unsorted.dm,1243
[2018-07-08 04:50:31.965] 
[2018-07-08 04:50:31.966] runtime error: The plant bag taking damage after deletion
[2018-07-08 04:50:31.966] proc name: stack trace (/datum/proc/stack_trace)
[2018-07-08 04:50:31.966]   source file: unsorted.dm,1243
[2018-07-08 04:50:31.966] 
[2018-07-08 04:50:31.968] runtime error: Cannot read null.charge
[2018-07-08 04:50:31.968] proc name: can shoot (/obj/item/gun/energy/can_shoot)
[2018-07-08 04:50:31.968]   source file: energy.dm,82
[2018-07-08 04:50:31.968] 
[2018-07-08 04:50:31.968] runtime error: The bluespace shelter capsule taking damage after deletion
[2018-07-08 04:50:31.968] proc name: stack trace (/datum/proc/stack_trace)
[2018-07-08 04:50:31.968]   source file: unsorted.dm,1243
[2018-07-08 04:50:31.968] 
[2018-07-08 04:50:31.969] runtime error: Landing Field Designator taking damage after deletion
[2018-07-08 04:50:31.969] Warning: further proc crash messages are being suppressed to prevent overload...
[2018-07-08 04:50:31.969] 
[2018-07-08 04:50:31.969] runtime error: The empty sandbag taking damage after deletion
[2018-07-08 04:50:31.969] 
[2018-07-08 04:50:31.969] runtime error: The empty sandbag taking damage after deletion
[2018-07-08 04:50:31.969] 
[2018-07-08 04:50:31.969] runtime error: The empty sandbag taking damage after deletion
[2018-07-08 04:50:31.969] 
[2018-07-08 04:50:31.969] runtime error: The empty sandbag taking damage after deletion
[2018-07-08 04:50:31.970] 
[2018-07-08 04:50:32.489] runtime error: addtimer called with a callback assigned to a qdeleted object. In the future such timers will not be supported and may refuse to run or run with a 0 wait
[2018-07-08 04:50:32.489] 
[2018-07-08 04:50:34.073] runtime error: The match taking damage after deletion
[2018-07-08 04:50:34.073] 
[2018-07-08 04:50:34.923] runtime error: The pocket fire extinguisher taking damage after deletion
[2018-07-08 04:50:34.923] 
[2018-07-08 04:50:34.923] runtime error: The flare taking damage after deletion
[2018-07-08 04:50:34.923] 
[2018-07-08 04:50:34.923] runtime error: The station bounced radio taking damage after deletion
[2018-07-08 04:50:34.923] 
[2018-07-08 04:50:52.142] runtime error: The flare taking damage after deletion
[2018-07-08 04:50:52.142] 
[2018-07-08 04:50:52.142] runtime error: The station bounced radio taking damage after deletion
[2018-07-08 04:50:52.142] 
[2018-07-08 04:50:53.756] runtime error: addtimer called with a callback assigned to a qdeleted object. In the future such timers will not be supported and may refuse to run or run with a 0 wait
[2018-07-08 04:50:53.756] 
[2018-07-08 04:50:53.756] runtime error: addtimer called with a callback assigned to a qdeleted object. In the future such timers will not be supported and may refuse to run or run with a 0 wait
[2018-07-08 04:50:53.756] 
[2018-07-08 04:50:59.006] runtime error: addtimer called with a callback assigned to a qdeleted object. In the future such timers will not be supported and may refuse to run or run with a 0 wait
[2018-07-08 04:50:59.006] 
[2018-07-08 04:50:59.007] runtime error: addtimer called with a callback assigned to a qdeleted object. In the future such timers will not be supported and may refuse to run or run with a 0 wait
[2018-07-08 04:50:59.007] 
[2018-07-08 04:51:13.097] runtime error: The welding tool taking damage after deletion
[2018-07-08 04:51:13.097] 
[2018-07-08 04:51:13.097] runtime error: The pocket crowbar taking damage after deletion
[2018-07-08 04:51:13.097] 
[2018-07-08 04:51:19.764] runtime error: addtimer called with a callback assigned to a qdeleted object. In the future such timers will not be supported and may refuse to run or run with a 0 wait
[2018-07-08 04:51:19.764] 
[2018-07-08 04:51:22.327] runtime error: No valid destination passed into forceMove
[2018-07-08 04:51:22.327] 
[2018-07-08 04:51:22.327] runtime error: No valid destination passed into forceMove
[2018-07-08 04:51:22.328] 
[2018-07-08 04:51:22.328] runtime error: No valid destination passed into forceMove
[2018-07-08 04:51:22.328] 
[2018-07-08 04:51:22.328] runtime error: No valid destination passed into forceMove
[2018-07-08 04:51:22.328] 
[2018-07-08 04:51:22.329] runtime error: The match taking damage after deletion
[2018-07-08 04:51:22.329] 
[2018-07-08 04:51:22.329] runtime error: The match taking damage after deletion
[2018-07-08 04:51:22.329] 
[2018-07-08 04:51:22.329] runtime error: The match taking damage after deletion
[2018-07-08 04:51:22.329] 
[2018-07-08 04:51:22.826] Shutting down Persistence subsystem...
[2018-07-08 04:51:22.826] Shutting down Pathfinder subsystem...
[2018-07-08 04:51:22.827] Shutting down Squeak subsystem...
[2018-07-08 04:51:22.827] Shutting down Shuttle subsystem...
[2018-07-08 04:51:22.827] Shutting down Lighting subsystem...
[2018-07-08 04:51:22.827] Shutting down XKeyScore subsystem...
[2018-07-08 04:51:22.827] Shutting down Sticky Ban subsystem...
[2018-07-08 04:51:22.827] Shutting down Overlay subsystem...
[2018-07-08 04:51:22.876] Shutting down Icon Smoothing subsystem...
[2018-07-08 04:51:22.877] Shutting down Assets subsystem...
[2018-07-08 04:51:22.877] Shutting down Minimap subsystem...
[2018-07-08 04:51:22.877] Shutting down Atmospherics subsystem...
[2018-07-08 04:51:22.877] Shutting down Wet floors subsystem...
[2018-07-08 04:51:22.877] Shutting down Weather subsystem...
[2018-07-08 04:51:22.877] Shutting down Vote subsystem...
[2018-07-08 04:51:22.877] Shutting down Traumas subsystem...
[2018-07-08 04:51:22.877] Shutting down Title Screen subsystem...
[2018-07-08 04:51:22.878] Shutting down Time Tracking subsystem...
[2018-07-08 04:51:22.878] Shutting down Throwing subsystem...
[2018-07-08 04:51:22.878] Shutting down tgui subsystem...
[2018-07-08 04:51:22.878] Shutting down Sun subsystem...
[2018-07-08 04:51:22.878] Shutting down Space Drift subsystem...
[2018-07-08 04:51:22.879] Shutting down Religion subsystem...
[2018-07-08 04:51:22.879] Shutting down Radio subsystem...
[2018-07-08 04:51:22.879] Shutting down Radiation subsystem...
[2018-07-08 04:51:22.879] Shutting down Projectiles subsystem...
[2018-07-08 04:51:22.879] Shutting down Processing subsystem...
[2018-07-08 04:51:22.879] Shutting down Ping subsystem...
[2018-07-08 04:51:22.879] Shutting down Parallax subsystem...
[2018-07-08 04:51:22.879] Shutting down pAI subsystem...
[2018-07-08 04:51:22.879] Shutting down Orbits subsystem...
[2018-07-08 04:51:22.880] Shutting down Objects subsystem...
[2018-07-08 04:51:22.880] Shutting down NPC Pool subsystem...
[2018-07-08 04:51:22.880] Shutting down Night Shift subsystem...
[2018-07-08 04:51:22.880] Shutting down Mood subsystem...
[2018-07-08 04:51:22.880] Shutting down Mobs subsystem...
[2018-07-08 04:51:22.880] Shutting down Medals subsystem...
[2018-07-08 04:51:22.880] Shutting down Idling NPC Pool subsystem...
[2018-07-08 04:51:22.880] Shutting down Flightpack Movement subsystem...
[2018-07-08 04:51:22.880] Shutting down Fire Burning subsystem...
[2018-07-08 04:51:22.880] Shutting down Fields subsystem...
[2018-07-08 04:51:22.881] Shutting down Fast Processing subsystem...
[2018-07-08 04:51:22.881] Shutting down Disease subsystem...
[2018-07-08 04:51:22.881] Shutting down Datum Component System subsystem...
[2018-07-08 04:51:22.881] Shutting down Communications subsystem...
[2018-07-08 04:51:22.881] Shutting down Augury subsystem...
[2018-07-08 04:51:22.881] Shutting down Acid subsystem...
[2018-07-08 04:51:22.881] Shutting down Timer subsystem...
[2018-07-08 04:51:22.881] Shutting down Circuit subsystem...
[2018-07-08 04:51:22.881] Shutting down Machines subsystem...
[2018-07-08 04:51:22.882] Shutting down Language subsystem...
[2018-07-08 04:51:22.882] Shutting down Atoms subsystem...
[2018-07-08 04:51:22.882] Shutting down Networks subsystem...
[2018-07-08 04:51:22.883] Shutting down Mapping subsystem...
[2018-07-08 04:51:22.883] Shutting down Ticker subsystem...
[2018-07-08 04:51:22.997] Shutting down Quirks subsystem...
[2018-07-08 04:51:22.998] Shutting down Jobs subsystem...
[2018-07-08 04:51:22.998] Shutting down Events subsystem...
[2018-07-08 04:51:22.998] Shutting down Research subsystem...
[2018-07-08 04:51:22.998] Shutting down Input subsystem...
[2018-07-08 04:51:22.998] Shutting down Server Tasks subsystem...
[2018-07-08 04:51:22.998] Shutting down Blackbox subsystem...
[2018-07-08 04:51:23.071] Shutting down Database subsystem...
[2018-07-08 04:51:23.106] Shutting down Garbage subsystem...
[2018-07-08 04:51:23.221] Shutdown complete
[2018-07-08 04:51:23.222] World rebooted at 04:51:23
