[2018-07-31 05:48:26.404] Running /tg/ revision:
[2018-07-31 05:48:26.405] 85ac69a5ed4fb4775a41e633b69d4e33da2ea21b: 2018-07-28
[2018-07-31 05:48:26.406] runtime error: list index out of bounds
[2018-07-31 05:48:26.406] proc name: New (/datum/getrev/New)
[2018-07-31 05:48:26.406]   source file: getrev.dm,23
[2018-07-31 05:48:26.406]   usr: null
[2018-07-31 05:48:26.406]   src: /datum/getrev (/datum/getrev)
[2018-07-31 05:48:26.406]   call stack:
[2018-07-31 05:48:26.406] /datum/getrev (/datum/getrev): New()
[2018-07-31 05:48:26.406] world: New()
[2018-07-31 05:48:26.406] 
[2018-07-31 05:48:26.415] Loading config file config.txt...
[2018-07-31 05:48:26.416] Loading config file game_options.txt...
[2018-07-31 05:48:26.418] Unknown setting in configuration: 'w##'
[2018-07-31 05:48:26.420] Failed to validate setting "DOUBLE_AGENTS 20" for min_pop
[2018-07-31 05:48:26.420] Failed to validate setting "DOUBLE_AGENTS -1" for max_pop
[2018-07-31 05:48:26.425] Loading config file dbconfig.txt...
[2018-07-31 05:48:26.426] Loading config file comms.txt...
[2018-07-31 05:48:26.430] Loading config file maps.txt...
[2018-07-31 05:48:26.646] Database connection established.
[2018-07-31 05:48:26.679] SQL: Could not get schema version from database
