[2018-07-27 23:55:32.357] runtime error: bad index
[2018-07-27 23:55:32.357] proc name: Get (/datum/controller/configuration/proc/Get)
[2018-07-27 23:55:32.357]   source file: configuration.dm,178
[2018-07-27 23:55:32.357]   usr: null
[2018-07-27 23:55:32.357]   src: Configuration (/datum/controller/configuration)
[2018-07-27 23:55:32.357]   call stack:
[2018-07-27 23:55:32.357] Configuration (/datum/controller/configuration): Get(/datum/config_entry/flag/log_w... (/datum/config_entry/flag/log_world_topic))
[2018-07-27 23:55:32.357] world: Topic("status", "212.237.9.101", null, null)
[2018-07-27 23:55:32.357] 
[2018-07-27 23:55:32.359] runtime error: bad index
[2018-07-27 23:55:32.359] proc name: Get (/datum/controller/configuration/proc/Get)
[2018-07-27 23:55:32.359]   source file: configuration.dm,178
[2018-07-27 23:55:32.359]   usr: null
[2018-07-27 23:55:32.359]   src: Configuration (/datum/controller/configuration)
[2018-07-27 23:55:32.359]   call stack:
[2018-07-27 23:55:32.359] Configuration (/datum/controller/configuration): Get(/datum/config_entry/string/com... (/datum/config_entry/string/comms_key))
[2018-07-27 23:55:32.359] /datum/world_topic/status (/datum/world_topic/status): TryRun(/list (/list))
[2018-07-27 23:55:32.359] world: Topic("status", "212.237.9.101", null, null)
[2018-07-27 23:55:32.359] 
[2018-07-27 23:55:32.360] runtime error: bad index
[2018-07-27 23:55:32.360] proc name: Get (/datum/controller/configuration/proc/Get)
[2018-07-27 23:55:32.360]   source file: configuration.dm,178
[2018-07-27 23:55:32.360]   usr: null
[2018-07-27 23:55:32.360]   src: Configuration (/datum/controller/configuration)
[2018-07-27 23:55:32.360]   call stack:
[2018-07-27 23:55:32.360] Configuration (/datum/controller/configuration): Get(/datum/config_entry/flag/nores... (/datum/config_entry/flag/norespawn))
[2018-07-27 23:55:32.360] /datum/world_topic/status (/datum/world_topic/status): Run(/list (/list))
[2018-07-27 23:55:32.360] /datum/world_topic/status (/datum/world_topic/status): TryRun(/list (/list))
[2018-07-27 23:55:32.360] world: Topic("status", "212.237.9.101", null, null)
[2018-07-27 23:55:32.360] 
[2018-07-27 23:55:32.362] runtime error: bad index
[2018-07-27 23:55:32.362] proc name: Get (/datum/controller/configuration/proc/Get)
[2018-07-27 23:55:32.362]   source file: configuration.dm,178
[2018-07-27 23:55:32.362]   usr: null
[2018-07-27 23:55:32.362]   src: Configuration (/datum/controller/configuration)
[2018-07-27 23:55:32.362]   call stack:
[2018-07-27 23:55:32.362] Configuration (/datum/controller/configuration): Get(/datum/config_entry/flag/allow... (/datum/config_entry/flag/allow_vote_mode))
[2018-07-27 23:55:32.362] /datum/world_topic/status (/datum/world_topic/status): Run(/list (/list))
[2018-07-27 23:55:32.362] /datum/world_topic/status (/datum/world_topic/status): TryRun(/list (/list))
[2018-07-27 23:55:32.362] world: Topic("status", "212.237.9.101", null, null)
[2018-07-27 23:55:32.362] 
[2018-07-27 23:55:32.363] runtime error: bad index
[2018-07-27 23:55:32.364] proc name: Get (/datum/controller/configuration/proc/Get)
[2018-07-27 23:55:32.364]   source file: configuration.dm,178
[2018-07-27 23:55:32.364]   usr: null
[2018-07-27 23:55:32.364]   src: Configuration (/datum/controller/configuration)
[2018-07-27 23:55:32.364]   call stack:
[2018-07-27 23:55:32.364] Configuration (/datum/controller/configuration): Get(/datum/config_entry/flag/allow... (/datum/config_entry/flag/allow_ai))
[2018-07-27 23:55:32.364] /datum/world_topic/status (/datum/world_topic/status): Run(/list (/list))
[2018-07-27 23:55:32.364] /datum/world_topic/status (/datum/world_topic/status): TryRun(/list (/list))
[2018-07-27 23:55:32.364] world: Topic("status", "212.237.9.101", null, null)
[2018-07-27 23:55:32.364] 
[2018-07-27 23:55:32.365] runtime error: Cannot read null.commit
[2018-07-27 23:55:32.365] proc name: Run (/datum/world_topic/status/Run)
[2018-07-27 23:55:32.365]   source file: world_topic.dm,151
[2018-07-27 23:55:32.365]   usr: null
[2018-07-27 23:55:32.365]   src: /datum/world_topic/status (/datum/world_topic/status)
[2018-07-27 23:55:32.365]   call stack:
[2018-07-27 23:55:32.365] /datum/world_topic/status (/datum/world_topic/status): Run(/list (/list))
[2018-07-27 23:55:32.365] /datum/world_topic/status (/datum/world_topic/status): TryRun(/list (/list))
[2018-07-27 23:55:32.365] world: Topic("status", "212.237.9.101", null, null)
[2018-07-27 23:55:32.365] 
[2018-07-27 23:55:32.366] runtime error: bad index
[2018-07-27 23:55:32.366] proc name: Get (/datum/controller/configuration/proc/Get)
[2018-07-27 23:55:32.366]   source file: configuration.dm,178
[2018-07-27 23:55:32.366]   usr: null
[2018-07-27 23:55:32.366]   src: Configuration (/datum/controller/configuration)
[2018-07-27 23:55:32.366]   call stack:
[2018-07-27 23:55:32.366] Configuration (/datum/controller/configuration): Get(/datum/config_entry/flag/log_w... (/datum/config_entry/flag/log_world_topic))
[2018-07-27 23:55:32.366] world: Topic("status", "212.237.9.101", null, null)
[2018-07-27 23:55:32.366] 
[2018-07-27 23:55:32.368] runtime error: bad index
[2018-07-27 23:55:32.368] proc name: Get (/datum/controller/configuration/proc/Get)
[2018-07-27 23:55:32.368]   source file: configuration.dm,178
[2018-07-27 23:55:32.368]   usr: null
[2018-07-27 23:55:32.368]   src: Configuration (/datum/controller/configuration)
[2018-07-27 23:55:32.368]   call stack:
[2018-07-27 23:55:32.368] Configuration (/datum/controller/configuration): Get(/datum/config_entry/string/com... (/datum/config_entry/string/comms_key))
[2018-07-27 23:55:32.368] /datum/world_topic/status (/datum/world_topic/status): TryRun(/list (/list))
[2018-07-27 23:55:32.368] world: Topic("status", "212.237.9.101", null, null)
[2018-07-27 23:55:32.368] 
[2018-07-27 23:55:32.369] runtime error: bad index
[2018-07-27 23:55:32.369] proc name: Get (/datum/controller/configuration/proc/Get)
[2018-07-27 23:55:32.369]   source file: configuration.dm,178
[2018-07-27 23:55:32.369]   usr: null
[2018-07-27 23:55:32.369]   src: Configuration (/datum/controller/configuration)
[2018-07-27 23:55:32.369]   call stack:
[2018-07-27 23:55:32.369] Configuration (/datum/controller/configuration): Get(/datum/config_entry/flag/nores... (/datum/config_entry/flag/norespawn))
[2018-07-27 23:55:32.369] /datum/world_topic/status (/datum/world_topic/status): Run(/list (/list))
[2018-07-27 23:55:32.369] /datum/world_topic/status (/datum/world_topic/status): TryRun(/list (/list))
[2018-07-27 23:55:32.369] world: Topic("status", "212.237.9.101", null, null)
[2018-07-27 23:55:32.369] 
[2018-07-27 23:55:32.370] runtime error: bad index
[2018-07-27 23:55:32.370] proc name: Get (/datum/controller/configuration/proc/Get)
[2018-07-27 23:55:32.370]   source file: configuration.dm,178
[2018-07-27 23:55:32.370]   usr: null
[2018-07-27 23:55:32.370]   src: Configuration (/datum/controller/configuration)
[2018-07-27 23:55:32.370]   call stack:
[2018-07-27 23:55:32.370] Configuration (/datum/controller/configuration): Get(/datum/config_entry/flag/allow... (/datum/config_entry/flag/allow_vote_mode))
[2018-07-27 23:55:32.370] /datum/world_topic/status (/datum/world_topic/status): Run(/list (/list))
[2018-07-27 23:55:32.370] /datum/world_topic/status (/datum/world_topic/status): TryRun(/list (/list))
[2018-07-27 23:55:32.370] world: Topic("status", "212.237.9.101", null, null)
[2018-07-27 23:55:32.370] 
[2018-07-27 23:55:32.371] runtime error: bad index
[2018-07-27 23:55:32.371] proc name: Get (/datum/controller/configuration/proc/Get)
[2018-07-27 23:55:32.371]   source file: configuration.dm,178
[2018-07-27 23:55:32.371] 
[2018-07-27 23:55:32.371] runtime error: Cannot read null.commit
[2018-07-27 23:55:32.371] proc name: Run (/datum/world_topic/status/Run)
[2018-07-27 23:55:32.371]   source file: world_topic.dm,151
[2018-07-27 23:55:32.371] 
[2018-07-27 23:55:32.372] runtime error: bad index
[2018-07-27 23:55:32.372] proc name: Get (/datum/controller/configuration/proc/Get)
[2018-07-27 23:55:32.372]   source file: configuration.dm,178
[2018-07-27 23:55:32.372] 
[2018-07-27 23:55:32.372] runtime error: bad index
[2018-07-27 23:55:32.372] proc name: Get (/datum/controller/configuration/proc/Get)
[2018-07-27 23:55:32.372]   source file: configuration.dm,178
[2018-07-27 23:55:32.372] 
[2018-07-27 23:55:32.373] runtime error: bad index
[2018-07-27 23:55:32.373] proc name: Get (/datum/controller/configuration/proc/Get)
[2018-07-27 23:55:32.373]   source file: configuration.dm,178
[2018-07-27 23:55:32.373] 
[2018-07-27 23:55:32.373] runtime error: bad index
[2018-07-27 23:55:32.373] proc name: Get (/datum/controller/configuration/proc/Get)
[2018-07-27 23:55:32.373]   source file: configuration.dm,178
[2018-07-27 23:55:32.373] 
[2018-07-27 23:55:32.374] runtime error: bad index
[2018-07-27 23:55:32.374] proc name: Get (/datum/controller/configuration/proc/Get)
[2018-07-27 23:55:32.374]   source file: configuration.dm,178
[2018-07-27 23:55:32.374] 
[2018-07-27 23:55:32.374] runtime error: Cannot read null.commit
[2018-07-27 23:55:32.374] proc name: Run (/datum/world_topic/status/Run)
[2018-07-27 23:55:32.374]   source file: world_topic.dm,151
[2018-07-27 23:55:32.374] 
[2018-07-27 23:55:32.375] runtime error: bad index
[2018-07-27 23:55:32.375] proc name: Get (/datum/controller/configuration/proc/Get)
[2018-07-27 23:55:32.375]   source file: configuration.dm,178
[2018-07-27 23:55:32.375] 
[2018-07-27 23:55:32.375] runtime error: bad index
[2018-07-27 23:55:32.375] proc name: Get (/datum/controller/configuration/proc/Get)
[2018-07-27 23:55:32.375]   source file: configuration.dm,178
[2018-07-27 23:55:32.375] 
[2018-07-27 23:55:32.376] runtime error: bad index
[2018-07-27 23:55:32.376] proc name: Get (/datum/controller/configuration/proc/Get)
[2018-07-27 23:55:32.376]   source file: configuration.dm,178
[2018-07-27 23:55:32.376] 
[2018-07-27 23:55:32.376] runtime error: bad index
[2018-07-27 23:55:32.376] proc name: Get (/datum/controller/configuration/proc/Get)
[2018-07-27 23:55:32.376]   source file: configuration.dm,178
[2018-07-27 23:55:32.376] 
[2018-07-27 23:55:32.377] runtime error: bad index
[2018-07-27 23:55:32.377] proc name: Get (/datum/controller/configuration/proc/Get)
[2018-07-27 23:55:32.377]   source file: configuration.dm,178
[2018-07-27 23:55:32.377] 
[2018-07-27 23:55:32.377] runtime error: Cannot read null.commit
[2018-07-27 23:55:32.377] proc name: Run (/datum/world_topic/status/Run)
[2018-07-27 23:55:32.377]   source file: world_topic.dm,151
[2018-07-27 23:55:32.377] 
[2018-07-27 23:55:32.378] runtime error: bad index
[2018-07-27 23:55:32.378] proc name: Get (/datum/controller/configuration/proc/Get)
[2018-07-27 23:55:32.378]   source file: configuration.dm,178
[2018-07-27 23:55:32.378] 
[2018-07-27 23:55:32.378] runtime error: bad index
[2018-07-27 23:55:32.378] proc name: Get (/datum/controller/configuration/proc/Get)
[2018-07-27 23:55:32.378]   source file: configuration.dm,178
[2018-07-27 23:55:32.378] 
[2018-07-27 23:55:32.379] runtime error: bad index
[2018-07-27 23:55:32.379] proc name: Get (/datum/controller/configuration/proc/Get)
[2018-07-27 23:55:32.379]   source file: configuration.dm,178
[2018-07-27 23:55:32.379] 
[2018-07-27 23:55:32.379] runtime error: bad index
[2018-07-27 23:55:32.379] proc name: Get (/datum/controller/configuration/proc/Get)
[2018-07-27 23:55:32.379]   source file: configuration.dm,178
[2018-07-27 23:55:32.379] 
[2018-07-27 23:55:32.380] runtime error: bad index
[2018-07-27 23:55:32.380] proc name: Get (/datum/controller/configuration/proc/Get)
[2018-07-27 23:55:32.380]   source file: configuration.dm,178
[2018-07-27 23:55:32.380] 
[2018-07-27 23:55:32.380] runtime error: Cannot read null.commit
[2018-07-27 23:55:32.380] proc name: Run (/datum/world_topic/status/Run)
[2018-07-27 23:55:32.380]   source file: world_topic.dm,151
[2018-07-27 23:55:32.380] 
[2018-07-27 23:55:32.381] runtime error: bad index
[2018-07-27 23:55:32.381] proc name: Get (/datum/controller/configuration/proc/Get)
[2018-07-27 23:55:32.381]   source file: configuration.dm,178
[2018-07-27 23:55:32.381] 
[2018-07-27 23:55:32.381] runtime error: bad index
[2018-07-27 23:55:32.381] proc name: Get (/datum/controller/configuration/proc/Get)
[2018-07-27 23:55:32.381]   source file: configuration.dm,178
[2018-07-27 23:55:32.381] 
[2018-07-27 23:55:32.382] runtime error: bad index
[2018-07-27 23:55:32.382] proc name: Get (/datum/controller/configuration/proc/Get)
[2018-07-27 23:55:32.382]   source file: configuration.dm,178
[2018-07-27 23:55:32.382] 
[2018-07-27 23:55:32.382] runtime error: bad index
[2018-07-27 23:55:32.382] proc name: Get (/datum/controller/configuration/proc/Get)
[2018-07-27 23:55:32.382]   source file: configuration.dm,178
[2018-07-27 23:55:32.382] 
[2018-07-27 23:55:32.383] runtime error: bad index
[2018-07-27 23:55:32.383] proc name: Get (/datum/controller/configuration/proc/Get)
[2018-07-27 23:55:32.383]   source file: configuration.dm,178
[2018-07-27 23:55:32.383] 
[2018-07-27 23:55:32.383] runtime error: Cannot read null.commit
[2018-07-27 23:55:32.383] proc name: Run (/datum/world_topic/status/Run)
[2018-07-27 23:55:32.383]   source file: world_topic.dm,151
[2018-07-27 23:55:32.383] 
[2018-07-27 23:55:32.384] runtime error: bad index
[2018-07-27 23:55:32.384] proc name: Get (/datum/controller/configuration/proc/Get)
[2018-07-27 23:55:32.384]   source file: configuration.dm,178
[2018-07-27 23:55:32.384] 
[2018-07-27 23:55:32.384] runtime error: bad index
[2018-07-27 23:55:32.384] proc name: Get (/datum/controller/configuration/proc/Get)
[2018-07-27 23:55:32.384]   source file: configuration.dm,178
[2018-07-27 23:55:32.384] 
[2018-07-27 23:55:32.385] runtime error: bad index
[2018-07-27 23:55:32.385] proc name: Get (/datum/controller/configuration/proc/Get)
[2018-07-27 23:55:32.385]   source file: configuration.dm,178
[2018-07-27 23:55:32.385] 
[2018-07-27 23:55:32.385] runtime error: bad index
[2018-07-27 23:55:32.385] proc name: Get (/datum/controller/configuration/proc/Get)
[2018-07-27 23:55:32.385]   source file: configuration.dm,178
[2018-07-27 23:55:32.385] 
[2018-07-27 23:55:32.386] runtime error: bad index
[2018-07-27 23:55:32.386] proc name: Get (/datum/controller/configuration/proc/Get)
[2018-07-27 23:55:32.386]   source file: configuration.dm,178
[2018-07-27 23:55:32.386] 
[2018-07-27 23:55:32.386] runtime error: Cannot read null.commit
[2018-07-27 23:55:32.386] proc name: Run (/datum/world_topic/status/Run)
[2018-07-27 23:55:32.386]   source file: world_topic.dm,151
[2018-07-27 23:55:32.386] 
[2018-07-27 23:55:32.387] runtime error: bad index
[2018-07-27 23:55:32.387] proc name: Get (/datum/controller/configuration/proc/Get)
[2018-07-27 23:55:32.387]   source file: configuration.dm,178
[2018-07-27 23:55:32.387] 
[2018-07-27 23:55:32.387] runtime error: bad index
[2018-07-27 23:55:32.387] proc name: Get (/datum/controller/configuration/proc/Get)
[2018-07-27 23:55:32.387]   source file: configuration.dm,178
[2018-07-27 23:55:32.387] 
[2018-07-27 23:55:32.388] runtime error: bad index
[2018-07-27 23:55:32.388] proc name: Get (/datum/controller/configuration/proc/Get)
[2018-07-27 23:55:32.388]   source file: configuration.dm,178
[2018-07-27 23:55:32.388] 
[2018-07-27 23:55:32.388] runtime error: bad index
[2018-07-27 23:55:32.388] proc name: Get (/datum/controller/configuration/proc/Get)
[2018-07-27 23:55:32.388]   source file: configuration.dm,178
[2018-07-27 23:55:32.388] 
[2018-07-27 23:55:32.389] runtime error: bad index
[2018-07-27 23:55:32.389] proc name: Get (/datum/controller/configuration/proc/Get)
[2018-07-27 23:55:32.389]   source file: configuration.dm,178
[2018-07-27 23:55:32.389] 
[2018-07-27 23:55:32.389] runtime error: Cannot read null.commit
[2018-07-27 23:55:32.389] proc name: Run (/datum/world_topic/status/Run)
[2018-07-27 23:55:32.389]   source file: world_topic.dm,151
[2018-07-27 23:55:32.389] 
[2018-07-27 23:55:32.467] Running /tg/ revision:
[2018-07-27 23:55:32.468] e37a055cd0cdc509812833ddeea4f2e1885abca6: 2018-07-24
[2018-07-27 23:55:32.469] runtime error: list index out of bounds
[2018-07-27 23:55:32.469] proc name: New (/datum/getrev/New)
[2018-07-27 23:55:32.469]   source file: getrev.dm,23
[2018-07-27 23:55:32.469] 
[2018-07-27 23:55:32.479] Loading config file config.txt...
[2018-07-27 23:55:32.480] Loading config file game_options.txt...
[2018-07-27 23:55:32.482] Unknown setting in configuration: 'w##'
[2018-07-27 23:55:32.485] Failed to validate setting "DOUBLE_AGENTS 20" for min_pop
[2018-07-27 23:55:32.485] Failed to validate setting "DOUBLE_AGENTS -1" for max_pop
[2018-07-27 23:55:32.489] Loading config file dbconfig.txt...
[2018-07-27 23:55:32.490] Loading config file comms.txt...
[2018-07-27 23:55:32.494] Loading config file maps.txt...
[2018-07-27 23:55:32.660] Database connection established.
[2018-07-27 23:55:32.693] SQL: Could not get schema version from database
