[2018-07-29 21:49:28.596] Starting up round ID 1776.
[2018-07-29 21:49:28.596] -------------------------
[2018-07-29 22:09:44.695] PDA: AzlanonPc/(Jetra Norlan) (PDA: scientist PDA) sent "you did the ore silo?" to Helps-The-Station (Captain) (113,100,2)
[2018-07-29 22:09:48.227] PDA: GreenTea98/(Helps-The-Station) (PDA: captain PDA) sent "Weh, Nope" to Jetra Norlan (Scientist) (118,131,2)
[2018-07-29 22:10:14.424] PDA: AzlanonPc/(Jetra Norlan) (PDA: scientist PDA) sent "who did it then?" to Helps-The-Station (Captain) (111,104,2)
[2018-07-29 22:10:41.572] PDA: GreenTea98/(Helps-The-Station) (PDA: captain PDA) sent "Beats me" to Jetra Norlan (Scientist) (117,131,2)
[2018-07-29 22:10:53.122] PDA: AzlanonPc/(Jetra Norlan) (PDA: scientist PDA) sent "atleast you know how to link it?" to Helps-The-Station (Captain) (111,104,2)
[2018-07-29 22:10:56.823] PDA: GreenTea98/(Helps-The-Station) (PDA: captain PDA) sent "Nope" to Jetra Norlan (Scientist) (117,131,2)
[2018-07-29 22:11:03.074] PDA: AzlanonPc/(Jetra Norlan) (PDA: scientist PDA) sent "linking the exo fabs would help" to Helps-The-Station (Captain) (111,104,2)
[2018-07-29 22:14:11.376] PDA: I like D0nUts/(Silent Majority) (PDA: mime PDA) sent "He attacked first" to Helps-The-Station (Captain) (98,113,2)
[2018-07-29 22:34:28.552] PDA: I like D0nUts/(Silent Majority) (PDA: mime PDA) sent "We got revenant or sum shit" to Helps-The-Station (Captain) (111,145,2)
[2018-07-29 22:34:33.721] PDA: GreenTea98/(Helps-The-Station) (PDA: captain PDA) sent "Slap its dick" to Silent Majority (Mime) (118,131,2)
[2018-07-29 22:34:46.785] PDA: I like D0nUts/(Silent Majority) (PDA: mime PDA) sent "Hes saying to me to go to sleep" to Helps-The-Station (Captain) (127,120,2)
[2018-07-29 22:34:50.315] PDA: I like D0nUts/(Silent Majority) (PDA: mime PDA) sent "What a dick" to Helps-The-Station (Captain) (127,120,2)
[2018-07-29 22:34:51.681] PDA: GreenTea98/(Helps-The-Station) (PDA: captain PDA) sent "ew don&#39;t" to Silent Majority (Mime) (117,130,2)
[2018-07-29 22:34:56.438] PDA: GreenTea98/(Helps-The-Station) (PDA: captain PDA) sent "You&#39;ll get the succ" to Silent Majority (Mime) (117,131,2)
[2018-07-29 22:34:56.475] PDA: I like D0nUts/(Silent Majority) (PDA: mime PDA) sent "Yeah sleeping is gay" to Helps-The-Station (Captain) (127,120,2)
[2018-07-29 22:35:06.771] PDA: I like D0nUts/(Silent Majority) (PDA: mime PDA) sent "For gay furries" to Helps-The-Station (Captain) (127,120,2)
[2018-07-29 22:43:42.446] PDA: AzlanonPc/(Jetra Norlan) (PDA: scientist PDA) sent "do you want the fully equipped firefigher or nah?" to Aleksey Karansinov (Shaft Miner) (119,95,2)
[2018-07-29 22:51:37.841] PDA: I like D0nUts/(Silent Majority) (PDA: mime PDA) sent ":c" to Helps-The-Station (Captain) (83,66,2)
[2018-07-29 22:51:44.194] PDA: GreenTea98/(Helps-The-Station) (PDA: captain PDA) sent "Cmere binch" to Silent Majority (Mime) (88,142,2)
[2018-07-29 22:51:50.903] PDA: I like D0nUts/(Silent Majority) (PDA: mime PDA) sent "He flashed me first" to Helps-The-Station (Captain) (91,69,2)
[2018-07-29 22:51:54.230] PDA: GreenTea98/(Helps-The-Station) (PDA: captain PDA) sent "2bad" to Silent Majority (Mime) (87,148,2)
[2018-07-29 22:51:59.019] PDA: I like D0nUts/(Silent Majority) (PDA: mime PDA) sent "I luv u brother" to Helps-The-Station (Captain) (87,69,2)
[2018-07-29 22:52:02.424] PDA: GreenTea98/(Helps-The-Station) (PDA: captain PDA) sent "gay" to Silent Majority (Mime) (66,141,2)
[2018-07-29 22:52:10.026] PDA: I like D0nUts/(Silent Majority) (PDA: mime PDA) sent "As a brother u stupid bitch" to Helps-The-Station (Captain) (100,74,2)
[2018-07-29 22:52:15.840] PDA: I like D0nUts/(Silent Majority) (PDA: mime PDA) sent "Hes alive" to Helps-The-Station (Captain) (98,78,2)
[2018-07-29 22:59:04.177] PDA: AzlanonPc/(Jetra Norlan) (PDA: scientist PDA) sent "wait does atmost have any machines?" to Ruru (Chief Engineer) (121,95,2)
[2018-07-29 22:59:14.233] PDA: BoxxyBooty/(Ruru) (PDA: chief engineer PDA) sent "What time of machines?" to Jetra Norlan (Scientist) (125,137,2)
[2018-07-29 22:59:35.089] PDA: BoxxyBooty/(Ruru) (PDA: chief engineer PDA) sent "We have freezers" to Jetra Norlan (Scientist) (164,127,2)
[2018-07-29 23:00:03.180] PDA: I like D0nUts/(Silent Majority) (PDA: mime PDA) sent "U mom gae ahhahaa" to Bluezinho Robert (Scientist) (123,143,2)
[2018-07-29 23:06:27.195] PDA: AzlanonPc/(Jetra Norlan) (PDA: scientist PDA) sent "you know how to link the ore silo, right?" to Maxwell Ratter (Quartermaster) (113,100,2)
[2018-07-29 23:06:54.929] PDA: Tatrow/(Maxwell Ratter) (PDA: quartermaster PDA) sent "Never heard of it; must be a new thing on this model of station. Explain." to Jetra Norlan (Scientist) (71,146,2)
[2018-07-29 23:07:16.731] PDA: AzlanonPc/(Jetra Norlan) (PDA: scientist PDA) sent "Ore silo is basically a giant- wait a sec hulk scientist breaking shit" to Maxwell Ratter (Quartermaster) (119,100,2)
[2018-07-29 23:07:50.051] PDA: I like D0nUts/(Silent Majority) (PDA: mime PDA) sent "He attacked chemist" to Helps-The-Station (Captain) (64,137,2)
[2018-07-29 23:08:07.276] PDA: AzlanonPc/(Jetra Norlan) (PDA: scientist PDA) sent "okay now: ore silo is basically a thing that is a common material deposit for ALL machines of the station" to Maxwell Ratter (Quartermaster) (119,105,2)
[2018-07-29 23:08:16.483] PDA: AzlanonPc/(Jetra Norlan) (PDA: scientist PDA) sent "but they need to get linked frst" to Maxwell Ratter (Quartermaster) (119,105,2)
[2018-07-29 23:08:34.667] PDA: Tatrow/(Maxwell Ratter) (PDA: quartermaster PDA) sent "A&#39;ight, where is it? I&#39;ll set it up." to Jetra Norlan (Scientist) (75,140,2)
[2018-07-29 23:08:45.859] PDA: I like D0nUts/(Silent Majority) (PDA: mime PDA) sent "Arrest the janitor hes bad" to Josiah Stewart (Detective) (111,158,2)
[2018-07-29 23:09:08.280] PDA: Kelesis/(Josiah Stewart) (PDA: detective PDA) sent "Elaborate" to Silent Majority (Mime) (115,166,2)
[2018-07-29 23:09:14.787] PDA: I like D0nUts/(Silent Majority) (PDA: mime PDA) sent "What" to Josiah Stewart (Detective) (118,116,2)
[2018-07-29 23:09:20.969] PDA: AzlanonPc/(Jetra Norlan) (PDA: scientist PDA) sent "its already on, it looks like a giant fridge, might be on cargo, i need you to link the robotic exosuit fabs so i get to make mechs for you to sell" to Maxwell Ratter (Quartermaster) (97,103,2)
[2018-07-29 23:09:27.745] PDA: Kelesis/(Josiah Stewart) (PDA: detective PDA) sent "ugh, look it up" to Silent Majority (Mime) (121,163,2)
[2018-07-29 23:09:32.236] PDA: I like D0nUts/(Silent Majority) (PDA: mime PDA) sent "Okay" to Josiah Stewart (Detective) (88,117,2)
[2018-07-29 23:13:14.081] PDA: AzlanonPc/(Jetra Norlan) (PDA: scientist PDA) sent "what kind of mech a captain would use?" to Helps-The-Station (Captain) (111,104,2)
[2018-07-29 23:13:26.865] PDA: greentea98/(Helps-The-Station) (PDA: captain PDA) sent "Definitely not a HONK" to Jetra Norlan (Scientist) (107,136,2)
[2018-07-29 23:13:29.767] PDA: greentea98/(Helps-The-Station) (PDA: captain PDA) sent "BUT" to Jetra Norlan (Scientist) (107,136,2)
[2018-07-29 23:13:36.071] PDA: greentea98/(Helps-The-Station) (PDA: captain PDA) sent "If a HONK gets made, I&#39;d use it" to Jetra Norlan (Scientist) (107,136,2)
[2018-07-29 23:14:08.531] PDA: AzlanonPc/(Jetra Norlan) (PDA: scientist PDA) sent "we dont have bananium nor a anomaly, so phazon and honk out of the window for now, all others can be made though" to Helps-The-Station (Captain) (111,104,2)
[2018-07-29 23:14:18.744] PDA: greentea98/(Helps-The-Station) (PDA: captain PDA) sent "Sad face" to Jetra Norlan (Scientist) (107,136,2)
[2018-07-29 23:14:27.597] PDA: greentea98/(Helps-The-Station) (PDA: captain PDA) sent "Make me something delicious tasting" to Jetra Norlan (Scientist) (107,136,2)
[2018-07-29 23:14:31.059] PDA: AzlanonPc/(Jetra Norlan) (PDA: scientist PDA) sent "maybe a DURAND?" to Helps-The-Station (Captain) (120,89,2)
[2018-07-29 23:14:35.562] PDA: AzlanonPc/(Jetra Norlan) (PDA: scientist PDA) sent "do you eat mechs? wow" to Helps-The-Station (Captain) (120,89,2)
[2018-07-29 23:14:36.462] PDA: greentea98/(Helps-The-Station) (PDA: captain PDA) sent "O K A Y  Y E E T" to Jetra Norlan (Scientist) (107,136,2)
[2018-07-29 23:17:17.199] PDA: AzlanonPc/(Jetra Norlan) (PDA: scientist PDA) sent "any mech bounties?" to Maxwell Ratter (Quartermaster) (112,83,2)
[2018-07-29 23:17:30.888] PDA: Tatrow/(Maxwell Ratter) (PDA: quartermaster PDA) sent "There was one, give me a moment to double check." to Jetra Norlan (Scientist) (72,146,2)
[2018-07-29 23:17:36.192] PDA: I like D0nUts/(Silent Majority) (PDA: mime PDA) sent "B-But i am your friend?" to Ruru (Chief Engineer) (88,117,2)
[2018-07-29 23:17:41.899] PDA: BoxxyBooty/(Ruru) (PDA: chief engineer PDA) sent "No" to Silent Majority (Mime) (107,77,2)
[2018-07-29 23:17:56.025] PDA: I like D0nUts/(Silent Majority) (PDA: mime PDA) sent "Well fuck u" to Ruru (Chief Engineer) (89,117,2)
[2018-07-29 23:18:02.672] PDA: BoxxyBooty/(Ruru) (PDA: chief engineer PDA) sent "got eem" to Silent Majority (Mime) (85,69,2)
[2018-07-29 23:18:09.374] PDA: I like D0nUts/(Silent Majority) (PDA: mime PDA) sent "Fucking hope u die" to Ruru (Chief Engineer) (89,119,2)
[2018-07-29 23:18:17.425] PDA: I like D0nUts/(Silent Majority) (PDA: mime PDA) sent "Next time u need me i wont help u" to Ruru (Chief Engineer) (89,121,2)
[2018-07-29 23:18:21.475] PDA: BoxxyBooty/(Ruru) (PDA: chief engineer PDA) sent "Oh noo" to Silent Majority (Mime) (84,78,2)
[2018-07-29 23:18:25.627] PDA: BoxxyBooty/(Ruru) (PDA: chief engineer PDA) sent ": (" to Silent Majority (Mime) (84,78,2)
[2018-07-29 23:18:27.475] PDA: I like D0nUts/(Silent Majority) (PDA: mime PDA) sent "Ah so you just used me" to Ruru (Chief Engineer) (104,144,2)
[2018-07-29 23:18:35.570] PDA: I like D0nUts/(Silent Majority) (PDA: mime PDA) sent "Piece of lizard of shit" to Ruru (Chief Engineer) (109,144,2)
[2018-07-29 23:18:42.626] PDA: I like D0nUts/(Silent Majority) (PDA: mime PDA) sent "&gt;:C" to Ruru (Chief Engineer) (126,132,2)
[2018-07-29 23:18:43.426] PDA: BoxxyBooty/(Ruru) (PDA: chief engineer PDA) sent "FUCKING RACIST" to Silent Majority (Mime) (85,74,2)
[2018-07-29 23:18:52.198] PDA: I like D0nUts/(Silent Majority) (PDA: mime PDA) sent "Fucking manipulator" to Ruru (Chief Engineer) (124,127,2)
[2018-07-29 23:19:07.738] PDA: BoxxyBooty/(Ruru) (PDA: chief engineer PDA) sent ": (" to Silent Majority (Mime) (85,74,2)
[2018-07-29 23:19:13.901] PDA: I like D0nUts/(Silent Majority) (PDA: mime PDA) sent "&gt;:C" to Ruru (Chief Engineer) (89,119,2)
[2018-07-29 23:19:17.401] PDA: BoxxyBooty/(Ruru) (PDA: chief engineer PDA) sent ":(" to Silent Majority (Mime) (84,76,2)
[2018-07-29 23:19:27.105] PDA: I like D0nUts/(Silent Majority) (PDA: mime PDA) sent "Have fun without the mimke" to Ruru (Chief Engineer) (105,146,2)
[2018-07-29 23:19:33.458] PDA: Tatrow/(Maxwell Ratter) (PDA: quartermaster PDA) sent "Gygax and Phazon" to Jetra Norlan (Scientist) (80,151,2)
[2018-07-29 23:19:35.557] PDA: BoxxyBooty/(Ruru) (PDA: chief engineer PDA) sent "u Gay" to Silent Majority (Mime) (107,77,2)
[2018-07-29 23:19:40.841] PDA: I like D0nUts/(Silent Majority) (PDA: mime PDA) sent "No u" to Ruru (Chief Engineer) (102,116,2)
[2018-07-29 23:19:48.258] PDA: BoxxyBooty/(Ruru) (PDA: chief engineer PDA) sent "shit" to Silent Majority (Mime) (127,77,2)
[2018-07-29 23:19:51.825] PDA: AzlanonPc/(Jetra Norlan) (PDA: scientist PDA) sent "i can mount the gygax, phazon needs a anomaly so uhh, not yet" to Maxwell Ratter (Quartermaster) (113,83,2)
[2018-07-29 23:19:52.325] PDA: I like D0nUts/(Silent Majority) (PDA: mime PDA) sent "U manipulated me" to Ruru (Chief Engineer) (100,111,2)
[2018-07-29 23:20:03.655] PDA: Tatrow/(Maxwell Ratter) (PDA: quartermaster PDA) sent "Aye" to Jetra Norlan (Scientist) (95,143,2)
[2018-07-29 23:26:45.185] PDA: AzlanonPc/(Jetra Norlan) (PDA: scientist PDA) sent "mech here" to Maxwell Ratter (Quartermaster) (82,139,2)
[2018-07-29 23:26:57.423] PDA: Tatrow/(Maxwell Ratter) (PDA: quartermaster PDA) sent "Aye, on my way." to Jetra Norlan (Scientist) (144,154,2)
[2018-07-29 23:28:36.362] PDA: AzlanonPc/(Jetra Norlan) (PDA: scientist PDA) sent "what kind of mech you want?" to Stops-The-Crime (Head of Security) (113,83,2)
[2018-07-29 23:28:48.708] PDA: SuperbDingaling/(Nathaniel Wallick) (PDA: chemist PDA) sent "Tell you what, maybe I will sign that contract after all. All access would be nice." to Aleksey Karansinov (Shaft Miner) (125,139,2)
