[2018-08-03 17:18:35.847] runtime error: bad index
[2018-08-03 17:18:35.847] proc name: Get (/datum/controller/configuration/proc/Get)
[2018-08-03 17:18:35.847]   source file: configuration.dm,178
[2018-08-03 17:18:35.847]   usr: null
[2018-08-03 17:18:35.847]   src: Configuration (/datum/controller/configuration)
[2018-08-03 17:18:35.847]   call stack:
[2018-08-03 17:18:35.847] Configuration (/datum/controller/configuration): Get(/datum/config_entry/flag/log_w... (/datum/config_entry/flag/log_world_topic))
[2018-08-03 17:18:35.847] world: Topic("status", "212.237.9.101", null, null)
[2018-08-03 17:18:35.848] 
[2018-08-03 17:18:35.848] runtime error: bad index
[2018-08-03 17:18:35.848] proc name: Get (/datum/controller/configuration/proc/Get)
[2018-08-03 17:18:35.848]   source file: configuration.dm,178
[2018-08-03 17:18:35.848]   usr: null
[2018-08-03 17:18:35.848]   src: Configuration (/datum/controller/configuration)
[2018-08-03 17:18:35.848]   call stack:
[2018-08-03 17:18:35.848] Configuration (/datum/controller/configuration): Get(/datum/config_entry/string/com... (/datum/config_entry/string/comms_key))
[2018-08-03 17:18:35.848] /datum/world_topic/status (/datum/world_topic/status): TryRun(/list (/list))
[2018-08-03 17:18:35.848] world: Topic("status", "212.237.9.101", null, null)
[2018-08-03 17:18:35.848] 
[2018-08-03 17:18:35.849] runtime error: bad index
[2018-08-03 17:18:35.849] proc name: Get (/datum/controller/configuration/proc/Get)
[2018-08-03 17:18:35.849]   source file: configuration.dm,178
[2018-08-03 17:18:35.849]   usr: null
[2018-08-03 17:18:35.849]   src: Configuration (/datum/controller/configuration)
[2018-08-03 17:18:35.849]   call stack:
[2018-08-03 17:18:35.849] Configuration (/datum/controller/configuration): Get(/datum/config_entry/flag/nores... (/datum/config_entry/flag/norespawn))
[2018-08-03 17:18:35.850] /datum/world_topic/status (/datum/world_topic/status): Run(/list (/list))
[2018-08-03 17:18:35.850] /datum/world_topic/status (/datum/world_topic/status): TryRun(/list (/list))
[2018-08-03 17:18:35.850] world: Topic("status", "212.237.9.101", null, null)
[2018-08-03 17:18:35.850] 
[2018-08-03 17:18:35.850] runtime error: bad index
[2018-08-03 17:18:35.850] proc name: Get (/datum/controller/configuration/proc/Get)
[2018-08-03 17:18:35.850]   source file: configuration.dm,178
[2018-08-03 17:18:35.850]   usr: null
[2018-08-03 17:18:35.850]   src: Configuration (/datum/controller/configuration)
[2018-08-03 17:18:35.850]   call stack:
[2018-08-03 17:18:35.850] Configuration (/datum/controller/configuration): Get(/datum/config_entry/flag/allow... (/datum/config_entry/flag/allow_vote_mode))
[2018-08-03 17:18:35.850] /datum/world_topic/status (/datum/world_topic/status): Run(/list (/list))
[2018-08-03 17:18:35.850] /datum/world_topic/status (/datum/world_topic/status): TryRun(/list (/list))
[2018-08-03 17:18:35.850] world: Topic("status", "212.237.9.101", null, null)
[2018-08-03 17:18:35.850] 
[2018-08-03 17:18:35.851] runtime error: bad index
[2018-08-03 17:18:35.851] proc name: Get (/datum/controller/configuration/proc/Get)
[2018-08-03 17:18:35.851]   source file: configuration.dm,178
[2018-08-03 17:18:35.851]   usr: null
[2018-08-03 17:18:35.851]   src: Configuration (/datum/controller/configuration)
[2018-08-03 17:18:35.851]   call stack:
[2018-08-03 17:18:35.851] Configuration (/datum/controller/configuration): Get(/datum/config_entry/flag/allow... (/datum/config_entry/flag/allow_ai))
[2018-08-03 17:18:35.851] /datum/world_topic/status (/datum/world_topic/status): Run(/list (/list))
[2018-08-03 17:18:35.851] /datum/world_topic/status (/datum/world_topic/status): TryRun(/list (/list))
[2018-08-03 17:18:35.851] world: Topic("status", "212.237.9.101", null, null)
[2018-08-03 17:18:35.851] 
[2018-08-03 17:18:35.852] runtime error: Cannot read null.commit
[2018-08-03 17:18:35.852] proc name: Run (/datum/world_topic/status/Run)
[2018-08-03 17:18:35.852]   source file: world_topic.dm,151
[2018-08-03 17:18:35.852]   usr: null
[2018-08-03 17:18:35.852]   src: /datum/world_topic/status (/datum/world_topic/status)
[2018-08-03 17:18:35.853]   call stack:
[2018-08-03 17:18:35.853] /datum/world_topic/status (/datum/world_topic/status): Run(/list (/list))
[2018-08-03 17:18:35.853] /datum/world_topic/status (/datum/world_topic/status): TryRun(/list (/list))
[2018-08-03 17:18:35.853] world: Topic("status", "212.237.9.101", null, null)
[2018-08-03 17:18:35.853] 
[2018-08-03 17:18:35.854] runtime error: bad index
[2018-08-03 17:18:35.854] proc name: Get (/datum/controller/configuration/proc/Get)
[2018-08-03 17:18:35.854]   source file: configuration.dm,178
[2018-08-03 17:18:35.854]   usr: null
[2018-08-03 17:18:35.854]   src: Configuration (/datum/controller/configuration)
[2018-08-03 17:18:35.854]   call stack:
[2018-08-03 17:18:35.854] Configuration (/datum/controller/configuration): Get(/datum/config_entry/flag/log_w... (/datum/config_entry/flag/log_world_topic))
[2018-08-03 17:18:35.854] world: Topic("status", "77.96.163.22", null, null)
[2018-08-03 17:18:35.854] 
[2018-08-03 17:18:35.855] runtime error: bad index
[2018-08-03 17:18:35.855] proc name: Get (/datum/controller/configuration/proc/Get)
[2018-08-03 17:18:35.855]   source file: configuration.dm,178
[2018-08-03 17:18:35.855]   usr: null
[2018-08-03 17:18:35.855]   src: Configuration (/datum/controller/configuration)
[2018-08-03 17:18:35.855]   call stack:
[2018-08-03 17:18:35.855] Configuration (/datum/controller/configuration): Get(/datum/config_entry/string/com... (/datum/config_entry/string/comms_key))
[2018-08-03 17:18:35.855] /datum/world_topic/status (/datum/world_topic/status): TryRun(/list (/list))
[2018-08-03 17:18:35.855] world: Topic("status", "77.96.163.22", null, null)
[2018-08-03 17:18:35.855] 
[2018-08-03 17:18:35.856] runtime error: bad index
[2018-08-03 17:18:35.856] proc name: Get (/datum/controller/configuration/proc/Get)
[2018-08-03 17:18:35.856]   source file: configuration.dm,178
[2018-08-03 17:18:35.856]   usr: null
[2018-08-03 17:18:35.856]   src: Configuration (/datum/controller/configuration)
[2018-08-03 17:18:35.856]   call stack:
[2018-08-03 17:18:35.856] Configuration (/datum/controller/configuration): Get(/datum/config_entry/flag/nores... (/datum/config_entry/flag/norespawn))
[2018-08-03 17:18:35.856] /datum/world_topic/status (/datum/world_topic/status): Run(/list (/list))
[2018-08-03 17:18:35.856] /datum/world_topic/status (/datum/world_topic/status): TryRun(/list (/list))
[2018-08-03 17:18:35.856] world: Topic("status", "77.96.163.22", null, null)
[2018-08-03 17:18:35.856] 
[2018-08-03 17:18:35.857] runtime error: bad index
[2018-08-03 17:18:35.857] proc name: Get (/datum/controller/configuration/proc/Get)
[2018-08-03 17:18:35.857]   source file: configuration.dm,178
[2018-08-03 17:18:35.857]   usr: null
[2018-08-03 17:18:35.857]   src: Configuration (/datum/controller/configuration)
[2018-08-03 17:18:35.857]   call stack:
[2018-08-03 17:18:35.858] Configuration (/datum/controller/configuration): Get(/datum/config_entry/flag/allow... (/datum/config_entry/flag/allow_vote_mode))
[2018-08-03 17:18:35.858] /datum/world_topic/status (/datum/world_topic/status): Run(/list (/list))
[2018-08-03 17:18:35.858] /datum/world_topic/status (/datum/world_topic/status): TryRun(/list (/list))
[2018-08-03 17:18:35.858] world: Topic("status", "77.96.163.22", null, null)
[2018-08-03 17:18:35.858] 
[2018-08-03 17:18:35.858] runtime error: bad index
[2018-08-03 17:18:35.858] proc name: Get (/datum/controller/configuration/proc/Get)
[2018-08-03 17:18:35.858]   source file: configuration.dm,178
[2018-08-03 17:18:35.858] 
[2018-08-03 17:18:35.859] runtime error: Cannot read null.commit
[2018-08-03 17:18:35.859] proc name: Run (/datum/world_topic/status/Run)
[2018-08-03 17:18:35.859]   source file: world_topic.dm,151
[2018-08-03 17:18:35.859] 
[2018-08-03 17:18:35.859] runtime error: bad index
[2018-08-03 17:18:35.859] proc name: Get (/datum/controller/configuration/proc/Get)
[2018-08-03 17:18:35.859]   source file: configuration.dm,178
[2018-08-03 17:18:35.859] 
[2018-08-03 17:18:35.860] runtime error: bad index
[2018-08-03 17:18:35.860] proc name: Get (/datum/controller/configuration/proc/Get)
[2018-08-03 17:18:35.860]   source file: configuration.dm,178
[2018-08-03 17:18:35.860] 
[2018-08-03 17:18:35.860] runtime error: bad index
[2018-08-03 17:18:35.860] proc name: Get (/datum/controller/configuration/proc/Get)
[2018-08-03 17:18:35.860]   source file: configuration.dm,178
[2018-08-03 17:18:35.860] 
[2018-08-03 17:18:35.860] runtime error: bad index
[2018-08-03 17:18:35.861] proc name: Get (/datum/controller/configuration/proc/Get)
[2018-08-03 17:18:35.861]   source file: configuration.dm,178
[2018-08-03 17:18:35.861] 
[2018-08-03 17:18:35.861] runtime error: bad index
[2018-08-03 17:18:35.861] proc name: Get (/datum/controller/configuration/proc/Get)
[2018-08-03 17:18:35.861]   source file: configuration.dm,178
[2018-08-03 17:18:35.861] 
[2018-08-03 17:18:35.861] runtime error: Cannot read null.commit
[2018-08-03 17:18:35.861] proc name: Run (/datum/world_topic/status/Run)
[2018-08-03 17:18:35.861]   source file: world_topic.dm,151
[2018-08-03 17:18:35.861] 
[2018-08-03 17:18:35.862] runtime error: bad index
[2018-08-03 17:18:35.862] proc name: Get (/datum/controller/configuration/proc/Get)
[2018-08-03 17:18:35.862]   source file: configuration.dm,178
[2018-08-03 17:18:35.862] 
[2018-08-03 17:18:35.862] runtime error: bad index
[2018-08-03 17:18:35.862] proc name: Get (/datum/controller/configuration/proc/Get)
[2018-08-03 17:18:35.862]   source file: configuration.dm,178
[2018-08-03 17:18:35.862] 
[2018-08-03 17:18:35.862] runtime error: bad index
[2018-08-03 17:18:35.862] proc name: Get (/datum/controller/configuration/proc/Get)
[2018-08-03 17:18:35.862]   source file: configuration.dm,178
[2018-08-03 17:18:35.863] 
[2018-08-03 17:18:35.863] runtime error: bad index
[2018-08-03 17:18:35.863] proc name: Get (/datum/controller/configuration/proc/Get)
[2018-08-03 17:18:35.863]   source file: configuration.dm,178
[2018-08-03 17:18:35.863] 
[2018-08-03 17:18:35.863] runtime error: bad index
[2018-08-03 17:18:35.863] proc name: Get (/datum/controller/configuration/proc/Get)
[2018-08-03 17:18:35.863]   source file: configuration.dm,178
[2018-08-03 17:18:35.863] 
[2018-08-03 17:18:35.864] runtime error: Cannot read null.commit
[2018-08-03 17:18:35.864] proc name: Run (/datum/world_topic/status/Run)
[2018-08-03 17:18:35.864]   source file: world_topic.dm,151
[2018-08-03 17:18:35.864] 
[2018-08-03 17:18:35.864] runtime error: bad index
[2018-08-03 17:18:35.864] proc name: Get (/datum/controller/configuration/proc/Get)
[2018-08-03 17:18:35.864]   source file: configuration.dm,178
[2018-08-03 17:18:35.864] 
[2018-08-03 17:18:35.865] runtime error: bad index
[2018-08-03 17:18:35.865] proc name: Get (/datum/controller/configuration/proc/Get)
[2018-08-03 17:18:35.865]   source file: configuration.dm,178
[2018-08-03 17:18:35.865] 
[2018-08-03 17:18:35.865] runtime error: bad index
[2018-08-03 17:18:35.865] proc name: Get (/datum/controller/configuration/proc/Get)
[2018-08-03 17:18:35.865]   source file: configuration.dm,178
[2018-08-03 17:18:35.865] 
[2018-08-03 17:18:35.866] runtime error: bad index
[2018-08-03 17:18:35.866] proc name: Get (/datum/controller/configuration/proc/Get)
[2018-08-03 17:18:35.866]   source file: configuration.dm,178
[2018-08-03 17:18:35.866] 
[2018-08-03 17:18:35.866] runtime error: bad index
[2018-08-03 17:18:35.866] proc name: Get (/datum/controller/configuration/proc/Get)
[2018-08-03 17:18:35.866]   source file: configuration.dm,178
[2018-08-03 17:18:35.866] 
[2018-08-03 17:18:35.866] runtime error: Cannot read null.commit
[2018-08-03 17:18:35.866] proc name: Run (/datum/world_topic/status/Run)
[2018-08-03 17:18:35.866]   source file: world_topic.dm,151
[2018-08-03 17:18:35.866] 
[2018-08-03 17:18:36.059] Running /tg/ revision:
[2018-08-03 17:18:36.060] 85ac69a5ed4fb4775a41e633b69d4e33da2ea21b: 2018-07-28
[2018-08-03 17:18:36.061] runtime error: list index out of bounds
[2018-08-03 17:18:36.061] proc name: New (/datum/getrev/New)
[2018-08-03 17:18:36.061]   source file: getrev.dm,23
[2018-08-03 17:18:36.061] 
[2018-08-03 17:18:36.072] Loading config file config.txt...
[2018-08-03 17:18:36.074] Loading config file game_options.txt...
[2018-08-03 17:18:36.077] Unknown setting in configuration: 'w##'
[2018-08-03 17:18:36.080] Failed to validate setting "DOUBLE_AGENTS 20" for min_pop
[2018-08-03 17:18:36.080] Failed to validate setting "DOUBLE_AGENTS -1" for max_pop
[2018-08-03 17:18:36.089] Loading config file dbconfig.txt...
[2018-08-03 17:18:36.090] Loading config file comms.txt...
[2018-08-03 17:18:36.098] Loading config file maps.txt...
[2018-08-03 17:18:36.253] Database connection established.
[2018-08-03 17:18:36.286] SQL: Could not get schema version from database
