

Starting up round ID 1236. 06:57:56
---------------------
[06:57:56]GAME: Round ID: 1236
[06:57:56]ADMIN: Loading Banlist
[06:57:57]ACCESS: Login: Neapher from 24.179.145.167-2326509813 || BYOND v512
[06:57:57]ACCESS: Mob Login: Neapher/(Neapher) was assigned to a /mob/dead/new_player
[06:57:57]GAME: Saved mode is 'secret'
[06:58:27]GAME: Z-level Away Mission loaded at at 0,0,14
[06:58:27]GAME: Hierophant's Arena loaded at at 205,45,5
[06:58:27]GAME: Animal Hospital loaded at at 102,189,5
[06:58:27]GAME: Ripley loaded at at 211,131,5
[06:58:27]GAME: Seed Vault loaded at at 109,86,5
[06:58:27]GAME: Ruin of Pride loaded at at 209,73,5
[06:58:27]GAME: Ruin of Sloth loaded at at 180,141,5
[06:58:27]GAME: Summoning Ritual loaded at at 137,189,5
[06:58:27]GAME: Ruined Pizza Party loaded at at 132,60,5
[06:58:28]GAME: Blood-Drunk Miner (Guidance) loaded at at 74,147,5
[06:58:28]GAME: Ruin of Gluttony loaded at at 187,160,5
[06:58:28]GAME: UFO Crash loaded at at 200,106,5
[06:58:28]GAME: Waylaid Buses loaded at at 41,104,4
[06:58:28]GAME: Unnamed Turreted Outpost loaded at at 95,54,9
[06:58:28]GAME: A Giant Ball of Paper in Space loaded at at 167,68,7
[06:58:29]GAME: Crashed Ship loaded at at 43,178,3
[06:58:29]GAME: Detached Teleporter loaded at at 87,84,4
[06:58:29]GAME: Derelict 1 loaded at at 112,65,3
[06:58:29]GAME: Asteroid 2 loaded at at 115,120,10
[06:58:29]GAME: CF Corsair loaded at at 59,147,7
[06:58:29]GAME: Ancient Cloning Lab loaded at at 171,213,3
[06:58:29]GAME: Asteroid 1 loaded at at 46,63,4
[06:58:29]GAME: Derelict 3 loaded at at 80,62,3
[06:58:29]GAME: Gondoland loaded at at 143,80,10
[06:58:29]GAME: Ordinary Space Tile loaded at at 156,35,9
[06:58:29]GAME: Aesthetic Outpost loaded at at 30,183,7
[06:58:29]GAME: Survivalist Bunker loaded at at 73,81,11
[06:58:41]ADMIN: Neapher/(Neapher) set the pre-game delay to 8 minutes and 20 seconds.
[06:58:46]ADMIN: Neapher/(Neapher) set the pre-game delay to 5 minutes.
[06:59:27]ADMIN: Neapher/(Neapher) set the forced secret mode as secret_extended.
[06:59:37]ADMIN: Neapher/(Neapher) set the forced secret mode as extended.
[07:00:45]GAME: fancy transport ferry loaded at at 115,146,1
[07:00:45]GAME: Box Station Emergency Shuttle loaded at at 116,137,1
[07:00:46]GAME: basic syndicate infiltrator loaded at at 113,137,1
[07:00:47]GAME: cargo ferry (Box) loaded at at 118,142,1
[07:00:47]GAME: labour shuttle (Box) loaded at at 119,144,1
[07:00:47]GAME: arrival shuttle (Box) loaded at at 114,145,1
[07:00:48]GAME: mining shuttle (Box) loaded at at 119,145,1
[07:05:08]ACCESS: Mob Login: Neapher/(Lemon Damon) was assigned to a /mob/living/carbon/human
[07:05:12]EMOTE: *no key*/(Lizard) : <b>Lizard</b> stops moving... (48,116,4)
[07:05:12]EMOTE: *no key*/(monkey (179)) : <b>The monkey (179)</b> jumps! (160,117,2)
[07:05:13]EMOTE: *no key*/(mouse) : <b>The mouse</b> shakes. (95,89,2)
[07:05:13]GAME: *no key*/(Syndicate Mecha Pilot) fired a the SGL-6 grenade launcher (168,124,14)
[07:05:13]SAY: Prison Ofitser/ : Engaging patrol mode. (23,36,5)
[07:05:13]SAY: Prison Ofitser/ : Disengaging patrol mode. (23,36,5)
[07:05:13]SAY: Poly/ : WHO TOOK THE DAMN HARDSUITS? (118,82,2)
[07:05:13]SAY: Officer Beepsky/ : Engaging patrol mode. (94,159,2)
[07:05:19]GAME: *no key*/(Syndicate Mecha Pilot) fired a the SGL-6 grenade launcher (165,116,14)
[07:05:27]GAME: *no key*/(Syndicate Mecha Pilot) fired a the SGL-6 grenade launcher (165,116,14)
[07:05:31]SAY: Mjor the Creative/ : Rise, my creations! Jump off your pages and into this realm! (200,79,7)
[07:05:33]GAME: Neapher/(Lemon Damon) checked the player panel while in game.
[07:05:37]EMOTE: *no key*/(mouse) : <b>The mouse</b> squeeks. (161,165,2)
[07:05:39]SAY: Mjor the Creative/ : Rise, my creations! Jump off your pages and into this realm! (200,79,7)
[07:05:39]GAME: *no key*/(Syndicate Mecha Pilot) fired a the SGL-6 grenade launcher (165,116,14)
[07:05:41]EMOTE: *no key*/(penguin) : <b>Babbe</b> preens itself. (144,137,2)
[07:05:43]SAY: mouse/ : Squeek! (196,82,2)
[07:05:44]ACCESS: Mob Login: Neapher/(alien drone (449)) was assigned to a /mob/living/carbon/alien/humanoid/drone
[07:05:44]ADMIN: *no key*/(Lemon Damon) made *no key*/(Lemon Damon) into an alien.
[07:05:47]SAY: Medibot/ : Delicious! (154,73,1)
[07:05:47]EMOTE: *no key*/(corgi) : <b>The corgi puppy</b> barks! (93,119,14)
[07:05:49]GAME: *no key*/(Syndicate Mecha Pilot) fired a the SGL-6 grenade launcher (165,116,14)
[07:05:50]EMOTE: *no key*/(monkey (642)) : <b>The monkey (642)</b> scratches. (157,101,2)
[07:05:58]ADMIN: Neapher/(alien drone (449)) deleted Lemon Damon's ID Card (Chaplain) at (178, 145, 2)
[07:06:02]ADMIN: Neapher/(alien drone (449)) deleted PDA-Lemon Damon (Chaplain) at (178, 145, 2)
[07:06:03]EMOTE: *no key*/(Runtime) : <b>Runtime</b> meows. (160,110,2)
[07:06:07]EMOTE: *no key*/(mouse) : <b>The mouse</b> shakes. (142,146,2)
[07:06:13]SAY: Medibot/ : Radar, put a mask on! (155,73,1)
[07:06:14]EMOTE: *no key*/(monkey (294)) : <b>The monkey (294)</b> rolls. (158,100,2)
[07:06:25]SAY: mouse/ : SQUEEK! (165,153,2)
[07:06:25]EMOTE: *no key*/(Paperwork) : <b>Paperwork</b> snores. (80,124,2)
[07:06:31]SAY: mouse/ : Squeek! (89,153,2)
[07:06:35]EMOTE: *no key*/(Poly) : <b>Poly</b> looks in the Power-ON cartridge's direction and takes flight. (115,79,2)
[07:06:39]SAY: Mjor the Creative/ : Rise, my creations! Jump off your pages and into this realm! (200,79,7)
[07:06:39]EMOTE: *no key*/(mouse) : <b>The mouse</b> shakes. (107,105,2)
[07:06:44]SAY: emergency Medibot/ : Delicious! (117,198,5)
[07:06:48]SAY: mouse/ : SQUEEK! (196,84,2)
[07:06:50]EMOTE: *no key*/(monkey (294)) : <b>The monkey (294)</b> jumps! (158,99,2)
[07:06:50]EMOTE: *no key*/(Runtime) : <b>Runtime</b> grooms its fur. (159,110,2)
[07:06:58]EMOTE: *no key*/(monkey (642)) : <b>The monkey (642)</b> rolls. (157,99,2)
[07:07:04]EMOTE: *no key*/(Paperwork) : <b>Paperwork</b> yawns. (80,124,2)
[07:07:06]SAY: Medibot/ : There&#39;s always a catch, and I&#39;m the best there is. (155,73,1)
[07:07:08]EMOTE: *no key*/(grey baby slime (120)) : <b>The grey baby slime (120)</b> bounces in place. (175,94,2)
[07:07:10]EMOTE: *no key*/(Ian) : <b>Ian</b> barks! (108,117,2)
[07:07:14]EMOTE: *no key*/(monkey (642)) : <b>The monkey (642)</b> rolls. (157,99,2)
[07:07:16]SAY: Babbe/ : noot! (144,136,2)
[07:07:26]SAY: mouse/ : Squeek? (196,85,2)
[07:07:36]EMOTE: *no key*/(Poly) : <b>Poly</b> flutters its wings. (115,79,2)
[07:07:52]EMOTE: *no key*/(Ian) : <b>Ian</b> dances around. (108,118,2)
[07:08:00]EMOTE: *no key*/(Runtime) : <b>Runtime</b> sits down. (160,110,2)
[07:08:02]SAY: Tom/ : Squeek! (100,189,2)
[07:08:03]ACCESS: Logout: Neapher/(alien drone (449))
[07:08:15]SAY: Nobody's Perfect/ : I knew it, I should&#39;ve been a plastic surgeon. (24,75,1)
[07:08:15]ACCESS: Login: Neapher from 24.179.145.167-2326509813 || BYOND v512
[07:08:15]ACCESS: Mob Login: Neapher/(alien drone (449)) was assigned to a /mob/living/carbon/alien/humanoid/drone
[07:08:25]SAY: mouse/ : SQUEEK! (106,107,2)
[07:08:25]SAY: mouse/ : Squeek? (197,85,2)
[07:08:25]SAY: Poly/ : Hello! (115,79,2)
[07:08:27]SAY: Poly/ : FINNA YEET (115,79,2)
[07:08:36]SAY: Runtime/ : Purr! (160,110,2)
[07:08:38]EMOTE: *no key*/(Poly) : <b>Poly</b> looks in the Power-ON cartridge's direction and takes flight. (115,79,2)
[07:08:40]SAY: mouse/ : Squeek? (161,165,2)
[07:08:42]EMOTE: *no key*/(monkey (871)) : <b>The monkey (871)</b> scratches. (160,117,2)
[07:08:44]EMOTE: *no key*/(monkey (871)) : <b>The monkey (871)</b> jumps! (160,118,2)
[07:08:52]EMOTE: *no key*/(monkey (577)) : <b>The monkey (577)</b> waves her tail. (160,120,2)
[07:08:57]GAME: Random Event triggering: Minor Space Dust (/datum/round_event/space_dust)
[07:09:03]ACCESS: Logout: Neapher/(alien drone (449))
[07:09:15]ACCESS: Login: Neapher from 24.179.145.167-2326509813 || BYOND v512
[07:09:15]ACCESS: Mob Login: Neapher/(alien drone (449)) was assigned to a /mob/living/carbon/alien/humanoid/drone
[07:09:17]EMOTE: *no key*/(mouse) : <b>The mouse</b> shakes. (95,88,2)
[07:09:27]SAY: corgi puppy/ : Bark! (93,119,14)
[07:09:43]SAY: emergency Medibot/ : There&#39;s always a catch, and I&#39;m the best there is. (117,198,5)
[07:09:43]SAY: Tom/ : SQUEEK! (100,190,2)
[07:09:53]EMOTE: *no key*/(Runtime) : <b>Runtime</b> looks alert. (160,110,2)
[07:09:53]EMOTE: *no key*/(Poly) : <b>Poly</b> looks in the Power-ON cartridge's direction and takes flight. (115,79,2)
[07:09:53]EMOTE: *no key*/(penguin) : <b>Babbe</b> shakes its beak. (143,138,2)
[07:10:01]SAY: Medibot/ : I knew it, I should&#39;ve been a plastic surgeon. (155,73,1)
[07:10:03]ACCESS: Logout: Neapher/(alien drone (449))
[07:10:13]ACCESS: Login: Neapher from 24.179.145.167-2326509813 || BYOND v512
[07:10:13]ACCESS: Mob Login: Neapher/(alien drone (449)) was assigned to a /mob/living/carbon/alien/humanoid/drone
[07:10:18]EMOTE: *no key*/(monkey (550)) : <b>The monkey (550)</b> waves his tail. (159,101,2)
[07:10:18]EMOTE: *no key*/(monkey (673)) : <b>The monkey (673)</b> waves his tail. (160,117,2)
[07:10:24]EMOTE: *no key*/(Runtime) : <b>Runtime</b> wags its tail. (160,110,2)
[07:10:24]SAY: emergency Medibot/ : What kind of medbay is this? Everyone&#39;s dropping like flies. (117,198,5)
[07:10:30]SAY: Medibot/ : There&#39;s always a catch, and I&#39;m the best there is. (154,73,1)
[07:10:44]EMOTE: *no key*/(monkey (642)) : <b>The monkey (642)</b> waves her tail. (160,99,2)
[07:10:52]EMOTE: *no key*/(mouse) : <b>The mouse</b> shakes. (161,165,2)
[07:10:52]SAY: Poly/ : TRIED! (115,79,2)
[07:10:54]EMOTE: *no key*/(Ian) : <b>Ian</b> dances around. (108,116,2)
[07:10:56]EMOTE: *no key*/(monkey (673)) : <b>The monkey (673)</b> rolls. (160,118,2)
[07:10:56]EMOTE: *no key*/(Ian) : <b>Ian</b> dances around. (108,116,2)
[07:11:00]SAY: Medibot/ : Radar, put a mask on! (154,73,1)
[07:11:00]EMOTE: *no key*/(penguin) : <b>Babbe</b> shakes its beak. (143,137,2)
[07:11:04]EMOTE: *no key*/(Poly) : <b>Poly</b> looks in the Power-ON cartridge's direction and takes flight. (115,79,2)
[07:11:08]SAY: mouse/ : Squeek! (161,165,2)
[07:11:16]EMOTE: *no key*/(corgi) : <b>The corgi puppy</b> shivers. (93,119,14)
[07:11:26]EMOTE: *no key*/(monkey (972)) : <b>The monkey (972)</b> jumps! (161,117,2)
[07:11:42]SAY: emergency Medibot/ : There&#39;s always a catch, and I&#39;m the best there is. (117,198,5)
[07:11:44]EMOTE: *no key*/(monkey (577)) : <b>The monkey (577)</b> rolls. (161,119,2)
[07:11:48]EMOTE: *no key*/(Runtime) : <b>Runtime</b> stretches out for a belly rub. (160,110,2)
[07:11:48]EMOTE: *no key*/(monkey (196)) : <b>The monkey (196)</b> jumps! (160,119,2)
[07:11:50]EMOTE: *no key*/(Tom) : <b>Tom</b> squeeks. (100,190,2)
[07:11:54]EMOTE: *no key*/(monkey (972)) : <b>The monkey (972)</b> scratches. (161,116,2)
[07:12:06]EMOTE: *no key*/(grey baby slime (120)) : <b>The grey baby slime (120)</b> jiggles! (176,93,2)
[07:12:10]SAY: emergency Medibot/ : I knew it, I should&#39;ve been a plastic surgeon. (117,198,5)
[07:12:24]EMOTE: *no key*/(monkey (972)) : <b>The monkey (972)</b> rolls. (160,116,2)
[07:12:24]EMOTE: *no key*/(Poly) : <b>Poly</b> looks in the Power-ON cartridge's direction and takes flight. (115,79,2)
[07:12:29]ACCESS: Logout: Neapher/(alien drone (449))
[07:12:34]ACCESS: Login: Neapher from 24.179.145.167-2326509813 || BYOND v512
[07:12:34]ACCESS: Mob Login: Neapher/(alien drone (449)) was assigned to a /mob/living/carbon/alien/humanoid/drone
[07:12:36]ACCESS: Logout: Neapher/(alien drone (449))
[07:12:37]ACCESS: Login: Neapher from 24.179.145.167-2326509813 || BYOND v512
[07:12:37]ACCESS: Mob Login: Neapher/(alien drone (449)) was assigned to a /mob/living/carbon/alien/humanoid/drone
[07:12:44]EMOTE: *no key*/(monkey (196)) : <b>The monkey (196)</b> rolls. (160,119,2)
[07:12:48]ACCESS: Logout: Neapher/(alien drone (449))
[07:12:55]ACCESS: Login: Neapher from 24.179.145.167-2326509813 || BYOND v512
[07:12:55]ACCESS: Mob Login: Neapher/(alien drone (449)) was assigned to a /mob/living/carbon/alien/humanoid/drone
[07:12:55]SAY: Poly/ : Dumb cu&#39;nt (115,79,2)
[07:12:59]EMOTE: *no key*/(Runtime) : <b>Runtime</b> stops resting. (160,110,2)
[07:13:08]EMOTE: *no key*/(Pete) : <b>Pete</b> stops moving... (152,140,2)
[07:13:09]EMOTE: *no key*/(grey baby slime (292)) : <b>The grey baby slime (292)</b> jiggles! (166,92,2)
[07:13:16]SAY: Poly/ : Hey AI, please lock in el retardo or whatever (115,79,2)
[07:13:24]EMOTE: *no key*/(corgi) : <b>The corgi puppy</b> yaps. (93,119,14)
[07:13:25]GAME: Random Event triggering: Minor Space Dust (/datum/round_event/space_dust)
[07:13:26]SAY: Medibot/ : Radar, put a mask on! (155,73,1)
[07:13:30]SAY: Poly/ : Poly (115,79,2)
[07:13:37]EMOTE: *no key*/(monkey (181)) : <b>The monkey (181)</b> jumps! (160,99,2)
[07:13:42]EMOTE: *no key*/(Poly) : <b>Poly</b> looks in the Power-ON cartridge's direction and takes flight. (115,79,2)
[07:13:56]EMOTE: *no key*/(monkey (673)) : <b>The monkey (673)</b> waves his tail. (160,116,2)
[07:14:02]EMOTE: *no key*/(monkey (642)) : <b>The monkey (642)</b> jumps! (159,100,2)
[07:14:06]SAY: Medibot/ : What kind of medbay is this? Everyone&#39;s dropping like flies. (154,73,1)
[07:14:07]EMOTE: *no key*/(monkey (179)) : <b>The monkey (179)</b> rolls. (161,120,2)
[07:14:14]EMOTE: *no key*/(Ian) : <b>Ian</b> pants. (109,119,2)
[07:14:22]EMOTE: *no key*/(Runtime) : <b>Runtime</b> grooms its fur. (158,109,2)
[07:14:24]EMOTE: *no key*/(monkey (670)) : <b>The monkey (670)</b> scratches. (161,99,2)
[07:14:24]SAY: Poly/ : I can investigate (115,79,2)
[07:14:24]EMOTE: *no key*/(Ian) : <b>Ian</b> woofs! (109,119,2)
[07:14:24]EMOTE: *no key*/(penguin) : <b>Babbe</b> flaps it's wings. (144,136,2)
[07:14:34]EMOTE: *no key*/(mouse) : <b>The mouse</b> runs in a circle. (192,123,2)
[07:14:42]EMOTE: *no key*/(mouse) : <b>The mouse</b> shakes. (161,165,2)
[07:14:48]EMOTE: *no key*/(grey baby slime (120)) : <b>The grey baby slime (120)</b> bounces in place. (176,92,2)
[07:14:48]EMOTE: *no key*/(Runtime) : <b>Runtime</b> wags its tail. (157,109,2)
[07:14:50]EMOTE: *no key*/(Poly) : <b>Poly</b> looks in the Power-ON cartridge's direction and takes flight. (115,79,2)
[07:15:00]SAY: Nobody's Perfect/ : Delicious! (24,75,1)
[07:15:24]EMOTE: *no key*/(grey baby slime (120)) : <b>The grey baby slime (120)</b> lights up for a bit, then stops. (176,94,2)
[07:15:40]EMOTE: *no key*/(mouse) : <b>The mouse</b> squeeks. (161,165,2)
[07:15:44]EMOTE: *no key*/(monkey (550)) : <b>The monkey (550)</b> jumps! (161,99,2)
[07:15:50]SAY: Nobody's Perfect/ : Delicious! (24,75,1)
[07:15:56]EMOTE: *no key*/(monkey (550)) : <b>The monkey (550)</b> waves his tail. (161,99,2)
[07:16:00]SAY: Tom/ : Squeek? (104,191,2)
[07:16:02]EMOTE: *no key*/(monkey (972)) : <b>The monkey (972)</b> scratches. (160,118,2)
[07:16:06]EMOTE: *no key*/(grey baby slime (120)) : <b>The grey baby slime (120)</b> lights up for a bit, then stops. (175,93,2)
[07:16:14]SAY: Tom/ : SQUEEK! (103,191,2)
[07:16:20]EMOTE: *no key*/(Poly) : <b>Poly</b> looks in the Power-ON cartridge's direction and takes flight. (115,79,2)
[07:16:24]SAY: Ian/ : YAP (109,121,2)
[07:16:34]SAY: grey baby slime (292)/ : Rawr... (166,94,2)
[07:16:36]SAY: mouse/ : Squeek? (163,154,2)
[07:16:38]EMOTE: *no key*/(mouse) : <b>The mouse</b> squeeks. (163,154,2)
[07:16:40]SAY: mouse/ : Squeek? (163,154,2)
[07:16:50]SAY: Medibot/ : Delicious! (154,73,1)
[07:16:50]SAY: Babbe/ : noot! (143,135,2)
[07:17:00]EMOTE: *no key*/(monkey (673)) : <b>The monkey (673)</b> jumps! (161,117,2)
[07:17:02]EMOTE: *no key*/(Ian) : <b>Ian</b> chases its tail! (109,119,2)
[07:17:02]EMOTE: *no key*/(Ian) : <b>Ian</b> chases its tail. (109,119,2)
[07:17:04]EMOTE: *no key*/(Runtime) : <b>Runtime</b> crouches on its hind legs. (157,109,2)
[07:17:22]SAY: grey baby slime (292)/ : Blop... (167,93,2)
[07:17:22]EMOTE: *no key*/(Ian) : <b>Ian</b> yaps. (109,119,2)
[07:17:24]EMOTE: *no key*/(Poly) : <b>Poly</b> looks in the Power-ON cartridge's direction and takes flight. (115,79,2)
[07:17:26]EMOTE: *no key*/(Tom) : <b>Tom</b> runs in a circle. (104,191,2)
[07:17:28]SAY: Tom/ : SQUEEK! (104,191,2)
[07:17:38]EMOTE: *no key*/(corgi) : <b>The corgi puppy</b> shivers. (93,119,14)
[07:17:40]EMOTE: *no key*/(Paperwork) : <b>Paperwork</b> yawns. (74,116,2)
[07:17:44]EMOTE: *no key*/(monkey (181)) : <b>The monkey (181)</b> jumps! (159,100,2)
[07:17:45]GAME: Random Event triggering: Shuttle Loan (/datum/round_event/shuttle_loan)
[07:17:47]ACCESS: Login: Disguiser from 186.90.172.150-4044292613 || BYOND v512
[07:17:47]ACCESS: Mob Login: Disguiser/(Disguiser) was assigned to a /mob/dead/new_player
[07:17:54]EMOTE: *no key*/(monkey (179)) : <b>The monkey (179)</b> jumps! (160,118,2)
[07:17:57]SAY: emergency Medibot/ : Radar, put a mask on! (117,198,5)
[07:17:57]EMOTE: *no key*/(corgi) : <b>The corgi puppy</b> woofs! (93,119,14)
[07:17:57]EMOTE: *no key*/(Poly) : <b>Poly</b> squawks. (115,79,2)
[07:17:58]EMOTE: *no key*/(monkey (670)) : <b>The monkey (670)</b> jumps! (161,99,2)
[07:17:58]ACCESS: Logout: Disguiser/(Disguiser)
[07:18:01]EMOTE: *no key*/(corgi) : <b>The corgi puppy</b> shivers. (93,119,14)
[07:18:03]SAY: Medibot/ : Radar, put a mask on! (154,73,1)
[07:18:35]EMOTE: *no key*/(Poly) : <b>Poly</b> looks in the Power-ON cartridge's direction and takes flight. (115,79,2)
[07:18:49]EMOTE: *no key*/(Runtime) : <b>Runtime</b> gets up and meows. (157,109,2)
[07:19:03]SAY: Medibot/ : I knew it, I should&#39;ve been a plastic surgeon. (155,73,1)
[07:19:13]EMOTE: *no key*/(grey baby slime (292)) : <b>The grey baby slime (292)</b> bounces in place. (167,93,2)
[07:19:19]SAY: Runtime/ : Esp! (158,110,2)
[07:19:23]EMOTE: *no key*/(monkey (871)) : <b>The monkey (871)</b> waves her tail. (160,117,2)
[07:19:25]EMOTE: *no key*/(monkey (673)) : <b>The monkey (673)</b> rolls. (161,120,2)
[07:19:28]SAY: mouse/ : SQUEEK! (164,153,2)
[07:19:29]EMOTE: *no key*/(monkey (642)) : <b>The monkey (642)</b> scratches. (159,101,2)
[07:19:29]EMOTE: *no key*/(Runtime) : <b>Runtime</b> looks alert. (158,110,2)
[07:19:34]EMOTE: *no key*/(mouse) : <b>The mouse</b> runs in a circle. (164,153,2)
[07:19:38]EMOTE: *no key*/(Runtime) : <b>Runtime</b> shakes its head. (158,110,2)
[07:19:50]EMOTE: *no key*/(mouse) : <b>The mouse</b> shakes. (164,153,2)
[07:20:18]SAY: Medibot/ : What kind of medbay is this? Everyone&#39;s dropping like flies. (154,73,1)
[07:20:18]EMOTE: *no key*/(Poly) : <b>Poly</b> looks in the Power-ON cartridge's direction and takes flight. (115,79,2)
[07:20:23]EMOTE: *no key*/(monkey (550)) : <b>The monkey (550)</b> waves his tail. (158,99,2)
[07:20:51]EMOTE: *no key*/(Ian) : <b>Ian</b> dances around. (108,119,2)
[07:20:54]EMOTE: *no key*/(mouse) : <b>The mouse</b> shakes. (190,124,2)
[07:20:57]SAY: grey baby slime (120)/ : Lonely... (176,94,2)
[07:21:00]EMOTE: *no key*/(Runtime) : <b>Runtime</b> shakes its head. (158,110,2)
[07:21:03]EMOTE: *no key*/(monkey (181)) : <b>The monkey (181)</b> waves her tail. (160,100,2)
[07:21:08]EMOTE: *no key*/(mouse) : <b>The mouse</b> runs in a circle. (161,165,2)
[07:21:17]EMOTE: *no key*/(Ian) : <b>Ian</b> chases its tail! (108,118,2)
[07:21:20]EMOTE: *no key*/(Poly) : <b>Poly</b> looks in the Power-ON cartridge's direction and takes flight. (115,79,2)
[07:21:21]EMOTE: *no key*/(monkey (181)) : <b>The monkey (181)</b> scratches. (157,99,2)
[07:21:32]SAY: Tom/ : Squeek? (103,189,2)
[07:21:33]EMOTE: *no key*/(Runtime) : <b>Runtime</b> lies down. (158,110,2)
[07:21:41]EMOTE: *no key*/(monkey (972)) : <b>The monkey (972)</b> scratches. (160,119,2)
[07:22:00]EMOTE: *no key*/(butterfly) : <b>The butterfly</b> stops moving... (39,186,7)
[07:22:09]EMOTE: *no key*/(monkey (294)) : <b>The monkey (294)</b> jumps! (159,100,2)
[07:22:22]SAY: Poly/ : Pump that connected the plasma with all the station was turned on (117,82,2)
[07:22:26]EMOTE: *no key*/(mouse) : <b>The mouse</b> runs in a circle. (161,165,2)
[07:22:46]EMOTE: *no key*/(mouse) : <b>The mouse</b> runs in a circle. (163,154,2)
[07:22:53]EMOTE: *no key*/(Runtime) : <b>Runtime</b> walks around. (158,110,2)
[07:22:54]EMOTE: *no key*/(Poly) : <b>Poly</b> flutters its wings. (117,82,2)
[07:22:56]EMOTE: *no key*/(Tom) : <b>Tom</b> shakes. (103,190,2)
[07:22:59]EMOTE: *no key*/(monkey (972)) : <b>The monkey (972)</b> waves his tail. (160,116,2)
[07:23:00]EMOTE: *no key*/(Paperwork) : <b>Paperwork</b> looks around sleepily. (77,121,2)
[07:23:06]EMOTE: *no key*/(Runtime) : <b>Runtime</b> shivers. (159,109,2)
[07:23:09]EMOTE: *no key*/(monkey (577)) : <b>The monkey (577)</b> jumps! (160,116,2)
[07:23:11]EMOTE: *no key*/(Ian) : <b>Ian</b> dances around. (108,119,2)
[07:23:12]SAY: Medibot/ : There&#39;s always a catch, and I&#39;m the best there is. (155,73,1)
[07:23:13]EMOTE: *no key*/(Ian) : <b>Ian</b> dances around. (108,119,2)
[07:23:26]SAY: mouse/ : Squeek! (161,165,2)
[07:23:35]EMOTE: *no key*/(Runtime) : <b>Runtime</b> looks alert. (160,109,2)
[07:23:44]SAY: mouse/ : Squeek! (161,165,2)
[07:23:56]SAY: Nobody's Perfect/ : There&#39;s always a catch, and I&#39;m the best there is. (24,75,1)
[07:24:02]GAME: Random Event triggering: Minor Space Dust (/datum/round_event/space_dust)
[07:24:13]EMOTE: *no key*/(Poly) : <b>Poly</b> looks in the Power-ON cartridge's direction and takes flight. (115,79,2)
[07:24:19]EMOTE: *no key*/(monkey (972)) : <b>The monkey (972)</b> jumps! (161,117,2)
[07:24:21]EMOTE: *no key*/(monkey (196)) : <b>The monkey (196)</b> rolls. (161,119,2)
[07:24:43]SAY: Tom/ : SQUEEK! (104,189,2)
[07:24:45]SAY: emergency Medibot/ : Delicious! (117,198,5)
[07:24:45]EMOTE: *no key*/(grey baby slime (292)) : <b>The grey baby slime (292)</b> lights up for a bit, then stops. (166,93,2)
[07:24:48]EMOTE: *no key*/(Officer Beepsky) : <b>Officer Beepsky</b> stops moving... 
[07:24:49]SAY: emergency Medibot/ : Radar, put a mask on! (117,198,5)
[07:24:51]EMOTE: *no key*/(monkey (673)) : <b>The monkey (673)</b> rolls. (161,117,2)
[07:24:55]SAY: Nobody's Perfect/ : What kind of medbay is this? Everyone&#39;s dropping like flies. (24,75,1)
[07:24:55]EMOTE: *no key*/(Runtime) : <b>Runtime</b> gets up and meows. (160,109,2)
[07:24:57]SAY: corgi puppy/ : Bark! (93,119,14)
[07:25:01]SAY: mouse/ : SQUEEK! (161,165,2)
[07:25:05]EMOTE: *no key*/(Runtime) : <b>Runtime</b> twitches its whiskers. (159,109,2)
[07:25:17]EMOTE: *no key*/(monkey (294)) : <b>The monkey (294)</b> jumps! (159,100,2)
[07:25:19]EMOTE: *no key*/(monkey (196)) : <b>The monkey (196)</b> jumps! (161,119,2)
[07:25:21]SAY: mouse/ : SQUEEK! (190,123,2)
[07:25:21]EMOTE: *no key*/(Poly) : <b>Poly</b> looks in the Power-ON cartridge's direction and takes flight. (115,79,2)
[07:25:31]EMOTE: *no key*/(monkey (577)) : <b>The monkey (577)</b> gasps! (146,97,2)
[07:25:37]SAY: Nobody's Perfect/ : There&#39;s always a catch, and I&#39;m the best there is. (24,75,1)
[07:25:41]EMOTE: *no key*/(grey baby slime (120)) : <b>The grey baby slime (120)</b> bounces in place. (175,93,2)
[07:25:45]EMOTE: *no key*/(monkey (577)) : <b>The monkey (577)</b> gasps! (150,85,2)
[07:26:00]EMOTE: *no key*/(monkey (972)) : <b>The monkey (972)</b> jumps! (161,116,2)
[07:26:00]EMOTE: *no key*/(monkey (577)) : <b>The monkey (577)</b> gasps! (147,78,2)
[07:26:06]EMOTE: *no key*/(Runtime) : <b>Runtime</b> sits down. (160,107,2)
[07:26:10]EMOTE: *no key*/(Ian) : <b>Ian</b> chases its tail! (109,119,2)
[07:26:13]EMOTE: *no key*/(monkey (642)) : <b>The monkey (642)</b> rolls. (159,101,2)
[07:26:16]EMOTE: *no key*/(monkey (673)) : <b>The monkey (673)</b> scratches. (161,119,2)
[07:26:18]EMOTE: *no key*/(monkey (577)) : <b>The monkey (577)</b> gasps! (146,82,2)
[07:26:18]GAME: Explosion with size (0, 1, 5, 5) in area Incinerator (145,82,2)
[07:26:19]EMOTE: *no key*/(corgi) : <b>The corgi puppy</b> shivers. (93,119,14)
[07:26:21]SAY: mouse/ : SQUEEK! (161,165,2)
[07:26:21]EMOTE: *no key*/(monkey (577)) : <b>The monkey (577)</b> lets out a faint chimper as it collapses and stops moving... (146,82,2)
[07:26:21]EMOTE: *no key*/(grey baby slime (120)) : <b>The grey baby slime (120)</b> lights up for a bit, then stops. (175,94,2)
[07:26:35]EMOTE: *no key*/(Runtime) : <b>Runtime</b> mews. (160,107,2)
[07:26:39]EMOTE: *no key*/(Poly) : <b>Poly</b> looks in the Power-ON cartridge's direction and takes flight. (115,79,2)
[07:26:49]SAY: corgi puppy/ : YAP (93,119,14)
[07:26:49]SAY: Babbe/ : noot noot (143,137,2)
[07:26:51]EMOTE: *no key*/(monkey (181)) : <b>The monkey (181)</b> rolls. (157,100,2)
[07:27:18]SAY: Medibot/ : There&#39;s always a catch, and I&#39;m the best there is. (155,73,1)
[07:27:24]EMOTE: *no key*/(monkey (972)) : <b>The monkey (972)</b> scratches. (161,119,2)
[07:27:34]EMOTE: *no key*/(Runtime) : <b>Runtime</b> sits down. (160,107,2)
[07:27:44]SAY: Poly/ : Cuda jussst asssked (115,79,2)
[07:27:50]SAY: corgi puppy/ : Woof! (93,119,14)
[07:28:00]EMOTE: *no key*/(Paperwork) : <b>Paperwork</b> snores. (82,121,2)
[07:28:00]EMOTE: *no key*/(monkey (972)) : <b>The monkey (972)</b> jumps! (161,120,2)
[07:28:02]EMOTE: *no key*/(Poly) : <b>Poly</b> looks in the Power-ON cartridge's direction and takes flight. (115,79,2)
[07:28:16]EMOTE: *no key*/(monkey (642)) : <b>The monkey (642)</b> jumps! (159,101,2)
[07:28:16]EMOTE: *no key*/(Runtime) : <b>Runtime</b> wags its tail. (160,107,2)
[07:28:20]EMOTE: *no key*/(Runtime) : <b>Runtime</b> mews. (160,107,2)
[07:28:40]EMOTE: *no key*/(monkey (972)) : <b>The monkey (972)</b> jumps! (160,119,2)
[07:28:44]EMOTE: *no key*/(monkey (179)) : <b>The monkey (179)</b> scratches. (161,116,2)
[07:28:44]SAY: mouse/ : Squeek! (159,153,2)
[07:28:46]EMOTE: *no key*/(penguin) : <b>Babbe</b> shakes its beak. (144,138,2)
[07:28:52]EMOTE: *no key*/(corgi) : <b>The corgi puppy</b> shakes its head. (93,119,14)
[07:28:54]EMOTE: *no key*/(Runtime) : <b>Runtime</b> stops resting. (160,107,2)
[07:28:54]SAY: Poly/ : Jussst to avoid greytidersss (116,82,2)
[07:29:00]SAY: grey baby slime (120)/ : Lonely... (175,94,2)
[07:29:02]EMOTE: *no key*/(Runtime) : <b>Runtime</b> wags its tail. (160,107,2)
[07:29:02]EMOTE: *no key*/(monkey (972)) : <b>The monkey (972)</b> waves his tail. (160,120,2)
[07:29:02]EMOTE: *no key*/(Runtime) : <b>Runtime</b> mews. (160,107,2)
[07:29:06]EMOTE: *no key*/(mouse) : <b>The mouse</b> runs in a circle. (161,165,2)
[07:29:22]EMOTE: *no key*/(monkey (181)) : <b>The monkey (181)</b> jumps! (160,99,2)
[07:29:26]SAY: Poly/ : NOTICE: No server detected! (115,79,2)
[07:29:28]EMOTE: *no key*/(Runtime) : <b>Runtime</b> walks around. (160,107,2)
[07:29:32]EMOTE: *no key*/(monkey (550)) : <b>The monkey (550)</b> scratches. (161,99,2)
[07:29:34]SAY: Poly/ : Good bye soldiers (115,79,2)
[07:29:40]EMOTE: *no key*/(monkey (673)) : <b>The monkey (673)</b> rolls. (157,118,2)
[07:29:46]EMOTE: *no key*/(Poly) : <b>Poly</b> looks in the Power-ON cartridge's direction and takes flight. (115,79,2)
[07:29:48]EMOTE: *no key*/(Tom) : <b>Tom</b> shakes. (100,191,2)
[07:29:50]EMOTE: *no key*/(monkey (673)) : <b>The monkey (673)</b> jumps! (157,118,2)
[07:29:50]SAY: Runtime/ : Meow! (158,107,2)
[07:29:50]EMOTE: *no key*/(Paperwork) : <b>Paperwork</b> snores. (80,121,2)
[07:29:52]EMOTE: *no key*/(Tom) : <b>Tom</b> squeeks. (100,191,2)
[07:29:58]EMOTE: *no key*/(grey baby slime (292)) : <b>The grey baby slime (292)</b> lights up for a bit, then stops. (167,92,2)
[07:29:58]EMOTE: *no key*/(monkey (550)) : <b>The monkey (550)</b> jumps! (161,101,2)
[07:30:02]EMOTE: *no key*/(monkey (196)) : <b>The monkey (196)</b> waves her tail. (161,117,2)
[07:30:02]EMOTE: *no key*/(monkey (871)) : <b>The monkey (871)</b> waves her tail. (160,115,2)
[07:30:02]SAY: Ian/ : Bark! (110,116,2)
[07:30:08]EMOTE: *no key*/(Runtime) : <b>Runtime</b> grooms its fur. (158,108,2)
[07:30:08]EMOTE: *no key*/(Poly) : <b>Poly</b> squawks. (117,81,2)
[07:30:10]EMOTE: *no key*/(monkey (972)) : <b>The monkey (972)</b> rolls. (161,119,2)
[07:30:10]SAY: corgi puppy/ : YAP (93,119,14)
[07:30:10]SAY: Nobody's Perfect/ : What kind of medbay is this? Everyone&#39;s dropping like flies. (24,75,1)
[07:30:12]EMOTE: *no key*/(monkey (972)) : <b>The monkey (972)</b> scratches. (161,119,2)
[07:30:26]SAY: mouse/ : Squeek? (190,122,2)
[07:30:27]GAME: Random Event triggering: Aurora Caelus (/datum/round_event/aurora_caelus)
[07:30:38]EMOTE: *no key*/(penguin) : <b>Babbe</b> noots! (144,138,2)
[07:30:44]EMOTE: *no key*/(monkey (673)) : <b>The monkey (673)</b> scratches. (157,118,2)
[07:30:44]SAY: Tom/ : Squeek! (99,191,2)
[07:30:48]SAY: Poly/ : Stop it faggot (115,79,2)
[07:30:59]SAY: Medibot/ : Radar, put a mask on! (154,73,1)
[07:31:06]EMOTE: *no key*/(monkey (179)) : <b>The monkey (179)</b> rolls. (161,118,2)
[07:31:15]SAY: mouse/ : SQUEEK! (160,148,2)
[07:31:17]SAY: mouse/ : Squeek? (161,165,2)
[07:31:17]EMOTE: *no key*/(Poly) : <b>Poly</b> looks in the Power-ON cartridge's direction and takes flight. (115,79,2)
[07:31:27]SAY: mouse/ : Squeek! (190,122,2)
[07:31:28]EMOTE: *no key*/(Ian) : <b>Ian</b> dances around. (108,117,2)
[07:31:40]SAY: mouse/ : Squeek? (161,165,2)
[07:31:41]ACCESS: Mob Login: Neapher/(alien praetorian) was assigned to a /mob/living/carbon/alien/humanoid/royal/praetorian
[07:31:56]SAY: grey baby slime (120)/ : Blop... (177,93,2)
[07:32:00]SAY: emergency Medibot/ : Radar, put a mask on! (117,198,5)
[07:32:02]EMOTE: *no key*/(monkey (670)) : <b>The monkey (670)</b> scratches. (161,100,2)
[07:32:23]EMOTE: *no key*/(Ian) : <b>Ian</b> woofs! (108,117,2)
[07:32:24]EMOTE: *no key*/(monkey (550)) : <b>The monkey (550)</b> rolls. (158,101,2)
[07:32:25]SAY: corgi puppy/ : Bark! (93,119,14)
[07:32:29]EMOTE: *no key*/(Poly) : <b>Poly</b> looks in the Power-ON cartridge's direction and takes flight. (115,79,2)
[07:32:32]EMOTE: *no key*/(grey baby slime (120)) : <b>The grey baby slime (120)</b> vibrates! (175,94,2)
[07:32:40]EMOTE: *no key*/(Ian) : <b>Ian</b> dances around. (108,117,2)
[07:32:48]EMOTE: *no key*/(penguin) : <b>Babbe</b> shakes its beak. (144,134,2)
[07:32:56]EMOTE: *no key*/(monkey (179)) : <b>The monkey (179)</b> scratches. (161,117,2)
[07:32:58]EMOTE: *no key*/(monkey (179)) : <b>The monkey (179)</b> waves her tail. (161,117,2)
[07:33:01]SAY: emergency Medibot/ : Radar, put a mask on! (117,198,5)
[07:33:02]EMOTE: *no key*/(Runtime) : <b>Runtime</b> twitches its whiskers. (157,107,2)
[07:33:05]EMOTE: *no key*/(Poly) : <b>Poly</b> flutters its wings. (115,79,2)
[07:33:07]SAY: corgi puppy/ : YAP (93,119,14)
[07:33:07]ACCESS: Mob Login: Neapher/(alien queen) was assigned to a /mob/living/carbon/alien/humanoid/royal/queen
[07:33:09]SAY: Medibot/ : Delicious! (154,73,1)
[07:33:14]EMOTE: *no key*/(Runtime) : <b>Runtime</b> shakes out its coat. (157,106,2)
[07:33:21]EMOTE: *no key*/(Poly) : <b>Poly</b> flutters its wings. (115,79,2)
[07:33:23]SAY: mouse/ : Squeek? (161,165,2)
[07:33:29]SAY: mouse/ : SQUEEK! (161,165,2)
[07:33:32]EMOTE: *no key*/(monkey (670)) : <b>The monkey (670)</b> waves his tail. (161,99,2)
[07:33:32]EMOTE: *no key*/(monkey (179)) : <b>The monkey (179)</b> scratches. (160,118,2)
[07:33:37]SAY: Tom/ : SQUEEK! (101,190,2)
[07:33:38]EMOTE: *no key*/(monkey (196)) : <b>The monkey (196)</b> jumps! (161,116,2)
[07:33:43]EMOTE: *no key*/(Poly) : <b>Poly</b> looks in the Power-ON cartridge's direction and takes flight. (115,79,2)
[07:33:45]EMOTE: *no key*/(mouse) : <b>The mouse</b> squeeks. (190,122,2)
[07:33:51]SAY: emergency Medibot/ : There&#39;s always a catch, and I&#39;m the best there is. (117,198,5)
[07:33:54]EMOTE: *no key*/(monkey (294)) : <b>The monkey (294)</b> rolls. (160,99,2)
[07:33:55]ACCESS: Login: ZanderDowdall from 86.41.87.27-2094025375 || BYOND v512
[07:33:55]ACCESS: Mob Login: ZanderDowdall/(ZanderDowdall) was assigned to a /mob/dead/new_player
[07:33:57]EMOTE: *no key*/(monkey (642)) : <b>The monkey (642)</b> waves her tail. (160,101,2)
[07:34:03]ACCESS: Mob Login: ZanderDowdall/(Alex Dowdall) was assigned to a /mob/living/carbon/human
[07:34:04]EMOTE: *no key*/(monkey (181)) : <b>The monkey (181)</b> jumps! (159,99,2)
[07:34:07]SAY: Nobody's Perfect/ : What kind of medbay is this? Everyone&#39;s dropping like flies. (24,75,1)
[07:34:08]EMOTE: *no key*/(grey baby slime (292)) : <b>The grey baby slime (292)</b> jiggles! (166,93,2)
[07:34:09]SAY: Tom/ : Squeek? (103,191,2)
[07:34:16]SAY: Runtime/ : HSSSSS (157,106,2)
[07:34:20]SAY: emergency Medibot/ : There&#39;s always a catch, and I&#39;m the best there is. (117,198,5)
[07:34:24]SAY: emergency Medibot/ : I knew it, I should&#39;ve been a plastic surgeon. (117,198,5)
[07:34:25]SAY: Alex Dowdall/ZanderDowdall : eM (76,140,2)
[07:34:30]SAY: Alex Dowdall/ZanderDowdall : iS POWER OUT? (76,140,2)
[07:34:32]EMOTE: *no key*/(Poly) : <b>Poly</b> flutters its wings. (115,79,2)
[07:34:34]SAY: Medibot/ : There&#39;s always a catch, and I&#39;m the best there is. (154,73,1)
[07:34:37]EMOTE: *no key*/(Runtime) : <b>Runtime</b> crouches on its hind legs. (157,106,2)
[07:34:38]SAY: Poly/ : HoP line is open (115,79,2)
[07:34:40]SAY: mouse/ : SQUEEK! (159,147,2)
[07:34:45]ACCESS: Mob Login: Neapher/(alien queen) was assigned to a /mob/living/brain
[07:34:45]ADMIN: *no key*/(alien queen) punished *no key*/(alien queen) with Gib.
[07:34:47]ACCESS: Logout: Neapher/(alien queen)
[07:34:48]VOTE: Restart vote started by ZanderDowdall.
[07:34:49]EMOTE: *no key*/(Poly) : <b>Poly</b> looks in the Power-ON cartridge's direction and takes flight. (115,79,2)
[07:34:57]EMOTE: *no key*/(Tom) : <b>Tom</b> squeeks. (104,190,2)
[07:34:58]ACCESS: Failed Login: Gromble2 3240525961 76.108.213.37 - Banned (#74) PERMABAN
[07:35:03]SAY: Poly/ : HoP line is open (116,79,2)
[07:35:08]EMOTE: *no key*/(monkey (972)) : <b>The monkey (972)</b> waves his tail. (158,118,2)
[07:35:11]SAY: mouse/ : SQUEEK! (161,165,2)
[07:35:26]EMOTE: *no key*/(monkey (670)) : <b>The monkey (670)</b> rolls. (161,99,2)
[07:35:37]SAY: Ian/ : AUUUUUU (108,117,2)
[07:35:47]EMOTE: *no key*/(mouse) : <b>The mouse</b> shakes. (161,165,2)
[07:35:48]VOTE: <b>Restart Vote</b>
<b>Restart Round:</b> 1
<b>Continue Playing:</b> 0
<b>Vote Result: Restart Round</b>
[07:35:55]SAY: corgi puppy/ : Woof! (93,119,14)
[07:35:58]EMOTE: *no key*/(monkey (550)) : <b>The monkey (550)</b> scratches. (159,99,2)
[07:35:59]SAY: Poly/ : Pleassse heal me or i will come in to be healed (115,79,2)
[07:36:02]EMOTE: *no key*/(monkey (294)) : <b>The monkey (294)</b> scratches. (161,99,2)
[07:36:03]SAY: Medibot/ : There&#39;s always a catch, and I&#39;m the best there is. (154,73,1)
[07:36:27]GAME: Random Event triggering: Communications Blackout (/datum/round_event/communications_blackout)
[07:36:27]EMOTE: *no key*/(Poly) : <b>Poly</b> flutters its wings. (115,79,2)
[07:36:30]EMOTE: *no key*/(monkey (196)) : <b>The monkey (196)</b> waves her tail. (160,117,2)
[07:36:32]EMOTE: *no key*/(Ian) : <b>Ian</b> dances around. (109,118,2)
[07:36:39]EMOTE: *no key*/(Poly) : <b>Poly</b> looks in the Power-ON cartridge's direction and takes flight. (115,79,2)
[07:36:49]SAY: mouse/ : Squeek? (161,165,2)
[07:36:59]EMOTE: *no key*/(penguin) : <b>Babbe</b> preens itself. (144,135,2)
[07:37:18]GAME: <span class='boldannounce'>Rebooting World. Restart vote successful.</span>
[07:37:19]ACCESS: Logout: ZanderDowdall/(Alex Dowdall)
