

Starting up round ID 1256. 16:38:49
---------------------
Initialized Database subsystem within 0 seconds!
Initialized Blackbox subsystem within 0 seconds!
Initialized Server Tasks subsystem within 0 seconds!
Initialized Input subsystem within 0 seconds!
Initialized Research subsystem within 0 seconds!
Initialized Events subsystem within 0 seconds!
Initialized Jobs subsystem within 0 seconds!
Initialized Traits subsystem within 0 seconds!
Initialized Ticker subsystem within 0 seconds!
Loading BoxStation...
Loaded Station in 8.7s!
Loaded Lavaland in 6.6s!
Loaded Reebe in 6s!
Ruin loader finished with 0 left to spend.
Ruin loader finished with 0 left to spend.
Initialized Mapping subsystem within 29.6 seconds!
Initialized Networks subsystem within 0 seconds!
runtime error: 
[16:39:28]Bad areastring path for Vacant Office APC, area/security/vacantoffice
[16:39:28]proc name: stack trace (/datum/proc/stack_trace)
[16:39:28]  source file: unsorted.dm,1257
[16:39:28]  usr: null
[16:39:28]  src: Vacant Office APC (/obj/machinery/power/apc)
[16:39:28]  src.loc: the floor (88,129,2) (/turf/open/floor/plasteel/grimy)
[16:39:28]  call stack:
[16:39:28]Vacant Office APC (/obj/machinery/power/apc): stack trace("Bad areastring path for Vacant...")
[16:39:28]Vacant Office APC (/obj/machinery/power/apc): Initialize(1)
[16:39:28]Atoms (/datum/controller/subsystem/atoms): InitAtom(Vacant Office APC (/obj/machinery/power/apc), /list (/list))
[16:39:28]Atoms (/datum/controller/subsystem/atoms): InitializeAtoms(null)
[16:39:28]Atoms (/datum/controller/subsystem/atoms): Initialize(599610)
[16:39:28]Master (/datum/controller/master): Initialize(10, 0)
Initialized Atoms subsystem within 46.2 seconds!
Initialized Language subsystem within 0 seconds!
Initialized Machines subsystem within 0.3 seconds!
Initialized Circuit subsystem within 0.1 seconds!
Initialized Disease subsystem within 0 seconds!
Initialized Medals subsystem within 0 seconds!
Initialized Night Shift subsystem within 0 seconds!
Initialized Parallax subsystem within 0 seconds!
Initialized Traumas subsystem within 0.1 seconds!
Initialized Weather subsystem within 0 seconds!
runtime error: 
[16:40:16]Cannot read null.cache
[16:40:16]proc name: send asset list (/proc/send_asset_list)
[16:40:16]  source file: asset_cache.dm,98
[16:40:16]  usr: BuckyBoy (/mob/dead/new_player)
[16:40:16]  src: null
[16:40:16]  usr.loc: null
[16:40:16]  call stack:
[16:40:16]send asset list(null, /list (/list), 0)
[16:40:16]/datum/browser (/datum/browser): open(0)
[16:40:16]BuckyBoy (/mob/dead/new_player): new player panel()
[16:40:16]BuckyBoy (/mob/dead/new_player): Login()
[16:40:16]New(null)
runtime error: 
[16:40:16]Cannot execute null.playtitlemusic().
[16:40:16]proc name: Login (/mob/dead/new_player/Login)
[16:40:16]  source file: login.dm,26
[16:40:16]  usr: (src)
[16:40:16]  src: BuckyBoy (/mob/dead/new_player)
[16:40:16]  src.loc: null
[16:40:16]  call stack:
[16:40:16]BuckyBoy (/mob/dead/new_player): Login()
[16:40:16]New(null)
## WARNING: There are 19 active turfs at roundstart, this is a mapping error caused by a difference of the air between the adjacent turfs. You can see its coordinates using "Mapping -> Show roundstart AT list" verb (debug verbs required)
## WARNING: HEY! LISTEN! 1 second were wasted processing 19 turf(s) (connected to 20506 other turfs) with atmos differences at round start.
## WARNING: build_pipeline(): /obj/machinery/atmospherics/pipe/simple/supply/hidden added to a pipenet while still having one. (pipes leading to the same spot stacking in one turf) Nearby: (108, 118, 2)
## WARNING: build_pipeline(): /obj/machinery/atmospherics/pipe/manifold/supply/hidden added to a pipenet while still having one. (pipes leading to the same spot stacking in one turf) Nearby: (106, 118, 2)
## WARNING: build_pipeline(): /obj/machinery/atmospherics/pipe/simple/supply/hidden added to a pipenet while still having one. (pipes leading to the same spot stacking in one turf) Nearby: (109, 118, 2)
## WARNING: build_pipeline(): /obj/machinery/atmospherics/pipe/simple/supply/hidden added to a pipenet while still having one. (pipes leading to the same spot stacking in one turf) Nearby: (107, 118, 2)
## WARNING: build_pipeline(): /obj/machinery/atmospherics/pipe/simple/supply/hidden added to a pipenet while still having one. (pipes leading to the same spot stacking in one turf) Nearby: (106, 119, 2)
## WARNING: build_pipeline(): /obj/machinery/atmospherics/pipe/simple/supply/hidden added to a pipenet while still having one. (pipes leading to the same spot stacking in one turf) Nearby: (106, 117, 2)
## WARNING: build_pipeline(): /obj/machinery/atmospherics/pipe/simple/supply/hidden added to a pipenet while still having one. (pipes leading to the same spot stacking in one turf) Nearby: (106, 120, 2)
## WARNING: build_pipeline(): /obj/machinery/atmospherics/pipe/simple/supply/hidden added to a pipenet while still having one. (pipes leading to the same spot stacking in one turf) Nearby: (106, 116, 2)
## WARNING: build_pipeline(): /obj/machinery/atmospherics/pipe/simple/supply/hidden added to a pipenet while still having one. (pipes leading to the same spot stacking in one turf) Nearby: (106, 121, 2)
## WARNING: build_pipeline(): /obj/machinery/atmospherics/pipe/simple/supply/hidden added to a pipenet while still having one. (pipes leading to the same spot stacking in one turf) Nearby: (106, 115, 2)
## WARNING: build_pipeline(): further messages about pipenets will be supressed
Initialized Atmospherics subsystem within 18.9 seconds!
Failed to find backup file for map BoxStation on zlevel 2.
Initialized Assets subsystem within 0.9 seconds!
Initialized Icon Smoothing subsystem within 6.5 seconds!
Initialized Overlay subsystem within 23.2 seconds!
Initialized XKeyScore subsystem within 0 seconds!
Initialized Sticky Ban subsystem within 0 seconds!
Initialized Lighting subsystem within 12.8 seconds!
Initialized Shuttle subsystem within 26.9 seconds!
Initialized Squeak subsystem within 0.1 seconds!
Initialized pathfinder subsystem within 0 seconds!
Loaded 2 engraved messages on map BoxStation
Initialized Persistence subsystem within 0.1 seconds!
Initializations complete within 166.3 seconds!
Game start took 6.1s
runtime error: 
[16:50:23]list index out of bounds
[16:50:23]proc name: tick (/datum/round_event/aurora_caelus/tick)
[16:50:23]  source file: aurora_caelus.dm,39
[16:50:23]  usr: null
[16:50:23]  src: /datum/round_event/aurora_cael... (/datum/round_event/aurora_caelus)
[16:50:23]  call stack:
[16:50:23]/datum/round_event/aurora_cael... (/datum/round_event/aurora_caelus): tick()
[16:50:23]/datum/round_event/aurora_cael... (/datum/round_event/aurora_caelus): process()
[16:50:23]Events (/datum/controller/subsystem/events): fire(0)
[16:50:23]Events (/datum/controller/subsystem/events): ignite(0)
[16:50:23]Master (/datum/controller/master): RunQueue()
[16:50:23]Master (/datum/controller/master): Loop()
[16:50:23]Master (/datum/controller/master): StartProcessing(0)
runtime error: 
[16:54:11]nothing to animate
[16:54:11]proc name: shake camera (/proc/shake_camera)
[16:54:11]  source file: mob_helpers.dm,270
[16:54:11]  usr: (src)
[16:54:11]  src: null
[16:54:11]  call stack:
[16:54:11]shake camera(Ismael Edwards (/mob/living/carbon/human), 0.75, 1)
[16:54:11]Ismael Edwards (/mob/living/carbon/human): afterShuttleMove(space (21,18,13) (/turf/open/space/transit/west), /list (/list), 8, 8, 8, 0)
[16:54:11]Ismael Edwards (/mob/living/carbon/human): afterShuttleMove(space (21,18,13) (/turf/open/space/transit/west), /list (/list), 8, 8, 8, 0)
[16:54:11]the arrivals shuttle (/obj/docking_port/mobile/arrivals): cleanup runway(the arrivals (/obj/docking_port/stationary), /list (/list), /list (/list), /list (/list), /list (/list), 0, 8, Space (/area/space), /turf/open/space/transit/west (/turf/open/space/transit/west), /turf/open/space (/turf/open/space))
[16:54:11]the arrivals shuttle (/obj/docking_port/mobile/arrivals): initiate docking(the arrivals (/obj/docking_port/stationary), 8, 0)
[16:54:11]the arrivals shuttle (/obj/docking_port/mobile/arrivals): initiate docking(the arrivals (/obj/docking_port/stationary), 8)
[16:54:11]the arrivals shuttle (/obj/docking_port/mobile/arrivals): check()
[16:54:11]the arrivals shuttle (/obj/docking_port/mobile/arrivals): check()
[16:54:11]Shuttle (/datum/controller/subsystem/shuttle): fire(0)
[16:54:11]Shuttle (/datum/controller/subsystem/shuttle): ignite(0)
runtime error: 
[17:10:24]nothing to animate
[17:10:24]proc name: shake camera (/proc/shake_camera)
[17:10:24]  source file: mob_helpers.dm,270
[17:10:24]  usr: (src)
[17:10:24]  src: null
[17:10:24]  call stack:
[17:10:24]shake camera(Isaac Wile (/mob/living/carbon/human), 0.75, 1)
[17:10:24]Isaac Wile (/mob/living/carbon/human): afterShuttleMove(space (78,106,2) (/turf/open/space), /list (/list), 8, 1, 2, 0)
[17:10:24]Isaac Wile (/mob/living/carbon/human): afterShuttleMove(space (78,106,2) (/turf/open/space), /list (/list), 8, 1, 2, 0)
[17:10:24]the mining shuttle (/obj/docking_port/mobile): cleanup runway(Transit for mining/mining shut... (/obj/docking_port/stationary/transit), /list (/list), /list (/list), /list (/list), /list (/list), 0, 2, Space (/area/space), /turf/open/space (/turf/open/space), /turf/open/space (/turf/open/space))
[17:10:24]the mining shuttle (/obj/docking_port/mobile): initiate docking(Transit for mining/mining shut... (/obj/docking_port/stationary/transit), 2, 0)
[17:10:24]the mining shuttle (/obj/docking_port/mobile): enterTransit()
[17:10:24]the mining shuttle (/obj/docking_port/mobile): check()
[17:10:24]Shuttle (/datum/controller/subsystem/shuttle): fire(0)
[17:10:24]Shuttle (/datum/controller/subsystem/shuttle): ignite(0)
runtime error: 
[17:10:35]nothing to animate
[17:10:35]proc name: shake camera (/proc/shake_camera)
[17:10:35]  source file: mob_helpers.dm,270
[17:10:35]  usr: (src)
[17:10:35]  src: null
[17:10:35]  call stack:
[17:10:35]shake camera(Isaac Wile (/mob/living/carbon/human), 0.75, 1)
[17:10:35]Isaac Wile (/mob/living/carbon/human): afterShuttleMove(space (50,20,13) (/turf/open/space/transit/north), /list (/list), 8, 1, 1, 0)
[17:10:35]Isaac Wile (/mob/living/carbon/human): afterShuttleMove(space (50,20,13) (/turf/open/space/transit/north), /list (/list), 8, 1, 1, 0)
[17:10:35]the mining shuttle (/obj/docking_port/mobile): cleanup runway(the lavaland mine (/obj/docking_port/stationary), /list (/list), /list (/list), /list (/list), /list (/list), 0, 1, Space (/area/space), /turf/open/space/transit/north (/turf/open/space/transit/north), /turf/open/space (/turf/open/space))
[17:10:35]the mining shuttle (/obj/docking_port/mobile): initiate docking(the lavaland mine (/obj/docking_port/stationary), 1, 0)
[17:10:35]the mining shuttle (/obj/docking_port/mobile): check()
[17:10:35]Shuttle (/datum/controller/subsystem/shuttle): fire(0)
[17:10:35]Shuttle (/datum/controller/subsystem/shuttle): ignite(0)
runtime error: 
[17:11:04]nothing to animate
[17:11:04]proc name: shake camera (/proc/shake_camera)
[17:11:04]  source file: mob_helpers.dm,270
[17:11:04]  usr: (src)
[17:11:04]  src: null
[17:11:04]  call stack:
[17:11:04]shake camera(Kitt Rosario (/mob/living/carbon/human), 0.75, 1)
[17:11:04]Kitt Rosario (/mob/living/carbon/human): afterShuttleMove(space (17,20,13) (/turf/open/space/transit/west), /list (/list), 8, 8, 8, 0)
[17:11:04]Kitt Rosario (/mob/living/carbon/human): afterShuttleMove(space (17,20,13) (/turf/open/space/transit/west), /list (/list), 8, 8, 8, 0)
[17:11:04]the arrivals shuttle (/obj/docking_port/mobile/arrivals): cleanup runway(the arrivals (/obj/docking_port/stationary), /list (/list), /list (/list), /list (/list), /list (/list), 0, 8, Space (/area/space), /turf/open/space/transit/west (/turf/open/space/transit/west), /turf/open/space (/turf/open/space))
[17:11:04]the arrivals shuttle (/obj/docking_port/mobile/arrivals): initiate docking(the arrivals (/obj/docking_port/stationary), 8, 0)
[17:11:04]the arrivals shuttle (/obj/docking_port/mobile/arrivals): initiate docking(the arrivals (/obj/docking_port/stationary), 8)
[17:11:04]the arrivals shuttle (/obj/docking_port/mobile/arrivals): check()
[17:11:04]the arrivals shuttle (/obj/docking_port/mobile/arrivals): check()
[17:11:04]Shuttle (/datum/controller/subsystem/shuttle): fire(0)
[17:11:04]Shuttle (/datum/controller/subsystem/shuttle): ignite(0)
runtime error: 
[17:11:21]nothing to animate
[17:11:21]proc name: shake camera (/proc/shake_camera)
[17:11:21]  source file: mob_helpers.dm,270
[17:11:21]  usr: (src)
[17:11:21]  src: null
[17:11:21]  call stack:
[17:11:21]shake camera(Isaac Wile (/mob/living/carbon/human), 0.75, 1)
[17:11:21]Isaac Wile (/mob/living/carbon/human): afterShuttleMove(the volcanic floor (52,37,5) (/turf/open/floor/plating/asteroid/basalt/lava_land_surface), /list (/list), 8, 1, 2, 0)
[17:11:21]Isaac Wile (/mob/living/carbon/human): afterShuttleMove(the volcanic floor (52,37,5) (/turf/open/floor/plating/asteroid/basalt/lava_land_surface), /list (/list), 8, 1, 2, 0)
[17:11:21]the mining shuttle (/obj/docking_port/mobile): cleanup runway(Transit for mining/mining shut... (/obj/docking_port/stationary/transit), /list (/list), /list (/list), /list (/list), /list (/list), 0, 2, Lavaland Labor Camp (/area/lavaland/surface/outdoors/explored), /turf/open/floor/plating/aster... (/turf/open/floor/plating/asteroid/basalt/lava_land_surface), /turf/open/lava/smooth/lava_la... (/turf/open/lava/smooth/lava_land_surface))
[17:11:21]the mining shuttle (/obj/docking_port/mobile): initiate docking(Transit for mining/mining shut... (/obj/docking_port/stationary/transit), 2, 0)
[17:11:21]the mining shuttle (/obj/docking_port/mobile): enterTransit()
[17:11:21]the mining shuttle (/obj/docking_port/mobile): check()
[17:11:21]Shuttle (/datum/controller/subsystem/shuttle): fire(0)
[17:11:21]Shuttle (/datum/controller/subsystem/shuttle): ignite(0)
runtime error: 
[17:11:31]nothing to animate
[17:11:31]proc name: shake camera (/proc/shake_camera)
[17:11:31]  source file: mob_helpers.dm,270
[17:11:31]  usr: (src)
[17:11:31]  src: null
[17:11:31]  call stack:
[17:11:31]shake camera(Isaac Wile (/mob/living/carbon/human), 0.75, 1)
[17:11:31]Isaac Wile (/mob/living/carbon/human): afterShuttleMove(space (18,20,13) (/turf/open/space/transit/north), /list (/list), 8, 1, 1, 0)
[17:11:31]Isaac Wile (/mob/living/carbon/human): afterShuttleMove(space (18,20,13) (/turf/open/space/transit/north), /list (/list), 8, 1, 1, 0)
[17:11:31]the mining shuttle (/obj/docking_port/mobile): cleanup runway(the mining shuttle bay (/obj/docking_port/stationary), /list (/list), /list (/list), /list (/list), /list (/list), 0, 1, Space (/area/space), /turf/open/space/transit/north (/turf/open/space/transit/north), /turf/open/space (/turf/open/space))
[17:11:31]the mining shuttle (/obj/docking_port/mobile): initiate docking(the mining shuttle bay (/obj/docking_port/stationary), 1, 0)
[17:11:31]the mining shuttle (/obj/docking_port/mobile): check()
[17:11:31]Shuttle (/datum/controller/subsystem/shuttle): fire(0)
[17:11:31]Shuttle (/datum/controller/subsystem/shuttle): ignite(0)
### VarEdit by Pandolphina/(Katherine Sinclair): /obj/item/hand_tele name=hand tele => The Hand Tele of Magic
runtime error: 
[17:27:22]nothing to animate
[17:27:22]proc name: shake camera (/proc/shake_camera)
[17:27:22]  source file: mob_helpers.dm,270
[17:27:22]  usr: (src)
[17:27:22]  src: null
[17:27:22]  call stack:
[17:27:22]shake camera(Black Geezus (/mob/living/carbon/human), 0.75, 1)
[17:27:22]Black Geezus (/mob/living/carbon/human): afterShuttleMove(space (25,20,13) (/turf/open/space/transit/west), /list (/list), 8, 8, 8, 0)
[17:27:22]Black Geezus (/mob/living/carbon/human): afterShuttleMove(space (25,20,13) (/turf/open/space/transit/west), /list (/list), 8, 8, 8, 0)
[17:27:22]the arrivals shuttle (/obj/docking_port/mobile/arrivals): cleanup runway(the arrivals (/obj/docking_port/stationary), /list (/list), /list (/list), /list (/list), /list (/list), 0, 8, Space (/area/space), /turf/open/space/transit/west (/turf/open/space/transit/west), /turf/open/space (/turf/open/space))
[17:27:22]the arrivals shuttle (/obj/docking_port/mobile/arrivals): initiate docking(the arrivals (/obj/docking_port/stationary), 8, 0)
[17:27:22]the arrivals shuttle (/obj/docking_port/mobile/arrivals): initiate docking(the arrivals (/obj/docking_port/stationary), 8)
[17:27:22]the arrivals shuttle (/obj/docking_port/mobile/arrivals): check()
[17:27:22]the arrivals shuttle (/obj/docking_port/mobile/arrivals): check()
[17:27:22]Shuttle (/datum/controller/subsystem/shuttle): fire(0)
[17:27:22]Shuttle (/datum/controller/subsystem/shuttle): ignite(0)
### VarEdit by Pandolphina/(Katherine Sinclair): /obj/item/toy/beach_ball name=beach ball => Doom Ball
### VarEdit by Pandolphina/(Katherine Sinclair): /obj/item/toy/beach_ball throwforce=0 => 80
### VarEdit by Pandolphina/(Katherine Sinclair): /obj/item/storage/toolbox/mechanical force=12 => 90
### VarEdit by Pandolphina/(Katherine Sinclair): /obj/item/storage/toolbox/mechanical name=mechanical toolbox => The First Toolbox
### VarEdit by Pandolphina/(Katherine Sinclair): /obj/item/storage/toolbox/mechanical desc=Danger. Very robust. => The oldest toolbox of them all. The most robust.
runtime error: 
[17:33:20]Cannot read null.species
[17:33:20]proc name: handle environment (/mob/living/carbon/human/handle_environment)
[17:33:20]  source file: life.dm,136
[17:33:20]  usr: null
[17:33:20]  src: Black Geezus (/mob/living/carbon/human)
[17:33:20]  src.loc: null
[17:33:20]  call stack:
[17:33:20]Black Geezus (/mob/living/carbon/human): handle environment(/datum/gas_mixture/turf (/datum/gas_mixture/turf))
[17:33:20]Black Geezus (/mob/living/carbon/human): Life(2, 1488)
[17:33:20]Black Geezus (/mob/living/carbon/human): Life(2, 1488)
[17:33:20]Black Geezus (/mob/living/carbon/human): Life(2, 1488)
[17:33:20]Mobs (/datum/controller/subsystem/mobs): fire(0)
[17:33:20]Mobs (/datum/controller/subsystem/mobs): ignite(0)
[17:33:20]Master (/datum/controller/master): RunQueue()
[17:33:20]Master (/datum/controller/master): Loop()
[17:33:20]Master (/datum/controller/master): StartProcessing(0)
runtime error: 
[17:33:20]Cannot read null.species
[17:33:20]proc name: mob negates gravity (/mob/living/carbon/human/mob_negates_gravity)
[17:33:20]  source file: human_movement.dm,28
[17:33:20]  usr: null
[17:33:20]  src: Black Geezus (/mob/living/carbon/human)
[17:33:20]  src.loc: null
[17:33:20]  call stack:
[17:33:20]Black Geezus (/mob/living/carbon/human): mob negates gravity()
[17:33:20]Black Geezus (/mob/living/carbon/human): mob has gravity()
[17:33:20]Black Geezus (/mob/living/carbon/human): Life(2, 1488)
[17:33:20]Black Geezus (/mob/living/carbon/human): Life(2, 1488)
[17:33:20]Black Geezus (/mob/living/carbon/human): Life(2, 1488)
[17:33:20]Mobs (/datum/controller/subsystem/mobs): fire(0)
[17:33:20]Mobs (/datum/controller/subsystem/mobs): ignite(0)
[17:33:20]Master (/datum/controller/master): RunQueue()
[17:33:20]Master (/datum/controller/master): Loop()
[17:33:20]Master (/datum/controller/master): StartProcessing(0)
runtime error: 
[17:33:20]Cannot read null.mutations
[17:33:20]proc name: handle active genes (/mob/living/carbon/human/proc/handle_active_genes)
[17:33:20]  source file: life.dm,325
[17:33:20]  usr: null
[17:33:20]  src: Black Geezus (/mob/living/carbon/human)
[17:33:20]  src.loc: null
[17:33:20]  call stack:
[17:33:20]Black Geezus (/mob/living/carbon/human): handle active genes()
[17:33:20]Black Geezus (/mob/living/carbon/human): Life(2, 1488)
[17:33:20]Mobs (/datum/controller/subsystem/mobs): fire(0)
[17:33:20]Mobs (/datum/controller/subsystem/mobs): ignite(0)
[17:33:20]Master (/datum/controller/master): RunQueue()
[17:33:20]Master (/datum/controller/master): Loop()
[17:33:20]Master (/datum/controller/master): StartProcessing(0)
runtime error: 
[17:33:20]Cannot read null.species
[17:33:20]proc name: Life (/mob/living/carbon/human/Life)
[17:33:20]  source file: life.dm,58
[17:33:20]  usr: null
[17:33:20]  src: Unknown (/mob/living/carbon/human)
[17:33:20]  src.loc: null
[17:33:20]  call stack:
[17:33:20]Unknown (/mob/living/carbon/human): Life(2, 1488)
[17:33:20]Mobs (/datum/controller/subsystem/mobs): fire(0)
[17:33:20]Mobs (/datum/controller/subsystem/mobs): ignite(0)
[17:33:20]Master (/datum/controller/master): RunQueue()
[17:33:20]Master (/datum/controller/master): Loop()
[17:33:20]Master (/datum/controller/master): StartProcessing(0)
runtime error: 
[17:33:28]nothing to animate
[17:33:28]proc name: shake camera (/proc/shake_camera)
[17:33:28]  source file: mob_helpers.dm,270
[17:33:28]  usr: (src)
[17:33:28]  src: null
[17:33:28]  call stack:
[17:33:28]shake camera(Bubble (/mob/living/carbon/human), 0.75, 1)
[17:33:28]Bubble (/mob/living/carbon/human): afterShuttleMove(space (21,19,13) (/turf/open/space/transit/west), /list (/list), 8, 8, 8, 0)
[17:33:28]Bubble (/mob/living/carbon/human): afterShuttleMove(space (21,19,13) (/turf/open/space/transit/west), /list (/list), 8, 8, 8, 0)
[17:33:28]the arrivals shuttle (/obj/docking_port/mobile/arrivals): cleanup runway(the arrivals (/obj/docking_port/stationary), /list (/list), /list (/list), /list (/list), /list (/list), 0, 8, Space (/area/space), /turf/open/space/transit/west (/turf/open/space/transit/west), /turf/open/space (/turf/open/space))
[17:33:28]the arrivals shuttle (/obj/docking_port/mobile/arrivals): initiate docking(the arrivals (/obj/docking_port/stationary), 8, 0)
[17:33:28]the arrivals shuttle (/obj/docking_port/mobile/arrivals): initiate docking(the arrivals (/obj/docking_port/stationary), 8)
[17:33:28]the arrivals shuttle (/obj/docking_port/mobile/arrivals): check()
[17:33:28]the arrivals shuttle (/obj/docking_port/mobile/arrivals): check()
[17:33:28]Shuttle (/datum/controller/subsystem/shuttle): fire(0)
[17:33:28]Shuttle (/datum/controller/subsystem/shuttle): ignite(0)
runtime error: 
[17:33:45]Cannot execute null.set screwyhud().
[17:33:45]proc name: New (/datum/hallucination/hudscrew/New)
[17:33:45]  source file: Hallucination.dm,929
[17:33:45]  usr: null
[17:33:45]  src: /datum/hallucination/hudscrew (/datum/hallucination/hudscrew)
[17:33:45]  call stack:
[17:33:45]/datum/hallucination/hudscrew (/datum/hallucination/hudscrew): New(null, 0)
### VarEdit by Pandolphina/(Katherine Sinclair): /mob/living/simple_animal/crab name=Katherine Sinclair => Crab Jesus
### VarEdit by Pandolphina/(Katherine Sinclair): /mob/living/simple_animal/crab name=Crab Jesus => Vladimir Putin
runtime error: 
[18:09:27]nothing to animate
[18:09:27]proc name: shake camera (/proc/shake_camera)
[18:09:27]  source file: mob_helpers.dm,270
runtime error: 
[18:09:54]addtimer called with a callback assigned to a qdeleted object
[18:09:54]proc name: stack trace (/proc/stack_trace)
[18:09:54]  source file: unsorted.dm,1254
runtime error: 
[18:13:42]Cannot read null.client
[18:13:42]proc name: open (/datum/tgui/proc/open)
[18:13:42]  source file: tgui.dm,87
runtime error: 
[18:20:52]nothing to animate
[18:20:52]proc name: shake camera (/proc/shake_camera)
[18:20:52]  source file: mob_helpers.dm,270
runtime error: 
[18:25:58]nothing to animate
[18:25:58]proc name: shake camera (/proc/shake_camera)
[18:25:58]  source file: mob_helpers.dm,270
runtime error: 
[18:40:02]Cannot read null.loc
[18:40:02]proc name: update parallax (/datum/hud/proc/update_parallax)
[18:40:02]  source file: parallax.dm,170
runtime error: 
[19:17:41]Cannot read null.client
[19:17:41]proc name: remove from client (/datum/action/vote/proc/remove_from_client)
[19:17:41]  source file: vote.dm,321
runtime error: 
[19:20:44]addtimer called with a callback assigned to a qdeleted object
[19:20:44]proc name: stack trace (/proc/stack_trace)
[19:20:44]  source file: unsorted.dm,1254
runtime error: 
[19:29:19]Cannot read null.client
[19:29:19]proc name: remove from client (/datum/action/vote/proc/remove_from_client)
[19:29:19]  source file: vote.dm,321
runtime error: 
[19:29:22]nothing to animate
[19:29:22]proc name: shake camera (/proc/shake_camera)
[19:29:22]  source file: mob_helpers.dm,270
runtime error: 
[19:32:11]Cannot execute null.is cut().
[19:32:11]proc name: requiresID (/obj/machinery/door/airlock/requiresID)
[19:32:11]  source file: airlock.dm,384
runtime error: 
[19:32:11]Cannot execute null.is cut().
[19:32:11]proc name: requiresID (/obj/machinery/door/airlock/requiresID)
[19:32:11]  source file: airlock.dm,384
runtime error: 
[19:34:37]nothing to animate
[19:34:37]proc name: shake camera (/proc/shake_camera)
[19:34:37]  source file: mob_helpers.dm,270
runtime error: 
[19:34:39]bad index
[19:34:39]proc name: gather roundend feedback (/datum/controller/subsystem/ticker/proc/gather_roundend_feedback)
[19:34:39]  source file: roundend.dm,66
runtime error: 
[19:34:39]bad index
[19:34:39]proc name: survivor report (/datum/controller/subsystem/ticker/proc/survivor_report)
[19:34:39]  source file: roundend.dm,272
runtime error: 
[19:34:39]bad index
[19:34:39]proc name: survivor report (/datum/controller/subsystem/ticker/proc/survivor_report)
[19:34:39]  source file: roundend.dm,272
runtime error: 
[19:34:39]bad index
[19:34:39]proc name: survivor report (/datum/controller/subsystem/ticker/proc/survivor_report)
[19:34:39]  source file: roundend.dm,272
runtime error: 
[19:34:39]bad index
[19:34:39]proc name: survivor report (/datum/controller/subsystem/ticker/proc/survivor_report)
[19:34:39]  source file: roundend.dm,272
runtime error: 
[19:34:39]bad index
[19:34:39]proc name: survivor report (/datum/controller/subsystem/ticker/proc/survivor_report)
[19:34:39]  source file: roundend.dm,272
runtime error: 
[19:34:39]bad index
[19:34:39]proc name: survivor report (/datum/controller/subsystem/ticker/proc/survivor_report)
[19:34:39]  source file: roundend.dm,272
runtime error: 
[19:34:39]bad index
[19:34:39]proc name: survivor report (/datum/controller/subsystem/ticker/proc/survivor_report)
[19:34:39]  source file: roundend.dm,272
runtime error: 
[19:34:39]bad index
[19:34:39]proc name: survivor report (/datum/controller/subsystem/ticker/proc/survivor_report)
[19:34:39]  source file: roundend.dm,272
runtime error: 
[19:34:39]bad index
[19:34:39]proc name: survivor report (/datum/controller/subsystem/ticker/proc/survivor_report)
[19:34:39]  source file: roundend.dm,272
runtime error: 
[19:34:39]bad index
[19:34:39]proc name: survivor report (/datum/controller/subsystem/ticker/proc/survivor_report)
[19:34:39]  source file: roundend.dm,272
runtime error: 
[19:34:39]bad index
[19:34:39]proc name: survivor report (/datum/controller/subsystem/ticker/proc/survivor_report)
[19:34:39]  source file: roundend.dm,272
runtime error: 
[19:34:39]bad index
[19:34:39]proc name: survivor report (/datum/controller/subsystem/ticker/proc/survivor_report)
[19:34:39]  source file: roundend.dm,272
runtime error: 
[19:34:39]bad index
[19:34:39]proc name: survivor report (/datum/controller/subsystem/ticker/proc/survivor_report)
[19:34:39]  source file: roundend.dm,272
Saved 2 engraved messages on map BoxStation
runtime error: 
[19:34:55]addtimer called with a callback assigned to a qdeleted object
[19:34:55]proc name: stack trace (/proc/stack_trace)
[19:34:55]  source file: unsorted.dm,1254
runtime error: 
[19:34:56]addtimer called with a callback assigned to a qdeleted object
[19:34:56]proc name: stack trace (/proc/stack_trace)
[19:34:56]  source file: unsorted.dm,1254
runtime error: 
[19:34:58]addtimer called with a callback assigned to a qdeleted object
[19:34:58]proc name: stack trace (/proc/stack_trace)
[19:34:58]  source file: unsorted.dm,1254
runtime error: 
[19:34:58]addtimer called with a callback assigned to a qdeleted object
[19:34:58]proc name: stack trace (/proc/stack_trace)
[19:34:58]  source file: unsorted.dm,1254
runtime error: 
[19:35:01]addtimer called with a callback assigned to a qdeleted object
[19:35:01]proc name: stack trace (/proc/stack_trace)
[19:35:01]  source file: unsorted.dm,1254
runtime error: 
[19:35:01]addtimer called with a callback assigned to a qdeleted object
[19:35:01]proc name: stack trace (/proc/stack_trace)
[19:35:01]  source file: unsorted.dm,1254
runtime error: 
[19:35:57]bad index
[19:35:57]proc name: survivor report (/datum/controller/subsystem/ticker/proc/survivor_report)
[19:35:57]  source file: roundend.dm,272
Shutting down Persistence subsystem...
Shutting down pathfinder subsystem...
Shutting down Squeak subsystem...
Shutting down Shuttle subsystem...
Shutting down Lighting subsystem...
Shutting down XKeyScore subsystem...
Shutting down Sticky Ban subsystem...
Shutting down Overlay subsystem...
Shutting down Icon Smoothing subsystem...
Shutting down Assets subsystem...
Shutting down Minimap subsystem...
Shutting down Atmospherics subsystem...
Shutting down Wet floors subsystem...
Shutting down Weather subsystem...
Shutting down Vote subsystem...
Shutting down Traumas subsystem...
Shutting down Title Screen subsystem...
Shutting down Time Tracking subsystem...
Shutting down Throwing subsystem...
Shutting down tgui subsystem...
Shutting down Sun subsystem...
Shutting down Space Drift subsystem...
Shutting down Religion subsystem...
Shutting down Radio subsystem...
Shutting down Radiation subsystem...
Shutting down Projectiles subsystem...
Shutting down Processing subsystem...
Shutting down Parallax subsystem...
Shutting down pAI subsystem...
Shutting down Orbits subsystem...
Shutting down Objects subsystem...
Shutting down NPC Pool subsystem...
Shutting down Night Shift subsystem...
Shutting down Mood subsystem...
Shutting down Mobs subsystem...
Shutting down Medals subsystem...
Shutting down Inbounds subsystem...
Shutting down Idling NPC Pool subsystem...
Shutting down Flightpack Movement subsystem...
Shutting down Fire Burning subsystem...
Shutting down Fields subsystem...
Shutting down Fast Processing subsystem...
Shutting down Disease subsystem...
Shutting down Communications subsystem...
Shutting down Augury subsystem...
Shutting down Acid subsystem...
Shutting down Timer subsystem...
Shutting down Circuit subsystem...
Shutting down Machines subsystem...
Shutting down Language subsystem...
Shutting down Atoms subsystem...
Shutting down Networks subsystem...
Shutting down Mapping subsystem...
Shutting down Ticker subsystem...
Shutting down Traits subsystem...
Shutting down Jobs subsystem...
Shutting down Events subsystem...
Shutting down Research subsystem...
Shutting down Input subsystem...
Shutting down Server Tasks subsystem...
Shutting down Blackbox subsystem...
Shutting down Database subsystem...
Shutting down Garbage subsystem...
Shutdown complete
World rebooted at 19:36:17
