

Starting up round ID 488. 05:07:50
---------------------
Initialized Database subsystem within 0 seconds!
Initialized Blackbox subsystem within 0 seconds!
Initialized Server Tasks subsystem within 0 seconds!
Initialized Input subsystem within 0 seconds!
Initialized Research subsystem within 0 seconds!
Initialized Events subsystem within 0 seconds!
Initialized Jobs subsystem within 0 seconds!
Initialized Traits subsystem within 0 seconds!
Initialized Ticker subsystem within 0 seconds!
Loading Box Station...
Loaded Station in 6s!
Loaded Lavaland in 5.4s!
Loaded Reebe in 4s!
Ruin loader finished with 0 left to spend.
Ruin loader finished with 0 left to spend.
Initialized Mapping subsystem within 23.4 seconds!
Initialized Networks subsystem within 0 seconds!
Initialized Atoms subsystem within 47 seconds!
Initialized Language subsystem within 0 seconds!
Initialized Machines subsystem within 0.3 seconds!
Initialized Circuit subsystem within 0.1 seconds!
Initialized Disease subsystem within 0 seconds!
Initialized Medals subsystem within 0 seconds!
Initialized Night Shift subsystem within 0 seconds!
Initialized Parallax subsystem within 0 seconds!
Initialized Traumas subsystem within 0.1 seconds!
Initialized Weather subsystem within 0 seconds!
Initialized Atmospherics subsystem within 14.3 seconds!
Initialized Minimap subsystem within 0.1 seconds!
Initialized Assets subsystem within 0.8 seconds!
Initialized Icon Smoothing subsystem within 7.1 seconds!
Initialized Overlay subsystem within 30.1 seconds!
Initialized XKeyScore subsystem within 0 seconds!
Initialized Sticky Ban subsystem within 0 seconds!
Initialized Lighting subsystem within 14.9 seconds!
Initialized Shuttle subsystem within 21.7 seconds!
Initialized Squeak subsystem within 0 seconds!
Initialized pathfinder subsystem within 0 seconds!
Loaded 99 engraved messages on map Box Station
Initialized Persistence subsystem within 0.1 seconds!
Initializations complete within 160 seconds!
Game start took 14s
runtime error: 
[05:13:53]nothing to animate
[05:13:53]proc name: shake camera (/proc/shake_camera)
[05:13:53]  source file: mob_helpers.dm,270
[05:13:53]  usr: (src)
[05:13:53]  src: null
[05:13:53]  call stack:
[05:13:53]shake camera(Red Axolotl (/mob/living/carbon/human), 0.75, 1)
[05:13:53]Red Axolotl (/mob/living/carbon/human): afterShuttleMove(space (21,20,13) (/turf/open/space/transit/west), /list (/list), 8, 8, 8, 0)
[05:13:53]Red Axolotl (/mob/living/carbon/human): afterShuttleMove(space (21,20,13) (/turf/open/space/transit/west), /list (/list), 8, 8, 8, 0)
[05:13:53]the arrivals shuttle (/obj/docking_port/mobile/arrivals): cleanup runway(the arrivals (/obj/docking_port/stationary), /list (/list), /list (/list), /list (/list), /list (/list), 0, 8, Space (/area/space), /turf/open/space/transit/west (/turf/open/space/transit/west), /turf/open/space (/turf/open/space))
[05:13:53]the arrivals shuttle (/obj/docking_port/mobile/arrivals): initiate docking(the arrivals (/obj/docking_port/stationary), 8, 0)
[05:13:53]the arrivals shuttle (/obj/docking_port/mobile/arrivals): initiate docking(the arrivals (/obj/docking_port/stationary), 8)
[05:13:53]the arrivals shuttle (/obj/docking_port/mobile/arrivals): check()
[05:13:53]the arrivals shuttle (/obj/docking_port/mobile/arrivals): check()
[05:13:53]Shuttle (/datum/controller/subsystem/shuttle): fire(0)
[05:13:53]Shuttle (/datum/controller/subsystem/shuttle): ignite(0)
runtime error: 
[05:15:27]nothing to animate
[05:15:27]proc name: shake camera (/proc/shake_camera)
[05:15:27]  source file: mob_helpers.dm,270
[05:15:27]  usr: (src)
[05:15:27]  src: null
[05:15:27]  call stack:
[05:15:27]shake camera(Jonathon Whirlow (/mob/living/carbon/human), 0.75, 1)
[05:15:27]Jonathon Whirlow (/mob/living/carbon/human): afterShuttleMove(space (25,20,13) (/turf/open/space/transit/west), /list (/list), 8, 8, 8, 0)
[05:15:27]Jonathon Whirlow (/mob/living/carbon/human): afterShuttleMove(space (25,20,13) (/turf/open/space/transit/west), /list (/list), 8, 8, 8, 0)
[05:15:27]the arrivals shuttle (/obj/docking_port/mobile/arrivals): cleanup runway(the arrivals (/obj/docking_port/stationary), /list (/list), /list (/list), /list (/list), /list (/list), 0, 8, Space (/area/space), /turf/open/space/transit/west (/turf/open/space/transit/west), /turf/open/space (/turf/open/space))
[05:15:27]the arrivals shuttle (/obj/docking_port/mobile/arrivals): initiate docking(the arrivals (/obj/docking_port/stationary), 8, 0)
[05:15:27]the arrivals shuttle (/obj/docking_port/mobile/arrivals): initiate docking(the arrivals (/obj/docking_port/stationary), 8)
[05:15:27]the arrivals shuttle (/obj/docking_port/mobile/arrivals): check()
[05:15:27]the arrivals shuttle (/obj/docking_port/mobile/arrivals): check()
[05:15:27]Shuttle (/datum/controller/subsystem/shuttle): fire(0)
[05:15:27]Shuttle (/datum/controller/subsystem/shuttle): ignite(0)
runtime error: 
[05:22:34]nothing to animate
[05:22:34]proc name: shake camera (/proc/shake_camera)
[05:22:34]  source file: mob_helpers.dm,270
[05:22:34]  usr: (src)
[05:22:34]  src: null
[05:22:34]  call stack:
[05:22:34]shake camera(Xavier Gardner (/mob/living/carbon/human), 0.75, 1)
[05:22:34]Xavier Gardner (/mob/living/carbon/human): afterShuttleMove(space (25,18,13) (/turf/open/space/transit/west), /list (/list), 8, 8, 8, 0)
[05:22:34]Xavier Gardner (/mob/living/carbon/human): afterShuttleMove(space (25,18,13) (/turf/open/space/transit/west), /list (/list), 8, 8, 8, 0)
[05:22:34]the arrivals shuttle (/obj/docking_port/mobile/arrivals): cleanup runway(the arrivals (/obj/docking_port/stationary), /list (/list), /list (/list), /list (/list), /list (/list), 0, 8, Space (/area/space), /turf/open/space/transit/west (/turf/open/space/transit/west), /turf/open/space (/turf/open/space))
[05:22:34]the arrivals shuttle (/obj/docking_port/mobile/arrivals): initiate docking(the arrivals (/obj/docking_port/stationary), 8, 0)
[05:22:34]the arrivals shuttle (/obj/docking_port/mobile/arrivals): initiate docking(the arrivals (/obj/docking_port/stationary), 8)
[05:22:34]the arrivals shuttle (/obj/docking_port/mobile/arrivals): check()
[05:22:34]the arrivals shuttle (/obj/docking_port/mobile/arrivals): check()
[05:22:34]Shuttle (/datum/controller/subsystem/shuttle): fire(0)
[05:22:34]Shuttle (/datum/controller/subsystem/shuttle): ignite(0)
runtime error: 
[05:24:09]nothing to animate
[05:24:09]proc name: shake camera (/proc/shake_camera)
[05:24:09]  source file: mob_helpers.dm,270
[05:24:09]  usr: (src)
[05:24:09]  src: null
[05:24:09]  call stack:
[05:24:09]shake camera(Alivia Butterfill (/mob/living/carbon/human), 0.75, 1)
[05:24:09]Alivia Butterfill (/mob/living/carbon/human): afterShuttleMove(space (27,19,13) (/turf/open/space/transit/west), /list (/list), 8, 8, 8, 0)
[05:24:09]Alivia Butterfill (/mob/living/carbon/human): afterShuttleMove(space (27,19,13) (/turf/open/space/transit/west), /list (/list), 8, 8, 8, 0)
[05:24:09]the arrivals shuttle (/obj/docking_port/mobile/arrivals): cleanup runway(the arrivals (/obj/docking_port/stationary), /list (/list), /list (/list), /list (/list), /list (/list), 0, 8, Space (/area/space), /turf/open/space/transit/west (/turf/open/space/transit/west), /turf/open/space (/turf/open/space))
[05:24:09]the arrivals shuttle (/obj/docking_port/mobile/arrivals): initiate docking(the arrivals (/obj/docking_port/stationary), 8, 0)
[05:24:09]the arrivals shuttle (/obj/docking_port/mobile/arrivals): initiate docking(the arrivals (/obj/docking_port/stationary), 8)
[05:24:09]the arrivals shuttle (/obj/docking_port/mobile/arrivals): check()
[05:24:09]the arrivals shuttle (/obj/docking_port/mobile/arrivals): check()
[05:24:09]Shuttle (/datum/controller/subsystem/shuttle): fire(0)
[05:24:09]Shuttle (/datum/controller/subsystem/shuttle): ignite(0)
runtime error: 
[05:27:17]nothing to animate
[05:27:17]proc name: shake camera (/proc/shake_camera)
[05:27:17]  source file: mob_helpers.dm,270
[05:27:17]  usr: (src)
[05:27:17]  src: null
[05:27:17]  call stack:
[05:27:17]shake camera(Horst Gubbelman (/mob/living/carbon/human), 0.75, 1)
[05:27:17]Horst Gubbelman (/mob/living/carbon/human): afterShuttleMove(space (23,19,13) (/turf/open/space/transit/west), /list (/list), 8, 8, 8, 0)
[05:27:17]Horst Gubbelman (/mob/living/carbon/human): afterShuttleMove(space (23,19,13) (/turf/open/space/transit/west), /list (/list), 8, 8, 8, 0)
[05:27:17]the arrivals shuttle (/obj/docking_port/mobile/arrivals): cleanup runway(the arrivals (/obj/docking_port/stationary), /list (/list), /list (/list), /list (/list), /list (/list), 0, 8, Space (/area/space), /turf/open/space/transit/west (/turf/open/space/transit/west), /turf/open/space (/turf/open/space))
[05:27:17]the arrivals shuttle (/obj/docking_port/mobile/arrivals): initiate docking(the arrivals (/obj/docking_port/stationary), 8, 0)
[05:27:17]the arrivals shuttle (/obj/docking_port/mobile/arrivals): initiate docking(the arrivals (/obj/docking_port/stationary), 8)
[05:27:17]the arrivals shuttle (/obj/docking_port/mobile/arrivals): check()
[05:27:17]the arrivals shuttle (/obj/docking_port/mobile/arrivals): check()
[05:27:17]Shuttle (/datum/controller/subsystem/shuttle): fire(0)
[05:27:17]Shuttle (/datum/controller/subsystem/shuttle): ignite(0)
runtime error: 
[05:27:23]Cannot read null.temporary_mutations
[05:27:23]proc name: handle mutations and radiation (/mob/living/carbon/handle_mutations_and_radiation)
[05:27:23]  source file: life.dm,299
[05:27:23]  usr: null
[05:27:23]  src: the monkey (508) (/mob/living/carbon/monkey)
[05:27:23]  src.loc: null
[05:27:23]  call stack:
[05:27:23]the monkey (508) (/mob/living/carbon/monkey): handle mutations and radiation()
[05:27:23]the monkey (508) (/mob/living/carbon/monkey): handle mutations and radiation()
[05:27:23]the monkey (508) (/mob/living/carbon/monkey): Life(2, 421)
runtime error: 
[05:28:46]list index out of bounds
[05:28:46]proc name: tick (/datum/round_event/aurora_caelus/tick)
[05:28:46]  source file: aurora_caelus.dm,39
[05:28:46]  usr: null
[05:28:46]  src: /datum/round_event/aurora_cael... (/datum/round_event/aurora_caelus)
[05:28:46]  call stack:
[05:28:46]/datum/round_event/aurora_cael... (/datum/round_event/aurora_caelus): tick()
[05:28:46]/datum/round_event/aurora_cael... (/datum/round_event/aurora_caelus): process()
[05:28:46]Events (/datum/controller/subsystem/events): fire(0)
[05:28:46]Events (/datum/controller/subsystem/events): ignite(0)
[05:28:46]Master (/datum/controller/master): RunQueue()
[05:28:46]Master (/datum/controller/master): Loop()
[05:28:46]Master (/datum/controller/master): StartProcessing(0)
runtime error: 
[05:30:14]Cannot read null.temporary_mutations
[05:30:14]proc name: handle mutations and radiation (/mob/living/carbon/handle_mutations_and_radiation)
[05:30:14]  source file: life.dm,299
[05:30:14]  usr: null
[05:30:14]  src: the monkey (121) (/mob/living/carbon/monkey)
[05:30:14]  src.loc: null
[05:30:14]  call stack:
[05:30:14]the monkey (121) (/mob/living/carbon/monkey): handle mutations and radiation()
[05:30:14]the monkey (121) (/mob/living/carbon/monkey): handle mutations and radiation()
[05:30:14]the monkey (121) (/mob/living/carbon/monkey): Life(2, 496)
runtime error: 
[05:30:51]nothing to animate
[05:30:51]proc name: shake camera (/proc/shake_camera)
[05:30:51]  source file: mob_helpers.dm,270
[05:30:51]  usr: (src)
[05:30:51]  src: null
[05:30:51]  call stack:
[05:30:51]shake camera(Alan Kanaga (/mob/living/carbon/human), 0.75, 1)
[05:30:51]Alan Kanaga (/mob/living/carbon/human): afterShuttleMove(space (50,20,13) (/turf/open/space/transit/north), /list (/list), 8, 1, 1, 0)
[05:30:51]Alan Kanaga (/mob/living/carbon/human): afterShuttleMove(space (50,20,13) (/turf/open/space/transit/north), /list (/list), 8, 1, 1, 0)
[05:30:51]the mining shuttle (/obj/docking_port/mobile): cleanup runway(the lavaland mine (/obj/docking_port/stationary), /list (/list), /list (/list), /list (/list), /list (/list), 0, 1, Space (/area/space), /turf/open/space/transit/north (/turf/open/space/transit/north), /turf/open/space (/turf/open/space))
[05:30:51]the mining shuttle (/obj/docking_port/mobile): initiate docking(the lavaland mine (/obj/docking_port/stationary), 1, 0)
[05:30:51]the mining shuttle (/obj/docking_port/mobile): check()
[05:30:51]Shuttle (/datum/controller/subsystem/shuttle): fire(0)
[05:30:51]Shuttle (/datum/controller/subsystem/shuttle): ignite(0)
runtime error: 
[05:31:06]nothing to animate
[05:31:06]proc name: shake camera (/proc/shake_camera)
[05:31:06]  source file: mob_helpers.dm,270
[05:31:06]  usr: (src)
[05:31:06]  src: null
[05:31:06]  call stack:
[05:31:06]shake camera(Marnu Stimbo (/mob/living/carbon/human), 0.75, 1)
[05:31:06]Marnu Stimbo (/mob/living/carbon/human): afterShuttleMove(space (27,20,13) (/turf/open/space/transit/west), /list (/list), 8, 8, 8, 0)
[05:31:06]Marnu Stimbo (/mob/living/carbon/human): afterShuttleMove(space (27,20,13) (/turf/open/space/transit/west), /list (/list), 8, 8, 8, 0)
[05:31:06]the arrivals shuttle (/obj/docking_port/mobile/arrivals): cleanup runway(the arrivals (/obj/docking_port/stationary), /list (/list), /list (/list), /list (/list), /list (/list), 0, 8, Space (/area/space), /turf/open/space/transit/west (/turf/open/space/transit/west), /turf/open/space (/turf/open/space))
[05:31:06]the arrivals shuttle (/obj/docking_port/mobile/arrivals): initiate docking(the arrivals (/obj/docking_port/stationary), 8, 0)
[05:31:06]the arrivals shuttle (/obj/docking_port/mobile/arrivals): initiate docking(the arrivals (/obj/docking_port/stationary), 8)
[05:31:06]the arrivals shuttle (/obj/docking_port/mobile/arrivals): check()
[05:31:06]the arrivals shuttle (/obj/docking_port/mobile/arrivals): check()
[05:31:06]Shuttle (/datum/controller/subsystem/shuttle): fire(0)
[05:31:06]Shuttle (/datum/controller/subsystem/shuttle): ignite(0)
runtime error: 
[05:32:52]Cannot read null.temporary_mutations
[05:32:52]proc name: handle mutations and radiation (/mob/living/carbon/handle_mutations_and_radiation)
[05:32:52]  source file: life.dm,299
[05:32:52]  usr: null
[05:32:52]  src: the monkey (344) (/mob/living/carbon/monkey)
[05:32:52]  src.loc: null
[05:32:52]  call stack:
[05:32:52]the monkey (344) (/mob/living/carbon/monkey): handle mutations and radiation()
[05:32:52]the monkey (344) (/mob/living/carbon/monkey): handle mutations and radiation()
[05:32:52]the monkey (344) (/mob/living/carbon/monkey): Life(2, 559)
runtime error: 
[05:32:54]Cannot read null.z
[05:32:54]proc name: AStar (/proc/AStar)
[05:32:54]  source file: AStar.dm,104
[05:32:54]  usr: (src)
[05:32:54]  src: null
[05:32:54]  call stack:
[05:32:54]AStar(the monkey (221) (/mob/living/carbon/monkey), null, /turf/proc/Distance (/turf/proc/Distance), 33, 250, 1, /turf/proc/reachableTurftest (/turf/proc/reachableTurftest), null, null, 1)
[05:32:54]get path to(the monkey (221) (/mob/living/carbon/monkey), null, /turf/proc/Distance (/turf/proc/Distance), 33, 250, 1, /turf/proc/reachableTurftest (/turf/proc/reachableTurftest), null, null, 1)
[05:32:54]the monkey (221) (/mob/living/carbon/monkey): walk2derpless(the monkey (344) (/mob/living/carbon/monkey))
[05:32:54]world: ImmediateInvokeAsync(the monkey (221) (/mob/living/carbon/monkey), /mob/living/carbon/monkey/proc... (/mob/living/carbon/monkey/proc/walk2derpless), the monkey (344) (/mob/living/carbon/monkey))
[05:32:54]the monkey (221) (/mob/living/carbon/monkey): handle combat()
[05:32:54]the monkey (221) (/mob/living/carbon/monkey): Life(2, 561)
[05:32:54]Mobs (/datum/controller/subsystem/mobs): fire(0)
[05:32:54]Mobs (/datum/controller/subsystem/mobs): ignite(0)
[05:32:54]Master (/datum/controller/master): RunQueue()
[05:32:54]Master (/datum/controller/master): Loop()
[05:32:54]Master (/datum/controller/master): StartProcessing(0)
runtime error: 
[05:32:54]Cannot read null.z
[05:32:54]proc name: AStar (/proc/AStar)
[05:32:54]  source file: AStar.dm,104
[05:32:54]  usr: (src)
[05:32:54]  src: null
[05:32:54]  call stack:
[05:32:54]AStar(the monkey (63) (/mob/living/carbon/monkey), null, /turf/proc/Distance (/turf/proc/Distance), 33, 250, 1, /turf/proc/reachableTurftest (/turf/proc/reachableTurftest), null, null, 1)
[05:32:54]get path to(the monkey (63) (/mob/living/carbon/monkey), null, /turf/proc/Distance (/turf/proc/Distance), 33, 250, 1, /turf/proc/reachableTurftest (/turf/proc/reachableTurftest), null, null, 1)
[05:32:54]the monkey (63) (/mob/living/carbon/monkey): walk2derpless(the monkey (344) (/mob/living/carbon/monkey))
[05:32:54]world: ImmediateInvokeAsync(the monkey (63) (/mob/living/carbon/monkey), /mob/living/carbon/monkey/proc... (/mob/living/carbon/monkey/proc/walk2derpless), the monkey (344) (/mob/living/carbon/monkey))
[05:32:54]the monkey (63) (/mob/living/carbon/monkey): handle combat()
[05:32:54]the monkey (63) (/mob/living/carbon/monkey): Life(2, 561)
[05:32:54]Mobs (/datum/controller/subsystem/mobs): fire(0)
[05:32:54]Mobs (/datum/controller/subsystem/mobs): ignite(0)
[05:32:54]Master (/datum/controller/master): RunQueue()
[05:32:54]Master (/datum/controller/master): Loop()
[05:32:54]Master (/datum/controller/master): StartProcessing(0)
runtime error: 
[05:32:56]Cannot read null.z
[05:32:56]proc name: AStar (/proc/AStar)
[05:32:56]  source file: AStar.dm,104
[05:32:56]  usr: (src)
[05:32:56]  src: null
[05:32:56]  call stack:
[05:32:56]AStar(the monkey (221) (/mob/living/carbon/monkey), null, /turf/proc/Distance (/turf/proc/Distance), 33, 250, 1, /turf/proc/reachableTurftest (/turf/proc/reachableTurftest), null, null, 1)
[05:32:56]get path to(the monkey (221) (/mob/living/carbon/monkey), null, /turf/proc/Distance (/turf/proc/Distance), 33, 250, 1, /turf/proc/reachableTurftest (/turf/proc/reachableTurftest), null, null, 1)
[05:32:56]the monkey (221) (/mob/living/carbon/monkey): walk2derpless(the monkey (344) (/mob/living/carbon/monkey))
[05:32:56]world: ImmediateInvokeAsync(the monkey (221) (/mob/living/carbon/monkey), /mob/living/carbon/monkey/proc... (/mob/living/carbon/monkey/proc/walk2derpless), the monkey (344) (/mob/living/carbon/monkey))
[05:32:56]the monkey (221) (/mob/living/carbon/monkey): handle combat()
[05:32:56]the monkey (221) (/mob/living/carbon/monkey): Life(2, 562)
[05:32:56]Mobs (/datum/controller/subsystem/mobs): fire(0)
[05:32:56]Mobs (/datum/controller/subsystem/mobs): ignite(0)
[05:32:56]Master (/datum/controller/master): RunQueue()
[05:32:56]Master (/datum/controller/master): Loop()
[05:32:56]Master (/datum/controller/master): StartProcessing(0)
runtime error: 
[05:32:56]Cannot read null.z
[05:32:56]proc name: AStar (/proc/AStar)
[05:32:56]  source file: AStar.dm,104
[05:32:56]  usr: (src)
[05:32:56]  src: null
[05:32:56]  call stack:
[05:32:56]AStar(the monkey (63) (/mob/living/carbon/monkey), null, /turf/proc/Distance (/turf/proc/Distance), 33, 250, 1, /turf/proc/reachableTurftest (/turf/proc/reachableTurftest), null, null, 1)
[05:32:56]get path to(the monkey (63) (/mob/living/carbon/monkey), null, /turf/proc/Distance (/turf/proc/Distance), 33, 250, 1, /turf/proc/reachableTurftest (/turf/proc/reachableTurftest), null, null, 1)
[05:32:56]the monkey (63) (/mob/living/carbon/monkey): walk2derpless(the monkey (344) (/mob/living/carbon/monkey))
[05:32:56]world: ImmediateInvokeAsync(the monkey (63) (/mob/living/carbon/monkey), /mob/living/carbon/monkey/proc... (/mob/living/carbon/monkey/proc/walk2derpless), the monkey (344) (/mob/living/carbon/monkey))
[05:32:56]the monkey (63) (/mob/living/carbon/monkey): handle combat()
[05:32:56]the monkey (63) (/mob/living/carbon/monkey): Life(2, 562)
[05:32:56]Mobs (/datum/controller/subsystem/mobs): fire(0)
[05:32:56]Mobs (/datum/controller/subsystem/mobs): ignite(0)
[05:32:56]Master (/datum/controller/master): RunQueue()
[05:32:56]Master (/datum/controller/master): Loop()
[05:32:56]Master (/datum/controller/master): StartProcessing(0)
runtime error: 
[05:32:58]Cannot read null.z
[05:32:58]proc name: AStar (/proc/AStar)
[05:32:58]  source file: AStar.dm,104
[05:32:58]  usr: (src)
[05:32:58]  src: null
[05:32:58]  call stack:
[05:32:58]AStar(the monkey (221) (/mob/living/carbon/monkey), null, /turf/proc/Distance (/turf/proc/Distance), 33, 250, 1, /turf/proc/reachableTurftest (/turf/proc/reachableTurftest), null, null, 1)
[05:32:58]get path to(the monkey (221) (/mob/living/carbon/monkey), null, /turf/proc/Distance (/turf/proc/Distance), 33, 250, 1, /turf/proc/reachableTurftest (/turf/proc/reachableTurftest), null, null, 1)
[05:32:58]the monkey (221) (/mob/living/carbon/monkey): walk2derpless(the monkey (344) (/mob/living/carbon/monkey))
[05:32:58]world: ImmediateInvokeAsync(the monkey (221) (/mob/living/carbon/monkey), /mob/living/carbon/monkey/proc... (/mob/living/carbon/monkey/proc/walk2derpless), the monkey (344) (/mob/living/carbon/monkey))
[05:32:58]the monkey (221) (/mob/living/carbon/monkey): handle combat()
[05:32:58]the monkey (221) (/mob/living/carbon/monkey): Life(2, 563)
[05:32:58]Mobs (/datum/controller/subsystem/mobs): fire(0)
[05:32:58]Mobs (/datum/controller/subsystem/mobs): ignite(0)
[05:32:58]Master (/datum/controller/master): RunQueue()
[05:32:58]Master (/datum/controller/master): Loop()
[05:32:58]Master (/datum/controller/master): StartProcessing(0)
runtime error: 
[05:32:58]Cannot read null.z
[05:32:58]proc name: AStar (/proc/AStar)
[05:32:58]  source file: AStar.dm,104
[05:32:58]  usr: (src)
[05:32:58]  src: null
[05:32:58]  call stack:
[05:32:58]AStar(the monkey (63) (/mob/living/carbon/monkey), null, /turf/proc/Distance (/turf/proc/Distance), 33, 250, 1, /turf/proc/reachableTurftest (/turf/proc/reachableTurftest), null, null, 1)
[05:32:58]get path to(the monkey (63) (/mob/living/carbon/monkey), null, /turf/proc/Distance (/turf/proc/Distance), 33, 250, 1, /turf/proc/reachableTurftest (/turf/proc/reachableTurftest), null, null, 1)
[05:32:58]the monkey (63) (/mob/living/carbon/monkey): walk2derpless(the monkey (344) (/mob/living/carbon/monkey))
[05:32:58]world: ImmediateInvokeAsync(the monkey (63) (/mob/living/carbon/monkey), /mob/living/carbon/monkey/proc... (/mob/living/carbon/monkey/proc/walk2derpless), the monkey (344) (/mob/living/carbon/monkey))
[05:32:58]the monkey (63) (/mob/living/carbon/monkey): handle combat()
[05:32:58]the monkey (63) (/mob/living/carbon/monkey): Life(2, 563)
[05:32:58]Mobs (/datum/controller/subsystem/mobs): fire(0)
[05:32:58]Mobs (/datum/controller/subsystem/mobs): ignite(0)
[05:32:58]Master (/datum/controller/master): RunQueue()
[05:32:58]Master (/datum/controller/master): Loop()
[05:32:58]Master (/datum/controller/master): StartProcessing(0)
runtime error: 
[05:33:03]Cannot read null.z
[05:33:03]proc name: AStar (/proc/AStar)
[05:33:03]  source file: AStar.dm,104
[05:33:03]  usr: (src)
[05:33:03]  src: null
[05:33:03]  call stack:
[05:33:03]AStar(the monkey (221) (/mob/living/carbon/monkey), null, /turf/proc/Distance (/turf/proc/Distance), 33, 250, 1, /turf/proc/reachableTurftest (/turf/proc/reachableTurftest), null, null, 1)
[05:33:03]get path to(the monkey (221) (/mob/living/carbon/monkey), null, /turf/proc/Distance (/turf/proc/Distance), 33, 250, 1, /turf/proc/reachableTurftest (/turf/proc/reachableTurftest), null, null, 1)
[05:33:03]the monkey (221) (/mob/living/carbon/monkey): walk2derpless(the monkey (344) (/mob/living/carbon/monkey))
[05:33:03]world: ImmediateInvokeAsync(the monkey (221) (/mob/living/carbon/monkey), /mob/living/carbon/monkey/proc... (/mob/living/carbon/monkey/proc/walk2derpless), the monkey (344) (/mob/living/carbon/monkey))
[05:33:03]the monkey (221) (/mob/living/carbon/monkey): handle combat()
[05:33:03]the monkey (221) (/mob/living/carbon/monkey): Life(2, 564)
[05:33:03]Mobs (/datum/controller/subsystem/mobs): fire(0)
[05:33:03]Mobs (/datum/controller/subsystem/mobs): ignite(0)
[05:33:03]Master (/datum/controller/master): RunQueue()
[05:33:03]Master (/datum/controller/master): Loop()
[05:33:03]Master (/datum/controller/master): StartProcessing(0)
runtime error: 
[05:33:03]Cannot read null.z
[05:33:03]proc name: AStar (/proc/AStar)
[05:33:03]  source file: AStar.dm,104
[05:33:03]  usr: (src)
[05:33:03]  src: null
[05:33:03]  call stack:
[05:33:03]AStar(the monkey (63) (/mob/living/carbon/monkey), null, /turf/proc/Distance (/turf/proc/Distance), 33, 250, 1, /turf/proc/reachableTurftest (/turf/proc/reachableTurftest), null, null, 1)
[05:33:03]get path to(the monkey (63) (/mob/living/carbon/monkey), null, /turf/proc/Distance (/turf/proc/Distance), 33, 250, 1, /turf/proc/reachableTurftest (/turf/proc/reachableTurftest), null, null, 1)
[05:33:03]the monkey (63) (/mob/living/carbon/monkey): walk2derpless(the monkey (344) (/mob/living/carbon/monkey))
[05:33:03]world: ImmediateInvokeAsync(the monkey (63) (/mob/living/carbon/monkey), /mob/living/carbon/monkey/proc... (/mob/living/carbon/monkey/proc/walk2derpless), the monkey (344) (/mob/living/carbon/monkey))
[05:33:03]the monkey (63) (/mob/living/carbon/monkey): handle combat()
[05:33:03]the monkey (63) (/mob/living/carbon/monkey): Life(2, 564)
[05:33:03]Mobs (/datum/controller/subsystem/mobs): fire(0)
[05:33:03]Mobs (/datum/controller/subsystem/mobs): ignite(0)
[05:33:03]Master (/datum/controller/master): RunQueue()
[05:33:03]Master (/datum/controller/master): Loop()
[05:33:03]Master (/datum/controller/master): StartProcessing(0)
runtime error: 
[05:33:06]Cannot read null.z
[05:33:06]proc name: AStar (/proc/AStar)
[05:33:06]  source file: AStar.dm,104
runtime error: 
[05:33:06]Cannot read null.z
[05:33:06]proc name: AStar (/proc/AStar)
[05:33:06]  source file: AStar.dm,104
runtime error: 
[05:33:37]nothing to animate
[05:33:37]proc name: shake camera (/proc/shake_camera)
[05:33:37]  source file: mob_helpers.dm,270
runtime error: 
[05:35:13]Cannot read null.temporary_mutations
[05:35:13]proc name: handle mutations and radiation (/mob/living/carbon/handle_mutations_and_radiation)
[05:35:13]  source file: life.dm,299
runtime error: 
[05:37:01]nothing to animate
[05:37:01]proc name: shake camera (/proc/shake_camera)
[05:37:01]  source file: mob_helpers.dm,270
runtime error: 
[05:37:17]nothing to animate
[05:37:17]proc name: shake camera (/proc/shake_camera)
[05:37:17]  source file: mob_helpers.dm,270
runtime error: 
[05:39:18]Cannot execute null.return pressure().
[05:39:18]proc name: process atmos (/obj/machinery/atmospherics/components/binary/pump/process_atmos)
[05:39:18]  source file: pump.dm,56
runtime error: 
[05:39:30]Cannot modify null.moved.
[05:39:30]proc name: Remove (/datum/action/proc/Remove)
[05:39:30]  source file: action.dm,79
runtime error: 
[05:39:31]A ref was requested of an object with DF_USE_TAG set but no tag: Xavier Gardner
[05:39:31]proc name: stack trace (/proc/stack_trace)
[05:39:31]  source file: unsorted.dm,1254
runtime error: 
[05:39:31]Cannot read null.species
[05:39:31]proc name: remove (/datum/trait/deviant_tastes/remove)
[05:39:31]  source file: neutral.dm,31
runtime error: 
[05:39:41]Cannot read null.air
[05:39:41]proc name: return air (/obj/machinery/atmospherics/pipe/return_air)
[05:39:41]  source file: pipes.dm,60
runtime error: 
[05:39:41]Cannot read null.temperature
[05:39:41]proc name: process atmos (/obj/machinery/atmospherics/pipe/heat_exchanging/process_atmos)
[05:39:41]  source file: he_pipes.dm,42
runtime error: 
[05:39:41]Cannot read null.air
[05:39:41]proc name: return air (/obj/machinery/atmospherics/pipe/return_air)
[05:39:41]  source file: pipes.dm,60
runtime error: 
[05:39:41]Cannot read null.temperature
[05:39:41]proc name: process atmos (/obj/machinery/atmospherics/pipe/heat_exchanging/process_atmos)
[05:39:41]  source file: he_pipes.dm,42
runtime error: 
[05:39:41]Cannot read null.air
[05:39:41]proc name: return air (/obj/machinery/atmospherics/pipe/return_air)
[05:39:41]  source file: pipes.dm,60
runtime error: 
[05:39:41]Cannot read null.temperature
[05:39:41]proc name: process atmos (/obj/machinery/atmospherics/pipe/heat_exchanging/process_atmos)
[05:39:41]  source file: he_pipes.dm,42
runtime error: 
[05:39:41]Cannot read null.air
[05:39:41]proc name: return air (/obj/machinery/atmospherics/pipe/return_air)
[05:39:41]  source file: pipes.dm,60
runtime error: 
[05:39:41]Cannot read null.temperature
[05:39:41]proc name: process atmos (/obj/machinery/atmospherics/pipe/heat_exchanging/process_atmos)
[05:39:41]  source file: he_pipes.dm,42
runtime error: 
[05:39:41]Cannot read null.air
[05:39:41]proc name: return air (/obj/machinery/atmospherics/pipe/return_air)
[05:39:41]  source file: pipes.dm,60
runtime error: 
[05:39:41]Cannot read null.temperature
[05:39:41]proc name: process atmos (/obj/machinery/atmospherics/pipe/heat_exchanging/process_atmos)
[05:39:41]  source file: he_pipes.dm,42
runtime error: 
[05:39:41]Cannot read null.air
[05:39:41]proc name: return air (/obj/machinery/atmospherics/pipe/return_air)
[05:39:41]  source file: pipes.dm,60
runtime error: 
[05:39:41]Cannot read null.temperature
[05:39:41]proc name: process atmos (/obj/machinery/atmospherics/pipe/heat_exchanging/process_atmos)
[05:39:41]  source file: he_pipes.dm,42
runtime error: 
[05:39:41]Cannot read null.air
[05:39:41]proc name: return air (/obj/machinery/atmospherics/pipe/return_air)
[05:39:41]  source file: pipes.dm,60
runtime error: 
[05:39:41]Cannot read null.temperature
[05:39:41]proc name: process atmos (/obj/machinery/atmospherics/pipe/heat_exchanging/process_atmos)
[05:39:41]  source file: he_pipes.dm,42
runtime error: 
[05:39:41]Cannot read null.air
[05:39:41]proc name: return air (/obj/machinery/atmospherics/pipe/return_air)
[05:39:41]  source file: pipes.dm,60
runtime error: 
[05:39:41]Cannot read null.temperature
[05:39:41]proc name: process atmos (/obj/machinery/atmospherics/pipe/heat_exchanging/process_atmos)
[05:39:41]  source file: he_pipes.dm,42
runtime error: 
[05:39:41]Cannot read null.air
[05:39:41]proc name: return air (/obj/machinery/atmospherics/pipe/return_air)
[05:39:41]  source file: pipes.dm,60
runtime error: 
[05:39:41]Cannot read null.temperature
[05:39:41]proc name: process atmos (/obj/machinery/atmospherics/pipe/heat_exchanging/process_atmos)
[05:39:41]  source file: he_pipes.dm,42
runtime error: 
[05:41:43]Cannot read null.temporary_mutations
[05:41:43]proc name: handle mutations and radiation (/mob/living/carbon/handle_mutations_and_radiation)
[05:41:43]  source file: life.dm,299
runtime error: 
[05:41:43]list index out of bounds
[05:41:43]proc name: apply damage (/mob/living/carbon/apply_damage)
[05:41:43]  source file: damage_procs.dm,16
runtime error: 
[05:44:08]Cannot read null.client
[05:44:08]proc name: open (/datum/tgui/proc/open)
[05:44:08]  source file: tgui.dm,87
runtime error: 
[05:44:54]nothing to animate
[05:44:54]proc name: shake camera (/proc/shake_camera)
[05:44:54]  source file: mob_helpers.dm,270
runtime error: 
[05:49:55]nothing to animate
[05:49:55]proc name: shake camera (/proc/shake_camera)
[05:49:55]  source file: mob_helpers.dm,270
runtime error: 
[05:54:59]Cannot execute null.remove reagent().
[05:54:59]proc name: on mob life (/datum/reagent/consumable/on_mob_life)
[05:54:59]  source file: food_reagents.dm,20
runtime error: 
[05:55:01]Cannot execute null.remove reagent().
[05:55:01]proc name: on mob life (/datum/reagent/consumable/on_mob_life)
[05:55:01]  source file: food_reagents.dm,20
runtime error: 
[05:55:10]Cannot execute null.remove reagent().
[05:55:10]proc name: on mob life (/datum/reagent/consumable/on_mob_life)
[05:55:10]  source file: food_reagents.dm,20
runtime error: 
[05:55:12]Cannot execute null.remove reagent().
[05:55:12]proc name: on mob life (/datum/reagent/consumable/on_mob_life)
[05:55:12]  source file: food_reagents.dm,20
runtime error: 
[05:55:39]Cannot execute null.remove reagent().
[05:55:39]proc name: on mob life (/datum/reagent/consumable/on_mob_life)
[05:55:39]  source file: food_reagents.dm,20
runtime error: 
[05:55:47]Cannot execute null.remove reagent().
[05:55:47]proc name: on mob life (/datum/reagent/consumable/on_mob_life)
[05:55:47]  source file: food_reagents.dm,20
runtime error: 
[05:58:06]Cannot execute null.remove reagent().
[05:58:06]proc name: on mob life (/datum/reagent/consumable/on_mob_life)
[05:58:06]  source file: food_reagents.dm,20
runtime error: 
[05:58:08]Cannot execute null.remove reagent().
[05:58:08]proc name: on mob life (/datum/reagent/consumable/on_mob_life)
[05:58:08]  source file: food_reagents.dm,20
runtime error: 
[05:58:34]Cannot execute null.remove reagent().
[05:58:34]proc name: on mob life (/datum/reagent/consumable/on_mob_life)
[05:58:34]  source file: food_reagents.dm,20
runtime error: 
[05:58:36]Cannot execute null.remove reagent().
[05:58:36]proc name: on mob life (/datum/reagent/consumable/on_mob_life)
[05:58:36]  source file: food_reagents.dm,20
runtime error: 
[05:58:39]Cannot execute null.remove reagent().
[05:58:39]proc name: on mob life (/datum/reagent/consumable/on_mob_life)
[05:58:39]  source file: food_reagents.dm,20
runtime error: 
[06:00:01]Cannot execute null.remove reagent().
[06:00:01]proc name: on mob life (/datum/reagent/consumable/on_mob_life)
[06:00:01]  source file: food_reagents.dm,20
runtime error: 
[06:00:03]Cannot execute null.remove reagent().
[06:00:03]proc name: on mob life (/datum/reagent/consumable/on_mob_life)
[06:00:03]  source file: food_reagents.dm,20
runtime error: 
[06:00:05]Cannot execute null.remove reagent().
[06:00:05]proc name: on mob life (/datum/reagent/consumable/on_mob_life)
[06:00:05]  source file: food_reagents.dm,20
runtime error: 
[06:00:11]Cannot execute null.remove reagent().
[06:00:11]proc name: on mob life (/datum/reagent/consumable/on_mob_life)
[06:00:11]  source file: food_reagents.dm,20
runtime error: 
[06:00:14]Cannot execute null.remove reagent().
[06:00:14]proc name: on mob life (/datum/reagent/consumable/on_mob_life)
[06:00:14]  source file: food_reagents.dm,20
runtime error: 
[06:02:12]Cannot execute null.remove reagent().
[06:02:12]proc name: on mob life (/datum/reagent/consumable/on_mob_life)
[06:02:12]  source file: food_reagents.dm,20
runtime error: 
[06:02:14]Cannot execute null.remove reagent().
[06:02:14]proc name: on mob life (/datum/reagent/consumable/on_mob_life)
[06:02:14]  source file: food_reagents.dm,20
runtime error: 
[06:02:18]Cannot execute null.remove reagent().
[06:02:18]proc name: on mob life (/datum/reagent/consumable/on_mob_life)
[06:02:18]  source file: food_reagents.dm,20
runtime error: 
[06:02:20]Cannot execute null.remove reagent().
[06:02:20]proc name: on mob life (/datum/reagent/consumable/on_mob_life)
[06:02:20]  source file: food_reagents.dm,20
runtime error: 
[06:02:22]Cannot execute null.remove reagent().
[06:02:22]proc name: on mob life (/datum/reagent/consumable/on_mob_life)
[06:02:22]  source file: food_reagents.dm,20
runtime error: 
[06:02:24]Cannot execute null.remove reagent().
[06:02:24]proc name: on mob life (/datum/reagent/consumable/on_mob_life)
[06:02:24]  source file: food_reagents.dm,20
runtime error: 
[06:02:27]Cannot execute null.remove reagent().
[06:02:27]proc name: on mob life (/datum/reagent/consumable/on_mob_life)
[06:02:27]  source file: food_reagents.dm,20
runtime error: 
[06:10:39]nothing to animate
[06:10:39]proc name: shake camera (/proc/shake_camera)
[06:10:39]  source file: mob_helpers.dm,270
runtime error: 
[06:11:54]nothing to animate
[06:11:54]proc name: shake camera (/proc/shake_camera)
[06:11:54]  source file: mob_helpers.dm,270
runtime error: 
[06:13:08]nothing to animate
[06:13:08]proc name: shake camera (/proc/shake_camera)
[06:13:08]  source file: mob_helpers.dm,270
runtime error: 
[06:13:59]nothing to animate
[06:13:59]proc name: shake camera (/proc/shake_camera)
[06:13:59]  source file: mob_helpers.dm,270
runtime error: 
[06:21:34]nothing to animate
[06:21:34]proc name: shake camera (/proc/shake_camera)
[06:21:34]  source file: mob_helpers.dm,270
runtime error: 
[06:21:35]nothing to animate
[06:21:35]proc name: shake camera (/proc/shake_camera)
[06:21:35]  source file: mob_helpers.dm,270
runtime error: 
[06:21:36]nothing to animate
[06:21:36]proc name: shake camera (/proc/shake_camera)
[06:21:36]  source file: mob_helpers.dm,270
Saved 99 engraved messages on map Box Station
Shutting down Persistence subsystem...
Shutting down pathfinder subsystem...
Shutting down Squeak subsystem...
Shutting down Shuttle subsystem...
Shutting down Lighting subsystem...
Shutting down XKeyScore subsystem...
Shutting down Sticky Ban subsystem...
Shutting down Overlay subsystem...
Shutting down Icon Smoothing subsystem...
Shutting down Assets subsystem...
Shutting down Minimap subsystem...
Shutting down Atmospherics subsystem...
Shutting down Wet floors subsystem...
Shutting down Weather subsystem...
Shutting down Vote subsystem...
Shutting down Traumas subsystem...
Shutting down Title Screen subsystem...
Shutting down Time Tracking subsystem...
Shutting down Throwing subsystem...
Shutting down tgui subsystem...
Shutting down Sun subsystem...
Shutting down Space Drift subsystem...
Shutting down Religion subsystem...
Shutting down Radio subsystem...
Shutting down Radiation subsystem...
Shutting down Projectiles subsystem...
Shutting down Processing subsystem...
Shutting down Parallax subsystem...
Shutting down pAI subsystem...
Shutting down Orbits subsystem...
Shutting down Objects subsystem...
Shutting down NPC Pool subsystem...
Shutting down Night Shift subsystem...
Shutting down Mood subsystem...
Shutting down Mobs subsystem...
Shutting down Medals subsystem...
Shutting down Inbounds subsystem...
Shutting down Idling NPC Pool subsystem...
Shutting down Flightpack Movement subsystem...
Shutting down Fire Burning subsystem...
Shutting down Fields subsystem...
Shutting down Fast Processing subsystem...
Shutting down Disease subsystem...
Shutting down Communications subsystem...
Shutting down Augury subsystem...
Shutting down Acid subsystem...
Shutting down Timer subsystem...
Shutting down Circuit subsystem...
Shutting down Machines subsystem...
Shutting down Language subsystem...
Shutting down Atoms subsystem...
Shutting down Networks subsystem...
Shutting down Mapping subsystem...
Shutting down Ticker subsystem...
Shutting down Traits subsystem...
Shutting down Jobs subsystem...
Shutting down Events subsystem...
Shutting down Research subsystem...
Shutting down Input subsystem...
Shutting down Server Tasks subsystem...
Shutting down Blackbox subsystem...
Shutting down Database subsystem...
Shutting down Garbage subsystem...
Shutdown complete
World rebooted at 06:23:19
