

Starting up round ID 1273. 19:28:41
---------------------
[19:36:58]PDA: Arkadiusz123/(Silent Knight) (PDA: mime PDA) sent "Ai open" to Fi (AI) (91,119,2)
[19:37:08]PDA: Aleksa123498/(Fi) (PDA: PDA) sent "why?" to Silent Knight (Mime) (150,32,2)
[19:37:36]PDA: Arkadiusz123/(Silent Knight) (PDA: mime PDA) sent "because im an hacker" to Fi (AI) (91,118,2)
[19:37:53]PDA: Arkadiusz123/(Silent Knight) (PDA: mime PDA) sent "and i will cause harm if you not" to Fi (AI) (91,118,2)
[19:38:17]PDA: Arkadiusz123/(Silent Knight) (PDA: mime PDA) sent "i will kill you" to Fi (AI) (97,134,2)
[19:40:04]PDA: Arkadiusz123/(Silent Knight) (PDA: mime PDA) sent "ai you are an traitor" to Fi (AI) (157,156,2)
[19:40:12]PDA: Aleksa123498/(Fi) (PDA: PDA) sent "how?" to Silent Knight (Mime) (150,32,2)
[19:40:18]PDA: Arkadiusz123/(Silent Knight) (PDA: mime PDA) sent "i detected it" to Fi (AI) (157,156,2)
[19:40:28]PDA: Arkadiusz123/(Silent Knight) (PDA: mime PDA) sent "by trying to blow you up" to Fi (AI) (157,156,2)
[19:40:30]PDA: Aleksa123498/(Fi) (PDA: PDA) sent "how" to Silent Knight (Mime) (150,32,2)
[19:40:39]PDA: Arkadiusz123/(Silent Knight) (PDA: mime PDA) sent "im gonna blow this cargo man" to Fi (AI) (157,157,2)
[19:40:46]PDA: Arkadiusz123/(Silent Knight) (PDA: mime PDA) sent "he didn&#39;t open door for me" to Fi (AI) (157,157,2)
[19:41:15]PDA: RoastedZork/(Zork Hall) (PDA: roboticist PDA) sent "Would you like me to make an ED-209?" to Bob Ross (Captain) (172,123,2)
[19:41:31]PDA: Arkadiusz123/(Silent Knight) (PDA: mime PDA) sent "no lets blow up craptain" to Fi (AI) (157,157,2)
[19:43:04]PDA: Arkadiusz123/(Silent Knight) (PDA: mime PDA) sent "i wanna to help the crew but they dont want to" to Fi (AI) (157,157,2)
[19:51:04]PDA: Ceanox/(Bonker) (PDA: clown PDA) sent "Where you at fam" to Silent Knight (Mime) (120,141,2)
[19:53:36]PDA: BuckyBoy/(Beau Richards) (PDA: botanist PDA) sent "indrick is taking apart the tables at botany" to Bob Ross (Captain) (140,129,2)
[19:53:58]PDA: Blurbo/(Bob Ross) (PDA: captain PDA) sent "just give him the stuff that those tables are made of" to Beau Richards (Botanist) (111,129,2)
[19:54:06]PDA: Blurbo/(Bob Ross) (PDA: captain PDA) sent "desperate probs" to Beau Richards (Botanist) (111,129,2)
[19:54:14]PDA: BuckyBoy/(Beau Richards) (PDA: botanist PDA) sent "PlasteeL?Where the fuck am i gonna get plasteel?" to Bob Ross (Captain) (171,128,2)
[19:54:41]PDA: Blurbo/(Bob Ross) (PDA: captain PDA) sent "xeno or robotics" to Beau Richards (Botanist) (112,129,2)
[19:54:49]PDA: BuckyBoy/(Beau Richards) (PDA: botanist PDA) sent "I dont have access" to Bob Ross (Captain) (161,142,2)
[19:54:54]PDA: BuckyBoy/(Beau Richards) (PDA: botanist PDA) sent "Im a fucking botanist" to Bob Ross (Captain) (161,142,2)
[19:57:00]PDA: RoastedZork/(Zork Hall) (PDA: PDA) sent "sorry, accidentally unlinked a borg from you trying to reset it" to Fi (AI) (172,120,2)
[19:58:06]PDA: Datmanisdumb/(Peter Petrograd) (PDA: cook PDA) sent "come to sec I need to arrest someone" to Fi (AI) (119,164,2)
[19:58:13]PDA: Datmanisdumb/(Peter Petrograd) (PDA: cook PDA) sent "i need to cuff him" to Fi (AI) (119,164,2)
[19:58:21]PDA: Aleksa123498/(Fi) (PDA: PDA) sent "im a ai" to Peter Petrograd (Cook) (150,32,2)
[19:58:28]PDA: Datmanisdumb/(Peter Petrograd) (PDA: cook PDA) sent "with your camera dummy" to Fi (AI) (119,164,2)
[19:58:41]PDA: Datmanisdumb/(Peter Petrograd) (PDA: cook PDA) sent "he&#39;s gonna die if you dont" to Fi (AI) (119,164,2)
[19:58:49]PDA: Aleksa123498/(Fi) (PDA: PDA) sent "go to medbay" to Peter Petrograd (Cook) (150,32,2)
[20:01:41]PDA: RoastedZork/(Zork Hall) (PDA: PDA) sent "Please note: law 4 does not define what a human is. Inhuman is defined as lacking human qualities ie. excess cruelty, not the state of not being human. Law 5 simply makes so sense, as you clearly do not have the paladin lawset, and laws closer to 0 always take priority." to Fi (AI) (172,123,2)
[20:06:34]PDA: RoastedZork/(Zork Hall) (PDA: PDA) sent "holy fuck I completely forgot I was your blood brother" to Nadav Umptiss (Chaplain) (171,120,2)
[20:07:20]PDA: Princekempy/(Nadav Umptiss) (PDA: chaplain PDA) sent "Well now you remember" to Zork Hall (Roboticist) (130,148,2)
[20:07:36]PDA: RoastedZork/(Zork Hall) (PDA: PDA) sent "did you get the ai, hence why it won&#39;t respond?" to Nadav Umptiss (Chaplain) (176,125,2)
[20:08:01]PDA: Pudgems/(Black Geezus) (PDA: PDA) sent "unbolt upload" to Fi (AI) (130,134,2)
[20:08:14]PDA: Princekempy/(Nadav Umptiss) (PDA: chaplain PDA) sent "No, been busy getting a lot of weird shit after me. Something happened to it though" to Zork Hall (Roboticist) (140,129,2)
[20:08:19]PDA: RoastedZork/(Zork Hall) (PDA: PDA) sent "ah." to Nadav Umptiss (Chaplain) (181,116,2)
[20:12:51]PDA: RoastedZork/(Zork Hall) (PDA: PDA) sent "you can come to robotics, I won&#39;t let the mean people lynch you here" to Bonker (Clown) (173,125,2)
[20:12:59]PDA: Ceanox/(Bonker) (PDA: clown PDA) sent "No, thye like me" to Zork Hall (Roboticist) (121,174,2)
[20:13:02]PDA: RoastedZork/(Zork Hall) (PDA: PDA) sent "ah" to Bonker (Clown) (173,125,2)
[20:13:05]PDA: Ceanox/(Bonker) (PDA: clown PDA) sent "that&#39;s a fake clown" to Zork Hall (Roboticist) (121,174,2)
[20:13:09]PDA: RoastedZork/(Zork Hall) (PDA: PDA) sent "I see" to Bonker (Clown) (173,125,2)
[20:14:10]PDA: Arkadiusz123/(Brody Cavalet) (PDA: PDA) sent "im also an tator" to Indrick Boreale (Quartermaster) (117,90,2)
[20:14:14]PDA: Arkadiusz123/(Brody Cavalet) (PDA: PDA) sent "the mime" to Indrick Boreale (Quartermaster) (117,90,2)
[20:14:24]PDA: PapaPutin/(Indrick Boreale) (PDA: quartermaster PDA) sent "why the FUCK did you waste the money" to Brody Cavalet (Cargo Technician) (80,112,2)
[20:14:33]PDA: Arkadiusz123/(Brody Cavalet) (PDA: PDA) sent "because im an tator" to Indrick Boreale (Quartermaster) (117,90,2)
[20:14:36]PDA: PapaPutin/(Indrick Boreale) (PDA: quartermaster PDA) sent "...." to Brody Cavalet (Cargo Technician) (80,112,2)
[20:14:40]PDA: PapaPutin/(Indrick Boreale) (PDA: quartermaster PDA) sent "NULL CRATES" to Brody Cavalet (Cargo Technician) (80,112,2)
[20:14:47]PDA: PapaPutin/(Indrick Boreale) (PDA: quartermaster PDA) sent "30 CRYSTALS OF SUPPLIES" to Brody Cavalet (Cargo Technician) (80,112,2)
[20:15:01]PDA: Arkadiusz123/(Brody Cavalet) (PDA: PDA) sent "i did only buy an car" to Indrick Boreale (Quartermaster) (118,89,2)
[20:15:04]PDA: RoastedZork/(Zork Hall) (PDA: PDA) sent "Gonna start working on getting the AI. I need a hardsuit, thermite, and an RCD." to Nadav Umptiss (Chaplain) (177,115,2)
[20:15:06]PDA: Arkadiusz123/(Brody Cavalet) (PDA: PDA) sent "nothing more" to Indrick Boreale (Quartermaster) (118,89,2)
[20:15:10]PDA: Princekempy/(Nadav Umptiss) (PDA: chaplain PDA) sent "I am in the sat" to Zork Hall (Roboticist) (150,54,2)
[20:15:14]PDA: RoastedZork/(Zork Hall) (PDA: PDA) sent "oh" to Nadav Umptiss (Chaplain) (177,115,2)
[20:15:21]PDA: PapaPutin/(Indrick Boreale) (PDA: quartermaster PDA) sent "not cool man" to Brody Cavalet (Cargo Technician) (81,112,2)
[20:17:40]PDA: PapaPutin/(Indrick Boreale) (PDA: quartermaster PDA) sent "ay. we settled our differences" to Brody Cavalet (Cargo Technician) (80,120,2)
[20:17:53]PDA: Arkadiusz123/(Brody Cavalet) (PDA: PDA) sent "im the mime" to Indrick Boreale (Quartermaster) (177,146,2)
[20:18:00]PDA: Arkadiusz123/(Brody Cavalet) (PDA: PDA) sent "i disguised as an cargo tech" to Indrick Boreale (Quartermaster) (177,146,2)
[20:18:08]PDA: PapaPutin/(Indrick Boreale) (PDA: quartermaster PDA) sent "I see that, but why are you shooting at me?" to Brody Cavalet (Cargo Technician) (78,118,2)
[20:18:20]PDA: Arkadiusz123/(Brody Cavalet) (PDA: PDA) sent "you know this gun is from chameleon kit" to Indrick Boreale (Quartermaster) (177,146,2)
[20:18:26]PDA: Arkadiusz123/(Brody Cavalet) (PDA: PDA) sent "i dont think its even usable" to Indrick Boreale (Quartermaster) (177,146,2)
[20:18:30]PDA: PapaPutin/(Indrick Boreale) (PDA: quartermaster PDA) sent "I don&#39;t but still" to Brody Cavalet (Cargo Technician) (80,112,2)
[20:18:54]PDA: PapaPutin/(Indrick Boreale) (PDA: quartermaster PDA) sent "just got 3 null kits, lets get some good shit" to Brody Cavalet (Cargo Technician) (80,112,2)
[20:19:24]PDA: Arkadiusz123/(Brody Cavalet) (PDA: PDA) sent "okay" to Indrick Boreale (Quartermaster) (145,129,2)
[20:20:25]PDA: PapaPutin/(Indrick Boreale) (PDA: quartermaster PDA) sent "we got a space suit for us both" to Brody Cavalet (Cargo Technician) (66,116,2)
[20:21:36]PDA: Princekempy/(Nadav Umptiss) (PDA: chaplain PDA) sent "I have the AI" to Zork Hall (Roboticist) (101,130,2)
[20:21:41]PDA: RoastedZork/(Zork Hall) (PDA: PDA) sent "nice." to Nadav Umptiss (Chaplain) (135,123,2)
[20:21:45]PDA: RoastedZork/(Zork Hall) (PDA: PDA) sent "I made thermite" to Nadav Umptiss (Chaplain) (135,123,2)
[20:21:45]PDA: Arkadiusz123/(Brody Cavalet) (PDA: PDA) sent "i got an alien gun" to Indrick Boreale (Quartermaster) (120,152,2)
[20:23:20]PDA: RoastedZork/(Zork Hall) (PDA: PDA) sent "Do you think the HoS took the gun from his locker yet?" to Nadav Umptiss (Chaplain) (176,119,2)
[20:23:37]PDA: Princekempy/(Nadav Umptiss) (PDA: chaplain PDA) sent "No idea, I would if I were him though" to Zork Hall (Roboticist) (122,155,2)
[20:23:55]PDA: RoastedZork/(Zork Hall) (PDA: PDA) sent "I guess it&#39;s worth checking. I got 5 thermite bottles." to Nadav Umptiss (Chaplain) (176,118,2)
[20:24:36]PDA: Princekempy/(Nadav Umptiss) (PDA: chaplain PDA) sent "Ai says there is a 60% chance he has his gun" to Zork Hall (Roboticist) (122,154,2)
[20:24:44]PDA: RoastedZork/(Zork Hall) (PDA: PDA) sent "hm." to Nadav Umptiss (Chaplain) (135,134,2)
