[2018-07-28 16:42:22.028] runtime error: bad index
[2018-07-28 16:42:22.028] proc name: Get (/datum/controller/configuration/proc/Get)
[2018-07-28 16:42:22.028]   source file: configuration.dm,178
[2018-07-28 16:42:22.028]   usr: null
[2018-07-28 16:42:22.028]   src: Configuration (/datum/controller/configuration)
[2018-07-28 16:42:22.028]   call stack:
[2018-07-28 16:42:22.028] Configuration (/datum/controller/configuration): Get(/datum/config_entry/flag/log_w... (/datum/config_entry/flag/log_world_topic))
[2018-07-28 16:42:22.028] world: Topic("status", "212.237.9.101", null, null)
[2018-07-28 16:42:22.028] 
[2018-07-28 16:42:22.032] runtime error: bad index
[2018-07-28 16:42:22.032] proc name: Get (/datum/controller/configuration/proc/Get)
[2018-07-28 16:42:22.032]   source file: configuration.dm,178
[2018-07-28 16:42:22.032]   usr: null
[2018-07-28 16:42:22.032]   src: Configuration (/datum/controller/configuration)
[2018-07-28 16:42:22.032]   call stack:
[2018-07-28 16:42:22.032] Configuration (/datum/controller/configuration): Get(/datum/config_entry/string/com... (/datum/config_entry/string/comms_key))
[2018-07-28 16:42:22.032] /datum/world_topic/status (/datum/world_topic/status): TryRun(/list (/list))
[2018-07-28 16:42:22.032] world: Topic("status", "212.237.9.101", null, null)
[2018-07-28 16:42:22.032] 
[2018-07-28 16:42:22.035] runtime error: bad index
[2018-07-28 16:42:22.035] proc name: Get (/datum/controller/configuration/proc/Get)
[2018-07-28 16:42:22.035]   source file: configuration.dm,178
[2018-07-28 16:42:22.035]   usr: null
[2018-07-28 16:42:22.035]   src: Configuration (/datum/controller/configuration)
[2018-07-28 16:42:22.035]   call stack:
[2018-07-28 16:42:22.035] Configuration (/datum/controller/configuration): Get(/datum/config_entry/flag/nores... (/datum/config_entry/flag/norespawn))
[2018-07-28 16:42:22.035] /datum/world_topic/status (/datum/world_topic/status): Run(/list (/list))
[2018-07-28 16:42:22.035] /datum/world_topic/status (/datum/world_topic/status): TryRun(/list (/list))
[2018-07-28 16:42:22.035] world: Topic("status", "212.237.9.101", null, null)
[2018-07-28 16:42:22.035] 
[2018-07-28 16:42:22.039] runtime error: bad index
[2018-07-28 16:42:22.039] proc name: Get (/datum/controller/configuration/proc/Get)
[2018-07-28 16:42:22.039]   source file: configuration.dm,178
[2018-07-28 16:42:22.039]   usr: null
[2018-07-28 16:42:22.039]   src: Configuration (/datum/controller/configuration)
[2018-07-28 16:42:22.039]   call stack:
[2018-07-28 16:42:22.039] Configuration (/datum/controller/configuration): Get(/datum/config_entry/flag/allow... (/datum/config_entry/flag/allow_vote_mode))
[2018-07-28 16:42:22.039] /datum/world_topic/status (/datum/world_topic/status): Run(/list (/list))
[2018-07-28 16:42:22.039] /datum/world_topic/status (/datum/world_topic/status): TryRun(/list (/list))
[2018-07-28 16:42:22.039] world: Topic("status", "212.237.9.101", null, null)
[2018-07-28 16:42:22.039] 
[2018-07-28 16:42:22.040] runtime error: bad index
[2018-07-28 16:42:22.040] proc name: Get (/datum/controller/configuration/proc/Get)
[2018-07-28 16:42:22.040]   source file: configuration.dm,178
[2018-07-28 16:42:22.040]   usr: null
[2018-07-28 16:42:22.040]   src: Configuration (/datum/controller/configuration)
[2018-07-28 16:42:22.040]   call stack:
[2018-07-28 16:42:22.040] Configuration (/datum/controller/configuration): Get(/datum/config_entry/flag/allow... (/datum/config_entry/flag/allow_ai))
[2018-07-28 16:42:22.040] /datum/world_topic/status (/datum/world_topic/status): Run(/list (/list))
[2018-07-28 16:42:22.040] /datum/world_topic/status (/datum/world_topic/status): TryRun(/list (/list))
[2018-07-28 16:42:22.040] world: Topic("status", "212.237.9.101", null, null)
[2018-07-28 16:42:22.040] 
[2018-07-28 16:42:22.041] runtime error: Cannot read null.commit
[2018-07-28 16:42:22.041] proc name: Run (/datum/world_topic/status/Run)
[2018-07-28 16:42:22.041]   source file: world_topic.dm,151
[2018-07-28 16:42:22.041]   usr: null
[2018-07-28 16:42:22.041]   src: /datum/world_topic/status (/datum/world_topic/status)
[2018-07-28 16:42:22.041]   call stack:
[2018-07-28 16:42:22.041] /datum/world_topic/status (/datum/world_topic/status): Run(/list (/list))
[2018-07-28 16:42:22.041] /datum/world_topic/status (/datum/world_topic/status): TryRun(/list (/list))
[2018-07-28 16:42:22.041] world: Topic("status", "212.237.9.101", null, null)
[2018-07-28 16:42:22.041] 
[2018-07-28 16:42:22.119] Running /tg/ revision:
[2018-07-28 16:42:22.120] 508bf72f9a94b387ec3c5ac814a8c9ae8d0d2a3e: 2018-07-25
[2018-07-28 16:42:22.121] runtime error: list index out of bounds
[2018-07-28 16:42:22.121] proc name: New (/datum/getrev/New)
[2018-07-28 16:42:22.121]   source file: getrev.dm,23
[2018-07-28 16:42:22.121]   usr: null
[2018-07-28 16:42:22.121]   src: /datum/getrev (/datum/getrev)
[2018-07-28 16:42:22.121]   call stack:
[2018-07-28 16:42:22.121] /datum/getrev (/datum/getrev): New()
[2018-07-28 16:42:22.121] world: New()
[2018-07-28 16:42:22.121] 
[2018-07-28 16:42:22.127] Loading config file config.txt...
[2018-07-28 16:42:22.129] Loading config file game_options.txt...
[2018-07-28 16:42:22.130] Unknown setting in configuration: 'w##'
[2018-07-28 16:42:22.132] Failed to validate setting "DOUBLE_AGENTS 20" for min_pop
[2018-07-28 16:42:22.132] Failed to validate setting "DOUBLE_AGENTS -1" for max_pop
[2018-07-28 16:42:22.136] Loading config file dbconfig.txt...
[2018-07-28 16:42:22.136] Loading config file comms.txt...
[2018-07-28 16:42:22.140] Loading config file maps.txt...
[2018-07-28 16:42:22.303] Database connection established.
[2018-07-28 16:42:22.336] SQL: Could not get schema version from database
