

Starting up round ID 214. 16:55:49
---------------------
minimeatwad \ Melany Curry \ Bartender \ NONE \ ROUNDSTART
oscswe \ Darell Shafer \ Station Engineer \ NONE \ ROUNDSTART
beeskee \ Brian Ski \ Chief Engineer \ NONE \ ROUNDSTART
marmstoferboy \ Wyatt Bicknell \ Chaplain \ NONE \ ROUNDSTART
mikedy \ Rafael Yusaf \ Station Engineer \ NONE \ ROUNDSTART
davidblanc2 \ Keith Seelig \ Botanist \ NONE \ ROUNDSTART
woutersparre \ Julio Elliott \ Head of Security \ NONE \ ROUNDSTART
Dnexus \ Serves-the-Crew \ Medical Doctor \ NONE \ LATEJOIN
Halfmaster \ Tony Black \ Shaft Miner \ NONE \ LATEJOIN
Cenroxo \ Dayna Houston \ Security Officer \ NONE \ LATEJOIN
MlgGendalf \ Aleksey Karansinov \ Shaft Miner \ NONE \ LATEJOIN
That guy is taken \ Bokeeus-Neeus \ Chemist \ NONE \ LATEJOIN
Crocroby59 \ Antoine Chretien \ Cargo Technician \ NONE \ LATEJOIN
BRhunter45 \ Adolph Mills \ Detective \ NONE \ LATEJOIN
MACIEKBAKI \ Melvin Enderly \ Research Director \ NONE \ LATEJOIN
Simon_blackquill \ JONATHAN SWITZERLAND \ Scientist \ NONE \ LATEJOIN
Destructify \ Emerson Weeter \ Janitor \ NONE \ LATEJOIN
TakerPb \ Malcolm Enderly \ Chief Medical Officer \ NONE \ LATEJOIN
Very nise persin \ Jaydon Jenkins \ Warden \ NONE \ LATEJOIN
Ilef \ Tiffany Blyant \ Roboticist \ NONE \ LATEJOIN
Dtfe \ Candice Franks \ Medical Doctor \ NONE \ LATEJOIN
Jabnem \ Antonio Stahl \ Medical Doctor \ NONE \ LATEJOIN
