runtime error: 
[23:58:19]bad index
[23:58:19]proc name: Get (/datum/controller/configuration/proc/Get)
[23:58:19]  source file: configuration.dm,156
[23:58:19]  usr: null
[23:58:19]  src: Configuration (/datum/controller/configuration)
[23:58:19]  call stack:
[23:58:19]Configuration (/datum/controller/configuration): Get(/datum/config_entry/flag/log_w... (/datum/config_entry/flag/log_world_topic))
[23:58:19]world: Topic("status", "212.237.9.101", null, null)
runtime error: 
[23:58:19]bad index
[23:58:19]proc name: Get (/datum/controller/configuration/proc/Get)
[23:58:19]  source file: configuration.dm,156
[23:58:19]  usr: null
[23:58:19]  src: Configuration (/datum/controller/configuration)
[23:58:19]  call stack:
[23:58:19]Configuration (/datum/controller/configuration): Get(/datum/config_entry/string/com... (/datum/config_entry/string/comms_key))
[23:58:19]/datum/world_topic/status (/datum/world_topic/status): TryRun(/list (/list))
[23:58:19]world: Topic("status", "212.237.9.101", null, null)
runtime error: 
[23:58:19]bad index
[23:58:19]proc name: Get (/datum/controller/configuration/proc/Get)
[23:58:19]  source file: configuration.dm,156
[23:58:19]  usr: null
[23:58:19]  src: Configuration (/datum/controller/configuration)
[23:58:19]  call stack:
[23:58:19]Configuration (/datum/controller/configuration): Get(/datum/config_entry/flag/nores... (/datum/config_entry/flag/norespawn))
[23:58:19]/datum/world_topic/status (/datum/world_topic/status): Run(/list (/list))
[23:58:19]/datum/world_topic/status (/datum/world_topic/status): TryRun(/list (/list))
[23:58:19]world: Topic("status", "212.237.9.101", null, null)
runtime error: 
[23:58:19]bad index
[23:58:19]proc name: Get (/datum/controller/configuration/proc/Get)
[23:58:19]  source file: configuration.dm,156
[23:58:19]  usr: null
[23:58:19]  src: Configuration (/datum/controller/configuration)
[23:58:19]  call stack:
[23:58:19]Configuration (/datum/controller/configuration): Get(/datum/config_entry/flag/allow... (/datum/config_entry/flag/allow_vote_mode))
[23:58:19]/datum/world_topic/status (/datum/world_topic/status): Run(/list (/list))
[23:58:19]/datum/world_topic/status (/datum/world_topic/status): TryRun(/list (/list))
[23:58:19]world: Topic("status", "212.237.9.101", null, null)
runtime error: 
[23:58:19]bad index
[23:58:19]proc name: Get (/datum/controller/configuration/proc/Get)
[23:58:19]  source file: configuration.dm,156
[23:58:19]  usr: null
[23:58:19]  src: Configuration (/datum/controller/configuration)
[23:58:19]  call stack:
[23:58:19]Configuration (/datum/controller/configuration): Get(/datum/config_entry/flag/allow... (/datum/config_entry/flag/allow_ai))
[23:58:19]/datum/world_topic/status (/datum/world_topic/status): Run(/list (/list))
[23:58:19]/datum/world_topic/status (/datum/world_topic/status): TryRun(/list (/list))
[23:58:19]world: Topic("status", "212.237.9.101", null, null)
runtime error: 
[23:58:19]bad index
[23:58:19]proc name: Get (/datum/controller/configuration/proc/Get)
[23:58:19]  source file: configuration.dm,156
[23:58:19]  usr: null
[23:58:19]  src: Configuration (/datum/controller/configuration)
[23:58:19]  call stack:
[23:58:19]Configuration (/datum/controller/configuration): Get(/datum/config_entry/flag/log_w... (/datum/config_entry/flag/log_world_topic))
[23:58:19]world: Topic("status", "212.237.9.101", null, null)
runtime error: 
[23:58:19]bad index
[23:58:19]proc name: Get (/datum/controller/configuration/proc/Get)
[23:58:19]  source file: configuration.dm,156
[23:58:19]  usr: null
[23:58:19]  src: Configuration (/datum/controller/configuration)
[23:58:19]  call stack:
[23:58:19]Configuration (/datum/controller/configuration): Get(/datum/config_entry/string/com... (/datum/config_entry/string/comms_key))
[23:58:19]/datum/world_topic/status (/datum/world_topic/status): TryRun(/list (/list))
[23:58:19]world: Topic("status", "212.237.9.101", null, null)
runtime error: 
[23:58:19]bad index
[23:58:19]proc name: Get (/datum/controller/configuration/proc/Get)
[23:58:19]  source file: configuration.dm,156
[23:58:19]  usr: null
[23:58:19]  src: Configuration (/datum/controller/configuration)
[23:58:19]  call stack:
[23:58:19]Configuration (/datum/controller/configuration): Get(/datum/config_entry/flag/nores... (/datum/config_entry/flag/norespawn))
[23:58:19]/datum/world_topic/status (/datum/world_topic/status): Run(/list (/list))
[23:58:19]/datum/world_topic/status (/datum/world_topic/status): TryRun(/list (/list))
[23:58:19]world: Topic("status", "212.237.9.101", null, null)
runtime error: 
[23:58:19]bad index
[23:58:19]proc name: Get (/datum/controller/configuration/proc/Get)
[23:58:19]  source file: configuration.dm,156
[23:58:19]  usr: null
[23:58:19]  src: Configuration (/datum/controller/configuration)
[23:58:19]  call stack:
[23:58:19]Configuration (/datum/controller/configuration): Get(/datum/config_entry/flag/allow... (/datum/config_entry/flag/allow_vote_mode))
[23:58:19]/datum/world_topic/status (/datum/world_topic/status): Run(/list (/list))
[23:58:19]/datum/world_topic/status (/datum/world_topic/status): TryRun(/list (/list))
[23:58:19]world: Topic("status", "212.237.9.101", null, null)
runtime error: 
[23:58:19]bad index
[23:58:19]proc name: Get (/datum/controller/configuration/proc/Get)
[23:58:19]  source file: configuration.dm,156
runtime error: 
[23:58:19]bad index
[23:58:19]proc name: Get (/datum/controller/configuration/proc/Get)
[23:58:19]  source file: configuration.dm,156
runtime error: 
[23:58:19]bad index
[23:58:19]proc name: Get (/datum/controller/configuration/proc/Get)
[23:58:19]  source file: configuration.dm,156
runtime error: 
[23:58:19]bad index
[23:58:19]proc name: Get (/datum/controller/configuration/proc/Get)
[23:58:19]  source file: configuration.dm,156
runtime error: 
[23:58:19]bad index
[23:58:19]proc name: Get (/datum/controller/configuration/proc/Get)
[23:58:19]  source file: configuration.dm,156
runtime error: 
[23:58:19]bad index
[23:58:19]proc name: Get (/datum/controller/configuration/proc/Get)
[23:58:19]  source file: configuration.dm,156
runtime error: 
[23:58:19]bad index
[23:58:19]proc name: Get (/datum/controller/configuration/proc/Get)
[23:58:19]  source file: configuration.dm,156
runtime error: 
[23:58:19]bad index
[23:58:19]proc name: Get (/datum/controller/configuration/proc/Get)
[23:58:19]  source file: configuration.dm,156
runtime error: 
[23:58:19]bad index
[23:58:19]proc name: Get (/datum/controller/configuration/proc/Get)
[23:58:19]  source file: configuration.dm,156
runtime error: 
[23:58:19]bad index
[23:58:19]proc name: Get (/datum/controller/configuration/proc/Get)
[23:58:19]  source file: configuration.dm,156
runtime error: 
[23:58:19]bad index
[23:58:19]proc name: Get (/datum/controller/configuration/proc/Get)
[23:58:19]  source file: configuration.dm,156
runtime error: 
[23:58:19]bad index
[23:58:19]proc name: Get (/datum/controller/configuration/proc/Get)
[23:58:19]  source file: configuration.dm,156
runtime error: 
[23:58:19]bad index
[23:58:19]proc name: Get (/datum/controller/configuration/proc/Get)
[23:58:19]  source file: configuration.dm,156
runtime error: 
[23:58:19]bad index
[23:58:19]proc name: Get (/datum/controller/configuration/proc/Get)
[23:58:19]  source file: configuration.dm,156
runtime error: 
[23:58:19]bad index
[23:58:19]proc name: Get (/datum/controller/configuration/proc/Get)
[23:58:19]  source file: configuration.dm,156
runtime error: 
[23:58:19]bad index
[23:58:19]proc name: Get (/datum/controller/configuration/proc/Get)
[23:58:19]  source file: configuration.dm,156
Loading config file config.txt...
Loading config file game_options.txt...
Changing run_delay from 1.5 to 1!
Changing walk_delay from 4.5 to 4!
Failed to validate setting "DOUBLE_AGENTS 25" for min_pop
Failed to validate setting "DOUBLE_AGENTS -1" for max_pop
Loading config file dbconfig.txt...
Loading config file comms.txt...
Loading config file maps.txt...
Database connection established.
[23:58:20]SQL: Could not get schema version from database
