[2018-07-16 03:13:19.530] Starting up round ID 1577.
[2018-07-16 03:13:19.531] -------------------------
[2018-07-16 03:13:23.496] Initialized Database subsystem within 0 seconds!
[2018-07-16 03:13:23.497] Initialized Blackbox subsystem within 0 seconds!
[2018-07-16 03:13:23.497] Initialized Server Tasks subsystem within 0 seconds!
[2018-07-16 03:13:23.497] Initialized Input subsystem within 0 seconds!
[2018-07-16 03:13:23.526] Initialized Research subsystem within 0.1 seconds!
[2018-07-16 03:13:23.530] Initialized Events subsystem within 0 seconds!
[2018-07-16 03:13:23.534] Initialized Jobs subsystem within 0 seconds!
[2018-07-16 03:13:23.535] Initialized Quirks subsystem within 0 seconds!
[2018-07-16 03:13:23.544] Initialized Ticker subsystem within 0 seconds!
[2018-07-16 03:13:23.544] Loading PubbyStation...
[2018-07-16 03:13:31.573] Loaded Station in 8s!
[2018-07-16 03:13:36.426] Loaded Lavaland in 4.4s!
[2018-07-16 03:13:41.356] Ruin loader finished with 0 left to spend.
[2018-07-16 03:13:42.869] Ruin loader finished with 0 left to spend.
[2018-07-16 03:13:52.383] Initialized Mapping subsystem within 28.8 seconds!
[2018-07-16 03:13:52.384] Initialized Networks subsystem within 0 seconds!
[2018-07-16 03:14:30.759] Initialized Atoms subsystem within 38.4 seconds!
[2018-07-16 03:14:30.774] Initialized Language subsystem within 0 seconds!
[2018-07-16 03:14:31.014] Initialized Machines subsystem within 0.3 seconds!
[2018-07-16 03:14:31.063] Initialized Circuit subsystem within 0 seconds!
[2018-07-16 03:14:31.065] Initialized Disease subsystem within 0 seconds!
[2018-07-16 03:14:31.065] Initialized Medals subsystem within 0 seconds!
[2018-07-16 03:14:31.065] Initialized Night Shift subsystem within 0 seconds!
[2018-07-16 03:14:31.065] Initialized Parallax subsystem within 0 seconds!
[2018-07-16 03:14:31.193] Initialized Traumas subsystem within 0.1 seconds!
[2018-07-16 03:14:31.194] Initialized Weather subsystem within 0 seconds!
[2018-07-16 03:15:48.155] ## WARNING: There are 27 active turfs at roundstart, this is a mapping error caused by a difference of the air between the adjacent turfs. You can see its coordinates using "Mapping -> Show roundstart AT list" verb (debug verbs required)
[2018-07-16 03:15:48.164] ## WARNING: HEY! LISTEN! 0 seconds were wasted processing 27 turf(s) (connected to 122 other turfs) with atmos differences at round start.
[2018-07-16 03:15:48.567] Initialized Atmospherics subsystem within 77.4 seconds!
[2018-07-16 03:15:48.590] Failed to find backup file for map PubbyStation on zlevel 2.
[2018-07-16 03:15:50.199] Initialized Assets subsystem within 1.6 seconds!
[2018-07-16 03:15:56.156] Initialized Icon Smoothing subsystem within 5.9 seconds!
[2018-07-16 03:15:57.449] Initialized Overlay subsystem within 1.3 seconds!
[2018-07-16 03:15:57.449] Initialized XKeyScore subsystem within 0 seconds!
[2018-07-16 03:15:57.456] Initialized Sticky Ban subsystem within 0 seconds!
[2018-07-16 03:16:07.560] Initialized Lighting subsystem within 10.1 seconds!
[2018-07-16 03:16:09.624] Initialized Shuttle subsystem within 2.1 seconds!
[2018-07-16 03:16:09.656] Initialized Squeak subsystem within 0 seconds!
[2018-07-16 03:16:09.658] Initialized Pathfinder subsystem within 0 seconds!
[2018-07-16 03:16:09.709] Loaded 6 engraved messages on map PubbyStation
[2018-07-16 03:16:09.736] Initialized Persistence subsystem within 0.1 seconds!
[2018-07-16 03:16:09.737] Initializations complete within 166.3 seconds!
[2018-07-16 03:17:22.603] Game start took 2.2s
[2018-07-16 03:21:38.677] ### MAP WARNING, Mining Shuttle Airlock at Mining Shuttle (54, 36, 5) failed to find a valid airlock to cyclelink with!
[2018-07-16 03:33:46.238] ### MAP WARNING, Mining Shuttle Airlock at Mining Shuttle (174, 19, 12) failed to find a valid airlock to cyclelink with!
[2018-07-16 03:34:37.755] ### MAP WARNING, Mining Shuttle Airlock at Mining Shuttle (54, 36, 5) failed to find a valid airlock to cyclelink with!
[2018-07-16 03:34:53.885] ### MAP WARNING, Mining Shuttle Airlock at Mining Shuttle (216, 19, 12) failed to find a valid airlock to cyclelink with!
[2018-07-16 03:43:07.394] runtime error: Cannot execute null.is cut().
[2018-07-16 03:43:07.394] proc name: requiresID (/obj/machinery/door/airlock/requiresID)
[2018-07-16 03:43:07.394]   source file: airlock.dm,356
[2018-07-16 03:43:07.394]   usr: Felix Mitchell (/mob/living/carbon/human)
[2018-07-16 03:43:07.394]   src: Gravity Generator (/obj/machinery/door/airlock/engineering)
[2018-07-16 03:43:07.394]   usr.loc: the floor (113,101,2) (/turf/open/floor/plasteel)
[2018-07-16 03:43:07.394]   src.loc: null
[2018-07-16 03:43:07.394]   call stack:
[2018-07-16 03:43:07.394] Gravity Generator (/obj/machinery/door/airlock/engineering): requiresID()
[2018-07-16 03:43:07.394] the arm blade (/obj/item/melee/arm_blade): afterattack(Gravity Generator (/obj/machinery/door/airlock/engineering), Felix Mitchell (/mob/living/carbon/human), 1, "icon-x=15;icon-y=7;left=1;scre...")
[2018-07-16 03:43:07.394] the arm blade (/obj/item/melee/arm_blade): melee attack chain(Felix Mitchell (/mob/living/carbon/human), Gravity Generator (/obj/machinery/door/airlock/engineering), "icon-x=15;icon-y=7;left=1;scre...")
[2018-07-16 03:43:07.394] Felix Mitchell (/mob/living/carbon/human): ClickOn(Gravity Generator (/obj/machinery/door/airlock/engineering), "icon-x=15;icon-y=7;left=1;scre...")
[2018-07-16 03:43:07.394] Gravity Generator (/obj/machinery/door/airlock/engineering): Click(the floor (112,101,2) (/turf/open/floor/plasteel), "mapwindow.map", "icon-x=15;icon-y=7;left=1;scre...")
[2018-07-16 03:43:07.395] SuperbDingaling (/client): Click(Gravity Generator (/obj/machinery/door/airlock/engineering), the floor (112,101,2) (/turf/open/floor/plasteel), "mapwindow.map", "icon-x=15;icon-y=7;left=1;scre...")
[2018-07-16 03:43:07.395] 
[2018-07-16 03:45:21.021] ### MAP WARNING, Mining Shuttle Airlock at Mining Shuttle (54, 36, 5) failed to find a valid airlock to cyclelink with!
[2018-07-16 03:51:24.021] runtime error: Cannot execute null.archive().
[2018-07-16 03:51:24.021] proc name: archive (/turf/open/archive)
[2018-07-16 03:51:24.021]   source file: LINDA_turf_tile.dm,91
[2018-07-16 03:51:24.021]   usr: null
[2018-07-16 03:51:24.021]   src: the reinforced floor (91,213,1) (/turf/open/floor/engine)
[2018-07-16 03:51:24.021]   call stack:
[2018-07-16 03:51:24.021] the reinforced floor (91,213,1) (/turf/open/floor/engine): archive()
[2018-07-16 03:51:24.021] space (92,213,1) (/turf/open/space): process cell(4052)
[2018-07-16 03:51:24.021] Atmospherics (/datum/controller/subsystem/air): process active turfs(1)
[2018-07-16 03:51:24.021] Atmospherics (/datum/controller/subsystem/air): fire(1)
[2018-07-16 03:51:24.021] Atmospherics (/datum/controller/subsystem/air): ignite(1)
[2018-07-16 03:51:24.021] Master (/datum/controller/master): RunQueue()
[2018-07-16 03:51:24.021] Master (/datum/controller/master): Loop()
[2018-07-16 03:51:24.021] Master (/datum/controller/master): StartProcessing(0)
[2018-07-16 03:51:24.021] 
[2018-07-16 03:51:24.022] runtime error: Cannot read null.gases
[2018-07-16 03:51:24.022] proc name: compare (/datum/gas_mixture/compare)
[2018-07-16 03:51:24.022]   source file: gas_mixture.dm,384
[2018-07-16 03:51:24.022]   usr: null
[2018-07-16 03:51:24.022]   src: /datum/gas_mixture/immutable/s... (/datum/gas_mixture/immutable/space)
[2018-07-16 03:51:24.022]   call stack:
[2018-07-16 03:51:24.022] /datum/gas_mixture/immutable/s... (/datum/gas_mixture/immutable/space): compare(null)
[2018-07-16 03:51:24.022] space (92,213,1) (/turf/open/space): process cell(4052)
[2018-07-16 03:51:24.022] Atmospherics (/datum/controller/subsystem/air): process active turfs(1)
[2018-07-16 03:51:24.022] Atmospherics (/datum/controller/subsystem/air): fire(1)
[2018-07-16 03:51:24.022] Atmospherics (/datum/controller/subsystem/air): ignite(1)
[2018-07-16 03:51:24.022] Master (/datum/controller/master): RunQueue()
[2018-07-16 03:51:24.022] Master (/datum/controller/master): Loop()
[2018-07-16 03:51:24.022] Master (/datum/controller/master): StartProcessing(0)
[2018-07-16 03:51:24.022] 
[2018-07-16 03:51:24.022] runtime error: Cannot execute null.archive().
[2018-07-16 03:51:24.022] proc name: archive (/turf/open/archive)
[2018-07-16 03:51:24.022]   source file: LINDA_turf_tile.dm,91
[2018-07-16 03:51:24.022]   usr: null
[2018-07-16 03:51:24.022]   src: the reinforced floor (91,214,1) (/turf/open/floor/engine)
[2018-07-16 03:51:24.022]   call stack:
[2018-07-16 03:51:24.022] the reinforced floor (91,214,1) (/turf/open/floor/engine): archive()
[2018-07-16 03:51:24.022] space (92,214,1) (/turf/open/space): process cell(4052)
[2018-07-16 03:51:24.022] Atmospherics (/datum/controller/subsystem/air): process active turfs(1)
[2018-07-16 03:51:24.022] Atmospherics (/datum/controller/subsystem/air): fire(1)
[2018-07-16 03:51:24.022] Atmospherics (/datum/controller/subsystem/air): ignite(1)
[2018-07-16 03:51:24.022] Master (/datum/controller/master): RunQueue()
[2018-07-16 03:51:24.022] Master (/datum/controller/master): Loop()
[2018-07-16 03:51:24.022] Master (/datum/controller/master): StartProcessing(0)
[2018-07-16 03:51:24.022] 
[2018-07-16 03:51:24.023] runtime error: Cannot read null.gases
[2018-07-16 03:51:24.023] proc name: compare (/datum/gas_mixture/compare)
[2018-07-16 03:51:24.023]   source file: gas_mixture.dm,384
[2018-07-16 03:51:24.023]   usr: null
[2018-07-16 03:51:24.023]   src: /datum/gas_mixture/immutable/s... (/datum/gas_mixture/immutable/space)
[2018-07-16 03:51:24.023]   call stack:
[2018-07-16 03:51:24.023] /datum/gas_mixture/immutable/s... (/datum/gas_mixture/immutable/space): compare(null)
[2018-07-16 03:51:24.023] space (92,214,1) (/turf/open/space): process cell(4052)
[2018-07-16 03:51:24.023] Atmospherics (/datum/controller/subsystem/air): process active turfs(1)
[2018-07-16 03:51:24.023] Atmospherics (/datum/controller/subsystem/air): fire(1)
[2018-07-16 03:51:24.023] Atmospherics (/datum/controller/subsystem/air): ignite(1)
[2018-07-16 03:51:24.023] Master (/datum/controller/master): RunQueue()
[2018-07-16 03:51:24.023] Master (/datum/controller/master): Loop()
[2018-07-16 03:51:24.023] Master (/datum/controller/master): StartProcessing(0)
[2018-07-16 03:51:24.023] 
[2018-07-16 03:51:24.023] runtime error: Cannot execute null.archive().
[2018-07-16 03:51:24.023] proc name: archive (/turf/open/archive)
[2018-07-16 03:51:24.023]   source file: LINDA_turf_tile.dm,91
[2018-07-16 03:51:24.023]   usr: null
[2018-07-16 03:51:24.023]   src: the reinforced floor (91,215,1) (/turf/open/floor/engine)
[2018-07-16 03:51:24.023]   call stack:
[2018-07-16 03:51:24.023] the reinforced floor (91,215,1) (/turf/open/floor/engine): archive()
[2018-07-16 03:51:24.023] space (92,215,1) (/turf/open/space): process cell(4052)
[2018-07-16 03:51:24.023] Atmospherics (/datum/controller/subsystem/air): process active turfs(1)
[2018-07-16 03:51:24.023] Atmospherics (/datum/controller/subsystem/air): fire(1)
[2018-07-16 03:51:24.023] Atmospherics (/datum/controller/subsystem/air): ignite(1)
[2018-07-16 03:51:24.023] Master (/datum/controller/master): RunQueue()
[2018-07-16 03:51:24.023] Master (/datum/controller/master): Loop()
[2018-07-16 03:51:24.023] Master (/datum/controller/master): StartProcessing(0)
[2018-07-16 03:51:24.023] 
[2018-07-16 03:51:24.024] runtime error: Cannot read null.gases
[2018-07-16 03:51:24.024] proc name: compare (/datum/gas_mixture/compare)
[2018-07-16 03:51:24.024]   source file: gas_mixture.dm,384
[2018-07-16 03:51:24.024]   usr: null
[2018-07-16 03:51:24.024]   src: /datum/gas_mixture/immutable/s... (/datum/gas_mixture/immutable/space)
[2018-07-16 03:51:24.024]   call stack:
[2018-07-16 03:51:24.024] /datum/gas_mixture/immutable/s... (/datum/gas_mixture/immutable/space): compare(null)
[2018-07-16 03:51:24.024] space (92,215,1) (/turf/open/space): process cell(4052)
[2018-07-16 03:51:24.024] Atmospherics (/datum/controller/subsystem/air): process active turfs(1)
[2018-07-16 03:51:24.024] Atmospherics (/datum/controller/subsystem/air): fire(1)
[2018-07-16 03:51:24.024] Atmospherics (/datum/controller/subsystem/air): ignite(1)
[2018-07-16 03:51:24.024] Master (/datum/controller/master): RunQueue()
[2018-07-16 03:51:24.024] Master (/datum/controller/master): Loop()
[2018-07-16 03:51:24.024] Master (/datum/controller/master): StartProcessing(0)
[2018-07-16 03:51:24.024] 
[2018-07-16 03:51:24.024] runtime error: Cannot execute null.archive().
[2018-07-16 03:51:24.024] proc name: archive (/turf/open/archive)
[2018-07-16 03:51:24.024]   source file: LINDA_turf_tile.dm,91
[2018-07-16 03:51:24.024]   usr: null
[2018-07-16 03:51:24.024]   src: the plating (91,216,1) (/turf/open/floor/plating)
[2018-07-16 03:51:24.024]   call stack:
[2018-07-16 03:51:24.024] the plating (91,216,1) (/turf/open/floor/plating): archive()
[2018-07-16 03:51:24.024] space (92,216,1) (/turf/open/space): process cell(4052)
[2018-07-16 03:51:24.024] Atmospherics (/datum/controller/subsystem/air): process active turfs(1)
[2018-07-16 03:51:24.024] Atmospherics (/datum/controller/subsystem/air): fire(1)
[2018-07-16 03:51:24.024] Atmospherics (/datum/controller/subsystem/air): ignite(1)
[2018-07-16 03:51:24.024] Master (/datum/controller/master): RunQueue()
[2018-07-16 03:51:24.024] Master (/datum/controller/master): Loop()
[2018-07-16 03:51:24.024] Master (/datum/controller/master): StartProcessing(0)
[2018-07-16 03:51:24.024] 
[2018-07-16 03:51:24.025] runtime error: Cannot read null.gases
[2018-07-16 03:51:24.025] proc name: compare (/datum/gas_mixture/compare)
[2018-07-16 03:51:24.025]   source file: gas_mixture.dm,384
[2018-07-16 03:51:24.025]   usr: null
[2018-07-16 03:51:24.025]   src: /datum/gas_mixture/immutable/s... (/datum/gas_mixture/immutable/space)
[2018-07-16 03:51:24.025]   call stack:
[2018-07-16 03:51:24.025] /datum/gas_mixture/immutable/s... (/datum/gas_mixture/immutable/space): compare(null)
[2018-07-16 03:51:24.025] space (92,216,1) (/turf/open/space): process cell(4052)
[2018-07-16 03:51:24.025] Atmospherics (/datum/controller/subsystem/air): process active turfs(1)
[2018-07-16 03:51:24.025] Atmospherics (/datum/controller/subsystem/air): fire(1)
[2018-07-16 03:51:24.025] Atmospherics (/datum/controller/subsystem/air): ignite(1)
[2018-07-16 03:51:24.025] Master (/datum/controller/master): RunQueue()
[2018-07-16 03:51:24.025] Master (/datum/controller/master): Loop()
[2018-07-16 03:51:24.025] Master (/datum/controller/master): StartProcessing(0)
[2018-07-16 03:51:24.025] 
[2018-07-16 03:51:24.025] runtime error: Cannot execute null.archive().
[2018-07-16 03:51:24.025] proc name: archive (/turf/open/archive)
[2018-07-16 03:51:24.025]   source file: LINDA_turf_tile.dm,91
[2018-07-16 03:51:24.025]   usr: null
[2018-07-16 03:51:24.025]   src: the shuttle floor (91,217,1) (/turf/open/floor/mineral/titanium/blue)
[2018-07-16 03:51:24.025]   call stack:
[2018-07-16 03:51:24.025] the shuttle floor (91,217,1) (/turf/open/floor/mineral/titanium/blue): archive()
[2018-07-16 03:51:24.025] space (92,217,1) (/turf/open/space): process cell(4052)
[2018-07-16 03:51:24.025] Atmospherics (/datum/controller/subsystem/air): process active turfs(1)
[2018-07-16 03:51:24.025] Atmospherics (/datum/controller/subsystem/air): fire(1)
[2018-07-16 03:51:24.025] Atmospherics (/datum/controller/subsystem/air): ignite(1)
[2018-07-16 03:51:24.025] Master (/datum/controller/master): RunQueue()
[2018-07-16 03:51:24.025] Master (/datum/controller/master): Loop()
[2018-07-16 03:51:24.025] Master (/datum/controller/master): StartProcessing(0)
[2018-07-16 03:51:24.025] 
[2018-07-16 03:51:24.026] runtime error: Cannot read null.gases
[2018-07-16 03:51:24.026] proc name: compare (/datum/gas_mixture/compare)
[2018-07-16 03:51:24.026]   source file: gas_mixture.dm,384
[2018-07-16 03:51:24.026]   usr: null
[2018-07-16 03:51:24.026]   src: /datum/gas_mixture/immutable/s... (/datum/gas_mixture/immutable/space)
[2018-07-16 03:51:24.026]   call stack:
[2018-07-16 03:51:24.026] /datum/gas_mixture/immutable/s... (/datum/gas_mixture/immutable/space): compare(null)
[2018-07-16 03:51:24.026] space (92,217,1) (/turf/open/space): process cell(4052)
[2018-07-16 03:51:24.026] Atmospherics (/datum/controller/subsystem/air): process active turfs(1)
[2018-07-16 03:51:24.026] Atmospherics (/datum/controller/subsystem/air): fire(1)
[2018-07-16 03:51:24.026] Atmospherics (/datum/controller/subsystem/air): ignite(1)
[2018-07-16 03:51:24.026] Master (/datum/controller/master): RunQueue()
[2018-07-16 03:51:24.026] Master (/datum/controller/master): Loop()
[2018-07-16 03:51:24.026] Master (/datum/controller/master): StartProcessing(0)
[2018-07-16 03:51:24.026] 
[2018-07-16 03:51:24.026] runtime error: Cannot execute null.archive().
[2018-07-16 03:51:24.026] proc name: archive (/turf/open/archive)
[2018-07-16 03:51:24.026]   source file: LINDA_turf_tile.dm,91
[2018-07-16 03:51:24.026]   usr: null
[2018-07-16 03:51:24.026]   src: the shuttle floor (91,218,1) (/turf/open/floor/mineral/titanium)
[2018-07-16 03:51:24.026]   call stack:
[2018-07-16 03:51:24.026] the shuttle floor (91,218,1) (/turf/open/floor/mineral/titanium): archive()
[2018-07-16 03:51:24.026] space (92,218,1) (/turf/open/space): process cell(4052)
[2018-07-16 03:51:24.026] Atmospherics (/datum/controller/subsystem/air): process active turfs(1)
[2018-07-16 03:51:24.026] Atmospherics (/datum/controller/subsystem/air): fire(1)
[2018-07-16 03:51:24.026] Atmospherics (/datum/controller/subsystem/air): ignite(1)
[2018-07-16 03:51:24.026] Master (/datum/controller/master): RunQueue()
[2018-07-16 03:51:24.026] Master (/datum/controller/master): Loop()
[2018-07-16 03:51:24.026] Master (/datum/controller/master): StartProcessing(0)
[2018-07-16 03:51:24.026] 
[2018-07-16 03:51:24.027] runtime error: Cannot read null.gases
[2018-07-16 03:51:24.027] proc name: compare (/datum/gas_mixture/compare)
[2018-07-16 03:51:24.027]   source file: gas_mixture.dm,384
[2018-07-16 03:51:24.027]   usr: null
[2018-07-16 03:51:24.027]   src: /datum/gas_mixture/immutable/s... (/datum/gas_mixture/immutable/space)
[2018-07-16 03:51:24.027]   call stack:
[2018-07-16 03:51:24.027] /datum/gas_mixture/immutable/s... (/datum/gas_mixture/immutable/space): compare(null)
[2018-07-16 03:51:24.027] space (92,218,1) (/turf/open/space): process cell(4052)
[2018-07-16 03:51:24.027] Atmospherics (/datum/controller/subsystem/air): process active turfs(1)
[2018-07-16 03:51:24.027] Atmospherics (/datum/controller/subsystem/air): fire(1)
[2018-07-16 03:51:24.027] Atmospherics (/datum/controller/subsystem/air): ignite(1)
[2018-07-16 03:51:24.027] Master (/datum/controller/master): RunQueue()
[2018-07-16 03:51:24.027] Master (/datum/controller/master): Loop()
[2018-07-16 03:51:24.027] Master (/datum/controller/master): StartProcessing(0)
[2018-07-16 03:51:24.027] 
[2018-07-16 03:51:24.027] runtime error: undefined variable /turf/closed/wall/var/air
[2018-07-16 03:51:24.027] proc name: process cell (/turf/open/process_cell)
[2018-07-16 03:51:24.027]   source file: LINDA_turf_tile.dm,178
[2018-07-16 03:51:24.027]   usr: null
[2018-07-16 03:51:24.027]   src: space (92,219,1) (/turf/open/space)
[2018-07-16 03:51:24.027]   call stack:
[2018-07-16 03:51:24.027] space (92,219,1) (/turf/open/space): process cell(4052)
[2018-07-16 03:51:24.027] Atmospherics (/datum/controller/subsystem/air): process active turfs(1)
[2018-07-16 03:51:24.027] Atmospherics (/datum/controller/subsystem/air): fire(1)
[2018-07-16 03:51:24.027] Atmospherics (/datum/controller/subsystem/air): ignite(1)
[2018-07-16 03:51:24.027] Master (/datum/controller/master): RunQueue()
[2018-07-16 03:51:24.027] Master (/datum/controller/master): Loop()
[2018-07-16 03:51:24.027] Master (/datum/controller/master): StartProcessing(0)
[2018-07-16 03:51:24.027] 
[2018-07-16 03:51:24.028] runtime error: Cannot execute null.archive().
[2018-07-16 03:51:24.028] proc name: archive (/turf/open/archive)
[2018-07-16 03:51:24.028]   source file: LINDA_turf_tile.dm,91
[2018-07-16 03:51:24.028]   usr: null
[2018-07-16 03:51:24.028]   src: the plating (90,199,1) (/turf/open/floor/plating/airless)
[2018-07-16 03:51:24.028]   call stack:
[2018-07-16 03:51:24.028] the plating (90,199,1) (/turf/open/floor/plating/airless): archive()
[2018-07-16 03:51:24.028] space (91,199,1) (/turf/open/space): process cell(4052)
[2018-07-16 03:51:24.028] Atmospherics (/datum/controller/subsystem/air): process active turfs(1)
[2018-07-16 03:51:24.028] Atmospherics (/datum/controller/subsystem/air): fire(1)
[2018-07-16 03:51:24.028] Atmospherics (/datum/controller/subsystem/air): ignite(1)
[2018-07-16 03:51:24.028] Master (/datum/controller/master): RunQueue()
[2018-07-16 03:51:24.028] Master (/datum/controller/master): Loop()
[2018-07-16 03:51:24.028] Master (/datum/controller/master): StartProcessing(0)
[2018-07-16 03:51:24.028] 
[2018-07-16 03:51:24.028] runtime error: Cannot read null.gases
[2018-07-16 03:51:24.028] proc name: compare (/datum/gas_mixture/compare)
[2018-07-16 03:51:24.028]   source file: gas_mixture.dm,384
[2018-07-16 03:51:24.028]   usr: null
[2018-07-16 03:51:24.028]   src: /datum/gas_mixture/immutable/s... (/datum/gas_mixture/immutable/space)
[2018-07-16 03:51:24.028]   call stack:
[2018-07-16 03:51:24.028] /datum/gas_mixture/immutable/s... (/datum/gas_mixture/immutable/space): compare(null)
[2018-07-16 03:51:24.028] space (91,199,1) (/turf/open/space): process cell(4052)
[2018-07-16 03:51:24.028] Atmospherics (/datum/controller/subsystem/air): process active turfs(1)
[2018-07-16 03:51:24.028] Atmospherics (/datum/controller/subsystem/air): fire(1)
[2018-07-16 03:51:24.028] Atmospherics (/datum/controller/subsystem/air): ignite(1)
[2018-07-16 03:51:24.028] Master (/datum/controller/master): RunQueue()
[2018-07-16 03:51:24.028] Master (/datum/controller/master): Loop()
[2018-07-16 03:51:24.028] Master (/datum/controller/master): StartProcessing(0)
[2018-07-16 03:51:24.028] 
[2018-07-16 03:51:24.029] runtime error: Cannot execute null.archive().
[2018-07-16 03:51:24.029] proc name: archive (/turf/open/archive)
[2018-07-16 03:51:24.029]   source file: LINDA_turf_tile.dm,91
[2018-07-16 03:51:24.029]   usr: null
[2018-07-16 03:51:24.029]   src: the plating (90,200,1) (/turf/open/floor/plating/airless)
[2018-07-16 03:51:24.029]   call stack:
[2018-07-16 03:51:24.029] the plating (90,200,1) (/turf/open/floor/plating/airless): archive()
[2018-07-16 03:51:24.029] space (91,200,1) (/turf/open/space): process cell(4052)
[2018-07-16 03:51:24.029] Atmospherics (/datum/controller/subsystem/air): process active turfs(1)
[2018-07-16 03:51:24.029] Atmospherics (/datum/controller/subsystem/air): fire(1)
[2018-07-16 03:51:24.029] Atmospherics (/datum/controller/subsystem/air): ignite(1)
[2018-07-16 03:51:24.029] Master (/datum/controller/master): RunQueue()
[2018-07-16 03:51:24.029] Master (/datum/controller/master): Loop()
[2018-07-16 03:51:24.029] Master (/datum/controller/master): StartProcessing(0)
[2018-07-16 03:51:24.029] 
[2018-07-16 03:51:24.029] runtime error: Cannot read null.gases
[2018-07-16 03:51:24.029] proc name: compare (/datum/gas_mixture/compare)
[2018-07-16 03:51:24.029]   source file: gas_mixture.dm,384
[2018-07-16 03:51:24.029] 
[2018-07-16 03:51:24.029] runtime error: Cannot execute null.archive().
[2018-07-16 03:51:24.029] proc name: archive (/turf/open/archive)
[2018-07-16 03:51:24.029]   source file: LINDA_turf_tile.dm,91
[2018-07-16 03:51:24.029] 
[2018-07-16 03:51:24.030] runtime error: Cannot read null.gases
[2018-07-16 03:51:24.030] proc name: compare (/datum/gas_mixture/compare)
[2018-07-16 03:51:24.030]   source file: gas_mixture.dm,384
[2018-07-16 03:51:24.030] 
[2018-07-16 03:51:24.030] runtime error: Cannot execute null.archive().
[2018-07-16 03:51:24.030] proc name: archive (/turf/open/archive)
[2018-07-16 03:51:24.030]   source file: LINDA_turf_tile.dm,91
[2018-07-16 03:51:24.030] 
[2018-07-16 03:51:24.030] runtime error: Cannot read null.gases
[2018-07-16 03:51:24.030] proc name: compare (/datum/gas_mixture/compare)
[2018-07-16 03:51:24.030]   source file: gas_mixture.dm,384
[2018-07-16 03:51:24.030] 
[2018-07-16 03:51:24.030] runtime error: Cannot execute null.archive().
[2018-07-16 03:51:24.030] proc name: archive (/turf/open/archive)
[2018-07-16 03:51:24.030]   source file: LINDA_turf_tile.dm,91
[2018-07-16 03:51:24.030] 
[2018-07-16 03:51:24.030] runtime error: Cannot read null.gases
[2018-07-16 03:51:24.030] proc name: compare (/datum/gas_mixture/compare)
[2018-07-16 03:51:24.030]   source file: gas_mixture.dm,384
[2018-07-16 03:51:24.030] 
[2018-07-16 03:51:24.030] runtime error: Cannot execute null.archive().
[2018-07-16 03:51:24.030] proc name: archive (/turf/open/archive)
[2018-07-16 03:51:24.031]   source file: LINDA_turf_tile.dm,91
[2018-07-16 03:51:24.031] 
[2018-07-16 03:51:24.031] runtime error: Cannot read null.gases
[2018-07-16 03:51:24.031] proc name: compare (/datum/gas_mixture/compare)
[2018-07-16 03:51:24.031]   source file: gas_mixture.dm,384
[2018-07-16 03:51:24.031] 
[2018-07-16 03:51:24.031] runtime error: Cannot execute null.archive().
[2018-07-16 03:51:24.031] proc name: archive (/turf/open/archive)
[2018-07-16 03:51:24.031]   source file: LINDA_turf_tile.dm,91
[2018-07-16 03:51:24.031] 
[2018-07-16 03:51:24.031] runtime error: Cannot read null.gases
[2018-07-16 03:51:24.031] proc name: compare (/datum/gas_mixture/compare)
[2018-07-16 03:51:24.031]   source file: gas_mixture.dm,384
[2018-07-16 03:51:24.031] 
[2018-07-16 03:51:24.031] runtime error: Cannot execute null.archive().
[2018-07-16 03:51:24.031] proc name: archive (/turf/open/archive)
[2018-07-16 03:51:24.031]   source file: LINDA_turf_tile.dm,91
[2018-07-16 03:51:24.031] 
[2018-07-16 03:51:24.031] runtime error: Cannot read null.gases
[2018-07-16 03:51:24.031] proc name: compare (/datum/gas_mixture/compare)
[2018-07-16 03:51:24.031]   source file: gas_mixture.dm,384
[2018-07-16 03:51:24.031] 
[2018-07-16 03:51:24.032] runtime error: Cannot execute null.archive().
[2018-07-16 03:51:24.032] proc name: archive (/turf/open/archive)
[2018-07-16 03:51:24.032]   source file: LINDA_turf_tile.dm,91
[2018-07-16 03:51:24.032] 
[2018-07-16 03:51:24.032] runtime error: Cannot read null.gases
[2018-07-16 03:51:24.032] proc name: compare (/datum/gas_mixture/compare)
[2018-07-16 03:51:24.032]   source file: gas_mixture.dm,384
[2018-07-16 03:51:24.032] 
[2018-07-16 03:51:24.032] runtime error: Cannot execute null.archive().
[2018-07-16 03:51:24.032] proc name: archive (/turf/open/archive)
[2018-07-16 03:51:24.032]   source file: LINDA_turf_tile.dm,91
[2018-07-16 03:51:24.032] 
[2018-07-16 03:51:24.032] runtime error: Cannot read null.gases
[2018-07-16 03:51:24.032] proc name: compare (/datum/gas_mixture/compare)
[2018-07-16 03:51:24.032]   source file: gas_mixture.dm,384
[2018-07-16 03:51:24.032] 
[2018-07-16 03:51:24.032] runtime error: Cannot execute null.archive().
[2018-07-16 03:51:24.032] proc name: archive (/turf/open/archive)
[2018-07-16 03:51:24.032]   source file: LINDA_turf_tile.dm,91
[2018-07-16 03:51:24.032] 
[2018-07-16 03:51:24.032] runtime error: Cannot read null.gases
[2018-07-16 03:51:24.032] proc name: compare (/datum/gas_mixture/compare)
[2018-07-16 03:51:24.032]   source file: gas_mixture.dm,384
[2018-07-16 03:51:24.032] 
[2018-07-16 03:51:24.033] runtime error: Cannot execute null.archive().
[2018-07-16 03:51:24.033] proc name: archive (/turf/open/archive)
[2018-07-16 03:51:24.033]   source file: LINDA_turf_tile.dm,91
[2018-07-16 03:51:24.033] 
[2018-07-16 03:51:24.033] runtime error: Cannot read null.gases
[2018-07-16 03:51:24.033] proc name: compare (/datum/gas_mixture/compare)
[2018-07-16 03:51:24.033]   source file: gas_mixture.dm,384
[2018-07-16 03:51:24.033] 
[2018-07-16 03:51:24.033] runtime error: Cannot execute null.archive().
[2018-07-16 03:51:24.033] proc name: archive (/turf/open/archive)
[2018-07-16 03:51:24.033]   source file: LINDA_turf_tile.dm,91
[2018-07-16 03:51:24.033] 
[2018-07-16 03:51:24.033] runtime error: Cannot read null.gases
[2018-07-16 03:51:24.033] proc name: compare (/datum/gas_mixture/compare)
[2018-07-16 03:51:24.033]   source file: gas_mixture.dm,384
[2018-07-16 03:51:24.033] 
[2018-07-16 03:51:24.033] runtime error: Cannot execute null.archive().
[2018-07-16 03:51:24.033] proc name: archive (/turf/open/archive)
[2018-07-16 03:51:24.033]   source file: LINDA_turf_tile.dm,91
[2018-07-16 03:51:24.033] 
[2018-07-16 03:51:24.034] runtime error: Cannot read null.gases
[2018-07-16 03:51:24.034] proc name: compare (/datum/gas_mixture/compare)
[2018-07-16 03:51:24.034]   source file: gas_mixture.dm,384
[2018-07-16 03:51:24.034] 
[2018-07-16 03:51:24.034] runtime error: Cannot execute null.archive().
[2018-07-16 03:51:24.034] proc name: archive (/turf/open/archive)
[2018-07-16 03:51:24.034]   source file: LINDA_turf_tile.dm,91
[2018-07-16 03:51:24.034] 
[2018-07-16 03:51:24.034] runtime error: Cannot read null.gases
[2018-07-16 03:51:24.034] proc name: compare (/datum/gas_mixture/compare)
[2018-07-16 03:51:24.034]   source file: gas_mixture.dm,384
[2018-07-16 03:51:24.034] 
[2018-07-16 03:51:24.036] runtime error: undefined variable /turf/closed/wall/rust/var/air
[2018-07-16 03:51:24.036] proc name: process cell (/turf/open/process_cell)
[2018-07-16 03:51:24.036]   source file: LINDA_turf_tile.dm,178
[2018-07-16 03:51:24.036] 
[2018-07-16 03:51:24.036] runtime error: undefined variable /turf/closed/wall/rust/var/air
[2018-07-16 03:51:24.036] proc name: process cell (/turf/open/process_cell)
[2018-07-16 03:51:24.036]   source file: LINDA_turf_tile.dm,178
[2018-07-16 03:51:24.036] 
[2018-07-16 03:51:24.036] runtime error: Cannot execute null.archive().
[2018-07-16 03:51:24.036] proc name: archive (/turf/open/archive)
[2018-07-16 03:51:24.036]   source file: LINDA_turf_tile.dm,91
[2018-07-16 03:51:24.036] 
[2018-07-16 03:51:24.036] runtime error: Cannot read null.gases
[2018-07-16 03:51:24.036] proc name: compare (/datum/gas_mixture/compare)
[2018-07-16 03:51:24.036]   source file: gas_mixture.dm,384
[2018-07-16 03:51:24.036] 
[2018-07-16 03:51:24.036] runtime error: Cannot execute null.archive().
[2018-07-16 03:51:24.036] proc name: archive (/turf/open/archive)
[2018-07-16 03:51:24.036]   source file: LINDA_turf_tile.dm,91
[2018-07-16 03:51:24.036] 
[2018-07-16 03:51:24.037] runtime error: Cannot read null.gases
[2018-07-16 03:51:24.037] proc name: compare (/datum/gas_mixture/compare)
[2018-07-16 03:51:24.037]   source file: gas_mixture.dm,384
[2018-07-16 03:51:24.037] 
[2018-07-16 03:51:24.037] runtime error: Cannot execute null.archive().
[2018-07-16 03:51:24.037] proc name: archive (/turf/open/archive)
[2018-07-16 03:51:24.037]   source file: LINDA_turf_tile.dm,91
[2018-07-16 03:51:24.037] 
[2018-07-16 03:51:24.037] runtime error: Cannot read null.gases
[2018-07-16 03:51:24.037] proc name: compare (/datum/gas_mixture/compare)
[2018-07-16 03:51:24.037]   source file: gas_mixture.dm,384
[2018-07-16 03:51:24.037] 
[2018-07-16 03:51:24.037] runtime error: Cannot execute null.archive().
[2018-07-16 03:51:24.037] proc name: archive (/turf/open/archive)
[2018-07-16 03:51:24.037]   source file: LINDA_turf_tile.dm,91
[2018-07-16 03:51:24.037] 
[2018-07-16 03:51:24.037] runtime error: Cannot read null.gases
[2018-07-16 03:51:24.037] proc name: compare (/datum/gas_mixture/compare)
[2018-07-16 03:51:24.037]   source file: gas_mixture.dm,384
[2018-07-16 03:51:24.037] 
[2018-07-16 03:51:24.038] runtime error: Cannot execute null.archive().
[2018-07-16 03:51:24.038] proc name: archive (/turf/open/archive)
[2018-07-16 03:51:24.038]   source file: LINDA_turf_tile.dm,91
[2018-07-16 03:51:24.038] 
[2018-07-16 03:51:24.038] runtime error: Cannot read null.gases
[2018-07-16 03:51:24.038] proc name: compare (/datum/gas_mixture/compare)
[2018-07-16 03:51:24.038]   source file: gas_mixture.dm,384
[2018-07-16 03:51:24.038] 
[2018-07-16 03:51:24.038] runtime error: Cannot execute null.archive().
[2018-07-16 03:51:24.038] proc name: archive (/turf/open/archive)
[2018-07-16 03:51:24.038]   source file: LINDA_turf_tile.dm,91
[2018-07-16 03:51:24.038] 
[2018-07-16 03:51:24.038] runtime error: Cannot read null.gases
[2018-07-16 03:51:24.038] proc name: compare (/datum/gas_mixture/compare)
[2018-07-16 03:51:24.038]   source file: gas_mixture.dm,384
[2018-07-16 03:51:24.038] 
[2018-07-16 03:51:24.038] runtime error: Cannot execute null.archive().
[2018-07-16 03:51:24.038] proc name: archive (/turf/open/archive)
[2018-07-16 03:51:24.038]   source file: LINDA_turf_tile.dm,91
[2018-07-16 03:51:24.038] 
[2018-07-16 03:51:24.038] runtime error: Cannot read null.gases
[2018-07-16 03:51:24.038] proc name: compare (/datum/gas_mixture/compare)
[2018-07-16 03:51:24.038]   source file: gas_mixture.dm,384
[2018-07-16 03:51:24.039] 
[2018-07-16 03:51:24.039] runtime error: Cannot execute null.archive().
[2018-07-16 03:51:24.039] proc name: archive (/turf/open/archive)
[2018-07-16 03:51:24.039]   source file: LINDA_turf_tile.dm,91
[2018-07-16 03:51:24.039] 
[2018-07-16 03:51:24.039] runtime error: Cannot read null.gases
[2018-07-16 03:51:24.039] proc name: compare (/datum/gas_mixture/compare)
[2018-07-16 03:51:24.039]   source file: gas_mixture.dm,384
[2018-07-16 03:51:24.039] 
[2018-07-16 03:51:24.039] runtime error: Cannot execute null.archive().
[2018-07-16 03:51:24.039] proc name: archive (/turf/open/archive)
[2018-07-16 03:51:24.039]   source file: LINDA_turf_tile.dm,91
[2018-07-16 03:51:24.039] 
[2018-07-16 03:51:24.039] runtime error: Cannot read null.gases
[2018-07-16 03:51:24.039] proc name: compare (/datum/gas_mixture/compare)
[2018-07-16 03:51:24.039]   source file: gas_mixture.dm,384
[2018-07-16 03:51:24.039] 
[2018-07-16 03:51:24.039] runtime error: Cannot execute null.archive().
[2018-07-16 03:51:24.039] proc name: archive (/turf/open/archive)
[2018-07-16 03:51:24.039]   source file: LINDA_turf_tile.dm,91
[2018-07-16 03:51:24.039] 
[2018-07-16 03:51:24.040] runtime error: Cannot read null.gases
[2018-07-16 03:51:24.040] proc name: compare (/datum/gas_mixture/compare)
[2018-07-16 03:51:24.040]   source file: gas_mixture.dm,384
[2018-07-16 03:51:24.040] 
[2018-07-16 03:51:24.040] runtime error: Cannot execute null.archive().
[2018-07-16 03:51:24.040] proc name: archive (/turf/open/archive)
[2018-07-16 03:51:24.040]   source file: LINDA_turf_tile.dm,91
[2018-07-16 03:51:24.040] 
[2018-07-16 03:51:24.040] runtime error: Cannot read null.gases
[2018-07-16 03:51:24.040] proc name: compare (/datum/gas_mixture/compare)
[2018-07-16 03:51:24.040]   source file: gas_mixture.dm,384
[2018-07-16 03:51:24.040] 
[2018-07-16 03:51:24.040] runtime error: undefined variable /turf/closed/wall/var/air
[2018-07-16 03:51:24.040] proc name: process cell (/turf/open/process_cell)
[2018-07-16 03:51:24.040]   source file: LINDA_turf_tile.dm,178
[2018-07-16 03:51:24.040] 
[2018-07-16 03:51:24.040] runtime error: undefined variable /turf/closed/wall/rust/var/air
[2018-07-16 03:51:24.040] proc name: process cell (/turf/open/process_cell)
[2018-07-16 03:51:24.040]   source file: LINDA_turf_tile.dm,178
[2018-07-16 03:51:24.040] 
[2018-07-16 03:51:24.041] runtime error: undefined variable /turf/closed/wall/var/air
[2018-07-16 03:51:24.041] proc name: process cell (/turf/open/process_cell)
[2018-07-16 03:51:24.041]   source file: LINDA_turf_tile.dm,178
[2018-07-16 03:51:24.041] 
[2018-07-16 03:51:24.041] runtime error: undefined variable /turf/closed/wall/var/air
[2018-07-16 03:51:24.041] proc name: process cell (/turf/open/process_cell)
[2018-07-16 03:51:24.041]   source file: LINDA_turf_tile.dm,178
[2018-07-16 03:51:24.041] 
[2018-07-16 03:51:24.041] runtime error: undefined variable /turf/closed/wall/rust/var/air
[2018-07-16 03:51:24.041] proc name: process cell (/turf/open/process_cell)
[2018-07-16 03:51:24.041]   source file: LINDA_turf_tile.dm,178
[2018-07-16 03:51:24.041] 
[2018-07-16 03:51:24.041] runtime error: undefined variable /turf/closed/wall/rust/var/air
[2018-07-16 03:51:24.041] proc name: process cell (/turf/open/process_cell)
[2018-07-16 03:51:24.041]   source file: LINDA_turf_tile.dm,178
[2018-07-16 03:51:24.041] 
[2018-07-16 03:51:24.041] runtime error: undefined variable /turf/closed/wall/var/air
[2018-07-16 03:51:24.041] proc name: process cell (/turf/open/process_cell)
[2018-07-16 03:51:24.041]   source file: LINDA_turf_tile.dm,178
[2018-07-16 03:51:24.041] 
[2018-07-16 03:51:24.042] runtime error: undefined variable /turf/closed/wall/var/air
[2018-07-16 03:51:24.042] proc name: process cell (/turf/open/process_cell)
[2018-07-16 03:51:24.042]   source file: LINDA_turf_tile.dm,178
[2018-07-16 03:51:24.042] 
[2018-07-16 03:51:24.042] runtime error: undefined variable /turf/closed/wall/var/air
[2018-07-16 03:51:24.042] proc name: process cell (/turf/open/process_cell)
[2018-07-16 03:51:24.042]   source file: LINDA_turf_tile.dm,178
[2018-07-16 03:51:24.042] 
[2018-07-16 03:51:24.042] runtime error: undefined variable /turf/closed/wall/rust/var/air
[2018-07-16 03:51:24.042] proc name: process cell (/turf/open/process_cell)
[2018-07-16 03:51:24.042]   source file: LINDA_turf_tile.dm,178
[2018-07-16 03:51:24.042] 
[2018-07-16 03:51:24.042] runtime error: undefined variable /turf/closed/wall/rust/var/air
[2018-07-16 03:51:24.042] proc name: process cell (/turf/open/process_cell)
[2018-07-16 03:51:24.042]   source file: LINDA_turf_tile.dm,178
[2018-07-16 03:51:24.042] 
[2018-07-16 03:51:24.042] runtime error: Cannot execute null.archive().
[2018-07-16 03:51:24.042] proc name: archive (/turf/open/archive)
[2018-07-16 03:51:24.042]   source file: LINDA_turf_tile.dm,91
[2018-07-16 03:51:24.042] 
[2018-07-16 03:51:24.043] runtime error: Cannot read null.gases
[2018-07-16 03:51:24.043] proc name: compare (/datum/gas_mixture/compare)
[2018-07-16 03:51:24.043]   source file: gas_mixture.dm,384
[2018-07-16 03:51:24.043] 
[2018-07-16 03:51:24.043] runtime error: undefined variable /turf/closed/wall/rust/var/air
[2018-07-16 03:51:24.043] proc name: process cell (/turf/open/process_cell)
[2018-07-16 03:51:24.043]   source file: LINDA_turf_tile.dm,178
[2018-07-16 03:51:24.043] 
[2018-07-16 03:51:24.043] runtime error: Cannot execute null.archive().
[2018-07-16 03:51:24.043] proc name: archive (/turf/open/archive)
[2018-07-16 03:51:24.043]   source file: LINDA_turf_tile.dm,91
[2018-07-16 03:51:24.043] 
[2018-07-16 03:51:24.043] runtime error: Cannot read null.gases
[2018-07-16 03:51:24.043] proc name: compare (/datum/gas_mixture/compare)
[2018-07-16 03:51:24.043]   source file: gas_mixture.dm,384
[2018-07-16 03:51:24.043] 
[2018-07-16 03:51:24.043] runtime error: undefined variable /turf/closed/wall/rust/var/air
[2018-07-16 03:51:24.043] proc name: process cell (/turf/open/process_cell)
[2018-07-16 03:51:24.043]   source file: LINDA_turf_tile.dm,178
[2018-07-16 03:51:24.043] 
[2018-07-16 03:51:24.044] runtime error: Cannot execute null.archive().
[2018-07-16 03:51:24.044] proc name: archive (/turf/open/archive)
[2018-07-16 03:51:24.044]   source file: LINDA_turf_tile.dm,91
[2018-07-16 03:51:24.044] 
[2018-07-16 03:51:24.044] runtime error: Cannot read null.gases
[2018-07-16 03:51:24.044] proc name: compare (/datum/gas_mixture/compare)
[2018-07-16 03:51:24.044]   source file: gas_mixture.dm,384
[2018-07-16 03:51:24.044] 
[2018-07-16 03:51:24.044] runtime error: Cannot execute null.archive().
[2018-07-16 03:51:24.044] proc name: archive (/turf/open/archive)
[2018-07-16 03:51:24.044]   source file: LINDA_turf_tile.dm,91
[2018-07-16 03:51:24.044] 
[2018-07-16 03:51:24.044] runtime error: Cannot read null.gases
[2018-07-16 03:51:24.044] proc name: compare (/datum/gas_mixture/compare)
[2018-07-16 03:51:24.044]   source file: gas_mixture.dm,384
[2018-07-16 03:51:24.044] 
[2018-07-16 03:51:24.044] runtime error: Cannot execute null.archive().
[2018-07-16 03:51:24.044] proc name: archive (/turf/open/archive)
[2018-07-16 03:51:24.044]   source file: LINDA_turf_tile.dm,91
[2018-07-16 03:51:24.044] 
[2018-07-16 03:51:24.044] runtime error: Cannot read null.gases
[2018-07-16 03:51:24.044] proc name: compare (/datum/gas_mixture/compare)
[2018-07-16 03:51:24.045]   source file: gas_mixture.dm,384
[2018-07-16 03:51:24.045] 
[2018-07-16 03:51:24.045] runtime error: undefined variable /turf/closed/wall/rust/var/air
[2018-07-16 03:51:24.045] proc name: process cell (/turf/open/process_cell)
[2018-07-16 03:51:24.045]   source file: LINDA_turf_tile.dm,178
[2018-07-16 03:51:24.045] 
[2018-07-16 03:51:24.045] runtime error: Cannot execute null.archive().
[2018-07-16 03:51:24.045] proc name: archive (/turf/open/archive)
[2018-07-16 03:51:24.045]   source file: LINDA_turf_tile.dm,91
[2018-07-16 03:51:24.045] 
[2018-07-16 03:51:24.045] runtime error: Cannot read null.gases
[2018-07-16 03:51:24.045] proc name: compare (/datum/gas_mixture/compare)
[2018-07-16 03:51:24.045]   source file: gas_mixture.dm,384
[2018-07-16 03:51:24.045] 
[2018-07-16 03:51:24.045] runtime error: undefined variable /turf/closed/wall/var/air
[2018-07-16 03:51:24.045] proc name: process cell (/turf/open/process_cell)
[2018-07-16 03:51:24.045]   source file: LINDA_turf_tile.dm,178
[2018-07-16 03:51:24.045] 
[2018-07-16 03:51:24.045] runtime error: Cannot execute null.archive().
[2018-07-16 03:51:24.045] proc name: archive (/turf/open/archive)
[2018-07-16 03:51:24.045]   source file: LINDA_turf_tile.dm,91
[2018-07-16 03:51:24.045] 
[2018-07-16 03:51:24.046] runtime error: Cannot read null.gases
[2018-07-16 03:51:24.046] proc name: compare (/datum/gas_mixture/compare)
[2018-07-16 03:51:24.046]   source file: gas_mixture.dm,384
[2018-07-16 03:51:24.046] 
[2018-07-16 03:51:24.046] runtime error: undefined variable /turf/closed/wall/rust/var/air
[2018-07-16 03:51:24.046] Warning: further proc crash messages are being suppressed to prevent overload...
[2018-07-16 03:51:24.046] 
[2018-07-16 03:51:24.046] runtime error: undefined variable /turf/closed/wall/var/air
[2018-07-16 03:51:24.046] 
[2018-07-16 03:51:24.046] runtime error: undefined variable /turf/closed/wall/rust/var/air
[2018-07-16 03:51:24.046] 
[2018-07-16 03:51:24.046] runtime error: undefined variable /turf/closed/wall/rust/var/air
[2018-07-16 03:51:24.046] 
[2018-07-16 03:52:54.845] runtime error: Cannot execute null.is cut().
[2018-07-16 03:52:54.845] 
[2018-07-16 03:52:55.453] runtime error: addtimer called with a callback assigned to a qdeleted object. In the future such timers will not be supported and may refuse to run or run with a 0 wait
[2018-07-16 03:52:55.453] 
[2018-07-16 04:04:28.126] runtime error: Cannot read null.species
[2018-07-16 04:04:28.126] 
[2018-07-16 04:06:55.459] Saved 6 engraved messages on map PubbyStation
[2018-07-16 04:08:31.156] Shutting down Persistence subsystem...
[2018-07-16 04:08:31.156] Shutting down Pathfinder subsystem...
[2018-07-16 04:08:31.156] Shutting down Squeak subsystem...
[2018-07-16 04:08:31.156] Shutting down Shuttle subsystem...
[2018-07-16 04:08:31.156] Shutting down Lighting subsystem...
[2018-07-16 04:08:31.156] Shutting down XKeyScore subsystem...
[2018-07-16 04:08:31.156] Shutting down Sticky Ban subsystem...
[2018-07-16 04:08:31.156] Shutting down Overlay subsystem...
[2018-07-16 04:08:31.188] Shutting down Icon Smoothing subsystem...
[2018-07-16 04:08:31.188] Shutting down Assets subsystem...
[2018-07-16 04:08:31.188] Shutting down Minimap subsystem...
[2018-07-16 04:08:31.188] Shutting down Atmospherics subsystem...
[2018-07-16 04:08:31.188] Shutting down Wet floors subsystem...
[2018-07-16 04:08:31.188] Shutting down Weather subsystem...
[2018-07-16 04:08:31.188] Shutting down Vote subsystem...
[2018-07-16 04:08:31.188] Shutting down Traumas subsystem...
[2018-07-16 04:08:31.188] Shutting down Title Screen subsystem...
[2018-07-16 04:08:31.188] Shutting down Time Tracking subsystem...
[2018-07-16 04:08:31.188] Shutting down Throwing subsystem...
[2018-07-16 04:08:31.188] Shutting down tgui subsystem...
[2018-07-16 04:08:31.188] Shutting down Sun subsystem...
[2018-07-16 04:08:31.188] Shutting down Space Drift subsystem...
[2018-07-16 04:08:31.188] Shutting down Religion subsystem...
[2018-07-16 04:08:31.188] Shutting down Radio subsystem...
[2018-07-16 04:08:31.188] Shutting down Radiation subsystem...
[2018-07-16 04:08:31.188] Shutting down Projectiles subsystem...
[2018-07-16 04:08:31.188] Shutting down Processing subsystem...
[2018-07-16 04:08:31.188] Shutting down Ping subsystem...
[2018-07-16 04:08:31.188] Shutting down Parallax subsystem...
[2018-07-16 04:08:31.188] Shutting down pAI subsystem...
[2018-07-16 04:08:31.188] Shutting down Orbits subsystem...
[2018-07-16 04:08:31.189] Shutting down Objects subsystem...
[2018-07-16 04:08:31.189] Shutting down NPC Pool subsystem...
[2018-07-16 04:08:31.189] Shutting down Night Shift subsystem...
[2018-07-16 04:08:31.189] Shutting down Mood subsystem...
[2018-07-16 04:08:31.189] Shutting down Mobs subsystem...
[2018-07-16 04:08:31.189] Shutting down Medals subsystem...
[2018-07-16 04:08:31.189] Shutting down Idling NPC Pool subsystem...
[2018-07-16 04:08:31.189] Shutting down Flightpack Movement subsystem...
[2018-07-16 04:08:31.189] Shutting down Fire Burning subsystem...
[2018-07-16 04:08:31.189] Shutting down Fields subsystem...
[2018-07-16 04:08:31.189] Shutting down Fast Processing subsystem...
[2018-07-16 04:08:31.189] Shutting down Disease subsystem...
[2018-07-16 04:08:31.189] Shutting down Datum Component System subsystem...
[2018-07-16 04:08:31.189] Shutting down Communications subsystem...
[2018-07-16 04:08:31.189] Shutting down Augury subsystem...
[2018-07-16 04:08:31.189] Shutting down Acid subsystem...
[2018-07-16 04:08:31.189] Shutting down Timer subsystem...
[2018-07-16 04:08:31.189] Shutting down Circuit subsystem...
[2018-07-16 04:08:31.189] Shutting down Machines subsystem...
[2018-07-16 04:08:31.189] Shutting down Language subsystem...
[2018-07-16 04:08:31.189] Shutting down Atoms subsystem...
[2018-07-16 04:08:31.189] Shutting down Networks subsystem...
[2018-07-16 04:08:31.189] Shutting down Mapping subsystem...
[2018-07-16 04:08:31.189] Shutting down Ticker subsystem...
[2018-07-16 04:08:31.301] Shutting down Quirks subsystem...
[2018-07-16 04:08:31.301] Shutting down Jobs subsystem...
[2018-07-16 04:08:31.301] Shutting down Events subsystem...
[2018-07-16 04:08:31.301] Shutting down Research subsystem...
[2018-07-16 04:08:31.301] Shutting down Input subsystem...
[2018-07-16 04:08:31.301] Shutting down Server Tasks subsystem...
[2018-07-16 04:08:31.301] Shutting down Blackbox subsystem...
[2018-07-16 04:08:31.377] Shutting down Database subsystem...
[2018-07-16 04:08:31.413] Shutting down Garbage subsystem...
[2018-07-16 04:08:31.465] Shutdown complete
[2018-07-16 04:08:31.465] World rebooted at 04:08:31
