

Starting up round ID 1017. 10:11:32
---------------------
[10:11:32]GAME: Round ID: 1017
[10:11:33]ADMIN: Loading Banlist
[10:11:33]ACCESS: Login: HaggisShuu from 86.63.49.71-3153454697 || BYOND v511
[10:11:33]ACCESS: Mob Login: HaggisShuu/(HaggisShuu) was assigned to a /mob/dead/new_player
[10:11:34]GAME: Saved mode is 'secret'
[10:12:02]GAME: Z-level Away Mission loaded at at 0,0,14
[10:12:02]GAME: Hierophant's Arena loaded at at 69,150,5
[10:12:02]GAME: Ruin of Sloth loaded at at 156,202,5
[10:12:02]GAME: Biodome Clown Planet loaded at at 84,99,5
[10:12:02]GAME: Summoning Ritual loaded at at 64,111,5
[10:12:02]GAME: Fountain Hall loaded at at 179,97,5
[10:12:02]GAME: Biodome Beach loaded at at 172,41,5
[10:12:03]GAME: Blood-Drunk Miner (Hunter) loaded at at 210,190,5
[10:12:03]GAME: Makeshift Shelter loaded at at 23,169,5
[10:12:03]GAME: Ruin of Greed loaded at at 40,164,5
[10:12:03]GAME: Fountain Hall loaded at at 112,139,5
[10:12:03]GAME: Ruin of Pride loaded at at 174,139,5
[10:12:04]GAME: Whiteship Dock loaded at at 181,72,9
[10:12:04]GAME: Derelict 4 loaded at at 197,63,11
[10:12:04]GAME: Asteroid 4 loaded at at 57,190,3
[10:12:04]GAME: Asteroid 1 loaded at at 171,146,8
[10:12:04]GAME: Dinner for Two loaded at at 120,201,3
[10:12:04]GAME: Crashed Clown Ship loaded at at 191,99,10
[10:12:04]GAME: Authorship loaded at at 59,142,11
[10:12:04]GAME: Salvation loaded at at 173,201,4
[10:12:04]GAME: Gondoland loaded at at 179,173,7
[10:12:04]GAME: Derelict 3 loaded at at 199,76,8
[10:12:04]GAME: Derelict 5 loaded at at 40,147,4
[10:12:04]GAME: Empty Shell loaded at at 66,137,3
[10:12:04]GAME: Ordinary Space Tile loaded at at 175,144,8
[10:12:04]GAME: Abandoned Teleporter loaded at at 104,76,4
[10:12:04]GAME: Disposal Facility 17 loaded at at 129,184,11
[10:13:51]GAME: fancy transport ferry loaded at at 115,146,1
[10:13:52]GAME: Box Station Emergency Shuttle loaded at at 116,137,1
[10:13:52]GAME: basic syndicate infiltrator loaded at at 113,137,1
[10:13:53]GAME: cargo ferry (Box) loaded at at 118,142,1
[10:13:53]GAME: labour shuttle (Box) loaded at at 119,144,1
[10:13:54]GAME: arrival shuttle (Box) loaded at at 114,145,1
[10:13:54]GAME: mining shuttle (Box) loaded at at 119,145,1
[10:13:54]GAME: NT Recovery Whiteship loaded at at 107,141,1
[10:14:00]ACCESS: Logout: HaggisShuu/(HaggisShuu)
[10:30:56]ACCESS: Login: HaggisJew from 86.63.49.71-1366898911 || BYOND v512
[10:30:56]ACCESS: Mob Login: HaggisJew/(HaggisJew) was assigned to a /mob/dead/new_player
[10:35:14]GAME: HaggisJew (ckey) has been selected as a traitor
[10:35:15]ACCESS: Mob Login: HaggisJew/(Jakki Fischer) was assigned to a /mob/living/carbon/human
[10:35:18]EMOTE: *no key*/(Runtime) : <b>Runtime</b> shakes its head. (159,109,2)
[10:35:20]SAY: Prison Ofitser/ : Engaging patrol mode. (23,36,5)
[10:35:20]SAY: Prison Ofitser/ : Disengaging patrol mode. (23,36,5)
[10:35:20]SAY: Officer Beepsky/ : Engaging patrol mode. (94,159,2)
[10:35:21]EMOTE: *no key*/(monkey (178)) : <b>The monkey (178)</b> jumps! (160,101,2)
[10:35:32]EMOTE: *no key*/(crab) : <b>The crab</b> clicks. (178,53,5)
[10:35:36]EMOTE: *no key*/(mouse) : <b>The mouse</b> squeeks. (125,105,2)
[10:35:38]SAY: Medibot/ : Radar, put a mask on! (63,146,11)
[10:35:38]ACCESS: Login: Swatblack from 31.148.76.224-3144735220 || BYOND v511
[10:35:38]ACCESS: Mob Login: Swatblack/(Swatblack) was assigned to a /mob/dead/new_player
[10:35:48]EMOTE: *no key*/(grey baby slime (339)) : <b>The grey baby slime (339)</b> vibrates! (165,93,2)
[10:35:52]EMOTE: *no key*/(monkey (560)) : <b>The monkey (560)</b> waves her tail. (160,119,2)
[10:35:52]EMOTE: *no key*/(mouse) : <b>The mouse</b> runs in a circle. (126,105,2)
[10:35:52]SAY: Poly/ : What happened to everyone (118,79,2)
[10:36:00]EMOTE: *no key*/(monkey (293)) : <b>The monkey (293)</b> scratches. (159,101,2)
[10:36:00]EMOTE: *no key*/(Poly) : <b>Poly</b> turns and flies towards the Power-ON cartridge. (118,79,2)
[10:36:04]EMOTE: *no key*/(crab) : <b>The crab</b> clicks. (177,53,5)
[10:36:10]EMOTE: *no key*/(crab) : <b>The crab</b> clacks. (190,50,5)
[10:36:11]ACCESS: Mob Login: Swatblack/(ghost) was assigned to a /mob/dead/observer
[10:36:12]EMOTE: *no key*/(monkey (178)) : <b>The monkey (178)</b> rolls. (159,100,2)
[10:36:12]SAY: Medibot/ : Delicious! (63,146,11)
[10:36:14]EMOTE: *no key*/(monkey (110)) : <b>The monkey (110)</b> rolls. (159,99,2)
[10:36:16]EMOTE: *no key*/(Ian) : <b>Ian</b> pants. (109,116,2)
[10:36:18]SAY: Medibot/ : I knew it, I should&#39;ve been a plastic surgeon. (155,73,1)
[10:36:28]SAY: mouse/ : SQUEEK! (149,146,2)
[10:36:30]EMOTE: *no key*/(crab) : <b>The crab</b> clacks. (113,135,14)
[10:36:32]EMOTE: *no key*/(Runtime) : <b>Runtime</b> shakes its head. (159,109,2)
[10:36:34]EMOTE: *no key*/(Paperwork) : <b>Paperwork</b> snores. (82,121,2)
[10:36:36]EMOTE: *no key*/(mouse) : <b>The mouse</b> shakes. (181,153,2)
[10:36:36]SAY: mouse/ : SQUEEK! (96,97,2)
[10:36:43]SAY: mouse/ : Squeek! (177,152,2)
[10:36:46]SAY: Medibot/ : I knew it, I should&#39;ve been a plastic surgeon. (155,73,1)
[10:36:48]EMOTE: *no key*/(grey baby slime (489)) : <b>The grey baby slime (489)</b> lights up for a bit, then stops. (177,94,2)
[10:36:51]EMOTE: *no key*/(crab) : <b>The crab</b> clacks. (138,134,14)
[10:36:51]EMOTE: *no key*/(crab) : <b>The crab</b> clacks. (113,135,14)
[10:36:56]SAY: mouse/ : Squeek? (61,130,2)
[10:37:06]EMOTE: *no key*/(Ian) : <b>Ian</b> chases its tail! (108,116,2)
[10:37:12]SAY: mouse/ : Squeek! (198,110,2)
[10:37:22]EMOTE: *no key*/(mouse) : <b>The mouse</b> squeeks. (93,95,2)
[10:37:27]EMOTE: *no key*/(Tom) : <b>Tom</b> shakes. (105,189,2)
[10:37:31]ACCESS: Logout: HaggisJew/(Jakki Fischer)
[10:37:32]SAY: grey baby slime (339)/ : Blop... (167,93,2)
[10:37:33]SAY: Nobody's Perfect/ : Delicious! (24,75,1)
[10:37:41]EMOTE: *no key*/(Poly) : <b>Poly</b> flutters its wings. (115,79,2)
[10:37:43]EMOTE: *no key*/(crab) : <b>The crab</b> clacks. (185,50,5)
[10:37:47]EMOTE: *no key*/(crab) : <b>The crab</b> clicks. (140,134,14)
[10:37:47]EMOTE: *no key*/(Poly) : <b>Poly</b> looks in the Power-ON cartridge's direction and takes flight. (115,79,2)
[10:37:53]SAY: Poly/ : We actually got an engineer (116,79,2)
[10:37:58]EMOTE: *no key*/(Ian) : <b>Ian</b> chases its tail! (109,117,2)
[10:37:59]EMOTE: *no key*/(mouse) : <b>The mouse</b> shakes. (182,156,2)
[10:38:00]EMOTE: *no key*/(Ian) : <b>Ian</b> dances around. (109,117,2)
[10:38:05]SAY: mouse/ : Squeek! (125,108,2)
[10:38:07]SAY: mouse/ : SQUEEK! (196,109,2)
[10:38:07]SAY: Nobody's Perfect/ : What kind of medbay is this? Everyone&#39;s dropping like flies. (24,75,1)
[10:38:08]EMOTE: *no key*/(Ian) : <b>Ian</b> chases its tail! (109,117,2)
[10:38:11]SAY: mouse/ : Squeek? (160,158,2)
[10:38:12]EMOTE: *no key*/(Kong XXVI) : <b>Kong XXVI</b> scratches. (145,137,2)
[10:38:17]EMOTE: *no key*/(Tom) : <b>Tom</b> runs in a circle. (105,188,2)
[10:38:19]GAME: Random Event triggering: Minor Space Dust (/datum/round_event/space_dust)
[10:38:25]EMOTE: *no key*/(mouse) : <b>The mouse</b> squeeks. (96,99,2)
[10:38:37]SAY: Ian/ : Bark! (109,119,2)
[10:38:42]EMOTE: *no key*/(monkey (71)) : <b>The monkey (71)</b> scratches. (159,101,2)
[10:38:43]EMOTE: *no key*/(crab) : <b>The crab</b> clacks. (187,50,5)
[10:38:50]EMOTE: *no key*/(monkey (110)) : <b>The monkey (110)</b> rolls. (161,100,2)
[10:38:52]EMOTE: *no key*/(Ian) : <b>Ian</b> chases its tail! (109,119,2)
[10:39:01]SAY: mouse/ : Squeek? (176,153,2)
[10:39:04]EMOTE: *no key*/(monkey (293)) : <b>The monkey (293)</b> waves her tail. (157,99,2)
[10:39:07]EMOTE: *no key*/(Poly) : <b>Poly</b> looks in the Power-ON cartridge's direction and takes flight. (115,79,2)
[10:39:09]SAY: mouse/ : Squeek? (125,105,2)
[10:39:10]EMOTE: *no key*/(monkey (692)) : <b>The monkey (692)</b> jumps! (160,120,2)
[10:39:15]EMOTE: *no key*/(mouse) : <b>The mouse</b> squeeks. (162,158,2)
[10:39:17]SAY: mouse/ : Squeek! (184,154,2)
[10:39:17]SAY: Medibot/ : What kind of medbay is this? Everyone&#39;s dropping like flies. (63,146,11)
[10:39:27]EMOTE: *no key*/(crab) : <b>The crab</b> clicks. (188,50,5)
[10:39:28]EMOTE: *no key*/(Runtime) : <b>Runtime</b> wags its tail. (158,107,2)
[10:39:29]EMOTE: *no key*/(mouse) : <b>The mouse</b> runs in a circle. (95,92,2)
[10:39:46]EMOTE: *no key*/(Runtime) : <b>Runtime</b> stops resting. (158,107,2)
[10:39:47]EMOTE: *no key*/(crab) : <b>The crab</b> clacks. (120,133,14)
[10:39:48]EMOTE: *no key*/(monkey (641)) : <b>The monkey (641)</b> rolls. (161,118,2)
[10:39:49]SAY: Medibot/ : What kind of medbay is this? Everyone&#39;s dropping like flies. (154,73,1)
[10:39:53]EMOTE: *no key*/(crab) : <b>The crab</b> clicks. (176,53,5)
[10:39:53]EMOTE: *no key*/(crab) : <b>The crab</b> clacks. (153,133,14)
[10:39:58]EMOTE: *no key*/(Runtime) : <b>Runtime</b> shakes out its coat. (158,107,2)
[10:39:59]EMOTE: *no key*/(crab) : <b>The crab</b> clacks. (148,134,14)
[10:40:03]SAY: mouse/ : Squeek? (95,93,2)
[10:40:09]SAY: Medibot/ : There&#39;s always a catch, and I&#39;m the best there is. (63,146,11)
[10:40:11]SAY: Runtime/ : HSSSSS (158,108,2)
[10:40:12]EMOTE: *no key*/(monkey (71)) : <b>The monkey (71)</b> waves his tail. (157,101,2)
[10:40:29]SAY: Poly/ : SSSup (115,79,2)
[10:40:35]EMOTE: *no key*/(Tom) : <b>Tom</b> runs in a circle. (104,189,2)
[10:40:49]EMOTE: *no key*/(crab) : <b>The crab</b> clacks. (196,59,5)
[10:40:49]SAY: Poly/ : I know, but there was a mess in here too. (115,79,2)
[10:40:51]SAY: Medibot/ : Radar, put a mask on! (154,73,1)
[10:40:57]EMOTE: *no key*/(Poly) : <b>Poly</b> looks in the Power-ON cartridge's direction and takes flight. (115,79,2)
[10:41:02]EMOTE: *no key*/(monkey (293)) : <b>The monkey (293)</b> waves her tail. (161,100,2)
[10:41:12]EMOTE: *no key*/(grey baby slime (489)) : <b>The grey baby slime (489)</b> lights up for a bit, then stops. (175,94,2)
[10:41:18]EMOTE: *no key*/(monkey (91)) : <b>The monkey (91)</b> waves her tail. (161,100,2)
[10:41:21]EMOTE: *no key*/(mouse) : <b>The mouse</b> shakes. (61,125,2)
[10:41:21]SAY: Poly/ : NO TASER!!!!!!!!!! (116,80,2)
[10:41:22]SAY: grey baby slime (339)/ : Rawr... (165,93,2)
[10:41:25]EMOTE: *no key*/(Paperwork) : <b>Paperwork</b> dozes off. (77,123,2)
[10:41:43]EMOTE: *no key*/(crab) : <b>The crab</b> clicks. (183,50,5)
[10:41:44]EMOTE: *no key*/(Runtime) : <b>Runtime</b> twitches its whiskers. (157,109,2)
[10:41:48]EMOTE: *no key*/(monkey (91)) : <b>The monkey (91)</b> rolls. (161,100,2)
[10:41:49]SAY: Poly/ : SSSup (115,79,2)
[10:41:57]EMOTE: *no key*/(crab) : <b>The crab</b> clacks. (117,133,14)
[10:41:59]EMOTE: *no key*/(crab) : <b>The crab</b> clicks. (154,133,14)
[10:41:59]SAY: Runtime/ : HSSSSS (157,109,2)
[10:42:03]SAY: mouse/ : SQUEEK! (95,92,2)
[10:42:05]EMOTE: *no key*/(crab) : <b>The crab</b> clicks. (143,134,14)
[10:42:06]EMOTE: *no key*/(monkey (110)) : <b>The monkey (110)</b> jumps! (158,99,2)
[10:42:13]SAY: Tom/ : Squeek? (107,187,2)
[10:42:19]EMOTE: *no key*/(Poly) : <b>Poly</b> looks in the Power-ON cartridge's direction and takes flight. (115,79,2)
[10:42:21]EMOTE: *no key*/(crab) : <b>The crab</b> clacks. (196,59,5)
[10:42:22]EMOTE: *no key*/(Runtime) : <b>Runtime</b> lies down. (157,108,2)
[10:42:25]EMOTE: *no key*/(Poly) : <b>Poly</b> squawks. (116,79,2)
[10:42:31]EMOTE: *no key*/(crab) : <b>The crab</b> clicks. (184,50,5)
[10:42:32]EMOTE: *no key*/(grey baby slime (489)) : <b>The grey baby slime (489)</b> jiggles! (175,92,2)
[10:42:32]EMOTE: *no key*/(monkey (293)) : <b>The monkey (293)</b> rolls. (161,99,2)
[10:42:38]EMOTE: *no key*/(Runtime) : <b>Runtime</b> sits down. (157,108,2)
[10:42:43]SAY: Ian/ : Bark! (108,119,2)
[10:42:55]SAY: Nobody's Perfect/ : I knew it, I should&#39;ve been a plastic surgeon. (24,75,1)
[10:42:57]EMOTE: *no key*/(crab) : <b>The crab</b> clicks. (152,134,14)
[10:42:58]EMOTE: *no key*/(monkey (110)) : <b>The monkey (110)</b> jumps! (159,100,2)
[10:43:01]EMOTE: *no key*/(crab) : <b>The crab</b> clicks. (183,50,5)
[10:43:11]SAY: mouse/ : Squeek? (149,145,2)
[10:43:11]EMOTE: *no key*/(Ian) : <b>Ian</b> shakes its head. (109,119,2)
[10:43:15]EMOTE: *no key*/(Runtime) : <b>Runtime</b> shivers. (157,108,2)
[10:43:20]EMOTE: *no key*/(Kong XXVI) : <b>Kong XXVI</b> scratches. (145,135,2)
[10:43:41]EMOTE: *no key*/(Runtime) : <b>Runtime</b> meows. (157,108,2)
[10:43:43]EMOTE: *no key*/(crab) : <b>The crab</b> clicks. (145,134,14)
[10:43:49]SAY: Tom/ : Squeek? (105,188,2)
[10:43:57]EMOTE: *no key*/(mouse) : <b>The mouse</b> squeeks. (196,109,2)
[10:44:03]SAY: mouse/ : Squeek? (76,82,2)
[10:44:17]EMOTE: *no key*/(crab) : <b>The crab</b> clicks. (110,135,14)
[10:44:22]EMOTE: *no key*/(Kong XXVI) : <b>Kong XXVI</b> scratches. (146,135,2)
[10:44:29]GAME: Random Event triggering: Minor Space Dust (/datum/round_event/space_dust)
[10:44:33]SAY: mouse/ : Squeek? (196,109,2)
[10:44:37]SAY: Medibot/ : I knew it, I should&#39;ve been a plastic surgeon. (155,73,1)
[10:44:41]SAY: mouse/ : Squeek? (184,154,2)
[10:44:43]SAY: mouse/ : Squeek! (126,105,2)
[10:44:49]SAY: mouse/ : Squeek? (126,105,2)
[10:44:54]EMOTE: *no key*/(Runtime) : <b>Runtime</b> stretches out for a belly rub. (157,108,2)
[10:44:54]EMOTE: *no key*/(monkey (692)) : <b>The monkey (692)</b> jumps! (160,118,2)
[10:45:16]GAME: swatblack became 
[10:45:16]ACCESS: Mob Login: swatblack/(Ezekiel Mueller) was assigned to a /mob/living/carbon/human
[10:45:25]EMOTE: *no key*/(Poly) : <b>Poly</b> looks in the Power-ON cartridge's direction and takes flight. (115,79,2)
[10:45:31]EMOTE: *no key*/(mouse) : <b>The mouse</b> runs in a circle. (181,154,2)
[10:45:32]EMOTE: *no key*/(grey baby slime (489)) : <b>The grey baby slime (489)</b> vibrates! (176,94,2)
[10:45:38]EMOTE: *no key*/(monkey (641)) : <b>The monkey (641)</b> rolls. (160,117,2)
[10:45:41]SAY: Medibot/ : There&#39;s always a catch, and I&#39;m the best there is. (63,146,11)
[10:45:43]SAY: Medibot/ : Delicious! (154,73,1)
[10:45:51]EMOTE: *no key*/(crab) : <b>The crab</b> clacks. (116,133,14)
[10:45:55]SAY: Medibot/ : What kind of medbay is this? Everyone&#39;s dropping like flies. (63,146,11)
[10:45:56]EMOTE: *no key*/(monkey (692)) : <b>The monkey (692)</b> scratches. (161,118,2)
[10:45:57]SAY: mouse/ : SQUEEK! (175,152,2)
[10:46:01]SAY: Medibot/ : There&#39;s always a catch, and I&#39;m the best there is. (63,146,11)
[10:46:04]EMOTE: *no key*/(grey baby slime (489)) : <b>The grey baby slime (489)</b> bounces in place. (175,92,2)
[10:46:13]SAY: Poly/ : There&#39;s nothing wrong with the station. (115,79,2)
[10:46:31]SAY: Tom/ : Squeek? (106,187,2)
[10:46:35]EMOTE: *no key*/(Poly) : <b>Poly</b> looks in the Power-ON cartridge's direction and takes flight. (115,79,2)
[10:46:41]EMOTE: *no key*/(Runtime) : <b>Runtime</b> meows. (157,108,2)
[10:46:47]SAY: mouse/ : SQUEEK! (165,156,2)
[10:46:50]EMOTE: *no key*/(monkey (71)) : <b>The monkey (71)</b> waves his tail. (159,100,2)
[10:46:50]EMOTE: *no key*/(Ian) : <b>Ian</b> chases its tail! (108,119,2)
[10:46:56]EMOTE: *no key*/(grey baby slime (339)) : <b>The grey baby slime (339)</b> vibrates! (167,92,2)
[10:46:57]EMOTE: *no key*/(crab) : <b>The crab</b> clicks. (177,53,5)
[10:46:58]EMOTE: *no key*/(Runtime) : <b>Runtime</b> crouches on its hind legs. (157,108,2)
[10:47:01]EMOTE: *no key*/(crab) : <b>The crab</b> clacks. (160,133,14)
[10:47:01]EMOTE: *no key*/(crab) : <b>The crab</b> clicks. (117,133,14)
[10:47:11]EMOTE: *no key*/(Ian) : <b>Ian</b> pants. (109,119,2)
[10:47:14]EMOTE: *no key*/(Runtime) : <b>Runtime</b> lies down. (157,108,2)
[10:47:36]EMOTE: *no key*/(monkey (71)) : <b>The monkey (71)</b> rolls. (161,99,2)
[10:47:38]EMOTE: *no key*/(monkey (410)) : <b>The monkey (410)</b> waves her tail. (161,120,2)
[10:47:41]EMOTE: *no key*/(Poly) : <b>Poly</b> looks in the Power-ON cartridge's direction and takes flight. (115,79,2)
[10:47:45]SAY: Poly/ : Don&#39;t believe the reports - smoke today! (116,79,2)
[10:47:45]SAY: Nobody's Perfect/ : What kind of medbay is this? Everyone&#39;s dropping like flies. (24,75,1)
[10:47:47]EMOTE: *no key*/(mouse) : <b>The mouse</b> runs in a circle. (164,156,2)
[10:47:47]EMOTE: *no key*/(Runtime) : <b>Runtime</b> mews. (157,108,2)
[10:47:50]EMOTE: *no key*/(monkey (110)) : <b>The monkey (110)</b> waves his tail. (157,100,2)
[10:47:53]EMOTE: *no key*/(Runtime) : <b>Runtime</b> shakes its head. (157,108,2)
[10:47:57]EMOTE: *no key*/(mouse) : <b>The mouse</b> runs in a circle. (152,144,2)
[10:47:57]SAY: Medibot/ : Radar, put a mask on! (155,73,1)
[10:47:58]EMOTE: *no key*/(monkey (110)) : <b>The monkey (110)</b> jumps! (157,99,2)
[10:47:59]SAY: mouse/ : Squeek! (62,126,2)
[10:48:04]EMOTE: *no key*/(Runtime) : <b>Runtime</b> stops resting. (157,108,2)
[10:48:13]SAY: Poly/ : What isss (117,81,2)
[10:48:17]SAY: mouse/ : Squeek? (95,91,2)
[10:48:27]EMOTE: *no key*/(crab) : <b>The crab</b> clacks. (182,50,5)
[10:48:29]SAY: Medibot/ : What kind of medbay is this? Everyone&#39;s dropping like flies. (154,73,1)
[10:48:37]EMOTE: *no key*/(Paperwork) : <b>Paperwork</b> dozes off. (76,116,2)
[10:48:39]EMOTE: *no key*/(mouse) : <b>The mouse</b> runs in a circle. (95,90,2)
[10:48:43]SAY: mouse/ : Squeek! (176,153,2)
[10:48:47]EMOTE: *no key*/(crab) : <b>The crab</b> clicks. (155,134,14)
[10:48:49]SAY: Poly/ : DON&#39;T YOU DARE (117,82,2)
[10:48:53]EMOTE: *no key*/(mouse) : <b>The mouse</b> runs in a circle. (164,158,2)
[10:49:00]EMOTE: *no key*/(Runtime) : <b>Runtime</b> grooms its fur. (157,108,2)
[10:49:02]EMOTE: *no key*/(monkey (71)) : <b>The monkey (71)</b> scratches. (161,101,2)
[10:49:07]EMOTE: *no key*/(Paperwork) : <b>Paperwork</b> dozes off. (75,116,2)
[10:49:10]EMOTE: *no key*/(monkey (178)) : <b>The monkey (178)</b> waves his tail. (159,99,2)
[10:49:12]EMOTE: *no key*/(monkey (293)) : <b>The monkey (293)</b> jumps! (157,100,2)
[10:49:16]EMOTE: *no key*/(Runtime) : <b>Runtime</b> sits down. (157,109,2)
[10:49:19]SAY: mouse/ : SQUEEK! (198,116,2)
[10:49:20]EMOTE: *no key*/(monkey (410)) : <b>The monkey (410)</b> scratches. (160,118,2)
[10:49:21]EMOTE: *no key*/(Ian) : <b>Ian</b> pants. (108,120,2)
[10:49:25]SAY: Poly/ : What isss (115,79,2)
[10:49:33]EMOTE: *no key*/(Paperwork) : <b>Paperwork</b> snores. (75,116,2)
[10:49:38]EMOTE: *no key*/(monkey (375)) : <b>The monkey (375)</b> scratches. (160,120,2)
[10:49:41]SAY: Tom/ : Squeek! (106,188,2)
[10:49:43]EMOTE: *no key*/(mouse) : <b>The mouse</b> runs in a circle. (76,80,2)
[10:49:45]EMOTE: *no key*/(Poly) : <b>Poly</b> looks in the Power-ON cartridge's direction and takes flight. (115,79,2)
[10:49:54]EMOTE: *no key*/(grey baby slime (339)) : <b>The grey baby slime (339)</b> vibrates! (165,92,2)
[10:50:01]EMOTE: *no key*/(mouse) : <b>The mouse</b> squeeks. (198,114,2)
[10:50:02]EMOTE: *no key*/(monkey (293)) : <b>The monkey (293)</b> scratches. (157,99,2)
[10:50:03]EMOTE: *no key*/(mouse) : <b>The mouse</b> squeeks. (152,145,2)
[10:50:09]EMOTE: *no key*/(crab) : <b>The crab</b> clacks. (143,134,14)
[10:50:19]EMOTE: *no key*/(mouse) : <b>The mouse</b> squeeks. (95,93,2)
[10:50:19]SAY: Poly/ : Can you wrench this (115,79,2)
[10:50:22]EMOTE: *no key*/(monkey (110)) : <b>The monkey (110)</b> waves his tail. (157,101,2)
[10:50:36]EMOTE: *no key*/(monkey (91)) : <b>The monkey (91)</b> rolls. (161,100,2)
[10:50:37]EMOTE: *no key*/(mouse) : <b>The mouse</b> shakes. (198,116,2)
[10:50:44]EMOTE: *no key*/(monkey (580)) : <b>The monkey (580)</b> scratches. (160,116,2)
[10:50:53]EMOTE: *no key*/(Poly) : <b>Poly</b> looks in the Power-ON cartridge's direction and takes flight. (115,79,2)
[10:50:54]EMOTE: *no key*/(monkey (560)) : <b>The monkey (560)</b> waves her tail. (160,120,2)
[10:50:57]SAY: mouse/ : Squeek? (75,81,2)
[10:50:57]EMOTE: *no key*/(mouse) : <b>The mouse</b> runs in a circle. (165,160,2)
[10:50:59]SAY: mouse/ : Squeek? (93,95,2)
[10:51:00]EMOTE: *no key*/(grey baby slime (339)) : <b>The grey baby slime (339)</b> vibrates! (167,94,2)
[10:51:01]SAY: Poly/ : Can you wrench this (116,79,2)
[10:51:16]EMOTE: *no key*/(grey baby slime (489)) : <b>The grey baby slime (489)</b> lights up for a bit, then stops. (177,93,2)
[10:51:18]EMOTE: *no key*/(Runtime) : <b>Runtime</b> lies down. (157,109,2)
[10:51:21]EMOTE: *no key*/(mouse) : <b>The mouse</b> squeeks. (186,155,2)
[10:51:21]SAY: Tom/ : Squeek! (104,185,2)
[10:51:22]SAY: grey baby slime (339)/ : Rawr... (167,94,2)
[10:51:24]EMOTE: *no key*/(monkey (641)) : <b>The monkey (641)</b> jumps! (160,118,2)
[10:51:34]EMOTE: *no key*/(monkey (692)) : <b>The monkey (692)</b> waves her tail. (160,120,2)
[10:51:39]EMOTE: *no key*/(mouse) : <b>The mouse</b> runs in a circle. (198,117,2)
[10:51:43]EMOTE: *no key*/(mouse) : <b>The mouse</b> runs in a circle. (95,92,2)
[10:51:45]EMOTE: *no key*/(crab) : <b>The crab</b> clicks. (152,134,14)
[10:51:49]EMOTE: *no key*/(crab) : <b>The crab</b> clacks. (180,53,5)
[10:51:59]SAY: Medibot/ : Delicious! (63,146,11)
[10:52:01]EMOTE: *no key*/(Poly) : <b>Poly</b> looks in the Power-ON cartridge's direction and takes flight. (115,79,2)
[10:52:02]EMOTE: *no key*/(monkey (692)) : <b>The monkey (692)</b> waves her tail. (161,117,2)
[10:52:04]EMOTE: *no key*/(grey baby slime (489)) : <b>The grey baby slime (489)</b> jiggles! (177,93,2)
[10:52:05]EMOTE: *no key*/(Tom) : <b>Tom</b> shakes. (104,184,2)
[10:52:07]SAY: mouse/ : SQUEEK! (198,117,2)
[10:52:14]EMOTE: *no key*/(monkey (110)) : <b>The monkey (110)</b> jumps! (158,100,2)
[10:52:20]EMOTE: *no key*/(monkey (641)) : <b>The monkey (641)</b> scratches. (160,119,2)
[10:52:25]EMOTE: *no key*/(Tom) : <b>Tom</b> shakes. (104,184,2)
[10:52:29]EMOTE: *no key*/(crab) : <b>The crab</b> clacks. (153,134,14)
[10:52:35]SAY: mouse/ : SQUEEK! (62,126,2)
[10:52:49]SAY: Ian/ : Bark! (108,116,2)
[10:52:50]EMOTE: *no key*/(monkey (178)) : <b>The monkey (178)</b> rolls. (161,101,2)
[10:52:55]EMOTE: *no key*/(mouse) : <b>The mouse</b> squeeks. (166,160,2)
[10:53:00]EMOTE: *no key*/(Runtime) : <b>Runtime</b> stretches out for a belly rub. (157,109,2)
[10:53:01]GAME: Random Event triggering: Minor Space Dust (/datum/round_event/space_dust)
[10:53:06]EMOTE: *no key*/(monkey (178)) : <b>The monkey (178)</b> scratches. (161,101,2)
[10:53:11]SAY: Tom/ : Squeek? (105,186,2)
[10:53:13]EMOTE: *no key*/(mouse) : <b>The mouse</b> shakes. (154,145,2)
[10:53:13]EMOTE: *no key*/(Poly) : <b>Poly</b> looks in the Power-ON cartridge's direction and takes flight. (115,79,2)
[10:53:21]EMOTE: *no key*/(mouse) : <b>The mouse</b> squeeks. (178,160,2)
[10:53:31]SAY: mouse/ : Squeek? (154,144,2)
[10:53:35]SAY: Nobody's Perfect/ : I knew it, I should&#39;ve been a plastic surgeon. (24,75,1)
[10:53:39]EMOTE: *no key*/(crab) : <b>The crab</b> clicks. (197,50,5)
[10:53:49]SAY: Medibot/ : What kind of medbay is this? Everyone&#39;s dropping like flies. (155,73,1)
[10:53:53]SAY: Poly/ : Boop (115,79,2)
[10:54:03]EMOTE: *no key*/(crab) : <b>The crab</b> clicks. (178,53,5)
[10:54:04]EMOTE: *no key*/(monkey (71)) : <b>The monkey (71)</b> jumps! (159,101,2)
[10:54:09]EMOTE: *no key*/(Runtime) : <b>Runtime</b> mews. (157,109,2)
[10:54:16]EMOTE: *no key*/(Runtime) : <b>Runtime</b> looks alert. (157,109,2)
[10:54:17]EMOTE: *no key*/(Poly) : <b>Poly</b> looks in the Power-ON cartridge's direction and takes flight. (115,79,2)
[10:54:35]EMOTE: *no key*/(mouse) : <b>The mouse</b> runs in a circle. (62,125,2)
[10:54:48]EMOTE: *no key*/(Ian) : <b>Ian</b> chases its tail! (108,116,2)
[10:54:54]EMOTE: *no key*/(Ian) : <b>Ian</b> chases its tail! (108,116,2)
[10:55:01]EMOTE: *no key*/(mouse) : <b>The mouse</b> runs in a circle. (63,127,2)
[10:55:05]SAY: Poly/ : Not sure if anyone can hear this. (115,79,2)
[10:55:15]EMOTE: *no key*/(crab) : <b>The crab</b> clicks. (149,134,14)
[10:55:23]SAY: Medibot/ : I knew it, I should&#39;ve been a plastic surgeon. (155,73,1)
[10:55:25]EMOTE: *no key*/(crab) : <b>The crab</b> clacks. (176,53,5)
[10:55:28]EMOTE: *no key*/(monkey (91)) : <b>The monkey (91)</b> waves her tail. (159,99,2)
[10:55:31]EMOTE: *no key*/(Poly) : <b>Poly</b> looks in the Power-ON cartridge's direction and takes flight. (115,79,2)
[10:55:37]EMOTE: *no key*/(Paperwork) : <b>Paperwork</b> snores. (80,115,2)
[10:55:39]EMOTE: *no key*/(mouse) : <b>The mouse</b> shakes. (76,82,2)
[10:55:40]EMOTE: *no key*/(Kong XXVI) : <b>Kong XXVI</b> waves its tail. (144,135,2)
[10:55:42]SAY: grey baby slime (339)/ : Rawr... (166,94,2)
[10:55:51]SAY: Nobody's Perfect/ : I knew it, I should&#39;ve been a plastic surgeon. (24,75,1)
[10:55:57]SAY: Poly/ : Fucking AI (115,79,2)
[10:55:59]EMOTE: *no key*/(mouse) : <b>The mouse</b> runs in a circle. (198,115,2)
[10:56:02]EMOTE: *no key*/(Runtime) : <b>Runtime</b> sits down. (157,109,2)
[10:56:09]EMOTE: *no key*/(crab) : <b>The crab</b> clacks. (188,59,5)
[10:56:10]SAY: grey baby slime (339)/ : Rawr... (165,93,2)
[10:56:13]SAY: mouse/ : Squeek! (85,95,2)
[10:56:16]EMOTE: *no key*/(Ian) : <b>Ian</b> dances around. (109,116,2)
[10:56:22]EMOTE: *no key*/(monkey (641)) : <b>The monkey (641)</b> waves his tail. (161,119,2)
[10:56:33]SAY: mouse/ : Squeek? (85,94,2)
[10:56:33]EMOTE: *no key*/(Poly) : <b>Poly</b> looks in the Power-ON cartridge's direction and takes flight. (115,79,2)
[10:56:41]EMOTE: *no key*/(crab) : <b>The crab</b> clicks. (123,133,14)
[10:56:45]SAY: Runtime/ : Purr! (157,109,2)
[10:56:45]SAY: Nobody's Perfect/ : Radar, put a mask on! (24,75,1)
[10:56:48]EMOTE: *no key*/(Runtime) : <b>Runtime</b> looks alert. (157,109,2)
[10:57:02]EMOTE: *no key*/(Ian) : <b>Ian</b> dances around. (110,116,2)
[10:57:07]EMOTE: *no key*/(crab) : <b>The crab</b> clacks. (157,133,14)
[10:57:08]EMOTE: *no key*/(monkey (91)) : <b>The monkey (91)</b> jumps! (161,101,2)
[10:57:10]EMOTE: *no key*/(monkey (560)) : <b>The monkey (560)</b> scratches. (161,120,2)
[10:57:11]SAY: Medibot/ : There&#39;s always a catch, and I&#39;m the best there is. (155,73,1)
[10:57:29]EMOTE: *no key*/(mouse) : <b>The mouse</b> shakes. (165,160,2)
[10:57:31]SAY: Ian/ : AUUUUUU (110,116,2)
[10:57:33]EMOTE: *no key*/(mouse) : <b>The mouse</b> squeeks. (94,95,2)
[10:57:35]EMOTE: *no key*/(Runtime) : <b>Runtime</b> meows. (157,109,2)
[10:57:39]SAY: Poly/ : SSSup (115,79,2)
[10:57:48]EMOTE: *no key*/(Runtime) : <b>Runtime</b> walks around. (157,109,2)
[10:57:51]EMOTE: *no key*/(Poly) : <b>Poly</b> looks in the Power-ON cartridge's direction and takes flight. (115,79,2)
[10:57:52]EMOTE: *no key*/(Runtime) : <b>Runtime</b> wags its tail. (157,109,2)
[10:58:07]EMOTE: *no key*/(crab) : <b>The crab</b> clicks. (157,134,14)
[10:58:11]EMOTE: *no key*/(Poly) : <b>Poly</b> flutters its wings. (116,79,2)
[10:58:13]EMOTE: *no key*/(mouse) : <b>The mouse</b> squeeks. (177,153,2)
[10:58:17]SAY: Medibot/ : Radar, put a mask on! (155,73,1)
[10:58:29]EMOTE: *no key*/(Ian) : <b>Ian</b> shivers. (110,116,2)
[10:58:36]EMOTE: *no key*/(monkey (110)) : <b>The monkey (110)</b> jumps! (159,101,2)
[10:58:51]EMOTE: *no key*/(crab) : <b>The crab</b> clicks. (163,133,14)
[10:58:52]EMOTE: *no key*/(grey baby slime (339)) : <b>The grey baby slime (339)</b> bounces in place. (165,93,2)
[10:58:54]EMOTE: *no key*/(monkey (293)) : <b>The monkey (293)</b> scratches. (158,99,2)
[10:58:59]EMOTE: *no key*/(crab) : <b>The crab</b> clacks. (191,59,5)
[10:58:59]EMOTE: *no key*/(Tom) : <b>Tom</b> squeeks. (106,187,2)
[10:59:13]EMOTE: *no key*/(crab) : <b>The crab</b> clicks. (192,59,5)
[10:59:14]EMOTE: *no key*/(grey baby slime (489)) : <b>The grey baby slime (489)</b> bounces in place. (176,93,2)
[10:59:20]EMOTE: *no key*/(monkey (178)) : <b>The monkey (178)</b> jumps! (161,99,2)
[10:59:37]EMOTE: *no key*/(Poly) : <b>Poly</b> looks in the Power-ON cartridge's direction and takes flight. (115,79,2)
[10:59:38]EMOTE: *no key*/(grey baby slime (339)) : <b>The grey baby slime (339)</b> bounces in place. (166,93,2)
[10:59:39]SAY: Poly/ : Hop? (115,79,2)
[10:59:41]EMOTE: *no key*/(crab) : <b>The crab</b> clicks. (111,135,14)
[10:59:45]EMOTE: *no key*/(Paperwork) : <b>Paperwork</b> yawns. (82,116,2)
[10:59:47]EMOTE: *no key*/(crab) : <b>The crab</b> clacks. (124,133,14)
[10:59:51]EMOTE: *no key*/(crab) : <b>The crab</b> clacks. (110,135,14)
[10:59:51]EMOTE: *no key*/(Paperwork) : <b>Paperwork</b> dozes off. (82,117,2)
[10:59:53]SAY: Medibot/ : Delicious! (63,146,11)
[10:59:53]SAY: Poly/ : You ok? (116,79,2)
[10:59:59]EMOTE: *no key*/(grey baby slime (339)) : <b>The grey baby slime (339)</b> bounces in place. (165,92,2)
[10:59:59]SAY: Medibot/ : I knew it, I should&#39;ve been a plastic surgeon. (155,73,1)
[10:59:59]EMOTE: *no key*/(crab) : <b>The crab</b> clicks. (125,133,14)
[11:00:13]EMOTE: *no key*/(monkey (692)) : <b>The monkey (692)</b> scratches. (160,118,2)
[11:00:16]SAY: mouse/ : Squeek! (180,152,2)
[11:00:16]EMOTE: *no key*/(Poly) : <b>Poly</b> bawks! (118,79,2)
[11:00:18]EMOTE: *no key*/(crab) : <b>The crab</b> clacks. (194,50,5)
[11:00:28]EMOTE: *no key*/(monkey (580)) : <b>The monkey (580)</b> scratches. (161,117,2)
[11:00:32]EMOTE: *no key*/(crab) : <b>The crab</b> clacks. (124,133,14)
[11:00:32]EMOTE: *no key*/(monkey (375)) : <b>The monkey (375)</b> waves her tail. (161,116,2)
[11:00:36]EMOTE: *no key*/(Runtime) : <b>Runtime</b> looks alert. (157,109,2)
[11:00:42]SAY: Medibot/ : I knew it, I should&#39;ve been a plastic surgeon. (155,73,1)
[11:00:43]EMOTE: *no key*/(Ian) : <b>Ian</b> dances around. (109,116,2)
[11:00:56]EMOTE: *no key*/(grey baby slime (339)) : <b>The grey baby slime (339)</b> vibrates! (166,92,2)
[11:01:08]SAY: Medibot/ : I knew it, I should&#39;ve been a plastic surgeon. (63,146,11)
[11:01:11]EMOTE: *no key*/(monkey (178)) : <b>The monkey (178)</b> rolls. (161,101,2)
[11:01:14]SAY: Poly/ : Wheres your id? (118,81,2)
[11:01:16]EMOTE: *no key*/(Paperwork) : <b>Paperwork</b> dozes off. (82,119,2)
[11:01:17]EMOTE: *no key*/(Kong XXVI) : <b>Kong XXVI</b> jumps! (141,132,2)
[11:01:22]EMOTE: *no key*/(crab) : <b>The crab</b> clicks. (179,53,5)
[11:01:25]EMOTE: *no key*/(Runtime) : <b>Runtime</b> stops resting. (157,109,2)
[11:01:25]EMOTE: *no key*/(monkey (692)) : <b>The monkey (692)</b> waves her tail. (160,118,2)
[11:01:26]EMOTE: *no key*/(mouse) : <b>The mouse</b> squeeks. (181,151,2)
[11:01:26]EMOTE: *no key*/(monkey (692)) : <b>The monkey (692)</b> rolls. (160,118,2)
[11:01:31]EMOTE: *no key*/(Runtime) : <b>Runtime</b> lies down. (157,109,2)
[11:01:35]EMOTE: *no key*/(monkey (91)) : <b>The monkey (91)</b> jumps! (157,101,2)
[11:01:38]EMOTE: *no key*/(mouse) : <b>The mouse</b> shakes. (61,125,2)
[11:01:38]EMOTE: *no key*/(Ian) : <b>Ian</b> chases its tail! (109,117,2)
[11:01:44]EMOTE: *no key*/(monkey (410)) : <b>The monkey (410)</b> scratches. (161,118,2)
[11:01:53]EMOTE: *no key*/(Kong XXVI) : <b>Kong XXVI</b> jumps! (141,132,2)
[11:01:54]SAY: mouse/ : Squeek? (198,109,2)
[11:01:54]EMOTE: *no key*/(crab) : <b>The crab</b> clacks. (190,59,5)
[11:01:55]EMOTE: *no key*/(monkey (293)) : <b>The monkey (293)</b> rolls. (157,101,2)
[11:01:58]EMOTE: *no key*/(crab) : <b>The crab</b> clacks. (180,53,5)
[11:02:00]EMOTE: *no key*/(mouse) : <b>The mouse</b> runs in a circle. (154,144,2)
[11:02:02]EMOTE: *no key*/(monkey (71)) : <b>The monkey (71)</b> waves his tail. (159,101,2)
[11:02:26]EMOTE: *no key*/(grey baby slime (489)) : <b>The grey baby slime (489)</b> vibrates! (175,92,2)
[11:02:26]EMOTE: *no key*/(monkey (178)) : <b>The monkey (178)</b> rolls. (159,99,2)
[11:02:28]EMOTE: *no key*/(mouse) : <b>The mouse</b> runs in a circle. (182,152,2)
[11:02:28]EMOTE: *no key*/(monkey (178)) : <b>The monkey (178)</b> waves his tail. (159,99,2)
[11:02:30]EMOTE: *no key*/(crab) : <b>The crab</b> clicks. (137,134,14)
[11:02:36]GAME: Random Event triggering: Camera Failure (/datum/round_event/camera_failure)
[11:02:39]EMOTE: *no key*/(monkey (91)) : <b>The monkey (91)</b> rolls. (160,101,2)
[11:02:42]EMOTE: *no key*/(crab) : <b>The crab</b> clicks. (176,53,5)
[11:02:44]EMOTE: *no key*/(crab) : <b>The crab</b> clicks. (160,134,14)
[11:02:52]SAY: Medibot/ : Delicious! (154,73,1)
[11:02:54]SAY: Medibot/ : I knew it, I should&#39;ve been a plastic surgeon. (154,73,1)
[11:02:55]EMOTE: *no key*/(Runtime) : <b>Runtime</b> wags its tail. (157,109,2)
[11:03:00]SAY: mouse/ : Squeek? (183,153,2)
[11:03:01]EMOTE: *no key*/(monkey (375)) : <b>The monkey (375)</b> waves her tail. (160,119,2)
[11:03:02]SAY: mouse/ : SQUEEK! (183,153,2)
[11:03:05]EMOTE: *no key*/(Ian) : <b>Ian</b> chases its tail! (108,117,2)
[11:03:06]EMOTE: *no key*/(mouse) : <b>The mouse</b> runs in a circle. (177,154,2)
[11:03:06]EMOTE: *no key*/(Poly) : <b>Poly</b> flutters its wings. (115,79,2)
[11:03:11]EMOTE: *no key*/(Runtime) : <b>Runtime</b> stretches out for a belly rub. (157,109,2)
[11:03:14]SAY: Medibot/ : Radar, put a mask on! (154,73,1)
[11:03:32]EMOTE: *no key*/(Poly) : <b>Poly</b> looks in the Power-ON cartridge's direction and takes flight. (115,79,2)
[11:03:42]SAY: Medibot/ : Radar, put a mask on! (63,146,11)
[11:03:46]EMOTE: *no key*/(crab) : <b>The crab</b> clacks. (117,135,14)
[11:03:48]EMOTE: *no key*/(Runtime) : <b>Runtime</b> shivers. (157,109,2)
[11:03:54]SAY: Poly/ : Oh god what do we do (115,79,2)
[11:04:02]EMOTE: *no key*/(crab) : <b>The crab</b> clicks. (138,134,14)
[11:04:04]EMOTE: *no key*/(Paperwork) : <b>Paperwork</b> yawns. (80,118,2)
[11:04:11]EMOTE: *no key*/(monkey (580)) : <b>The monkey (580)</b> jumps! (160,118,2)
[11:04:14]SAY: Nobody's Perfect/ : Delicious! (24,75,1)
[11:04:21]EMOTE: *no key*/(monkey (110)) : <b>The monkey (110)</b> waves his tail. (160,100,2)
[11:04:21]EMOTE: *no key*/(monkey (560)) : <b>The monkey (560)</b> jumps! (160,119,2)
[11:04:23]EMOTE: *no key*/(grey baby slime (489)) : <b>The grey baby slime (489)</b> jiggles! (175,93,2)
[11:04:24]EMOTE: *no key*/(crab) : <b>The crab</b> clicks. (191,59,5)
[11:04:32]EMOTE: *no key*/(Poly) : <b>Poly</b> looks in the Power-ON cartridge's direction and takes flight. (115,79,2)
[11:04:36]SAY: Nobody's Perfect/ : There&#39;s always a catch, and I&#39;m the best there is. (24,75,1)
[11:04:46]EMOTE: *no key*/(mouse) : <b>The mouse</b> squeeks. (154,143,2)
[11:04:46]SAY: Medibot/ : I knew it, I should&#39;ve been a plastic surgeon. (155,73,1)
[11:04:47]EMOTE: *no key*/(monkey (71)) : <b>The monkey (71)</b> scratches. (159,101,2)
[11:04:50]SAY: mouse/ : Squeek? (160,159,2)
[11:04:54]EMOTE: *no key*/(Poly) : <b>Poly</b> bawks! (118,80,2)
[11:04:56]EMOTE: *no key*/(crab) : <b>The crab</b> clicks. (118,135,14)
[11:04:57]EMOTE: *no key*/(Runtime) : <b>Runtime</b> walks around. (157,109,2)
[11:05:14]EMOTE: *no key*/(crab) : <b>The crab</b> clicks. (120,135,14)
[11:05:24]EMOTE: *no key*/(Runtime) : <b>Runtime</b> shivers. (157,110,2)
[11:05:26]EMOTE: *no key*/(crab) : <b>The crab</b> clacks. (177,53,5)
[11:05:26]EMOTE: *no key*/(Poly) : <b>Poly</b> flutters its wings. (118,79,2)
[11:05:30]SAY: Nobody's Perfect/ : Radar, put a mask on! (24,75,1)
[11:05:31]EMOTE: *no key*/(monkey (110)) : <b>The monkey (110)</b> jumps! (161,99,2)
[11:05:37]EMOTE: *no key*/(Runtime) : <b>Runtime</b> sits down. (158,110,2)
[11:05:54]SAY: mouse/ : SQUEEK! (176,154,2)
[11:06:05]EMOTE: *no key*/(monkey (692)) : <b>The monkey (692)</b> rolls. (161,119,2)
[11:06:06]SAY: Medibot/ : Radar, put a mask on! (155,73,1)
[11:06:06]EMOTE: *no key*/(crab) : <b>The crab</b> clacks. (180,53,5)
[11:06:08]GAME: Random Event triggering: Minor Space Dust (/datum/round_event/space_dust)
[11:06:10]EMOTE: *no key*/(mouse) : <b>The mouse</b> squeeks. (198,114,2)
[11:06:10]EMOTE: *no key*/(crab) : <b>The crab</b> clacks. (191,50,5)
[11:06:16]EMOTE: *no key*/(mouse) : <b>The mouse</b> runs in a circle. (162,159,2)
[11:06:40]EMOTE: *no key*/(crab) : <b>The crab</b> clicks. (117,135,14)
[11:06:50]EMOTE: *no key*/(Poly) : <b>Poly</b> looks in the Power-ON cartridge's direction and takes flight. (115,79,2)
[11:06:54]EMOTE: *no key*/(Runtime) : <b>Runtime</b> shakes its head. (158,110,2)
[11:06:55]EMOTE: *no key*/(Ian) : <b>Ian</b> dances around. (108,116,2)
[11:06:55]EMOTE: *no key*/(monkey (580)) : <b>The monkey (580)</b> rolls. (161,118,2)
[11:07:00]SAY: Runtime/ : Purr! (158,110,2)
[11:07:09]EMOTE: *no key*/(Runtime) : <b>Runtime</b> stretches out for a belly rub. (158,110,2)
[11:07:13]EMOTE: *no key*/(monkey (293)) : <b>The monkey (293)</b> rolls. (157,99,2)
[11:07:14]SAY: mouse/ : Squeek! (198,116,2)
[11:07:26]SAY: Medibot/ : Radar, put a mask on! (155,73,1)
[11:07:30]EMOTE: *no key*/(crab) : <b>The crab</b> clicks. (189,50,5)
[11:07:40]EMOTE: *no key*/(Runtime) : <b>Runtime</b> meows. (158,110,2)
[11:07:40]SAY: Nobody's Perfect/ : There&#39;s always a catch, and I&#39;m the best there is. (24,75,1)
[11:07:41]EMOTE: *no key*/(monkey (178)) : <b>The monkey (178)</b> rolls. (160,99,2)
[11:07:50]EMOTE: *no key*/(Poly) : <b>Poly</b> looks in the Power-ON cartridge's direction and takes flight. (115,79,2)
[11:08:15]EMOTE: *no key*/(monkey (692)) : <b>The monkey (692)</b> rolls. (160,118,2)
[11:08:17]EMOTE: *no key*/(Kong XXVI) : <b>Kong XXVI</b> waves its tail. (143,132,2)
[11:08:18]EMOTE: *no key*/(crab) : <b>The crab</b> clicks. (148,133,14)
[11:08:21]EMOTE: *no key*/(Runtime) : <b>Runtime</b> wags its tail. (158,110,2)
[11:08:23]EMOTE: *no key*/(monkey (375)) : <b>The monkey (375)</b> waves her tail. (160,117,2)
[11:08:24]SAY: Tom/ : Squeek! (101,190,2)
[11:08:31]EMOTE: *no key*/(monkey (375)) : <b>The monkey (375)</b> scratches. (160,118,2)
[11:08:38]EMOTE: *no key*/(crab) : <b>The crab</b> clacks. (127,133,14)
[11:08:40]SAY: Medibot/ : What kind of medbay is this? Everyone&#39;s dropping like flies. (155,73,1)
[11:08:46]SAY: Medibot/ : There&#39;s always a catch, and I&#39;m the best there is. (155,73,1)
[11:08:47]EMOTE: *no key*/(grey baby slime (339)) : <b>The grey baby slime (339)</b> lights up for a bit, then stops. (165,93,2)
[11:08:49]EMOTE: *no key*/(monkey (110)) : <b>The monkey (110)</b> rolls. (159,99,2)
[11:09:00]SAY: mouse/ : SQUEEK! (159,158,2)
[11:09:00]EMOTE: *no key*/(crab) : <b>The crab</b> clicks. (121,135,14)
[11:09:01]EMOTE: *no key*/(Runtime) : <b>Runtime</b> sits down. (158,110,2)
[11:09:03]SAY: grey baby slime (339)/ : Blorble... (166,94,2)
[11:09:04]SAY: mouse/ : Squeek? (159,158,2)
[11:09:06]EMOTE: *no key*/(crab) : <b>The crab</b> clacks. (192,50,5)
[11:09:07]EMOTE: *no key*/(monkey (91)) : <b>The monkey (91)</b> jumps! (160,101,2)
[11:09:13]EMOTE: *no key*/(monkey (560)) : <b>The monkey (560)</b> scratches. (161,117,2)
[11:09:16]EMOTE: *no key*/(Poly) : <b>Poly</b> looks in the Power-ON cartridge's direction and takes flight. (115,79,2)
[11:09:18]SAY: Runtime/ : Purr! (158,110,2)
[11:09:22]SAY: Nobody's Perfect/ : What kind of medbay is this? Everyone&#39;s dropping like flies. (24,75,1)
[11:09:24]EMOTE: *no key*/(crab) : <b>The crab</b> clicks. (154,134,14)
[11:09:36]EMOTE: *no key*/(crab) : <b>The crab</b> clicks. (193,50,5)
[11:10:03]EMOTE: *no key*/(monkey (71)) : <b>The monkey (71)</b> waves his tail. (161,100,2)
[11:10:06]SAY: mouse/ : Squeek! (186,155,2)
[11:10:10]SAY: Medibot/ : I knew it, I should&#39;ve been a plastic surgeon. (63,146,11)
[11:10:22]EMOTE: *no key*/(Poly) : <b>Poly</b> flutters its wings. (115,79,2)
[11:10:24]SAY: mouse/ : SQUEEK! (86,95,2)
[11:10:27]EMOTE: *no key*/(monkey (560)) : <b>The monkey (560)</b> rolls. (161,120,2)
[11:10:30]EMOTE: *no key*/(crab) : <b>The crab</b> clicks. (145,133,14)
[11:10:42]EMOTE: *no key*/(Poly) : <b>Poly</b> bawks! (115,79,2)
[11:10:47]EMOTE: *no key*/(Runtime) : <b>Runtime</b> wags its tail. (158,110,2)
[11:10:52]EMOTE: *no key*/(Poly) : <b>Poly</b> looks in the Power-ON cartridge's direction and takes flight. (115,79,2)
[11:11:01]EMOTE: *no key*/(monkey (410)) : <b>The monkey (410)</b> rolls. (160,118,2)
[11:11:09]EMOTE: *no key*/(Ian) : <b>Ian</b> chases its tail! (110,116,2)
[11:11:10]EMOTE: *no key*/(crab) : <b>The crab</b> clacks. (188,59,5)
[11:11:10]SAY: Poly/ : Breaking news from Station Announcements! (116,79,2)
[11:11:26]SAY: Poly/ : Yeah, it&#39;s my vlog channel (116,82,2)
[11:11:28]SAY: Medibot/ : I knew it, I should&#39;ve been a plastic surgeon. (154,73,1)
[11:11:29]EMOTE: *no key*/(grey baby slime (489)) : <b>The grey baby slime (489)</b> bounces in place. (175,93,2)
[11:11:34]SAY: Ian/ : AUUUUUU (110,116,2)
[11:11:48]EMOTE: *no key*/(crab) : <b>The crab</b> clacks. (135,134,14)
[11:12:06]SAY: Medibot/ : I knew it, I should&#39;ve been a plastic surgeon. (63,146,11)
[11:12:18]EMOTE: *no key*/(crab) : <b>The crab</b> clacks. (132,134,14)
[11:12:20]EMOTE: *no key*/(Poly) : <b>Poly</b> looks in the Power-ON cartridge's direction and takes flight. (115,79,2)
[11:12:22]EMOTE: *no key*/(crab) : <b>The crab</b> clacks. (199,50,5)
[11:12:23]EMOTE: *no key*/(monkey (375)) : <b>The monkey (375)</b> rolls. (161,116,2)
[11:12:27]EMOTE: *no key*/(grey baby slime (489)) : <b>The grey baby slime (489)</b> lights up for a bit, then stops. (175,94,2)
[11:12:27]EMOTE: *no key*/(grey baby slime (339)) : <b>The grey baby slime (339)</b> jiggles! (167,94,2)
[11:12:36]SAY: mouse/ : SQUEEK! (154,143,2)
[11:12:44]SAY: Nobody's Perfect/ : There&#39;s always a catch, and I&#39;m the best there is. (24,75,1)
[11:12:48]SAY: Medibot/ : Radar, put a mask on! (155,73,1)
[11:12:50]EMOTE: *no key*/(Runtime) : <b>Runtime</b> shivers. (158,110,2)
[11:12:54]SAY: mouse/ : Squeek! (89,95,2)
[11:12:54]EMOTE: *no key*/(crab) : <b>The crab</b> clacks. (155,134,14)
[11:12:58]SAY: mouse/ : Squeek! (89,95,2)
[11:13:03]EMOTE: *no key*/(Runtime) : <b>Runtime</b> crouches on its hind legs. (158,110,2)
[11:13:04]SAY: Tom/ : SQUEEK! (102,190,2)
[11:13:08]SAY: Medibot/ : I knew it, I should&#39;ve been a plastic surgeon. (155,73,1)
[11:13:08]SAY: Medibot/ : I knew it, I should&#39;ve been a plastic surgeon. (63,146,11)
[11:13:08]EMOTE: *no key*/(crab) : <b>The crab</b> clicks. (151,133,14)
[11:13:11]EMOTE: *no key*/(Kong XXVI) : <b>Kong XXVI</b> scratches. (142,134,2)
[11:13:12]EMOTE: *no key*/(crab) : <b>The crab</b> clacks. (122,135,14)
[11:13:20]EMOTE: *no key*/(Paperwork) : <b>Paperwork</b> dozes off. (83,121,2)
[11:13:26]SAY: mouse/ : Squeek! (186,153,2)
[11:13:26]EMOTE: *no key*/(Poly) : <b>Poly</b> looks in the Power-ON cartridge's direction and takes flight. (115,79,2)
[11:13:26]EMOTE: *no key*/(Paperwork) : <b>Paperwork</b> dozes off. (83,121,2)
[11:13:50]EMOTE: *no key*/(Tom) : <b>Tom</b> shakes. (104,189,2)
[11:13:56]SAY: mouse/ : SQUEEK! (179,154,2)
[11:13:56]SAY: Medibot/ : Delicious! (154,73,1)
[11:14:01]EMOTE: *no key*/(Runtime) : <b>Runtime</b> sits down. (158,110,2)
[11:14:04]SAY: Poly/ : Sory (115,79,2)
[11:14:10]EMOTE: *no key*/(Paperwork) : <b>Paperwork</b> looks around sleepily. (81,120,2)
[11:14:19]EMOTE: *no key*/(monkey (560)) : <b>The monkey (560)</b> waves her tail. (161,119,2)
[11:14:20]EMOTE: *no key*/(crab) : <b>The crab</b> clicks. (179,53,5)
[11:14:23]EMOTE: *no key*/(grey baby slime (489)) : <b>The grey baby slime (489)</b> jiggles! (176,92,2)
[11:14:24]SAY: Medibot/ : What kind of medbay is this? Everyone&#39;s dropping like flies. (63,146,11)
[11:14:24]EMOTE: *no key*/(crab) : <b>The crab</b> clicks. (125,135,14)
[11:14:25]EMOTE: *no key*/(monkey (580)) : <b>The monkey (580)</b> waves her tail. (161,120,2)
[11:14:26]SAY: Nobody's Perfect/ : Radar, put a mask on! (24,75,1)
[11:14:30]EMOTE: *no key*/(crab) : <b>The crab</b> clacks. (196,50,5)
[11:14:33]EMOTE: *no key*/(monkey (293)) : <b>The monkey (293)</b> scratches. (161,101,2)
[11:14:34]EMOTE: *no key*/(mouse) : <b>The mouse</b> squeeks. (186,153,2)
[11:14:40]SAY: mouse/ : Squeek! (87,95,2)
[11:14:40]SAY: Runtime/ : Meow! (158,110,2)
[11:14:44]EMOTE: *no key*/(Poly) : <b>Poly</b> looks in the Power-ON cartridge's direction and takes flight. (115,79,2)
[11:14:46]SAY: Poly/ : Sory (115,79,2)
[11:14:49]EMOTE: *no key*/(Kong XXVI) : <b>Kong XXVI</b> waves its tail. (143,134,2)
[11:15:01]EMOTE: *no key*/(monkey (71)) : <b>The monkey (71)</b> scratches. (160,101,2)
[11:15:02]EMOTE: *no key*/(crab) : <b>The crab</b> clicks. (158,134,14)
[11:15:04]EMOTE: *no key*/(crab) : <b>The crab</b> clicks. (195,50,5)
[11:15:12]SAY: Medibot/ : What kind of medbay is this? Everyone&#39;s dropping like flies. (154,73,1)
[11:15:12]GAME: Random Event triggering: Minor Space Dust (/datum/round_event/space_dust)
[11:15:13]EMOTE: *no key*/(monkey (580)) : <b>The monkey (580)</b> scratches. (161,120,2)
[11:15:26]EMOTE: *no key*/(mouse) : <b>The mouse</b> runs in a circle. (87,95,2)
[11:15:48]SAY: Pete/ : EHEHEHEHEH (150,141,2)
[11:15:56]SAY: Poly/ : SSSomeone broke into my office (115,79,2)
[11:15:58]SAY: Medibot/ : Radar, put a mask on! (155,73,1)
[11:16:01]EMOTE: *no key*/(Runtime) : <b>Runtime</b> lies down. (158,110,2)
[11:16:04]EMOTE: *no key*/(Poly) : <b>Poly</b> looks in the Power-ON cartridge's direction and takes flight. (115,79,2)
[11:16:07]EMOTE: *no key*/(monkey (410)) : <b>The monkey (410)</b> scratches. (160,119,2)
[11:16:14]EMOTE: *no key*/(mouse) : <b>The mouse</b> squeeks. (176,153,2)
[11:16:24]EMOTE: *no key*/(mouse) : <b>The mouse</b> squeeks. (164,157,2)
[11:16:27]EMOTE: *no key*/(Runtime) : <b>Runtime</b> stretches out for a belly rub. (158,110,2)
[11:16:31]EMOTE: *no key*/(Runtime) : <b>Runtime</b> stretches out for a belly rub. (158,110,2)
[11:16:40]EMOTE: *no key*/(crab) : <b>The crab</b> clacks. (184,59,5)
[11:16:45]EMOTE: *no key*/(Runtime) : <b>Runtime</b> looks alert. (158,110,2)
[11:16:52]EMOTE: *no key*/(crab) : <b>The crab</b> clicks. (177,53,5)
[11:17:12]EMOTE: *no key*/(Poly) : <b>Poly</b> looks in the Power-ON cartridge's direction and takes flight. (115,79,2)
[11:17:19]EMOTE: *no key*/(monkey (692)) : <b>The monkey (692)</b> rolls. (161,116,2)
[11:17:20]EMOTE: *no key*/(crab) : <b>The crab</b> clicks. (150,133,14)
[11:17:26]EMOTE: *no key*/(Runtime) : <b>Runtime</b> meows. (158,110,2)
[11:17:29]EMOTE: *no key*/(monkey (580)) : <b>The monkey (580)</b> jumps! (161,119,2)
[11:17:34]SAY: Nobody's Perfect/ : Delicious! (24,75,1)
[11:17:38]SAY: Tom/ : Squeek? (107,189,2)
[11:17:45]EMOTE: *no key*/(grey baby slime (489)) : <b>The grey baby slime (489)</b> jiggles! (176,94,2)
[11:17:45]EMOTE: *no key*/(monkey (641)) : <b>The monkey (641)</b> waves his tail. (160,117,2)
[11:17:46]EMOTE: *no key*/(crab) : <b>The crab</b> clacks. (185,59,5)
[11:17:50]SAY: Medibot/ : What kind of medbay is this? Everyone&#39;s dropping like flies. (154,73,1)
[11:17:54]SAY: Poly/ : Bgone thot (115,79,2)
[11:17:58]EMOTE: *no key*/(crab) : <b>The crab</b> clicks. (185,59,5)
[11:18:07]EMOTE: *no key*/(monkey (580)) : <b>The monkey (580)</b> scratches. (160,118,2)
[11:18:10]SAY: Poly/ : WHY?! (115,79,2)
[11:18:14]EMOTE: *no key*/(Poly) : <b>Poly</b> looks in the Power-ON cartridge's direction and takes flight. (115,79,2)
[11:18:25]EMOTE: *no key*/(grey baby slime (339)) : <b>The grey baby slime (339)</b> bounces in place. (165,93,2)
[11:18:33]EMOTE: *no key*/(monkey (692)) : <b>The monkey (692)</b> scratches. (161,118,2)
[11:18:40]SAY: Ian/ : AUUUUUU (109,116,2)
[11:18:46]EMOTE: *no key*/(crab) : <b>The crab</b> clicks. (131,133,14)
[11:18:58]EMOTE: *no key*/(crab) : <b>The crab</b> clicks. (131,133,14)
[11:19:01]EMOTE: *no key*/(monkey (71)) : <b>The monkey (71)</b> waves his tail. (159,101,2)
[11:19:04]SAY: Ian/ : Bark! (109,117,2)
[11:19:10]EMOTE: *no key*/(crab) : <b>The crab</b> clicks. (178,53,5)
[11:19:18]SAY: Medibot/ : I knew it, I should&#39;ve been a plastic surgeon. (155,73,1)
[11:19:30]EMOTE: *no key*/(Poly) : <b>Poly</b> looks in the Power-ON cartridge's direction and takes flight. (115,79,2)
[11:19:32]SAY: Nobody's Perfect/ : I knew it, I should&#39;ve been a plastic surgeon. (24,75,1)
[11:19:33]EMOTE: *no key*/(monkey (560)) : <b>The monkey (560)</b> jumps! (161,120,2)
[11:19:37]EMOTE: *no key*/(monkey (293)) : <b>The monkey (293)</b> scratches. (158,101,2)
[11:19:40]GAME: Random Event triggering: Minor Space Dust (/datum/round_event/space_dust)
[11:19:45]EMOTE: *no key*/(monkey (71)) : <b>The monkey (71)</b> jumps! (160,101,2)
[11:19:46]SAY: Medibot/ : What kind of medbay is this? Everyone&#39;s dropping like flies. (63,146,11)
[11:19:51]EMOTE: *no key*/(monkey (560)) : <b>The monkey (560)</b> waves her tail. (160,120,2)
[11:20:02]SAY: Poly/ : WHY?! (117,83,2)
[11:20:05]EMOTE: *no key*/(grey baby slime (489)) : <b>The grey baby slime (489)</b> bounces in place. (176,92,2)
[11:20:06]SAY: Ian/ : Woof! (108,117,2)
[11:20:08]EMOTE: *no key*/(Paperwork) : <b>Paperwork</b> dozes off. (81,120,2)
[11:20:12]EMOTE: *no key*/(crab) : <b>The crab</b> clacks. (194,50,5)
[11:20:19]EMOTE: *no key*/(grey baby slime (339)) : <b>The grey baby slime (339)</b> bounces in place. (165,93,2)
[11:20:20]SAY: Ian/ : YAP (108,118,2)
[11:20:21]EMOTE: *no key*/(monkey (178)) : <b>The monkey (178)</b> rolls. (157,100,2)
[11:20:21]EMOTE: *no key*/(Kong XXVI) : <b>Kong XXVI</b> rolls. (143,133,2)
[11:20:26]EMOTE: *no key*/(mouse) : <b>The mouse</b> runs in a circle. (153,148,2)
[11:20:26]SAY: Nobody's Perfect/ : What kind of medbay is this? Everyone&#39;s dropping like flies. (24,75,1)
[11:20:29]EMOTE: *no key*/(grey baby slime (489)) : <b>The grey baby slime (489)</b> vibrates! (176,93,2)
[11:20:31]SAY: grey baby slime (339)/ : Rawr... (165,93,2)
[11:20:44]SAY: Runtime/ : Purr! (158,110,2)
[11:20:46]SAY: Poly/ : Ugh (118,79,2)
[11:21:02]EMOTE: *no key*/(Tom) : <b>Tom</b> runs in a circle. (107,189,2)
[11:21:04]EMOTE: *no key*/(Runtime) : <b>Runtime</b> shivers. (158,110,2)
[11:21:07]EMOTE: *no key*/(monkey (178)) : <b>The monkey (178)</b> rolls. (157,100,2)
[11:21:07]EMOTE: *no key*/(monkey (91)) : <b>The monkey (91)</b> waves her tail. (159,101,2)
[11:21:08]EMOTE: *no key*/(mouse) : <b>The mouse</b> shakes. (177,148,2)
[11:21:09]EMOTE: *no key*/(grey baby slime (339)) : <b>The grey baby slime (339)</b> lights up for a bit, then stops. (166,94,2)
[11:21:11]EMOTE: *no key*/(Runtime) : <b>Runtime</b> walks around. (158,110,2)
[11:21:14]SAY: mouse/ : Squeek! (151,150,2)
[11:21:17]EMOTE: *no key*/(Kong XXVI) : <b>Kong XXVI</b> jumps! (141,133,2)
[11:21:25]EMOTE: *no key*/(grey baby slime (339)) : <b>The grey baby slime (339)</b> jiggles! (167,92,2)
[11:21:26]EMOTE: *no key*/(crab) : <b>The crab</b> clacks. (135,134,14)
[11:21:32]SAY: Nobody's Perfect/ : Delicious! (24,75,1)
[11:21:37]EMOTE: *no key*/(monkey (375)) : <b>The monkey (375)</b> jumps! (160,117,2)
[11:21:42]EMOTE: *no key*/(crab) : <b>The crab</b> clacks. (186,59,5)
[11:21:58]EMOTE: *no key*/(crab) : <b>The crab</b> clicks. (152,134,14)
[11:21:59]EMOTE: *no key*/(grey baby slime (339)) : <b>The grey baby slime (339)</b> jiggles! (167,94,2)
[11:22:01]EMOTE: *no key*/(grey baby slime (489)) : <b>The grey baby slime (489)</b> lights up for a bit, then stops. (177,94,2)
[11:22:04]SAY: Ian/ : AUUUUUU (108,117,2)
[11:22:06]EMOTE: *no key*/(mouse) : <b>The mouse</b> runs in a circle. (151,151,2)
[11:22:10]EMOTE: *no key*/(crab) : <b>The crab</b> clicks. (177,53,5)
[11:22:26]EMOTE: *no key*/(crab) : <b>The crab</b> clacks. (189,50,5)
[11:22:27]EMOTE: *no key*/(monkey (71)) : <b>The monkey (71)</b> waves his tail. (157,101,2)
[11:22:28]EMOTE: *no key*/(mouse) : <b>The mouse</b> runs in a circle. (165,156,2)
[11:22:28]SAY: Medibot/ : I knew it, I should&#39;ve been a plastic surgeon. (154,73,1)
[11:22:30]SAY: Medibot/ : Delicious! (63,146,11)
[11:22:30]EMOTE: *no key*/(Poly) : <b>Poly</b> flutters its wings. (118,79,2)
[11:22:32]EMOTE: *no key*/(crab) : <b>The crab</b> clacks. (187,59,5)
[11:22:34]EMOTE: *no key*/(crab) : <b>The crab</b> clacks. (147,133,14)
[11:22:35]EMOTE: *no key*/(monkey (375)) : <b>The monkey (375)</b> scratches. (161,119,2)
[11:22:40]EMOTE: *no key*/(Poly) : <b>Poly</b> flutters its wings. (119,79,2)
[11:22:42]EMOTE: *no key*/(Runtime) : <b>Runtime</b> shakes its head. (157,110,2)
[11:22:48]SAY: Poly/ : Fock i need some top tier equipment (118,80,2)
[11:22:56]EMOTE: *no key*/(crab) : <b>The crab</b> clacks. (188,50,5)
[11:22:58]EMOTE: *no key*/(mouse) : <b>The mouse</b> shakes. (165,157,2)
[11:23:11]SAY: grey baby slime (339)/ : Hungry... (166,94,2)
[11:23:13]EMOTE: *no key*/(Runtime) : <b>Runtime</b> crouches on its hind legs. (157,110,2)
[11:23:15]EMOTE: *no key*/(Runtime) : <b>Runtime</b> gets up and meows. (157,110,2)
[11:23:16]EMOTE: *no key*/(crab) : <b>The crab</b> clicks. (185,59,5)
[11:23:21]EMOTE: *no key*/(monkey (91)) : <b>The monkey (91)</b> waves her tail. (160,100,2)
[11:23:24]EMOTE: *no key*/(Paperwork) : <b>Paperwork</b> looks around sleepily. (83,120,2)
[11:23:52]EMOTE: *no key*/(Tom) : <b>Tom</b> shakes. (106,185,2)
[11:23:53]EMOTE: *no key*/(monkey (580)) : <b>The monkey (580)</b> waves her tail. (160,119,2)
[11:23:53]EMOTE: *no key*/(monkey (560)) : <b>The monkey (560)</b> rolls. (160,120,2)
[11:23:58]SAY: Medibot/ : What kind of medbay is this? Everyone&#39;s dropping like flies. (63,146,11)
[11:24:08]EMOTE: *no key*/(crab) : <b>The crab</b> clacks. (149,133,14)
[11:24:11]SAY: grey baby slime (339)/ : I want to eat... (167,93,2)
[11:24:18]EMOTE: *no key*/(Poly) : <b>Poly</b> looks in the Power-ON cartridge's direction and takes flight. (115,79,2)
[11:24:20]SAY: Medibot/ : There&#39;s always a catch, and I&#39;m the best there is. (63,146,11)
[11:24:30]SAY: mouse/ : Squeek? (151,150,2)
[11:24:32]EMOTE: *no key*/(Paperwork) : <b>Paperwork</b> looks around sleepily. (82,121,2)
[11:24:33]EMOTE: *no key*/(Kong XXVI) : <b>Kong XXVI</b> waves its tail. (142,133,2)
[11:24:39]EMOTE: *no key*/(monkey (110)) : <b>The monkey (110)</b> waves his tail. (161,100,2)
[11:24:40]SAY: Medibot/ : There&#39;s always a catch, and I&#39;m the best there is. (63,146,11)
[11:24:47]EMOTE: *no key*/(Ian) : <b>Ian</b> chases its tail! (109,118,2)
[11:25:08]EMOTE: *no key*/(crab) : <b>The crab</b> clicks. (151,133,14)
[11:25:10]EMOTE: *no key*/(crab) : <b>The crab</b> clacks. (148,134,14)
[11:25:12]SAY: Medibot/ : There&#39;s always a catch, and I&#39;m the best there is. (154,73,1)
[11:25:16]EMOTE: *no key*/(Tom) : <b>Tom</b> squeeks. (103,184,2)
[11:25:22]EMOTE: *no key*/(crab) : <b>The crab</b> clicks. (152,133,14)
[11:25:27]SAY: grey baby slime (489)/ : I want to eat... (175,92,2)
[11:25:28]EMOTE: *no key*/(Poly) : <b>Poly</b> looks in the Power-ON cartridge's direction and takes flight. (115,79,2)
[11:25:44]EMOTE: *no key*/(crab) : <b>The crab</b> clacks. (185,50,5)
[11:25:53]EMOTE: *no key*/(Kong XXVI) : <b>Kong XXVI</b> scratches. (143,133,2)
[11:25:54]EMOTE: *no key*/(crab) : <b>The crab</b> clacks. (119,135,14)
[11:25:56]EMOTE: *no key*/(Runtime) : <b>Runtime</b> mews. (157,107,2)
[11:26:02]EMOTE: *no key*/(mouse) : <b>The mouse</b> squeeks. (163,158,2)
[11:26:07]EMOTE: *no key*/(Runtime) : <b>Runtime</b> stretches out for a belly rub. (157,106,2)
[11:26:09]EMOTE: *no key*/(Runtime) : <b>Runtime</b> looks alert. (157,106,2)
[11:26:22]EMOTE: *no key*/(crab) : <b>The crab</b> clicks. (188,59,5)
[11:26:27]EMOTE: *no key*/(monkey (560)) : <b>The monkey (560)</b> rolls. (161,116,2)
[11:26:29]EMOTE: *no key*/(grey baby slime (339)) : <b>The grey baby slime (339)</b> bounces in place. (165,92,2)
[11:26:36]SAY: Ezekiel Mueller/swatblack : NIce (92,148,2)
[11:26:37]EMOTE: *no key*/(monkey (293)) : <b>The monkey (293)</b> jumps! (159,99,2)
[11:26:40]SAY: Medibot/ : There&#39;s always a catch, and I&#39;m the best there is. (63,146,11)
[11:26:41]EMOTE: *no key*/(monkey (375)) : <b>The monkey (375)</b> jumps! (160,118,2)
[11:26:42]EMOTE: *no key*/(Poly) : <b>Poly</b> looks in the Power-ON cartridge's direction and takes flight. (115,79,2)
[11:26:44]SAY: mouse/ : SQUEEK! (180,149,2)
[11:26:50]SAY: Medibot/ : There&#39;s always a catch, and I&#39;m the best there is. (63,146,11)
[11:26:52]ACCESS: Mob Login: swatblack/(Ezekiel Mueller) was assigned to a /mob/dead/observer
[11:27:00]EMOTE: *no key*/(mouse) : <b>The mouse</b> runs in a circle. (180,149,2)
[11:27:06]EMOTE: *no key*/(crab) : <b>The crab</b> clacks. (154,133,14)
[11:27:18]GAME: Random Event triggering: Minor Space Dust (/datum/round_event/space_dust)
[11:27:54]EMOTE: *no key*/(Poly) : <b>Poly</b> looks in the Power-ON cartridge's direction and takes flight. (115,79,2)
[11:28:00]EMOTE: *no key*/(crab) : <b>The crab</b> clicks. (179,50,5)
[11:28:05]EMOTE: *no key*/(Kong XXVI) : <b>Kong XXVI</b> scratches. (143,132,2)
[11:28:10]SAY: Nobody's Perfect/ : Delicious! (24,75,1)
[11:28:17]EMOTE: *no key*/(monkey (178)) : <b>The monkey (178)</b> waves his tail. (161,100,2)
[11:28:21]EMOTE: *no key*/(Ian) : <b>Ian</b> dances around. (109,118,2)
[11:28:22]EMOTE: *no key*/(Tom) : <b>Tom</b> shakes. (105,184,2)
[11:28:23]EMOTE: *no key*/(monkey (71)) : <b>The monkey (71)</b> scratches. (158,99,2)
[11:28:24]EMOTE: *no key*/(crab) : <b>The crab</b> clicks. (178,53,5)
[11:28:25]EMOTE: *no key*/(monkey (110)) : <b>The monkey (110)</b> scratches. (159,101,2)
[11:28:39]EMOTE: *no key*/(grey baby slime (339)) : <b>The grey baby slime (339)</b> bounces in place. (166,93,2)
[11:28:41]EMOTE: *no key*/(Runtime) : <b>Runtime</b> gets up and meows. (157,106,2)
[11:28:41]EMOTE: *no key*/(Kong XXVI) : <b>Kong XXVI</b> rolls. (143,134,2)
[11:28:45]EMOTE: *no key*/(Runtime) : <b>Runtime</b> stretches out for a belly rub. (157,106,2)
[11:28:51]EMOTE: *no key*/(Kong XXVI) : <b>Kong XXVI</b> rolls. (143,133,2)
[11:29:07]EMOTE: *no key*/(monkey (293)) : <b>The monkey (293)</b> waves her tail. (160,101,2)
[11:29:19]EMOTE: *no key*/(monkey (293)) : <b>The monkey (293)</b> scratches. (160,99,2)
[11:29:23]EMOTE: *no key*/(Runtime) : <b>Runtime</b> walks around. (157,106,2)
[11:29:24]EMOTE: *no key*/(Poly) : <b>Poly</b> looks in the Power-ON cartridge's direction and takes flight. (115,79,2)
[11:29:27]EMOTE: *no key*/(monkey (560)) : <b>The monkey (560)</b> rolls. (161,120,2)
[11:29:32]SAY: Runtime/ : Meow! (157,107,2)
[11:29:34]SAY: Medibot/ : I knew it, I should&#39;ve been a plastic surgeon. (155,73,1)
[11:29:41]EMOTE: *no key*/(monkey (91)) : <b>The monkey (91)</b> rolls. (159,101,2)
[11:29:41]EMOTE: *no key*/(Runtime) : <b>Runtime</b> sits down. (157,107,2)
[11:29:44]EMOTE: *no key*/(crab) : <b>The crab</b> clacks. (190,59,5)
[11:29:51]EMOTE: *no key*/(monkey (580)) : <b>The monkey (580)</b> jumps! (160,118,2)
[11:29:52]SAY: Poly/ : Well ssshit (118,82,2)
[11:30:11]EMOTE: *no key*/(monkey (110)) : <b>The monkey (110)</b> rolls. (161,99,2)
[11:30:12]SAY: Nobody's Perfect/ : Delicious! (24,75,1)
[11:30:14]EMOTE: *no key*/(mouse) : <b>The mouse</b> runs in a circle. (152,148,2)
[11:30:15]EMOTE: *no key*/(Runtime) : <b>Runtime</b> stops resting. (157,107,2)
[11:30:19]EMOTE: *no key*/(monkey (375)) : <b>The monkey (375)</b> scratches. (161,118,2)
[11:30:24]SAY: mouse/ : Squeek? (86,95,2)
[11:30:27]EMOTE: *no key*/(grey baby slime (489)) : <b>The grey baby slime (489)</b> bounces in place. (176,92,2)
[11:30:32]SAY: Runtime/ : Esp! (157,106,2)
[11:30:49]EMOTE: *no key*/(monkey (71)) : <b>The monkey (71)</b> scratches. (157,100,2)
[11:30:54]SAY: Nobody's Perfect/ : Radar, put a mask on! (24,75,1)
[11:31:04]SAY: Medibot/ : There&#39;s always a catch, and I&#39;m the best there is. (155,73,1)
[11:31:14]EMOTE: *no key*/(mouse) : <b>The mouse</b> squeeks. (153,148,2)
[11:31:17]EMOTE: *no key*/(monkey (293)) : <b>The monkey (293)</b> waves her tail. (158,101,2)
[11:31:17]EMOTE: *no key*/(Ian) : <b>Ian</b> dances around. (108,119,2)
[11:31:19]EMOTE: *no key*/(monkey (641)) : <b>The monkey (641)</b> jumps! (161,116,2)
[11:31:23]EMOTE: *no key*/(monkey (110)) : <b>The monkey (110)</b> scratches. (161,101,2)
[11:31:39]EMOTE: *no key*/(monkey (692)) : <b>The monkey (692)</b> scratches. (160,120,2)
[11:31:45]EMOTE: *no key*/(Kong XXVI) : <b>Kong XXVI</b> waves its tail. (141,133,2)
[11:31:48]SAY: mouse/ : Squeek? (186,153,2)
[11:31:50]EMOTE: *no key*/(Poly) : <b>Poly</b> looks in the Power-ON cartridge's direction and takes flight. (115,79,2)
[11:32:00]EMOTE: *no key*/(crab) : <b>The crab</b> clacks. (141,134,14)
[11:32:09]EMOTE: *no key*/(monkey (91)) : <b>The monkey (91)</b> rolls. (157,101,2)
[11:32:10]SAY: Poly/ : Be careful (116,79,2)
[11:32:11]EMOTE: *no key*/(monkey (91)) : <b>The monkey (91)</b> rolls. (157,101,2)
[11:32:13]EMOTE: *no key*/(monkey (641)) : <b>The monkey (641)</b> jumps! (160,116,2)
[11:32:20]EMOTE: *no key*/(crab) : <b>The crab</b> clicks. (156,133,14)
[11:32:40]SAY: Poly/ : What happened to everyone (115,79,2)
[11:32:49]EMOTE: *no key*/(monkey (178)) : <b>The monkey (178)</b> scratches. (160,101,2)
[11:32:50]SAY: Tom/ : Squeek! (104,186,2)
[11:32:51]EMOTE: *no key*/(Runtime) : <b>Runtime</b> wags its tail. (157,110,2)
[11:32:53]EMOTE: *no key*/(grey baby slime (339)) : <b>The grey baby slime (339)</b> vibrates! (166,93,2)
[11:32:53]EMOTE: *no key*/(monkey (692)) : <b>The monkey (692)</b> scratches. (161,117,2)
[11:32:55]EMOTE: *no key*/(Kong XXVI) : <b>Kong XXVI</b> rolls. (142,132,2)
[11:32:59]EMOTE: *no key*/(monkey (71)) : <b>The monkey (71)</b> jumps! (157,99,2)
[11:33:02]EMOTE: *no key*/(mouse) : <b>The mouse</b> squeeks. (185,152,2)
[11:33:04]SAY: mouse/ : SQUEEK! (160,158,2)
[11:33:12]EMOTE: *no key*/(Poly) : <b>Poly</b> looks in the Power-ON cartridge's direction and takes flight. (115,79,2)
[11:33:12]SAY: Poly/ : SOMEONE PLEASE UNLOCK ME THIS WIZARD COULD BE COMMITING HUMAN HARM (115,79,2)
[11:33:15]SAY: grey baby slime (339)/ : Rawr... (166,94,2)
[11:33:16]EMOTE: *no key*/(crab) : <b>The crab</b> clacks. (144,134,14)
[11:33:18]EMOTE: *no key*/(crab) : <b>The crab</b> clicks. (143,134,14)
[11:33:22]EMOTE: *no key*/(Paperwork) : <b>Paperwork</b> yawns. (78,117,2)
[11:33:30]SAY: Medibot/ : I knew it, I should&#39;ve been a plastic surgeon. (154,73,1)
[11:33:30]EMOTE: *no key*/(Tom) : <b>Tom</b> squeeks. (104,184,2)
[11:33:33]EMOTE: *no key*/(Runtime) : <b>Runtime</b> gets up and meows. (157,110,2)
[11:33:34]EMOTE: *no key*/(crab) : <b>The crab</b> clacks. (187,59,5)
[11:33:35]EMOTE: *no key*/(Runtime) : <b>Runtime</b> lies down. (157,110,2)
[11:33:36]SAY: Poly/ : SOMEONE PLEASE UNLOCK ME THIS WIZARD COULD BE COMMITING HUMAN HARM (117,82,2)
[11:33:37]EMOTE: *no key*/(monkey (375)) : <b>The monkey (375)</b> jumps! (160,117,2)
[11:33:43]EMOTE: *no key*/(monkey (692)) : <b>The monkey (692)</b> rolls. (160,119,2)
[11:33:48]EMOTE: *no key*/(crab) : <b>The crab</b> clicks. (187,59,5)
[11:33:54]SAY: Medibot/ : There&#39;s always a catch, and I&#39;m the best there is. (63,146,11)
[11:33:58]EMOTE: *no key*/(mouse) : <b>The mouse</b> shakes. (178,148,2)
[11:34:07]EMOTE: *no key*/(monkey (641)) : <b>The monkey (641)</b> scratches. (160,116,2)
[11:34:08]EMOTE: *no key*/(crab) : <b>The crab</b> clicks. (140,134,14)
[11:34:13]EMOTE: *no key*/(monkey (692)) : <b>The monkey (692)</b> jumps! (161,116,2)
[11:34:16]SAY: mouse/ : Squeek! (177,148,2)
[11:34:17]EMOTE: *no key*/(monkey (293)) : <b>The monkey (293)</b> scratches. (161,100,2)
[11:34:30]SAY: Poly/ : Now your jussst breaking and entering (115,79,2)
[11:34:50]SAY: mouse/ : Squeek! (85,91,2)
[11:34:52]EMOTE: *no key*/(crab) : <b>The crab</b> clacks. (187,59,5)
[11:34:56]EMOTE: *no key*/(Paperwork) : <b>Paperwork</b> looks around sleepily. (78,115,2)
[11:35:04]EMOTE: *no key*/(Poly) : <b>Poly</b> flutters its wings. (115,79,2)
[11:35:04]SAY: Runtime/ : Esp! (157,110,2)
[11:35:09]EMOTE: *no key*/(Ian) : <b>Ian</b> chases its tail! (108,116,2)
[11:35:16]EMOTE: *no key*/(Poly) : <b>Poly</b> looks in the Power-ON cartridge's direction and takes flight. (115,79,2)
[11:35:19]EMOTE: *no key*/(monkey (410)) : <b>The monkey (410)</b> waves her tail. (160,116,2)
[11:35:28]SAY: Nobody's Perfect/ : There&#39;s always a catch, and I&#39;m the best there is. (24,75,1)
[11:35:30]EMOTE: *no key*/(crab) : <b>The crab</b> clicks. (177,53,5)
[11:35:30]SAY: Nobody's Perfect/ : Radar, put a mask on! (24,75,1)
[11:35:34]GAME: Random Event triggering: Camera Failure (/datum/round_event/camera_failure)
[11:35:36]SAY: Poly/ : Okay so i dont need to set up sm (117,82,2)
[11:35:45]EMOTE: *no key*/(monkey (91)) : <b>The monkey (91)</b> waves her tail. (160,100,2)
[11:35:58]EMOTE: *no key*/(crab) : <b>The crab</b> clicks. (115,135,14)
[11:36:07]EMOTE: *no key*/(Runtime) : <b>Runtime</b> lies down. (157,110,2)
[11:36:09]EMOTE: *no key*/(monkey (178)) : <b>The monkey (178)</b> scratches. (159,101,2)
[11:36:09]EMOTE: *no key*/(monkey (71)) : <b>The monkey (71)</b> scratches. (157,99,2)
[11:36:14]SAY: Runtime/ : Esp! (157,110,2)
[11:36:17]EMOTE: *no key*/(Runtime) : <b>Runtime</b> lies down. (157,110,2)
[11:36:17]EMOTE: *no key*/(monkey (641)) : <b>The monkey (641)</b> jumps! (160,117,2)
[11:36:22]EMOTE: *no key*/(crab) : <b>The crab</b> clacks. (179,53,5)
[11:36:25]EMOTE: *no key*/(Runtime) : <b>Runtime</b> stretches out for a belly rub. (157,110,2)
[11:36:27]EMOTE: *no key*/(monkey (375)) : <b>The monkey (375)</b> jumps! (161,118,2)
[11:36:34]EMOTE: *no key*/(Poly) : <b>Poly</b> looks in the Power-ON cartridge's direction and takes flight. (115,79,2)
[11:36:36]SAY: mouse/ : Squeek? (185,152,2)
[11:36:58]EMOTE: *no key*/(crab) : <b>The crab</b> clacks. (113,135,14)
[11:37:15]EMOTE: *no key*/(monkey (71)) : <b>The monkey (71)</b> scratches. (157,101,2)
[11:37:21]EMOTE: *no key*/(monkey (293)) : <b>The monkey (293)</b> scratches. (161,100,2)
[11:37:21]EMOTE: *no key*/(monkey (692)) : <b>The monkey (692)</b> scratches. (161,119,2)
[11:37:30]EMOTE: *no key*/(mouse) : <b>The mouse</b> squeeks. (185,151,2)
[11:37:34]EMOTE: *no key*/(Poly) : <b>Poly</b> looks in the Power-ON cartridge's direction and takes flight. (115,79,2)
[11:37:34]SAY: Poly/ : Chap gave it to me (115,79,2)
[11:37:34]EMOTE: *no key*/(Tom) : <b>Tom</b> squeeks. (100,184,2)
[11:37:36]SAY: Poly/ : I can see that. (115,79,2)
[11:37:38]SAY: Nobody's Perfect/ : What kind of medbay is this? Everyone&#39;s dropping like flies. (24,75,1)
[11:37:44]SAY: Poly/ : Im dying (116,79,2)
[11:37:48]EMOTE: *no key*/(mouse) : <b>The mouse</b> shakes. (152,145,2)
[11:37:56]EMOTE: *no key*/(Poly) : <b>Poly</b> flutters its wings. (115,79,2)
[11:38:01]EMOTE: *no key*/(monkey (91)) : <b>The monkey (91)</b> jumps! (160,101,2)
[11:38:09]SAY: grey baby slime (489)/ : Blop... (176,93,2)
[11:38:10]EMOTE: *no key*/(mouse) : <b>The mouse</b> runs in a circle. (185,151,2)
[11:38:14]EMOTE: *no key*/(Poly) : <b>Poly</b> squawks. (115,79,2)
[11:38:19]EMOTE: *no key*/(monkey (560)) : <b>The monkey (560)</b> jumps! (160,116,2)
[11:38:22]SAY: Poly/ : Breaking news from Station Announcements! (115,79,2)
[11:38:27]EMOTE: *no key*/(monkey (71)) : <b>The monkey (71)</b> waves his tail. (157,101,2)
[11:38:27]EMOTE: *no key*/(monkey (641)) : <b>The monkey (641)</b> jumps! (161,118,2)
[11:38:30]EMOTE: *no key*/(crab) : <b>The crab</b> clacks. (163,133,14)
[11:38:36]EMOTE: *no key*/(mouse) : <b>The mouse</b> squeeks. (185,151,2)
[11:38:42]EMOTE: *no key*/(Poly) : <b>Poly</b> looks in the Power-ON cartridge's direction and takes flight. (115,79,2)
[11:38:49]EMOTE: *no key*/(monkey (293)) : <b>The monkey (293)</b> jumps! (161,101,2)
[11:38:50]EMOTE: *no key*/(crab) : <b>The crab</b> clacks. (116,135,14)
[11:38:54]EMOTE: *no key*/(mouse) : <b>The mouse</b> shakes. (85,93,2)
[11:38:57]EMOTE: *no key*/(monkey (692)) : <b>The monkey (692)</b> scratches. (160,119,2)
[11:38:58]SAY: mouse/ : Squeek! (85,93,2)
[11:39:04]EMOTE: *no key*/(crab) : <b>The crab</b> clacks. (117,135,14)
[11:39:06]EMOTE: *no key*/(crab) : <b>The crab</b> clicks. (180,53,5)
[11:39:13]EMOTE: *no key*/(monkey (110)) : <b>The monkey (110)</b> rolls. (161,99,2)
[11:39:18]SAY: mouse/ : Squeek? (179,148,2)
[11:39:23]SAY: grey baby slime (489)/ : Blop... (176,93,2)
[11:39:26]SAY: mouse/ : SQUEEK! (153,147,2)
[11:39:42]EMOTE: *no key*/(mouse) : <b>The mouse</b> shakes. (161,156,2)
[11:39:44]ACCESS: Logout: Swatblack/(Ezekiel Mueller)
[12:45:03]EMOTE: *no key*/(crab) : <b>The crab</b> clacks. (188,59,5)
[12:45:03]EMOTE: *no key*/(Paperwork) : <b>Paperwork</b> looks around sleepily. (83,116,2)
[12:45:23]EMOTE: *no key*/(monkey (692)) : <b>The monkey (692)</b> jumps! (161,116,2)
[12:45:29]EMOTE: *no key*/(crab) : <b>The crab</b> clicks. (189,59,5)
[12:45:29]ACCESS: Login: Re12 from 68.103.69.171-4166394768 || BYOND v512
[12:45:29]ACCESS: Mob Login: Re12/(Re12) was assigned to a /mob/dead/new_player
[12:45:31]SAY: mouse/ : SQUEEK! (85,92,2)
[12:45:35]EMOTE: *no key*/(monkey (91)) : <b>The monkey (91)</b> jumps! (160,100,2)
[12:45:37]EMOTE: *no key*/(Runtime) : <b>Runtime</b> stops resting. (157,110,2)
[12:45:41]ACCESS: Mob Login: Re12/(Taya Velvet) was assigned to a /mob/living/carbon/human
[12:45:42]EMOTE: *no key*/(grey baby slime (489)) : <b>The grey baby slime (489)</b> vibrates! (175,93,2)
[12:45:42]EMOTE: *no key*/(Kong XXVI) : <b>Kong XXVI</b> jumps! (142,133,2)
[12:45:44]EMOTE: *no key*/(Runtime) : <b>Runtime</b> grooms its fur. (157,110,2)
[12:45:46]EMOTE: *no key*/(crab) : <b>The crab</b> clacks. (158,133,14)
[12:45:48]EMOTE: *no key*/(Tom) : <b>Tom</b> runs in a circle. (97,181,2)
[12:45:51]EMOTE: *no key*/(monkey (91)) : <b>The monkey (91)</b> scratches. (160,100,2)
[12:46:07]EMOTE: *no key*/(monkey (178)) : <b>The monkey (178)</b> rolls. (160,100,2)
[12:46:15]EMOTE: *no key*/(crab) : <b>The crab</b> clacks. (180,53,5)
[12:46:19]EMOTE: *no key*/(Runtime) : <b>Runtime</b> meows. (157,110,2)
[12:46:19]EMOTE: *no key*/(Ian) : <b>Ian</b> yaps. (110,116,2)
[12:46:23]EMOTE: *no key*/(crab) : <b>The crab</b> clacks. (141,134,14)
[12:46:29]EMOTE: *no key*/(crab) : <b>The crab</b> clacks. (124,133,14)
[12:46:31]EMOTE: *no key*/(monkey (110)) : <b>The monkey (110)</b> jumps! (158,100,2)
[12:46:31]EMOTE: *no key*/(monkey (580)) : <b>The monkey (580)</b> jumps! (160,120,2)
[12:46:34]GAME: Re12/(Taya Velvet) has called the shuttle.
[12:46:34]GAME: Shuttle call reason: Power&#39;s out, only one here.
[12:46:37]SAY: Medibot/ : Radar, put a mask on! (155,73,1)
[12:46:39]EMOTE: *no key*/(grey baby slime (339)) : <b>The grey baby slime (339)</b> bounces in place. (165,92,2)
[12:46:43]SAY: Tom/ : Squeek! (99,181,2)
[12:46:51]EMOTE: *no key*/(Poly) : <b>Poly</b> looks in the Power-ON cartridge's direction and takes flight. (115,79,2)
[12:46:51]EMOTE: *no key*/(Runtime) : <b>Runtime</b> wags its tail. (157,110,2)
[12:47:03]SAY: mouse/ : SQUEEK! (178,148,2)
[12:47:07]SAY: mouse/ : SQUEEK! (85,91,2)
[12:47:13]EMOTE: *no key*/(monkey (178)) : <b>The monkey (178)</b> rolls. (159,99,2)
[12:47:15]EMOTE: *no key*/(mouse) : <b>The mouse</b> squeeks. (152,143,2)
[12:47:15]EMOTE: *no key*/(monkey (71)) : <b>The monkey (71)</b> scratches. (158,100,2)
[12:47:23]EMOTE: *no key*/(mouse) : <b>The mouse</b> shakes. (162,156,2)
[12:47:29]SAY: mouse/ : SQUEEK! (162,157,2)
[12:47:33]EMOTE: *no key*/(crab) : <b>The crab</b> clacks. (126,133,14)
[12:47:33]EMOTE: *no key*/(Runtime) : <b>Runtime</b> gets up and meows. (157,110,2)
[12:47:35]SAY: Tom/ : Squeek? (99,182,2)
[12:47:41]EMOTE: *no key*/(monkey (580)) : <b>The monkey (580)</b> scratches. (161,119,2)
[12:47:51]SAY: mouse/ : Squeek! (164,157,2)
[12:47:53]EMOTE: *no key*/(mouse) : <b>The mouse</b> shakes. (85,91,2)
[12:47:53]EMOTE: *no key*/(Poly) : <b>Poly</b> looks in the Power-ON cartridge's direction and takes flight. (115,79,2)
[12:47:59]EMOTE: *no key*/(Runtime) : <b>Runtime</b> looks alert. (157,108,2)
[12:48:03]EMOTE: *no key*/(crab) : <b>The crab</b> clicks. (125,133,14)
[12:48:13]EMOTE: *no key*/(Runtime) : <b>Runtime</b> sits down. (157,108,2)
[12:48:25]EMOTE: *no key*/(crab) : <b>The crab</b> clicks. (186,59,5)
[12:48:27]EMOTE: *no key*/(Poly) : <b>Poly</b> squawks. (115,79,2)
[12:48:39]EMOTE: *no key*/(crab) : <b>The crab</b> clicks. (121,135,14)
[12:48:41]EMOTE: *no key*/(mouse) : <b>The mouse</b> runs in a circle. (177,148,2)
[12:48:49]EMOTE: *no key*/(monkey (110)) : <b>The monkey (110)</b> scratches. (160,100,2)
[12:48:49]EMOTE: *no key*/(Ian) : <b>Ian</b> chases its tail! (108,117,2)
[12:48:55]EMOTE: *no key*/(Poly) : <b>Poly</b> looks in the Power-ON cartridge's direction and takes flight. (115,79,2)
[12:49:05]EMOTE: *no key*/(monkey (560)) : <b>The monkey (560)</b> waves her tail. (161,116,2)
[12:49:09]SAY: mouse/ : SQUEEK! (152,143,2)
[12:49:09]EMOTE: *no key*/(monkey (91)) : <b>The monkey (91)</b> rolls. (159,101,2)
[12:49:13]EMOTE: *no key*/(crab) : <b>The crab</b> clacks. (120,135,14)
[12:49:17]EMOTE: *no key*/(monkey (91)) : <b>The monkey (91)</b> scratches. (159,101,2)
[12:49:23]GAME: Random Event triggering: Camera Failure (/datum/round_event/camera_failure)
[12:49:33]SAY: mouse/ : Squeek! (186,153,2)
[12:49:35]EMOTE: *no key*/(monkey (91)) : <b>The monkey (91)</b> rolls. (158,100,2)
[12:49:37]EMOTE: *no key*/(mouse) : <b>The mouse</b> shakes. (164,156,2)
[12:49:45]EMOTE: *no key*/(crab) : <b>The crab</b> clicks. (143,134,14)
[12:49:51]EMOTE: *no key*/(crab) : <b>The crab</b> clicks. (161,133,14)
[12:49:53]EMOTE: *no key*/(crab) : <b>The crab</b> clacks. (161,133,14)
[12:49:59]EMOTE: *no key*/(monkey (110)) : <b>The monkey (110)</b> jumps! (158,101,2)
[12:49:59]EMOTE: *no key*/(monkey (580)) : <b>The monkey (580)</b> scratches. (160,119,2)
[12:50:01]EMOTE: *no key*/(mouse) : <b>The mouse</b> shakes. (185,153,2)
[12:50:03]EMOTE: *no key*/(Poly) : <b>Poly</b> looks in the Power-ON cartridge's direction and takes flight. (115,79,2)
[12:50:09]EMOTE: *no key*/(monkey (692)) : <b>The monkey (692)</b> rolls. (160,120,2)
[12:50:11]EMOTE: *no key*/(mouse) : <b>The mouse</b> runs in a circle. (85,93,2)
[12:50:15]EMOTE: *no key*/(grey baby slime (489)) : <b>The grey baby slime (489)</b> jiggles! (176,94,2)
[12:50:25]EMOTE: *no key*/(mouse) : <b>The mouse</b> squeeks. (85,93,2)
[12:50:25]SAY: Poly/ : Electric shock (115,79,2)
[12:50:33]EMOTE: *no key*/(Runtime) : <b>Runtime</b> looks alert. (157,108,2)
[12:50:37]SAY: mouse/ : SQUEEK! (186,153,2)
[12:50:45]EMOTE: *no key*/(monkey (110)) : <b>The monkey (110)</b> scratches. (159,99,2)
[12:50:47]EMOTE: *no key*/(monkey (178)) : <b>The monkey (178)</b> scratches. (157,99,2)
[12:50:53]EMOTE: *no key*/(crab) : <b>The crab</b> clacks. (149,134,14)
[12:50:53]EMOTE: *no key*/(monkey (580)) : <b>The monkey (580)</b> rolls. (161,119,2)
[12:50:59]EMOTE: *no key*/(crab) : <b>The crab</b> clicks. (189,59,5)
[12:51:03]EMOTE: *no key*/(mouse) : <b>The mouse</b> runs in a circle. (152,143,2)
[12:51:09]EMOTE: *no key*/(mouse) : <b>The mouse</b> squeeks. (152,143,2)
[12:51:15]EMOTE: *no key*/(Poly) : <b>Poly</b> looks in the Power-ON cartridge's direction and takes flight. (115,79,2)
[12:51:17]EMOTE: *no key*/(Tom) : <b>Tom</b> squeeks. (98,181,2)
[12:51:17]EMOTE: *no key*/(monkey (410)) : <b>The monkey (410)</b> rolls. (161,118,2)
[12:51:19]EMOTE: *no key*/(Runtime) : <b>Runtime</b> meows. (157,108,2)
[12:51:21]SAY: Medibot/ : Delicious! (154,73,1)
[12:51:27]EMOTE: *no key*/(Ian) : <b>Ian</b> chases its tail! (108,118,2)
[12:51:31]SAY: Poly/ : I didnt mena to kill your little buddy... :) (115,79,2)
[12:51:37]SAY: Medibot/ : Radar, put a mask on! (154,73,1)
[12:51:37]SAY: Medibot/ : I knew it, I should&#39;ve been a plastic surgeon. (63,146,11)
[12:51:41]EMOTE: *no key*/(mouse) : <b>The mouse</b> shakes. (183,153,2)
[12:51:41]SAY: Tom/ : Squeek! (97,181,2)
[12:51:45]EMOTE: *no key*/(crab) : <b>The crab</b> clicks. (152,134,14)
[12:51:45]SAY: Runtime/ : Meow! (157,108,2)
[12:51:47]SAY: Poly/ : Out* (115,79,2)
[12:51:49]EMOTE: *no key*/(grey baby slime (339)) : <b>The grey baby slime (339)</b> lights up for a bit, then stops. (166,93,2)
[12:51:53]EMOTE: *no key*/(monkey (375)) : <b>The monkey (375)</b> scratches. (160,119,2)
[12:52:03]EMOTE: *no key*/(crab) : <b>The crab</b> clicks. (191,59,5)
[12:52:05]EMOTE: *no key*/(monkey (410)) : <b>The monkey (410)</b> jumps! (161,120,2)
[12:52:17]EMOTE: *no key*/(monkey (71)) : <b>The monkey (71)</b> scratches. (158,101,2)
[12:52:19]EMOTE: *no key*/(Poly) : <b>Poly</b> looks in the Power-ON cartridge's direction and takes flight. (115,79,2)
[12:52:21]EMOTE: *no key*/(mouse) : <b>The mouse</b> squeeks. (153,146,2)
[12:52:41]SAY: Medibot/ : Delicious! (63,146,11)
[12:52:45]SAY: mouse/ : Squeek! (154,145,2)
[12:53:15]SAY: mouse/ : SQUEEK! (184,155,2)
[12:53:15]EMOTE: *no key*/(Runtime) : <b>Runtime</b> crouches on its hind legs. (157,108,2)
[12:53:19]EMOTE: *no key*/(crab) : <b>The crab</b> clacks. (125,135,14)
[12:53:21]EMOTE: *no key*/(crab) : <b>The crab</b> clicks. (193,59,5)
[12:53:27]EMOTE: *no key*/(Poly) : <b>Poly</b> bawks! (115,79,2)
[12:53:31]EMOTE: *no key*/(Poly) : <b>Poly</b> looks in the Power-ON cartridge's direction and takes flight. (115,79,2)
[12:53:39]EMOTE: *no key*/(mouse) : <b>The mouse</b> squeeks. (91,95,2)
[12:53:45]EMOTE: *no key*/(Runtime) : <b>Runtime</b> stops resting. (157,108,2)
[12:53:53]SAY: Poly/ : Please send them to my office (116,83,2)
[12:54:03]EMOTE: *no key*/(crab) : <b>The crab</b> clacks. (162,133,14)
[12:54:11]EMOTE: *no key*/(monkey (71)) : <b>The monkey (71)</b> waves his tail. (161,101,2)
[12:54:11]EMOTE: *no key*/(monkey (110)) : <b>The monkey (110)</b> jumps! (157,100,2)
[12:54:13]EMOTE: *no key*/(crab) : <b>The crab</b> clacks. (145,134,14)
[12:54:29]EMOTE: *no key*/(crab) : <b>The crab</b> clicks. (179,53,5)
[12:54:41]EMOTE: *no key*/(Poly) : <b>Poly</b> bawks! (115,79,2)
[12:54:43]EMOTE: *no key*/(monkey (71)) : <b>The monkey (71)</b> scratches. (161,101,2)
[12:54:43]EMOTE: *no key*/(monkey (375)) : <b>The monkey (375)</b> scratches. (161,119,2)
[12:54:53]EMOTE: *no key*/(Poly) : <b>Poly</b> looks in the Power-ON cartridge's direction and takes flight. (115,79,2)
[12:55:01]SAY: mouse/ : SQUEEK! (183,152,2)
[12:55:03]EMOTE: *no key*/(Kong XXVI) : <b>Kong XXVI</b> jumps! (143,132,2)
[12:55:07]EMOTE: *no key*/(Ian) : <b>Ian</b> dances around. (109,120,2)
[12:55:11]EMOTE: *no key*/(Kong XXVI) : <b>Kong XXVI</b> rolls. (143,132,2)
[12:55:13]SAY: Nobody's Perfect/ : There&#39;s always a catch, and I&#39;m the best there is. (24,75,1)
[12:55:19]SAY: mouse/ : SQUEEK! (176,152,2)
[12:55:35]EMOTE: *no key*/(Ian) : <b>Ian</b> dances around. (108,120,2)
[12:55:55]EMOTE: *no key*/(mouse) : <b>The mouse</b> shakes. (94,95,2)
[12:55:59]EMOTE: *no key*/(crab) : <b>The crab</b> clacks. (145,134,14)
[12:55:59]EMOTE: *no key*/(crab) : <b>The crab</b> clacks. (129,135,14)
[12:56:11]EMOTE: *no key*/(Poly) : <b>Poly</b> looks in the Power-ON cartridge's direction and takes flight. (115,79,2)
[12:56:15]EMOTE: *no key*/(crab) : <b>The crab</b> clicks. (176,53,5)
[12:56:27]EMOTE: *no key*/(grey baby slime (339)) : <b>The grey baby slime (339)</b> lights up for a bit, then stops. (165,93,2)
[12:56:31]EMOTE: *no key*/(Tom) : <b>Tom</b> squeeks. (99,182,2)
[12:56:37]EMOTE: *no key*/(monkey (580)) : <b>The monkey (580)</b> scratches. (160,116,2)
[12:56:41]GAME: Random Event triggering: Communications Blackout (/datum/round_event/communications_blackout)
[12:56:41]EMOTE: *no key*/(monkey (178)) : <b>The monkey (178)</b> waves his tail. (159,101,2)
[12:56:41]EMOTE: *no key*/(Kong XXVI) : <b>Kong XXVI</b> waves its tail. (142,133,2)
[12:56:43]EMOTE: *no key*/(Kong XXVI) : <b>Kong XXVI</b> rolls. (142,133,2)
[12:56:45]EMOTE: *no key*/(monkey (110)) : <b>The monkey (110)</b> jumps! (159,100,2)
[12:56:46]GAME: Re12/(Taya Velvet) has authorized early shuttle launch in (205,145,2)
[12:56:47]EMOTE: *no key*/(Runtime) : <b>Runtime</b> lies down. (160,108,2)
[12:57:08]EMOTE: *no key*/(crab) : <b>The crab</b> clacks. (148,134,14)
[12:57:12]EMOTE: *no key*/(crab) : <b>The crab</b> clicks. (177,50,5)
[12:57:16]EMOTE: *no key*/(crab) : <b>The crab</b> clacks. (124,133,14)
[12:57:18]EMOTE: *no key*/(crab) : <b>The crab</b> clicks. (178,50,5)
[12:57:20]SAY: Medibot/ : Delicious! (63,146,11)
[12:57:22]EMOTE: *no key*/(Poly) : <b>Poly</b> looks in the Power-ON cartridge's direction and takes flight. (115,79,2)
[12:57:34]EMOTE: *no key*/(crab) : <b>The crab</b> clacks. (140,134,14)
[12:57:40]EMOTE: *no key*/(crab) : <b>The crab</b> clicks. (176,53,5)
[12:57:44]EMOTE: *no key*/(crab) : <b>The crab</b> clicks. (178,50,5)
[12:57:54]EMOTE: *no key*/(crab) : <b>The crab</b> clicks. (163,133,14)
[12:57:59]EMOTE: *no key*/(monkey (580)) : <b>The monkey (580)</b> jumps! (161,120,2)
[12:58:01]EMOTE: *no key*/(Runtime) : <b>Runtime</b> lies down. (160,108,2)
[12:58:22]EMOTE: *no key*/(crab) : <b>The crab</b> clacks. (141,134,14)
[12:58:30]SAY: Ian/ : Woof! (109,121,2)
[12:58:34]EMOTE: *no key*/(Ian) : <b>Ian</b> woofs! (109,121,2)
[12:58:38]SAY: Medibot/ : What kind of medbay is this? Everyone&#39;s dropping like flies. (155,73,1)
[12:58:38]EMOTE: *no key*/(crab) : <b>The crab</b> clicks. (143,134,14)
[12:58:39]EMOTE: *no key*/(monkey (91)) : <b>The monkey (91)</b> waves her tail. (160,101,2)
[12:58:48]EMOTE: *no key*/(Poly) : <b>Poly</b> looks in the Power-ON cartridge's direction and takes flight. (115,79,2)
[12:58:50]SAY: Poly/ : HELP ENGI (115,79,2)
[12:58:53]EMOTE: *no key*/(monkey (410)) : <b>The monkey (410)</b> waves her tail. (160,116,2)
[12:58:56]EMOTE: *no key*/(crab) : <b>The crab</b> clacks. (192,59,5)
[12:59:06]EMOTE: *no key*/(crab) : <b>The crab</b> clicks. (125,135,14)
[12:59:07]EMOTE: *no key*/(Runtime) : <b>Runtime</b> lies down. (160,108,2)
[12:59:09]SAY: grey baby slime (339)/ : Blop... (167,94,2)
[12:59:14]SAY: Tom/ : Squeek? (97,181,2)
[12:59:18]SAY: mouse/ : SQUEEK! (93,95,2)
[12:59:33]EMOTE: *no key*/(crab) : <b>The crab</b> clicks. (142,134,14)
[12:59:35]EMOTE: *no key*/(Paperwork) : <b>Paperwork</b> snores. (83,115,2)
[12:59:39]GAME: Z-TRACKING: Taya Velvet has somehow ended up in Z-level 13 despite being registered in Z-level 2.
[12:59:43]SAY: Poly/ : HELP ENGI (115,79,2)
[12:59:47]EMOTE: *no key*/(Tom) : <b>Tom</b> squeeks. (99,181,2)
[12:59:49]SAY: Medibot/ : Delicious! (155,73,1)
[12:59:51]EMOTE: *no key*/(Poly) : <b>Poly</b> looks in the Power-ON cartridge's direction and takes flight. (115,79,2)
[12:59:53]EMOTE: *no key*/(monkey (580)) : <b>The monkey (580)</b> rolls. (160,120,2)
[12:59:53]SAY: Nobody's Perfect/ : I knew it, I should&#39;ve been a plastic surgeon. (24,75,1)
[13:00:11]EMOTE: *no key*/(mouse) : <b>The mouse</b> runs in a circle. (185,155,2)
[13:00:15]SAY: Poly/ : Cute burdo (115,79,2)
[13:00:17]EMOTE: *no key*/(crab) : <b>The crab</b> clicks. (124,135,14)
[13:00:25]SAY: Medibot/ : What kind of medbay is this? Everyone&#39;s dropping like flies. (154,73,1)
[13:00:25]EMOTE: *no key*/(crab) : <b>The crab</b> clacks. (179,50,5)
[13:00:29]SAY: mouse/ : Squeek! (93,95,2)
[13:00:35]EMOTE: *no key*/(monkey (293)) : <b>The monkey (293)</b> scratches. (158,99,2)
[13:00:47]EMOTE: *no key*/(monkey (91)) : <b>The monkey (91)</b> scratches. (161,100,2)
[13:00:49]SAY: mouse/ : Squeek? (163,156,2)
[13:00:53]SAY: Poly/ : HELLO?!! (115,79,2)
[13:00:55]EMOTE: *no key*/(Poly) : <b>Poly</b> looks in the Power-ON cartridge's direction and takes flight. (115,79,2)
[13:00:55]EMOTE: *no key*/(Poly) : <b>Poly</b> flutters its wings. (115,79,2)
[13:01:09]EMOTE: *no key*/(grey baby slime (339)) : <b>The grey baby slime (339)</b> vibrates! (167,93,2)
[13:01:09]EMOTE: *no key*/(crab) : <b>The crab</b> clacks. (182,50,5)
[13:01:11]SAY: Medibot/ : There&#39;s always a catch, and I&#39;m the best there is. (154,73,1)
[13:01:17]EMOTE: *no key*/(monkey (110)) : <b>The monkey (110)</b> rolls. (161,101,2)
[13:01:27]EMOTE: *no key*/(Runtime) : <b>Runtime</b> crouches on its hind legs. (160,108,2)
[13:01:29]EMOTE: *no key*/(grey baby slime (339)) : <b>The grey baby slime (339)</b> vibrates! (167,92,2)
[13:01:37]EMOTE: *no key*/(monkey (580)) : <b>The monkey (580)</b> jumps! (161,120,2)
[13:01:41]GAME: Antagonists at round end were...
[13:01:41]GAME: traitors: Jakki Fischer(HaggisJew).
[13:01:41]GAME: Blackbox sealed.
[13:01:46]EMOTE: *no key*/(mouse) : <b>The mouse</b> squeeks. (154,146,2)
[13:01:46]EMOTE: *no key*/(crab) : <b>The crab</b> clicks. (180,53,5)
[13:01:47]EMOTE: *no key*/(Runtime) : <b>Runtime</b> stretches out for a belly rub. (160,108,2)
[13:01:48]SAY: mouse/ : Squeek? (161,159,2)
[13:01:48]EMOTE: *no key*/(crab) : <b>The crab</b> clicks. (121,133,14)
[13:01:48]SAY: Ian/ : YAP (108,119,2)
[13:01:50]SAY: Officer Beepsky/ : Engaging patrol mode. (129,128,2)
[13:01:52]EMOTE: *no key*/(crab) : <b>The crab</b> clacks. (122,133,14)
[13:02:01]EMOTE: *no key*/(Runtime) : <b>Runtime</b> wags its tail. (160,108,2)
[13:02:08]EMOTE: *no key*/(crab) : <b>The crab</b> clicks. (139,134,14)
[13:02:09]EMOTE: *no key*/(Runtime) : <b>Runtime</b> sits down. (160,108,2)
[13:02:10]EMOTE: *no key*/(Poly) : <b>Poly</b> looks in the Power-ON cartridge's direction and takes flight. (115,79,2)
[13:02:12]SAY: Medibot/ : Delicious! (154,73,1)
[13:02:15]EMOTE: *no key*/(grey baby slime (489)) : <b>The grey baby slime (489)</b> jiggles! (176,93,2)
[13:02:16]EMOTE: *no key*/(Poly) : <b>Poly</b> squawks. (116,79,2)
[13:02:24]SAY: mouse/ : Squeek! (177,150,2)
[13:02:29]EMOTE: HaggisJew[DC]/(Jakki Fischer) : <b>Jakki Fischer</b> seizes up and falls limp, his eyes dead and lifeless... (209,79,1)
[13:02:34]SAY: mouse/ : Squeek! (94,95,2)
[13:02:34]SAY: Ian/ : YAP (108,119,2)
[13:02:40]SAY: Medibot/ : What kind of medbay is this? Everyone&#39;s dropping like flies. (154,73,1)
[13:02:40]EMOTE: *no key*/(crab) : <b>The crab</b> clicks. (177,50,5)
[13:02:40]EMOTE: *no key*/(crab) : <b>The crab</b> clacks. (167,133,14)
[13:02:43]EMOTE: *no key*/(monkey (692)) : <b>The monkey (692)</b> jumps! (161,120,2)
[13:02:44]EMOTE: *no key*/(crab) : <b>The crab</b> clacks. (191,59,5)
[13:02:50]SAY: Nobody's Perfect/ : There&#39;s always a catch, and I&#39;m the best there is. (24,75,1)
[13:02:51]EMOTE: *no key*/(monkey (560)) : <b>The monkey (560)</b> rolls. (160,117,2)
[13:02:52]SAY: Medibot/ : Delicious! (63,146,11)
[13:02:52]SAY: Tom/ : SQUEEK! (97,181,2)
[13:02:58]SAY: Nobody's Perfect/ : What kind of medbay is this? Everyone&#39;s dropping like flies. (24,75,1)
[13:03:00]EMOTE: *no key*/(mouse) : <b>The mouse</b> runs in a circle. (176,150,2)
[13:03:01]EMOTE: *no key*/(Runtime) : <b>Runtime</b> looks alert. (160,108,2)
[13:03:02]EMOTE: *no key*/(Runtime) : <b>Runtime</b> mews. (160,108,2)
[13:03:12]EMOTE: *no key*/(crab) : <b>The crab</b> clacks. (140,134,14)
[13:03:14]EMOTE: *no key*/(crab) : <b>The crab</b> clicks. (128,133,14)
[13:03:15]EMOTE: *no key*/(Ian) : <b>Ian</b> dances around. (109,119,2)
[13:03:16]GAME: <span class='boldannounce'>Rebooting World. Round ended.</span>
[13:03:16]ACCESS: Logout: Re12/(Taya Velvet)
