[2018-07-12 01:07:18.941] Starting up round ID 1513.
[2018-07-12 01:07:18.941] -------------------------
[2018-07-12 01:07:25.053] Initialized Database subsystem within 0 seconds!
[2018-07-12 01:07:25.054] Initialized Blackbox subsystem within 0 seconds!
[2018-07-12 01:07:25.054] Initialized Server Tasks subsystem within 0 seconds!
[2018-07-12 01:07:25.055] Initialized Input subsystem within 0 seconds!
[2018-07-12 01:07:25.090] Initialized Research subsystem within 0 seconds!
[2018-07-12 01:07:25.095] Initialized Events subsystem within 0 seconds!
[2018-07-12 01:07:25.099] Initialized Jobs subsystem within 0 seconds!
[2018-07-12 01:07:25.100] Initialized Quirks subsystem within 0.1 seconds!
[2018-07-12 01:07:25.106] Initialized Ticker subsystem within 0 seconds!
[2018-07-12 01:07:25.107] Loading Box Station...
[2018-07-12 01:07:30.628] Loaded Station in 5.5s!
[2018-07-12 01:07:36.906] Loaded Lavaland in 5.7s!
[2018-07-12 01:07:53.235] Ruin loader finished with 0 left to spend.
[2018-07-12 01:07:55.722] Ruin loader finished with 0 left to spend.
[2018-07-12 01:08:06.712] Initialized Mapping subsystem within 41.6 seconds!
[2018-07-12 01:08:06.713] Initialized Networks subsystem within 0 seconds!
[2018-07-12 01:08:55.639] Initialized Atoms subsystem within 48.9 seconds!
[2018-07-12 01:08:55.855] Initialized Language subsystem within 0 seconds!
[2018-07-12 01:08:56.218] Initialized Machines subsystem within 0.4 seconds!
[2018-07-12 01:08:56.273] Initialized Circuit subsystem within 0 seconds!
[2018-07-12 01:08:56.275] Initialized Disease subsystem within 0 seconds!
[2018-07-12 01:08:56.276] Initialized Medals subsystem within 0 seconds!
[2018-07-12 01:08:56.276] Initialized Night Shift subsystem within 0 seconds!
[2018-07-12 01:08:56.277] Initialized Parallax subsystem within 0 seconds!
[2018-07-12 01:08:56.405] Initialized Traumas subsystem within 0.2 seconds!
[2018-07-12 01:08:56.406] Initialized Weather subsystem within 0 seconds!
[2018-07-12 01:10:15.775] Initialized Atmospherics subsystem within 79.3 seconds!
[2018-07-12 01:10:15.791] Initialized Minimap subsystem within 0 seconds!
[2018-07-12 01:10:17.613] Initialized Assets subsystem within 1.9 seconds!
[2018-07-12 01:10:25.258] Initialized Icon Smoothing subsystem within 7.6 seconds!
[2018-07-12 01:10:26.962] Initialized Overlay subsystem within 1.7 seconds!
[2018-07-12 01:10:26.963] Initialized XKeyScore subsystem within 0 seconds!
[2018-07-12 01:10:26.969] Initialized Sticky Ban subsystem within 0 seconds!
[2018-07-12 01:10:42.384] Initialized Lighting subsystem within 15.4 seconds!
[2018-07-12 01:10:44.704] Initialized Shuttle subsystem within 2.4 seconds!
[2018-07-12 01:10:44.740] Initialized Squeak subsystem within 0 seconds!
[2018-07-12 01:10:44.741] Initialized Pathfinder subsystem within 0 seconds!
[2018-07-12 01:10:44.792] Loaded 10 engraved messages on map Box Station
[2018-07-12 01:10:44.804] Initialized Persistence subsystem within 0.1 seconds!
[2018-07-12 01:10:44.805] Initializations complete within 199.8 seconds!
[2018-07-12 01:11:55.556] Game start took 3.5s
[2018-07-12 01:14:17.566] UAH: _src_=holder;admin_token=265054106441510849636339415556081010;adminplayeropts=[mob_390]
[2018-07-12 01:15:03.566] runtime error: Cannot execute null.add reagent().
[2018-07-12 01:15:03.566] proc name: reaction turf (/datum/reagent/consumable/flour/reaction_turf)
[2018-07-12 01:15:03.566]   source file: food_reagents.dm,495
[2018-07-12 01:15:03.566] 
[2018-07-12 01:18:21.269] runtime error: addtimer called with a callback assigned to a qdeleted object. In the future such timers will not be supported and may refuse to run or run with a 0 wait
[2018-07-12 01:18:21.269] proc name: stack trace (/proc/stack_trace)
[2018-07-12 01:18:21.269]   source file: unsorted.dm,1240
[2018-07-12 01:18:21.269] 
[2018-07-12 01:24:48.356] runtime error: addtimer called with a callback assigned to a qdeleted object. In the future such timers will not be supported and may refuse to run or run with a 0 wait
[2018-07-12 01:24:48.356] proc name: stack trace (/proc/stack_trace)
[2018-07-12 01:24:48.356]   source file: unsorted.dm,1240
[2018-07-12 01:24:48.356] 
[2018-07-12 01:24:48.356] runtime error: addtimer called with a callback assigned to a qdeleted object. In the future such timers will not be supported and may refuse to run or run with a 0 wait
[2018-07-12 01:24:48.356] proc name: stack trace (/proc/stack_trace)
[2018-07-12 01:24:48.356]   source file: unsorted.dm,1240
[2018-07-12 01:24:48.356] 
[2018-07-12 01:24:51.834] runtime error: addtimer called with a callback assigned to a qdeleted object. In the future such timers will not be supported and may refuse to run or run with a 0 wait
[2018-07-12 01:24:51.834] proc name: stack trace (/proc/stack_trace)
[2018-07-12 01:24:51.834]   source file: unsorted.dm,1240
[2018-07-12 01:24:51.834] 
[2018-07-12 01:24:51.834] runtime error: addtimer called with a callback assigned to a qdeleted object. In the future such timers will not be supported and may refuse to run or run with a 0 wait
[2018-07-12 01:24:51.834] proc name: stack trace (/proc/stack_trace)
[2018-07-12 01:24:51.834]   source file: unsorted.dm,1240
[2018-07-12 01:24:51.834] 
[2018-07-12 01:24:52.032] runtime error: addtimer called with a callback assigned to a qdeleted object. In the future such timers will not be supported and may refuse to run or run with a 0 wait
[2018-07-12 01:24:52.032] proc name: stack trace (/proc/stack_trace)
[2018-07-12 01:24:52.032]   source file: unsorted.dm,1240
[2018-07-12 01:24:52.032] 
[2018-07-12 01:24:52.033] runtime error: addtimer called with a callback assigned to a qdeleted object. In the future such timers will not be supported and may refuse to run or run with a 0 wait
[2018-07-12 01:24:52.033] proc name: stack trace (/proc/stack_trace)
[2018-07-12 01:24:52.033]   source file: unsorted.dm,1240
[2018-07-12 01:24:52.033] 
[2018-07-12 01:24:52.033] runtime error: addtimer called with a callback assigned to a qdeleted object. In the future such timers will not be supported and may refuse to run or run with a 0 wait
[2018-07-12 01:24:52.033] proc name: stack trace (/proc/stack_trace)
[2018-07-12 01:24:52.033]   source file: unsorted.dm,1240
[2018-07-12 01:24:52.033] 
[2018-07-12 01:24:52.034] runtime error: addtimer called with a callback assigned to a qdeleted object. In the future such timers will not be supported and may refuse to run or run with a 0 wait
[2018-07-12 01:24:52.034] proc name: stack trace (/proc/stack_trace)
[2018-07-12 01:24:52.034]   source file: unsorted.dm,1240
[2018-07-12 01:24:52.034] 
[2018-07-12 01:27:48.937] Saved 10 engraved messages on map Box Station
[2018-07-12 01:29:26.317] Shutting down Persistence subsystem...
[2018-07-12 01:29:26.317] Shutting down Pathfinder subsystem...
[2018-07-12 01:29:26.317] Shutting down Squeak subsystem...
[2018-07-12 01:29:26.318] Shutting down Shuttle subsystem...
[2018-07-12 01:29:26.318] Shutting down Lighting subsystem...
[2018-07-12 01:29:26.318] Shutting down XKeyScore subsystem...
[2018-07-12 01:29:26.318] Shutting down Sticky Ban subsystem...
[2018-07-12 01:29:26.318] Shutting down Overlay subsystem...
[2018-07-12 01:29:26.352] Shutting down Icon Smoothing subsystem...
[2018-07-12 01:29:26.352] Shutting down Assets subsystem...
[2018-07-12 01:29:26.352] Shutting down Minimap subsystem...
[2018-07-12 01:29:26.352] Shutting down Atmospherics subsystem...
[2018-07-12 01:29:26.352] Shutting down Wet floors subsystem...
[2018-07-12 01:29:26.352] Shutting down Weather subsystem...
[2018-07-12 01:29:26.352] Shutting down Vote subsystem...
[2018-07-12 01:29:26.352] Shutting down Traumas subsystem...
[2018-07-12 01:29:26.352] Shutting down Title Screen subsystem...
[2018-07-12 01:29:26.353] Shutting down Time Tracking subsystem...
[2018-07-12 01:29:26.353] Shutting down Throwing subsystem...
[2018-07-12 01:29:26.354] Shutting down tgui subsystem...
[2018-07-12 01:29:26.354] Shutting down Sun subsystem...
[2018-07-12 01:29:26.354] Shutting down Space Drift subsystem...
[2018-07-12 01:29:26.354] Shutting down Religion subsystem...
[2018-07-12 01:29:26.354] Shutting down Radio subsystem...
[2018-07-12 01:29:26.354] Shutting down Radiation subsystem...
[2018-07-12 01:29:26.354] Shutting down Projectiles subsystem...
[2018-07-12 01:29:26.354] Shutting down Processing subsystem...
[2018-07-12 01:29:26.354] Shutting down Ping subsystem...
[2018-07-12 01:29:26.354] Shutting down Parallax subsystem...
[2018-07-12 01:29:26.354] Shutting down pAI subsystem...
[2018-07-12 01:29:26.354] Shutting down Orbits subsystem...
[2018-07-12 01:29:26.354] Shutting down Objects subsystem...
[2018-07-12 01:29:26.354] Shutting down NPC Pool subsystem...
[2018-07-12 01:29:26.354] Shutting down Night Shift subsystem...
[2018-07-12 01:29:26.354] Shutting down Mood subsystem...
[2018-07-12 01:29:26.354] Shutting down Mobs subsystem...
[2018-07-12 01:29:26.354] Shutting down Medals subsystem...
[2018-07-12 01:29:26.354] Shutting down Idling NPC Pool subsystem...
[2018-07-12 01:29:26.354] Shutting down Flightpack Movement subsystem...
[2018-07-12 01:29:26.354] Shutting down Fire Burning subsystem...
[2018-07-12 01:29:26.354] Shutting down Fields subsystem...
[2018-07-12 01:29:26.354] Shutting down Fast Processing subsystem...
[2018-07-12 01:29:26.354] Shutting down Disease subsystem...
[2018-07-12 01:29:26.354] Shutting down Datum Component System subsystem...
[2018-07-12 01:29:26.354] Shutting down Communications subsystem...
[2018-07-12 01:29:26.354] Shutting down Augury subsystem...
[2018-07-12 01:29:26.354] Shutting down Acid subsystem...
[2018-07-12 01:29:26.354] Shutting down Timer subsystem...
[2018-07-12 01:29:26.354] Shutting down Circuit subsystem...
[2018-07-12 01:29:26.354] Shutting down Machines subsystem...
[2018-07-12 01:29:26.354] Shutting down Language subsystem...
[2018-07-12 01:29:26.354] Shutting down Atoms subsystem...
[2018-07-12 01:29:26.356] Shutting down Networks subsystem...
[2018-07-12 01:29:26.356] Shutting down Mapping subsystem...
[2018-07-12 01:29:26.356] Shutting down Ticker subsystem...
[2018-07-12 01:29:26.477] Shutting down Quirks subsystem...
[2018-07-12 01:29:26.478] Shutting down Jobs subsystem...
[2018-07-12 01:29:26.478] Shutting down Events subsystem...
[2018-07-12 01:29:26.478] Shutting down Research subsystem...
[2018-07-12 01:29:26.478] Shutting down Input subsystem...
[2018-07-12 01:29:26.478] Shutting down Server Tasks subsystem...
[2018-07-12 01:29:26.478] Shutting down Blackbox subsystem...
[2018-07-12 01:29:26.516] Shutting down Database subsystem...
[2018-07-12 01:29:26.551] Shutting down Garbage subsystem...
[2018-07-12 01:29:26.607] Shutdown complete
[2018-07-12 01:29:26.607] World rebooted at 01:29:26
