[2018-08-02 05:42:15.765] Starting up round ID 1828.
[2018-08-02 05:42:15.765] -------------------------
[2018-08-02 05:42:17.568] Initialized Database subsystem within 0 seconds!
[2018-08-02 05:42:17.569] Initialized Blackbox subsystem within 0 seconds!
[2018-08-02 05:42:17.569] Initialized Server Tasks subsystem within 0 seconds!
[2018-08-02 05:42:17.570] Initialized Input subsystem within 0 seconds!
[2018-08-02 05:42:17.617] Initialized Research subsystem within 0.1 seconds!
[2018-08-02 05:42:17.621] Initialized Events subsystem within 0 seconds!
[2018-08-02 05:42:17.627] Initialized Jobs subsystem within 0 seconds!
[2018-08-02 05:42:17.628] Initialized Quirks subsystem within 0 seconds!
[2018-08-02 05:42:17.640] Initialized Ticker subsystem within 0 seconds!
[2018-08-02 05:42:17.641] Loading Box Station...
[2018-08-02 05:42:23.408] Loaded Station in 5.8s!
[2018-08-02 05:42:29.408] Loaded Lavaland in 5.4s!
[2018-08-02 05:42:47.190] Ruin loader finished with 0 left to spend.
[2018-08-02 05:42:49.288] Ruin loader finished with 0 left to spend.
[2018-08-02 05:43:00.375] Initialized Mapping subsystem within 42.7 seconds!
[2018-08-02 05:43:00.376] Initialized Networks subsystem within 0 seconds!
[2018-08-02 05:43:54.518] Initialized Atoms subsystem within 54.2 seconds!
[2018-08-02 05:43:54.535] Initialized Language subsystem within 0 seconds!
[2018-08-02 05:43:54.948] Initialized Machines subsystem within 0.4 seconds!
[2018-08-02 05:43:55.002] Initialized Circuit subsystem within 0.1 seconds!
[2018-08-02 05:43:55.004] Initialized Disease subsystem within 0 seconds!
[2018-08-02 05:43:55.004] Initialized Medals subsystem within 0 seconds!
[2018-08-02 05:43:55.004] Initialized Night Shift subsystem within 0 seconds!
[2018-08-02 05:43:55.004] Initialized Parallax subsystem within 0 seconds!
[2018-08-02 05:43:55.131] Initialized Traumas subsystem within 0.1 seconds!
[2018-08-02 05:43:55.132] Initialized Weather subsystem within 0 seconds!
[2018-08-02 05:45:16.193] Initialized Atmospherics subsystem within 81 seconds!
[2018-08-02 05:45:16.213] Initialized Minimap subsystem within 0.1 seconds!
[2018-08-02 05:45:18.580] Initialized Assets subsystem within 2.3 seconds!
[2018-08-02 05:45:27.116] Initialized Icon Smoothing subsystem within 8.6 seconds!
[2018-08-02 05:45:28.956] Initialized Overlay subsystem within 1.8 seconds!
[2018-08-02 05:45:28.956] Initialized XKeyScore subsystem within 0 seconds!
[2018-08-02 05:45:28.957] Initialized Sticky Ban subsystem within 0 seconds!
[2018-08-02 05:45:47.678] Initialized Lighting subsystem within 18.7 seconds!
[2018-08-02 05:45:50.702] Initialized Shuttle subsystem within 3.1 seconds!
[2018-08-02 05:45:50.741] Initialized Squeak subsystem within 0 seconds!
[2018-08-02 05:45:50.743] Initialized Pathfinder subsystem within 0 seconds!
[2018-08-02 05:45:50.802] Loaded 24 engraved messages on map Box Station
[2018-08-02 05:45:50.813] Initialized Persistence subsystem within 0.1 seconds!
[2018-08-02 05:45:50.813] Initializations complete within 213.3 seconds!
[2018-08-02 05:46:54.174] Game start took 0.1s
[2018-08-02 07:55:43.983] ## WARNING: couldn't find dock with id: pod_away in code/controllers/subsystem/shuttle.dm at line 165 src: Shuttle usr: .
[2018-08-02 07:55:43.984] runtime error: Cannot execute null.get docked().
[2018-08-02 07:55:43.984] proc name: initiate docking (/obj/docking_port/mobile/proc/initiate_docking)
[2018-08-02 07:55:43.984]   source file: docking.dm,5
[2018-08-02 07:55:43.984]   usr: null
[2018-08-02 07:55:43.984]   src: the escape pod (/obj/docking_port/mobile/pod)
[2018-08-02 07:55:43.984]   src.loc: the shuttle floor (63,39,12) (/turf/open/floor/mineral/titanium/blue)
[2018-08-02 07:55:43.984]   call stack:
[2018-08-02 07:55:43.984] the escape pod (/obj/docking_port/mobile/pod): initiate docking(null, null, 0)
[2018-08-02 07:55:43.984] the escape pod (/obj/docking_port/mobile/pod): on emergency dock()
[2018-08-02 07:55:43.984] Box emergency shuttle (/obj/docking_port/mobile/emergency): check()
[2018-08-02 07:55:43.984] Shuttle (/datum/controller/subsystem/shuttle): fire(0)
[2018-08-02 07:55:43.984] Shuttle (/datum/controller/subsystem/shuttle): ignite(0)
[2018-08-02 07:55:43.984] Master (/datum/controller/master): RunQueue()
[2018-08-02 07:55:43.984] Master (/datum/controller/master): Loop()
[2018-08-02 07:55:43.984] Master (/datum/controller/master): StartProcessing(0)
[2018-08-02 07:55:43.984] 
[2018-08-02 07:55:43.984] ## WARNING: couldn't find dock with id: pod_away in code/controllers/subsystem/shuttle.dm at line 165 src: Shuttle usr: .
[2018-08-02 07:55:43.985] runtime error: Cannot execute null.get docked().
[2018-08-02 07:55:43.985] proc name: initiate docking (/obj/docking_port/mobile/proc/initiate_docking)
[2018-08-02 07:55:43.985]   source file: docking.dm,5
[2018-08-02 07:55:43.985]   usr: null
[2018-08-02 07:55:43.985]   src: the escape pod (/obj/docking_port/mobile/pod)
[2018-08-02 07:55:43.985]   src.loc: the shuttle floor (82,39,12) (/turf/open/floor/mineral/titanium/blue)
[2018-08-02 07:55:43.985]   call stack:
[2018-08-02 07:55:43.985] the escape pod (/obj/docking_port/mobile/pod): initiate docking(null, null, 0)
[2018-08-02 07:55:43.985] the escape pod (/obj/docking_port/mobile/pod): on emergency dock()
[2018-08-02 07:55:43.985] Box emergency shuttle (/obj/docking_port/mobile/emergency): check()
[2018-08-02 07:55:43.985] Shuttle (/datum/controller/subsystem/shuttle): fire(0)
[2018-08-02 07:55:43.985] Shuttle (/datum/controller/subsystem/shuttle): ignite(0)
[2018-08-02 07:55:43.985] Master (/datum/controller/master): RunQueue()
[2018-08-02 07:55:43.985] Master (/datum/controller/master): Loop()
[2018-08-02 07:55:43.985] Master (/datum/controller/master): StartProcessing(0)
[2018-08-02 07:55:43.985] 
[2018-08-02 07:55:45.606] runtime error: Cannot read null.soulOwner
[2018-08-02 07:55:45.606] proc name: check completion (/datum/objective/devil/buy_target/check_completion)
[2018-08-02 07:55:45.606]   source file: objectives.dm,86
[2018-08-02 07:55:45.606]   usr: null
[2018-08-02 07:55:45.606]   src: /datum/objective/devil/buy_tar... (/datum/objective/devil/buy_target)
[2018-08-02 07:55:45.606]   call stack:
[2018-08-02 07:55:45.606] /datum/objective/devil/buy_tar... (/datum/objective/devil/buy_target): check completion()
[2018-08-02 07:55:45.606] printobjectives(Durvo V234 (/datum/mind))
[2018-08-02 07:55:45.606] Devil (/datum/antagonist/devil): roundend report()
[2018-08-02 07:55:45.606] Ticker (/datum/controller/subsystem/ticker): antag report()
[2018-08-02 07:55:45.606] Ticker (/datum/controller/subsystem/ticker): build roundend report()
[2018-08-02 07:55:45.606] Ticker (/datum/controller/subsystem/ticker): display report(/list (/list))
[2018-08-02 07:55:45.606] Ticker (/datum/controller/subsystem/ticker): declare completion(0)
[2018-08-02 07:55:45.606] 
[2018-08-02 07:55:45.701] Saved 24 engraved messages on map Box Station
[2018-08-02 07:57:21.237] Shutting down Persistence subsystem...
[2018-08-02 07:57:21.237] Shutting down Pathfinder subsystem...
[2018-08-02 07:57:21.237] Shutting down Squeak subsystem...
[2018-08-02 07:57:21.237] Shutting down Shuttle subsystem...
[2018-08-02 07:57:21.237] Shutting down Lighting subsystem...
[2018-08-02 07:57:21.237] Shutting down XKeyScore subsystem...
[2018-08-02 07:57:21.237] Shutting down Sticky Ban subsystem...
[2018-08-02 07:57:21.237] Shutting down Overlay subsystem...
[2018-08-02 07:57:21.276] Shutting down Icon Smoothing subsystem...
[2018-08-02 07:57:21.277] Shutting down Assets subsystem...
[2018-08-02 07:57:21.277] Shutting down Minimap subsystem...
[2018-08-02 07:57:21.277] Shutting down Atmospherics subsystem...
[2018-08-02 07:57:21.277] Shutting down Wet floors subsystem...
[2018-08-02 07:57:21.277] Shutting down Weather subsystem...
[2018-08-02 07:57:21.277] Shutting down Vote subsystem...
[2018-08-02 07:57:21.277] Shutting down Traumas subsystem...
[2018-08-02 07:57:21.277] Shutting down Title Screen subsystem...
[2018-08-02 07:57:21.277] Shutting down Time Tracking subsystem...
[2018-08-02 07:57:21.277] Shutting down Throwing subsystem...
[2018-08-02 07:57:21.277] Shutting down tgui subsystem...
[2018-08-02 07:57:21.277] Shutting down Sun subsystem...
[2018-08-02 07:57:21.277] Shutting down Space Drift subsystem...
[2018-08-02 07:57:21.277] Shutting down Religion subsystem...
[2018-08-02 07:57:21.277] Shutting down Radio subsystem...
[2018-08-02 07:57:21.277] Shutting down Radiation subsystem...
[2018-08-02 07:57:21.277] Shutting down Projectiles subsystem...
[2018-08-02 07:57:21.278] Shutting down Processing subsystem...
[2018-08-02 07:57:21.278] Shutting down Ping subsystem...
[2018-08-02 07:57:21.278] Shutting down Parallax subsystem...
[2018-08-02 07:57:21.278] Shutting down pAI subsystem...
[2018-08-02 07:57:21.278] Shutting down Orbits subsystem...
[2018-08-02 07:57:21.278] Shutting down Objects subsystem...
[2018-08-02 07:57:21.278] Shutting down NPC Pool subsystem...
[2018-08-02 07:57:21.278] Shutting down Night Shift subsystem...
[2018-08-02 07:57:21.278] Shutting down Mood subsystem...
[2018-08-02 07:57:21.278] Shutting down Mobs subsystem...
[2018-08-02 07:57:21.278] Shutting down Medals subsystem...
[2018-08-02 07:57:21.278] Shutting down Idling NPC Pool subsystem...
[2018-08-02 07:57:21.278] Shutting down Fire Burning subsystem...
[2018-08-02 07:57:21.278] Shutting down Fields subsystem...
[2018-08-02 07:57:21.278] Shutting down Fast Processing subsystem...
[2018-08-02 07:57:21.278] Shutting down Disease subsystem...
[2018-08-02 07:57:21.278] Shutting down Datum Component System subsystem...
[2018-08-02 07:57:21.278] Shutting down Communications subsystem...
[2018-08-02 07:57:21.278] Shutting down Augury subsystem...
[2018-08-02 07:57:21.278] Shutting down Acid subsystem...
[2018-08-02 07:57:21.278] Shutting down Timer subsystem...
[2018-08-02 07:57:21.278] Shutting down Circuit subsystem...
[2018-08-02 07:57:21.278] Shutting down Machines subsystem...
[2018-08-02 07:57:21.278] Shutting down Language subsystem...
[2018-08-02 07:57:21.279] Shutting down Atoms subsystem...
[2018-08-02 07:57:21.279] Shutting down Networks subsystem...
[2018-08-02 07:57:21.279] Shutting down Mapping subsystem...
[2018-08-02 07:57:21.279] Shutting down Ticker subsystem...
[2018-08-02 07:57:21.511] Shutting down Quirks subsystem...
[2018-08-02 07:57:21.511] Shutting down Jobs subsystem...
[2018-08-02 07:57:21.511] Shutting down Events subsystem...
[2018-08-02 07:57:21.511] Shutting down Research subsystem...
[2018-08-02 07:57:21.511] Shutting down Input subsystem...
[2018-08-02 07:57:21.511] Shutting down Server Tasks subsystem...
[2018-08-02 07:57:21.511] Shutting down Blackbox subsystem...
[2018-08-02 07:57:21.726] Shutting down Database subsystem...
[2018-08-02 07:57:21.765] Shutting down Garbage subsystem...
[2018-08-02 07:57:21.826] Shutdown complete
[2018-08-02 07:57:21.826] World rebooted at 07:57:21
