Path : /mob/dview 
- Didn't call atom/Initialize()
- Didn't return an Initialize hint
Path : /obj/item/construction/rcd/internal 
- Didn't return an Initialize hint
Path : /obj/item/construction/rcd 
- Didn't return an Initialize hint
Path : /obj/item/organ/brain 
- Qdel'd in New()
Path : /obj/item/organ/heart 
- Qdel'd in New()
Path : /obj/item/organ/lungs 
- Qdel'd in New()
Path : /obj/item/organ/liver 
- Qdel'd in New()
Path : /obj/item/organ/stomach 
- Qdel'd in New()
Path : /obj/item/organ/appendix 
- Qdel'd in New()
Path : /obj/item/organ/eyes 
- Qdel'd in New()
Path : /obj/item/organ/ears 
- Qdel'd in New()
Path : /obj/item/organ/tongue 
- Qdel'd in New()
Path : /obj/screen/alert/blind 
- Qdel'd in New()
Path : /obj/item/clothing/under/color/random 
- Qdel'd in New()
Path : /obj/item/storage/backpack 
- Qdel'd in New()
Path : /obj/item/device/pda 
- Qdel'd in New()
Path : /obj/item/clothing/shoes/sneakers/black 
- Qdel'd in New()
Path : /obj/item/device/radio/headset 
- Qdel'd in New()
Path : /obj/item/card/id 
- Qdel'd in New()
Path : /obj/screen/movable/action_button/hide_toggle 
- Qdel'd in New()
Path : /obj/screen/plane_master/game_world 
- Qdel'd in New()
Path : /obj/screen/plane_master/lighting 
- Qdel'd in New()
Path : /obj/screen/plane_master/parallax 
- Qdel'd in New()
Path : /obj/screen/plane_master/parallax_white 
- Qdel'd in New()
Path : /obj/item/clothing/under/rank/geneticist 
- Qdel'd in New()
Path : /obj/item/clothing/suit/toggle/labcoat/genetics 
- Qdel'd in New()
Path : /obj/item/storage/backpack/genetics 
- Qdel'd in New()
Path : /obj/item/device/pda/geneticist 
- Qdel'd in New()
Path : /obj/item/clothing/shoes/sneakers/white 
- Qdel'd in New()
Path : /obj/item/device/radio/headset/headset_medsci 
- Qdel'd in New()
Path : /obj/item/device/encryptionkey/headset_medsci 
- Qdel'd in New()
Path : /obj/item/device/flashlight/pen 
- Qdel'd in New()
Path : /obj/machinery/telecomms/allinone 
- Didn't return an Initialize hint
Path : /obj/item/construction/rcd/loaded 
- Didn't return an Initialize hint

