Path : /mob/dview 
- Didn't call atom/Initialize()
- Didn't return an Initialize hint
Path : /obj/machinery/rnd/production/circuit_imprinter 
- Slept during Initialize()
Path : /obj/screen/movable/action_button/hide_toggle 
- Qdel'd in New()
Path : /obj/screen/plane_master/game_world 
- Qdel'd in New()
Path : /obj/screen/plane_master/lighting 
- Qdel'd in New()
Path : /obj/screen/plane_master/parallax 
- Qdel'd in New()
Path : /obj/screen/plane_master/parallax_white 
- Qdel'd in New()
Path : /turf/open/floor/plating/asteroid/airless/cave/has_data 
- Didn't return an Initialize hint
Path : /turf/open/floor/plating/asteroid/airless/cave 
- Didn't return an Initialize hint
Path : /turf/open/floor/plating/asteroid/airless/cave/volcanic/has_data 
- Didn't return an Initialize hint
Path : /turf/open/floor/plating/asteroid/airless/cave/volcanic 
- Didn't return an Initialize hint
Path : /obj/machinery/telecomms/allinone 
- Didn't return an Initialize hint

