

Starting up round ID 954. 00:31:08
---------------------
lerskull \ Tends-The-Floor \ Janitor \ NONE \ ROUNDSTART
captainedgelord \ David Skamander \ Medical Doctor \ brother \ ROUNDSTART
tythesmonk \ Hartley Riggle \ Head of Security \ NONE \ ROUNDSTART
datmanisdumb \ John Gray \ Cook \ brother \ ROUNDSTART
nonperson \ Jonah Rohtin \ Head of Personnel \ traitor \ ROUNDSTART
azlanonpc \ Jetra Norlan \ Roboticist \ NONE \ ROUNDSTART
GreenTea98 \ Helps-The-Station \ Bartender \ NONE \ LATEJOIN
ChemicalPills5379 \ Biggie Bongie \ Captain \ NONE \ LATEJOIN
AsciiSquid \ Forgets-The-Rules \ Research Director \ NONE \ LATEJOIN
TwoTar \ Tah-Kepanuu \ Scientist \ NONE \ LATEJOIN
Charlors \ Moisey Walentowicz \ Station Engineer \ NONE \ LATEJOIN
FunkieBaby \ Rayner Summy \ Chemist \ NONE \ LATEJOIN
Unoriginal.exe \ Rob Pinkston \ Janitor \ NONE \ LATEJOIN
PILATUS \ Phillip Poehl \ Security Officer \ NONE \ LATEJOIN
MintyBoi32 \ Jonathon Whirlow \ Assistant \ NONE \ LATEJOIN
Jesslynbrooke \ Jess Jenkers \ Assistant \ NONE \ LATEJOIN
Camwarp \ Sigma Lungbarrow \ Station Engineer \ NONE \ LATEJOIN
Cabro782 \ Kobe Hawker \ Chaplain \ NONE \ LATEJOIN
Blazikenowen \ Making The Music \ Clown \ NONE \ LATEJOIN
Landrydragon \ Landry \ Assistant \ NONE \ LATEJOIN
Dullest \ Estaban Kaperov \ Geneticist \ NONE \ LATEJOIN
