[2018-07-21 02:28:15.289] Starting up round ID 1653.
[2018-07-21 02:28:15.289] -------------------------
[2018-07-21 02:28:16.362] Initialized Database subsystem within 0 seconds!
[2018-07-21 02:28:16.362] Initialized Blackbox subsystem within 0 seconds!
[2018-07-21 02:28:16.362] Initialized Server Tasks subsystem within 0 seconds!
[2018-07-21 02:28:16.363] Initialized Input subsystem within 0 seconds!
[2018-07-21 02:28:16.396] Initialized Research subsystem within 0 seconds!
[2018-07-21 02:28:16.400] Initialized Events subsystem within 0.1 seconds!
[2018-07-21 02:28:16.404] Initialized Jobs subsystem within 0 seconds!
[2018-07-21 02:28:16.405] Initialized Quirks subsystem within 0 seconds!
[2018-07-21 02:28:16.417] Initialized Ticker subsystem within 0 seconds!
[2018-07-21 02:28:16.417] Loading Box Station...
[2018-07-21 02:28:24.536] Loaded Station in 8.1s!
[2018-07-21 02:28:34.984] Loaded Lavaland in 9.7s!
[2018-07-21 02:28:40.453] Ruin loader finished with 0 left to spend.
[2018-07-21 02:28:41.926] Ruin loader finished with 0 left to spend.
[2018-07-21 02:28:52.802] Initialized Mapping subsystem within 36.4 seconds!
[2018-07-21 02:28:52.804] Initialized Networks subsystem within 0 seconds!
[2018-07-21 02:29:33.578] Initialized Atoms subsystem within 40.7 seconds!
[2018-07-21 02:29:33.595] Initialized Language subsystem within 0 seconds!
[2018-07-21 02:29:33.947] Initialized Machines subsystem within 0.4 seconds!
[2018-07-21 02:29:33.996] Initialized Circuit subsystem within 0 seconds!
[2018-07-21 02:29:33.998] Initialized Disease subsystem within 0 seconds!
[2018-07-21 02:29:33.998] Initialized Medals subsystem within 0 seconds!
[2018-07-21 02:29:33.999] Initialized Night Shift subsystem within 0 seconds!
[2018-07-21 02:29:33.999] Initialized Parallax subsystem within 0 seconds!
[2018-07-21 02:29:34.125] Initialized Traumas subsystem within 0.2 seconds!
[2018-07-21 02:29:34.126] Initialized Weather subsystem within 0 seconds!
[2018-07-21 02:30:52.439] Initialized Atmospherics subsystem within 78.3 seconds!
[2018-07-21 02:30:52.467] Initialized Minimap subsystem within 0 seconds!
[2018-07-21 02:30:54.473] Initialized Assets subsystem within 2 seconds!
[2018-07-21 02:31:00.652] Initialized Icon Smoothing subsystem within 6.2 seconds!
[2018-07-21 02:31:02.104] Initialized Overlay subsystem within 1.5 seconds!
[2018-07-21 02:31:02.105] Initialized XKeyScore subsystem within 0 seconds!
[2018-07-21 02:31:02.105] Initialized Sticky Ban subsystem within 0 seconds!
[2018-07-21 02:31:13.763] Initialized Lighting subsystem within 11.6 seconds!
[2018-07-21 02:31:16.603] Initialized Shuttle subsystem within 2.9 seconds!
[2018-07-21 02:31:16.637] Initialized Squeak subsystem within 0 seconds!
[2018-07-21 02:31:16.638] Initialized Pathfinder subsystem within 0 seconds!
[2018-07-21 02:31:16.688] Loaded 15 engraved messages on map Box Station
[2018-07-21 02:31:16.716] Initialized Persistence subsystem within 0.1 seconds!
[2018-07-21 02:31:16.716] Initializations complete within 180.4 seconds!
[2018-07-21 02:32:30.267] Game start took 4.2s
[2018-07-21 03:03:36.246] ## WARNING: shuttle "arrivals" could not enter transit space. Docked at arrivals_stationary. Transit dock 33. in code/modules/shuttle/shuttle.dm at line 408 src: the arrivals shuttle usr: .
[2018-07-21 03:40:17.700] runtime error: Cannot execute null.get reagent().
[2018-07-21 03:40:17.700] 
[2018-07-21 03:43:32.221] Saved 15 engraved messages on map Box Station
[2018-07-21 03:44:54.856] runtime error: The light tube taking damage after deletion
[2018-07-21 03:44:54.856] 
[2018-07-21 03:44:54.856] runtime error: The light tube taking damage after deletion
[2018-07-21 03:44:54.856] 
[2018-07-21 03:44:54.857] runtime error: The light tube taking damage after deletion
[2018-07-21 03:44:54.857] 
[2018-07-21 03:44:54.857] runtime error: The light tube taking damage after deletion
[2018-07-21 03:44:54.857] 
[2018-07-21 03:44:54.857] runtime error: The light tube taking damage after deletion
[2018-07-21 03:44:54.857] 
[2018-07-21 03:44:54.858] runtime error: The light bulb taking damage after deletion
[2018-07-21 03:44:54.858] 
[2018-07-21 03:44:54.858] runtime error: The light bulb taking damage after deletion
[2018-07-21 03:44:54.858] 
[2018-07-21 03:44:54.859] runtime error: The light bulb taking damage after deletion
[2018-07-21 03:44:54.859] 
[2018-07-21 03:44:55.108] runtime error: addtimer called with a callback assigned to a qdeleted object. In the future such timers will not be supported and may refuse to run or run with a 0 wait
[2018-07-21 03:44:55.108] 
[2018-07-21 03:44:56.111] runtime error: addtimer called with a callback assigned to a qdeleted object. In the future such timers will not be supported and may refuse to run or run with a 0 wait
[2018-07-21 03:44:56.111] 
[2018-07-21 03:45:09.516] Shutting down Persistence subsystem...
[2018-07-21 03:45:09.516] Shutting down Pathfinder subsystem...
[2018-07-21 03:45:09.516] Shutting down Squeak subsystem...
[2018-07-21 03:45:09.516] Shutting down Shuttle subsystem...
[2018-07-21 03:45:09.516] Shutting down Lighting subsystem...
[2018-07-21 03:45:09.516] Shutting down XKeyScore subsystem...
[2018-07-21 03:45:09.516] Shutting down Sticky Ban subsystem...
[2018-07-21 03:45:09.517] Shutting down Overlay subsystem...
[2018-07-21 03:45:09.588] Shutting down Icon Smoothing subsystem...
[2018-07-21 03:45:09.588] Shutting down Assets subsystem...
[2018-07-21 03:45:09.588] Shutting down Minimap subsystem...
[2018-07-21 03:45:09.588] Shutting down Atmospherics subsystem...
[2018-07-21 03:45:09.588] Shutting down Wet floors subsystem...
[2018-07-21 03:45:09.588] Shutting down Weather subsystem...
[2018-07-21 03:45:09.588] Shutting down Vote subsystem...
[2018-07-21 03:45:09.588] Shutting down Traumas subsystem...
[2018-07-21 03:45:09.588] Shutting down Title Screen subsystem...
[2018-07-21 03:45:09.591] Shutting down Time Tracking subsystem...
[2018-07-21 03:45:09.591] Shutting down Throwing subsystem...
[2018-07-21 03:45:09.591] Shutting down tgui subsystem...
[2018-07-21 03:45:09.591] Shutting down Sun subsystem...
[2018-07-21 03:45:09.591] Shutting down Space Drift subsystem...
[2018-07-21 03:45:09.591] Shutting down Religion subsystem...
[2018-07-21 03:45:09.591] Shutting down Radio subsystem...
[2018-07-21 03:45:09.591] Shutting down Radiation subsystem...
[2018-07-21 03:45:09.591] Shutting down Projectiles subsystem...
[2018-07-21 03:45:09.591] Shutting down Processing subsystem...
[2018-07-21 03:45:09.591] Shutting down Ping subsystem...
[2018-07-21 03:45:09.591] Shutting down Parallax subsystem...
[2018-07-21 03:45:09.591] Shutting down pAI subsystem...
[2018-07-21 03:45:09.591] Shutting down Orbits subsystem...
[2018-07-21 03:45:09.591] Shutting down Objects subsystem...
[2018-07-21 03:45:09.591] Shutting down NPC Pool subsystem...
[2018-07-21 03:45:09.591] Shutting down Night Shift subsystem...
[2018-07-21 03:45:09.591] Shutting down Mood subsystem...
[2018-07-21 03:45:09.592] Shutting down Mobs subsystem...
[2018-07-21 03:45:09.592] Shutting down Medals subsystem...
[2018-07-21 03:45:09.592] Shutting down Idling NPC Pool subsystem...
[2018-07-21 03:45:09.592] Shutting down Fire Burning subsystem...
[2018-07-21 03:45:09.592] Shutting down Fields subsystem...
[2018-07-21 03:45:09.592] Shutting down Fast Processing subsystem...
[2018-07-21 03:45:09.592] Shutting down Disease subsystem...
[2018-07-21 03:45:09.592] Shutting down Datum Component System subsystem...
[2018-07-21 03:45:09.592] Shutting down Communications subsystem...
[2018-07-21 03:45:09.592] Shutting down Augury subsystem...
[2018-07-21 03:45:09.592] Shutting down Acid subsystem...
[2018-07-21 03:45:09.592] Shutting down Timer subsystem...
[2018-07-21 03:45:09.592] Shutting down Circuit subsystem...
[2018-07-21 03:45:09.592] Shutting down Machines subsystem...
[2018-07-21 03:45:09.592] Shutting down Language subsystem...
[2018-07-21 03:45:09.592] Shutting down Atoms subsystem...
[2018-07-21 03:45:09.593] Shutting down Networks subsystem...
[2018-07-21 03:45:09.593] Shutting down Mapping subsystem...
[2018-07-21 03:45:09.593] Shutting down Ticker subsystem...
[2018-07-21 03:45:09.724] Shutting down Quirks subsystem...
[2018-07-21 03:45:09.725] Shutting down Jobs subsystem...
[2018-07-21 03:45:09.725] Shutting down Events subsystem...
[2018-07-21 03:45:09.725] Shutting down Research subsystem...
[2018-07-21 03:45:09.725] Shutting down Input subsystem...
[2018-07-21 03:45:09.725] Shutting down Server Tasks subsystem...
[2018-07-21 03:45:09.725] Shutting down Blackbox subsystem...
[2018-07-21 03:45:09.896] Shutting down Database subsystem...
[2018-07-21 03:45:09.934] Shutting down Garbage subsystem...
[2018-07-21 03:45:10.027] Shutdown complete
[2018-07-21 03:45:10.027] World rebooted at 03:45:10
