

Starting up round ID 58. 18:14:52
---------------------
datmanisdumb \ Jimmi Grugerson \ Cook \ NONE \ ROUNDSTART
brhunter45 \ Lane Murray \ Chaplain \ NONE \ ROUNDSTART
xxrobokillerxx \ Christopher Odd \ Assistant \ NONE \ ROUNDSTART
bluscout78 \ Naton Ketchup \ Research Director \ NONE \ ROUNDSTART
hexob \ Cristopher Digson \ Head of Security \ NONE \ ROUNDSTART
snipay \ Nikolas Hoover \ Quartermaster \ NONE \ ROUNDSTART
ntaede \ Lily Dunkelheit \ Station Engineer \ NONE \ ROUNDSTART
archimage \ Tamika Brooks \ Shaft Miner \ NONE \ ROUNDSTART
xevilxhybridx \ Cell \ AI \ traitor \ ROUNDSTART
cencere \ Guide McTutorial \ Chief Engineer \ NONE \ ROUNDSTART
jathomar \ Jack Heckler \ Head of Personnel \ NONE \ ROUNDSTART
cremation \ Carl Hayes \ Scientist \ NONE \ ROUNDSTART
sikekiz \ Ellie Bode \ Scientist \ NONE \ ROUNDSTART
streex \ Lief McShain \ Curator \ traitor \ ROUNDSTART
Aira23445 \ Payton Seidner \ Captain \ NONE \ LATEJOIN
Dnexus \ Baum-Mobareed \ Botanist \ NONE \ LATEJOIN
Bobster7072 \ Alexander Lloyd \ Chief Medical Officer \ NONE \ LATEJOIN
CALVIN1390 \ Isiah Eckhardstein \ Roboticist \ NONE \ LATEJOIN
Cloudcasterv \ River Mull \ Janitor \ NONE \ LATEJOIN
