

Starting up round ID 683. 14:15:54
---------------------
[14:39:05]PDA: Blazikenowen/(Silent) (PDA: mime PDA) sent "can I have a puggo" to Nick Freeman (Head of Personnel) (97,139,2)
[14:49:01]PDA: Vuk Farkas/(Vuk Farkas) (PDA: research director PDA) sent "can ya do circuits? and make bots?" to Katherine Sinclair (Scientist) (168,101,2)
[14:49:30]PDA: Pandolphina/(Katherine Sinclair) (PDA: scientist PDA) sent "Not circuits, nope, sorry. Doing some of the research which isn&#39;t done, and I am VERY good at xenobio." to Vuk Farkas (Research Director) (184,122,2)
[14:49:50]PDA: Vuk Farkas/(Vuk Farkas) (PDA: research director PDA) sent "oooh if yer that good i leave you the xenobio then" to Katherine Sinclair (Scientist) (166,102,2)
[14:49:57]PDA: Pandolphina/(Katherine Sinclair) (PDA: scientist PDA) sent "Thanks." to Vuk Farkas (Research Director) (184,122,2)
[14:50:03]PDA: Vuk Farkas/(Vuk Farkas) (PDA: research director PDA) sent "especially if ya turn me into a luminescent" to Katherine Sinclair (Scientist) (166,102,2)
[14:50:43]PDA: Vuk Farkas/(Vuk Farkas) (PDA: research director PDA) sent "by the way how to change alien race default color? i always end up some shade of red" to Katherine Sinclair (Scientist) (186,123,2)
[14:50:59]PDA: Pandolphina/(Katherine Sinclair) (PDA: scientist PDA) sent "No clue." to Vuk Farkas (Research Director) (168,101,2)
[15:24:51]PDA: XXReCterXx/(Lina Bright) (PDA: detective PDA) sent "get your ass to kitchen" to Gabrielle Clarke (Warden) (150,134,2)
[15:24:56]PDA: Florin1111/(Gabrielle Clarke) (PDA: warden PDA) sent "ok" to Lina Bright (Detective) (140,137,2)
[15:25:24]PDA: Vuk Farkas/(Vuk Farkas) (PDA: research director PDA) sent "how is the progress going?" to Katherine Sinclair (Scientist) (187,120,2)
[15:25:40]PDA: Pandolphina/(Katherine Sinclair) (PDA: scientist PDA) sent "Actually almost there! 2 minutes, and I&#39;m ready." to Vuk Farkas (Research Director) (177,102,2)
[15:27:18]PDA: Pandolphina/(Katherine Sinclair) (PDA: scientist PDA) sent "Just gotta wait for this last one to split..." to Vuk Farkas (Research Director) (169,102,2)
[15:51:34]PDA: Florin1111/(Gabrielle Clarke) (PDA: warden PDA) sent "silent has a brain at the kitchen , not sure if its the same one as before" to Lina Bright (Detective) (167,130,2)
[15:51:43]PDA: XXReCterXx/(Lina Bright) (PDA: detective PDA) sent "hmm , il look into it" to Gabrielle Clarke (Warden) (90,132,2)
[15:54:09]PDA: XXReCterXx/(Lina Bright) (PDA: detective PDA) sent "HoP , present yourselfe to security , i have to check you for some detective work" to Nick Freeman (Head of Personnel) (128,133,2)
[16:04:39]PDA: Ivan002/(Nick Freeman) (PDA: PDA) sent "Warden,are you still alive?" to Gabrielle Clarke (Warden) (112,135,2)
[16:04:51]PDA: Florin1111/(Gabrielle Clarke) (PDA: warden PDA) sent "yes" to Nick Freeman (Sturmbannfuhrer) (122,140,2)
[16:07:11]PDA: Ivan002/(Nick Freeman) (PDA: PDA) sent "Okay.I want you to become new HoP.What do you think about this?" to Gabrielle Clarke (Warden) (108,120,2)
[16:07:13]PDA: Vuk Farkas/(Vuk Farkas) (PDA: research director PDA) sent "oi" to Gavin Kellogg (Chief Engineer) (150,131,2)
[16:07:22]PDA: Vuk Farkas/(Vuk Farkas) (PDA: research director PDA) sent "science needs major door repairs" to Gavin Kellogg (Chief Engineer) (150,131,2)
[16:07:48]PDA: Florin1111/(Gabrielle Clarke) (PDA: warden PDA) sent "sure" to Nick Freeman (Sturmbannfuhrer) (116,176,2)
[16:08:00]PDA: Ivan002/(Nick Freeman) (PDA: PDA) sent "Go to HoP&#39;s office" to Gabrielle Clarke (Warden) (102,120,2)
[16:10:41]PDA: Ivan002/(Nick Freeman) (PDA: PDA) sent "Good luck,im going to hotel." to Gabrielle Clarke (Warden) (104,120,2)
[16:11:01]PDA: Florin1111/(Gabrielle Clarke) (PDA: warden PDA) sent "ok" to Nick Freeman (Sturmbannfuhrer) (112,150,2)
[16:11:46]PDA: Florin1111/(Gabrielle Clarke) (PDA: warden PDA) sent "I have HoP acces now" to Lina Bright (Detective) (96,142,2)
[16:20:46]PDA: Infinitys true end/(Christopher Odd) (PDA: shaft miner PDA) sent "i bet 10 credits they are in bridge" to Lina Bright (Detective) (129,140,2)
[16:21:26]PDA: XXReCterXx/(Lina Bright) (PDA: detective PDA) sent "you won 10 credits" to Christopher Odd (Shaft Miner) (103,111,2)
[16:21:40]PDA: Infinitys true end/(Christopher Odd) (PDA: shaft miner PDA) sent ":)" to Lina Bright (Detective) (117,163,2)
[16:29:45]PDA: Kevinspacey2002/(Gavin Kellogg) (PDA: chief engineer PDA) sent "hey bb" to Vaughn Powell (Chief Medical Officer) (173,134,2)
[16:30:35]PDA: Kevinspacey2002/(Gavin Kellogg) (PDA: chief engineer PDA) sent "are your objectives done?" to Vaughn Powell (Chief Medical Officer) (163,130,2)
[16:36:22]PDA: Ivan002/(Nick Freeman) (PDA: PDA) sent "Don&#39;t go to bridge" to Vaughn Powell (Chief Medical Officer) (121,118,2)
[16:36:28]PDA: Ivan002/(Nick Freeman) (PDA: PDA) sent "They want to kill you" to Vaughn Powell (Chief Medical Officer) (121,118,2)
[16:36:39]PDA: Turtlemanthegreat/(Vaughn Powell) (PDA: chief medical officer PDA) sent "really" to Nick Freeman (Sturmbannfuhrer) (135,106,2)
[16:36:42]PDA: Ivan002/(Nick Freeman) (PDA: PDA) sent "Yes." to Vaughn Powell (Chief Medical Officer) (121,118,2)
[16:36:52]PDA: Ivan002/(Nick Freeman) (PDA: PDA) sent "Do i look like im joking?" to Vaughn Powell (Chief Medical Officer) (121,118,2)
[16:51:35]PDA: Ivan002/(Nick Freeman) (PDA: PDA) sent "Are you okay?" to Vaughn Powell (Chief Medical Officer) (189,128,2)
[16:52:10]PDA: Ivan002/(Nick Freeman) (PDA: PDA) sent "If you need help just call me" to Vaughn Powell (Chief Medical Officer) (187,128,2)
