[2018-08-30 07:10:22.570] Running /tg/ revision:
[2018-08-30 07:10:22.571] 779f1a16ea59459ae2a9281f4c7b9757e14be7cf: 2018-08-29
[2018-08-30 07:10:22.572] runtime error: list index out of bounds
[2018-08-30 07:10:22.572] proc name: New (/datum/getrev/New)
[2018-08-30 07:10:22.572]   source file: getrev.dm,28
[2018-08-30 07:10:22.572]   usr: null
[2018-08-30 07:10:22.572]   src: /datum/getrev (/datum/getrev)
[2018-08-30 07:10:22.572]   call stack:
[2018-08-30 07:10:22.572] /datum/getrev (/datum/getrev): New()
[2018-08-30 07:10:22.572] world: New()
[2018-08-30 07:10:22.572] 
[2018-08-30 07:10:22.579] Loading config file config.txt...
[2018-08-30 07:10:22.580] Loading config file game_options.txt...
[2018-08-30 07:10:22.581] Unknown setting in configuration: 'w##'
[2018-08-30 07:10:22.583] Failed to validate setting "DOUBLE_AGENTS 20" for min_pop
[2018-08-30 07:10:22.583] Failed to validate setting "DOUBLE_AGENTS -1" for max_pop
[2018-08-30 07:10:22.588] Loading config file dbconfig.txt...
[2018-08-30 07:10:22.588] Loading config file comms.txt...
[2018-08-30 07:10:22.592] Loading config file maps.txt...
[2018-08-30 07:10:22.746] Database connection established.
[2018-08-30 07:10:22.780] SQL: Could not get schema version from database
