[2018-07-06 09:18:10.903] runtime error: bad index
[2018-07-06 09:18:10.903] proc name: Get (/datum/controller/configuration/proc/Get)
[2018-07-06 09:18:10.903]   source file: configuration.dm,175
[2018-07-06 09:18:10.903]   usr: null
[2018-07-06 09:18:10.903]   src: Configuration (/datum/controller/configuration)
[2018-07-06 09:18:10.903]   call stack:
[2018-07-06 09:18:10.903] Configuration (/datum/controller/configuration): Get(/datum/config_entry/flag/log_w... (/datum/config_entry/flag/log_world_topic))
[2018-07-06 09:18:10.904] world: Topic("status", "198.58.107.171", null, null)
[2018-07-06 09:18:10.904] 
[2018-07-06 09:18:10.904] runtime error: bad index
[2018-07-06 09:18:10.904] proc name: Get (/datum/controller/configuration/proc/Get)
[2018-07-06 09:18:10.904]   source file: configuration.dm,175
[2018-07-06 09:18:10.904]   usr: null
[2018-07-06 09:18:10.904]   src: Configuration (/datum/controller/configuration)
[2018-07-06 09:18:10.904]   call stack:
[2018-07-06 09:18:10.904] Configuration (/datum/controller/configuration): Get(/datum/config_entry/string/com... (/datum/config_entry/string/comms_key))
[2018-07-06 09:18:10.904] /datum/world_topic/status (/datum/world_topic/status): TryRun(/list (/list))
[2018-07-06 09:18:10.904] world: Topic("status", "198.58.107.171", null, null)
[2018-07-06 09:18:10.904] 
[2018-07-06 09:18:10.905] runtime error: bad index
[2018-07-06 09:18:10.905] proc name: Get (/datum/controller/configuration/proc/Get)
[2018-07-06 09:18:10.905]   source file: configuration.dm,175
[2018-07-06 09:18:10.905]   usr: null
[2018-07-06 09:18:10.905]   src: Configuration (/datum/controller/configuration)
[2018-07-06 09:18:10.905]   call stack:
[2018-07-06 09:18:10.905] Configuration (/datum/controller/configuration): Get(/datum/config_entry/flag/nores... (/datum/config_entry/flag/norespawn))
[2018-07-06 09:18:10.905] /datum/world_topic/status (/datum/world_topic/status): Run(/list (/list))
[2018-07-06 09:18:10.905] /datum/world_topic/status (/datum/world_topic/status): TryRun(/list (/list))
[2018-07-06 09:18:10.905] world: Topic("status", "198.58.107.171", null, null)
[2018-07-06 09:18:10.905] 
[2018-07-06 09:18:10.905] runtime error: bad index
[2018-07-06 09:18:10.905] proc name: Get (/datum/controller/configuration/proc/Get)
[2018-07-06 09:18:10.905]   source file: configuration.dm,175
[2018-07-06 09:18:10.905]   usr: null
[2018-07-06 09:18:10.905]   src: Configuration (/datum/controller/configuration)
[2018-07-06 09:18:10.905]   call stack:
[2018-07-06 09:18:10.905] Configuration (/datum/controller/configuration): Get(/datum/config_entry/flag/allow... (/datum/config_entry/flag/allow_vote_mode))
[2018-07-06 09:18:10.905] /datum/world_topic/status (/datum/world_topic/status): Run(/list (/list))
[2018-07-06 09:18:10.905] /datum/world_topic/status (/datum/world_topic/status): TryRun(/list (/list))
[2018-07-06 09:18:10.906] world: Topic("status", "198.58.107.171", null, null)
[2018-07-06 09:18:10.906] 
[2018-07-06 09:18:10.906] runtime error: bad index
[2018-07-06 09:18:10.906] proc name: Get (/datum/controller/configuration/proc/Get)
[2018-07-06 09:18:10.906]   source file: configuration.dm,175
[2018-07-06 09:18:10.906]   usr: null
[2018-07-06 09:18:10.906]   src: Configuration (/datum/controller/configuration)
[2018-07-06 09:18:10.906]   call stack:
[2018-07-06 09:18:10.906] Configuration (/datum/controller/configuration): Get(/datum/config_entry/flag/allow... (/datum/config_entry/flag/allow_ai))
[2018-07-06 09:18:10.906] /datum/world_topic/status (/datum/world_topic/status): Run(/list (/list))
[2018-07-06 09:18:10.906] /datum/world_topic/status (/datum/world_topic/status): TryRun(/list (/list))
[2018-07-06 09:18:10.906] world: Topic("status", "198.58.107.171", null, null)
[2018-07-06 09:18:10.906] 
[2018-07-06 09:18:10.907] runtime error: Cannot read null.commit
[2018-07-06 09:18:10.907] proc name: Run (/datum/world_topic/status/Run)
[2018-07-06 09:18:10.907]   source file: world_topic.dm,151
[2018-07-06 09:18:10.907]   usr: null
[2018-07-06 09:18:10.907]   src: /datum/world_topic/status (/datum/world_topic/status)
[2018-07-06 09:18:10.907]   call stack:
[2018-07-06 09:18:10.907] /datum/world_topic/status (/datum/world_topic/status): Run(/list (/list))
[2018-07-06 09:18:10.907] /datum/world_topic/status (/datum/world_topic/status): TryRun(/list (/list))
[2018-07-06 09:18:10.907] world: Topic("status", "198.58.107.171", null, null)
[2018-07-06 09:18:10.907] 
[2018-07-06 09:18:11.009] Running /tg/ revision:
[2018-07-06 09:18:11.009] f91c8c11441f125882dbe145493c1340fa0a5546: 2018-07-03
[2018-07-06 09:18:11.010] runtime error: list index out of bounds
[2018-07-06 09:18:11.010] proc name: New (/datum/getrev/New)
[2018-07-06 09:18:11.010]   source file: getrev.dm,18
[2018-07-06 09:18:11.010]   usr: null
[2018-07-06 09:18:11.010]   src: /datum/getrev (/datum/getrev)
[2018-07-06 09:18:11.010]   call stack:
[2018-07-06 09:18:11.010] /datum/getrev (/datum/getrev): New()
[2018-07-06 09:18:11.010] world: New()
[2018-07-06 09:18:11.010] 
[2018-07-06 09:18:11.018] Loading config file config.txt...
[2018-07-06 09:18:11.020] Loading config file game_options.txt...
[2018-07-06 09:18:11.022] Unknown setting in configuration: 'w##'
[2018-07-06 09:18:11.024] Failed to validate setting "DOUBLE_AGENTS 25" for min_pop
[2018-07-06 09:18:11.024] Failed to validate setting "DOUBLE_AGENTS -1" for max_pop
[2018-07-06 09:18:11.026] Loading config file dbconfig.txt...
[2018-07-06 09:18:11.027] Loading config file comms.txt...
[2018-07-06 09:18:11.029] Loading config file maps.txt...
[2018-07-06 09:18:11.272] Database connection established.
[2018-07-06 09:18:11.304] SQL: Could not get schema version from database
