

Starting up round ID 178. 07:31:24
---------------------
[07:31:24]GAME: Round ID: 178
[07:31:24]ADMIN: Loading Banlist
[07:31:24]ACCESS: Login: BABAHUHU from 97.93.229.104-4219259171 || BYOND v512
[07:31:24]ACCESS: Mob Login: BABAHUHU/(BABAHUHU) was assigned to a /mob/dead/new_player
[07:31:25]GAME: Saved mode is 'secret'
[07:31:41]GAME: Hierophant's Arena loaded at at 151,180,5
[07:31:41]GAME: Crashed Shuttle loaded at at 118,90,5
[07:31:42]GAME: Syndicate Lava Base loaded at at 156,50,5
[07:31:42]GAME: Survival Capsule Ruins loaded at at 187,122,5
[07:31:42]GAME: Fountain Hall loaded at at 107,121,5
[07:31:42]GAME: Biodome Beach loaded at at 23,173,5
[07:31:42]GAME: Survival Capsule Ruins loaded at at 181,25,5
[07:31:42]GAME: Ordinary Space Tile loaded at at 214,110,8
[07:31:42]GAME: Abandoned Telecommunications Satellite loaded at at 96,170,7
[07:31:42]GAME: Asteroid 3 loaded at at 117,101,3
[07:31:42]GAME: Strange Ship loaded at at 116,179,4
[07:31:42]GAME: Asteroid 1 loaded at at 148,148,8
[07:31:42]GAME: Dinner for Two loaded at at 187,29,4
[07:31:42]GAME: Waylaid Buses loaded at at 84,108,7
[07:31:42]GAME: DK Excavator 453 loaded at at 140,124,4
[07:31:42]GAME: Unnamed Turreted Outpost loaded at at 160,116,11
[07:31:42]GAME: Syndicate Listening Station loaded at at 39,144,11
[07:31:42]GAME: Whiteship Dock loaded at at 143,28,11
[07:31:43]GAME: Derelict 1 loaded at at 159,95,7
[07:31:43]GAME: SCP-294 Containment loaded at at 32,219,7
[07:31:43]GAME: Detached Teleporter loaded at at 26,100,7
[07:31:43]GAME: Derelict 4 loaded at at 88,42,9
[07:32:32]OOC: BABAHUHU/(BABAHUHU) : uh a duh herro dere (8,174,1)
[07:32:52]ACCESS: Logout: BABAHUHU/(BABAHUHU)
[07:33:22]GAME: fancy transport ferry loaded at at 115,146,1
[07:33:22]GAME: Box Station Emergency Shuttle loaded at at 116,137,1
[07:33:23]GAME: basic syndicate infiltrator loaded at at 113,137,1
[07:33:23]GAME: cargo ferry (Box) loaded at at 118,142,1
[07:33:24]GAME: arrival shuttle (Box) loaded at at 114,145,1
[07:33:24]GAME: mining shuttle (Box) loaded at at 119,145,1
[07:33:24]GAME: labour shuttle (Box) loaded at at 119,144,1
[07:33:25]GAME: NT Recovery Whiteship loaded at at 107,141,1
[09:13:24]ACCESS: Login: EiceHasNoIQ2 from 197.48.129.58-3413985936 || BYOND v512
[09:13:24]ACCESS: Mob Login: EiceHasNoIQ2/(EiceHasNoIQ2) was assigned to a /mob/dead/new_player
[09:13:25]ACCESS: Failed Login: EiceHasNoIQ2 3413985936 197.48.129.58 - CID randomizer check
[09:13:29]ACCESS: Logout: EiceHasNoIQ2/(EiceHasNoIQ2)
[09:14:08]ACCESS: Login: EiceHasNoIQ2 from 197.48.129.58-3413985936 || BYOND v512
[09:14:08]ACCESS: Mob Login: EiceHasNoIQ2/(EiceHasNoIQ2) was assigned to a /mob/dead/new_player
[09:14:31]ACCESS: Login: The_Introvert253 from 41.239.46.57-1650435751 || BYOND v511
[09:14:31]ACCESS: Mob Login: The_Introvert253/(The_Introvert253) was assigned to a /mob/dead/new_player
[09:14:31]ACCESS: Failed Login: The_Introvert253 1650435751 41.239.46.57 - CID randomizer check
[09:14:33]ACCESS: Logout: The_Introvert253/(The_Introvert253)
[09:14:36]ACCESS: Login: The_Introvert253 from 41.239.46.57-1650435751 || BYOND v511
[09:14:36]ACCESS: Mob Login: The_Introvert253/(The_Introvert253) was assigned to a /mob/dead/new_player
[09:16:35]ACCESS: Logout: EiceHasNoIQ2/(EiceHasNoIQ2)
[09:16:35]ACCESS: Login: EiceHasNoIQ2 from 197.48.129.58-3413985936 || BYOND v512
[09:16:35]ACCESS: Mob Login: EiceHasNoIQ2/(EiceHasNoIQ2) was assigned to a /mob/dead/new_player
[09:16:52]GAME: The_Introvert253 (ckey) has been selected as a traitor
[09:16:52]ACCESS: Mob Login: The_Introvert253/(Optimus) was assigned to a /mob/living/silicon/ai
[09:16:56]EMOTE: *no key*/(Lizard) : <b>Lizard</b> stops moving... (91,119,7)
[09:16:57]SAY: Prison Ofitser/ : Engaging patrol mode. (23,36,5)
[09:16:57]SAY: Prison Ofitser/ : Disengaging patrol mode. (23,36,5)
[09:16:57]SAY: Officer Beepsky/ : Engaging patrol mode. (94,159,2)
[09:17:00]SAY: grey baby slime (273)/ : Lonely... (167,94,2)
[09:17:04]GAME: Random Event triggering: Easter Eggselence (/datum/round_event/easter)
[09:17:04]GAME: Random Event triggering: Minor Space Dust (/datum/round_event/space_dust)
[09:17:05]EMOTE: *no key*/(Poly) : <b>Poly</b> turns and flies towards the clipboard. (118,81,2)
[09:17:07]SAY: mouse/ : Squeek? (86,82,2)
[09:17:13]EMOTE: *no key*/(crab) : <b>The crab</b> clicks. (28,185,5)
[09:17:22]SAY: Medibot/ : Delicious! (155,73,1)
[09:17:33]EMOTE: *no key*/(mouse) : <b>The mouse</b> shakes. (88,82,2)
[09:17:33]SAY: mouse/ : SQUEEK! (79,127,2)
[09:17:35]EMOTE: *no key*/(Tom) : <b>Tom</b> runs in a circle. (100,191,2)
[09:17:41]EMOTE: *no key*/(monkey (534)) : <b>The monkey (534)</b> rolls. (158,100,2)
[09:17:43]EMOTE: *no key*/(monkey (114)) : <b>The monkey (114)</b> waves her tail. (172,82,5)
[09:18:06]SAY: Poly/ : WHO TOOK THE DAMN HARDSUITS? (118,83,2)
[09:18:16]EMOTE: *no key*/(crab) : <b>The crab</b> clicks. (42,182,5)
[09:18:20]EMOTE: *no key*/(Ian) : <b>Ian</b> chases its tail. (106,121,2)
[09:18:21]EMOTE: *no key*/(monkey (534)) : <b>The monkey (534)</b> rolls. (160,99,2)
[09:18:22]SAY: mouse/ : SQUEEK! (85,82,2)
[09:18:23]EMOTE: *no key*/(monkey (946)) : <b>The monkey (946)</b> scratches. (164,76,5)
[09:18:24]SAY: mouse/ : Squeek? (106,83,2)
[09:18:28]SAY: Poly/ : I&#39;d rather toolbox than switch. (118,83,2)
[09:18:28]SAY: Ian/ : YAP (106,121,2)
[09:18:30]EMOTE: *no key*/(grey baby slime (273)) : <b>The grey baby slime (273)</b> vibrates! (166,92,2)
[09:18:30]SAY: mouse/ : Squeek? (85,82,2)
[09:18:30]EMOTE: *no key*/(Poly) : <b>Poly</b> looks in the Zippo lighter's direction and takes flight. (118,83,2)
[09:18:44]EMOTE: *no key*/(monkey (998)) : <b>The monkey (998)</b> waves her tail. (166,76,5)
[09:18:53]EMOTE: *no key*/(monkey (467)) : <b>The monkey (467)</b> scratches. (160,117,2)
[09:18:54]EMOTE: *no key*/(mouse) : <b>The mouse</b> runs in a circle. (175,153,2)
[09:19:03]ACCESS: Mob Login: EiceHasNoIQ2/(Zack Richardson) was assigned to a /mob/living/carbon/human
[09:19:08]EMOTE: *no key*/(Coco VI) : <b>Coco VI</b> waves its tail. (144,138,2)
[09:19:18]SAY: Poly/ : Anyone have acess to radio? (118,83,2)
[09:19:23]EMOTE: *no key*/(monkey (410)) : <b>The monkey (410)</b> waves his tail. (164,76,5)
[09:19:30]EMOTE: *no key*/(Poly) : <b>Poly</b> looks in the burn patch's direction and takes flight. (118,83,2)
[09:19:31]EMOTE: *no key*/(monkey (946)) : <b>The monkey (946)</b> scratches. (164,77,5)
[09:19:31]EMOTE: *no key*/(Coco VI) : <b>Coco VI</b> rolls. (144,138,2)
[09:19:35]GAME: EiceHasNoIQ2/(Zack Richardson) has proposed to name the station as Big Gay
[09:19:35]EMOTE: *no key*/(monkey (848)) : <b>The monkey (848)</b> jumps! (160,119,2)
[09:19:35]EMOTE: *no key*/(monkey (534)) : <b>The monkey (534)</b> scratches. (157,99,2)
[09:19:42]SAY: Medibot/ : There&#39;s always a catch, and I&#39;m the best there is. (154,73,1)
[09:19:48]EMOTE: *no key*/(mouse) : <b>The mouse</b> runs in a circle. (96,105,2)
[09:19:53]SAY: Nobody's Perfect/ : I knew it, I should&#39;ve been a plastic surgeon. (24,75,1)
[09:19:53]EMOTE: *no key*/(monkey (44)) : <b>The monkey (44)</b> jumps! (161,116,2)
[09:19:55]EMOTE: *no key*/(Runtime) : <b>Runtime</b> meows. (158,108,2)
[09:20:01]EMOTE: *no key*/(mouse) : <b>The mouse</b> runs in a circle. (87,82,2)
[09:20:03]EMOTE: *no key*/(crab) : <b>The crab</b> clacks. (40,182,5)
[09:20:05]EMOTE: *no key*/(monkey (870)) : <b>The monkey (870)</b> rolls. (164,77,5)
[09:20:13]SAY: Medibot/ : Delicious! (154,73,1)
[09:20:17]EMOTE: *no key*/(monkey (870)) : <b>The monkey (870)</b> rolls. (164,77,5)
[09:20:19]EMOTE: *no key*/(crab) : <b>The crab</b> clicks. (30,185,5)
[09:20:21]EMOTE: *no key*/(monkey (992)) : <b>The monkey (992)</b> jumps! (158,101,2)
[09:20:23]EMOTE: *no key*/(monkey (998)) : <b>The monkey (998)</b> waves her tail. (165,76,5)
[09:20:25]EMOTE: *no key*/(Poly) : <b>Poly</b> looks in the monitor decryption key's direction and takes flight. (118,83,2)
[09:20:35]SAY: Poly/ : Yeah (118,83,2)
[09:20:35]GAME: EiceHasNoIQ2/(Zack Richardson) has renamed the station as Big Gay.
[09:20:47]EMOTE: *no key*/(monkey (946)) : <b>The monkey (946)</b> scratches. (165,77,5)
[09:20:55]SAY: Tom/ : Squeek! (101,189,2)
[09:21:11]EMOTE: *no key*/(Tom) : <b>Tom</b> runs in a circle. (102,189,2)
[09:21:21]EMOTE: *no key*/(Poly) : <b>Poly</b> looks in the chief engineer's rubber stamp's direction and takes flight. (118,83,2)
[09:21:21]EMOTE: *no key*/(Runtime) : <b>Runtime</b> grooms its fur. (158,108,2)
[09:21:21]EMOTE: *no key*/(monkey (519)) : <b>The monkey (519)</b> rolls. (160,101,2)
[09:21:23]ACCESS: Logout: The_Introvert253/(Optimus)
[09:21:36]EMOTE: *no key*/(monkey (998)) : <b>The monkey (998)</b> jumps! (166,77,5)
[09:21:38]EMOTE: *no key*/(Poly) : <b>Poly</b> flutters its wings. (118,83,2)
[09:21:48]SAY: Medibot/ : What kind of medbay is this? Everyone&#39;s dropping like flies. (154,73,1)
[09:22:07]GAME: The Emergency Escape Bar loaded at at 116,137,1
[09:22:08]EMOTE: *no key*/(crab) : <b>The crab</b> clicks. (27,185,5)
[09:22:09]GAME: The Emergency Escape Bar loaded at at 116,137,1
[09:22:13]EMOTE: *no key*/(Poly) : <b>Poly</b> squawks. (118,83,2)
[09:22:15]SAY: Medibot/ : Delicious! (154,73,1)
[09:22:15]EMOTE: *no key*/(crab) : <b>The crab</b> clacks. (39,191,5)
[09:22:21]EMOTE: *no key*/(Poly) : <b>Poly</b> looks in the chief engineer's rubber stamp's direction and takes flight. (118,83,2)
[09:22:25]SAY: mouse/ : Squeek! (158,145,2)
[09:22:25]SAY: Poly/ : Run!!!! (118,81,2)
[09:22:27]EMOTE: *no key*/(grey baby slime (550)) : <b>The grey baby slime (550)</b> bounces in place. (175,94,2)
[09:22:27]EMOTE: *no key*/(monkey (848)) : <b>The monkey (848)</b> rolls. (161,118,2)
[09:22:27]ACCESS: Login: The_Introvert253 from 41.239.46.57-1650435751 || BYOND v511
[09:22:27]ACCESS: Mob Login: The_Introvert253/(Optimus) was assigned to a /mob/living/silicon/ai
[09:22:31]SAY: Poly/ : Or a screwdriver and gloves (118,83,2)
[09:22:39]SAY: Medibot/ : Radar, put a mask on! (154,73,1)
[09:22:43]SAY: grey baby slime (550)/ : Blop... (176,94,2)
[09:22:47]EMOTE: *no key*/(Poly) : <b>Poly</b> flutters its wings. (118,83,2)
[09:22:49]EMOTE: *no key*/(Runtime) : <b>Runtime</b> meows. (158,107,2)
[09:22:51]EMOTE: *no key*/(mouse) : <b>The mouse</b> squeeks. (165,80,2)
[09:23:01]EMOTE: *no key*/(monkey (534)) : <b>The monkey (534)</b> scratches. (159,100,2)
[09:23:03]EMOTE: *no key*/(monkey (167)) : <b>The monkey (167)</b> waves her tail. (172,82,5)
[09:23:03]EMOTE: *no key*/(grey baby slime (273)) : <b>The grey baby slime (273)</b> lights up for a bit, then stops. (166,93,2)
[09:23:03]EMOTE: *no key*/(monkey (467)) : <b>The monkey (467)</b> jumps! (160,117,2)
[09:23:03]EMOTE: *no key*/(crab) : <b>The crab</b> clicks. (28,185,5)
[09:23:03]SAY: Nobody's Perfect/ : Delicious! (24,75,1)
[09:23:09]EMOTE: *no key*/(Runtime) : <b>Runtime</b> shakes out its coat. (158,107,2)
[09:23:09]EMOTE: *no key*/(Coco VI) : <b>Coco VI</b> jumps! (144,138,2)
[09:23:13]SAY: Nobody's Perfect/ : Radar, put a mask on! (24,75,1)
[09:23:17]EMOTE: *no key*/(mouse) : <b>The mouse</b> runs in a circle. (79,134,2)
[09:23:19]EMOTE: *no key*/(Poly) : <b>Poly</b> looks in the Power-ON cartridge's direction and takes flight. (118,83,2)
[09:23:26]SAY: Medibot/ : I knew it, I should&#39;ve been a plastic surgeon. (154,73,1)
[09:23:29]EMOTE: *no key*/(monkey (114)) : <b>The monkey (114)</b> jumps! (172,83,5)
[09:23:30]SAY: Poly/ : Anyone have acess to radio? (118,83,2)
[09:23:37]EMOTE: *no key*/(monkey (410)) : <b>The monkey (410)</b> scratches. (165,77,5)
[09:23:38]EMOTE: *no key*/(Ian) : <b>Ian</b> shivers. (106,121,2)
[09:23:49]EMOTE: *no key*/(monkey (536)) : <b>The monkey (536)</b> waves her tail. (159,101,2)
[09:23:49]EMOTE: *no key*/(Ian) : <b>Ian</b> chases its tail! (106,121,2)
[09:23:56]EMOTE: *no key*/(mouse) : <b>The mouse</b> shakes. (80,134,2)
[09:23:59]EMOTE: *no key*/(grey baby slime (550)) : <b>The grey baby slime (550)</b> bounces in place. (176,93,2)
[09:24:01]EMOTE: *no key*/(monkey (524)) : <b>The monkey (524)</b> waves her tail. (161,117,2)
[09:24:04]EMOTE: *no key*/(Poly) : <b>Poly</b> bawks! (118,83,2)
[09:24:05]EMOTE: *no key*/(monkey (519)) : <b>The monkey (519)</b> waves her tail. (157,101,2)
[09:24:11]EMOTE: *no key*/(monkey (524)) : <b>The monkey (524)</b> jumps! (161,117,2)
[09:24:17]EMOTE: *no key*/(monkey (536)) : <b>The monkey (536)</b> jumps! (159,101,2)
[09:24:17]EMOTE: *no key*/(monkey (215)) : <b>The monkey (215)</b> rolls. (161,117,2)
[09:24:18]EMOTE: *no key*/(Poly) : <b>Poly</b> looks in the Power-ON cartridge's direction and takes flight. (118,83,2)
[09:24:21]EMOTE: *no key*/(monkey (870)) : <b>The monkey (870)</b> scratches. (166,77,5)
[09:24:21]EMOTE: *no key*/(monkey (536)) : <b>The monkey (536)</b> jumps! (159,101,2)
[09:24:24]SAY: mouse/ : SQUEEK! (105,83,2)
[09:24:26]SAY: Medibot/ : What kind of medbay is this? Everyone&#39;s dropping like flies. (155,73,1)
[09:24:32]SAY: Medibot/ : I knew it, I should&#39;ve been a plastic surgeon. (154,73,1)
[09:24:37]EMOTE: *no key*/(Ian) : <b>Ian</b> chases its tail! (105,120,2)
[09:24:39]EMOTE: *no key*/(Runtime) : <b>Runtime</b> lies down. (157,107,2)
[09:24:41]EMOTE: *no key*/(monkey (536)) : <b>The monkey (536)</b> jumps! (161,120,2)
[09:24:52]EMOTE: *no key*/(monkey (870)) : <b>The monkey (870)</b> scratches. (165,76,5)
[09:24:56]EMOTE: *no key*/(crab) : <b>The crab</b> clicks. (28,185,5)
[09:24:58]SAY: mouse/ : Squeek! (106,83,2)
[09:25:00]SAY: Nobody's Perfect/ : I knew it, I should&#39;ve been a plastic surgeon. (24,75,1)
[09:25:12]EMOTE: *no key*/(monkey (992)) : <b>The monkey (992)</b> scratches. (160,99,2)
[09:25:16]EMOTE: *no key*/(Poly) : <b>Poly</b> looks in the Power-ON cartridge's direction and takes flight. (118,83,2)
[09:25:26]EMOTE: *no key*/(mouse) : <b>The mouse</b> squeeks. (134,172,2)
[09:25:34]EMOTE: *no key*/(monkey (467)) : <b>The monkey (467)</b> scratches. (160,120,2)
[09:25:42]EMOTE: *no key*/(crab) : <b>The crab</b> clacks. (41,182,5)
[09:25:44]EMOTE: *no key*/(crab) : <b>The crab</b> clacks. (42,191,5)
[09:25:54]EMOTE: *no key*/(monkey (946)) : <b>The monkey (946)</b> rolls. (166,76,5)
[09:25:54]SAY: Medibot/ : There&#39;s always a catch, and I&#39;m the best there is. (155,73,1)
[09:25:58]EMOTE: *no key*/(monkey (215)) : <b>The monkey (215)</b> jumps! (161,117,2)
[09:26:10]GAME: Random Event triggering: Minor Space Dust (/datum/round_event/space_dust)
[09:26:14]EMOTE: *no key*/(Poly) : <b>Poly</b> looks in the BreatheDeep cartridge's direction and takes flight. (118,83,2)
[09:26:18]SAY: Optimus/The_Introvert253 : hello crew. (150,32,2)
[09:26:18]SAY: Medibot/ : Delicious! (155,73,1)
[09:26:20]EMOTE: *no key*/(monkey (992)) : <b>The monkey (992)</b> jumps! (160,100,2)
[09:26:26]EMOTE: *no key*/(monkey (519)) : <b>The monkey (519)</b> waves her tail. (159,99,2)
[09:26:26]EMOTE: *no key*/(crab) : <b>The crab</b> clacks. (28,185,5)
[09:26:42]EMOTE: *no key*/(Poly) : <b>Poly</b> flutters its wings. (118,83,2)
[09:26:48]EMOTE: *no key*/(monkey (946)) : <b>The monkey (946)</b> jumps! (164,76,5)
[09:26:48]EMOTE: *no key*/(Runtime) : <b>Runtime</b> looks alert. (157,107,2)
[09:26:56]SAY: mouse/ : Squeek? (80,134,2)
[09:27:07]ACCESS: Login: Monitis from 76.108.213.37-807632539 || BYOND v512
[09:27:07]ACCESS: Mob Login: Monitis/(Monitis) was assigned to a /mob/dead/new_player
[09:27:10]EMOTE: *no key*/(monkey (215)) : <b>The monkey (215)</b> rolls. (161,120,2)
[09:27:18]EMOTE: *no key*/(monkey (215)) : <b>The monkey (215)</b> jumps! (161,120,2)
[09:27:18]EMOTE: *no key*/(Ian) : <b>Ian</b> chases its tail! (106,121,2)
[09:27:19]EMOTE: *no key*/(Poly) : <b>Poly</b> squawks. (118,83,2)
[09:27:25]EMOTE: *no key*/(mouse) : <b>The mouse</b> runs in a circle. (134,171,2)
[09:27:27]ACCESS: Logout: Monitis/(Monitis)
[09:27:27]EMOTE: *no key*/(Tom) : <b>Tom</b> shakes. (101,190,2)
[09:27:32]EMOTE: *no key*/(monkey (524)) : <b>The monkey (524)</b> rolls. (160,118,2)
[09:27:45]EMOTE: *no key*/(monkey (534)) : <b>The monkey (534)</b> jumps! (159,99,2)
[09:27:57]SAY: mouse/ : Squeek? (134,171,2)
[09:28:03]EMOTE: *no key*/(monkey (114)) : <b>The monkey (114)</b> waves her tail. (172,83,5)
[09:28:03]EMOTE: *no key*/(Runtime) : <b>Runtime</b> stops resting. (157,107,2)
[09:28:13]EMOTE: *no key*/(crab) : <b>The crab</b> clicks. (44,182,5)
[09:28:13]SAY: Poly/ : PISS (118,83,2)
[09:28:15]EMOTE: *no key*/(crab) : <b>The crab</b> clicks. (43,191,5)
[09:28:21]SAY: Medibot/ : Delicious! (155,73,1)
[09:28:25]SAY: mouse/ : Squeek! (111,83,2)
[09:28:27]SAY: Medibot/ : I knew it, I should&#39;ve been a plastic surgeon. (155,73,1)
[09:28:29]EMOTE: *no key*/(monkey (536)) : <b>The monkey (536)</b> jumps! (160,120,2)
[09:28:29]EMOTE: *no key*/(Runtime) : <b>Runtime</b> mews. (158,107,2)
[09:28:31]SAY: Poly/ : You want anything? (118,83,2)
[09:28:33]EMOTE: *no key*/(grey baby slime (273)) : <b>The grey baby slime (273)</b> lights up for a bit, then stops. (165,92,2)
[09:28:51]EMOTE: *no key*/(Runtime) : <b>Runtime</b> shakes out its coat. (158,107,2)
[09:28:54]ACCESS: Login: CHERRYxMUSTANG from 73.124.134.255-3051529476 || BYOND v511
[09:28:54]ACCESS: Mob Login: CHERRYxMUSTANG/(CHERRYxMUSTANG) was assigned to a /mob/dead/new_player
[09:28:54]ACCESS: Failed Login: CHERRYxMUSTANG 3051529476 73.124.134.255 - CID randomizer check
[09:28:56]SAY: Zack Richardson/EiceHasNoIQ2 : You are a big gay. (154,57,2)
[09:28:56]ACCESS: Logout: CHERRYxMUSTANG/(CHERRYxMUSTANG)
[09:28:57]EMOTE: *no key*/(monkey (870)) : <b>The monkey (870)</b> waves his tail. (166,76,5)
[09:28:57]EMOTE: *no key*/(monkey (536)) : <b>The monkey (536)</b> jumps! (161,119,2)
[09:28:58]ACCESS: Login: CHERRYxMUSTANG from 73.124.134.255-3051529476 || BYOND v511
[09:28:58]ACCESS: Mob Login: CHERRYxMUSTANG/(CHERRYxMUSTANG) was assigned to a /mob/dead/new_player
[09:29:00]SAY: Nobody's Perfect/ : I knew it, I should&#39;ve been a plastic surgeon. (24,75,1)
[09:29:01]EMOTE: *no key*/(monkey (215)) : <b>The monkey (215)</b> jumps! (161,117,2)
[09:29:02]SAY: Poly/ : PISS (118,83,2)
[09:29:03]EMOTE: *no key*/(monkey (870)) : <b>The monkey (870)</b> scratches. (166,76,5)
[09:29:07]EMOTE: *no key*/(monkey (998)) : <b>The monkey (998)</b> jumps! (164,77,5)
[09:29:08]EMOTE: *no key*/(crab) : <b>The crab</b> clicks. (30,185,5)
[09:29:13]EMOTE: *no key*/(monkey (946)) : <b>The monkey (946)</b> scratches. (164,76,5)
[09:29:30]SAY: mouse/ : Squeek! (111,83,2)
[09:29:30]SAY: Tom/ : Squeek! (99,191,2)
[09:29:31]EMOTE: *no key*/(monkey (848)) : <b>The monkey (848)</b> waves her tail. (161,119,2)
[09:29:34]SAY: Nobody's Perfect/ : What kind of medbay is this? Everyone&#39;s dropping like flies. (24,75,1)
[09:29:40]EMOTE: *no key*/(mouse) : <b>The mouse</b> squeeks. (135,171,2)
[09:29:43]ACCESS: Logout: CHERRYxMUSTANG/(CHERRYxMUSTANG)
[09:29:45]EMOTE: *no key*/(monkey (167)) : <b>The monkey (167)</b> jumps! (172,83,5)
[09:29:49]ACCESS: Login: CHERRYxMUSTANG from 73.124.134.255-3051529476 || BYOND v511
[09:29:49]ACCESS: Mob Login: CHERRYxMUSTANG/(CHERRYxMUSTANG) was assigned to a /mob/dead/new_player
[09:29:51]SAY: Zack Richardson/EiceHasNoIQ2 : You are a big gay. (151,37,2)
[09:29:54]EMOTE: *no key*/(crab) : <b>The crab</b> clacks. (42,191,5)
[09:29:55]EMOTE: *no key*/(monkey (534)) : <b>The monkey (534)</b> scratches. (158,100,2)
[09:29:57]SAY: Zack Richardson/EiceHasNoIQ2 : No matter what you think, your life is a lie. (151,37,2)
[09:29:58]EMOTE: *no key*/(mouse) : <b>The mouse</b> squeeks. (159,146,2)
[09:30:01]EMOTE: *no key*/(grey baby slime (273)) : <b>The grey baby slime (273)</b> jiggles! (166,92,2)
[09:30:05]EMOTE: *no key*/(monkey (946)) : <b>The monkey (946)</b> waves his tail. (164,77,5)
[09:30:05]EMOTE: *no key*/(Ian) : <b>Ian</b> dances around. (106,121,2)
[09:30:09]EMOTE: *no key*/(monkey (167)) : <b>The monkey (167)</b> waves her tail. (172,82,5)
[09:30:11]EMOTE: *no key*/(monkey (114)) : <b>The monkey (114)</b> scratches. (172,83,5)
[09:30:13]EMOTE: *no key*/(Runtime) : <b>Runtime</b> wags its tail. (158,107,2)
[09:30:17]SAY: Zack Richardson/EiceHasNoIQ2 : Let me show you the true meaning of being robust. (151,37,2)
[09:30:29]EMOTE: *no key*/(Runtime) : <b>Runtime</b> walks around. (158,107,2)
[09:30:32]SAY: Zack Richardson/EiceHasNoIQ2 : Man built you with metal and screwdriver. I&#39;ll take you with the simplest tool of them all. (151,37,2)
[09:30:34]SAY: Poly/ : Enlve ton stock (118,83,2)
[09:30:34]EMOTE: *no key*/(Ian) : <b>Ian</b> barks! (106,121,2)
[09:30:42]SAY: mouse/ : SQUEEK! (135,171,2)
[09:30:42]SAY: Poly/ : Hey hey (118,83,2)
[09:30:42]SAY: Tom/ : Squeek! (101,190,2)
[09:30:47]EMOTE: *no key*/(monkey (467)) : <b>The monkey (467)</b> rolls. (160,120,2)
[09:30:47]EMOTE: *no key*/(monkey (44)) : <b>The monkey (44)</b> jumps! (161,119,2)
[09:31:02]SAY: Poly/ : It was morphine (118,83,2)
[09:31:24]SAY: Poly/ : Hey hey (118,83,2)
[09:31:24]EMOTE: *no key*/(Paperwork) : <b>Paperwork</b> dozes off. (72,121,2)
[09:31:25]EMOTE: *no key*/(grey baby slime (273)) : <b>The grey baby slime (273)</b> bounces in place. (167,93,2)
[09:31:31]EMOTE: *no key*/(Runtime) : <b>Runtime</b> stretches out for a belly rub. (157,106,2)
[09:31:36]EMOTE: *no key*/(mouse) : <b>The mouse</b> squeeks. (111,83,2)
[09:31:47]EMOTE: *no key*/(monkey (534)) : <b>The monkey (534)</b> rolls. (159,99,2)
[09:31:48]SAY: Poly/ : Try our new nougat bar! (118,83,2)
[09:31:50]EMOTE: *no key*/(Tom) : <b>Tom</b> runs in a circle. (100,190,2)
[09:31:51]EMOTE: *no key*/(monkey (524)) : <b>The monkey (524)</b> waves her tail. (160,117,2)
[09:31:56]SAY: Medibot/ : Delicious! (154,73,1)
[09:32:00]SAY: Poly/ : Hey hey (118,83,2)
[09:32:02]SAY: mouse/ : Squeek! (135,175,2)
[09:32:02]EMOTE: *no key*/(Paperwork) : <b>Paperwork</b> yawns. (73,120,2)
[09:32:06]SAY: Optimus/The_Introvert253 : put me back (152,34,2)
[09:32:07]EMOTE: *no key*/(monkey (946)) : <b>The monkey (946)</b> scratches. (166,77,5)
[09:32:07]SAY: grey baby slime (550)/ : Blop... (175,94,2)
[09:32:09]EMOTE: *no key*/(monkey (215)) : <b>The monkey (215)</b> waves her tail. (160,118,2)
[09:32:11]SAY: Optimus/The_Introvert253 : bitch (151,34,2)
[09:32:11]EMOTE: *no key*/(monkey (992)) : <b>The monkey (992)</b> rolls. (158,100,2)
[09:32:12]EMOTE: *no key*/(Paperwork) : <b>Paperwork</b> dozes off. (74,120,2)
[09:32:13]SAY: Zack Richardson/EiceHasNoIQ2 : Ok (151,34,2)
[09:32:22]EMOTE: *no key*/(Paperwork) : <b>Paperwork</b> dozes off. (74,119,2)
[09:32:29]EMOTE: *no key*/(monkey (167)) : <b>The monkey (167)</b> rolls. (172,82,5)
[09:32:33]EMOTE: *no key*/(monkey (44)) : <b>The monkey (44)</b> scratches. (161,117,2)
[09:32:47]EMOTE: *no key*/(Ian) : <b>Ian</b> chases its tail! (106,121,2)
[09:32:54]SAY: Poly/ : Hey hey (118,83,2)
[09:32:56]EMOTE: *no key*/(crab) : <b>The crab</b> clicks. (42,191,5)
[09:33:01]EMOTE: *no key*/(monkey (215)) : <b>The monkey (215)</b> waves her tail. (160,120,2)
[09:33:01]EMOTE: *no key*/(Runtime) : <b>Runtime</b> lies down. (157,106,2)
[09:33:06]SAY: Medibot/ : Delicious! (154,73,1)
[09:33:08]EMOTE: *no key*/(crab) : <b>The crab</b> clicks. (43,191,5)
[09:33:21]EMOTE: *no key*/(Runtime) : <b>Runtime</b> wags its tail. (157,106,2)
[09:33:22]EMOTE: *no key*/(Poly) : <b>Poly</b> squawks. (118,83,2)
[09:33:24]SAY: Nobody's Perfect/ : Delicious! (24,75,1)
[09:33:29]EMOTE: *no key*/(monkey (519)) : <b>The monkey (519)</b> rolls. (158,99,2)
[09:33:33]EMOTE: *no key*/(Ian) : <b>Ian</b> chases its tail. (105,120,2)
[09:33:38]EMOTE: *no key*/(Runtime) : <b>Runtime</b> stretches out for a belly rub. (157,106,2)
[09:33:56]EMOTE: *no key*/(Runtime) : <b>Runtime</b> stretches out for a belly rub. (157,106,2)
[09:34:04]EMOTE: *no key*/(Runtime) : <b>Runtime</b> wags its tail. (157,106,2)
[09:34:14]EMOTE: *no key*/(monkey (524)) : <b>The monkey (524)</b> scratches. (160,119,2)
[09:34:21]EMOTE: *no key*/(mouse) : <b>The mouse</b> shakes. (134,171,2)
[09:34:24]EMOTE: *no key*/(monkey (114)) : <b>The monkey (114)</b> jumps! (172,82,5)
[09:34:27]SAY: Medibot/ : Radar, put a mask on! (155,73,1)
[09:34:34]EMOTE: *no key*/(monkey (536)) : <b>The monkey (536)</b> scratches. (161,117,2)
[09:34:42]EMOTE: *no key*/(monkey (114)) : <b>The monkey (114)</b> rolls. (172,82,5)
[09:34:51]EMOTE: *no key*/(mouse) : <b>The mouse</b> runs in a circle. (159,148,2)
[09:35:02]GAME: Random Event triggering: Shuttle Loan (/datum/round_event/shuttle_loan)
[09:35:14]EMOTE: *no key*/(Runtime) : <b>Runtime</b> wags its tail. (157,106,2)
[09:35:16]EMOTE: *no key*/(monkey (524)) : <b>The monkey (524)</b> jumps! (160,119,2)
[09:35:18]SAY: Medibot/ : Delicious! (154,73,1)
[09:35:18]EMOTE: *no key*/(monkey (167)) : <b>The monkey (167)</b> waves her tail. (172,82,5)
[09:35:22]EMOTE: *no key*/(monkey (848)) : <b>The monkey (848)</b> rolls. (161,117,2)
[09:35:28]EMOTE: *no key*/(monkey (769)) : <b>The monkey (769)</b> waves her tail. (161,101,2)
[09:35:34]EMOTE: *no key*/(crab) : <b>The crab</b> clacks. (42,191,5)
[09:35:44]SAY: mouse/ : Squeek? (83,135,2)
[09:35:44]SAY: Poly/ : Faque la on as du courant! (118,83,2)
[09:35:44]EMOTE: *no key*/(Ian) : <b>Ian</b> pants. (103,118,2)
[09:35:44]EMOTE: *no key*/(monkey (467)) : <b>The monkey (467)</b> scratches. (160,116,2)
[09:35:50]EMOTE: *no key*/(monkey (44)) : <b>The monkey (44)</b> scratches. (160,120,2)
[09:35:54]EMOTE: *no key*/(mouse) : <b>The mouse</b> shakes. (135,170,2)
[09:35:58]EMOTE: *no key*/(monkey (467)) : <b>The monkey (467)</b> jumps! (161,117,2)
[09:36:00]SAY: Nobody's Perfect/ : There&#39;s always a catch, and I&#39;m the best there is. (24,75,1)
[09:36:10]EMOTE: *no key*/(crab) : <b>The crab</b> clacks. (30,185,5)
[09:36:10]SAY: Poly/ : To what? (118,83,2)
[09:36:16]SAY: Poly/ : Radar, put a mask on! (118,83,2)
[09:36:24]EMOTE: *no key*/(monkey (467)) : <b>The monkey (467)</b> waves her tail. (160,118,2)
[09:36:32]EMOTE: *no key*/(grey baby slime (273)) : <b>The grey baby slime (273)</b> lights up for a bit, then stops. (167,94,2)
[09:36:32]EMOTE: *no key*/(Coco VI) : <b>Coco VI</b> scratches. (144,138,2)
[09:36:38]EMOTE: *no key*/(monkey (215)) : <b>The monkey (215)</b> scratches. (159,116,2)
[09:36:40]EMOTE: *no key*/(monkey (167)) : <b>The monkey (167)</b> rolls. (172,83,5)
[09:36:40]EMOTE: *no key*/(monkey (467)) : <b>The monkey (467)</b> jumps! (160,119,2)
[09:36:48]EMOTE: *no key*/(grey baby slime (550)) : <b>The grey baby slime (550)</b> lights up for a bit, then stops. (175,93,2)
[09:36:56]SAY: Runtime/ : Purr! (157,106,2)
[09:37:00]EMOTE: *no key*/(Tom) : <b>Tom</b> shakes. (101,190,2)
[09:37:00]EMOTE: *no key*/(Ian) : <b>Ian</b> dances around. (103,120,2)
[09:37:02]SAY: Medibot/ : What kind of medbay is this? Everyone&#39;s dropping like flies. (155,73,1)
[09:37:04]EMOTE: *no key*/(Runtime) : <b>Runtime</b> looks alert. (157,106,2)
[09:37:10]EMOTE: *no key*/(Coco VI) : <b>Coco VI</b> jumps! (144,138,2)
[09:37:12]SAY: Ian/ : Woof! (103,120,2)
[09:37:18]EMOTE: *no key*/(monkey (998)) : <b>The monkey (998)</b> scratches. (164,76,5)
[09:37:42]EMOTE: *no key*/(Runtime) : <b>Runtime</b> gets up and meows. (157,106,2)
[09:38:00]SAY: Medibot/ : Delicious! (154,73,1)
[09:38:16]EMOTE: *no key*/(monkey (536)) : <b>The monkey (536)</b> jumps! (160,119,2)
[09:38:18]EMOTE: *no key*/(Tom) : <b>Tom</b> squeeks. (100,190,2)
[09:38:24]EMOTE: *no key*/(monkey (519)) : <b>The monkey (519)</b> jumps! (159,101,2)
[09:38:28]EMOTE: *no key*/(monkey (946)) : <b>The monkey (946)</b> rolls. (166,76,5)
[09:38:40]EMOTE: *no key*/(Ian) : <b>Ian</b> chases its tail! (104,120,2)
[09:38:44]GAME: Radiation pulse with intensity:3000 and range modifier:2 in area Supermatter Engine 
[09:38:44]EMOTE: *no key*/(monkey (998)) : <b>The monkey (998)</b> waves her tail. (165,77,5)
[09:38:50]EMOTE: *no key*/(Runtime) : <b>Runtime</b> twitches its whiskers. (157,106,2)
[09:39:04]GAME: Radiation pulse with intensity:3000 and range modifier:2 in area Supermatter Engine 
[09:39:04]EMOTE: *no key*/(Runtime) : <b>Runtime</b> meows. (157,106,2)
[09:39:04]GAME: Radiation pulse with intensity:3000 and range modifier:2 in area Supermatter Engine 
[09:39:05]ACCESS: Mob Login: EiceHasNoIQ2/(Zack Richardson) was assigned to a /mob/dead/observer
[09:39:10]EMOTE: *no key*/(monkey (848)) : <b>The monkey (848)</b> rolls. (160,118,2)
[09:39:10]EMOTE: *no key*/(Paperwork) : <b>Paperwork</b> dozes off. (78,120,2)
[09:39:16]EMOTE: *no key*/(grey baby slime (273)) : <b>The grey baby slime (273)</b> jiggles! (166,92,2)
[09:39:16]OOC: EiceHasNoIQ2/(Zack Richardson) : You slam into the supermatter crystal as your ears are filled with unearthly ringing. Your last thought is &#34;Oh, fuck.&#34; (113,67,2)
[09:39:20]EMOTE: *no key*/(Poly) : <b>Poly</b> flutters its wings. (118,83,2)
[09:39:26]EMOTE: *no key*/(crab) : <b>The crab</b> clacks. (48,182,5)
[09:39:33]ACCESS: Login: Guest-2156216626 from 108.80.242.199-2156216626 || BYOND v511
[09:39:33]ACCESS: Mob Login: Guest-2156216626/(Guest-2156216626) was assigned to a /mob/dead/new_player
[09:39:40]EMOTE: *no key*/(monkey (992)) : <b>The monkey (992)</b> rolls. (157,100,2)
[09:39:40]EMOTE: *no key*/(monkey (519)) : <b>The monkey (519)</b> waves her tail. (159,99,2)
[09:39:42]EMOTE: *no key*/(grey baby slime (550)) : <b>The grey baby slime (550)</b> lights up for a bit, then stops. (175,94,2)
[09:39:42]EMOTE: *no key*/(monkey (467)) : <b>The monkey (467)</b> scratches. (161,117,2)
[09:39:44]EMOTE: *no key*/(monkey (534)) : <b>The monkey (534)</b> scratches. (158,101,2)
[09:39:54]GAME: eicehasnoiq2 became 
[09:39:54]ACCESS: Mob Login: eicehasnoiq2/(Coreen Sealis) was assigned to a /mob/living/carbon/human
[09:39:57]SAY: Medibot/ : Radar, put a mask on! (155,73,1)
[09:39:58]EMOTE: *no key*/(monkey (167)) : <b>The monkey (167)</b> waves her tail. (172,82,5)
[09:39:58]EMOTE: *no key*/(grey baby slime (550)) : <b>The grey baby slime (550)</b> bounces in place. (175,94,2)
[09:39:59]SAY: Tom/ : Squeek! (99,189,2)
[09:40:02]EMOTE: *no key*/(monkey (870)) : <b>The monkey (870)</b> waves his tail. (165,76,5)
[09:40:04]EMOTE: *no key*/(monkey (534)) : <b>The monkey (534)</b> scratches. (157,100,2)
[09:40:24]EMOTE: *no key*/(crab) : <b>The crab</b> clicks. (27,185,5)
[09:40:24]SAY: Runtime/ : HSSSSS (158,107,2)
[09:40:27]EMOTE: *no key*/(Paperwork) : <b>Paperwork</b> dozes off. (80,118,2)
[09:40:35]EMOTE: *no key*/(Ian) : <b>Ian</b> barks! (106,118,2)
[09:40:43]EMOTE: *no key*/(mouse) : <b>The mouse</b> squeeks. (160,148,2)
[09:40:49]EMOTE: *no key*/(Paperwork) : <b>Paperwork</b> yawns. (81,117,2)
[09:40:50]ACCESS: Mob Login: Guest-2156216626/(Bethney Seelig) was assigned to a /mob/living/carbon/human
[09:40:55]EMOTE: *no key*/(monkey (44)) : <b>The monkey (44)</b> scratches. (160,116,2)
[09:40:58]SAY: Medibot/ : Delicious! (155,73,1)
[09:41:13]EMOTE: *no key*/(Runtime) : <b>Runtime</b> sits down. (159,109,2)
[09:41:19]EMOTE: *no key*/(monkey (946)) : <b>The monkey (946)</b> jumps! (165,77,5)
[09:41:21]EMOTE: *no key*/(grey baby slime (550)) : <b>The grey baby slime (550)</b> vibrates! (177,93,2)
[09:41:25]SAY: Tom/ : Squeek? (99,191,2)
[09:41:38]SAY: Poly/ : Me either (118,83,2)
[09:41:44]EMOTE: *no key*/(monkey (998)) : <b>The monkey (998)</b> waves her tail. (165,77,5)
[09:41:44]EMOTE: *no key*/(monkey (467)) : <b>The monkey (467)</b> waves her tail. (160,119,2)
[09:41:48]EMOTE: *no key*/(monkey (467)) : <b>The monkey (467)</b> waves her tail. (160,119,2)
[09:41:54]SAY: Poly/ : Ton suit (118,83,2)
[09:42:01]SAY: grey baby slime (550)/ : Rawr... (175,94,2)
[09:42:01]EMOTE: *no key*/(Poly) : <b>Poly</b> flutters its wings. (118,83,2)
[09:42:03]EMOTE: *no key*/(Paperwork) : <b>Paperwork</b> looks around sleepily. (81,118,2)
[09:42:03]SAY: Nobody's Perfect/ : I knew it, I should&#39;ve been a plastic surgeon. (24,75,1)
[09:42:09]EMOTE: *no key*/(Runtime) : <b>Runtime</b> looks alert. (159,109,2)
[09:42:09]GAME: The_Introvert253/(Optimus) has called the shuttle.
[09:42:09]GAME: Shuttle call reason: SM going to explode
[09:42:11]EMOTE: *no key*/(Runtime) : <b>Runtime</b> looks alert. (159,109,2)
[09:42:19]EMOTE: *no key*/(grey baby slime (273)) : <b>The grey baby slime (273)</b> vibrates! (165,93,2)
[09:42:19]SAY: mouse/ : Squeek? (160,146,2)
[09:42:24]SAY: Poly/ : Me either (118,83,2)
[09:42:26]EMOTE: *no key*/(mouse) : <b>The mouse</b> squeeks. (83,135,2)
[09:42:36]EMOTE: *no key*/(monkey (44)) : <b>The monkey (44)</b> scratches. (161,116,2)
[09:42:59]EMOTE: *no key*/(mouse) : <b>The mouse</b> squeeks. (83,138,2)
[09:43:05]EMOTE: *no key*/(grey baby slime (273)) : <b>The grey baby slime (273)</b> bounces in place. (165,92,2)
[09:43:07]EMOTE: *no key*/(monkey (870)) : <b>The monkey (870)</b> scratches. (165,77,5)
[09:43:18]SAY: Nobody's Perfect/ : What kind of medbay is this? Everyone&#39;s dropping like flies. (24,75,1)
[09:43:28]ACCESS: Mob Login: CHERRYxMUSTANG/(Daniel Phillips) was assigned to a /mob/living/carbon/human
[09:43:31]EMOTE: *no key*/(Paperwork) : <b>Paperwork</b> yawns. (81,116,2)
[09:43:33]EMOTE: *no key*/(monkey (870)) : <b>The monkey (870)</b> scratches. (164,77,5)
[09:43:33]EMOTE: *no key*/(Runtime) : <b>Runtime</b> crouches on its hind legs. (159,109,2)
[09:43:35]GAME: Explosion with size (3.5875, 9.175, 11.175, 0) in area Supermatter Engine (113,66,2)
[09:43:39]EMOTE: *no key*/(monkey (769)) : <b>The monkey (769)</b> rolls. (161,101,2)
[09:43:41]EMOTE: *no key*/(monkey (998)) : <b>The monkey (998)</b> scratches. (164,76,5)
[09:43:47]GAME: Random Event triggering: Mice Migration (/datum/round_event/mice_migration)
[09:43:49]SAY: Tom/ : Squeek! (100,189,2)
[09:43:55]EMOTE: *no key*/(crab) : <b>The crab</b> clicks. (50,182,5)
[09:43:59]EMOTE: *no key*/(monkey (848)) : <b>The monkey (848)</b> jumps! (161,118,2)
[09:44:09]EMOTE: *no key*/(mouse) : <b>The mouse</b> runs in a circle. (192,121,2)
[09:44:09]EMOTE: *no key*/(Ian) : <b>Ian</b> yaps. (105,120,2)
[09:44:12]SAY: Optimus/The_Introvert253 : engineering is gone (150,32,2)
[09:44:19]SAY: Medibot/ : There&#39;s always a catch, and I&#39;m the best there is. (154,73,1)
[09:44:21]EMOTE: *no key*/(monkey (167)) : <b>The monkey (167)</b> scratches. (172,83,5)
[09:44:23]SAY: Tom/ : SQUEEK! (99,190,2)
[09:44:35]EMOTE: *no key*/(monkey (167)) : <b>The monkey (167)</b> scratches. (172,82,5)
[09:44:41]SAY: mouse/ : SQUEEK! (83,134,2)
[09:44:53]EMOTE: *no key*/(monkey (946)) : <b>The monkey (946)</b> jumps! (164,76,5)
[09:44:57]SAY: grey baby slime (550)/ : Lonely... (177,93,2)
[09:45:05]SAY: mouse/ : Squeek? (129,105,2)
[09:45:09]EMOTE: *no key*/(monkey (992)) : <b>The monkey (992)</b> waves his tail. (157,101,2)
[09:45:09]SAY: mouse/ : Squeek! (108,83,2)
[09:45:11]EMOTE: *no key*/(Runtime) : <b>Runtime</b> crouches on its hind legs. (159,109,2)
[09:45:11]EMOTE: *no key*/(crab) : <b>The crab</b> clicks. (29,185,5)
[09:45:13]EMOTE: *no key*/(mouse) : <b>The mouse</b> squeeks. (148,85,2)
[09:45:15]EMOTE: *no key*/(Poly) : <b>Poly</b> squawks. (118,83,2)
[09:45:21]EMOTE: *no key*/(mouse) : <b>The mouse</b> runs in a circle. (160,146,2)
[09:45:23]SAY: mouse/ : SQUEEK! (134,160,2)
[09:45:27]SAY: Poly/ : I have tourettes, and I get randomly stunned. (118,83,2)
[09:45:29]EMOTE: *no key*/(Ian) : <b>Ian</b> barks! (105,121,2)
[09:45:31]EMOTE: *no key*/(Paperwork) : <b>Paperwork</b> yawns. (82,118,2)
[09:45:33]EMOTE: *no key*/(monkey (467)) : <b>The monkey (467)</b> jumps! (161,118,2)
[09:45:35]EMOTE: *no key*/(mouse) : <b>The mouse</b> shakes. (106,83,2)
[09:45:35]SAY: Ian/ : YAP (105,120,2)
[09:45:37]SAY: Runtime/ : Meow! (159,109,2)
[09:45:41]EMOTE: *no key*/(mouse) : <b>The mouse</b> shakes. (154,145,2)
[09:45:50]EMOTE: *no key*/(mouse) : <b>The mouse</b> squeeks. (177,153,2)
[09:45:54]SAY: mouse/ : SQUEEK! (106,95,2)
[09:45:57]SAY: mouse/ : Squeek? (52,154,2)
[09:46:08]EMOTE: *no key*/(mouse) : <b>The mouse</b> runs in a circle. (158,145,2)
[09:46:15]SAY: mouse/ : SQUEEK! (179,154,2)
[09:46:21]SAY: mouse/ : Squeek? (108,83,2)
[09:46:25]EMOTE: *no key*/(mouse) : <b>The mouse</b> squeeks. (158,146,2)
[09:46:26]EMOTE: *no key*/(Coco VI) : <b>Coco VI</b> rolls. (144,138,2)
[09:46:30]EMOTE: *no key*/(monkey (992)) : <b>The monkey (992)</b> waves his tail. (158,101,2)
[09:46:42]EMOTE: *no key*/(Coco VI) : <b>Coco VI</b> scratches. (144,138,2)
[09:46:53]EMOTE: *no key*/(mouse) : <b>The mouse</b> squeeks. (192,122,2)
[09:47:07]SAY: mouse/ : SQUEEK! (130,104,2)
[09:47:09]EMOTE: *no key*/(crab) : <b>The crab</b> clacks. (45,191,5)
[09:47:20]EMOTE: *no key*/(monkey (114)) : <b>The monkey (114)</b> jumps! (172,83,5)
[09:47:40]EMOTE: *no key*/(Coco VI) : <b>Coco VI</b> rolls. (144,138,2)
[09:47:46]EMOTE: *no key*/(mouse) : <b>The mouse</b> shakes. (133,161,2)
[09:47:54]SAY: mouse/ : Squeek! (177,153,2)
[09:48:00]EMOTE: *no key*/(Runtime) : <b>Runtime</b> crouches on its hind legs. (159,109,2)
[09:48:04]EMOTE: *no key*/(mouse) : <b>The mouse</b> runs in a circle. (150,85,2)
[09:48:04]EMOTE: *no key*/(Poly) : <b>Poly</b> flutters its wings. (118,83,2)
[09:48:06]SAY: Runtime/ : Purr! (159,109,2)
[09:48:14]EMOTE: *no key*/(monkey (536)) : <b>The monkey (536)</b> waves her tail. (157,99,2)
[09:48:16]EMOTE: *no key*/(mouse) : <b>The mouse</b> squeeks. (179,83,2)
[09:48:16]SAY: Ian/ : Bark! (104,119,2)
[09:48:18]SAY: Coreen Sealis/eicehasnoiq2 : Y&#39;all hella gay (168,58,5)
[09:48:19]SAY: Coreen Sealis/eicehasnoiq2 : Big gay (168,58,5)
[09:48:22]EMOTE: *no key*/(mouse) : <b>The mouse</b> squeeks. (178,155,2)
[09:48:22]EMOTE: *no key*/(monkey (167)) : <b>The monkey (167)</b> jumps! (172,82,5)
[09:48:32]SAY: mouse/ : Squeek! (157,145,2)
[09:48:32]SAY: Runtime/ : HSSSSS (159,109,2)
[09:48:33]EMOTE: *no key*/(monkey (44)) : <b>The monkey (44)</b> scratches. (161,119,2)
[09:48:34]SAY: Poly/ : Anyone here? (118,83,2)
[09:48:36]EMOTE: *no key*/(Runtime) : <b>Runtime</b> stretches out for a belly rub. (159,109,2)
[09:48:42]SAY: Officer Beepsky/ : Level 10 infraction alert! (97,118,2)
[09:48:52]EMOTE: *no key*/(mouse) : <b>The mouse</b> runs in a circle. (178,155,2)
[09:48:54]EMOTE: eicehasnoiq2/(Coreen Sealis) : <b>Coreen Sealis</b> gasps! (172,49,5)
[09:48:58]EMOTE: eicehasnoiq2/(Coreen Sealis) : <b>Coreen Sealis</b> seizes up and falls limp, their eyes dead and lifeless... (172,49,5)
[09:49:01]ACCESS: Mob Login: eicehasnoiq2/(Coreen Sealis) was assigned to a /mob/dead/observer
[09:49:08]EMOTE: *no key*/(crab) : <b>The crab</b> clacks. (31,185,5)
[09:49:10]SAY: Runtime/ : Esp! (159,109,2)
[09:49:12]SAY: Nobody's Perfect/ : Delicious! (24,75,1)
[09:49:13]EMOTE: *no key*/(Runtime) : <b>Runtime</b> walks around. (159,109,2)
[09:49:14]EMOTE: *no key*/(Paperwork) : <b>Paperwork</b> snores. (77,117,2)
[09:49:17]EMOTE: *no key*/(grey baby slime (273)) : <b>The grey baby slime (273)</b> lights up for a bit, then stops. (167,93,2)
[09:49:20]SAY: Poly/ : My DNA was scrambled by that virus. (118,83,2)
[09:49:21]EMOTE: *no key*/(Runtime) : <b>Runtime</b> grooms its fur. (159,108,2)
[09:49:35]EMOTE: *no key*/(monkey (44)) : <b>The monkey (44)</b> rolls. (160,120,2)
[09:49:36]SAY: Poly/ : I must of been radiated. (118,83,2)
[09:49:37]EMOTE: *no key*/(monkey (536)) : <b>The monkey (536)</b> jumps! (161,116,2)
[09:49:38]SAY: Poly/ : I must of been radiated. (118,83,2)
[09:49:40]SAY: mouse/ : Squeek! (175,154,2)
[09:50:00]SAY: Tom/ : Squeek! (99,189,2)
[09:50:01]EMOTE: *no key*/(monkey (524)) : <b>The monkey (524)</b> rolls. (160,116,2)
[09:50:04]EMOTE: *no key*/(mouse) : <b>The mouse</b> squeeks. (83,137,2)
[09:50:06]SAY: mouse/ : Squeek! (142,104,2)
[09:50:10]SAY: Nobody's Perfect/ : Radar, put a mask on! (24,75,1)
[09:50:11]EMOTE: *no key*/(monkey (536)) : <b>The monkey (536)</b> rolls. (157,99,2)
[09:50:14]SAY: mouse/ : Squeek! (178,157,2)
[09:50:21]EMOTE: *no key*/(monkey (467)) : <b>The monkey (467)</b> scratches. (161,117,2)
[09:50:24]SAY: mouse/ : SQUEEK! (131,160,2)
[09:50:27]EMOTE: *no key*/(Runtime) : <b>Runtime</b> grooms its fur. (160,107,2)
[09:50:44]SAY: Officer Beepsky/ : Level 10 infraction alert! (136,129,2)
[09:50:46]EMOTE: *no key*/(Runtime) : <b>Runtime</b> shakes its head. (158,107,2)
[09:50:51]ACCESS: Logout: EiceHasNoIQ2/(Coreen Sealis)
[09:50:52]EMOTE: *no key*/(crab) : <b>The crab</b> clicks. (44,191,5)
[09:50:52]SAY: Poly/ : You can go now (118,83,2)
[09:50:55]EMOTE: *no key*/(monkey (946)) : <b>The monkey (946)</b> waves his tail. (166,76,5)
[09:50:56]SAY: mouse/ : Squeek! (156,145,2)
[09:51:05]EMOTE: *no key*/(Coco VI) : <b>Coco VI</b> rolls. (144,138,2)
[09:51:08]EMOTE: *no key*/(mouse) : <b>The mouse</b> runs in a circle. (179,83,2)
[09:51:17]EMOTE: *no key*/(monkey (114)) : <b>The monkey (114)</b> scratches. (172,83,5)
[09:51:23]EMOTE: *no key*/(grey baby slime (550)) : <b>The grey baby slime (550)</b> bounces in place. (177,94,2)
[09:51:27]EMOTE: *no key*/(monkey (114)) : <b>The monkey (114)</b> scratches. (172,83,5)
[09:51:30]EMOTE: *no key*/(mouse) : <b>The mouse</b> squeeks. (178,156,2)
[09:51:32]EMOTE: *no key*/(crab) : <b>The crab</b> clicks. (44,182,5)
[09:51:35]EMOTE: *no key*/(monkey (946)) : <b>The monkey (946)</b> rolls. (165,77,5)
[09:51:35]EMOTE: *no key*/(monkey (769)) : <b>The monkey (769)</b> scratches. (157,101,2)
[09:51:39]EMOTE: *no key*/(grey baby slime (273)) : <b>The grey baby slime (273)</b> lights up for a bit, then stops. (165,93,2)
[09:51:44]SAY: Poly/ : Ton suit (118,83,2)
[09:51:46]SAY: mouse/ : Squeek? (129,160,2)
[09:51:49]EMOTE: *no key*/(monkey (467)) : <b>The monkey (467)</b> waves her tail. (161,118,2)
[09:51:56]EMOTE: *no key*/(Poly) : <b>Poly</b> flutters its wings. (118,83,2)
[09:52:04]EMOTE: *no key*/(crab) : <b>The crab</b> clicks. (45,191,5)
[09:52:05]EMOTE: *no key*/(Runtime) : <b>Runtime</b> sits down. (157,110,2)
[09:52:11]SAY: Runtime/ : Esp! (157,110,2)
[09:52:11]EMOTE: *no key*/(Ian) : <b>Ian</b> shakes its head. (103,117,2)
[09:52:17]SAY: Tom/ : Squeek! (99,191,2)
[09:52:21]SAY: Nobody's Perfect/ : There&#39;s always a catch, and I&#39;m the best there is. (24,75,1)
[09:52:23]EMOTE: *no key*/(monkey (114)) : <b>The monkey (114)</b> jumps! (172,83,5)
[09:52:27]SAY: mouse/ : Squeek? (177,153,2)
[09:52:31]EMOTE: *no key*/(Paperwork) : <b>Paperwork</b> looks around sleepily. (72,118,2)
[09:52:41]EMOTE: *no key*/(mouse) : <b>The mouse</b> runs in a circle. (129,160,2)
[09:52:45]SAY: mouse/ : Squeek? (51,155,2)
[09:52:47]EMOTE: *no key*/(Poly) : <b>Poly</b> squawks. (118,83,2)
[09:52:47]EMOTE: *no key*/(monkey (992)) : <b>The monkey (992)</b> jumps! (161,101,2)
[09:53:19]SAY: mouse/ : Squeek? (194,121,2)
[09:53:19]EMOTE: *no key*/(monkey (467)) : <b>The monkey (467)</b> scratches. (160,120,2)
[09:53:41]GAME: Random Event triggering: Minor Space Dust (/datum/round_event/space_dust)
[09:53:47]SAY: Nobody's Perfect/ : Delicious! (24,75,1)
[09:53:57]EMOTE: *no key*/(mouse) : <b>The mouse</b> runs in a circle. (178,154,2)
[09:53:59]SAY: mouse/ : Squeek! (146,102,2)
[09:54:01]EMOTE: *no key*/(monkey (848)) : <b>The monkey (848)</b> jumps! (160,119,2)
[09:54:03]EMOTE: *no key*/(monkey (848)) : <b>The monkey (848)</b> waves her tail. (160,119,2)
[09:54:07]EMOTE: *no key*/(mouse) : <b>The mouse</b> runs in a circle. (135,167,2)
[09:54:09]SAY: Poly/ : I think I&#39;m cured as well. (118,83,2)
[09:54:19]EMOTE: *no key*/(Poly) : <b>Poly</b> flutters its wings. (118,83,2)
[09:54:25]SAY: Poly/ : Yeah (118,83,2)
[09:54:29]EMOTE: *no key*/(monkey (769)) : <b>The monkey (769)</b> rolls. (157,100,2)
[09:54:31]EMOTE: *no key*/(monkey (946)) : <b>The monkey (946)</b> jumps! (164,76,5)
[09:54:37]EMOTE: *no key*/(mouse) : <b>The mouse</b> squeeks. (178,154,2)
[09:54:47]SAY: Nobody's Perfect/ : There&#39;s always a catch, and I&#39;m the best there is. (24,75,1)
[09:54:49]SAY: mouse/ : Squeek! (135,167,2)
[09:54:51]SAY: Medibot/ : What kind of medbay is this? Everyone&#39;s dropping like flies. (154,73,1)
[09:54:51]EMOTE: *no key*/(crab) : <b>The crab</b> clicks. (30,185,5)
[09:54:51]EMOTE: *no key*/(Tom) : <b>Tom</b> runs in a circle. (101,189,2)
[09:54:53]SAY: grey baby slime (550)/ : Rawr... (177,94,2)
[09:54:59]SAY: Poly/ : Thanks. (118,83,2)
[09:55:01]EMOTE: *no key*/(monkey (44)) : <b>The monkey (44)</b> rolls. (161,119,2)
[09:55:03]EMOTE: *no key*/(mouse) : <b>The mouse</b> runs in a circle. (159,148,2)
[09:55:10]SAY: mouse/ : Squeek! (197,121,2)
[09:55:16]EMOTE: *no key*/(mouse) : <b>The mouse</b> squeeks. (52,156,2)
[09:55:20]EMOTE: *no key*/(mouse) : <b>The mouse</b> runs in a circle. (110,83,2)
[09:55:23]SAY: mouse/ : Squeek? (148,85,2)
[09:55:34]EMOTE: *no key*/(monkey (534)) : <b>The monkey (534)</b> rolls. (160,101,2)
[09:55:35]EMOTE: *no key*/(Runtime) : <b>Runtime</b> shakes its head. (157,110,2)
[09:55:46]EMOTE: *no key*/(monkey (946)) : <b>The monkey (946)</b> rolls. (165,77,5)
[09:55:46]EMOTE: *no key*/(monkey (536)) : <b>The monkey (536)</b> jumps! (161,101,2)
[09:55:48]EMOTE: *no key*/(monkey (114)) : <b>The monkey (114)</b> jumps! (172,82,5)
[09:55:52]EMOTE: *no key*/(monkey (167)) : <b>The monkey (167)</b> jumps! (172,83,5)
[09:56:01]EMOTE: *no key*/(crab) : <b>The crab</b> clicks. (27,185,5)
[09:56:08]EMOTE: *no key*/(monkey (167)) : <b>The monkey (167)</b> scratches. (172,83,5)
[09:56:15]SAY: mouse/ : Squeek? (178,153,2)
[09:56:16]EMOTE: *no key*/(grey baby slime (550)) : <b>The grey baby slime (550)</b> jiggles! (175,93,2)
[09:56:19]SAY: mouse/ : SQUEEK! (197,121,2)
[09:56:22]EMOTE: *no key*/(monkey (998)) : <b>The monkey (998)</b> jumps! (164,77,5)
[09:56:23]SAY: mouse/ : Squeek! (160,147,2)
[09:56:31]EMOTE: *no key*/(mouse) : <b>The mouse</b> runs in a circle. (149,85,2)
[09:56:37]SAY: mouse/ : SQUEEK! (198,121,2)
[09:56:48]EMOTE: *no key*/(Runtime) : <b>Runtime</b> wags its tail. (157,110,2)
[09:56:49]EMOTE: *no key*/(mouse) : <b>The mouse</b> runs in a circle. (177,153,2)
[09:56:51]SAY: mouse/ : Squeek? (148,85,2)
[09:56:56]EMOTE: *no key*/(Ian) : <b>Ian</b> dances around. (103,115,2)
[09:56:59]SAY: mouse/ : SQUEEK! (177,152,2)
[09:56:59]EMOTE: *no key*/(Paperwork) : <b>Paperwork</b> looks around sleepily. (73,117,2)
[09:57:08]EMOTE: *no key*/(monkey (167)) : <b>The monkey (167)</b> waves her tail. (172,83,5)
[09:57:09]SAY: mouse/ : Squeek? (150,85,2)
[09:57:11]SAY: Nobody's Perfect/ : Radar, put a mask on! (24,75,1)
[09:57:17]SAY: mouse/ : SQUEEK! (142,104,2)
[09:57:17]EMOTE: *no key*/(mouse) : <b>The mouse</b> shakes. (176,153,2)
[09:57:17]EMOTE: *no key*/(crab) : <b>The crab</b> clacks. (48,182,5)
[09:57:23]SAY: mouse/ : Squeek? (85,134,2)
[09:57:23]SAY: Poly/ : EJECT IT. (118,83,2)
[09:57:25]GAME: Antagonists at round end were...
[09:57:25]GAME: traitors: Optimus(The_Introvert253).
[09:57:25]GAME: Blackbox sealed.
[09:57:31]EMOTE: *no key*/(Pete) : <b>Pete</b> stops moving... (151,140,2)
[09:57:39]EMOTE: *no key*/(grey baby slime (550)) : <b>The grey baby slime (550)</b> bounces in place. (177,94,2)
[09:57:39]EMOTE: *no key*/(Ian) : <b>Ian</b> dances around. (103,115,2)
[09:57:50]ACCESS: Logout: CHERRYxMUSTANG/(Daniel Phillips)
[09:57:52]ACCESS: Logout: The_Introvert253/(Optimus)
[09:57:52]ACCESS: Logout: Guest-2156216626/(Bethney Seelig)
[10:10:01]SAY: mouse/ : SQUEEK! (136,164,2)
[10:10:09]SAY: Tom/ : Squeek! (104,191,2)
[10:10:09]SAY: Nobody's Perfect/ : I knew it, I should&#39;ve been a plastic surgeon. (24,75,1)
[10:10:11]EMOTE: *no key*/(mouse) : <b>The mouse</b> runs in a circle. (111,83,2)
[10:10:16]EMOTE: *no key*/(monkey (519)) : <b>The monkey (519)</b> rolls. (159,101,2)
[10:10:21]EMOTE: *no key*/(crab) : <b>The crab</b> clacks. (30,185,5)
[10:10:29]EMOTE: *no key*/(mouse) : <b>The mouse</b> runs in a circle. (194,121,2)
[10:10:30]SAY: grey baby slime (550)/ : Blorble... (175,92,2)
[10:10:33]ACCESS: Login: MACIEKBAKI from 83.22.49.99-1062000716 || BYOND v512
[10:10:33]ACCESS: Mob Login: MACIEKBAKI/(MACIEKBAKI) was assigned to a /mob/dead/new_player
[10:10:44]EMOTE: *no key*/(Runtime) : <b>Runtime</b> crouches on its hind legs. (157,110,2)
[10:10:47]EMOTE: *no key*/(mouse) : <b>The mouse</b> shakes. (86,134,2)
[10:10:47]SAY: mouse/ : Squeek? (121,160,2)
[10:10:48]EMOTE: *no key*/(grey baby slime (273)) : <b>The grey baby slime (273)</b> jiggles! (167,94,2)
[10:10:48]EMOTE: *no key*/(monkey (44)) : <b>The monkey (44)</b> scratches. (160,119,2)
[10:10:59]EMOTE: *no key*/(Ian) : <b>Ian</b> woofs! (103,115,2)
[10:11:01]EMOTE: *no key*/(mouse) : <b>The mouse</b> squeeks. (85,134,2)
[10:11:04]EMOTE: *no key*/(monkey (519)) : <b>The monkey (519)</b> scratches. (159,101,2)
[10:11:05]EMOTE: *no key*/(mouse) : <b>The mouse</b> squeeks. (83,136,2)
[10:11:06]GAME: <span class='boldannounce'>Rebooting World. Round ended.</span>
[10:11:06]ACCESS: Logout: MACIEKBAKI/(MACIEKBAKI)
