[2018-08-01 08:04:18.322] Starting up round ID 1815.
[2018-08-01 08:04:18.322] -------------------------
[2018-08-01 08:04:20.140] Initialized Database subsystem within 0 seconds!
[2018-08-01 08:04:20.141] Initialized Blackbox subsystem within 0 seconds!
[2018-08-01 08:04:20.141] Initialized Server Tasks subsystem within 0 seconds!
[2018-08-01 08:04:20.142] Initialized Input subsystem within 0 seconds!
[2018-08-01 08:04:20.195] Initialized Research subsystem within 0 seconds!
[2018-08-01 08:04:20.200] Initialized Events subsystem within 0.1 seconds!
[2018-08-01 08:04:20.206] Initialized Jobs subsystem within 0 seconds!
[2018-08-01 08:04:20.208] Initialized Quirks subsystem within 0 seconds!
[2018-08-01 08:04:20.219] Initialized Ticker subsystem within 0 seconds!
[2018-08-01 08:04:20.219] Loading Box Station...
[2018-08-01 08:04:26.460] Loaded Station in 6.2s!
[2018-08-01 08:04:32.671] Loaded Lavaland in 5.4s!
[2018-08-01 08:04:50.176] Ruin loader finished with 0 left to spend.
[2018-08-01 08:04:52.074] Ruin loader finished with 0 left to spend.
[2018-08-01 08:05:03.699] Initialized Mapping subsystem within 43.4 seconds!
[2018-08-01 08:05:03.702] Initialized Networks subsystem within 0 seconds!
[2018-08-01 08:05:57.542] Initialized Atoms subsystem within 53.8 seconds!
[2018-08-01 08:05:57.561] Initialized Language subsystem within 0 seconds!
[2018-08-01 08:05:57.974] Initialized Machines subsystem within 0.4 seconds!
[2018-08-01 08:05:58.033] Initialized Circuit subsystem within 0.1 seconds!
[2018-08-01 08:05:58.035] Initialized Disease subsystem within 0 seconds!
[2018-08-01 08:05:58.035] Initialized Medals subsystem within 0 seconds!
[2018-08-01 08:05:58.035] Initialized Night Shift subsystem within 0 seconds!
[2018-08-01 08:05:58.036] Initialized Parallax subsystem within 0 seconds!
[2018-08-01 08:05:58.170] Initialized Traumas subsystem within 0.1 seconds!
[2018-08-01 08:05:58.171] Initialized Weather subsystem within 0 seconds!
[2018-08-01 08:07:20.623] Initialized Atmospherics subsystem within 82.5 seconds!
[2018-08-01 08:07:20.640] Initialized Minimap subsystem within 0 seconds!
[2018-08-01 08:07:23.036] Initialized Assets subsystem within 2.4 seconds!
[2018-08-01 08:07:31.546] Initialized Icon Smoothing subsystem within 8.5 seconds!
[2018-08-01 08:07:33.574] Initialized Overlay subsystem within 2 seconds!
[2018-08-01 08:07:33.575] Initialized XKeyScore subsystem within 0 seconds!
[2018-08-01 08:07:33.575] Initialized Sticky Ban subsystem within 0 seconds!
[2018-08-01 08:07:52.742] Initialized Lighting subsystem within 19.2 seconds!
[2018-08-01 08:07:57.190] Initialized Shuttle subsystem within 4.4 seconds!
[2018-08-01 08:07:57.227] Initialized Squeak subsystem within 0.1 seconds!
[2018-08-01 08:07:57.229] Initialized Pathfinder subsystem within 0 seconds!
[2018-08-01 08:07:57.287] Loaded 24 engraved messages on map Box Station
[2018-08-01 08:07:57.321] Initialized Persistence subsystem within 0.1 seconds!
[2018-08-01 08:07:57.321] Initializations complete within 217.2 seconds!
[2018-08-01 08:09:02.124] Game start took 1.7s
[2018-08-01 10:11:33.911] Shutting down Persistence subsystem...
[2018-08-01 10:11:33.912] Shutting down Pathfinder subsystem...
[2018-08-01 10:11:33.912] Shutting down Squeak subsystem...
[2018-08-01 10:11:33.912] Shutting down Shuttle subsystem...
[2018-08-01 10:11:33.912] Shutting down Lighting subsystem...
[2018-08-01 10:11:33.912] Shutting down XKeyScore subsystem...
[2018-08-01 10:11:33.912] Shutting down Sticky Ban subsystem...
[2018-08-01 10:11:33.912] Shutting down Overlay subsystem...
[2018-08-01 10:11:33.948] Shutting down Icon Smoothing subsystem...
[2018-08-01 10:11:33.948] Shutting down Assets subsystem...
[2018-08-01 10:11:33.948] Shutting down Minimap subsystem...
[2018-08-01 10:11:33.948] Shutting down Atmospherics subsystem...
[2018-08-01 10:11:33.948] Shutting down Wet floors subsystem...
[2018-08-01 10:11:33.948] Shutting down Weather subsystem...
[2018-08-01 10:11:33.948] Shutting down Vote subsystem...
[2018-08-01 10:11:33.948] Shutting down Traumas subsystem...
[2018-08-01 10:11:33.948] Shutting down Title Screen subsystem...
[2018-08-01 10:11:33.948] Shutting down Time Tracking subsystem...
[2018-08-01 10:11:33.948] Shutting down Throwing subsystem...
[2018-08-01 10:11:33.948] Shutting down tgui subsystem...
[2018-08-01 10:11:33.949] Shutting down Sun subsystem...
[2018-08-01 10:11:33.949] Shutting down Space Drift subsystem...
[2018-08-01 10:11:33.949] Shutting down Religion subsystem...
[2018-08-01 10:11:33.949] Shutting down Radio subsystem...
[2018-08-01 10:11:33.949] Shutting down Radiation subsystem...
[2018-08-01 10:11:33.949] Shutting down Projectiles subsystem...
[2018-08-01 10:11:33.949] Shutting down Processing subsystem...
[2018-08-01 10:11:33.949] Shutting down Ping subsystem...
[2018-08-01 10:11:33.949] Shutting down Parallax subsystem...
[2018-08-01 10:11:33.949] Shutting down pAI subsystem...
[2018-08-01 10:11:33.949] Shutting down Orbits subsystem...
[2018-08-01 10:11:33.949] Shutting down Objects subsystem...
[2018-08-01 10:11:33.949] Shutting down NPC Pool subsystem...
[2018-08-01 10:11:33.949] Shutting down Night Shift subsystem...
[2018-08-01 10:11:33.949] Shutting down Mood subsystem...
[2018-08-01 10:11:33.950] Shutting down Mobs subsystem...
[2018-08-01 10:11:33.950] Shutting down Medals subsystem...
[2018-08-01 10:11:33.950] Shutting down Idling NPC Pool subsystem...
[2018-08-01 10:11:33.950] Shutting down Fire Burning subsystem...
[2018-08-01 10:11:33.950] Shutting down Fields subsystem...
[2018-08-01 10:11:33.950] Shutting down Fast Processing subsystem...
[2018-08-01 10:11:33.950] Shutting down Disease subsystem...
[2018-08-01 10:11:33.950] Shutting down Datum Component System subsystem...
[2018-08-01 10:11:33.950] Shutting down Communications subsystem...
[2018-08-01 10:11:33.950] Shutting down Augury subsystem...
[2018-08-01 10:11:33.950] Shutting down Acid subsystem...
[2018-08-01 10:11:33.950] Shutting down Timer subsystem...
[2018-08-01 10:11:33.950] Shutting down Circuit subsystem...
[2018-08-01 10:11:33.950] Shutting down Machines subsystem...
[2018-08-01 10:11:33.951] Shutting down Language subsystem...
[2018-08-01 10:11:33.951] Shutting down Atoms subsystem...
[2018-08-01 10:11:33.951] Shutting down Networks subsystem...
[2018-08-01 10:11:33.951] Shutting down Mapping subsystem...
[2018-08-01 10:11:33.951] Shutting down Ticker subsystem...
[2018-08-01 10:11:34.182] Shutting down Quirks subsystem...
[2018-08-01 10:11:34.182] Shutting down Jobs subsystem...
[2018-08-01 10:11:34.182] Shutting down Events subsystem...
[2018-08-01 10:11:34.182] Shutting down Research subsystem...
[2018-08-01 10:11:34.182] Shutting down Input subsystem...
[2018-08-01 10:11:34.182] Shutting down Server Tasks subsystem...
[2018-08-01 10:11:34.182] Shutting down Blackbox subsystem...
[2018-08-01 10:11:34.390] Shutting down Database subsystem...
[2018-08-01 10:11:34.427] Shutting down Garbage subsystem...
[2018-08-01 10:11:34.500] Shutdown complete
[2018-08-01 10:11:34.500] World rebooted at 10:11:34
