

Starting up round ID 589. 10:59:02
---------------------
[10:59:02]GAME: Round ID: 589
[10:59:02]ADMIN: Loading Banlist
[10:59:03]GAME: Saved mode is 'secret'
[10:59:13]ACCESS: Login: LuigiBoiBY from 104.10.210.252-447529467 || BYOND v512
[10:59:13]ACCESS: Mob Login: LuigiBoiBY/(LuigiBoiBY) was assigned to a /mob/dead/new_player
[10:59:13]ACCESS: Login: Neapher from 24.179.145.167-2326509813 || BYOND v512
[10:59:13]ACCESS: Mob Login: Neapher/(Neapher) was assigned to a /mob/dead/new_player
[10:59:14]ACCESS: Login: GimmesumsuccPls from 74.88.66.237-3169572192 || BYOND v512
[10:59:14]ACCESS: Mob Login: GimmesumsuccPls/(GimmesumsuccPls) was assigned to a /mob/dead/new_player
[10:59:14]ACCESS: Login: Necrolor1465 from 24.179.145.167-4151301080 || BYOND v511
[10:59:14]ACCESS: Notice: Necrolor1465 has the same IP (24.179.145.167) as Neapher/(Neapher).
[10:59:14]ACCESS: Mob Login: Necrolor1465/(Necrolor1465) was assigned to a /mob/dead/new_player
[10:59:15]ACCESS: Login: GreenTea98 from 174.100.55.125-2546803742 || BYOND v512
[10:59:15]ACCESS: Mob Login: GreenTea98/(GreenTea98) was assigned to a /mob/dead/new_player
[10:59:24]GAME: Hierophant's Arena loaded at at 128,156,5
[10:59:24]GAME: Fountain Hall loaded at at 92,96,5
[10:59:24]GAME: The Wishgranter Cube loaded at at 179,132,5
[10:59:24]GAME: Ruin of Pride loaded at at 83,130,5
[10:59:24]GAME: Xenomorph Nest loaded at at 124,110,5
[10:59:24]GAME: Ruin of Gluttony loaded at at 199,49,5
[10:59:25]GAME: Biodome Clown Planet loaded at at 74,61,5
[10:59:25]GAME: Asteroid 3 loaded at at 201,166,7
[10:59:25]GAME: Aesthetic Outpost loaded at at 215,192,8
[10:59:25]GAME: NT Medical Ship loaded at at 110,119,3
[10:59:25]GAME: Ancient Cloning Lab loaded at at 29,99,3
[10:59:25]GAME: Detached Teleporter loaded at at 187,220,11
[10:59:25]GAME: Dinner for Two loaded at at 107,48,3
[10:59:25]GAME: Disposal Facility 17 loaded at at 212,78,4
[10:59:25]GAME: Asteroid 1 loaded at at 127,26,8
[10:59:25]GAME: Strange Ship loaded at at 54,165,9
[10:59:26]GAME: Syndicate Ambush loaded at at 47,79,8
[10:59:26]GAME: Derelict 3 loaded at at 194,39,8
[10:59:26]GAME: SCP-294 Containment loaded at at 22,68,11
[10:59:26]GAME: Abandoned Telecommunications Satellite loaded at at 159,111,8
[10:59:26]GAME: Waylaid Buses loaded at at 43,113,9
[10:59:26]GAME: Gondoland loaded at at 84,22,7
[10:59:38]OOC: GreenTea98/(GreenTea98) : lmao (8,174,1)
[10:59:42]OOC: GreenTea98/(GreenTea98) : admin wizards op pls nerf (8,174,1)
[10:59:49]ACCESS: Logout: GimmesumsuccPls/(GimmesumsuccPls)
[11:00:11]ADMIN: Neapher/(Neapher) set the forced secret mode as devil.
[11:00:37]OOC: LuigiBoiBY/(LuigiBoiBY) : This man made me turn gay (8,174,1)
[11:00:37]OOC: LuigiBoiBY/(LuigiBoiBY) : https://youtu.be/86xi7IiEOJw (8,174,1)
[11:00:38]OOC: Neapher/(Neapher) : Don&#39;t worry, this round should be less robust overall. (8,174,1)
[11:00:50]OOC: GreenTea98/(GreenTea98) : I vote sillyness round (8,174,1)
[11:01:23]ACCESS: Logout: GimmesumsuccPls
[11:01:23]GAME: fancy transport ferry loaded at at 115,146,1
[11:01:23]GAME: Box Station Emergency Shuttle loaded at at 116,137,1
[11:01:24]GAME: basic syndicate infiltrator loaded at at 113,137,1
[11:01:24]GAME: cargo ferry (Box) loaded at at 118,142,1
[11:01:25]GAME: labour shuttle (Box) loaded at at 119,144,1
[11:01:25]GAME: arrival shuttle (Box) loaded at at 114,145,1
[11:01:25]GAME: mining shuttle (Box) loaded at at 119,145,1
[11:01:27]OOC: LuigiBoiBY/(LuigiBoiBY) : hey guys like my new OOC color? (8,174,1)
[11:01:40]OOC: GreenTea98/(GreenTea98) : Heckiddy noey (8,174,1)
[11:02:13]ACCESS: Login: GimmesumsuccPls from 74.88.66.237-3169572192 || BYOND v512
[11:02:13]ACCESS: Mob Login: GimmesumsuccPls/(GimmesumsuccPls) was assigned to a /mob/dead/new_player
[11:02:44]GAME: Neapher (ckey) has been selected as a traitor
[11:02:49]ACCESS: Mob Login: GimmesumsuccPls/(ghost) was assigned to a /mob/dead/observer
[11:02:50]ACCESS: Mob Login: Neapher/(Morpheus Orpheus) was assigned to a /mob/living/carbon/human
[11:02:50]ACCESS: Mob Login: Necrolor1465/(Pachinko Focul) was assigned to a /mob/living/carbon/human
[11:02:50]ACCESS: Mob Login: GreenTea98/(Helps-The-Station) was assigned to a /mob/living/carbon/human
[11:02:52]EMOTE: *no key*/(grey baby slime (519)) : <b>The grey baby slime (519)</b> jiggles! (167,93,2)
[11:02:52]EMOTE: *no key*/(monkey (308)) : <b>The monkey (308)</b> scratches. (159,100,2)
[11:02:54]EMOTE: *no key*/(Lizard) : <b>Lizard</b> stops moving... (50,125,9)
[11:02:55]SAY: Prison Ofitser/ : Engaging patrol mode. (23,36,5)
[11:02:55]SAY: Prison Ofitser/ : Disengaging patrol mode. (23,36,5)
[11:02:55]SAY: Officer Beepsky/ : Engaging patrol mode. (94,159,2)
[11:02:57]SAY: mouse/ : Squeek! (103,95,2)
[11:02:57]SAY: mouse/ : Squeek? (149,83,2)
[11:02:59]SAY: mouse/ : Squeek? (103,95,2)
[11:03:00]SAY: Morpheus Orpheus/Neapher : Let&#39;s go virgins. (184,114,2)
[11:03:08]ADMINPRIVATE: ASAY: Neapher/(Morpheus Orpheus) : Devil antag. Deadminning (184,114,2)
[11:03:09]EMOTE: *no key*/(mouse) : <b>The mouse</b> shakes. (103,95,2)
[11:03:10]ADMIN: Neapher/(Morpheus Orpheus) admin ghosted.
[11:03:10]ACCESS: Mob Login: Neapher/(Morpheus Orpheus) was assigned to a /mob/dead/observer
[11:03:13]SAY: Pachinko Focul/Necrolor1465 : Sir. I need your ass. (181,113,2)
[11:03:14]ACCESS: Mob Login: Neapher/(Morpheus Orpheus) was assigned to a /mob/living/carbon/human
[11:03:17]ADMIN: Neapher deadmined themself.
[11:03:27]EMOTE: *no key*/(Pegwing) : <b>Pegwing</b> turns and flies towards the bedsheet. (98,118,8)
[11:03:35]SAY: Pachinko Focul/Necrolor1465 : Its urgent. (181,113,2)
[11:03:37]SAY: Morpheus Orpheus/Neapher : Whhat do you want? (184,113,2)
[11:03:38]SAY: Morpheus Orpheus/Neapher : Fagg? (184,113,2)
[11:03:43]EMOTE: *no key*/(monkey (352)) : <b>The monkey (352)</b> jumps! (161,118,2)
[11:03:47]SAY: Pachinko Focul/Necrolor1465 : Your ass, sir. (181,113,2)
[11:03:48]SAY: mouse/ : Squeek! (150,82,2)
[11:03:48]EMOTE: *no key*/(Poly) : <b>Poly</b> looks in the Zippo lighter's direction and takes flight. (118,83,2)
[11:03:48]EMOTE: *no key*/(Poly) : <b>Poly</b> flutters its wings. (118,83,2)
[11:03:50]SAY: mouse/ : Squeek? (145,146,2)
[11:03:55]EMOTE: *no key*/(Ian) : <b>Ian</b> dances around. (106,120,2)
[11:03:56]SAY: Morpheus Orpheus/Neapher : My ass...? (184,113,2)
[11:03:58]EMOTE: *no key*/(Ian) : <b>Ian</b> shakes its head. (106,120,2)
[11:03:58]SAY: Nobody's Perfect/ : Radar, put a mask on! (24,75,1)
[11:03:59]EMOTE: *no key*/(monkey (379)) : <b>The monkey (379)</b> waves her tail. (161,99,2)
[11:03:59]EMOTE: *no key*/(monkey (608)) : <b>The monkey (608)</b> scratches. (161,100,2)
[11:04:00]ACCESS: Login: Xahrov from 109.192.254.248-3720678347 || BYOND v512
[11:04:00]ACCESS: Mob Login: Xahrov/(Xahrov) was assigned to a /mob/dead/new_player
[11:04:00]ACCESS: Failed Login: Xahrov 3720678347 109.192.254.248 - CID randomizer check
[11:04:01]ACCESS: Logout: Xahrov/(Xahrov)
[11:04:03]EMOTE: *no key*/(mouse) : <b>The mouse</b> runs in a circle. (79,127,2)
[11:04:04]SAY: Pachinko Focul/Necrolor1465 : For a robot, yes. (181,113,2)
[11:04:04]ACCESS: Login: Xahrov from 109.192.254.248-3720678347 || BYOND v512
[11:04:04]ACCESS: Mob Login: Xahrov/(Xahrov) was assigned to a /mob/dead/new_player
[11:04:07]EMOTE: *no key*/(mouse) : <b>The mouse</b> squeeks. (187,82,2)
[11:04:09]SAY: Morpheus Orpheus/Neapher : You want my ass. (181,112,2)
[11:04:14]EMOTE: *no key*/(Runtime) : <b>Runtime</b> shakes out its coat. (157,110,2)
[11:04:17]EMOTE: *no key*/(mouse) : <b>The mouse</b> squeeks. (117,57,2)
[11:04:18]SAY: Pachinko Focul/Necrolor1465 : Not in a sexual way. (181,113,2)
[11:04:19]SAY: Morpheus Orpheus/Neapher : Care to make a trade offer for my booty? (181,112,2)
[11:04:20]EMOTE: *no key*/(monkey (986)) : <b>The monkey (986)</b> jumps! (161,117,2)
[11:04:21]EMOTE: *no key*/(Tom) : <b>Tom</b> runs in a circle. (99,191,2)
[11:04:22]ACCESS: Mob Login: Xahrov/(Stanly Law) was assigned to a /mob/living/carbon/human
[11:04:25]EMOTE: *no key*/(Runtime) : <b>Runtime</b> stretches out for a belly rub. (157,109,2)
[11:04:28]SAY: Poly/ : Missing a leg (118,83,2)
[11:04:36]EMOTE: *no key*/(monkey (336)) : <b>The monkey (336)</b> jumps! (160,118,2)
[11:04:40]EMOTE: Necrolor1465/(Pachinko Focul) : <b>Pachinko Focul</b> rubs his chin in thought. (181,113,2)
[11:04:42]SAY: Morpheus Orpheus/Neapher : I&#39;ll give you my butt cheeks. (181,112,2)
[11:04:42]EMOTE: *no key*/(monkey (394)) : <b>The monkey (394)</b> rolls. (157,101,2)
[11:04:42]EMOTE: *no key*/(Ian) : <b>Ian</b> dances around. (106,118,2)
[11:04:47]SAY: Morpheus Orpheus/Neapher : If you&#39;ll give me your soul. (181,112,2)
[11:04:48]EMOTE: *no key*/(Poly) : <b>Poly</b> looks in the burn patch's direction and takes flight. (118,83,2)
[11:04:48]SAY: Nobody's Perfect/ : There&#39;s always a catch, and I&#39;m the best there is. (24,75,1)
[11:04:50]EMOTE: *no key*/(monkey (986)) : <b>The monkey (986)</b> rolls. (160,118,2)
[11:04:50]WHISPER: Neapher/(Morpheus Orpheus) : Just`sign`on`the`dotted`line. (181,112,2)
[11:04:56]SAY: mouse/ : Squeek! (79,126,2)
[11:04:56]SAY: Pachinko Focul/Necrolor1465 : For? Uhhh.. Sir? (181,113,2)
[11:04:58]EMOTE: *no key*/(grey baby slime (722)) : <b>The grey baby slime (722)</b> vibrates! (177,93,2)
[11:05:06]SAY: Medibot/ : Radar, put a mask on! (155,73,1)
[11:05:06]EMOTE: *no key*/(monkey (986)) : <b>The monkey (986)</b> jumps! (160,117,2)
[11:05:08]SAY: mouse/ : SQUEEK! (145,146,2)
[11:05:10]SAY: Helps-The-Station/GreenTea98 : Oh boy. (144,138,2)
[11:05:14]SAY: Medibot/ : Delicious! (155,73,1)
[11:05:16]SAY: Medibot/ : Delicious! (155,73,1)
[11:05:20]WHISPER: Neapher/(Morpheus Orpheus) : Just`sign`on`the`dotted`line. (181,112,2)
[11:05:22]EMOTE: *no key*/(monkey (72)) : <b>The monkey (72)</b> scratches. (160,118,2)
[11:05:28]EMOTE: *no key*/(mouse) : <b>The mouse</b> squeeks. (146,146,2)
[11:05:28]ACCESS: Mob Login: LuigiBoiBY/(ghost) was assigned to a /mob/dead/observer
[11:05:35]EMOTE: *no key*/(monkey (379)) : <b>The monkey (379)</b> waves her tail. (157,100,2)
[11:05:36]SAY: Pachinko Focul/Necrolor1465 : I need a penn and the paper work. (181,113,2)
[11:05:38]ACCESS: Logout: GreenTea98/(Helps-The-Station)
[11:05:40]SAY: Poly/ : Did you make the goods? (118,83,2)
[11:05:43]EMOTE: *no key*/(Poly) : <b>Poly</b> looks in the monitor decryption key's direction and takes flight. (118,83,2)
[11:05:43]SAY: Morpheus Orpheus/Neapher : Check yourself. (181,112,2)
[11:05:47]EMOTE: *no key*/(Runtime) : <b>Runtime</b> walks around. (157,109,2)
[11:05:48]WHISPER: Neapher/(Morpheus Orpheus) : Just sign on the dotted line. (179,118,2)
[11:05:49]EMOTE: *no key*/(Runtime) : <b>Runtime</b> sits down. (157,109,2)
[11:05:57]SAY: Medibot/ : What kind of medbay is this? Everyone&#39;s dropping like flies. (154,73,1)
[11:05:57]EMOTE: *no key*/(Paperwork) : <b>Paperwork</b> snores. (81,120,2)
[11:06:03]SAY: mouse/ : Squeek? (155,145,2)
[11:06:09]SAY: Morpheus Orpheus/Neapher : Thanks buddy. (179,118,2)
[11:06:11]EMOTE: *no key*/(mouse) : <b>The mouse</b> shakes. (155,145,2)
[11:06:12]EMOTE: *no key*/(Runtime) : <b>Runtime</b> walks around. (157,109,2)
[11:06:12]EMOTE: *no key*/(monkey (72)) : <b>The monkey (72)</b> jumps! (160,118,2)
[11:06:17]SAY: mouse/ : SQUEEK! (155,146,2)
[11:06:20]EMOTE: *no key*/(Bojangles VI) : <b>Bojangles VI</b> jumps! (144,135,2)
[11:06:21]SAY: Morpheus Orpheus/Neapher : Lets go give you my ass. (179,117,2)
[11:06:22]EMOTE: *no key*/(grey baby slime (519)) : <b>The grey baby slime (519)</b> bounces in place. (167,92,2)
[11:06:22]ACCESS: Login: GreenTea98 from 174.100.55.125-2546803742 || BYOND v512
[11:06:22]ACCESS: Mob Login: GreenTea98/(Helps-The-Station) was assigned to a /mob/living/carbon/human
[11:06:28]ADMIN: SubtlePM: LuigiBoiBY/(Kayla Moore) -> Neapher/(Morpheus Orpheus) : GAY!!!
[11:06:29]EMOTE: *no key*/(mouse) : <b>The mouse</b> shakes. (144,146,2)
[11:06:41]EMOTE: *no key*/(Poly) : <b>Poly</b> looks in the chief engineer's rubber stamp's direction and takes flight. (118,83,2)
[11:06:51]SAY: Morpheus Orpheus/Neapher : Take my ass. (167,118,2)
[11:07:00]EMOTE: *no key*/(Runtime) : <b>Runtime</b> stretches out for a belly rub. (157,108,2)
[11:07:09]EMOTE: *no key*/(mouse) : <b>The mouse</b> squeeks. (177,80,2)
[11:07:11]SAY: Poly/ : In dorms (118,83,2)
[11:07:24]EMOTE: *no key*/(Runtime) : <b>Runtime</b> walks around. (157,108,2)
[11:07:25]EMOTE: *no key*/(mouse) : <b>The mouse</b> shakes. (190,125,2)
[11:07:27]EMOTE: *no key*/(mouse) : <b>The mouse</b> shakes. (151,82,2)
[11:07:34]EMOTE: *no key*/(Bojangles VI) : <b>Bojangles VI</b> rolls. (144,135,2)
[11:07:35]EMOTE: *no key*/(Pegwing) : <b>Pegwing</b> looks in the gold coin's direction and takes flight. (105,120,8)
[11:07:35]SAY: Poly/ : it is me (118,83,2)
[11:07:39]EMOTE: *no key*/(Poly) : <b>Poly</b> looks in the chief engineer's rubber stamp's direction and takes flight. (118,83,2)
[11:07:44]EMOTE: *no key*/(Runtime) : <b>Runtime</b> stretches out for a belly rub. (157,108,2)
[11:07:48]EMOTE: *no key*/(Runtime) : <b>Runtime</b> looks alert. (157,108,2)
[11:07:50]SAY: Morpheus Orpheus/Neapher : You best hurry my child. (167,119,2)
[11:07:51]EMOTE: *no key*/(mouse) : <b>The mouse</b> squeeks. (190,124,2)
[11:08:07]EMOTE: *no key*/(Poly) : <b>Poly</b> squawks. (118,83,2)
[11:08:10]SAY: Morpheus Orpheus/Neapher : Take my ass (167,118,2)
[11:08:11]EMOTE: *no key*/(Paperwork) : <b>Paperwork</b> dozes off. (81,116,2)
[11:08:12]EMOTE: *no key*/(Runtime) : <b>Runtime</b> crouches on its hind legs. (157,108,2)
[11:08:14]EMOTE: Neapher/(Morpheus Orpheus) : <b>Morpheus Orpheus</b> bends over. (167,118,2)
[11:08:17]EMOTE: *no key*/(mouse) : <b>The mouse</b> runs in a circle. (155,145,2)
[11:08:20]EMOTE: *no key*/(monkey (394)) : <b>The monkey (394)</b> scratches. (160,101,2)
[11:08:20]EMOTE: *no key*/(monkey (336)) : <b>The monkey (336)</b> jumps! (161,117,2)
[11:08:21]SAY: mouse/ : Squeek! (118,55,2)
[11:08:26]EMOTE: *no key*/(Ian) : <b>Ian</b> barks! (105,117,2)
[11:08:32]ACCESS: Login: Wolxy from 187.120.223.6-711379704 || BYOND v511
[11:08:32]ACCESS: Mob Login: Wolxy/(Wolxy) was assigned to a /mob/dead/new_player
[11:08:43]EMOTE: *no key*/(Pegwing) : <b>Pegwing</b> looks in the gold coin's direction and takes flight. (105,120,8)
[11:08:43]EMOTE: *no key*/(Poly) : <b>Poly</b> looks in the Power-ON cartridge's direction and takes flight. (118,83,2)
[11:08:44]EMOTE: Neapher/(Morpheus Orpheus) : <b>Morpheus Orpheus</b> spanks his left buttcheek. (167,118,2)
[11:08:49]SAY: Pegwing/ : Hello! (104,120,8)
[11:08:53]ADMINPRIVATE: ASAY: Wolxy/(Wolxy) : good morning (8,174,1)
[11:08:59]SAY: Poly/ : Don&#39;t believe the reports - smoke today! (118,83,2)
[11:09:00]EMOTE: *no key*/(grey baby slime (722)) : <b>The grey baby slime (722)</b> bounces in place. (176,94,2)
[11:09:07]ADMINPRIVATE: ASAY: GimmesumsuccPls/(Todd Hayseed) : I think im just gonna go. (167,118,2)
[11:09:13]EMOTE: *no key*/(Tom) : <b>Tom</b> squeeks. (101,190,2)
[11:09:18]ADMINPRIVATE: ASAY: Wolxy/(Wolxy) : we go :( (8,174,1)
[11:09:22]ADMINPRIVATE: ASAY: GimmesumsuccPls/(Todd Hayseed) : Im bored. And i don&#39;t have any other reason to be on. (167,118,2)
[11:09:23]ADMINPRIVATE: ASAY: Wolxy/(Wolxy) : yeah* (8,174,1)
[11:09:23]EMOTE: *no key*/(mouse) : <b>The mouse</b> runs in a circle. (186,82,2)
[11:09:23]SAY: Poly/ : Don&#39;t believe the reports - smoke today! (118,83,2)
[11:09:23]EMOTE: *no key*/(Paperwork) : <b>Paperwork</b> dozes off. (77,119,2)
[11:09:30]EMOTE: *no key*/(monkey (379)) : <b>The monkey (379)</b> jumps! (161,101,2)
[11:09:33]ADMINPRIVATE: ASAY: Wolxy/(Wolxy) : i am your reason (8,174,1)
[11:09:38]ADMINPRIVATE: ASAY: GimmesumsuccPls/(Todd Hayseed) : ...Why Exactly (167,118,2)
[11:09:44]EMOTE: *no key*/(Poly) : <b>Poly</b> looks in the Power-ON cartridge's direction and takes flight. (118,83,2)
[11:09:47]ACCESS: Login: Alternative_Voice from 60.227.91.42-1002557168 || BYOND v512
[11:09:47]ACCESS: Mob Login: Alternative_Voice/(Alternative_Voice) was assigned to a /mob/dead/new_player
[11:09:48]ACCESS: Failed Login: Alternative_Voice 1002557168 60.227.91.42 - CID randomizer check
[11:09:50]ACCESS: Logout: Alternative_Voice/(Alternative_Voice)
[11:09:50]EMOTE: *no key*/(Runtime) : <b>Runtime</b> mews. (157,108,2)
[11:09:56]GAME: Random Event triggering: Minor Space Dust (/datum/round_event/space_dust)
[11:09:58]EMOTE: *no key*/(monkey (630)) : <b>The monkey (630)</b> scratches. (160,117,2)
[11:09:58]EMOTE: *no key*/(Pegwing) : <b>Pegwing</b> looks in the gold coin's direction and takes flight. (105,120,8)
[11:10:05]ADMINPRIVATE: ASAY: Wolxy/(Wolxy) : cause cthulhu updated the server with forbidden fruits. (8,174,1)
[11:10:12]EMOTE: *no key*/(Bojangles VI) : <b>Bojangles VI</b> jumps! (144,133,2)
[11:10:16]SAY: Morpheus Orpheus/Neapher : Come on man, take my ass. (167,118,2)
[11:10:16]EMOTE: *no key*/(monkey (630)) : <b>The monkey (630)</b> scratches. (161,118,2)
[11:10:17]ADMINPRIVATE: ASAY: GimmesumsuccPls/(Todd Hayseed) : ...I don&#39;t get it. (167,118,2)
[11:10:18]SAY: Morpheus Orpheus/Neapher : Claim it. (167,118,2)
[11:10:21]SAY: Morpheus Orpheus/Neapher : Make it your own. (167,118,2)
[11:10:27]ACCESS: Login: Alternative_Voice from 60.227.91.42-1002557168 || BYOND v512
[11:10:27]ACCESS: Mob Login: Alternative_Voice/(Alternative_Voice) was assigned to a /mob/dead/new_player
[11:10:28]EMOTE: *no key*/(monkey (308)) : <b>The monkey (308)</b> waves his tail. (157,101,2)
[11:10:29]SAY: Ian/ : YAP (105,118,2)
[11:10:34]ADMINPRIVATE: ASAY: GimmesumsuccPls/(Todd Hayseed) : Im still a mod. I don&#39;t have my rank back. (167,118,2)
[11:10:35]EMOTE: *no key*/(mouse) : <b>The mouse</b> squeeks. (176,81,2)
[11:10:41]SAY: Medibot/ : Radar, put a mask on! (155,73,1)
[11:10:43]EMOTE: *no key*/(Poly) : <b>Poly</b> looks in the Power-ON cartridge's direction and takes flight. (118,83,2)
[11:10:43]SAY: Poly/ : Let me check (118,83,2)
[11:10:45]SAY: Poly/ : Don&#39;t believe the reports - smoke today! (118,83,2)
[11:10:47]EMOTE: *no key*/(monkey (338)) : <b>The monkey (338)</b> rolls. (161,120,2)
[11:10:49]SAY: Runtime/ : Esp! (157,108,2)
[11:10:51]EMOTE: *no key*/(mouse) : <b>The mouse</b> squeeks. (119,55,2)
[11:10:52]SAY: Morpheus Orpheus/Neapher : That&#39;snot my ASSHOLE!! (167,118,2)
[11:10:55]SAY: Morpheus Orpheus/Neapher : Your very soul will catch fire! (167,118,2)
[11:10:56]GAME: Explosion with size (0, 1, 5, 5) in area Robotics Lab (170,118,2)
[11:10:59]EMOTE: *no key*/(monkey (336)) : <b>The monkey (336)</b> rolls. (160,117,2)
[11:11:07]EMOTE: Necrolor1465/(Pachinko Focul) : <b>Pachinko Focul</b> screams. (167,119,2)
[11:11:07]EMOTE: *no key*/(monkey (352)) : <b>The monkey (352)</b> waves his tail. (160,118,2)
[11:11:12]ADMINPRIVATE: ASAY: GimmesumsuccPls/(Todd Hayseed) : WHAT THE FUCK. (167,118,2)
[11:11:17]EMOTE: *no key*/(monkey (630)) : <b>The monkey (630)</b> scratches. (160,116,2)
[11:11:18]ADMINPRIVATE: ASAY: Wolxy/(Wolxy) : the fuck happened to you? (8,174,1)
[11:11:18]SAY: mouse/ : SQUEEK! (177,80,2)
[11:11:20]SAY: Nobody's Perfect/ : Radar, put a mask on! (24,75,1)
[11:11:22]ACCESS: Mob Login: Wolxy/(ghost) was assigned to a /mob/dead/observer
[11:11:25]ADMINPRIVATE: ASAY: GimmesumsuccPls/(Todd Hayseed) : Me? That wasn&#39;t me. (167,118,2)
[11:11:30]EMOTE: *no key*/(monkey (308)) : <b>The monkey (308)</b> waves his tail. (157,101,2)
[11:11:32]EMOTE: Necrolor1465/(Pachinko Focul) : <b>Pachinko Focul</b> gasps! (167,119,2)
[11:11:32]EMOTE: Necrolor1465/(Pachinko Focul) : <b>Pachinko Focul</b> seizes up and falls limp, his eyes dead and lifeless... (167,119,2)
[11:11:32]EMOTE: *no key*/(grey baby slime (722)) : <b>The grey baby slime (722)</b> vibrates! (175,94,2)
[11:11:33]SAY: mouse/ : Squeek! (82,134,2)
[11:11:34]ADMINPRIVATE: ASAY: GimmesumsuccPls/(Todd Hayseed) : That was...I honestly have no fuckin idea (167,118,2)
[11:11:35]EMOTE: *no key*/(Pegwing) : <b>Pegwing</b> looks in the gold coin's direction and takes flight. (105,120,8)
[11:11:37]SAY: mouse/ : Squeek! (79,130,2)
[11:11:39]SAY: Poly/ : Let me check (118,83,2)
[11:11:42]ADMINPRIVATE: ASAY: Wolxy/(Big Cuntoni) : I mean, you lost your shit. (170,118,2)
[11:11:43]EMOTE: *no key*/(Poly) : <b>Poly</b> looks in the BreatheDeep cartridge's direction and takes flight. (118,83,2)
[11:11:43]SAY: Tom/ : SQUEEK! (99,190,2)
[11:11:50]EMOTE: *no key*/(monkey (250)) : <b>The monkey (250)</b> scratches. (159,99,2)
[11:11:53]ADMINPRIVATE: ASAY: Wolxy/(Big Cuntoni) : the guy is named pachinko (165,119,2)
[11:11:58]SAY: Ghost/Wolxy : damn pachinko machines (165,119,2)
[11:11:58]EMOTE: Neapher/(Morpheus Orpheus) : <b>Morpheus Orpheus</b> gasps! (167,118,2)
[11:12:01]SAY: Nobody's Perfect/ : What kind of medbay is this? Everyone&#39;s dropping like flies. (24,75,1)
[11:12:02]GAME: GreenTea98/(Helps-The-Station) splashed (thrown) E-Z-Nutrient at (159,139,2).
[11:12:07]EMOTE: *no key*/(monkey (608)) : <b>The monkey (608)</b> waves her tail. (157,100,2)
[11:12:13]EMOTE: *no key*/(grey baby slime (722)) : <b>The grey baby slime (722)</b> vibrates! (175,93,2)
[11:12:14]SAY: mouse/ : Squeek! (185,82,2)
[11:12:21]EMOTE: Neapher/(Morpheus Orpheus) : <b>Morpheus Orpheus</b> gasps! (167,118,2)
[11:12:23]SAY: Ghost/Wolxy : the fuck did you do? (170,119,2)
[11:12:26]SAY: mouse/ : Squeek! (192,123,2)
[11:12:26]EMOTE: *no key*/(Ian) : <b>Ian</b> barks! (106,120,2)
[11:12:33]EMOTE: *no key*/(Ian) : <b>Ian</b> dances around. (106,120,2)
[11:12:35]EMOTE: *no key*/(monkey (308)) : <b>The monkey (308)</b> waves his tail. (158,100,2)
[11:12:38]ADMINPRIVATE: ASAY: GimmesumsuccPls/(Todd Hayseed) : A while ago. People wanted me demoted. Thats what happened. I want my damn rank back. I hate being a mod. Atleast i could do my own thing in the background of a round and help out when im realy needed. This is just fucking miserible. (167,118,2)
[11:12:39]OOC: Necrolor1465/(Pachinko Focul) : https://www.youtube.com/watch?v=7zpxgyG7eGk (167,119,2)
[11:12:45]EMOTE: *no key*/(Runtime) : <b>Runtime</b> stretches out for a belly rub. (157,108,2)
[11:12:46]EMOTE: *no key*/(Pegwing) : <b>Pegwing</b> looks in the gold coin's direction and takes flight. (105,120,8)
[11:12:47]EMOTE: Neapher/(Morpheus Orpheus) : <b>Morpheus Orpheus</b> gasps! (167,118,2)
[11:12:47]EMOTE: *no key*/(monkey (308)) : <b>The monkey (308)</b> waves his tail. (159,100,2)
[11:12:53]EMOTE: *no key*/(Poly) : <b>Poly</b> bawks! (118,83,2)
[11:12:53]EMOTE: Neapher/(Morpheus Orpheus) : <b>Morpheus Orpheus</b> gasps! (167,118,2)
[11:12:55]ADMINPRIVATE: ASAY: Wolxy/(Big Cuntoni) : Well, walrus is a mod too now. (170,119,2)
[11:13:01]SAY: Poly/ : Wassup (118,83,2)
[11:13:04]EMOTE: Neapher/(Morpheus Orpheus) : <b>Morpheus Orpheus</b> gasps! (167,118,2)
[11:13:06]ACCESS: Mob Login: Necrolor1465/(Pachinko Focul) was assigned to a /mob/dead/observer
[11:13:09]OOC: Neapher/(Morpheus Orpheus) : :I (167,118,2)
[11:13:15]EMOTE: Neapher/(Morpheus Orpheus) : <b>Morpheus Orpheus</b> gasps! (167,118,2)
[11:13:15]ADMINPRIVATE: ASAY: GimmesumsuccPls/(Todd Hayseed) : ....That impacts me how exactly (167,118,2)
[11:13:21]EMOTE: *no key*/(monkey (379)) : <b>The monkey (379)</b> scratches. (160,101,2)
[11:13:22]EMOTE: *no key*/(Runtime) : <b>Runtime</b> shakes its head. (157,108,2)
[11:13:24]EMOTE: *no key*/(mouse) : <b>The mouse</b> shakes. (192,122,2)
[11:13:29]ADMINPRIVATE: ASAY: Wolxy/(Big Cuntoni) : Just talk to cthulhu, we got some new people as staff members. (170,119,2)
[11:13:31]EMOTE: Neapher/(Morpheus Orpheus) : <b>Morpheus Orpheus</b> gasps! (167,118,2)
[11:13:32]SAY: Poly/ : BRAAAIIINNSSS... Hunrgy.... Must eat... parroT! (118,83,2)
[11:13:35]EMOTE: Neapher/(Morpheus Orpheus) : <b>Morpheus Orpheus</b> gasps! (167,118,2)
[11:13:36]EMOTE: Neapher/(Morpheus Orpheus) : <b>Morpheus Orpheus</b> seizes up and falls limp, his eyes dead and lifeless... (167,118,2)
[11:13:36]GAME: Antagonists at round end were...
[11:13:36]GAME: traitors: Morpheus Orpheus().
[11:13:36]GAME: Blackbox sealed.
[11:13:37]EMOTE: *no key*/(monkey (608)) : <b>The monkey (608)</b> scratches. (158,100,2)
[11:13:44]OOC: GreenTea98/(Helps-The-Station) : Oh, cool (157,138,2)
[11:13:46]ADMINPRIVATE: ASAY: Wolxy/(Big Cuntoni) : That means we are doing some rank changes. (170,119,2)
[11:13:49]OOC: Neapher/(Morpheus Orpheus) : Oh my god (167,118,2)
[11:13:49]EMOTE: *no key*/(Paperwork) : <b>Paperwork</b> dozes off. (76,117,2)
[11:13:49]OOC: GreenTea98/(Helps-The-Station) : whomstdve  (157,138,2)
[11:13:52]OOC: GreenTea98/(Helps-The-Station) : ended this bih (157,138,2)
[11:13:54]OOC: Neapher/(Morpheus Orpheus) : I accidentally died (167,118,2)
[11:13:55]ADMINPRIVATE: ASAY: GimmesumsuccPls/(Todd Hayseed) : He said i had to &#39;&#39;Earn&#39;&#39; My rank back. Dammit. This is miserible. (167,118,2)
[11:13:59]EMOTE: *no key*/(Pegwing) : <b>Pegwing</b> looks in the gold coin's direction and takes flight. (105,120,8)
[11:14:00]OOC: GreenTea98/(Helps-The-Station) : I was trynna grow tomatoes (157,138,2)
[11:14:00]EMOTE: *no key*/(Runtime) : <b>Runtime</b> crouches on its hind legs. (157,108,2)
[11:14:02]OOC: Neapher/(Morpheus Orpheus) : THe round was devil. I was devil. (167,118,2)
[11:14:04]EMOTE: *no key*/(monkey (630)) : <b>The monkey (630)</b> waves his tail. (161,117,2)
[11:14:06]OOC: GreenTea98/(Helps-The-Station) : and you have squandered (157,138,2)
[11:14:08]OOC: Neapher/(Morpheus Orpheus) : the roboticist wanted my ass. (167,118,2)
[11:14:09]ADMINPRIVATE: ASAY: LuigiBoiBY/(Kayla Moore) : just be a good mod (167,133,2)
[11:14:09]OOC: GreenTea98/(Helps-The-Station) : my tomatery (157,138,2)
[11:14:12]SAY: mouse/ : SQUEEK! (119,59,2)
[11:14:13]ADMINPRIVATE: ASAY: Wolxy/(Big Cuntoni) : Well, earn your rank instead of saying that something is miserable. (170,119,2)
[11:14:16]OOC: Neapher/(Morpheus Orpheus) : And he started surgery on my penis (167,118,2)
[11:14:22]OOC: GreenTea98/(Helps-The-Station) : lmao (157,138,2)
[11:14:24]OOC: Neapher/(Morpheus Orpheus) : So I combusted and killed us both. (167,118,2)
[11:14:29]SAY: Poly/ : And toogle the helmet (118,83,2)
[11:14:29]OOC: Neapher/(Morpheus Orpheus) : https://www.youtube.com/watch?v=7zpxgyG7eGk (167,118,2)
[11:14:32]OOC: Necrolor1465/(Pachinko Focul) : Woh woh (168,118,2)
[11:14:33]ADMINPRIVATE: ASAY: GimmesumsuccPls/(Todd Hayseed) : Being a mod is unbearable. I can&#39;t even do much. (167,118,2)
[11:14:33]EMOTE: *no key*/(monkey (608)) : <b>The monkey (608)</b> scratches. (157,100,2)
[11:14:38]SAY: Nobody's Perfect/ : Delicious! (24,75,1)
[11:14:39]ADMINPRIVATE: ASAY: Wolxy/(Big Cuntoni) : a trial-admin is going to be demoted soon too, lucas. (170,119,2)
[11:14:39]EMOTE: *no key*/(Runtime) : <b>Runtime</b> gets up and meows. (157,108,2)
[11:14:40]SAY: mouse/ : SQUEEK! (79,132,2)
[11:14:41]GAME: *no key*/(Pachinko Focul) bumped into Neapher/(Morpheus Orpheus) and set them on fire
[11:14:44]SAY: Poly/ : And toogle the helmet (118,83,2)
[11:14:45]EMOTE: *no key*/(monkey (308)) : <b>The monkey (308)</b> jumps! (157,100,2)
[11:14:45]EMOTE: *no key*/(Runtime) : <b>Runtime</b> sits down. (158,108,2)
[11:14:50]SAY: mouse/ : Squeek? (146,146,2)
[11:14:52]EMOTE: *no key*/(monkey (394)) : <b>The monkey (394)</b> jumps! (159,101,2)
[11:14:54]EMOTE: *no key*/(grey baby slime (722)) : <b>The grey baby slime (722)</b> vibrates! (175,94,2)
[11:14:58]EMOTE: *no key*/(monkey (250)) : <b>The monkey (250)</b> jumps! (160,100,2)
[11:14:58]EMOTE: *no key*/(monkey (986)) : <b>The monkey (986)</b> jumps! (160,117,2)
[11:15:02]EMOTE: Neapher/(Morpheus Orpheus) : <b>Morpheus Orpheus</b> screams. (172,101,2)
[11:15:02]SAY: mouse/ : SQUEEK! (117,59,2)
[11:15:06]EMOTE: Neapher/(Morpheus Orpheus) : <b>Morpheus Orpheus</b> screams. (173,101,2)
[11:15:07]SAY: Medibot/ : I knew it, I should&#39;ve been a plastic surgeon. (154,73,1)
[11:15:10]EMOTE: *no key*/(monkey (250)) : <b>The monkey (250)</b> jumps! (160,100,2)
[11:15:13]SAY: mouse/ : Squeek? (186,83,2)
[11:15:13]SAY: Morpheus Orpheus/Neapher : OWIE WOWIE (173,101,2)
[11:15:14]GAME: <span class='boldannounce'>Rebooting World. Round ended.</span>
[11:15:15]ACCESS: Logout: GimmesumsuccPls/(Todd Hayseed)
[11:15:15]ACCESS: Logout: LuigiBoiBY/(Kayla Moore)
[11:15:15]ACCESS: Logout: Xahrov/(Stanly Law)
[11:15:15]ACCESS: Logout: Neapher/(Morpheus Orpheus)
[11:15:15]ACCESS: Logout: Necrolor1465/(Pachinko Focul)
[11:15:15]ACCESS: Logout: GreenTea98/(Helps-The-Station)
[11:15:15]ACCESS: Logout: Wolxy/(Big Cuntoni)
[11:15:15]ACCESS: Logout: Alternative_Voice/(Alternative_Voice)
