[2018-07-05 11:39:13.730] Starting up round ID 1428.
[2018-07-05 11:39:13.730] -------------------------
[2018-07-05 11:39:15.068] Initialized Database subsystem within 0 seconds!
[2018-07-05 11:39:15.068] Initialized Blackbox subsystem within 0 seconds!
[2018-07-05 11:39:15.068] Initialized Server Tasks subsystem within 0 seconds!
[2018-07-05 11:39:15.068] Initialized Input subsystem within 0 seconds!
[2018-07-05 11:39:15.100] Initialized Research subsystem within 0.1 seconds!
[2018-07-05 11:39:15.104] Initialized Events subsystem within 0 seconds!
[2018-07-05 11:39:15.108] Initialized Jobs subsystem within 0 seconds!
[2018-07-05 11:39:15.109] Initialized Quirks subsystem within 0 seconds!
[2018-07-05 11:39:15.118] Initialized Ticker subsystem within 0 seconds!
[2018-07-05 11:39:15.119] Loading Box Station...
[2018-07-05 11:39:19.779] Loaded Station in 4.6s!
[2018-07-05 11:39:25.160] Loaded Lavaland in 4.9s!
[2018-07-05 11:39:28.723] Ruin loader finished with 0 left to spend.
[2018-07-05 11:39:31.084] Ruin loader finished with 0 left to spend.
[2018-07-05 11:39:40.798] Initialized Mapping subsystem within 25.6 seconds!
[2018-07-05 11:39:40.800] Initialized Networks subsystem within 0.1 seconds!
[2018-07-05 11:40:20.941] Initialized Atoms subsystem within 40.1 seconds!
[2018-07-05 11:40:20.958] Initialized Language subsystem within 0 seconds!
[2018-07-05 11:40:21.310] Initialized Machines subsystem within 0.4 seconds!
[2018-07-05 11:40:21.357] Initialized Circuit subsystem within 0 seconds!
[2018-07-05 11:40:21.359] Initialized Disease subsystem within 0 seconds!
[2018-07-05 11:40:21.359] Initialized Medals subsystem within 0 seconds!
[2018-07-05 11:40:21.359] Initialized Night Shift subsystem within 0 seconds!
[2018-07-05 11:40:21.359] Initialized Parallax subsystem within 0 seconds!
[2018-07-05 11:40:21.484] Initialized Traumas subsystem within 0.1 seconds!
[2018-07-05 11:40:21.485] Initialized Weather subsystem within 0 seconds!
[2018-07-05 11:41:38.216] ## WARNING: There are 1 active turfs at roundstart, this is a mapping error caused by a difference of the air between the adjacent turfs. You can see its coordinates using "Mapping -> Show roundstart AT list" verb (debug verbs required)
[2018-07-05 11:41:38.222] ## WARNING: HEY! LISTEN! 0 seconds were wasted processing 1 turf(s) (connected to 2 other turfs) with atmos differences at round start.
[2018-07-05 11:41:38.704] Initialized Atmospherics subsystem within 77.3 seconds!
[2018-07-05 11:41:38.719] Initialized Minimap subsystem within 0 seconds!
[2018-07-05 11:41:40.557] Initialized Assets subsystem within 1.8 seconds!
[2018-07-05 11:41:46.417] Initialized Icon Smoothing subsystem within 5.9 seconds!
[2018-07-05 11:41:47.647] Initialized Overlay subsystem within 1.2 seconds!
[2018-07-05 11:41:47.648] Initialized XKeyScore subsystem within 0 seconds!
[2018-07-05 11:41:47.654] Initialized Sticky Ban subsystem within 0 seconds!
[2018-07-05 11:41:58.468] Initialized Lighting subsystem within 10.8 seconds!
[2018-07-05 11:42:00.490] Initialized Shuttle subsystem within 2 seconds!
[2018-07-05 11:42:00.526] Initialized Squeak subsystem within 0.1 seconds!
[2018-07-05 11:42:00.527] Initialized Pathfinder subsystem within 0 seconds!
[2018-07-05 11:42:00.573] Loaded 3 engraved messages on map Box Station
[2018-07-05 11:42:00.598] Initialized Persistence subsystem within 0 seconds!
[2018-07-05 11:42:00.598] Initializations complete within 165.5 seconds!
[2018-07-05 11:43:10.423] Game start took 0.9s
[2018-07-05 13:38:29.799] runtime error: Cannot create objects of type null.
[2018-07-05 13:38:29.799] proc name: InterceptClickOn (/datum/buildmode/proc/InterceptClickOn)
[2018-07-05 13:38:29.799]   source file: buildmode.dm,312
[2018-07-05 13:38:29.799]   usr: Mike Wadibidowski (as GOD) (/mob/living/carbon/human)
[2018-07-05 13:38:29.800]   src: /datum/buildmode (/datum/buildmode)
[2018-07-05 13:38:29.800]   usr.loc: the plating (161,124,2) (/turf/open/floor/plating)
[2018-07-05 13:38:29.800]   call stack:
[2018-07-05 13:38:29.800] /datum/buildmode (/datum/buildmode): InterceptClickOn(Mike Wadibidowski (as GOD) (/mob/living/carbon/human), "icon-x=449;icon-y=259;left=1;s...", the floor (168,125,2) (/turf/open/floor/circuit))
[2018-07-05 13:38:29.800] Mike Wadibidowski (as GOD) (/mob/living/carbon/human): check click intercept("icon-x=449;icon-y=259;left=1;s...", the floor (168,125,2) (/turf/open/floor/circuit))
[2018-07-05 13:38:29.800] Mike Wadibidowski (as GOD) (/mob/living/carbon/human): ClickOn(the floor (168,125,2) (/turf/open/floor/circuit), "icon-x=449;icon-y=259;left=1;s...")
[2018-07-05 13:38:29.800] the floor (168,125,2) (/turf/open/floor/circuit): Click(null, "mapwindow.map", "icon-x=449;icon-y=259;left=1;s...")
[2018-07-05 13:38:29.800]  (/obj/screen/click_catcher): Click(null, "mapwindow.map", "icon-x=449;icon-y=259;left=1;s...")
[2018-07-05 13:38:29.800] Re1Taz (/client): Click( (/obj/screen/click_catcher), null, "mapwindow.map", "icon-x=449;icon-y=259;left=1;s...")
[2018-07-05 13:38:29.800] 
[2018-07-05 13:38:51.299] runtime error: Cannot create objects of type null.
[2018-07-05 13:38:51.299] proc name: InterceptClickOn (/datum/buildmode/proc/InterceptClickOn)
[2018-07-05 13:38:51.299]   source file: buildmode.dm,312
[2018-07-05 13:38:51.299]   usr: Mike Wadibidowski (as GOD) (/mob/living/carbon/human)
[2018-07-05 13:38:51.299]   src: /datum/buildmode (/datum/buildmode)
[2018-07-05 13:38:51.299]   usr.loc: the carpet (161,124,2) (/turf/open/floor/carpet)
[2018-07-05 13:38:51.299]   call stack:
[2018-07-05 13:38:51.299] /datum/buildmode (/datum/buildmode): InterceptClickOn(Mike Wadibidowski (as GOD) (/mob/living/carbon/human), "icon-x=468;icon-y=234;left=1;s...", the floor (168,124,2) (/turf/open/floor/circuit))
[2018-07-05 13:38:51.299] Mike Wadibidowski (as GOD) (/mob/living/carbon/human): check click intercept("icon-x=468;icon-y=234;left=1;s...", the floor (168,124,2) (/turf/open/floor/circuit))
[2018-07-05 13:38:51.299] Mike Wadibidowski (as GOD) (/mob/living/carbon/human): ClickOn(the floor (168,124,2) (/turf/open/floor/circuit), "icon-x=468;icon-y=234;left=1;s...")
[2018-07-05 13:38:51.299] the floor (168,124,2) (/turf/open/floor/circuit): Click(null, "mapwindow.map", "icon-x=468;icon-y=234;left=1;s...")
[2018-07-05 13:38:51.299]  (/obj/screen/click_catcher): Click(null, "mapwindow.map", "icon-x=468;icon-y=234;left=1;s...")
[2018-07-05 13:38:51.299] Re1Taz (/client): Click( (/obj/screen/click_catcher), null, "mapwindow.map", "icon-x=468;icon-y=234;left=1;s...")
[2018-07-05 13:38:51.299] 
[2018-07-05 13:39:29.244] runtime error: Cannot create objects of type null.
[2018-07-05 13:39:29.244] proc name: InterceptClickOn (/datum/buildmode/proc/InterceptClickOn)
[2018-07-05 13:39:29.244]   source file: buildmode.dm,312
[2018-07-05 13:39:29.244]   usr: Mike Wadibidowski (as GOD) (/mob/living/carbon/human)
[2018-07-05 13:39:29.244]   src: /datum/buildmode (/datum/buildmode)
[2018-07-05 13:39:29.244]   usr.loc: the carpet (161,123,2) (/turf/open/floor/carpet)
[2018-07-05 13:39:29.244]   call stack:
[2018-07-05 13:39:29.244] /datum/buildmode (/datum/buildmode): InterceptClickOn(Mike Wadibidowski (as GOD) (/mob/living/carbon/human), "icon-x=449;icon-y=259;left=1;s...", the floor (168,124,2) (/turf/open/floor/circuit))
[2018-07-05 13:39:29.244] Mike Wadibidowski (as GOD) (/mob/living/carbon/human): check click intercept("icon-x=449;icon-y=259;left=1;s...", the floor (168,124,2) (/turf/open/floor/circuit))
[2018-07-05 13:39:29.244] Mike Wadibidowski (as GOD) (/mob/living/carbon/human): ClickOn(the floor (168,124,2) (/turf/open/floor/circuit), "icon-x=449;icon-y=259;left=1;s...")
[2018-07-05 13:39:29.244] the floor (168,124,2) (/turf/open/floor/circuit): Click(null, "mapwindow.map", "icon-x=449;icon-y=259;left=1;s...")
[2018-07-05 13:39:29.244]  (/obj/screen/click_catcher): Click(null, "mapwindow.map", "icon-x=449;icon-y=259;left=1;s...")
[2018-07-05 13:39:29.244] Re1Taz (/client): Click( (/obj/screen/click_catcher), null, "mapwindow.map", "icon-x=449;icon-y=259;left=1;s...")
[2018-07-05 13:39:29.244] 
[2018-07-05 13:40:13.362] runtime error: Cannot create objects of type null.
[2018-07-05 13:40:13.362] proc name: InterceptClickOn (/datum/buildmode/proc/InterceptClickOn)
[2018-07-05 13:40:13.362]   source file: buildmode.dm,312
[2018-07-05 13:40:13.362]   usr: Mike Wadibidowski (as GOD) (/mob/living/carbon/human)
[2018-07-05 13:40:13.362]   src: /datum/buildmode (/datum/buildmode)
[2018-07-05 13:40:13.362]   usr.loc: the carpet (159,125,2) (/turf/open/floor/carpet)
[2018-07-05 13:40:13.362]   call stack:
[2018-07-05 13:40:13.362] /datum/buildmode (/datum/buildmode): InterceptClickOn(Mike Wadibidowski (as GOD) (/mob/living/carbon/human), "icon-x=474;icon-y=214;left=1;s...", the floor (166,124,2) (/turf/open/floor/circuit))
[2018-07-05 13:40:13.362] Mike Wadibidowski (as GOD) (/mob/living/carbon/human): check click intercept("icon-x=474;icon-y=214;left=1;s...", the floor (166,124,2) (/turf/open/floor/circuit))
[2018-07-05 13:40:13.362] Mike Wadibidowski (as GOD) (/mob/living/carbon/human): ClickOn(the floor (166,124,2) (/turf/open/floor/circuit), "icon-x=474;icon-y=214;left=1;s...")
[2018-07-05 13:40:13.362] the floor (166,124,2) (/turf/open/floor/circuit): Click(null, "mapwindow.map", "icon-x=474;icon-y=214;left=1;s...")
[2018-07-05 13:40:13.362]  (/obj/screen/click_catcher): Click(null, "mapwindow.map", "icon-x=474;icon-y=214;left=1;s...")
[2018-07-05 13:40:13.362] Re1Taz (/client): Click( (/obj/screen/click_catcher), null, "mapwindow.map", "icon-x=474;icon-y=214;left=1;s...")
[2018-07-05 13:40:13.362] 
[2018-07-05 13:40:24.813] runtime error: Cannot create objects of type null.
[2018-07-05 13:40:24.813] proc name: InterceptClickOn (/datum/buildmode/proc/InterceptClickOn)
[2018-07-05 13:40:24.813]   source file: buildmode.dm,312
[2018-07-05 13:40:24.813]   usr: Mike Wadibidowski (as GOD) (/mob/living/carbon/human)
[2018-07-05 13:40:24.813]   src: /datum/buildmode (/datum/buildmode)
[2018-07-05 13:40:24.813]   usr.loc: the carpet (160,125,2) (/turf/open/floor/carpet)
[2018-07-05 13:40:24.814]   call stack:
[2018-07-05 13:40:24.814] /datum/buildmode (/datum/buildmode): InterceptClickOn(Mike Wadibidowski (as GOD) (/mob/living/carbon/human), "icon-x=479;icon-y=201;left=1;s...", the floor (167,124,2) (/turf/open/floor/circuit))
[2018-07-05 13:40:24.814] Mike Wadibidowski (as GOD) (/mob/living/carbon/human): check click intercept("icon-x=479;icon-y=201;left=1;s...", the floor (167,124,2) (/turf/open/floor/circuit))
[2018-07-05 13:40:24.814] Mike Wadibidowski (as GOD) (/mob/living/carbon/human): ClickOn(the floor (167,124,2) (/turf/open/floor/circuit), "icon-x=479;icon-y=201;left=1;s...")
[2018-07-05 13:40:24.814] the floor (167,124,2) (/turf/open/floor/circuit): Click(null, "mapwindow.map", "icon-x=479;icon-y=201;left=1;s...")
[2018-07-05 13:40:24.814]  (/obj/screen/click_catcher): Click(null, "mapwindow.map", "icon-x=479;icon-y=201;left=1;s...")
[2018-07-05 13:40:24.814] Re1Taz (/client): Click( (/obj/screen/click_catcher), null, "mapwindow.map", "icon-x=479;icon-y=201;left=1;s...")
[2018-07-05 13:40:24.814] 
[2018-07-05 13:41:43.671] runtime error: Cannot create objects of type null.
[2018-07-05 13:41:43.671] proc name: InterceptClickOn (/datum/buildmode/proc/InterceptClickOn)
[2018-07-05 13:41:43.671]   source file: buildmode.dm,312
[2018-07-05 13:41:43.671] 
[2018-07-05 14:12:52.607] runtime error: The grille taking damage after deletion
[2018-07-05 14:12:52.608] proc name: stack trace (/datum/proc/stack_trace)
[2018-07-05 14:12:52.608]   source file: unsorted.dm,1243
[2018-07-05 14:12:52.608] 
[2018-07-05 14:41:10.405] runtime error: Cannot create objects of type null.
[2018-07-05 14:41:10.405] proc name: InterceptClickOn (/datum/buildmode/proc/InterceptClickOn)
[2018-07-05 14:41:10.405]   source file: buildmode.dm,312
[2018-07-05 14:41:10.405] 
[2018-07-05 14:41:25.543] runtime error: Cannot create objects of type null.
[2018-07-05 14:41:25.543] proc name: InterceptClickOn (/datum/buildmode/proc/InterceptClickOn)
[2018-07-05 14:41:25.543]   source file: buildmode.dm,312
[2018-07-05 14:41:25.543] 
[2018-07-05 14:44:18.126] runtime error: Cannot create objects of type null.
[2018-07-05 14:44:18.126] proc name: InterceptClickOn (/datum/buildmode/proc/InterceptClickOn)
[2018-07-05 14:44:18.126]   source file: buildmode.dm,312
[2018-07-05 14:44:18.126] 
[2018-07-05 14:44:44.172] runtime error: Cannot create objects of type null.
[2018-07-05 14:44:44.172] proc name: InterceptClickOn (/datum/buildmode/proc/InterceptClickOn)
[2018-07-05 14:44:44.172]   source file: buildmode.dm,312
[2018-07-05 14:44:44.172] 
[2018-07-05 14:47:51.910] runtime error: Cannot create objects of type null.
[2018-07-05 14:47:51.910] proc name: InterceptClickOn (/datum/buildmode/proc/InterceptClickOn)
[2018-07-05 14:47:51.910]   source file: buildmode.dm,312
[2018-07-05 14:47:51.910] 
[2018-07-05 14:49:15.992] runtime error: Cannot create objects of type null.
[2018-07-05 14:49:15.992] proc name: InterceptClickOn (/datum/buildmode/proc/InterceptClickOn)
[2018-07-05 14:49:15.992]   source file: buildmode.dm,312
[2018-07-05 14:49:15.992] 
[2018-07-05 14:49:46.690] runtime error: Cannot create objects of type null.
[2018-07-05 14:49:46.690] proc name: InterceptClickOn (/datum/buildmode/proc/InterceptClickOn)
[2018-07-05 14:49:46.690]   source file: buildmode.dm,312
[2018-07-05 14:49:46.690] 
[2018-07-05 14:51:24.053] runtime error: Cannot create objects of type null.
[2018-07-05 14:51:24.053] proc name: InterceptClickOn (/datum/buildmode/proc/InterceptClickOn)
[2018-07-05 14:51:24.053]   source file: buildmode.dm,312
[2018-07-05 14:51:24.053] 
[2018-07-05 14:51:43.319] runtime error: Cannot create objects of type null.
[2018-07-05 14:51:43.319] proc name: InterceptClickOn (/datum/buildmode/proc/InterceptClickOn)
[2018-07-05 14:51:43.319]   source file: buildmode.dm,312
[2018-07-05 14:51:43.319] 
[2018-07-05 14:52:14.409] runtime error: Cannot create objects of type null.
[2018-07-05 14:52:14.409] proc name: InterceptClickOn (/datum/buildmode/proc/InterceptClickOn)
[2018-07-05 14:52:14.409]   source file: buildmode.dm,312
[2018-07-05 14:52:14.409] 
[2018-07-05 14:57:33.851] runtime error: Cannot create objects of type null.
[2018-07-05 14:57:33.851] proc name: InterceptClickOn (/datum/buildmode/proc/InterceptClickOn)
[2018-07-05 14:57:33.851]   source file: buildmode.dm,312
[2018-07-05 14:57:33.851] 
[2018-07-05 15:01:51.712] runtime error: addtimer called with a callback assigned to a qdeleted object. In the future such timers will not be supported and may refuse to run or run with a 0 wait
[2018-07-05 15:01:51.713] proc name: stack trace (/proc/stack_trace)
[2018-07-05 15:01:51.713]   source file: unsorted.dm,1240
[2018-07-05 15:01:51.713] 
[2018-07-05 15:01:53.713] runtime error: addtimer called with a callback assigned to a qdeleted object. In the future such timers will not be supported and may refuse to run or run with a 0 wait
[2018-07-05 15:01:53.713] proc name: stack trace (/proc/stack_trace)
[2018-07-05 15:01:53.713]   source file: unsorted.dm,1240
[2018-07-05 15:01:53.713] 
[2018-07-05 15:35:09.842] runtime error: The grille taking damage after deletion
[2018-07-05 15:35:09.842] proc name: stack trace (/datum/proc/stack_trace)
[2018-07-05 15:35:09.842]   source file: unsorted.dm,1243
[2018-07-05 15:35:09.842] 
[2018-07-05 16:22:17.936] Saved 3 engraved messages on map Box Station
[2018-07-05 16:23:53.729] Shutting down Persistence subsystem...
[2018-07-05 16:23:53.729] Shutting down Pathfinder subsystem...
[2018-07-05 16:23:53.729] Shutting down Squeak subsystem...
[2018-07-05 16:23:53.729] Shutting down Shuttle subsystem...
[2018-07-05 16:23:53.729] Shutting down Lighting subsystem...
[2018-07-05 16:23:53.729] Shutting down XKeyScore subsystem...
[2018-07-05 16:23:53.729] Shutting down Sticky Ban subsystem...
[2018-07-05 16:23:53.729] Shutting down Overlay subsystem...
[2018-07-05 16:23:53.769] Shutting down Icon Smoothing subsystem...
[2018-07-05 16:23:53.769] Shutting down Assets subsystem...
[2018-07-05 16:23:53.769] Shutting down Minimap subsystem...
[2018-07-05 16:23:53.769] Shutting down Atmospherics subsystem...
[2018-07-05 16:23:53.769] Shutting down Wet floors subsystem...
[2018-07-05 16:23:53.769] Shutting down Weather subsystem...
[2018-07-05 16:23:53.769] Shutting down Vote subsystem...
[2018-07-05 16:23:53.769] Shutting down Traumas subsystem...
[2018-07-05 16:23:53.769] Shutting down Title Screen subsystem...
[2018-07-05 16:23:53.769] Shutting down Time Tracking subsystem...
[2018-07-05 16:23:53.769] Shutting down Throwing subsystem...
[2018-07-05 16:23:53.769] Shutting down tgui subsystem...
[2018-07-05 16:23:53.770] Shutting down Sun subsystem...
[2018-07-05 16:23:53.770] Shutting down Space Drift subsystem...
[2018-07-05 16:23:53.770] Shutting down Religion subsystem...
[2018-07-05 16:23:53.770] Shutting down Radio subsystem...
[2018-07-05 16:23:53.770] Shutting down Radiation subsystem...
[2018-07-05 16:23:53.770] Shutting down Projectiles subsystem...
[2018-07-05 16:23:53.770] Shutting down Processing subsystem...
[2018-07-05 16:23:53.770] Shutting down Ping subsystem...
[2018-07-05 16:23:53.770] Shutting down Parallax subsystem...
[2018-07-05 16:23:53.770] Shutting down pAI subsystem...
[2018-07-05 16:23:53.770] Shutting down Orbits subsystem...
[2018-07-05 16:23:53.770] Shutting down Objects subsystem...
[2018-07-05 16:23:53.770] Shutting down NPC Pool subsystem...
[2018-07-05 16:23:53.770] Shutting down Night Shift subsystem...
[2018-07-05 16:23:53.770] Shutting down Mood subsystem...
[2018-07-05 16:23:53.770] Shutting down Mobs subsystem...
[2018-07-05 16:23:53.770] Shutting down Medals subsystem...
[2018-07-05 16:23:53.770] Shutting down Idling NPC Pool subsystem...
[2018-07-05 16:23:53.770] Shutting down Flightpack Movement subsystem...
[2018-07-05 16:23:53.770] Shutting down Fire Burning subsystem...
[2018-07-05 16:23:53.770] Shutting down Fields subsystem...
[2018-07-05 16:23:53.770] Shutting down Fast Processing subsystem...
[2018-07-05 16:23:53.770] Shutting down Disease subsystem...
[2018-07-05 16:23:53.770] Shutting down Datum Component System subsystem...
[2018-07-05 16:23:53.770] Shutting down Communications subsystem...
[2018-07-05 16:23:53.770] Shutting down Augury subsystem...
[2018-07-05 16:23:53.770] Shutting down Acid subsystem...
[2018-07-05 16:23:53.770] Shutting down Timer subsystem...
[2018-07-05 16:23:53.770] Shutting down Circuit subsystem...
[2018-07-05 16:23:53.770] Shutting down Machines subsystem...
[2018-07-05 16:23:53.770] Shutting down Language subsystem...
[2018-07-05 16:23:53.770] Shutting down Atoms subsystem...
[2018-07-05 16:23:53.771] Shutting down Networks subsystem...
[2018-07-05 16:23:53.771] Shutting down Mapping subsystem...
[2018-07-05 16:23:53.771] Shutting down Ticker subsystem...
[2018-07-05 16:23:53.892] Shutting down Quirks subsystem...
[2018-07-05 16:23:53.892] Shutting down Jobs subsystem...
[2018-07-05 16:23:53.892] Shutting down Events subsystem...
[2018-07-05 16:23:53.892] Shutting down Research subsystem...
[2018-07-05 16:23:53.892] Shutting down Input subsystem...
[2018-07-05 16:23:53.892] Shutting down Server Tasks subsystem...
[2018-07-05 16:23:53.892] Shutting down Blackbox subsystem...
[2018-07-05 16:23:54.012] Shutting down Database subsystem...
[2018-07-05 16:23:54.049] Shutting down Garbage subsystem...
[2018-07-05 16:23:54.135] Shutdown complete
[2018-07-05 16:23:54.136] World rebooted at 16:23:54
