[2018-07-04 03:43:00.648] runtime error: bad index
[2018-07-04 03:43:00.648] proc name: Get (/datum/controller/configuration/proc/Get)
[2018-07-04 03:43:00.648]   source file: configuration.dm,175
[2018-07-04 03:43:00.648]   usr: null
[2018-07-04 03:43:00.648]   src: Configuration (/datum/controller/configuration)
[2018-07-04 03:43:00.648]   call stack:
[2018-07-04 03:43:00.648] Configuration (/datum/controller/configuration): Get(/datum/config_entry/flag/log_w... (/datum/config_entry/flag/log_world_topic))
[2018-07-04 03:43:00.648] world: Topic("status", "204.83.111.144", null, null)
[2018-07-04 03:43:00.648] 
[2018-07-04 03:43:00.649] runtime error: bad index
[2018-07-04 03:43:00.649] proc name: Get (/datum/controller/configuration/proc/Get)
[2018-07-04 03:43:00.649]   source file: configuration.dm,175
[2018-07-04 03:43:00.649]   usr: null
[2018-07-04 03:43:00.649]   src: Configuration (/datum/controller/configuration)
[2018-07-04 03:43:00.649]   call stack:
[2018-07-04 03:43:00.649] Configuration (/datum/controller/configuration): Get(/datum/config_entry/string/com... (/datum/config_entry/string/comms_key))
[2018-07-04 03:43:00.649] /datum/world_topic/status (/datum/world_topic/status): TryRun(/list (/list))
[2018-07-04 03:43:00.649] world: Topic("status", "204.83.111.144", null, null)
[2018-07-04 03:43:00.649] 
[2018-07-04 03:43:00.649] runtime error: bad index
[2018-07-04 03:43:00.649] proc name: Get (/datum/controller/configuration/proc/Get)
[2018-07-04 03:43:00.649]   source file: configuration.dm,175
[2018-07-04 03:43:00.649]   usr: null
[2018-07-04 03:43:00.649]   src: Configuration (/datum/controller/configuration)
[2018-07-04 03:43:00.649]   call stack:
[2018-07-04 03:43:00.649] Configuration (/datum/controller/configuration): Get(/datum/config_entry/flag/nores... (/datum/config_entry/flag/norespawn))
[2018-07-04 03:43:00.649] /datum/world_topic/status (/datum/world_topic/status): Run(/list (/list))
[2018-07-04 03:43:00.649] /datum/world_topic/status (/datum/world_topic/status): TryRun(/list (/list))
[2018-07-04 03:43:00.649] world: Topic("status", "204.83.111.144", null, null)
[2018-07-04 03:43:00.649] 
[2018-07-04 03:43:00.650] runtime error: bad index
[2018-07-04 03:43:00.650] proc name: Get (/datum/controller/configuration/proc/Get)
[2018-07-04 03:43:00.650]   source file: configuration.dm,175
[2018-07-04 03:43:00.650]   usr: null
[2018-07-04 03:43:00.650]   src: Configuration (/datum/controller/configuration)
[2018-07-04 03:43:00.650]   call stack:
[2018-07-04 03:43:00.650] Configuration (/datum/controller/configuration): Get(/datum/config_entry/flag/allow... (/datum/config_entry/flag/allow_vote_mode))
[2018-07-04 03:43:00.650] /datum/world_topic/status (/datum/world_topic/status): Run(/list (/list))
[2018-07-04 03:43:00.650] /datum/world_topic/status (/datum/world_topic/status): TryRun(/list (/list))
[2018-07-04 03:43:00.650] world: Topic("status", "204.83.111.144", null, null)
[2018-07-04 03:43:00.650] 
[2018-07-04 03:43:00.650] runtime error: bad index
[2018-07-04 03:43:00.650] proc name: Get (/datum/controller/configuration/proc/Get)
[2018-07-04 03:43:00.650]   source file: configuration.dm,175
[2018-07-04 03:43:00.650]   usr: null
[2018-07-04 03:43:00.650]   src: Configuration (/datum/controller/configuration)
[2018-07-04 03:43:00.650]   call stack:
[2018-07-04 03:43:00.650] Configuration (/datum/controller/configuration): Get(/datum/config_entry/flag/allow... (/datum/config_entry/flag/allow_ai))
[2018-07-04 03:43:00.650] /datum/world_topic/status (/datum/world_topic/status): Run(/list (/list))
[2018-07-04 03:43:00.650] /datum/world_topic/status (/datum/world_topic/status): TryRun(/list (/list))
[2018-07-04 03:43:00.650] world: Topic("status", "204.83.111.144", null, null)
[2018-07-04 03:43:00.650] 
[2018-07-04 03:43:00.651] runtime error: Cannot read null.commit
[2018-07-04 03:43:00.651] proc name: Run (/datum/world_topic/status/Run)
[2018-07-04 03:43:00.651]   source file: world_topic.dm,151
[2018-07-04 03:43:00.651]   usr: null
[2018-07-04 03:43:00.651]   src: /datum/world_topic/status (/datum/world_topic/status)
[2018-07-04 03:43:00.651]   call stack:
[2018-07-04 03:43:00.651] /datum/world_topic/status (/datum/world_topic/status): Run(/list (/list))
[2018-07-04 03:43:00.651] /datum/world_topic/status (/datum/world_topic/status): TryRun(/list (/list))
[2018-07-04 03:43:00.651] world: Topic("status", "204.83.111.144", null, null)
[2018-07-04 03:43:00.651] 
[2018-07-04 03:43:00.734] Running /tg/ revision:
[2018-07-04 03:43:00.735] f14612d9d383cf5bb60eeb9045c0c62343f0a365: 2018-07-03
[2018-07-04 03:43:00.735] runtime error: list index out of bounds
[2018-07-04 03:43:00.735] proc name: New (/datum/getrev/New)
[2018-07-04 03:43:00.735]   source file: getrev.dm,18
[2018-07-04 03:43:00.735]   usr: null
[2018-07-04 03:43:00.735]   src: /datum/getrev (/datum/getrev)
[2018-07-04 03:43:00.735]   call stack:
[2018-07-04 03:43:00.735] /datum/getrev (/datum/getrev): New()
[2018-07-04 03:43:00.735] world: New()
[2018-07-04 03:43:00.735] 
[2018-07-04 03:43:00.742] Loading config file config.txt...
[2018-07-04 03:43:00.743] Loading config file game_options.txt...
[2018-07-04 03:43:00.744] Unknown setting in configuration: 'w##'
[2018-07-04 03:43:00.746] Failed to validate setting "DOUBLE_AGENTS 25" for min_pop
[2018-07-04 03:43:00.746] Failed to validate setting "DOUBLE_AGENTS -1" for max_pop
[2018-07-04 03:43:00.748] Loading config file dbconfig.txt...
[2018-07-04 03:43:00.748] Loading config file comms.txt...
[2018-07-04 03:43:00.748] Unknown setting in configuration: 'donatecolor'
[2018-07-04 03:43:00.749] Unknown setting in configuration: 'diamonddonatecolor'
[2018-07-04 03:43:00.750] Loading config file maps.txt...
[2018-07-04 03:43:00.980] Database connection established.
[2018-07-04 03:43:01.012] SQL: Could not get schema version from database
