

Starting up round ID 251. 04:41:46
---------------------
runtime error: 
[04:41:48]bad client
[04:41:48]proc name: start (/datum/chatOutput/proc/start)
[04:41:48]  source file: browserOutput.dm,36
[04:41:48]  usr: null
[04:41:48]  src: /datum/chatOutput (/datum/chatOutput)
[04:41:48]  call stack:
[04:41:48]/datum/chatOutput (/datum/chatOutput): start()
Initialized Database subsystem within 0 seconds!
Initialized Blackbox subsystem within 0 seconds!
Initialized Server Tasks subsystem within 0 seconds!
Initialized Input subsystem within 0 seconds!
Initialized Research subsystem within 0 seconds!
Initialized Events subsystem within 0 seconds!
Initialized Jobs subsystem within 0 seconds!
Initialized Traits subsystem within 0 seconds!
Initialized Ticker subsystem within 0 seconds!
Loading Box Station...
Loaded Station in 6.7s!
Loaded Lavaland in 5.6s!
Loaded Reebe in 4.6s!
Ruin loader finished with 0 left to spend.
Ruin loader finished with 0 left to spend.
Initialized Mapping subsystem within 24.9 seconds!
Initialized Networks subsystem within 0 seconds!
Initialized Atoms subsystem within 48.8 seconds!
Initialized Language subsystem within 0.1 seconds!
Initialized Machines subsystem within 0.2 seconds!
Initialized Circuit subsystem within 0.1 seconds!
Initialized Disease subsystem within 0 seconds!
Initialized Medals subsystem within 0 seconds!
Initialized Night Shift subsystem within 0 seconds!
Initialized Parallax subsystem within 0 seconds!
Initialized Traumas subsystem within 0.1 seconds!
Initialized Weather subsystem within 0 seconds!
## WARNING: There are 4 active turfs at roundstart, this is a mapping error caused by a difference of the air between the adjacent turfs. You can see its coordinates using "Mapping -> Show roundstart AT list" verb (debug verbs required)
## WARNING: HEY! LISTEN! 0.8 seconds were wasted processing 4 turf(s) (connected to 16319 other turfs) with atmos differences at round start.
Initialized Atmospherics subsystem within 13.6 seconds!
Initialized Minimap subsystem within 0 seconds!
Initialized Assets subsystem within 0.8 seconds!
Initialized Icon Smoothing subsystem within 5 seconds!
Initialized Overlay subsystem within 24.1 seconds!
Initialized XKeyScore subsystem within 0 seconds!
Initialized Sticky Ban subsystem within 0 seconds!
Initialized Lighting subsystem within 14 seconds!
Initialized Shuttle subsystem within 22.2 seconds!
Initialized Squeak subsystem within 0 seconds!
Initialized pathfinder subsystem within 0 seconds!
Loaded 1 engraved messages on map Box Station
Initialized Persistence subsystem within 0.1 seconds!
Initializations complete within 154.1 seconds!
runtime error: 
[04:45:44]Cannot read null.species
[04:45:44]proc name: attach limb (/obj/item/bodypart/proc/attach_limb)
[04:45:44]  source file: dismemberment.dm,278
[04:45:44]  usr: null
[04:45:44]  src: the surplus prosthetic right a... (/obj/item/bodypart/r_arm/robot/surplus)
[04:45:44]  src.loc: null
[04:45:44]  call stack:
[04:45:44]the surplus prosthetic right a... (/obj/item/bodypart/r_arm/robot/surplus): attach limb( (/mob/living/carbon/human), null)
[04:45:44]the surplus prosthetic right a... (/obj/item/bodypart/r_arm/robot/surplus): replace limb( (/mob/living/carbon/human), null)
[04:45:44]Prosthetic Limb (/datum/trait/prosthetic_limb): on spawn()
[04:45:44]Prosthetic Limb (/datum/trait/prosthetic_limb): New( (/mob/living/carbon/human), 1)
[04:45:44] (/mob/living/carbon/human): add trait datum("Prosthetic Limb", 1)
[04:45:44]Traits (/datum/controller/subsystem/processing/traits): AssignTraits( (/mob/living/carbon/human), Nigee (/client), 1)
[04:45:44]Ticker (/datum/controller/subsystem/ticker): equip characters()
[04:45:44]Ticker (/datum/controller/subsystem/ticker): setup()
[04:45:44]Ticker (/datum/controller/subsystem/ticker): fire(0)
[04:45:44]Ticker (/datum/controller/subsystem/ticker): ignite(0)
runtime error: 
[04:45:44]Cannot read null.species
[04:45:44]proc name: attach limb (/obj/item/bodypart/proc/attach_limb)
[04:45:44]  source file: dismemberment.dm,278
[04:45:44]  usr: null
[04:45:44]  src: the surplus prosthetic right a... (/obj/item/bodypart/r_arm/robot/surplus)
[04:45:44]  src.loc: null
[04:45:44]  call stack:
[04:45:44]the surplus prosthetic right a... (/obj/item/bodypart/r_arm/robot/surplus): attach limb( (/mob/living/carbon/human), null)
[04:45:44]the surplus prosthetic right a... (/obj/item/bodypart/r_arm/robot/surplus): replace limb( (/mob/living/carbon/human), null)
[04:45:44]Prosthetic Limb (/datum/trait/prosthetic_limb): on spawn()
[04:45:44]Prosthetic Limb (/datum/trait/prosthetic_limb): New( (/mob/living/carbon/human), 1)
[04:45:44] (/mob/living/carbon/human): add trait datum("Prosthetic Limb", 1)
[04:45:44]Traits (/datum/controller/subsystem/processing/traits): AssignTraits( (/mob/living/carbon/human), Ilef (/client), 1)
[04:45:44]Ticker (/datum/controller/subsystem/ticker): equip characters()
[04:45:44]Ticker (/datum/controller/subsystem/ticker): setup()
[04:45:44]Ticker (/datum/controller/subsystem/ticker): fire(0)
[04:45:44]Ticker (/datum/controller/subsystem/ticker): ignite(0)
Game start took 12.6s
runtime error: 
[04:48:57]Cannot execute null.remove reagent().
[04:48:57]proc name: on mob life (/datum/reagent/consumable/on_mob_life)
[04:48:57]  source file: food_reagents.dm,20
[04:48:57]  usr: null
[04:48:57]  src: Nutriment (/datum/reagent/consumable/nutriment)
[04:48:57]  call stack:
[04:48:57]Nutriment (/datum/reagent/consumable/nutriment): on mob life(Charles H. Swanson (/mob/living/carbon/human))
[04:48:57]Nutriment (/datum/reagent/consumable/nutriment): on mob life(Charles H. Swanson (/mob/living/carbon/human))
[04:48:57]Nutriment (/datum/reagent/consumable/nutriment): on mob life(Charles H. Swanson (/mob/living/carbon/human))
[04:48:57]/datum/reagents (/datum/reagents): metabolize(Charles H. Swanson (/mob/living/carbon/human), 1, 0)
[04:48:57]the insectoid liver (/obj/item/organ/liver/fly): on life()
[04:48:57]Charles H. Swanson (/mob/living/carbon/human): handle organs()
[04:48:57]Charles H. Swanson (/mob/living/carbon/human): Life(2, 86)
[04:48:57]Charles H. Swanson (/mob/living/carbon/human): Life(2, 86)
[04:48:57]Mobs (/datum/controller/subsystem/mobs): fire(0)
[04:48:57]Mobs (/datum/controller/subsystem/mobs): ignite(0)
[04:48:57]Master (/datum/controller/master): RunQueue()
[04:48:57]Master (/datum/controller/master): Loop()
[04:48:57]Master (/datum/controller/master): StartProcessing(0)
runtime error: 
[04:48:59]Cannot execute null.remove reagent().
[04:48:59]proc name: on mob life (/datum/reagent/consumable/on_mob_life)
[04:48:59]  source file: food_reagents.dm,20
[04:48:59]  usr: null
[04:48:59]  src: Nutriment (/datum/reagent/consumable/nutriment)
[04:48:59]  call stack:
[04:48:59]Nutriment (/datum/reagent/consumable/nutriment): on mob life(Charles H. Swanson (/mob/living/carbon/human))
[04:48:59]Nutriment (/datum/reagent/consumable/nutriment): on mob life(Charles H. Swanson (/mob/living/carbon/human))
[04:48:59]Nutriment (/datum/reagent/consumable/nutriment): on mob life(Charles H. Swanson (/mob/living/carbon/human))
[04:48:59]/datum/reagents (/datum/reagents): metabolize(Charles H. Swanson (/mob/living/carbon/human), 1, 0)
[04:48:59]the insectoid liver (/obj/item/organ/liver/fly): on life()
[04:48:59]Charles H. Swanson (/mob/living/carbon/human): handle organs()
[04:48:59]Charles H. Swanson (/mob/living/carbon/human): Life(2, 87)
[04:48:59]Charles H. Swanson (/mob/living/carbon/human): Life(2, 87)
[04:48:59]Mobs (/datum/controller/subsystem/mobs): fire(0)
[04:48:59]Mobs (/datum/controller/subsystem/mobs): ignite(0)
[04:48:59]Master (/datum/controller/master): RunQueue()
[04:48:59]Master (/datum/controller/master): Loop()
[04:48:59]Master (/datum/controller/master): StartProcessing(0)
runtime error: 
[04:57:49]Cannot read null.loc
[04:57:49]proc name: update parallax (/datum/hud/proc/update_parallax)
[04:57:49]  source file: parallax.dm,170
[04:57:49]  usr: Charles H. Swanson (/mob/living/brain)
[04:57:49]  src: /datum/hud (/datum/hud)
[04:57:49]  usr.loc: Charles H. Swanson\'s brain (/obj/item/organ/brain)
[04:57:49]  call stack:
[04:57:49]/datum/hud (/datum/hud): update parallax()
[04:57:49]/datum/hud (/datum/hud): update parallax pref(Charles H. Swanson (/mob/living/brain))
[04:57:49]/datum/hud (/datum/hud): show hud(1, null)
[04:57:49]Charles H. Swanson (/mob/living/brain): Login()
[04:57:49]Charles H. Swanson (/mob/living/brain): Login()
[04:57:49]Charles H. Swanson (/datum/mind): transfer to(Charles H. Swanson (/mob/living/brain), 0)
[04:57:49]Charles H. Swanson\'s brain (/obj/item/organ/brain): transfer identity(Charles H. Swanson (/mob/living/carbon/human))
[04:57:49]Charles H. Swanson\'s brain (/obj/item/organ/brain): Remove(Charles H. Swanson (/mob/living/carbon/human), 0, 0)
[04:57:49]Charles H. Swanson\'s brain (/obj/item/organ/brain): transfer to limb(Charles H. Swanson\'s head (/obj/item/bodypart/head), Charles H. Swanson (/mob/living/carbon/human))
[04:57:49]Charles H. Swanson\'s head (/obj/item/bodypart/head): drop limb(null)
[04:57:49]Charles H. Swanson\'s head (/obj/item/bodypart/head): drop limb(null)
[04:57:49]Charles H. Swanson\'s head (/obj/item/bodypart/head): dismember("brute")
[04:57:49]Flyperson (/datum/species/fly): spec attacked by(the circular saw (/obj/item/circular_saw), Jesse Goebbles (/mob/living/carbon/human), Charles H. Swanson\'s head (/obj/item/bodypart/head), "help", Charles H. Swanson (/mob/living/carbon/human))
[04:57:49]Charles H. Swanson (/mob/living/carbon/human): attacked by(the circular saw (/obj/item/circular_saw), Jesse Goebbles (/mob/living/carbon/human))
[04:57:49]the circular saw (/obj/item/circular_saw): attack(Charles H. Swanson (/mob/living/carbon/human), Jesse Goebbles (/mob/living/carbon/human))
[04:57:49]Charles H. Swanson (/mob/living/carbon/human): attackby(the circular saw (/obj/item/circular_saw), Jesse Goebbles (/mob/living/carbon/human), "icon-x=21;icon-y=16;left=1;scr...")
[04:57:49]Charles H. Swanson (/mob/living/carbon/human): attackby(the circular saw (/obj/item/circular_saw), Jesse Goebbles (/mob/living/carbon/human), "icon-x=21;icon-y=16;left=1;scr...")
[04:57:49]the circular saw (/obj/item/circular_saw): melee attack chain(Jesse Goebbles (/mob/living/carbon/human), Charles H. Swanson (/mob/living/carbon/human), "icon-x=21;icon-y=16;left=1;scr...")
[04:57:49]Jesse Goebbles (/mob/living/carbon/human): ClickOn(Charles H. Swanson (/mob/living/carbon/human), "icon-x=21;icon-y=16;left=1;scr...")
[04:57:49]Charles H. Swanson (/mob/living/carbon/human): Click(the floor (167,119,2) (/turf/open/floor/plasteel/dark), "mapwindow.map", "icon-x=21;icon-y=16;left=1;scr...")
runtime error: 
[04:59:24]nothing to animate
[04:59:24]proc name: shake camera (/proc/shake_camera)
[04:59:24]  source file: mob_helpers.dm,270
[04:59:24]  usr: (src)
[04:59:24]  src: null
[04:59:24]  call stack:
[04:59:24]shake camera(Reese Mitchell (/mob/living/carbon/human), 0.75, 1)
[04:59:24]Reese Mitchell (/mob/living/carbon/human): afterShuttleMove(space (27,18,13) (/turf/open/space/transit/west), /list (/list), 8, 8, 8, 0)
[04:59:24]Reese Mitchell (/mob/living/carbon/human): afterShuttleMove(space (27,18,13) (/turf/open/space/transit/west), /list (/list), 8, 8, 8, 0)
[04:59:24]the arrivals shuttle (/obj/docking_port/mobile/arrivals): cleanup runway(the arrivals (/obj/docking_port/stationary), /list (/list), /list (/list), /list (/list), /list (/list), 0, 8, Space (/area/space), /turf/open/space/transit/west (/turf/open/space/transit/west), /turf/open/space (/turf/open/space))
[04:59:24]the arrivals shuttle (/obj/docking_port/mobile/arrivals): initiate docking(the arrivals (/obj/docking_port/stationary), 8, 0)
[04:59:24]the arrivals shuttle (/obj/docking_port/mobile/arrivals): initiate docking(the arrivals (/obj/docking_port/stationary), 8)
[04:59:24]the arrivals shuttle (/obj/docking_port/mobile/arrivals): check()
[04:59:24]the arrivals shuttle (/obj/docking_port/mobile/arrivals): check()
[04:59:24]Shuttle (/datum/controller/subsystem/shuttle): fire(0)
[04:59:24]Shuttle (/datum/controller/subsystem/shuttle): ignite(0)
runtime error: 
[05:07:35]Cannot read null.loc
[05:07:35]proc name: update parallax (/datum/hud/proc/update_parallax)
[05:07:35]  source file: parallax.dm,170
[05:07:35]  usr: Kayla Moore (/mob/living/brain)
[05:07:35]  src: /datum/hud (/datum/hud)
[05:07:35]  usr.loc: Kayla Moore\'s brain (/obj/item/organ/brain)
[05:07:35]  call stack:
[05:07:35]/datum/hud (/datum/hud): update parallax()
[05:07:35]/datum/hud (/datum/hud): update parallax pref(Kayla Moore (/mob/living/brain))
[05:07:35]/datum/hud (/datum/hud): show hud(1, null)
[05:07:35]Kayla Moore (/mob/living/brain): Login()
[05:07:35]Kayla Moore (/mob/living/brain): Login()
[05:07:35]Kayla Moore (/datum/mind): transfer to(Kayla Moore (/mob/living/brain), 0)
[05:07:35]Kayla Moore\'s brain (/obj/item/organ/brain): transfer identity(Kayla Moore (/mob/living/carbon/human))
[05:07:35]Kayla Moore\'s brain (/obj/item/organ/brain): Remove(Kayla Moore (/mob/living/carbon/human), 0, 0)
[05:07:35]Kayla Moore\'s brain (/obj/item/organ/brain): transfer to limb(Kayla Moore\'s head (/obj/item/bodypart/head), Kayla Moore (/mob/living/carbon/human))
[05:07:35]Kayla Moore\'s head (/obj/item/bodypart/head): drop limb(null)
[05:07:35]Kayla Moore\'s head (/obj/item/bodypart/head): drop limb(null)
[05:07:35]Kayla Moore (/mob/living/carbon/human): spread bodyparts(null, null)
[05:07:35]Kayla Moore (/mob/living/carbon/human): gib(null, null, null)
[05:07:35]Kayla Moore (/mob/living/carbon/human): gib(null, null, null)
[05:07:35]Kayla Moore (/mob/living/carbon/human): ex act(1, null, null)
[05:07:35]/datum/explosion (/datum/explosion): New(the floor (134,121,2) (/turf/open/floor/plasteel/white), 1, 2, 4, 0, 1, 1, 0, 0, 1)
runtime error: 
[05:07:36]addtimer called with a callback assigned to a qdeleted object
[05:07:36]proc name: stack trace (/proc/stack_trace)
[05:07:36]  source file: unsorted.dm,1254
[05:07:36]  usr: Kayla Moore (/mob/living/carbon/human)
[05:07:36]  src: null
[05:07:36]  usr.loc: null
[05:07:36]  call stack:
[05:07:36]stack trace("addtimer called with a callbac...")
[05:07:36]addtimer(/datum/callback (/datum/callback), 20, 0)
[05:07:36]/datum/effect_system/spark_spr... (/datum/effect_system/spark_spread): generate effect()
[05:07:36]world: ImmediateInvokeAsync(/datum/effect_system/spark_spr... (/datum/effect_system/spark_spread), /datum/effect_system/proc/gene... (/datum/effect_system/proc/generate_effect))
runtime error: 
[05:07:36]addtimer called with a callback assigned to a qdeleted object
[05:07:36]proc name: stack trace (/proc/stack_trace)
[05:07:36]  source file: unsorted.dm,1254
[05:07:36]  usr: Kayla Moore (/mob/living/carbon/human)
[05:07:36]  src: null
[05:07:36]  usr.loc: null
[05:07:36]  call stack:
[05:07:36]stack trace("addtimer called with a callbac...")
[05:07:36]addtimer(/datum/callback (/datum/callback), 20, 0)
[05:07:36]/datum/effect_system/spark_spr... (/datum/effect_system/spark_spread): generate effect()
[05:07:36]world: ImmediateInvokeAsync(/datum/effect_system/spark_spr... (/datum/effect_system/spark_spread), /datum/effect_system/proc/gene... (/datum/effect_system/proc/generate_effect))
runtime error: 
[05:14:10]Cannot execute null.getorganslot().
[05:14:10]proc name: Activate (/datum/symptom/sensory_restoration/Activate)
[05:14:10]  source file: sensory.dm,81
[05:14:10]  usr: null
[05:14:10]  src: Sensory Restoration (/datum/symptom/sensory_restoration)
[05:14:10]  call stack:
[05:14:10]Sensory Restoration (/datum/symptom/sensory_restoration): Activate(The Heal Deal (/datum/disease/advance/cold))
[05:14:10]The Heal Deal (/datum/disease/advance/cold): stage act()
[05:14:10]Eats-His-Children (/mob/living/carbon/human): handle diseases()
[05:14:10]Eats-His-Children (/mob/living/carbon/human): Life(2, 833)
[05:14:10]Eats-His-Children (/mob/living/carbon/human): Life(2, 833)
[05:14:10]Eats-His-Children (/mob/living/carbon/human): Life(2, 833)
[05:14:10]Mobs (/datum/controller/subsystem/mobs): fire(0)
[05:14:10]Mobs (/datum/controller/subsystem/mobs): ignite(0)
[05:14:10]Master (/datum/controller/master): RunQueue()
[05:14:10]Master (/datum/controller/master): Loop()
[05:14:10]Master (/datum/controller/master): StartProcessing(0)
runtime error: 
[05:14:10]Cannot execute null.adjustOxyLoss().
[05:14:10]proc name: Activate (/datum/symptom/oxygen/Activate)
[05:14:10]  source file: oxygen.dm,45
[05:14:10]  usr: null
[05:14:10]  src: Self-Respiration (/datum/symptom/oxygen)
[05:14:10]  call stack:
[05:14:10]Self-Respiration (/datum/symptom/oxygen): Activate(The Heal Deal (/datum/disease/advance/cold))
[05:14:10]The Heal Deal (/datum/disease/advance/cold): stage act()
[05:14:10]Eats-His-Children (/mob/living/carbon/human): handle diseases()
[05:14:10]Eats-His-Children (/mob/living/carbon/human): Life(2, 833)
[05:14:10]Eats-His-Children (/mob/living/carbon/human): Life(2, 833)
[05:14:10]Eats-His-Children (/mob/living/carbon/human): Life(2, 833)
[05:14:10]Mobs (/datum/controller/subsystem/mobs): fire(0)
[05:14:10]Mobs (/datum/controller/subsystem/mobs): ignite(0)
[05:14:10]Master (/datum/controller/master): RunQueue()
[05:14:10]Master (/datum/controller/master): Loop()
[05:14:10]Master (/datum/controller/master): StartProcessing(0)
runtime error: 
[05:14:10]Cannot read null.radiation
[05:14:10]proc name: CanHeal (/datum/symptom/heal/radiation/CanHeal)
[05:14:10]  source file: heal.dm,433
[05:14:10]  usr: null
[05:14:10]  src: Radioactive Resonance (/datum/symptom/heal/radiation)
[05:14:10]  call stack:
[05:14:10]Radioactive Resonance (/datum/symptom/heal/radiation): CanHeal(The Heal Deal (/datum/disease/advance/cold))
[05:14:10]Radioactive Resonance (/datum/symptom/heal/radiation): Activate(The Heal Deal (/datum/disease/advance/cold))
[05:14:10]The Heal Deal (/datum/disease/advance/cold): stage act()
[05:14:10]Eats-His-Children (/mob/living/carbon/human): handle diseases()
[05:14:10]Eats-His-Children (/mob/living/carbon/human): Life(2, 833)
[05:14:10]Eats-His-Children (/mob/living/carbon/human): Life(2, 833)
[05:14:10]Eats-His-Children (/mob/living/carbon/human): Life(2, 833)
[05:14:10]Mobs (/datum/controller/subsystem/mobs): fire(0)
[05:14:10]Mobs (/datum/controller/subsystem/mobs): ignite(0)
[05:14:10]Master (/datum/controller/master): RunQueue()
[05:14:10]Master (/datum/controller/master): Loop()
[05:14:10]Master (/datum/controller/master): StartProcessing(0)
runtime error: 
[05:14:10]Cannot read null.loc
[05:14:10]proc name: CanHeal (/datum/symptom/heal/darkness/CanHeal)
[05:14:10]  source file: heal.dm,185
[05:14:10]  usr: null
[05:14:10]  src: Nocturnal Regeneration (/datum/symptom/heal/darkness)
[05:14:10]  call stack:
[05:14:10]Nocturnal Regeneration (/datum/symptom/heal/darkness): CanHeal(The Heal Deal (/datum/disease/advance/cold))
[05:14:10]Nocturnal Regeneration (/datum/symptom/heal/darkness): Activate(The Heal Deal (/datum/disease/advance/cold))
[05:14:10]The Heal Deal (/datum/disease/advance/cold): stage act()
[05:14:10]Eats-His-Children (/mob/living/carbon/human): handle diseases()
[05:14:10]Eats-His-Children (/mob/living/carbon/human): Life(2, 833)
[05:14:10]Eats-His-Children (/mob/living/carbon/human): Life(2, 833)
[05:14:10]Eats-His-Children (/mob/living/carbon/human): Life(2, 833)
[05:14:10]Mobs (/datum/controller/subsystem/mobs): fire(0)
[05:14:10]Mobs (/datum/controller/subsystem/mobs): ignite(0)
[05:14:10]Master (/datum/controller/master): RunQueue()
[05:14:10]Master (/datum/controller/master): Loop()
[05:14:10]Master (/datum/controller/master): StartProcessing(0)
runtime error: 
[05:14:10]Cannot read null.dizziness
[05:14:10]proc name: Activate (/datum/symptom/mind_restoration/Activate)
[05:14:10]  source file: sensory.dm,35
[05:14:10]  usr: null
[05:14:10]  src: Mind Restoration (/datum/symptom/mind_restoration)
[05:14:10]  call stack:
[05:14:10]Mind Restoration (/datum/symptom/mind_restoration): Activate(The Heal Deal (/datum/disease/advance/cold))
[05:14:10]The Heal Deal (/datum/disease/advance/cold): stage act()
[05:14:10]Eats-His-Children (/mob/living/carbon/human): handle diseases()
[05:14:10]Eats-His-Children (/mob/living/carbon/human): Life(2, 833)
[05:14:10]Eats-His-Children (/mob/living/carbon/human): Life(2, 833)
[05:14:10]Eats-His-Children (/mob/living/carbon/human): Life(2, 833)
[05:14:10]Mobs (/datum/controller/subsystem/mobs): fire(0)
[05:14:10]Mobs (/datum/controller/subsystem/mobs): ignite(0)
[05:14:10]Master (/datum/controller/master): RunQueue()
[05:14:10]Master (/datum/controller/master): Loop()
[05:14:10]Master (/datum/controller/master): StartProcessing(0)
runtime error: 
[05:24:32]Cannot read null.client
[05:24:32]proc name: remove from client (/datum/action/vote/proc/remove_from_client)
[05:24:32]  source file: vote.dm,321
[05:24:32]  usr: null
[05:24:32]  src: Vote! (/datum/action/vote)
[05:24:32]  call stack:
[05:24:32]Vote! (/datum/action/vote): remove from client()
[05:24:32]Vote (/datum/controller/subsystem/vote): remove action buttons()
[05:24:32]Vote (/datum/controller/subsystem/vote): announce result()
[05:24:32]Vote (/datum/controller/subsystem/vote): result()
[05:24:32]Vote (/datum/controller/subsystem/vote): fire(0)
[05:24:32]Vote (/datum/controller/subsystem/vote): ignite(0)
[05:24:32]Master (/datum/controller/master): RunQueue()
[05:24:32]Master (/datum/controller/master): Loop()
[05:24:32]Master (/datum/controller/master): StartProcessing(0)
runtime error: 
[05:24:32]Cannot read null.client
[05:24:32]proc name: remove from client (/datum/action/vote/proc/remove_from_client)
[05:24:32]  source file: vote.dm,321
[05:24:32]  usr: null
[05:24:32]  src: Vote! (/datum/action/vote)
[05:24:32]  call stack:
[05:24:32]Vote! (/datum/action/vote): remove from client()
[05:24:32]Vote (/datum/controller/subsystem/vote): remove action buttons()
[05:24:32]Vote (/datum/controller/subsystem/vote): announce result()
[05:24:32]Vote (/datum/controller/subsystem/vote): result()
[05:24:32]Vote (/datum/controller/subsystem/vote): fire(0)
[05:24:32]Vote (/datum/controller/subsystem/vote): ignite(0)
[05:24:32]Master (/datum/controller/master): RunQueue()
[05:24:32]Master (/datum/controller/master): Loop()
[05:24:32]Master (/datum/controller/master): StartProcessing(0)
Shutting down Persistence subsystem...
Shutting down pathfinder subsystem...
Shutting down Squeak subsystem...
Shutting down Shuttle subsystem...
Shutting down Lighting subsystem...
Shutting down XKeyScore subsystem...
Shutting down Sticky Ban subsystem...
Shutting down Overlay subsystem...
Shutting down Icon Smoothing subsystem...
Shutting down Assets subsystem...
Shutting down Minimap subsystem...
Shutting down Atmospherics subsystem...
Shutting down Wet floors subsystem...
Shutting down Weather subsystem...
Shutting down Vote subsystem...
Shutting down Traumas subsystem...
Shutting down Title Screen subsystem...
Shutting down Time Tracking subsystem...
Shutting down Throwing subsystem...
Shutting down tgui subsystem...
Shutting down Sun subsystem...
Shutting down Space Drift subsystem...
Shutting down Religion subsystem...
Shutting down Radio subsystem...
Shutting down Radiation subsystem...
Shutting down Projectiles subsystem...
Shutting down Processing subsystem...
Shutting down Parallax subsystem...
Shutting down pAI subsystem...
Shutting down Orbits subsystem...
Shutting down Objects subsystem...
Shutting down NPC Pool subsystem...
Shutting down Night Shift subsystem...
Shutting down Mood subsystem...
Shutting down Mobs subsystem...
Shutting down Medals subsystem...
Shutting down Inbounds subsystem...
Shutting down Idling NPC Pool subsystem...
Shutting down Flightpack Movement subsystem...
Shutting down Fire Burning subsystem...
Shutting down Fields subsystem...
Shutting down Fast Processing subsystem...
Shutting down Disease subsystem...
Shutting down Communications subsystem...
Shutting down Augury subsystem...
Shutting down Acid subsystem...
Shutting down Timer subsystem...
Shutting down Circuit subsystem...
Shutting down Machines subsystem...
Shutting down Language subsystem...
Shutting down Atoms subsystem...
Shutting down Networks subsystem...
Shutting down Mapping subsystem...
Shutting down Ticker subsystem...
Shutting down Traits subsystem...
Shutting down Jobs subsystem...
Shutting down Events subsystem...
Shutting down Research subsystem...
Shutting down Input subsystem...
Shutting down Server Tasks subsystem...
Shutting down Blackbox subsystem...
Shutting down Database subsystem...
Shutting down Garbage subsystem...
Shutdown complete
World rebooted at 05:26:03
