[2018-08-31 21:27:55.802] Starting up round ID 2142.
[2018-08-31 21:27:55.802] -------------------------
[2018-08-31 21:27:56.874] Initialized Database subsystem within 0 seconds!
[2018-08-31 21:27:56.875] Initialized Blackbox subsystem within 0 seconds!
[2018-08-31 21:27:56.875] Initialized Server Tasks subsystem within 0 seconds!
[2018-08-31 21:27:56.876] Initialized Input subsystem within 0 seconds!
[2018-08-31 21:27:56.908] Initialized Research subsystem within 0.1 seconds!
[2018-08-31 21:27:56.912] Initialized Events subsystem within 0 seconds!
[2018-08-31 21:27:56.916] Initialized Jobs subsystem within 0 seconds!
[2018-08-31 21:27:56.917] Initialized Quirks subsystem within 0 seconds!
[2018-08-31 21:27:56.924] Initialized Ticker subsystem within 0 seconds!
[2018-08-31 21:27:56.925] Loading Box Station...
[2018-08-31 21:28:01.208] Loaded Station in 4.3s!
[2018-08-31 21:28:06.528] Loaded Lavaland in 5.1s!
[2018-08-31 21:28:13.702] Ruin loader finished with 0 left to spend.
[2018-08-31 21:28:16.049] Ruin loader finished with 0 left to spend.
[2018-08-31 21:28:17.514] Initialized Mapping subsystem within 20.6 seconds!
[2018-08-31 21:28:17.613] Initialized Networks subsystem within 0 seconds!
[2018-08-31 21:29:04.340] Initialized Atoms subsystem within 46.7 seconds!
[2018-08-31 21:29:04.402] Initialized Language subsystem within 0.1 seconds!
[2018-08-31 21:29:04.817] Initialized Machines subsystem within 0.4 seconds!
[2018-08-31 21:29:04.877] Initialized Circuit subsystem within 0 seconds!
[2018-08-31 21:29:04.879] Initialized Disease subsystem within 0 seconds!
[2018-08-31 21:29:04.880] Initialized Medals subsystem within 0 seconds!
[2018-08-31 21:29:04.880] Initialized Night Shift subsystem within 0 seconds!
[2018-08-31 21:29:04.881] Initialized Parallax subsystem within 0 seconds!
[2018-08-31 21:29:05.032] Initialized Traumas subsystem within 0.2 seconds!
[2018-08-31 21:29:05.033] Initialized Weather subsystem within 0 seconds!
[2018-08-31 21:29:12.467] Initialized Atmospherics subsystem within 7.4 seconds!
[2018-08-31 21:29:12.485] Initialized Minimap subsystem within 0 seconds!
[2018-08-31 21:29:15.022] Initialized Assets subsystem within 2.6 seconds!
[2018-08-31 21:29:22.905] Initialized Icon Smoothing subsystem within 7.9 seconds!
[2018-08-31 21:29:24.745] Initialized Overlay subsystem within 1.8 seconds!
[2018-08-31 21:29:24.746] Initialized XKeyScore subsystem within 0 seconds!
[2018-08-31 21:29:24.747] Initialized Sticky Ban subsystem within 0 seconds!
[2018-08-31 21:29:38.045] runtime error: list index out of bounds
[2018-08-31 21:29:38.045] proc name: fire (/datum/controller/subsystem/lighting/fire)
[2018-08-31 21:29:38.045]   source file: lighting.dm,36
[2018-08-31 21:29:38.045]   usr: null
[2018-08-31 21:29:38.045]   src: Lighting (/datum/controller/subsystem/lighting)
[2018-08-31 21:29:38.045]   call stack:
[2018-08-31 21:29:38.046] Lighting (/datum/controller/subsystem/lighting): fire(0, 1)
[2018-08-31 21:29:38.046] Lighting (/datum/controller/subsystem/lighting): Initialize(773647)
[2018-08-31 21:29:38.046] Master (/datum/controller/master): Initialize(10, 0)
[2018-08-31 21:29:38.046] 
[2018-08-31 21:29:38.046] Initialized Lighting subsystem within 13.3 seconds!
[2018-08-31 21:29:44.693] Initialized Shuttle subsystem within 6.6 seconds!
[2018-08-31 21:29:44.730] Initialized Squeak subsystem within 0.1 seconds!
[2018-08-31 21:29:44.732] Initialized Pathfinder subsystem within 0 seconds!
[2018-08-31 21:29:44.789] Loaded 20 engraved messages on map Box Station
[2018-08-31 21:29:44.811] Initialized Persistence subsystem within 0.1 seconds!
[2018-08-31 21:29:44.825] Initializations complete within 108 seconds!
[2018-08-31 21:31:19.440] Game start took 5.2s
[2018-08-31 21:56:03.322] runtime error: Invalid individual logging type: 1536. Defaulting to 4096 (LOG_GAME).
[2018-08-31 21:56:03.322] proc name: stack trace (/datum/proc/stack_trace)
[2018-08-31 21:56:03.322]   source file: unsorted.dm,1169
[2018-08-31 21:56:03.322]   usr: (src)
[2018-08-31 21:56:03.322]   src: Lara Black (/mob/living/carbon/human)
[2018-08-31 21:56:03.322]   src.loc: the floor (143,153,2) (/turf/open/floor/holofloor)
[2018-08-31 21:56:03.322]   call stack:
[2018-08-31 21:56:03.322] Lara Black (/mob/living/carbon/human): stack trace("Invalid individual logging typ...")
[2018-08-31 21:56:03.322] Lara Black (/mob/living/carbon/human): log message("(LOCAL): sorry, was afk", 1536, null, 1)
[2018-08-31 21:56:03.322] Lara Black (/mob/living/carbon/human): log message("(LOCAL): sorry, was afk", 1536, null, 1)
[2018-08-31 21:56:03.322] Bilary (/client): LOOC("sorry, was afk")
[2018-08-31 21:56:03.322] 
[2018-08-31 21:57:07.430] runtime error: Invalid individual logging type: 1536. Defaulting to 4096 (LOG_GAME).
[2018-08-31 21:57:07.430] proc name: stack trace (/datum/proc/stack_trace)
[2018-08-31 21:57:07.430]   source file: unsorted.dm,1169
[2018-08-31 21:57:07.430]   usr: (src)
[2018-08-31 21:57:07.430]   src: Lara Black (/mob/living/carbon/human)
[2018-08-31 21:57:07.430]   src.loc: the floor (143,153,2) (/turf/open/floor/holofloor)
[2018-08-31 21:57:07.430]   call stack:
[2018-08-31 21:57:07.430] Lara Black (/mob/living/carbon/human): stack trace("Invalid individual logging typ...")
[2018-08-31 21:57:07.430] Lara Black (/mob/living/carbon/human): log message("(LOCAL): brb", 1536, null, 1)
[2018-08-31 21:57:07.430] Lara Black (/mob/living/carbon/human): log message("(LOCAL): brb", 1536, null, 1)
[2018-08-31 21:57:07.430] Bilary (/client): LOOC("brb")
[2018-08-31 21:57:07.430] 
[2018-08-31 23:03:59.699] runtime error: Cannot read null.uni_identity
[2018-08-31 23:03:59.699] proc name: add fingerprint (/datum/component/forensics/proc/add_fingerprint)
[2018-08-31 23:03:59.699]   source file: forensics.dm,73
[2018-08-31 23:03:59.699]   usr: Reid Hoopengarner (/mob/living/carbon/human)
[2018-08-31 23:03:59.699]   src: /datum/component/forensics (/datum/component/forensics)
[2018-08-31 23:03:59.699]   usr.loc: null
[2018-08-31 23:03:59.699]   call stack:
[2018-08-31 23:03:59.699] /datum/component/forensics (/datum/component/forensics): add fingerprint(Reid Hoopengarner (/mob/living/carbon/human), 0)
[2018-08-31 23:03:59.699] Strike Lord Melonoid (/obj/machinery/computer/arcade/battle): add fingerprint(Reid Hoopengarner (/mob/living/carbon/human), 0)
[2018-08-31 23:03:59.699] Strike Lord Melonoid (/obj/machinery/computer/arcade/battle): Topic("src=\[0x2008078];attack=1", /list (/list))
[2018-08-31 23:03:59.699] Gaminbrobasher (/client): Topic("src=\[0x2008078];attack=1", /list (/list), Strike Lord Melonoid (/obj/machinery/computer/arcade/battle))
[2018-08-31 23:03:59.699] Gaminbrobasher (/client): Topic("src=\[0x2008078];attack=1", /list (/list), Strike Lord Melonoid (/obj/machinery/computer/arcade/battle))
[2018-08-31 23:03:59.699] 
[2018-08-31 23:09:44.261] runtime error: Invalid individual logging type: 1536. Defaulting to 4096 (LOG_GAME).
[2018-08-31 23:09:44.261] proc name: stack trace (/datum/proc/stack_trace)
[2018-08-31 23:09:44.261]   source file: unsorted.dm,1169
[2018-08-31 23:09:44.261]   usr: (src)
[2018-08-31 23:09:44.261]   src: Slippy Joe (/mob/living/carbon/human)
[2018-08-31 23:09:44.261]   src.loc: the floor (86,119,2) (/turf/open/floor/plasteel)
[2018-08-31 23:09:44.261]   call stack:
[2018-08-31 23:09:44.261] Slippy Joe (/mob/living/carbon/human): stack trace("Invalid individual logging typ...")
[2018-08-31 23:09:44.261] Slippy Joe (/mob/living/carbon/human): log message("(LOCAL): Cant fucking type", 1536, null, 1)
[2018-08-31 23:09:44.261] Slippy Joe (/mob/living/carbon/human): log message("(LOCAL): Cant fucking type", 1536, null, 1)
[2018-08-31 23:09:44.261] SaltyScabbard (/client): LOOC("Cant fucking type")
[2018-08-31 23:09:44.261] 
[2018-08-31 23:13:59.230] runtime error: Invalid individual logging type: 1536. Defaulting to 4096 (LOG_GAME).
[2018-08-31 23:13:59.230] proc name: stack trace (/datum/proc/stack_trace)
[2018-08-31 23:13:59.230]   source file: unsorted.dm,1169
[2018-08-31 23:13:59.230]   usr: (src)
[2018-08-31 23:13:59.230]   src: FIRC-182 (/mob/living/brain)
[2018-08-31 23:13:59.230]   src.loc: the positronic brain (FIRC-182... (/obj/item/mmi/posibrain)
[2018-08-31 23:13:59.230]   call stack:
[2018-08-31 23:13:59.230] FIRC-182 (/mob/living/brain): stack trace("Invalid individual logging typ...")
[2018-08-31 23:13:59.230] FIRC-182 (/mob/living/brain): log message("(LOCAL): I have to go ssd for ...", 1536, null, 1)
[2018-08-31 23:13:59.230] FIRC-182 (/mob/living/brain): log message("(LOCAL): I have to go ssd for ...", 1536, null, 1)
[2018-08-31 23:13:59.230] Gaminbrobasher (/client): LOOC("I have to go ssd for like a fe...")
[2018-08-31 23:13:59.230] 
[2018-08-31 23:34:30.461] Saved 20 engraved messages on map Box Station
[2018-08-31 23:36:05.839] Shutting down Persistence subsystem...
[2018-08-31 23:36:05.839] Shutting down Pathfinder subsystem...
[2018-08-31 23:36:05.839] Shutting down Squeak subsystem...
[2018-08-31 23:36:05.839] Shutting down Shuttle subsystem...
[2018-08-31 23:36:05.839] Shutting down Lighting subsystem...
[2018-08-31 23:36:05.840] Shutting down XKeyScore subsystem...
[2018-08-31 23:36:05.840] Shutting down Sticky Ban subsystem...
[2018-08-31 23:36:05.840] Shutting down Overlay subsystem...
[2018-08-31 23:36:05.891] Shutting down Icon Smoothing subsystem...
[2018-08-31 23:36:05.891] Shutting down Assets subsystem...
[2018-08-31 23:36:05.891] Shutting down Minimap subsystem...
[2018-08-31 23:36:05.891] Shutting down Atmospherics subsystem...
[2018-08-31 23:36:05.891] Shutting down Wet floors subsystem...
[2018-08-31 23:36:05.892] Shutting down Weather subsystem...
[2018-08-31 23:36:05.892] Shutting down Vote subsystem...
[2018-08-31 23:36:05.892] Shutting down Traumas subsystem...
[2018-08-31 23:36:05.892] Shutting down Title Screen subsystem...
[2018-08-31 23:36:05.892] Shutting down Time Tracking subsystem...
[2018-08-31 23:36:05.892] Shutting down Throwing subsystem...
[2018-08-31 23:36:05.892] Shutting down tgui subsystem...
[2018-08-31 23:36:05.892] Shutting down Sun subsystem...
[2018-08-31 23:36:05.892] Shutting down Space Drift subsystem...
[2018-08-31 23:36:05.893] Shutting down Religion subsystem...
[2018-08-31 23:36:05.893] Shutting down Radio subsystem...
[2018-08-31 23:36:05.893] Shutting down Radiation subsystem...
[2018-08-31 23:36:05.893] Shutting down Projectiles subsystem...
[2018-08-31 23:36:05.893] Shutting down Processing subsystem...
[2018-08-31 23:36:05.893] Shutting down Ping subsystem...
[2018-08-31 23:36:05.893] Shutting down Parallax subsystem...
[2018-08-31 23:36:05.893] Shutting down pAI subsystem...
[2018-08-31 23:36:05.893] Shutting down Orbits subsystem...
[2018-08-31 23:36:05.893] Shutting down Objects subsystem...
[2018-08-31 23:36:05.893] Shutting down NPC Pool subsystem...
[2018-08-31 23:36:05.893] Shutting down Night Shift subsystem...
[2018-08-31 23:36:05.893] Shutting down Nanites subsystem...
[2018-08-31 23:36:05.893] Shutting down Mood subsystem...
[2018-08-31 23:36:05.893] Shutting down Mobs subsystem...
[2018-08-31 23:36:05.893] Shutting down Medals subsystem...
[2018-08-31 23:36:05.893] Shutting down Idling NPC Pool subsystem...
[2018-08-31 23:36:05.893] Shutting down Fire Burning subsystem...
[2018-08-31 23:36:05.893] Shutting down Fields subsystem...
[2018-08-31 23:36:05.893] Shutting down Fast Processing subsystem...
[2018-08-31 23:36:05.893] Shutting down Disease subsystem...
[2018-08-31 23:36:05.893] Shutting down Datum Component System subsystem...
[2018-08-31 23:36:05.893] Shutting down Communications subsystem...
[2018-08-31 23:36:05.893] Shutting down Augury subsystem...
[2018-08-31 23:36:05.893] Shutting down Acid subsystem...
[2018-08-31 23:36:05.893] Shutting down Timer subsystem...
[2018-08-31 23:36:05.893] Shutting down Circuit subsystem...
[2018-08-31 23:36:05.893] Shutting down Machines subsystem...
[2018-08-31 23:36:05.894] Shutting down Language subsystem...
[2018-08-31 23:36:05.894] Shutting down Atoms subsystem...
[2018-08-31 23:36:05.894] Shutting down Networks subsystem...
[2018-08-31 23:36:05.894] Shutting down Mapping subsystem...
[2018-08-31 23:36:05.894] Shutting down Ticker subsystem...
[2018-08-31 23:36:06.153] Shutting down Quirks subsystem...
[2018-08-31 23:36:06.153] Shutting down Jobs subsystem...
[2018-08-31 23:36:06.153] Shutting down Events subsystem...
[2018-08-31 23:36:06.153] Shutting down Research subsystem...
[2018-08-31 23:36:06.154] Shutting down Input subsystem...
[2018-08-31 23:36:06.154] Shutting down Server Tasks subsystem...
[2018-08-31 23:36:06.154] Shutting down Blackbox subsystem...
[2018-08-31 23:36:06.431] Shutting down Database subsystem...
[2018-08-31 23:36:06.469] Shutting down Garbage subsystem...
[2018-08-31 23:36:06.621] Shutdown complete
[2018-08-31 23:36:06.621] World rebooted at 23:36:06
