

Starting up round ID 247. 23:52:14
---------------------
Initialized Database subsystem within 0 seconds!
Initialized Blackbox subsystem within 0 seconds!
Initialized Server Tasks subsystem within 0 seconds!
Initialized Input subsystem within 0 seconds!
Initialized Research subsystem within 0 seconds!
Initialized Events subsystem within 0 seconds!
Initialized Jobs subsystem within 0 seconds!
Initialized Traits subsystem within 0 seconds!
Initialized Ticker subsystem within 0 seconds!
Loading Box Station...
Loaded Station in 7.7s!
Loaded Lavaland in 5.4s!
Loaded Reebe in 4.3s!
Ruin loader finished with 0 left to spend.
Ruin loader finished with 0 left to spend.
Initialized Mapping subsystem within 24.4 seconds!
Initialized Networks subsystem within 0 seconds!
Initialized Atoms subsystem within 39.7 seconds!
Initialized Language subsystem within 0 seconds!
Initialized Machines subsystem within 0.3 seconds!
Initialized Circuit subsystem within 0.1 seconds!
Initialized Disease subsystem within 0 seconds!
Initialized Medals subsystem within 0 seconds!
Initialized Night Shift subsystem within 0 seconds!
Initialized Parallax subsystem within 0 seconds!
Initialized Traumas subsystem within 0.1 seconds!
Initialized Weather subsystem within 0 seconds!
Initialized Atmospherics subsystem within 11 seconds!
Initialized Minimap subsystem within 0 seconds!
Initialized Assets subsystem within 0.8 seconds!
Initialized Icon Smoothing subsystem within 4.9 seconds!
Initialized Overlay subsystem within 21.6 seconds!
Initialized XKeyScore subsystem within 0 seconds!
Initialized Sticky Ban subsystem within 0 seconds!
Initialized Lighting subsystem within 11.7 seconds!
Initialized Shuttle subsystem within 20.5 seconds!
Initialized Squeak subsystem within 0 seconds!
Initialized pathfinder subsystem within 0 seconds!
Loaded 1 engraved messages on map Box Station
Initialized Persistence subsystem within 0.1 seconds!
Initializations complete within 135.2 seconds!
runtime error: 
[23:56:06]Cannot read null.species
[23:56:06]proc name: update body (/mob/living/carbon/human/update_body)
[23:56:06]  source file: update_icons.dm,62
[23:56:06]  usr: null
[23:56:06]  src:  (/mob/living/carbon/human)
[23:56:06]  src.loc: null
[23:56:06]  call stack:
[23:56:06] (/mob/living/carbon/human): update body()
[23:56:06]the surplus prosthetic right l... (/obj/item/bodypart/r_leg/robot/surplus): attach limb( (/mob/living/carbon/human), null)
[23:56:06]the surplus prosthetic right l... (/obj/item/bodypart/r_leg/robot/surplus): replace limb( (/mob/living/carbon/human), null)
[23:56:06]Prosthetic Limb (/datum/trait/prosthetic_limb): on spawn()
[23:56:06]Prosthetic Limb (/datum/trait/prosthetic_limb): New( (/mob/living/carbon/human), 1)
[23:56:06] (/mob/living/carbon/human): add trait datum("Prosthetic Limb", 1)
[23:56:06]Traits (/datum/controller/subsystem/processing/traits): AssignTraits( (/mob/living/carbon/human), Nigee (/client), 1)
[23:56:06]Ticker (/datum/controller/subsystem/ticker): equip characters()
[23:56:06]Ticker (/datum/controller/subsystem/ticker): setup()
[23:56:06]Ticker (/datum/controller/subsystem/ticker): fire(0)
[23:56:06]Ticker (/datum/controller/subsystem/ticker): ignite(0)
runtime error: 
[23:56:06]Cannot read null.species
[23:56:06]proc name: update hair (/mob/living/carbon/human/update_hair)
[23:56:06]  source file: update_icons.dm,53
[23:56:06]  usr: null
[23:56:06]  src:  (/mob/living/carbon/human)
[23:56:06]  src.loc: null
[23:56:06]  call stack:
[23:56:06] (/mob/living/carbon/human): update hair()
[23:56:06]the surplus prosthetic right l... (/obj/item/bodypart/r_leg/robot/surplus): attach limb( (/mob/living/carbon/human), null)
[23:56:06]the surplus prosthetic right l... (/obj/item/bodypart/r_leg/robot/surplus): replace limb( (/mob/living/carbon/human), null)
[23:56:06]Prosthetic Limb (/datum/trait/prosthetic_limb): on spawn()
[23:56:06]Prosthetic Limb (/datum/trait/prosthetic_limb): New( (/mob/living/carbon/human), 1)
[23:56:06] (/mob/living/carbon/human): add trait datum("Prosthetic Limb", 1)
[23:56:06]Traits (/datum/controller/subsystem/processing/traits): AssignTraits( (/mob/living/carbon/human), Nigee (/client), 1)
[23:56:06]Ticker (/datum/controller/subsystem/ticker): equip characters()
[23:56:06]Ticker (/datum/controller/subsystem/ticker): setup()
[23:56:06]Ticker (/datum/controller/subsystem/ticker): fire(0)
[23:56:06]Ticker (/datum/controller/subsystem/ticker): ignite(0)
Game start took 8.1s
runtime error: 
[23:56:31]nothing to animate
[23:56:31]proc name: shake camera (/proc/shake_camera)
[23:56:31]  source file: mob_helpers.dm,270
[23:56:31]  usr: (src)
[23:56:31]  src: null
[23:56:31]  call stack:
[23:56:31]shake camera( (/mob/living/carbon/human), 0.75, 1)
[23:56:31] (/mob/living/carbon/human): afterShuttleMove(space (18,20,13) (/turf/open/space/transit/west), /list (/list), 8, 8, 8, 0)
[23:56:31] (/mob/living/carbon/human): afterShuttleMove(space (18,20,13) (/turf/open/space/transit/west), /list (/list), 8, 8, 8, 0)
[23:56:31]the arrivals shuttle (/obj/docking_port/mobile/arrivals): cleanup runway(the arrivals (/obj/docking_port/stationary), /list (/list), /list (/list), /list (/list), /list (/list), 0, 8, Space (/area/space), /turf/open/space/transit/west (/turf/open/space/transit/west), /turf/open/space (/turf/open/space))
[23:56:31]the arrivals shuttle (/obj/docking_port/mobile/arrivals): initiate docking(the arrivals (/obj/docking_port/stationary), 8, 0)
[23:56:31]the arrivals shuttle (/obj/docking_port/mobile/arrivals): initiate docking(the arrivals (/obj/docking_port/stationary), 8)
[23:56:31]the arrivals shuttle (/obj/docking_port/mobile/arrivals): check()
[23:56:31]the arrivals shuttle (/obj/docking_port/mobile/arrivals): check()
[23:56:31]Shuttle (/datum/controller/subsystem/shuttle): fire(0)
[23:56:31]Shuttle (/datum/controller/subsystem/shuttle): ignite(0)
runtime error: 
[23:56:31]nothing to animate
[23:56:31]proc name: shake camera (/proc/shake_camera)
[23:56:31]  source file: mob_helpers.dm,270
[23:56:31]  usr: (src)
[23:56:31]  src: null
[23:56:31]  call stack:
[23:56:31]shake camera(Kayla Moore (/mob/living/carbon/human), 0.75, 1)
[23:56:31]Kayla Moore (/mob/living/carbon/human): afterShuttleMove(space (17,20,13) (/turf/open/space/transit/west), /list (/list), 8, 8, 8, 0)
[23:56:31]Kayla Moore (/mob/living/carbon/human): afterShuttleMove(space (17,20,13) (/turf/open/space/transit/west), /list (/list), 8, 8, 8, 0)
[23:56:31]the arrivals shuttle (/obj/docking_port/mobile/arrivals): cleanup runway(the arrivals (/obj/docking_port/stationary), /list (/list), /list (/list), /list (/list), /list (/list), 0, 8, Space (/area/space), /turf/open/space/transit/west (/turf/open/space/transit/west), /turf/open/space (/turf/open/space))
[23:56:31]the arrivals shuttle (/obj/docking_port/mobile/arrivals): initiate docking(the arrivals (/obj/docking_port/stationary), 8, 0)
[23:56:31]the arrivals shuttle (/obj/docking_port/mobile/arrivals): initiate docking(the arrivals (/obj/docking_port/stationary), 8)
[23:56:31]the arrivals shuttle (/obj/docking_port/mobile/arrivals): check()
[23:56:31]the arrivals shuttle (/obj/docking_port/mobile/arrivals): check()
[23:56:31]Shuttle (/datum/controller/subsystem/shuttle): fire(0)
[23:56:31]Shuttle (/datum/controller/subsystem/shuttle): ignite(0)
runtime error: 
[00:03:02]nothing to animate
[00:03:02]proc name: shake camera (/proc/shake_camera)
[00:03:02]  source file: mob_helpers.dm,270
[00:03:02]  usr: (src)
[00:03:02]  src: null
[00:03:02]  call stack:
[00:03:02]shake camera(Natasha Zenaide (/mob/living/carbon/human), 0.75, 1)
[00:03:02]Natasha Zenaide (/mob/living/carbon/human): afterShuttleMove(space (17,18,13) (/turf/open/space/transit/west), /list (/list), 8, 8, 8, 0)
[00:03:02]Natasha Zenaide (/mob/living/carbon/human): afterShuttleMove(space (17,18,13) (/turf/open/space/transit/west), /list (/list), 8, 8, 8, 0)
[00:03:02]the arrivals shuttle (/obj/docking_port/mobile/arrivals): cleanup runway(the arrivals (/obj/docking_port/stationary), /list (/list), /list (/list), /list (/list), /list (/list), 0, 8, Space (/area/space), /turf/open/space/transit/west (/turf/open/space/transit/west), /turf/open/space (/turf/open/space))
[00:03:02]the arrivals shuttle (/obj/docking_port/mobile/arrivals): initiate docking(the arrivals (/obj/docking_port/stationary), 8, 0)
[00:03:02]the arrivals shuttle (/obj/docking_port/mobile/arrivals): initiate docking(the arrivals (/obj/docking_port/stationary), 8)
[00:03:02]the arrivals shuttle (/obj/docking_port/mobile/arrivals): check()
[00:03:02]the arrivals shuttle (/obj/docking_port/mobile/arrivals): check()
[00:03:02]Shuttle (/datum/controller/subsystem/shuttle): fire(0)
[00:03:02]Shuttle (/datum/controller/subsystem/shuttle): ignite(0)
runtime error: 
[00:09:19]nothing to animate
[00:09:19]proc name: shake camera (/proc/shake_camera)
[00:09:19]  source file: mob_helpers.dm,270
[00:09:19]  usr: (src)
[00:09:19]  src: null
[00:09:19]  call stack:
[00:09:19]shake camera(Stelen Firebird (/mob/living/carbon/human), 0.75, 1)
[00:09:19]Stelen Firebird (/mob/living/carbon/human): afterShuttleMove(space (21,19,13) (/turf/open/space/transit/west), /list (/list), 8, 8, 8, 0)
[00:09:19]Stelen Firebird (/mob/living/carbon/human): afterShuttleMove(space (21,19,13) (/turf/open/space/transit/west), /list (/list), 8, 8, 8, 0)
[00:09:19]the arrivals shuttle (/obj/docking_port/mobile/arrivals): cleanup runway(the arrivals (/obj/docking_port/stationary), /list (/list), /list (/list), /list (/list), /list (/list), 0, 8, Space (/area/space), /turf/open/space/transit/west (/turf/open/space/transit/west), /turf/open/space (/turf/open/space))
[00:09:19]the arrivals shuttle (/obj/docking_port/mobile/arrivals): initiate docking(the arrivals (/obj/docking_port/stationary), 8, 0)
[00:09:19]the arrivals shuttle (/obj/docking_port/mobile/arrivals): initiate docking(the arrivals (/obj/docking_port/stationary), 8)
[00:09:19]the arrivals shuttle (/obj/docking_port/mobile/arrivals): check()
[00:09:19]the arrivals shuttle (/obj/docking_port/mobile/arrivals): check()
[00:09:19]Shuttle (/datum/controller/subsystem/shuttle): fire(0)
[00:09:19]Shuttle (/datum/controller/subsystem/shuttle): ignite(0)
runtime error: 
[00:16:14]nothing to animate
[00:16:14]proc name: shake camera (/proc/shake_camera)
[00:16:14]  source file: mob_helpers.dm,270
[00:16:14]  usr: (src)
[00:16:14]  src: null
[00:16:14]  call stack:
[00:16:14]shake camera(Jumples Sumples (/mob/living/carbon/human), 0.75, 1)
[00:16:14]Jumples Sumples (/mob/living/carbon/human): afterShuttleMove(space (23,20,13) (/turf/open/space/transit/west), /list (/list), 8, 8, 8, 0)
[00:16:14]Jumples Sumples (/mob/living/carbon/human): afterShuttleMove(space (23,20,13) (/turf/open/space/transit/west), /list (/list), 8, 8, 8, 0)
[00:16:14]the arrivals shuttle (/obj/docking_port/mobile/arrivals): cleanup runway(the arrivals (/obj/docking_port/stationary), /list (/list), /list (/list), /list (/list), /list (/list), 0, 8, Space (/area/space), /turf/open/space/transit/west (/turf/open/space/transit/west), /turf/open/space (/turf/open/space))
[00:16:14]the arrivals shuttle (/obj/docking_port/mobile/arrivals): initiate docking(the arrivals (/obj/docking_port/stationary), 8, 0)
[00:16:14]the arrivals shuttle (/obj/docking_port/mobile/arrivals): initiate docking(the arrivals (/obj/docking_port/stationary), 8)
[00:16:14]the arrivals shuttle (/obj/docking_port/mobile/arrivals): check()
[00:16:14]the arrivals shuttle (/obj/docking_port/mobile/arrivals): check()
[00:16:14]Shuttle (/datum/controller/subsystem/shuttle): fire(0)
[00:16:14]Shuttle (/datum/controller/subsystem/shuttle): ignite(0)
runtime error: 
[00:23:21]list index out of bounds
[00:23:21]proc name: playsong (/datum/song/proc/playsong)
[00:23:21]  source file: musician.dm,102
[00:23:21]  usr: Natasha Zenaide (/mob/living/carbon/human)
[00:23:21]  src:  (/datum/song)
[00:23:21]  usr.loc: the floor (133,142,2) (/turf/open/floor/wood)
[00:23:21]  call stack:
[00:23:21] (/datum/song): playsong(Natasha Zenaide (/mob/living/carbon/human))
[00:23:21] (/datum/song): Topic("src=\[0x210016c7];play=1", /list (/list))
runtime error: 
[00:23:34]nothing to animate
[00:23:34]proc name: shake camera (/proc/shake_camera)
[00:23:34]  source file: mob_helpers.dm,270
[00:23:34]  usr: (src)
[00:23:34]  src: null
[00:23:34]  call stack:
[00:23:34]shake camera(Charles H. Swanson (/mob/living/carbon/human), 0.75, 1)
[00:23:34]Charles H. Swanson (/mob/living/carbon/human): afterShuttleMove(space (17,18,13) (/turf/open/space/transit/west), /list (/list), 8, 8, 8, 0)
[00:23:34]Charles H. Swanson (/mob/living/carbon/human): afterShuttleMove(space (17,18,13) (/turf/open/space/transit/west), /list (/list), 8, 8, 8, 0)
[00:23:34]the arrivals shuttle (/obj/docking_port/mobile/arrivals): cleanup runway(the arrivals (/obj/docking_port/stationary), /list (/list), /list (/list), /list (/list), /list (/list), 0, 8, Space (/area/space), /turf/open/space/transit/west (/turf/open/space/transit/west), /turf/open/space (/turf/open/space))
[00:23:34]the arrivals shuttle (/obj/docking_port/mobile/arrivals): initiate docking(the arrivals (/obj/docking_port/stationary), 8, 0)
[00:23:34]the arrivals shuttle (/obj/docking_port/mobile/arrivals): initiate docking(the arrivals (/obj/docking_port/stationary), 8)
[00:23:34]the arrivals shuttle (/obj/docking_port/mobile/arrivals): check()
[00:23:34]the arrivals shuttle (/obj/docking_port/mobile/arrivals): check()
[00:23:34]Shuttle (/datum/controller/subsystem/shuttle): fire(0)
[00:23:34]Shuttle (/datum/controller/subsystem/shuttle): ignite(0)
runtime error: 
[00:27:25]nothing to animate
[00:27:25]proc name: shake camera (/proc/shake_camera)
[00:27:25]  source file: mob_helpers.dm,270
[00:27:25]  usr: (src)
[00:27:25]  src: null
[00:27:25]  call stack:
[00:27:25]shake camera(Kyra Martins (/mob/living/carbon/human), 0.75, 1)
[00:27:25]Kyra Martins (/mob/living/carbon/human): afterShuttleMove(space (17,20,13) (/turf/open/space/transit/west), /list (/list), 8, 8, 8, 0)
[00:27:25]Kyra Martins (/mob/living/carbon/human): afterShuttleMove(space (17,20,13) (/turf/open/space/transit/west), /list (/list), 8, 8, 8, 0)
[00:27:25]the arrivals shuttle (/obj/docking_port/mobile/arrivals): cleanup runway(the arrivals (/obj/docking_port/stationary), /list (/list), /list (/list), /list (/list), /list (/list), 0, 8, Space (/area/space), /turf/open/space/transit/west (/turf/open/space/transit/west), /turf/open/space (/turf/open/space))
[00:27:25]the arrivals shuttle (/obj/docking_port/mobile/arrivals): initiate docking(the arrivals (/obj/docking_port/stationary), 8, 0)
[00:27:25]the arrivals shuttle (/obj/docking_port/mobile/arrivals): initiate docking(the arrivals (/obj/docking_port/stationary), 8)
[00:27:25]the arrivals shuttle (/obj/docking_port/mobile/arrivals): check()
[00:27:25]the arrivals shuttle (/obj/docking_port/mobile/arrivals): check()
[00:27:25]Shuttle (/datum/controller/subsystem/shuttle): fire(0)
[00:27:25]Shuttle (/datum/controller/subsystem/shuttle): ignite(0)
runtime error: 
[00:33:28]nothing to animate
[00:33:28]proc name: shake camera (/proc/shake_camera)
[00:33:28]  source file: mob_helpers.dm,270
[00:33:28]  usr: (src)
[00:33:28]  src: null
[00:33:28]  call stack:
[00:33:28]shake camera(Frank Dollar (/mob/living/carbon/human), 0.75, 1)
[00:33:28]Frank Dollar (/mob/living/carbon/human): afterShuttleMove(space (18,18,13) (/turf/open/space/transit/west), /list (/list), 8, 8, 8, 0)
[00:33:28]Frank Dollar (/mob/living/carbon/human): afterShuttleMove(space (18,18,13) (/turf/open/space/transit/west), /list (/list), 8, 8, 8, 0)
[00:33:28]the arrivals shuttle (/obj/docking_port/mobile/arrivals): cleanup runway(the arrivals (/obj/docking_port/stationary), /list (/list), /list (/list), /list (/list), /list (/list), 0, 8, Space (/area/space), /turf/open/space/transit/west (/turf/open/space/transit/west), /turf/open/space (/turf/open/space))
[00:33:28]the arrivals shuttle (/obj/docking_port/mobile/arrivals): initiate docking(the arrivals (/obj/docking_port/stationary), 8, 0)
[00:33:28]the arrivals shuttle (/obj/docking_port/mobile/arrivals): initiate docking(the arrivals (/obj/docking_port/stationary), 8)
[00:33:28]the arrivals shuttle (/obj/docking_port/mobile/arrivals): check()
[00:33:28]the arrivals shuttle (/obj/docking_port/mobile/arrivals): check()
[00:33:28]Shuttle (/datum/controller/subsystem/shuttle): fire(0)
[00:33:28]Shuttle (/datum/controller/subsystem/shuttle): ignite(0)
runtime error: 
[00:38:31]nothing to animate
[00:38:31]proc name: shake camera (/proc/shake_camera)
[00:38:31]  source file: mob_helpers.dm,270
[00:38:31]  usr: (src)
[00:38:31]  src: null
[00:38:31]  call stack:
[00:38:31]shake camera(Guillermo Simmons (/mob/living/carbon/human), 0.75, 1)
[00:38:31]Guillermo Simmons (/mob/living/carbon/human): afterShuttleMove(space (23,18,13) (/turf/open/space/transit/west), /list (/list), 8, 8, 8, 0)
[00:38:31]Guillermo Simmons (/mob/living/carbon/human): afterShuttleMove(space (23,18,13) (/turf/open/space/transit/west), /list (/list), 8, 8, 8, 0)
[00:38:31]the arrivals shuttle (/obj/docking_port/mobile/arrivals): cleanup runway(the arrivals (/obj/docking_port/stationary), /list (/list), /list (/list), /list (/list), /list (/list), 0, 8, Space (/area/space), /turf/open/space/transit/west (/turf/open/space/transit/west), /turf/open/space (/turf/open/space))
[00:38:31]the arrivals shuttle (/obj/docking_port/mobile/arrivals): initiate docking(the arrivals (/obj/docking_port/stationary), 8, 0)
[00:38:31]the arrivals shuttle (/obj/docking_port/mobile/arrivals): initiate docking(the arrivals (/obj/docking_port/stationary), 8)
[00:38:31]the arrivals shuttle (/obj/docking_port/mobile/arrivals): check()
[00:38:31]the arrivals shuttle (/obj/docking_port/mobile/arrivals): check()
[00:38:31]Shuttle (/datum/controller/subsystem/shuttle): fire(0)
[00:38:31]Shuttle (/datum/controller/subsystem/shuttle): ignite(0)
runtime error: 
[00:41:43]nothing to animate
[00:41:43]proc name: shake camera (/proc/shake_camera)
[00:41:43]  source file: mob_helpers.dm,270
[00:41:43]  usr: (src)
[00:41:43]  src: null
[00:41:43]  call stack:
[00:41:43]shake camera(Micah Hughes (/mob/living/carbon/human), 0.75, 1)
[00:41:43]Micah Hughes (/mob/living/carbon/human): afterShuttleMove(space (27,20,13) (/turf/open/space/transit/west), /list (/list), 8, 8, 8, 0)
[00:41:43]Micah Hughes (/mob/living/carbon/human): afterShuttleMove(space (27,20,13) (/turf/open/space/transit/west), /list (/list), 8, 8, 8, 0)
[00:41:43]the arrivals shuttle (/obj/docking_port/mobile/arrivals): cleanup runway(the arrivals (/obj/docking_port/stationary), /list (/list), /list (/list), /list (/list), /list (/list), 0, 8, Space (/area/space), /turf/open/space/transit/west (/turf/open/space/transit/west), /turf/open/space (/turf/open/space))
[00:41:43]the arrivals shuttle (/obj/docking_port/mobile/arrivals): initiate docking(the arrivals (/obj/docking_port/stationary), 8, 0)
[00:41:43]the arrivals shuttle (/obj/docking_port/mobile/arrivals): initiate docking(the arrivals (/obj/docking_port/stationary), 8)
[00:41:43]the arrivals shuttle (/obj/docking_port/mobile/arrivals): check()
[00:41:43]the arrivals shuttle (/obj/docking_port/mobile/arrivals): check()
[00:41:43]Shuttle (/datum/controller/subsystem/shuttle): fire(0)
[00:41:43]Shuttle (/datum/controller/subsystem/shuttle): ignite(0)
runtime error: 
[00:47:34]nothing to animate
[00:47:34]proc name: shake camera (/proc/shake_camera)
[00:47:34]  source file: mob_helpers.dm,270
[00:47:34]  usr: (src)
[00:47:34]  src: null
[00:47:34]  call stack:
[00:47:34]shake camera(Gregory Wright (/mob/living/carbon/human), 0.75, 1)
[00:47:34]Gregory Wright (/mob/living/carbon/human): afterShuttleMove(space (21,20,13) (/turf/open/space/transit/west), /list (/list), 8, 8, 8, 0)
[00:47:34]Gregory Wright (/mob/living/carbon/human): afterShuttleMove(space (21,20,13) (/turf/open/space/transit/west), /list (/list), 8, 8, 8, 0)
[00:47:34]the arrivals shuttle (/obj/docking_port/mobile/arrivals): cleanup runway(the arrivals (/obj/docking_port/stationary), /list (/list), /list (/list), /list (/list), /list (/list), 0, 8, Space (/area/space), /turf/open/space/transit/west (/turf/open/space/transit/west), /turf/open/space (/turf/open/space))
[00:47:34]the arrivals shuttle (/obj/docking_port/mobile/arrivals): initiate docking(the arrivals (/obj/docking_port/stationary), 8, 0)
[00:47:34]the arrivals shuttle (/obj/docking_port/mobile/arrivals): initiate docking(the arrivals (/obj/docking_port/stationary), 8)
[00:47:34]the arrivals shuttle (/obj/docking_port/mobile/arrivals): check()
[00:47:34]the arrivals shuttle (/obj/docking_port/mobile/arrivals): check()
[00:47:34]Shuttle (/datum/controller/subsystem/shuttle): fire(0)
[00:47:34]Shuttle (/datum/controller/subsystem/shuttle): ignite(0)
runtime error: 
[00:49:07]undefined variable /obj/effect/hallucination/simple/xeno/var/client
[00:49:07]proc name: throw at (/atom/movable/proc/throw_at)
[00:49:07]  source file: atoms_movable.dm,422
[00:49:07]  usr: null
[00:49:07]  src: the alien hunter (787) (/obj/effect/hallucination/simple/xeno)
[00:49:07]  src.loc: the floor (91,118,2) (/turf/open/floor/plasteel)
[00:49:07]  call stack:
[00:49:07]the alien hunter (787) (/obj/effect/hallucination/simple/xeno): throw at(the Cargo Office vent pump #2 (/obj/machinery/atmospherics/components/unary/vent_pump/on), 7, 1, the alien hunter (787) (/obj/effect/hallucination/simple/xeno), 0, 1, null)
[00:49:07]the alien hunter (787) (/obj/effect/hallucination/simple/xeno): throw at(the Cargo Office vent pump #2 (/obj/machinery/atmospherics/components/unary/vent_pump/on), 7, 1, the alien hunter (787) (/obj/effect/hallucination/simple/xeno), 0, 1, null)
[00:49:07]/datum/hallucination/xeno_atta... (/datum/hallucination/xeno_attack): New(Betzi-Beelei (/mob/living/carbon/human), 0)
runtime error: 
[00:58:53]nothing to animate
[00:58:53]proc name: shake camera (/proc/shake_camera)
[00:58:53]  source file: mob_helpers.dm,270
[00:58:53]  usr: (src)
[00:58:53]  src: null
[00:58:53]  call stack:
[00:58:53]shake camera(Ladybug Honks (/mob/living/carbon/human), 0.75, 1)
[00:58:53]Ladybug Honks (/mob/living/carbon/human): afterShuttleMove(space (27,20,13) (/turf/open/space/transit/west), /list (/list), 8, 8, 8, 0)
[00:58:53]Ladybug Honks (/mob/living/carbon/human): afterShuttleMove(space (27,20,13) (/turf/open/space/transit/west), /list (/list), 8, 8, 8, 0)
[00:58:53]the arrivals shuttle (/obj/docking_port/mobile/arrivals): cleanup runway(the arrivals (/obj/docking_port/stationary), /list (/list), /list (/list), /list (/list), /list (/list), 0, 8, Space (/area/space), /turf/open/space/transit/west (/turf/open/space/transit/west), /turf/open/space (/turf/open/space))
[00:58:53]the arrivals shuttle (/obj/docking_port/mobile/arrivals): initiate docking(the arrivals (/obj/docking_port/stationary), 8, 0)
[00:58:53]the arrivals shuttle (/obj/docking_port/mobile/arrivals): initiate docking(the arrivals (/obj/docking_port/stationary), 8)
[00:58:53]the arrivals shuttle (/obj/docking_port/mobile/arrivals): check()
[00:58:53]the arrivals shuttle (/obj/docking_port/mobile/arrivals): check()
[00:58:53]Shuttle (/datum/controller/subsystem/shuttle): fire(0)
[00:58:53]Shuttle (/datum/controller/subsystem/shuttle): ignite(0)
runtime error: 
[01:00:27]nothing to animate
[01:00:27]proc name: shake camera (/proc/shake_camera)
[01:00:27]  source file: mob_helpers.dm,270
[01:00:27]  usr: (src)
[01:00:27]  src: null
[01:00:27]  call stack:
[01:00:27]shake camera(Captain (/mob/living/carbon/human), 0.75, 1)
[01:00:27]Captain (/mob/living/carbon/human): afterShuttleMove(space (90,17,13) (/turf/open/space/transit/east), /list (/list), 4, 4, 8, 270)
[01:00:27]Captain (/mob/living/carbon/human): afterShuttleMove(space (90,17,13) (/turf/open/space/transit/east), /list (/list), 4, 4, 8, 270)
[01:00:27]the escape pod 4 (/obj/docking_port/mobile/pod): cleanup runway(the recovery ship (/obj/docking_port/stationary), /list (/list), /list (/list), /list (/list), /list (/list), 270, 8, Space (/area/space), /turf/open/space/transit/east (/turf/open/space/transit/east), /turf/open/space (/turf/open/space))
[01:00:27]the escape pod 4 (/obj/docking_port/mobile/pod): initiate docking(the recovery ship (/obj/docking_port/stationary), 8, 0)
[01:00:27]the escape pod 4 (/obj/docking_port/mobile/pod): on emergency dock()
[01:00:27]Box emergency shuttle (/obj/docking_port/mobile/emergency): check()
[01:00:27]Shuttle (/datum/controller/subsystem/shuttle): fire(0)
[01:00:27]Shuttle (/datum/controller/subsystem/shuttle): ignite(0)
Saved 1 engraved messages on map Box Station
## WARNING: couldn't find shuttle with id:  in code/controllers/subsystem/shuttle.dm at line 209 src: Shuttle usr: Captain.
runtime error: 
[01:01:35]Cannot read null.loc
[01:01:35]proc name: update parallax (/datum/hud/proc/update_parallax)
[01:01:35]  source file: parallax.dm,170
[01:01:35]  usr: Darell Shafer (/mob/living/brain)
[01:01:35]  src: /datum/hud (/datum/hud)
[01:01:35]  usr.loc: Darell Shafer (as Captain)\'s ... (/obj/item/organ/brain)
[01:01:35]  call stack:
[01:01:35]/datum/hud (/datum/hud): update parallax()
[01:01:35]/datum/hud (/datum/hud): update parallax pref(Darell Shafer (/mob/living/brain))
[01:01:35]/datum/hud (/datum/hud): show hud(1, null)
[01:01:35]Darell Shafer (/mob/living/brain): Login()
[01:01:35]Darell Shafer (/mob/living/brain): Login()
[01:01:35]Darell Shafer (/datum/mind): transfer to(Darell Shafer (/mob/living/brain), 0)
[01:01:35]Darell Shafer (as Captain)\'s ... (/obj/item/organ/brain): transfer identity(Darell Shafer (as Captain) (/mob/living/carbon/human))
[01:01:35]Darell Shafer (as Captain)\'s ... (/obj/item/organ/brain): Remove(Darell Shafer (as Captain) (/mob/living/carbon/human), 0, 0)
[01:01:35]the stechkin pistol (/obj/item/gun/ballistic/automatic/pistol): suicide act(Darell Shafer (as Captain) (/mob/living/carbon/human))
[01:01:35]Darell Shafer (as Captain) (/mob/living/carbon/human): suicide()
Shutting down Persistence subsystem...
Shutting down pathfinder subsystem...
Shutting down Squeak subsystem...
Shutting down Shuttle subsystem...
Shutting down Lighting subsystem...
Shutting down XKeyScore subsystem...
Shutting down Sticky Ban subsystem...
Shutting down Overlay subsystem...
Shutting down Icon Smoothing subsystem...
Shutting down Assets subsystem...
Shutting down Minimap subsystem...
Shutting down Atmospherics subsystem...
Shutting down Wet floors subsystem...
Shutting down Weather subsystem...
Shutting down Vote subsystem...
Shutting down Traumas subsystem...
Shutting down Title Screen subsystem...
Shutting down Time Tracking subsystem...
Shutting down Throwing subsystem...
Shutting down tgui subsystem...
Shutting down Sun subsystem...
Shutting down Space Drift subsystem...
Shutting down Religion subsystem...
Shutting down Radio subsystem...
Shutting down Radiation subsystem...
Shutting down Projectiles subsystem...
Shutting down Processing subsystem...
Shutting down Parallax subsystem...
Shutting down pAI subsystem...
Shutting down Orbits subsystem...
Shutting down Objects subsystem...
Shutting down NPC Pool subsystem...
Shutting down Night Shift subsystem...
Shutting down Mood subsystem...
Shutting down Mobs subsystem...
Shutting down Medals subsystem...
Shutting down Inbounds subsystem...
Shutting down Idling NPC Pool subsystem...
Shutting down Flightpack Movement subsystem...
Shutting down Fire Burning subsystem...
Shutting down Fields subsystem...
Shutting down Fast Processing subsystem...
Shutting down Disease subsystem...
Shutting down Communications subsystem...
Shutting down Augury subsystem...
Shutting down Acid subsystem...
Shutting down Timer subsystem...
Shutting down Circuit subsystem...
Shutting down Machines subsystem...
Shutting down Language subsystem...
Shutting down Atoms subsystem...
Shutting down Networks subsystem...
Shutting down Mapping subsystem...
Shutting down Ticker subsystem...
Shutting down Traits subsystem...
Shutting down Jobs subsystem...
Shutting down Events subsystem...
Shutting down Research subsystem...
Shutting down Input subsystem...
Shutting down Server Tasks subsystem...
Shutting down Blackbox subsystem...
Shutting down Database subsystem...
Shutting down Garbage subsystem...
Shutdown complete
World rebooted at 01:02:11
