

Starting up round ID 631. 00:59:42
---------------------
yoshka \ Jimena Hincken \ Chemist \ NONE \ ROUNDSTART
shawntates \ Gregory Wright \ Station Engineer \ NONE \ ROUNDSTART
lunakjkaytam \ Luna Kaytam \ Station Engineer \ NONE \ ROUNDSTART
re1taz \ LUH 3417 \ AI \ NONE \ ROUNDSTART
tythesmonk \ Hartley Riggle \ Atmospheric Technician \ NONE \ ROUNDSTART
warjackle \ Romeo Sanders \ Roboticist \ NONE \ ROUNDSTART
asciisquid \ Bosekus-Sei \ Chaplain \ NONE \ ROUNDSTART
chemicalpills5379 \ Marnu Stimbo \ Shaft Miner \ NONE \ ROUNDSTART
bepisman \ Pepsiman \ Scientist \ NONE \ ROUNDSTART
braincrab \ Jermaine Benford \ Captain \ NONE \ ROUNDSTART
sethabee \ Kat Parkinson \ Assistant \ NONE \ ROUNDSTART
shadowhawk412 \ Javon Whittier \ Janitor \ NONE \ ROUNDSTART
nihilisticbanana \ Max Willey \ Lawyer \ NONE \ ROUNDSTART
saltyscabbard \ Who \ Clown \ NONE \ ROUNDSTART
capietro \ Tyrone Negrone \ Head of Personnel \ NONE \ ROUNDSTART
swindel \ Isaac Simmons \ Security Officer \ NONE \ ROUNDSTART
2cwldys \ Emmanuel N. Wittgenstein \ Virologist \ NONE \ ROUNDSTART
mrcheese1 \ Benny Tequilla \ Scientist \ NONE \ ROUNDSTART
buckyboy \ ARobot \ Cyborg \ NONE \ ROUNDSTART
spoder14 \ Nonie Murphy \ Quartermaster \ NONE \ ROUNDSTART
GreenTea98 \ Helps-The-Station \ Bartender \ NONE \ LATEJOIN
That guy is taken \ Bejeen-Meema \ Atmospheric Technician \ NONE \ LATEJOIN
DayDream21 \ Swims-With-Carp \ Botanist \ NONE \ LATEJOIN
AdverbAdjectiveNoun \ William Swabey \ Cargo Technician \ NONE \ LATEJOIN
LuigiBoiBY \ Kayla Moore \ Cook \ NONE \ LATEJOIN
PureLeper \ Darius Ewing \ Chemist \ NONE \ LATEJOIN
PinkieCupcake \ Cara Bullard \ Assistant \ NONE \ LATEJOIN
Zixxa \ Alyssia Lauffer \ Security Officer \ NONE \ LATEJOIN
Zeudengan \ Melvin Dugmore \ Chief Medical Officer \ NONE \ LATEJOIN
The Lovely Pyro \ Armandow Harrow \ Assistant \ NONE \ LATEJOIN
Spoder13 \ Sandra Parker \ Head of Security \ NONE \ LATEJOIN
Qwertyquerty \ Felix Nash \ Assistant \ NONE \ LATEJOIN
Totenmaple \ Ringo Starr \ Mime \ NONE \ LATEJOIN
Goodie_boy \ Dennis Ida \ Research Director \ NONE \ LATEJOIN
Freakyfred \ Buck Wheat \ Detective \ NONE \ LATEJOIN
MoonmanMoonman \ Earl Scruggs \ Assistant \ NONE \ LATEJOIN
Zrixik \ Terry Stern \ Cargo Technician \ NONE \ LATEJOIN
Enumi \ Davis Eckhardstein \ Assistant \ NONE \ LATEJOIN
Jathomar \ Jack Heckler \ Assistant \ NONE \ LATEJOIN
TrentTozian \ Amari Joghs \ Assistant \ NONE \ LATEJOIN
Lord_kk \ Arthur Wolfe \ Cargo Technician \ NONE \ LATEJOIN
Keinen \ Monna Green \ Assistant \ NONE \ LATEJOIN
Zarloc \ Phoenix Ackerley \ Scientist \ NONE \ LATEJOIN
LordChint \ Alan Kanaga \ Shaft Miner \ NONE \ LATEJOIN
Arbiter47 \ Corvus Corax \ Chief Engineer \ NONE \ LATEJOIN
Drasilabyss \ Drasilabyss \ Assistant \ NONE \ LATEJOIN
