[2018-07-15 20:33:35.615] runtime error: bad index
[2018-07-15 20:33:35.616] proc name: Get (/datum/controller/configuration/proc/Get)
[2018-07-15 20:33:35.616]   source file: configuration.dm,178
[2018-07-15 20:33:35.616]   usr: null
[2018-07-15 20:33:35.616]   src: Configuration (/datum/controller/configuration)
[2018-07-15 20:33:35.616]   call stack:
[2018-07-15 20:33:35.616] Configuration (/datum/controller/configuration): Get(/datum/config_entry/flag/log_w... (/datum/config_entry/flag/log_world_topic))
[2018-07-15 20:33:35.616] world: Topic("status", "24.222.35.234", null, null)
[2018-07-15 20:33:35.616] 
[2018-07-15 20:33:35.616] runtime error: bad index
[2018-07-15 20:33:35.616] proc name: Get (/datum/controller/configuration/proc/Get)
[2018-07-15 20:33:35.616]   source file: configuration.dm,178
[2018-07-15 20:33:35.616]   usr: null
[2018-07-15 20:33:35.616]   src: Configuration (/datum/controller/configuration)
[2018-07-15 20:33:35.616]   call stack:
[2018-07-15 20:33:35.616] Configuration (/datum/controller/configuration): Get(/datum/config_entry/string/com... (/datum/config_entry/string/comms_key))
[2018-07-15 20:33:35.616] /datum/world_topic/status (/datum/world_topic/status): TryRun(/list (/list))
[2018-07-15 20:33:35.616] world: Topic("status", "24.222.35.234", null, null)
[2018-07-15 20:33:35.616] 
[2018-07-15 20:33:35.617] runtime error: bad index
[2018-07-15 20:33:35.617] proc name: Get (/datum/controller/configuration/proc/Get)
[2018-07-15 20:33:35.617]   source file: configuration.dm,178
[2018-07-15 20:33:35.617]   usr: null
[2018-07-15 20:33:35.617]   src: Configuration (/datum/controller/configuration)
[2018-07-15 20:33:35.617]   call stack:
[2018-07-15 20:33:35.617] Configuration (/datum/controller/configuration): Get(/datum/config_entry/flag/nores... (/datum/config_entry/flag/norespawn))
[2018-07-15 20:33:35.617] /datum/world_topic/status (/datum/world_topic/status): Run(/list (/list))
[2018-07-15 20:33:35.617] /datum/world_topic/status (/datum/world_topic/status): TryRun(/list (/list))
[2018-07-15 20:33:35.617] world: Topic("status", "24.222.35.234", null, null)
[2018-07-15 20:33:35.617] 
[2018-07-15 20:33:35.617] runtime error: bad index
[2018-07-15 20:33:35.617] proc name: Get (/datum/controller/configuration/proc/Get)
[2018-07-15 20:33:35.617]   source file: configuration.dm,178
[2018-07-15 20:33:35.617]   usr: null
[2018-07-15 20:33:35.617]   src: Configuration (/datum/controller/configuration)
[2018-07-15 20:33:35.617]   call stack:
[2018-07-15 20:33:35.617] Configuration (/datum/controller/configuration): Get(/datum/config_entry/flag/allow... (/datum/config_entry/flag/allow_vote_mode))
[2018-07-15 20:33:35.617] /datum/world_topic/status (/datum/world_topic/status): Run(/list (/list))
[2018-07-15 20:33:35.617] /datum/world_topic/status (/datum/world_topic/status): TryRun(/list (/list))
[2018-07-15 20:33:35.617] world: Topic("status", "24.222.35.234", null, null)
[2018-07-15 20:33:35.617] 
[2018-07-15 20:33:35.618] runtime error: bad index
[2018-07-15 20:33:35.618] proc name: Get (/datum/controller/configuration/proc/Get)
[2018-07-15 20:33:35.618]   source file: configuration.dm,178
[2018-07-15 20:33:35.618]   usr: null
[2018-07-15 20:33:35.618]   src: Configuration (/datum/controller/configuration)
[2018-07-15 20:33:35.618]   call stack:
[2018-07-15 20:33:35.618] Configuration (/datum/controller/configuration): Get(/datum/config_entry/flag/allow... (/datum/config_entry/flag/allow_ai))
[2018-07-15 20:33:35.618] /datum/world_topic/status (/datum/world_topic/status): Run(/list (/list))
[2018-07-15 20:33:35.618] /datum/world_topic/status (/datum/world_topic/status): TryRun(/list (/list))
[2018-07-15 20:33:35.618] world: Topic("status", "24.222.35.234", null, null)
[2018-07-15 20:33:35.618] 
[2018-07-15 20:33:35.618] runtime error: Cannot read null.commit
[2018-07-15 20:33:35.618] proc name: Run (/datum/world_topic/status/Run)
[2018-07-15 20:33:35.618]   source file: world_topic.dm,151
[2018-07-15 20:33:35.618]   usr: null
[2018-07-15 20:33:35.618]   src: /datum/world_topic/status (/datum/world_topic/status)
[2018-07-15 20:33:35.618]   call stack:
[2018-07-15 20:33:35.618] /datum/world_topic/status (/datum/world_topic/status): Run(/list (/list))
[2018-07-15 20:33:35.618] /datum/world_topic/status (/datum/world_topic/status): TryRun(/list (/list))
[2018-07-15 20:33:35.618] world: Topic("status", "24.222.35.234", null, null)
[2018-07-15 20:33:35.618] 
[2018-07-15 20:33:35.619] runtime error: bad index
[2018-07-15 20:33:35.619] proc name: Get (/datum/controller/configuration/proc/Get)
[2018-07-15 20:33:35.619]   source file: configuration.dm,178
[2018-07-15 20:33:35.619]   usr: null
[2018-07-15 20:33:35.619]   src: Configuration (/datum/controller/configuration)
[2018-07-15 20:33:35.619]   call stack:
[2018-07-15 20:33:35.619] Configuration (/datum/controller/configuration): Get(/datum/config_entry/flag/log_w... (/datum/config_entry/flag/log_world_topic))
[2018-07-15 20:33:35.619] world: Topic("status", "24.30.90.212", null, null)
[2018-07-15 20:33:35.619] 
[2018-07-15 20:33:35.620] runtime error: bad index
[2018-07-15 20:33:35.620] proc name: Get (/datum/controller/configuration/proc/Get)
[2018-07-15 20:33:35.620]   source file: configuration.dm,178
[2018-07-15 20:33:35.620]   usr: null
[2018-07-15 20:33:35.620]   src: Configuration (/datum/controller/configuration)
[2018-07-15 20:33:35.620]   call stack:
[2018-07-15 20:33:35.620] Configuration (/datum/controller/configuration): Get(/datum/config_entry/string/com... (/datum/config_entry/string/comms_key))
[2018-07-15 20:33:35.620] /datum/world_topic/status (/datum/world_topic/status): TryRun(/list (/list))
[2018-07-15 20:33:35.620] world: Topic("status", "24.30.90.212", null, null)
[2018-07-15 20:33:35.620] 
[2018-07-15 20:33:35.620] runtime error: bad index
[2018-07-15 20:33:35.620] proc name: Get (/datum/controller/configuration/proc/Get)
[2018-07-15 20:33:35.620]   source file: configuration.dm,178
[2018-07-15 20:33:35.620]   usr: null
[2018-07-15 20:33:35.620]   src: Configuration (/datum/controller/configuration)
[2018-07-15 20:33:35.620]   call stack:
[2018-07-15 20:33:35.620] Configuration (/datum/controller/configuration): Get(/datum/config_entry/flag/nores... (/datum/config_entry/flag/norespawn))
[2018-07-15 20:33:35.620] /datum/world_topic/status (/datum/world_topic/status): Run(/list (/list))
[2018-07-15 20:33:35.620] /datum/world_topic/status (/datum/world_topic/status): TryRun(/list (/list))
[2018-07-15 20:33:35.620] world: Topic("status", "24.30.90.212", null, null)
[2018-07-15 20:33:35.620] 
[2018-07-15 20:33:35.621] runtime error: bad index
[2018-07-15 20:33:35.621] proc name: Get (/datum/controller/configuration/proc/Get)
[2018-07-15 20:33:35.621]   source file: configuration.dm,178
[2018-07-15 20:33:35.621]   usr: null
[2018-07-15 20:33:35.621]   src: Configuration (/datum/controller/configuration)
[2018-07-15 20:33:35.621]   call stack:
[2018-07-15 20:33:35.621] Configuration (/datum/controller/configuration): Get(/datum/config_entry/flag/allow... (/datum/config_entry/flag/allow_vote_mode))
[2018-07-15 20:33:35.621] /datum/world_topic/status (/datum/world_topic/status): Run(/list (/list))
[2018-07-15 20:33:35.621] /datum/world_topic/status (/datum/world_topic/status): TryRun(/list (/list))
[2018-07-15 20:33:35.621] world: Topic("status", "24.30.90.212", null, null)
[2018-07-15 20:33:35.621] 
[2018-07-15 20:33:35.621] runtime error: bad index
[2018-07-15 20:33:35.621] proc name: Get (/datum/controller/configuration/proc/Get)
[2018-07-15 20:33:35.621]   source file: configuration.dm,178
[2018-07-15 20:33:35.621] 
[2018-07-15 20:33:35.621] runtime error: Cannot read null.commit
[2018-07-15 20:33:35.621] proc name: Run (/datum/world_topic/status/Run)
[2018-07-15 20:33:35.621]   source file: world_topic.dm,151
[2018-07-15 20:33:35.621] 
[2018-07-15 20:33:35.710] Running /tg/ revision:
[2018-07-15 20:33:35.711] 0727e0fed02a934e4b144e1817c45be962e30631: 2018-07-14
[2018-07-15 20:33:35.711] runtime error: list index out of bounds
[2018-07-15 20:33:35.711] proc name: New (/datum/getrev/New)
[2018-07-15 20:33:35.711]   source file: getrev.dm,23
[2018-07-15 20:33:35.711] 
[2018-07-15 20:33:35.719] Loading config file config.txt...
[2018-07-15 20:33:35.720] Loading config file game_options.txt...
[2018-07-15 20:33:35.722] Unknown setting in configuration: 'w##'
[2018-07-15 20:33:35.724] Failed to validate setting "DOUBLE_AGENTS 20" for min_pop
[2018-07-15 20:33:35.724] Failed to validate setting "DOUBLE_AGENTS -1" for max_pop
[2018-07-15 20:33:35.728] Loading config file dbconfig.txt...
[2018-07-15 20:33:35.728] Loading config file comms.txt...
[2018-07-15 20:33:35.732] Loading config file maps.txt...
[2018-07-15 20:33:35.933] Database connection established.
[2018-07-15 20:33:35.964] SQL: Could not get schema version from database
