

Starting up round ID 627. 19:06:04
---------------------
luigiboiby \ Kayla Moore \ Bartender \ brother \ ROUNDSTART
catmanpop \ Catitao \ Assistant \ NONE \ ROUNDSTART
ivan002 \ Atlas \ Clown \ traitor \ ROUNDSTART
sawhorse \ Goddard Goebbles \ Cargo Technician \ NONE \ ROUNDSTART
alfa5 \ Archaon \ Station Engineer \ NONE \ ROUNDSTART
re1taz \ Jack Gray \ Head of Security \ NONE \ ROUNDSTART
divorceddoge \ Buck Whal \ Virologist \ NONE \ ROUNDSTART
mrcheese1 \ Benny Tequilla \ Research Director \ NONE \ ROUNDSTART
shawntates \ Gregory Wright \ Station Engineer \ brother \ ROUNDSTART
kirumk10 \ Amari Carr \ Assistant \ NONE \ ROUNDSTART
Goodie_boy \ Dennis Ida \ Geneticist \ NONE \ LATEJOIN
Iagotodesco \ Jhonson Lutherfield \ Captain \ NONE \ LATEJOIN
MoonmanMoonman \ Earl Scruggs \ Assistant \ NONE \ LATEJOIN
Capietro \ John Mull \ Chief Engineer \ NONE \ LATEJOIN
Hugh Mann \ Haley Seelig \ Curator \ NONE \ LATEJOIN
Bigheffuh \ Jamaal Mcsweezy \ Head of Personnel \ NONE \ LATEJOIN
Maximkerkas123 \ Maxim Savin \ Warden \ NONE \ LATEJOIN
Ivan770612 \ PuTin Vodka \ Quartermaster \ NONE \ LATEJOIN
2cwldys \ Emmanuel N. Wittgenstein \ Chaplain \ NONE \ LATEJOIN
