

Starting up round ID 673. 18:31:11
---------------------
Initialized Database subsystem within 0 seconds!
Initialized Blackbox subsystem within 0 seconds!
Initialized Server Tasks subsystem within 0 seconds!
Initialized Input subsystem within 0 seconds!
Initialized Research subsystem within 0.1 seconds!
Initialized Events subsystem within 0 seconds!
Initialized Jobs subsystem within 0 seconds!
Initialized Traits subsystem within 0 seconds!
Initialized Ticker subsystem within 0 seconds!
Loading Box Station...
Loaded Station in 8.1s!
Loaded Lavaland in 6.3s!
Loaded Reebe in 6.5s!
Ruin loader finished with 0 left to spend.
Ruin loader finished with 0 left to spend.
Initialized Mapping subsystem within 29.8 seconds!
Initialized Networks subsystem within 0 seconds!
Initialized Atoms subsystem within 50.1 seconds!
Initialized Language subsystem within 0.1 seconds!
Initialized Machines subsystem within 0.3 seconds!
Initialized Circuit subsystem within 0.1 seconds!
Initialized Disease subsystem within 0 seconds!
Initialized Medals subsystem within 0 seconds!
Initialized Night Shift subsystem within 0 seconds!
Initialized Parallax subsystem within 0 seconds!
Initialized Traumas subsystem within 0.1 seconds!
Initialized Weather subsystem within 0 seconds!
## WARNING: There are 9 active turfs at roundstart, this is a mapping error caused by a difference of the air between the adjacent turfs. You can see its coordinates using "Mapping -> Show roundstart AT list" verb (debug verbs required)
## WARNING: HEY! LISTEN! 1 second were wasted processing 9 turf(s) (connected to 18222 other turfs) with atmos differences at round start.
## WARNING: build_pipeline(): /obj/machinery/atmospherics/pipe/simple/supply/hidden added to a pipenet while still having one. (pipes leading to the same spot stacking in one turf) Nearby: (108, 118, 2)
## WARNING: build_pipeline(): /obj/machinery/atmospherics/pipe/manifold/supply/hidden added to a pipenet while still having one. (pipes leading to the same spot stacking in one turf) Nearby: (106, 118, 2)
## WARNING: build_pipeline(): /obj/machinery/atmospherics/pipe/simple/supply/hidden added to a pipenet while still having one. (pipes leading to the same spot stacking in one turf) Nearby: (109, 118, 2)
## WARNING: build_pipeline(): /obj/machinery/atmospherics/pipe/simple/supply/hidden added to a pipenet while still having one. (pipes leading to the same spot stacking in one turf) Nearby: (107, 118, 2)
## WARNING: build_pipeline(): /obj/machinery/atmospherics/pipe/simple/supply/hidden added to a pipenet while still having one. (pipes leading to the same spot stacking in one turf) Nearby: (106, 119, 2)
## WARNING: build_pipeline(): /obj/machinery/atmospherics/pipe/simple/supply/hidden added to a pipenet while still having one. (pipes leading to the same spot stacking in one turf) Nearby: (106, 117, 2)
## WARNING: build_pipeline(): /obj/machinery/atmospherics/pipe/simple/supply/hidden added to a pipenet while still having one. (pipes leading to the same spot stacking in one turf) Nearby: (106, 120, 2)
## WARNING: build_pipeline(): /obj/machinery/atmospherics/pipe/simple/supply/hidden added to a pipenet while still having one. (pipes leading to the same spot stacking in one turf) Nearby: (106, 116, 2)
## WARNING: build_pipeline(): /obj/machinery/atmospherics/pipe/simple/supply/hidden added to a pipenet while still having one. (pipes leading to the same spot stacking in one turf) Nearby: (106, 121, 2)
## WARNING: build_pipeline(): /obj/machinery/atmospherics/pipe/simple/supply/hidden added to a pipenet while still having one. (pipes leading to the same spot stacking in one turf) Nearby: (106, 115, 2)
## WARNING: build_pipeline(): further messages about pipenets will be supressed
Initialized Atmospherics subsystem within 15.2 seconds!
Initialized Minimap subsystem within 0.3 seconds!
Initialized Assets subsystem within 0.9 seconds!
Initialized Icon Smoothing subsystem within 6.3 seconds!
Initialized Overlay subsystem within 26.3 seconds!
Initialized XKeyScore subsystem within 0 seconds!
Initialized Sticky Ban subsystem within 0 seconds!
Initialized Lighting subsystem within 20.3 seconds!
Initialized Shuttle subsystem within 26.2 seconds!
Initialized Squeak subsystem within 0.1 seconds!
Initialized pathfinder subsystem within 0 seconds!
Loaded 104 engraved messages on map Box Station
Initialized Persistence subsystem within 0.1 seconds!
Initializations complete within 176.4 seconds!
Game start took 29.3s
runtime error: 
[18:36:18]nothing to animate
[18:36:18]proc name: shake camera (/proc/shake_camera)
[18:36:18]  source file: mob_helpers.dm,270
[18:36:18]  usr: (src)
[18:36:18]  src: null
[18:36:18]  call stack:
[18:36:18]shake camera(Dennis Ida (/mob/living/carbon/human), 0.75, 1)
[18:36:18]Dennis Ida (/mob/living/carbon/human): afterShuttleMove(space (25,19,13) (/turf/open/space/transit/west), /list (/list), 8, 8, 8, 0)
[18:36:18]Dennis Ida (/mob/living/carbon/human): afterShuttleMove(space (25,19,13) (/turf/open/space/transit/west), /list (/list), 8, 8, 8, 0)
[18:36:18]the arrivals shuttle (/obj/docking_port/mobile/arrivals): cleanup runway(the arrivals (/obj/docking_port/stationary), /list (/list), /list (/list), /list (/list), /list (/list), 0, 8, Space (/area/space), /turf/open/space/transit/west (/turf/open/space/transit/west), /turf/open/space (/turf/open/space))
[18:36:18]the arrivals shuttle (/obj/docking_port/mobile/arrivals): initiate docking(the arrivals (/obj/docking_port/stationary), 8, 0)
[18:36:18]the arrivals shuttle (/obj/docking_port/mobile/arrivals): initiate docking(the arrivals (/obj/docking_port/stationary), 8)
[18:36:18]the arrivals shuttle (/obj/docking_port/mobile/arrivals): check()
[18:36:18]the arrivals shuttle (/obj/docking_port/mobile/arrivals): check()
[18:36:18]Shuttle (/datum/controller/subsystem/shuttle): fire(0)
[18:36:18]Shuttle (/datum/controller/subsystem/shuttle): ignite(0)
runtime error: 
[18:41:03]nothing to animate
[18:41:03]proc name: shake camera (/proc/shake_camera)
[18:41:03]  source file: mob_helpers.dm,270
[18:41:03]  usr: (src)
[18:41:03]  src: null
[18:41:03]  call stack:
[18:41:03]shake camera(Alex Riggle (/mob/living/carbon/human), 0.75, 1)
[18:41:03]Alex Riggle (/mob/living/carbon/human): afterShuttleMove(space (74,20,13) (/turf/open/space/transit/north), /list (/list), 8, 1, 1, 0)
[18:41:03]Alex Riggle (/mob/living/carbon/human): afterShuttleMove(space (74,20,13) (/turf/open/space/transit/north), /list (/list), 8, 1, 1, 0)
[18:41:03]the mining shuttle (/obj/docking_port/mobile): cleanup runway(the lavaland mine (/obj/docking_port/stationary), /list (/list), /list (/list), /list (/list), /list (/list), 0, 1, Space (/area/space), /turf/open/space/transit/north (/turf/open/space/transit/north), /turf/open/space (/turf/open/space))
[18:41:03]the mining shuttle (/obj/docking_port/mobile): initiate docking(the lavaland mine (/obj/docking_port/stationary), 1, 0)
[18:41:03]the mining shuttle (/obj/docking_port/mobile): check()
[18:41:03]Shuttle (/datum/controller/subsystem/shuttle): fire(0)
[18:41:03]Shuttle (/datum/controller/subsystem/shuttle): ignite(0)
runtime error: 
[18:48:53]nothing to animate
[18:48:53]proc name: shake camera (/proc/shake_camera)
[18:48:53]  source file: mob_helpers.dm,270
[18:48:53]  usr: (src)
[18:48:53]  src: null
[18:48:53]  call stack:
[18:48:53]shake camera(Vuk Farkas (/mob/living/carbon/human), 0.75, 1)
[18:48:53]Vuk Farkas (/mob/living/carbon/human): afterShuttleMove(space (23,20,13) (/turf/open/space/transit/west), /list (/list), 8, 8, 8, 0)
[18:48:53]Vuk Farkas (/mob/living/carbon/human): afterShuttleMove(space (23,20,13) (/turf/open/space/transit/west), /list (/list), 8, 8, 8, 0)
[18:48:53]the arrivals shuttle (/obj/docking_port/mobile/arrivals): cleanup runway(the arrivals (/obj/docking_port/stationary), /list (/list), /list (/list), /list (/list), /list (/list), 0, 8, Space (/area/space), /turf/open/space/transit/west (/turf/open/space/transit/west), /turf/open/space (/turf/open/space))
[18:48:53]the arrivals shuttle (/obj/docking_port/mobile/arrivals): initiate docking(the arrivals (/obj/docking_port/stationary), 8, 0)
[18:48:53]the arrivals shuttle (/obj/docking_port/mobile/arrivals): initiate docking(the arrivals (/obj/docking_port/stationary), 8)
[18:48:53]the arrivals shuttle (/obj/docking_port/mobile/arrivals): check()
[18:48:53]the arrivals shuttle (/obj/docking_port/mobile/arrivals): check()
[18:48:53]Shuttle (/datum/controller/subsystem/shuttle): fire(0)
[18:48:53]Shuttle (/datum/controller/subsystem/shuttle): ignite(0)
runtime error: 
[18:49:42]list index out of bounds
[18:49:42]proc name: tick (/datum/round_event/aurora_caelus/tick)
[18:49:42]  source file: aurora_caelus.dm,39
[18:49:42]  usr: null
[18:49:42]  src: /datum/round_event/aurora_cael... (/datum/round_event/aurora_caelus)
[18:49:42]  call stack:
[18:49:42]/datum/round_event/aurora_cael... (/datum/round_event/aurora_caelus): tick()
[18:49:42]/datum/round_event/aurora_cael... (/datum/round_event/aurora_caelus): process()
[18:49:42]Events (/datum/controller/subsystem/events): fire(0)
[18:49:42]Events (/datum/controller/subsystem/events): ignite(0)
[18:49:42]Master (/datum/controller/master): RunQueue()
[18:49:42]Master (/datum/controller/master): Loop()
[18:49:42]Master (/datum/controller/master): StartProcessing(0)
runtime error: 
[18:53:38]Cannot read null.loc
[18:53:38]proc name: update parallax (/datum/hud/proc/update_parallax)
[18:53:38]  source file: parallax.dm,170
[18:53:38]  usr: Christopher Odd (/mob/living/brain)
[18:53:38]  src: /datum/hud (/datum/hud)
[18:53:38]  usr.loc: Christopher Odd\'s brain (/obj/item/organ/brain)
[18:53:38]  call stack:
[18:53:38]/datum/hud (/datum/hud): update parallax()
[18:53:38]/datum/hud (/datum/hud): update parallax pref(Christopher Odd (/mob/living/brain))
[18:53:38]/datum/hud (/datum/hud): show hud(1, null)
[18:53:38]Christopher Odd (/mob/living/brain): Login()
[18:53:38]Christopher Odd (/mob/living/brain): Login()
[18:53:38]Christopher Odd (/datum/mind): transfer to(Christopher Odd (/mob/living/brain), 0)
[18:53:38]Christopher Odd\'s brain (/obj/item/organ/brain): transfer identity(Christopher Odd (/mob/living/carbon/human))
[18:53:38]Christopher Odd\'s brain (/obj/item/organ/brain): Remove(Christopher Odd (/mob/living/carbon/human), 0, 0)
[18:53:38]Christopher Odd\'s brain (/obj/item/organ/brain): transfer to limb(Christopher Odd\'s head (/obj/item/bodypart/head), Christopher Odd (/mob/living/carbon/human))
[18:53:38]Christopher Odd\'s head (/obj/item/bodypart/head): drop limb(null)
[18:53:38]Christopher Odd\'s head (/obj/item/bodypart/head): drop limb(null)
[18:53:38]Christopher Odd\'s head (/obj/item/bodypart/head): dismember("brute")
[18:53:38]Human (/datum/species/human): spec attacked by(the fire axe (Wielded) (/obj/item/twohanded/fireaxe), Bonker (/mob/living/carbon/human), Christopher Odd\'s head (/obj/item/bodypart/head), "disarm", Christopher Odd (/mob/living/carbon/human))
[18:53:38]Christopher Odd (/mob/living/carbon/human): attacked by(the fire axe (Wielded) (/obj/item/twohanded/fireaxe), Bonker (/mob/living/carbon/human))
[18:53:38]the fire axe (Wielded) (/obj/item/twohanded/fireaxe): attack(Christopher Odd (/mob/living/carbon/human), Bonker (/mob/living/carbon/human))
[18:53:38]Christopher Odd (/mob/living/carbon/human): attackby(the fire axe (Wielded) (/obj/item/twohanded/fireaxe), Bonker (/mob/living/carbon/human), "icon-x=16;icon-y=15;left=1;scr...")
[18:53:38]Christopher Odd (/mob/living/carbon/human): attackby(the fire axe (Wielded) (/obj/item/twohanded/fireaxe), Bonker (/mob/living/carbon/human), "icon-x=16;icon-y=15;left=1;scr...")
[18:53:38]the fire axe (Wielded) (/obj/item/twohanded/fireaxe): melee attack chain(Bonker (/mob/living/carbon/human), Christopher Odd (/mob/living/carbon/human), "icon-x=16;icon-y=15;left=1;scr...")
[18:53:38]Bonker (/mob/living/carbon/human): ClickOn(Christopher Odd (/mob/living/carbon/human), "icon-x=16;icon-y=15;left=1;scr...")
[18:53:38]Christopher Odd (/mob/living/carbon/human): Click(the floor (106,115,2) (/turf/open/floor/plasteel), "mapwindow.map", "icon-x=16;icon-y=15;left=1;scr...")
runtime error: 
[18:57:42]nothing to animate
[18:57:42]proc name: shake camera (/proc/shake_camera)
[18:57:42]  source file: mob_helpers.dm,270
[18:57:42]  usr: (src)
[18:57:42]  src: null
[18:57:42]  call stack:
[18:57:42]shake camera(Alex Riggle (/mob/living/carbon/human), 0.75, 1)
[18:57:42]Alex Riggle (/mob/living/carbon/human): afterShuttleMove(space (50,20,13) (/turf/open/space/transit/north), /list (/list), 8, 1, 1, 0)
[18:57:42]Alex Riggle (/mob/living/carbon/human): afterShuttleMove(space (50,20,13) (/turf/open/space/transit/north), /list (/list), 8, 1, 1, 0)
[18:57:42]the mining shuttle (/obj/docking_port/mobile): cleanup runway(the mining shuttle bay (/obj/docking_port/stationary), /list (/list), /list (/list), /list (/list), /list (/list), 0, 1, Space (/area/space), /turf/open/space/transit/north (/turf/open/space/transit/north), /turf/open/space (/turf/open/space))
[18:57:42]the mining shuttle (/obj/docking_port/mobile): initiate docking(the mining shuttle bay (/obj/docking_port/stationary), 1, 0)
[18:57:42]the mining shuttle (/obj/docking_port/mobile): check()
[18:57:42]Shuttle (/datum/controller/subsystem/shuttle): fire(0)
[18:57:42]Shuttle (/datum/controller/subsystem/shuttle): ignite(0)
runtime error: 
[19:00:05]Cannot read null.loc
[19:00:05]proc name: update parallax (/datum/hud/proc/update_parallax)
[19:00:05]  source file: parallax.dm,170
[19:00:05]  usr: A.E.G.I.S (/mob/dead/observer)
[19:00:05]  src: /datum/hud/ghost (/datum/hud/ghost)
[19:00:05]  usr.loc: the floor (150,32,2) (/turf/open/floor/circuit)
[19:00:05]  call stack:
[19:00:05]/datum/hud/ghost (/datum/hud/ghost): update parallax()
[19:00:05]/datum/hud/ghost (/datum/hud/ghost): update parallax pref(A.E.G.I.S (/mob/dead/observer))
[19:00:05]/datum/hud/ghost (/datum/hud/ghost): show hud(1, null)
[19:00:05]/datum/hud/ghost (/datum/hud/ghost): show hud(1, null)
[19:00:05]A.E.G.I.S (/mob/dead/observer): Login()
[19:00:05]A.E.G.I.S (/mob/dead/observer): Login()
[19:00:05]A.E.G.I.S (/mob/living/silicon/ai): ghostize(1)
[19:00:05]A.E.G.I.S (/mob/living/silicon/ai): ghostize(1)
[19:00:05]A.E.G.I.S (/mob/living/silicon/ai): Destroy(0)
[19:00:05]A.E.G.I.S (/mob/living/silicon/ai): Destroy(0)
[19:00:05]A.E.G.I.S (/mob/living/silicon/ai): Destroy(0)
[19:00:05]A.E.G.I.S (/mob/living/silicon/ai): Destroy(0)
[19:00:05]A.E.G.I.S (/mob/living/silicon/ai): Destroy(0)
[19:00:05]qdel(A.E.G.I.S (/mob/living/silicon/ai), 0)
[19:00:05]ShawnTates (/client): admin delete(A.E.G.I.S (/mob/living/silicon/ai))
[19:00:05]ShawnTates (/client): Delete(A.E.G.I.S (/mob/living/silicon/ai))
runtime error: 
[19:00:36]Cannot execute null.archive().
[19:00:36]proc name: archive (/turf/open/archive)
[19:00:36]  source file: LINDA_turf_tile.dm,91
[19:00:36]  usr: null
[19:00:36]  src: the plating (120,138,1) (/turf/open/floor/plating/airless)
[19:00:36]  call stack:
[19:00:36]the plating (120,138,1) (/turf/open/floor/plating/airless): archive()
[19:00:36]space (121,138,1) (/turf/open/space): process cell(2668)
[19:00:36]Atmospherics (/datum/controller/subsystem/air): process active turfs(0)
[19:00:36]Atmospherics (/datum/controller/subsystem/air): fire(0)
[19:00:36]Atmospherics (/datum/controller/subsystem/air): ignite(1)
[19:00:36]Master (/datum/controller/master): RunQueue()
[19:00:36]Master (/datum/controller/master): Loop()
[19:00:36]Master (/datum/controller/master): StartProcessing(0)
runtime error: 
[19:00:36]Cannot read null.gases
[19:00:36]proc name: compare (/datum/gas_mixture/compare)
[19:00:36]  source file: gas_mixture.dm,387
[19:00:36]  usr: null
[19:00:36]  src: /datum/gas_mixture/immutable/s... (/datum/gas_mixture/immutable/space)
[19:00:36]  call stack:
[19:00:36]/datum/gas_mixture/immutable/s... (/datum/gas_mixture/immutable/space): compare(null)
[19:00:36]space (121,138,1) (/turf/open/space): process cell(2668)
[19:00:36]Atmospherics (/datum/controller/subsystem/air): process active turfs(0)
[19:00:36]Atmospherics (/datum/controller/subsystem/air): fire(0)
[19:00:36]Atmospherics (/datum/controller/subsystem/air): ignite(1)
[19:00:36]Master (/datum/controller/master): RunQueue()
[19:00:36]Master (/datum/controller/master): Loop()
[19:00:36]Master (/datum/controller/master): StartProcessing(0)
runtime error: 
[19:00:36]Cannot execute null.archive().
[19:00:36]proc name: archive (/turf/open/archive)
[19:00:36]  source file: LINDA_turf_tile.dm,91
[19:00:36]  usr: null
[19:00:36]  src: the plating (120,139,1) (/turf/open/floor/plating)
[19:00:36]  call stack:
[19:00:36]the plating (120,139,1) (/turf/open/floor/plating): archive()
[19:00:36]space (121,139,1) (/turf/open/space): process cell(2668)
[19:00:36]Atmospherics (/datum/controller/subsystem/air): process active turfs(0)
[19:00:36]Atmospherics (/datum/controller/subsystem/air): fire(0)
[19:00:36]Atmospherics (/datum/controller/subsystem/air): ignite(1)
[19:00:36]Master (/datum/controller/master): RunQueue()
[19:00:36]Master (/datum/controller/master): Loop()
[19:00:36]Master (/datum/controller/master): StartProcessing(0)
runtime error: 
[19:00:36]Cannot read null.gases
[19:00:36]proc name: compare (/datum/gas_mixture/compare)
[19:00:36]  source file: gas_mixture.dm,387
[19:00:36]  usr: null
[19:00:36]  src: /datum/gas_mixture/immutable/s... (/datum/gas_mixture/immutable/space)
[19:00:36]  call stack:
[19:00:36]/datum/gas_mixture/immutable/s... (/datum/gas_mixture/immutable/space): compare(null)
[19:00:36]space (121,139,1) (/turf/open/space): process cell(2668)
[19:00:36]Atmospherics (/datum/controller/subsystem/air): process active turfs(0)
[19:00:36]Atmospherics (/datum/controller/subsystem/air): fire(0)
[19:00:36]Atmospherics (/datum/controller/subsystem/air): ignite(1)
[19:00:36]Master (/datum/controller/master): RunQueue()
[19:00:36]Master (/datum/controller/master): Loop()
[19:00:36]Master (/datum/controller/master): StartProcessing(0)
runtime error: 
[19:00:36]Cannot execute null.archive().
[19:00:36]proc name: archive (/turf/open/archive)
[19:00:36]  source file: LINDA_turf_tile.dm,91
[19:00:36]  usr: null
[19:00:36]  src: the plating (120,140,1) (/turf/open/floor/plating)
[19:00:36]  call stack:
[19:00:36]the plating (120,140,1) (/turf/open/floor/plating): archive()
[19:00:36]space (121,140,1) (/turf/open/space): process cell(2668)
[19:00:36]Atmospherics (/datum/controller/subsystem/air): process active turfs(0)
[19:00:36]Atmospherics (/datum/controller/subsystem/air): fire(0)
[19:00:36]Atmospherics (/datum/controller/subsystem/air): ignite(1)
[19:00:36]Master (/datum/controller/master): RunQueue()
[19:00:36]Master (/datum/controller/master): Loop()
[19:00:36]Master (/datum/controller/master): StartProcessing(0)
runtime error: 
[19:00:36]Cannot read null.gases
[19:00:36]proc name: compare (/datum/gas_mixture/compare)
[19:00:36]  source file: gas_mixture.dm,387
[19:00:36]  usr: null
[19:00:36]  src: /datum/gas_mixture/immutable/s... (/datum/gas_mixture/immutable/space)
[19:00:36]  call stack:
[19:00:36]/datum/gas_mixture/immutable/s... (/datum/gas_mixture/immutable/space): compare(null)
[19:00:36]space (121,140,1) (/turf/open/space): process cell(2668)
[19:00:36]Atmospherics (/datum/controller/subsystem/air): process active turfs(0)
[19:00:36]Atmospherics (/datum/controller/subsystem/air): fire(0)
[19:00:36]Atmospherics (/datum/controller/subsystem/air): ignite(1)
[19:00:36]Master (/datum/controller/master): RunQueue()
[19:00:36]Master (/datum/controller/master): Loop()
[19:00:36]Master (/datum/controller/master): StartProcessing(0)
runtime error: 
[19:00:36]Cannot execute null.archive().
[19:00:36]proc name: archive (/turf/open/archive)
[19:00:36]  source file: LINDA_turf_tile.dm,91
[19:00:36]  usr: null
[19:00:36]  src: the plating (120,141,1) (/turf/open/floor/plating)
[19:00:36]  call stack:
[19:00:36]the plating (120,141,1) (/turf/open/floor/plating): archive()
[19:00:36]space (121,141,1) (/turf/open/space): process cell(2668)
[19:00:36]Atmospherics (/datum/controller/subsystem/air): process active turfs(0)
[19:00:36]Atmospherics (/datum/controller/subsystem/air): fire(0)
[19:00:36]Atmospherics (/datum/controller/subsystem/air): ignite(1)
[19:00:36]Master (/datum/controller/master): RunQueue()
[19:00:36]Master (/datum/controller/master): Loop()
[19:00:36]Master (/datum/controller/master): StartProcessing(0)
runtime error: 
[19:00:36]Cannot read null.gases
[19:00:36]proc name: compare (/datum/gas_mixture/compare)
[19:00:36]  source file: gas_mixture.dm,387
[19:00:36]  usr: null
[19:00:36]  src: /datum/gas_mixture/immutable/s... (/datum/gas_mixture/immutable/space)
[19:00:36]  call stack:
[19:00:36]/datum/gas_mixture/immutable/s... (/datum/gas_mixture/immutable/space): compare(null)
[19:00:36]space (121,141,1) (/turf/open/space): process cell(2668)
[19:00:36]Atmospherics (/datum/controller/subsystem/air): process active turfs(0)
[19:00:36]Atmospherics (/datum/controller/subsystem/air): fire(0)
[19:00:36]Atmospherics (/datum/controller/subsystem/air): ignite(1)
[19:00:36]Master (/datum/controller/master): RunQueue()
[19:00:36]Master (/datum/controller/master): Loop()
[19:00:36]Master (/datum/controller/master): StartProcessing(0)
runtime error: 
[19:00:36]undefined variable /turf/closed/wall/var/air
[19:00:36]proc name: process cell (/turf/open/process_cell)
[19:00:36]  source file: LINDA_turf_tile.dm,184
[19:00:36]  usr: null
[19:00:36]  src: space (121,142,1) (/turf/open/space)
[19:00:36]  call stack:
[19:00:36]space (121,142,1) (/turf/open/space): process cell(2668)
[19:00:36]Atmospherics (/datum/controller/subsystem/air): process active turfs(0)
[19:00:36]Atmospherics (/datum/controller/subsystem/air): fire(0)
[19:00:36]Atmospherics (/datum/controller/subsystem/air): ignite(1)
[19:00:36]Master (/datum/controller/master): RunQueue()
[19:00:36]Master (/datum/controller/master): Loop()
[19:00:36]Master (/datum/controller/master): StartProcessing(0)
runtime error: 
[19:00:36]Cannot execute null.archive().
[19:00:36]proc name: archive (/turf/open/archive)
[19:00:36]  source file: LINDA_turf_tile.dm,91
[19:00:36]  usr: null
[19:00:36]  src: the shuttle floor (120,143,1) (/turf/open/floor/mineral/plastitanium)
[19:00:36]  call stack:
[19:00:36]the shuttle floor (120,143,1) (/turf/open/floor/mineral/plastitanium): archive()
[19:00:36]space (121,143,1) (/turf/open/space): process cell(2668)
[19:00:36]Atmospherics (/datum/controller/subsystem/air): process active turfs(0)
[19:00:36]Atmospherics (/datum/controller/subsystem/air): fire(0)
[19:00:36]Atmospherics (/datum/controller/subsystem/air): ignite(1)
[19:00:36]Master (/datum/controller/master): RunQueue()
[19:00:36]Master (/datum/controller/master): Loop()
[19:00:36]Master (/datum/controller/master): StartProcessing(0)
runtime error: 
[19:00:36]Cannot read null.gases
[19:00:36]proc name: compare (/datum/gas_mixture/compare)
[19:00:36]  source file: gas_mixture.dm,387
[19:00:36]  usr: null
[19:00:36]  src: /datum/gas_mixture/immutable/s... (/datum/gas_mixture/immutable/space)
[19:00:36]  call stack:
[19:00:36]/datum/gas_mixture/immutable/s... (/datum/gas_mixture/immutable/space): compare(null)
[19:00:36]space (121,143,1) (/turf/open/space): process cell(2668)
[19:00:36]Atmospherics (/datum/controller/subsystem/air): process active turfs(0)
[19:00:36]Atmospherics (/datum/controller/subsystem/air): fire(0)
[19:00:36]Atmospherics (/datum/controller/subsystem/air): ignite(1)
[19:00:36]Master (/datum/controller/master): RunQueue()
[19:00:36]Master (/datum/controller/master): Loop()
[19:00:36]Master (/datum/controller/master): StartProcessing(0)
runtime error: 
[19:00:36]Cannot execute null.archive().
[19:00:36]proc name: archive (/turf/open/archive)
[19:00:36]  source file: LINDA_turf_tile.dm,91
[19:00:36]  usr: null
[19:00:36]  src: the shuttle floor (120,144,1) (/turf/open/floor/mineral/plastitanium)
[19:00:36]  call stack:
[19:00:36]the shuttle floor (120,144,1) (/turf/open/floor/mineral/plastitanium): archive()
[19:00:36]space (121,144,1) (/turf/open/space): process cell(2668)
[19:00:36]Atmospherics (/datum/controller/subsystem/air): process active turfs(0)
[19:00:36]Atmospherics (/datum/controller/subsystem/air): fire(0)
[19:00:36]Atmospherics (/datum/controller/subsystem/air): ignite(1)
[19:00:36]Master (/datum/controller/master): RunQueue()
[19:00:36]Master (/datum/controller/master): Loop()
[19:00:36]Master (/datum/controller/master): StartProcessing(0)
runtime error: 
[19:00:36]Cannot read null.gases
[19:00:36]proc name: compare (/datum/gas_mixture/compare)
[19:00:36]  source file: gas_mixture.dm,387
runtime error: 
[19:00:36]Cannot execute null.archive().
[19:00:36]proc name: archive (/turf/open/archive)
[19:00:36]  source file: LINDA_turf_tile.dm,91
runtime error: 
[19:00:36]Cannot read null.gases
[19:00:36]proc name: compare (/datum/gas_mixture/compare)
[19:00:36]  source file: gas_mixture.dm,387
runtime error: 
[19:00:36]Cannot execute null.archive().
[19:00:36]proc name: archive (/turf/open/archive)
[19:00:36]  source file: LINDA_turf_tile.dm,91
runtime error: 
[19:00:36]Cannot read null.gases
[19:00:36]proc name: compare (/datum/gas_mixture/compare)
[19:00:36]  source file: gas_mixture.dm,387
runtime error: 
[19:00:36]Cannot execute null.archive().
[19:00:36]proc name: archive (/turf/open/archive)
[19:00:36]  source file: LINDA_turf_tile.dm,91
runtime error: 
[19:00:36]Cannot read null.gases
[19:00:36]proc name: compare (/datum/gas_mixture/compare)
[19:00:36]  source file: gas_mixture.dm,387
runtime error: 
[19:00:36]Cannot execute null.archive().
[19:00:36]proc name: archive (/turf/open/archive)
[19:00:36]  source file: LINDA_turf_tile.dm,91
runtime error: 
[19:00:36]Cannot read null.gases
[19:00:36]proc name: compare (/datum/gas_mixture/compare)
[19:00:36]  source file: gas_mixture.dm,387
runtime error: 
[19:00:36]Cannot execute null.archive().
[19:00:36]proc name: archive (/turf/open/archive)
[19:00:36]  source file: LINDA_turf_tile.dm,91
runtime error: 
[19:00:36]Cannot read null.gases
[19:00:36]proc name: compare (/datum/gas_mixture/compare)
[19:00:36]  source file: gas_mixture.dm,387
runtime error: 
[19:00:36]Cannot execute null.archive().
[19:00:36]proc name: archive (/turf/open/archive)
[19:00:36]  source file: LINDA_turf_tile.dm,91
runtime error: 
[19:00:36]Cannot read null.gases
[19:00:36]proc name: compare (/datum/gas_mixture/compare)
[19:00:36]  source file: gas_mixture.dm,387
runtime error: 
[19:00:36]Cannot execute null.archive().
[19:00:36]proc name: archive (/turf/open/archive)
[19:00:36]  source file: LINDA_turf_tile.dm,91
runtime error: 
[19:00:37]Cannot read null.gases
[19:00:37]proc name: compare (/datum/gas_mixture/compare)
[19:00:37]  source file: gas_mixture.dm,387
runtime error: 
[19:00:37]Cannot execute null.archive().
[19:00:37]proc name: archive (/turf/open/archive)
[19:00:37]  source file: LINDA_turf_tile.dm,91
runtime error: 
[19:00:37]Cannot read null.gases
[19:00:37]proc name: compare (/datum/gas_mixture/compare)
[19:00:37]  source file: gas_mixture.dm,387
runtime error: 
[19:00:37]Cannot execute null.archive().
[19:00:37]proc name: archive (/turf/open/archive)
[19:00:37]  source file: LINDA_turf_tile.dm,91
runtime error: 
[19:00:37]Cannot read null.gases
[19:00:37]proc name: compare (/datum/gas_mixture/compare)
[19:00:37]  source file: gas_mixture.dm,387
runtime error: 
[19:00:37]Cannot execute null.archive().
[19:00:37]proc name: archive (/turf/open/archive)
[19:00:37]  source file: LINDA_turf_tile.dm,91
runtime error: 
[19:00:37]Cannot read null.gases
[19:00:37]proc name: compare (/datum/gas_mixture/compare)
[19:00:37]  source file: gas_mixture.dm,387
runtime error: 
[19:00:37]Cannot execute null.archive().
[19:00:37]proc name: archive (/turf/open/archive)
[19:00:37]  source file: LINDA_turf_tile.dm,91
runtime error: 
[19:00:37]Cannot read null.gases
[19:00:37]proc name: compare (/datum/gas_mixture/compare)
[19:00:37]  source file: gas_mixture.dm,387
runtime error: 
[19:00:37]Cannot execute null.archive().
[19:00:37]proc name: archive (/turf/open/archive)
[19:00:37]  source file: LINDA_turf_tile.dm,91
runtime error: 
[19:00:37]Cannot read null.gases
[19:00:37]proc name: compare (/datum/gas_mixture/compare)
[19:00:37]  source file: gas_mixture.dm,387
runtime error: 
[19:00:37]Cannot execute null.archive().
[19:00:37]proc name: archive (/turf/open/archive)
[19:00:37]  source file: LINDA_turf_tile.dm,91
runtime error: 
[19:00:37]Cannot read null.gases
[19:00:37]proc name: compare (/datum/gas_mixture/compare)
[19:00:37]  source file: gas_mixture.dm,387
runtime error: 
[19:00:37]Cannot execute null.archive().
[19:00:37]proc name: archive (/turf/open/archive)
[19:00:37]  source file: LINDA_turf_tile.dm,91
runtime error: 
[19:00:37]Cannot read null.gases
[19:00:37]proc name: compare (/datum/gas_mixture/compare)
[19:00:37]  source file: gas_mixture.dm,387
runtime error: 
[19:00:37]Cannot execute null.archive().
[19:00:37]proc name: archive (/turf/open/archive)
[19:00:37]  source file: LINDA_turf_tile.dm,91
runtime error: 
[19:00:37]Cannot read null.gases
[19:00:37]proc name: compare (/datum/gas_mixture/compare)
[19:00:37]  source file: gas_mixture.dm,387
runtime error: 
[19:00:37]Cannot execute null.archive().
[19:00:37]proc name: archive (/turf/open/archive)
[19:00:37]  source file: LINDA_turf_tile.dm,91
runtime error: 
[19:00:37]Cannot read null.gases
[19:00:37]proc name: compare (/datum/gas_mixture/compare)
[19:00:37]  source file: gas_mixture.dm,387
runtime error: 
[19:00:37]Cannot execute null.archive().
[19:00:37]proc name: archive (/turf/open/archive)
[19:00:37]  source file: LINDA_turf_tile.dm,91
runtime error: 
[19:00:37]Cannot read null.gases
[19:00:37]proc name: compare (/datum/gas_mixture/compare)
[19:00:37]  source file: gas_mixture.dm,387
runtime error: 
[19:00:37]Cannot execute null.archive().
[19:00:37]proc name: archive (/turf/open/archive)
[19:00:37]  source file: LINDA_turf_tile.dm,91
runtime error: 
[19:00:37]Cannot read null.gases
[19:00:37]proc name: compare (/datum/gas_mixture/compare)
[19:00:37]  source file: gas_mixture.dm,387
runtime error: 
[19:00:37]Cannot execute null.archive().
[19:00:37]proc name: archive (/turf/open/archive)
[19:00:37]  source file: LINDA_turf_tile.dm,91
runtime error: 
[19:00:37]Cannot read null.gases
[19:00:37]proc name: compare (/datum/gas_mixture/compare)
[19:00:37]  source file: gas_mixture.dm,387
runtime error: 
[19:00:37]Cannot execute null.archive().
[19:00:37]proc name: archive (/turf/open/archive)
[19:00:37]  source file: LINDA_turf_tile.dm,91
runtime error: 
[19:00:37]Cannot read null.gases
[19:00:37]proc name: compare (/datum/gas_mixture/compare)
[19:00:37]  source file: gas_mixture.dm,387
runtime error: 
[19:00:37]undefined variable /turf/closed/wall/var/air
[19:00:37]proc name: process cell (/turf/open/process_cell)
[19:00:37]  source file: LINDA_turf_tile.dm,184
runtime error: 
[19:00:37]undefined variable /turf/closed/wall/rust/var/air
[19:00:37]proc name: process cell (/turf/open/process_cell)
[19:00:37]  source file: LINDA_turf_tile.dm,184
runtime error: 
[19:00:37]undefined variable /turf/closed/wall/var/air
[19:00:37]proc name: process cell (/turf/open/process_cell)
[19:00:37]  source file: LINDA_turf_tile.dm,184
runtime error: 
[19:00:37]undefined variable /turf/closed/wall/rust/var/air
[19:00:37]proc name: process cell (/turf/open/process_cell)
[19:00:37]  source file: LINDA_turf_tile.dm,184
runtime error: 
[19:00:37]undefined variable /turf/closed/wall/rust/var/air
[19:00:37]proc name: process cell (/turf/open/process_cell)
[19:00:37]  source file: LINDA_turf_tile.dm,184
runtime error: 
[19:00:37]undefined variable /turf/closed/wall/rust/var/air
[19:00:37]proc name: process cell (/turf/open/process_cell)
[19:00:37]  source file: LINDA_turf_tile.dm,184
runtime error: 
[19:00:37]undefined variable /turf/closed/wall/var/air
[19:00:37]proc name: process cell (/turf/open/process_cell)
[19:00:37]  source file: LINDA_turf_tile.dm,184
runtime error: 
[19:00:37]undefined variable /turf/closed/wall/rust/var/air
[19:00:37]proc name: process cell (/turf/open/process_cell)
[19:00:37]  source file: LINDA_turf_tile.dm,184
runtime error: 
[19:00:37]undefined variable /turf/closed/wall/var/air
[19:00:37]proc name: process cell (/turf/open/process_cell)
[19:00:37]  source file: LINDA_turf_tile.dm,184
runtime error: 
[19:00:37]undefined variable /turf/closed/wall/rust/var/air
[19:00:37]proc name: process cell (/turf/open/process_cell)
[19:00:37]  source file: LINDA_turf_tile.dm,184
runtime error: 
[19:00:37]undefined variable /turf/closed/wall/var/air
[19:00:37]proc name: process cell (/turf/open/process_cell)
[19:00:37]  source file: LINDA_turf_tile.dm,184
runtime error: 
[19:00:37]Cannot execute null.archive().
[19:00:37]proc name: archive (/turf/open/archive)
[19:00:37]  source file: LINDA_turf_tile.dm,91
runtime error: 
[19:00:37]Cannot read null.gases
[19:00:37]proc name: compare (/datum/gas_mixture/compare)
[19:00:37]  source file: gas_mixture.dm,387
runtime error: 
[19:00:37]undefined variable /turf/closed/wall/rust/var/air
[19:00:37]proc name: process cell (/turf/open/process_cell)
[19:00:37]  source file: LINDA_turf_tile.dm,184
runtime error: 
[19:00:37]Cannot execute null.archive().
[19:00:37]proc name: archive (/turf/open/archive)
[19:00:37]  source file: LINDA_turf_tile.dm,91
runtime error: 
[19:00:37]Cannot read null.gases
[19:00:37]proc name: compare (/datum/gas_mixture/compare)
[19:00:37]  source file: gas_mixture.dm,387
runtime error: 
[19:00:37]undefined variable /turf/closed/wall/rust/var/air
[19:00:37]proc name: process cell (/turf/open/process_cell)
[19:00:37]  source file: LINDA_turf_tile.dm,184
runtime error: 
[19:00:37]undefined variable /turf/closed/wall/var/air
[19:00:37]proc name: process cell (/turf/open/process_cell)
[19:00:37]  source file: LINDA_turf_tile.dm,184
runtime error: 
[19:00:37]undefined variable /turf/closed/wall/rust/var/air
[19:00:37]proc name: process cell (/turf/open/process_cell)
[19:00:37]  source file: LINDA_turf_tile.dm,184
runtime error: 
[19:00:37]undefined variable /turf/closed/wall/rust/var/air
[19:00:37]proc name: process cell (/turf/open/process_cell)
[19:00:37]  source file: LINDA_turf_tile.dm,184
runtime error: 
[19:00:37]undefined variable /turf/closed/wall/rust/var/air
[19:00:37]proc name: process cell (/turf/open/process_cell)
[19:00:37]  source file: LINDA_turf_tile.dm,184
runtime error: 
[19:00:37]Cannot execute null.archive().
[19:00:37]proc name: archive (/turf/open/archive)
[19:00:37]  source file: LINDA_turf_tile.dm,91
runtime error: 
[19:00:37]Cannot read null.gases
[19:00:37]proc name: compare (/datum/gas_mixture/compare)
[19:00:37]  source file: gas_mixture.dm,387
runtime error: 
[19:00:37]Cannot execute null.archive().
[19:00:37]proc name: archive (/turf/open/archive)
[19:00:37]  source file: LINDA_turf_tile.dm,91
runtime error: 
[19:00:37]Cannot read null.gases
[19:00:37]proc name: compare (/datum/gas_mixture/compare)
[19:00:37]  source file: gas_mixture.dm,387
runtime error: 
[19:00:37]Cannot execute null.archive().
[19:00:37]proc name: archive (/turf/open/archive)
[19:00:37]  source file: LINDA_turf_tile.dm,91
runtime error: 
[19:00:37]Cannot read null.gases
[19:00:37]proc name: compare (/datum/gas_mixture/compare)
[19:00:37]  source file: gas_mixture.dm,387
runtime error: 
[19:00:37]Cannot execute null.archive().
[19:00:37]proc name: archive (/turf/open/archive)
[19:00:37]  source file: LINDA_turf_tile.dm,91
runtime error: 
[19:00:37]Cannot read null.gases
[19:00:37]proc name: compare (/datum/gas_mixture/compare)
[19:00:37]  source file: gas_mixture.dm,387
runtime error: 
[19:00:37]Cannot execute null.archive().
[19:00:37]proc name: archive (/turf/open/archive)
[19:00:37]  source file: LINDA_turf_tile.dm,91
runtime error: 
[19:00:37]Cannot read null.gases
[19:00:37]proc name: compare (/datum/gas_mixture/compare)
[19:00:37]  source file: gas_mixture.dm,387
runtime error: 
[19:00:37]Cannot execute null.archive().
[19:00:37]proc name: archive (/turf/open/archive)
[19:00:37]  source file: LINDA_turf_tile.dm,91
runtime error: 
[19:00:37]Cannot read null.gases
[19:00:37]proc name: compare (/datum/gas_mixture/compare)
[19:00:37]  source file: gas_mixture.dm,387
runtime error: 
[19:00:37]Cannot execute null.archive().
[19:00:37]proc name: archive (/turf/open/archive)
[19:00:37]  source file: LINDA_turf_tile.dm,91
runtime error: 
[19:00:37]Cannot read null.gases
[19:00:37]proc name: compare (/datum/gas_mixture/compare)
[19:00:37]  source file: gas_mixture.dm,387
runtime error: 
[19:00:37]Cannot execute null.archive().
[19:00:37]proc name: archive (/turf/open/archive)
[19:00:37]  source file: LINDA_turf_tile.dm,91
runtime error: 
[19:00:37]Cannot read null.gases
[19:00:37]proc name: compare (/datum/gas_mixture/compare)
[19:00:37]  source file: gas_mixture.dm,387
runtime error: 
[19:00:37]Cannot execute null.archive().
[19:00:37]proc name: archive (/turf/open/archive)
[19:00:37]  source file: LINDA_turf_tile.dm,91
runtime error: 
[19:00:37]Cannot read null.gases
[19:00:37]proc name: compare (/datum/gas_mixture/compare)
[19:00:37]  source file: gas_mixture.dm,387
runtime error: 
[19:00:37]Cannot execute null.archive().
[19:00:37]Warning: further proc crash messages are being suppressed to prevent overload...
runtime error: 
[19:00:37]Cannot read null.gases
runtime error: 
[19:00:37]Cannot execute null.archive().
runtime error: 
[19:00:37]Cannot read null.gases
runtime error: 
[19:00:37]Cannot execute null.archive().
runtime error: 
[19:00:37]Cannot read null.gases
runtime error: 
[19:00:37]Cannot execute null.archive().
runtime error: 
[19:00:37]Cannot read null.gases
runtime error: 
[19:00:37]Cannot execute null.archive().
runtime error: 
[19:00:37]Cannot read null.gases
runtime error: 
[19:00:37]undefined variable /turf/closed/wall/var/air
runtime error: 
[19:00:37]undefined variable /turf/closed/wall/var/air
runtime error: 
[19:00:37]undefined variable /turf/closed/wall/var/air
runtime error: 
[19:00:37]undefined variable /turf/closed/wall/rust/var/air
runtime error: 
[19:00:37]Cannot execute null.archive().
runtime error: 
[19:00:37]Cannot read null.gases
runtime error: 
[19:00:37]undefined variable /turf/closed/wall/rust/var/air
runtime error: 
[19:00:37]undefined variable /turf/closed/wall/rust/var/air
runtime error: 
[19:00:37]Cannot execute null.archive().
runtime error: 
[19:00:37]Cannot read null.gases
runtime error: 
[19:00:37]Cannot execute null.archive().
runtime error: 
[19:00:37]Cannot read null.gases
runtime error: 
[19:00:37]Cannot execute null.archive().
runtime error: 
[19:00:37]Cannot read null.gases
runtime error: 
[19:00:37]Cannot execute null.archive().
runtime error: 
[19:00:37]Cannot read null.gases
runtime error: 
[19:00:37]Cannot execute null.archive().
runtime error: 
[19:00:37]Cannot read null.gases
runtime error: 
[19:00:37]Cannot execute null.archive().
runtime error: 
[19:00:37]Cannot read null.gases
runtime error: 
[19:00:37]Cannot execute null.archive().
runtime error: 
[19:00:37]Cannot read null.gases
runtime error: 
[19:00:37]Cannot execute null.archive().
runtime error: 
[19:00:37]Cannot read null.gases
runtime error: 
[19:00:37]undefined variable /turf/closed/wall/rust/var/air
runtime error: 
[19:00:37]undefined variable /turf/closed/wall/var/air
runtime error: 
[19:00:37]undefined variable /turf/closed/wall/rust/var/air
runtime error: 
[19:00:37]undefined variable /turf/closed/wall/var/air
runtime error: 
[19:00:37]undefined variable /turf/closed/wall/rust/var/air
runtime error: 
[19:00:37]undefined variable /turf/closed/wall/rust/var/air
runtime error: 
[19:00:40]undefined variable /turf/closed/wall/var/air
runtime error: 
[19:00:40]undefined variable /turf/closed/wall/rust/var/air
runtime error: 
[19:02:57]addtimer called with a callback assigned to a qdeleted object
runtime error: 
[19:02:57]addtimer called with a callback assigned to a qdeleted object
runtime error: 
[19:02:57]addtimer called with a callback assigned to a qdeleted object
runtime error: 
[19:02:58]addtimer called with a callback assigned to a qdeleted object
runtime error: 
[19:02:58]addtimer called with a callback assigned to a qdeleted object
runtime error: 
[19:04:45]list index out of bounds
runtime error: 
[19:04:45]list index out of bounds
runtime error: 
[19:04:45]list index out of bounds
runtime error: 
[19:04:45]list index out of bounds
runtime error: 
[19:04:45]list index out of bounds
runtime error: 
[19:04:45]list index out of bounds
runtime error: 
[19:04:45]list index out of bounds
runtime error: 
[19:04:45]list index out of bounds
runtime error: 
[19:04:45]list index out of bounds
runtime error: 
[19:04:45]list index out of bounds
runtime error: 
[19:04:45]list index out of bounds
runtime error: 
[19:04:45]list index out of bounds
runtime error: 
[19:04:45]list index out of bounds
runtime error: 
[19:04:45]list index out of bounds
runtime error: 
[19:04:45]list index out of bounds
runtime error: 
[19:04:45]list index out of bounds
runtime error: 
[19:04:45]list index out of bounds
runtime error: 
[19:04:45]list index out of bounds
runtime error: 
[19:04:45]list index out of bounds
runtime error: 
[19:04:45]list index out of bounds
runtime error: 
[19:04:45]list index out of bounds
runtime error: 
[19:04:45]list index out of bounds
runtime error: 
[19:04:45]list index out of bounds
runtime error: 
[19:04:45]list index out of bounds
runtime error: 
[19:04:45]list index out of bounds
runtime error: 
[19:04:45]list index out of bounds
runtime error: 
[19:04:45]list index out of bounds
runtime error: 
[19:04:45]list index out of bounds
runtime error: 
[19:04:45]list index out of bounds
runtime error: 
[19:04:45]list index out of bounds
runtime error: 
[19:04:45]list index out of bounds
runtime error: 
[19:04:45]list index out of bounds
runtime error: 
[19:04:45]list index out of bounds
runtime error: 
[19:04:45]list index out of bounds
runtime error: 
[19:04:45]list index out of bounds
runtime error: 
[19:04:45]list index out of bounds
runtime error: 
[19:04:45]list index out of bounds
runtime error: 
[19:04:45]list index out of bounds
runtime error: 
[19:04:45]list index out of bounds
runtime error: 
[19:04:45]list index out of bounds
runtime error: 
[19:04:45]list index out of bounds
runtime error: 
[19:04:45]list index out of bounds
runtime error: 
[19:04:45]list index out of bounds
runtime error: 
[19:04:45]list index out of bounds
runtime error: 
[19:04:45]list index out of bounds
runtime error: 
[19:04:45]list index out of bounds
runtime error: 
[19:04:45]list index out of bounds
runtime error: 
[19:04:45]list index out of bounds
runtime error: 
[19:04:45]list index out of bounds
runtime error: 
[19:04:45]list index out of bounds
runtime error: 
[19:04:45]list index out of bounds
runtime error: 
[19:04:46]Component is missing a pipenet! Rebuilding...
runtime error: 
[19:04:49]Component is missing a pipenet! Rebuilding...
runtime error: 
[19:04:50]Component is missing a pipenet! Rebuilding...
runtime error: 
[19:04:51]Component is missing a pipenet! Rebuilding...
runtime error: 
[19:04:51]Component is missing a pipenet! Rebuilding...
runtime error: 
[19:04:51]Component is missing a pipenet! Rebuilding...
runtime error: 
[19:04:52]Component is missing a pipenet! Rebuilding...
runtime error: 
[19:04:53]Component is missing a pipenet! Rebuilding...
runtime error: 
[19:04:53]Component is missing a pipenet! Rebuilding...
runtime error: 
[19:04:54]Component is missing a pipenet! Rebuilding...
runtime error: 
[19:04:54]Component is missing a pipenet! Rebuilding...
runtime error: 
[19:04:55]Component is missing a pipenet! Rebuilding...
runtime error: 
[19:04:55]Component is missing a pipenet! Rebuilding...
runtime error: 
[19:04:56]Component is missing a pipenet! Rebuilding...
runtime error: 
[19:04:56]Component is missing a pipenet! Rebuilding...
runtime error: 
[19:04:57]Component is missing a pipenet! Rebuilding...
runtime error: 
[19:04:57]Component is missing a pipenet! Rebuilding...
runtime error: 
[19:04:58]Component is missing a pipenet! Rebuilding...
runtime error: 
[19:04:58]Component is missing a pipenet! Rebuilding...
runtime error: 
[19:04:59]Component is missing a pipenet! Rebuilding...
runtime error: 
[19:04:59]Component is missing a pipenet! Rebuilding...
runtime error: 
[19:05:00]Component is missing a pipenet! Rebuilding...
runtime error: 
[19:05:00]Component is missing a pipenet! Rebuilding...
runtime error: 
[19:05:01]Component is missing a pipenet! Rebuilding...
runtime error: 
[19:05:02]Component is missing a pipenet! Rebuilding...
runtime error: 
[19:05:02]Component is missing a pipenet! Rebuilding...
runtime error: 
[19:05:03]Component is missing a pipenet! Rebuilding...
runtime error: 
[19:05:03]Component is missing a pipenet! Rebuilding...
runtime error: 
[19:05:04]Component is missing a pipenet! Rebuilding...
runtime error: 
[19:05:04]Component is missing a pipenet! Rebuilding...
runtime error: 
[19:05:05]Component is missing a pipenet! Rebuilding...
runtime error: 
[19:05:05]Component is missing a pipenet! Rebuilding...
runtime error: 
[19:05:06]Component is missing a pipenet! Rebuilding...
runtime error: 
[19:05:06]Component is missing a pipenet! Rebuilding...
runtime error: 
[19:05:07]Component is missing a pipenet! Rebuilding...
runtime error: 
[19:05:07]Component is missing a pipenet! Rebuilding...
runtime error: 
[19:05:08]Component is missing a pipenet! Rebuilding...
runtime error: 
[19:05:08]Component is missing a pipenet! Rebuilding...
runtime error: 
[19:05:09]Component is missing a pipenet! Rebuilding...
runtime error: 
[19:05:09]Component is missing a pipenet! Rebuilding...
runtime error: 
[19:05:10]Component is missing a pipenet! Rebuilding...
runtime error: 
[19:05:10]Component is missing a pipenet! Rebuilding...
runtime error: 
[19:05:11]Component is missing a pipenet! Rebuilding...
runtime error: 
[19:05:11]Component is missing a pipenet! Rebuilding...
runtime error: 
[19:05:14]Component is missing a pipenet! Rebuilding...
runtime error: 
[19:05:14]Component is missing a pipenet! Rebuilding...
runtime error: 
[19:05:15]Component is missing a pipenet! Rebuilding...
runtime error: 
[19:05:15]Component is missing a pipenet! Rebuilding...
runtime error: 
[19:05:16]Component is missing a pipenet! Rebuilding...
runtime error: 
[19:05:17]Component is missing a pipenet! Rebuilding...
runtime error: 
[19:05:17]Component is missing a pipenet! Rebuilding...
runtime error: 
[19:05:27]nothing to animate
runtime error: 
[19:06:45]nothing to animate
## WARNING: couldn't find shuttle with id: whiteship_ruin in code/controllers/subsystem/shuttle.dm at line 209 src: Shuttle usr: Christopher Odd.
## WARNING: couldn't find shuttle with id: whiteship_ruin in code/controllers/subsystem/shuttle.dm at line 209 src: Shuttle usr: Christopher Odd.
runtime error: 
[19:13:53]Cannot execute null.remove reagent().
runtime error: 
[19:14:05]nothing to animate
runtime error: 
[19:14:21]Cannot read null.air
runtime error: 
[19:14:21]Cannot read null.air
runtime error: 
[19:14:21]Cannot read null.air
runtime error: 
[19:14:21]Cannot read null.air
runtime error: 
[19:14:22]Cannot read null.air
runtime error: 
[19:14:22]Cannot read null.air
runtime error: 
[19:14:22]Cannot read null.air
runtime error: 
[19:14:22]Cannot read null.air
runtime error: 
[19:14:22]Cannot read null.air
runtime error: 
[19:14:22]Cannot read null.air
runtime error: 
[19:14:22]Cannot read null.air
runtime error: 
[19:14:22]Cannot read null.air
runtime error: 
[19:14:23]Cannot read null.air
runtime error: 
[19:14:23]Cannot read null.air
runtime error: 
[19:14:23]Cannot read null.air
runtime error: 
[19:14:23]Cannot read null.air
runtime error: 
[19:14:24]Cannot read null.air
runtime error: 
[19:14:24]Cannot read null.air
runtime error: 
[19:14:24]Cannot read null.air
runtime error: 
[19:14:24]Cannot read null.air
runtime error: 
[19:14:24]Cannot read null.air
runtime error: 
[19:14:24]Cannot read null.air
runtime error: 
[19:14:24]Cannot read null.air
runtime error: 
[19:14:24]Cannot read null.air
runtime error: 
[19:14:25]Cannot read null.air
runtime error: 
[19:14:25]Cannot read null.air
runtime error: 
[19:14:25]Cannot read null.air
runtime error: 
[19:14:25]Cannot read null.air
runtime error: 
[19:14:26]Cannot read null.air
runtime error: 
[19:14:26]Cannot read null.air
runtime error: 
[19:14:26]Cannot read null.air
runtime error: 
[19:14:26]Cannot read null.air
runtime error: 
[19:14:26]Cannot execute null.remove reagent().
runtime error: 
[19:14:26]Cannot read null.air
runtime error: 
[19:14:26]Cannot read null.air
runtime error: 
[19:14:26]Cannot read null.air
runtime error: 
[19:14:26]Cannot read null.air
runtime error: 
[19:14:27]Cannot read null.air
runtime error: 
[19:14:27]Cannot read null.air
runtime error: 
[19:14:27]Cannot read null.air
runtime error: 
[19:14:27]Cannot read null.air
runtime error: 
[19:14:27]Cannot read null.air
runtime error: 
[19:14:27]Cannot read null.air
runtime error: 
[19:14:27]Cannot read null.air
runtime error: 
[19:14:27]Cannot read null.air
runtime error: 
[19:14:28]Cannot read null.air
runtime error: 
[19:14:28]Cannot read null.air
runtime error: 
[19:14:28]Cannot read null.air
runtime error: 
[19:14:28]Cannot read null.air
runtime error: 
[19:14:29]Cannot read null.air
runtime error: 
[19:14:29]Cannot read null.air
runtime error: 
[19:14:29]Cannot read null.air
runtime error: 
[19:16:29]Component is missing a pipenet! Rebuilding...
runtime error: 
[19:16:29]Component is missing a pipenet! Rebuilding...
runtime error: 
[19:16:29]Component is missing a pipenet! Rebuilding...
runtime error: 
[19:16:29]Component is missing a pipenet! Rebuilding...
runtime error: 
[19:16:29]Component is missing a pipenet! Rebuilding...
runtime error: 
[19:16:29]Component is missing a pipenet! Rebuilding...
runtime error: 
[19:16:29]Component is missing a pipenet! Rebuilding...
runtime error: 
[19:16:29]Component is missing a pipenet! Rebuilding...
runtime error: 
[19:16:29]Component is missing a pipenet! Rebuilding...
runtime error: 
[19:16:29]Component is missing a pipenet! Rebuilding...
runtime error: 
[19:16:29]Component is missing a pipenet! Rebuilding...
runtime error: 
[19:16:29]Component is missing a pipenet! Rebuilding...
runtime error: 
[19:16:29]Component is missing a pipenet! Rebuilding...
runtime error: 
[19:16:29]Component is missing a pipenet! Rebuilding...
runtime error: 
[19:16:29]Component is missing a pipenet! Rebuilding...
runtime error: 
[19:16:29]Component is missing a pipenet! Rebuilding...
runtime error: 
[19:16:29]Component is missing a pipenet! Rebuilding...
runtime error: 
[19:16:29]Component is missing a pipenet! Rebuilding...
runtime error: 
[19:16:29]Component is missing a pipenet! Rebuilding...
runtime error: 
[19:16:29]Component is missing a pipenet! Rebuilding...
runtime error: 
[19:16:29]Component is missing a pipenet! Rebuilding...
runtime error: 
[19:16:29]Component is missing a pipenet! Rebuilding...
runtime error: 
[19:16:29]Component is missing a pipenet! Rebuilding...
runtime error: 
[19:16:29]Component is missing a pipenet! Rebuilding...
runtime error: 
[19:16:29]Component is missing a pipenet! Rebuilding...
runtime error: 
[19:16:29]Component is missing a pipenet! Rebuilding...
runtime error: 
[19:16:29]Component is missing a pipenet! Rebuilding...
runtime error: 
[19:16:29]Component is missing a pipenet! Rebuilding...
runtime error: 
[19:16:29]Component is missing a pipenet! Rebuilding...
runtime error: 
[19:16:29]Component is missing a pipenet! Rebuilding...
runtime error: 
[19:16:29]Component is missing a pipenet! Rebuilding...
runtime error: 
[19:16:29]Component is missing a pipenet! Rebuilding...
runtime error: 
[19:16:29]Component is missing a pipenet! Rebuilding...
runtime error: 
[19:16:29]Component is missing a pipenet! Rebuilding...
runtime error: 
[19:16:29]Component is missing a pipenet! Rebuilding...
runtime error: 
[19:16:29]Component is missing a pipenet! Rebuilding...
runtime error: 
[19:16:29]Component is missing a pipenet! Rebuilding...
runtime error: 
[19:16:29]Component is missing a pipenet! Rebuilding...
runtime error: 
[19:16:29]Component is missing a pipenet! Rebuilding...
runtime error: 
[19:16:29]Component is missing a pipenet! Rebuilding...
runtime error: 
[19:16:29]Component is missing a pipenet! Rebuilding...
runtime error: 
[19:16:29]Component is missing a pipenet! Rebuilding...
runtime error: 
[19:16:29]Component is missing a pipenet! Rebuilding...
runtime error: 
[19:16:29]Component is missing a pipenet! Rebuilding...
runtime error: 
[19:16:29]Component is missing a pipenet! Rebuilding...
runtime error: 
[19:16:29]Component is missing a pipenet! Rebuilding...
runtime error: 
[19:16:29]Component is missing a pipenet! Rebuilding...
runtime error: 
[19:16:29]Component is missing a pipenet! Rebuilding...
runtime error: 
[19:16:29]Component is missing a pipenet! Rebuilding...
runtime error: 
[19:16:29]Component is missing a pipenet! Rebuilding...
runtime error: 
[19:16:29]Component is missing a pipenet! Rebuilding...
runtime error: 
[19:18:45]nothing to animate
runtime error: 
[19:22:07]Cannot create objects of type null.
runtime error: 
[19:22:32]Cannot execute null.forceMove().
runtime error: 
[19:24:46]Cannot read null.loc
runtime error: 
[19:25:27]Cannot read null.air
runtime error: 
[19:25:27]Cannot read null.air
runtime error: 
[19:25:27]Cannot read null.air
runtime error: 
[19:25:27]Cannot read null.air
runtime error: 
[19:25:28]Cannot read null.air
runtime error: 
[19:25:28]Cannot read null.air
runtime error: 
[19:25:28]Cannot read null.air
runtime error: 
[19:25:28]Cannot read null.air
runtime error: 
[19:25:29]Cannot read null.air
runtime error: 
[19:25:29]Cannot read null.air
runtime error: 
[19:25:29]Cannot read null.air
runtime error: 
[19:25:29]Cannot read null.air
runtime error: 
[19:25:30]Cannot read null.air
runtime error: 
[19:25:30]Cannot read null.air
runtime error: 
[19:25:30]Cannot read null.air
runtime error: 
[19:25:30]Cannot read null.air
runtime error: 
[19:25:30]Cannot read null.air
runtime error: 
[19:25:30]Cannot read null.air
runtime error: 
[19:25:30]Cannot read null.air
runtime error: 
[19:25:30]Cannot read null.air
runtime error: 
[19:25:31]Cannot read null.air
runtime error: 
[19:25:31]Cannot read null.air
runtime error: 
[19:25:31]Cannot read null.air
runtime error: 
[19:25:31]Cannot read null.air
runtime error: 
[19:25:32]Cannot read null.air
runtime error: 
[19:25:32]Cannot read null.air
runtime error: 
[19:25:32]Cannot read null.air
runtime error: 
[19:25:32]Cannot read null.air
runtime error: 
[19:25:33]Cannot read null.air
runtime error: 
[19:25:33]Cannot read null.air
runtime error: 
[19:25:33]Cannot read null.air
runtime error: 
[19:25:33]Cannot read null.air
runtime error: 
[19:25:33]Cannot read null.air
runtime error: 
[19:25:33]Cannot read null.air
runtime error: 
[19:25:33]Cannot read null.air
runtime error: 
[19:25:33]Cannot read null.air
runtime error: 
[19:25:34]Cannot read null.air
runtime error: 
[19:25:34]Cannot read null.air
runtime error: 
[19:25:34]Cannot read null.air
runtime error: 
[19:25:34]Cannot read null.air
runtime error: 
[19:25:35]Cannot read null.air
runtime error: 
[19:25:35]Cannot read null.air
runtime error: 
[19:25:35]Cannot read null.air
runtime error: 
[19:25:35]Cannot read null.air
runtime error: 
[19:25:36]Cannot read null.air
runtime error: 
[19:25:36]Cannot read null.air
runtime error: 
[19:25:36]Cannot read null.air
runtime error: 
[19:25:36]Cannot read null.air
runtime error: 
[19:25:37]Cannot read null.air
runtime error: 
[19:25:37]Cannot read null.air
runtime error: 
[19:25:37]Cannot read null.air
runtime error: 
[19:27:20]Component is missing a pipenet! Rebuilding...
runtime error: 
[19:27:20]Component is missing a pipenet! Rebuilding...
runtime error: 
[19:27:20]Component is missing a pipenet! Rebuilding...
runtime error: 
[19:27:20]Component is missing a pipenet! Rebuilding...
runtime error: 
[19:27:20]Component is missing a pipenet! Rebuilding...
runtime error: 
[19:27:20]Component is missing a pipenet! Rebuilding...
runtime error: 
[19:27:20]Component is missing a pipenet! Rebuilding...
runtime error: 
[19:27:20]Component is missing a pipenet! Rebuilding...
runtime error: 
[19:27:20]Component is missing a pipenet! Rebuilding...
runtime error: 
[19:27:20]Component is missing a pipenet! Rebuilding...
runtime error: 
[19:27:20]Component is missing a pipenet! Rebuilding...
runtime error: 
[19:27:20]Component is missing a pipenet! Rebuilding...
runtime error: 
[19:27:20]Component is missing a pipenet! Rebuilding...
runtime error: 
[19:27:20]Component is missing a pipenet! Rebuilding...
runtime error: 
[19:27:20]Component is missing a pipenet! Rebuilding...
runtime error: 
[19:27:20]Component is missing a pipenet! Rebuilding...
runtime error: 
[19:27:20]Component is missing a pipenet! Rebuilding...
runtime error: 
[19:27:20]Component is missing a pipenet! Rebuilding...
runtime error: 
[19:27:20]Component is missing a pipenet! Rebuilding...
runtime error: 
[19:27:20]Component is missing a pipenet! Rebuilding...
runtime error: 
[19:27:20]Component is missing a pipenet! Rebuilding...
runtime error: 
[19:27:20]Component is missing a pipenet! Rebuilding...
runtime error: 
[19:27:20]Component is missing a pipenet! Rebuilding...
runtime error: 
[19:27:20]Component is missing a pipenet! Rebuilding...
runtime error: 
[19:27:20]Component is missing a pipenet! Rebuilding...
runtime error: 
[19:27:20]Component is missing a pipenet! Rebuilding...
runtime error: 
[19:27:20]Component is missing a pipenet! Rebuilding...
runtime error: 
[19:27:20]Component is missing a pipenet! Rebuilding...
runtime error: 
[19:27:20]Component is missing a pipenet! Rebuilding...
runtime error: 
[19:27:20]Component is missing a pipenet! Rebuilding...
runtime error: 
[19:27:20]Component is missing a pipenet! Rebuilding...
runtime error: 
[19:27:20]Component is missing a pipenet! Rebuilding...
runtime error: 
[19:27:20]Component is missing a pipenet! Rebuilding...
runtime error: 
[19:27:20]Component is missing a pipenet! Rebuilding...
runtime error: 
[19:27:20]Component is missing a pipenet! Rebuilding...
runtime error: 
[19:27:20]Component is missing a pipenet! Rebuilding...
runtime error: 
[19:27:20]Component is missing a pipenet! Rebuilding...
runtime error: 
[19:27:20]Component is missing a pipenet! Rebuilding...
runtime error: 
[19:27:20]Component is missing a pipenet! Rebuilding...
runtime error: 
[19:27:20]Component is missing a pipenet! Rebuilding...
runtime error: 
[19:27:20]Component is missing a pipenet! Rebuilding...
runtime error: 
[19:27:20]Component is missing a pipenet! Rebuilding...
runtime error: 
[19:27:20]Component is missing a pipenet! Rebuilding...
runtime error: 
[19:27:20]Component is missing a pipenet! Rebuilding...
runtime error: 
[19:27:20]Component is missing a pipenet! Rebuilding...
runtime error: 
[19:27:20]Component is missing a pipenet! Rebuilding...
runtime error: 
[19:27:20]Component is missing a pipenet! Rebuilding...
runtime error: 
[19:27:20]Component is missing a pipenet! Rebuilding...
runtime error: 
[19:27:20]Component is missing a pipenet! Rebuilding...
runtime error: 
[19:27:20]Component is missing a pipenet! Rebuilding...
runtime error: 
[19:27:20]Component is missing a pipenet! Rebuilding...
runtime error: 
[19:27:40]Cannot execute null.remove reagent().
runtime error: 
[19:27:42]Cannot execute null.remove reagent().
runtime error: 
[19:27:45]Cannot execute null.remove reagent().
runtime error: 
[19:27:47]Cannot execute null.remove reagent().
runtime error: 
[19:27:49]Cannot execute null.remove reagent().
runtime error: 
[19:27:51]Cannot execute null.remove reagent().
runtime error: 
[19:27:53]Cannot execute null.remove reagent().
runtime error: 
[19:27:55]Cannot execute null.remove reagent().
runtime error: 
[19:27:57]Cannot execute null.remove reagent().
runtime error: 
[19:36:08]Cannot read null.air
runtime error: 
[19:36:08]Cannot read null.air
runtime error: 
[19:36:08]Cannot read null.air
runtime error: 
[19:36:09]Cannot read null.air
runtime error: 
[19:36:09]Cannot read null.air
runtime error: 
[19:36:09]Cannot read null.air
runtime error: 
[19:36:10]Cannot read null.air
runtime error: 
[19:36:10]Cannot read null.air
runtime error: 
[19:36:10]Cannot read null.air
runtime error: 
[19:36:12]Cannot read null.air
runtime error: 
[19:36:12]Cannot read null.air
runtime error: 
[19:36:12]Cannot read null.air
runtime error: 
[19:36:12]Cannot read null.air
runtime error: 
[19:36:12]Cannot read null.air
runtime error: 
[19:36:12]Cannot read null.air
runtime error: 
[19:36:13]Cannot read null.air
runtime error: 
[19:36:13]Cannot read null.air
runtime error: 
[19:36:13]Cannot read null.air
runtime error: 
[19:36:14]Cannot read null.air
runtime error: 
[19:36:14]Cannot read null.air
runtime error: 
[19:36:14]Cannot read null.air
runtime error: 
[19:36:14]Cannot read null.air
runtime error: 
[19:36:14]Cannot read null.air
runtime error: 
[19:36:14]Cannot read null.air
runtime error: 
[19:36:15]Cannot read null.air
runtime error: 
[19:36:15]Cannot read null.air
runtime error: 
[19:36:15]Cannot read null.air
runtime error: 
[19:36:16]Cannot read null.air
runtime error: 
[19:36:16]Cannot read null.air
runtime error: 
[19:36:16]Cannot read null.air
runtime error: 
[19:36:17]Cannot read null.air
runtime error: 
[19:36:17]Cannot read null.air
runtime error: 
[19:36:17]Cannot read null.air
runtime error: 
[19:36:17]Cannot read null.air
runtime error: 
[19:36:17]Cannot read null.air
runtime error: 
[19:36:17]Cannot read null.air
runtime error: 
[19:36:18]Cannot read null.air
runtime error: 
[19:36:18]Cannot read null.air
runtime error: 
[19:36:18]Cannot read null.air
runtime error: 
[19:36:19]Cannot read null.air
runtime error: 
[19:36:19]Cannot read null.air
runtime error: 
[19:36:19]Cannot read null.air
runtime error: 
[19:36:20]Cannot read null.air
runtime error: 
[19:36:20]Cannot read null.air
runtime error: 
[19:36:20]Cannot read null.air
runtime error: 
[19:36:21]Cannot read null.air
runtime error: 
[19:36:21]Cannot read null.air
runtime error: 
[19:36:21]Cannot read null.air
runtime error: 
[19:36:22]Cannot read null.air
runtime error: 
[19:36:22]Cannot read null.air
runtime error: 
[19:36:22]Cannot read null.air
runtime error: 
[19:37:36]Cannot read null.loc
runtime error: 
[19:37:50]Component is missing a pipenet! Rebuilding...
runtime error: 
[19:37:50]Component is missing a pipenet! Rebuilding...
runtime error: 
[19:37:50]Component is missing a pipenet! Rebuilding...
runtime error: 
[19:37:50]Component is missing a pipenet! Rebuilding...
runtime error: 
[19:37:50]Component is missing a pipenet! Rebuilding...
runtime error: 
[19:37:50]Component is missing a pipenet! Rebuilding...
runtime error: 
[19:37:50]Component is missing a pipenet! Rebuilding...
runtime error: 
[19:37:50]Component is missing a pipenet! Rebuilding...
runtime error: 
[19:37:50]Component is missing a pipenet! Rebuilding...
runtime error: 
[19:37:50]Component is missing a pipenet! Rebuilding...
runtime error: 
[19:37:50]Component is missing a pipenet! Rebuilding...
runtime error: 
[19:37:50]Component is missing a pipenet! Rebuilding...
runtime error: 
[19:37:50]Component is missing a pipenet! Rebuilding...
runtime error: 
[19:37:50]Component is missing a pipenet! Rebuilding...
runtime error: 
[19:37:50]Component is missing a pipenet! Rebuilding...
runtime error: 
[19:37:50]Component is missing a pipenet! Rebuilding...
runtime error: 
[19:37:50]Component is missing a pipenet! Rebuilding...
runtime error: 
[19:37:50]Component is missing a pipenet! Rebuilding...
runtime error: 
[19:37:50]Component is missing a pipenet! Rebuilding...
runtime error: 
[19:37:50]Component is missing a pipenet! Rebuilding...
runtime error: 
[19:37:50]Component is missing a pipenet! Rebuilding...
runtime error: 
[19:37:50]Component is missing a pipenet! Rebuilding...
runtime error: 
[19:37:50]Component is missing a pipenet! Rebuilding...
runtime error: 
[19:37:50]Component is missing a pipenet! Rebuilding...
runtime error: 
[19:37:50]Component is missing a pipenet! Rebuilding...
runtime error: 
[19:37:50]Component is missing a pipenet! Rebuilding...
runtime error: 
[19:37:50]Component is missing a pipenet! Rebuilding...
runtime error: 
[19:37:50]Component is missing a pipenet! Rebuilding...
runtime error: 
[19:37:50]Component is missing a pipenet! Rebuilding...
runtime error: 
[19:37:50]Component is missing a pipenet! Rebuilding...
runtime error: 
[19:37:50]Component is missing a pipenet! Rebuilding...
runtime error: 
[19:37:50]Component is missing a pipenet! Rebuilding...
runtime error: 
[19:37:50]Component is missing a pipenet! Rebuilding...
runtime error: 
[19:37:50]Component is missing a pipenet! Rebuilding...
runtime error: 
[19:37:50]Component is missing a pipenet! Rebuilding...
runtime error: 
[19:37:50]Component is missing a pipenet! Rebuilding...
runtime error: 
[19:37:50]Component is missing a pipenet! Rebuilding...
runtime error: 
[19:37:50]Component is missing a pipenet! Rebuilding...
runtime error: 
[19:37:50]Component is missing a pipenet! Rebuilding...
runtime error: 
[19:37:50]Component is missing a pipenet! Rebuilding...
runtime error: 
[19:37:50]Component is missing a pipenet! Rebuilding...
runtime error: 
[19:37:50]Component is missing a pipenet! Rebuilding...
runtime error: 
[19:37:50]Component is missing a pipenet! Rebuilding...
runtime error: 
[19:37:50]Component is missing a pipenet! Rebuilding...
runtime error: 
[19:37:50]Component is missing a pipenet! Rebuilding...
runtime error: 
[19:37:50]Component is missing a pipenet! Rebuilding...
runtime error: 
[19:37:50]Component is missing a pipenet! Rebuilding...
runtime error: 
[19:37:50]Component is missing a pipenet! Rebuilding...
runtime error: 
[19:37:50]Component is missing a pipenet! Rebuilding...
runtime error: 
[19:37:50]Component is missing a pipenet! Rebuilding...
runtime error: 
[19:37:50]Component is missing a pipenet! Rebuilding...
runtime error: 
[19:39:51]nothing to animate
runtime error: 
[19:39:51]nothing to animate
runtime error: 
[19:40:30]type mismatch: -20 + 'sound/weapons/bladeslice.ogg'
runtime error: 
[19:40:42]type mismatch: -20 + 'sound/weapons/bladeslice.ogg'
runtime error: 
[19:40:56]type mismatch: -20 + 'sound/weapons/bladeslice.ogg'
runtime error: 
[19:43:47]Cannot execute null.force give().
runtime error: 
[19:44:56]Cannot execute null.force give().
runtime error: 
[19:45:38]Cannot execute null.force give().
runtime error: 
[19:46:06]Cannot execute null.force give().
runtime error: 
[19:46:18]Cannot execute null.force give().
runtime error: 
[19:46:45]Cannot read null.traumas
runtime error: 
[19:46:48]Cannot read null.traumas
runtime error: 
[19:46:48]Cannot read null.air
runtime error: 
[19:46:48]Cannot read null.air
runtime error: 
[19:46:48]Cannot read null.air
runtime error: 
[19:46:49]Cannot read null.air
runtime error: 
[19:46:49]Cannot read null.air
runtime error: 
[19:46:49]Cannot read null.air
runtime error: 
[19:46:49]Cannot read null.air
runtime error: 
[19:46:49]Cannot read null.air
runtime error: 
[19:46:49]Cannot read null.air
runtime error: 
[19:46:50]Cannot read null.air
runtime error: 
[19:46:50]Cannot read null.air
runtime error: 
[19:46:50]Cannot read null.air
runtime error: 
[19:46:51]Cannot read null.air
runtime error: 
[19:46:51]Cannot read null.air
runtime error: 
[19:46:51]Cannot read null.air
runtime error: 
[19:46:52]Cannot read null.air
runtime error: 
[19:46:52]Cannot read null.air
runtime error: 
[19:46:52]Cannot read null.air
runtime error: 
[19:46:54]Cannot read null.air
runtime error: 
[19:46:54]Cannot read null.air
runtime error: 
[19:46:54]Cannot read null.air
runtime error: 
[19:46:54]Cannot read null.air
runtime error: 
[19:46:54]Cannot read null.air
runtime error: 
[19:46:54]Cannot read null.air
runtime error: 
[19:46:55]Cannot read null.air
runtime error: 
[19:46:55]Cannot read null.air
runtime error: 
[19:46:55]Cannot read null.air
runtime error: 
[19:46:56]Cannot read null.air
runtime error: 
[19:46:56]Cannot read null.air
runtime error: 
[19:46:56]Cannot read null.air
runtime error: 
[19:46:56]Cannot read null.air
runtime error: 
[19:46:56]Cannot read null.air
runtime error: 
[19:46:56]Cannot read null.air
runtime error: 
[19:46:57]Cannot read null.air
runtime error: 
[19:46:57]Cannot read null.air
runtime error: 
[19:46:57]Cannot read null.air
runtime error: 
[19:46:58]Cannot read null.air
runtime error: 
[19:46:58]Cannot read null.air
runtime error: 
[19:46:58]Cannot read null.air
runtime error: 
[19:46:58]Cannot read null.air
runtime error: 
[19:46:58]Cannot read null.air
runtime error: 
[19:46:58]Cannot read null.air
runtime error: 
[19:47:01]Cannot read null.air
runtime error: 
[19:47:01]Cannot read null.air
runtime error: 
[19:47:01]Cannot read null.air
runtime error: 
[19:47:01]Cannot read null.air
runtime error: 
[19:47:01]Cannot read null.air
runtime error: 
[19:47:01]Cannot read null.air
runtime error: 
[19:47:02]Cannot read null.air
runtime error: 
[19:47:02]Cannot read null.air
runtime error: 
[19:47:02]Cannot read null.air
runtime error: 
[19:47:09]Cannot execute null.force give().
runtime error: 
[19:47:25]Cannot execute null.force give().
runtime error: 
[19:47:36]Cannot execute null.force give().
runtime error: 
[19:47:38]Cannot execute null.force give().
runtime error: 
[19:47:38]Cannot execute null.force give().
runtime error: 
[19:47:39]Cannot execute null.force give().
runtime error: 
[19:47:39]Cannot execute null.force give().
runtime error: 
[19:47:44]undefined proc or verb /turf/closed/wall/high pressure movements().

runtime error: 
[19:47:48]Cannot execute null.force give().
runtime error: 
[19:47:49]Cannot execute null.force give().
runtime error: 
[19:47:49]Cannot execute null.force give().
runtime error: 
[19:47:50]Cannot execute null.force give().
runtime error: 
[19:47:50]Cannot execute null.force give().
runtime error: 
[19:47:51]Cannot execute null.force give().
runtime error: 
[19:47:52]Cannot execute null.force give().
runtime error: 
[19:47:52]Cannot execute null.force give().
runtime error: 
[19:47:52]Cannot execute null.force give().
runtime error: 
[19:47:53]Cannot execute null.force give().
runtime error: 
[19:47:54]Cannot execute null.force give().
runtime error: 
[19:48:22]Component is missing a pipenet! Rebuilding...
runtime error: 
[19:48:22]Component is missing a pipenet! Rebuilding...
runtime error: 
[19:48:22]Component is missing a pipenet! Rebuilding...
runtime error: 
[19:48:22]Component is missing a pipenet! Rebuilding...
runtime error: 
[19:48:22]Component is missing a pipenet! Rebuilding...
runtime error: 
[19:48:22]Component is missing a pipenet! Rebuilding...
runtime error: 
[19:48:22]Component is missing a pipenet! Rebuilding...
runtime error: 
[19:48:22]Component is missing a pipenet! Rebuilding...
runtime error: 
[19:48:22]Component is missing a pipenet! Rebuilding...
runtime error: 
[19:48:22]Component is missing a pipenet! Rebuilding...
runtime error: 
[19:48:22]Component is missing a pipenet! Rebuilding...
runtime error: 
[19:48:22]Component is missing a pipenet! Rebuilding...
runtime error: 
[19:48:22]Component is missing a pipenet! Rebuilding...
runtime error: 
[19:48:22]Component is missing a pipenet! Rebuilding...
runtime error: 
[19:48:22]Component is missing a pipenet! Rebuilding...
runtime error: 
[19:48:22]Component is missing a pipenet! Rebuilding...
runtime error: 
[19:48:22]Component is missing a pipenet! Rebuilding...
runtime error: 
[19:48:22]Component is missing a pipenet! Rebuilding...
runtime error: 
[19:48:22]Component is missing a pipenet! Rebuilding...
runtime error: 
[19:48:22]Component is missing a pipenet! Rebuilding...
runtime error: 
[19:48:22]Component is missing a pipenet! Rebuilding...
runtime error: 
[19:48:22]Component is missing a pipenet! Rebuilding...
runtime error: 
[19:48:22]Component is missing a pipenet! Rebuilding...
runtime error: 
[19:48:22]Component is missing a pipenet! Rebuilding...
runtime error: 
[19:48:22]Component is missing a pipenet! Rebuilding...
runtime error: 
[19:48:22]Component is missing a pipenet! Rebuilding...
runtime error: 
[19:48:22]Component is missing a pipenet! Rebuilding...
runtime error: 
[19:48:22]Component is missing a pipenet! Rebuilding...
runtime error: 
[19:48:22]Component is missing a pipenet! Rebuilding...
runtime error: 
[19:48:22]Component is missing a pipenet! Rebuilding...
runtime error: 
[19:48:22]Component is missing a pipenet! Rebuilding...
runtime error: 
[19:48:22]Component is missing a pipenet! Rebuilding...
runtime error: 
[19:48:22]Component is missing a pipenet! Rebuilding...
runtime error: 
[19:48:22]Component is missing a pipenet! Rebuilding...
runtime error: 
[19:48:22]Component is missing a pipenet! Rebuilding...
runtime error: 
[19:48:22]Component is missing a pipenet! Rebuilding...
runtime error: 
[19:48:22]Component is missing a pipenet! Rebuilding...
runtime error: 
[19:48:22]Component is missing a pipenet! Rebuilding...
runtime error: 
[19:48:22]Component is missing a pipenet! Rebuilding...
runtime error: 
[19:48:22]Component is missing a pipenet! Rebuilding...
runtime error: 
[19:48:22]Component is missing a pipenet! Rebuilding...
runtime error: 
[19:48:22]Component is missing a pipenet! Rebuilding...
runtime error: 
[19:48:22]Component is missing a pipenet! Rebuilding...
runtime error: 
[19:48:22]Component is missing a pipenet! Rebuilding...
runtime error: 
[19:48:22]Component is missing a pipenet! Rebuilding...
runtime error: 
[19:48:22]Component is missing a pipenet! Rebuilding...
runtime error: 
[19:48:22]Component is missing a pipenet! Rebuilding...
runtime error: 
[19:48:22]Component is missing a pipenet! Rebuilding...
runtime error: 
[19:48:22]Component is missing a pipenet! Rebuilding...
runtime error: 
[19:48:22]Component is missing a pipenet! Rebuilding...
runtime error: 
[19:48:22]Component is missing a pipenet! Rebuilding...
runtime error: 
[19:49:19]addtimer called with a callback assigned to a qdeleted object
runtime error: 
[19:49:36]Cannot execute null.force give().
runtime error: 
[19:50:18]Cannot execute null.force give().
runtime error: 
[19:50:18]Cannot execute null.force give().
runtime error: 
[19:50:35]Cannot execute null.force give().
runtime error: 
[19:50:35]Cannot execute null.force give().
runtime error: 
[19:50:36]Cannot execute null.force give().
runtime error: 
[19:50:36]Cannot execute null.force give().
Saved 105 engraved messages on map Box Station
runtime error: 
[19:52:15]Cannot execute null.force give().
runtime error: 
[19:52:15]Cannot execute null.force give().
runtime error: 
[19:52:16]Cannot execute null.force give().
runtime error: 
[19:52:17]Cannot execute null.force give().
runtime error: 
[19:52:18]Cannot execute null.force give().
runtime error: 
[19:52:18]Cannot execute null.force give().
runtime error: 
[19:52:19]Cannot execute null.force give().
runtime error: 
[19:52:19]Cannot execute null.force give().
runtime error: 
[19:52:29]Cannot read null.species
runtime error: 
[19:52:29]Cannot read null.pressure_mod
runtime error: 
[19:52:29]Cannot execute null.return air().
runtime error: 
[19:52:29]Cannot read null.species
runtime error: 
[19:52:29]Cannot read null.species
Shutting down Persistence subsystem...
Shutting down pathfinder subsystem...
Shutting down Squeak subsystem...
Shutting down Shuttle subsystem...
Shutting down Lighting subsystem...
Shutting down XKeyScore subsystem...
Shutting down Sticky Ban subsystem...
Shutting down Overlay subsystem...
Shutting down Icon Smoothing subsystem...
Shutting down Assets subsystem...
Shutting down Minimap subsystem...
Shutting down Atmospherics subsystem...
Shutting down Wet floors subsystem...
Shutting down Weather subsystem...
Shutting down Vote subsystem...
Shutting down Traumas subsystem...
Shutting down Title Screen subsystem...
Shutting down Time Tracking subsystem...
Shutting down Throwing subsystem...
Shutting down tgui subsystem...
Shutting down Sun subsystem...
Shutting down Space Drift subsystem...
Shutting down Religion subsystem...
Shutting down Radio subsystem...
Shutting down Radiation subsystem...
Shutting down Projectiles subsystem...
Shutting down Processing subsystem...
Shutting down Parallax subsystem...
Shutting down pAI subsystem...
Shutting down Orbits subsystem...
Shutting down Objects subsystem...
Shutting down NPC Pool subsystem...
Shutting down Night Shift subsystem...
Shutting down Mood subsystem...
Shutting down Mobs subsystem...
Shutting down Medals subsystem...
Shutting down Inbounds subsystem...
Shutting down Idling NPC Pool subsystem...
Shutting down Flightpack Movement subsystem...
Shutting down Fire Burning subsystem...
Shutting down Fields subsystem...
Shutting down Fast Processing subsystem...
Shutting down Disease subsystem...
Shutting down Communications subsystem...
Shutting down Augury subsystem...
Shutting down Acid subsystem...
Shutting down Timer subsystem...
Shutting down Circuit subsystem...
Shutting down Machines subsystem...
Shutting down Language subsystem...
Shutting down Atoms subsystem...
Shutting down Networks subsystem...
Shutting down Mapping subsystem...
Shutting down Ticker subsystem...
Shutting down Traits subsystem...
Shutting down Jobs subsystem...
Shutting down Events subsystem...
Shutting down Research subsystem...
Shutting down Input subsystem...
Shutting down Server Tasks subsystem...
Shutting down Blackbox subsystem...
Shutting down Database subsystem...
Shutting down Garbage subsystem...
Shutdown complete
World rebooted at 19:53:16
