[2018-07-24 20:55:33.802] Starting up round ID 1712.
[2018-07-24 20:55:33.802] -------------------------
[2018-07-24 20:55:34.865] Initialized Database subsystem within 0 seconds!
[2018-07-24 20:55:34.865] Initialized Blackbox subsystem within 0 seconds!
[2018-07-24 20:55:34.865] Initialized Server Tasks subsystem within 0 seconds!
[2018-07-24 20:55:34.866] Initialized Input subsystem within 0 seconds!
[2018-07-24 20:55:34.899] Initialized Research subsystem within 0 seconds!
[2018-07-24 20:55:34.903] Initialized Events subsystem within 0 seconds!
[2018-07-24 20:55:34.907] Initialized Jobs subsystem within 0 seconds!
[2018-07-24 20:55:34.908] Initialized Quirks subsystem within 0 seconds!
[2018-07-24 20:55:34.920] Initialized Ticker subsystem within 0 seconds!
[2018-07-24 20:55:34.920] Loading Box Station...
[2018-07-24 20:55:50.066] Loaded Station in 15.1s!
[2018-07-24 20:55:56.122] Loaded Lavaland in 5.5s!
[2018-07-24 20:56:12.343] Ruin loader finished with 0 left to spend.
[2018-07-24 20:56:14.487] Ruin loader finished with 0 left to spend.
[2018-07-24 20:56:25.673] Initialized Mapping subsystem within 50.7 seconds!
[2018-07-24 20:56:25.675] Initialized Networks subsystem within 0 seconds!
[2018-07-24 20:57:18.158] Initialized Atoms subsystem within 52.5 seconds!
[2018-07-24 20:57:18.193] Initialized Language subsystem within 0 seconds!
[2018-07-24 20:57:18.613] Initialized Machines subsystem within 0.5 seconds!
[2018-07-24 20:57:18.767] Initialized Circuit subsystem within 0 seconds!
[2018-07-24 20:57:18.770] Initialized Disease subsystem within 0 seconds!
[2018-07-24 20:57:18.770] Initialized Medals subsystem within 0 seconds!
[2018-07-24 20:57:18.771] Initialized Night Shift subsystem within 0 seconds!
[2018-07-24 20:57:18.771] Initialized Parallax subsystem within 0 seconds!
[2018-07-24 20:57:18.903] Initialized Traumas subsystem within 0.2 seconds!
[2018-07-24 20:57:18.904] Initialized Weather subsystem within 0 seconds!
[2018-07-24 20:58:42.527] Initialized Atmospherics subsystem within 83.6 seconds!
[2018-07-24 20:58:42.555] Initialized Minimap subsystem within 0 seconds!
[2018-07-24 20:58:44.588] Initialized Assets subsystem within 2 seconds!
[2018-07-24 20:58:52.313] Initialized Icon Smoothing subsystem within 7.8 seconds!
[2018-07-24 20:58:54.072] Initialized Overlay subsystem within 1.7 seconds!
[2018-07-24 20:58:54.072] Initialized XKeyScore subsystem within 0 seconds!
[2018-07-24 20:58:54.073] Initialized Sticky Ban subsystem within 0 seconds!
[2018-07-24 20:59:12.132] Initialized Lighting subsystem within 18.1 seconds!
[2018-07-24 20:59:14.921] Initialized Shuttle subsystem within 2.8 seconds!
[2018-07-24 20:59:14.957] Initialized Squeak subsystem within 0 seconds!
[2018-07-24 20:59:14.959] Initialized Pathfinder subsystem within 0 seconds!
[2018-07-24 20:59:15.014] Loaded 21 engraved messages on map Box Station
[2018-07-24 20:59:15.039] Initialized Persistence subsystem within 0.1 seconds!
[2018-07-24 20:59:15.039] Initializations complete within 220.2 seconds!
[2018-07-24 21:00:28.236] Game start took 6.7s
[2018-07-24 21:06:24.305] runtime error: Cannot read 0.truename
[2018-07-24 21:06:24.306] proc name: update text (/obj/item/paper/contract/infernal/prestige/update_text)
[2018-07-24 21:06:24.306]   source file: contract.dm,129
[2018-07-24 21:06:24.306]   usr: Miner Bill (/mob/living/carbon/human)
[2018-07-24 21:06:24.306]   src: the paper- contract for presti... (/obj/item/paper/contract/infernal/prestige)
[2018-07-24 21:06:24.306]   usr.loc: the carpet (182,133,2) (/turf/open/floor/carpet)
[2018-07-24 21:06:24.306]   src.loc: the carpet (184,133,2) (/turf/open/floor/carpet)
[2018-07-24 21:06:24.306]   call stack:
[2018-07-24 21:06:24.306] the paper- contract for presti... (/obj/item/paper/contract/infernal/prestige): update text("____________", 0)
[2018-07-24 21:06:24.306] the paper- contract for presti... (/obj/item/paper/contract/infernal/prestige): New(the carpet (184,133,2) (/turf/open/floor/carpet), Ruru (/datum/mind), Miner Bill (/datum/mind))
[2018-07-24 21:06:24.306] Summon infernal contract (/obj/effect/proc_holder/spell/targeted/summon_contract): cast(/list (/list), Miner Bill (/mob/living/carbon/human))
[2018-07-24 21:06:24.306] Summon infernal contract (/obj/effect/proc_holder/spell/targeted/summon_contract): perform(/list (/list), 1, Miner Bill (/mob/living/carbon/human))
[2018-07-24 21:06:24.306] Summon infernal contract (/obj/effect/proc_holder/spell/targeted/summon_contract): choose targets(Miner Bill (/mob/living/carbon/human))
[2018-07-24 21:06:24.306] Summon infernal contract (/obj/effect/proc_holder/spell/targeted/summon_contract): Click()
[2018-07-24 21:06:24.306] Summon infernal contract (/datum/action/spell_action/spell): Trigger()
[2018-07-24 21:06:24.306] Summon infernal contract (/obj/screen/movable/action_button): Click(null, "mapwindow.map", "icon-x=24;icon-y=20;left=1;scr...")
[2018-07-24 21:06:24.306] 
[2018-07-24 21:06:28.514] runtime error: Cannot execute 0.add soul().
[2018-07-24 21:06:28.514] proc name: fulfillContract (/obj/item/paper/contract/infernal/proc/fulfillContract)
[2018-07-24 21:06:28.514]   source file: contract.dm,260
[2018-07-24 21:06:28.514]   usr: Ruru (/mob/living/carbon/human)
[2018-07-24 21:06:28.514]   src: the paper- contract for presti... (/obj/item/paper/contract/infernal/prestige)
[2018-07-24 21:06:28.514]   usr.loc: the carpet (183,133,2) (/turf/open/floor/carpet)
[2018-07-24 21:06:28.514]   src.loc: Ruru (/mob/living/carbon/human)
[2018-07-24 21:06:28.514]   call stack:
[2018-07-24 21:06:28.514] the paper- contract for presti... (/obj/item/paper/contract/infernal/prestige): fulfillContract(Ruru (/mob/living/carbon/human), 0)
[2018-07-24 21:06:28.514] the paper- contract for presti... (/obj/item/paper/contract/infernal/prestige): fulfillContract(Ruru (/mob/living/carbon/human), 0)
[2018-07-24 21:06:28.514] the paper- contract for presti... (/obj/item/paper/contract/infernal/prestige): attempt signature(Ruru (/mob/living/carbon/human), 0)
[2018-07-24 21:06:28.514] the paper- contract for presti... (/obj/item/paper/contract/infernal/prestige): attackby(the rainbow crayon (/obj/item/toy/crayon/rainbow), Ruru (/mob/living/carbon/human), "icon-x=12;icon-y=18;left=1;scr...")
[2018-07-24 21:06:28.514] the rainbow crayon (/obj/item/toy/crayon/rainbow): melee attack chain(Ruru (/mob/living/carbon/human), the paper- contract for presti... (/obj/item/paper/contract/infernal/prestige), "icon-x=12;icon-y=18;left=1;scr...")
[2018-07-24 21:06:28.514] Ruru (/mob/living/carbon/human): ClickOn(the paper- contract for presti... (/obj/item/paper/contract/infernal/prestige), "icon-x=12;icon-y=18;left=1;scr...")
[2018-07-24 21:06:28.514] the paper- contract for presti... (/obj/item/paper/contract/infernal/prestige): Click(null, "mapwindow.map", "icon-x=12;icon-y=18;left=1;scr...")
[2018-07-24 21:06:28.514] BoxxyBooty (/client): Click(the paper- contract for presti... (/obj/item/paper/contract/infernal/prestige), null, "mapwindow.map", "icon-x=12;icon-y=18;left=1;scr...")
[2018-07-24 21:06:28.514] 
[2018-07-24 21:07:16.729] runtime error: Cannot read 0.truename
[2018-07-24 21:07:16.729] proc name: update text (/obj/item/paper/contract/infernal/prestige/update_text)
[2018-07-24 21:07:16.729]   source file: contract.dm,129
[2018-07-24 21:07:16.729]   usr: Miner Bill (/mob/living/carbon/human)
[2018-07-24 21:07:16.729]   src: the paper- contract for presti... (/obj/item/paper/contract/infernal/prestige)
[2018-07-24 21:07:16.729]   usr.loc: the carpet (182,133,2) (/turf/open/floor/carpet)
[2018-07-24 21:07:16.729]   src.loc: the carpet (183,132,2) (/turf/open/floor/carpet)
[2018-07-24 21:07:16.729]   call stack:
[2018-07-24 21:07:16.729] the paper- contract for presti... (/obj/item/paper/contract/infernal/prestige): update text("____________", 0)
[2018-07-24 21:07:16.729] the paper- contract for presti... (/obj/item/paper/contract/infernal/prestige): New(the carpet (183,132,2) (/turf/open/floor/carpet), Ruru (/datum/mind), Miner Bill (/datum/mind))
[2018-07-24 21:07:16.729] Summon infernal contract (/obj/effect/proc_holder/spell/targeted/summon_contract): cast(/list (/list), Miner Bill (/mob/living/carbon/human))
[2018-07-24 21:07:16.729] Summon infernal contract (/obj/effect/proc_holder/spell/targeted/summon_contract): perform(/list (/list), 1, Miner Bill (/mob/living/carbon/human))
[2018-07-24 21:07:16.729] Summon infernal contract (/obj/effect/proc_holder/spell/targeted/summon_contract): choose targets(Miner Bill (/mob/living/carbon/human))
[2018-07-24 21:07:16.729] Summon infernal contract (/obj/effect/proc_holder/spell/targeted/summon_contract): Click()
[2018-07-24 21:07:16.729] Summon infernal contract (/datum/action/spell_action/spell): Trigger()
[2018-07-24 21:07:16.729] Summon infernal contract (/obj/screen/movable/action_button): Click(null, "mapwindow.map", "icon-x=19;icon-y=1;left=1;scre...")
[2018-07-24 21:07:16.729] 
[2018-07-24 21:09:28.682] runtime error: Cannot read 0.truename
[2018-07-24 21:09:28.682] proc name: update text (/obj/item/paper/contract/infernal/power/update_text)
[2018-07-24 21:09:28.682]   source file: contract.dm,115
[2018-07-24 21:09:28.682]   usr: Miner Bill (/mob/living/carbon/human)
[2018-07-24 21:09:28.682]   src: the paper- contract for infern... (/obj/item/paper/contract/infernal/power)
[2018-07-24 21:09:28.682]   usr.loc: the floor (140,128,2) (/turf/open/floor/plasteel/blue/side)
[2018-07-24 21:09:28.682]   src.loc: the floor (139,128,2) (/turf/open/floor/plasteel/blue/side)
[2018-07-24 21:09:28.682]   call stack:
[2018-07-24 21:09:28.682] the paper- contract for infern... (/obj/item/paper/contract/infernal/power): update text("____________", 0)
[2018-07-24 21:09:28.682] the paper- contract for infern... (/obj/item/paper/contract/infernal/power): New(the floor (139,128,2) (/turf/open/floor/plasteel/blue/side), Belliott Gurley (/datum/mind), Miner Bill (/datum/mind))
[2018-07-24 21:09:28.682] Summon infernal contract (/obj/effect/proc_holder/spell/targeted/summon_contract): cast(/list (/list), Miner Bill (/mob/living/carbon/human))
[2018-07-24 21:09:28.682] Summon infernal contract (/obj/effect/proc_holder/spell/targeted/summon_contract): perform(/list (/list), 1, Miner Bill (/mob/living/carbon/human))
[2018-07-24 21:09:28.682] Summon infernal contract (/obj/effect/proc_holder/spell/targeted/summon_contract): choose targets(Miner Bill (/mob/living/carbon/human))
[2018-07-24 21:09:28.682] Summon infernal contract (/obj/effect/proc_holder/spell/targeted/summon_contract): Click()
[2018-07-24 21:09:28.682] Summon infernal contract (/datum/action/spell_action/spell): Trigger()
[2018-07-24 21:09:28.682] Summon infernal contract (/obj/screen/movable/action_button): Click(null, "mapwindow.map", "icon-x=21;icon-y=18;left=1;scr...")
[2018-07-24 21:09:28.682] 
[2018-07-24 21:09:40.592] runtime error: Cannot execute 0.add soul().
[2018-07-24 21:09:40.592] proc name: fulfillContract (/obj/item/paper/contract/infernal/proc/fulfillContract)
[2018-07-24 21:09:40.592]   source file: contract.dm,260
[2018-07-24 21:09:40.592]   usr: Belliott Gurley (/mob/living/carbon/human)
[2018-07-24 21:09:40.592]   src: the paper- contract for infern... (/obj/item/paper/contract/infernal/power)
[2018-07-24 21:09:40.592]   usr.loc: the floor (137,128,2) (/turf/open/floor/plasteel/blue/corner)
[2018-07-24 21:09:40.592]   src.loc: Belliott Gurley (/mob/living/carbon/human)
[2018-07-24 21:09:40.592]   call stack:
[2018-07-24 21:09:40.592] the paper- contract for infern... (/obj/item/paper/contract/infernal/power): fulfillContract(Belliott Gurley (/mob/living/carbon/human), 0)
[2018-07-24 21:09:40.592] the paper- contract for infern... (/obj/item/paper/contract/infernal/power): fulfillContract(Belliott Gurley (/mob/living/carbon/human), 0)
[2018-07-24 21:09:40.592] the paper- contract for infern... (/obj/item/paper/contract/infernal/power): attempt signature(Belliott Gurley (/mob/living/carbon/human), 0)
[2018-07-24 21:09:40.592] the paper- contract for infern... (/obj/item/paper/contract/infernal/power): attackby(the pen (/obj/item/pen), Belliott Gurley (/mob/living/carbon/human), "icon-x=19;icon-y=18;left=1;scr...")
[2018-07-24 21:09:40.592] the pen (/obj/item/pen): melee attack chain(Belliott Gurley (/mob/living/carbon/human), the paper- contract for infern... (/obj/item/paper/contract/infernal/power), "icon-x=19;icon-y=18;left=1;scr...")
[2018-07-24 21:09:40.593] Belliott Gurley (/mob/living/carbon/human): ClickOn(the paper- contract for infern... (/obj/item/paper/contract/infernal/power), "icon-x=19;icon-y=18;left=1;scr...")
[2018-07-24 21:09:40.593] the paper- contract for infern... (/obj/item/paper/contract/infernal/power): Click(null, "mapwindow.map", "icon-x=19;icon-y=18;left=1;scr...")
[2018-07-24 21:09:40.593] Boxtastic (/client): Click(the paper- contract for infern... (/obj/item/paper/contract/infernal/power), null, "mapwindow.map", "icon-x=19;icon-y=18;left=1;scr...")
[2018-07-24 21:09:40.593] 
[2018-07-24 21:11:07.172] runtime error: Cannot read null.charge
[2018-07-24 21:11:07.172] proc name: can shoot (/obj/item/gun/energy/can_shoot)
[2018-07-24 21:11:07.173]   source file: energy.dm,82
[2018-07-24 21:11:07.173] 
[2018-07-24 21:12:48.651] runtime error: The gas flow meter taking damage after deletion
[2018-07-24 21:12:48.651] proc name: stack trace (/datum/proc/stack_trace)
[2018-07-24 21:12:48.651]   source file: unsorted.dm,1243
[2018-07-24 21:12:48.651] 
[2018-07-24 21:22:13.481] runtime error: addtimer called with a callback assigned to a qdeleted object. In the future such timers will not be supported and may refuse to run or run with a 0 wait
[2018-07-24 21:22:13.481] proc name: stack trace (/proc/stack_trace)
[2018-07-24 21:22:13.481]   source file: unsorted.dm,1240
[2018-07-24 21:22:13.481] 
[2018-07-24 21:22:13.481] runtime error: addtimer called with a callback assigned to a qdeleted object. In the future such timers will not be supported and may refuse to run or run with a 0 wait
[2018-07-24 21:22:13.481] proc name: stack trace (/proc/stack_trace)
[2018-07-24 21:22:13.481]   source file: unsorted.dm,1240
[2018-07-24 21:22:13.481] 
[2018-07-24 21:24:28.140] runtime error: Cannot read null.species
[2018-07-24 21:24:28.140] proc name: death (/mob/living/carbon/human/death)
[2018-07-24 21:24:28.140]   source file: death.dm,37
[2018-07-24 21:24:28.140] 
[2018-07-24 21:25:14.129] runtime error: Cannot read 0.truename
[2018-07-24 21:25:14.129] proc name: update text (/obj/item/paper/contract/infernal/power/update_text)
[2018-07-24 21:25:14.129]   source file: contract.dm,115
[2018-07-24 21:25:14.129] 
[2018-07-24 21:25:32.998] runtime error: Cannot read 0.truename
[2018-07-24 21:25:32.998] proc name: update text (/obj/item/paper/contract/infernal/power/update_text)
[2018-07-24 21:25:32.998]   source file: contract.dm,115
[2018-07-24 21:25:32.998] 
[2018-07-24 21:25:41.947] runtime error: Cannot execute 0.add soul().
[2018-07-24 21:25:41.947] proc name: fulfillContract (/obj/item/paper/contract/infernal/proc/fulfillContract)
[2018-07-24 21:25:41.947]   source file: contract.dm,260
[2018-07-24 21:25:41.947] 
[2018-07-24 21:27:00.686] runtime error: Cannot execute 0.add soul().
[2018-07-24 21:27:00.686] proc name: fulfillContract (/obj/item/paper/contract/infernal/proc/fulfillContract)
[2018-07-24 21:27:00.687]   source file: contract.dm,260
[2018-07-24 21:27:00.687] 
[2018-07-24 21:27:54.429] runtime error: Cannot read 0.truename
[2018-07-24 21:27:54.430] proc name: update text (/obj/item/paper/contract/infernal/power/update_text)
[2018-07-24 21:27:54.430]   source file: contract.dm,115
[2018-07-24 21:27:54.430] 
[2018-07-24 21:29:31.392] runtime error: addtimer called with a callback assigned to a qdeleted object. In the future such timers will not be supported and may refuse to run or run with a 0 wait
[2018-07-24 21:29:31.393] proc name: stack trace (/proc/stack_trace)
[2018-07-24 21:29:31.393]   source file: unsorted.dm,1240
[2018-07-24 21:29:31.393] 
[2018-07-24 21:29:31.933] runtime error: addtimer called with a callback assigned to a qdeleted object. In the future such timers will not be supported and may refuse to run or run with a 0 wait
[2018-07-24 21:29:31.933] proc name: stack trace (/proc/stack_trace)
[2018-07-24 21:29:31.933]   source file: unsorted.dm,1240
[2018-07-24 21:29:31.933] 
[2018-07-24 21:30:08.268] runtime error: addtimer called with a callback assigned to a qdeleted object. In the future such timers will not be supported and may refuse to run or run with a 0 wait
[2018-07-24 21:30:08.268] proc name: stack trace (/proc/stack_trace)
[2018-07-24 21:30:08.269]   source file: unsorted.dm,1240
[2018-07-24 21:30:08.269] 
[2018-07-24 21:30:08.269] runtime error: addtimer called with a callback assigned to a qdeleted object. In the future such timers will not be supported and may refuse to run or run with a 0 wait
[2018-07-24 21:30:08.269] proc name: stack trace (/proc/stack_trace)
[2018-07-24 21:30:08.269]   source file: unsorted.dm,1240
[2018-07-24 21:30:08.269] 
[2018-07-24 21:32:27.661] runtime error: Cannot execute null.remove reagent().
[2018-07-24 21:32:27.661] proc name: on mob life (/datum/reagent/consumable/on_mob_life)
[2018-07-24 21:32:27.661]   source file: food_reagents.dm,20
[2018-07-24 21:32:27.661] 
[2018-07-24 21:35:47.753] runtime error: Cannot read 0.truename
[2018-07-24 21:35:47.753] proc name: update text (/obj/item/paper/contract/infernal/power/update_text)
[2018-07-24 21:35:47.753]   source file: contract.dm,115
[2018-07-24 21:35:47.753] 
[2018-07-24 21:36:25.120] runtime error: addtimer called with a callback assigned to a qdeleted object. In the future such timers will not be supported and may refuse to run or run with a 0 wait
[2018-07-24 21:36:25.120] proc name: stack trace (/proc/stack_trace)
[2018-07-24 21:36:25.120]   source file: unsorted.dm,1240
[2018-07-24 21:36:25.120] 
[2018-07-24 21:36:26.155] runtime error: addtimer called with a callback assigned to a qdeleted object. In the future such timers will not be supported and may refuse to run or run with a 0 wait
[2018-07-24 21:36:26.155] proc name: stack trace (/proc/stack_trace)
[2018-07-24 21:36:26.155]   source file: unsorted.dm,1240
[2018-07-24 21:36:26.155] 
[2018-07-24 21:38:02.961] runtime error: addtimer called with a callback assigned to a qdeleted object. In the future such timers will not be supported and may refuse to run or run with a 0 wait
[2018-07-24 21:38:02.961] proc name: stack trace (/proc/stack_trace)
[2018-07-24 21:38:02.961]   source file: unsorted.dm,1240
[2018-07-24 21:38:02.961] 
[2018-07-24 21:38:03.483] runtime error: addtimer called with a callback assigned to a qdeleted object. In the future such timers will not be supported and may refuse to run or run with a 0 wait
[2018-07-24 21:38:03.483] proc name: stack trace (/proc/stack_trace)
[2018-07-24 21:38:03.483]   source file: unsorted.dm,1240
[2018-07-24 21:38:03.483] 
[2018-07-24 21:38:25.973] runtime error: addtimer called with a callback assigned to a qdeleted object. In the future such timers will not be supported and may refuse to run or run with a 0 wait
[2018-07-24 21:38:25.973] proc name: stack trace (/proc/stack_trace)
[2018-07-24 21:38:25.973]   source file: unsorted.dm,1240
[2018-07-24 21:38:25.973] 
[2018-07-24 21:38:25.974] runtime error: addtimer called with a callback assigned to a qdeleted object. In the future such timers will not be supported and may refuse to run or run with a 0 wait
[2018-07-24 21:38:25.974] proc name: stack trace (/proc/stack_trace)
[2018-07-24 21:38:25.974]   source file: unsorted.dm,1240
[2018-07-24 21:38:25.974] 
[2018-07-24 21:43:05.505] runtime error: addtimer called with a callback assigned to a qdeleted object. In the future such timers will not be supported and may refuse to run or run with a 0 wait
[2018-07-24 21:43:05.505] proc name: stack trace (/proc/stack_trace)
[2018-07-24 21:43:05.505]   source file: unsorted.dm,1240
[2018-07-24 21:43:05.505] 
[2018-07-24 21:43:05.506] runtime error: addtimer called with a callback assigned to a qdeleted object. In the future such timers will not be supported and may refuse to run or run with a 0 wait
[2018-07-24 21:43:05.506] proc name: stack trace (/proc/stack_trace)
[2018-07-24 21:43:05.506]   source file: unsorted.dm,1240
[2018-07-24 21:43:05.506] 
[2018-07-24 21:43:13.401] runtime error: addtimer called with a callback assigned to a qdeleted object. In the future such timers will not be supported and may refuse to run or run with a 0 wait
[2018-07-24 21:43:13.401] proc name: stack trace (/proc/stack_trace)
[2018-07-24 21:43:13.401]   source file: unsorted.dm,1240
[2018-07-24 21:43:13.401] 
[2018-07-24 21:43:14.056] runtime error: addtimer called with a callback assigned to a qdeleted object. In the future such timers will not be supported and may refuse to run or run with a 0 wait
[2018-07-24 21:43:14.056] proc name: stack trace (/proc/stack_trace)
[2018-07-24 21:43:14.056]   source file: unsorted.dm,1240
[2018-07-24 21:43:14.056] 
[2018-07-24 21:43:53.531] runtime error: addtimer called with a callback assigned to a qdeleted object. In the future such timers will not be supported and may refuse to run or run with a 0 wait
[2018-07-24 21:43:53.531] proc name: stack trace (/proc/stack_trace)
[2018-07-24 21:43:53.531]   source file: unsorted.dm,1240
[2018-07-24 21:43:53.531] 
[2018-07-24 21:46:01.410] runtime error: /turf/open/floor/plasteel destroy proc was called multiple times, likely due to a qdel loop in the Destroy logic
[2018-07-24 21:46:01.410] proc name: qdel (/proc/qdel)
[2018-07-24 21:46:01.410]   source file: garbage.dm,354
[2018-07-24 21:46:01.410] 
[2018-07-24 21:46:01.412] runtime error: Incorrect turf deletion
[2018-07-24 21:46:01.412] proc name: stack trace (/datum/proc/stack_trace)
[2018-07-24 21:46:01.412]   source file: unsorted.dm,1243
[2018-07-24 21:46:01.412] 
[2018-07-24 21:46:02.765] runtime error: /turf/open/floor/plasteel destroy proc was called multiple times, likely due to a qdel loop in the Destroy logic
[2018-07-24 21:46:02.765] proc name: qdel (/proc/qdel)
[2018-07-24 21:46:02.765]   source file: garbage.dm,354
[2018-07-24 21:46:02.765] 
[2018-07-24 21:46:02.766] runtime error: Incorrect turf deletion
[2018-07-24 21:46:02.766] proc name: stack trace (/datum/proc/stack_trace)
[2018-07-24 21:46:02.766]   source file: unsorted.dm,1243
[2018-07-24 21:46:02.766] 
[2018-07-24 21:49:05.481] runtime error: Cannot execute null.get reagent().
[2018-07-24 21:49:05.481] proc name: can run emote (/datum/emote/living/cough/can_run_emote)
[2018-07-24 21:49:05.481]   source file: emote.dm,63
[2018-07-24 21:49:05.481] 
[2018-07-24 21:50:22.826] runtime error: The gas flow meter taking damage after deletion
[2018-07-24 21:50:22.826] proc name: stack trace (/datum/proc/stack_trace)
[2018-07-24 21:50:22.826]   source file: unsorted.dm,1243
[2018-07-24 21:50:22.826] 
[2018-07-24 21:51:17.152] runtime error: The gas flow meter taking damage after deletion
[2018-07-24 21:51:17.152] proc name: stack trace (/datum/proc/stack_trace)
[2018-07-24 21:51:17.152]   source file: unsorted.dm,1243
[2018-07-24 21:51:17.152] 
[2018-07-24 21:53:27.978] runtime error: addtimer called with a callback assigned to a qdeleted object. In the future such timers will not be supported and may refuse to run or run with a 0 wait
[2018-07-24 21:53:27.978] proc name: stack trace (/proc/stack_trace)
[2018-07-24 21:53:27.978]   source file: unsorted.dm,1240
[2018-07-24 21:53:27.978] 
[2018-07-24 21:53:28.491] runtime error: addtimer called with a callback assigned to a qdeleted object. In the future such timers will not be supported and may refuse to run or run with a 0 wait
[2018-07-24 21:53:28.491] proc name: stack trace (/proc/stack_trace)
[2018-07-24 21:53:28.491]   source file: unsorted.dm,1240
[2018-07-24 21:53:28.491] 
[2018-07-24 21:53:32.540] runtime error: addtimer called with a callback assigned to a qdeleted object. In the future such timers will not be supported and may refuse to run or run with a 0 wait
[2018-07-24 21:53:32.540] proc name: stack trace (/proc/stack_trace)
[2018-07-24 21:53:32.540]   source file: unsorted.dm,1240
[2018-07-24 21:53:32.540] 
[2018-07-24 21:53:32.540] runtime error: addtimer called with a callback assigned to a qdeleted object. In the future such timers will not be supported and may refuse to run or run with a 0 wait
[2018-07-24 21:53:32.540] proc name: stack trace (/proc/stack_trace)
[2018-07-24 21:53:32.540]   source file: unsorted.dm,1240
[2018-07-24 21:53:32.540] 
[2018-07-24 21:53:34.179] runtime error: addtimer called with a callback assigned to a qdeleted object. In the future such timers will not be supported and may refuse to run or run with a 0 wait
[2018-07-24 21:53:34.179] proc name: stack trace (/proc/stack_trace)
[2018-07-24 21:53:34.179]   source file: unsorted.dm,1240
[2018-07-24 21:53:34.179] 
[2018-07-24 21:53:34.180] runtime error: addtimer called with a callback assigned to a qdeleted object. In the future such timers will not be supported and may refuse to run or run with a 0 wait
[2018-07-24 21:53:34.180] proc name: stack trace (/proc/stack_trace)
[2018-07-24 21:53:34.180]   source file: unsorted.dm,1240
[2018-07-24 21:53:34.180] 
[2018-07-24 21:53:34.708] runtime error: addtimer called with a callback assigned to a qdeleted object. In the future such timers will not be supported and may refuse to run or run with a 0 wait
[2018-07-24 21:53:34.708] proc name: stack trace (/proc/stack_trace)
[2018-07-24 21:53:34.708]   source file: unsorted.dm,1240
[2018-07-24 21:53:34.708] 
[2018-07-24 21:53:34.709] runtime error: addtimer called with a callback assigned to a qdeleted object. In the future such timers will not be supported and may refuse to run or run with a 0 wait
[2018-07-24 21:53:34.709] proc name: stack trace (/proc/stack_trace)
[2018-07-24 21:53:34.709]   source file: unsorted.dm,1240
[2018-07-24 21:53:34.709] 
[2018-07-24 21:53:40.086] runtime error: addtimer called with a callback assigned to a qdeleted object. In the future such timers will not be supported and may refuse to run or run with a 0 wait
[2018-07-24 21:53:40.086] proc name: stack trace (/proc/stack_trace)
[2018-07-24 21:53:40.086]   source file: unsorted.dm,1240
[2018-07-24 21:53:40.086] 
[2018-07-24 21:53:40.611] runtime error: addtimer called with a callback assigned to a qdeleted object. In the future such timers will not be supported and may refuse to run or run with a 0 wait
[2018-07-24 21:53:40.611] proc name: stack trace (/proc/stack_trace)
[2018-07-24 21:53:40.611]   source file: unsorted.dm,1240
[2018-07-24 21:53:40.611] 
[2018-07-24 21:53:55.102] Saved 21 engraved messages on map Box Station
[2018-07-24 21:55:40.780] Shutting down Persistence subsystem...
[2018-07-24 21:55:40.780] Shutting down Pathfinder subsystem...
[2018-07-24 21:55:40.780] Shutting down Squeak subsystem...
[2018-07-24 21:55:40.780] Shutting down Shuttle subsystem...
[2018-07-24 21:55:40.780] Shutting down Lighting subsystem...
[2018-07-24 21:55:40.780] Shutting down XKeyScore subsystem...
[2018-07-24 21:55:40.780] Shutting down Sticky Ban subsystem...
[2018-07-24 21:55:40.780] Shutting down Overlay subsystem...
[2018-07-24 21:55:40.826] Shutting down Icon Smoothing subsystem...
[2018-07-24 21:55:40.826] Shutting down Assets subsystem...
[2018-07-24 21:55:40.826] Shutting down Minimap subsystem...
[2018-07-24 21:55:40.826] Shutting down Atmospherics subsystem...
[2018-07-24 21:55:40.826] Shutting down Wet floors subsystem...
[2018-07-24 21:55:40.826] Shutting down Weather subsystem...
[2018-07-24 21:55:40.826] Shutting down Vote subsystem...
[2018-07-24 21:55:40.826] Shutting down Traumas subsystem...
[2018-07-24 21:55:40.826] Shutting down Title Screen subsystem...
[2018-07-24 21:55:40.828] Shutting down Time Tracking subsystem...
[2018-07-24 21:55:40.828] Shutting down Throwing subsystem...
[2018-07-24 21:55:40.828] Shutting down tgui subsystem...
[2018-07-24 21:55:40.828] Shutting down Sun subsystem...
[2018-07-24 21:55:40.828] Shutting down Space Drift subsystem...
[2018-07-24 21:55:40.828] Shutting down Religion subsystem...
[2018-07-24 21:55:40.828] Shutting down Radio subsystem...
[2018-07-24 21:55:40.828] Shutting down Radiation subsystem...
[2018-07-24 21:55:40.828] Shutting down Projectiles subsystem...
[2018-07-24 21:55:40.828] Shutting down Processing subsystem...
[2018-07-24 21:55:40.828] Shutting down Ping subsystem...
[2018-07-24 21:55:40.828] Shutting down Parallax subsystem...
[2018-07-24 21:55:40.828] Shutting down pAI subsystem...
[2018-07-24 21:55:40.828] Shutting down Orbits subsystem...
[2018-07-24 21:55:40.828] Shutting down Objects subsystem...
[2018-07-24 21:55:40.828] Shutting down NPC Pool subsystem...
[2018-07-24 21:55:40.829] Shutting down Night Shift subsystem...
[2018-07-24 21:55:40.829] Shutting down Mood subsystem...
[2018-07-24 21:55:40.829] Shutting down Mobs subsystem...
[2018-07-24 21:55:40.829] Shutting down Medals subsystem...
[2018-07-24 21:55:40.829] Shutting down Idling NPC Pool subsystem...
[2018-07-24 21:55:40.829] Shutting down Fire Burning subsystem...
[2018-07-24 21:55:40.829] Shutting down Fields subsystem...
[2018-07-24 21:55:40.829] Shutting down Fast Processing subsystem...
[2018-07-24 21:55:40.829] Shutting down Disease subsystem...
[2018-07-24 21:55:40.829] Shutting down Datum Component System subsystem...
[2018-07-24 21:55:40.829] Shutting down Communications subsystem...
[2018-07-24 21:55:40.829] Shutting down Augury subsystem...
[2018-07-24 21:55:40.829] Shutting down Acid subsystem...
[2018-07-24 21:55:40.829] Shutting down Timer subsystem...
[2018-07-24 21:55:40.829] Shutting down Circuit subsystem...
[2018-07-24 21:55:40.829] Shutting down Machines subsystem...
[2018-07-24 21:55:40.829] Shutting down Language subsystem...
[2018-07-24 21:55:40.829] Shutting down Atoms subsystem...
[2018-07-24 21:55:40.830] Shutting down Networks subsystem...
[2018-07-24 21:55:40.831] Shutting down Mapping subsystem...
[2018-07-24 21:55:40.831] Shutting down Ticker subsystem...
[2018-07-24 21:55:40.981] Shutting down Quirks subsystem...
[2018-07-24 21:55:40.981] Shutting down Jobs subsystem...
[2018-07-24 21:55:40.981] Shutting down Events subsystem...
[2018-07-24 21:55:40.981] Shutting down Research subsystem...
[2018-07-24 21:55:40.981] Shutting down Input subsystem...
[2018-07-24 21:55:40.981] Shutting down Server Tasks subsystem...
[2018-07-24 21:55:40.982] Shutting down Blackbox subsystem...
[2018-07-24 21:55:41.223] Shutting down Database subsystem...
[2018-07-24 21:55:41.263] Shutting down Garbage subsystem...
[2018-07-24 21:55:41.453] Shutdown complete
[2018-07-24 21:55:41.453] World rebooted at 21:55:41
