

Starting up round ID 261. 22:21:45
---------------------
braincrab \ Parker Haynes \ Chief Medical Officer \ NONE \ ROUNDSTART
oscswe \ Darell Shafer \ Station Engineer \ NONE \ ROUNDSTART
brhunter45 \ Adolph Mills \ Shaft Miner \ NONE \ ROUNDSTART
shawntates \ Gregory Wright \ Cook \ NONE \ ROUNDSTART
babahuhu \ Jaxson Sullivan \ Virologist \ NONE \ ROUNDSTART
luigiboiby \ Kayla Moore \ Bartender \ NONE \ ROUNDSTART
asymov \ Wesley Hussain \ Assistant \ NONE \ ROUNDSTART
Bolloeds4 \ Micah Hughes \ Chemist \ NONE \ LATEJOIN
MonkeyMan901 \ Jerry Robinson \ Cargo Technician \ NONE \ LATEJOIN
SeniorSenor125 \ Skiddle \ Clown \ NONE \ LATEJOIN
GhostyToasty \ Fedir Ruda \ Roboticist \ NONE \ LATEJOIN
DarkVaderV2 \ Charles H. Swanson \ Scientist \ NONE \ LATEJOIN
Wylenn \ Royce Shadowsorn \ Chemist \ NONE \ LATEJOIN
Gooze33 \ Brittani Skywalker \ Medical Doctor \ NONE \ LATEJOIN
SilentNoob57 \ Ludwig Humboldt \ Scientist \ NONE \ LATEJOIN
David Blanc2 \ Edwin Saylor \ Head of Security \ NONE \ LATEJOIN
Ilef \ Dana Styles \ Captain \ NONE \ LATEJOIN
RiggyMiggy \ Kyra Martins \ Chaplain \ NONE \ LATEJOIN
Aira23445 \ Payton Seidner \ Botanist \ NONE \ LATEJOIN
ZHVP \ Mr Beret \ Mime \ NONE \ LATEJOIN
