

Starting up round ID 868. 04:47:19
---------------------
Initialized Database subsystem within 0 seconds!
Initialized Blackbox subsystem within 0 seconds!
Initialized Server Tasks subsystem within 0 seconds!
Initialized Input subsystem within 0 seconds!
Initialized Research subsystem within 0 seconds!
Initialized Events subsystem within 0 seconds!
Initialized Jobs subsystem within 0 seconds!
Initialized Traits subsystem within 0 seconds!
Initialized Ticker subsystem within 0 seconds!
Loading Box Station...
Loaded Station in 6.1s!
Loaded Lavaland in 6s!
Loaded Reebe in 6.4s!
Ruin loader finished with 0 left to spend.
Ruin loader finished with 0 left to spend.
Initialized Mapping subsystem within 33.8 seconds!
Initialized Networks subsystem within 0 seconds!
runtime error: 
[04:48:03]Bad areastring path for Vacant Office APC, area/security/vacantoffice
[04:48:03]proc name: stack trace (/datum/proc/stack_trace)
[04:48:03]  source file: unsorted.dm,1257
[04:48:03]  usr: null
[04:48:03]  src: Vacant Office APC (/obj/machinery/power/apc)
[04:48:03]  src.loc: the floor (88,129,2) (/turf/open/floor/plasteel/grimy)
[04:48:03]  call stack:
[04:48:03]Vacant Office APC (/obj/machinery/power/apc): stack trace("Bad areastring path for Vacant...")
[04:48:03]Vacant Office APC (/obj/machinery/power/apc): Initialize(1)
[04:48:03]Atoms (/datum/controller/subsystem/atoms): InitAtom(Vacant Office APC (/obj/machinery/power/apc), /list (/list))
[04:48:03]Atoms (/datum/controller/subsystem/atoms): InitializeAtoms(null)
[04:48:03]Atoms (/datum/controller/subsystem/atoms): Initialize(172767)
[04:48:03]Master (/datum/controller/master): Initialize(10, 0)
### VarEdit by LuigiBoiBY/(LuigiBoiBY): /turf/closed/indestructible/splashscreen icon=icons/default_title.dmi => oof26.png
### VarEdit by LuigiBoiBY/(LuigiBoiBY): /turf/closed/indestructible/splashscreen icon=oof26.png => dabbg - Copy.png
Initialized Atoms subsystem within 47.3 seconds!
Initialized Language subsystem within 0 seconds!
Initialized Machines subsystem within 0.3 seconds!
Initialized Circuit subsystem within 0.1 seconds!
Initialized Disease subsystem within 0 seconds!
Initialized Medals subsystem within 0 seconds!
Initialized Night Shift subsystem within 0 seconds!
Initialized Parallax subsystem within 0 seconds!
Initialized Traumas subsystem within 0.1 seconds!
Initialized Weather subsystem within 0 seconds!
## WARNING: There are 22 active turfs at roundstart, this is a mapping error caused by a difference of the air between the adjacent turfs. You can see its coordinates using "Mapping -> Show roundstart AT list" verb (debug verbs required)
## WARNING: HEY! LISTEN! 0.2 seconds were wasted processing 22 turf(s) (connected to 3239 other turfs) with atmos differences at round start.
## WARNING: build_pipeline(): /obj/machinery/atmospherics/pipe/simple/supply/hidden added to a pipenet while still having one. (pipes leading to the same spot stacking in one turf) Nearby: (108, 118, 2)
## WARNING: build_pipeline(): /obj/machinery/atmospherics/pipe/manifold/supply/hidden added to a pipenet while still having one. (pipes leading to the same spot stacking in one turf) Nearby: (106, 118, 2)
## WARNING: build_pipeline(): /obj/machinery/atmospherics/pipe/simple/supply/hidden added to a pipenet while still having one. (pipes leading to the same spot stacking in one turf) Nearby: (109, 118, 2)
## WARNING: build_pipeline(): /obj/machinery/atmospherics/pipe/simple/supply/hidden added to a pipenet while still having one. (pipes leading to the same spot stacking in one turf) Nearby: (107, 118, 2)
## WARNING: build_pipeline(): /obj/machinery/atmospherics/pipe/simple/supply/hidden added to a pipenet while still having one. (pipes leading to the same spot stacking in one turf) Nearby: (106, 119, 2)
## WARNING: build_pipeline(): /obj/machinery/atmospherics/pipe/simple/supply/hidden added to a pipenet while still having one. (pipes leading to the same spot stacking in one turf) Nearby: (106, 117, 2)
## WARNING: build_pipeline(): /obj/machinery/atmospherics/pipe/simple/supply/hidden added to a pipenet while still having one. (pipes leading to the same spot stacking in one turf) Nearby: (106, 120, 2)
## WARNING: build_pipeline(): /obj/machinery/atmospherics/pipe/simple/supply/hidden added to a pipenet while still having one. (pipes leading to the same spot stacking in one turf) Nearby: (106, 116, 2)
## WARNING: build_pipeline(): /obj/machinery/atmospherics/pipe/simple/supply/hidden added to a pipenet while still having one. (pipes leading to the same spot stacking in one turf) Nearby: (106, 121, 2)
## WARNING: build_pipeline(): /obj/machinery/atmospherics/pipe/simple/supply/hidden added to a pipenet while still having one. (pipes leading to the same spot stacking in one turf) Nearby: (106, 115, 2)
## WARNING: build_pipeline(): further messages about pipenets will be supressed
Initialized Atmospherics subsystem within 15.3 seconds!
Initialized Minimap subsystem within 0.3 seconds!
Initialized Assets subsystem within 0.8 seconds!
Initialized Icon Smoothing subsystem within 6.5 seconds!
### VarEdit by CthulhuOnIce/(CthulhuOnIce): /turf/closed/indestructible/splashscreen icon=dabbg - Copy.png => BeeStation2.png
Initialized Overlay subsystem within 25.7 seconds!
Initialized XKeyScore subsystem within 0 seconds!
Initialized Sticky Ban subsystem within 0 seconds!
Initialized Lighting subsystem within 14.3 seconds!
Initialized Shuttle subsystem within 25.4 seconds!
Initialized Squeak subsystem within 0 seconds!
Initialized pathfinder subsystem within 0 seconds!
Loaded 119 engraved messages on map Box Station
Initialized Persistence subsystem within 0.1 seconds!
Initializations complete within 170.2 seconds!
Game start took 12.3s
runtime error: 
[04:52:48]nothing to animate
[04:52:48]proc name: shake camera (/proc/shake_camera)
[04:52:48]  source file: mob_helpers.dm,270
[04:52:48]  usr: (src)
[04:52:48]  src: null
[04:52:48]  call stack:
[04:52:48]shake camera(Spike Stocker (/mob/living/carbon/human), 0.75, 1)
[04:52:48]Spike Stocker (/mob/living/carbon/human): afterShuttleMove(space (23,19,13) (/turf/open/space/transit/west), /list (/list), 8, 8, 8, 0)
[04:52:48]Spike Stocker (/mob/living/carbon/human): afterShuttleMove(space (23,19,13) (/turf/open/space/transit/west), /list (/list), 8, 8, 8, 0)
[04:52:48]the arrivals shuttle (/obj/docking_port/mobile/arrivals): cleanup runway(the arrivals (/obj/docking_port/stationary), /list (/list), /list (/list), /list (/list), /list (/list), 0, 8, Space (/area/space), /turf/open/space/transit/west (/turf/open/space/transit/west), /turf/open/space (/turf/open/space))
[04:52:48]the arrivals shuttle (/obj/docking_port/mobile/arrivals): initiate docking(the arrivals (/obj/docking_port/stationary), 8, 0)
[04:52:48]the arrivals shuttle (/obj/docking_port/mobile/arrivals): initiate docking(the arrivals (/obj/docking_port/stationary), 8)
[04:52:48]the arrivals shuttle (/obj/docking_port/mobile/arrivals): check()
[04:52:48]the arrivals shuttle (/obj/docking_port/mobile/arrivals): check()
[04:52:48]Shuttle (/datum/controller/subsystem/shuttle): fire(0)
[04:52:48]Shuttle (/datum/controller/subsystem/shuttle): ignite(0)
runtime error: 
[05:02:43]type mismatch: -20 + 'sound/weapons/bladeslice.ogg'
[05:02:43]proc name: Butcher (/datum/component/butchering/proc/Butcher)
[05:02:43]  source file: butchering.dm,23
[05:02:43]  usr: Matt Yevpraksiya (/mob/living/carbon/human)
[05:02:43]  src: /datum/component/butchering (/datum/component/butchering)
[05:02:43]  usr.loc: the floor (138,132,2) (/turf/open/floor/plasteel/bar)
[05:02:43]  call stack:
[05:02:43]/datum/component/butchering (/datum/component/butchering): Butcher(Matt Yevpraksiya (/mob/living/carbon/human), Scatter III (/mob/living/carbon/monkey/punpun))
[05:02:43]Scatter III (/mob/living/carbon/monkey/punpun): attackby(the fire axe (Wielded) (/obj/item/twohanded/fireaxe), Matt Yevpraksiya (/mob/living/carbon/human), "icon-x=18;icon-y=19;left=1;scr...")
[05:02:43]Scatter III (/mob/living/carbon/monkey/punpun): attackby(the fire axe (Wielded) (/obj/item/twohanded/fireaxe), Matt Yevpraksiya (/mob/living/carbon/human), "icon-x=18;icon-y=19;left=1;scr...")
[05:02:43]Scatter III (/mob/living/carbon/monkey/punpun): attackby(the fire axe (Wielded) (/obj/item/twohanded/fireaxe), Matt Yevpraksiya (/mob/living/carbon/human), "icon-x=18;icon-y=19;left=1;scr...")
[05:02:43]the fire axe (Wielded) (/obj/item/twohanded/fireaxe): melee attack chain(Matt Yevpraksiya (/mob/living/carbon/human), Scatter III (/mob/living/carbon/monkey/punpun), "icon-x=18;icon-y=19;left=1;scr...")
[05:02:43]Matt Yevpraksiya (/mob/living/carbon/human): ClickOn(Scatter III (/mob/living/carbon/monkey/punpun), "icon-x=18;icon-y=19;left=1;scr...")
[05:02:43]Scatter III (/mob/living/carbon/monkey/punpun): Click(the floor (139,132,2) (/turf/open/floor/plasteel/bar), "mapwindow.map", "icon-x=18;icon-y=19;left=1;scr...")
runtime error: 
[05:05:40]nothing to animate
[05:05:40]proc name: shake camera (/proc/shake_camera)
[05:05:40]  source file: mob_helpers.dm,270
[05:05:40]  usr: (src)
[05:05:40]  src: null
[05:05:40]  call stack:
[05:05:40]shake camera(Andres Elliott (/mob/living/carbon/human), 0.75, 1)
[05:05:40]Andres Elliott (/mob/living/carbon/human): afterShuttleMove(space (18,20,13) (/turf/open/space/transit/north), /list (/list), 8, 1, 1, 0)
[05:05:40]Andres Elliott (/mob/living/carbon/human): afterShuttleMove(space (18,20,13) (/turf/open/space/transit/north), /list (/list), 8, 1, 1, 0)
[05:05:40]the mining shuttle (/obj/docking_port/mobile): cleanup runway(the lavaland mine (/obj/docking_port/stationary), /list (/list), /list (/list), /list (/list), /list (/list), 0, 1, Space (/area/space), /turf/open/space/transit/north (/turf/open/space/transit/north), /turf/open/space (/turf/open/space))
[05:05:40]the mining shuttle (/obj/docking_port/mobile): initiate docking(the lavaland mine (/obj/docking_port/stationary), 1, 0)
[05:05:40]the mining shuttle (/obj/docking_port/mobile): check()
[05:05:40]Shuttle (/datum/controller/subsystem/shuttle): fire(0)
[05:05:40]Shuttle (/datum/controller/subsystem/shuttle): ignite(0)
runtime error: 
[05:07:39]Cannot read null.loc
[05:07:39]proc name: update parallax (/datum/hud/proc/update_parallax)
[05:07:39]  source file: parallax.dm,170
[05:07:39]  usr: Bara (/mob/living/brain)
[05:07:39]  src: /datum/hud (/datum/hud)
[05:07:39]  usr.loc: Bara\'s brain (/obj/item/organ/brain)
[05:07:39]  call stack:
[05:07:39]/datum/hud (/datum/hud): update parallax()
[05:07:39]/datum/hud (/datum/hud): update parallax pref(Bara (/mob/living/brain))
[05:07:39]/datum/hud (/datum/hud): show hud(1, null)
[05:07:39]Bara (/mob/living/brain): Login()
[05:07:39]Bara (/mob/living/brain): Login()
[05:07:39]Bara (/datum/mind): transfer to(Bara (/mob/living/brain), 0)
[05:07:39]Bara\'s brain (/obj/item/organ/brain): transfer identity(Bara (/mob/living/carbon/human))
[05:07:39]Bara\'s brain (/obj/item/organ/brain): Remove(Bara (/mob/living/carbon/human), 0, 0)
[05:07:39]manipulate organs (/datum/surgery_step/manipulate_organs): success(Pepsiman (/mob/living/carbon/human), Bara (/mob/living/carbon/human), "head", the hemostat (/obj/item/hemostat), organ manipulation (/datum/surgery/organ_manipulation))
[05:07:39]manipulate organs (/datum/surgery_step/manipulate_organs): initiate(Pepsiman (/mob/living/carbon/human), Bara (/mob/living/carbon/human), "head", the hemostat (/obj/item/hemostat), organ manipulation (/datum/surgery/organ_manipulation), 0)
[05:07:39]manipulate organs (/datum/surgery_step/manipulate_organs): try op(Pepsiman (/mob/living/carbon/human), Bara (/mob/living/carbon/human), "head", the hemostat (/obj/item/hemostat), organ manipulation (/datum/surgery/organ_manipulation), 0)
[05:07:39]organ manipulation (/datum/surgery/organ_manipulation): next step(Pepsiman (/mob/living/carbon/human), null)
[05:07:39]Bara (/mob/living/carbon/human): attackby(the hemostat (/obj/item/hemostat), Pepsiman (/mob/living/carbon/human), "icon-x=14;icon-y=16;left=1;scr...")
[05:07:39]the hemostat (/obj/item/hemostat): melee attack chain(Pepsiman (/mob/living/carbon/human), Bara (/mob/living/carbon/human), "icon-x=14;icon-y=16;left=1;scr...")
[05:07:39]Pepsiman (/mob/living/carbon/human): ClickOn(Bara (/mob/living/carbon/human), "icon-x=14;icon-y=16;left=1;scr...")
[05:07:39]Bara (/mob/living/carbon/human): Click(the floor (167,118,2) (/turf/open/floor/plasteel/dark), "mapwindow.map", "icon-x=14;icon-y=16;left=1;scr...")
## WARNING: couldn't find shuttle with id:  in code/controllers/subsystem/shuttle.dm at line 209 src: Shuttle usr: Adamantine Quartzite.
runtime error: 
[05:13:20]addtimer called with a callback assigned to a qdeleted object
[05:13:20]proc name: stack trace (/proc/stack_trace)
[05:13:20]  source file: unsorted.dm,1254
[05:13:20]  usr: Matt Yevpraksiya (/mob/living/carbon/human)
[05:13:20]  src: null
[05:13:20]  usr.loc: the floor (179,118,2) (/turf/open/floor/plasteel/white/side)
[05:13:20]  call stack:
[05:13:20]stack trace("addtimer called with a callbac...")
[05:13:20]addtimer(/datum/callback (/datum/callback), 20, 0)
[05:13:20]/datum/effect_system/spark_spr... (/datum/effect_system/spark_spread): generate effect()
[05:13:20]world: ImmediateInvokeAsync(/datum/effect_system/spark_spr... (/datum/effect_system/spark_spread), /datum/effect_system/proc/gene... (/datum/effect_system/proc/generate_effect))
runtime error: 
[05:13:20]addtimer called with a callback assigned to a qdeleted object
[05:13:20]proc name: stack trace (/proc/stack_trace)
[05:13:20]  source file: unsorted.dm,1254
[05:13:20]  usr: Matt Yevpraksiya (/mob/living/carbon/human)
[05:13:20]  src: null
[05:13:20]  usr.loc: the floor (179,118,2) (/turf/open/floor/plasteel/white/side)
[05:13:20]  call stack:
[05:13:20]stack trace("addtimer called with a callbac...")
[05:13:20]addtimer(/datum/callback (/datum/callback), 20, 0)
[05:13:20]/datum/effect_system/spark_spr... (/datum/effect_system/spark_spread): generate effect()
[05:13:20]world: ImmediateInvokeAsync(/datum/effect_system/spark_spr... (/datum/effect_system/spark_spread), /datum/effect_system/proc/gene... (/datum/effect_system/proc/generate_effect))
Saved 119 engraved messages on map Box Station
runtime error: 
[05:30:01]list index out of bounds
[05:30:01]proc name: nullifyPipenet (/obj/machinery/atmospherics/components/proc/nullifyPipenet)
[05:30:01]  source file: components_base.dm,75
[05:30:01]  usr: Kayla Moore (/mob/dead/observer)
[05:30:01]  src: the Head of Personnel\'s Offic... (/obj/machinery/atmospherics/components/unary/vent_pump/on)
[05:30:01]  usr.loc: space (104,166,2) (/turf/open/space)
[05:30:01]  src.loc: the floor (109,119,2) (/turf/open/floor/wood)
[05:30:01]  call stack:
[05:30:01]the Head of Personnel\'s Offic... (/obj/machinery/atmospherics/components/unary/vent_pump/on): nullifyPipenet(/datum/pipeline (/datum/pipeline))
[05:30:01]/datum/pipeline (/datum/pipeline): Destroy(0)
[05:30:01]qdel(/datum/pipeline (/datum/pipeline), 0)
[05:30:01]the scrubbers pipe (/obj/machinery/atmospherics/pipe/simple/scrubbers/hidden): destroy network()
[05:30:01]the scrubbers pipe (/obj/machinery/atmospherics/pipe/simple/scrubbers/hidden): disconnect(the scrubbers pipe (/obj/machinery/atmospherics/pipe/simple/scrubbers/hidden))
[05:30:01]the scrubbers pipe (/obj/machinery/atmospherics/pipe/simple/scrubbers/hidden): nullifyNode(1)
[05:30:01]the scrubbers pipe (/obj/machinery/atmospherics/pipe/simple/scrubbers/hidden): nullifyNode(1)
[05:30:01]the scrubbers pipe (/obj/machinery/atmospherics/pipe/simple/scrubbers/hidden): Destroy(0)
[05:30:01]the scrubbers pipe (/obj/machinery/atmospherics/pipe/simple/scrubbers/hidden): Destroy(0)
[05:30:01]qdel(the scrubbers pipe (/obj/machinery/atmospherics/pipe/simple/scrubbers/hidden), 0)
[05:30:01]the scrubbers pipe (/obj/machinery/atmospherics/pipe/simple/scrubbers/hidden): ex act(1, null)
[05:30:01]the plating (103,168,2) (/turf/open/floor/plating): contents explosion(1, null)
[05:30:01]the plating (103,168,2) (/turf/open/floor/plating): ex act(1, null)
[05:30:01]the plating (103,168,2) (/turf/open/floor/plating): ex act(1, null)
[05:30:01]/datum/explosion (/datum/explosion): New(space (104,166,2) (/turf/open/space), 3, 5, 7, 5, 1, 1, 0, 0, 0)
runtime error: 
[05:30:01]list index out of bounds
[05:30:01]proc name: nullifyPipenet (/obj/machinery/atmospherics/components/proc/nullifyPipenet)
[05:30:01]  source file: components_base.dm,75
[05:30:01]  usr: Kayla Moore (/mob/dead/observer)
[05:30:01]  src: the Head of Personnel\'s Offic... (/obj/machinery/atmospherics/components/unary/vent_pump/on)
[05:30:01]  usr.loc: space (104,166,2) (/turf/open/space)
[05:30:01]  src.loc: the floor (105,115,2) (/turf/open/floor/plasteel)
[05:30:01]  call stack:
[05:30:01]the Head of Personnel\'s Offic... (/obj/machinery/atmospherics/components/unary/vent_pump/on): nullifyPipenet(/datum/pipeline (/datum/pipeline))
[05:30:01]/datum/pipeline (/datum/pipeline): Destroy(0)
[05:30:01]qdel(/datum/pipeline (/datum/pipeline), 0)
[05:30:01]the scrubbers pipe (/obj/machinery/atmospherics/pipe/simple/scrubbers/hidden): destroy network()
[05:30:01]the scrubbers pipe (/obj/machinery/atmospherics/pipe/simple/scrubbers/hidden): disconnect(the scrubbers pipe (/obj/machinery/atmospherics/pipe/simple/scrubbers/hidden))
[05:30:01]the scrubbers pipe (/obj/machinery/atmospherics/pipe/simple/scrubbers/hidden): nullifyNode(1)
[05:30:01]the scrubbers pipe (/obj/machinery/atmospherics/pipe/simple/scrubbers/hidden): nullifyNode(1)
[05:30:01]the scrubbers pipe (/obj/machinery/atmospherics/pipe/simple/scrubbers/hidden): Destroy(0)
[05:30:01]the scrubbers pipe (/obj/machinery/atmospherics/pipe/simple/scrubbers/hidden): Destroy(0)
[05:30:01]qdel(the scrubbers pipe (/obj/machinery/atmospherics/pipe/simple/scrubbers/hidden), 0)
[05:30:01]the scrubbers pipe (/obj/machinery/atmospherics/pipe/simple/scrubbers/hidden): ex act(1, null)
[05:30:01]the plating (103,168,2) (/turf/open/floor/plating): contents explosion(1, null)
[05:30:01]the plating (103,168,2) (/turf/open/floor/plating): ex act(1, null)
[05:30:01]the plating (103,168,2) (/turf/open/floor/plating): ex act(1, null)
[05:30:01]/datum/explosion (/datum/explosion): New(space (104,166,2) (/turf/open/space), 3, 5, 7, 5, 1, 1, 0, 0, 0)
runtime error: 
[05:30:01]list index out of bounds
[05:30:01]proc name: nullifyPipenet (/obj/machinery/atmospherics/components/proc/nullifyPipenet)
[05:30:01]  source file: components_base.dm,75
[05:30:01]  usr: Kayla Moore (/mob/dead/observer)
[05:30:01]  src: the Heads of Staff Meeting Roo... (/obj/machinery/atmospherics/components/unary/vent_pump/on)
[05:30:01]  usr.loc: space (104,166,2) (/turf/open/space)
[05:30:01]  src.loc: the carpet (102,130,2) (/turf/open/floor/carpet)
[05:30:01]  call stack:
[05:30:01]the Heads of Staff Meeting Roo... (/obj/machinery/atmospherics/components/unary/vent_pump/on): nullifyPipenet(/datum/pipeline (/datum/pipeline))
[05:30:01]/datum/pipeline (/datum/pipeline): Destroy(0)
[05:30:01]qdel(/datum/pipeline (/datum/pipeline), 0)
[05:30:01]the scrubbers pipe (/obj/machinery/atmospherics/pipe/simple/scrubbers/hidden): destroy network()
[05:30:01]the scrubbers pipe (/obj/machinery/atmospherics/pipe/simple/scrubbers/hidden): disconnect(the scrubbers pipe (/obj/machinery/atmospherics/pipe/simple/scrubbers/hidden))
[05:30:01]the scrubbers pipe (/obj/machinery/atmospherics/pipe/simple/scrubbers/hidden): nullifyNode(1)
[05:30:01]the scrubbers pipe (/obj/machinery/atmospherics/pipe/simple/scrubbers/hidden): nullifyNode(1)
[05:30:01]the scrubbers pipe (/obj/machinery/atmospherics/pipe/simple/scrubbers/hidden): Destroy(0)
[05:30:01]the scrubbers pipe (/obj/machinery/atmospherics/pipe/simple/scrubbers/hidden): Destroy(0)
[05:30:01]qdel(the scrubbers pipe (/obj/machinery/atmospherics/pipe/simple/scrubbers/hidden), 0)
[05:30:01]the scrubbers pipe (/obj/machinery/atmospherics/pipe/simple/scrubbers/hidden): ex act(1, null)
[05:30:01]the plating (103,168,2) (/turf/open/floor/plating): contents explosion(1, null)
[05:30:01]the plating (103,168,2) (/turf/open/floor/plating): ex act(1, null)
[05:30:01]the plating (103,168,2) (/turf/open/floor/plating): ex act(1, null)
[05:30:01]/datum/explosion (/datum/explosion): New(space (104,166,2) (/turf/open/space), 3, 5, 7, 5, 1, 1, 0, 0, 0)
runtime error: 
[05:30:01]list index out of bounds
[05:30:01]proc name: nullifyPipenet (/obj/machinery/atmospherics/components/proc/nullifyPipenet)
[05:30:01]  source file: components_base.dm,75
[05:30:01]  usr: Kayla Moore (/mob/dead/observer)
[05:30:01]  src: the Bridge vent pump #1 (/obj/machinery/atmospherics/components/unary/vent_pump/on)
[05:30:01]  usr.loc: space (104,166,2) (/turf/open/space)
[05:30:01]  src.loc: the floor (117,136,2) (/turf/open/floor/plasteel)
[05:30:01]  call stack:
[05:30:01]the Bridge vent pump #1 (/obj/machinery/atmospherics/components/unary/vent_pump/on): nullifyPipenet(/datum/pipeline (/datum/pipeline))
[05:30:01]/datum/pipeline (/datum/pipeline): Destroy(0)
[05:30:01]qdel(/datum/pipeline (/datum/pipeline), 0)
[05:30:01]the scrubbers pipe (/obj/machinery/atmospherics/pipe/simple/scrubbers/hidden): destroy network()
[05:30:01]the scrubbers pipe (/obj/machinery/atmospherics/pipe/simple/scrubbers/hidden): disconnect(the scrubbers pipe (/obj/machinery/atmospherics/pipe/simple/scrubbers/hidden))
[05:30:01]the scrubbers pipe (/obj/machinery/atmospherics/pipe/simple/scrubbers/hidden): nullifyNode(1)
[05:30:01]the scrubbers pipe (/obj/machinery/atmospherics/pipe/simple/scrubbers/hidden): nullifyNode(1)
[05:30:01]the scrubbers pipe (/obj/machinery/atmospherics/pipe/simple/scrubbers/hidden): Destroy(0)
[05:30:01]the scrubbers pipe (/obj/machinery/atmospherics/pipe/simple/scrubbers/hidden): Destroy(0)
[05:30:01]qdel(the scrubbers pipe (/obj/machinery/atmospherics/pipe/simple/scrubbers/hidden), 0)
[05:30:01]the scrubbers pipe (/obj/machinery/atmospherics/pipe/simple/scrubbers/hidden): ex act(1, null)
[05:30:01]the plating (103,168,2) (/turf/open/floor/plating): contents explosion(1, null)
[05:30:01]the plating (103,168,2) (/turf/open/floor/plating): ex act(1, null)
[05:30:01]the plating (103,168,2) (/turf/open/floor/plating): ex act(1, null)
[05:30:01]/datum/explosion (/datum/explosion): New(space (104,166,2) (/turf/open/space), 3, 5, 7, 5, 1, 1, 0, 0, 0)
runtime error: 
[05:30:01]list index out of bounds
[05:30:01]proc name: nullifyPipenet (/obj/machinery/atmospherics/components/proc/nullifyPipenet)
[05:30:01]  source file: components_base.dm,75
[05:30:01]  usr: Kayla Moore (/mob/dead/observer)
[05:30:01]  src: the Captain\'s Office vent pum... (/obj/machinery/atmospherics/components/unary/vent_pump/on)
[05:30:01]  usr.loc: space (104,166,2) (/turf/open/space)
[05:30:01]  src.loc: the carpet (123,131,2) (/turf/open/floor/carpet)
[05:30:01]  call stack:
[05:30:01]the Captain\'s Office vent pum... (/obj/machinery/atmospherics/components/unary/vent_pump/on): nullifyPipenet(/datum/pipeline (/datum/pipeline))
[05:30:01]/datum/pipeline (/datum/pipeline): Destroy(0)
[05:30:01]qdel(/datum/pipeline (/datum/pipeline), 0)
[05:30:01]the scrubbers pipe (/obj/machinery/atmospherics/pipe/simple/scrubbers/hidden): destroy network()
[05:30:01]the scrubbers pipe (/obj/machinery/atmospherics/pipe/simple/scrubbers/hidden): disconnect(the scrubbers pipe (/obj/machinery/atmospherics/pipe/simple/scrubbers/hidden))
[05:30:01]the scrubbers pipe (/obj/machinery/atmospherics/pipe/simple/scrubbers/hidden): nullifyNode(1)
[05:30:01]the scrubbers pipe (/obj/machinery/atmospherics/pipe/simple/scrubbers/hidden): nullifyNode(1)
[05:30:01]the scrubbers pipe (/obj/machinery/atmospherics/pipe/simple/scrubbers/hidden): Destroy(0)
[05:30:01]the scrubbers pipe (/obj/machinery/atmospherics/pipe/simple/scrubbers/hidden): Destroy(0)
[05:30:01]qdel(the scrubbers pipe (/obj/machinery/atmospherics/pipe/simple/scrubbers/hidden), 0)
[05:30:01]the scrubbers pipe (/obj/machinery/atmospherics/pipe/simple/scrubbers/hidden): ex act(1, null)
[05:30:01]the plating (103,168,2) (/turf/open/floor/plating): contents explosion(1, null)
[05:30:01]the plating (103,168,2) (/turf/open/floor/plating): ex act(1, null)
[05:30:01]the plating (103,168,2) (/turf/open/floor/plating): ex act(1, null)
[05:30:01]/datum/explosion (/datum/explosion): New(space (104,166,2) (/turf/open/space), 3, 5, 7, 5, 1, 1, 0, 0, 0)
runtime error: 
[05:30:01]list index out of bounds
[05:30:01]proc name: nullifyPipenet (/obj/machinery/atmospherics/components/proc/nullifyPipenet)
[05:30:01]  source file: components_base.dm,75
[05:30:01]  usr: Kayla Moore (/mob/dead/observer)
[05:30:01]  src: the AI Upload Chamber vent pum... (/obj/machinery/atmospherics/components/unary/vent_pump/on)
[05:30:01]  usr.loc: space (104,166,2) (/turf/open/space)
[05:30:01]  src.loc: the floor (116,128,2) (/turf/open/floor/plasteel/dark)
[05:30:01]  call stack:
[05:30:01]the AI Upload Chamber vent pum... (/obj/machinery/atmospherics/components/unary/vent_pump/on): nullifyPipenet(/datum/pipeline (/datum/pipeline))
[05:30:01]/datum/pipeline (/datum/pipeline): Destroy(0)
[05:30:01]qdel(/datum/pipeline (/datum/pipeline), 0)
[05:30:01]the scrubbers pipe (/obj/machinery/atmospherics/pipe/simple/scrubbers/hidden): destroy network()
[05:30:01]the scrubbers pipe (/obj/machinery/atmospherics/pipe/simple/scrubbers/hidden): disconnect(the scrubbers pipe (/obj/machinery/atmospherics/pipe/simple/scrubbers/hidden))
[05:30:01]the scrubbers pipe (/obj/machinery/atmospherics/pipe/simple/scrubbers/hidden): nullifyNode(1)
[05:30:01]the scrubbers pipe (/obj/machinery/atmospherics/pipe/simple/scrubbers/hidden): nullifyNode(1)
[05:30:01]the scrubbers pipe (/obj/machinery/atmospherics/pipe/simple/scrubbers/hidden): Destroy(0)
[05:30:01]the scrubbers pipe (/obj/machinery/atmospherics/pipe/simple/scrubbers/hidden): Destroy(0)
[05:30:01]qdel(the scrubbers pipe (/obj/machinery/atmospherics/pipe/simple/scrubbers/hidden), 0)
[05:30:01]the scrubbers pipe (/obj/machinery/atmospherics/pipe/simple/scrubbers/hidden): ex act(1, null)
[05:30:01]the plating (103,168,2) (/turf/open/floor/plating): contents explosion(1, null)
[05:30:01]the plating (103,168,2) (/turf/open/floor/plating): ex act(1, null)
[05:30:01]the plating (103,168,2) (/turf/open/floor/plating): ex act(1, null)
[05:30:01]/datum/explosion (/datum/explosion): New(space (104,166,2) (/turf/open/space), 3, 5, 7, 5, 1, 1, 0, 0, 0)
runtime error: 
[05:30:01]list index out of bounds
[05:30:01]proc name: nullifyPipenet (/obj/machinery/atmospherics/components/proc/nullifyPipenet)
[05:30:01]  source file: components_base.dm,75
[05:30:01]  usr: Kayla Moore (/mob/dead/observer)
[05:30:01]  src: the Gravity Generator Room ven... (/obj/machinery/atmospherics/components/unary/vent_pump/on)
[05:30:01]  usr.loc: space (104,166,2) (/turf/open/space)
[05:30:01]  src.loc: the floor (115,123,2) (/turf/open/floor/plasteel/dark)
[05:30:01]  call stack:
[05:30:01]the Gravity Generator Room ven... (/obj/machinery/atmospherics/components/unary/vent_pump/on): nullifyPipenet(/datum/pipeline (/datum/pipeline))
[05:30:01]/datum/pipeline (/datum/pipeline): Destroy(0)
[05:30:01]qdel(/datum/pipeline (/datum/pipeline), 0)
[05:30:01]the scrubbers pipe (/obj/machinery/atmospherics/pipe/simple/scrubbers/hidden): destroy network()
[05:30:01]the scrubbers pipe (/obj/machinery/atmospherics/pipe/simple/scrubbers/hidden): disconnect(the scrubbers pipe (/obj/machinery/atmospherics/pipe/simple/scrubbers/hidden))
[05:30:01]the scrubbers pipe (/obj/machinery/atmospherics/pipe/simple/scrubbers/hidden): nullifyNode(1)
[05:30:01]the scrubbers pipe (/obj/machinery/atmospherics/pipe/simple/scrubbers/hidden): nullifyNode(1)
[05:30:01]the scrubbers pipe (/obj/machinery/atmospherics/pipe/simple/scrubbers/hidden): Destroy(0)
[05:30:01]the scrubbers pipe (/obj/machinery/atmospherics/pipe/simple/scrubbers/hidden): Destroy(0)
[05:30:01]qdel(the scrubbers pipe (/obj/machinery/atmospherics/pipe/simple/scrubbers/hidden), 0)
[05:30:01]the scrubbers pipe (/obj/machinery/atmospherics/pipe/simple/scrubbers/hidden): ex act(1, null)
[05:30:01]the plating (103,168,2) (/turf/open/floor/plating): contents explosion(1, null)
[05:30:01]the plating (103,168,2) (/turf/open/floor/plating): ex act(1, null)
[05:30:01]the plating (103,168,2) (/turf/open/floor/plating): ex act(1, null)
[05:30:01]/datum/explosion (/datum/explosion): New(space (104,166,2) (/turf/open/space), 3, 5, 7, 5, 1, 1, 0, 0, 0)
runtime error: 
[05:30:01]list index out of bounds
[05:30:01]proc name: nullifyPipenet (/obj/machinery/atmospherics/components/proc/nullifyPipenet)
[05:30:01]  source file: components_base.dm,75
[05:30:01]  usr: Kayla Moore (/mob/dead/observer)
[05:30:01]  src: the Captain\'s Office vent pum... (/obj/machinery/atmospherics/components/unary/vent_pump/on)
[05:30:01]  usr.loc: space (104,166,2) (/turf/open/space)
[05:30:01]  src.loc: the carpet (122,122,2) (/turf/open/floor/carpet)
[05:30:01]  call stack:
[05:30:01]the Captain\'s Office vent pum... (/obj/machinery/atmospherics/components/unary/vent_pump/on): nullifyPipenet(/datum/pipeline (/datum/pipeline))
[05:30:01]/datum/pipeline (/datum/pipeline): Destroy(0)
[05:30:01]qdel(/datum/pipeline (/datum/pipeline), 0)
[05:30:01]the scrubbers pipe (/obj/machinery/atmospherics/pipe/simple/scrubbers/hidden): destroy network()
[05:30:01]the scrubbers pipe (/obj/machinery/atmospherics/pipe/simple/scrubbers/hidden): disconnect(the scrubbers pipe (/obj/machinery/atmospherics/pipe/simple/scrubbers/hidden))
[05:30:01]the scrubbers pipe (/obj/machinery/atmospherics/pipe/simple/scrubbers/hidden): nullifyNode(1)
[05:30:01]the scrubbers pipe (/obj/machinery/atmospherics/pipe/simple/scrubbers/hidden): nullifyNode(1)
[05:30:01]the scrubbers pipe (/obj/machinery/atmospherics/pipe/simple/scrubbers/hidden): Destroy(0)
[05:30:01]the scrubbers pipe (/obj/machinery/atmospherics/pipe/simple/scrubbers/hidden): Destroy(0)
[05:30:01]qdel(the scrubbers pipe (/obj/machinery/atmospherics/pipe/simple/scrubbers/hidden), 0)
[05:30:01]the scrubbers pipe (/obj/machinery/atmospherics/pipe/simple/scrubbers/hidden): ex act(1, null)
[05:30:01]the plating (103,168,2) (/turf/open/floor/plating): contents explosion(1, null)
[05:30:01]the plating (103,168,2) (/turf/open/floor/plating): ex act(1, null)
[05:30:01]the plating (103,168,2) (/turf/open/floor/plating): ex act(1, null)
[05:30:01]/datum/explosion (/datum/explosion): New(space (104,166,2) (/turf/open/space), 3, 5, 7, 5, 1, 1, 0, 0, 0)
runtime error: 
[05:30:01]list index out of bounds
[05:30:01]proc name: nullifyPipenet (/obj/machinery/atmospherics/components/proc/nullifyPipenet)
[05:30:01]  source file: components_base.dm,75
[05:30:01]  usr: Kayla Moore (/mob/dead/observer)
[05:30:01]  src: the Captain\'s Office vent pum... (/obj/machinery/atmospherics/components/unary/vent_pump/on)
[05:30:01]  usr.loc: space (104,166,2) (/turf/open/space)
[05:30:01]  src.loc: the floor (118,121,2) (/turf/open/floor/plasteel)
[05:30:01]  call stack:
[05:30:01]the Captain\'s Office vent pum... (/obj/machinery/atmospherics/components/unary/vent_pump/on): nullifyPipenet(/datum/pipeline (/datum/pipeline))
[05:30:01]/datum/pipeline (/datum/pipeline): Destroy(0)
[05:30:01]qdel(/datum/pipeline (/datum/pipeline), 0)
[05:30:01]the scrubbers pipe (/obj/machinery/atmospherics/pipe/simple/scrubbers/hidden): destroy network()
[05:30:01]the scrubbers pipe (/obj/machinery/atmospherics/pipe/simple/scrubbers/hidden): disconnect(the scrubbers pipe (/obj/machinery/atmospherics/pipe/simple/scrubbers/hidden))
[05:30:01]the scrubbers pipe (/obj/machinery/atmospherics/pipe/simple/scrubbers/hidden): nullifyNode(1)
[05:30:01]the scrubbers pipe (/obj/machinery/atmospherics/pipe/simple/scrubbers/hidden): nullifyNode(1)
[05:30:01]the scrubbers pipe (/obj/machinery/atmospherics/pipe/simple/scrubbers/hidden): Destroy(0)
[05:30:01]the scrubbers pipe (/obj/machinery/atmospherics/pipe/simple/scrubbers/hidden): Destroy(0)
[05:30:01]qdel(the scrubbers pipe (/obj/machinery/atmospherics/pipe/simple/scrubbers/hidden), 0)
[05:30:01]the scrubbers pipe (/obj/machinery/atmospherics/pipe/simple/scrubbers/hidden): ex act(1, null)
[05:30:01]the plating (103,168,2) (/turf/open/floor/plating): contents explosion(1, null)
[05:30:01]the plating (103,168,2) (/turf/open/floor/plating): ex act(1, null)
[05:30:01]the plating (103,168,2) (/turf/open/floor/plating): ex act(1, null)
[05:30:01]/datum/explosion (/datum/explosion): New(space (104,166,2) (/turf/open/space), 3, 5, 7, 5, 1, 1, 0, 0, 0)
runtime error: 
[05:30:01]list index out of bounds
[05:30:01]proc name: nullifyPipenet (/obj/machinery/atmospherics/components/proc/nullifyPipenet)
[05:30:01]  source file: components_base.dm,75
[05:30:01]  usr: Kayla Moore (/mob/dead/observer)
[05:30:01]  src: the Gravity Generator Room ven... (/obj/machinery/atmospherics/components/unary/vent_pump/on)
[05:30:01]  usr.loc: space (104,166,2) (/turf/open/space)
[05:30:01]  src.loc: the floor (114,118,2) (/turf/open/floor/plasteel)
[05:30:01]  call stack:
[05:30:01]the Gravity Generator Room ven... (/obj/machinery/atmospherics/components/unary/vent_pump/on): nullifyPipenet(/datum/pipeline (/datum/pipeline))
[05:30:01]/datum/pipeline (/datum/pipeline): Destroy(0)
[05:30:01]qdel(/datum/pipeline (/datum/pipeline), 0)
[05:30:01]the scrubbers pipe (/obj/machinery/atmospherics/pipe/simple/scrubbers/hidden): destroy network()
[05:30:01]the scrubbers pipe (/obj/machinery/atmospherics/pipe/simple/scrubbers/hidden): disconnect(the scrubbers pipe (/obj/machinery/atmospherics/pipe/simple/scrubbers/hidden))
[05:30:01]the scrubbers pipe (/obj/machinery/atmospherics/pipe/simple/scrubbers/hidden): nullifyNode(1)
[05:30:01]the scrubbers pipe (/obj/machinery/atmospherics/pipe/simple/scrubbers/hidden): nullifyNode(1)
[05:30:01]the scrubbers pipe (/obj/machinery/atmospherics/pipe/simple/scrubbers/hidden): Destroy(0)
[05:30:01]the scrubbers pipe (/obj/machinery/atmospherics/pipe/simple/scrubbers/hidden): Destroy(0)
[05:30:01]qdel(the scrubbers pipe (/obj/machinery/atmospherics/pipe/simple/scrubbers/hidden), 0)
[05:30:01]the scrubbers pipe (/obj/machinery/atmospherics/pipe/simple/scrubbers/hidden): ex act(1, null)
[05:30:01]the plating (103,168,2) (/turf/open/floor/plating): contents explosion(1, null)
[05:30:01]the plating (103,168,2) (/turf/open/floor/plating): ex act(1, null)
[05:30:01]the plating (103,168,2) (/turf/open/floor/plating): ex act(1, null)
[05:30:01]/datum/explosion (/datum/explosion): New(space (104,166,2) (/turf/open/space), 3, 5, 7, 5, 1, 1, 0, 0, 0)
runtime error: 
[05:30:01]list index out of bounds
[05:30:01]proc name: nullifyPipenet (/obj/machinery/atmospherics/components/proc/nullifyPipenet)
[05:30:01]  source file: components_base.dm,75
[05:30:01]  usr: Kayla Moore (/mob/dead/observer)
[05:30:01]  src: the Gravity Generator Room ven... (/obj/machinery/atmospherics/components/unary/vent_pump/on)
[05:30:01]  usr.loc: space (104,166,2) (/turf/open/space)
[05:30:01]  src.loc: the floor (114,116,2) (/turf/open/floor/plasteel)
[05:30:01]  call stack:
[05:30:01]the Gravity Generator Room ven... (/obj/machinery/atmospherics/components/unary/vent_pump/on): nullifyPipenet(/datum/pipeline (/datum/pipeline))
[05:30:01]/datum/pipeline (/datum/pipeline): Destroy(0)
[05:30:01]qdel(/datum/pipeline (/datum/pipeline), 0)
[05:30:01]the scrubbers pipe (/obj/machinery/atmospherics/pipe/simple/scrubbers/hidden): destroy network()
[05:30:01]the scrubbers pipe (/obj/machinery/atmospherics/pipe/simple/scrubbers/hidden): disconnect(the scrubbers pipe (/obj/machinery/atmospherics/pipe/simple/scrubbers/hidden))
[05:30:01]the scrubbers pipe (/obj/machinery/atmospherics/pipe/simple/scrubbers/hidden): nullifyNode(1)
[05:30:01]the scrubbers pipe (/obj/machinery/atmospherics/pipe/simple/scrubbers/hidden): nullifyNode(1)
[05:30:01]the scrubbers pipe (/obj/machinery/atmospherics/pipe/simple/scrubbers/hidden): Destroy(0)
[05:30:01]the scrubbers pipe (/obj/machinery/atmospherics/pipe/simple/scrubbers/hidden): Destroy(0)
[05:30:01]qdel(the scrubbers pipe (/obj/machinery/atmospherics/pipe/simple/scrubbers/hidden), 0)
[05:30:01]the scrubbers pipe (/obj/machinery/atmospherics/pipe/simple/scrubbers/hidden): ex act(1, null)
[05:30:01]the plating (103,168,2) (/turf/open/floor/plating): contents explosion(1, null)
[05:30:01]the plating (103,168,2) (/turf/open/floor/plating): ex act(1, null)
[05:30:01]the plating (103,168,2) (/turf/open/floor/plating): ex act(1, null)
[05:30:01]/datum/explosion (/datum/explosion): New(space (104,166,2) (/turf/open/space), 3, 5, 7, 5, 1, 1, 0, 0, 0)
runtime error: 
[05:30:01]list index out of bounds
[05:30:01]proc name: nullifyPipenet (/obj/machinery/atmospherics/components/proc/nullifyPipenet)
[05:30:01]  source file: components_base.dm,75
runtime error: 
[05:30:01]list index out of bounds
[05:30:01]proc name: nullifyPipenet (/obj/machinery/atmospherics/components/proc/nullifyPipenet)
[05:30:01]  source file: components_base.dm,75
runtime error: 
[05:30:01]list index out of bounds
[05:30:01]proc name: nullifyPipenet (/obj/machinery/atmospherics/components/proc/nullifyPipenet)
[05:30:01]  source file: components_base.dm,75
runtime error: 
[05:30:01]list index out of bounds
[05:30:01]proc name: nullifyPipenet (/obj/machinery/atmospherics/components/proc/nullifyPipenet)
[05:30:01]  source file: components_base.dm,75
runtime error: 
[05:30:01]list index out of bounds
[05:30:01]proc name: nullifyPipenet (/obj/machinery/atmospherics/components/proc/nullifyPipenet)
[05:30:01]  source file: components_base.dm,75
runtime error: 
[05:30:01]list index out of bounds
[05:30:01]proc name: nullifyPipenet (/obj/machinery/atmospherics/components/proc/nullifyPipenet)
[05:30:01]  source file: components_base.dm,75
runtime error: 
[05:30:01]list index out of bounds
[05:30:01]proc name: nullifyPipenet (/obj/machinery/atmospherics/components/proc/nullifyPipenet)
[05:30:01]  source file: components_base.dm,75
runtime error: 
[05:30:01]list index out of bounds
[05:30:01]proc name: nullifyPipenet (/obj/machinery/atmospherics/components/proc/nullifyPipenet)
[05:30:01]  source file: components_base.dm,75
runtime error: 
[05:30:01]list index out of bounds
[05:30:01]proc name: nullifyPipenet (/obj/machinery/atmospherics/components/proc/nullifyPipenet)
[05:30:01]  source file: components_base.dm,75
runtime error: 
[05:30:01]list index out of bounds
[05:30:01]proc name: nullifyPipenet (/obj/machinery/atmospherics/components/proc/nullifyPipenet)
[05:30:01]  source file: components_base.dm,75
runtime error: 
[05:30:01]list index out of bounds
[05:30:01]proc name: nullifyPipenet (/obj/machinery/atmospherics/components/proc/nullifyPipenet)
[05:30:01]  source file: components_base.dm,75
runtime error: 
[05:30:01]list index out of bounds
[05:30:01]proc name: nullifyPipenet (/obj/machinery/atmospherics/components/proc/nullifyPipenet)
[05:30:01]  source file: components_base.dm,75
runtime error: 
[05:30:01]list index out of bounds
[05:30:01]proc name: nullifyPipenet (/obj/machinery/atmospherics/components/proc/nullifyPipenet)
[05:30:01]  source file: components_base.dm,75
runtime error: 
[05:30:01]list index out of bounds
[05:30:01]proc name: nullifyPipenet (/obj/machinery/atmospherics/components/proc/nullifyPipenet)
[05:30:01]  source file: components_base.dm,75
runtime error: 
[05:30:01]list index out of bounds
[05:30:01]proc name: nullifyPipenet (/obj/machinery/atmospherics/components/proc/nullifyPipenet)
[05:30:01]  source file: components_base.dm,75
runtime error: 
[05:30:01]list index out of bounds
[05:30:01]proc name: nullifyPipenet (/obj/machinery/atmospherics/components/proc/nullifyPipenet)
[05:30:01]  source file: components_base.dm,75
runtime error: 
[05:30:01]list index out of bounds
[05:30:01]proc name: nullifyPipenet (/obj/machinery/atmospherics/components/proc/nullifyPipenet)
[05:30:01]  source file: components_base.dm,75
runtime error: 
[05:30:01]list index out of bounds
[05:30:01]proc name: nullifyPipenet (/obj/machinery/atmospherics/components/proc/nullifyPipenet)
[05:30:01]  source file: components_base.dm,75
runtime error: 
[05:30:01]list index out of bounds
[05:30:01]proc name: nullifyPipenet (/obj/machinery/atmospherics/components/proc/nullifyPipenet)
[05:30:01]  source file: components_base.dm,75
runtime error: 
[05:30:01]list index out of bounds
[05:30:01]proc name: nullifyPipenet (/obj/machinery/atmospherics/components/proc/nullifyPipenet)
[05:30:01]  source file: components_base.dm,75
runtime error: 
[05:30:01]list index out of bounds
[05:30:01]proc name: nullifyPipenet (/obj/machinery/atmospherics/components/proc/nullifyPipenet)
[05:30:01]  source file: components_base.dm,75
runtime error: 
[05:30:01]list index out of bounds
[05:30:01]proc name: nullifyPipenet (/obj/machinery/atmospherics/components/proc/nullifyPipenet)
[05:30:01]  source file: components_base.dm,75
runtime error: 
[05:30:01]list index out of bounds
[05:30:01]proc name: nullifyPipenet (/obj/machinery/atmospherics/components/proc/nullifyPipenet)
[05:30:01]  source file: components_base.dm,75
runtime error: 
[05:30:01]list index out of bounds
[05:30:01]proc name: nullifyPipenet (/obj/machinery/atmospherics/components/proc/nullifyPipenet)
[05:30:01]  source file: components_base.dm,75
runtime error: 
[05:30:01]list index out of bounds
[05:30:01]proc name: nullifyPipenet (/obj/machinery/atmospherics/components/proc/nullifyPipenet)
[05:30:01]  source file: components_base.dm,75
runtime error: 
[05:30:01]list index out of bounds
[05:30:01]proc name: nullifyPipenet (/obj/machinery/atmospherics/components/proc/nullifyPipenet)
[05:30:01]  source file: components_base.dm,75
runtime error: 
[05:30:01]list index out of bounds
[05:30:01]proc name: nullifyPipenet (/obj/machinery/atmospherics/components/proc/nullifyPipenet)
[05:30:01]  source file: components_base.dm,75
runtime error: 
[05:30:01]list index out of bounds
[05:30:01]proc name: nullifyPipenet (/obj/machinery/atmospherics/components/proc/nullifyPipenet)
[05:30:01]  source file: components_base.dm,75
runtime error: 
[05:30:01]list index out of bounds
[05:30:01]proc name: nullifyPipenet (/obj/machinery/atmospherics/components/proc/nullifyPipenet)
[05:30:01]  source file: components_base.dm,75
runtime error: 
[05:30:01]list index out of bounds
[05:30:01]proc name: nullifyPipenet (/obj/machinery/atmospherics/components/proc/nullifyPipenet)
[05:30:01]  source file: components_base.dm,75
runtime error: 
[05:30:01]list index out of bounds
[05:30:01]proc name: nullifyPipenet (/obj/machinery/atmospherics/components/proc/nullifyPipenet)
[05:30:01]  source file: components_base.dm,75
runtime error: 
[05:30:01]list index out of bounds
[05:30:01]proc name: nullifyPipenet (/obj/machinery/atmospherics/components/proc/nullifyPipenet)
[05:30:01]  source file: components_base.dm,75
runtime error: 
[05:30:01]list index out of bounds
[05:30:01]proc name: nullifyPipenet (/obj/machinery/atmospherics/components/proc/nullifyPipenet)
[05:30:01]  source file: components_base.dm,75
runtime error: 
[05:30:01]list index out of bounds
[05:30:01]proc name: nullifyPipenet (/obj/machinery/atmospherics/components/proc/nullifyPipenet)
[05:30:01]  source file: components_base.dm,75
runtime error: 
[05:30:01]list index out of bounds
[05:30:01]proc name: nullifyPipenet (/obj/machinery/atmospherics/components/proc/nullifyPipenet)
[05:30:01]  source file: components_base.dm,75
runtime error: 
[05:30:01]list index out of bounds
[05:30:01]proc name: nullifyPipenet (/obj/machinery/atmospherics/components/proc/nullifyPipenet)
[05:30:01]  source file: components_base.dm,75
runtime error: 
[05:30:01]list index out of bounds
[05:30:01]proc name: nullifyPipenet (/obj/machinery/atmospherics/components/proc/nullifyPipenet)
[05:30:01]  source file: components_base.dm,75
runtime error: 
[05:30:01]list index out of bounds
[05:30:01]proc name: nullifyPipenet (/obj/machinery/atmospherics/components/proc/nullifyPipenet)
[05:30:01]  source file: components_base.dm,75
runtime error: 
[05:30:01]list index out of bounds
[05:30:01]proc name: nullifyPipenet (/obj/machinery/atmospherics/components/proc/nullifyPipenet)
[05:30:01]  source file: components_base.dm,75
runtime error: 
[05:30:01]list index out of bounds
[05:30:01]proc name: nullifyPipenet (/obj/machinery/atmospherics/components/proc/nullifyPipenet)
[05:30:01]  source file: components_base.dm,75
Shutting down Persistence subsystem...
Shutting down pathfinder subsystem...
Shutting down Squeak subsystem...
Shutting down Shuttle subsystem...
Shutting down Lighting subsystem...
Shutting down XKeyScore subsystem...
Shutting down Sticky Ban subsystem...
Shutting down Overlay subsystem...
Shutting down Icon Smoothing subsystem...
Shutting down Assets subsystem...
Shutting down Minimap subsystem...
Shutting down Atmospherics subsystem...
Shutting down Wet floors subsystem...
Shutting down Weather subsystem...
Shutting down Vote subsystem...
Shutting down Traumas subsystem...
Shutting down Title Screen subsystem...
Shutting down Time Tracking subsystem...
Shutting down Throwing subsystem...
Shutting down tgui subsystem...
Shutting down Sun subsystem...
Shutting down Space Drift subsystem...
Shutting down Religion subsystem...
Shutting down Radio subsystem...
Shutting down Radiation subsystem...
Shutting down Projectiles subsystem...
Shutting down Processing subsystem...
Shutting down Parallax subsystem...
Shutting down pAI subsystem...
Shutting down Orbits subsystem...
Shutting down Objects subsystem...
Shutting down NPC Pool subsystem...
Shutting down Night Shift subsystem...
Shutting down Mood subsystem...
Shutting down Mobs subsystem...
Shutting down Medals subsystem...
Shutting down Inbounds subsystem...
Shutting down Idling NPC Pool subsystem...
Shutting down Flightpack Movement subsystem...
Shutting down Fire Burning subsystem...
Shutting down Fields subsystem...
Shutting down Fast Processing subsystem...
Shutting down Disease subsystem...
Shutting down Communications subsystem...
Shutting down Augury subsystem...
Shutting down Acid subsystem...
Shutting down Timer subsystem...
Shutting down Circuit subsystem...
Shutting down Machines subsystem...
Shutting down Language subsystem...
Shutting down Atoms subsystem...
Shutting down Networks subsystem...
Shutting down Mapping subsystem...
Shutting down Ticker subsystem...
Shutting down Traits subsystem...
Shutting down Jobs subsystem...
Shutting down Events subsystem...
Shutting down Research subsystem...
Shutting down Input subsystem...
Shutting down Server Tasks subsystem...
Shutting down Blackbox subsystem...
Shutting down Database subsystem...
Shutting down Garbage subsystem...
Shutdown complete
World rebooted at 05:31:26
