

Starting up round ID 392. 00:28:09
---------------------
[00:33:42]PDA: BABAHUHU/(Grayson Olphert) (PDA: engineering PDA) sent "a uh duh herro dare" to Three Taps (Chaplain) (112,104,2)
[00:34:55]PDA: BABAHUHU/(Grayson Olphert) (PDA: engineering PDA) sent "you there?" to Three Taps (Chaplain) (176,132,2)
[00:35:02]PDA: DisRespectIsRespect/(Three Taps) (PDA: chaplain PDA) sent "yea" to Grayson Olphert (Station Engineer) (135,132,2)
[00:35:17]PDA: DisRespectIsRespect/(Three Taps) (PDA: chaplain PDA) sent "Where do we meet" to Grayson Olphert (Station Engineer) (142,128,2)
[00:35:31]PDA: BABAHUHU/(Grayson Olphert) (PDA: engineering PDA) sent "idk" to Three Taps (Chaplain) (172,134,2)
[00:36:21]PDA: BABAHUHU/(Grayson Olphert) (PDA: engineering PDA) sent "we could quickly kill the clown, i have restraints" to Three Taps (Chaplain) (117,76,2)
[00:37:15]PDA: BABAHUHU/(Grayson Olphert) (PDA: engineering PDA) sent "MAINT" to Three Taps (Chaplain) (129,122,2)
[00:38:28]PDA: BABAHUHU/(Grayson Olphert) (PDA: engineering PDA) sent "IM AN ENGINEER" to Three Taps (Chaplain) (80,134,2)
[00:38:54]PDA: DisRespectIsRespect/(Three Taps) (PDA: chaplain PDA) sent "oh yea,open the door for me?" to Grayson Olphert (Station Engineer) (82,141,2)
[00:39:03]PDA: BABAHUHU/(Grayson Olphert) (PDA: engineering PDA) sent "i have him hidden" to Three Taps (Chaplain) (57,123,2)
[00:39:17]PDA: DisRespectIsRespect/(Three Taps) (PDA: chaplain PDA) sent "alright,lets steal me an ID,so i can get more access" to Grayson Olphert (Station Engineer) (82,140,2)
[00:39:42]PDA: BABAHUHU/(Grayson Olphert) (PDA: engineering PDA) sent "i launched him in space with disposal" to Three Taps (Chaplain) (70,140,2)
[00:39:59]PDA: DisRespectIsRespect/(Three Taps) (PDA: chaplain PDA) sent "nah i need to get an id with more access aka murder" to Grayson Olphert (Station Engineer) (66,140,2)
[00:40:07]PDA: BABAHUHU/(Grayson Olphert) (PDA: engineering PDA) sent "murder of who?" to Three Taps (Chaplain) (84,140,2)
[00:40:09]PDA: DisRespectIsRespect/(Three Taps) (PDA: chaplain PDA) sent "closer to the captain the better" to Grayson Olphert (Station Engineer) (79,141,2)
[00:40:22]PDA: BABAHUHU/(Grayson Olphert) (PDA: engineering PDA) sent "we are allowed to kill command staff as traitors actually..." to Three Taps (Chaplain) (83,140,2)
[00:40:29]PDA: DisRespectIsRespect/(Three Taps) (PDA: chaplain PDA) sent "a sec HOP pda would be decent" to Grayson Olphert (Station Engineer) (79,141,2)
[00:40:31]PDA: BABAHUHU/(Grayson Olphert) (PDA: engineering PDA) sent "i could break into armory and get some weapons" to Three Taps (Chaplain) (82,140,2)
[00:40:34]PDA: DisRespectIsRespect/(Three Taps) (PDA: chaplain PDA) sent "or even a chief" to Grayson Olphert (Station Engineer) (79,141,2)
[00:40:39]PDA: DisRespectIsRespect/(Three Taps) (PDA: chaplain PDA) sent "lets do that" to Grayson Olphert (Station Engineer) (79,141,2)
[00:40:44]PDA: DisRespectIsRespect/(Three Taps) (PDA: chaplain PDA) sent "first we need to disguise" to Grayson Olphert (Station Engineer) (79,141,2)
[00:43:28]PDA: DisRespectIsRespect/(Three Taps) (PDA: chaplain PDA) sent "you got a jetpack? so you dont lose stability" to Grayson Olphert (Station Engineer) (191,130,2)
[00:43:36]PDA: BABAHUHU/(Grayson Olphert) (PDA: engineering PDA) sent "i can throw wires to return to the station" to Three Taps (Chaplain) (181,167,2)
[00:43:43]PDA: DisRespectIsRespect/(Three Taps) (PDA: chaplain PDA) sent "good" to Grayson Olphert (Station Engineer) (157,130,2)
[00:46:10]PDA: AsciiSquid/(Trades-The-Goods) (PDA: curator PDA) sent "I would like access to the vacant office near arrivals, I am currently waiting at your office" to Rusty Iron (Head of Personnel) (100,120,2)
[00:46:34]PDA: Mapples/(Rusty Iron) (PDA: head of personnel PDA) sent "Give me a minute" to Trades-The-Goods (Curator) (146,120,2)
[00:46:50]PDA: AsciiSquid/(Trades-The-Goods) (PDA: curator PDA) sent "Ok, PM me when you are avaliable" to Rusty Iron (Head of Personnel) (97,120,2)
[00:47:11]PDA: Mapples/(Rusty Iron) (PDA: head of personnel PDA) sent "Aight i got attacked by someone so ill PM u when im ready" to Trades-The-Goods (Curator) (141,129,2)
[00:47:29]PDA: BABAHUHU/(Grayson Olphert) (PDA: engineering PDA) sent "hey" to Three Taps (Chaplain) (129,122,2)
[00:47:40]PDA: Mapples/(Rusty Iron) (PDA: head of personnel PDA) sent "Im a studderbug" to Trades-The-Goods (Curator) (140,128,2)
[00:47:55]PDA: BABAHUHU/(Grayson Olphert) (PDA: engineering PDA) sent "you there?" to Three Taps (Chaplain) (167,129,2)
[00:49:53]PDA: BABAHUHU/(Grayson Olphert) (PDA: engineering PDA) sent "what&#39;s going on?" to Three Taps (Chaplain) (137,170,2)
